2014-06-12T00:01:38 *** arthur33 s'est connecté
2014-06-12T00:01:39 <Berry-Punch> Oh ! Y'a quelqu'un ! *hic*
2014-06-12T00:13:12 *** MaCharon est parti
2014-06-12T00:25:30 *** Renard est parti
2014-06-12T00:25:51 *** Renard s'est connecté
2014-06-12T00:25:51 <Berry-Punch> Bonjour !
2014-06-12T00:35:47 <Gordfang> bon aller ++ gens
2014-06-12T00:35:50 *** Gordfang est parti
2014-06-12T01:03:53 *** maitrepanda est parti
2014-06-12T02:32:35 *** Renard est parti
2014-06-12T02:33:42 *** Renard s'est connecté
2014-06-12T02:33:42 <Berry-Punch> Salut *hic* Renard !
2014-06-12T03:33:40 *** Renard est parti
2014-06-12T07:08:57 *** arthur33 s'est connecté
2014-06-12T07:08:58 <Berry-Punch> Oh ! Y'a quelqu'un ! *hic*
2014-06-12T07:15:05 *** arthur33 s'est connecté
2014-06-12T07:15:05 <Berry-Punch> Oh ! Y'a quelqu'un ! *hic*
2014-06-12T07:25:42 *** adriens33 s'est connecté
2014-06-12T07:25:44 <Berry-Punch> Ooh *hic*... Ca fait longtemps qu'on s'est pas vu, adriens33 !
2014-06-12T07:25:45 <Berry-Punch> Coucou toi !
2014-06-12T07:28:26 *** arthur33 s'est connecté
2014-06-12T07:28:27 <Berry-Punch> Tu veux un verre arthur33 ?
2014-06-12T07:29:29 *** arthur33 s'est connecté
2014-06-12T07:29:30 <Berry-Punch> Salut *hic* arthur33 !
2014-06-12T07:30:35 *** arthur33 s'est connecté
2014-06-12T07:30:35 <Berry-Punch> Bonjour !
2014-06-12T07:32:24 *** arthur33 s'est connecté
2014-06-12T07:32:25 <Berry-Punch> Ooh *hic*... Ca fait longtemps qu'on s'est pas vu, arthur33 !
2014-06-12T07:34:23 *** arthur33 s'est connecté
2014-06-12T07:34:24 <Berry-Punch> Coucou arthur33 !
2014-06-12T07:48:06 *** arthur33 s'est connecté
2014-06-12T07:48:06 <Berry-Punch> Ooh *hic*... Ca fait longtemps qu'on s'est pas vu, arthur33 !
2014-06-12T07:48:08 <adriens33> @do <3
2014-06-12T07:48:59 *** arthur33 s'est connecté
2014-06-12T07:49:00 <Berry-Punch> Ooh *hic*... Ca fait longtemps qu'on s'est pas vu, arthur33 !
2014-06-12T07:49:32 *** arthur33 s'est connecté
2014-06-12T07:49:32 <Berry-Punch> Oh ! Y'a quelqu'un ! *hic*
2014-06-12T07:49:34 <adriens33> @do <3
2014-06-12T07:50:50 *** arthur33 s'est connecté
2014-06-12T07:50:51 <Berry-Punch> Salut *hic* arthur33 !
2014-06-12T07:52:27 *** adriens33 est parti
2014-06-12T08:19:25 *** ludvann s'est connecté
2014-06-12T08:19:26 <Berry-Punch> Coucou ludvann !
2014-06-12T08:19:50 <ludvann> Coucou depuis un car ^^
2014-06-12T08:21:20 *** ludvann est parti
2014-06-12T08:58:17 *** heuzef s'est connecté
2014-06-12T08:58:19 <Berry-Punch> Ooh *hic*... Ca fait longtemps qu'on s'est pas vu, heuzef !
2014-06-12T09:27:25 *** Shinsaber s'est connecté
2014-06-12T09:27:26 <Berry-Punch> Oh ! Y'a quelqu'un ! *hic*
2014-06-12T09:27:39 <Shinsaber> salut les poneys /)
2014-06-12T09:27:55 <heuzef> (\
2014-06-12T09:29:26 *** wildfier s'est connecté
2014-06-12T09:29:27 <Berry-Punch> Ooh *hic*... Ca fait longtemps qu'on s'est pas vu, wildfier !
2014-06-12T09:29:43 <wildfier> yop
2014-06-12T09:30:00 <Shinsaber> yep
2014-06-12T10:03:41 *** heuzef est parti
2014-06-12T10:04:05 *** heuzef s'est connecté
2014-06-12T10:04:06 <Berry-Punch> Coucou heuzef !
2014-06-12T10:05:42 *** ludvannn s'est connecté
2014-06-12T10:05:43 <Berry-Punch> Ooh *hic*... Ca fait longtemps qu'on s'est pas vu, ludvannn !
2014-06-12T10:05:56 <ludvannn> Coucou !
2014-06-12T10:06:45 <ludvannn> Ça va ?
2014-06-12T10:06:48 <heuzef> (\
2014-06-12T10:06:49 <Shinsaber> salut !
2014-06-12T10:07:23 <ludvannn> Suis dans le car ... Et c'est long....
2014-06-12T10:07:41 <ludvannn> Depuis 07h du mat'
2014-06-12T10:08:30 *** adriens33 s'est connecté
2014-06-12T10:08:33 <Berry-Punch> Bonjour !
2014-06-12T10:08:34 <Berry-Punch> Coucou toi !
2014-06-12T10:08:36 <adriens33> plop tout le monde :D
2014-06-12T10:09:03 <adriens33> @history
2014-06-12T10:09:48 <adriens33> (y'a pas à dire, avoir l'historique c'est pratique. par contre en PV ça serait mieux ^^)
2014-06-12T10:10:35 <Shinsaber> ^^
2014-06-12T10:11:22 *** ludvannnn s'est connecté
2014-06-12T10:11:22 <Berry-Punch> Oh ! Y'a quelqu'un ! *hic*
2014-06-12T10:13:29 *** ludvannn est parti
2014-06-12T10:15:28 <heuzef> adriens33 oui mais trop compliquer pour les newbies
2014-06-12T10:15:34 <heuzef> !history
2014-06-12T10:15:34 <Berry-Punch> http://www.art-software.fr/files/lastday_bronycub.php
2014-06-12T10:15:40 <heuzef> @history
2014-06-12T10:16:02 <adriens33> non c'est pas compliqué, t'as un nouvel onglet qui pop dans la page c'tout ^^
2014-06-12T10:16:14 *** ludvannnn est parti
2014-06-12T10:16:41 <adriens33> (par contre comme tu le vois heuzef il enregistre pas quand tu lui demande l'historique, du coup ça pollue pas le log :D)
2014-06-12T10:16:55 <adriens33> ah
2014-06-12T10:16:58 <adriens33> @muffin heuzef
2014-06-12T10:17:05 <adriens33> :'(
2014-06-12T10:17:24 *** Eclipse2212 s'est connecté
2014-06-12T10:17:25 <Berry-Punch> Oh ! Y'a quelqu'un ! *hic*
2014-06-12T10:17:34 <Eclipse2212> Hay!
2014-06-12T10:17:38 <adriens33> @do tell
2014-06-12T10:17:39 <adriens33> HEY
2014-06-12T10:17:41 <adriens33> plop :)
2014-06-12T10:17:47 <adriens33> (ah quand même >_<
2014-06-12T10:17:53 <adriens33> @muffin Eclipse2212
2014-06-12T10:19:51 *** arthur33 s'est connecté
2014-06-12T10:19:52 <Berry-Punch> Ooh *hic*... Ca fait longtemps qu'on s'est pas vu, arthur33 !
2014-06-12T10:19:56 <Eclipse2212> Pas grave
2014-06-12T10:19:59 <adriens33> @muffin Eclipse2212
2014-06-12T10:20:02 <adriens33> >_<
2014-06-12T10:20:06 <Eclipse2212> 'Lut!
2014-06-12T10:20:10 <adriens33> @do Dort
2014-06-12T10:20:13 <adriens33> >_<
2014-06-12T10:20:20 <adriens33> @do sleep
2014-06-12T10:20:24 <Eclipse2212> ==`
2014-06-12T10:20:24 <adriens33> @say boo
2014-06-12T10:22:15 *** arthur33 s'est connecté
2014-06-12T10:22:15 <Berry-Punch> Salut *hic* arthur33 !
2014-06-12T10:22:22 <adriens33> @say boo
2014-06-12T10:22:25 <adriens33> @do sleep
2014-06-12T10:22:30 <adriens33> @muffin adriens33
2014-06-12T10:22:34 <adriens33> \o/
2014-06-12T10:23:26 <adriens33> heuzef si tu veux jeter un œil à ce que je suis en train de coder, c'est sur le dépôt berry-punch (sur le github), dans la branche shbot
2014-06-12T10:23:32 <heuzef> ok
2014-06-12T10:23:53 *** arthur33 est parti
2014-06-12T10:25:58 *** arthur33 s'est connecté
2014-06-12T10:25:59 <Berry-Punch> Oh ! Y'a quelqu'un ! *hic*
2014-06-12T10:26:03 <adriens33> le bot qui se fait kick pour flood parce que je lui ai demandé trop d'historique ^^'
2014-06-12T10:26:13 *** arthur33 est parti
2014-06-12T10:27:07 *** arthur33 s'est connecté
2014-06-12T10:27:08 <Berry-Punch> Ooh *hic*... Ca fait longtemps qu'on s'est pas vu, arthur33 !
2014-06-12T10:27:20 *** arthur33 est parti
2014-06-12T10:29:11 *** arthur33 s'est connecté
2014-06-12T10:29:11 <Berry-Punch> Tu veux un verre arthur33 ?
2014-06-12T10:30:00 *** arthur33 s'est connecté
2014-06-12T10:30:00 <Berry-Punch> Ooh *hic*... Ca fait longtemps qu'on s'est pas vu, arthur33 !
2014-06-12T10:36:51 <ValCab33> Ok, j'avait pas fait gaffe que mon tel était resté connecté toute la nuit à l'IRC x)
2014-06-12T10:38:02 <adriens33> ^^
2014-06-12T10:38:52 * ValCab33 mange le muffin
2014-06-12T10:39:04 <adriens33> ^^
2014-06-12T10:39:07 <ValCab33> Thankch !
2014-06-12T10:39:36 <adriens33> >_<
2014-06-12T10:40:36 <adriens33> @say "de rien"
2014-06-12T10:45:15 <adriens33> !op arthur33
2014-06-12T10:52:09 <heuzef> !op BronyCUB-MC
2014-06-12T10:52:38 <heuzef> T'en fais du bordel sur le tchat dis donc xD
2014-06-12T10:52:41 <adriens33> heu
2014-06-12T10:52:47 <adriens33> !deop BronyCUB-MC
2014-06-12T10:52:55 <adriens33> pourquoi tu op la passerelle mc ?
2014-06-12T10:52:59 <adriens33> y'en a pas besoin ^^
2014-06-12T10:53:11 <heuzef> Juste pour démarquer les bots
2014-06-12T10:53:14 <adriens33> ah
2014-06-12T10:53:18 <adriens33> ouais
2014-06-12T10:53:21 <adriens33> why note
2014-06-12T10:53:59 <heuzef> !op BronyCUB-MC
2014-06-12T10:54:01 <heuzef> ^^
2014-06-12T11:02:11 *** wildfier est parti
2014-06-12T11:10:23 *** arthur33 s'est connecté
2014-06-12T11:10:24 <Berry-Punch> Oh ! Y'a quelqu'un ! *hic*
2014-06-12T11:10:27 <heuzef> @prout
2014-06-12T11:10:34 <adriens33> @muffin heuzef
2014-06-12T11:10:37 <adriens33> @list
2014-06-12T11:12:29 *** arthur33 s'est connecté
2014-06-12T11:12:30 <Berry-Punch> Coucou arthur33 !
2014-06-12T11:12:33 <adriens33> @do boo boo
2014-06-12T11:13:43 *** arthur33 s'est connecté
2014-06-12T11:13:45 <Berry-Punch> Tu veux un verre arthur33 ?
2014-06-12T11:13:53 <adriens33> @say ouap :)
2014-06-12T11:13:59 <adriens33> >:<
2014-06-12T11:14:05 <adriens33> @say ouap :
2014-06-12T11:14:29 <adriens33> @say "ouaip :)"
2014-06-12T11:15:49 *** arthur33 s'est connecté
2014-06-12T11:15:50 <Berry-Punch> Oh ! Y'a quelqu'un ! *hic*
2014-06-12T11:20:22 *** arthur33 s'est connecté
2014-06-12T11:20:23 <Berry-Punch> Tu veux un verre arthur33 ?
2014-06-12T11:20:25 <adriens33> @list
2014-06-12T11:20:28 <adriens33> @flag
2014-06-12T11:20:31 <adriens33> \o/
2014-06-12T11:20:35 <adriens33> @flag get adriens33
2014-06-12T11:20:43 <adriens33> @flag set adriens33
2014-06-12T11:20:48 <adriens33> @flag set adriens33 +v
2014-06-12T11:20:52 <adriens33> @flag get adriens33
2014-06-12T11:20:55 <adriens33> \o/
2014-06-12T11:21:18 <adriens33> @flag set heuzef +v
2014-06-12T11:21:23 <adriens33> @flag set Shinsaber +v
2014-06-12T11:21:31 <adriens33> @flag set ValCab33 +v
2014-06-12T11:21:35 <adriens33> @flag set wildfier +v
2014-06-12T11:22:00 <heuzef> @flag
2014-06-12T11:22:10 <heuzef> Il est polie dis donc
2014-06-12T11:22:49 <adriens33> ^^
2014-06-12T11:22:57 <adriens33> par contre si tu insiste il change de ton
2014-06-12T11:23:02 <adriens33> (tu peux essayer ^^)
2014-06-12T11:23:09 <heuzef> @flag
2014-06-12T11:23:12 <heuzef> @flag
2014-06-12T11:23:16 <adriens33> là
2014-06-12T11:23:17 <heuzef> Woaw ...
2014-06-12T11:23:19 <adriens33> si tu recommence
2014-06-12T11:23:22 <adriens33> il te kick ^^
2014-06-12T11:23:29 <heuzef> lol
2014-06-12T11:23:36 <adriens33> la magie du bash.
2014-06-12T11:24:05 <adriens33> mtn je vais voir s'il applique les flags au join
2014-06-12T11:24:07 *** adriens33 est parti
2014-06-12T11:24:10 *** adriens33 s'est connecté
2014-06-12T11:24:12 <Berry-Punch> Tu veux un verre adriens33 ?
2014-06-12T11:24:13 <Berry-Punch> Coucou toi !
2014-06-12T11:24:19 <heuzef> Mais c'est quoi flag ?
2014-06-12T11:24:26 <adriens33> c'est pour gérer les flags user
2014-06-12T11:24:30 <adriens33> +v=voice
2014-06-12T11:24:34 <adriens33> +o=operator
2014-06-12T11:24:51 <adriens33> etc
2014-06-12T11:25:13 <adriens33> @flag
2014-06-12T11:25:16 <adriens33> @flag heuzef
2014-06-12T11:25:22 <adriens33> @flag get heuzef
2014-06-12T11:26:42 *** arthur33 s'est connecté
2014-06-12T11:26:43 <Berry-Punch> Coucou arthur33 !
2014-06-12T11:26:50 *** adriens33 est parti
2014-06-12T11:26:55 *** adriens33 s'est connecté
2014-06-12T11:26:56 <Berry-Punch> Ooh *hic*... Ca fait longtemps qu'on s'est pas vu, adriens33 !
2014-06-12T11:27:04 <heuzef> Tellement longtemps ouais lol
2014-06-12T11:27:10 <adriens33> >_<
2014-06-12T11:28:23 *** arthur33 s'est connecté
2014-06-12T11:28:24 <Berry-Punch> Salut *hic* arthur33 !
2014-06-12T11:28:26 *** adriens33 est parti
2014-06-12T11:28:30 *** adriens33 s'est connecté
2014-06-12T11:28:32 <Berry-Punch> Salut *hic* adriens33 !
2014-06-12T11:28:40 <adriens33> >_<
2014-06-12T11:32:03 *** arthur33 s'est connecté
2014-06-12T11:32:04 <Berry-Punch> Ooh *hic*... Ca fait longtemps qu'on s'est pas vu, arthur33 !
2014-06-12T11:32:07 *** adriens33 est parti
2014-06-12T11:32:11 *** adriens33 s'est connecté
2014-06-12T11:32:13 <Berry-Punch> Tu veux un verre adriens33 ?
2014-06-12T11:32:52 *** arthur33 s'est connecté
2014-06-12T11:32:54 <Berry-Punch> Oh ! Y'a quelqu'un ! *hic*
2014-06-12T11:32:56 *** adriens33 est parti
2014-06-12T11:32:58 *** adriens33 s'est connecté
2014-06-12T11:33:00 <Berry-Punch> Ooh *hic*... Ca fait longtemps qu'on s'est pas vu, adriens33 !
2014-06-12T11:33:02 <adriens33> \o/
2014-06-12T11:33:51 <adriens33> (punaise, 3 bots pour 4 users XD)
2014-06-12T11:34:39 <Shinsaber> surtous les bots parle plus que les users .....
2014-06-12T11:35:14 <adriens33> ^^
2014-06-12T11:35:39 <heuzef> xD
2014-06-12T11:35:47 <adriens33> @muffin heuzef
2014-06-12T11:37:38 <heuzef> Tu code arthur33 pour faire une Berry-Punch 2.0 en faite ?
2014-06-12T11:40:02 *** adriens33 est parti
2014-06-12T11:40:23 *** adriens33 s'est connecté
2014-06-12T11:40:25 <Berry-Punch> Oh ! Y'a quelqu'un ! *hic*
2014-06-12T11:40:26 <Berry-Punch> Coucou toi !
2014-06-12T11:40:30 <adriens33> heuzef: oui c'est l'idée
2014-06-12T11:40:35 <adriens33> (désolé, pb de co)
2014-06-12T11:40:49 <adriens33> parce que supybot c'est bien gentil
2014-06-12T11:40:56 <adriens33> mais j'arrive pas à le conf comme je veux
2014-06-12T11:42:45 <adriens33> c'est bien toi qui avait proposé des *hic* aléatoirement ?
2014-06-12T11:49:11 <heuzef> oui
2014-06-12T11:49:16 <heuzef> entre les mots
2014-06-12T11:49:44 <heuzef> 1 par phrase
2014-06-12T11:49:53 <heuzef> Dans 100 % des cas
2014-06-12T11:50:01 <adriens33> ^^
2014-06-12T11:59:14 *** arthur33 s'est connecté
2014-06-12T11:59:15 <Berry-Punch> Tu veux un verre arthur33 ?
2014-06-12T11:59:21 <adriens33> @say boo
2014-06-12T11:59:24 <adriens33> @say boo boo
2014-06-12T12:00:07 *** arthur33 s'est connecté
2014-06-12T12:00:08 <Berry-Punch> Bonjour !
2014-06-12T12:00:15 <adriens33> @say a b c d
2014-06-12T12:00:17 <adriens33> :(
2014-06-12T12:00:34 <Shinsaber> ses quoi le pb ^^
2014-06-12T12:01:02 *** arthur33 s'est connecté
2014-06-12T12:01:03 <Berry-Punch> Bonjour !
2014-06-12T12:01:08 <adriens33> @say a b c d
2014-06-12T12:01:26 <Shinsaber> elle dit bien ce que tu lui demande ....
2014-06-12T12:01:37 <adriens33> ben justement c'est ça le problèmle
2014-06-12T12:01:48 <adriens33> le bot était sensé ajouter un *hic*
2014-06-12T12:01:55 <Shinsaber> a oki ^
2014-06-12T12:03:27 *** arthur33 s'est connecté
2014-06-12T12:03:28 <Berry-Punch> Tu veux un verre arthur33 ?
2014-06-12T12:03:29 <adriens33> YAY
2014-06-12T12:03:36 <adriens33> @say je suis pas bourré
2014-06-12T12:03:41 <adriens33> heuzef
2014-06-12T12:03:48 <adriens33> teste un truc avec @say ?
2014-06-12T12:05:31 <adriens33> @say je dis des trucs :D
2014-06-12T12:05:37 <adriens33> @say je dis des trucs :D
2014-06-12T12:05:39 <adriens33> @say je dis des trucs :D
2014-06-12T12:05:42 <adriens33> @say je dis des trucs :D
2014-06-12T12:05:45 <adriens33> @say je dis des trucs :D
2014-06-12T12:05:53 <adriens33> randomness pawa
2014-06-12T12:08:46 <adriens33> @flags set adriens33 -i
2014-06-12T12:08:51 <adriens33> @flag set adriens33 -i
2014-06-12T12:08:58 <adriens33> @flag set adriens33 +v -i
2014-06-12T12:09:09 <adriens33> @flag set adriens33 "+v -i"
2014-06-12T12:09:19 <adriens33> @flag set adriens33 +v\ -i
2014-06-12T12:09:26 <adriens33> @flag set adriens33 +v-i
2014-06-12T12:09:36 <heuzef> Pas mal ;)
2014-06-12T12:12:37 *** arthur33 s'est connecté
2014-06-12T12:12:38 <Berry-Punch> Tu veux un verre arthur33 ?
2014-06-12T12:14:57 *** arthur33 s'est connecté
2014-06-12T12:14:58 <Berry-Punch> Salut *hic* arthur33 !
2014-06-12T12:16:24 *** adriens33 est parti
2014-06-12T12:16:27 *** adriens33 s'est connecté
2014-06-12T12:16:29 <Berry-Punch> Bonjour !
2014-06-12T12:16:29 <Berry-Punch> Coucou toi !
2014-06-12T12:16:44 <adriens33> bon je go manger, ++
2014-06-12T12:16:44 <Berry-Punch> Bon appétit *hic* :p
2014-06-12T12:16:46 *** adriens33 est parti
2014-06-12T12:38:33 *** adriens33 s'est connecté
2014-06-12T12:38:35 <Berry-Punch> Coucou adriens33 !
2014-06-12T12:38:35 <adriens33> re
2014-06-12T12:38:36 <Berry-Punch> Coucou toi !
2014-06-12T12:41:38 *** Shinsaber est parti
2014-06-12T13:20:36 <adriens33> Qu'est-ce que c'est agité ^^
2014-06-12T14:32:26 *** Gordfang s'est connecté
2014-06-12T14:32:27 <Berry-Punch> Oh ! Y'a quelqu'un ! *hic*
2014-06-12T14:36:09 *** heuzef est parti
2014-06-12T14:37:24 *** Shinsaber s'est connecté
2014-06-12T14:37:26 <Berry-Punch> Salut *hic* Shinsaber !
2014-06-12T14:37:37 <Shinsaber> re
2014-06-12T14:38:12 *** wildfier s'est connecté
2014-06-12T14:38:15 <Berry-Punch> Bonjour !
2014-06-12T14:38:17 <adriens33> plop
2014-06-12T14:38:27 <wildfier> re
2014-06-12T14:48:02 *** heuzef s'est connecté
2014-06-12T14:48:03 <Berry-Punch> Coucou heuzef !
2014-06-12T14:58:21 <adriens33> punaise je commence à me faire spammer de mails russes sur ma boite mail oO
2014-06-12T15:03:52 <Gordfang> lol?
2014-06-12T15:06:25 <heuzef> oula filtre
2014-06-12T15:07:28 <adriens33> ouais mais ça fait chier
2014-06-12T15:07:39 <adriens33> j'ai fait super gaffe de pas donner l'adresse à n'importe qui
2014-06-12T15:07:47 <adriens33> et en plus c'est même pas mon adresse
2014-06-12T15:07:54 <adriens33> c'est la hostmaster
2014-06-12T15:08:01 <adriens33> (hostmaster at art-software.fr
2014-06-12T15:08:02 <adriens33> )
2014-06-12T15:08:07 <adriens33> que j'ai jamais donné à personne
2014-06-12T15:11:10 <heuzef> Haha si maintenant c'est sur IRC public :D
2014-06-12T15:14:18 *** heuzef est parti
2014-06-12T15:14:42 <adriens33> ouais 'fin les russes y font chier
2014-06-12T15:15:42 <Gordfang> sort leur de la vodka pour faire ami ami
2014-06-12T15:15:42 <Berry-Punch> Vous me donnez soif, les gens !
2014-06-12T15:19:14 <adriens33> ^^
2014-06-12T15:19:26 <adriens33> arthur33, t'as de quoi faire ?
2014-06-12T15:19:46 <adriens33> égoiste :p
2014-06-12T15:20:04 <Berry-Punch> Vous me donnez soif, les gens !
2014-06-12T15:20:12 <adriens33> ah bah bravo, il est même pas 16h
2014-06-12T15:21:36 <adriens33> @sotp
2014-06-12T15:21:59 *** arthur33 s'est connecté
2014-06-12T15:22:00 <Berry-Punch> Bonjour !
2014-06-12T15:22:26 <Berry-Punch> Vous me donnez soif, les gens !
2014-06-12T15:43:51 *** heuzef s'est connecté
2014-06-12T15:43:53 <Berry-Punch> Tu veux un verre heuzef ?
2014-06-12T16:02:45 <heuzef> Faut vraiment enlever cette phrase
2014-06-12T16:08:04 <Gordfang> ^^
2014-06-12T16:11:07 *** heuzef est parti
2014-06-12T16:13:31 *** heuzef s'est connecté
2014-06-12T16:13:33 <Berry-Punch> Bonjour !
