2014-11-24T00:19:43 *** TrappyTickles est parti
2014-11-24T02:25:56 *** adriens33 est parti
2014-11-24T08:35:16 *** adriens33 s'est connecté
2014-11-24T08:51:31 *** heuzef s'est connecté
2014-11-24T08:58:38 *** Gordfang s'est connecté
2014-11-24T09:08:22 <Gordfang> yo heuzef
2014-11-24T09:08:51 <heuzef> yop Gordfang ^^
2014-11-24T09:10:44 <Gordfang> https://i.chzbgr.com/maxW500/8383238656/h46AB26EC/ tiens cadeaux
2014-11-24T09:16:51 *** Gordfang est parti
2014-11-24T09:35:18 *** Lenile s'est connecté
2014-11-24T09:35:28 <Lenile> S'te vieu heuzef
2014-11-24T09:35:33 <Lenile> J'essaye de lui expliquée
2014-11-24T09:36:10 *** alinesociologie s'est connecté
2014-11-24T09:36:26 <Lenile> La voila o/
2014-11-24T09:36:36 <Lenile> alinesociologie x)
2014-11-24T09:36:39 <Lenile> T'abuse x)
2014-11-24T09:36:49 <alinesociologie> A que bonjour !
2014-11-24T09:37:25 *** Gordfang s'est connecté
2014-11-24T09:37:26 <alinesociologie> Donc lenile m'a parlé de toi :D
2014-11-24T09:37:46 <heuzef> Bonjour =)
2014-11-24T09:37:59 <heuzef> Désolé panique au boulot en même temps je risque de pas répondre bien vite ;)
2014-11-24T09:38:02 <Gordfang> re
2014-11-24T09:38:11 <Gordfang> https://i.chzbgr.com/maxW500/8383238656/h46AB26EC/ je sait pas si vous l'avez eu
2014-11-24T09:38:17 <alinesociologie> Je veux juste quelqueq infos....
2014-11-24T09:38:23 <Lenile> Shhhh Gordfang il y à une Interview de Heuzef o/ *fuis*
2014-11-24T09:38:55 <Gordfang> ah merde
2014-11-24T09:39:28 <alinesociologie> Heuzef... Tu fais quel metier ? tu as quel age ?
2014-11-24T09:39:44 <heuzef> alinesociologie c'est dans le cadre d'une étude ?
2014-11-24T09:40:08 <heuzef> De Socio vu ton pseudo
2014-11-24T09:41:10 <heuzef> Je suis Technicien informatique et j'ai 24 ans, je vie à Bordeaux depuis 5 ans maintenant
2014-11-24T09:42:01 <alinesociologie> Exactement :) je suis etudiante en deuxieme annee de sociologie. dans le cadre de mes etudes je dois realiser un entretien sur l'action citoyenne ^^
2014-11-24T09:42:40 <alinesociologie> On m'a dit que tu faisais parti d'un association.^^
2014-11-24T09:43:02 <Gordfang> (un collectif techniquement)
2014-11-24T09:43:07 <heuzef> Le collectif BronyCUB
2014-11-24T09:43:16 <heuzef> www.bronycub.org
2014-11-24T09:44:06 <alinesociologie> Tu ne fais pas parti d'une association visant a aider des personnes ?
2014-11-24T09:44:28 <heuzef> C'est l'un des but du collectif
2014-11-24T09:44:36 <heuzef> On mène des actions humanitaires
2014-11-24T09:44:41 <alinesociologie> Vraiment ???
2014-11-24T09:44:53 <Lenile> Exactement ~
2014-11-24T09:45:01 <Lenile> Nous sommes des Jambons
2014-11-24T09:45:04 <Lenile> Gens bons*
2014-11-24T09:45:21 <alinesociologie> Quels genres d'actions humanitaire ?
2014-11-24T09:45:23 <heuzef> On tente de ce spécialiser pour apporter un soutient important au associations humanitaires local
2014-11-24T09:45:37 <alinesociologie> C'est a dire ?
2014-11-24T09:45:42 <heuzef> Pas vraiment de limite, que ce soit du soutient morale, physique ou financier
2014-11-24T09:46:02 <alinesociologie> D'accord... donc tu vis sur bordeaux ?
2014-11-24T09:46:13 <heuzef> oui, depuis 5 ans environs
2014-11-24T09:47:11 <alinesociologie> Et en ce moment, il y aurait-il une possibilité pour qu'on se voit durant la semaine ?
2014-11-24T09:47:50 <heuzef> Oui possible
2014-11-24T09:48:01 <alinesociologie> Cela serait pour un entretien d'1h/1h30
2014-11-24T09:48:14 <alinesociologie> Oh merci !! quel jour t'arrange ???
2014-11-24T09:48:22 <Lenile> (Et dire que moi elle me dit non quand je lui demande de sortir.... *forever alone*)
2014-11-24T09:48:36 <heuzef> Prendre RDV dans ce cas, prévoyons 2h, je connais la chanson ^^
2014-11-24T09:48:52 <alinesociologie> Comment ca ?
2014-11-24T09:49:13 <heuzef> ça dure toujours plus longtemps que prévu
2014-11-24T09:49:47 <alinesociologie> Mon premier entretien a duree 1h20 :) tout depend si tu es bavard ^^
2014-11-24T09:50:01 <heuzef> Je le suis ;) J'ai un lieu de RDV qui pourrais être pas trop mal
2014-11-24T09:50:08 <heuzef> Demain au Collectif Giroll
2014-11-24T09:50:17 <heuzef> 18h30
2014-11-24T09:50:24 <alinesociologie> C'est ou ??
2014-11-24T09:50:27 *** alinesociologie est parti
2014-11-24T09:50:37 <heuzef> Bye bye ^^
2014-11-24T09:50:54 <Lenile> Collectif Giroll ?
2014-11-24T09:50:57 <heuzef> giroll.org
2014-11-24T09:51:04 <Lenile> Ho !
2014-11-24T09:51:23 <heuzef> Me dis pas que tu découvre alors qu'on est partenaire avec eux depuis le début ....
2014-11-24T09:51:35 <Lenile> Jen e le dirais pas O:-)
2014-11-24T09:51:44 <Lenile> J'connais pas touts les partenaires moi è.é
2014-11-24T09:51:58 <Lenile> SURTOUT EN SE QUI CONCERNE LE DEV' !
2014-11-24T09:52:05 <heuzef> www.bronycub.org/friends.php
2014-11-24T09:52:15 <heuzef> Tu devrais, ce sont tous des gens fantastique =)
2014-11-24T09:52:53 <Lenile> Je pense
2014-11-24T09:52:58 <Lenile> Que ut peut retiré le partenaria NLR
2014-11-24T09:53:08 <heuzef> non :(
2014-11-24T09:53:13 <heuzef> Je peux pas
2014-11-24T09:53:23 <Lenile> Et pour TMT nous sommes vraiment partenaire avec eux ?
2014-11-24T09:53:26 <Gordfang> c'est un souvenir
2014-11-24T09:53:26 <Lenile> Ou c'est du sens unique ?
2014-11-24T09:53:58 <heuzef> Il serais content d’accueillir une nouvelle table poney à l'occasion ;)
2014-11-24T09:54:12 <heuzef> Bon ta copine est offline
2014-11-24T09:54:18 <Lenile> J'ai vu
2014-11-24T09:54:19 <heuzef> Doit avoir un souci de connexion je pense
2014-11-24T09:54:23 <Gordfang> techniquement c'est aussi a sens unique giroll :D
2014-11-24T09:54:33 <Lenile> Et en plus j'ai pas mon telephone...
2014-11-24T09:55:59 <heuzef> File moi ces coordonnées a la limite, je vais en avoir besoin dans tous les cas
2014-11-24T09:56:41 <Lenile> Bon heuzef
2014-11-24T09:56:47 <Lenile> Elle te retrouve demain
2014-11-24T09:57:01 <Lenile> 0679900332
2014-11-24T09:57:28 *** TrappyTickles s'est connecté
2014-11-24T09:58:42 <Lenile> heuzef
2014-11-24T09:58:46 <Gordfang> en fait y a pas grand monde qui est partenaire avec nous XD
2014-11-24T09:58:51 <Lenile> C'est moi qui emmenera la demoiselle à Giroll demain
2014-11-24T09:58:57 <Lenile> Comme ça je découvre aussi
2014-11-24T10:02:12 <heuzef> Lenile ok ça roule ;)
2014-11-24T10:02:31 <heuzef> C'est Aline comment ?
2014-11-24T10:02:40 <Lenile> Aline Da Silva
2014-11-24T10:02:47 <heuzef> ok
2014-11-24T10:05:27 <heuzef> Lenile au faite
2014-11-24T10:05:40 <heuzef> Faut trop trop que tu me rendre un service
2014-11-24T10:06:00 <Gordfang> recrutement heuzef-style?
2014-11-24T10:06:04 <Lenile> ?
2014-11-24T10:06:59 <Lenile> Kwa ?
2014-11-24T10:08:12 <heuzef> ^^ non c'est juste pour ma gueule cette fois
2014-11-24T10:08:41 <heuzef> Dès que possible, je souhaite très fortement obtenir les 3 épisode entier de la S3 de Wekfu
2014-11-24T10:08:53 <heuzef> En 1080p VF
2014-11-24T10:09:03 <Lenile> Ha tu veux dire les 3 HS de 40 Minutes chacusn ?
2014-11-24T10:09:05 <Lenile> Chacuns*
2014-11-24T10:09:09 <Lenile> Je te les donenrais
2014-11-24T10:09:15 <Lenile> Quand le BBBBFF sera pret o/
2014-11-24T10:09:15 <Gordfang> AH
2014-11-24T10:09:15 <heuzef> J'essaie de tenir la mais c'est dur, je veux absolument matter les 3 d'affiler
2014-11-24T10:09:19 <Gordfang> un mot que j'ai aimer
2014-11-24T10:09:22 <Gordfang> ils sont ENORME
2014-11-24T10:09:59 <heuzef> L'épisode final est pas encore sortie il me semble
2014-11-24T10:09:59 <Lenile> Moi je cherche pour le moment ma pzoerugoeiqzyrhgiuezrhtgmeroi-yh de carte bleu u.u
2014-11-24T10:10:02 <Gordfang> si
2014-11-24T10:10:06 <Gordfang> en torrent :D
2014-11-24T10:10:12 <heuzef> ARG !!!
2014-11-24T10:10:23 <heuzef> NEEEED !
2014-11-24T10:10:24 <Gordfang> on peut acheter les 3 épisode en DvD a la fnac
2014-11-24T10:10:37 <heuzef> Blue-ray
2014-11-24T10:10:41 <heuzef> pas Dvd fait pas lcon
2014-11-24T10:10:47 <Gordfang> surement j'ai pas regarder
2014-11-24T10:10:59 <heuzef> ça se regarde un FHD minimum ça
2014-11-24T10:11:22 <Gordfang> http://video.fnac.com/a7773280/3-Episodes-Speciaux-DVD-Zone-2
2014-11-24T10:11:26 <Gordfang> DvD
2014-11-24T10:11:58 <heuzef> Il le vende ? Ptain
2014-11-24T10:12:01 <Gordfang> yep
2014-11-24T10:12:14 <heuzef> Pourquoi Akama n'à t'il pas mis ça en téléchargement direct ?
2014-11-24T10:12:31 <Gordfang> "pour ceux qui ne veulent pas attendre leur passage sur France 3 on les propose déja en DvD a la fna"
2014-11-24T10:12:42 <heuzef> France 3 ?
2014-11-24T10:12:45 <Gordfang> partenariat avec fnac je pense
2014-11-24T10:12:46 <heuzef> Je comprend plus rien
2014-11-24T10:13:02 <Gordfang> wakfu est financer par france 3 (ou 5) me semble
2014-11-24T10:13:15 <heuzef> Non la S3 est financer par Kitstarter
2014-11-24T10:13:21 <heuzef> Donc ça pue l'embrouille
2014-11-24T10:13:37 <Gordfang> les 2 première saison + 3 épisode spéciaux par france 3
2014-11-24T10:14:15 <heuzef> Alors ils servent à quoi les 500K$ réunit sur Kitstarter ?
2014-11-24T10:14:17 <Gordfang> et comme la saison 3 était pas sur ('était celon les resultat des 3 épisode spéciaux) y aurai une saison 3 ou pas
2014-11-24T10:14:50 <Lenile> Je file
2014-11-24T10:14:51 <Gordfang> traduire les saison pour les anglophones
2014-11-24T10:14:53 <Lenile> Ciaooooo
2014-11-24T10:15:10 <heuzef> Juste de la traduction ... ça pue
2014-11-24T10:15:14 <heuzef> Bon bref
2014-11-24T10:15:20 <Lenile> 500*K sur Kitstarter ?
2014-11-24T10:15:22 <heuzef> Me faut les torrent alors
2014-11-24T10:15:23 <Lenile> S'puie la merde
2014-11-24T10:15:28 <Lenile> Pour une entreprise comme Ankama$
2014-11-24T10:15:34 <Lenile> Qui brassent des millions
2014-11-24T10:15:38 <Lenile> Mais bon
2014-11-24T10:15:50 <Lenile> "Magouille" et "Ankama" sotn des synonimes
2014-11-24T10:16:35 <heuzef> Ou je peux les chopper les torrents en FHD ?
2014-11-24T10:16:35 <Gordfang> pas forcement pour les anglophones mon amis XD
2014-11-24T10:16:58 <Gordfang> ca leur coûte cher une saison tu sait?
2014-11-24T10:17:22 <Lenile> Je sais
2014-11-24T10:18:09 <Lenile> Bon t'a dees vieux soutitres Englais
2014-11-24T10:18:13 <Lenile> Anglais
2014-11-24T10:18:19 <Lenile> Mais j'ai trouvé les OAV
2014-11-24T10:18:26 <heuzef> Non
2014-11-24T10:18:39 <Lenile> En 1080
2014-11-24T10:18:44 <Gordfang> les voix anglaise?
2014-11-24T10:18:59 <heuzef> Je veux la VO en Fr sans sous titre
2014-11-24T10:19:10 <Lenile> VF
2014-11-24T10:19:13 <Lenile> Pas VO$
2014-11-24T10:19:18 <heuzef> VO = VF
2014-11-24T10:19:22 <Lenile> Pas VE
2014-11-24T10:19:24 <Lenile> u.u
2014-11-24T10:19:25 <Lenile> TG
2014-11-24T10:19:29 <Lenile> VA*
2014-11-24T10:19:36 <Lenile> RHO VOUS FAITESE CHIERS !
2014-11-24T10:19:47 <Lenile> u.U
2014-11-24T10:20:06 <heuzef> Jmen branle je veux les voix française en FHD sans sous-titre
2014-11-24T10:20:59 <Lenile> Je vais en cours ! u.u
2014-11-24T10:21:09 <heuzef> Et mes torrents alors ?
2014-11-24T10:21:17 <heuzef> T'es naze !
2014-11-24T10:21:17 <Gordfang> tu peut essayer de choper le replay sur leur site
2014-11-24T10:21:23 <heuzef> Naonnnnn
2014-11-24T10:21:36 <heuzef> Je veux de bon gros MKV bien lourd
2014-11-24T10:21:45 <Lenile> http://thepiratebay.se/search/Wakfu/0/99/0
2014-11-24T10:21:58 <Lenile> Go te bougé un peut le cul
2014-11-24T10:22:03 <Lenile> J'ai trouvé les 3 Episodes
2014-11-24T10:22:05 <heuzef> Putain peux pas compter sur toi
2014-11-24T10:22:07 <heuzef> va chier
2014-11-24T10:22:07 <Gordfang> je peut demender a un pote
2014-11-24T10:22:16 <Lenile> Mais flo
2014-11-24T10:22:20 <Lenile> 2.5 GB
2014-11-24T10:22:31 <Lenile> Je pense pas que ça soit du DVDRIP
2014-11-24T10:22:47 <heuzef> Ba si justement c'est pas du HD ça
2014-11-24T10:22:58 <heuzef> Moi je veux la version 150 Go
2014-11-24T10:23:03 <Lenile> . . .
2014-11-24T10:23:06 <Lenile> http://thepiratebay.se/torrent/11273193/Wakfu_special_episode_OVA_ep.1_(FR)_(sub)
2014-11-24T10:23:18 <Lenile> "Je veux de bon gros MKV bien lourd "
2014-11-24T10:23:27 <Lenile> Voila un bon gros Mkv de 2.5Go
2014-11-24T10:23:57 <Lenile> J'me casse ou j'vais loupé le bus
2014-11-24T10:23:59 <Lenile> Ciao
2014-11-24T10:24:00 *** Lenile est parti
2014-11-24T10:26:08 *** heuzef1 s'est connecté
2014-11-24T10:26:10 <heuzef1> C'est bon le fichier ass est séparé
2014-11-24T10:26:21 <Gordfang> ^^
2014-11-24T10:27:57 *** heuzef est parti
2014-11-24T11:20:33 *** Gordfang est parti
2014-11-24T11:32:45 *** Gordfang s'est connecté
2014-11-24T12:08:47 *** Ambrocidus s'est connecté
2014-11-24T12:08:55 <Ambrocidus> Hi people
2014-11-24T12:09:08 <Gordfang> hi
2014-11-24T12:11:14 *** heuzef est parti
2014-11-24T12:21:27 *** Gordfang est parti
2014-11-24T12:49:41 *** Ambrocidus est parti
2014-11-24T13:20:51 *** adriens33 est parti
2014-11-24T14:05:22 *** adriens33 s'est connecté
2014-11-24T14:08:31 <adriens33> hello
2014-11-24T15:20:06 <TrappyTickles> oi
2014-11-24T17:30:04 *** MaCharon s'est connecté
2014-11-24T17:30:16 <MaCharon> salut
2014-11-24T17:42:04 <adriens33> hello MaCharon
2014-11-24T17:56:59 *** adriens33 est parti
2014-11-24T17:57:45 *** adriens33 s'est connecté
2014-11-24T20:32:26 *** adriens33 est parti
2014-11-24T21:51:19 *** Bybeez s'est connecté
2014-11-24T21:51:28 <Bybeez> Yo !!!
2014-11-24T21:51:42 <MaCharon> slt
2014-11-24T22:04:37 <Bybeez> comment va ?
2014-11-24T22:05:00 <MaCharon> tranquilou
2014-11-24T22:36:33 *** Bybeez est parti
2014-11-24T23:55:13 *** MaCharon est parti
