2014-11-11T00:02:55 *** TrappyTickles est parti
2014-11-11T00:17:52 *** Ikledoreboline est parti
2014-11-11T00:54:29 *** Lenile s'est connecté
2014-11-11T00:54:37 <Lenile> Yo'
2014-11-11T00:55:38 <MaCharon> slt
2014-11-11T00:56:38 <Lenile> en fait j'y vais ! o/
2014-11-11T00:56:43 <Lenile> J'doit dodo quand même xD
2014-11-11T00:57:55 <MaCharon> bonne nuit
2014-11-11T02:26:21 *** MaCharon est parti
2014-11-11T05:36:25 *** adriens33 est parti
2014-11-11T07:59:01 *** adriens33 s'est connecté
2014-11-11T10:13:12 *** TrappyTickles s'est connecté
2014-11-11T10:32:29 *** adriens33 est parti
2014-11-11T10:33:13 *** adriens33 s'est connecté
2014-11-11T10:34:26 *** adriens33 est parti
2014-11-11T10:38:21 *** Jona_Aps s'est connecté
2014-11-11T10:55:14 <Lenile> Jona ?
2014-11-11T11:22:57 *** Jona_Aps est parti
2014-11-11T11:44:31 *** jONA8aPS s'est connecté
2014-11-11T11:44:31 *** jONA8aPS est parti
2014-11-11T11:44:40 *** Jona_Aps s'est connecté
2014-11-11T11:44:50 <Jona_Aps> plop :3
2014-11-11T12:12:58 *** Yvan33 s'est connecté
2014-11-11T12:13:09 <Yvan33> Salut salut
2014-11-11T12:16:50 *** Gordfang s'est connecté
2014-11-11T12:18:33 *** Ambrocidus s'est connecté
2014-11-11T12:18:34 <Gordfang> yo!
2014-11-11T12:18:50 <Ambrocidus> Bonjour, désolé d'être pressé, qui est la main droite d'Heuzef?
2014-11-11T12:18:56 <Yvan33> Hein?
2014-11-11T12:19:07 <Yvan33> Pourquoi quelqu'un voudrait être sa main?
2014-11-11T12:19:11 <Ambrocidus> Qui épaule Heuzef pour les NDD ect...
2014-11-11T12:19:17 <Yvan33> Euh alors
2014-11-11T12:19:31 <Gordfang> moi
2014-11-11T12:19:37 <Gordfang> (en général du moins)
2014-11-11T12:19:41 <Yvan33> En fait Heuzef il veut pas être le chef, c'est juste celui qui a créé bronycub
2014-11-11T12:19:47 <Ambrocidus> Heuzef à un DDS? (ou un truc comme ça)?
2014-11-11T12:19:54 <Gordfang> ouai du coup il donne du boulot a tous le monde :D
2014-11-11T12:19:56 <Gordfang> dds?
2014-11-11T12:19:58 <Yvan33> Donc il a pas de bras droit
2014-11-11T12:20:07 <Gordfang> juste plein de petit assistant
2014-11-11T12:20:14 <Yvan33> Et oui du coup on est tous exploité aux mines de sels ^^
2014-11-11T12:20:18 <Ambrocidus> >.>
2014-11-11T12:20:23 <Yvan33> Mais dis moi, que veux tu?
2014-11-11T12:20:49 <Gordfang> merde c'est vrai que c'est aujourd'hui l'apéro ><
2014-11-11T12:21:06 <Ambrocidus> C'est le coup de feu, deux minutes
2014-11-11T12:21:25 <Yvan33> Donc tu chrchais quoi en fait ambro?
2014-11-11T12:21:38 <Ambrocidus> dns
2014-11-11T12:21:40 <Ambrocidus> un serveur de nnd
2014-11-11T12:21:43 <Ambrocidus> ndd*
2014-11-11T12:21:48 <Yvan33> Hum, alors pour ça
2014-11-11T12:21:49 <Ambrocidus> On à ca chez heuzef?
2014-11-11T12:21:53 <Gordfang> y a le mot server j'ai rien comprit :D
2014-11-11T12:22:09 <Ambrocidus> Un serveur DNS un serveur de nom de domaine
2014-11-11T12:22:11 <Yvan33> Faudrait plutot s'adresser a Adriens, Leta ou Heuzef
2014-11-11T12:22:11 <Ambrocidus> Il a ça?
2014-11-11T12:22:11 <Gordfang> hmmm je sait pas trop faudrai lui demender
2014-11-11T12:22:27 <Gordfang> je croit qu'il en as un ouai
2014-11-11T12:22:53 <Yvan33> La aucun n'est connecter, si tu veux je te passe le tel de heuzef
2014-11-11T12:23:11 <Ambrocidus> Il répond pas >.<
2014-11-11T12:23:31 <Yvan33> Je te passe pas celui de leta non plus alors, lui c'est pire x)
2014-11-11T12:23:33 <Lenile> Ouaip' Heuzef à un NDD
2014-11-11T12:23:35 <Gordfang> non d'habitude c'est lui qui t'appelle a 8h du mat ><
2014-11-11T12:23:41 <Yvan33> Oh salut Lenile
2014-11-11T12:23:43 <Lenile> Mais pourquoi tu veux son NDD ?
2014-11-11T12:23:45 <Lenile> Yop
2014-11-11T12:23:56 <Ambrocidus> AH
2014-11-11T12:23:58 <Ambrocidus> brony.fr
2014-11-11T12:24:02 <Lenile> J'passe entre 2 partits de Cs et apres je part pour Bordeaux Cebntre
2014-11-11T12:24:11 <Yvan33> Tu vas ou?
2014-11-11T12:24:14 <Ambrocidus> Tu as moyen de le réveiller pour qu'il me téléphone?
2014-11-11T12:24:18 <Lenile> Gordfang j'pourrais venir scuatter ? 8D
2014-11-11T12:24:36 <Lenile> Yvan33 à Begle
2014-11-11T12:24:40 <Lenile> Chercher mon HDD
2014-11-11T12:24:44 <Yvan33> D'ailleurs j'ai ouï dire que tu t'étais embrouiller avec Leta
2014-11-11T12:24:47 <Lenile> Pour mon nouveau PC
2014-11-11T12:24:51 <Yvan33> Je vois
2014-11-11T12:25:00 <Gordfang> venir squater? j'ai pas tous suivie la
2014-11-11T12:25:01 <Lenile> Je m'embrouille toujours avec Leta s'pas nouveau ça xD
2014-11-11T12:25:14 <Lenile> Gordfang je doit confondre 8D
2014-11-11T12:25:19 <Lenile> De personne 8D
2014-11-11T12:25:22 <Gordfang> en attendant c'est leta il adore s'embrouiller :D
2014-11-11T12:25:25 <Gordfang> ouai surement ^^
2014-11-11T12:25:30 <Lenile> Tes qui ? 8D
2014-11-11T12:25:36 <Yvan33> Bah vu qu'il me l'a mentionné ça doit être plus important que d'habitude non?
2014-11-11T12:25:36 <Gordfang> un des barbu
2014-11-11T12:25:47 <Lenile> C'est pas toi o/
2014-11-11T12:25:54 <Gordfang> yvan leta?
2014-11-11T12:26:00 <Yvan33> Bertrand
2014-11-11T12:26:06 <Lenile> Yvan33 Il voulais me griller mon PC donc je lui est dit que je lui Grillait le crane si il le faisait
2014-11-11T12:26:16 <Lenile> Apres il c'est moqué de mon Handicape Agraphique.
2014-11-11T12:26:17 <Yvan33> Et pourquoi?
2014-11-11T12:26:21 <Lenile> S'qui est pas tres cool n.n
2014-11-11T12:26:37 <Lenile> Bah il nous fait "Ouais j'avais une fille à la maison"
2014-11-11T12:26:37 <Yvan33> Je vois. Moi il m'a dit que c'est partit avec adriens
2014-11-11T12:26:49 <Lenile> Du coup je lui dit "T'a couché avec ?"
2014-11-11T12:26:59 <Lenile> V u que les 3/4 du temps ou je parle avec lui c'est que du Sexe
2014-11-11T12:27:06 <Lenile> Bah il l'a vachement mal pris.
2014-11-11T12:27:10 <Yvan33> (comme c'est étrange)
2014-11-11T12:27:14 <Gordfang> on va dire que chaque partie a mit du bois au feu pour ainsi dire
2014-11-11T12:27:17 <Lenile> Et à commencer à me dire des trucs asser méchants
2014-11-11T12:27:30 <Ambrocidus> Personnes ne peux me réveiller Heuzef?
2014-11-11T12:27:33 <Lenile> Bah j'en savais rien que il alais mal le prendre moi xD
2014-11-11T12:27:33 <Gordfang> letar?
2014-11-11T12:27:41 <Yvan33> Letamaruvza
2014-11-11T12:27:42 <Lenile> Bref s'pas grave
2014-11-11T12:27:50 <Lenile> On s'parle plus c'est tout aussi bien n.N
2014-11-11T12:27:53 <Yvan33> Ok ok, c'est cool alors
2014-11-11T12:27:55 <Jona_Aps> :3
2014-11-11T12:28:04 <Lenile> Jona tes deja sur Bordeaux ?
2014-11-11T12:28:14 <Yvan33> Qui va au Lucifer ici?
2014-11-11T12:28:29 <Lenile> En fait je reste cher moi la journée
2014-11-11T12:28:29 <Jona_Aps> Nope, j y suis a 18h37
2014-11-11T12:28:34 <Lenile> ok
2014-11-11T12:28:40 <Lenile> Plus besoin de sortir
2014-11-11T12:28:51 <Lenile> Le mec qui me vend ces disques dur est un con qui à jamais de temps -.6
2014-11-11T12:29:10 <Gordfang> :D
2014-11-11T12:29:12 <Lenile> PERSONNE A UN DISQUE DUR SATA A CEDER POUR 20EURO ?
2014-11-11T12:29:52 <Yvan33> Leta peut être
2014-11-11T12:29:58 <Gordfang> leta surement
2014-11-11T12:30:07 <Lenile> A PART LETA è.é
2014-11-11T12:30:07 <Yvan33> Leta malheureusement
2014-11-11T12:30:54 <Yvan33> Au fait désolé mais que veut dire anagraphique?
2014-11-11T12:31:12 <Lenile> Agraphiqye tu veux dire ?
2014-11-11T12:31:13 <Gordfang> une insulte
2014-11-11T12:31:21 <Gordfang> c'est tous ce que tu as besoin de savoir
2014-11-11T12:31:22 <Gordfang> :D
2014-11-11T12:31:52 <Yvan33> huhu
2014-11-11T12:31:59 <Yvan33> Bon bah je go google alors
2014-11-11T12:33:10 <Yvan33> Ah ouais pas cool
2014-11-11T12:33:48 <Yvan33> Enfin bref, du coup qui va au Lucifer ce soir?
2014-11-11T12:34:11 <Gordfang> peut être moi
2014-11-11T12:34:26 *** Lenile est parti
2014-11-11T12:41:03 *** Jona_Aps est parti
2014-11-11T12:43:50 *** Ambrocidus est parti
2014-11-11T12:50:50 *** Yvan33 est parti
2014-11-11T13:06:41 *** Lenile s'est connecté
2014-11-11T13:06:45 <Lenile> Bon
2014-11-11T13:06:54 <Lenile> J'ai démonter le PC portable pour récup le HDD
2014-11-11T13:06:59 <Lenile> Ca marche bien o/
2014-11-11T13:21:50 *** Lenile est parti
2014-11-11T13:36:37 *** Lenile s'est connecté
2014-11-11T13:46:16 *** MaCharon s'est connecté
2014-11-11T13:46:21 <MaCharon> salut
2014-11-11T13:47:36 <Lenile> Yo
2014-11-11T13:48:26 *** heuzef s'est connecté
2014-11-11T13:49:14 <heuzef> Yo
2014-11-11T13:49:24 <heuzef> Je serais présent au Lucifer ce soir ;)
2014-11-11T13:49:32 <MaCharon> salut
2014-11-11T13:49:52 <heuzef> Plop Kevin ;)
2014-11-11T13:51:27 <MaCharon> a partir de quelle heure du coup ?
2014-11-11T13:51:37 <Lenile> Merde Heuzef sera la :(
2014-11-11T13:51:43 <Lenile> On m'a dit 18h
2014-11-11T13:51:46 <Lenile> Tien FLo !
2014-11-11T13:51:59 <Lenile> T'aurais pas un HDD 1,5 ou 2,5 en rab  ?xD
2014-11-11T13:52:27 <heuzef> nop =)
2014-11-11T13:52:41 <heuzef> Le lucifer ouvre à 18h00
2014-11-11T13:52:41 <Lenile> :(
2014-11-11T13:52:50 <heuzef> Notre invité ne sera pas la avant 19h00 je pense
2014-11-11T13:53:12 <Lenile> Sauf si quelqun peut m'ebherger je devrais rentré tôt par contre
2014-11-11T13:53:23 <Lenile> Et si on m'ebherge je doit aller en cours le lendemain
2014-11-11T13:53:42 <Lenile> Il àarrive à Bordeaux St Jean à 18h37
2014-11-11T13:53:51 <Lenile> Il est avec moi sur Teamspeak
2014-11-11T13:54:45 <heuzef> Ok dis lui que Ragator l'accueillera et l'aménera au Lucifer du coup ;)
2014-11-11T13:54:57 <Lenile> J'irais avec Raga alors
2014-11-11T13:55:16 <heuzef> Lucifer : 35 rue de Pessac pour infos
2014-11-11T13:55:58 <heuzef> http://goo.gl/hgvJO8
2014-11-11T13:56:18 <Lenile> Yep
2014-11-11T13:56:50 *** Lenile est parti
2014-11-11T13:58:51 *** Yvan33 s'est connecté
2014-11-11T14:05:30 *** Yvan33 est parti
2014-11-11T14:37:00 *** heuzef_ s'est connecté
2014-11-11T14:38:48 *** heuzef_ est parti
2014-11-11T15:01:24 *** Berry-Punch est parti
2014-11-11T16:40:05 *** Berry-Punch s'est connecté
2014-11-11T16:40:27 <Jinxypie> Putain j'en ai bouffé plein ma gueule hier, j'ai fait des screens
2014-11-11T16:41:09 <adriens33> où ça ?
2014-11-11T16:41:20 <adriens33> sur un jeu ?
2014-11-11T16:41:23 <Jinxypie> Sur EvE
2014-11-11T16:41:25 <adriens33> ah
2014-11-11T16:43:56 *** Gordfang est parti
2014-11-11T16:45:57 <Jinxypie> https://scontent-a-mad.xx.fbcdn.net/hphotos-xpa1/t31.0-8/1399113_770472199686787_252761077678024034_o.jpg
2014-11-11T16:46:24 <adriens33> effectivement y'en a qui t'en veulent xD
2014-11-11T16:47:26 <Jinxypie> J'ai ramassé 1M d'isk en leur cramant la tronche. Le shield du stabber fleet est à chier, mais son blindage est super éfficace.
2014-11-11T16:48:21 <Jinxypie> Et comme ils shoot à l'EM/thermique, le blindage est d'autant plus performant.
2014-11-11T16:48:24 <adriens33> c'est pas faux.
2014-11-11T16:48:43 <Jinxypie> ...
2014-11-11T16:49:00 <Jinxypie> ¤ ¤ ¤ ¤ ¤ ¤ ¤ ¤ ¤ ¤ ¤ ¤  ¤ ¤ ¤  ¤ ¤ ¤ _\o<
2014-11-11T16:49:07 <adriens33> (j'ai jamais joué à EvE, j'ai absolument rien pigé xD)
2014-11-11T16:49:18 <adriens33> (nice le corbeau xD)
2014-11-11T16:49:22 <Jinxypie> ^^
2014-11-11T16:53:13 <Jinxypie> Hum...
2014-11-11T16:53:23 <Jinxypie> Je crois que je suis devenu raffiné...
2014-11-11T16:53:29 <adriens33> o.O
2014-11-11T16:53:30 <adriens33> toi ?
2014-11-11T16:53:34 <adriens33> comment ça ?
2014-11-11T16:53:47 <Jinxypie> je bois du thé en écoutant le canon en D de pachelbel
2014-11-11T16:53:52 <adriens33> XD
2014-11-11T16:53:54 <Jinxypie> En étant habillé
2014-11-11T16:53:59 <adriens33> c'est bon le thé
2014-11-11T16:54:06 *** heuzef est parti
2014-11-11T16:54:08 <adriens33> c'est comme le café mais je tremble moins
2014-11-11T16:54:12 <Jinxypie> Et en lisant du balzac...
2014-11-11T16:54:22 <adriens33> genre t'es habillé et ta piaule est propre ? xD
2014-11-11T16:54:29 <Jinxypie> oui...
2014-11-11T16:54:52 <adriens33> dites moi ou vous avez mis le vrai Jinxypie, espèce d'inposteur xD
2014-11-11T16:55:08 <adriens33> (bon ceci dit chez moi c'est nettoyé aussi xD)
2014-11-11T16:55:22 <adriens33> (bon pas l'évier par contre, faut pas  déconner non plus xD)
2014-11-11T16:55:31 <Jinxypie> Déconnes pas, y'a deux heures j'en étais à me ronger les ongles de pieds, et là j'en suis là...
2014-11-11T16:55:49 <adriens33> ah ouai violent xD
2014-11-11T16:55:50 <Jinxypie> 10000 ans d'évolution, en deux heures...
2014-11-11T16:55:56 <adriens33> t'as pris quoi ? xD
2014-11-11T16:56:12 <Jinxypie> De la musique classique...
2014-11-11T16:56:17 <Jinxypie> C'est traitre...
2014-11-11T16:56:18 <adriens33> hmmm
2014-11-11T16:56:23 <adriens33> m'okay
2014-11-11T16:56:27 <Jinxypie> J'ai commencé par du mozart...
2014-11-11T16:56:56 <adriens33> xD
2014-11-11T16:57:31 <Jinxypie> Le but étant de me calmer suite à la regretable histoire du téléphone portable...
2014-11-11T16:58:31 <adriens33> ouai je vois.
2014-11-11T16:58:43 <adriens33> bah ça à l'air de pas trop mal fonctionner ^^
2014-11-11T17:07:04 <Jinxypie> Certes mon cher ami, certes...
2014-11-11T17:07:14 *** Lenile s'est connecté
2014-11-11T17:08:16 *** Lenile est parti
2014-11-11T17:21:44 *** Yvan33 s'est connecté
2014-11-11T17:22:02 <Yvan33> eyooop les gens
2014-11-11T17:22:18 <Yvan33> Qui va aller au truc de bronyCAT?
2014-11-11T17:46:57 <ludvann> salut :)
2014-11-11T17:47:10 <Yvan33> tiens coucou
2014-11-11T17:50:29 <MaCharon> tu vas a la gare Ludvann ?
2014-11-11T17:50:39 <ludvann> ouip
2014-11-11T17:50:47 <ludvann> je vais prendre le 10 de 13 ^^
2014-11-11T17:51:07 <ludvann> mais je sais pas à quel heure il arrive gare st -jean xD
2014-11-11T17:51:24 <Yvan33> Moi j'ai franchement la flemme et j'ai pas envie de rentrer trop tard, amusez vous bien!
2014-11-11T17:51:28 <MaCharon> je vais vous rejoindre la-bas je pense , je suis pas loin
2014-11-11T17:51:37 <ludvann> ok ^^
2014-11-11T17:51:40 <MaCharon> 18h30 c'est ça ?
2014-11-11T17:52:00 *** DarkNight5047 s'est connecté
2014-11-11T17:52:55 <ludvann> 40 environ
2014-11-11T17:53:02 *** Yvan33 est parti
2014-11-11T17:53:11 <ludvann> !muffin DarkNight5047
2014-11-11T17:54:27 <MaCharon> ok ben je serais au niveau des kiosques
2014-11-11T17:54:40 <ludvann> je ramènerais ma twilie ^^
2014-11-11T17:55:02 <MaCharon> ^^
2014-11-11T17:55:07 <DarkNight5047> moi je peut pas
2014-11-11T17:55:37 <MaCharon> j'aurais un sweat a capuche panda
2014-11-11T17:56:05 <DarkNight5047> si je serait venu je me serait ramener avec ma sacoche pleins de pins/badges
2014-11-11T17:56:23 <MaCharon> ahah ^^
2014-11-11T17:57:10 <ludvann> wje te trouverais peut être MaCharon ^^'
2014-11-11T17:58:17 <ludvann> bon je vais prendre mon bus et me préparer. @+
2014-11-11T17:58:25 *** ludvann est parti
2014-11-11T18:07:05 *** DarkNight5047 est parti
2014-11-11T18:48:05 *** Gordfang s'est connecté
2014-11-11T18:52:35 *** ludvann s'est connecté
2014-11-11T18:52:46 <ludvann> MaCharon ?
2014-11-11T18:53:31 <ludvann> :'-(
2014-11-11T18:54:10 *** ludvann est parti
2014-11-11T19:20:54 *** adriens33 est parti
2014-11-11T19:21:45 *** adriens33 s'est connecté
2014-11-11T19:24:14 *** Gordfang est parti
2014-11-11T21:15:22 *** Ambrocidus s'est connecté
2014-11-11T21:15:40 <Ambrocidus> Bonsoir
2014-11-11T21:22:05 *** Fourme s'est connecté
2014-11-11T21:22:06 <Fourme> bonsoir
2014-11-11T21:22:32 <Ambrocidus> Bonsoir
2014-11-11T21:23:02 <fourme_d-ambert> c'est moche
2014-11-11T22:34:35 *** Ambrocidus est parti
2014-11-11T22:42:09 <Jinxypie> re
2014-11-11T23:31:44 *** fourme_d-ambert est parti
2014-11-11T23:46:43 <adriens33> tain
2014-11-11T23:46:54 <adriens33> soit j'ai un débit pas énorme
2014-11-11T23:47:13 <adriens33> soit j'ai un débit mieux mais c'est pas super stable…
2014-11-11T23:47:31 <adriens33> adsl de m**de
2014-11-11T23:47:39 <adriens33> (re Jinxypie)
