2014-11-26T00:10:10 *** TrappyTickles_ est parti
2014-11-26T00:25:01 *** adriens33 est parti
2014-11-26T08:25:57 *** adriens33 s'est connecté
2014-11-26T09:11:44 *** heuzef s'est connecté
2014-11-26T09:19:25 *** Gordfang s'est connecté
2014-11-26T09:31:09 *** Gordfang est parti
2014-11-26T09:31:20 *** Gordfang s'est connecté
2014-11-26T09:32:34 *** Gordfang est parti
2014-11-26T09:33:18 *** Gordfang s'est connecté
2014-11-26T10:29:15 *** heuzef est parti
2014-11-26T10:29:31 *** heuzef s'est connecté
2014-11-26T10:31:11 *** heuzef est parti
2014-11-26T10:31:46 *** heuzef s'est connecté
2014-11-26T10:39:49 *** adriens33 est parti
2014-11-26T10:53:48 *** TrappyTickles s'est connecté
2014-11-26T12:14:46 *** heuzef est parti
2014-11-26T12:49:36 *** heuzef s'est connecté
2014-11-26T13:20:49 *** adriens33 s'est connecté
2014-11-26T13:29:10 <adriens33> hello all
2014-11-26T13:35:19 *** Gordfang est parti
2014-11-26T13:45:20 *** Gordfang s'est connecté
2014-11-26T13:47:15 *** heuzef est parti
2014-11-26T13:47:35 *** heuzef s'est connecté
2014-11-26T14:11:12 *** Gordfang est parti
2014-11-26T14:12:29 *** Gordfang s'est connecté
2014-11-26T14:15:30 *** Gordfang est parti
2014-11-26T14:46:35 *** heuzef est parti
2014-11-26T14:46:55 *** heuzef s'est connecté
2014-11-26T18:22:51 *** heuzef est parti
2014-11-26T19:13:13 *** adriens33 est parti
2014-11-26T19:14:20 *** adriens33 s'est connecté
2014-11-26T20:00:43 *** Yvan33 s'est connecté
2014-11-26T20:01:21 <Yvan33> Ah ouais j'entends carément le vent siffler tellement c'est désert
2014-11-26T20:01:29 <adriens33> hello
2014-11-26T20:01:39 <Yvan33> Oh salut
2014-11-26T20:01:47 <Yvan33> Comment ça va depuis le temps
2014-11-26T20:01:47 <adriens33> ohmygosh omygosh ohmygosh y'a quelquu'un o.O
2014-11-26T20:01:54 <adriens33> It's alive o//
2014-11-26T20:01:58 <adriens33> pardon. ^^"
2014-11-26T20:02:03 <adriens33> ça  va et toi ?
2014-11-26T20:02:03 <Yvan33> This is so... Awesome!
2014-11-26T20:02:08 <Yvan33> Euh bah
2014-11-26T20:02:20 <Yvan33> Je crois j'ai des cernes mais sinon ça baigne
2014-11-26T20:02:25 <adriens33> ^^
2014-11-26T20:02:36 <Yvan33> Ah non, j'ai DS de Si vendredi et j'ai pas réviser
2014-11-26T20:02:45 <Yvan33> Ca va pas :pleure:
2014-11-26T20:02:52 <adriens33> ah tu fais sciences de l'ingénieur ?
2014-11-26T20:02:59 <adriens33> ça me rapelle de bons souvenirs ça..
2014-11-26T20:03:07 <adriens33> (et pour les profs et pour les notes Xd)
2014-11-26T20:03:09 <Yvan33> Prépa PSI= Physique et SI ouais
2014-11-26T20:03:21 <adriens33> ah en prépa ^^
2014-11-26T20:03:29 <adriens33> ouai je comprends mieux ^^
2014-11-26T20:03:33 <Yvan33> Bof, avoir 5 questions a traiter en 4 heures
2014-11-26T20:03:48 <adriens33> ça dépend des questions
2014-11-26T20:03:51 <Yvan33> "Calculer les couples moteurs C1 C2 C3 C4 C5"
2014-11-26T20:03:57 <adriens33> ^^
2014-11-26T20:03:59 <Yvan33> 1ère question
2014-11-26T20:04:01 <Yvan33> Bam
2014-11-26T20:04:06 <Yvan33> Dans la face
2014-11-26T20:04:11 <adriens33> héhé
2014-11-26T20:04:28 <adriens33> j'ai redoublé ma ternminale parce que la 1e année j'ai pas eu mon bac
2014-11-26T20:04:35 <Yvan33> Et vasy que tu dois sortir les matrices d'inerties et autre truc
2014-11-26T20:04:43 <Yvan33> A cause de la SI?
2014-11-26T20:04:44 <adriens33> la 2e terminale j'avais 19 de moyenne en SI… XD
2014-11-26T20:04:48 <adriens33> non jistement XD
2014-11-26T20:04:50 <Yvan33> o.O
2014-11-26T20:04:58 <Yvan33> Cte machine
2014-11-26T20:05:04 <adriens33> (bah la 1e terminale j'avai 16 en si)
2014-11-26T20:05:14 <Yvan33> Moi j'ai pas fais SI au lycée
2014-11-26T20:05:20 <Yvan33> fais SVT
2014-11-26T20:05:25 <adriens33> ah ouai. ^^
2014-11-26T20:05:35 <Yvan33> La reproduction des abeilles, tout ça
2014-11-26T20:05:38 <adriens33> bah c'est bon pour les notes B-)
2014-11-26T20:05:41 <adriens33> héhé
2014-11-26T20:05:45 <Yvan33> La dissection des têtes de poissons
2014-11-26T20:05:56 <Yvan33> Et de coeur de veau
2014-11-26T20:05:58 <adriens33> *se sent pas très bien*
2014-11-26T20:06:02 <Yvan33> hum bon ap
2014-11-26T20:06:20 <Yvan33> Ma voisine voulait faire le TP sans toucher le truc
2014-11-26T20:06:25 <Yvan33> Même avec des gants
2014-11-26T20:06:28 <adriens33> j'ai pas l'estomac pour ça moi XD
2014-11-26T20:06:35 <adriens33> ah bah tu m'étonnes… XD
2014-11-26T20:07:02 <Yvan33> Et le prof ce batard il passe de l'eau à l'interieur d'une des artère et nous eclabousse avec ce qui sort de l'autre coté
2014-11-26T20:07:22 <adriens33> bheuärg
2014-11-26T20:07:26 <Yvan33> En appuyant sur le coeur pour nous montrer comment ça pompe
2014-11-26T20:07:34 <Yvan33> Il m'a mouchter
2014-11-26T20:07:57 <Yvan33> Ahlala
2014-11-26T20:08:47 <Yvan33> Ah bah ya macdo donc je pars et je reviens ptet a près
2014-11-26T20:08:49 <Yvan33> a toute
2014-11-26T20:09:05 <adriens33> ok
2014-11-26T20:09:07 <adriens33> ++
2014-11-26T20:14:29 *** Yvan33 est parti
2014-11-26T20:15:07 *** Yvan33 s'est connecté
2014-11-26T20:24:16 <Yvan33> Ouais re
2014-11-26T20:31:32 <adriens33> re
2014-11-26T20:31:42 <adriens33> t'as mangé vite dis :P
2014-11-26T20:33:33 <Yvan33> Bah un macdo c'est pas long
2014-11-26T20:34:41 <Yvan33> Mais ouais je mange vite je crois
2014-11-26T20:35:06 <Yvan33> D'après mon expérience, je fini avant les autres, donc on peut me qualifier rapide je pense
2014-11-26T20:48:35 <adriens33> ta femme te le dit souvent :P
2014-11-26T20:50:34 <Yvan33> Ouuuuuaaah ça parle maaaaal!
2014-11-26T20:50:44 <Yvan33> Ce manque de respect de l'amour
2014-11-26T20:51:29 <adriens33> XD
2014-11-26T20:51:41 <adriens33> faut dire que tu m'as tendu la perche aussi.
2014-11-26T20:52:20 <Yvan33> Ta femme ne te le dis pas souvent
2014-11-26T20:52:47 <Yvan33> Vengeance è_é
2014-11-26T20:53:59 <Yvan33> Bon c'est sur ces mots doux que je vais aller faire réviser ma SI ;)
2014-11-26T20:54:07 <adriens33> Xd
2014-11-26T20:54:11 <adriens33> ok
2014-11-26T20:54:13 <Yvan33> bonne soirée ;)
2014-11-26T20:54:16 <adriens33> amuse-toi bien
2014-11-26T20:54:21 <Yvan33> merci
2014-11-26T20:54:25 *** Yvan33 est parti
2014-11-26T21:06:39 *** adriens33 est parti
2014-11-26T21:07:44 *** adriens33 s'est connecté
