2014-08-10T00:00:42 <ludvann> adriens33: l'acide est sous ordonnance ?
2014-08-10T00:01:05 <adriens33> j'en sais que pouic, je pense pas que ça se trouve comme ça vu la dangerosité du bouzin
2014-08-10T00:01:16 <ludvann> ;D
2014-08-10T00:01:43 <Letarumavza> Lors d'un repas dans une convention, une personne devait se croire invité pour un dîner de mercredi. Morceaux choisis :
2014-08-10T00:01:43 <Letarumavza> - Fedora est constitué des anciennes versions de Red Hat, tombées en abandonware.
2014-08-10T00:01:43 <Letarumavza> - « J'utilisais déjà Ubuntu avant l'an 2000 »
2014-08-10T00:01:44 <Letarumavza> - L'ADSL n'est que du RTC, mais en plus rapide.
2014-08-10T00:01:44 <Letarumavza> - Il n'y a plus, à sa connaissance, de distribution sans interface graphique qui soit imposée d'emblée.
2014-08-10T00:01:45 <Letarumavza> - Les claviers mécaniques d'aujourd'hui (avec les touches Cherry) sont fabriqués à partir de morceaux de vieilles machines à écrire, d'où leur prix élevé.
2014-08-10T00:01:48 <Letarumavza> Je ne peux pas me souvenir de tout... mais on a tous bien ri ! PEBKAC.
2014-08-10T00:02:04 <adriens33> XD
2014-08-10T00:02:24 <adriens33> le coup de l'adsl c'est pas totalement faux ceci dit
2014-08-10T00:02:27 <flutterbrony> XD
2014-08-10T00:02:36 <Letarumavza> si, totalement...
2014-08-10T00:02:40 <adriens33> vu que c'est plein de modems décalés de 4.2kHz ^^
2014-08-10T00:02:43 <Letarumavza> C'est pas plus rapide, c'est plusieurs
2014-08-10T00:02:49 <adriens33> j'ai dut
2014-08-10T00:02:50 <adriens33> *dit
2014-08-10T00:02:56 <adriens33> pas « totalement » faux.
2014-08-10T00:03:12 <ludvann> Déjà que ma mère me prends pour un terroriste alors que je veux juste m'acheter du nitrate de potassium...
2014-08-10T00:03:15 <adriens33> mais y'a bien un lien avec les modems rtc
2014-08-10T00:03:16 <ludvann> xD
2014-08-10T00:03:21 <Letarumavza> si tu vas par là, c'est pas totalement faux pour le clavier non plus, le méchanisme de retour est proche.
2014-08-10T00:03:23 <adriens33> pourquoi ? tu veux faire des fumigènes ? ^^
2014-08-10T00:03:35 <ludvann> Et des fusées :)
2014-08-10T00:03:49 <Letarumavza> Avec du nitrate de potassium...
2014-08-10T00:04:12 <ludvann> (Me souviens plus trop du truc...)
2014-08-10T00:04:13 <Letarumavza> C'est un explosif cisaillant, pas un explosif de décompression.
2014-08-10T00:04:25 <Letarumavza> ça marche pas comme propulseur.
2014-08-10T00:04:26 <flutterbrony> C'est un fait réel Leta ?
2014-08-10T00:04:26 <ludvann> Ah je me disais aussi....
2014-08-10T00:04:44 <Letarumavza> flutterbrony, la citation est réelle en théorie.
2014-08-10T00:04:55 <Letarumavza> Après je suis pas allé vérifier ^^
2014-08-10T00:05:05 <Letarumavza> Mais j'ai entendu des mecs de ce genre aux tech days & cie
2014-08-10T00:05:13 <ludvann> And ?
2014-08-10T00:05:18 <adriens33> normalement c'est des vrais gens qui ont vraiment dis ça en pensant honnêtement que c'est vrai
2014-08-10T00:05:19 <ludvann> :)
2014-08-10T00:05:33 <Letarumavza> Et puis con comme ça...
2014-08-10T00:05:33 <ludvann> Aoké
2014-08-10T00:05:37 <Letarumavza> C'est pas inventable...
2014-08-10T00:05:41 <adriens33> XD
2014-08-10T00:05:59 * ludvann is lost
2014-08-10T00:07:11 <ludvann> Leta' , tu aurais pas des conseils pour des fumigènes ?
2014-08-10T00:08:06 <Letarumavza> comme de pas en faire ?
2014-08-10T00:08:28 <ludvann> Y a pas une faute ? Pas compris....
2014-08-10T00:08:45 <Letarumavza> (au pire, une bassine d'eau, de la neige carbonique, et c'est bon.)
2014-08-10T00:09:14 <ludvann> Oui mais fin bon... c'est pas facilement transportable...
2014-08-10T00:09:41 <Letarumavza> tu veux faire quoi ?
2014-08-10T00:09:42 <ludvann> Et assez couteux le remplissage de l'extincteur....
2014-08-10T00:10:23 <ludvann> Une fumigène (ou plusieurs) de préférence avec une fumée non-mortelle :D
2014-08-10T00:10:35 <Letarumavza> Et pour quoi faire ?
2014-08-10T00:11:47 <ludvann> Un braquage. Nan mais plus sérieusement, avec des potes on se fait des sortes d'airsoft et ça serait plus sympa avec ça :)
2014-08-10T00:12:25 <Letarumavza> Et pourquoi pas en acheter dans le commerce ?
2014-08-10T00:12:59 <ludvann> Missing some € and years
2014-08-10T00:13:17 <adriens33> oui c'est vrai que t'as que 16 ans toi ^ç
2014-08-10T00:13:19 <adriens33> * ^^
2014-08-10T00:13:22 <Letarumavza> prix des réactifs > prix des fumigènes.
2014-08-10T00:13:36 <ludvann> Sérieux ?
2014-08-10T00:13:45 <adriens33> ben c'est fait en gros
2014-08-10T00:13:52 <ludvann> XD
2014-08-10T00:13:54 <adriens33> donc ça leur revient moins cher qu'à toi forcément XD
2014-08-10T00:14:23 <flutterbrony> ok les captchat se foutent de moi :/
2014-08-10T00:14:28 <adriens33> XD
2014-08-10T00:14:32 <ludvann> Le problème est que j'ai pas de compte bancaire...
2014-08-10T00:14:38 <ludvann> Anyway
2014-08-10T00:14:38 <flutterbrony> j'ai eu tetdecu a taper ...
2014-08-10T00:14:38 <adriens33> flutterbrony: espèce de robot !
2014-08-10T00:14:43 <adriens33> XD
2014-08-10T00:14:48 <ludvann> xD
2014-08-10T00:14:58 <Letarumavza> arf flutter
2014-08-10T00:15:06 <ludvann> ;)
2014-08-10T00:15:34 <flutterbrony> J'aurais du penser a prendre un screen de celui-là :/
2014-08-10T00:15:54 <ludvann> Tu n'as jamais eut : "try anal" et e
2014-08-10T00:16:09 <ludvann> "Essential" en même temps
2014-08-10T00:16:13 <ludvann> ...
2014-08-10T00:16:23 <flutterbrony> non, pas que je me rappelle xp
2014-08-10T00:16:48 <adriens33> question: sur quel site t'as ce genre de captcha ? XD
2014-08-10T00:16:57 <flutterbrony> terafile.co est vraiment un hébergeur pourri
2014-08-10T00:17:10 <ludvann> Je sais'pas, c'est un ami qui me l'a montré xD
2014-08-10T00:17:37 <ludvann> flutterbrony, ton ordi est meilleur ;)
2014-08-10T00:17:57 <flutterbrony> j'ai téléchargé CWM pour mon tel (400Ko) et il me dit d'attendre 1H30 pour avoir Odin
2014-08-10T00:18:14 <ludvann> :O
2014-08-10T00:18:20 <flutterbrony> puis la e doit encore attendre 1H30 pour les binaires Su
2014-08-10T00:18:24 <ludvann> Ô
2014-08-10T00:19:29 <ludvann> Zavais vu le film shining ?
2014-08-10T00:19:36 <ludvann> Zavez*
2014-08-10T00:19:45 <Letarumavza> ...
2014-08-10T00:19:49 <ludvann> ?
2014-08-10T00:19:49 <Letarumavza> qui ne l'a pas vu ?
2014-08-10T00:20:07 <Letarumavza> C'est simplement une énorme référence.
2014-08-10T00:20:08 <ludvann> Dat réference :D
2014-08-10T00:20:11 <adriens33> ^^
2014-08-10T00:20:13 <adriens33> ouep
2014-08-10T00:20:15 <ludvann> ^^
2014-08-10T00:20:27 <ludvann> RedRum
2014-08-10T00:20:59 <ludvann> La chambre c'est quel numéro déjà ?
2014-08-10T00:21:37 <ludvann> Et comment la porte du congélo c'est ouverte ?
2014-08-10T00:21:44 <ludvann> Arghhhh !
2014-08-10T00:22:03 <ludvann> Un tien vaut mieux deux tu l'auras.
2014-08-10T00:23:08 <ludvann> ...---...
2014-08-10T00:26:04 <adriens33> -. . ...-  . .-. --. --- -. -. .-  --. .. ...- .  -.-- --- ..-  ..- .--. ...-.-
2014-08-10T00:26:49 * ludvann is lost as a niorph
2014-08-10T00:27:09 <adriens33> (pour info, pour décoder le morse → installer le paquet bsd-games et "morse -d '<code>'"
2014-08-10T00:27:17 <adriens33> pour faire du morse → morse -s "string"
2014-08-10T00:27:28 <Letarumavza> 0111011001101111011100110010000001100111011101010110010101110101011011000110010101110011
2014-08-10T00:27:41 <adriens33> tiens, qui me décode ce que j'ai mis ? ^^
2014-08-10T00:27:50 <adriens33> (indice: c'est un truc connu)
2014-08-10T00:27:54 <Letarumavza> 011001010111010000100000011000010110110001101100011001010111101000100000011000110110100001101001011001010111001000100000011000100111010001110111
2014-08-10T00:28:05 <adriens33> nan, leta, pas en binaire… en ascii ^^
2014-08-10T00:28:14 <adriens33> tu triches ^^
2014-08-10T00:28:22 <ludvann> J'ai pas mon décodeur binaire sous la main...
2014-08-10T00:28:31 <ludvann> (Ma calculette)
2014-08-10T00:28:36 <Letarumavza> C'est pas la traduction de ton morse adrien
2014-08-10T00:28:40 <Letarumavza> c'est autre chose.
2014-08-10T00:28:40 <adriens33> ahok
2014-08-10T00:28:44 <flutterbrony> ok depuis tout a l'heure j'essaye d'écrire sauf que j'avais débranché mon clavier (facehoof)
2014-08-10T00:28:53 <adriens33> t'es pas en train de push en truc en ram par hasard ? ^^
2014-08-10T00:29:11 <adriens33> ludvann: essaie ici ^^ http://www.dcode.fr/code-morse
2014-08-10T00:29:13 <Letarumavza> Avec une séquence aussi petite ?
2014-08-10T00:29:24 <adriens33> ctb
2014-08-10T00:29:35 <Letarumavza> Adrien : 011011100110010101110110011001010111001000100000011001110110111101101110011011100110000100100000011011000110010101110100001000000111100101101111011101010010000001100100011011110111011101101110
2014-08-10T00:29:49 <Letarumavza> en réponse à ton morse.
2014-08-10T00:31:21 <Letarumavza> d'ailleurs, y'a une erreur d'espacement dans ton morse.
2014-08-10T00:31:47 <Letarumavza> T'as en double espacement placé trop tôt.
2014-08-10T00:32:07 <ludvann> Je pige que dalle, vous parlez bien en binaire ou en schtroumpf ?
2014-08-10T00:32:09 <adriens33> je sais, c'est parce que morse me met une lettre par ligne
2014-08-10T00:32:28 <adriens33> du coup je me suis fait chier à enlever les 0x0A et comme c'était en terminal j'avais plein d'espaces partout
2014-08-10T00:32:56 <ludvann> ...
2014-08-10T00:33:13 <Letarumavza> En fait techiquement c'est 1/4 de temps un point, 1/2 temps un trait, 1/4 de temps entre deux codons, 1/2 temps entre deux lettres, 1 temps entre deux mots.
2014-08-10T00:33:24 <Letarumavza> Stop remplaçant le point.
2014-08-10T00:33:49 <Letarumavza> (Oui, je m'y connais aussi en transmissions...)
2014-08-10T00:34:02 <Letarumavza> Une vraie mine de connaissances inutiles.
2014-08-10T00:34:08 <ludvann> Ouep
2014-08-10T00:34:09 <adriens33> non pas inutile
2014-08-10T00:34:17 <adriens33> c'est classe de connaitre le mors
2014-08-10T00:34:20 <adriens33> *morse
2014-08-10T00:34:43 <ludvann> Tu vas pas parler en morse dans la rue adriens33 ?
2014-08-10T00:34:52 <adriens33> -.  .  ...-  .  .-.    --.  ---  -.  -.  .-    --.  ..  ...-  .    -.--  ---  ..-    ..-  .--.    ...-.-
2014-08-10T00:34:54 <adriens33> mieux ?
2014-08-10T00:35:34 <Letarumavza> en théorie, ça fait un espace entre chaque lettre, et deux entre chaque mots.
2014-08-10T00:35:49 <Letarumavza> Bien exactement le morse se séquence comme ça
2014-08-10T00:36:29 <adriens33> -.  .  ...-  .  .-.    --.  ---  -.  -.  .-    .-..  .  -    -.--  ---  ..-    -..  ---  .--  -.    ...-.-
2014-08-10T00:36:59 <ludvann> On peux pas parler de choses normal à l'heure qu'il est ? :D
2014-08-10T00:37:10 <Letarumavza> -. . ...- . .-. / --. --- -. -. .- / --. .. ...- . / -.-- --- ..- / ..- .--. / ...-.-
2014-08-10T00:37:33 <Letarumavza> en formatage standard
2014-08-10T00:37:42 <Letarumavza> (avec les / pour séparer les mots à l'écrit.
2014-08-10T00:38:16 <adriens33> ok
2014-08-10T00:38:46 <Letarumavza> L4avantage du morse c'est sa discretion.
2014-08-10T00:38:47 * ludvann s'isole un coup
2014-08-10T00:39:18 <adriens33> et la facilité de transmission… la bande passante pour transmettre c'est une putain de fréquence toute seule ^^
2014-08-10T00:39:33 <adriens33> (pis c'est relativement résistant quand même)
2014-08-10T00:39:38 <adriens33> *au bruit
2014-08-10T00:40:16 <adriens33> .--- / .- .. -- . / .-.. . / -- --- .-. ... . ...-.-
2014-08-10T00:41:15 <ludvann> Quel est la différence entre une vache et une tuile ?
2014-08-10T00:41:29 <adriens33> aucune, toutes les deux ont du lait
2014-08-10T00:41:36 <adriens33> (ont du lait → ondulées)
2014-08-10T00:41:49 <ludvann> -_-
2014-08-10T00:41:54 <adriens33> note: cette vanne ne marche pas à paris à cause de la prononciation de lait
2014-08-10T00:42:05 <adriens33> (ça se dit plutot "lè"
2014-08-10T00:42:09 <adriens33> )
2014-08-10T00:42:21 <ludvann> Ô grand maître des blague pourris)
2014-08-10T00:42:26 <Letarumavza> et les tuiles parisiennes sont plates...
2014-08-10T00:42:29 <adriens33> ^^
2014-08-10T00:42:37 <adriens33> font chier ces parisiens… sont même pas droles.
2014-08-10T00:42:44 <ludvann> A paris on prononce les acdents....
2014-08-10T00:42:47 <ludvann> ^^
2014-08-10T00:42:56 <ludvann> x2
2014-08-10T00:43:14 <adriens33> .. / -.. --- -. .----. - / .... .- - . / -.-- --- ..- ...-.-
2014-08-10T00:46:24 <ludvann> xD http://bit.ly/1pjAQtG
2014-08-10T00:48:02 <adriens33> et elle est trop petite pour le moment, mais elle grandit au fur et à mesure… sa transformation est juste progressive c'tout^^
2014-08-10T00:48:20 <ludvann> Ah...
2014-08-10T00:48:22 <ludvann> Ok
2014-08-10T00:48:50 <ludvann> Elle a quand même environ 17 ans...
2014-08-10T00:48:52 <adriens33> d'ailleurs en regardant bien, à la saison 4 (surtout vers la fin) elle est un poil plus grande que les autres ^^ (et sa corne aussi)
2014-08-10T00:49:08 <ludvann> Ah, pzs fait gaffe
2014-08-10T00:49:13 <ludvann> Pas*
2014-08-10T00:49:39 <adriens33> .. / .-.. --- ...- . / -- --- .-. ... . / -.-. --- -.. .
2014-08-10T00:50:28 <ludvann> Stop morse please :)
2014-08-10T00:51:39 <ludvann> Nyah ! http://bit.ly/1yhTmUc
2014-08-10T00:52:05 <adriens33> tiens,  encore du morse, mais pas avec les memes caracs : aaccabaacbbbcaaabaccbbcbbbcabacaaacaccbabacbbbcbaaca
2014-08-10T00:52:28 <ludvann> Osef
2014-08-10T00:55:13 <adriens33> dis donc leta c'est pas tres poli ce que t'as dit en binaire…
2014-08-10T00:55:31 <adriens33> (« vos gueules » et « et allez chier btw » )
2014-08-10T00:55:40 <ludvann> ^^
2014-08-10T00:55:59 <flutterbrony> faudrais que Berry-Punch comprenne ca x)
2014-08-10T00:56:01 <Letarumavza> Il t'a fallu 30min pour t'en rendre compte ^^
2014-08-10T00:56:17 <adriens33> il m'a surtout fallu 30 minutes pour en avoir quelque chose à fouttre XD
2014-08-10T00:56:24 <Letarumavza> ^^
2014-08-10T00:56:37 <adriens33> 0111010001110010011011110111010100100000011001000111010100100000011000110111010101101100
2014-08-10T01:03:21 <adriens33> CPOKPVS NGU JHQV
2014-08-10T01:03:33 <adriens33> DPNNFOU EC YD ?
2014-08-10T01:03:56 <Letarumavza> M'en fout, j'ai des tomates farcies
2014-08-10T01:04:00 <adriens33> ^^
2014-08-10T01:05:13 <ludvann> ^^
2014-08-10T01:05:16 <ludvann> http://cdn.smosh.com/sites/default/files/ftpuploads/bloguploads/0714/parent-texts-boyfriend.jpg
2014-08-10T01:08:54 <ludvann> J'adore avoir deux de tension, ça me permet de ne pas avoir peur d'un screamer lorsque je l'ouvre (même si j'aime pas l'image très souvent (déjà dit ça ?)) ^^
2014-08-10T01:09:30 <Letarumavza> http://4.bp.blogspot.com/-LtpC1MPqjo8/U8uqubHb3qI/AAAAAAAAJFU/BmRlQdIftrs/s1600/10564775_1452004008387751_851194473_n.jpg
2014-08-10T01:09:59 <ludvann> Pour le anne.jpg, la première fois j'ai mis 5 sec à décoincer xD
2014-08-10T01:10:19 <Letarumavza> anne.jpg ?
2014-08-10T01:10:27 <adriens33> Letarumavza: dafuq is that ????
2014-08-10T01:10:31 <Letarumavza> C'est pas la photo du husky avec le contraste au max ?
2014-08-10T01:10:43 <adriens33> (pas le anne.jpg, le lien)
2014-08-10T01:10:53 <Letarumavza> ou c'est l'autre ?
2014-08-10T01:10:54 <ludvann> Nope
2014-08-10T01:11:00 <ludvann> Jeff the killer
2014-08-10T01:12:23 <Letarumavza> http://www.zwani.com/graphics/hello_funny/images/56467.jpg
2014-08-10T01:12:25 <ludvann> Wait, je comprends pas la conversation xD
2014-08-10T01:12:26 <Letarumavza> exact
2014-08-10T01:12:28 *** MaCharon est parti
2014-08-10T01:12:52 <ludvann> Watt ? XD
2014-08-10T01:12:56 <adriens33> putain un bébé avec la tronche de Rowan Atkinson ça fait tellement bizarre XD
2014-08-10T01:13:07 <adriens33> (c'est Mister Bean pour les incultes)
2014-08-10T01:13:20 <Letarumavza> Pour les conaisseurs de lovecraft : http://th07.deviantart.net/fs70/PRE/i/2012/014/4/b/ask_nyarlathotep_pie_by_gaspachiinthelover-d4md0bt.png
2014-08-10T01:14:18 <ludvann> Lovecraft, c'est pzs lui qui a créé Cthulu ?
2014-08-10T01:14:23 <ludvann> Pas*
2014-08-10T01:14:29 <Letarumavza> Si entre autres...
2014-08-10T01:14:53 <ludvann> Ok
2014-08-10T01:15:00 <Letarumavza> C'est aussi un des auteurs les plus importants du 20°.
2014-08-10T01:15:46 <ludvann> Ahokay sur glace
2014-08-10T01:15:56 * ludvann pars en courant
2014-08-10T01:16:09 <Letarumavza> C'est sur son oeuvre qu'est basé le jeu "the secret world"
2014-08-10T01:16:19 <Letarumavza> Et dans une moindre mesure une partie du lore de WoW
2014-08-10T01:16:31 <ludvann> Connait pas le jeu...
2014-08-10T01:16:32 <Letarumavza> (ce qui est lié aux dieux très anciens)
2014-08-10T01:17:07 <Letarumavza> C'est aussi un des seuls occidentaux créateur de monstres à tentacules non-phaliques.
2014-08-10T01:17:18 <ludvann> xD
2014-08-10T01:17:33 <Letarumavza> par opposition à H.R.giger.
2014-08-10T01:17:35 <ludvann> Et asiatique ? :D
2014-08-10T01:19:41 <Letarumavza> Moi j'attend de voir une version de l'oeuvre de lovecraft avec des illustrations de luis royo.
2014-08-10T01:19:58 <Letarumavza> ou de dorian cleavenger.
2014-08-10T01:20:08 <ludvann> Leta' tu crois que c'est une bonne idée d'enfermer mon téléphone dans du papier alu pour que je recoive moins d'ondes ? xD
2014-08-10T01:20:29 * Letarumavza facehoof.
2014-08-10T01:20:45 <ludvann> xD x3
2014-08-10T01:21:18 <ludvann> Quoi ? xD
2014-08-10T01:22:47 <ludvann> Lez combi anti-radioactivité sont pas faîtes en alu ? xD
2014-08-10T01:23:18 <Letarumavza> Nothing to do here !
2014-08-10T01:23:28 * Letarumavza jetpacks out of the chan.
2014-08-10T01:23:37 <ludvann> xD
2014-08-10T01:23:46 <ludvann> Hey reviens !
2014-08-10T01:24:22 <adriens33> ludvann: au contraire, le téléphone percevant moins bien le relais va augmenter sa puissance émettrice
2014-08-10T01:24:30 <adriens33> et comme l'alu va faire cage de faraday
2014-08-10T01:24:39 <adriens33> ben si tu touches tu va tout te prendre ^^
2014-08-10T01:24:45 <ludvann> Faraday ?
2014-08-10T01:24:48 <adriens33> …
2014-08-10T01:24:59 <adriens33> get out of here, ignorant !
2014-08-10T01:25:07 <ludvann> Excuses moi mon ignorance...
2014-08-10T01:25:16 <adriens33> bon, en gros:
2014-08-10T01:25:20 <adriens33> le papier alu fait antenne
2014-08-10T01:25:26 <ludvann> Oui
2014-08-10T01:25:39 <adriens33> en l'occurence, il transforme les ondes émises par le tel en électicité
2014-08-10T01:25:40 <ludvann> Et ?
2014-08-10T01:25:47 <adriens33> et comme le relai reçoit moins bien
2014-08-10T01:25:47 <Letarumavza> ...
2014-08-10T01:25:48 <ludvann> Ah ok
2014-08-10T01:25:51 <adriens33> le tel augmente sa puissance
2014-08-10T01:26:01 <adriens33> leta:  quoi, j'ai dit une connerie ?
2014-08-10T01:26:10 <Letarumavza> ludvann> Faraday ?
2014-08-10T01:26:15 * Letarumavza facehoof
2014-08-10T01:26:19 <adriens33> http://fr.wikipedia.org/wiki/Cage_de_faraday
2014-08-10T01:26:26 <Letarumavza> Il refait la même pour tesla je le kick
2014-08-10T01:26:46 <ludvann> :D
2014-08-10T01:27:07 <ludvann> Keep calm and ....
2014-08-10T01:27:18 <adriens33> mais tant que l'alu est pas relié à la terre, ça fait pas cage de faraday
2014-08-10T01:27:23 <adriens33> donc si tu touyches l'alu
2014-08-10T01:27:29 <Letarumavza> Gzz gzz
2014-08-10T01:27:33 <Letarumavza> (en gros)
2014-08-10T01:27:47 <adriens33> le courant généré par la captation des ondes radio vont passer par tes jolis petits doigts :)
2014-08-10T01:27:58 <Letarumavza> as I said : Gzz gzz
2014-08-10T01:28:03 <adriens33> oui voilà
2014-08-10T01:28:08 <ludvann> Ok :)
2014-08-10T01:28:09 <adriens33> j'avais peur d'avoir sorti une ânerie
2014-08-10T01:28:13 <adriens33> donc en gros: à éviter
2014-08-10T01:28:23 <Letarumavza> donc chataigne + air con + mal de tronche.
2014-08-10T01:28:29 <ludvann> Et c'est du genre puissant ?
2014-08-10T01:28:36 <Letarumavza> Et ça risque de bousiller le système éméteur.
2014-08-10T01:28:47 <adriens33> (c'est d'ailleurs à cause de cet effet d'antenne qu'il est absolument impensable de foutre de l'alu dans un micro ondes, et que c'est pour ça que ça fait de grosses étincelles avant de tout cramer)
2014-08-10T01:29:05 <adriens33> et c'est comme ça que marche l'isolation d'un micro ondes si je ne m'abuse
2014-08-10T01:29:11 <adriens33> (la boite en alu est reliée à la terre
2014-08-10T01:29:12 <adriens33> )
2014-08-10T01:29:12 <ludvann> Emetteur = phone ou le relais ?
2014-08-10T01:29:18 <Letarumavza> adrien => t'essayeras en collant l'alu à la terre.
2014-08-10T01:29:20 <adriens33> ben en l'ocurrence le phone
2014-08-10T01:29:28 <Letarumavza> ça ionise.
2014-08-10T01:29:32 <adriens33> ^^
2014-08-10T01:29:39 <Letarumavza> ludvann, les deux
2014-08-10T01:29:44 <Letarumavza> C'est un protocole de com.
2014-08-10T01:29:46 <ludvann> Ok
2014-08-10T01:30:06 <adriens33> mais là comme le tel se retrouve *dans* la cage de faraday, c'est surtout de lui qu'il faut s'inquiéter ^^
2014-08-10T01:30:16 <ludvann> Merde...
2014-08-10T01:30:25 <adriens33> les ondes radio reçues par le relais créent un courant négligeable à cette distance
2014-08-10T01:30:47 <ludvann> Je pensais ah un sale coup de p*t* à mon meilleur pote xD
2014-08-10T01:30:49 <adriens33> (mais détectable, vu que c'est un peu le principe de la transmission radio…)
2014-08-10T01:31:24 <adriens33> leta: la puissance d'un émetteur radio de tel ça fait combien ? dans le watt non ?
2014-08-10T01:31:30 <adriens33> ou moins ?
2014-08-10T01:31:52 <Letarumavza> Euh...
2014-08-10T01:31:54 <Letarumavza> ça dépend
2014-08-10T01:31:55 <ludvann> MW
2014-08-10T01:32:00 <ludvann> ^^
2014-08-10T01:32:03 <Letarumavza> le 3310 collait 1.75W
2014-08-10T01:32:13 <Letarumavza> Mais il était perma-puissant.
2014-08-10T01:32:23 <adriens33> ben c'est le 3310 quoi XD
2014-08-10T01:32:27 <ludvann> Le nokia 3310 !
2014-08-10T01:32:33 <adriens33> mais 1.75W tu dois le sentir quand même…^^
2014-08-10T01:32:37 <ludvann> :O
2014-08-10T01:33:54 <ludvann> Bon, je pense que le mode avion va me suffire...
2014-08-10T01:34:15 <Letarumavza> la réglementation statue sur 2W max
2014-08-10T01:34:23 <adriens33> oui, ça je sais
2014-08-10T01:34:26 <Letarumavza> (je parle du DAS)
2014-08-10T01:34:34 <ludvann> Ça a voir quelque chose avec le das ?
2014-08-10T01:34:40 <ludvann> (Ou la das)
2014-08-10T01:34:50 <ludvann> Ok
2014-08-10T01:34:53 <adriens33> ben wi, plus l'antenne est puissante, plus tu t'en prends dans la tronche ^
2014-08-10T01:34:53 <Letarumavza> Ceci dit, le samsung galaxy est dans les 0.5W
2014-08-10T01:35:04 <adriens33> c'est en Watt / Kg de masse corporelle
2014-08-10T01:35:27 <Letarumavza> ludvann, fais moi plaisir, quand tu viendras je te collerai la tronche à coté d'une EMP neodyne
2014-08-10T01:35:36 <adriens33> grillage de cerveau :p
2014-08-10T01:35:45 <ludvann> Euh, no thanks :P
2014-08-10T01:35:48 <Letarumavza> non... je pense pas...
2014-08-10T01:35:51 <adriens33> fais gaffe leta, déjà qu'il beug … XD
2014-08-10T01:36:05 <ludvann> Faudra m'attraper d'abord :P
2014-08-10T01:36:12 <Letarumavza> Les EMP sont pas dangeureuses pour les humains
2014-08-10T01:36:17 <adriens33> ^^
2014-08-10T01:36:23 <adriens33> qui te dit que ludvann est humain ?
2014-08-10T01:36:24 <ludvann> Seulement pour les neurones
2014-08-10T01:36:28 <Letarumavza> ça génère simplement un spasme et un mal partout.
2014-08-10T01:36:37 <ludvann> Ouf...
2014-08-10T01:36:45 <adriens33> mais bon tu le sens passer quand même XD
2014-08-10T01:36:49 <Letarumavza> (la douleur étant lié à l'augmentation de température du sang qui monte à 50°C
2014-08-10T01:36:58 <ludvann> :O
2014-08-10T01:37:13 <Letarumavza> Mais bon, c'est seulement une fraction de seconde.
2014-08-10T01:37:16 <Letarumavza> C'est une IEM
2014-08-10T01:37:16 <ludvann> Sans dangers irréversible ?
2014-08-10T01:37:34 <Letarumavza> Chuis technomancien, pas toubib.
2014-08-10T01:37:43 <ludvann> Euh...
2014-08-10T01:37:59 <ludvann> Et aussi physicien
2014-08-10T01:38:00 <adriens33> ben… normalement ça t'assome un peu quoi.
2014-08-10T01:38:05 <adriens33> mais c'est tout ^^
2014-08-10T01:38:06 <ludvann> Et chimiste
2014-08-10T01:38:10 <adriens33> c'est temporaire
2014-08-10T01:38:16 <Letarumavza> Perso j'ai eu du mal à me relever quand je l'ai testé
2014-08-10T01:38:25 <adriens33> ouais ça assomme un peu quoi :p
2014-08-10T01:38:27 <Letarumavza> Il m'a fallu approx 2 min pour récupérer.
2014-08-10T01:38:28 <ludvann> Bah on testeras ça ...,
2014-08-10T01:38:37 <ludvann> (Je le sens mal...)
2014-08-10T01:38:58 <ludvann> À côté d'enola gay ?
2014-08-10T01:39:27 <ludvann> Trololololo
2014-08-10T01:39:36 <ludvann> π π
2014-08-10T01:39:53 <adriens33> ludvann:
2014-08-10T01:39:55 <adriens33> un pc
2014-08-10T01:40:02 <adriens33> ça a une boite en alu pour quoi à ton avis ?
2014-08-10T01:40:09 <adriens33> si c'est relié à la terre ça fait cage de faraday
2014-08-10T01:40:13 <Letarumavza> Pas alu..
2014-08-10T01:40:20 <Letarumavza> Acier au carbone.
2014-08-10T01:40:25 <adriens33> ouais dsl ^^
2014-08-10T01:40:28 <ludvann> Les chocs physique ?
2014-08-10T01:40:31 <Letarumavza> Avec protection anti-iem.
2014-08-10T01:40:32 <adriens33> …
2014-08-10T01:40:42 <ludvann> Ah...
2014-08-10T01:40:44 <Letarumavza> Et alim à purge.
2014-08-10T01:40:47 <adriens33> bordel je t'ai filé le lien pour la cage de faraday,  ne l'as tu donc pas lu ???
2014-08-10T01:40:57 <adriens33> t'es désespérant …
2014-08-10T01:41:04 <ludvann> Si je l'ai lu
2014-08-10T01:41:10 <ludvann> Pourquoi ?
2014-08-10T01:41:12 <adriens33> ben faut croire que tu l'as pas assimillé
2014-08-10T01:41:17 <adriens33> *assimilé
2014-08-10T01:41:29 <ludvann> Électronique + iem ?
2014-08-10T01:41:30 <Letarumavza> à noter que j'utilise mon réseau de chauffage comme dissipateur.
2014-08-10T01:41:40 <ludvann> xD
2014-08-10T01:41:50 <Letarumavza> Ludvann...
2014-08-10T01:41:50 <ludvann> Pas con
2014-08-10T01:41:56 <Letarumavza> Les tubes sont en cuivre...
2014-08-10T01:42:01 <Letarumavza> Avec de l'eau dedans...
2014-08-10T01:42:03 <adriens33> ben… je  sais pas, boite en métal reliée à la terre, tu lui balance une iem dans la gueule ça se dissipe dans le boitié (avec les courants de foucault) et ça barre dans la terre
2014-08-10T01:42:03 <ludvann> Pas de maj :)
2014-08-10T01:42:08 <adriens33> *boitier
2014-08-10T01:42:36 <adriens33> je crois…
2014-08-10T01:42:39 <flutterbrony> bon, j'y vais bonne nuit a tous
2014-08-10T01:42:44 <Letarumavza> Et btw => si tu t'amuses à coller une IEM à coté de mon pc, non seulement ça marchera pas, mais je te conseille de migrer en mongolie.
2014-08-10T01:42:46 <adriens33> bonne nuit flutterbrony
2014-08-10T01:42:47 <ludvann> @+
2014-08-10T01:42:49 <Letarumavza> bn
2014-08-10T01:42:50 <adriens33> ^^
2014-08-10T01:42:55 *** flutterbrony est parti
2014-08-10T01:42:56 <ludvann> xD
2014-08-10T01:43:11 <adriens33> et encore, je pense pas que ça suffise… XD
2014-08-10T01:43:21 <ludvann> Tu me prépare mon passeport leta ?
2014-08-10T01:43:35 <Letarumavza> Parce que tu fais un truc comme ça => en deux jours t'es un sans-papiers originaire du maroc et renvoyé par avion.
2014-08-10T01:44:03 <ludvann> Je sais je sais de quoi tu es capable...
2014-08-10T01:44:16 <adriens33> oh non tu sais pas…
2014-08-10T01:44:18 <Letarumavza> Et ça, c'est un traitement d'ami.
2014-08-10T01:44:21 <ludvann> Et c'est pour ça que le ferais jamais....
2014-08-10T01:44:36 <ludvann> adriens33
2014-08-10T01:44:41 <Letarumavza> Le traitement normal nécéssite vachement plus de détergent...
2014-08-10T01:44:45 <adriens33> XD
2014-08-10T01:44:46 <ludvann> Ok une petite partie
2014-08-10T01:44:53 <ludvann> xD
2014-08-10T01:45:02 <ludvann> Du genre ?
2014-08-10T01:45:21 <Letarumavza> on a chacun nos jeux
2014-08-10T01:45:51 <ludvann> ?
2014-08-10T01:45:52 <Letarumavza> Perso j'aime bien, attacher tête en bas, écorcher les mains et attendre que le mec se vide en collant un goute à goute d'acide acétique sur les plaies.
2014-08-10T01:46:05 <ludvann> Ah...
2014-08-10T01:46:10 <Letarumavza> Et en faisant une trachéo pour virer les cris;
2014-08-10T01:46:22 <adriens33> (acide acétique=ce qu'il y a dans le vinaigre)
2014-08-10T01:46:32 <adriens33> (donc ben… ça pique un peu quoi XD)
2014-08-10T01:46:40 <ludvann> Trachéos = trou avant les cordes vocales ?
2014-08-10T01:46:43 <Letarumavza> adriens33, j'utilise un distillat de vinaigre d'alcol.
2014-08-10T01:46:50 <adriens33> ben… trou dans la trachée
2014-08-10T01:46:54 <adriens33> donc oui généralement
2014-08-10T01:46:58 <Letarumavza> Facile à obtenir.
2014-08-10T01:47:04 <adriens33> oki
2014-08-10T01:47:09 <adriens33> bon à savoir ^^
2014-08-10T01:47:13 <ludvann> De quoi ? Le trou ?
2014-08-10T01:47:17 <ludvann> xD
2014-08-10T01:47:19 <adriens33> non, l'autre truc
2014-08-10T01:47:25 <ludvann> Ah :(
2014-08-10T01:47:28 <Letarumavza> Bah tu prends du vinaigre d'alcool, une cafetière, et tu passes plusieurs fois
2014-08-10T01:47:28 <Berry-Punch> Qu'est-ce que j'ai soif… *hic* 
2014-08-10T01:47:34 <adriens33> XD
2014-08-10T01:47:41 <ludvann> xD
2014-08-10T01:47:44 <Letarumavza> Quand avec un litre tu as atteint 20cl c'est bon, c'est assez concentré.
2014-08-10T01:47:54 <ludvann> ...
2014-08-10T01:47:58 <ludvann> J'ai peur
2014-08-10T01:48:00 <Letarumavza> En goute à goute sur les yeux c'est très éfficace pour les mots de passe.
2014-08-10T01:48:21 <ludvann> C'est du vécu ?
2014-08-10T01:48:30 <ludvann> (Pas toi qui as subi)
2014-08-10T01:48:41 <Letarumavza> sinon y'a assez drole, tu fais des sillons avec une lame sur le dos de ta cible, et tu passes un coton imbibé dessus.
2014-08-10T01:48:43 <ludvann> (Toi qui a le compte goutte)
2014-08-10T01:48:49 <Letarumavza> généralement le mec craque très très vite.
2014-08-10T01:49:15 <ludvann> Avant même le coton ?
2014-08-10T01:49:16 <Letarumavza> Après si t'es joueur, tu colles une batterie de camion, la phase sur le mec, le neutre dans le coton.
2014-08-10T01:49:28 <ludvann> xD
2014-08-10T01:49:35 <Letarumavza> Le plus drole c'est de continuer après que le mec ait craqué.
2014-08-10T01:49:42 <Letarumavza> T'apprends plein de choses.
2014-08-10T01:49:49 <ludvann> ...
2014-08-10T01:50:04 <ludvann> Tu fais (presque) peur xD
2014-08-10T01:50:20 <Letarumavza> Ne t'inquiètes pas, j'ai jamais fait ça.
2014-08-10T01:50:24 <ludvann> Et tu apprends quoi ?
2014-08-10T01:50:30 <ludvann> Mouais ...
2014-08-10T01:51:00 <ludvann> Je crois que le 17 je pars en vacances malheuresement....
2014-08-10T01:51:24 <ludvann> De 8h à 22h
2014-08-10T01:51:46 <adriens33> tiens, comme par hasard juste pendant l'anniv des 1 ans de bronycub… comcébizar…
2014-08-10T01:51:49 <ludvann> ;)
2014-08-10T01:52:02 <ludvann> Et c'est chez qui ?
2014-08-10T01:52:08 <adriens33> ben chez leta…
2014-08-10T01:52:24 <ludvann> Ah ben on par e veille !
2014-08-10T01:52:29 <ludvann> La*
2014-08-10T01:53:02 <ludvann> (Pas le coton !!!!!)
2014-08-10T01:54:47 <ludvann> (Pour ceux qui aurait pas compris, je rigolais, je pars pas et je serais normalement là le 17)
2014-08-10T01:56:40 <ludvann> Avec un ami, hier on a découvert les joie de mettre un briquet dans un feu... :D
2014-08-10T01:56:53 <Letarumavza> Vous êtes cons.
2014-08-10T01:57:01 <adriens33> bah forcément, mettre une réserve de butane dans le feu…
2014-08-10T01:57:03 <adriens33> ça pète.
2014-08-10T01:57:12 <ludvann> Oui :D
2014-08-10T01:57:16 <Letarumavza> <Letarumavza> Vous êtes cons.
2014-08-10T01:57:18 <adriens33> (oui, c'est du butane dans les briquets en plastique que t'achete au supermarché)
2014-08-10T01:57:25 <ludvann> Too much fun  :D
2014-08-10T01:57:33 <Letarumavza> ...
2014-08-10T01:57:35 <adriens33> (ça se liquéfie à 0°C donc c'est pas dur à pressuriser pour garder liquide)
2014-08-10T01:57:47 <ludvann> Eeyup
2014-08-10T01:58:23 <Letarumavza> 3000hPa si je me rapelle bien.
2014-08-10T01:58:35 <ludvann> Dans les briquets ?
2014-08-10T01:58:38 <adriens33> ouais, c'est pas énorme
2014-08-10T01:58:57 <ludvann> Mais la pression monte avec la chaleur ?
2014-08-10T01:59:08 <adriens33> en fait
2014-08-10T01:59:11 <adriens33> pour liquéfier un gaz
2014-08-10T01:59:13 <adriens33> t'as deux méthodes
2014-08-10T01:59:18 <adriens33> (le but étant de rapprocher les molécules)
2014-08-10T01:59:29 <Letarumavza> refroidissement et compression.
2014-08-10T01:59:32 <adriens33> 1) tu le refroidis → moins d'agitation thermique donc ça se liquéfie)
2014-08-10T01:59:59 <adriens33> 2) tu le pressurises → tu rapproches les molécules "mécaniquement" donc il se liquéfie et reste liquide tant qu'il reste sous la même pression)
2014-08-10T02:00:21 <ludvann> Yes and ? :)
2014-08-10T02:00:31 <adriens33> ce qui permet d'avoir du butane liquide à température ambiante sans trop de difficulté
2014-08-10T02:00:42 <ludvann> Oui et ?
2014-08-10T02:00:47 <adriens33> ben quoi et ?
2014-08-10T02:00:55 <Letarumavza> 300kPa étant grosso modo trois fois la pression standard.
2014-08-10T02:01:35 <ludvann> Pourquoi tu me le dit adriens33 ? :)
2014-08-10T02:01:51 <adriens33> …
2014-08-10T02:01:54 <adriens33> laisse tomber…
2014-08-10T02:02:15 <Letarumavza> T'as un différentiel de 200kPa sur l'enceinte aka => 1kN.m²
2014-08-10T02:02:24 <Letarumavza> 2kN.m² *
2014-08-10T02:02:36 <ludvann> Je savais commment on liquifie un gaz...
2014-08-10T02:03:03 <ludvann> (Je sais quand même des choses ^^ )
2014-08-10T02:03:09 <adriens33> ben ça va,  dis que je suis gâteux trou du cul !
2014-08-10T02:03:19 <ludvann> Mais non :D
2014-08-10T02:03:23 <adriens33> non mais il m'les brise lui…
2014-08-10T02:03:34 <ludvann> ...
2014-08-10T02:03:48 <Letarumavza> Là on t'expliquait pourquoi ça explose relativement violement comparativement au point éclair et de propagation de la solution butane//O2
2014-08-10T02:04:01 <adriens33> non mais laisse, il a envie de rester con c'est son droit…
2014-08-10T02:04:21 <ludvann> Oh putain ta gueule !
2014-08-10T02:04:23 *** ludvann est parti
2014-08-10T02:04:35 <adriens33> ok…
2014-08-10T02:04:36 <Letarumavza> C4H10+O2 => CO2 + H2O + energie (équation non stockiométrique)
2014-08-10T02:05:02 <adriens33> bordel  de merde j'avais pas vu l'heure --"
2014-08-10T02:05:06 <Letarumavza> oxidation rapide.
2014-08-10T02:05:15 <Letarumavza> oxydation*
2014-08-10T02:05:22 <Letarumavza> doute...
2014-08-10T02:06:09 <Letarumavza> D'ailleurs, pourquoi C4H10 et pas CH4 ?
2014-08-10T02:06:36 <adriens33> hmm… va liquéfier du méthane dans une enveloppe en plastique XD
2014-08-10T02:06:56 <Letarumavza> Certes, mais son rendu énergétique est bien plus haut.
2014-08-10T02:07:08 <Letarumavza> (approx 25%)
2014-08-10T02:07:12 <adriens33> ouais mais en pratique tu peux pas utiliser ça dans un briquet grand public…
2014-08-10T02:07:34 <Letarumavza> Les zippo tournent à l'éthanol non ?
2014-08-10T02:07:46 <adriens33> ouipe
2014-08-10T02:08:02 <Letarumavza> CH3-CH2-OH
2014-08-10T02:08:20 <Letarumavza> oxydation stable, dégagement énergétique plus faible.
2014-08-10T02:08:27 <Letarumavza> Mais faible consomation d'O2
2014-08-10T02:08:39 <Letarumavza> (comparativement aux deux autres)
2014-08-10T02:09:10 <adriens33> ouais 'fin déjà rien qu'à -86°C faut 40 000hPa pour liquéfier du méthane…
2014-08-10T02:09:12 <Letarumavza> vu qu'en réaction il se simplifie à C2H4
2014-08-10T02:09:21 *** ludvann s'est connecté
2014-08-10T02:09:23 <adriens33> alors à température ambiante,  dans une enveloppe en plastique…
2014-08-10T02:09:24 <adriens33> XD
2014-08-10T02:09:27 <ludvann> Bonne nuit
2014-08-10T02:09:28 *** ludvann est parti
2014-08-10T02:09:31 <Letarumavza> yep, violent
2014-08-10T02:09:54 <Letarumavza> D'un autre coté, le métane est très rentable en énergie et facile à produire.
2014-08-10T02:10:03 * adriens33 prout *
2014-08-10T02:10:33 <Letarumavza> On peut imaginer une récolte des gaz au niveau du sol dans les élevages d'herbivores.
2014-08-10T02:10:41 <Letarumavza> +compost
2014-08-10T02:11:08 <Letarumavza> Et dans ce cas, on utilise un produit considéré comme déchet&danger à l'heure actuelle.
2014-08-10T02:11:31 <Letarumavza> (un peu comme le pétrole dans les années 1880)
2014-08-10T02:16:05 <Letarumavza> D'ailleurs, en y réfléchissant.
2014-08-10T02:16:31 <Letarumavza> On peut transformer l'ethanol en plastiques, c'est certes relativement complexe comme procédé mais c'est possible...
2014-08-10T02:34:37 <adriens33> bon, gigot
2014-08-10T02:34:39 <adriens33> bonne nuit :)
2014-08-10T02:34:44 <adriens33> (si jamais tu dors… ^^)
2014-08-10T02:34:45 *** adriens33 est parti
2014-08-10T02:34:46 <Letarumavza> ++
2014-08-10T08:31:18 *** Bybeez s'est connecté
2014-08-10T08:31:24 <Bybeez> Yo
2014-08-10T08:48:01 *** Bybeez est parti
2014-08-10T09:18:49 <Berry-Punch> Voilà ce qu'il s'est passé ces *hic* 10 dernières lignes, adriens33
2014-08-10T09:18:51 *** adriens33 s'est connecté
2014-08-10T09:57:57 <Letarumavza> re
2014-08-10T09:58:08 <adriens33> hellow
2014-08-10T10:25:46 *** TrappyTickles s'est connecté
2014-08-10T11:06:13 *** ValCab33 s'est connecté
2014-08-10T11:06:38 <ValCab33> Hello
2014-08-10T11:22:02 <TrappyTickles> oi
2014-08-10T11:54:55 <Letarumavza> woot ?
2014-08-10T11:55:19 <adriens33> qué ?
2014-08-10T12:01:56 <TrappyTickles> wat?
2014-08-10T12:13:05 <TrappyTickles> OMG les poneys!!!!!
2014-08-10T12:13:20 <TrappyTickles> je viens de croiser un brony bordelais qu'on connait pas sur LoE!!!!!!!!!
2014-08-10T12:13:38 <TrappyTickles> Je lui ai parlé du site, il va peut être venir ^^
2014-08-10T12:26:58 *** Gordfang s'est connecté
2014-08-10T12:30:42 <Gordfang> lut
2014-08-10T12:30:46 <adriens33> salut
2014-08-10T12:41:40 <TrappyTickles> oi
2014-08-10T13:16:28 *** MaCharon s'est connecté
2014-08-10T13:16:37 <MaCharon> slt
2014-08-10T13:21:09 <TrappyTickles> oi
2014-08-10T13:27:26 <TrappyTickles> Achievement completed: finding GoFish in LoE o/
2014-08-10T13:36:02 *** ValCab33 est parti
2014-08-10T14:34:32 *** Ambrocidus s'est connecté
2014-08-10T14:34:41 *** Ambrocidus est parti
2014-08-10T15:27:23 *** Bybeez s'est connecté
2014-08-10T15:27:33 <Bybeez> Yo bande de patates !
2014-08-10T15:29:28 <adriens33> salut la patate !
2014-08-10T15:29:28 <adriens33> purée mais t'as la frite toi aujourd'hui !
2014-08-10T15:30:36 <Bybeez> XD
2014-08-10T16:23:38 *** Eclipse2212 s'est connecté
2014-08-10T16:23:44 <Eclipse2212> Hay
2014-08-10T16:23:50 <adriens33> salut
2014-08-10T16:24:05 <Eclipse2212> cha va?
2014-08-10T16:24:12 <adriens33> ouaip, ça peut aller
2014-08-10T18:19:08 *** adriens33 est parti
2014-08-10T18:25:52 <Bybeez> labba94.deviantart.com/art/The-Secret-Truth-470467218
2014-08-10T19:35:13 <Bybeez> solvant pour nettoyer une tête d'impression ? ça dit quelque chose à quelqu'un ?
2014-08-10T19:46:42 <Berry-Punch> Voilà *hic* ce qu'il s'est passé ces 10 dernières lignes, adriens33
2014-08-10T19:46:43 *** adriens33 s'est connecté
2014-08-10T19:49:59 *** Eclipse2212 est parti
2014-08-10T19:54:21 <Bybeez> solvant pour nettoyer une tête d'impression ? ça dit quelque chose à quelqu'un ?
2014-08-10T20:28:02 *** ludvann s'est connecté
2014-08-10T20:28:13 <ludvann> salut
2014-08-10T20:32:01 <ludvann> @+
2014-08-10T20:32:05 *** ludvann est parti
2014-08-10T20:48:40 *** ValCab33 s'est connecté
2014-08-10T20:48:50 <ValCab33> Hi
2014-08-10T20:49:54 <Bybeez> Hi !
2014-08-10T21:25:34 *** adriens33 est parti
2014-08-10T21:48:27 *** ValCab33 est parti
2014-08-10T22:00:18 <Berry-Punch> Voilà ce *hic* qu'il s'est passé ces 10 dernières lignes, adriens33
2014-08-10T22:00:20 *** adriens33 s'est connecté
2014-08-10T22:41:22 *** ValCab33 s'est connecté
2014-08-10T22:51:21 *** ValCab33 est parti
2014-08-10T22:58:43 *** ValCab33 s'est connecté
2014-08-10T23:04:29 <Bybeez> Alors, les gens quoi de neuf ?
2014-08-10T23:09:46 *** ludvann s'est connecté
2014-08-10T23:09:49 *** ludvannn s'est connecté
2014-08-10T23:19:41 <Bybeez> Lud !
2014-08-10T23:19:46 <Bybeez> Comment ça va !
2014-08-10T23:20:53 <Bybeez> ludvann ou ludvannn ?
2014-08-10T23:21:04 <Bybeez> ça devient compliqué
2014-08-10T23:22:40 *** Eclipse2212 s'est connecté
2014-08-10T23:22:49 <Eclipse2212> hay!
2014-08-10T23:25:13 <Bybeez> Hey ! Quelqu'un de vivant !
2014-08-10T23:29:42 <Bybeez> Bon bah, puisque que tout le monde semble être absent, je vous abandonne ! Bande de méchant !
2014-08-10T23:29:50 *** Bybeez est parti
2014-08-10T23:35:36 <Letarumavza> re
2014-08-10T23:39:12 *** ludvann est parti
2014-08-10T23:39:20 *** ludvann s'est connecté
2014-08-10T23:42:27 *** TrappyTickles est parti
2014-08-10T23:43:32 *** ludvannn est parti
