2014-09-11T11:58:36 <Berry-Punch> Salut tout le monde ! *hic* 
2014-09-11T11:58:36 *** Berry-Punch s'est connecté
2014-09-11T11:58:42 <ELiDYROS> Tu as déjà fait cette blague
2014-09-11T11:58:47 <heuzef> Ha merde X)
2014-09-11T11:59:03 <heuzef> Ha ba voila Berry :P
2014-09-11T11:59:06 <wildfier> yay berry est de retour !
2014-09-11T11:59:14 <heuzef> C'est qu'elle nous à bien manqué ^^
2014-09-11T11:59:18 <wildfier> salut ELiDYROS
2014-09-11T11:59:33 <TrappyTickles> thunderbird est lourd
2014-09-11T11:59:37 <Berry-Punch> Voilà ce qu'il s'est passé *hic* ces 10 dernières lignes, adriens33
2014-09-11T11:59:39 *** adriens33 s'est connecté
2014-09-11T12:00:02 <heuzef> Mon pti doit me dis que wildfier à été reveiller un adriens33  sauvage ^^
2014-09-11T12:00:08 <heuzef> doigt*
2014-09-11T12:00:20 <ELiDYROS> dit*
2014-09-11T12:00:23 <ELiDYROS> a*
2014-09-11T12:00:26 <ELiDYROS> réveillé *
2014-09-11T12:00:30 * Berry-Punch lance un muffin sur ELiDYROS à 1853 km/h
2014-09-11T12:00:30 <Berry-Punch> MUFFIN RAINBOOM !! *hic* 
2014-09-11T12:00:30 <heuzef> !muffin ELiDYROS
2014-09-11T12:00:33 <heuzef> HA ! :D
2014-09-11T12:01:12 <heuzef> ça fait du bien de lancer des muffins de bon matin sur les grammars nazi
2014-09-11T12:01:22 <adriens33> plop
2014-09-11T12:01:26 <adriens33> merci pircbot
2014-09-11T12:01:32 <adriens33> et les connards qui s'en servent pour spammer
2014-09-11T12:01:40 <heuzef> Ha :/
2014-09-11T12:01:42 <adriens33> comme c'est ce qui est utilisé par mineirc
2014-09-11T12:01:52 <adriens33> (la passerelle irc - minecraft)
2014-09-11T12:01:59 <adriens33> mon serv s'était fait bannir par sécurité…
2014-09-11T12:02:12 <heuzef> rien de méchant donc
2014-09-11T12:02:14 <adriens33> heureusement les gars de freenode sont sympas^^
2014-09-11T12:02:20 <Berry-Punch> Flags de wildfier modifiés *hic* : +v
2014-09-11T12:02:20 <adriens33> !voice wildfier
2014-09-11T12:02:22 <Berry-Punch> Flags de heuzef modifiés : +v *hic* 
2014-09-11T12:02:23 <adriens33> !voice heuzef
2014-09-11T12:02:23 <heuzef> :)
2014-09-11T12:02:27 <Berry-Punch> Flags de ELiDYROS modifiés : *hic* +v
2014-09-11T12:02:27 <adriens33> !voice ELiDYROS
2014-09-11T12:02:31 <Berry-Punch> Flags de adriens333 *hic* modifiés : -o
2014-09-11T12:02:31 <adriens33> !deop adriens333
2014-09-11T12:02:37 <Berry-Punch> Flags de adriens33 modifiés : *hic* -o
2014-09-11T12:02:37 <adriens33> !deop adriens33
2014-09-11T12:02:41 <Berry-Punch> Flags de TrappyTickles modifiés : *hic* +v
2014-09-11T12:02:41 <heuzef> !voice TrappyTickles
2014-09-11T12:02:59 <heuzef> Tiens en parlant de MC
2014-09-11T12:03:12 <adriens33> voui ?
2014-09-11T12:03:39 <heuzef> kro$oft qui se rapproche de son plan machivelique de racheter Mojhang pour 2 M
2014-09-11T12:03:42 <adriens33> oui
2014-09-11T12:03:44 <heuzef> Pas glop :(
2014-09-11T12:03:46 <adriens33> j'ai vu…
2014-09-11T12:04:01 <adriens33> c'est pire que pas glop
2014-09-11T12:04:05 <adriens33> imagine minecraft en C#…
2014-09-11T12:04:06 <heuzef> ça pue ouais
2014-09-11T12:04:11 <adriens33> déjà qu'en java c'pas toip…
2014-09-11T12:04:11 <ELiDYROS> U mad?
2014-09-11T12:04:11 <heuzef> brrr :s
2014-09-11T12:04:19 <adriens33> et pis ça tournera que sous windows et xbox one…
2014-09-11T12:04:22 <adriens33> yay…
2014-09-11T12:04:52 <adriens33> et l'api de communication client serveur va sans doute devenir obscure et privée pour éviter les serveurs libres genre bukkit…→
2014-09-11T12:05:17 <heuzef> En gros il va y avoir un Minecraft 2 dont personne ne voudra
2014-09-11T12:05:23 <adriens33> vouaip
2014-09-11T12:05:27 <heuzef> Sans mod, juste des windows update dessus qui pue la merde
2014-09-11T12:05:28 <adriens33> sauf les m$t-fanboys :p
2014-09-11T12:09:32 <heuzef> Je filoche bon ap
2014-09-11T12:09:41 <heuzef> ...
2014-09-11T12:09:43 <heuzef> manger ?
2014-09-11T12:09:46 <heuzef> berry ?
2014-09-11T12:09:46 <Berry-Punch> heuzef: Qu'est-ce *hic* qu'il y a ?
2014-09-11T12:09:51 <heuzef> Je vais manger
2014-09-11T12:09:51 <Berry-Punch> Bon *hic* appétit, heuzef :D
2014-09-11T12:09:54 <heuzef> Ha
2014-09-11T12:09:55 <heuzef> :D
2014-09-11T12:10:17 *** heuzef est parti
2014-09-11T12:12:07 <TrappyTickles> je vais manger aussi :p
2014-09-11T12:12:07 <Berry-Punch> Bon appétit, TrappyTickles :D *hic* 
2014-09-11T12:16:34 <ELiDYROS> C'est dommage, personne n'avait réagit lorsque Sega a racheté Atlus, ou que Square-Enix a racheté Eidos.
2014-09-11T12:16:47 <adriens33> hmm ?
2014-09-11T12:17:17 <ELiDYROS> Vous parliez de rachat
2014-09-11T12:17:40 <adriens33> bah c'est surtout que vu le passif de microsoft concernant le rachat de sociétés
2014-09-11T12:17:45 <adriens33> et surtout sa méthode de fonctionnement…
2014-09-11T12:17:50 <adriens33> ça fait un peu peur quoi :p
2014-09-11T12:18:45 <ELiDYROS> Pour l'exemple, Sega a dit clairement qu'ils en avaient rien à foutre du marche occidental, et viser essentiellement le marché du téléphone, au Japon. Ça peut faire peur aussi pour la localisation des jeux Atlus dans l'avenir
2014-09-11T12:19:17 <ELiDYROS> Les rachats par des boites pas forcément top c'est un truc courant malheureusement
2014-09-11T12:21:58 <ELiDYROS> Microsoft rachète en général pour tuer les licences qui leur font de l'ombre
2014-09-11T12:22:14 <adriens33> voui, c'est un peu ce qui me fait peur en fait… ^^^
2014-09-11T12:22:34 <ELiDYROS> Note : ils ont tenté de racheter Nintendo il y a quelques années
2014-09-11T12:24:20 <ELiDYROS> J'ai du mal à imaginer ce qu'ils auraient fait d'une boite qui a inventé ce qu'est le jeu vidéo moderne
2014-09-11T12:28:25 <ELiDYROS> Après je dois avouer que pour ma part ça ne me touche pas personnellement, je joue pas à Minecraft, et personne dans mon entourage y joue
2014-09-11T12:40:57 <ELiDYROS> tiens y a un modèle d'iPhone 6 à 1149$
2014-09-11T12:41:42 <adriens33> lol...
2014-09-11T12:41:55 <adriens33> $200 à produire, $1000 vendus…
2014-09-11T12:41:59 <adriens33> paye ta marge d'enculé…
2014-09-11T12:42:41 <ELiDYROS> Je ne suis pas sûr que ce soit réellement ça le problème, c'est du business moche c'est certain, mais le soucis c'est que ça se vendra
2014-09-11T12:42:51 <adriens33> bah comme tout ce que fait apple…
2014-09-11T12:43:11 <adriens33> même si c'est inutile au possible ils arrivent à donner envie aux gens d'en avoir…
2014-09-11T12:43:54 *** Ikledoreboline s'est connecté
2014-09-11T12:43:56 <ELiDYROS> Ils font que produire ce que la masse demande
2014-09-11T12:44:04 <wildfier> bienvenu dans le monde merveilleux *tousse**tousse* du marketing !
2014-09-11T12:44:13 <adriens33> ELi: hmm… j'en doute très fort.
2014-09-11T12:44:14 <Ikledoreboline> Top déjà là bande de cancre ? ^^
2014-09-11T12:44:21 <wildfier> (même en étant sarcastique je me sens salit d'avoir dis ça ...)
2014-09-11T12:44:24 <adriens33> je doute que la masse demande des trucs inutilisables avec autre chose que du apple...
2014-09-11T12:44:35 <wildfier> salut Ikledoreboline
2014-09-11T12:44:42 <adriens33> ou des trucs qui t'interdisent d'installer ce que tu veux sans craquer le bouzin
2014-09-11T12:44:45 <ELiDYROS> Les gens friqués aiment se vanter d'avoir des objets chers
2014-09-11T12:44:46 <adriens33> hello Ikledoreboline
2014-09-11T12:45:20 <adriens33> ben z'on qu'à s'acheter des sextoys en or pur, ça fera pareil
2014-09-11T12:45:20 <ELiDYROS> Et malheureusement la majorité ne sait pas se servir des smartphones, hormi les sms, facebook et de quoi prendre des selphies
2014-09-11T12:47:26 *** Ikledoreboline est parti
2014-09-11T12:47:43 <ELiDYROS> Certains se disent qu'aujourd'hui c'est la classe d'avoir un tel à 1000$, une montre en or ou de rouler en Mercedes
2014-09-11T12:48:36 <ELiDYROS> Et c'est une preuve sociale que t'as "réussi"
2014-09-11T12:50:45 *** Silou s'est connecté
2014-09-11T12:53:16 <ELiDYROS> Je me pose une question, y a bien des filles dans le collectif ?
2014-09-11T13:04:06 <ELiDYROS> lol Tant pis, en 5 minutes d'un coup plus persone
2014-09-11T13:07:20 <Silou> ALERTE : une journaliste de NRJ 12 du nom de "Amélie Cast" essaye de contacter des bronies pour nous faire passer dans une émission du type "tellement vrai". Il ne faut en aucun cas accepter sa demande. Elle essaye de contacter plusieurs bronies par mail ou par facebook. Si vous êtes contacté ignorez la ou refusez sa proposition, et informez les gens
2014-09-11T13:08:00 <ELiDYROS> Une personne normalement constituée devrait tiqué en lisant "NRJ12" non ?
2014-09-11T13:09:12 <wildfier> et tellement vrai aussi
2014-09-11T13:09:30 <wildfier> je me souviens du super reportage sur le hellfest 2013 qu'on avait eu sur m6 XD
2014-09-11T13:10:03 <ELiDYROS> ça me fait penser qu'un pote veut que j'aille voir In Flames avec lui, et je sais pas quoi lui répondre
2014-09-11T13:14:56 <wildfier> connais pas
2014-09-11T13:15:05 <wildfier> c'est un groupe ou un festival ?
2014-09-11T13:15:11 <ELiDYROS> un groupe
2014-09-11T13:15:31 <ELiDYROS> ça ressemble à du metal sympho
2014-09-11T13:15:44 <ELiDYROS> sauf que j'ai arrêté d'écouter du métal y a genre 10 ans
2014-09-11T13:15:49 <ELiDYROS> sauf deux ou trois groupes
2014-09-11T13:17:25 <wildfier> ^^
2014-09-11T13:17:34 <wildfier> je vais écouter pour voir
2014-09-11T13:17:47 <ELiDYROS> Disons que je trouve ça pas mal générique
2014-09-11T13:18:52 <ELiDYROS> Je sais juste que c'est hyper populaire
2014-09-11T13:18:59 <wildfier> ça à l'air sympa
2014-09-11T13:19:21 <ELiDYROS> Bah j'ai regardé un live de 2h hier, et je me suis emmerdé malheureusement
2014-09-11T13:19:34 <ELiDYROS> Et ça m'embete de laisser mon pote aller au concert seul
2014-09-11T13:20:21 <wildfier> tiens ils sont pas dans la bibliothèque d'epicrockradio
2014-09-11T13:21:40 <wildfier> faut que j'en écoute plus pour me faire un avis mais ouais c'est un poil fade quand même
2014-09-11T13:22:21 <ELiDYROS> C'est malheureusement mon constat sur le métal d'aujourd'hui
2014-09-11T13:22:30 <ELiDYROS> Et la raison pour laquelle j'en écoute quasi plus
2014-09-11T13:22:52 *** heuzef s'est connecté
2014-09-11T13:22:52 <wildfier> bas c'est suffisament large comme style pour avoir de tout dedans
2014-09-11T13:23:01 <wildfier> du bon comme du mauvais :)
2014-09-11T13:23:10 <ELiDYROS> Encore heureux
2014-09-11T13:23:31 <wildfier> perso je suis fan des 2 derniers albums de smyphony x par exemple
2014-09-11T13:23:57 <ELiDYROS> Symphony X j'ai découvert avec Odyssey quelque chose
2014-09-11T13:24:12 <wildfier> yep, c'était l'album avant
2014-09-11T13:24:24 <wildfier> j'aime bcp moins la période avant les 2 derniers albums
2014-09-11T13:24:33 <wildfier> moins mon truc
2014-09-11T13:24:37 <ELiDYROS> J'aimais bien moi
2014-09-11T13:24:42 <wildfier> ^^
2014-09-11T13:25:10 <wildfier> après j'ai pas encore bcp creusé donc j'ai ptet raté des trucs que j'aimerais
2014-09-11T13:27:27 <ELiDYROS> Disons qu'Odyssey était cool car c'était un album entier sur un seul thème
2014-09-11T13:27:40 <ELiDYROS> Les autres y a des bonnes et des mauvaises chansons
2014-09-11T13:28:36 <wildfier> après je pense que mon groupe préféré maintenant c'est Dream Theater
2014-09-11T13:28:48 <wildfier> toute leur discographie est géniale à mes yeux ^^
2014-09-11T13:29:06 <ELiDYROS> Pour ce groupe je préfère surtout les vieux albums
2014-09-11T13:29:43 <wildfier> bon, je vais manger
2014-09-11T13:29:43 <Berry-Punch> Bon appétit, wildfier :D *hic* 
2014-09-11T13:29:53 <ELiDYROS> Après faut savoir que j'ai du mal avec les guitar héroes et le coté "solo" à l'infini pendant un quart d'heure
2014-09-11T13:30:43 <wildfier-afk> bas c'est ce que j'aime moi ^^ je suis assez fan des solos virtuoses
2014-09-11T13:31:00 <wildfier-afk> mais pas dans le sens pure démonstration de technique
2014-09-11T13:31:02 *** heuzef est parti
2014-09-11T13:31:17 <wildfier-afk> mais dans le sens feeling de fou quand tu l'écoute
2014-09-11T13:31:30 <wildfier-afk> genre les solos de mathias jabs de scorpions
2014-09-11T13:31:37 <wildfier-afk> juste dingue
2014-09-11T13:31:42 <wildfier-afk> anyway, je re ^^
2014-09-11T13:33:48 *** heuzef s'est connecté
2014-09-11T13:37:17 <ELiDYROS> C'est juste que parfois j'ai l'impression que c'est une tentative de démontrer qui a la plus grosse. lol
2014-09-11T13:38:02 <wildfier-afk> XD
2014-09-11T13:38:28 <wildfier-afk> genre dans du dragonforce ^^ (ça parle mal ...)
2014-09-11T13:38:46 <ELiDYROS> J'ai du en entendre une fois
2014-09-11T13:38:54 <ELiDYROS> Si je m'en rappelle pas c'est que ça n'a pas du me marquer
2014-09-11T13:39:14 <wildfier-afk> bas c'est qu'il s'amuse à faire des trucs bizarres avec ça gratte
2014-09-11T13:39:30 <wildfier-afk> genre des sonorités / bruitage de jv
2014-09-11T13:39:55 <ELiDYROS> Le plus bizarre que j'ai pu entendre ou voir c'est Steve Vai
2014-09-11T13:39:55 <wildfier-afk> du coup c'est un peu du technique pour du technique avec des truc assez étrange dedans
2014-09-11T13:40:06 <wildfier-afk> pas trop de feeling, du coup j'aime pas trop
2014-09-11T13:40:18 <wildfier-afk> ^^, yep mais c'est bien pire que vai
2014-09-11T13:40:34 <wildfier-afk> je suis pas trop fan non plus de vai, satriani et compagnie
2014-09-11T13:40:54 <wildfier-afk> par contre j'aime bien rondat
2014-09-11T13:41:18 <ELiDYROS> ok
2014-09-11T13:42:19 <wildfier-afk> mais si tu veux du bizarre faut tapper du côté de Yngwie Malmstein (oui je suis aller vérifier l'orthographe ^^)
2014-09-11T13:42:51 <ELiDYROS> Malmsteen je connais
2014-09-11T13:43:00 <ELiDYROS> C'est un peu le père du métal sympho il me semble
2014-09-11T13:43:16 <ELiDYROS> Enfin du moins un des premiers qui a utilisé la musique classique
2014-09-11T13:43:22 <ELiDYROS> Façon métal
2014-09-11T13:43:29 <ELiDYROS> J'avais un prof de guitare qui en était fan ^^
2014-09-11T13:43:39 <wildfier-afk> plus du néoclassique alors
2014-09-11T13:43:47 <ELiDYROS> Oui voilà
2014-09-11T13:43:48 <wildfier-afk> possible j'ai pas trop creusé le personnage
2014-09-11T13:43:57 <wildfier-afk> je le connais plus pour son wtf sur sa gratte
2014-09-11T13:44:22 *** heuzef est parti
2014-09-11T13:50:13 *** MaCharon s'est connecté
2014-09-11T13:54:29 *** Trappy_Tickles s'est connecté
2014-09-11T13:57:56 <ELiDYROS> Bon la question à 10 000$. Comme vais-je trouver un travail avec le look que j'ai.
2014-09-11T13:57:57 *** TrappyTickles est parti
2014-09-11T14:04:13 <wildfier> j'ai un peu le même problème ^^ tu cherches dans quoi ?
2014-09-11T14:04:22 <ELiDYROS> Rien de spécial
2014-09-11T14:04:27 <ELiDYROS> Je prendrai n'improte quoi
2014-09-11T14:04:52 <ELiDYROS> Parce que dans l'immédiat je vais devoir revenir chez ma mère et vendre tout ce que j'ai
2014-09-11T14:08:22 <wildfier> et t'as quoi comme diplômes ?
2014-09-11T14:08:27 <ELiDYROS> lol
2014-09-11T14:08:41 <ELiDYROS> Là est le problème
2014-09-11T14:08:57 <wildfier> aie ^^
2014-09-11T14:09:26 <ELiDYROS> J'ai validé aucun diplome car j'ai quitté avant vu que les formations ne me collaient pas
2014-09-11T14:12:51 <ELiDYROS> Les seules avantages que j'ai c'est ce que je sais faire et ma polyvalence mais je doute que ça aide à quoi que ce soit
2014-09-11T14:28:37 <ELiDYROS> Ce que je vois c'est que les infographistes que je connais ne trouvent pas de travail dans cette branche
2014-09-11T14:29:18 <ELiDYROS> à priori un master en 3D ou jeux vidéo c'est pas bien considéré
2014-09-11T14:40:05 *** ELiDYROS est parti
2014-09-11T15:03:03 *** Ikledoreboline s'est connecté
2014-09-11T15:03:20 <Ikledoreboline> Re enfin une pause entre les cours omg
2014-09-11T15:10:27 *** Ikledoreboline est parti
2014-09-11T15:16:28 *** heuzef s'est connecté
2014-09-11T15:44:29 *** Gordfang s'est connecté
2014-09-11T15:44:52 <Gordfang> lut all!
2014-09-11T15:45:31 <heuzef> plop =)
2014-09-11T15:50:33 <wildfier> salut
2014-09-11T15:50:55 <MaCharon> slt
2014-09-11T15:51:51 *** Bybeez s'est connecté
2014-09-11T15:51:55 <Bybeez> Salut !
2014-09-11T15:59:56 <heuzef> Hey =)
2014-09-11T16:00:22 <heuzef> Bybeez MaCharon zavez vu tous les nouveauté sur EM ? La classe non ? ^^
2014-09-11T16:00:27 * heuzef est fier
2014-09-11T16:00:34 <Bybeez> Xd ouaip
2014-09-11T16:00:41 <MaCharon> ah c'est sur ^^
2014-09-11T16:00:51 <MaCharon> on va bien s'amuser le 27
2014-09-11T16:01:02 <Bybeez> c'est clair ^^
2014-09-11T16:01:28 <heuzef> Manque encore pas mal de ville à valider
2014-09-11T16:01:46 <heuzef> Mais au pire si c'est pas finit le 27 ça ne devrais pas être trop génant
2014-09-11T16:02:00 <Bybeez> oui, c'est sur ^^
2014-09-11T16:02:02 <wildfier> pret pour samedi les gens ?
2014-09-11T16:02:11 <wildfier> (pour ceux qui vont à astree)
2014-09-11T16:02:18 <Bybeez> oui
2014-09-11T16:02:23 <heuzef> yep
2014-09-11T16:02:28 <heuzef> 7 inscrit validés
2014-09-11T16:02:39 <wildfier> j'ai reçus le mail d'astree
2014-09-11T16:03:06 <heuzef> On ne sera pas seul, il y aura aussi du public logiquement
2014-09-11T16:03:08 <Bybeez> idem
2014-09-11T17:10:33 *** Ikledoreboline s'est connecté
2014-09-11T17:10:53 <Ikledoreboline> Yo / le tout le monde ;)
2014-09-11T17:11:26 <Silou> plop
2014-09-11T17:11:36 <Silou> Du dossier du bon dossier !
2014-09-11T17:11:37 <Silou> http://dossier.blbl.ch/23
2014-09-11T17:11:37 <Silou> http://dossier.blbl.ch/24
2014-09-11T17:13:20 <Ikledoreboline> Mon dieu
2014-09-11T17:13:35 <Letarumavza> re
2014-09-11T17:14:38 <Letarumavza> oh putain
2014-09-11T17:16:05 *** Ikledoreboline est parti
2014-09-11T17:19:42 <Silou> Letarumavza : choqué ?
2014-09-11T17:20:03 <Letarumavza> Boaf...
2014-09-11T17:20:18 <Letarumavza> Je suis goth, je me suis bouffé M6 et TF1 en pleine gueule y'a quelques années.
2014-09-11T17:20:22 <Letarumavza> Donc nrj12...
2014-09-11T17:20:29 <Letarumavza> Et en plus je suis nolife...
2014-09-11T17:20:42 <Letarumavza> Donc j'ai pris une seconde dose (merci tf1)
2014-09-11T17:22:18 <Letarumavza> Sinon...
2014-09-11T17:22:35 <Letarumavza> Silou, l'infra d'nrj12 tu penses qu'elle est bien sécurisée ?
2014-09-11T17:22:41 *** Ikledoreboline s'est connecté
2014-09-11T17:22:52 <Silou> xD
2014-09-11T17:23:07 <Letarumavza> ça vaudrait le coups de vérifier
2014-09-11T17:23:19 <Letarumavza> y'a des chances qu'ils hébergent leur site sur leur infra directement.
2014-09-11T17:23:44 <Silou> Tu peux essayer, personellement étant plutot du coté challenger, je n'ai pas de connaissance en matière de dissimulation
2014-09-11T17:23:48 <Letarumavza> Et vu le reste de leur taf, je fleure bon une grosse sécurité façon emental.
2014-09-11T17:23:56 <Silou> (en gros : je suis WH)
2014-09-11T17:24:11 <Silou> Non je pense qu'ils mettent le pognon pour sécuriser
2014-09-11T17:24:12 <Letarumavza> Prends un proxy russe
2014-09-11T17:24:17 <Ikledoreboline> J'adore l'Emmental *sort*
2014-09-11T17:24:35 <Letarumavza> Bah lances une écoute.
2014-09-11T17:24:40 <Letarumavza> C'est furtif.
2014-09-11T17:25:30 <Letarumavza> (10 contre 1 que leur port 80 est pas sécurisé.)
2014-09-11T17:26:46 *** Ikledoreboline est parti
2014-09-11T17:27:11 *** Ikledoreboline s'est connecté
2014-09-11T17:27:41 <Letarumavza> N'empèche, coté "journaliste" ça change de la journaliste de sud ouest.
2014-09-11T17:27:42 <Silou> Eh bien si tu me montres quelques trucs, ca m'intéresserais
2014-09-11T17:28:30 <Bybeez> L'article dans le sud-ouest est super je trove (ça c'est du journaliste pro je trouve )
2014-09-11T17:28:45 <Letarumavza> http://sitedugaci.com/4/tutoriel/intrusion-avec-metasploit
2014-09-11T17:28:52 <Letarumavza> http://www.offensive-security.com/metasploit-unleashed/Introduction
2014-09-11T17:28:58 <Silou> Merci je met ca en fav pour plus tard
2014-09-11T17:29:00 <Letarumavza> Tien, un pneu de lecture
2014-09-11T17:29:42 <Silou> Letarumavza : tu as le temps pour décompiler un truc ?
2014-09-11T17:30:02 <Silou> Je suspecte le programme d'etre un virus kikoo mais j'ai pas trop le skill en décompilation :/
2014-09-11T17:32:09 *** wildfier est parti
2014-09-11T17:33:42 *** Ikledoreboline est parti
2014-09-11T17:33:59 *** Ikledoreboline s'est connecté
2014-09-11T17:34:59 *** Ikledoreboline est parti
2014-09-11T17:35:20 *** Ikledoreboline s'est connecté
2014-09-11T17:36:21 *** Ikledoreboline est parti
2014-09-11T17:36:45 <Letarumavza> Colles le en sandbox
2014-09-11T17:36:50 *** Ikledoreboline s'est connecté
2014-09-11T17:37:50 *** Ikledoreboline est parti
2014-09-11T17:39:54 *** Ikledoreboline s'est connecté
2014-09-11T17:40:20 <Letarumavza> Ou désassembles le.
2014-09-11T17:40:33 <Silou> La je l'ai passé sur rpg packet detector
2014-09-11T17:40:36 <Letarumavza> ollydbg est un de mes outils favoris sous win.
2014-09-11T17:40:37 <Ikledoreboline> Bon je reprends le bus omg x_x
2014-09-11T17:40:37 <Silou> DarkComet ^^'
2014-09-11T17:41:18 <Letarumavza> C'est un rootkit ça.
2014-09-11T17:41:36 <Letarumavza> Qui t'a bazardé ça qu'on rigole un peu avec sa machine ?
2014-09-11T17:41:46 <Silou> Des gamins bronies sur facebook
2014-09-11T17:42:07 <Ikledoreboline> Lol
2014-09-11T17:42:10 <Letarumavza> ip ?
2014-09-11T17:42:23 <Silou> Roh ils ont supprimé leur post
2014-09-11T17:42:30 <Silou> Ben non pas d'ip puisque fb ..
2014-09-11T17:42:38 <Ikledoreboline> Dafuq ._.
2014-09-11T17:42:41 <Letarumavza> Tu aurais pu l'avoir d'une autre manière.
2014-09-11T17:42:50 <Letarumavza> T'as récup le fichier comment ?
2014-09-11T17:42:53 <Silou> Ah tient il est ban de fb on dirait
2014-09-11T17:43:01 <Silou> https://mega.co.nz/#!StFjERiA!EBcRTMpZ5BtpQxL6sr8d9CJEvz4yB9nYgr5Rh22ZpB4
2014-09-11T17:43:20 <Silou> Ouep du moment que on possède un site/serveur je sais que on peux récup une ip
2014-09-11T17:43:22 <Letarumavza> Oh... antivir qui bloque le lien.
2014-09-11T17:43:26 <Silou> Mais ca ne sert tellement a rien l'ip
2014-09-11T17:43:38 <Silou> Si tu veux j'ai le fichier encore
2014-09-11T17:43:44 <Ikledoreboline> Bah si à ddos XD
2014-09-11T17:43:50 <Silou> C'est naze le sddos
2014-09-11T17:43:52 <Silou> ddos*
2014-09-11T17:43:55 <Letarumavza> C'est un rat, tu devrais l'installer en sandbox
2014-09-11T17:44:12 <Ikledoreboline> Ça dépend silou comment il est fait
2014-09-11T17:44:12 <Letarumavza> Quand il tente de se co, tu le cravates, tu remontes le flux, il aura déjà un port ouvert.
2014-09-11T17:44:33 <Letarumavza> Et là je propose une bonne grosse boucle infinie sur le cpu et désactivant les sondes thermiques.
2014-09-11T17:44:38 <Silou> Bah tu le décompile et tu regarde ou il pointe
2014-09-11T17:44:53 <Ikledoreboline> Hu :3
2014-09-11T17:45:41 <Letarumavza> ça je peux pas savoir
2014-09-11T17:45:50 <Silou> http://pic.silouatien.fr/darkcomet_virus.zip
2014-09-11T17:46:00 <Silou> password : dontopen
2014-09-11T17:47:00 <Ikledoreboline> Bon je tiens à ma batterie de téléphone et à pas me perdre je vous laisses XD
2014-09-11T17:47:07 <Letarumavza> Merci pour le pass
2014-09-11T17:47:14 <Letarumavza> Mais j'ai bruteforce par réflexe ^^'
2014-09-11T17:47:29 <Letarumavza> (btw il est tombé en un tour de dico)
2014-09-11T17:47:31 *** Ikledoreboline est parti
2014-09-11T17:47:56 <Silou> xD
2014-09-11T17:51:11 <Letarumavza> Mouais, c'est le bébé de darkkikoosc
2014-09-11T17:52:00 <Letarumavza> J'arrive même pas à le faire tourner en sandbow, antivir saute dessus direct ^^
2014-09-11T17:52:17 <Letarumavza> Et dark est un con.
2014-09-11T17:55:34 <Silou> lol x)
2014-09-11T17:55:52 <Silou> Je ne m'y connais pas du tout en matière de virus (encore une lacune), je vais me renseigner sur celui la
2014-09-11T17:56:07 <Silou> Mais avec l'affaire de la journaliste, je suis dessus depuis que je suis levé ><
2014-09-11T18:04:55 <Letarumavza> Je veux plus d'infos sur la journaleuse, ça a lair fun ^^
2014-09-11T18:05:19 <Silou> Bah je croyais que c'était réglé puis ..
2014-09-11T18:05:26 <Silou> Apparemment elle a trouvé des pigeons
2014-09-11T18:05:30 <Letarumavza> Ceci dit, y'a un risque qu'elle contacte les membres de bronycub, étant donné que les infos sont sur le site.
2014-09-11T18:05:30 <Silou> Mais on a eu leurs nms
2014-09-11T18:09:08 <Silou> Letarumavza : tu as trouvé quelque chose sur le RAT?
2014-09-11T18:09:27 <Letarumavza> Dis moi, il est con le mec qui te l'a envoyé ?
2014-09-11T18:09:36 <Letarumavza> Le rat pointe directement sur sa machine...
2014-09-11T18:09:36 <Silou> Ouep
2014-09-11T18:09:40 <Silou> ol
2014-09-11T18:09:41 <Silou> lol*
2014-09-11T18:09:46 <Letarumavza> abruti...
2014-09-11T18:10:15 <Letarumavza> Ceci dit, là j'ai setup un trap sur un serveur sous linux.
2014-09-11T18:10:20 <Silou> Donc ca pointe direct sur son ip ?
2014-09-11T18:10:25 <Letarumavza> Il va attaquer la virtuelle.
2014-09-11T18:10:27 <Silou> lol
2014-09-11T18:10:38 <Silou> Et typiquement un RAT ca permet quoi ?
2014-09-11T18:10:44 <Letarumavza> Et quand il va le faire, je vais lui envoyer un exploit.
2014-09-11T18:10:49 <Letarumavza> c'est un rootkit
2014-09-11T18:11:11 <Letarumavza> (comme exploit je vais lui envoyer un petit bousilleur de tables de partoche.
2014-09-11T18:11:17 <Letarumavza> Il va se marer, ou pas)
2014-09-11T18:11:25 <Silou> Nan envoit lui un rootkit :)
2014-09-11T18:11:53 <Letarumavza> J'ai snifé, le mec est sous vista, et vu le nombre de paquets qui passent je doute que sa machine ait un intéret.
2014-09-11T18:12:06 <Silou> Ben juste pour le faire chier :)
2014-09-11T18:12:07 <Letarumavza> Ceci dit j'ai mim en utilisant son rat
2014-09-11T18:12:13 <Silou> Aha :D
2014-09-11T18:12:16 <Letarumavza> Donc je surveille tous les transferts.
2014-09-11T18:12:20 <Silou> Tout ca avec metasploit ?
2014-09-11T18:12:27 <Letarumavza> Au cas où je verai passer un code de CB ou autre.
2014-09-11T18:12:34 <Letarumavza> nop, des tools custom principalement.
2014-09-11T18:13:04 <Letarumavza> Et si je vois passer un code, je lui colle un coups de flippe en lui disant que je l'ai.
2014-09-11T18:13:10 <Letarumavza> ça devrait le calmer.
2014-09-11T18:13:14 <Silou> x)
2014-09-11T18:13:19 <Silou> gg en tout cas
2014-09-11T18:13:28 <Letarumavza> Boaf, un jeu d'enfant.
2014-09-11T18:13:31 <Silou> Tu l'as décompilé avec olly ?
2014-09-11T18:13:33 <Letarumavza> C'est juste un lamer.
2014-09-11T18:13:37 <Letarumavza> yep
2014-09-11T18:13:46 <Letarumavza> C'est de l'assembleur, rien de bien compliqué
2014-09-11T18:14:12 <Letarumavza> Si tu regardes le code, il entraine la création d'un .ini de config.
2014-09-11T18:15:07 <Letarumavza> Et il porte une signature de charge utile propre au pc.
2014-09-11T18:16:13 <Letarumavza> Merde
2014-09-11T18:16:30 <Letarumavza> antivir s'est réactivé à cause du timer et m'a delete l'archive...
2014-09-11T18:16:43 <Silou> xD
2014-09-11T18:16:51 <Silou> Tu ne prends pas une vm sans AV pour ca :) ?
2014-09-11T18:16:51 <Letarumavza> J'aime cet AV
2014-09-11T18:17:24 <Letarumavza> Je le faisais tourner en sandbow
2014-09-11T18:17:26 <Letarumavza> box*
2014-09-11T18:17:36 <Letarumavza> Donc pas vraiment une VM
2014-09-11T18:28:30 <Letarumavza> http://img-9gag-lol.9cache.com/photo/aoZ2W8n_700b.jpg
2014-09-11T18:29:09 <MaCharon> O.O
2014-09-11T18:29:34 <Letarumavza> *bave*
2014-09-11T18:31:11 <Letarumavza> http://img-9gag-lol.9cache.com/photo/aOydq8v_460s.jpg
2014-09-11T18:32:24 <MaCharon> lol High school DxD
2014-09-11T18:34:30 *** Ikledoreboline s'est connecté
2014-09-11T18:35:48 <Ikledoreboline> Bon officiellement devant chez heusef avec une avance titanesque pour un bus qui est pas dans les bouchons ou en retard lol.
2014-09-11T18:37:25 <heuzef> Ha
2014-09-11T18:37:26 <heuzef> =)
2014-09-11T18:37:33 <heuzef> Residence Millière ?
2014-09-11T18:38:11 *** Ikledoreboline est parti
2014-09-11T18:39:00 *** wildfier s'est connecté
2014-09-11T19:01:02 <Trappy_Tickles> y a un magasin sur bordeaux qui vend des fils EL et leurs boitiers d'alimentation? ^^
2014-09-11T19:34:56 *** heuzef est parti
2014-09-11T19:35:42 <Trappy_Tickles> j'ai ce genre de truc en tête depuis un moment mais.. bon, a mon avis je rêve :p http://imgur.com/FN2Jn7s
2014-09-11T19:46:56 *** adriens33|AFK est parti
2014-09-11T20:05:46 <Berry-Punch> Voilà ce qu'il s'est passé ces 10 dernières *hic* lignes, adriens33
2014-09-11T20:05:48 *** adriens33 s'est connecté
2014-09-11T20:22:41 *** ELiDYROS s'est connecté
2014-09-11T20:26:04 <ELiDYROS> Il se passe quoi ?
2014-09-11T20:36:49 <ELiDYROS> Chouette.
2014-09-11T20:36:50 *** ELiDYROS est parti
2014-09-11T20:41:12 <adriens33> arg.
2014-09-11T20:41:16 <adriens33> too late
2014-09-11T20:48:28 *** wildfier est parti
2014-09-11T21:12:31 *** Silou est parti
2014-09-11T21:22:13 <Lezarius> Salut
2014-09-11T21:26:43 <adriens33> hello
2014-09-11T21:26:58 <Letarumavza> re
2014-09-11T21:27:07 <Berry-Punch> Flags de *hic* adriens33 modifiés : -o
2014-09-11T21:27:07 <adriens33> !deop adriens33
2014-09-11T21:27:31 <Berry-Punch> Flags de adriens33 *hic* modifiés : -o
2014-09-11T21:27:31 <adriens33> !deop adriens33
2014-09-11T21:27:53 <Letarumavza> désolé, elle t'a automatiquement ré-op
2014-09-11T21:27:56 <adriens33> j'ai vu :p
2014-09-11T21:27:59 <adriens33> pas con
2014-09-11T21:28:02 <adriens33> ça peut servir…
2014-09-11T21:28:03 <adriens33> ^^
2014-09-11T21:28:17 <Letarumavza> elle protège aussi berry en théorie
2014-09-11T21:28:20 <adriens33> ^^
2014-09-11T21:37:42 <Berry-Punch> Voilà ce qu'il s'est passé ces *hic* 10 dernières lignes, arthur33
2014-09-11T21:37:43 *** arthur33 s'est connecté
2014-09-11T21:40:04 <arthur33> whut ? oO
2014-09-11T21:40:14 *** Bybeez est parti
2014-09-11T21:40:14 *** adriens33 est parti
2014-09-11T21:44:24 <Lezarius> Salut
2014-09-11T21:44:32 <Lezarius> Desoler je lisais les log xD
2014-09-11T21:48:27 <Berry-Punch> Flags de adriens33 modifiés *hic* : -o
2014-09-11T21:48:27 <adriens33> !deop adriens33
2014-09-11T21:48:56 <Berry-Punch> Flags de adriens33 modifiés *hic* : +v
2014-09-11T21:48:56 <adriens33> !voice adriens33
2014-09-11T21:54:58 <Lezarius> L OST DE RAIBOW ROCK O.0
2014-09-11T21:55:13 <adriens33> gné ?
2014-09-11T21:58:34 *** Silou s'est connecté
2014-09-11T22:45:34 *** Ikledoreboline s'est connecté
2014-09-11T22:45:44 <Ikledoreboline> Bonsoir ;)
2014-09-11T22:48:06 <adriens33> Sonboir
2014-09-11T22:48:34 *** Ikledoreboline est parti
2014-09-11T23:12:28 *** Ikledoreboline s'est connecté
2014-09-11T23:13:05 <Ikledoreboline> .-. Que c'est calme
2014-09-11T23:13:14 <adriens33> il est un peu 11h et quart
2014-09-11T23:13:17 <adriens33> un soir de semaine
2014-09-11T23:13:23 <Ikledoreboline> x3
2014-09-11T23:13:24 <adriens33> apres la rentrée de septembre.
2014-09-11T23:13:30 <adriens33> donc je pense que c'est légèrement normal XD
2014-09-11T23:13:57 <Ikledoreboline> M'ouais bof ^^
2014-09-11T23:21:59 *** Ikledoreboline est parti
2014-09-11T23:55:56 *** Lezarius est parti
2014-09-11T23:58:47 *** MaCharon est parti
