2014-08-29T00:18:50 *** ValCab33 est parti
2014-08-29T00:20:47 <ELiDYROS> Mufufufu
2014-08-29T00:27:19 *** MaCharon est parti
2014-08-29T00:52:52 *** ELiDYROS est parti
2014-08-29T02:04:37 *** ELiDYROS s'est connecté
2014-08-29T02:12:34 *** Letarumavza est parti
2014-08-29T02:13:28 *** Letarumavza s'est connecté
2014-08-29T02:15:45 *** adriens33 est parti
2014-08-29T02:23:33 *** ELiDYROS est parti
2014-08-29T04:02:40 *** Gordfang est parti
2014-08-29T05:46:41 *** Silou est parti
2014-08-29T08:38:20 <Berry-Punch> Voilà ce qu'il s'est *hic* passé ces 10 dernières lignes, adriens33
2014-08-29T08:38:22 *** adriens33 s'est connecté
2014-08-29T09:52:47 *** TrappyTickles s'est connecté
2014-08-29T11:17:07 *** Letarumavza est parti
2014-08-29T11:27:31 *** Letarumavza s'est connecté
2014-08-29T12:18:28 *** Zecora_bot s'est connecté
2014-08-29T12:22:03 <Letarumavza> Idée à la con N°1 écouter la musique du final de mass effect 3
2014-08-29T12:22:12 <adriens33> hellow :)
2014-08-29T12:22:19 <adriens33> pourquoi « à la con » ?
2014-08-29T12:22:37 *** MaCharon s'est connecté
2014-08-29T12:22:41 <MaCharon> slt
2014-08-29T12:22:45 <adriens33> salut :)
2014-08-29T12:22:58 <Letarumavza> C'est la musique la plus triste que j'ai entendu dans un jeu vidéo (et probablement la plus triste que j'ai entendu tout court)
2014-08-29T12:23:05 <adriens33> aaah ok
2014-08-29T12:23:24 <Letarumavza> La fin d'un conflit, sans gagnant, sans possibilité de survie, juste du gachis.
2014-08-29T12:23:30 <Letarumavza> Et juste un piano...
2014-08-29T12:23:53 <adriens33> hmm… ouais, c'est pas le meilleur truc à écouter pour remonter le moral XD
2014-08-29T12:23:57 <Letarumavza> La marche funèbre de choppin est plus joyeuse.
2014-08-29T12:24:01 <Letarumavza> Euh...
2014-08-29T12:25:14 <Letarumavza> J'ai pas besoin de me remonter le moral.
2014-08-29T12:25:31 <adriens33> oui bon ça va, hein¿
2014-08-29T12:25:32 <adriens33> …
2014-08-29T12:25:34 <adriens33> ^^
2014-08-29T12:25:44 <Letarumavza> Juste que...
2014-08-29T12:26:09 <Letarumavza> Parfois les sacrifices nécéssaires pour obtenir quelque chose sont extrèmement lourds. Et que rien n'est garanti.
2014-08-29T12:26:23 <Letarumavza> Et c'est cette musique qui l'exprime le mieux à mes yeux.
2014-08-29T12:26:42 <adriens33> ok
2014-08-29T12:26:58 <adriens33> je sais pas si je vais venir tout à l'heure moi… XD
2014-08-29T12:27:15 <Letarumavza> Pourquoi ?
2014-08-29T12:27:16 <adriens33> t'est foutu de me faire déprimer… XD
2014-08-29T12:27:26 <adriens33> (je fonctionne pas comme toi, moi)
2014-08-29T12:27:47 <Letarumavza> Bon écoute, je me suis bouffé un mois d'aout spé tartes sentimentales !
2014-08-29T12:27:55 <Letarumavza> Faut faire passer ça à coups de merguez !
2014-08-29T12:28:21 <adriens33> pourquoi ? t'aimes ça les merguez ? ^^
2014-08-29T12:28:26 <adriens33> (double sens… XD)
2014-08-29T12:28:40 <Letarumavza> Bah si t'aime te prendre des merguez en double sens c'est comme tu veux.
2014-08-29T12:28:48 <Letarumavza> Perso je me contente de les manger.
2014-08-29T12:28:48 <adriens33> --"
2014-08-29T12:29:03 <Letarumavza> (retour de vanne ^^)
2014-08-29T12:29:08 <adriens33> enfoiré XD
2014-08-29T12:29:25 <Letarumavza> Ouais ouais, moi aussi je t'aime ^^
2014-08-29T12:30:03 <Letarumavza> Rien ne vaut de la bouffe et des potes pour récupérer. ^^
2014-08-29T12:30:09 <adriens33> ^^
2014-08-29T12:30:18 <Letarumavza> Principe des communautés de bronies par ailleurs ^^
2014-08-29T12:30:22 <Letarumavza> Pas vrai MaCharon ?
2014-08-29T12:30:56 <MaCharon> ....mmmhhh? ah euh oui, bien sur que oui >.>
2014-08-29T12:31:06 <MaCharon> ^^
2014-08-29T12:31:17 <adriens33> c'est malin,  tu l'as réveillé
2014-08-29T12:31:22 <MaCharon> XD
2014-08-29T12:31:33 <MaCharon> et ben voila
2014-08-29T12:32:31 <Letarumavza> Bah sinon il aurai cru que je l'ignorais ^^
2014-08-29T12:32:53 <Letarumavza> Bon les mecs, vous voulez savoir mon point faible ?
2014-08-29T12:33:00 <Letarumavza> Le seul moyen de me manipuler.
2014-08-29T12:33:06 <MaCharon> je m'attend au pire
2014-08-29T12:33:07 <adriens33> des boobs ?
2014-08-29T12:33:13 <MaCharon> ma bite ?
2014-08-29T12:33:24 <Letarumavza> Presque adrien...
2014-08-29T12:33:29 <adriens33> ^^
2014-08-29T12:33:34 <MaCharon> :D
2014-08-29T12:33:49 <adriens33> l'étrange pouvoir des seins… ^^
2014-08-29T12:35:36 <Letarumavza> En fait une nana a pas forcément besoin de gros boobs pour pouvoir me manipuler...
2014-08-29T12:35:47 <Letarumavza> Il suffit qu'elle soit tendre et câline avec moi...
2014-08-29T12:35:52 <MaCharon> flat is justice !
2014-08-29T12:36:05 <Letarumavza> flat isn't fun.
2014-08-29T12:36:21 <MaCharon> oh le vilain
2014-08-29T12:37:02 <Letarumavza> Bah...
2014-08-29T12:37:26 <Letarumavza> Le problème des nanas plate est un problème de confort.
2014-08-29T12:37:34 <Letarumavza> J'ai horreur des sac d'os.
2014-08-29T12:37:55 <MaCharon> >.<
2014-08-29T12:39:34 <Letarumavza> Désolé, mais les nanas ultra maigre c'est pas fun pour un sou...
2014-08-29T12:40:34 <Letarumavza> Après c'est une question de proportions. Clémence, par exemple, je ne la trouve pas trop maigre.
2014-08-29T12:41:00 <MaCharon> flat ne veut pas dire ultra maigre, mais il est vrai que ça s'applique plus aux lolis
2014-08-29T12:41:00 <Letarumavza> (Mais là c'est coté caractère que ça fait peur, à autant jouer les cactus, elle doit être ultra fragile)
2014-08-29T12:55:58 *** adriens33 est parti
2014-08-29T12:56:54 <Berry-Punch> Voilà *hic* ce qu'il s'est passé ces 10 dernières lignes, adriens33
2014-08-29T12:56:55 *** adriens33 s'est connecté
2014-08-29T12:57:01 <adriens33> ok…
2014-08-29T12:58:36 *** Yvan33 s'est connecté
2014-08-29T12:58:56 <Yvan33> Il m'a semblé voir une discussion interessante
2014-08-29T12:59:14 <MaCharon> ah bon
2014-08-29T12:59:28 <Yvan33> Ca parlait de poulette
2014-08-29T12:59:42 <MaCharon> vite fait
2014-08-29T12:59:59 <Yvan33> Alors qui vient cette aprem finalement?
2014-08-29T13:00:11 <Yvan33> Environ?
2014-08-29T13:00:11 <adriens33> où ça ?
2014-08-29T13:01:47 <Yvan33> Chez Leta
2014-08-29T13:01:51 <adriens33> ah
2014-08-29T13:01:53 <adriens33> ben moi déjà
2014-08-29T13:01:55 <MaCharon> moi a priori
2014-08-29T13:02:09 *** ValCab33 s'est connecté
2014-08-29T13:02:15 <ValCab33> plop
2014-08-29T13:02:20 <adriens33> hello
2014-08-29T13:02:32 <Yvan33> Ok, et bien je vous demanderai de pas vous moquer de ma nouvelle coupe de cheveau alors ^^
2014-08-29T13:05:07 <Yvan33> Sur ce je vais me faire raser, a toute
2014-08-29T13:06:47 *** Yvan33 est parti
2014-08-29T13:07:15 *** Letarumavza est parti
2014-08-29T13:07:44 *** Letarumavza s'est connecté
2014-08-29T13:22:24 *** adriens33 est parti
2014-08-29T13:23:04 <Berry-Punch> Voilà ce qu'il s'est passé *hic* ces 10 dernières lignes, adriens33
2014-08-29T13:23:06 *** adriens33 s'est connecté
2014-08-29T13:51:14 *** ELiDYROS s'est connecté
2014-08-29T14:12:54 *** Gordfang s'est connecté
2014-08-29T14:13:00 <Gordfang> lut all
2014-08-29T14:13:04 <adriens33> salut
2014-08-29T14:13:16 <adriens33> (salut ELiDYROS aussi au passage)
2014-08-29T14:14:04 <ELiDYROS> Salut Gordfang et adriens33
2014-08-29T14:19:59 *** Lezarius1 s'est connecté
2014-08-29T14:20:08 <Lezarius1> Chalu
2014-08-29T14:20:19 *** strycore s'est connecté
2014-08-29T14:20:32 <strycore> grmbl
2014-08-29T14:20:35 *** strycore est parti
2014-08-29T14:27:43 *** Silou s'est connecté
2014-08-29T14:28:01 *** Yvan33 s'est connecté
2014-08-29T14:33:07 <ELiDYROS> Ouais ouais.
2014-08-29T14:33:32 <adriens33> hello Lezarius1
2014-08-29T14:33:38 <adriens33> (et Silou)
2014-08-29T14:33:44 <Lezarius1> Salut adriens33
2014-08-29T14:33:44 <Silou> Yop adriens33
2014-08-29T14:52:57 <ELiDYROS> Ouais ouais
2014-08-29T14:53:14 <adriens33> qu'est-ce qu'il se passe ELiDYROS ?
2014-08-29T14:53:22 <adriens33> pourquoi ces « Ouais ouais » ?
2014-08-29T15:11:24 <ELiDYROS> Pourquoi pas?
2014-08-29T15:13:24 <adriens33> nan mais je demandais juste, comme ça, pour comprendre la raison, c'est tout ^^
2014-08-29T15:16:26 *** Yvan33 est parti
2014-08-29T15:19:22 *** Gordfang est parti
2014-08-29T15:25:05 <Letarumavza> bon, qui vient tout à l'heure ?
2014-08-29T15:27:24 *** Yvan33 s'est connecté
2014-08-29T15:27:47 <adriens33> moi, je vais bientot partir acheter du miam
2014-08-29T15:27:47 <Berry-Punch> Bon appétit, adriens33 :D *hic* 
2014-08-29T15:27:52 <adriens33> merci berry :)
2014-08-29T15:27:52 <Berry-Punch> De rien adriens33 *hic* :)
2014-08-29T15:31:54 <Lezarius1> Ya quoi toute a l heure ?
2014-08-29T15:33:42 <adriens33> barbeuc chez leta
2014-08-29T15:34:20 <TrappyTickles> ah mince, toujorus le dernier au courant moi
2014-08-29T15:34:23 <TrappyTickles> j'y serai
2014-08-29T15:34:32 <TrappyTickles> ah, j'ai une bonne news pour ce soir tiens ^^
2014-08-29T15:34:51 <TrappyTickles> j'ai eu de l'encre donc j'ai enfin CAH au complet avec l'extension CAE, le tout en french ^^
2014-08-29T15:35:01 <TrappyTickles> on pourra ptet y jouer ce soir ^^
2014-08-29T15:38:34 *** Yvan33 est parti
2014-08-29T15:47:21 <ELiDYROS> Je sors de chez de chez moi, pour faire une course, je croise un mec, et il m'insulte
2014-08-29T15:47:28 <adriens33> ok…
2014-08-29T15:47:30 <ELiDYROS> Je suis sorti 5 min et ça aura suffit
2014-08-29T15:47:33 <adriens33> randomness pawa !!
2014-08-29T15:47:49 <ELiDYROS> je pourrais parler de random si c'était pas aussi courant
2014-08-29T15:47:55 <adriens33> ouais.
2014-08-29T15:48:10 <ELiDYROS> ça m'arrive presque toutes les semaines
2014-08-29T15:48:12 <adriens33> bah le souci avec les cons, c'est qu'ils ont trouvé comment fonctionne la reproduction…
2014-08-29T15:48:15 <ELiDYROS> et à chaque fois la cause : mon look
2014-08-29T15:49:17 <ELiDYROS> à croire que les gens supportent pas mes piercings ou ma barbe
2014-08-29T15:49:59 <ELiDYROS> je me sens même plus blessé, juste las et fatigué
2014-08-29T15:50:45 <adriens33> je vais faire des courses, ++
2014-08-29T15:50:50 *** adriens33 est parti
2014-08-29T15:55:58 *** ELiDYROS est parti
2014-08-29T15:56:25 *** Yvan33 s'est connecté
2014-08-29T16:07:34 <TrappyTickles> moi je comprends pas.. y a quoi écris sur ta gueule pour que les gens réagissent comme ça?
2014-08-29T16:11:44 *** Yvan33 est parti
2014-08-29T16:41:08 *** MaCharon est parti
2014-08-29T16:48:10 <Berry-Punch> Voilà *hic* ce qu'il s'est passé ces 10 dernières lignes, adriens33
2014-08-29T16:48:11 *** adriens33 s'est connecté
2014-08-29T16:57:56 <TrappyTickles> Letarumavza, je ramène quoi comme bouffe pour ce soir? :p
2014-08-29T16:58:16 <adriens33> moi j'ai pris: du porc, du bœuf, des merguez et des saucisses normales o/
2014-08-29T16:58:22 <adriens33> (et des pringles)
2014-08-29T17:04:36 <TrappyTickles> je ramènerai des brochettes comem l'autre fois alors :p
2014-08-29T17:08:28 <Letarumavza> ^^
2014-08-29T17:08:36 <Letarumavza> rdv à 18h+ les gars ^^
2014-08-29T17:08:41 *** adriens33 est parti
2014-08-29T17:13:35 <TrappyTickles> Letarumavza, je ramènerai aussi CAH au complet avec CAE ;p
2014-08-29T17:14:17 <Letarumavza> CAH ?
2014-08-29T17:14:20 <Letarumavza> CAE ?
2014-08-29T17:14:23 <Letarumavza> WTF ?
2014-08-29T17:18:48 <TrappyTickles> t'as oublié? cards against humanity
2014-08-29T17:19:00 <TrappyTickles> avec son extension poney
2014-08-29T17:31:42 *** Yvan33 s'est connecté
2014-08-29T17:31:54 <Yvan33> Viens nous ouvrir!!!!
2014-08-29T17:32:21 <TrappyTickles> bon jva faire des courses et j'arrive aussi ;p
2014-08-29T17:32:26 <Yvan33> Le ta Aaaaaaaaaaaah
2014-08-29T17:32:26 <TrappyTickles> alros laissez ouvert lol
2014-08-29T17:33:08 <Yvan33> Il a laissé fermer le con
2014-08-29T17:35:25 <Yvan33> Allô? On est 3 devant ton portail
2014-08-29T17:36:25 *** Yvan33 est parti
2014-08-29T17:37:01 *** Yvan33 s'est connecté
2014-08-29T17:37:10 <Yvan33> Allez bouge tes fesses
2014-08-29T17:41:06 *** Yvan33 est parti
2014-08-29T17:41:25 *** Yvan33 s'est connecté
2014-08-29T17:41:57 <Letarumavza> j'arrive
2014-08-29T17:42:19 <Letarumavza> désolé je pionsais
2014-08-29T17:43:19 *** Yvan33 est parti
2014-08-29T17:43:54 *** Yvan33 s'est connecté
2014-08-29T17:44:55 *** Yvan33 est parti
2014-08-29T20:55:29 *** ValCab33 est parti
2014-08-29T21:07:29 *** ludvann s'est connecté
2014-08-29T21:07:34 <ludvann> plop
2014-08-29T21:23:53 *** Lezarius1 est parti
2014-08-29T21:28:08 *** ludvann est parti
2014-08-29T22:55:43 <Berry-Punch> Voilà *hic* ce qu'il s'est passé ces 10 dernières lignes, adriens33
2014-08-29T22:55:44 *** adriens33 s'est connecté
2014-08-29T23:31:09 *** adriens33 est parti
2014-08-29T23:52:58 *** Zecora_bot est parti
