2014-12-17T00:43:47 *** TrappyTickles est parti
2014-12-17T01:13:06 *** ELiDYROS s'est connecté
2014-12-17T01:13:34 *** ELiDYROS est parti
2014-12-17T03:40:38 *** adriens33 s'est connecté
2014-12-17T05:08:18 *** adriens33 est parti
2014-12-17T08:46:56 *** heuzef s'est connecté
2014-12-17T08:48:03 *** heuzef est parti
2014-12-17T08:48:15 *** heuzef s'est connecté
2014-12-17T09:05:50 *** heuzef1 s'est connecté
2014-12-17T09:07:17 *** heuzef est parti
2014-12-17T09:08:34 *** heuzef s'est connecté
2014-12-17T09:10:37 *** heuzef1 est parti
2014-12-17T10:41:45 *** TrappyTickles s'est connecté
2014-12-17T10:42:06 *** heuzef1 s'est connecté
2014-12-17T10:44:02 *** heuzef est parti
2014-12-17T11:05:11 *** ELiDYROS s'est connecté
2014-12-17T11:24:56 *** adriens33 s'est connecté
2014-12-17T11:27:00 <adriens33> hello les gens ^^ en changeant mes réglages de profil j'ai réussi a avoir ça en débit http://www.speedtest.net/result/3991353714.png sur ma ligne pétée.. (j'avais 6Mb/s en dl et 0.4Mb/s en ul avant… XD)
2014-12-17T11:48:56 <heuzef1> yop
2014-12-17T11:48:58 <heuzef1> profil de ?
2014-12-17T12:07:36 <adriens33> profil de ma connexion internet
2014-12-17T12:07:55 <adriens33> chez ovh tu peux changer le profil utilisé par le dslam
2014-12-17T12:08:04 <adriens33> et j'en ai trouvé un qui dépote
2014-12-17T12:08:24 <adriens33> (et le vdsl c'est juste top)
2014-12-17T12:55:19 *** heuzef s'est connecté
2014-12-17T12:56:49 *** heuzef1 est parti
2014-12-17T13:53:07 *** heuzef est parti
2014-12-17T14:00:55 *** heuzef s'est connecté
2014-12-17T14:38:17 *** heuzef1 s'est connecté
2014-12-17T14:39:33 *** heuzef est parti
2014-12-17T15:53:00 *** ELiDYROS est parti
2014-12-17T17:34:30 *** adriens331 s'est connecté
2014-12-17T17:34:46 *** Guest22197 est parti
2014-12-17T18:21:43 *** heuzef1 est parti
2014-12-17T18:55:23 *** ELiDYROS s'est connecté
2014-12-17T19:06:55 *** ELiDYROS est parti
2014-12-17T20:31:02 *** adriens331 s'est connecté
2014-12-17T20:31:30 *** adriens331 est parti
2014-12-17T20:33:37 *** adriens33 est parti
2014-12-17T20:40:45 *** ELiDYROS s'est connecté
2014-12-17T21:32:41 *** ELiDYROS est parti
2014-12-17T23:22:09 *** ELiDYROS s'est connecté
