2014-10-05T00:00:55 <TrappyTickles> juste avant de dormir, une tite blague à la con qu'on a trouvé
2014-10-05T00:01:09 <TrappyTickles> Tabitha St Germain a une fille. Comment on l'appelle?
2014-10-05T00:01:18 <TrappyTickles> Paris
2014-10-05T00:01:20 <TrappyTickles> bnuit :p
2014-10-05T00:01:25 *** TrappyTickles est parti
2014-10-05T00:47:24 *** Gordfang est parti
2014-10-05T08:31:20 *** L s'est connecté
2014-10-05T08:31:32 *** L est parti
2014-10-05T08:57:27 *** Letarumavza est parti
2014-10-05T09:45:18 *** TrappyTickles s'est connecté
2014-10-05T09:47:09 *** Ikledoreboline s'est connecté
2014-10-05T09:47:11 <Ikledoreboline> Salut ^^
2014-10-05T09:49:20 <TrappyTickles> oi
2014-10-05T09:49:52 <Ikledoreboline> Ça va ? :p (déjà sur l'animasia ???)
2014-10-05T09:52:36 <TrappyTickles> moi? non pas encore, j'y vais cet aprem
2014-10-05T09:52:44 <TrappyTickles> là jme réveille :p
2014-10-05T09:53:09 <Ikledoreboline> Oki doki ^^
2014-10-05T09:53:34 <Ikledoreboline> Moi je pense partir vers 15h perso. :p
2014-10-05T09:54:01 <Ikledoreboline> Enfin, j'y serais vers 10h30 mais je pars vers 15h x3
2014-10-05T09:54:14 <TrappyTickles> on se croisera ptet.. je suis pas sur de mon cosplay par contre... s'il fait trop chaud je serai en Ness... Sinon je serai en Ezio :p
2014-10-05T09:54:29 <Ikledoreboline> Quel anime ?
2014-10-05T09:55:02 *** Ikledoreboline est parti
2014-10-05T09:55:13 <TrappyTickles> Ness = Earthbound et Smash Bros - Ezio = Assassin's Creed 2
2014-10-05T09:55:26 *** couscous s'est connecté
2014-10-05T09:55:35 *** Ikledoreboline s'est connecté
2014-10-05T09:55:38 <Ikledoreboline> Nice deco fu..
2014-10-05T09:55:50 <TrappyTickles> Ness = Earthbound et Smash Bros - Ezio = Assassin's Creed 2
2014-10-05T09:55:53 <couscous> :^)
2014-10-05T09:56:08 <Ikledoreboline> J'ai regarder les logs mais merci x3
2014-10-05T09:56:15 <TrappyTickles> lol
2014-10-05T09:56:16 <Ikledoreboline> Bon je les connais c'est bon x'D
2014-10-05T09:57:31 <Ikledoreboline> Bon je prends le bus je te laisse pour le moment ^^ à plus tard !
2014-10-05T09:57:38 <TrappyTickles> ok
2014-10-05T09:57:44 *** Ikledoreboline est parti
2014-10-05T09:59:27 *** couscous est parti
2014-10-05T10:08:04 *** couscous s'est connecté
2014-10-05T10:08:14 *** couscous est parti
2014-10-05T12:26:29 *** Ikledoreboline s'est connecté
2014-10-05T12:26:37 <Ikledoreboline> Je me demande qui était couscous !
2014-10-05T12:26:41 *** Ikledoreboline est parti
2014-10-05T12:34:22 *** couscous s'est connecté
2014-10-05T12:34:36 <couscous> je me demande aussi 8)
2014-10-05T13:21:49 *** TrappyTickles est parti
2014-10-05T13:23:48 <Berry-Punch> Voilà ce qu'il s'est passé ces 10 dernières lignes, *hic* adriens33
2014-10-05T13:23:49 *** adriens33 s'est connecté
2014-10-05T16:39:14 *** adriens33 est parti
2014-10-05T17:32:31 *** Ikledoreboline s'est connecté
2014-10-05T17:32:50 <Ikledoreboline> Couscous, ya quoi dedans celle-ci ?
2014-10-05T17:32:56 <Ikledoreboline> Et yup
2014-10-05T17:33:57 *** Ikledoreboline est parti
2014-10-05T17:34:28 *** Ikledoreboline s'est connecté
2014-10-05T17:35:28 <couscous> hein
2014-10-05T17:35:31 <couscous> de
2014-10-05T17:36:09 *** Ikledoreboline est parti
2014-10-05T17:38:33 *** ikl s'est connecté
2014-10-05T17:39:04 <ikl> 3 désolé ça me déco toute les 10 secondes quel est ton véritable pseudo manant !
2014-10-05T17:39:33 <couscous> c'est Anissa,si tu t'en souviens (?)
2014-10-05T17:40:15 <ikl> Oui, je n'ai pas encore parkinson et tout c'est truc ^^ sinon pourquoi tu mets pas un vrai pseudo couscous hum... x 3
2014-10-05T17:40:38 <couscous> couscous c'est très bien déjà ok
2014-10-05T17:42:00 *** ikl est parti
2014-10-05T17:44:23 *** Ikledoreboline s'est connecté
2014-10-05T17:44:28 <Ikledoreboline> Ok ok si tu veux .-.
2014-10-05T17:44:42 <couscous> 8)
2014-10-05T17:46:13 <Ikledoreboline> Fuuu
2014-10-05T17:46:22 <Ikledoreboline> Sinon, ça va ?
2014-10-05T17:46:28 <couscous> Vi et toi?
2014-10-05T17:47:28 *** Ikledoreboline est parti
2014-10-05T17:47:42 *** Ikledoreboline s'est connecté
2014-10-05T17:47:42 *** Ikledoreboline est parti
2014-10-05T17:48:03 *** Ikledoreboline s'est connecté
2014-10-05T17:48:15 <Ikledoreboline> Niquel, mais j'en ai marre de cette déco à la con !
2014-10-05T17:48:40 <couscous> je vois ça x)
2014-10-05T17:51:42 <Ikledoreboline> Devrait avoir moins de problème. (J'espère) la connexion mobile en bus c'est pqs top >.^
2014-10-05T17:51:56 <couscous> ah t'es dans le bus !
2014-10-05T17:52:08 <Ikledoreboline> Wi
2014-10-05T17:52:33 <Ikledoreboline> Ceci explique cela ^^
2014-10-05T17:52:36 <couscous> x)
2014-10-05T17:53:12 <Ikledoreboline> Sinon t'as fait quoi de ta journée pour le coup ?
2014-10-05T17:53:15 <Ikledoreboline> Vous*
2014-10-05T17:53:27 <couscous> vous?
2014-10-05T17:53:45 <Ikledoreboline> T'es pas avec Chloé qui a dormi chez toi je crois ?
2014-10-05T17:53:49 <couscous> nope
2014-10-05T17:54:15 <couscous> elle est partie vers 2h du mat', moi sinon je suis restée sur le pc et j'ai fais mes devoirs
2014-10-05T17:55:10 <Ikledoreboline> Ah ok, moi j'ai rien comme devoir je crois 'fin bon. XD
2014-10-05T17:55:19 <couscous> chanceux :'
2014-10-05T17:55:55 <couscous> t'as pu aller à Animasia tranquille donc?
2014-10-05T17:56:14 <Ikledoreboline> Ouais mais j'ai masse de contrôle, 5-6 par semaine
2014-10-05T17:56:21 <Ikledoreboline> Oui, oui. ^^
2014-10-05T17:56:44 <Ikledoreboline> Puis de toute façon je fais passer le peu de pations que j'ai avant les cours.
2014-10-05T17:57:41 <couscous> ouch 5-6 contrôles par semaine,ça craint
2014-10-05T17:59:12 <Ikledoreboline> Bah heureusement pour moi j'ai une bonne mémoire auditive et visuel, mais au bout de 4 semaines je sature et sur des contrôles je fais de la merde. Du coup penalisé. Donc parfois je revise d'autres non, c'est une question d'humeur surtout :p
2014-10-05T18:00:13 <couscous> Ah ouais je vois :p Bon courage pour tes prochains contrôles alors ^^
2014-10-05T18:00:31 <Ikledoreboline> Merci, de même pour toi :p
2014-10-05T18:00:58 <couscous> :3
2014-10-05T18:01:16 <Ikledoreboline> Animasia was end.
2014-10-05T18:01:22 <Ikledoreboline> Il y à 1 minutes :0
2014-10-05T18:01:31 <couscous> et vi,c'est triste
2014-10-05T18:01:32 <Ikledoreboline> Minute*
2014-10-05T18:01:40 <Ikledoreboline> :[
2014-10-05T18:01:42 <couscous> :c
2014-10-05T18:02:05 <Ikledoreboline> Même pas vu une amie qui me devait un hug, :<
2014-10-05T18:02:21 <couscous> pauvre petit 8)
2014-10-05T18:02:49 <Ikledoreboline> M'an fou. J'adore la solitude :3
2014-10-05T18:03:10 <couscous> môh
2014-10-05T18:03:20 <couscous> 3:
2014-10-05T18:03:24 <Ikledoreboline> Même si c'est vite ennuyant :3
2014-10-05T18:04:00 <Ikledoreboline> Mais qui dit solitude dit pas de problèmes :D c'est fantastique parfois !
2014-10-05T18:04:27 <Ikledoreboline> Mais bon, déconseillé :p pfiuu j'en ai marre d'être dqns le bus
2014-10-05T18:04:51 <couscous> il est vrai,t'as combien de temps de trajet?
2014-10-05T18:05:09 <Ikledoreboline> 30 minutes environ
2014-10-05T18:05:21 <couscous> mh
2014-10-05T18:05:27 <Ikledoreboline> ?
2014-10-05T18:06:11 <couscous> rien,ça va encore 30 minutes
2014-10-05T18:06:40 <Ikledoreboline> Ouais mais chiant, surtout quand t'as quelqu'un en face qui te regarde comme un mongole x3
2014-10-05T18:06:52 <couscous> wtf
2014-10-05T18:07:03 <couscous> les joies du bus/20
2014-10-05T18:07:22 <Ikledoreboline> ;3
2014-10-05T18:07:42 <Ikledoreboline> Allez dehors le bus yipi
2014-10-05T18:08:26 <couscous> 8)
2014-10-05T18:09:22 <Ikledoreboline> Bon jre dans même pas 5 minutes
2014-10-05T18:09:29 <couscous> dak
2014-10-05T18:10:38 *** Ikledoreboline est parti
2014-10-05T18:16:45 *** Ikledoreboline s'est connecté
2014-10-05T18:16:46 <Ikledoreboline> Re.
2014-10-05T18:16:55 <Ikledoreboline> :p
2014-10-05T18:16:55 <couscous> Re
2014-10-05T18:16:58 <couscous> :)
2014-10-05T18:18:07 <couscous> t'as un skype?
2014-10-05T18:18:15 <Ikledoreboline> https://fbcdn-sphotos-f-a.akamaihd.net/hphotos-ak-xpa1/v/t1.0-9/p296x100/10489779_10152698971097171_6052065989567268606_n.jpg?oh=a32e4f0689429628b6353ba6a52fbd1c&oe=54C64714&__gda__=1422455787_1282983947483db644c03bf434db4606
2014-10-05T18:18:24 <Ikledoreboline> Voilà qu'est-ce qui a fait que je n'ai pas pu prendre le tram;
2014-10-05T18:18:28 <Ikledoreboline> Oui bien-sûr. ^^
2014-10-05T18:18:44 <couscous> rofl
2014-10-05T18:19:17 <Ikledoreboline> C'est toi la paire de rofl.
2014-10-05T18:19:17 <Ikledoreboline> xD
2014-10-05T18:25:13 <couscous> hinhin
2014-10-05T18:29:10 *** Gordfang s'est connecté
2014-10-05T18:29:13 <Gordfang> lut all
2014-10-05T18:29:17 <Ikledoreboline> Yup Gord
2014-10-05T18:29:29 <Gordfang> tiens? couscous c'est qui?
2014-10-05T18:33:35 <Ikledoreboline> Anissa de Animasia qui était avec des Brony ^^
2014-10-05T18:35:48 *** Silou s'est connecté
2014-10-05T18:36:23 <Ikledoreboline> Yup Silou
2014-10-05T18:39:43 <Gordfang> oh ok il est venu prendre des nouvelle?
2014-10-05T18:39:49 <Silou> plop
2014-10-05T18:39:58 <Ikledoreboline> elle*
2014-10-05T18:40:25 <couscous> on peut dire ça vi
2014-10-05T18:41:01 <Silou> ?
2014-10-05T18:41:47 <Gordfang> ok elle ^^
2014-10-05T18:41:57 <Silou> De qui vous parlez ?
2014-10-05T18:42:22 <Gordfang> tenoricat
2014-10-05T18:42:30 <Ikledoreboline> On parlait du couscous mais c'est devenu un poil vivant. (un poil lol, avec le pseudo qui tue)
2014-10-05T18:42:36 <Gordfang> heuzef est pas la au fait?
2014-10-05T18:43:05 <Ikledoreboline> Idk.
2014-10-05T18:43:18 <Gordfang> k
2014-10-05T18:43:33 <Ikledoreboline> Sinon, j'ai pas eut mon tram à cause de ses putains d'homophobes. https://fbcdn-sphotos-f-a.akamaihd.net/hphotos-ak-xpa1/v/t1.0-9/10489779_10152698971097171_6052065989567268606_n.jpg?oh=2240f19165ca3c5ffe02b7a448008262&oe=54B81D6F&__gda__=1422809465_dd0a37d8a0bac7a4b2e8bc64531d96ca
2014-10-05T18:45:32 <Gordfang> y a eu des homophobe a bordeaux?
2014-10-05T18:46:34 <Ikledoreboline> Une mannif d'homophobe et une autre de je sais pas quoi.
2014-10-05T18:46:43 <Ikledoreboline> Certainement une contre manif d'homophobe enfin bon.
2014-10-05T18:46:57 <Ikledoreboline> ça ma tellement saoulé je marchais à plus de 3km/h XD
2014-10-05T18:47:03 <Gordfang> ... sa me semble con alors que la loi est passer
2014-10-05T18:48:54 <Ikledoreboline> Bah je sais pas, des policiers un peu partout qui me regarder bizarrement, des personnes qui manifestaient avec des enfants (honteux) etc..
2014-10-05T18:49:49 <Silou> Moi j'en aurais profité pour les bousculer ou les tacler :D
2014-10-05T18:50:55 <Ikledoreboline> Bah j'avais pas de bidon d'essence sous la main !
2014-10-05T18:51:00 <Silou> :(
2014-10-05T18:51:17 <Ikledoreboline> Ou un tracto
2014-10-05T18:51:23 <Ikledoreboline> tractopelle* pour les mettres dans la garonne
2014-10-05T18:51:24 <Ikledoreboline> XD
2014-10-05T18:51:32 <Silou> Tu peux pas
2014-10-05T18:51:37 <Silou> Ils auraient foutu les gosse devant !
2014-10-05T18:52:06 <Ikledoreboline> t'inquiète tout serait passé, certains auraient juste perdu des jambes, mais après tu refais un second tour pour ceux qui ce sont fait écraser !
2014-10-05T18:52:07 <Ikledoreboline> XD
2014-10-05T18:52:12 <Ikledoreboline> tous*
2014-10-05T18:52:17 <Ikledoreboline> seraient*
2014-10-05T18:52:22 <Ikledoreboline> passés*
2014-10-05T18:52:23 <Ikledoreboline> xD
2014-10-05T18:52:43 <Ikledoreboline> Je vais pas passer mon temps à me corriger car là je vais spam sinon .-.
2014-10-05T18:53:06 <tenoricat> xD
2014-10-05T19:02:40 <Gordfang> ok je vient de choper un objet sur tf2
2014-10-05T19:02:43 <Gordfang> prix de revente
2014-10-05T19:02:47 <Gordfang> 167€ ...
2014-10-05T19:03:52 <Ikledoreboline> xDDD
2014-10-05T19:03:56 <Ikledoreboline> de quoi te plains-tu ?
2014-10-05T19:04:28 <Gordfang> ah bas de rien
2014-10-05T19:04:42 <Gordfang> quand j'aurai reussi a le vendre sa va faire plaisir :D
2014-10-05T19:05:10 <Ikledoreboline> x3
2014-10-05T19:05:21 <Ikledoreboline> c'est quoi le nom de l'item en question ?
2014-10-05T19:05:35 <Gordfang> la congue de hong-kong en inhabituel
2014-10-05T19:05:37 <Gordfang> (me semble)
2014-10-05T19:06:59 <Ikledoreboline> tout les 2-3 jours ya une vente
2014-10-05T19:07:00 <Ikledoreboline> fessable;
2014-10-05T19:07:01 <Ikledoreboline> XD
2014-10-05T19:07:21 <Gordfang> yup surtout que je les mis moins cher que les autre
2014-10-05T19:09:54 <Ikledoreboline> mr madfox40 xD
2014-10-05T19:20:31 <Ikledorelimiam> bonne ap
2014-10-05T19:21:21 <Silou> gg Gordfang, tu fais mieux que ma AK-47 à 80€ :D
2014-10-05T19:30:53 <Ikledoreboline> re
2014-10-05T20:19:04 <Gordfang> re
2014-10-05T20:20:24 <tenoricat> r
2014-10-05T20:26:04 <Ikledoreboline> https://www.filepicker.io/api/file/mVLb1vZUSzSenD9rN4ns .-.
2014-10-05T20:47:53 *** Letarumavza s'est connecté
2014-10-05T20:49:29 <Ikledoreboline> Yup Leta
2014-10-05T20:50:29 <Gordfang> yo
2014-10-05T21:18:36 *** Ponyskrall s'est connecté
2014-10-05T21:18:46 <Ponyskrall> Bonchoir
2014-10-05T21:18:51 <Ponyskrall> !
2014-10-05T21:20:35 <Ikledoreboline> Bonsoir !
2014-10-05T21:24:42 <Ponyskrall> Damn, s'tait bien fatiguant Animasia =w=
2014-10-05T21:28:20 *** Makhai s'est connecté
2014-10-05T21:28:26 <Makhai> Yop
2014-10-05T21:31:01 <Ikledoreboline> yup
2014-10-05T21:31:08 <Ikledoreboline> yup
2014-10-05T21:31:12 <Ikledoreboline> yup yup yup yup xD
2014-10-05T21:32:20 <Makhai> Yooooooooooooop :p
2014-10-05T21:32:29 <Ponyskrall> Nous avions compris, je suppose :o
2014-10-05T21:36:00 <Ikledoreboline> xD
2014-10-05T21:36:05 <Ikledoreboline> C'est pour être sûr ;)
2014-10-05T21:41:17 *** TrappyTickles s'est connecté
2014-10-05T21:42:44 <Ponyskrall> Hm
2014-10-05T21:43:18 <Ponyskrall> Juste pour savoir, qui était présent à Animasia hier et aujourd'hui ?
2014-10-05T21:44:08 <Ikledoreboline> yup
2014-10-05T21:45:38 *** Makhai est parti
2014-10-05T21:48:46 <Ponyskrall> Tu a trouvé ça comment ? ^^
2014-10-05T21:49:22 <tenoricat> j'y étais hier :-)
2014-10-05T21:49:28 *** Letarumavza est parti
2014-10-05T21:51:42 <Ponyskrall> A vrai dire, j'ai tenu un stand là bas
2014-10-05T21:52:01 <Ponyskrall> Un stand de LEGO, vers le 1er étage du Hangar  14 ^^
2014-10-05T21:52:13 <Ponyskrall> Avec 2 autres exposant, valààà
2014-10-05T21:52:45 <Ikledoreboline> Anwwww, ok, j'ai rapidement regardé, c'est cool mais c'est pas fait par vous nop ?
2014-10-05T21:53:24 <Ponyskrall> Oui...et non
2014-10-05T21:54:00 <Ponyskrall> M'fin, on avait une boutique où tu pouvais acheter des vieux set Bionicle et de l'autres, des créations fait par nous même =)
2014-10-05T21:54:51 <Ikledoreboline> ^^
2014-10-05T21:56:03 <Ponyskrall> Mais bon, j'rage pour un truc... J'avais prévu d'amener (globalement) des créations représentant Portal et également du MLP genre Discord pour ne cité que lui...
2014-10-05T21:56:26 <Ponyskrall> Mais le facteur "manque de pièces" est arrivé x)
2014-10-05T21:57:03 <Ikledoreboline> Roooh !
2014-10-05T21:57:05 <Ikledoreboline> xD
2014-10-05T21:57:14 <Ikledoreboline> Dommage ^^
2014-10-05T21:57:48 <Ponyskrall> Au j'pourrai être sûr d'attirer des Brony et des fan de Portal, huhu ^^
2014-10-05T21:57:52 <Ponyskrall> moins*
2014-10-05T21:58:08 <Ikledoreboline> ça c'est clair ^^
2014-10-05T21:58:30 <Ponyskrall> Bon bah
2014-10-05T21:58:35 <Ponyskrall> On verra ça en 2015
2014-10-05T22:03:45 <Ikledoreboline> ^^ il à bien marcher du coup votre stand ?
2014-10-05T22:06:47 <Ponyskrall> Oh ben ouais, on a eu 145€ en tout
2014-10-05T22:07:12 <Ponyskrall> Argent qu'on doit reverser a notre assos ^^
2014-10-05T22:10:01 <Ikledoreboline> Nice, plus de vente l'année prochaine !
2014-10-05T22:12:20 <Ponyskrall> T'en fait pas mon cochon, on en aura a vendre
2014-10-05T22:12:42 <Ikledoreboline> Je suis pas un cochon "_è
2014-10-05T22:12:51 <Ponyskrall> On aura surtout un stand construction, de plus... M'fin, si on arrive enfin à l'avoir x'D
2014-10-05T22:12:59 <Ponyskrall> Mon "poney" ?
2014-10-05T22:13:11 <Ikledoreboline> M'oui ^^ pour le "m'enfin" mandora veut pas ?
2014-10-05T22:14:06 <Ponyskrall> Oui...Et non
2014-10-05T22:14:50 <Ponyskrall> M'fin ça, c'est une histoire de table car nous avions signé une autorisation de vente comme quoi les stand de vente ne pouvait pas
2014-10-05T22:15:00 <Ponyskrall> avoir plus de 2 tables
2014-10-05T22:15:17 <Ikledoreboline> C'est quoi ce truc à la con -_-
2014-10-05T22:15:23 <Ponyskrall> Et de plus, on galère a trouver un vrac de pièces x)
2014-10-05T22:15:35 <Ponyskrall> Ah, et aussi
2014-10-05T22:15:41 <Ponyskrall> On a pas de courant....
2014-10-05T22:15:52 <Ponyskrall> Ce qui me fait un tantinet...hm...chier
2014-10-05T22:16:07 <Ikledoreboline> D'autres en ont et pas vous ? c'est quoi ce délire ? x)
2014-10-05T22:16:29 <Ponyskrall> Héhéhéh.....l'organisation
2014-10-05T22:16:45 <Ikledoreboline> Pfiuuu lol
2014-10-05T22:17:31 <Ikledoreboline> Faut vraiment qu'ils revoient leurs organisation déjà que pour les entrés mettre des petits affiches de merde pour les entrés prévente et non à peine visible, rien que pour faire la queue c'est DEJA la merde.
2014-10-05T22:17:59 <Ikledoreboline> Et bien-sûr, le lieux n'est toujours pas suffisamment grand.
2014-10-05T22:18:08 <Ponyskrall> Pour revenir au courant, le pourquoi ça me fait plutôt chier, c'est parce que je fais globalement du stop motion avec ce genre de figurine d'action. Ce qui fait  que c'est rare, donc, le montrer au publique ^^
2014-10-05T22:18:15 <Ikledoreboline> Avec tout les kikoos qui veulent absolument leurs fucking autographe...
2014-10-05T22:18:32 <Ikledoreboline> Bah ouais c'est cool ça en plus
2014-10-05T22:18:56 <Ponyskrall> Ah bah ça....
2014-10-05T22:19:02 <Ikledoreboline> c'est du boulot, tu en as fait beaucoup et les publis ,
2014-10-05T22:19:03 <Ikledoreboline> ?*
2014-10-05T22:19:20 *** Makhai s'est connecté
2014-10-05T22:19:29 <Ponyskrall> J'ai essayer de voir le JDG et j'ai juste réussi a le prendre en photo parmi ce monde apocalyptique x'D
2014-10-05T22:19:43 <Ponyskrall> Eeyup :
2014-10-05T22:19:43 <Makhai> J'y étais aussi
2014-10-05T22:20:14 <Ponyskrall> J'ai une chaîne YouTube où je poste directement mes vidéo ^^
2014-10-05T22:20:20 <Ikledoreboline> Lol, aucun intérêt personnellement, rien que de voir la personne c'est amplement suffisant je trouve.
2014-10-05T22:21:27 <Ponyskrall> Oui certes mais bon...
2014-10-05T22:21:48 <Ponyskrall> C'est la "heiss" pour le voir #susuj'parleencaillarhanhanhan
2014-10-05T22:22:16 <Ikledoreboline> ça m'à tellement fait mal à la tête que j'ai pas lu le # en entier
2014-10-05T22:22:36 <Ponyskrall> Traduction : susu j'parle en caillar hanhanhan
2014-10-05T22:22:45 <Ponyskrall> caillara*
2014-10-05T22:23:17 <Ikledoreboline> Non mais ça fait toujours mal à la tête enfaite. XD
2014-10-05T22:23:50 <Ponyskrall> Ouais remarque, je suis d'accord x(
2014-10-05T22:26:48 <Ponyskrall> Brefounet, si ça t'intéresse, j'peux te passer le lien
2014-10-05T22:27:23 <Ikledoreboline> Ouais, je suis curieux ^^
2014-10-05T22:28:29 <Ponyskrall> https://www.youtube.com/user/Skrall7899
2014-10-05T22:28:34 <Ponyskrall> Vali, valou
2014-10-05T22:29:35 *** Makhai est parti
2014-10-05T22:29:51 <Ikledoreboline> merki ^^
2014-10-05T22:30:04 <Ikledoreboline> Mais j'étais déjà partir voir il y à 10 minutes x)
2014-10-05T22:30:12 <Ikledoreboline> parti*
2014-10-05T22:30:16 *** tenoricat est parti
2014-10-05T22:31:33 <Ponyskrall> ^^
2014-10-05T22:45:09 <Ponyskrall> Bon
2014-10-05T22:45:18 <Ponyskrall> Vais pioncer moi, bonne nuit !
2014-10-05T22:45:48 <Ikledoreboline> Bonne nuit !
2014-10-05T22:46:38 <Ponyskrall> Que Celestia garde vos rêves *u*
2014-10-05T22:46:56 <Ikledoreboline> WTF
2014-10-05T22:46:57 <Ikledoreboline> LUNA
2014-10-05T22:46:58 <Ikledoreboline> LUNA
2014-10-05T22:46:58 <Ikledoreboline> XD
2014-10-05T22:47:59 <Ponyskrall> ...
2014-10-05T22:48:09 <Ponyskrall> J'suis fatigué, taggle x'D
2014-10-05T22:48:22 <Ponyskrall> Bref, pwet !
2014-10-05T22:50:40 *** Ponyskrall est parti
2014-10-05T22:50:42 <Ikledoreboline> pfiu !
2014-10-05T23:02:47 *** Makhai s'est connecté
2014-10-05T23:02:59 *** Makhai est parti
2014-10-05T23:11:50 <Berry-Punch> Voilà ce qu'il s'est passé ces 10 dernières lignes, *hic* adriens33
2014-10-05T23:11:51 *** adriens33 s'est connecté
2014-10-05T23:15:12 <Ikledoreboline> yop adriens
2014-10-05T23:18:39 <adriens33> bonsoir
2014-10-05T23:27:34 <Ikledoreboline> http://9gag.com/gag/azL9QLK le paradis !
2014-10-05T23:50:28 *** Gordfang est parti
2014-10-05T23:58:39 <Ikledoreboline> Music is magic !
2014-10-05T23:58:40 <Ikledoreboline> xD
