2014-09-21T00:31:31 <Ikledoreboline> Salut wildfier
2014-09-21T01:08:18 <Ikledoreboline> Nom d'un Zbooba même l'eau plate est moins silencieuse que vous ! :D (Si vous avez compris la blague .-.)
2014-09-21T01:19:28 *** wildfier est parti
2014-09-21T02:13:24 *** Letarumavza est parti
2014-09-21T02:15:00 *** Letarumavza s'est connecté
2014-09-21T02:15:37 <Letarumavza> FUCK THIS SHIT
2014-09-21T02:15:52 <Letarumavza> J'ai plus d'eau chaude...
2014-09-21T02:50:35 <Ikledoreboline> ah, t'arrive beaucoup de merde en se moment leta, va chercher un trèfle à quatre feuille ou achète le sur Amazon ou Ebay x'D
2014-09-21T02:51:39 <Letarumavza> Non non, selon les standards de ma vie, c'est une période relativement chanceuse.
2014-09-21T02:51:52 <Ikledoreboline> Ah bon ? xD
2014-09-21T02:52:13 <Ikledoreboline> drôle de période chanceuse é_é
2014-09-21T04:14:09 <Letarumavza> Hum...
2014-09-21T04:14:16 <Letarumavza> Il va me falloir un déssinateur.
2014-09-21T04:36:51 <Ikledoreboline> ?
2014-09-21T05:57:45 <Ikledoreboline> Bon, bonne nuit x)
2014-09-21T05:58:00 *** Ikledoreboline est parti
2014-09-21T08:43:43 <Berry-Punch> Voilà ce qu'il s'est *hic* passé ces 10 dernières lignes, adriens33
2014-09-21T08:43:44 *** adriens33 s'est connecté
2014-09-21T09:29:06 <adriens33> Bonchoure le monde
2014-09-21T09:29:12 <adriens33> y'a des gens vivants ici ?
2014-09-21T10:06:16 <ValCab> Hello
2014-09-21T10:48:02 *** flutterbrony s'est connecté
2014-09-21T10:48:56 <flutterbrony> bonjour tout le monde
2014-09-21T10:53:18 <adriens33> salut
2014-09-21T10:56:24 <flutterbrony> J'ai enfin un serveur dédié ! ^^
2014-09-21T10:59:07 <adriens33> yay ^^
2014-09-21T11:01:24 <flutterbrony> par contre, j'ai un problème pour trouver comment lui ajouter un nom de domaine
2014-09-21T11:07:02 *** heuzef s'est connecté
2014-09-21T11:07:02 *** heuzef est parti
2014-09-21T11:07:14 *** heuzef s'est connecté
2014-09-21T11:07:38 <heuzef> yo
2014-09-21T11:07:45 <heuzef> ça parle encore informatique ici
2014-09-21T11:07:50 <heuzef> Bande de geek
2014-09-21T11:08:32 <flutterbrony> xp
2014-09-21T11:08:59 <heuzef> Il tourne sous quoi ton dédié ?
2014-09-21T11:09:05 *** Ambrocidus s'est connecté
2014-09-21T11:09:10 <Ambrocidus> Bonjour tout le monde ;)
2014-09-21T11:09:16 <heuzef> Un Ambrocidus sauvage apparaît
2014-09-21T11:09:23 * heuzef jette une pokeball sur Ambrocidus
2014-09-21T11:09:38 * Ambrocidus attaque cage éclair sur heuze
2014-09-21T11:09:47 <heuzef> cage éclair ? oO
2014-09-21T11:10:03 <heuzef> Cay nul :O
2014-09-21T11:10:12 <Ambrocidus> >.> Je n'aime pas Kiwi IRC! On peux pas modifier ses messages :<
2014-09-21T11:10:34 <heuzef> C'est le protocole IRC qui permet pas ça
2014-09-21T11:10:59 <adriens33> y'a que skype qui peut faire ça :p
2014-09-21T11:11:10 <adriens33> et pour les chats publics comme ça skype caypapossibl
2014-09-21T11:11:45 <adriens33> salut les gens qui viennent d'arriver au passage
2014-09-21T11:11:48 <Ambrocidus> heuzef: tu pourrais me redonner les identifiants BronyCAT s'il te plaît ? Je l'ai ai plus :/
2014-09-21T11:12:56 <flutterbrony> salut Ambrocidus
2014-09-21T11:13:02 <Ambrocidus> Salut tout le monde :)
2014-09-21T11:14:51 <flutterbrony> Quand tu dit identifiant bronycat, t'entends quoi par là ?
2014-09-21T11:15:50 <Ambrocidus> Le mot de passe mail x')
2014-09-21T11:16:13 <Ambrocidus> C'est la loose, je viens de réinstaller Ubuntu, je crois que je vais l'écrire sur un post-it
2014-09-21T11:16:39 <flutterbrony> Tiens, tu me rappelle que je dois le réinstaller chez moi aussi ^^
2014-09-21T11:18:17 <flutterbrony> et bien sur, je croyais descendre le cd, mais il n'y avais que la pochette vide :/
2014-09-21T11:18:56 <Ambrocidus> Met le sur un USB, non ?
2014-09-21T11:19:26 <heuzef> Sérieux t'as perdu le mot de passe ? oO
2014-09-21T11:19:44 <Ambrocidus> Bah, il est sur mon autre disque dur ><
2014-09-21T11:19:49 <heuzef> C'est toi le gestionnaire principal et le responssable de ce MDP mec
2014-09-21T11:19:54 <heuzef> Pas moi
2014-09-21T11:20:01 <Ambrocidus> Je sais bien, mais tu l'as le mot de passe?
2014-09-21T11:20:05 <heuzef> T'as merdé grave :/
2014-09-21T11:20:17 <Ambrocidus> Je l'ai passer à Sevenn, et évidemment, je peux pas consulter l'historique Skype
2014-09-21T11:20:35 <Ambrocidus> J'ai l'impression que sous Linux, c'est un peux bugger Skype.
2014-09-21T11:20:53 <Letarumavza> Euh...
2014-09-21T11:20:54 <Letarumavza> *
2014-09-21T11:20:58 <adriens33> hey
2014-09-21T11:21:05 <adriens33> y'a pas de pub sur la version linux de skype !
2014-09-21T11:21:07 <Letarumavza> Je dois avoir un tool pour récup ça sous kali
2014-09-21T11:21:12 <adriens33> donc elle est mieux que la version windows déjà
2014-09-21T11:21:20 <adriens33> rien que pour ça :p
2014-09-21T11:21:28 <adriens33> sinon elle bug pas plus que la version windows.
2014-09-21T11:21:35 <Letarumavza> Et elle marche mieux depuis que microsoft a racheté skype.
2014-09-21T11:21:52 <Ambrocidus> Je suis d'accord, mais là, je peux pas consulter l'historique en fait...
2014-09-21T11:22:00 <flutterbrony> Faut la 4.3, la 4.2 beug un peu chez moi ...
2014-09-21T11:22:04 <Ambrocidus> J'ai le mot de passe, mais dans la boîte mail >.<
2014-09-21T11:22:08 <heuzef> Ambrocidus je viens de te renvoyer le mdp sur ton mail, t'as du bol franchement ...
2014-09-21T11:22:16 <adriens33> c'est pas que la 4.2 bug flutterbrony
2014-09-21T11:22:20 <adriens33> c'est qu'elle est out of date
2014-09-21T11:22:25 <adriens33> donc si elle marche plus c'est normal…
2014-09-21T11:22:27 <Ambrocidus> Mon mail? Lequel? Ambrocidus@outlook.com?
2014-09-21T11:22:29 <Letarumavza> Héhé
2014-09-21T11:22:31 <flutterbrony> ouais, je sais ...
2014-09-21T11:22:37 <heuzef> gmail.com, c'est el seul que j'ai
2014-09-21T11:22:44 <Letarumavza> la 4.2 je connais une faille de péné sous linux ^^
2014-09-21T11:23:03 <heuzef> Entre outlook et skype je vais finir par croire que t'as des action chez kro$oft toi
2014-09-21T11:23:26 <flutterbrony> et pour sur usb, non, j'ai mit ubuntu sur cd car j'ai un vieux pc qui ne connais que ca et le disque dur x)
2014-09-21T11:23:33 <Letarumavza> Ne stresses pas flo, y'a que moi dans cette position ^^
2014-09-21T11:23:52 <Ambrocidus> J'aime bien Microsoft moi x)
2014-09-21T11:23:58 <adriens33> Letarumavza: ouais mais qui a encore skype 4.2 sous linux ?
2014-09-21T11:24:04 <adriens33> à part les distributions pas à jour ?
2014-09-21T11:24:13 <adriens33> (genre debian qui doit sans doute encore avoir la 2.2… XD=
2014-09-21T11:24:15 <adriens33> *)
2014-09-21T11:24:17 <Letarumavza> Passoires ^^
2014-09-21T11:24:21 <Letarumavza> Euh...
2014-09-21T11:24:26 <Letarumavza> Kali est une debian
2014-09-21T11:24:27 <adriens33> (c'était un troll gratuit)
2014-09-21T11:24:27 <Ambrocidus> Ah d'accord, je vois aussi des mails que tu m'avais envoyé...
2014-09-21T11:24:37 <Ambrocidus> Que j'avais pas vu, maintenant prends mon adresse Outlook x)
2014-09-21T11:25:06 <Ambrocidus> En plus je suis con, j'avais déjà le vieux mail avec le mot de passe ><
2014-09-21T11:25:18 <heuzef> Si tu compte dire à la planete entière que t'as mis ton mail à jour je te souhaite bon courage t'as pas finit
2014-09-21T11:25:36 <heuzef> Je te recommande de mettre en place une redirection
2014-09-21T11:25:44 <heuzef> Histoire de faire gagner du temps à tous le monde
2014-09-21T11:25:55 <Letarumavza> alias powa ^^
2014-09-21T11:26:14 <adriens33> Letarumavza: trop :p
2014-09-21T11:26:25 <adriens33> j'ai mon propre serv mail, donc les alias j'en ai autant que j'en veux.
2014-09-21T11:26:28 <flutterbrony> J'en ai marre de Windows 8 !!!
2014-09-21T11:26:28 <Letarumavza> Niveau sécu c'est vraiment cool les alias, tu ne diffuse jamais ton adresse réelle, que les mirroirs.
2014-09-21T11:26:37 <Letarumavza> flutterbrony, il se passe quoi ?
2014-09-21T11:26:40 <adriens33> du coup pour chaque service si je reçois des spams, je sais de qui ça vient XD
2014-09-21T11:26:45 <flutterbrony> Le 20ième au moins qui m'appelle pour un problème avec lui !
2014-09-21T11:26:56 <flutterbrony> il trouve pas comment le connecter en wifi ;(
2014-09-21T11:27:03 <Letarumavza> W00t ?
2014-09-21T11:27:07 <Letarumavza> Et l'aide en ligne ?
2014-09-21T11:27:20 <adriens33> Letarumavza…
2014-09-21T11:27:25 <Letarumavza> Enfin... Pour les connexion elle est offline ^^
2014-09-21T11:27:26 <adriens33> s'il arrive pas à se co en wifi…
2014-09-21T11:27:29 <flutterbrony> super utile quand tu n'as pas internet xp
2014-09-21T11:27:31 <adriens33> comment il fait pour avoir l'aide en ligne ? XD
2014-09-21T11:27:48 <heuzef> Et depuis quand les gens cherche une solution avant de gueler à l'aide ? xD
2014-09-21T11:27:59 <flutterbrony> Je passe mon temps au téléphone pour les aider, j'en ai marre !
2014-09-21T11:28:07 <Letarumavza> Une aide en ligne n'est pas forcément une aide disponible sur internet... Une aide en ligne est une aide disponible dans le contexte.
2014-09-21T11:28:16 <heuzef> flutterbrony ça dépend tu prend combien €/heure ?
2014-09-21T11:28:29 <flutterbrony> rien :|
2014-09-21T11:28:33 <Letarumavza> 0o !
2014-09-21T11:28:43 <heuzef> Tu m'étonne, c'est pas rentable 0€ par heure
2014-09-21T11:28:45 <Letarumavza> T'es con, et tu bousilles le business...
2014-09-21T11:28:49 <heuzef> oui
2014-09-21T11:29:00 <flutterbrony> mais euh ...
2014-09-21T11:29:19 <flutterbrony> Je vais pas faire payer des amis !
2014-09-21T11:29:26 <heuzef> Si
2014-09-21T11:29:28 <Letarumavza> Si
2014-09-21T11:29:34 <flutterbrony> Même si c'est des amis d'amis d'amis
2014-09-21T11:29:35 <heuzef> Vu ce que tu dis la
2014-09-21T11:29:37 <flutterbrony> quoique ...
2014-09-21T11:29:40 <heuzef> C'est plus un simple service
2014-09-21T11:29:43 <heuzef> c'est des prestations
2014-09-21T11:29:45 <Letarumavza> Perso je fais 20€ de l'heure, une heure entamée est une heure facturée.
2014-09-21T11:30:00 <flutterbrony> M'enfin, généralement, j'ai 20€ qui arrivent tout seul après x)
2014-09-21T11:30:02 <adriens33> ça va, c'est correct comme prix
2014-09-21T11:30:02 <heuzef> à savoir, à facturation c'est 35€ minimum
2014-09-21T11:30:03 <Letarumavza> (enfin, pour un dépanage)
2014-09-21T11:30:27 <Letarumavza> 40€ une install d'os.
2014-09-21T11:30:40 <Letarumavza> Même prix un réglage d'OC
2014-09-21T11:30:51 <heuzef> flutterbrony: 20€ c'est correct si tu y passe pas plus d'1h tous compris
2014-09-21T11:31:32 <Letarumavza> ça me fait penser que je devrais me mettre au niveau sur le matos apple...
2014-09-21T11:31:49 <Letarumavza> 42 est équipé macbook...
2014-09-21T11:31:52 <flutterbrony> Bah, en parrallèle, j'ai un windows 8 utilis de manière pro bien bourré de virus en tous genres
2014-09-21T11:32:00 <Letarumavza> 0o
2014-09-21T11:32:07 <adriens33> flutterbrony: miam
2014-09-21T11:32:11 <flutterbrony> une pub qui s'ouvre toutes les 5 min, même avec adblock + impossible de le connecter a google
2014-09-21T11:32:21 <Letarumavza> ...
2014-09-21T11:32:24 <Letarumavza> avira
2014-09-21T11:32:27 <heuzef> Fait payer. Tu va voir que les gens vont se calmer un peu et faire un peu de recherche google avant de t'appeler pour la moindre merde
2014-09-21T11:32:29 <Letarumavza> + cerveau
2014-09-21T11:33:02 <flutterbrony> J'ai fait un coup de ccleaner -4Go + un coup de malware byte avant-hier
2014-09-21T11:33:16 <heuzef> Et en générale si tu fait face à un windows tous pété => Sauvegarde + réinstallation
2014-09-21T11:33:26 <heuzef> Plus rapide que recherche de solution et correction
2014-09-21T11:33:29 <heuzef> Donc gain de temps
2014-09-21T11:33:49 <flutterbrony> Sauf que là il veut pas (sinon, je l'aurais déjà fait (quoique a distance, c'est plus compliqué))
2014-09-21T11:34:00 <Letarumavza> flutterbrony, dans l'ordre => usbfix => rogue killer => malwarebytes => avira.
2014-09-21T11:34:08 <Ambrocidus> Qui connais "Les Chroniques des Temps Obscurs" de Michelle Paver?
2014-09-21T11:34:12 <heuzef> Dans ce cas oui, simple nettoyage
2014-09-21T11:34:39 <Letarumavza> Autre truc.
2014-09-21T11:34:49 <Letarumavza> si la license est piratée, signales là à microsoft.
2014-09-21T11:35:08 <Letarumavza> Si tu en signales quelques unes... ça peut avoir des conséquences sympa.
2014-09-21T11:35:55 <flutterbrony> Ouais, c'est ca je vais dénoncer des amis qui ont acheté un pc neuf avec un windows piraté :p
2014-09-21T11:36:10 <Letarumavza> Bah... oui.
2014-09-21T11:36:14 <adriens33> s'il achète un pc neuf avec un windows qu'est piraté
2014-09-21T11:36:16 <flutterbrony> Quand même pas
2014-09-21T11:36:20 <adriens33> c'est la faute de celui qui a fait l'install.
2014-09-21T11:36:23 <Letarumavza> Crosoft se retourne contre l'install.
2014-09-21T11:36:30 <Letarumavza> Pas contre la personne dupée
2014-09-21T11:36:32 <flutterbrony> Je signale le vendeur plutot dans ce cas
2014-09-21T11:36:49 <Letarumavza> (qui généralement peut avoir la license à prix réduit après ça)
2014-09-21T11:37:18 <Letarumavza> ça me rapelle les glandus à media 2K sur talence.
2014-09-21T11:37:51 <Letarumavza> Qui piquaient les licenses microsoft, me suis fait un plaisir de faire une magnifique intrusion et de tout balancer à microsoft.
2014-09-21T11:37:54 <flutterbrony> J'ai déjà vu quelqu'un qui m'a apporté son pc pour  que je lui pirate bien windows 7 alors que la clé de licence étais collé dessous !
2014-09-21T11:38:09 <adriens33> o.o
2014-09-21T11:38:13 <adriens33> okéé
2014-09-21T11:38:13 * Letarumavza facehoof.
2014-09-21T11:38:39 <flutterbrony> Je m'étais bien marré avec ca
2014-09-21T11:38:41 <adriens33> "bonjour, j'ai payé windows 7 mais j'en veux un rootkité d'usine et totalement bancal siouplé !"
2014-09-21T11:39:04 <Letarumavza> Bah... Y'a des bootloaders sains.
2014-09-21T11:39:12 <adriens33> je sais, c'était pour l'image.
2014-09-21T11:39:55 <heuzef> Haha :D
2014-09-21T11:39:56 <heuzef> https://www.youtube.com/watch?v=ouUs_J3AI-U
2014-09-21T11:40:00 <heuzef> J'adore ce mec
2014-09-21T11:40:06 <flutterbrony> Ou un aussi qui habitais a Paris, qui étais allé en vacance en Belgique, qui avais trouvé un iphone 5C  et qui étais déscendu a Bordeaux pour que je lui vire les codes et repartais sur Paris ...
2014-09-21T11:40:30 <adriens33> aha l'iPhone 5C…
2014-09-21T11:40:36 <adriens33> le smartphone low cost à 600€…
2014-09-21T11:40:37 <adriens33> XD
2014-09-21T11:40:46 <adriens33> la bonne blague.
2014-09-21T11:40:58 <flutterbrony> Comme s'il pouvais pas le faire a Paris ca, non, il est allé a Bordeaux avant ...
2014-09-21T11:41:00 <Letarumavza> Hum...
2014-09-21T11:41:20 <Letarumavza> J'ai un Iphone 6 toutes options à aller chercher à la poste...
2014-09-21T11:41:28 <Letarumavza> Pas envie de bouger...
2014-09-21T11:42:01 <Letarumavza> Je vais le refiler à quelqu'un je pense...
2014-09-21T11:42:08 <Ambrocidus> En fait, installer LAMP c'est pas si compliqué!
2014-09-21T11:42:18 <Letarumavza> Suffit de la brancher au mur.
2014-09-21T11:42:23 <Letarumavza> Et de verifier l'ampoule.
2014-09-21T11:42:27 <adriens33> *badum tss*
2014-09-21T11:42:58 <adriens33> Ambrocidus: c'est le principe de lampp en même temps… de pas avoir à installer+conf séparément apache, mysql & php
2014-09-21T11:43:46 <Ambrocidus> Oui, enfin, passer par le terminal, mais bon, si on est un noob comme moi sur Linux, c'est pas évident aux premiers abords. Merci le site documentation Ubuntu x)
2014-09-21T11:43:52 <flutterbrony> Tiens, je voulais savoir, DTC toaster, il est toujours en développement ou pas ?
2014-09-21T11:44:56 <flutterbrony> Parce que je trouve que des tutos pour Debian Etch qui est un peu une ancienne version quoi :/
2014-09-21T11:44:59 <Letarumavza> Tain, win8 c'est un vrai bijou.
2014-09-21T11:45:20 <Letarumavza> Cygwin + KDE
2014-09-21T11:45:51 <adriens33> ^^
2014-09-21T11:46:14 <adriens33> tu pourrais pas faire ça avec gnome… ça marche plus que sur linux. tu peux plus avoir gnome sous bsd ou autre avec leurs conneries de systemd
2014-09-21T11:46:23 <adriens33> (quelle merde ce truc…)
2014-09-21T11:47:11 <Ambrocidus> etc/apache2/sites-available/default
2014-09-21T11:47:19 <Ambrocidus> j'ai pas default, j'ai 000defaut et default ssh
2014-09-21T11:47:30 <Ambrocidus> ssl*
2014-09-21T11:48:05 <heuzef> 000 devant c'est pour définir la priorité si tu veux mettre plusieurs sites
2014-09-21T11:48:07 <Ambrocidus> Je fais comment (j'essaye de modifier le répertoire de travail)
2014-09-21T11:48:29 <heuzef> D'ailleur c'est un merdier monumentale dans mes vhost ... va me falloir de l'aide un jour
2014-09-21T11:48:36 <Ambrocidus> d'apache le fichier 000-default.conf n'a plus de section <Directory /var/www>, il faut la rajouter en dessous de la ligne DocumentRoot /var/www.
2014-09-21T11:48:37 <Letarumavza> KDE 4 est natif sous win anyway.
2014-09-21T11:48:43 <adriens33> heuzef: et pas que pour tes vhosts…
2014-09-21T11:48:46 <adriens33> Letarumavza: je sais ^^
2014-09-21T11:48:47 <Ambrocidus> Je sais pas lire
2014-09-21T11:48:48 <Ambrocidus> Désolé
2014-09-21T11:48:48 <Ambrocidus> x)
2014-09-21T11:48:50 <adriens33> c'est la magie de Qt.
2014-09-21T11:49:01 <heuzef> Pourquoi tu dis ça ?
2014-09-21T11:49:25 <adriens33> bah entre le serv minecraft qui crashait tout le temps, que là je l'ai juste posé sur le mien et ça roule nickel…
2014-09-21T11:49:31 <adriens33> le fait qu'on ait acces à aucun log
2014-09-21T11:49:38 <adriens33> et ton iptables qui doit être super joli… ^^
2014-09-21T11:49:51 <heuzef> Je vois pas pourquoi tu dis ça
2014-09-21T11:50:09 <heuzef> Le serv minecraft je l'ai installer en suivant la doc officiel
2014-09-21T11:50:12 <adriens33> …
2014-09-21T11:50:15 <heuzef> J'ai bien accès aux log
2014-09-21T11:50:23 <heuzef> Et j'ai jamais touché à mon iptables
2014-09-21T11:50:28 <adriens33> justement…
2014-09-21T11:50:36 <adriens33> si t'as jamais touché à ton iptables il doit être joli.
2014-09-21T11:50:47 <adriens33> un pare feu pas conf sur un serv public c'est moche.
2014-09-21T11:50:48 <adriens33> ^^
2014-09-21T11:50:57 <adriens33> et le serv minecraft crashait tout le temps chez toi.
2014-09-21T11:51:04 <Ambrocidus> Comment on se met en super utilisateur ? svp
2014-09-21T11:51:05 <adriens33> quand je l'ai posé sur le mien il a arrêté de crasher.
2014-09-21T11:51:09 <flutterbrony> su
2014-09-21T11:51:14 <adriens33> sous linux tu fais sudo su - si t'es sous ubuntu
2014-09-21T11:51:14 <flutterbrony> ou sudo
2014-09-21T11:51:27 <adriens33> (ou juste su - sinon)
2014-09-21T11:51:38 <heuzef> Mouais le coup du parfeu ça me semble louche quand même
2014-09-21T11:51:45 <adriens33> bah… un parefeu ça se configure.
2014-09-21T11:51:50 <Ambrocidus> Merci, et maintenant je peux modifier le fichier 000defaut il me semble?
2014-09-21T11:51:51 <adriens33> si tu fais que l'installer ça suffit pas.
2014-09-21T11:52:04 <heuzef> Je suis pas censé le deviner, c'est pour ça que je trouve ça nul
2014-09-21T11:52:10 <adriens33> (apres on peut pas vraiment installer le parefeu sous linux, il est nativement dans le kernel)
2014-09-21T11:52:11 <adriens33> heuzef…
2014-09-21T11:52:25 <adriens33> t'es en train de me dire que t'es pas sensé deviner que les trucs sous linux ça se configure pas tout seul ?
2014-09-21T11:52:25 <adriens33> lol.
2014-09-21T11:52:33 <adriens33> tu me fais rire :p
2014-09-21T11:52:38 <heuzef> Je configure quand j'ai besoin d'un truc
2014-09-21T11:52:40 <heuzef> point
2014-09-21T11:52:49 <adriens33> bah… sur un serveur tu mets un parefeu.
2014-09-21T11:52:53 <Ambrocidus> Ça marche pas >.> j'arrive pas à modifier le fichier default, meme apres avoir taper sudo su
2014-09-21T11:52:58 <adriens33> rassure moi, tu bosses bien dans une boite de sécurité informatique ?
2014-09-21T11:53:03 <adriens33> parce que là tu me fais peur …
2014-09-21T11:53:13 <adriens33> Ambrocidus: ça te dit quoi ?
2014-09-21T11:53:15 <heuzef> J'ai pas touché au iptable
2014-09-21T11:53:24 *** flutterbrony est parti
2014-09-21T11:53:28 <adriens33> heuzef: c'est la première chose à faire quand tu monte un serveur public…
2014-09-21T11:53:29 <Ambrocidus> bah je peux pas cliquer sur enregistrer via gedit
2014-09-21T11:53:37 <Letarumavza> d'ailleurs je fais la maj à la 4.10
2014-09-21T11:53:40 <Letarumavza> j'étais en 4.9
2014-09-21T11:53:42 <Ambrocidus> j'ai entré sudo su dans le terminal et j'ai ouvert le fichier default
2014-09-21T11:53:52 <adriens33> tu l'as ouvert depuis le terminal ?
2014-09-21T11:53:56 <heuzef> Oui, je suis vraiment trop con de pas l'avoir deviner, heureusement que t'es la pour me le rappeler ;)
2014-09-21T11:54:01 <adriens33> heuzef…
2014-09-21T11:54:05 <Letarumavza> sudo rm -rf /* ?
2014-09-21T11:54:15 <Ambrocidus> Euh, non x') comment on fait pour ouvrir depuis le terminal s'il te plait xF
2014-09-21T11:54:21 <adriens33> hein ?
2014-09-21T11:54:34 <adriens33> donc dans un terminal t'as fait sudo su et depuis ton explorateur t'as ouvert le fichier ?
2014-09-21T11:54:37 <adriens33> c'normal que ça marche pas :p
2014-09-21T11:54:40 <Ambrocidus> XDDDDD
2014-09-21T11:54:47 <Ambrocidus> Je t'ai dis que j'étais noob sur ubuntu
2014-09-21T11:54:49 *** heuzef est parti
2014-09-21T11:54:51 <adriens33> sudo su - ça te met en root dans le terminal dans lequel tu le tapes
2014-09-21T11:54:57 <Ambrocidus> ah pii
2014-09-21T11:54:59 <Ambrocidus> oui*
2014-09-21T11:55:26 <adriens33> apres pour lancer une appli en graphique via sudo y'a gsudo je crois
2014-09-21T11:55:39 <adriens33> (genre gsudo gedit /path/to/file
2014-09-21T11:55:41 <adriens33> )
2014-09-21T11:55:48 <Letarumavza> Ou se log en root directement, ça marche sous linux.
2014-09-21T11:56:03 <adriens33> Letarumavza: oui mais là faut ouvrir le fichier avec un éditeur en terminal, genr vim.
2014-09-21T11:56:07 <adriens33> tu lui en demande trop là :p
2014-09-21T11:56:16 <Ambrocidus> dans mon cas "gsudo gedit /etc/apache2/sites-available/default"
2014-09-21T11:56:17 <Ambrocidus> ?
2014-09-21T11:56:19 *** Calimeroor s'est connecté
2014-09-21T11:56:24 <adriens33> heu… vouipe
2014-09-21T11:56:28 <Ambrocidus> Ah! merci :)
2014-09-21T11:56:57 <Letarumavza> ubuntu putain...
2014-09-21T11:57:02 <adriens33> ^^
2014-09-21T11:57:23 <Letarumavza> Mais pourquoi pas une arch, une fedora, ou une mandriva ?
2014-09-21T11:57:29 <Letarumavza> Pourquoi ça...
2014-09-21T11:57:35 <adriens33> cherche pas, tu te fais du mal.
2014-09-21T11:57:37 <Calimeroor> Koukou
2014-09-21T11:57:41 <adriens33> salut Calimeroor
2014-09-21T11:58:03 <Letarumavza> L'api graphique d'ubuntu est à chier sur les murs
2014-09-21T11:58:12 <Ambrocidus> Bonjour Calimeroor
2014-09-21T11:58:16 <adriens33> unity c'est de la diarrhée liquide
2014-09-21T11:58:22 <Calimeroor> huc
2014-09-21T11:58:22 *** heuzef s'est connecté
2014-09-21T11:58:25 <Letarumavza> Mais comme c'est user friendly y'a des chances que ça devienne un standard...
2014-09-21T11:58:27 <Calimeroor> ouai
2014-09-21T11:58:32 <heuzef> Yo Calimeroor =)
2014-09-21T11:58:37 <Calimeroor> yop
2014-09-21T11:58:39 <heuzef> Comment ça s'est passé hier ?
2014-09-21T11:58:41 <Letarumavza> fuck ubuntu...
2014-09-21T11:58:52 <Calimeroor> Super
2014-09-21T11:58:53 <Letarumavza> en plus le truc signifie humanité, deux raisons de taper dessus.
2014-09-21T11:58:59 <heuzef> Alors le programme de la journée ?
2014-09-21T11:59:03 <Letarumavza> L'humanité n'a pas sa place sur le territoire de la logique.
2014-09-21T11:59:05 <Calimeroor> On a bien déconner ^^
2014-09-21T11:59:06 <adriens33> "linux for human beings"
2014-09-21T11:59:12 <heuzef> Mais encore ?
2014-09-21T11:59:17 <adriens33> sous entendu linux c'est forcément trop compliqué.
2014-09-21T11:59:19 <Calimeroor> Bah c'était une rencontre alors on a surtout parler
2014-09-21T11:59:21 <adriens33> parce que y'a trop de choix
2014-09-21T11:59:31 <heuzef> Y'avais qui finalement ?
2014-09-21T11:59:31 <Letarumavza> ...
2014-09-21T11:59:40 <Letarumavza> Et les mecs gueulent sous windows...
2014-09-21T11:59:53 <Calimeroor> On était 8 puis 9 puis 7 puis 5 puis 2 xD
2014-09-21T11:59:58 <Letarumavza> Win au moins si tu veux les fonctionalités avancées elles sont juste cachées.
2014-09-21T12:00:03 <heuzef> Wouat ,
2014-09-21T12:00:04 <Letarumavza> Pas retirées.
2014-09-21T12:00:04 <adriens33> Letarumavza: non, moi si je touche à du ubuntu je hurle autant que quand je suis sous windows :p
2014-09-21T12:00:05 <heuzef> ?
2014-09-21T12:00:08 <Calimeroor> x)
2014-09-21T12:00:16 <Letarumavza> Windows > ubuntu.
2014-09-21T12:00:19 <Calimeroor> Beaucoup de neufs
2014-09-21T12:00:27 <adriens33> Calimeroor: ouai, désolé je suis pas revenu après avoir raccompagné Rei au bus parce que j'étais clamsé
2014-09-21T12:00:44 <adriens33> (ça faisait deux jours que j'avais pratiquement pas dormi…)
2014-09-21T12:00:44 <Calimeroor> Ouai tkt pas ^^
2014-09-21T12:00:45 <Letarumavza> Windows c'est les settings de base qui sont à chier et prévus pour madame michu
2014-09-21T12:00:55 <Letarumavza> une fois le truc réglé c'est un monstre.
2014-09-21T12:00:56 <heuzef> Mais vous avez juste blablaté toute la journée ?
2014-09-21T12:01:13 <Calimeroor> Bah oui
2014-09-21T12:01:26 <Calimeroor> pas besoin de faire des trucs spéciaux pour soccuper
2014-09-21T12:01:31 <Calimeroor> ni d'argent
2014-09-21T12:01:59 <heuzef> Tu as senti des liens ce créer entre les gens donc ? =)
2014-09-21T12:02:16 <Calimeroor> Ouep
2014-09-21T12:02:20 <Calimeroor> :)
2014-09-21T12:02:53 <heuzef> Cool, on devrais bien rebondir, Seb commence à mettre au point l'atelier peluche sérieusement
2014-09-21T12:03:21 <Calimeroor> :D
2014-09-21T12:03:36 <heuzef> On à bientôt finit l'atelier Graphisme avec CDPP
2014-09-21T12:03:39 <heuzef> Hâte voir le rendu
2014-09-21T12:04:17 <Letarumavza> Perso je cherche un dessinateur pour mon avatar...
2014-09-21T12:04:31 <Calimeroor> ;o
2014-09-21T12:04:31 <heuzef> Et va falloir qu'on s'inspire de l'animasia cette année, l'année prochaine on devrais avoir un stand
2014-09-21T12:04:32 <Letarumavza> Et j'ai pas 60$ à filer à strype pour le faire...
2014-09-21T12:04:44 <Letarumavza> Fait chier...
2014-09-21T12:05:35 <Calimeroor> Bonne chance pour le stand xD
2014-09-21T12:05:44 <Letarumavza> ça coute une blinde
2014-09-21T12:05:53 <Letarumavza> sans cotisation... ça va être chaud...
2014-09-21T12:05:55 <heuzef> Non on l'a déjà, gratos
2014-09-21T12:06:18 <Letarumavza> Les chiottes ça compte pas flo ^^
2014-09-21T12:06:21 <Calimeroor> lol
2014-09-21T12:06:26 <Calimeroor> xD
2014-09-21T12:07:05 <heuzef> Je sais pas comment ça va se dérouler encore, mais le truc vraiment important c'est plutôt qu'est-ce qu'on va y faire
2014-09-21T12:07:30 <Letarumavza> Ah ouais... carément...
2014-09-21T12:07:37 <Calimeroor> Bah faut s'y prendre mtn xD
2014-09-21T12:07:44 <Letarumavza> Vente de goodies
2014-09-21T12:07:49 <Calimeroor> ouai
2014-09-21T12:08:00 <heuzef> On avait pensé vendre des peluches justement pour reverser les fond à une asso cool
2014-09-21T12:08:04 <Calimeroor> Mais faut avoir l’autorisation de vendre
2014-09-21T12:08:08 <Calimeroor> etfaut payer
2014-09-21T12:08:18 <Letarumavza> Bon...
2014-09-21T12:08:47 <heuzef> Ouais je pense, le truc c'est qu'il nous manque surtout quelqu'un pour s'occuper de ce projet
2014-09-21T12:08:53 <Letarumavza> y'a pas moyen de latter quelques noix histoire d'avoir un passe-droit ?
2014-09-21T12:08:55 <heuzef> Pour commencer ça serait pas mal
2014-09-21T12:10:10 <heuzef> Lezarius est notre interlocuteur principal avec Mandora, mais je le vois mal s'occuper de tous le projet tous seul
2014-09-21T12:10:26 <Letarumavza> Lezarius ? Comme contact ?
2014-09-21T12:10:31 <Calimeroor> lol mauvaise idée de lui mettre ca entre les mains
2014-09-21T12:10:36 <Letarumavza> Complètement.
2014-09-21T12:10:45 <Calimeroor> Bah sinon on peut juste faire un stand d'inscription et de dialogue
2014-09-21T12:10:48 <Ambrocidus> c'est quoi les commande copier coller sur le terminal?
2014-09-21T12:10:54 <Ambrocidus> cut paste?
2014-09-21T12:10:57 <Calimeroor> avec karaoké
2014-09-21T12:11:09 <Letarumavza> karaoké mlp ?
2014-09-21T12:11:14 <Calimeroor> ouai
2014-09-21T12:11:17 <Letarumavza> Si tu sors la VF, je me casse.
2014-09-21T12:11:27 <Calimeroor> Non pas la VF
2014-09-21T12:11:30 <Calimeroor> jamais de la vie xD
2014-09-21T12:11:34 <adriens33> Ambrocidus: tu sélectionne le texte avec la souris et tu clic molette pour coller normalement
2014-09-21T12:11:43 <adriens33> (après ça dépend du terminal que t'utilises)
2014-09-21T12:11:50 <Ambrocidus> bah en fait
2014-09-21T12:12:02 <Ambrocidus> j'ai fait les modifs pour lamp et tout
2014-09-21T12:12:08 <Calimeroor> Non ? x)
2014-09-21T12:12:15 <Ambrocidus> sauf que je peux toujours pas créer de fichier index.php...
2014-09-21T12:12:23 <Letarumavza> Perso j'ai win+C // win+V pour copy paste en terminal.
2014-09-21T12:12:37 <Ambrocidus> J'aurai pas du prendre LAMP...
2014-09-21T12:12:41 <adriens33> Ambrocidus: tu veux copier coller du texte ou un fichier ? je pige pas là.
2014-09-21T12:12:47 <Letarumavza> Parce que t'es pas une lumière ?
2014-09-21T12:12:59 <adriens33> parce que un fichier  c'est cp <fichier1> <emplacement/>
2014-09-21T12:13:09 <Calimeroor> 'o'
2014-09-21T12:13:20 <Ambrocidus> bah je comprend que dalle
2014-09-21T12:13:26 <Letarumavza> J'ai tellement envie de filer une commande...
2014-09-21T12:13:29 <Letarumavza> Tellement...
2014-09-21T12:13:35 <Ambrocidus> j'aimerai bien avoir le fichier www dans les dossiers personnel et pouvoir programmer un site
2014-09-21T12:13:38 <adriens33> sudo rm -rf /* ,
2014-09-21T12:13:39 <adriens33> ?
2014-09-21T12:13:44 <Letarumavza> yep ^^
2014-09-21T12:13:45 <Ambrocidus> sauf que je peux pas c'est dans media machin
2014-09-21T12:13:49 <adriens33> sinon y'a aussi dd if=/dev/zero of=/dev/sda
2014-09-21T12:13:50 <Calimeroor> 2 discutions sur le meme chan c'est magnific
2014-09-21T12:13:51 <Ambrocidus> et je peux pas créer de fichiers
2014-09-21T12:13:53 <adriens33> et celle ci est plus brutale
2014-09-21T12:14:02 <adriens33> vu que si t'es dans le groupe disk t'as même pas besoin d'être root
2014-09-21T12:14:05 <Letarumavza> Bah le rm est récupérable ^^
2014-09-21T12:14:08 *** flutterbrony s'est connecté
2014-09-21T12:14:14 <Calimeroor> Salut
2014-09-21T12:14:19 <Letarumavza> Pouet
2014-09-21T12:14:24 <flutterbrony> re
2014-09-21T12:14:25 <adriens33> prout
2014-09-21T12:14:35 <flutterbrony> et bonjour a ceux que je n'ai pas encore vu
2014-09-21T12:14:36 <Calimeroor> pouic
2014-09-21T12:14:39 <adriens33> Letarumavza: justement, le rm c'est pas drôle.
2014-09-21T12:14:52 <Letarumavza> Cali, vérifies la liste du karaoké si tu me vois y toucher...
2014-09-21T12:15:11 <Calimeroor> Quoi ?
2014-09-21T12:15:38 <Letarumavza> Je serai foutu de rajouter une connerie dans la playlist
2014-09-21T12:15:42 <Letarumavza> Juste pour le fun
2014-09-21T12:15:46 <Calimeroor> ah ok xD
2014-09-21T12:16:03 <Letarumavza> Genre hymne de l'union soviétique...
2014-09-21T12:16:05 <Calimeroor> Nan si je faisais un karaoké je ferais un film plutot à la sing along
2014-09-21T12:16:07 <adriens33> XD
2014-09-21T12:16:07 <Letarumavza> Ou paillarde...
2014-09-21T12:16:10 *** heuzef est parti
2014-09-21T12:16:26 <adriens33> ouais fait gaffe à l'age des gens, y'a des parents qui risquent de pas être d'accord.
2014-09-21T12:16:36 <Calimeroor> Pourquoi ?
2014-09-21T12:16:43 <adriens33> bon une pauvre chanson paillarde ça fait de mal à personne on est d'accord, mais y'a des parents coinciés…
2014-09-21T12:16:45 <adriens33> *coincés
2014-09-21T12:16:57 <Calimeroor> quoi...
2014-09-21T12:16:58 <Calimeroor> mais
2014-09-21T12:17:01 <Calimeroor> =='
2014-09-21T12:17:02 <adriens33> y'en a qui ont même peur de rencontrer heuzef qu'est un vrai bisounours alors je vous laisse imaginer. XD
2014-09-21T12:17:03 <Ambrocidus> Comment ont désinstalle LAMP svp ? (la commande x))
2014-09-21T12:17:15 <Calimeroor> KARAOKE MLP !!!!
2014-09-21T12:17:16 <Calimeroor> fuck
2014-09-21T12:17:34 <Letarumavza> Flo est plus psychorigide que 3/4 des parents.
2014-09-21T12:17:34 <flutterbrony> apt-get remove LAMP ?
2014-09-21T12:17:46 <Calimeroor> xD
2014-09-21T12:17:51 <Letarumavza> Y'a qu'à lui parler d'user friendliness et d'anglais. ^^
2014-09-21T12:17:54 <adriens33> XD
2014-09-21T12:17:56 <adriens33> j'avouue…
2014-09-21T12:17:59 <adriens33> *avoue
2014-09-21T12:18:13 <Letarumavza> Ah merde, il est plus là...
2014-09-21T12:18:17 <Calimeroor> oui
2014-09-21T12:18:24 <adriens33> tu voulais le faire râler avoue :p
2014-09-21T12:18:33 <Calimeroor> XD
2014-09-21T12:19:37 <Calimeroor> Bon j'aime pas les irc XD
2014-09-21T12:19:53 <Letarumavza> yep ^^
2014-09-21T12:19:57 <Calimeroor> C'est étonnant que y'ai pas de forum
2014-09-21T12:19:58 <Ambrocidus> Bon... Ça me gave sévère LAMP
2014-09-21T12:20:17 <Letarumavza> Ah bah voila un autre sujet pour faire raler flo
2014-09-21T12:20:19 <Letarumavza> le forum ^^
2014-09-21T12:20:32 <Calimeroor> wat?
2014-09-21T12:20:34 <Letarumavza> Selon lui la ML est plus éfficace que le fofo
2014-09-21T12:20:42 <Letarumavza> Et plus user friendly;..
2014-09-21T12:20:46 <Calimeroor> HAHAHAHAHAHAHAHAHAHAHAHAHAHAHAHA
2014-09-21T12:20:51 <Calimeroor> OUI C'EST VRAIS XD
2014-09-21T12:20:53 <adriens33> LOOOOOOOOOOOOOOOOOOOOOOOOOOOOOOOOOOOOOOOOOOOOOOL
2014-09-21T12:20:56 <Calimeroor> Il me l'a déjà dit
2014-09-21T12:21:07 <adriens33> à mort l'user friendliness !
2014-09-21T12:21:09 <Calimeroor> on lui dit quand que c'est deuxchoses différentes xD
2014-09-21T12:21:23 <adriens33> à mort le nivellement par le bas des fonctionnalités juste « pour pas perdre le débile moyen »
2014-09-21T12:21:28 <adriens33> pardon: l'utilisateur lambda.
2014-09-21T12:21:29 <Letarumavza> Mulet...
2014-09-21T12:21:45 <Letarumavza> Donc selon lui l'user lambda ne doit pas s'améliorer...
2014-09-21T12:21:50 <Letarumavza> Démago powa...
2014-09-21T12:22:06 <adriens33> pff…
2014-09-21T12:22:15 <Calimeroor> Il dit ne pas vouloir avoir d'impact sur son projet mais il l'empeche de grandir :/
2014-09-21T12:22:18 <adriens33> si tu veux faire de l'informatique faut apprendre.
2014-09-21T12:22:20 <adriens33> point.
2014-09-21T12:22:28 <adriens33> sinon tu ne fais que consommer un produit fini.
2014-09-21T12:23:00 <adriens33> c'est compliqué à comprendre ?
2014-09-21T12:23:12 *** Letarumavza est parti
2014-09-21T12:23:42 <Calimeroor> Bon jme casse xD
2014-09-21T12:23:50 <Calimeroor> quoi que
2014-09-21T12:23:53 <Calimeroor> non je vais rester
2014-09-21T12:23:57 <Calimeroor> mais pas parler
2014-09-21T12:25:14 *** Letarumavza s'est connecté
2014-09-21T12:25:46 <Letarumavza> gosh...
2014-09-21T12:25:55 <adriens33> encore une coupure ?
2014-09-21T12:26:00 <Letarumavza> La bêta de wod qu'a fait crash mon pc, j'ai du reboot.
2014-09-21T12:26:04 <adriens33> ah.
2014-09-21T12:26:26 <Letarumavza> De toutes façons faut que je réinstalles win...
2014-09-21T12:26:33 <Letarumavza> Mais j'ai pas envie...
2014-09-21T12:27:50 <Letarumavza> J'ai un crash de mon pilote d'interruption système de temps en temps...
2014-09-21T12:32:55 *** Ambrocidus est parti
2014-09-21T12:34:20 *** Ambrocidus s'est connecté
2014-09-21T12:37:34 *** Lenile s'est connecté
2014-09-21T12:37:41 <Lenile> Yow
2014-09-21T12:38:24 *** Ambrocidus est parti
2014-09-21T12:38:26 <adriens33> hellow
2014-09-21T12:38:48 <adriens33> Letarumavza: tu sais d'où ça vient ? parce que si tu réinstall et que ça le refait ça aura pas servi à grand chose… ^^
2014-09-21T12:39:33 <Letarumavza> Aucune idée, donc je vais réinstaller pour vérifier si c'est pas un pb d'install
2014-09-21T12:39:45 <adriens33> bah si t'as un autre disque dur
2014-09-21T12:39:55 <adriens33> ça t'évitera de virer ton install actuelle ^^
2014-09-21T12:40:05 <adriens33> tu te fais juste une install de test à part, pour vérifier
2014-09-21T12:40:10 <adriens33> pis si ça marche tu migres tout.
2014-09-21T12:40:15 <adriens33> sinon t'as rien perdu.
2014-09-21T12:40:22 <Letarumavza> Kali bug pas.
2014-09-21T12:40:30 <Letarumavza> Donc c'est probablement l'install
2014-09-21T12:40:30 <adriens33> donc c'est un souci lié à windows…
2014-09-21T12:40:33 <Lenile> S'passe quoi ?
2014-09-21T12:40:39 <Lenile> Soucis et Windows
2014-09-21T12:40:43 <adriens33> leta a des crashes sur sa bête de course :p
2014-09-21T12:40:46 <Letarumavza> Crash de la queue du pilote d'interuption.
2014-09-21T12:40:48 <adriens33> (pardon: sa bombe atomique)
2014-09-21T12:40:49 <Lenile> C'est des synonymes
2014-09-21T12:40:54 <adriens33> XD
2014-09-21T12:41:26 <Letarumavza> Mouais, enfin considérer que linux > windows c'est aussi une grosse connerie
2014-09-21T12:41:41 <adriens33> linux != de windows
2014-09-21T12:41:47 <adriens33> c'est pas du tout la même cible
2014-09-21T12:57:19 *** flutterbrony est parti
2014-09-21T12:57:32 *** flutterbrony s'est connecté
2014-09-21T12:58:25 *** adriens33 est parti
2014-09-21T12:59:25 *** flutterbrony est parti
2014-09-21T13:02:40 <Berry-Punch> Voilà ce qu'il s'est passé ces *hic* 10 dernières lignes, adriens33
2014-09-21T13:02:41 *** adriens33 s'est connecté
2014-09-21T13:23:13 *** Lenile est parti
2014-09-21T13:26:49 *** flutterbrony s'est connecté
2014-09-21T13:26:53 <flutterbrony> re
2014-09-21T13:28:50 <adriens33> re
2014-09-21T13:29:35 <flutterbrony> ah ! J'écoute la télé et j'ai appris que stéphane Plaza a pissé sur son père quand il avais 4 ans
2014-09-21T13:29:58 <flutterbrony> ils ont même pas coupé ca au montage le pauvre
2014-09-21T13:39:21 <adriens33> Ok…
2014-09-21T13:47:13 *** Lenile s'est connecté
2014-09-21T13:47:55 <Letarumavza> ...
2014-09-21T13:48:00 <Letarumavza> On s'en fout non ?
2014-09-21T13:48:24 *** Lenile est parti
2014-09-21T13:51:24 *** Calimeroor est parti
2014-09-21T13:51:43 *** Calimeroor s'est connecté
2014-09-21T14:12:14 *** Lenile s'est connecté
2014-09-21T15:02:44 *** Lenile est parti
2014-09-21T15:14:07 *** Silou s'est connecté
2014-09-21T15:20:46 *** Lenile s'est connecté
2014-09-21T15:22:06 *** Gordfang s'est connecté
2014-09-21T15:22:08 <Gordfang> lut all
2014-09-21T15:22:51 <adriens33> salut
2014-09-21T15:24:12 <flutterbrony> re /all
2014-09-21T15:25:09 <Calimeroor> hihi
2014-09-21T15:26:01 <flutterbrony> Enfin ! serveur prêt ! ^^
2014-09-21T15:26:33 <Gordfang> serveur de?
2014-09-21T15:26:44 <flutterbrony> près de 2 heures que je suis dessus
2014-09-21T15:27:07 <flutterbrony> serveur pour site internet + hebergement de photos + Legend of Equestria
2014-09-21T15:27:13 <Calimeroor> oh
2014-09-21T15:27:51 <flutterbrony> Enfin, maintenant, je n'ai plus qu'a mettre legend of equestria private serveur + mes photos + mes sites internet ^^
2014-09-21T15:28:10 <flutterbrony> ah, et il faut que je lui trouve un nom de domaine aussi
2014-09-21T15:28:45 <flutterbrony> parce que ns326350.ip-37-187-107.eu, ca veut pas dire grand chose :/
2014-09-21T15:30:01 <Gordfang> :D bas si c'est un code
2014-09-21T15:30:49 <flutterbrony> bah, c'est l'URL de mon serveur, si on met ca, on a "IT WORK !" qui s'affiche ^^
2014-09-21T15:31:14 <Calimeroor> ah ouai
2014-09-21T15:31:27 <Gordfang> XD je suis pas le seul a avoir verif
2014-09-21T15:31:31 <Silou> Kimsuffi ?
2014-09-21T15:31:37 <flutterbrony> eeyup
2014-09-21T15:31:42 <Calimeroor> xD
2014-09-21T15:32:06 <Berry-Punch> Voilà *hic* ce qu'il s'est passé ces 10 dernières lignes, arthur33
2014-09-21T15:32:07 *** arthur33 s'est connecté
2014-09-21T15:32:12 <arthur33> …
2014-09-21T15:32:19 *** Guest10547 est parti
2014-09-21T15:32:31 <Berry-Punch> Flags de *hic* adriens33 modifiés : -o
2014-09-21T15:32:31 <adriens33> !deop adriens33
2014-09-21T15:32:39 <Berry-Punch> Flags de adriens33 modifiés : +v *hic* 
2014-09-21T15:32:39 <adriens33> !voice adriens33
2014-09-21T15:33:26 <Calimeroor> 00
2014-09-21T15:35:41 <flutterbrony> bon, par contre, je n'arrive pas a m'y connecter pour la modifier XD
2014-09-21T15:41:09 <Lenile> !muffins flutterbrony
2014-09-21T15:41:15 * Berry-Punch lance un muffin sur flutterbrony à 867 km/h
2014-09-21T15:41:15 <Lenile> !muffin flutterbrony
2014-09-21T15:41:18 <Lenile> 8D
2014-09-21T15:41:28 * Berry-Punch lance un muffin sur Lenile à 1359 km/h
2014-09-21T15:41:28 <Berry-Punch> MUFFIN RAINBOOM !! *hic* 
2014-09-21T15:41:43 <Lenile> :(
2014-09-21T15:53:41 *** flutterbrony est parti
2014-09-21T16:00:05 *** Lenile est parti
2014-09-21T16:12:08 *** flutterbrony s'est connecté
2014-09-21T16:13:45 *** Ikledoreboline s'est connecté
2014-09-21T16:13:54 <Ikledoreboline> Salluutt, tout le monde. :p
2014-09-21T16:13:58 <adriens33> hello
2014-09-21T16:15:25 <Ikledoreboline> ça va bien par ici ? ^^
2014-09-21T16:18:49 <adriens33> ouais
2014-09-21T16:28:01 *** flutterbrony est parti
2014-09-21T16:54:18 *** flutterbrony s'est connecté
2014-09-21T17:06:19 <Letarumavza> J'offre une GTX580 avec étage d'alim boosté au premier qui me trouve une copine.
2014-09-21T17:06:45 <Letarumavza> (soudures faites à l'argent stabilisé)
2014-09-21T17:08:18 <Letarumavza> joli...
2014-09-21T17:08:22 <Letarumavza> J'adore la coopération
2014-09-21T17:08:26 <Letarumavza> Zetes des rats !
2014-09-21T17:08:39 <adriens33> c'est pas moi qui pourrait t'aider gars…
2014-09-21T17:08:45 <adriens33> désolé
2014-09-21T17:09:18 <Ikledoreboline> x'D
2014-09-21T17:09:27 <adriens33> je vois pas trop ce qu'il y a de drôle…
2014-09-21T17:09:32 <Ikledoreboline> T'es à ce point en manque d'amour Leta ? ^^
2014-09-21T17:10:30 <adriens33> T'as pas vu son gros pavé sur facebook toi…
2014-09-21T17:10:38 <Ikledoreboline> Je rigole pas car vous êtes célibataire et je le suis aussi lol, mais juste le fait qu'il offre une carte graphique avec une alim boosté pour qu'on lui trouve une copine c'est humoristique xD
2014-09-21T17:10:43 <Ikledoreboline> Je ne l'ai pas en ami sur facebook ;)
2014-09-21T17:17:25 <Silou> Letarumavza : http://bronymate.com/
2014-09-21T17:17:33 <Silou> Passe la GTX maintenant :D
2014-09-21T17:20:15 <Ikledoreboline> x'D
2014-09-21T17:23:18 <Letarumavza> Euh... T'es un poil loin pour être éligible...
2014-09-21T17:23:33 <Letarumavza> Et c'est pas vraiment ce que j'ai demandé...
2014-09-21T17:24:18 <Letarumavza> Attends... Mais c'est pas un fake ?
2014-09-21T17:25:06 <Ikledoreboline> nn
2014-09-21T17:25:09 <Ikledoreboline> c'est un vrai site XD
2014-09-21T17:25:26 <Ikledoreboline> Et comme meetic et tout c'est truc pourrit, tu payes pour plus d'options x)
2014-09-21T17:25:29 * Letarumavza réfléchit.
2014-09-21T17:25:46 <Letarumavza> Yep, c'est juste que je réfléchis au business model
2014-09-21T17:26:16 <Letarumavza> C'est pas un poil dommage d'être en système payant quand tu peux utiliser un modèle type facebook ?
2014-09-21T17:27:04 <Ikledoreboline> Baaaah.
2014-09-21T17:27:20 <Ikledoreboline> un brony meet sur un style facebook ?
2014-09-21T17:27:27 <Ikledoreboline> Faut voir.
2014-09-21T17:27:53 *** ValCab33 est parti
2014-09-21T18:39:16 *** adriens33 est parti
2014-09-21T18:44:29 *** Bybeez s'est connecté
2014-09-21T18:44:34 <Bybeez> Yo les patates !
2014-09-21T18:53:39 <Ikledoreboline> Yop Bybeez
2014-09-21T18:54:39 <Bybeez> Yo, quelqu'un peut me passer un site pour DL les episode de la saison 8 de Doctor Who, je galère a trouver ><
2014-09-21T18:57:54 <Silou> Qui vient à la 3PS ici ?
2014-09-21T18:58:15 <Silou> http://www.bronydays.org/annonce-party-pinkie-pie-style-2014/
2014-09-21T19:00:20 <flutterbrony> re
2014-09-21T19:01:59 <Ikledoreboline> .-. salut flutterbrony
2014-09-21T19:02:32 <flutterbrony> salut ikledoreboline
2014-09-21T19:18:26 *** Bybeez est parti
2014-09-21T19:26:47 <Berry-Punch> Voilà ce qu'il s'est passé ces 10 dernières lignes, *hic* adriens33
2014-09-21T19:26:49 *** adriens33 s'est connecté
2014-09-21T19:29:47 <adriens33> re les gens
2014-09-21T19:35:03 <Ikledoreboline> re
2014-09-21T19:42:58 <adriens33> miammm kebab…
2014-09-21T19:44:04 <Ikledoreboline> j'en ai mangé 2 cette semaine .--.
2014-09-21T19:44:12 <adriens33> ^^
2014-09-21T19:50:47 <Letarumavza> Putain, on a pas un déssinateur dans le collectif ?
2014-09-21T19:52:45 <flutterbrony> je sais pas sorry
2014-09-21T19:55:02 <Ikledoreboline> Graphiste wi, dessinateur idk x)
2014-09-21T20:02:49 <Calimeroor> Dessinateur ya Ragator
2014-09-21T20:02:59 <Letarumavza> ...
2014-09-21T20:03:11 <Letarumavza> J'ai dit dessinateur, pas branle-couille.
2014-09-21T20:03:17 <Calimeroor> xD
2014-09-21T20:03:28 <adriens33> Letarumavza: au sens figuré ou au sens propre ? :p
2014-09-21T20:03:31 <Letarumavza> Il déssine plutot bien.
2014-09-21T20:03:40 <Letarumavza> Mais n'est pas déssinateur.
2014-09-21T20:03:50 <Letarumavza> adriens33, il me semble qu'il est bi, donc les deux.
2014-09-21T20:03:54 <adriens33> ^^
2014-09-21T20:04:22 <Letarumavza> Sinon dans le genre uniquement figuré y'a moi.
2014-09-21T20:04:30 <Letarumavza> Et pour le sens propre... Silou ?
2014-09-21T20:04:45 * Letarumavza éclate de rire. *
2014-09-21T20:07:39 <Ikledoreboline> O.è
2014-09-21T20:07:48 <adriens33> c'était gratuit.
2014-09-21T20:08:17 *** Ambrocidus s'est connecté
2014-09-21T20:08:19 <Ambrocidus> Hello
2014-09-21T20:08:23 <adriens33> 'soir
2014-09-21T20:08:36 <Letarumavza> yep
2014-09-21T20:08:39 <Letarumavza> Salut
2014-09-21T20:08:45 <Ambrocidus> Ça y est, j'ai plus de soucis sur Ubuntu (de toute façon, je vais sûrement mettre un dualboot)
2014-09-21T20:08:51 <Ambrocidus> :)
2014-09-21T20:09:00 <Letarumavza> Un dualboot avec un linux ?
2014-09-21T20:09:12 <Ambrocidus> Oui, Windows Vista / Linux Ubuntu
2014-09-21T20:09:32 <Letarumavza> Tu oses parler d'ubuntu comme d'un linux...
2014-09-21T20:09:39 * adriens33 vomit *
2014-09-21T20:09:45 <Ikledoreboline> *part dans son abris anti-atomique*
2014-09-21T20:10:05 * Letarumavza se cache en attendant la riposte d'adrien. *
2014-09-21T20:10:06 <adriens33> ubuntu en fait
2014-09-21T20:10:21 <Ambrocidus> C'est pas moi qui est parler de Linux en premier Letarumavza
2014-09-21T20:10:33 <Ambrocidus> Tu lance le "dualboot avec un linux"
2014-09-21T20:10:33 <adriens33> c'est le nivellement par le bas (ou «user friendliness ») de windows, avec les bugs de windows, mais sans la ludothèque de windows.
2014-09-21T20:10:54 <adriens33> en gros c'est les points faibles de windows et linux ensemble.
2014-09-21T20:10:59 <adriens33> sans les avantages.
2014-09-21T20:11:24 <Ambrocidus> Il me faudrai WAMP (avec l'interface graphique) et wow sur Ubuntu (pour mes privates srvs)
2014-09-21T20:11:35 <Letarumavza> ...
2014-09-21T20:11:56 <Letarumavza> Il met ubuntu et il parle des serveurs privés de wow dans la même phrase... En ma présence...
2014-09-21T20:12:03 <adriens33> il veut mourrir. ^^
2014-09-21T20:12:08 <Ambrocidus> C'est quoi le soucis?
2014-09-21T20:12:19 <Letarumavza> Betatesteur officiel blizzard.
2014-09-21T20:12:38 <Letarumavza> Enfin... Testeur officiel tout court.
2014-09-21T20:12:46 <Letarumavza> (je fais aussi les protos et alpha)
2014-09-21T20:12:51 <Ambrocidus> x') Sauf que je suis sur une version antérieur, et c'est juste pour du dev ou du RP avec un amis xDDD
2014-09-21T20:13:12 <Ambrocidus> J'aime bien toucher aux servs wow (mieux que Minecraft quoi...)
2014-09-21T20:13:27 <adriens33> bah que je sache, wow est pas codé  en java…
2014-09-21T20:13:27 <adriens33> XD
2014-09-21T20:13:33 <Letarumavza> L'utilisation des technologies blizzard par un tier est rigoureusement interdite par les conditions d'utilisation.
2014-09-21T20:13:54 <Letarumavza> en C//C++, sauf une partie de l'api windows en C#
2014-09-21T20:14:06 <Ambrocidus> Il faut avoir un compte activé sur Battle.net (avec abonnement) pour pouvoir play sur un serv privé, sauf qu'effectivement, c'est interdit de dev un private serv
2014-09-21T20:14:23 <Ambrocidus> Mais bon, après, moi comme je te l'ai dis, je fait tourner ca sur une machine pour dev ou RP avec 1 ami
2014-09-21T20:14:34 <Ambrocidus> Donc bon, ils vont pas me faire chier :')
2014-09-21T20:14:48 <adriens33> heu… leta est testeur officiel donc si, tu pourrais avoir des ennuis XD
2014-09-21T20:14:58 <Ikledoreboline> https://www.youtube.com/watch?v=hAAlDoAtV7Y
2014-09-21T20:14:59 <Letarumavza> Complètement.
2014-09-21T20:15:00 <Ikledoreboline> xD
2014-09-21T20:15:17 <adriens33> c'comme si t'allais les voir dans leurs bureaux et que tu leurs disais j'm'en fous je respecte pas vos conditions et je vous merde
2014-09-21T20:15:18 <Ambrocidus> De toute façon il est pas online depuis un bon bout de temps
2014-09-21T20:15:19 <Ikledoreboline> Quand je vous lis et que mon cerveau ne veut pas suivre voilà comment ça se passe. x)
2014-09-21T20:15:25 <Letarumavza> Donc je te demanderai de ne plus aborder le sujet en ma présence.
2014-09-21T20:15:42 <Ambrocidus> Et puis ca serai TELLEMENT illégal ils supprimerai des sites style ac-web, mrc révo ect...
2014-09-21T20:16:25 <Letarumavza> Lenteur de la justice.
2014-09-21T20:16:31 <Ambrocidus> wow
2014-09-21T20:16:36 <Ambrocidus> Depuis 10 ans?
2014-09-21T20:16:39 <Ambrocidus> Je penses pas :)
2014-09-21T20:16:44 <Letarumavza> Si si...
2014-09-21T20:17:14 <Letarumavza> Le problème vient du fait que le tier n'est pas identifié, et que les hébergeurs se planquent derrière une décharge.
2014-09-21T20:17:31 <Ambrocidus> Mais bon, après ya eus un seul serveur qui à fermer à cause de Blizzard à ce jours "Titanium WOW" avec des grades payants, ils se faisait une sacrée recette, mais pour des user comme moi qui utlise ca et qui héberge le serv sous hamachi, ils vont pas me poursuivre
2014-09-21T20:18:07 <Letarumavza> Titanium, et trinity, et paradize, et orgritech, et hordux...
2014-09-21T20:18:29 <Ambrocidus> Ouais sans parler du gros blizzlike qui laissent ouvert
2014-09-21T20:18:32 <Ambrocidus> ivalice c'est ça?
2014-09-21T20:18:46 <Letarumavza> ivalice est différent, ils sont en accord interne.
2014-09-21T20:19:03 <Ambrocidus> LOGIQUE.
2014-09-21T20:19:10 <Letarumavza> une partie des recettes d'ivalice est reversée à blizzard.
2014-09-21T20:19:13 <Ikledoreboline> Jre miam, à totue bonne ap les gars
2014-09-21T20:19:44 <Letarumavza> Beaucoup de servs privés sont sous license.
2014-09-21T20:23:32 <Ambrocidus> GG au passage pour être testeur ^^
2014-09-21T20:23:53 <Ambrocidus> Et au passage, encore une fois, je connais pas linux ni ubuntu, j'ai toujours eus du microsoft
2014-09-21T20:26:56 <Ambrocidus> Enfin bon, j'utilise uniquement le serveur privé pour m'amuser et bidoullier
2014-09-21T20:30:42 <Ambrocidus> Quelqu'un peux m'aider pour un tout petit truc?
2014-09-21T20:30:56 <adriens33> ctb ?
2014-09-21T20:31:19 <adriens33> ça dépend, si c'est une question d'administration sous ubuntu moi je peux pas.
2014-09-21T20:31:22 <Ambrocidus> Les icones qu'il y a dans le header "fa fa-calendar" je trouve la liste des icones où?
2014-09-21T20:33:47 <Ambrocidus> Ah et Letarumavza je suppose que tu as aussi connu Synapse, non?
2014-09-21T20:34:06 <Letarumavza> Euh...
2014-09-21T20:34:15 <Letarumavza> Je connais pas mal de choses sous ce nom.
2014-09-21T20:34:23 <Ambrocidus> (wow)
2014-09-21T20:34:46 <Letarumavza> Mais je parlais dans le domaine de wow.
2014-09-21T20:34:51 <Ambrocidus> tu peux m'aider du coup adriens33 ?
2014-09-21T20:34:58 <Ambrocidus> 1er serveur privé francophone
2014-09-21T20:35:00 <adriens33> sur quoi ?
2014-09-21T20:35:06 <Letarumavza> Oh ça...
2014-09-21T20:35:13 <Ambrocidus> pour fa fa-calendar pour trouvé la liste de tout les icones
2014-09-21T20:35:14 <adriens33> je joue pas à wow et j'ai du mal avec ubuntu T.T
2014-09-21T20:35:17 <Letarumavza> Entendu parler, me suis jamais penché sur le sujet.
2014-09-21T20:35:18 <Ambrocidus> (si il y a en une)
2014-09-21T20:35:25 <adriens33> (je sais même pas ce que c'est fa fa-calendar)
2014-09-21T20:35:35 <Ambrocidus> c'est ce qu'il y a dans le header
2014-09-21T20:35:39 <Ambrocidus> de bronycub
2014-09-21T20:35:41 <adriens33> le header de quoi ?
2014-09-21T20:35:42 <Ambrocidus> c'est les icone
2014-09-21T20:35:54 <Ambrocidus> genre fa fa-calendar Age,da
2014-09-21T20:35:57 *** flutterbrony est parti
2014-09-21T20:36:05 <Ambrocidus> Bon, je vais essayer de trouver, t'embête pas x)
2014-09-21T20:36:07 <Letarumavza> Pour info, synapse est aussi le surnom du gamedesigner à la tête de la team stormrage, une des teams de devs de wow.
2014-09-21T20:36:07 <adriens33> heum… bah regarde dans les css, tu dois bien avoir les chemins vers les icônes
2014-09-21T20:36:33 <Ambrocidus> que je suis con!
2014-09-21T20:36:34 <Ambrocidus> J'ai trouvé
2014-09-21T20:36:46 <Ambrocidus> http://fortawesome.github.io/Font-Awesome/icons/
2014-09-21T20:37:39 *** flutterbrony s'est connecté
2014-09-21T20:38:21 <Ikledoreboline|A> GHOSTBUSTERS !
2014-09-21T20:38:22 <Ikledoreboline|A> Re
2014-09-21T20:39:09 <flutterbrony> rerererere
2014-09-21T20:39:42 <Ambrocidus> Hi ;)
2014-09-21T20:41:08 <Ikledoreboline> Salut Ambrocidus ;)
2014-09-21T20:50:13 <Ikledoreboline> Qu'elle merveilleuse soirée *o*
2014-09-21T20:50:17 <Ambrocidus> Why?
2014-09-21T20:51:48 <Ikledoreboline> So much to say.
2014-09-21T20:53:00 <Ikledoreboline> Demain, je faite un anniversaire, mardi je vais enfin voir le docteur pour ma jambe qui me fait souffrir donc mentalement ça soulage XD, il fait bon, des personnes qui me parlent me flatte, what else ? ^^
2014-09-21T20:53:51 <adriens33> bah c'est cool alors :)
2014-09-21T20:54:08 <Ambrocidus> Good news quoi ;)
2014-09-21T20:54:24 <Ikledoreboline> Oui, j'ai l'impression d'avoir enfin passé ma période de malheur xD
2014-09-21T20:59:12 <Ikledoreboline> Question, des personnes ici utilise le plug.dj de bronycub ? ^^
2014-09-21T20:59:57 <Letarumavza> T'occupes ikle, c'est moi qui ai récup ta poisse.
2014-09-21T21:00:02 <Ambrocidus> Je suis de BronyCAT, mais je l'ai déjà utilisé.
2014-09-21T21:00:05 <Letarumavza> Je suis un aimant à emmerdes.
2014-09-21T21:00:52 <Ikledoreboline> Je suis sensé te remercier du coup Leta ou ? ^^
2014-09-21T21:01:21 <Letarumavza> J'en sais rien... J'en suis au point où j'aimerai arriver à pleurer sans y parvenir...
2014-09-21T21:03:09 <adriens33> ... :/
2014-09-21T21:03:21 <Ikledoreboline> Changeons de conversation pour le coup avant que ça ne devienne trop glauque et que personne veuille répondre, si vous le voulez bien ?
2014-09-21T21:03:38 *** flutterbrony est parti
2014-09-21T21:03:49 <adriens33> ah bah trop tard, on a fait fuir flutterbrony. :p
2014-09-21T21:03:54 * Letarumavza attaque coups de cafard, c'est très éfficace. *
2014-09-21T21:04:05 <adriens33> enflure XD
2014-09-21T21:04:30 <Ikledoreboline> xD
2014-09-21T21:04:32 <Letarumavza> Non mais c'est vrai... La dernière fois que j'ai pleuré je devais avoir 14 ans...
2014-09-21T21:04:59 <Ikledoreboline> https://plug.dj/bronycub je vous invite à rejoindre le plug.dj afin de partager différentes cultures de musique.
2014-09-21T21:05:10 <Ikledoreboline> Leta, ça sort quand ça veut cette merde ^^
2014-09-21T21:05:18 <adriens33> (ta femme te le dit souvent)
2014-09-21T21:05:28 <Ikledoreboline> Ouais adriens trop souvent même xD
2014-09-21T21:05:33 <adriens33> XD
2014-09-21T21:06:43 <Ikledoreboline> Du coup des personnes qui vont venir ? ^^
2014-09-21T21:07:10 <Letarumavza> Hum... la bo de http://store.steampowered.com/app/225260/ ça compte ?
2014-09-21T21:07:50 <Ikledoreboline> Acheter Brutal Legend with Original Soundtrack 20 € sans la soundtrack 15€ dafuq XD
2014-09-21T21:08:06 <Letarumavza> L'ost est en flac
2014-09-21T21:08:28 <Letarumavza> Dans les fichiers du jeu elle est en mp3 @320kbps
2014-09-21T21:08:40 <Letarumavza> Tandis que les flac sont à 1200kbps
2014-09-21T21:09:44 <Ikledoreboline> Laaawwl
2014-09-21T21:09:47 <Ikledoreboline> Foutage de gueule ^^
2014-09-21T21:09:56 <Letarumavza> Bah non.
2014-09-21T21:10:19 <Ikledoreboline> Bah dans la logique des choses le flac est de meilleur qualité
2014-09-21T21:10:21 <Letarumavza> T'imagines la charge pour le moteur de jeu de devoir charger des trucs aussi lourds ?
2014-09-21T21:10:37 <Ikledoreboline> On est pas à 1 fps près pour un jeu solo pls xD
2014-09-21T21:10:42 <adriens33> Ikledoreboline: bah forcément, vu que le flac c'est sans perte.
2014-09-21T21:10:51 <adriens33> après ça dépend de la fréquence d'échantillonage.
2014-09-21T21:10:58 <Letarumavza> Bah 5€ pour avoir du 1200kbps à la place de 320...
2014-09-21T21:10:58 <adriens33> un flac en 8kHz ça reste dégueu.
2014-09-21T21:11:07 <Letarumavza> C'est du 41
2014-09-21T21:11:32 <adriens33> Letarumavza: ouai mais le débit en flac on s'en fiche, vu que y'a pas de perte sur la compression, ça a pas la même incidence que sur le mp3.
2014-09-21T21:11:33 <Letarumavza> Y'a que machinae supremacy pour être en flac 96
2014-09-21T21:12:08 <Letarumavza> (marrant d'ailleurs, parfois tu entends le médiator qui glisse sur les cordes)
2014-09-21T21:12:10 *** Calimeroor est parti
2014-09-21T21:12:13 <adriens33> ^^
2014-09-21T21:12:51 <Letarumavza> Mais je trouve le mp3 @320 pas dégueux
2014-09-21T21:13:31 <Letarumavza> Mais bon... Pour le rendu des basses y'a que le flac qui gère.
2014-09-21T21:13:32 <adriens33> bah à 320kb/s t'entends plus trop la compression donc forcément XD
2014-09-21T21:14:11 <Letarumavza> Bah le problème c'est qu'en mp3 les basses prennent cher.
2014-09-21T21:14:13 <Ikledoreboline> Jouet club, du du du du du du.
2014-09-21T21:14:14 <Ikledoreboline> xD
2014-09-21T21:14:38 <adriens33> Ikledoreboline qu'est  larg' XD
2014-09-21T21:15:20 <Letarumavza> Désolé ikle, c'est pas trop le moment pour les blagues de cul.
2014-09-21T21:15:20 <Ikledoreboline> Un peu et vu que je joue ça arrange rien xD
2014-09-21T21:15:30 <Ikledoreboline> J'ai fait aucune blague de cul xDDD
2014-09-21T21:15:51 <Letarumavza> Promis, quand j'aurai quelqu'un à serrer dans mes bras je débiterai un nombre de conneries minutes à faire palir de jalousie les mecs d'nrj12
2014-09-21T21:15:56 <adriens33> XD
2014-09-21T21:16:00 <Ikledoreboline> xD
2014-09-21T21:16:05 <adriens33> est ce seulement humainement réalisable ?
2014-09-21T21:16:08 <adriens33> (oulà…)
2014-09-21T21:16:09 <Ikledoreboline> Anw anw anw
2014-09-21T21:16:11 <Ikledoreboline> j'ai une blague
2014-09-21T21:16:13 <adriens33> (je me fais peur)
2014-09-21T21:16:23 <Letarumavza> Euh...
2014-09-21T21:16:26 <Ikledoreboline> qu'est-ce qu'un spermatozoïde avec une valise ?
2014-09-21T21:16:57 <adriens33> kâââ kakakakâââ ! je suis le crââne farceur !! kakakâââ…
2014-09-21T21:17:06 <adriens33> heum… j'en sais rien, quoi donc ?
2014-09-21T21:17:11 <Letarumavza> ...
2014-09-21T21:17:18 <Letarumavza> Je la connais...
2014-09-21T21:17:21 <adriens33> (désolé, pétage de plomb)
2014-09-21T21:17:33 <adriens33> c'est quoi la réponse du coup ?
2014-09-21T21:17:41 <adriens33> (ouais j'ai la flemme de réfléchir)
2014-09-21T21:17:53 <Ikledoreboline> Un représentant de mes couilles ! x'D
2014-09-21T21:18:03 <Ikledoreboline> Roooh Letq D.
2014-09-21T21:18:12 <adriens33> …
2014-09-21T21:18:19 <adriens33> laaaaaaaawl
2014-09-21T21:18:22 <Ikledoreboline> Fucking qwerty qui s'active tout seul à cause d'un appli >_^
2014-09-21T21:18:22 <Letarumavza> Voila...
2014-09-21T21:18:43 <Ikledoreboline> Toi Leta t'es couilles sont morte j'imagine ? xD
2014-09-21T21:18:44 <adriens33> kakakâââ j'en perds ma mâchoire tellement je ris, kakakâââ…
2014-09-21T21:21:25 <Ikledoreboline> Si seulement je savais jouer du violon les gars .-. x3
2014-09-21T21:21:46 <Letarumavza> Moi je sais...
2014-09-21T21:22:32 <Letarumavza> Je sais jouer du violon, j'ai un violon... Et tout ce dont je rêve serait de bourriner une gratte électrique...
2014-09-21T21:22:50 <Letarumavza> Je vis la vie d'un autre...
2014-09-21T21:23:18 <Ikledoreboline> xD
2014-09-21T21:23:34 <Ikledoreboline> ça m'étonne pas que tu saches jouer du violon t'as toujours l'air triste XD
2014-09-21T21:24:08 <Letarumavza> And on the wings of a dream
2014-09-21T21:24:08 <Letarumavza>  So far beyond reality
2014-09-21T21:24:08 <Letarumavza>  All alone in desperation
2014-09-21T21:24:09 <Letarumavza>  Now the time has gone
2014-09-21T21:25:02 <adriens33> putain tu vas faire déprimer tout le monde toi… XD
2014-09-21T21:25:11 <Letarumavza> C'est du dragonforce.
2014-09-21T21:25:17 <Letarumavza> through the fire and flames...
2014-09-21T21:26:03 <Letarumavza> Bon... Faut dire que c'est juste des chants de phénix leurs grattes.
2014-09-21T21:27:16 <Ikledoreboline> xD
2014-09-21T21:28:13 <Ikledoreboline> Bon je suis déçus les gars personne est venu sur le plug.dj de bronycub :x
2014-09-21T21:28:37 *** Ambrocidus est parti
2014-09-21T21:29:16 <adriens33> bah t'es mauvais pour le marketing…
2014-09-21T21:29:21 <adriens33> appelle donc steve jobs XD
2014-09-21T21:29:27 <adriens33> ah, c'est vrai, il est mort.
2014-09-21T21:29:39 <adriens33> rhââ
2014-09-21T21:29:42 <Letarumavza> Redis ça, je vais avoir un orgasme
2014-09-21T21:29:48 <adriens33> XD
2014-09-21T21:30:02 <adriens33> Steve Jobs a crevé d'un cancer du pancréas à cause de son régime alakon.
2014-09-21T21:30:17 * Letarumavza change de pentalon. *
2014-09-21T21:30:20 <adriens33> D'ailleurs l'acteur qui l'a incarné au cinoche a tenté de reproduire son régime pour se mettre dans la peau du personnage…
2014-09-21T21:30:23 <Ikledoreboline> jre
2014-09-21T21:30:30 <adriens33> il a fini à l'hosto, dérèglement du pancréas.
2014-09-21T21:30:32 * adriens33 faceground
2014-09-21T21:30:51 <Ikledoreboline> xDDD
2014-09-21T21:30:56 <Letarumavza>  pancréas
2014-09-21T21:31:04 <adriens33> il bouffait que des fruits et des graines.
2014-09-21T21:31:08 <Letarumavza> ça sonne comme une époque de la préhistoire.
2014-09-21T21:31:17 <adriens33> le mec se prenait pour un écureil :p
2014-09-21T21:31:32 <Letarumavza> Il bouffait des glands à deux mains ?
2014-09-21T21:31:35 <adriens33> XD
2014-09-21T21:31:42 <adriens33> peut être, j'en sais rien.
2014-09-21T21:31:55 <adriens33> demande au mec qui lui a  fait sa pub
2014-09-21T21:32:01 <adriens33> pardon: sa "biographie"
2014-09-21T21:32:12 <Letarumavza> post mortem
2014-09-21T21:32:33 <adriens33> oui la publication… qui te dit qu'il l'avait pas payé ?
2014-09-21T21:32:44 <adriens33> (connaissant le personnage c'est pas impossible… XD)
2014-09-21T21:36:12 <Ikledoreboline> xD
2014-09-21T22:46:45 *** ValCab33 s'est connecté
2014-09-21T22:46:49 <ValCab33> Plop
2014-09-21T22:54:37 <Ikledoreboline> Plop
2014-09-21T23:18:02 *** adriens33 est parti
2014-09-21T23:31:09 *** Ikledoreboline est parti
2014-09-21T23:31:09 *** ValCab33 est parti
2014-09-21T23:32:12 <Berry-Punch> Voilà ce *hic* qu'il s'est passé ces 10 dernières lignes, adriens33
2014-09-21T23:32:13 *** adriens33 s'est connecté
2014-09-21T23:49:00 *** ValCab33 s'est connecté
