2014-09-09T00:11:13 *** Lezarius1 est parti
2014-09-09T00:26:52 *** TrappyTickles est parti
2014-09-09T00:28:48 <ELiDYROS> Letarumavza: c'est toi qui cherches quelqu'un pour aller chasser ?
2014-09-09T00:29:14 <Letarumavza> Euh...
2014-09-09T00:29:25 <Letarumavza> Pas sur que t'ais pigé le gibier.
2014-09-09T00:29:34 <ELiDYROS> Je crois que si, non ?
2014-09-09T00:30:13 <Letarumavza> ça dépend, ton gibier il porte des corsets ?
2014-09-09T00:30:34 <ELiDYROS> Pas necessairement
2014-09-09T00:30:45 <Letarumavza> C'est à dire ?
2014-09-09T00:31:13 <ELiDYROS> Bah elles peuvent porter ce qu'elles souhaitent disons
2014-09-09T00:35:40 <ELiDYROS> Ou alors tu vises qu'un certain type, ou alors j'ai rien compris.
2014-09-09T00:35:59 <Letarumavza> Bah mon truc c'est surtout les goths et les punks
2014-09-09T00:36:16 <Letarumavza> Avec bonus sur les rousses ^^
2014-09-09T00:37:01 <ELiDYROS> Ah
2014-09-09T00:37:08 <ELiDYROS> J'ai pas de styles particulier pour ma part
2014-09-09T00:37:17 <ELiDYROS> Et en général je suis souvent déçu des goths
2014-09-09T00:37:27 <Letarumavza> Ah ?
2014-09-09T00:38:41 <ELiDYROS> L'habit contraste souvent avec le caractère
2014-09-09T00:40:26 <ELiDYROS> Toutes les goths que j'ai croisé étaient coincées
2014-09-09T00:40:42 <ELiDYROS> Et puis, les Goths Blondes ça n'existent pas il me semble ? xD
2014-09-09T00:40:44 <Letarumavza> Ah... les babybats spé allumeuse...
2014-09-09T00:40:55 <Letarumavza> Les blondes, je te les laisse ^^
2014-09-09T00:41:14 <ELiDYROS> Tu perds quelque chose.
2014-09-09T00:41:29 <Letarumavza> Boaf, c'est une question de goût.
2014-09-09T00:41:32 <Letarumavza> Euh...
2014-09-09T00:41:37 <Letarumavza> ...
2014-09-09T00:41:41 <ELiDYROS> De quel gout parles tu ?
2014-09-09T00:41:50 <Letarumavza> Nan rien ^^
2014-09-09T00:41:52 <Letarumavza> J4ai rien dit ^^
2014-09-09T00:41:56 <ELiDYROS> Ouais ouais on dit ça...
2014-09-09T00:42:56 <ELiDYROS> Elles ont quel age tes "proies" potentielles ?
2014-09-09T00:44:19 <Letarumavza> Je chasse à +5/-5 généralement.
2014-09-09T00:44:39 <Letarumavza> Donc 26/18 (je déscend pas en dessous)
2014-09-09T00:59:48 <ELiDYROS> 18 ans c'est un peu trop jeune pour moi ...
2014-09-09T01:00:00 <Letarumavza> Je sais pas quel age tu as ^^
2014-09-09T01:00:05 <ELiDYROS> 27
2014-09-09T01:00:19 <Letarumavza> Bah ça veut dire qu'on peut se partager les cibles.
2014-09-09T01:00:26 <ELiDYROS> lol
2014-09-09T01:04:48 <Berry-Punch> Voilà ce qu'il s'est *hic* passé ces 10 dernières lignes, adriens33
2014-09-09T01:04:50 *** adriens33 s'est connecté
2014-09-09T01:07:30 <Letarumavza> ^^
2014-09-09T01:08:42 *** MaCharon est parti
2014-09-09T01:45:35 <Letarumavza> Putain la marquasse du clavier...
2014-09-09T01:48:09 <Silou> Tu t'es endormi dessus .. ?
2014-09-09T01:48:58 <Letarumavza> En effet
2014-09-09T01:49:01 <Silou> gg
2014-09-09T02:16:12 *** Silou est parti
2014-09-09T02:19:02 *** adriens33 est parti
2014-09-09T03:03:11 <Berry-Punch> Voilà ce qu'il s'est passé ces 10 dernières *hic* lignes, adriens33
2014-09-09T03:03:12 *** adriens33 s'est connecté
2014-09-09T03:06:06 *** adriens33 est parti
2014-09-09T03:07:01 <ELiDYROS> Hum.
2014-09-09T04:20:01 *** Gordfang est parti
2014-09-09T04:28:03 *** ELiDYROS est parti
2014-09-09T09:14:12 *** heuzef s'est connecté
2014-09-09T09:35:40 *** heuzef est parti
2014-09-09T09:36:33 *** heuzef s'est connecté
2014-09-09T10:03:19 *** TrappyTickles s'est connecté
2014-09-09T11:53:48 *** heuzef est parti
2014-09-09T11:54:34 *** heuzef s'est connecté
2014-09-09T12:11:17 *** Dawnio s'est connecté
2014-09-09T12:11:31 <Dawnio> Yo! comment ça va les girondains?
2014-09-09T12:11:45 <Dawnio> girondins*
2014-09-09T12:14:53 <heuzef> =)
2014-09-09T12:15:41 <heuzef> Dawnio je te tel d'ici peu
2014-09-09T12:16:43 <Dawnio> ça tombe bien j'ai 2 3 trucs à te dire
2014-09-09T12:20:19 *** heuzef est parti
2014-09-09T12:20:51 *** Dawnio est parti
2014-09-09T13:12:41 *** MaCharon s'est connecté
2014-09-09T13:12:46 <MaCharon> slt
2014-09-09T13:45:26 *** MaCharon est parti
2014-09-09T13:56:12 *** heuzef s'est connecté
2014-09-09T14:12:52 *** heuzef est parti
2014-09-09T14:13:38 *** heuzef s'est connecté
2014-09-09T14:23:46 *** Berry-Punch est parti
