2014-09-25T00:02:20 *** ELiDYROS est parti
2014-09-25T00:10:43 *** Letarumavza est parti
2014-09-25T00:11:06 *** Letarumavza s'est connecté
2014-09-25T00:27:45 *** TrappyTickles est parti
2014-09-25T00:34:56 *** ValCab33 est parti
2014-09-25T00:57:29 *** MaCharon est parti
2014-09-25T02:19:16 *** Silou est parti
2014-09-25T02:49:27 *** Lezarius est parti
2014-09-25T06:51:55 *** Zecora_bot est parti
2014-09-25T06:51:55 *** Letarumavza est parti
2014-09-25T09:17:02 *** Letarumavza s'est connecté
2014-09-25T09:28:46 *** heuzef s'est connecté
2014-09-25T09:37:24 *** Silou s'est connecté
2014-09-25T09:42:20 *** TrappyTickles s'est connecté
2014-09-25T09:54:21 *** Silou est parti
2014-09-25T10:03:18 *** Trappy_Tickles s'est connecté
2014-09-25T10:05:33 *** TrappyTickles est parti
2014-09-25T10:06:54 *** TrappyTickles s'est connecté
2014-09-25T10:08:43 *** Trappy_Tickles est parti
2014-09-25T10:09:49 *** Trappy_Tickles s'est connecté
2014-09-25T10:11:06 *** TrappyTickles est parti
2014-09-25T10:12:17 *** TrappyTickles s'est connecté
2014-09-25T10:13:35 <TrappyTickles> cette fois y en a marre, jvais prendre un autre fai
2014-09-25T10:13:46 <heuzef> lol
2014-09-25T10:13:55 <heuzef> Bien
2014-09-25T10:14:04 <TrappyTickles> la frebox qui redémarre toute seule 3 fois en MOINS DE 10 MINUTES je ne trouve pas ça drôle
2014-09-25T10:14:11 <heuzef> Au pire tu aura un geste commerciale de l'actuel
2014-09-25T10:14:15 <TrappyTickles> surtout quand j'étais en train de déclarer mon rsa
2014-09-25T10:14:17 *** Trappy_Tickles est parti
2014-09-25T10:14:21 <heuzef> De quoi négocier une nouvelle box toute neuve
2014-09-25T10:14:31 <TrappyTickles> ces CONNARDS refusent de me parler sur leur hotline
2014-09-25T10:14:56 <TrappyTickles> ça fait une demi-heure que j'essaie de les joindre, ils refusent de me passer un humain
2014-09-25T10:15:08 <heuzef> Le service résiliation fidélité est étrangement pendu à tes lèvres
2014-09-25T10:15:16 <heuzef> Et n'hésite pas à te brosser dans le sens du poile
2014-09-25T10:15:22 <heuzef> c'est valable pour tous les FAI
2014-09-25T10:15:43 <heuzef> Donc envoie juste un pti message
2014-09-25T10:15:46 <TrappyTickles> mmm les menacer?.. mmm ça pourrait peut-être les faire bouger
2014-09-25T10:15:52 <heuzef> "Salut, je me casse de chez vous"
2014-09-25T10:16:03 <heuzef> T'en fait pas il vont te recontacter pour te lécher le cul
2014-09-25T10:16:13 <heuzef> Garantit à 100%
2014-09-25T10:48:24 *** ValCab33 s'est connecté
2014-09-25T10:48:30 <ValCab33> Hellow
2014-09-25T10:58:57 <heuzef> ValCab33: plop =)
2014-09-25T10:58:59 <heuzef> http://lite4.framapad.org/p/k3N9wI3wG9
2014-09-25T10:59:10 <heuzef> J'ai pas d'avancement la dessus, tu utilise un autre pad ?
2014-09-25T11:01:01 <ValCab33> Visiblement c'est pas celui la
2014-09-25T11:01:35 <ValCab33> Je te donne l'adresse dans 5 min, quand j'aurai allumé l'ordi
2014-09-25T11:06:49 <heuzef> ;)
2014-09-25T11:07:12 <ValCab33> Ok
2014-09-25T11:07:25 <ValCab33> J'avait mal recopié
2014-09-25T11:08:05 <ValCab33> J'ai mi un L minuscule a la place du i majuscule de ton addresse
2014-09-25T11:13:03 *** heuzef est parti
2014-09-25T11:25:45 <Berry-Punch> Voilà ce qu'il *hic* s'est passé ces 10 dernières lignes, adriens33
2014-09-25T11:25:46 *** adriens33 s'est connecté
2014-09-25T11:27:45 *** Trappy_Tickles s'est connecté
2014-09-25T11:29:09 *** TrappyTickles est parti
2014-09-25T11:30:43 <adriens33> bonchoure les gens
2014-09-25T11:40:38 <ValCab33> Chalut
2014-09-25T11:49:57 *** TrappyTickles s'est connecté
2014-09-25T11:51:57 *** Trappy_Tickles est parti
2014-09-25T13:15:38 *** heuzef s'est connecté
2014-09-25T13:47:57 <Letarumavza> Tappy, tu clignotes ?
2014-09-25T13:49:05 <Letarumavza> Trappy, le routeur branché sur une guirlande de noël ^^
2014-09-25T13:49:17 <adriens33> hier soir c'était moi ^^
2014-09-25T13:49:21 <Letarumavza> au fait, pourquoi tu prends pas un cisco plutot que les merdes du fai ?
2014-09-25T13:50:10 <adriens33> mais moi c'est à cause de ma ligne pourrie… fils de merde ><
2014-09-25T14:32:33 *** adriens33 est parti
2014-09-25T14:33:52 *** Letarumavza est parti
2014-09-25T14:34:52 *** Gordfang s'est connecté
2014-09-25T14:35:05 <Gordfang> lut
2014-09-25T14:41:18 <heuzef> yo
2014-09-25T14:41:26 <heuzef> Gordfang bien reçu mon rapport sur CDPP ?
2014-09-25T14:41:42 <Gordfang> yup
2014-09-25T14:41:54 <Gordfang> il veulent pas de notre logo :(
2014-09-25T14:42:37 <heuzef> Compréhensible ;) ils ont l'obligation de mettre les financeurs
2014-09-25T14:42:49 <heuzef> Après ils vont afficher notre flyer sur leur stand
2014-09-25T14:43:19 <Gordfang> ah cool
2014-09-25T14:43:29 <Gordfang> par contre les autre logo on les trouve ou?
2014-09-25T14:43:34 <heuzef> Ils sont cool t'en fait pas ;)
2014-09-25T14:43:56 <heuzef> Dans le mail rapport que j'ai envoyé hier et que tu as sans doute lue trop vite ^^
2014-09-25T14:44:19 <heuzef> Je te laisse gérer notre amis Ragator et surtout Macharon qui va avoir besoin d'aide
2014-09-25T14:44:23 <heuzef> ?
2014-09-25T14:45:47 <Gordfang> macharon aussi?
2014-09-25T14:46:19 <heuzef> Pour Ragator ça va aller tranquille, par cotre pour kévin j'ai peur qu'on lui en demande trop
2014-09-25T14:46:36 <Gordfang> tu veut dire le programe?
2014-09-25T14:46:52 <heuzef> Il faut bien veiller à ce qu'il ne lâche pas l'affaire et qu'il se surpasse sur le programme
2014-09-25T14:47:12 <heuzef> ça représente le nerf de guerre sur la com de CDPP
2014-09-25T14:47:37 <Gordfang> j'arrive pas a choper le logo de l'université de bordeaux
2014-09-25T14:47:48 <heuzef> Il est join au mail
2014-09-25T14:48:19 <Berry-Punch> Voilà ce qu'il *hic* s'est passé ces 10 dernières lignes, adriens33
2014-09-25T14:48:20 *** adriens33 s'est connecté
2014-09-25T14:48:54 <Gordfang> ok merci
2014-09-25T14:50:07 <adriens33> re tout le monde
2014-09-25T14:50:21 <adriens33> salut Gordfang
2014-09-25T14:50:27 <Gordfang> lut adriend
2014-09-25T14:54:02 <Gordfang> bon je vais essayer de contacter macharon
2014-09-25T14:55:43 <Gordfang> heuzef c'est quoi le nom de snowydream?
2014-09-25T14:58:21 <heuzef> Gordfang je t'es trasnférer son inscription par mail ;)
2014-09-25T14:58:33 <Gordfang> cool merci
2014-09-25T15:16:49 <Gordfang> valcab33?
2014-09-25T15:16:57 <Gordfang> ValCab33 plutot
2014-09-25T15:29:40 *** Silou s'est connecté
2014-09-25T16:02:10 <ValCab33> Oui ?
2014-09-25T16:05:54 <Gordfang> je voulai te parler de la page d'accueil mais en fait le lien des ticket et un mauvais ^^
2014-09-25T16:06:15 <Gordfang> sinon j'ai regarder pas mal ce que tu fait
2014-09-25T16:16:50 *** heuzef1 s'est connecté
2014-09-25T16:18:41 *** heuzef est parti
2014-09-25T16:31:28 *** heuzef s'est connecté
2014-09-25T16:33:16 *** heuzef1 est parti
2014-09-25T16:39:22 *** ELiDYROS s'est connecté
2014-09-25T16:40:33 *** heuzef1 s'est connecté
2014-09-25T16:42:23 *** heuzef est parti
2014-09-25T16:44:26 <ELiDYROS> Good morning.
2014-09-25T16:44:45 <heuzef1> à 16h44 lol
2014-09-25T16:44:53 <ELiDYROS>  I know, right
2014-09-25T16:45:06 <heuzef1> goude afeteurnoune maybi
2014-09-25T16:45:22 <ELiDYROS> C'est tellement over rated l'après midi
2014-09-25T16:45:25 <ELiDYROS> : D
2014-09-25T16:45:42 <heuzef1> J'aime bien la nuit moi.
2014-09-25T16:45:45 <heuzef1> C'est calme.
2014-09-25T16:50:27 <ELiDYROS> J'aime bien la nuit dans une ville animée moi
2014-09-25T16:59:49 <adriens33> salut ELiDYROS
2014-09-25T17:00:04 <adriens33> tain on dirait un vieux, j'arrête pas de dormir moi aujourd'hui ><
2014-09-25T17:00:20 <ELiDYROS> Enchanté adriens33
2014-09-25T17:02:25 <ELiDYROS> tiens pour toi http://www.nokenny.com/will-it-blend-iphone-6.html
2014-09-25T17:02:31 <ELiDYROS> attention à ne pas tacher le pantalon
2014-09-25T17:04:54 <adriens33> le samsung qui commence à se disloquer avant l'iphone… en même temps la batterie de l'iphone risque pas de se barrer, elle est soudée… XD
2014-09-25T17:05:06 <Silou> xD
2014-09-25T17:05:13 <adriens33> (quel gaspillage de fric pour rien quand même ><)
2014-09-25T17:05:18 <Silou> https://pbs.twimg.com/media/ByYlaeDCAAE7dy6.jpg:large
2014-09-25T17:06:53 <ELiDYROS> J'aimerais bien voir les réactions du net si je faisais ça avec une figurine MLP
2014-09-25T17:06:54 <ELiDYROS> : D
2014-09-25T17:07:09 <adriens33> boarf, si tu le fais, prends en une qui coûte 1000€.
2014-09-25T17:07:19 <Silou> ELiDYROS : j'ai déja vu des choses ...
2014-09-25T17:08:20 <ELiDYROS> tant qu'on y est, autant gaspiller plus http://www.nokenny.com/iphone-6-contre-azote-liquide.html
2014-09-25T17:10:12 <ELiDYROS> pas trop d'orgasme ?
2014-09-25T17:10:40 <adriens33> heu... j'aime pas apple, mais pas au point de bander quand on pète un iBidule… ._.
2014-09-25T17:10:50 <ELiDYROS> t'inquiete je taunt
2014-09-25T17:11:39 *** Ikledoreboline s'est connecté
2014-09-25T17:11:59 <Ikledoreboline> Yop si, tellement d'orgasme que ça a troué mon slip x3
2014-09-25T17:12:33 <adriens33> c'ta femme qu'est jalouse
2014-09-25T17:12:54 <Ikledoreboline> Tu m'etonnes un rouleau à pâtisserie niquel.
2014-09-25T17:12:59 <ELiDYROS> main droite*
2014-09-25T17:13:11 <Ikledoreboline> Je suis ambidextre.
2014-09-25T17:13:19 <ELiDYROS> deux fois plus de fun alors
2014-09-25T17:13:28 <adriens33> bah c'est cool, au moins comme ça t'es plus symmétrique :p
2014-09-25T17:13:29 <Ikledoreboline> Bah ouais x3
2014-09-25T17:13:37 <adriens33> *symétrique
2014-09-25T17:14:10 <Ikledoreboline> Mais je suis tout de même maladroit avec ma main gauche mais j'arrive à écrire etc.
2014-09-25T17:16:29 *** Ikledoreboline est parti
2014-09-25T17:16:48 <ELiDYROS> tiens sinon ADHD a encore fait une chanson sympa
2014-09-25T17:17:16 <ELiDYROS> https://www.youtube.com/watch?v=v7LBggDKEtM
2014-09-25T17:22:52 <ELiDYROS> si ça vous a trop déprimé il suffit de regarder leurs autres conneries
2014-09-25T17:34:50 *** ELiDYROS est parti
2014-09-25T17:48:11 <TrappyTickles> heuzef1, t'es là?
2014-09-25T17:50:20 * Berry-Punch lance un muffin sur heuzef1 à 3533 km/h
2014-09-25T17:50:20 <Berry-Punch> MUFFIN RAINBOOM *hic* !!
2014-09-25T17:56:53 <TrappyTickles> http://gifsound.com/?gif=https://derpicdn.net/img/view/2014/9/25/729177__safe_solo_meme_animated_equestria%2Bgirls_cute_sunset%2Bshimmer_adorable_rainbow%2Brocks_spoiler-colon-rainbow%2Brocks.gif&v=mF4njtH5O3g&s=7 2couter du Hervé Crisitani pendant le browsing sur derpibooru est mauvais pour la santé :p
2014-09-25T17:56:59 <TrappyTickles> ecouter*
2014-09-25T18:22:32 *** heuzef s'est connecté
2014-09-25T18:23:57 *** heuzef1 est parti
2014-09-25T18:24:40 <heuzef> TrappyTickles: ?
2014-09-25T18:42:39 *** Letarumavza s'est connecté
2014-09-25T18:42:55 <Letarumavza> salut
2014-09-25T18:43:01 <adriens33> plop
2014-09-25T18:43:04 <adriens33> tiens t'étais parti ? :p
2014-09-25T18:43:11 <Letarumavza> ...
2014-09-25T18:43:38 <adriens33> (j'ai dormi la moitié de l'aprem et je me suis levé à 11h et demie ce "matin", donc forcément j'ai pas trop fait gaffe :p)
2014-09-25T18:43:49 <Letarumavza> Hum...
2014-09-25T18:44:03 <adriens33> (j'ai caché la liste des users parce que ça me prend de la place pour rien
2014-09-25T18:44:04 <adriens33> )
2014-09-25T18:46:49 <adriens33> quoi de neuf ?
2014-09-25T19:35:50 *** heuzef est parti
2014-09-25T20:19:15 <TrappyTickles> cque je peux hair css
2014-09-25T20:19:49 <TrappyTickles> j'essaie de changer la couleur d'un bouton, j'ai beau vérifier que ça a bien changé, que c'est bien uploadé, je refresh comme un malade et le bouton change pas de couleur -_-
2014-09-25T20:22:30 <adriens33> t'as refresh sans le cache ?
2014-09-25T20:22:34 <adriens33> (ctrl maj r sous firefox)
2014-09-25T20:22:39 <adriens33> sinon c'est un peu normal… ^^
2014-09-25T20:23:28 *** ELiDYROS s'est connecté
2014-09-25T20:23:28 <TrappyTickles> j'arrête pas de refresh le cache
2014-09-25T20:23:48 <TrappyTickles> la preuve, j'ai vu mes autres changements se faire
2014-09-25T20:23:54 <ELiDYROS> Re.
2014-09-25T20:23:57 <adriens33> re
2014-09-25T20:24:24 <TrappyTickles> et quand j'inspecte le css, c'est comme si j'avais rien changé, alors que je l'ai uploadé au moins plus de 10 fois
2014-09-25T20:24:27 <TrappyTickles> re
2014-09-25T20:25:07 <ELiDYROS> vous avez regardé ma vidéo ?
2014-09-25T20:25:25 <TrappyTickles> c'est quoi les fichiers .map?
2014-09-25T20:25:52 <TrappyTickles> c'est pas une connerie qui rend les css illisibles ou une connerie du genre?
2014-09-25T20:28:21 <TrappyTickles> putain mais là jvais devenir fou là!!
2014-09-25T20:28:23 <ELiDYROS> Dommage
2014-09-25T20:28:28 <TrappyTickles> je pars pour changer la couleur du footer,
2014-09-25T20:28:41 <TrappyTickles> là, le footer change pas,... mais les boutons ont la bonne couleur!!
2014-09-25T20:38:45 <adriens33> ah, le css.
2014-09-25T20:38:50 <adriens33> quel footer de merde :p
2014-09-25T20:38:54 <adriens33> *badum tss*
2014-09-25T20:40:05 <TrappyTickles> putain mais j'en ai marre, mainteannt les couleurs des boutons sont plus bonnes à novueau!
2014-09-25T20:40:22 <adriens33> ouiiiin il a pa vu ma blagueuuuuuuh :'(
2014-09-25T20:40:35 <ELiDYROS> le bruit du vent
2014-09-25T20:40:41 <adriens33> merci les mecs…
2014-09-25T20:40:59 <ELiDYROS> je parlais pour moi
2014-09-25T20:41:02 <adriens33> ah
2014-09-25T20:42:31 <TrappyTickles> dsl j'suis un poil trop énervé pour tout voir là
2014-09-25T20:42:48 <adriens33> tkt ^^'
2014-09-25T20:43:32 <ELiDYROS> Mauvaise coincidence pour ma part
2014-09-25T20:46:07 <ELiDYROS> on m'a demandé de tenter de lancer des sujets de conversation
2014-09-25T20:46:20 <ELiDYROS> mais souvent j'ai l'impression que tout le monde se casse lorsque j'essaie lol
2014-09-25T20:46:44 <TrappyTickles> bon j'ai l'impression que le problème c'est cet hébergeur olympe qui fait du zèle
2014-09-25T20:46:55 <TrappyTickles> t'inquiète, souvent cque j'envoie ça tombe a l'eau :p
2014-09-25T20:47:08 <TrappyTickles> je suis sur que personne n'a vu ma dernière blague sur shimmer'n sparkle :p
2014-09-25T20:55:36 <ELiDYROS> Désolé
2014-09-25T20:58:42 *** ELiDYROS est parti
2014-09-25T21:00:35 <TrappyTickles> ah oui c'est pas que le css, c'est tout le site qui fait ça... quelle merde olympe, j'irai jamais m'en servir
2014-09-25T21:30:29 *** Gordfang est parti
2014-09-25T21:42:54 *** Gordfang s'est connecté
2014-09-25T21:43:42 <Gordfang> re
2014-09-25T21:44:12 <adriens33> re
2014-09-25T23:30:26 <Letarumavza> re
2014-09-25T23:55:21 *** Silou est parti
