2014-07-04T00:12:41 <Letarumavza> vive hyperedit pour refaire en vitesse les missions qui foirent à cause du bug de loading
2014-07-04T00:12:53 <ludvann> ^^
2014-07-04T00:13:12 <ludvann> je pige que dalle à hyperedit mais c'est cool ce mod ^^
2014-07-04T00:14:01 <Letarumavza> En l'occurence je colle des points de controle dans ma mission, là par exemple j'ai planté sur la réentrée, donc je vais coller un coups d'hyperedit pour aller en orbite d'eve.
2014-07-04T00:14:17 <ludvann> :)
2014-07-04T00:23:25 <Letarumavza> yes
2014-07-04T00:23:35 <Letarumavza> Bon, j'ai fini à la baille
2014-07-04T00:23:37 <Letarumavza> mais yes
2014-07-04T00:23:42 <ludvann> GG
2014-07-04T00:53:56 <ValCab33> Bon moi je vais dodo, good night
2014-07-04T00:54:00 *** ValCab33 est parti
2014-07-04T00:54:02 <ludvann> @+
2014-07-04T00:55:05 <ludvann> bon bonne nuit letaaa'
2014-07-04T00:55:10 <ludvann> leta'*
2014-07-04T00:55:15 <ludvann> @+
2014-07-04T00:55:17 <ludvann> /)
2014-07-04T00:55:22 *** ludvann est parti
2014-07-04T02:32:57 <Letarumavza> -1048576 octet(s)
2014-07-04T07:04:41 *** Rei s'est connecté
2014-07-04T07:05:24 <Rei> Chalut..
2014-07-04T07:18:07 *** adriens33 s'est connecté
2014-07-04T07:18:34 <adriens33> Oh y'a du monde :) Salut les gens
2014-07-04T07:19:16 <Rei> chalut, je crois que leta dort
2014-07-04T07:19:20 <adriens33> ^^
2014-07-04T07:19:45 <adriens33> mon proprio qui a osé me dire que j'ai abimé le mur du couloir avec mon vélo…
2014-07-04T07:19:50 <adriens33> de 1: y'a aucune écornure
2014-07-04T07:20:03 <adriens33> de 2: ça part avec 30s d'huile de coude et une éponge.
2014-07-04T07:20:07 <adriens33> ha !
2014-07-04T07:20:12 <adriens33> non mais.
2014-07-04T07:20:35 <adriens33> sinon comment ça va ?
2014-07-04T07:21:26 <Rei> j'ai pas dormi de la nuit..
2014-07-04T07:21:36 <adriens33> ah bon ?
2014-07-04T07:22:05 <adriens33> ah… j'ai mal lu ta phrase
2014-07-04T07:22:07 <adriens33> ouch
2014-07-04T07:22:11 <adriens33> ça pique
2014-07-04T07:22:47 <adriens33> ben si tu as des choses à faire il te reste du café (avec plein de sucre) (ah, mais tu aimes pas ça c'est vrai)… ben… essaie du thé bien fort.
2014-07-04T07:23:10 <Rei> non y'a rien a la maison, mais tkt ça va^^
2014-07-04T07:23:11 <adriens33> sinon si tu as pas grand chose à faire ce matin tu peux essayer de dormir un peu… si t'y arrives.
2014-07-04T07:24:31 <Rei> nah j'y arriverai pas XD
2014-07-04T07:24:35 <adriens33> ah
2014-07-04T07:24:38 <adriens33> dommage
2014-07-04T07:26:42 <Rei> tkt pas
2014-07-04T07:26:45 <adriens33> oki
2014-07-04T07:27:13 <Rei> et toi ça va sinon?
2014-07-04T07:28:07 <adriens33> ouep… je viens de me réveiller donc j'ai la tête dans… la lune, mais sinon ça va ^^
2014-07-04T07:28:18 <Rei> XD
2014-07-04T07:28:23 <adriens33> **voix de zombie** caaafééé…
2014-07-04T07:28:25 <adriens33> groargl
2014-07-04T07:29:22 <Rei> je suis sur we love fine la, a baver en regardant les tee shit
2014-07-04T07:29:25 <Rei> shirt*
2014-07-04T07:29:29 <adriens33> ^^
2014-07-04T07:30:08 <adriens33> oui y'en a des supers, mais faut avoir les finances parce que quand t'en prends quelques uns et que t'as les frais de port+frais de douane… ayayaymépoch
2014-07-04T07:30:46 <Rei> c'est sur
2014-07-04T07:31:54 <Rei> y'en a un il me fait trop marrer
2014-07-04T07:32:13 <Rei> http://www.welovefine.com/4981-ice-cream-ponies.html#.U7Y8a0ARcvs
2014-07-04T07:33:28 <adriens33> :D
2014-07-04T07:33:40 <Rei> mais j'aurai mi pinkie sur le dos par contre
2014-07-04T07:34:24 <adriens33> ^^
2014-07-04T07:37:44 <Rei> faut que je regarde la saison 4 d'ailleurs, j'ai des épisodes en retard..
2014-07-04T07:37:48 <adriens33> ah
2014-07-04T07:37:55 <adriens33> il te manque quoi ?
2014-07-04T07:38:56 <Rei> je sais plus, ,je pense me refaire toute la saison 4
2014-07-04T07:39:09 <adriens33> ok
2014-07-04T07:39:38 <adriens33> faudrait faire des séances de revisionnage pour tous ceux qui ont loupé des bouts et/ou ceux qui veulent en revoir :p
2014-07-04T07:39:45 <Rei> j'aime pas trop fluttershy, mais... woah.. http://www.welovefine.com/2346-anthro-fluttershy.html#.U7Y-L0ARcvs
2014-07-04T07:40:15 <Rei> oui ca pourrait etre sympa surtout que avec ma co, c'est aléatoire le chargement de videos..
2014-07-04T07:40:19 <adriens33> ah oui ! il est classe celui-là :)
2014-07-04T07:40:43 <adriens33> (oui, et accessoirement qu'on doit être quelques uns à avoir tous les épisodes sur un disque dur dans un coin…)
2014-07-04T07:41:03 <Rei> j'ai jusqu'a la saison 3 milieu en épisode
2014-07-04T07:41:06 <Rei> sur mon ordi
2014-07-04T07:41:32 <adriens33> va falloir rattraper ça alors :)
2014-07-04T07:41:39 <Rei> ^^
2014-07-04T07:45:26 <adriens33> je vais devoir te laisser toute seule par contre, faut que j'aille prendre mon bus… à tout à l'heure :D
2014-07-04T07:45:58 <Rei> ok a toute ^^
2014-07-04T07:46:19 *** adriens33 est parti
2014-07-04T07:48:07 <Rei> *
2014-07-04T07:55:15 <Rei> *
2014-07-04T07:58:10 <Rei> *
2014-07-04T07:58:13 <Rei> *
2014-07-04T08:03:39 <Rei> *
2014-07-04T08:10:37 <Rei> *
2014-07-04T08:16:12 <Rei> *
2014-07-04T08:19:45 <Rei> *
2014-07-04T08:22:30 <Rei> *
2014-07-04T08:32:23 <Rei> *
2014-07-04T08:36:33 <Rei> *
2014-07-04T08:43:15 <Rei> *
2014-07-04T08:52:57 <Letarumavza> zalut
2014-07-04T08:53:14 <Rei> coucou é-è
2014-07-04T08:53:35 <Letarumavza> je sors de chez le dentiste là ^^
2014-07-04T08:54:35 *** Rei est parti
2014-07-04T08:56:39 *** Rei s'est connecté
2014-07-04T08:57:19 <Letarumavza> ?
2014-07-04T08:57:22 <Letarumavza> ^^
2014-07-04T08:57:50 <Rei> bah ma connexion avait crashé XD
2014-07-04T08:58:05 <Letarumavza> ça va ?
2014-07-04T08:58:47 <Rei> non..
2014-07-04T09:00:35 <Letarumavza> kékispas ?
2014-07-04T09:01:00 <Rei> j'essaye de pas gerber a une heure de l'annonce des résultats...
2014-07-04T09:01:20 <Letarumavza> Décontractes toi
2014-07-04T09:01:30 <Letarumavza> Prends une douche par exemple ^^
2014-07-04T09:02:59 <Rei> j'arriverai pas a me lever la.. tete qui tourne..
2014-07-04T09:03:12 <Letarumavza> dac dac ^^'
2014-07-04T09:08:05 <Rei> plus qu'une heure putain..
2014-07-04T09:14:50 <Rei> ils sont entrain de publier les resultats...
2014-07-04T09:20:52 *** Shinsaber s'est connecté
2014-07-04T09:21:07 <Shinsaber> salut !
2014-07-04T09:21:14 <Rei> coucou
2014-07-04T09:21:35 *** Gordfang s'est connecté
2014-07-04T09:21:40 <Shinsaber> bientôt les résultat Rei ?
2014-07-04T09:21:49 <Rei> oui T.T
2014-07-04T09:21:52 <Rei> ils sont entrain de les publier
2014-07-04T09:22:02 <Rei> y'a ecrit "publication' sur le site T.T
2014-07-04T09:22:11 <Shinsaber> sa va bien se passer ^^
2014-07-04T09:22:20 <Rei> ouiiiiiiiiiiiiiinnnnnnnnnnnnn T.T
2014-07-04T09:23:03 *** wildfier s'est connecté
2014-07-04T09:23:12 <Gordfang> lut
2014-07-04T09:23:13 *** adriens33 s'est connecté
2014-07-04T09:23:17 <wildfier> yop !
2014-07-04T09:23:18 <adriens33> re !
2014-07-04T09:23:23 <adriens33> (voire salut aussi :) )
2014-07-04T09:23:31 <Shinsaber> Salut
2014-07-04T09:23:35 <adriens33> punaise un gros bol de café bien chargé ça fait un bien fou.
2014-07-04T09:23:42 <adriens33> je pète le feu dans tous les sens du terme.
2014-07-04T09:23:43 <Rei> re adrien33^^
2014-07-04T09:23:46 <adriens33> re :)
2014-07-04T09:23:49 <wildfier> moi ça fait plus effet ...
2014-07-04T09:23:59 * wildfier s'endort sur son clavier
2014-07-04T09:24:11 <adriens33> Parce qu'il faut pas en abuser, au delà de 300mg de caféine par jour t'as un effet d'accoutumance
2014-07-04T09:24:21 <adriens33> c'est pour ça que je me limite à deux verres par jour grand maximum
2014-07-04T09:24:22 <wildfier> du métal pour me tenir éveillé, vite ...
2014-07-04T09:24:23 <adriens33> ça et…
2014-07-04T09:24:38 <adriens33> pour éviter que mon cœur sorte de ma poitrine à force de battre trop fort XD
2014-07-04T09:24:47 <Shinsaber> XD
2014-07-04T09:24:47 <wildfier> bon, sinon je suis content
2014-07-04T09:24:58 <wildfier> j'ai eu mes  premiers followers sur twitch
2014-07-04T09:24:59 <wildfier> ^^
2014-07-04T09:25:06 <wildfier> 2 premiers*
2014-07-04T09:25:34 <Rei> twitch?
2014-07-04T09:25:48 <wildfier> j'ai streamé hier soir sur twitch
2014-07-04T09:25:59 <Rei> ok
2014-07-04T09:26:01 <adriens33> j'ai raté ton stream moi :(
2014-07-04T09:26:07 <adriens33> t'as streamé à quelle heure ?
2014-07-04T09:26:09 <wildfier> je commence le speed run de dark souls 2
2014-07-04T09:26:12 <wildfier> toute la soirée
2014-07-04T09:26:13 <adriens33> ah
2014-07-04T09:26:20 <adriens33> quand j'y suis allé t'étais offline
2014-07-04T09:26:21 <Rei> XD
2014-07-04T09:26:22 <wildfier> j'ai arrêté à 10h
2014-07-04T09:26:22 <adriens33> :(
2014-07-04T09:26:24 <adriens33> ah
2014-07-04T09:26:30 <adriens33> tu streamais à 8h ?
2014-07-04T09:26:45 <wildfier> heu je devais faire pause miam
2014-07-04T09:26:50 <wildfier> j'ai commencé à 6h
2014-07-04T09:26:53 <adriens33> je suis resté un moment, genre jusqu'à 9h
2014-07-04T09:26:56 <adriens33> mais y'avais quedal
2014-07-04T09:26:58 <adriens33> :(
2014-07-04T09:27:08 <wildfier> 9h je streamais je pense
2014-07-04T09:27:45 <adriens33> ben moi j'avais rien sur le player, t'étais offline donc bon au bout d'une heure j'en ai eu marre j'ai fermé firefox :(
2014-07-04T09:28:00 <adriens33> comme j'ai reçu le mail de twitch à 6h
2014-07-04T09:28:06 <adriens33> j'ai cru que j'avais loupé le stream
2014-07-04T09:28:19 <wildfier> bas je recommence ce soir
2014-07-04T09:28:22 <wildfier> ^^
2014-07-04T09:28:27 <adriens33> ce soir jsuis pas chez moi…
2014-07-04T09:28:29 <Rei> je suis crever..
2014-07-04T09:28:32 <Letarumavza> Tain les mecs vous voulez vraiment pas vous mettre à lol ?
2014-07-04T09:28:36 <adriens33> XD
2014-07-04T09:28:40 <adriens33> pourquoi ?
2014-07-04T09:28:56 <Rei> moi je veux rejouer a wow bertrand T.T
2014-07-04T09:28:56 <adriens33> pour avoir le plaisir sadique de pouvoir défoncer tout le monde ? >/=)
2014-07-04T09:28:58 <adriens33> *>:)
2014-07-04T09:29:01 <Letarumavza> ^^
2014-07-04T09:29:07 <Letarumavza> exactement adrien
2014-07-04T09:29:09 <adriens33> (foirage de smiley…)
2014-07-04T09:29:24 <Letarumavza> Ah, je croyais que c'était un smiley canadien
2014-07-04T09:29:26 <adriens33> je suis shooté au café là, ça fait du bien d'être en pleine forme.
2014-07-04T09:29:28 <adriens33> XD
2014-07-04T09:29:30 <adriens33> tétrokon
2014-07-04T09:29:30 <Letarumavza> (southpark ^^)
2014-07-04T09:29:39 <adriens33> ah… ouais… vu comme ça
2014-07-04T09:29:41 <adriens33> XD
2014-07-04T09:29:47 * adriens33 penche la tête dans tous les sens
2014-07-04T09:29:52 * adriens33 se déboite la tête
2014-07-04T09:33:15 *** Gordfang est parti
2014-07-04T09:33:32 *** wildfier est parti
2014-07-04T09:33:45 <Rei> uhh
2014-07-04T09:33:53 *** wildfier s'est connecté
2014-07-04T09:34:16 <adriens33> Ah, vive les déconnexions random hein wildfier ? ^^
2014-07-04T09:34:29 <wildfier> non fail de ma part sur kiwiirc
2014-07-04T09:34:36 <adriens33> c'est plus drôle :)
2014-07-04T09:34:49 <wildfier> je pensais qu'un bouton virait le panneaux de droite mais ça déco
2014-07-04T09:34:53 <adriens33> ^^
2014-07-04T09:35:05 <adriens33> la croix rouge en haut à droite c'est pour refroidir le PC.
2014-07-04T09:35:07 <adriens33> XD
2014-07-04T09:35:21 <adriens33> et le bouton rouge sur la multiprise ça te fait gagner plein d'argent :p
2014-07-04T09:35:22 <Rei> xD
2014-07-04T09:35:36 <adriens33> (où ça un troll ?)
2014-07-04T09:37:27 <Rei> nyuh
2014-07-04T09:37:48 <adriens33> nyah
2014-07-04T09:37:50 <Rei> mais putain va y crache les ces fucking de résultats....
2014-07-04T09:38:03 <adriens33> à tes souhaits :p
2014-07-04T09:38:29 <Rei> ^^"
2014-07-04T09:38:44 <Letarumavza> Bon... on va voir comment se passe ma game de lol
2014-07-04T09:39:22 <Letarumavza> Le stress des ranked pvp
2014-07-04T09:39:46 <adriens33> @Letarumavza ça pourrait être intéressant de streamer sur twitch quand tu joues (voire d'enregistrer ça et de le coller sur yt)
2014-07-04T09:40:02 <Rei> J'ai envie de zigouller le maitre du temps...
2014-07-04T09:40:17 <adriens33> dommage, j'ai pas de Tardis sous la main :p
2014-07-04T09:40:23 <Letarumavza> Je lance le stream
2014-07-04T09:40:27 <Letarumavza> Elnala_2110
2014-07-04T09:40:33 <adriens33> (je suis au boulot là :( )
2014-07-04T09:40:41 <adriens33> si tu peux enregistrer ça serait super cool
2014-07-04T09:41:04 <Rei> je crois que je vais devenir folle... Il reste 20 min putain...
2014-07-04T09:43:08 <Rei> T.T
2014-07-04T09:43:38 <Shinsaber> mais faux pas stresser ^^
2014-07-04T09:43:56 <wildfier> si c'est activé dans les réglages de twitch
2014-07-04T09:44:08 <wildfier> c'est automatique l'enregistrement de la rediff
2014-07-04T09:44:45 <Rei> je suis une angoissée de nature^^"..
2014-07-04T09:44:46 <adriens33> chez le viewer ou le streamer ?
2014-07-04T09:44:55 <adriens33> @Rei tiens, ça me rappelle quelqu'un ça…
2014-07-04T09:44:58 <adriens33> ^^'
2014-07-04T09:46:12 <wildfier> @adriens33: du streamer
2014-07-04T09:46:19 <adriens33> ok
2014-07-04T09:46:31 <adriens33> @Letarumavza t'as activé l'enregistrement de tes streams ?
2014-07-04T09:49:35 <Rei> 10min XD
2014-07-04T09:50:52 <adriens33> tiiin tiiin tiiin…
2014-07-04T09:51:11 <Rei> xD
2014-07-04T09:51:23 <Rei> dans 10min, soit je meurs, soit je deviens Pinkie
2014-07-04T09:51:30 <Shinsaber> XD
2014-07-04T09:52:32 <adriens33> http://9gag.com/gag/a44v2PQ
2014-07-04T09:52:55 <adriens33> façon de voir intéressante.
2014-07-04T09:54:17 <Rei> trop mimi
2014-07-04T09:54:51 <adriens33> (ça m'étonnera toujours la façon dont Berry hoquette à des moments bien placés… alors que c'est totalement aléatoire XD)
2014-07-04T09:55:00 <wildfier> adriens33: tu sais comment dire à convert de pas conserver le ratio sur un -resize ?
2014-07-04T09:55:14 <adriens33> faut faire un -scale au lieu de -resize il me semble
2014-07-04T09:55:39 <wildfier> ok
2014-07-04T09:55:40 <wildfier> thx
2014-07-04T09:55:43 <adriens33> np :)
2014-07-04T09:55:49 <adriens33> ouaip
2014-07-04T09:55:56 <adriens33> « -scale : scale the image »
2014-07-04T09:58:49 <wildfier> nope ça garde le ratio
2014-07-04T09:59:25 <adriens33> ah
2014-07-04T09:59:27 <adriens33> 2s
2014-07-04T10:00:10 <adriens33> faut faire convert image1 -resize widthxheight! image2 pour ignorer le ratio.
2014-07-04T10:00:21 <adriens33> (tu ajoutes ! à la fin de ta résolution en gros)
2014-07-04T10:00:26 <adriens33> (merci google :p)
2014-07-04T10:00:40 <adriens33> (j'avais oublié ce pitit détail ^^')
2014-07-04T10:00:50 <adriens33> @wildfier
2014-07-04T10:01:36 <wildfier> oh
2014-07-04T10:01:38 <wildfier> ok
2014-07-04T10:01:40 <wildfier> thx
2014-07-04T10:01:44 <adriens33> ^^
2014-07-04T10:02:11 *** ValCab33 s'est connecté
2014-07-04T10:02:23 <ValCab33> Helli
2014-07-04T10:02:30 <ValCab33> *hello
2014-07-04T10:03:14 <Shinsaber> salut /)
2014-07-04T10:03:26 <adriens33> Hello ValCab33 ^^
2014-07-04T10:03:33 <adriens33> fais gaffe à Rei, elle mord ce matin XD
2014-07-04T10:03:38 <adriens33> (elle attend les résultats du bac)
2014-07-04T10:04:17 <ValCab33> ^^
2014-07-04T10:07:28 <Rei> je suis pas sur le site..............
2014-07-04T10:08:09 <adriens33> dans le meilleur des cas c'est pas fini d'updater.
2014-07-04T10:08:18 <adriens33> sinon tu es au rattrapage donc c'est quand même jouable.
2014-07-04T10:08:35 <adriens33> ne désespère pas ^^
2014-07-04T10:11:42 <Shinsaber> tu est en bac L ??
2014-07-04T10:12:43 <Rei> je vais voir au lycée on sais jamais
2014-07-04T10:12:47 *** Rei est parti
2014-07-04T10:13:10 <adriens33> @Shinsaber je crois oui, pourquoi ?
2014-07-04T10:13:24 <Shinsaber> sa semble mal partie, son nom ses bien SOLE Marion
2014-07-04T10:13:32 <adriens33> heu… oui
2014-07-04T10:13:45 <adriens33> pourquoi ?
2014-07-04T10:14:09 <Shinsaber> http://etudiant.aujourdhui.fr/etudiant/resultats-candidat/2014.html?resultat%5Bexamen%5D=bac&resultat%5Bacademie%5D=bordeaux&resultat%5Bnom%5D=Sole&resultat%5Bprenom%5D=&rechercher= (je sais pas si c'est une source sure mais bon ...)
2014-07-04T10:14:32 <adriens33> tu peux bit.ly stp ? ton lien est trop long j'arrive pas à le prendre
2014-07-04T10:14:34 <adriens33> ^^'
2014-07-04T10:15:15 <Shinsaber> je vérifie si ses bien cette année
2014-07-04T10:16:41 <Shinsaber> http://bit.ly/1qu5DE3
2014-07-04T10:18:10 <adriens33> putain la pauvre…
2014-07-04T10:18:14 <adriens33> même pas rattrapage
2014-07-04T10:18:16 <adriens33> :(
2014-07-04T10:18:24 <adriens33> comment on fait ?
2014-07-04T10:19:22 <Shinsaber> putain fais chier si c'est vrais ......
2014-07-04T10:20:35 <adriens33> ben ça à l'air ouais…
2014-07-04T10:20:39 <adriens33> comment on fait ?
2014-07-04T10:21:07 <Letarumavza> osef
2014-07-04T10:21:19 <Letarumavza> Je lui ai dit de bosser toute l'année et je lui ai même proposé mon aide
2014-07-04T10:21:46 <adriens33> et ?
2014-07-04T10:21:52 <adriens33> moi ma 1e terminale
2014-07-04T10:22:01 <adriens33> je l'ai raté parce que j'étais pas bien
2014-07-04T10:22:03 <Letarumavza> Elle en a pas ramé une
2014-07-04T10:22:06 <adriens33> du coup j'arrivais pas à bosser.
2014-07-04T10:22:15 <adriens33> de l'extérieur j'avais l'air d'une feignasse
2014-07-04T10:22:15 <Letarumavza> Elle préférait glander que bosser...
2014-07-04T10:22:42 <adriens33> …
2014-07-04T10:23:04 <Letarumavza> Hey, je la connais je suis sorti quasi deux ans avec...
2014-07-04T10:23:10 <adriens33> ça va, j'ai compris.
2014-07-04T10:23:27 <Letarumavza> Boaf elle repique juste, rien de dramatique ^^
2014-07-04T10:23:38 <Shinsaber> mais sa fais quant même mal ....
2014-07-04T10:27:24 *** Gordfang s'est connecté
2014-07-04T10:28:06 <adriens33> hello
2014-07-04T10:29:27 <Gordfang> re
2014-07-04T10:30:26 <Shinsaber> re
2014-07-04T10:36:51 <adriens33> Bon, qui veut sortir des blagues de merde histoire de rigoler un peu ? ^^
2014-07-04T10:36:57 <adriens33> on s'ennuie ici XD
2014-07-04T10:41:25 <Shinsaber> *hoc* !
2014-07-04T10:58:36 <adriens33> *huc* !
2014-07-04T11:01:24 <Shinsaber> *hac* !
2014-07-04T11:01:59 <adriens33> *hyc
2014-07-04T11:02:08 <adriens33> * *hyc* !
2014-07-04T11:03:30 <Shinsaber> google trad : .......h.......h.......h....... en jap puis lecture
2014-07-04T11:03:55 <Shinsaber> enjoy fun
2014-07-04T11:04:05 <wildfier> ou comment faire chanter google trad
2014-07-04T11:04:10 <wildfier> (de manière ridicule)
2014-07-04T11:05:01 <Shinsaber> ou dotodolidodotodotodolido en jap c'est pas mal
2014-07-04T11:06:34 <Shinsaber> 7777777777777777777777777 batman (épique)
2014-07-04T11:18:44 *** Shinsaber est parti
2014-07-04T11:20:50 *** Shinsaber s'est connecté
2014-07-04T11:21:05 <Shinsaber> re, pc qui décide de se mètre en veille ....
2014-07-04T11:21:10 <adriens33> ^^
2014-07-04T12:03:26 <adriens33> je vais miam, ++
2014-07-04T12:03:26 <Berry-Punch> Bon appétit, adriens33 :D *hic* 
2014-07-04T12:04:36 <Letarumavza> Fuck me...
2014-07-04T12:04:49 <Letarumavza> J'ai le SLI qui me bruite la carte son...
2014-07-04T12:06:53 <Shinsaber> a con ^^
2014-07-04T12:07:36 <Letarumavza> En revanche, lol c'est injouable en streamant avec ma co
2014-07-04T12:07:57 <Letarumavza> J'ai une demi seconde de latence sur mes techniques...
2014-07-04T12:08:11 <Letarumavza> (sans compter le défilé de glandus de ce matin...
2014-07-04T12:08:26 <Shinsaber> XD
2014-07-04T12:08:58 <Letarumavza> bah j'ai eu un tank qui se plaçait pas entre moi et l'ennemi et qui me piquait mes creeps.
2014-07-04T12:09:12 <Letarumavza> Et qu'a pas été foutu de faire un seul grab éfficace.
2014-07-04T12:09:17 <Letarumavza> (enfin, il en a fait un)
2014-07-04T12:09:29 <Letarumavza> Avec le mid qu'est bien venu me pourrir en bouffant mes creeps.
2014-07-04T12:09:54 <Letarumavza> (sachant que je joue un glass canon, pas feed je me fais OS.)
2014-07-04T12:10:15 <Letarumavza> Ensuite les mecs ont passé toute la game à me bash
2014-07-04T12:10:29 <Letarumavza> en venant à tour de rôle m'empécher de farm...
2014-07-04T12:10:40 <Letarumavza> (fuck la logique)
2014-07-04T12:10:46 <Shinsaber> le jeu solo c'est mieux pour ça ^^ (personne pour te pourrir ta strat ^^)
2014-07-04T12:11:20 <Letarumavza> bah lol c'est largement plus fun qu'un jeu solo quand chacun fait son taf.
2014-07-04T12:11:29 <Letarumavza> Jouer en équipe c'est vraiment le pied.
2014-07-04T12:11:44 <Shinsaber> la coopération c'est dur XD
2014-07-04T12:11:46 <Letarumavza> M'enfin là ils m'ont collé tout sur le dos sur la première game...
2014-07-04T12:12:09 <Letarumavza> Et pour la seconde, je vais au mid (qui est la lane 1v1 donc personne pour me pourrir)
2014-07-04T12:12:42 <Letarumavza> Je me retrouve face à mon counter avec le jungler qui sentant le kill facile vient lui coller masse coups de main...
2014-07-04T12:13:02 <Letarumavza> Et avec comme mates deux des cons de la game précédente...
2014-07-04T12:13:57 <Letarumavza> Les mecs viennent quand même me traiter de noob alors que je me traine... 94% de victoires sur mes 300 last games...
2014-07-04T12:15:14 <Letarumavza> Sachant que les deux abrutis qui m'ont le plus troll sont respectivement à 55% et 42%
2014-07-04T12:16:10 <Letarumavza> N'empèche j'avais les boules sur la last...
2014-07-04T12:16:18 <Letarumavza> J'ai pris lux alors que j'ia hésité à prendre akali
2014-07-04T12:16:40 <Letarumavza> Sachant que si zed est le counter de lux, akali est le counter de zed...
2014-07-04T12:17:12 <Letarumavza> Mais lux est plus utile en teamfight...
2014-07-04T12:17:25 <Letarumavza> Son ulti va chercher les mecs à perpet et sur une bande bien large.
2014-07-04T12:17:33 <Letarumavza> C'est une vrai coups de balais.
2014-07-04T12:36:24 <Shinsaber> go miaming ^^
2014-07-04T12:43:28 *** ludvann s'est connecté
2014-07-04T12:43:38 <ludvann> Plop !
2014-07-04T12:43:54 <ludvann> Ça schtroumpf ?
2014-07-04T12:44:28 <ludvann> ?
2014-07-04T12:50:07 <ValCab33> Eeyup
2014-07-04T12:55:01 *** Letarumavza est parti
2014-07-04T13:02:08 *** Letarumavza s'est connecté
2014-07-04T13:02:39 *** wildfier est parti
2014-07-04T13:03:47 <Shinsaber> haha, je suis trempé ....
2014-07-04T13:38:29 <Letarumavza> flotte ^^
2014-07-04T13:54:08 <adriens33> re
2014-07-04T14:03:33 *** wildfier s'est connecté
2014-07-04T14:04:39 <adriens33> re
2014-07-04T14:05:00 <wildfier> re
2014-07-04T14:05:09 <Shinsaber> re
2014-07-04T14:10:07 <ludvann> Re
2014-07-04T14:11:25 <Shinsaber> moi qui voulais organiser un tours au miroir d'eau .... je crois que c'est mort vus le temps ^^
2014-07-04T14:11:55 <adriens33> normalement demain il devrait pas faire trop moche.
2014-07-04T14:12:02 <adriens33> sauf dans la soirée.
2014-07-04T14:12:17 <Letarumavza> Putain c'est quoi ce temps de merde...
2014-07-04T14:12:19 <ludvann> ^^
2014-07-04T14:12:22 <adriens33> @Letarumavza si t'as de meilleures infos niveau météo on est preneur.
2014-07-04T14:12:24 <ludvann> :'(
2014-07-04T14:12:33 <adriens33> ben c'est l'été… donc il pleut.
2014-07-04T14:12:38 <adriens33> narmol quoi
2014-07-04T14:12:51 <ludvann> Logic you're drunk...
2014-07-04T14:12:54 <Letarumavza> Tu veux que j’appelle les mecs à mérignac ?
2014-07-04T14:13:04 <adriens33> boarf de toute façon…
2014-07-04T14:13:07 <adriens33> dimange 'y pleut
2014-07-04T14:13:07 <Letarumavza> La météo aviation est la plus précise  ^^
2014-07-04T14:13:10 <adriens33> lundit y pleut
2014-07-04T14:13:12 <adriens33> *lundi
2014-07-04T14:13:24 <ludvann> Tu as des contacts partout leta' xD
2014-07-04T14:13:26 <adriens33> mais oui si tu veux ^^
2014-07-04T14:13:47 <adriens33> déjà pour ce soir, est ce que je risque ma couenne à venir chez toi pour le barbec ^^ ?
2014-07-04T14:18:46 <wildfier> Barbeuq !
2014-07-04T14:19:08 <adriens33> si tu veux viendre, je pense pas que Leta dira non
2014-07-04T14:19:18 <adriens33> vu ce que j'ai apporté devrait y avoir assez pour trois
2014-07-04T14:19:23 <wildfier> trop loins du tram ^^
2014-07-04T14:19:25 <adriens33> par contre s'il pleut ça va pas le faire
2014-07-04T14:19:37 <adriens33> faut prendre le 34 c'est à 100m de l'arrêt
2014-07-04T14:19:46 <adriens33> (j'ai fait le chemin hier c'est pas trop long donc ça va)
2014-07-04T14:20:03 <wildfier> fleme
2014-07-04T14:20:06 <adriens33> ^^
2014-07-04T14:20:08 <wildfier> run de dark souls à faire
2014-07-04T14:20:15 <adriens33> ^^
2014-07-04T14:23:32 <adriens33> putain balancer un exercice incendie juste apres le repas c'est salaud…
2014-07-04T14:23:46 <wildfier> ^^
2014-07-04T14:45:06 *** r s'est connecté
2014-07-04T14:45:06 *** r est parti
2014-07-04T14:45:16 *** Rei s'est connecté
2014-07-04T14:45:26 <Rei> Bon les gens
2014-07-04T14:45:31 <Rei> J'ai pas le ba
2014-07-04T14:45:32 <Rei> bac
2014-07-04T14:45:41 <Rei> J'ai meme pas 10 a une seule matière
2014-07-04T14:46:19 <Shinsaber> a, pas cool ...
2014-07-04T14:46:28 <Rei> ouai comme tu dis
2014-07-04T14:47:01 *** Eclipse2212 s'est connecté
2014-07-04T14:47:08 <Eclipse2212> Hay!
2014-07-04T14:47:23 <Shinsaber> salut
2014-07-04T14:47:25 <ludvann> :'(
2014-07-04T14:47:28 <ludvann> Salut
2014-07-04T14:47:35 <wildfier> salut
2014-07-04T14:48:23 <Rei> salut
2014-07-04T14:48:50 <ludvann> Bon, je re dans un petit moment (1/2h)
2014-07-04T14:48:55 <ludvann> @+
2014-07-04T14:48:57 *** ludvann est parti
2014-07-04T14:49:11 <Eclipse2212> Une petite question: Existe-t-il une commande irc pour se deconnecter via un chat?
2014-07-04T14:51:15 <Rei> sinon, c'était juste pour vous dire ça... je viens pas ce soir, et pour le Fufu, je sais pas, je pense plus avoir envie de rien sauf d'être avec mon copain
2014-07-04T14:52:16 <wildfier> @eclipse: /quit ou /exit
2014-07-04T14:52:31 <Eclipse2212> thx
2014-07-04T14:52:38 <wildfier> et /leave juste pour quitter le salon
2014-07-04T14:52:54 <Eclipse2212> au fait, comme je suis a environ 1 000 kms de bordeaux, je ne pourrais évidamment pas venir!
2014-07-04T14:54:03 <Rei> bye les gens
2014-07-04T14:54:18 <Eclipse2212> Bye!
2014-07-04T14:54:31 *** Rei est parti
2014-07-04T14:54:56 <Eclipse2212> bon le /quit marche, maintenant comment le faire dire a un bot??
2014-07-04T14:55:02 <Eclipse2212> via le !say
2014-07-04T15:09:09 *** Eclipse2212 est parti
2014-07-04T15:35:27 <adriens33> putain…
2014-07-04T15:35:37 <adriens33> quel est le con qui a déclenché l'alarme incendie ?
2014-07-04T15:35:46 <adriens33> y'a fallu faire venir les pompiers et tout…
2014-07-04T15:35:48 <adriens33> grr…
2014-07-04T15:35:56 <Shinsaber> XD
2014-07-04T15:36:00 <adriens33> c'est pas drôle.
2014-07-04T15:36:37 <adriens33> ah, et vous direz à Eclipse que s'il fait le con avec le bot il va avoir chaud aux fesses ;)
2014-07-04T15:41:59 <Berry-Punch>  *hic* 
2014-07-04T15:41:59 <adriens33> !say
2014-07-04T15:42:14 <Berry-Punch>  *hic* 
2014-07-04T15:42:14 <adriens33> !say
2014-07-04T15:42:17 <adriens33> …
2014-07-04T15:43:34 <wildfier> ^^
2014-07-04T15:47:10 <adriens33> sinon quoi de neuf les gens ?
2014-07-04T15:47:19 <adriens33> à part la pluie ? :D
2014-07-04T15:59:12 <Shinsaber> moi je suis en train de tester proxmox, sa semble vraiment cool ^^
2014-07-04T16:02:14 *** ludvann s'est connecté
2014-07-04T16:02:56 <adriens33> c'est quoi ?
2014-07-04T16:04:54 <Shinsaber> un virtualiseur comme un ESXI mais sous linux et avec les Linux Containers en plus ^^
2014-07-04T16:06:02 <wildfier> apparemment c'est craqué
2014-07-04T16:06:04 <adriens33> oh
2014-07-04T16:06:06 <adriens33> nice
2014-07-04T16:06:08 <wildfier> et c'est foss
2014-07-04T16:06:09 <adriens33> faudra que je regarde ça alors
2014-07-04T16:06:13 <adriens33> (tant qu'à faire :p)
2014-07-04T16:06:16 <wildfier> contrairement à esxi
2014-07-04T16:06:34 <adriens33> Bon, ben en vrai le nescafé en poudre là c'est vachement efficace oO
2014-07-04T16:06:40 <adriens33> j'ai pris qu'un bol ce matin
2014-07-04T16:06:48 <adriens33> mais bordel qu'est ce que je pétais le feu XD
2014-07-04T16:07:06 <adriens33> là la digestion+le vrai faux exercice incendie ça a tout coupé :p
2014-07-04T16:08:10 <adriens33> Bon, allez courage. Plus qu'une heure et demie avant le weekend.
2014-07-04T16:08:12 <adriens33> o/
2014-07-04T16:12:51 *** ludvann est parti
2014-07-04T17:06:50 *** Gordfang est parti
2014-07-04T17:07:50 *** wildfier est parti
2014-07-04T17:10:48 *** Shinsaber est parti
2014-07-04T17:11:22 <adriens33> comme tout le monde s'en va :p
2014-07-04T17:11:26 <adriens33> * :o
2014-07-04T17:18:59 *** MaCharon s'est connecté
2014-07-04T17:19:09 <MaCharon> amis du jour, bonjour
2014-07-04T17:20:16 <adriens33> hello
2014-07-04T17:20:33 <MaCharon> ah ça y est une reponse :D
2014-07-04T17:20:36 <adriens33> ^^
2014-07-04T17:20:48 <adriens33> désolé je bosse en même temps
2014-07-04T17:21:01 <adriens33> quoi de new ?
2014-07-04T17:21:32 <MaCharon> ben a 20h je prend mon tain pour Paris pour la Japan Expo
2014-07-04T17:21:45 <MaCharon> je serais donc absent ce week-end
2014-07-04T17:21:52 <adriens33> ah oui c'est vrai qu'il y a ça
2014-07-04T17:22:05 <adriens33> ben t'as de quoi t'amuser toi alors :p
2014-07-04T17:22:23 <MaCharon> je suis tout excité ^^
2014-07-04T17:22:26 <adriens33> ^^
2014-07-04T17:22:56 <MaCharon> cette année je la fais que le week-end mais c'est deja mieux que pas y aller du tout
2014-07-04T17:23:01 <adriens33> ouep
2014-07-04T17:29:41 <adriens33> bon gigo
2014-07-04T17:29:42 <adriens33> ++
2014-07-04T17:29:43 *** adriens33 est parti
2014-07-04T18:06:53 *** Shinsaber s'est connecté
2014-07-04T18:08:05 <Shinsaber> re
2014-07-04T18:20:20 *** ludvann s'est connecté
2014-07-04T18:23:31 *** ludvann est parti
2014-07-04T18:23:50 *** ludvann s'est connecté
2014-07-04T18:24:10 <ludvann> Re !
2014-07-04T18:25:31 <ludvann> Ça va ?
2014-07-04T18:26:49 <ludvann> :'(
2014-07-04T18:27:16 <Shinsaber> blanc XD
2014-07-04T18:27:25 <Shinsaber> je fais de la cuisine dsl ^^
2014-07-04T18:27:29 <ludvann> Ok
2014-07-04T18:27:32 <ludvann> Miam...
2014-07-04T18:28:02 <ludvann> Tu cuisine quoi ? (A pars mon cerveau xD
2014-07-04T18:28:04 <ludvann> )
2014-07-04T18:28:15 <Shinsaber> des patate douce ^^
2014-07-04T18:28:22 *** wildfier s'est connecté
2014-07-04T18:28:58 <ludvann> Mian :)
2014-07-04T19:00:27 *** ludvann est parti
2014-07-04T19:12:48 *** MaCharon est parti
2014-07-04T19:14:58 *** Letarumavza est parti
2014-07-04T19:48:53 *** Shinsaber est parti
2014-07-04T20:05:46 *** ValCab33 est parti
2014-07-04T20:41:06 *** ValCab33 s'est connecté
2014-07-04T20:41:14 <ValCab33> Reuh
2014-07-04T20:49:11 <wildfier> yop
2014-07-04T21:20:09 *** wildfier est parti
2014-07-04T21:21:49 *** wildfier s'est connecté
2014-07-04T22:19:47 *** ludvann s'est connecté
2014-07-04T22:19:54 <ludvann> Salut !
2014-07-04T22:20:17 <ludvann> Tout le monde est chez leta' ?
2014-07-04T22:36:55 <wildfier> exact ludvann
2014-07-04T22:37:19 <ludvann> ^^
2014-07-04T22:37:40 <ludvann> Tu peux baisser un peu la musique stp ?
2014-07-04T22:39:26 <wildfier> tu sais ya un chat sur le stream
2014-07-04T23:22:17 *** ValCab33 est parti
2014-07-04T23:22:26 *** ValCab33 s'est connecté
2014-07-04T23:28:38 *** flutterbrony s'est connecté
2014-07-04T23:29:07 <flutterbrony> bonsoir tout le monde ^^
2014-07-04T23:29:07 *** ludvann est parti
2014-07-04T23:29:21 *** ludvann s'est connecté
2014-07-04T23:29:25 <flutterbrony> Bonsoir Berry-Punch
2014-07-04T23:29:40 <flutterbrony> Je l'adore, je sais pas pourquoi x)
2014-07-04T23:34:28 <flutterbrony> Tiens, j'ai enfin réussi a compiler le serveur privé de LoE pour la ligne de commande Linux
2014-07-04T23:34:39 <flutterbrony> sauf que j'arrive pas a le lancer après ...
2014-07-04T23:42:15 <flutterbrony> après il me met LoE_PrivateServer commande introuvable
2014-07-04T23:43:19 <wildfier> XD
2014-07-04T23:43:23 <wildfier> ./loe...
2014-07-04T23:44:33 <flutterbrony> erreur stupide ... je vais dormir maintenant je pense :p ça m'éviteras de commettre ce genre d'oublie.
2014-07-04T23:44:42 <flutterbrony> Merci wildfier ^^
2014-07-04T23:45:12 <wildfier> np
2014-07-04T23:45:16 <wildfier> bonne nuit
2014-07-04T23:45:29 <flutterbrony> Merci et bonne nuit a toi aussi ;)
2014-07-04T23:45:44 <flutterbrony> Bonne nuit a tout Brony CUB en faite :)
2014-07-04T23:45:53 *** flutterbrony est parti
2014-07-04T23:53:39 *** wildfier est parti
2014-07-04T23:57:35 *** ValCab33 est parti
