2014-12-19T00:03:28 *** adriens33 s'est connecté
2014-12-19T00:10:09 <ELiDYROS> Bon adriens33 si je repasse au micro ce sera en privé je pense ^
2014-12-19T00:10:14 <ELiDYROS> ^^*
2014-12-19T00:10:27 <adriens33> ok
2014-12-19T00:26:58 <ELiDYROS> J'ai une voix horrible tout de même.
2014-12-19T01:24:03 *** adriens33 est parti
2014-12-19T02:13:24 *** Gordfang est parti
2014-12-19T02:21:33 *** ELiDYROS est parti
2014-12-19T09:16:12 *** heuzef s'est connecté
2014-12-19T10:20:57 *** TrappyTickles s'est connecté
2014-12-19T10:40:31 *** adriens33 s'est connecté
2014-12-19T11:24:34 <heuzef> Yo
2014-12-19T11:24:34 *** Lenile s'est connecté
2014-12-19T11:24:39 <heuzef> Bon alors
2014-12-19T11:24:42 <Lenile> heuzef
2014-12-19T11:24:45 <Lenile> #bronycub:
2014-12-19T11:24:53 <Lenile> #boutons
2014-12-19T11:24:58 <Lenile> #swag
2014-12-19T11:24:59 <heuzef> Si t'as chopé ça le jour même c'estpas possible
2014-12-19T11:25:06 <heuzef> Y'a un délais d'incubation
2014-12-19T11:25:25 <Lenile> On était au caliss Samedis
2014-12-19T11:25:37 <Lenile> Lundi / Mardi je me retrouve avec des boutons
2014-12-19T11:25:41 <Lenile> Sachant que je sort pas beaucoup
2014-12-19T11:25:44 <Lenile> n.n
2014-12-19T11:26:02 <heuzef> Ok donc pas possible, par contre tu as sans doute infecté le calice du coup :/
2014-12-19T11:26:03 <Lenile> Mais comme dit je m'en fiche hein s'pas tres grave :o
2014-12-19T11:26:15 <Lenile> Meuh nan
2014-12-19T11:26:20 <Lenile> Il à tout traité
2014-12-19T11:26:32 <Lenile> Mais pour le moment mon medecin à pas encore confirm  la gale
2014-12-19T11:26:36 <Lenile> Il m'a filé des cachets
2014-12-19T11:26:44 <heuzef> Ouais ont croises les doigts
2014-12-19T11:26:44 <Lenile> Si ça c'est pas calmé avant justement lundi pro
2014-12-19T11:26:49 <Lenile> C'est la gale
2014-12-19T11:26:54 <heuzef> En tous cas j'aurais besoin de savir tous ce que tu as fait ce soir la
2014-12-19T11:26:58 <heuzef> Ou quand comment pourquoi
2014-12-19T11:27:24 <Lenile> Arrete de me traité comme un Zombie :(
2014-12-19T11:27:39 <heuzef> Je sais que tu est monté a l'etage fumer, poser dans les canap déjà
2014-12-19T11:27:51 <heuzef> Mais non c'est important j'ai besoin d'infos
2014-12-19T11:28:41 <Lenile> Bah
2014-12-19T11:28:45 <Lenile> Jdr, espace fumeur
2014-12-19T11:28:53 <Lenile> Demande à Raga il s'en souvient surement mieu que moi x)
2014-12-19T11:29:03 <heuzef> Ragator à profiter en long et en large du local, manger tous fait et il à un rhume, sans doute hérité de sa mère
2014-12-19T11:30:12 <Lenile> J'ai fait exactement la même chose que lui
2014-12-19T11:30:24 <Lenile> On  Jdr enssemble
2014-12-19T11:30:28 <Lenile> Mangé les memes trucs
2014-12-19T11:30:31 <Lenile> (Saucisson )
2014-12-19T11:30:40 <Lenile> Lu des manga à l'étage fumeur
2014-12-19T11:30:49 <Lenile> Posé sur le !Canapé devant Gta V
2014-12-19T11:30:57 <Lenile> Et rentré enssemble
2014-12-19T11:31:00 <Lenile> Du coup....
2014-12-19T11:31:01 <Lenile> Voila n.n
2014-12-19T11:31:33 <heuzef> Bon ba ca confirme bien que y'a très peu de chance que tu es attrapé ça au calice
2014-12-19T11:32:05 <heuzef> T'as pas eu des parties de jambes en l'air ces derniers temps avec des nanas louches au moins ?
2014-12-19T11:35:23 <Lenile> Nope
2014-12-19T11:35:33 <Lenile> Pour uen fois que j'baise pas boucoup n.
2014-12-19T11:35:37 <Lenile> n.n
2014-12-19T11:35:41 <Lenile> Quo ique ...
2014-12-19T11:35:44 <Lenile> Attenbd e.E
2014-12-19T11:35:50 <Lenile> Nan en fait n.n
2014-12-19T11:36:00 <Lenile> STrop lointain n.n
2014-12-19T11:36:38 <heuzef> Bon je vais recontacter Gabriel, mais sujet clos pour moi, y'a peu de chance que tu ai chopé ça la-ba
2014-12-19T11:39:08 <Lenile> Kay
2014-12-19T12:00:21 *** Lenile est parti
2014-12-19T12:10:17 *** heuzef est parti
2014-12-19T13:02:33 *** Gordfang s'est connecté
2014-12-19T13:03:24 <Gordfang> yo!
2014-12-19T13:49:21 <adriens33> hello
2014-12-19T13:49:33 <adriens33> lenile a chopé un truc ? o.o
2014-12-19T13:50:00 <adriens33> si c'est la gale ça va vite se voir: tous ceux qui étaient avec lui vont la choper ...
2014-12-19T13:50:54 <Gordfang> ?
2014-12-19T13:51:01 <Gordfang> la choper ou?
2014-12-19T13:51:44 <adriens33> bah il dit que c'est au calice, mais 1) si c'estt effectivement la ggale c'est pas possible, y'a 1 a deux semaines d'incubation, et du reste il est le seul a avoir ça apparemment
2014-12-19T13:53:07 <adriens33> 2) ça peut etre n'importe quoi qui lui file des boutons donc faut voir ce que lui dit le toubib
2014-12-19T13:53:30 <Gordfang> il va le voir quand?
2014-12-19T13:53:41 <adriens33> sais pas, lis tes mails ^^"
2014-12-19T13:55:26 *** heuzef s'est connecté
2014-12-19T13:57:36 <Gordfang> ok celle la elle est pas mal
2014-12-19T13:57:45 <Gordfang> on as une partiel d'anglais
2014-12-19T13:57:59 <Gordfang> mais on as pas eu anglais depuis le debut d'année
2014-12-19T13:58:01 *** MaCharon s'est connecté
2014-12-19T13:58:04 <adriens33> ok..
2014-12-19T13:58:05 <MaCharon> salut
2014-12-19T13:58:10 <adriens33> hello MaCharon
2014-12-19T14:04:41 *** flutterbrony s'est connecté
2014-12-19T14:05:25 <flutterbrony> Salut a tous
2014-12-19T14:05:26 <Gordfang> yo maharon
2014-12-19T14:05:30 <Gordfang> yo
2014-12-19T14:05:53 <adriens33> hello flutterbrony
2014-12-19T14:05:54 <MaCharon> slt
2014-12-19T14:07:42 <flutterbrony> Comment allez-vous ?
2014-12-19T14:08:03 <adriens33> moi ça va
2014-12-19T14:08:24 <Gordfang> bien et toi?
2014-12-19T14:08:52 <flutterbrony> Toujours malade depuis le début de la samaine mais ca va.
2014-12-19T14:09:21 <Gordfang> tu était au calice du dragon?
2014-12-19T14:09:35 <flutterbrony> Ah oui et je vais me taper un 0 en Histoire apperament parce que j'étais malade aujourd'hui ... (Mais je penche plus pour une mauvaise blague)
2014-12-19T14:09:45 <flutterbrony> nope, j'ai pas pu y aller
2014-12-19T14:10:09 <Gordfang> ok, par contre c'est complètement con que tu te tape un 0 car tu est malade
2014-12-19T14:10:41 <flutterbrony> Je verrais a la rentrée :/
2014-12-19T14:12:58 <Gordfang> bon aller final de korra maintenant ^^
2014-12-19T14:13:25 <MaCharon> il est sorti ?
2014-12-19T14:26:57 *** flutterbrony est parti
2014-12-19T14:27:10 *** flutterbrony s'est connecté
2014-12-19T14:58:12 <Gordfang> yep en anglais
2014-12-19T14:58:17 <Gordfang> et c'est GENIAL
2014-12-19T14:58:27 <Gordfang> y aura plus d'épisode MOUAIN!!!!!
2014-12-19T15:01:29 <Gordfang> fuck
2014-12-19T15:06:35 <MaCharon> moi j’attends la trad
2014-12-19T15:32:20 <Gordfang> il est trop cool ^^
2014-12-19T15:34:42 <MaCharon> bah pour l'instant les episodes finaux de Korra m'on pas trop fait réver
2014-12-19T15:48:10 *** ELiDYROS s'est connecté
2014-12-19T15:48:15 <ELiDYROS> Salut.
2014-12-19T15:49:47 <flutterbrony> Salut ELiDYROS
2014-12-19T15:53:45 <flutterbrony> Comment vas tu ?
2014-12-19T15:55:42 *** flutterbrony est parti
2014-12-19T15:55:51 *** flutterbrony s'est connecté
2014-12-19T15:57:04 <ELiDYROS> Ca va bien, merci.
2014-12-19T15:58:42 <heuzef> Content, on va enfin revoir ELiDYROS grâces aux félins du calices ^_^
2014-12-19T16:02:55 <Gordfang> ^^
2014-12-19T16:09:28 <Gordfang> bon aller je part au train moi 66
2014-12-19T16:09:31 <Gordfang> ++ù
2014-12-19T16:09:34 *** Gordfang est parti
2014-12-19T16:15:22 <heuzef> TrappyTickles:
2014-12-19T16:15:38 <TrappyTickles> mh?
2014-12-19T16:15:51 <heuzef> Je voudrais te partager un fichier sur drive
2014-12-19T16:16:11 <TrappyTickles> mmmok vasy
2014-12-19T16:16:29 <heuzef> j'utilise ton derpymail ?
2014-12-19T16:16:41 <TrappyTickles> je viens de t'envoyer le mail a utilsier
2014-12-19T16:17:00 <TrappyTickles> comme derpymail, mais à la place c'est gmail quoi
2014-12-19T16:17:18 <heuzef> ok
2014-12-19T16:17:42 <heuzef> Dis moi ce que tu en pense stp
2014-12-19T16:19:59 <heuzef> Bien reçu ?
2014-12-19T16:20:07 <TrappyTickles> c'est ou?
2014-12-19T16:20:15 <heuzef> https://docs.google.com/spreadsheets/d/1lcnE2b7eBalyBrVec-Mn4c97_miCxfyAo7J-sUiog9U/edit#gid=0
2014-12-19T16:21:06 <TrappyTickles> mmm ça a l'air ok
2014-12-19T16:21:51 <TrappyTickles> je mettrais un code quand même pour chaque entrée. genre 101 102... ou S1E01 S1E02 etc
2014-12-19T16:22:34 <heuzef> Ba c'est déjà précisé dans mon commentaire regarde bien
2014-12-19T16:22:46 <heuzef> Par exemple
2014-12-19T16:22:47 <heuzef> mlp_fim_s01_e01_friendship_is_magic_part_1.mkv
2014-12-19T16:23:03 <heuzef> semble pas mal comme syntaxe non ?
2014-12-19T16:23:40 <TrappyTickles> jsuppose... entk ça devrait fonctionner avec une bdd
2014-12-19T16:24:02 <TrappyTickles> je re
2014-12-19T16:35:19 <flutterbrony> C'est quoi ?
2014-12-19T16:35:56 <heuzef> flutterbrony c'est pour notre BBBFF ;)
2014-12-19T16:36:30 <heuzef> Un serveur de data pour centraliser absolument tous nos précieux fichier du collectif
2014-12-19T16:36:34 <flutterbrony> je m'en doutais mais c'est quoi ? un épisode, je m'en doute aussi, mais avec quoi ?
2014-12-19T16:36:49 <heuzef> avec quoi = ?
2014-12-19T16:36:54 <flutterbrony> quoi de plus que les autres que l'on peux trouver ?
2014-12-19T16:37:07 <heuzef> 2 choses
2014-12-19T16:38:11 <heuzef> La première c'est que l'on ce rend indépendant de tous les services tel que la NLR, needforponies, etc ... Ils sont très bien mais sans cesse emmerdé par les avocats d'hasbro
2014-12-19T16:38:14 <flutterbrony> Parce que je travaille aussi sur les épisode pour leurs mettre plusieurs pistes audio et de sous-titres (pour chaque langue dans laquelle l'épisode a été traduit sauf le Japonais (pas fou quand même ^^ ))
2014-12-19T16:38:57 <heuzef> En fesant un dépot privé exclusif aux membre de BronyCUB ont est tranquille et surtout on adapte les besoins (par exemple ont y stockera également les fichier privés du collectif)
2014-12-19T16:39:23 <heuzef> La deuxième c'est qu'on travail sur un format super luxe concernant les episodes de la série
2014-12-19T16:39:33 <heuzef> A savoir le top du top
2014-12-19T16:39:42 <heuzef> De manière très strict
2014-12-19T16:40:18 <heuzef> Je savais pas que tu été apte à bosser sur les fichiers comme ça =)
2014-12-19T16:40:31 <heuzef> Si ça te tente tu peux rejoindre le projet pour alimenter BBBFF
2014-12-19T16:41:26 <heuzef> Je pense que TrappyTickles ne refusera pas ton aide
2014-12-19T16:49:44 <flutterbrony> Pourquoi pas :/ par contre faut pas s'attendre a ce que je sois très rapide 1. Mon pc qui galère a générer les video 2. Faut aussi que je trouve le temps (donc surtout pendant les vacances)
2014-12-19T17:15:47 <flutterbrony> Au faite, bybeez m'a parlé d'une appli mobile pour le BBBFF ?
2014-12-19T17:35:50 <flutterbrony> J'ai tué heuzef x)
2014-12-19T17:36:47 <flutterbrony> J'ai tué heuzef XD
2014-12-19T17:40:51 <flutterbrony> Bon bah, je vais aller chercher la voiture au garage, a tout a l'heure
2014-12-19T17:40:59 *** flutterbrony est parti
2014-12-19T17:41:48 <heuzef> =)
2014-12-19T17:42:47 <TrappyTickles> re
2014-12-19T17:48:35 <heuzef> TrappyTickles tu peu donc demander un coup de main a flutterbrony pour la création des data ;)
2014-12-19T17:57:04 <TrappyTickles> j'ai pas suivi, j'étais parti faire des courses
2014-12-19T17:57:40 <heuzef> Ba si j'ai bien pigé y'a que Flutterbrony se fait son pti BBFFF dans son coin aussi en gros comme toi
2014-12-19T18:03:46 <TrappyTickles> euh... comment ça, il upload des subs?
2014-12-19T18:04:11 <heuzef> 16:38:14 - flutterbrony : Parce que je travaille aussi sur les épisode pour leurs mettre plusieurs pistes audio et de sous-titres (pour chaque langue dans laquelle l'épisode a été traduit sauf le Japonais (pas fou quand même ^^ ))
2014-12-19T18:08:44 <TrappyTickles> ah jvois
2014-12-19T18:08:56 <TrappyTickles> ben pour les subs fr, il sait ou les trouver :p
2014-12-19T18:16:52 *** Bybeez s'est connecté
2014-12-19T18:16:59 <Bybeez> Salut bande de gens
2014-12-19T18:17:05 <heuzef> Yo Bybeez :D
2014-12-19T18:17:17 <heuzef> content de te voir
2014-12-19T18:17:20 <Bybeez> Comment ça va ?
2014-12-19T18:17:34 <heuzef> En vois de guérison (angine)
2014-12-19T18:17:51 <Bybeez> Ouch, l'angine ça fait bien mal ça
2014-12-19T18:18:47 <Bybeez> Je suis content, je suis admis a Ingesup !!!!
2014-12-19T18:22:32 <heuzef> Bien ouej !!
2014-12-19T18:23:06 <heuzef> Bon et qu'en est-il de cette solution que tu es censé trouver pour l'accueil des nouveaux ?
2014-12-19T18:23:11 <heuzef> ça devient critique
2014-12-19T18:23:52 <Bybeez> Je travaille un peu sur les texte, mais avec les vacances je pense pouvoir plus avancer, après j'aurai besoin de plus de précision sur certain truc
2014-12-19T18:23:55 <Bybeez> genre le visio
2014-12-19T18:24:05 <Bybeez> je m'en suis jamais servi
2014-12-19T18:24:37 <Bybeez> donc je peux difficilement expliquer comment il marche si je ne sais quand et comment on s'en sert
2014-12-19T18:34:27 <heuzef> ok
2014-12-19T18:35:44 <heuzef> La visio que nous utilisons s'appel VROOM, c'est un outils très récent développer et maintenu par l'entreprise Firewall-Services (entreprise spécialisé dans le logiciel libre dans laquel je travail)
2014-12-19T18:36:28 <heuzef> C'est donc un outil libre, moderne et éthique (contrairement à skype) et accessible à tous grace au technologie WebRTC
2014-12-19T18:36:35 <heuzef> Directement dans le navigateur
2014-12-19T18:36:56 <heuzef> Notre salon est donc https://vroom.im/bronycub
2014-12-19T18:37:22 <heuzef> Astuce : https://vroom.im/bronycub?video=false permet de couper sa caméra
2014-12-19T18:38:09 <heuzef> Autrement l'outil est très complet et permet un paquet de chose (prise de note colaborative, tchat, ...)
2014-12-19T18:38:53 <heuzef> C'est surtout très pratique lors de certains cas de figure
2014-12-19T18:39:05 <heuzef> Pas grand chose à rajouter il me semble
2014-12-19T18:39:15 <Bybeez> d'accord, merci je note tout ça
2014-12-19T18:50:19 *** Yvan33 s'est connecté
2014-12-19T18:51:54 <Bybeez> Salut Yvan !!
2014-12-19T18:52:34 <Yvan33> http://objection.mrdictionary.net/go.php?n=7696571
2014-12-19T18:52:40 <Yvan33> Oh salut toi
2014-12-19T18:52:43 <heuzef> Bybeez: si tu as d'autre question => contact@heuzef.com direct cherche pas
2014-12-19T18:52:59 <Bybeez> Ok pas de souci
2014-12-19T18:53:06 <heuzef> Yvan33: lol !
2014-12-19T18:53:08 <Bybeez> Et tant mieux pour l'objection !
2014-12-19T18:54:00 <Bybeez> http://objection.mrdictionary.net/go.php?n=7696582
2014-12-19T18:54:27 <Yvan33> http://objection.mrdictionary.net/go.php?n=7696585
2014-12-19T18:54:35 <Yvan33> Ah zut j'avais pas vu le tien
2014-12-19T18:54:36 <Bybeez> Je pense arreter de discuter avec les gens et me servir de ce site en majorité c'est plus expressif je pense
2014-12-19T18:55:25 <Yvan33> http://objection.mrdictionary.net/go.php?n=7696589
2014-12-19T18:55:54 <Yvan33> Oui c'est plus dynamique
2014-12-19T18:56:19 <Bybeez> c'est clair
2014-12-19T18:57:28 <Yvan33> http://objection.mrdictionary.net/go.php?n=7696590
2014-12-19T18:58:59 <heuzef> Le dernier est epic !
2014-12-19T19:00:08 <Yvan33> http://objection.mrdictionary.net/go.php?n=7696600
2014-12-19T19:00:41 <Yvan33> http://objection.mrdictionary.net/go.php?n=7696603
2014-12-19T19:01:13 <Bybeez> http://objection.mrdictionary.net/go.php?n=7696605
2014-12-19T19:02:02 <Bybeez> http://objection.mrdictionary.net/go.php?n=7696608
2014-12-19T19:02:44 <Yvan33> http://objection.mrdictionary.net/go.php?n=7696612
2014-12-19T19:04:20 <Yvan33> http://objection.mrdictionary.net/go.php?n=7696619
2014-12-19T19:04:35 <Yvan33> *princesses
2014-12-19T19:04:53 <heuzef> http://objection.mrdictionary.net/go.php?n=7696620
2014-12-19T19:05:22 <heuzef> Bon Bybeez tu passe au calice demain du coup ?
2014-12-19T19:05:44 <Bybeez> Je pense ouais, a moins d'être tout seul
2014-12-19T19:05:59 <heuzef> On va pouvoir reflechir à une solution enssemble
2014-12-19T19:06:09 <Bybeez> ok
2014-12-19T19:06:10 <heuzef> Tu peux inviter tsume du coup ?
2014-12-19T19:06:27 <Bybeez> Ouais, je vais lui proposer
2014-12-19T19:06:27 <Yvan33> http://objection.mrdictionary.net/go.php?n=7696628
2014-12-19T19:08:06 <Bybeez> http://objection.mrdictionary.net/go.php?n=7696632
2014-12-19T19:09:45 <Yvan33> http://objection.mrdictionary.net/go.php?n=7696636
2014-12-19T19:11:02 <Bybeez> http://objection.mrdictionary.net/go.php?n=7696637
2014-12-19T19:13:41 <Yvan33> http://objection.mrdictionary.net/go.php?n=7696638
2014-12-19T19:16:53 <Bybeez> http://objection.mrdictionary.net/go.php?n=7696641
2014-12-19T19:19:10 <Yvan33> http://objection.mrdictionary.net/go.php?n=7696639
2014-12-19T19:20:56 <Bybeez> http://objection.mrdictionary.net/go.php?n=7696646
2014-12-19T19:24:33 <ELiDYROS> http://objection.mrdictionary.net/go.php?n=7696647
2014-12-19T19:26:37 *** ELiDYROS est parti
2014-12-19T19:27:13 *** adriens331 s'est connecté
2014-12-19T19:27:26 *** Guest43391 est parti
2014-12-19T19:27:28 *** heuzef est parti
2014-12-19T19:27:31 <Yvan33> J'espère qu'il n'y a pas de nouveau membre qui passeront de si tot
2014-12-19T19:28:03 *** ELiDYROS s'est connecté
2014-12-19T19:28:19 <ELiDYROS> http://objection.mrdictionary.net/go.php?n=7696651
2014-12-19T19:32:04 <Bybeez> http://objection.mrdictionary.net/go.php?n=7696655
2014-12-19T19:41:24 <ELiDYROS> http://objection.mrdictionary.net/go.php?n=7696660
2014-12-19T19:43:32 <Bybeez> Tiens, je voulais savoir vu que tu m'avais pas répondu dur facebook, si tu faisait de pokemon parfait ou pas (vu que tu m'as defié que je sache un peu a quoi m'attendre ^^)
2014-12-19T19:44:07 *** flutterbrony s'est connecté
2014-12-19T19:44:36 <flutterbrony> salut
2014-12-19T19:44:41 <ELiDYROS> Non je joue même pas au dernier, juste que je vois tous les joueurs que je connais shasser puis c'est tout. Donc je me demande si certains font encore du combat. ^^
2014-12-19T19:44:44 <Bybeez> Yo !
2014-12-19T19:44:45 <ELiDYROS> J'ai que Y moi
2014-12-19T19:44:54 <ELiDYROS> Bonsoir.
2014-12-19T19:45:41 <Bybeez> Bah on pourra se faire un match quand même ^^ je dois juste faire xp un peu mon Noctali
2014-12-19T19:46:07 <ELiDYROS> Mais sinon oui à l'époque sur Y je jouais avec les stats.
2014-12-19T19:46:37 <Bybeez> ah donc je vais manger severe d'accord ^^
2014-12-19T19:46:42 <Bybeez> XD
2014-12-19T19:47:11 <ELiDYROS> Je ne sais pas si ma team est à jour
2014-12-19T19:47:27 <ELiDYROS> J'avais commencer à préparer un gardevoir à la fin, mais ça remonte.
2014-12-19T19:47:52 <Bybeez> Moi je joue pas du tout au stats donc tu va surement me massacrer ^^
2014-12-19T19:51:44 <ELiDYROS> Berry-Punch
2014-12-19T19:51:49 <ELiDYROS> alcool
2014-12-19T19:52:03 <ELiDYROS> Berry-Punch
2014-12-19T19:52:08 <ELiDYROS> manger
2014-12-19T19:52:14 <ELiDYROS> Oh
2014-12-19T20:03:58 *** ELiDYROS est parti
2014-12-19T20:06:16 *** Yvan33 est parti
2014-12-19T20:33:36 *** ELiDYROS s'est connecté
2014-12-19T21:03:25 <flutterbrony> re
2014-12-19T21:35:21 <Bybeez> https://www.youtube.com/watch?v=K-D7Dy_bEZ0
2014-12-19T21:36:56 <Bybeez> https://www.youtube.com/watch?v=F7u-OGzj5uE
2014-12-19T21:36:59 <Bybeez> best song ever !
2014-12-19T21:38:44 <flutterbrony> xD
2014-12-19T21:39:30 <Bybeez> Oui c'est le moment ou je vais poster toute sorte de chansons et de truc étrange trouvé sur youtube
2014-12-19T21:39:58 <flutterbrony> ok bah tant qu'on y est
2014-12-19T21:40:12 * flutterbrony regarde dans son historique
2014-12-19T21:41:07 <Bybeez> https://www.youtube.com/watch?v=VwqOrdtJVRU
2014-12-19T21:41:23 <flutterbrony> https://www.youtube.com/watch?v=ZP_Lv3M7O6Q&index=8&list=FLZU3_pKbOkuO_h-Mxb6lsdQ
2014-12-19T21:41:29 <Bybeez> Une des plus belle perle japonnaise au niveau des déssin animé
2014-12-19T21:41:34 <flutterbrony> passer l'intro de 25 secondes
2014-12-19T21:43:19 *** adriens33 est parti
2014-12-19T22:01:23 *** flutterbrony est parti
2014-12-19T22:27:17 *** flutterbrony s'est connecté
2014-12-19T22:31:13 *** Yvan33 s'est connecté
2014-12-19T22:37:04 <Yvan33> Je clique pas sur vos liens bizarre
2014-12-19T22:57:36 *** Yvan33 est parti
2014-12-19T23:06:30 *** MaCharon est parti
2014-12-19T23:09:02 *** Bybeez est parti
2014-12-19T23:10:15 *** ELiDYROS est parti
2014-12-19T23:13:24 <flutterbrony> bon, je vais y aller aussi vu qu'il n'y a plus personne
2014-12-19T23:13:29 *** flutterbrony est parti
2014-12-19T23:48:08 *** TrappyTickles est parti
2014-12-19T23:56:27 *** MaCharon s'est connecté
