2014-07-30T00:08:19 <Trappy_Tickles> je vais revendre mon nabaztag. il a décidé de ne plus marcher avec mon wifi
2014-07-30T00:08:45 <Trappy_Tickles> si ça intéresse qqn par ici avant que je le revendre sur ebay :p
2014-07-30T00:15:53 *** Trappy_Tickles est parti
2014-07-30T00:56:34 <ELiDYROS> eh beh quelle soirée
2014-07-30T01:33:07 *** MaCharon est parti
2014-07-30T01:58:16 <adriens33> bonne nuit tout le monde  :)
2014-07-30T01:58:22 *** adriens33 est parti
2014-07-30T02:37:55 *** ELiDYROS est parti
2014-07-30T09:22:30 <Berry-Punch> Voilà ce qu'il s'est passé *hic* ces 10 dernières lignes, adriens33
2014-07-30T09:22:32 *** adriens33 s'est connecté
2014-07-30T09:53:42 *** Gordfang s'est connecté
2014-07-30T10:00:08 <Gordfang> lu
2014-07-30T10:04:54 *** heuzef s'est connecté
2014-07-30T10:05:13 <heuzef> plop
2014-07-30T10:05:24 <heuzef> Gordfang ? =) Tu as reçu mon mail ?
2014-07-30T10:11:22 <Gordfang> attend j'ai pas regarder mes mail encore desolé
2014-07-30T10:11:51 <heuzef> ;)
2014-07-30T10:15:14 <Gordfang> je vient de voir
2014-07-30T10:15:43 <Gordfang> on as pas encore la date buttoir si?
2014-07-30T10:15:46 *** adriens33 est parti
2014-07-30T10:22:22 <heuzef> Gordfang:
2014-07-30T10:22:35 <heuzef> faire l ultime relance (eventeullement par sms aussi) le lundi 01 septembre
2014-07-30T10:22:35 <heuzef> date buttoir : merc 3 sept.
2014-07-30T10:22:35 <heuzef> Si pas assez de participants le jeudi 4 j annule
2014-07-30T10:22:36 <heuzef> bien à toi
2014-07-30T10:22:36 <heuzef> bon eté
2014-07-30T10:22:36 <heuzef> hervé
2014-07-30T10:22:41 <heuzef> A l'instant
2014-07-30T10:23:12 <heuzef> Les relances par SMS je suis moyens chaud
2014-07-30T10:23:18 <heuzef> On maîtrise pas bien ça
2014-07-30T10:23:25 <Gordfang> les sms?
2014-07-30T10:23:31 <heuzef> On à aucun outils pour ça
2014-07-30T10:23:37 <Gordfang> tu veut que je renvoi un mail?
2014-07-30T10:24:00 <heuzef> Bof nop tu l'à déjà fait
2014-07-30T10:24:05 <heuzef> Je pense que
2014-07-30T10:24:15 <heuzef> Il faudrait refaire une relance par mail disons
2014-07-30T10:24:34 <Gordfang> dans quelque temps ouai
2014-07-30T10:24:35 <heuzef> Dernière semaine d'aout
2014-07-30T10:24:41 <heuzef> ça me semble correct
2014-07-30T10:24:42 <Gordfang> pour l'instant on est 5 inscript
2014-07-30T10:25:11 <Gordfang> ok previent moi (histoire que j'oublie pas) et je relancerai
2014-07-30T10:25:39 <heuzef> Après pour le doc à remplir la
2014-07-30T10:25:46 <heuzef> Je sais pas trop si on le fait nous
2014-07-30T10:25:53 <heuzef> Ou si tu l'envoie au inscrit
2014-07-30T10:26:16 <heuzef> Si on est que 5 remarque ça devrais le faire, de contacter les gens un par un
2014-07-30T10:26:28 <heuzef> Mais ça veux dire qu'il faut s'y prendre avant septembre
2014-07-30T10:27:15 <heuzef> C'est que la question "- Qu’attendez-vous de cette journée de formation?" risque d'être compliqué
2014-07-30T10:27:22 <heuzef> si on doit remplir pour eux
2014-07-30T10:30:48 <Gordfang> ah y a une doc a remplir?
2014-07-30T10:31:53 <heuzef> Oui, en piece jointe
2014-07-30T10:31:56 <heuzef> regarde bien
2014-07-30T10:32:46 <Gordfang> ok
2014-07-30T10:33:27 <Gordfang> hmm je croit pas que je l'est vu que ta fait un transfert de mail
2014-07-30T10:33:49 <heuzef> ?
2014-07-30T10:34:21 <heuzef> Je te retransfert si tu veux
2014-07-30T10:35:12 <Gordfang> la sa marche merci
2014-07-30T10:36:32 <Gordfang> ok je vois ouai cette question pourra poser probleme a certain
2014-07-30T10:37:08 <Gordfang> si tu veut je peut demender a wildfier il est a côté pour remplir le formulaire
2014-07-30T10:38:48 <heuzef> Je te laisse gérer, si tu pense que c'est mieux de faire remplir les formulaires par les membres directement petit à petit
2014-07-30T10:43:31 *** heuzef est parti
2014-07-30T10:45:57 <Gordfang> ceux accessible deja se serai cool
2014-07-30T10:48:41 *** heuzef s'est connecté
2014-07-30T10:48:59 *** heuzef est parti
2014-07-30T11:10:32 *** ludvann s'est connecté
2014-07-30T11:10:41 <ludvann> salut tout le monde !
2014-07-30T11:25:48 <Gordfang> lu
2014-07-30T11:27:34 *** Lezarius est parti
2014-07-30T11:44:28 *** Letarumavza est parti
2014-07-30T11:44:44 *** Letarumavza s'est connecté
2014-07-30T12:32:13 *** Gordfang est parti
2014-07-30T12:50:21 *** Gordfang s'est connecté
2014-07-30T12:55:07 *** ValCab33 s'est connecté
2014-07-30T12:55:15 <ValCab33> Hellow
2014-07-30T12:59:35 *** MaCharon s'est connecté
2014-07-30T12:59:40 <MaCharon> slt
2014-07-30T13:06:38 <ludvann> salut
2014-07-30T13:11:02 *** Hyena s'est connecté
2014-07-30T13:11:45 *** heuzef s'est connecté
2014-07-30T13:11:46 <Hyena> Hey les gens
2014-07-30T13:11:50 <Berry-Punch> Voilà ce qu'il s'est passé *hic* ces 10 dernières lignes, heuzef
2014-07-30T13:11:51 <heuzef> !history
2014-07-30T13:11:59 <heuzef> Hyena ^^
2014-07-30T13:11:59 <Hyena> Je cherche Florent
2014-07-30T13:12:00 <MaCharon> slt
2014-07-30T13:12:02 <Hyena> Hey
2014-07-30T13:12:04 <heuzef> C'est moi ;)
2014-07-30T13:12:24 <Hyena> Tu voulais me parler ?
2014-07-30T13:12:31 <heuzef> Hyena comment ça va à Toulouse ? ^^
2014-07-30T13:12:38 <Hyena> Bah euh
2014-07-30T13:12:42 <Hyena> Ça va bien.
2014-07-30T13:12:51 <Hyena> On fait des brony parties régulièrement
2014-07-30T13:12:58 <heuzef> Great ! :D
2014-07-30T13:13:12 <heuzef> C'est toujours toi qui organise tous ça ? =)
2014-07-30T13:13:22 <Hyena> Hmmm
2014-07-30T13:13:33 <Hyena> Pas vraiment
2014-07-30T13:13:40 <Hyena> Enfin c'est surtout que c'est plus organisé
2014-07-30T13:13:41 <heuzef> Ha ?
2014-07-30T13:13:55 <Hyena> En gros on se réunit tous les samedis
2014-07-30T13:14:15 <Hyena> Et après c'est chez différents bronys, en fonction des disponibilités d'appartements/maisons
2014-07-30T13:14:21 <heuzef> Je vois
2014-07-30T13:14:24 <Hyena> Des fois c'est moi, des fois d'autres.
2014-07-30T13:14:58 <heuzef> Dis moi, tu as entendu parler du Projet BronyTM qui devais être construit par Calimeroor ?
2014-07-30T13:15:17 <Hyena> Non
2014-07-30T13:15:42 <Hyena> C'est quoi ?
2014-07-30T13:15:51 <heuzef> Brony Toulouse Métropole, le problème c'est que Calimeroor à définitivement emménager à Bordeaux
2014-07-30T13:16:05 <heuzef> Tu comprend sans doute pourquoi je voulais te parler ;)
2014-07-30T13:16:10 <Hyena> Hmm, ouais
2014-07-30T13:16:24 <Hyena> Je connais même pas Calimeroor.
2014-07-30T13:17:07 <heuzef> Que pense tu de l'idée de réunir tous les toulousains sous une même entité ?
2014-07-30T13:18:12 <Hyena> Je sais pas... J'vois pas trop l'intérêt en fait.
2014-07-30T13:18:55 <heuzef> Je peux t'assurer qu'il y en à un, Bordeaux tous entier comme témoin, et très prochainement Toulon
2014-07-30T13:19:01 <heuzef> ;)
2014-07-30T13:19:31 <Hyena> Et du coup, c'est quoi l'intérêt ?
2014-07-30T13:20:03 <heuzef> ValCab33 ? Gordfang ?
2014-07-30T13:20:13 <Gordfang> yep
2014-07-30T13:20:53 <heuzef> Gordfang, tu pense que si BronyCUB n'aurais pas existé tu serais passé à côté de quelques chose ? =)
2014-07-30T13:21:04 <Gordfang> yup
2014-07-30T13:21:22 <Hyena> C'est cool?
2014-07-30T13:21:24 <Gordfang> deja je serai rester la feignasse qui fait rien de ces week end
2014-07-30T13:21:25 <Hyena> C'est cool
2014-07-30T13:21:30 <Hyena> Quel est l'intérêt ?
2014-07-30T13:21:36 <Gordfang> se rencontrer
2014-07-30T13:21:41 <Gordfang> s'amuser discuter, rencontrer des gens
2014-07-30T13:21:46 <Hyena> Non mais
2014-07-30T13:21:50 <heuzef> Hyena ils sont nombreux, cela donne naissance à beaucoup de chose
2014-07-30T13:21:53 <Hyena> Vous comprenez pas ce que je veux dire
2014-07-30T13:21:57 <Gordfang> (je pense ouai)
2014-07-30T13:22:19 <Hyena> En gros
2014-07-30T13:22:45 <Hyena> Vous avez un forum, un truc comme ça ?
2014-07-30T13:22:59 <Hyena> Comment vous vous faites connaître des autres bronies bordelais ?
2014-07-30T13:23:15 <heuzef> Une entité sous laquel se réunir, se sont les brony qui nous trouvent en faite
2014-07-30T13:23:33 <Gordfang> même si du coup on essaye d'être visible
2014-07-30T13:23:41 <Gordfang> article sur le sud ouest, partenaria...
2014-07-30T13:24:20 <Hyena> Je sais pas...
2014-07-30T13:24:23 <Hyena> Ça serait jouable
2014-07-30T13:24:34 <heuzef> ;)
2014-07-30T13:24:36 <Gordfang> (jre)
2014-07-30T13:24:41 <Hyena> Mais il vaudrait mieux en parler à GoFish, ce serait probablement le plus intéressé
2014-07-30T13:24:55 <heuzef> Après je t'es pas contacté toi par hasard, mais bon
2014-07-30T13:25:00 <heuzef> GoFish ?
2014-07-30T13:25:06 <Hyena> C'est le gars avec qui j'ai commencé à organiser les parties toulousaines
2014-07-30T13:25:07 <heuzef> Team Mlp Subtitles ?
2014-07-30T13:25:10 <Hyena> Ouaip.
2014-07-30T13:25:15 <heuzef> Il est toulousain !
2014-07-30T13:25:17 <heuzef> Enorme xD
2014-07-30T13:25:17 <Hyena> Oui
2014-07-30T13:25:22 <Hyena> C'est lui qui a fondé MLP Subs
2014-07-30T13:25:27 <Hyena> Enfin il me semble
2014-07-30T13:25:55 <Hyena> On a commencé à la S3
2014-07-30T13:26:09 <heuzef> Je suis en contact avec lui pour a Brony Tale justement
2014-07-30T13:26:10 <Hyena> Grimy et moi avons fait les sous-titres des deux premiers épisodes
2014-07-30T13:26:20 <Hyena> Et ensuite on a fondé MLP Subtitles
2014-07-30T13:26:27 <heuzef> Tu aurais ses cordonnées direct par hasard ?
2014-07-30T13:26:29 <Hyena> Et Go Fish est aussi propriétaire de mlpstream
2014-07-30T13:26:31 <Hyena> Ouaip.
2014-07-30T13:26:42 <Hyena> À la limite je peux lui filer l'IRC
2014-07-30T13:26:49 <heuzef> Pourquoi pas =)
2014-07-30T13:27:42 <heuzef> Hyena sinon donne lui mes cordonné : heuzef.com
2014-07-30T13:29:21 <Hyena> Il dit qu'il passera
2014-07-30T13:29:26 <Hyena> Sur l'IRC
2014-07-30T13:32:34 <Gordfang> re
2014-07-30T13:33:03 <Hyena> Du coup vous êtes combien en gros ?
2014-07-30T13:33:12 <Gordfang> 31? (un truc du genre me semble)
2014-07-30T13:33:25 <Hyena> Okay
2014-07-30T13:34:07 <Hyena> heuzef > gofish@roseluck.org
2014-07-30T13:34:22 <heuzef> Merci =)
2014-07-30T13:34:36 <Hyena> (oui le domaine est à lui x) )
2014-07-30T13:34:48 <Hyena> (C'est un gros gros fan de Roseluck)
2014-07-30T13:36:09 <heuzef> Futur mascotte de BronyTM assurément dans tous les cas :P
2014-07-30T13:36:14 <heuzef> Toulouse ville Rose
2014-07-30T13:36:30 <Hyena> Héhé
2014-07-30T13:37:04 <Hyena> Pour l'instant on a Derpy comme mascotte de la conf skype "Bronies in Toulouse"
2014-07-30T13:37:38 <heuzef> Une conf skype c'est maigre mais c'est un très bon début
2014-07-30T13:37:44 <heuzef> On voit déjà que l'envie est la
2014-07-30T13:38:39 <heuzef> En tous cas merci encore Hyena, tu nous as bien aider, tu nous aide bien, et tu nous aidera bien
2014-07-30T13:38:49 <Hyena> Non mais c'est un résultat des premières parties en fait
2014-07-30T13:38:51 <heuzef> Plus que tu ne l'imagine je pense
2014-07-30T13:38:54 <Hyena> Haha
2014-07-30T13:38:57 <Hyena> Effectivement
2014-07-30T13:39:03 <Hyena> Vu que je vois pas en quoi je vous aide x)
2014-07-30T13:39:08 <heuzef> ;)
2014-07-30T13:46:25 <Hyena> (heuzef, si tu veux le skype de go fish, il est dispo direct dessus : macman31)
2014-07-30T13:48:00 <heuzef> Merci, mais je n’utilise pas ce logiciel :(
2014-07-30T13:48:18 <Hyena> Okay !
2014-07-30T13:48:40 <Hyena> (t'as bien raison d'ailleurs)
2014-07-30T13:49:31 <heuzef> J'utilisais beaucoup avant, mais j'en vraiment eu marre, surtout depuis le rachat microsoft
2014-07-30T13:50:25 <Hyena> Tu m'étonnes.
2014-07-30T13:50:44 <Hyena> D'autant que ça devient de plus en plus pourri.
2014-07-30T14:13:57 <ValCab33> Quelqu'un m'a appelé ?
2014-07-30T14:16:24 <heuzef> Trop tard je dirais ;)
2014-07-30T14:48:25 <MaCharon> heuzef ?
2014-07-30T14:48:43 *** Hyena est parti
2014-07-30T14:49:08 <heuzef> MaCharon: ?
2014-07-30T14:50:52 <MaCharon> au sujet de la "banderole" pour l'anniv du site, tu veux qu'elle soit a la place du logo? parce que si je doit caser les deux ça risque de faire petit (même si je sais pas encore comment faire ^^)
2014-07-30T14:53:39 <heuzef> Mouais
2014-07-30T14:53:44 <heuzef> a la place du logo
2014-07-30T14:53:48 <heuzef> ça me semble pas mal
2014-07-30T14:54:05 <heuzef> Ou alors tu modifie le logo directement
2014-07-30T14:56:15 <MaCharon> ben apres je peut toujours tenter d'essayer de le caser dans un coins de la "banderole" où il fera pas trop tache mais je promet rien
2014-07-30T14:58:23 *** Bybeez s'est connecté
2014-07-30T14:58:33 <heuzef> ça devrais le faire ;)
2014-07-30T14:58:40 <Bybeez> Salut !
2014-07-30T14:58:40 <heuzef> Salut Bybeez ;)
2014-07-30T14:58:48 <MaCharon> slt
2014-07-30T15:00:01 <heuzef> Bybeez je viens de me rendre compte que j'ai zapé ton pseudo
2014-07-30T15:00:05 <heuzef> Je corrige ça ;)
2014-07-30T15:00:11 <Berry-Punch> Je suis désolé heuzef, mais je *hic* n'ai pas le droit de te laisser faire ça.
2014-07-30T15:00:11 <heuzef> !voice Bybeez
2014-07-30T15:00:16 <heuzef> Grr
2014-07-30T15:00:19 <Bybeez> Merci j'allais t'envoyer un mail ^^
2014-07-30T15:00:44 <Berry-Punch> N'insiste pas, s'il te *hic* plaît, heuzef…
2014-07-30T15:00:44 <heuzef> !op heuzef
2014-07-30T15:00:55 <heuzef> Berry-Punch !
2014-07-30T15:00:55 <Berry-Punch> heuzef: Hmm ? *hic* 
2014-07-30T15:01:04 <heuzef> Je vais me facher tous rouge ! ^^
2014-07-30T15:01:20 <MaCharon> XD
2014-07-30T15:02:16 <heuzef> Bybeez à l'occasion demande à adriens33 de dompter Berry (qui bois trop) pour qu'elle te donne la voice sur le tchat ;)
2014-07-30T15:02:16 <Berry-Punch> Non, c'est même *hic* pas vrai d'abord !
2014-07-30T15:02:37 <Bybeez> ok, dès que je le vois je lui demande
2014-07-30T15:02:55 <heuzef> ;)
2014-07-30T15:04:36 <heuzef> Voila c'est à jour
2014-07-30T15:04:48 <Bybeez> Merci !
2014-07-30T15:16:40 *** heuzef est parti
2014-07-30T15:17:50 *** heuzef s'est connecté
2014-07-30T15:17:56 <Berry-Punch> Bon. *hic* heuzef, prochaine tentative, je te vire. OKAY ??
2014-07-30T15:17:56 <heuzef> !op heuzef
2014-07-30T15:18:01 <heuzef> pff
2014-07-30T15:18:55 <Berry-Punch> PRIVMSG #bronycub: Désolé, *hic* je t'avais prévenu heuzef .
2014-07-30T15:18:55 <heuzef> !flag mod +o heuzef
2014-07-30T15:19:27 *** heuzef s'est connecté
2014-07-30T15:44:07 *** Boris33fr s'est connecté
2014-07-30T15:45:41 <heuzef> Hey Boris33fr ;)
2014-07-30T15:47:09 <Boris33fr> Bondour !
2014-07-30T15:47:28 <MaCharon> slt
2014-07-30T15:49:29 <Bybeez> Salut !
2014-07-30T15:49:37 <heuzef> Boris33fr et voilou
2014-07-30T15:49:48 <heuzef> Ton avatar de flutterchoupinette
2014-07-30T15:49:50 <heuzef> ^^
2014-07-30T15:50:17 <Boris33fr> Yeah, merci ! ^^
2014-07-30T15:50:30 <Boris33fr> Pour fêter ça, un peu de Batmétal.
2014-07-30T15:50:30 <Boris33fr> https://www.youtube.com/watch?v=qatmJtIJAPw
2014-07-30T15:50:44 <Boris33fr> Hors sujet, mais j'ai trouvé ça marrant. ^^
2014-07-30T15:51:52 <heuzef> xD
2014-07-30T15:52:44 <heuzef> L'animation est enorme
2014-07-30T15:52:57 <Bybeez> Sympa ouais
2014-07-30T16:04:34 *** Ambrocidus s'est connecté
2014-07-30T16:04:39 <heuzef> ipconfig /fushdns
2014-07-30T16:04:40 <Ambrocidus> Bonjour
2014-07-30T16:04:41 <heuzef> ;)
2014-07-30T16:06:26 <Bybeez> Salut !
2014-07-30T16:13:14 *** Letarumavza est parti
2014-07-30T16:19:43 <Boris33fr> http://plug.dj/djbobo-2/
2014-07-30T16:19:52 <Boris33fr> Si vous voulez venir partagez vos musiques. :)
2014-07-30T16:38:48 *** Ambrocidus est parti
2014-07-30T16:45:04 *** ValCab33 est parti
2014-07-30T17:07:32 *** Gordfang est parti
2014-07-30T17:10:24 *** Boris33fr est parti
2014-07-30T17:28:00 *** Bybeez est parti
2014-07-30T17:38:38 *** TrappyTickles s'est connecté
2014-07-30T17:42:47 *** TrappyTickles est parti
2014-07-30T17:43:11 *** TrappyTickles s'est connecté
2014-07-30T17:50:22 <ludvann> coucou TrappyTickles
2014-07-30T17:50:51 <TrappyTickles> oi ^^
2014-07-30T17:51:13 <ludvann> ça va ?
2014-07-30T17:52:49 <TrappyTickles> super ^^ enfin à la maison pour recevoir un dessin de mon OC par un artiste sur g+ ^^
2014-07-30T17:52:51 <TrappyTickles> https://plus.google.com/108068181500461877405/posts/B9DayYgTTkb
2014-07-30T17:53:41 <ludvann> (je sais  toujours pas ce que c'est qu'un oc...)
2014-07-30T17:54:27 <ludvann> sympa le dessin ^^
2014-07-30T17:55:32 <TrappyTickles> un oc c'est un perso original
2014-07-30T17:55:38 <TrappyTickles> "original character"
2014-07-30T17:57:02 <ludvann> (quel con...)
2014-07-30T17:57:05 <ludvann> merci ^^
2014-07-30T17:57:16 <ludvann> (je palais de moi juste avant ^^ )
2014-07-30T17:57:21 <ludvann> parlais*
2014-07-30T17:57:24 <TrappyTickles> lol
2014-07-30T18:33:32 *** ludvann est parti
2014-07-30T19:02:22 *** ValCab33 s'est connecté
2014-07-30T19:02:25 <ValCab33> Reuh
2014-07-30T19:09:25 *** Bybeez s'est connecté
2014-07-30T19:09:36 <Bybeez> Re/Salut !
2014-07-30T19:40:58 *** ludvann s'est connecté
2014-07-30T19:41:06 <ludvann> Salut !
2014-07-30T19:42:27 <ludvann> Je peux vous poser une question ? Merci. Si je vous dit : nitrate de potassium. Ça vous fait penser à quoi ?
2014-07-30T19:43:18 <Bybeez> Il me semble que le nitrate fait partis des trucs a surveiller dans un aquarium (j'ai pas mieux)
2014-07-30T19:43:58 <ludvann> Nan, il aide à fertiliser les plantes. Thx :)
2014-07-30T19:44:15 <ludvann> Et les autres ?
2014-07-30T19:44:52 <Bybeez> oui mais si il y en a trop ou pas assez c'est dangereux pour les plantes (donc l'oxygénation de l'eau :p )
2014-07-30T19:45:35 <ludvann> Ouais... ;)
2014-07-30T19:48:24 *** Koharr s'est connecté
2014-07-30T19:48:40 *** Koharr est parti
2014-07-30T19:51:53 <ludvann> Un artefact de découvert ;) http://m.imgur.com/OHY8say
2014-07-30T19:52:26 <MaCharon> ça rappel des souvenirs
2014-07-30T19:53:41 <Bybeez> J'avais Bleu moi (souvenir souvenir...)
2014-07-30T19:53:53 <ludvann> Oh, un tortank sauvage apparait  ! http://m.imgur.com/XXFG1id
2014-07-30T19:54:39 <ludvann> (Nan c'est pas des préservatifs en haut ^^ )
2014-07-30T19:54:54 <Bybeez> https://www.youtube.com/watch?v=GwQNDWNhUCE
2014-07-30T19:55:40 <ludvann> xD (souvenirs...)
2014-07-30T19:55:56 <Bybeez> C'est clair
2014-07-30T19:57:23 <ludvann> J'déprime :'(
2014-07-30T19:57:37 <Bybeez> A cause de pokémon ?
2014-07-30T19:57:45 <ludvann> Oui xD
2014-07-30T19:58:05 <ludvann> Et de ma game boy color (défunte)
2014-07-30T19:58:23 <Bybeez> oh, mes condoléances
2014-07-30T19:58:35 <Bybeez> :'(
2014-07-30T19:58:41 <ludvann> Oui...
2014-07-30T19:58:57 <ludvann> J'ramène mon tortank le 17 !
2014-07-30T19:59:42 <Bybeez> cool, Tortank c'est mon premier pokémon/ pokémon au niveau 100 il est juste génial !
2014-07-30T20:00:25 <ludvann> Tortank atraqued hydrocanon !
2014-07-30T20:00:33 <ludvann> Attaques*
2014-07-30T20:01:07 <Bybeez> déja surfc'était tellement violent (en plus les animations étaient magnifiques !!!)
2014-07-30T20:01:35 <ludvann> Et le meilleur,
2014-07-30T20:02:30 <Bybeez> moi j'ai mes vielles cartouches qui commence a me lâcher T.T
2014-07-30T20:02:48 <ludvann> J'ai attrapé mewtoo avec une pokéball simple avec un pokemon de type spectre (mewtoo = psy ; psy > spectre)
2014-07-30T20:02:55 <ludvann> T_T
2014-07-30T20:03:22 <MaCharon> j'ai toujours une version crystale
2014-07-30T20:03:31 <MaCharon> mais pas la game boy
2014-07-30T20:03:32 <Bybeez> Mon Tortank niveau 100 la one shot ^^
2014-07-30T20:03:34 <heuzef> nap les gens ;)
2014-07-30T20:03:40 *** heuzef est parti
2014-07-30T20:03:48 <Bybeez> moi j'ai Argent et la GBA
2014-07-30T20:03:57 <ludvann> :)
2014-07-30T20:04:10 <ludvann> Pas vrai que t'es mon ami ;)
2014-07-30T20:04:32 <Bybeez> mais ma soeur a donné la Game Boy color et pokémon bleu a un autre enfant quand j'étais petit (genre 8 an)
2014-07-30T20:04:48 <Bybeez> Bon app' les gens
2014-07-30T20:04:58 *** Bybeez est parti
2014-07-30T20:06:12 *** sebwhooves s'est connecté
2014-07-30T20:07:39 <ludvann> Coucou !
2014-07-30T20:07:44 <sebwhooves> salut
2014-07-30T20:08:00 <sebwhooves> ça va?
2014-07-30T20:08:15 <ludvann> Ouep :)
2014-07-30T20:08:38 <sebwhooves> ok cool^^ ça y est on a un article sur le poney blanc
2014-07-30T20:08:51 <ludvann>  C'est la première fois que je te parle je crois...
2014-07-30T20:09:01 <sebwhooves> possible oui
2014-07-30T20:09:13 <ludvann> Pourtant je t'es en ami FB xD
2014-07-30T20:09:51 <sebwhooves> oui Antonin c'est ça?
2014-07-30T20:10:07 <ludvann> Eeyup
2014-07-30T20:10:40 <Berry-Punch> Je suis *hic* désolé ludvann, mais je n'ai pas le droit de te laisser faire ça.
2014-07-30T20:10:40 <ludvann> !voice sebwhooves
2014-07-30T20:10:44 <ludvann> :(
2014-07-30T20:11:12 <sebwhooves> faire quoi?
2014-07-30T20:11:36 <ludvann> Te voice
2014-07-30T20:11:46 <sebwhooves> ah lol
2014-07-30T20:11:47 <Berry-Punch> Have you niorphed today, sebwhooves *hic* ?
2014-07-30T20:11:47 <ludvann> !niorph sebwhooves
2014-07-30T20:12:15 <sebwhooves> je comprend rien niorph?
2014-07-30T20:12:36 <ludvann> Niorph !
2014-07-30T20:12:50 <sebwhooves> c'est quoi ça?
2014-07-30T20:13:16 <ludvann> Bah niorph...
2014-07-30T20:14:35 <sebwhooves> lol je ne vois pas ce que c'est
2014-07-30T20:14:37 <ludvann> ^^
2014-07-30T20:14:45 <sebwhooves> je suis vieux tu sais
2014-07-30T20:15:15 <sebwhooves> j'ai 2 fois ton age lol
2014-07-30T20:15:19 <ludvann> C'est pas compliqué de comprendre niorph pourtant...
2014-07-30T20:15:36 <ludvann> (Comme mon frère (l'age))
2014-07-30T20:16:22 <sebwhooves> pour moi c'est compliqué lol
2014-07-30T20:17:04 <ludvann> T'es sûr que tu comprends pas niorph ?
2014-07-30T20:17:29 <sebwhooves> oui certain, meme internet le comprend pas lol
2014-07-30T20:17:56 <ludvann> Pourtant c'est explicite...
2014-07-30T20:18:55 <sebwhooves> non lol
2014-07-30T20:18:59 <ludvann> Bon...
2014-07-30T20:19:19 <ludvann> On peut comparer ça à Schtroumpf...
2014-07-30T20:19:42 <sebwhooves> ok je vois
2014-07-30T20:20:28 <ludvann> :D
2014-07-30T20:20:53 <ludvann> Et ça vient de moi niorph :)
2014-07-30T20:21:19 <sebwhooves> ok comment veux tu que je comprenne alors? lol
2014-07-30T20:22:04 <ludvann> Bah moi non plus je comprends...
2014-07-30T20:22:46 <sebwhooves> ah ces jeunes... De mon temps c'etait pas comme ça MDR
2014-07-30T20:23:15 <ludvann> ^^
2014-07-30T20:25:14 <BronyCUB-MC> samhain371 has joined the server!
2014-07-30T20:27:17 *** bybeez s'est connecté
2014-07-30T20:27:25 <bybeez> Reuh !
2014-07-30T20:27:34 <BronyCUB-MC> samhain371: salut
2014-07-30T20:27:43 <bybeez> Salut !
2014-07-30T20:28:16 <ludvann> Salut
2014-07-30T20:29:18 <BronyCUB-MC> samhain371 has quit the server!
2014-07-30T20:30:00 <sebwhooves> bon je comprend rien je vais sur Minecraft je suis coincé dans une maison et je ne peux pas en sortir lol
2014-07-30T20:30:19 <ludvann> ...
2014-07-30T20:30:38 <sebwhooves> du coup j'ai quitté
2014-07-30T20:31:09 *** GoFish s'est connecté
2014-07-30T20:31:42 <ludvann> Salut
2014-07-30T20:31:47 <GoFish> Hi les gens =D
2014-07-30T20:31:54 <GoFish> Comment vas? ^_^
2014-07-30T20:31:55 <sebwhooves> salut^^
2014-07-30T20:32:02 <sebwhooves> ça va et toi?
2014-07-30T20:32:14 <bybeez> Salut , tranquille perso
2014-07-30T20:32:25 <ludvann> Bien :(
2014-07-30T20:32:30 <ludvann> :) *
2014-07-30T20:32:35 <ludvann> Ah...
2014-07-30T20:32:42 <sebwhooves> tu fais quoi comme taf?
2014-07-30T20:34:23 <sebwhooves> ok je vois
2014-07-30T20:34:26 <sebwhooves> lol
2014-07-30T20:35:07 <GoFish> base*
2014-07-30T20:35:24 <ludvann> Hum...
2014-07-30T20:35:39 <sebwhooves> quoi ludvann?
2014-07-30T20:36:07 <ludvann> Rien...
2014-07-30T20:36:27 <sebwhooves> tu vois des sous-entendus mal-placés? lol
2014-07-30T20:37:09 <ludvann> Mais bowdel y a rien ! :)
2014-07-30T20:37:27 <ludvann> (Ce n'est pas a but engeulatif)
2014-07-30T20:37:31 <ludvann> :D
2014-07-30T20:37:43 <sebwhooves> j'ai l'air vexé?
2014-07-30T20:38:07 <ludvann> Eeyup ;)
2014-07-30T20:39:03 <sebwhooves> j'imagine que pour un specialiste du r34 voir hard et soft dans la même phrase te perturbe lol
2014-07-30T20:39:39 <ludvann> Gné ?
2014-07-30T20:39:58 <ludvann> J'suis un spé du r34 !
2014-07-30T20:40:03 <ludvann> Pas*
2014-07-30T20:40:08 <ludvann> ^^'
2014-07-30T20:40:15 <sebwhooves> désolé c'est parce que j'ai l'esprit mal placés lol
2014-07-30T20:40:27 <ludvann> Mouais... ;)
2014-07-30T20:40:28 <sebwhooves> ah tu as fait un lapsus revelateur^^
2014-07-30T20:40:34 <bybeez> j'allais le dire
2014-07-30T20:40:56 <ludvann> Bon ok...
2014-07-30T20:41:02 <sebwhooves> (bien que j'ai compris qu'il parlait de programmatio)
2014-07-30T20:41:15 <sebwhooves> *programmation
2014-07-30T20:41:43 <ludvann> J'ai déjà trainé des fois sur paheal.r34.com...
2014-07-30T20:42:03 <bybeez> "des fois"
2014-07-30T20:42:14 <ludvann> Normalement oui je crois qu'il est occupé...
2014-07-30T20:42:48 <ludvann> Rhoooo... C'est bien pour les travaux d'art plastique ^^
2014-07-30T20:42:54 <GoFish> Ok ty =D
2014-07-30T20:42:56 <ludvann> xD
2014-07-30T20:43:20 <ludvann> Tu veux que je contacte heuzef ?
2014-07-30T20:43:31 <sebwhooves> pourquoi?
2014-07-30T20:43:55 <bybeez> Nan, mais pas de souci t'inquiète moi aussi je fais des recherchent pour des "travaux d'art plastiques" (oui bon j’arrête)
2014-07-30T20:44:13 <ludvann> Ok :) sebwhooves: je t'es pas parlé !
2014-07-30T20:44:19 <sebwhooves> lol
2014-07-30T20:44:36 <sebwhooves> oh ça va j'en ai vu d'autres lol
2014-07-30T20:46:38 <ludvann> C'est bon je viens de lui envoyer un sms GoFish
2014-07-30T20:47:29 <ludvann> Bah c'est juste mon tel qui faut remercier ^^
2014-07-30T20:47:56 <sebwhooves> oui enfin faut qu'il reponde lol
2014-07-30T20:48:22 <ludvann> À ça, c'est autre chose...
2014-07-30T20:50:19 <ludvann> Ah !
2014-07-30T20:50:32 <sebwhooves> il a repondu?
2014-07-30T20:50:47 <ludvann> A bah enfaîtes non...
2014-07-30T20:51:08 <bybeez> xD
2014-07-30T20:51:09 <sebwhooves> lol
2014-07-30T20:51:21 <ludvann> ^^
2014-07-30T20:54:26 <ludvann> Toujours pas de réponse... :/
2014-07-30T20:54:45 <GoFish> Oooh vous aussi vous avez fait un bot IRC en bash+netcat =D =D =D
2014-07-30T20:54:51 <sebwhooves> ah il repond rarement aux SMS
2014-07-30T20:55:11 <sebwhooves> Hé Berry-Punch toujours bourrée?
2014-07-30T20:55:57 <sebwhooves> elle répond pas? lol
2014-07-30T20:56:18 <sebwhooves> @Berry-Punch t'es là?
2014-07-30T20:56:19 <Berry-Punch> Commandes disponibles : *hic* 
2014-07-30T20:56:19 <Berry-Punch> say do flag reload stop op *hic* niorphlo list kick welcome voice help devoice niorph history muffin deop
2014-07-30T20:56:36 <sebwhooves> d'habitude elle repondait lol
2014-07-30T20:56:43 <ludvann> Oui...
2014-07-30T20:56:45 <GoFish> Pas grave =P
2014-07-30T20:56:51 <bybeez> coma éthylique ?
2014-07-30T20:56:51 <Berry-Punch> test *hic* test
2014-07-30T20:56:53 <sebwhooves> elle cuve son vin lol
2014-07-30T20:57:22 <ludvann> xD
2014-07-30T20:57:36 <Berry-Punch> Entrez help <commande> pour *hic* avoir de l'aide sur cette commande.
2014-07-30T20:57:52 <sebwhooves> Berry-Punch es tu là?
2014-07-30T20:58:02 <Berry-Punch> oui! *hic* oui!
2014-07-30T20:58:21 <sebwhooves> Berry-Punch toujours ivre
2014-07-30T20:58:23 <Berry-Punch> Fait parler *hic* le bot.
2014-07-30T20:58:23 <Berry-Punch> !say <du *hic* texte>
2014-07-30T20:58:29 <ludvann> J'ai l'air d'un spychopate avec mon masque à gaz et mes munettes
2014-07-30T20:58:35 <ludvann> Lunettes*
2014-07-30T20:58:38 <Berry-Punch> yaay *hic* =D
2014-07-30T20:59:05 <sebwhooves> ou ça ludvann?
2014-07-30T20:59:23 *** ValCab33 est parti
2014-07-30T20:59:24 <ludvann> Bah sur la tête...
2014-07-30T20:59:34 <sebwhooves> lol
2014-07-30T20:59:55 <sebwhooves> t'as une photo?
2014-07-30T21:00:05 <bybeez> J'ai un sombréro et des lunettes bleus(les verres), je vois pas le problème
2014-07-30T21:00:09 <ludvann> Selfie ?
2014-07-30T21:00:12 <ludvann> xD
2014-07-30T21:00:16 <sebwhooves> lol
2014-07-30T21:00:42 <ludvann> Photo ?
2014-07-30T21:00:58 <sebwhooves> https://www.youtube.com/watch?v=uTPhfkOdf6Y
2014-07-30T21:01:45 <bybeez> Euh, non... le ridicule ne tue pas mais il ammoche bien, et vu ma tête avec le sombrero et les lunettes je préfère éviter (putain les lunettes bleu ça défonce les yeux)
2014-07-30T21:02:13 <ludvann> xD
2014-07-30T21:02:21 <sebwhooves> bah tu n'as pas mon facebook ça se voit lol
2014-07-30T21:02:31 <ludvann> ^^
2014-07-30T21:02:54 <bybeez> ^^
2014-07-30T21:02:56 <sebwhooves> j'adore me deguiser j'y peux rien lol
2014-07-30T21:03:22 <Berry-Punch> Je suis désolé GoFish, mais je n'ai pas le *hic* droit de te laisser faire ça.
2014-07-30T21:03:52 <bybeez> Ouais mais moi j'ai pas de costumes, donc je suis juste ridicule ^^ (j’amènerai les lunettes le 17 si j'y pense)
2014-07-30T21:05:32 <ludvann> Zetes prets ?
2014-07-30T21:05:44 <ludvann> 3
2014-07-30T21:05:44 <sebwhooves> pour?
2014-07-30T21:05:48 <ludvann> 2
2014-07-30T21:05:50 <bybeez> affirmatif !
2014-07-30T21:05:53 <ludvann> 1
2014-07-30T21:05:58 <ludvann> Troll !
2014-07-30T21:06:03 <ludvann> http://m.imgur.com/yYKeXzZ
2014-07-30T21:06:39 <bybeez> schwagg !!! (mon dieu qu'est ce que j'ai fais !)
2014-07-30T21:06:45 <ludvann> Si tu me reconnais, GG
2014-07-30T21:07:02 <sebwhooves> un psychokwak!!
2014-07-30T21:07:08 <ludvann> xD
2014-07-30T21:07:45 <bybeez> J'envois une pokéball !
2014-07-30T21:08:00 <ludvann> Fais chaud avec ce masque !
2014-07-30T21:08:30 <bybeez> J'imagine ouais
2014-07-30T21:08:40 <sebwhooves> tu viendras comme ça le 17? lol
2014-07-30T21:08:54 <ludvann> Oui :)
2014-07-30T21:09:24 <ludvann> La tronche du chauffeur su je prends le bus xD
2014-07-30T21:09:26 <sebwhooves> remarque avec le barbeuk tu seras protege de la fumee
2014-07-30T21:09:34 <bybeez> c'est clair !!
2014-07-30T21:09:53 <sebwhooves> tu seras le seul a survivre lol
2014-07-30T21:10:00 <ludvann> xD
2014-07-30T21:10:10 <ludvann> Fatality !
2014-07-30T21:10:30 <ludvann> Le pire avec ce masque,
2014-07-30T21:10:34 <bybeez> Je peux ramener une cuillère géant d'un mettre de long,
2014-07-30T21:10:37 <bybeez> le 17
2014-07-30T21:10:49 <ludvann> C'est quand le nez gratte...
2014-07-30T21:11:06 <bybeez> Ah ouais...
2014-07-30T21:11:18 <sebwhooves> oui la vie est cruelle lol
2014-07-30T21:11:37 <ludvann> ^^
2014-07-30T21:11:41 <bybeez> effectivement ^^
2014-07-30T21:12:28 <ludvann> Je crois que flo fait des trucs avec ça cop xD
2014-07-30T21:14:21 <TrappyTickles> GoFish?? oO
2014-07-30T21:14:25 <sebwhooves> parle pas de trucs degueux
2014-07-30T21:14:26 <TrappyTickles> Tu vis sur bordeaux??
2014-07-30T21:14:26 <ludvann> De l'air !
2014-07-30T21:14:32 <GoFish> Hi TrappyTickles =D
2014-07-30T21:14:34 <GoFish> Non ^_^
2014-07-30T21:14:46 <TrappyTickles> (c'est Max le Fou, de MLPSubtitles)
2014-07-30T21:14:50 <sebwhooves> Salut trappy^^
2014-07-30T21:14:50 <TrappyTickles> dans la région?
2014-07-30T21:14:50 <GoFish> Je sais =P
2014-07-30T21:14:54 <GoFish> Non plus!
2014-07-30T21:14:57 <TrappyTickles> oi les gars en passant :p
2014-07-30T21:15:00 <ludvann> Bon je déplace mon bureau et je re
2014-07-30T21:15:06 <TrappyTickles> ben kestu fous là alors? lol
2014-07-30T21:15:40 <GoFish> J'attends Heuzef =D
2014-07-30T21:15:50 <sebwhooves> lol
2014-07-30T21:16:29 * ludvann fait passion jojo déménageur !
2014-07-30T21:27:12 <TrappyTickles> ah bon :p
2014-07-30T21:27:53 <sebwhooves> ah bon quoi?
2014-07-30T21:29:06 <ludvann> ?
2014-07-30T21:29:26 <sebwhooves> t'as fini de demenager ton bureau?
2014-07-30T21:30:01 <ludvann> A moitier
2014-07-30T21:30:17 <sebwhooves> ah c'est long lol
2014-07-30T21:30:22 <ludvann> Après ça j'ai ma chambre ^^'
2014-07-30T21:30:49 <sebwhooves> ah ben a l'année prochaine alors^^ lol
2014-07-30T21:30:56 <ludvann> (Ça prends du temps parce que j'ai pas beaucoup de place pour bouger...
2014-07-30T21:31:01 <ludvann> Foiré xD
2014-07-30T21:31:15 <sebwhooves> lol^^
2014-07-30T21:36:07 <ludvann> Sur tout les mecs qui ont acheté le dernier tomb raider, il y a combien de % qui l'ont pris pour l'histoire/gameplay ?
2014-07-30T21:36:39 <sebwhooves> je l'ai pas achete mais j'ai bayonetta lol
2014-07-30T21:36:50 <ludvann> xD
2014-07-30T21:37:11 <sebwhooves> et pour le scenar pas pour Bayonetta
2014-07-30T21:39:44 <ludvann> Ok
2014-07-30T21:41:02 <bybeez> J'ai aucun des deux, et si je les avais ce serait pour le gameplay et le scenar
2014-07-30T21:42:31 <sebwhooves> oh mon gode tu es intelligent ou gay comme moi? lol
2014-07-30T21:43:10 <bybeez> si je cherche des boobs, il y a google
2014-07-30T21:43:23 <bybeez> donc je dirai intelligent
2014-07-30T21:43:42 <bybeez> d'une certaine manière
2014-07-30T21:44:07 <sebwhooves> oui parce que qu'est ce que l'intelligence?
2014-07-30T21:44:13 <sebwhooves> Tu as 4h^^
2014-07-30T21:46:18 <bybeez> Je ne possède pas le temps, je n'ai donc pas du tout 4h
2014-07-30T21:46:21 <ludvann> ^^
2014-07-30T21:46:40 <ludvann> Je sens que vais faire nuit blanche...
2014-07-30T21:46:44 <sebwhooves> bon allez les enfants je quitte le chat a bientot brohoof /)(
2014-07-30T21:46:51 <ludvann> @+
2014-07-30T21:46:53 <GoFish> Seeya!
2014-07-30T21:46:58 <ludvann> ./)
2014-07-30T21:47:07 *** sebwhooves est parti
2014-07-30T21:47:20 <ludvann> Débarassé !
2014-07-30T21:47:26 <ludvann> xD
2014-07-30T21:47:58 <ludvann> :|
2014-07-30T21:48:18 <ludvann> ?
2014-07-30T21:48:28 <bybeez> xD
2014-07-30T21:49:00 <ludvann> bybeez tu es de bdx ?
2014-07-30T21:49:19 <ludvann> Ou toulousaing ?
2014-07-30T21:49:27 <bybeez> Absolument bordelais
2014-07-30T21:49:37 <ludvann> Ah :)
2014-07-30T21:49:41 <ludvann> ;)
2014-07-30T21:49:49 <bybeez> pourquoi ?
2014-07-30T21:50:10 <ludvann> Comme ça :)
2014-07-30T21:50:20 <ludvann> Tu es nouveau ?
2014-07-30T21:51:02 <ludvann> bybeez ?
2014-07-30T21:51:19 <bybeez> Ouai^p
2014-07-30T21:51:33 <ludvann> How long ?
2014-07-30T21:51:48 <bybeez> Euh, une semaine
2014-07-30T21:51:54 <bybeez> je crois environ
2014-07-30T21:51:58 <ludvann> Yay !
2014-07-30T21:52:20 <ludvann> Tu as quel age ?
2014-07-30T21:52:27 <bybeez> j'ai découvert le colléctif Samedi derniers pendant le rassemblement, et j'ai 17 ans
2014-07-30T21:52:41 <ludvann> Hum...
2014-07-30T21:52:46 <ludvann> :D
2014-07-30T21:53:22 <ludvann> Tu étais au rassemblement ?
2014-07-30T21:53:38 <bybeez> au bowling seulement
2014-07-30T21:53:44 <bybeez> et au lucifer aussi
2014-07-30T21:54:00 <ludvann>  Ok
2014-07-30T21:54:14 <ludvann> Dis moi...
2014-07-30T21:54:19 <bybeez> oui ?
2014-07-30T21:54:24 <ludvann> Tu aimes la choucroute ?
2014-07-30T21:54:37 <bybeez> bof, le choux c'est pas mon truc
2014-07-30T21:55:04 <bybeez> mais la charcutaille c'est bon !
2014-07-30T21:55:06 <ludvann> xD en plus il réponds... :D
2014-07-30T21:55:18 <bybeez> bah ouais, je m'emmerde ^^
2014-07-30T21:55:53 <ludvann> Tu peux m'aider à ranger ma chambre ^^
2014-07-30T21:56:12 <bybeez> tu as tous mon soutien psychologique
2014-07-30T21:56:34 <ludvann> Merci
2014-07-30T21:56:47 <ludvann> Tu es en quelle classe ?
2014-07-30T21:57:07 <bybeez> je passe en terminale sti2d sin
2014-07-30T21:57:11 <bybeez> et toi ?
2014-07-30T21:57:29 <ludvann> O/
2014-07-30T21:58:26 <bybeez> ? ça veut dire quoi O/ ? ^^
2014-07-30T21:58:32 <ludvann> Je voulais faire la même chose que toi mais j'ai redoublé donc je vais retenter ma chance (2nd) quel lycée?
2014-07-30T21:58:45 <bybeez> sainte famille saintonge
2014-07-30T21:58:58 <bybeez> C'est une super section
2014-07-30T21:59:01 <bybeez> la sti
2014-07-30T21:59:44 <ludvann> St-onche ! Le 15-18 plante sont drapeaux !
2014-07-30T22:00:20 <bybeez> Je vais planter un couteau dans la poitrine du 15-18 !
2014-07-30T22:00:33 <ludvann> cD
2014-07-30T22:18:18 *** MaCharon est parti
2014-07-30T22:18:28 *** MaCharon s'est connecté
2014-07-30T22:31:12 *** ludvann est parti
2014-07-30T22:40:40 *** Ambrocidus s'est connecté
2014-07-30T22:40:48 *** bybeez est parti
2014-07-30T22:41:06 <Ambrocidus> Bonsoir.
2014-07-30T22:41:15 *** ludvann s'est connecté
2014-07-30T22:42:09 <Ambrocidus> Bonsoir.
2014-07-30T22:43:55 *** Ambrocidus est parti
2014-07-30T22:46:37 *** ludvann est parti
2014-07-30T22:47:12 <Berry-Punch> Voilà ce qu'il s'est passé *hic* ces 10 dernières lignes, adriens33
2014-07-30T22:47:14 *** adriens33 s'est connecté
2014-07-30T22:52:44 *** ValCab33 s'est connecté
2014-07-30T22:52:57 <ValCab33> Reuh
2014-07-30T22:53:35 *** heuzef s'est connecté
2014-07-30T22:53:57 <heuzef> Plop
2014-07-30T22:54:01 <heuzef> Salut GoFish =)
2014-07-30T22:55:00 <MaCharon> heuzef, pour e qui est du QG "tactique" chez moi c'est ok, faudra juste ammenager
2014-07-30T22:55:11 <heuzef> MaCharon :D
2014-07-30T22:55:27 <MaCharon> en haut on capte pas internet par contre
2014-07-30T22:55:27 <heuzef> Thomas en pense quoi du coup ?
2014-07-30T22:55:47 <MaCharon> ça le derange pas, c'est pour ça que je te dit ok
2014-07-30T22:56:29 <heuzef> Des conditions particulière ?
2014-07-30T22:56:50 <MaCharon> nop
2014-07-30T22:56:59 <heuzef> Magnifique
2014-07-30T22:57:17 <MaCharon> eviter de foutre trop de bordel, mais 'est une condition tacite ^^
2014-07-30T22:57:49 <heuzef> Il faut organiser une sorte de soirée atelier pour baptiser et commencer à aménager tranquilou ce nouveau QG
2014-07-30T22:57:55 <MaCharon> XD
2014-07-30T22:58:13 <heuzef> Ca ira tous seul avec le temps
2014-07-30T22:58:15 <MaCharon> il y a l'elerticité en haut mais faut changer l'ampoule
2014-07-30T22:58:26 <heuzef> Tranquille
2014-07-30T22:58:51 <heuzef> Du coup tu risque d'être contacter assez souvent
2014-07-30T22:59:06 <MaCharon> ça me vas pour l'instant
2014-07-30T22:59:17 <heuzef> Oui on verra bien selon les besoins
2014-07-30T22:59:28 *** ELiDYROS s'est connecté
2014-07-30T22:59:35 <ELiDYROS> Yoy
2014-07-30T22:59:40 <MaCharon> slt
2014-07-30T23:00:31 <heuzef> Plouf ELiDYROS ^^
2014-07-30T23:02:17 <heuzef> ELiDYROS si tu cherche un lieu pour ton projet de RD Simulator sâche que c'est chose faite ^^
2014-07-30T23:02:48 <MaCharon> RD Simulator ?
2014-07-30T23:03:02 <heuzef> Rainbow Dash Simulator avec Oculus Rift
2014-07-30T23:03:04 <ELiDYROS> comment ça ?
2014-07-30T23:03:20 <MaCharon> O.O
2014-07-30T23:03:28 <heuzef> On est en train d'établir un pti QG bien sympatoche chez MaCharon
2014-07-30T23:03:54 <MaCharon> "en train" c'est vite dit XD
2014-07-30T23:03:56 <ELiDYROS> Ah bon
2014-07-30T23:04:30 <heuzef> ça devrais bien nous aider nous qui avons toujours le souci du lieu
2014-07-30T23:04:52 <MaCharon> apres ça reste pour petit commité
2014-07-30T23:04:53 <ELiDYROS> Ce qui va être compliqué c'est de ramener mon énorme Alienware à chaque fois ...
2014-07-30T23:05:00 <ELiDYROS> et l'écran
2014-07-30T23:05:02 <ELiDYROS> sans voiture
2014-07-30T23:05:27 <heuzef> Si tu n'as pas de PC portable en effet
2014-07-30T23:05:44 <heuzef> Après sinon il faut organiser chez toi du coup$
2014-07-30T23:06:09 <ELiDYROS> J'ai un laptop mais je m'en sers pas pour la 3D
2014-07-30T23:06:36 <heuzef> Je pensais plus à des réunions dans ce cas ?
2014-07-30T23:07:23 <ELiDYROS> A voir, mais dans l'état actuel des choses y aura juste moi pour ces réunions :P
2014-07-30T23:07:50 <heuzef> Ha ^^ Mon pti doigt me dis que tu n'arrive pas à motiver les foules
2014-07-30T23:08:37 <heuzef> Pourtant avec un projet pareil ça devrais le faire, petit souci de com non ?
2014-07-30T23:08:54 <ELiDYROS> Disons qu'à la base j'ai pas senti les gens très motivés
2014-07-30T23:09:22 <heuzef> ELiDYROS c'est pas du tous ce que j'ai sentie pour ma part
2014-07-30T23:09:50 <heuzef> Je pense qu'il faut que tu donne envie, ton projet, c'est du lourd, c'est pour ça
2014-07-30T23:10:36 <ELiDYROS> C'est bien ça le problème : à chaque fois que j'ai proposé un truc (je parle pas nécessairement de BC), ça plaisait mais fallait limite attraper chacun par la peau du cul pour que ça bouge
2014-07-30T23:10:50 <ELiDYROS> Je veux bien motiver mais faut que ça aille dans les deux sens
2014-07-30T23:11:31 <heuzef> Héhé bien d'accord, mais bon ... ça marche pas comme ça j'en ai peur
2014-07-30T23:11:45 <heuzef> ELiDYROS accroche toi ;)
2014-07-30T23:13:44 <adriens33> bonchoire les gens
2014-07-30T23:14:00 <heuzef> Plop
2014-07-30T23:14:05 <heuzef> T'as eu mon mail adri ? =)
2014-07-30T23:14:09 <adriens33> heu
2014-07-30T23:14:10 <adriens33> nop
2014-07-30T23:14:15 <adriens33> je viens de me poser
2014-07-30T23:14:29 <ELiDYROS> faut se dire que dans un milieu un peu plus pro ce sera pas le producteur qui courra après les devs, mais les devs qui se bougent pour faire parti du projet si ça leur plait
2014-07-30T23:15:14 <heuzef> Je sais bien, mais on parle pas d'un projet rémunérer alors du coup ça change tous
2014-07-30T23:15:25 <adriens33> quoi qu'il se passe ?
2014-07-30T23:15:25 <ELiDYROS> ouais je sais c'est aussi culturel
2014-07-30T23:15:29 <adriens33> je suis largué ^^
2014-07-30T23:15:40 <ELiDYROS> au Japon les mecs font des jeux indés sans un sous et sont ultra motivés
2014-07-30T23:15:45 <ELiDYROS> idem aux US
2014-07-30T23:15:47 <MaCharon> money is power!
2014-07-30T23:16:21 <heuzef> Ouais ça manque en france ça
2014-07-30T23:16:39 <adriens33> MaCharon: nope. Knowledge is power.
2014-07-30T23:17:08 <MaCharon> le savoir fait le pouvoir, il faut le cacher ;)
2014-07-30T23:18:03 <MaCharon> je confirme, l'étant moi même ^^
2014-07-30T23:18:08 <ELiDYROS> c'est pas juste radin, c'est aussi feignant
2014-07-30T23:18:27 <heuzef> Manque de confiance aussi ça joue
2014-07-30T23:18:35 <MaCharon> combo pour moi
2014-07-30T23:19:26 <ELiDYROS> je sais pas si la confiance joue, en général soit tu tombes sur des gens qui s'imaginent nul et qui du coup veulent rien faire, soit des gens qui s'imaginent trop trop bons et au final c'est un soufflé raté
2014-07-30T23:19:54 <ELiDYROS> je te raconte pas le nombre de gens que je croise qui veulent savoir dessiner mais qui veulent pas apprendre
2014-07-30T23:21:09 <adriens33> Ben… faut dire que chez nous en france on a pas vraiment tendance à encourager l'innovation et la créativité, hein.
2014-07-30T23:21:27 <adriens33> plus ça stagne, plus ça reste « comme avant » mieux c'est…
2014-07-30T23:21:51 <ELiDYROS> les français sont allergiques au changement
2014-07-30T23:22:00 <adriens33> pas tous…
2014-07-30T23:22:01 <ELiDYROS> et ceux qui en veulent finissent par quitter le pays
2014-07-30T23:22:17 <adriens33> ouais mais c'est pas forcément faisable de changer de crèmerie…
2014-07-30T23:23:06 <ELiDYROS> faut faire des sacrifices
2014-07-30T23:23:09 <adriens33> …
2014-07-30T23:23:18 <ELiDYROS> des gens bossent toutes leur vie dans l'espoir de s'installer ailleurs
2014-07-30T23:24:25 <ELiDYROS> mais c'est un autre débat
2014-07-30T23:25:08 <ELiDYROS> mais t'es d'autant plus motivé quand tu rentres du Japon, ou d'Amérique du Nord, en arrivant ici tu te dis "putain on a 20 ans de retard"
2014-07-30T23:25:37 *** ludvann s'est connecté
2014-07-30T23:26:01 <ELiDYROS> et je sais pas si vous remarquez mais on est en train de retrograder avec les années
2014-07-30T23:26:04 <ludvann> GoFish ?
2014-07-30T23:26:10 <ludvann> ?
2014-07-30T23:26:17 <adriens33> ben justement, ça donne pas le moral pour continuer…
2014-07-30T23:26:23 <ELiDYROS> les gens sont de plus en plus renfermés, la religion revient en force dès qu'il s'agit d'homosexualité
2014-07-30T23:26:26 <ludvann> Tu veux dire quoi ELiDYROS ?
2014-07-30T23:26:36 <ludvann> Ah ok
2014-07-30T23:27:02 <ELiDYROS> le pays des libertés mais on accepte de moins en moins la différence
2014-07-30T23:27:16 <ludvann> Ouep
2014-07-30T23:27:30 <adriens33> :(
2014-07-30T23:27:37 <GoFish> ludvann? =)
2014-07-30T23:27:39 <adriens33> c'est pas faux du tout malheureusement…
2014-07-30T23:27:53 <ludvann> (Comme l'entreprise française qui vend du matos d'espionnage...)
2014-07-30T23:28:05 <heuzef> Et c'est pas pour rien que des mouvement comme le notre gagne en puissance très sérieusement, c'est pas un hasard je pense ;)
2014-07-30T23:28:21 <ludvann> ^^
2014-07-30T23:28:33 <ludvann> Nan rien GoFish ^^
2014-07-30T23:28:46 <GoFish> ludvann, XD
2014-07-30T23:29:22 <ludvann> Love & tolerance
2014-07-30T23:29:31 <ludvann> ./)
2014-07-30T23:29:38 <ELiDYROS> mais rien de mon coté, j'ai toujours eu droit aux moqueries, aux jugements, aux regards méchants, et plus je vieillis plus ça s'amplifie
2014-07-30T23:29:45 <ELiDYROS> à croire que les gens supportent plus rien
2014-07-30T23:30:00 <ludvann> Moqueries de quoi ?
2014-07-30T23:30:17 <ELiDYROS> mon look
2014-07-30T23:30:20 <ELiDYROS> essentiellement
2014-07-30T23:30:22 <ludvann> (Suis au courant de rien ^^)
2014-07-30T23:30:24 <adriens33> la france est un pays qui est intolérant depuis bien longtemps, on a juste la mémoire courte  c'est tout.
2014-07-30T23:30:41 * adriens33 branche ludvann sur une prise
2014-07-30T23:30:48 <adriens33> voilà t'es « au courant » maintenant ;)
2014-07-30T23:30:56 <MaCharon> badum tss
2014-07-30T23:31:17 <ludvann> ELiDYROS: tu traines dans la rue avec un slip en fourrure ?
2014-07-30T23:32:19 <ludvann> La non réponse veut dire oui ?
2014-07-30T23:32:23 <adriens33> ludvann: qu'est-ce que ça peut te faire XD
2014-07-30T23:32:31 <adriens33> il fait ce qu'il veut
2014-07-30T23:32:43 <ELiDYROS> non mais disons qu'avoir beaucoup de piercings, les cheveux teintés, et des vêtements prêts du corps ça passe pas auprès des autres males
2014-07-30T23:32:49 <ELiDYROS> je précise car j'ai jamais reçu de moqueries de filles
2014-07-30T23:32:50 <adriens33> bah
2014-07-30T23:32:59 <adriens33> perso ça me dérange pas du tout
2014-07-30T23:33:10 <adriens33> en vrai t'as plutôt la classe :)
2014-07-30T23:33:18 <ELiDYROS> C'est gentil
2014-07-30T23:33:31 <adriens33> ^^
2014-07-30T23:33:53 <adriens33> bah y'a des cons partout, le problème c'est qu'ils ont découvert la reproduction ces andouilles.
2014-07-30T23:34:10 <MaCharon> c'est un style et franchement j'ai vu bien pire
2014-07-30T23:35:05 <ludvann> Je vais être honnête, moi je trouve pas ça beau, mais que ce soit toi ou mon voisin ou un mec dans la rue, je vais pas me foutre de sa gueule, encore moins en public...
2014-07-30T23:35:26 <ELiDYROS> ça va surement empirer cette année vu que je vais me faire tatouer les deux bras
2014-07-30T23:35:28 <ELiDYROS> mais bon
2014-07-30T23:35:48 <ludvann> Après si tu aimes ton style, no problemo :D
2014-07-30T23:36:14 *** MaCharon est parti
2014-07-30T23:37:11 <ELiDYROS> encore heureux
2014-07-30T23:37:16 <ludvann> Love & Tolerance /)
2014-07-30T23:37:21 <ludvann> ^^
2014-07-30T23:37:37 <ELiDYROS> c'est pas après 8 piercings que je vais me dire "han j'aime pas les piercings en fait"
2014-07-30T23:37:59 <ludvann> ^^-'  <-- ce smiley à un joint
2014-07-30T23:38:03 <ludvann> xD
2014-07-30T23:38:05 <adriens33> XD
2014-07-30T23:39:11 <ludvann> J'ai le début de mon déguisement pour le 17 ^^
2014-07-30T23:40:10 <ludvann> Un teaser ?
2014-07-30T23:40:18 <ludvann> (Image)
2014-07-30T23:40:46 <ValCab33> Déguisement ? Carrément x)
2014-07-30T23:40:58 <ludvann> Reafy ?
2014-07-30T23:41:09 <ValCab33> Reafy.
2014-07-30T23:41:14 <Berry-Punch> Flags de *hic* bybeez modifiés en +v
2014-07-30T23:41:16 <Berry-Punch> Flags de Bybeez modifiés en *hic* +v
2014-07-30T23:41:19 <ludvann> (Yeah i'm f*cking reaFy)
2014-07-30T23:41:25 <ludvann> 3
2014-07-30T23:41:29 <ludvann> 2
2014-07-30T23:41:34 <ludvann> 1
2014-07-30T23:41:40 <ludvann> Lol troml
2014-07-30T23:41:42 <ValCab33> Liftoff
2014-07-30T23:41:55 <ludvann> Nooo jebediah !
2014-07-30T23:42:00 <ludvann> http://m.imgur.com/yhci2sV
2014-07-30T23:42:29 <ValCab33> Watt is dat ?
2014-07-30T23:42:54 <ludvann> De quoi ?
2014-07-30T23:42:55 <ELiDYROS> à vu de nez un truc contre les vapeur de peinture
2014-07-30T23:43:30 <ludvann> Un masque à gaz ^^
2014-07-30T23:43:48 <ValCab33> Mais... pourquoi ? x)
2014-07-30T23:43:57 <ludvann> (Vapeurs & poussières)
2014-07-30T23:44:04 <ludvann> Le masque ?
2014-07-30T23:44:10 <ValCab33> T'as peur de te vaire gazer ? :p
2014-07-30T23:44:17 <ValCab33> *faire
2014-07-30T23:45:20 <ELiDYROS> pourquoi t'aimes pas les modifs corporels ludvann ?
2014-07-30T23:45:25 <ludvann> Nope, mais faire bruler des fumigènes à base de nitrate de potassium, c'est pas ce qu'il y a de mieux pour les poumons...
2014-07-30T23:47:03 <ludvann> ELiDYROS: j'en sais rien, c'est comme les bijoux, j'aime pas et je sais pourquoi... Par contre j'adore les tatoos :D
2014-07-30T23:47:39 <ludvann> Je sais pas pourquoi*
2014-07-30T23:50:44 <ludvann> J'ai rien contre ces personnes mais j'aime pas ça... :/
2014-07-30T23:51:32 <ludvann> (Chez les mecs que les filles)
2014-07-30T23:51:47 <ELiDYROS> nan mais je comprends t'inquiete
2014-07-30T23:52:01 <ludvann> Bah pas moi xD
2014-07-30T23:52:14 <ELiDYROS> moi c'est l'inverse, je trouve ça triste les gens trop "soft" ou trop "sage" niveau look
2014-07-30T23:52:59 <ELiDYROS> mais bon tout le monde n'est pas prêt à assumer non plus
2014-07-30T23:53:36 <ludvann> Assumer quoi ? Après il faut savoir quoi assumer...
2014-07-30T23:56:19 <ludvann> Vous faîtes quoi ?
2014-07-30T23:57:18 <ELiDYROS> assumer d'avoir un look qui pourra déranger ou choquer
2014-07-30T23:57:37 <ludvann> Ouais...
2014-07-30T23:57:40 <ELiDYROS> et que les gens se feront un avis sur ta personnalité via ton look
2014-07-30T23:57:58 <ludvann> J'reboot mon tel...
2014-07-30T23:58:11 <ludvann> (Rame à mort
2014-07-30T23:58:23 *** ludvann est parti
