2014-10-17T00:17:28 *** TrappyTickles est parti
2014-10-17T02:21:07 *** MaCharon est parti
2014-10-17T04:17:43 *** Silou est parti
2014-10-17T08:00:25 <Berry-Punch> Voilà ce qu'il s'est passé ces 10 dernières lignes, *hic* adriens33
2014-10-17T08:00:26 *** adriens33 s'est connecté
2014-10-17T08:19:51 <adriens33> hellow
2014-10-17T09:25:33 <Jinxypie> Salut, désolé, je file me recoucher j'ai la crève...
2014-10-17T09:25:39 <adriens33> ah.
2014-10-17T09:25:43 <adriens33> beh ouai, repose toi alors :)
2014-10-17T09:26:13 <adriens33> (c'est pas moi qui te l'ai refilé en tout cas, ou alors les microbes peuvent passer par irc, et là c'est inquiétant… anyway moi je l'ai plus la crève o/)
2014-10-17T09:29:09 *** Jinxypie est parti
2014-10-17T10:27:15 *** TrappyTickles s'est connecté
2014-10-17T10:30:53 *** TrappyTickles est parti
2014-10-17T10:43:18 *** TrappyTickles s'est connecté
2014-10-17T10:43:26 <adriens33> hello TrappyTickles
2014-10-17T10:43:44 <TrappyTickles> oi
2014-10-17T12:19:13 *** Silou s'est connecté
2014-10-17T12:19:37 <adriens33> hello Silou
2014-10-17T12:19:49 <adriens33> comment ça va là-haut ? :p
2014-10-17T12:30:11 <Silou> plop
2014-10-17T12:30:15 <Silou> Bien, il ne pleut pas la :D
2014-10-17T12:30:21 <Silou> Et toi ?
2014-10-17T12:30:39 <adriens33> ben… en fait hier il pleuvait comme je sais pas quoi, avec de beaux nuages bien noirs
2014-10-17T12:30:45 <adriens33> aujourd'hui le ciel est totalement vide.
2014-10-17T12:30:49 <adriens33> genre il pleuvait juste hier en fait.
2014-10-17T12:30:55 <Silou> Pareil :/
2014-10-17T12:31:11 <Silou> La nous c'est couvert
2014-10-17T12:31:17 <adriens33> et aujourd'hui rien ^^ comme si t'avais un nuage qui passait random et qui s'est dit "tiens si j'allais faire chier le monde juste un jour ? xD"
2014-10-17T12:31:17 <Silou> Mais pas pret à pleuvoir :)
2014-10-17T12:31:29 <Silou> Aha ^^
2014-10-17T12:31:30 <adriens33> bah ici c'est dégagé, tout plein de soleil et tout
2014-10-17T12:32:48 <Silou> La chance ^^
2014-10-17T12:33:03 <adriens33> bah ici c'est bordeaux hein ;)
2014-10-17T12:33:11 <adriens33> pas la bretagne… xD (ok, c'est un vilain troll)
2014-10-17T12:33:20 <Silou> Pff
2014-10-17T12:33:24 <Silou> Sal sudiste :p
2014-10-17T12:33:27 <adriens33> ouai.
2014-10-17T12:33:30 <adriens33> et alors ?  :p
2014-10-17T12:33:45 <Silou> Tu nous vole le soleil :p
2014-10-17T12:33:47 <adriens33> ouai.
2014-10-17T12:34:08 <adriens33> en fait c'est pas le soleil que j'ai volé
2014-10-17T12:34:17 <adriens33> j'ai corrompu Célestia >:)
2014-10-17T12:34:23 <adriens33> c'est plus marrant ^^
2014-10-17T12:34:59 <Silou> xD
2014-10-17T12:35:29 *** Ikledoreboline s'est connecté
2014-10-17T12:35:31 <Ikledoreboline> Yop
2014-10-17T12:35:37 <adriens33> salut Ikle' :)
2014-10-17T12:36:13 <Ikledoreboline> Bien ? :p
2014-10-17T12:37:30 <adriens33> ouai ^^ et toi ?
2014-10-17T12:39:01 <Ikledoreboline> Oui, oui surchargé en ce moment, mais ça devrait se calmer ! (J'espère)
2014-10-17T12:39:26 <adriens33> bah y'a les vacances en plus ce soir, non ? :)
2014-10-17T12:41:56 <Ikledoreboline> Oui, à 17h :')
2014-10-17T12:42:02 <adriens33> héhé
2014-10-17T12:42:20 *** Tsumenokage s'est connecté
2014-10-17T12:42:25 <adriens33> là tu dois avoir tellement hâte que ça se finisse… ça va être les 4 heures les plus longues de ta vie :')
2014-10-17T12:42:27 <adriens33> salut Tsumenokage
2014-10-17T12:42:31 <adriens33> comment va ? :)
2014-10-17T12:42:33 <Tsumenokage> Salut
2014-10-17T12:42:35 <Ikledoreboline> Mais je sais pas si je vais faire un détour ce soir en rentrant.
2014-10-17T12:42:42 <Tsumenokage> bien et vous ?
2014-10-17T12:42:44 <adriens33> pourquoi donc ?
2014-10-17T12:42:46 <adriens33> Tsumenokage ça va ^^
2014-10-17T12:43:00 <adriens33> fait beau, j'ai plus la crève, et j'suis de bonne humeur ^w^
2014-10-17T12:43:07 <adriens33> (et j'ai pris mon café ce matin en plus, ça aide un peu)
2014-10-17T12:43:14 <Tsumenokage> XD
2014-10-17T12:44:07 <Ikledoreboline> Bien niquel merci, et je fais peut-être un détour pour me promener, je dois faire travailler mes méninges sur des choses et chez moi  c'est pas l'un des meilleurs endroit ^^
2014-10-17T12:44:41 <adriens33> ah, non !
2014-10-17T12:44:46 <adriens33> les méninges ça travaille pas ! ><
2014-10-17T12:44:55 <adriens33> c'est ce qu'il y a dessous qui bosse.
2014-10-17T12:45:03 <adriens33> les méninges c'est la couche protectrice !
2014-10-17T12:45:06 <adriens33> non mais :p
2014-10-17T12:45:34 <Ikledoreboline> Adriens tout mon corps travaille chez moi x3
2014-10-17T12:45:38 <adriens33> heuuuuu
2014-10-17T12:45:45 <adriens33> c'est tendancieux ce que tu viens de dire XD
2014-10-17T12:46:01 <Ikledoreboline> C'est toi qui pense à un truc ignoble x3
2014-10-17T12:46:15 <adriens33> j'ai pas dit que je pensais à un truc ignoble. (j't'ai eu :p)
2014-10-17T12:46:18 <Ikledoreboline> Mais c'est pqs faux non plus au final x'3
2014-10-17T12:46:19 <adriens33> juste que c'était tendancieux
2014-10-17T12:46:27 <adriens33> (donc que ça pouvait être pris pour autre chose)
2014-10-17T12:46:30 <Ikledoreboline> Ouais, ouais, ouais xD
2014-10-17T12:46:37 <adriens33> eh eh
2014-10-17T12:47:00 <adriens33> tu racontes quoi de beau Tsumenokage  ?
2014-10-17T12:48:10 <Tsumenokage> Ben pas mal de boulot mais sinon à part ça rien de particulier :)
2014-10-17T12:48:19 <adriens33> ok ^^ beh amuse toi bien alors ^^
2014-10-17T12:48:52 <Tsumenokage> merci :p
2014-10-17T12:48:56 <Ikledoreboline> Je doute qu'il s'amuse si il travaille xD
2014-10-17T12:49:24 <Tsumenokage> mouais si quelqu'un trouve amusant de rédiger un cahier des charges qu'il me le dise XD
2014-10-17T12:49:30 <adriens33> heuuuu nope
2014-10-17T12:49:37 <Tsumenokage> ^^
2014-10-17T12:49:43 <adriens33> cahier des charges pour quel genre de projet ?
2014-10-17T12:50:22 <Ikledoreboline> Ça dépend Nnn
2014-10-17T12:50:26 <Ikledoreboline> !!!*
2014-10-17T12:50:33 <Tsumenokage> projet de remise en marche d'un simulateur d'aviation plus mise en place de tests de pilotage dans un cadre bien précis
2014-10-17T12:51:14 <Ikledoreboline> X_x *suffoque*
2014-10-17T12:51:29 <adriens33> ah
2014-10-17T12:51:54 <adriens33> changement du joint d'étanchéité pour évacuation de climatiseur de morgue Alphonse Robichuuu
2014-10-17T12:52:01 <Ikledoreboline> T'as choqué tout le monde x3
2014-10-17T12:52:01 <adriens33> c'est ça non ? XD
2014-10-17T12:52:04 <Tsumenokage> XD
2014-10-17T12:52:13 <adriens33> (référence aux deux minutes du peuple au cas où)
2014-10-17T12:52:25 <Tsumenokage> ah ça me disais quelque chose
2014-10-17T12:52:27 <adriens33> ^^
2014-10-17T12:52:46 <adriens33> ouais en gros en fait tu fais une modif sur flight simulator. c'est ça ?XD
2014-10-17T12:53:02 <adriens33> ou un vrai simulateur d'aviation, avec la cabine et tout ? :p
2014-10-17T12:53:10 <Tsumenokage> vrai simulateur
2014-10-17T12:53:13 <adriens33> ouaa
2014-10-17T12:53:17 <Tsumenokage> qui tourne avec flight simulator
2014-10-17T12:53:21 <adriens33> ah. XD
2014-10-17T12:53:24 <adriens33> j'étais pas loin
2014-10-17T12:53:56 <Ikledoreboline> Popopo, pourquoi faire :3 ?
2014-10-17T12:54:17 <Ikledoreboline> Crash et flamme incorporé à la simulation ? x'D
2014-10-17T12:54:47 <adriens33> nan, si tu te crashes, ça te tue en vrai.
2014-10-17T12:54:51 <Tsumenokage> pour voir la réaction des pilotes avec des avions électriques (donc sans bruit de moteur)
2014-10-17T12:54:53 <adriens33> comme ça c'est plus réaliste
2014-10-17T12:55:08 <Tsumenokage> mais des qu'on a réparé le simulateur, on va s'éclater dessus XD
2014-10-17T12:55:17 <adriens33> au sens figuré, ou littéralement ? XD
2014-10-17T12:55:34 <Tsumenokage> les deux je pense ^^
2014-10-17T12:55:36 <adriens33> XD
2014-10-17T12:55:42 <Ikledoreboline> Je pensais à ça adrizns hein, et au sens proprz
2014-10-17T12:55:54 <Ikledoreboline> Proprzzzzzzz lawl
2014-10-17T12:56:19 <Tsumenokage> nan mais la partie technique est super mais le reste (rdv avec le client, cahier des charges) c'est chiant ^^
2014-10-17T12:56:39 <adriens33> bah… comme dans tout projet
2014-10-17T12:56:55 <adriens33> la partie la plus chiante, imprévisible et contraignante c'est toujours le client.
2014-10-17T12:57:14 <adriens33> le reste tu peux faire tes plannings tranquille et tout.
2014-10-17T12:57:25 <Tsumenokage> XD surtout que là le client c'est un de nos profs
2014-10-17T12:57:29 <adriens33> ah.
2014-10-17T12:57:30 <adriens33> XD
2014-10-17T12:57:42 <Tsumenokage> d'ailleurs c'est notre prof de comm
2014-10-17T12:57:47 <adriens33> ouais, histoire de vous évaluer pour dire ce que ça donne côté client
2014-10-17T12:57:50 <adriens33> ouais, logique du coup.
2014-10-17T12:57:53 <Tsumenokage> et je regrette vraiment Marty comme prof
2014-10-17T12:57:57 <adriens33> ^^
2014-10-17T12:58:08 <adriens33> elle était un peu space, mais sympa au final.^^
2014-10-17T12:58:15 <Tsumenokage> yep
2014-10-17T12:58:16 <Ikledoreboline> *musique d'x-five*
2014-10-17T12:58:31 <adriens33> Ikle: quoi tu fais ? :p
2014-10-17T12:59:34 <Ikledoreboline> Je suis assis sur un banc entrain de me faire chier à côté de personnes totalement blasé à attendre le prochain cour et toi
2014-10-17T12:59:41 <adriens33> ah ^^
2014-10-17T12:59:56 <Tsumenokage> ^^
2014-10-17T13:00:04 <Ikledoreboline> Et aussi avec des mecs totalement con qui imite l'âne et... Je sais pas quoi d'autres.
2014-10-17T13:00:10 <adriens33> moi je suis posé peinard devant mon pc avec mon 2×1080p 22 et 23", dans ma chambre, à glander. XD
2014-10-17T13:00:23 <Tsumenokage> adriens33: je te hais xp
2014-10-17T13:00:23 <adriens33> (rage pas ;) )
2014-10-17T13:00:31 <adriens33> pourquoi tu me hais ?
2014-10-17T13:00:42 <adriens33> :p
2014-10-17T13:00:43 <Ikledoreboline> T'as rien à faire de ta journée ? .-.
2014-10-17T13:00:46 <adriens33> beh non
2014-10-17T13:00:58 <adriens33> j'ai raté l'inscription a la fac, plus de place.
2014-10-17T13:01:02 <Ikledoreboline> Et dans la semaine t'as fait un truc ?
2014-10-17T13:01:02 <adriens33> du coup  j'attends l'an prochain
2014-10-17T13:01:12 <adriens33> et en attendant j'ai un peu de sous de coté pour la bouffe & l'appart
2014-10-17T13:01:25 <adriens33> sinon je bosserai un peu histoire de pas trop descendre niveau compte en banque XD
2014-10-17T13:01:28 <Ikledoreboline> Ah d'acc
2014-10-17T13:01:35 <adriens33> mais en attendant j'ai littérallement rien à foutre de mes journées.
2014-10-17T13:01:42 <adriens33> ça à l'air sympa comme ça
2014-10-17T13:01:49 <Ikledoreboline> Trouve un truc à faire polo ! :3
2014-10-17T13:01:50 <adriens33> mais au bout de deux mois tu commences à te faire chier sévère XD
2014-10-17T13:02:21 <Ikledoreboline> Moi au bout de 4 jours je me fais chier si j'bouge :x
2014-10-17T13:02:21 <adriens33> (sauf si t'as des gens avec qui discuter, là ça peut passer. et heureusement, sinon je crois que j'aurais déjà pété un câble :p)
2014-10-17T13:02:25 <Ikledoreboline> Pas*
2014-10-17T13:03:08 <adriens33> bah apres deux ans d'alternance, avec 12 mois de taf continu (+encore 4 mois apres)
2014-10-17T13:03:14 <adriens33> beh un peu de rien à faire
2014-10-17T13:03:17 <adriens33> ça fait du bien.
2014-10-17T13:03:24 <adriens33> crois moi… XD
2014-10-17T13:03:34 <Tsumenokage> ^^ je m'en doute
2014-10-17T13:04:13 <Ikledoreboline> Je vais try de voir des personnes pendant les vacs. Je vais me faire chier sinon
2014-10-17T13:06:07 <adriens33> bonne idée ça :3
2014-10-17T13:06:41 *** MaCharon s'est connecté
2014-10-17T13:06:45 <MaCharon> salut
2014-10-17T13:06:47 <adriens33> salut MaCharon :3
2014-10-17T13:07:21 <Tsumenokage> Salut
2014-10-17T13:07:42 <Ikledoreboline> Yop
2014-10-17T13:07:54 <Ikledoreboline> Chacarron chccaron ...
2014-10-17T13:08:01 <MaCharon> il y a du monde aujourd'hui ^^
2014-10-17T13:08:11 <adriens33> ta femme te le dit souvent.
2014-10-17T13:08:16 <MaCharon> Ikle arrete >.<
2014-10-17T13:08:36 <MaCharon> laisse mon pseudo tranquile
2014-10-17T13:11:36 <Ikledoreboline> Oki doki loki :3
2014-10-17T13:12:06 <MaCharon> ;)
2014-10-17T13:12:07 <Tsumenokage> ^^
2014-10-17T13:12:10 <Ikledoreboline> Hehehe, fallait pas mettre du rap français moisi >:3
2014-10-17T13:12:38 <MaCharon> j'ai rien fait moi :/
2014-10-17T13:13:38 <Ikledoreboline> Nan, nan, rien à voir je parle en irl.
2014-10-17T13:21:31 <Ikledoreboline> Quoi de beau sinon ?
2014-10-17T13:22:00 <MaCharon> bah le temps
2014-10-17T13:22:13 <Tsumenokage> ^^
2014-10-17T13:22:19 *** Ikledoreboline est parti
2014-10-17T13:23:45 *** Ikledoreboline s'est connecté
2014-10-17T13:23:49 <Ikledoreboline> Huuu
2014-10-17T13:24:42 <Ikledoreboline> Oui beau temps
2014-10-17T13:30:41 *** Ikledoreboline est parti
2014-10-17T13:35:40 *** Ikledoreboline s'est connecté
2014-10-17T13:35:51 *** Ikledoreboline est parti
2014-10-17T13:54:27 <Tsumenokage> Bon retour en cours pour moi
2014-10-17T13:54:30 <Tsumenokage> a plus les gens
2014-10-17T13:54:33 <Tsumenokage> bonne aprem
2014-10-17T13:54:40 <MaCharon> good luck
2014-10-17T13:54:47 <Tsumenokage> thx
2014-10-17T13:55:17 *** Tsumenokage est parti
2014-10-17T14:18:04 <adriens33> j'y go aussi, des trucs à faire.
2014-10-17T14:18:05 <adriens33> ++
2014-10-17T14:20:55 <MaCharon> bon ben moi je vais faire un tour a album :)
2014-10-17T14:22:44 *** adriens33 est parti
2014-10-17T14:33:13 *** TrappyTickles_ s'est connecté
2014-10-17T14:36:45 *** TrappyTickles est parti
2014-10-17T15:55:58 <MaCharon> re
2014-10-17T17:26:04 *** Gordfang s'est connecté
2014-10-17T17:43:33 <Berry-Punch> Voilà ce qu'il s'est passé ces 10 dernières *hic* lignes, adriens33
2014-10-17T17:43:34 *** adriens33 s'est connecté
2014-10-17T17:45:02 <Berry-Punch> Flags de TrappyTickles_ modifiés : +v *hic* 
2014-10-17T17:45:02 <adriens33> !voice TrappyTickles_
2014-10-17T19:00:48 *** MaCharon est parti
2014-10-17T21:27:18 *** Lenile s'est connecté
2014-10-17T21:27:27 <Lenile> Yop !
2014-10-17T21:27:44 <Lenile> Quelqun à un telephone débloquer SFR ?
2014-10-17T21:28:00 <adriens33> salut
2014-10-17T21:28:04 <adriens33> comment ça "débloqué sfr" ?
2014-10-17T21:28:11 <adriens33> un téléphone sfr ou un téléphone débloqué ? :o
2014-10-17T21:28:13 <adriens33> * :p)
2014-10-17T21:29:25 <Lenile> Bah un telephone sfr x)
2014-10-17T21:29:35 <adriens33> beh t'as pas besoin qu'il soit débloqué alros :p
2014-10-17T21:29:37 <Lenile> Juste pour ces vacances !
2014-10-17T21:29:38 <adriens33> mais pourquoi faire ?m
2014-10-17T21:29:50 <adriens33> beh moi j'ai le mien… mais il est comme qui dirait en service quoi ^^'
2014-10-17T21:29:58 <Lenile> Je part en alsace voir mon père
2014-10-17T21:30:03 <adriens33> (donc je peux pas te le filer, sorry)
2014-10-17T21:30:09 <Lenile> Mais dans l'aeropor chaudf...
2014-10-17T21:30:19 <adriens33> et le seul autre que j'ai, bah… il est mort… (c'est pour ça que j'en ai changé)
2014-10-17T21:30:29 <adriens33> (je change de tel que quand le précédent marche pu xD)
2014-10-17T21:33:05 <Lenile> x)
2014-10-17T21:35:50 <Lenile> TrappyTickles_ Gordfang ?
2014-10-17T21:35:53 <Lenile> Perdsonne ? T-T
2014-10-17T21:36:02 <TrappyTickles_> ?
2014-10-17T21:36:29 <Berry-Punch> Flags de TrappyTickles modifiés : *hic* +v
2014-10-17T21:36:29 <adriens33> !voice TrappyTickles
2014-10-17T21:36:47 <TrappyTickles> mci
2014-10-17T21:37:41 <Lenile> Bah bravo xD
2014-10-17T21:37:50 <Lenile> T'a pas un telephone Sfr en rab Trappy ? x)
2014-10-17T21:41:52 <TrappyTickles> euh non
2014-10-17T21:41:54 <TrappyTickles> quoique
2014-10-17T21:42:00 <TrappyTickles> ptet si mais chai plus ou jles ai foutus
2014-10-17T21:42:50 <Lenile> Si t'en à un tes mon sauveur '-'
2014-10-17T22:19:17 *** MaCharon s'est connecté
2014-10-17T22:19:27 <MaCharon> re/bonsoir
2014-10-17T22:24:23 *** Lenile est parti
2014-10-17T22:29:45 *** Tsumenokage s'est connecté
2014-10-17T22:29:53 <Tsumenokage> Salut
2014-10-17T22:33:17 <TrappyTickles> oi
2014-10-17T22:33:41 <TrappyTickles> discovery.. enfin, feu-the hub) devait diffuser rainbow rocks aujourd'hui
2014-10-17T22:33:55 <Tsumenokage> oo
2014-10-17T22:34:05 <Tsumenokage> coupe des scenes ?
2014-10-17T22:34:16 <Tsumenokage> c'est dommage
2014-10-17T22:34:37 <TrappyTickles> plus de dash X AJ sur la console,  plus de AJ X pinkie jouant aux cartes, le fail song de twilight est pas complet
2014-10-17T22:34:51 <TrappyTickles> et le film a pas fini de diffuser, donc le massacre est pas fini
2014-10-17T22:35:43 <Tsumenokage> thx ^
2014-10-17T22:35:52 <Tsumenokage> moi je reviens de McDo
2014-10-17T22:36:27 <MaCharon> sur place ou a emporté ? :D
2014-10-17T22:36:34 <Tsumenokage> j'zi eu ma figurine Cadence avec le happy meal o/
2014-10-17T22:36:40 <Tsumenokage> Sur place XD
2014-10-17T22:36:57 <Tsumenokage> Cadance* pardon
2014-10-17T22:56:55 <Silou> Y a pas Candance ^^'
2014-10-17T22:56:59 <Silou> Cadance*
2014-10-17T23:01:49 <Tsumenokage> oups pardon (en effet j'ai ecrit trop vite xp )
2014-10-17T23:02:50 <Silou> Non mais elle n'y est pas, c'est Celestia, Twilight, Pinkie Pie et Rarity ^^'
2014-10-17T23:03:17 <Tsumenokage> oui je sais j'ai ecrit Cadance au lieu de Celestia
2014-10-17T23:03:54 <Silou> Ah ok xD
2014-10-17T23:03:55 * Tsumenokage s'excuse platement pour son erreur 
2014-10-17T23:03:56 <Silou> La chance
2014-10-17T23:04:00 <Silou> Moi j'ai eu Rarity :(
2014-10-17T23:04:22 <Tsumenokage> j'aurais prefere Rainbow ou Vinyl mais bon c'est deja pas mal
2014-10-17T23:04:36 <Silou> Ouai, chiant que on en ai que 4 :/
2014-10-17T23:04:46 <Tsumenokage> On en a que 4 en France
2014-10-17T23:04:52 <Tsumenokage> ah mince savais pas
2014-10-17T23:05:43 <Tsumenokage> c'est vrai que c'est chiant alors
2014-10-17T23:06:14 <Silou> C'est mieux que rien, on n'étais déja pas sur que on les ai un jour en France xD
2014-10-17T23:06:25 <Tsumenokage> xp
2014-10-17T23:13:09 *** ludvann s'est connecté
2014-10-17T23:13:13 <ludvann> plop
2014-10-17T23:13:35 <Silou> plop
2014-10-17T23:14:21 <adriens33> bonsoir ludvann
2014-10-17T23:14:27 <ludvann> chat va ?
2014-10-17T23:14:36 <adriens33> salut Tsumenokage et MaCharon au passage
2014-10-17T23:14:42 <adriens33> (je vous avais pas vu ^^')
2014-10-17T23:14:45 <adriens33> ouai
2014-10-17T23:14:51 <adriens33> ça peut aller
2014-10-17T23:14:58 <ludvann> ok ^^
2014-10-17T23:15:46 *** Ikledoreboline s'est connecté
2014-10-17T23:15:52 <Ikledoreboline> Bonsoir tout le monde ;)
2014-10-17T23:16:03 <ludvann> hell low :)
2014-10-17T23:17:00 <adriens33> bonsoir Ikle' :3
2014-10-17T23:17:28 <Ikledoreboline> Vous allez bien ? =p
2014-10-17T23:17:34 <adriens33> ça peut aller*$
2014-10-17T23:17:49 <Tsumenokage> salut Ikledoreboline et adriens33
2014-10-17T23:24:20 * ludvann niorph
2014-10-17T23:24:36 <Berry-Punch> Have you niorphed today, *hic* adriens33 ?
2014-10-17T23:24:36 <ludvann> !niorph adriens33
2014-10-17T23:24:57 <adriens33> it depends on what you call  'to niorph'.
2014-10-17T23:25:10 * Ikledoreboline s'étire et fait des yeux.
2014-10-17T23:25:29 <Ikledoreboline> J'ai pas fini ma phrase le reste était dans la tête daaamn. x)
2014-10-17T23:26:13 <ludvann> to niorph: niorf, niorf niorph, niorph, niorpf, niorphf
2014-10-17T23:26:35 <Ikledoreboline> niorfe
2014-10-17T23:26:39 <Tsumenokage> ^^
2014-10-17T23:26:42 <ludvann> x)
2014-10-17T23:29:43 * Ikledoreboline fait le poisson et élève la voix de manière royal.
2014-10-17T23:29:44 <Ikledoreboline> Plait-il ?
2014-10-17T23:31:03 <Ikledoreboline> http://puu.sh/cggth/9be88cd4d9.png wtf le carré jaune sur la page pour être sur de la conjugaison du verbe élever XD
2014-10-17T23:31:40 <Tsumenokage> XD mon dieu
2014-10-17T23:32:47 <ludvann> x)
2014-10-17T23:33:06 <Ikledoreboline> Certains sites on des tendances péd... pédiatrique.
2014-10-17T23:34:27 <Tsumenokage> XD
2014-10-17T23:36:00 *** Gordfang est parti
2014-10-17T23:37:37 <Ikledoreboline> Let's go cat party ! https://www.youtube.com/watch?v=KCB_mCusnaA
