2014-08-31T00:00:14 <Silou> ok :)
2014-08-31T00:00:30 <Silou> (+ les 2 semaines et demies aux USA)
2014-08-31T00:00:38 <ELiDYROS> ouais j'imagine
2014-08-31T00:00:43 <ELiDYROS> je suis resté 1 mois là bas
2014-08-31T00:00:49 <Silou> :o
2014-08-31T00:00:51 <ELiDYROS> essentiellement à Seattle, puis Vegas
2014-08-31T00:01:10 <ELiDYROS> ouais j'étais chez un de mecs qui a bossé sur le docu sur les Bronies ^^
2014-08-31T00:01:22 <ELiDYROS> SR Foxley tu connais peut être
2014-08-31T00:01:37 <Silou> Nope connais pas
2014-08-31T00:02:24 <ELiDYROS> internet dit ça lol http://www.imdb.com/name/nm5326270/
2014-08-31T00:02:43 <Silou> ^^
2014-08-31T00:02:57 <ELiDYROS> bon j'ai passé une partie du voyage à l'hotel aussi
2014-08-31T00:04:23 <ELiDYROS> j'étais parti avec le 'créateur' de MyLittleKaraoke
2014-08-31T00:05:38 <Silou> Eh ben :p
2014-08-31T00:05:56 <Silou> Moi je suis juste parti avec mon meilleur pote ^^'
2014-08-31T00:06:06 <ELiDYROS> nice
2014-08-31T00:14:14 <ELiDYROS> je me suis ruiné en goodies, t-shirts, cartes, figurines
2014-08-31T00:25:00 *** Ikledoreboline s'est connecté
2014-08-31T00:25:08 <Ikledoreboline> Bonsoir à vous !
2014-08-31T00:36:16 *** Ikledoreboline est parti
2014-08-31T01:04:01 *** Letarumavza s'est connecté
2014-08-31T01:16:20 *** TrappyTickles est parti
2014-08-31T01:28:18 <Letarumavza> PESTE SOIT DES FEMMES !
2014-08-31T01:28:27 <Letarumavza> Toutes des pestes !!!
2014-08-31T01:28:37 <Letarumavza> pestes pestes pestes
2014-08-31T01:28:42 <Letarumavza> Raaaaaaaaaaaaaaah !
2014-08-31T01:28:42 <MaCharon> faut pas faire une généralité
2014-08-31T01:29:06 <Letarumavza> Euh...
2014-08-31T01:29:12 <Letarumavza> J'ai pas de bol dans ce cas.
2014-08-31T01:29:33 <MaCharon> ça fait juste partie des "risques"
2014-08-31T01:29:39 <Letarumavza> Chaque fois que je me mets dans la merde c'est pour une paire de nichons...
2014-08-31T01:30:02 <MaCharon> obsédé XD
2014-08-31T01:30:44 <Letarumavza> Non, juste que j'ai des gouts un peu particuliers de ce coté là.
2014-08-31T01:30:50 <Letarumavza> Et que mes proies sont rares.
2014-08-31T01:31:10 <MaCharon> nn mais je déconne, chacun son truc
2014-08-31T01:31:26 <Letarumavza> Je t'envie de ne pas être pervers ^^
2014-08-31T01:31:34 <MaCharon> je le suis
2014-08-31T01:31:37 <MaCharon> >.>
2014-08-31T01:31:41 <Letarumavza> Euh...
2014-08-31T01:31:57 <MaCharon> mais je suis timide XD
2014-08-31T01:32:06 <Letarumavza> Je suis un dominateur dont la plus puissante source de plaisir est de mélanger à peu près tout avec du combat à main nues.
2014-08-31T01:32:23 <MaCharon> wow....pas mal
2014-08-31T01:32:34 <Letarumavza> Et je pratique le bondadge.
2014-08-31T01:32:42 <MaCharon> cool ça
2014-08-31T01:32:44 <Letarumavza> Crois moi, t'es pas pervers
2014-08-31T01:33:06 <Letarumavza> Surtout qu'en plus la nature m'a chié dessus...
2014-08-31T01:33:06 <ELiDYROS> Y en a un qui est pas mal pervers dans le collectif ahum
2014-08-31T01:33:18 <Letarumavza> Un ?
2014-08-31T01:33:26 <MaCharon> disons que je connais mais que j'ai jamais pu tester malheureusement
2014-08-31T01:33:29 <Letarumavza> Rémy, alex, clément...
2014-08-31T01:33:35 <Letarumavza> rémi ça va encore
2014-08-31T01:33:41 <Letarumavza> alex est un connard avec les filles.
2014-08-31T01:33:52 <Letarumavza> Clément à ordre de ne pas passer ma porte sous peine de mort.
2014-08-31T01:34:03 <ELiDYROS> je vois pas qui c'est via les prénoms
2014-08-31T01:34:08 <Letarumavza> Et vu à quel point le sang m'exite...
2014-08-31T01:34:37 <Letarumavza> Le saigner va me faire péter les plombs et je liquiderai tout autour de moi juste pour en avoir plus...
2014-08-31T01:34:46 <MaCharon> rémy = Lezarius les autres je sais pas
2014-08-31T01:34:53 <Letarumavza> alex = ragator
2014-08-31T01:34:58 <Letarumavza> clément makhai
2014-08-31T01:35:07 <ELiDYROS> ok
2014-08-31T01:35:17 <Letarumavza> Donc disais-je, tu n'es pas pervers.
2014-08-31T01:35:39 <ELiDYROS> Ragator j'en sais déjà beaucoup trop de lui, et le fait qu'il m'ait insulté publiquement fait qu'aujourd'hui je préfère pas entendre son nom
2014-08-31T01:35:46 <MaCharon> je pense que je le suis, c'est juste que je n'ai jamais eu l'occasion de tester
2014-08-31T01:36:02 <Letarumavza> Tu peux être considéré comme pervers à partir du moment où ton plaisir crée de la douleur, tu l'es.
2014-08-31T01:36:49 <Letarumavza> Alors autant dire que quand tu cumules : dominateur, sadique, et berserk, tu as un combo gagnant.
2014-08-31T01:36:57 <MaCharon> certes mais ne serait-ce pas TA definition de la perversion ?
2014-08-31T01:37:09 <ELiDYROS> y a une différence entre sadisme et perversion
2014-08-31T01:37:16 <Letarumavza> Si tu ne crées aucune douleur, en quoi ça serait pervers, juste une question de gouts.
2014-08-31T01:37:23 <ELiDYROS> j'ai fait des trucs pervers et la fille était loin d'avoir mal
2014-08-31T01:37:27 <MaCharon> 'est relatif
2014-08-31T01:37:32 <MaCharon> c'est*
2014-08-31T01:37:48 <Letarumavza> Bon j'ai un avantage, au combat je suis du genre infatiguable.
2014-08-31T01:38:10 <MaCharon> tant que les gens concernés s'y retrouvent il n'y a pas de prob
2014-08-31T01:38:39 <Letarumavza> D'où un sérieux manque de proies pour moi.
2014-08-31T01:38:52 <MaCharon> ^^
2014-08-31T01:39:28 <Letarumavza> Vu qu'il me faut une masochiste avec une grande résistance physique et psychique.
2014-08-31T01:39:46 <MaCharon> moi faudrait deja que je me trouve une meuf :/
2014-08-31T01:40:42 <MaCharon> et c'est pas gagné
2014-08-31T01:41:06 <Letarumavza> Hum... Perso je ne sais pas si je le dois...
2014-08-31T01:41:42 <MaCharon> faut juste trouver la bonne
2014-08-31T01:41:55 <Letarumavza> Le problème est un peu différent :
2014-08-31T01:42:16 <Letarumavza> Frustration = rage = envie de vengeance = gout du sang.
2014-08-31T01:42:44 <MaCharon> hard
2014-08-31T01:42:52 <Letarumavza> Quand je suis dans une phase de gout du sang, le moindre mot malheureux entraine une réponse imédiate.
2014-08-31T01:43:02 <Letarumavza> ça a couté trois orteils à mon beau père.
2014-08-31T01:43:09 <ELiDYROS> go faire du free fight ça te détendra
2014-08-31T01:43:11 <Letarumavza> (je lui à bazardé un mur dans la tronche)
2014-08-31T01:43:35 <MaCharon> ouch
2014-08-31T01:43:51 <Letarumavza> Il était derrière le mur, j'ai tapé dedans, le mortier a laché sous l'onde, le mur lui est tombé sur le pied.
2014-08-31T01:44:07 <MaCharon> lol
2014-08-31T01:44:11 <Letarumavza> Donc du freefight, non.
2014-08-31T01:44:26 <ELiDYROS> pourtant c'est fun, y a du challenge, et ça peut rapporter
2014-08-31T01:44:35 <MaCharon> pas faux
2014-08-31T01:44:38 <Letarumavza> Sauf que je risque de tuer mon adversaire.
2014-08-31T01:44:45 <ELiDYROS> j'attends de voir lol
2014-08-31T01:45:00 <Letarumavza> (adversaire ou tout autre personne à portée)
2014-08-31T01:45:23 <Letarumavza> Heureusement j'ai rarement mes crises de rage...
2014-08-31T01:45:36 <MaCharon> c'est rassurant ^^
2014-08-31T01:45:54 <Letarumavza> Le dernier mec qui m'en a vraiment déclenché une est en fauteuil roulant.
2014-08-31T01:46:46 <Letarumavza> Entre un trotoir et des lombaires, pariez sur le trotoir ^^
2014-08-31T01:47:15 <ELiDYROS> c'est pas spécialement utile de se vanter de ça
2014-08-31T01:47:40 <Letarumavza> Le mieux c'est que vous marchez pas, vous courrez ^^
2014-08-31T01:47:51 * Letarumavza éclate de rire.
2014-08-31T01:48:00 <MaCharon> vaut mieux en rire que d'en pleurer
2014-08-31T01:48:25 <Letarumavza> En réalité, juste que la fille après je cours est dans une mauvaise phase ces derniers temps, et c'est un peu difficile de négocier le rapprochement en gérant ses problèmes.
2014-08-31T01:48:40 <Letarumavza> Non mais les mecs, je vous fait marcher.
2014-08-31T01:48:49 <ELiDYROS> "ses" au sens les tiens ou les siens ?
2014-08-31T01:49:30 <MaCharon> les siens logiquemet
2014-08-31T01:49:32 <Letarumavza> bah les siens, sinon j'aurais dit "mes".
2014-08-31T01:49:47 <Letarumavza> Bon la vraie version :
2014-08-31T01:50:11 <Letarumavza> Le mec en fauteuil, il a tenté de violer une fille avec un de ses potes, on est tombé dessus à deux, on a tapé un poil fort.
2014-08-31T01:50:22 <Letarumavza> (la fille avait 12 ans)
2014-08-31T01:50:25 <Letarumavza> lui 22
2014-08-31T01:50:41 <MaCharon> ah ouai quand même
2014-08-31T01:50:48 <Letarumavza> Et pour mon beau père, il m'a demandé si je pouvais casser le mur comme un défi => j'ai tapé.
2014-08-31T01:51:06 <Letarumavza> J'ai pas vraiment le gout du sang ^^
2014-08-31T01:51:26 <Letarumavza> Mais j'aime me battre, et me battre avec une fille me donne une envie de lui sauter dessus ^^
2014-08-31T01:51:31 <ELiDYROS> c'était évident, sinon t'en parlerai pas
2014-08-31T01:51:59 <Letarumavza> en revanche pour le coté dom, et bondadge, c'est 100% vrai ^^
2014-08-31T01:52:30 <MaCharon> sans surprise
2014-08-31T01:52:31 <Letarumavza> Mais c'était tellement plus drole de vous faire gober une énorme connerie pour le fun ^^
2014-08-31T01:52:51 <ELiDYROS> tu sais aujourd'hui les gens racontent tellement de conneries sur le net, certains s'inventent même des vies
2014-08-31T01:52:59 <ELiDYROS> fait longtemps que je crois plus rien moi xD
2014-08-31T01:53:01 <Letarumavza> Je vois pas l'intéret.
2014-08-31T01:53:25 <Letarumavza> Perso je suis un garde de ville à blancherive, j'ai pas besoin de m'inventer une vie.
2014-08-31T01:53:26 <ELiDYROS> l'intérêt eux ils le voient : cacher la médiocrité de leur quotidien
2014-08-31T01:53:32 <MaCharon> non moi tu me dit un truc, je te dit ok, tu me dit que c'est faux...ben la même
2014-08-31T01:53:47 <Letarumavza> Boaf, j'étais aventurier avant, mais j'ai pris une flèche dans le genou.
2014-08-31T01:53:54 <MaCharon> XD
2014-08-31T01:54:14 <MaCharon> une fleche de morgul ?
2014-08-31T01:54:22 <MaCharon> >.>
2014-08-31T01:54:24 <Letarumavza> Pas le même univers.
2014-08-31T01:54:27 <ELiDYROS> lol
2014-08-31T01:54:47 <Letarumavza> Menfin bon ^^
2014-08-31T01:54:48 <MaCharon> nn mais la meme connerie
2014-08-31T01:55:12 <Letarumavza> En fait j'ai un taf minable, je bosse dans un fast-food.
2014-08-31T01:55:24 <Letarumavza> Avec un collègue chiant, et un patron grippe-sous...
2014-08-31T01:55:35 <Letarumavza> Et mon meilleur pote est un abruti...
2014-08-31T01:55:51 <MaCharon> peut etre mai au moint tu fais quelque chose de ta vie
2014-08-31T01:55:54 <Letarumavza> J'ai pas le permis.
2014-08-31T01:56:01 <Letarumavza> Pas de copine...
2014-08-31T01:56:03 <ELiDYROS> oui voilà t'as un boulot et un meilleur pote
2014-08-31T01:56:11 <Letarumavza> Et en plus je vis dans un ananas sous la mer.
2014-08-31T01:56:18 <ELiDYROS> c'est reparti
2014-08-31T01:56:20 <ELiDYROS> lol
2014-08-31T01:56:22 * Letarumavza crève de rire devant le pc.
2014-08-31T01:56:25 <MaCharon> -_-
2014-08-31T01:56:46 <MaCharon> pitié pas bob l'eponge
2014-08-31T01:56:48 <Letarumavza> Désolé, tellement tentante celle là...
2014-08-31T01:57:02 <Letarumavza> D'un autre coté, il a une vie déprimante bob l'éponge.
2014-08-31T01:57:11 <ELiDYROS> mais il déprime pas pour un sous
2014-08-31T01:57:30 <Letarumavza> Les éponges ont pas de cerveaux, les étoiles de mer non plus, ça aide.
2014-08-31T01:57:48 <ELiDYROS> je pense surtout qu'il tourne à la coke, comme la majorité des héros de cartoons
2014-08-31T01:57:54 <MaCharon> mais oui c'est clair
2014-08-31T01:59:18 <Letarumavza> Bah c'est surtout que bob l'éponge c'est fuck physics
2014-08-31T01:59:23 <Letarumavza> feu sous l'eau
2014-08-31T01:59:27 <Letarumavza> plage sous l'eau
2014-08-31T01:59:42 <Letarumavza> feu sur la plage sous l'eau éteint par les vagues de la plage sous l'eau.
2014-08-31T01:59:53 * Letarumavza reboot.
2014-08-31T02:00:04 <MaCharon> this is madness !!
2014-08-31T02:00:06 <Letarumavza> ça m'a foutu une boucle infinie cette merde...
2014-08-31T02:00:16 <Letarumavza> D'ailleurs j'ai eu un BSOD tout à l'heure
2014-08-31T02:00:23 <Letarumavza> Mon cpu a deadlock
2014-08-31T02:00:46 <Letarumavza> Au point d'être détecté par l'horloge du watchdog.
2014-08-31T02:01:17 <Letarumavza> Je pife une couille d'adressage entre un prog 32 et 64 bits.
2014-08-31T02:01:28 <Letarumavza> avec un télescopage.
2014-08-31T02:01:43 <Letarumavza> (et j'ai pommé tout le monde à deadlock)
2014-08-31T02:02:33 <Letarumavza> Deadlock = http://fr.wikipedia.org/wiki/Interblocage
2014-08-31T02:03:23 <MaCharon> une boucle quoi
2014-08-31T02:04:05 <Letarumavza> Bah c'est une boucle d'interverrouillage de treads.
2014-08-31T02:04:17 <Letarumavza> Je pense que c'est lié à l'OC du cpu.
2014-08-31T02:04:30 <MaCharon> ouai c'est ce que j'ai dit :D
2014-08-31T02:05:06 <Letarumavza> Une très légère distortion a pu entrainer un false flag sur une ressource.
2014-08-31T02:05:24 <Letarumavza> Je penche pour un problème lié à une perturbation électromagnétique externe.
2014-08-31T02:05:54 <Letarumavza> (un vrai bug hardware low lvl de source externe au matériel, c'est tellement rare d'en voir)
2014-08-31T02:06:20 <MaCharon> .  .  .
2014-08-31T02:06:26 <Letarumavza> Je note, 15Mo de cache, il trouve le moyen de deadlock ^^
2014-08-31T02:06:37 <Letarumavza> C'est quoi les chances ?.
2014-08-31T02:06:50 <Letarumavza> what macharon ?
2014-08-31T02:06:59 <MaCharon> rien rien ^^
2014-08-31T02:07:10 <Letarumavza> Bah je sais pas...
2014-08-31T02:07:13 <Letarumavza> tu . . .
2014-08-31T02:07:21 <Letarumavza> Je suis passé à coté d'un truc ?
2014-08-31T02:07:36 <Letarumavza> (je suis naze là, donc c'est tout à fait possible que j'ai skip un truc évident)
2014-08-31T02:07:38 <MaCharon> ah ben je sais pas j'y connais rien
2014-08-31T02:07:56 <Letarumavza> Truc étrange...
2014-08-31T02:08:14 <Letarumavza> Je suis heureux d'avoir vu mon pc freeze et crash comme une merde puis reboot ^^
2014-08-31T02:08:25 <Letarumavza> simplement parce que le bug est ultra rare.
2014-08-31T02:08:37 <MaCharon> c'est mieux que de rage
2014-08-31T02:08:38 <Letarumavza> (le genre de bug dont l'origine peut être le rayonement fossile du bigbang ^^)
2014-08-31T02:09:11 <Letarumavza> Bon, j'ai quand-même clear CMOS + refait mes ratios au reboot.
2014-08-31T02:09:34 <Letarumavza> C'est peut-être aussi une connerie de la MB qui a pas donné la bonne fréquence au cpu.
2014-08-31T02:09:56 <Letarumavza> (et une désynchro d'hypertread, c'est le deadlock quasi assuré en charge)
2014-08-31T02:10:07 <Letarumavza> Mais putain quoi
2014-08-31T02:10:25 <Letarumavza> UN FUCKING DEADLOCK !
2014-08-31T02:10:49 <Letarumavza> J'ai deadlock un 12cores @ 4.5GHz avec 15Mo de cache.
2014-08-31T02:11:20 <Letarumavza> J'ai deadlock un 4960X
2014-08-31T02:11:52 <ELiDYROS> Et moi au lycée j'avais des dReadlocks
2014-08-31T02:11:54 <ELiDYROS> ahem
2014-08-31T02:12:10 <MaCharon> badum tss
2014-08-31T02:12:26 <Letarumavza> 48k handles, et j'arrive à deadlock
2014-08-31T02:12:49 <Letarumavza> Oh...
2014-08-31T02:13:02 <Letarumavza> Windows détecte une vitesse max cpu @0.0GHz
2014-08-31T02:13:50 <Letarumavza> 4.5Ghz au lieu de 3.5Ghz, il aime pas...
2014-08-31T02:14:20 <Letarumavza> (ou alors c'est peut être simplement le fait que la fréquence max soit changée qui fait qu'elle ne s'affiche plus)
2014-08-31T02:22:43 <Letarumavza> A moins que...
2014-08-31T02:23:16 <Letarumavza> Je me demande si au lieu d'un télescopage d'acces, le deadlock est pas lié à un blockage fantome de deux mutex
2014-08-31T02:25:33 <Letarumavza> Putain...
2014-08-31T02:25:58 <Letarumavza> Pourquoi c'est pas comme sur linux, avec le futex.
2014-08-31T02:30:33 *** ELiDYROS est parti
2014-08-31T03:34:24 *** MaCharon est parti
2014-08-31T04:39:07 *** ELiDYROS s'est connecté
2014-08-31T04:42:03 *** ELiDYROS est parti
2014-08-31T04:42:53 *** Silou est parti
2014-08-31T07:55:43 <Berry-Punch> Voilà ce qu'il s'est passé ces 10 dernières lignes, *hic* adriens33
2014-08-31T07:55:45 *** adriens33 s'est connecté
2014-08-31T09:18:11 *** TrappyTickles s'est connecté
2014-08-31T09:24:36 *** Bybeez s'est connecté
2014-08-31T09:24:48 <Bybeez> Patate !
2014-08-31T09:26:10 *** heuzef s'est connecté
2014-08-31T10:06:13 *** Bybeez est parti
2014-08-31T10:06:20 *** Bybeez s'est connecté
2014-08-31T10:22:12 *** Letarumavza est parti
2014-08-31T11:31:15 *** ValCab33 s'est connecté
2014-08-31T11:31:20 <ValCab33> Hellow
2014-08-31T11:31:49 <heuzef> plop
2014-08-31T12:12:09 *** MaCharon s'est connecté
2014-08-31T12:12:13 <MaCharon> slt
2014-08-31T12:31:38 *** Yvan33 s'est connecté
2014-08-31T12:37:50 *** Letarumavza s'est connecté
2014-08-31T12:38:39 <Letarumavza> Petite question, la boutique à laquelle je me fournissais y'a quelques années sur les quais a fermé. Y'a quoi comme bon endroit sur bordeaux pour se procurer du cuir tané ?
2014-08-31T12:39:36 <Yvan33> Tu cherche du cuir tané? Euh je demande à mes parents
2014-08-31T12:40:03 <Letarumavza> Yep, c'est pour fabriquer des...
2014-08-31T12:40:06 <Letarumavza> vetements ?
2014-08-31T12:40:12 <Letarumavza> (on va dire cosplay)
2014-08-31T12:40:36 <Yvan33> Hum ma mère ne sait pas et me conseil de...
2014-08-31T12:40:44 <Yvan33> Regarder sur internet!
2014-08-31T12:41:10 <Letarumavza> Bah... J'ai pas trouvé.
2014-08-31T12:41:10 <Yvan33> Je suis sur que cette option t'étais passé à travers la tête
2014-08-31T12:41:39 <Letarumavza> Bon, j'irai voir le cordonier cours de la somme, je lui demanderai où il se fournit.
2014-08-31T12:41:58 <Yvan33> Euh bah franchement je sais pas, je vais voir si mon père sait
2014-08-31T12:42:41 <Letarumavza> Parce qu'avant y'avait une boutique sympa vers bacalan avec du cuir d'import, c'était un petit truc minable, mais on y trouvait des merveilles.
2014-08-31T12:42:45 <Letarumavza> sauf qu'elle est fermée.
2014-08-31T12:43:29 <Yvan33> Et importer du cuir d'aileur c'est trop cher?
2014-08-31T12:43:42 <Letarumavza> Il me faut de petites quantités.
2014-08-31T12:44:02 <Letarumavza> Trop peu pour faire une commande fournisseur.
2014-08-31T12:44:07 <Yvan33> Et ça vaut pas le coup de commander
2014-08-31T12:45:14 <Yvan33> Je demande a mon père quand il revient, il est dans une entreprise de textile et il travail le cuir donc PEUT ÊTRE il sait quelque chose
2014-08-31T12:47:20 <Letarumavza> ah intéréssant.
2014-08-31T12:49:48 <Yvan33> Nan il sait pas
2014-08-31T12:49:50 <Yvan33> Désolé
2014-08-31T12:50:07 <Yvan33> Mais eux
2014-08-31T12:50:47 <Yvan33> https://www.google.com/search?q=taneur+bordeaux&ie=utf-8&oe=utf-8&aq=t&rls=org.mozilla:fr:official&client=firefox-a&channel=nts#channel=nts&q=tanneur+bordeaux&rls=org.mozilla:fr:official&spell=1
2014-08-31T12:51:03 <Yvan33> La carte indique 3 place, c'est pas ce que tu veux?
2014-08-31T13:02:36 <Letarumavza> Hum, ils vendent du produit fini (sauf erreur de ma part)
2014-08-31T13:02:43 <Letarumavza> Je cherche du produit brut ^^
2014-08-31T13:03:10 <Letarumavza> (étrange à quel point les 'taneurs' ne sont souvent que vendeurs en maroquinerie...)
2014-08-31T13:03:35 <Letarumavza> Mais laisses, je vais bouger mon cul et aller voir un cordonier, tout bêtement.
2014-08-31T13:09:19 *** heuzef est parti
2014-08-31T13:14:14 *** Yvan33 est parti
2014-08-31T13:36:06 *** Yvan33 s'est connecté
2014-08-31T13:36:14 <Yvan33> Re
2014-08-31T13:36:29 <Yvan33> Oh Leta? Tu es là?
2014-08-31T13:37:23 <Letarumavza> https://i.chzbgr.com/maxW500/5228775680/h68A3947D/
2014-08-31T13:37:25 <Letarumavza> Oui ?
2014-08-31T13:38:48 <Yvan33> J'aimerai bien que tu me passe l'adresse du site hentai dont tu es admin
2014-08-31T13:39:03 <Yvan33> Je te ferai gagne de l'argent comme ça
2014-08-31T13:39:43 <Letarumavza> mouais c'est ça ^^
2014-08-31T13:40:01 <Letarumavza> T'as sorti l'excuse la plus pourrie que j'ai entendue ^^
2014-08-31T13:40:07 <Yvan33> Oui je sais
2014-08-31T13:40:21 <Yvan33> Au moins j'ai battu un record
2014-08-31T13:40:49 <Letarumavza> http://g.e-hentai.org/?f_doujinshi=1&f_manga=1&f_artistcg=1&f_gamecg=1&f_western=1&f_non-h=1&f_imageset=1&f_cosplay=1&f_asianporn=1&f_misc=1&f_search=Search+Keywords&f_apply=Apply+Filter&advsearch=1&f_sname=on&f_stags=on&f_sr=on&f_srdd=5
2014-08-31T13:40:58 <Letarumavza> Page de recherche de la base de données
2014-08-31T13:41:08 <Letarumavza> (t'as que les qualités max affichées là.
2014-08-31T13:41:35 <Yvan33> Merci je vais... inspecter tout ça plus en détail
2014-08-31T13:41:41 <Yvan33> *ziiiiiip*
2014-08-31T13:41:46 <Letarumavza> 20760 galleries de qualité max approx
2014-08-31T13:41:56 <Bybeez> Ahhhh t'es admin de CE site !!!
2014-08-31T13:42:02 <Bybeez> Mec, je te félicite
2014-08-31T13:42:14 <Yvan33> Je go checher la section Trollestia
2014-08-31T13:42:19 <Bybeez> J'avais pas compriq que c'était lui
2014-08-31T13:42:25 <Letarumavza> sur les 186100 ref du catalogue
2014-08-31T13:42:30 <Letarumavza> Je suis un des admins
2014-08-31T13:42:36 <Letarumavza> on est en multigestion.
2014-08-31T13:42:45 <Yvan33> Oui vous êtes +ieurs
2014-08-31T13:42:49 <Bybeez> Ouais, bah c'est un site vraiment bien fait
2014-08-31T13:43:00 <Letarumavza> Merci, j'ai pondu le système de tri
2014-08-31T13:43:06 <Bybeez> Cool
2014-08-31T13:43:11 <Bybeez> Moin
2014-08-31T13:43:23 <Bybeez> moi*, je vais y aller pour des... recherche
2014-08-31T13:43:28 <Letarumavza> En revanche je ne suis admin que de la partie galleries, pas des autres parts du site.
2014-08-31T13:43:29 <Bybeez> scientifiques
2014-08-31T13:43:35 <Letarumavza> (enfin j'ai les droits, mais je m'en occupe pas)
2014-08-31T13:43:53 <Bybeez> Je... fais mes recherche que sur cette partie ^^
2014-08-31T13:44:15 <Yvan33> Oui tu peux coder que sur une partie, le reste c'est le role des admins des autres sections
2014-08-31T13:44:46 <Letarumavza> Si vous voulez vous marrer regarder le html+javascript.
2014-08-31T13:44:52 <Letarumavza> C'est une de mes plus belles optis.
2014-08-31T13:45:52 <Letarumavza> Mon seul regret et de n'avoir pas pu signer le code à mon nom => règles de co gestion, tout travail produit est propriété du site.
2014-08-31T13:47:19 <Letarumavza> Ah et je ne m'occupe pas non plus du client H@H
2014-08-31T13:47:43 <Yvan33> Et niveau rémunération c'est tout le monde pareil ou en fonction de l'investissement
2014-08-31T13:48:31 <Letarumavza> Partagé à part égales entre les admins. Avec une petite astuce pour éviter les taxes.
2014-08-31T13:49:28 <Yvan33> Evidemment que tu as trouvé en jouant avec les lois française
2014-08-31T13:57:44 <Yvan33> Et une question Leta
2014-08-31T13:58:17 <Letarumavza> ?
2014-08-31T13:58:24 <Letarumavza> us les lois, us
2014-08-31T13:59:03 <Yvan33> Tu as dis quoi dans ta lettre de motivation pour postuler au poste?
2014-08-31T13:59:30 <Letarumavza> D'admin ?
2014-08-31T13:59:40 <Yvan33> Eyup
2014-08-31T14:00:09 <Letarumavza> J'ai pas postulé, ils avaient besoin de quelqu'un, l'un d'eux me connaissait, il m'en a parlé, j'ai dit oui.
2014-08-31T14:00:17 <Yvan33> Je vois
2014-08-31T14:00:37 <Yvan33> J'imaginais "Mon rêve est d'être admin sur un site hentai!"
2014-08-31T14:01:15 <Yvan33> Sinon je devrais aller voir ton site sur portable, le site est bloqué par Open DNS
2014-08-31T14:02:00 <Yvan33> Que mon père a installé comme controle parentale pour ma soeur et mon frère
2014-08-31T14:02:01 <Letarumavza> C'est pas "mon site" c'est un site communautaire, c'est pas plus mon site que ce n'est celui de chacun des autres admins
2014-08-31T14:02:12 <Yvan33> Oui je sais mais tu as compris
2014-08-31T14:02:21 <Letarumavza> Au pire tu peux te connecter en ip directe.
2014-08-31T14:02:36 <Letarumavza> On est en cloud, je doute que tous les points d'entrées soit bannis.
2014-08-31T14:02:54 <Yvan33> Hum, mes connaissances en informatique sont insuffisantes pour comprendre de quoi tu parle.
2014-08-31T14:03:13 <Yvan33> Mais si tu veux bien m'expliquer je suis tout ouïe
2014-08-31T14:04:51 <Letarumavza> adrien, tu lui fais le topo, je look pour bouger les points d'acces pendant ce temps.
2014-08-31T14:05:02 <Letarumavza> (il bloque l'url ou l'ip ?)
2014-08-31T14:06:31 <Yvan33> Hum, je ne sais pas, mais c'est depuis n'importe quel appareil donc ça doit être l'url
2014-08-31T14:06:55 <Yvan33> Si tu te co sur notre wifi tu as automatiquement le blocage
2014-08-31T14:09:57 <Letarumavza> http://176.31.185.240:61000/h/4e0a50a0fc9f347e55b73466e4c77423051fd5cc-373458-1000-3519-jpg/keystamp=1409487300-7d92afb88f/004.jpg
2014-08-31T14:10:02 <Letarumavza> T'arrives à voir ça ?
2014-08-31T14:10:31 <Yvan33> oui
2014-08-31T14:20:33 <Letarumavza> héhé, controle de merde^^
2014-08-31T14:20:42 <Letarumavza> Il bloque la page d'acces, mais pas les serveurs de stockage
2014-08-31T14:21:04 <Letarumavza> Fais moi penser à créer une redirection par ip directe dynamique via token.
2014-08-31T14:21:26 <Letarumavza> ça permettra aux mecs dans ton cas d'accéder au site.
2014-08-31T14:21:35 <Yvan33> Alors je copie ce que ttu viens de dire quelque part car je m'en rappellerai jamias ^^
2014-08-31T14:21:54 <Bybeez> XD
2014-08-31T14:22:09 <Yvan33> Bah je peux y accéder via la 4G mais c'est moins...
2014-08-31T14:22:38 <Letarumavza> Non mais l'idée c'est d'avoir un acces vpn avec un point de sortie.
2014-08-31T14:22:49 <Letarumavza> Dès que j'apprend qu'il est banni, je le change.
2014-08-31T14:23:34 <Yvan33> Je comprend pas trop, mais en gros tu vas juste créer une passerelle pour éviter le blocage
2014-08-31T14:31:03 *** Silou s'est connecté
2014-08-31T14:46:16 *** Yvan33 est parti
2014-08-31T14:54:38 <Bybeez> http://leomedias.com/visionner-le-film-le-hobbit-les-origines-du-cantal/
2014-08-31T16:37:16 <Letarumavza> Quelqu'un frappe ce type ?
2014-08-31T16:37:24 <Letarumavza> Oh wait..  1h30 sans rien dire
2014-08-31T16:37:31 <Letarumavza> adriens33, t'as une petite bite
2014-08-31T16:38:02 <Letarumavza> 0o aucune réaction, mais vous êtes tous morts ?
2014-08-31T16:38:18 <Silou> Ouai
2014-08-31T16:38:22 <Silou> Lasse nous reposer en paix
2014-08-31T16:38:25 <Silou> Sale profanateur
2014-08-31T16:38:56 * Letarumavza prépare son gel lubrifiant spécial nécrophilie et son pied de biche spécial cerceuils.
2014-08-31T16:42:06 <Silou> :(
2014-08-31T16:42:18 <Silou> http://www.breizhy-ponies.fr.nf/wp-content/uploads/2014/08/qrcode.png
2014-08-31T16:42:25 <Silou> Je suis trop fier de mon QRCode :D
2014-08-31T16:45:10 * Bybeez se reveille avec des vetement de cuir rouge et se met a dancer sur une musique de M.Jackson
2014-08-31T16:55:43 *** Yvan33 s'est connecté
2014-08-31T16:57:41 <Yvan33> Que ce passe-t-il entre vous deux, Leta et Bybeez?
2014-08-31T16:58:15 <Bybeez> rien, moi je dance comme le roi de la pop pour aviter de me faire violer
2014-08-31T16:58:22 <Bybeez> eviter*
2014-08-31T16:58:37 <Yvan33> Ah oui, la routine quoi
2014-08-31T16:58:47 <Bybeez> bah oui
2014-08-31T16:59:15 <Yvan33> Alors ça s'écrit comment, Ruby? Rubis? Rhubue?
2014-08-31T16:59:26 <Bybeez> RWBY
2014-08-31T17:00:24 <Bybeez> Et commence bien par regarder les trailers
2014-08-31T17:00:32 <Bybeez> il y en a 4
2014-08-31T17:01:12 <MaCharon> red - white - black - yellow ^^
2014-08-31T17:03:50 <Yvan33> Ouais je vies de regarder red
2014-08-31T17:04:01 <Yvan33> C'est génial les combats
2014-08-31T17:19:22 <Yvan33> Ok, et après c'est quoi ce qu'il faut voir? Je peux commencer la saison?
2014-08-31T17:19:49 <Yvan33> MaCharon => J'ai pas vu ton commentaire et je les ais vu dans le même ordre
2014-08-31T17:25:30 <Bybeez> Oui, tu peux commencer la saison 1 ^^
2014-08-31T18:10:19 <Letarumavza> Meuh
2014-08-31T18:15:10 <Yvan33> Hum?
2014-08-31T18:33:47 *** Yvan33 est parti
2014-08-31T19:35:05 *** Yvan33 s'est connecté
2014-08-31T19:35:18 <Yvan33> Bybeez?
2014-08-31T19:37:31 *** Yvan33 est parti
2014-08-31T20:14:01 *** heuzef s'est connecté
2014-08-31T20:14:25 <heuzef> Plouf
2014-08-31T20:18:47 <heuzef> Putain j'été pas au courrant que ça existais ça canternet.org
2014-08-31T20:19:28 <heuzef> à mediter, ça peut être sympa de migrer le tchat la ba plutot que d'utiliser freenode
2014-08-31T20:20:34 <adriens33> heum… quel serait l'avantage ?
2014-08-31T20:21:04 <heuzef> Encourager le projet et surtout c'est vraiment dans la thématique
2014-08-31T20:21:14 <heuzef> Et puis transparent pour l'utilisateur la migration
2014-08-31T20:21:15 <adriens33> cad ?
2014-08-31T20:22:15 <heuzef> C'est forcément l'IRC qui s'adaptera au mieux au Brony, sans compter que tous les salons americain sont sans doute déjà dessus
2014-08-31T20:22:22 <heuzef> Donc très facile de mettre tous le monde d'accord
2014-08-31T20:22:39 <adriens33> sur quoi tu te bases pour dire ça ? irc reste irc…
2014-08-31T20:22:46 <adriens33> est freenode est pas mal peuplé dans son genre…
2014-08-31T20:22:48 <adriens33> *et
2014-08-31T20:23:24 <heuzef> Tu trouve pas ça cool comme initiative ?
2014-08-31T20:23:52 <adriens33> moi je vois pas l'intérêt de se  faire chier à recréer un canal & tout ce qui va avec pour l'admin etc juste pour le bénéfice de changer de réseau…
2014-08-31T20:24:23 <heuzef> Ba l'interet de rejoindre des salons rapido c'est cool je trouve
2014-08-31T20:24:30 <adriens33> ?
2014-08-31T20:24:47 <adriens33> /join est trop compliqué à utiliser ?
2014-08-31T20:24:54 <heuzef> Après je sais pas si c'est compliquer de faire migrer nos 2 bots
2014-08-31T20:25:39 <adriens33> perso ça fonctionne très bien sur freenode et je vois pas vraiment le bénéfice à passer sur canternet.org.
2014-08-31T20:25:50 <adriens33> mais bon c'est mon avis donc tout le monde  s'en branle…
2014-08-31T20:26:06 <Bybeez> Bah, non
2014-08-31T20:26:18 <heuzef> Oula, t'es de nouveau dans ta période chonchon
2014-08-31T20:26:42 <Bybeez> Le principe est bien, et a conseiller pour les autres collectifs en formations
2014-08-31T20:26:50 <Bybeez> mais si pour nous c'est galère
2014-08-31T20:27:09 <adriens33> heuzef: jsuis souvent comme ça, donc bon…
2014-08-31T20:27:17 <heuzef> Ba apparement c'est galère
2014-08-31T20:27:35 <heuzef> Si c'été si simple adriens33 aurait fait la migration rapido presto
2014-08-31T20:27:53 <Bybeez> Donc, Patate
2014-08-31T20:27:58 <heuzef> Pas grave
2014-08-31T20:28:10 <Bybeez> c'est ce que j'ai dit
2014-08-31T20:29:28 <heuzef> Bybeez j'ai eu la chance de papoter avec un ecrivain aujourd'hui concernant EM
2014-08-31T20:29:37 <Bybeez> ah ?
2014-08-31T20:29:47 <heuzef> Il m'à bien fait comprendre que mon texte d'accueil sur le site actuellement est franchement pas suffisant
2014-08-31T20:30:03 <heuzef> Encore trop de question dans la tête de celui qui découvre le jeu
2014-08-31T20:30:15 <Bybeez> Oui, je suis plutôt d'accord
2014-08-31T20:30:39 <heuzef> C'est super chaud de resumer tous le bordel, le fonctionnement du jeux etc
2014-08-31T20:30:57 <Bybeez> Bah ouais mais sinon c'est pas clair
2014-08-31T20:30:59 <heuzef> Je vais tenter de convaincre le mr de rédiger et de narrer un truc cool
2014-08-31T20:31:23 <Bybeez> ^^
2014-08-31T21:01:22 *** Ikledoreboline s'est connecté
2014-08-31T21:01:31 <Ikledoreboline> Ohayô !
2014-08-31T21:02:32 <Bybeez> yo
2014-08-31T21:05:28 *** ValCab33 est parti
2014-08-31T21:32:45 <adriens33> hello Ikledoreboline
2014-08-31T21:34:50 <Ikledoreboline> pliup ;)
2014-08-31T21:36:11 <Bybeez> un mec m'a téléphoné pour me demandé une blague
2014-08-31T21:36:15 <Bybeez> en inconnu
2014-08-31T21:36:21 *** Yvan33 s'est connecté
2014-08-31T21:36:35 <Yvan33> Bonsoir les gens
2014-08-31T21:36:40 <Bybeez> yo
2014-08-31T21:36:48 <Yvan33> heuzef, j'ai fait ton artefact de glace
2014-08-31T21:36:53 <adriens33> bonchoire Yvan33
2014-08-31T21:37:00 <Yvan33> Salut adriens
2014-08-31T21:37:17 <Yvan33> Ey bybeez, je suis à la saison de de RWBY
2014-08-31T21:37:24 <Yvan33> saison 2*
2014-08-31T21:37:38 <Bybeez> XD, L'ep 1 est juste génial
2014-08-31T21:37:53 <Yvan33> Oui la cafet
2014-08-31T21:38:18 <Yvan33> Mais ya eus tricherie, elle a prit une barre de métal
2014-08-31T21:38:36 <Bybeez> Euh, les canettes c'est pas de la tricheries aussi ?
2014-08-31T21:39:23 <Yvan33> Hum pas trop, ya de la boisson. Et les 2 camps les ont utilisés
2014-08-31T21:39:53 <Yvan33> Au fait j'ai fait un Boss et un artefact sur le wiki, si tu veux pas les connaitre vas pas les voir ;)
2014-08-31T21:40:06 <Bybeez> Ouais, je jetterai un coup d'oeil
2014-08-31T21:40:42 <Yvan33> Mais après tu vas le connaitre donc tu devrais pas t'as dis
2014-08-31T21:41:05 <Bybeez> Oui, mais je suis curieux ^^
2014-08-31T21:41:14 <Yvan33> Tant pis pour toi
2014-08-31T21:48:24 <heuzef> Yep
2014-08-31T21:48:27 <heuzef> J'ai vu ça Yvan33
2014-08-31T21:48:29 <heuzef> Super ^^
2014-08-31T21:49:56 <Yvan33> Euh vas voir la secion niveau, tu vas avoir du boulot pour l'xp ^^
2014-08-31T21:50:05 <heuzef> Hé bien
2014-08-31T21:50:22 <Yvan33> Je poste mon calcul
2014-08-31T21:50:22 <heuzef> Yukifaller et en rude competition avec Death-Bringer pour mon artefact favoris
2014-08-31T21:50:34 <heuzef> Ils sont super cool les 2
2014-08-31T21:51:16 <Yvan33> L'idée vient d'un jeu
2014-08-31T21:51:25 <Yvan33> Mais je l'ai adaptée
2014-08-31T21:51:35 <heuzef> Yvan33 ne propose du nouveau contenue quand dans la section contribution par contre
2014-08-31T21:51:48 <heuzef> N'hésite pas à créer des pages pour tous et n'importe quoi
2014-08-31T21:51:49 <Yvan33> Ahhhhhhhhhh c'est pour ça
2014-08-31T21:51:50 <heuzef> c'est fait pour
2014-08-31T21:51:56 <heuzef> ;)
2014-08-31T21:52:06 <Yvan33> Je pensais que tu avais oublié de supp l'autre section
2014-08-31T21:52:14 <Yvan33> Merde je suis un peu c** ^^"
2014-08-31T22:09:39 <Ikledoreboline> Bonsoir Yvan, lol Bybeez c'était quoi la blague ? x)
2014-08-31T22:10:01 <Bybeez> C'est moi qui est du lui dire une blague
2014-08-31T22:10:17 <Bybeez> Qu'est ce qu'une tache rouge contre un mur
2014-08-31T22:10:19 <Bybeez> ?
2014-08-31T22:10:19 <Ikledoreboline> Oh. ça devait être fameux non ? x)
2014-08-31T22:10:29 <Ikledoreboline> Les règles d'une femme énervé ? x)
2014-08-31T22:10:39 <Bybeez> C'est une tomate qui c'est prise pour la banane passe muraille
2014-08-31T22:10:54 <Ikledoreboline> C'est nul j'ai rien compris x'D
2014-08-31T22:12:43 *** heuzef est parti
2014-08-31T22:12:44 <Bybeez> c'est ce qu'il a dit aussi
2014-08-31T22:24:02 <Yvan33> Nan moi j'aime bien
2014-08-31T22:25:06 <Yvan33> Euh bybeez ça s'arrète à l'ep4 de la saison 2?
2014-08-31T22:25:30 <Bybeez> le 5 est sortis il y a pas longtemps, donc je sais pas si il est trouvable en vostfr
2014-08-31T22:25:56 <Yvan33> Oh, ill y avait une version vostfr?
2014-08-31T22:28:49 <Bybeez> Oui, je l'ai téléchargé en vostfr
2014-08-31T22:28:56 <Bybeez> la saison 1 en tout cas
2014-08-31T22:29:06 <Yvan33> Bah moi je l'ai prise en VO
2014-08-31T22:29:09 <Bybeez> et les sous-titres sont pas merveilleux
2014-08-31T22:29:14 <Bybeez> oui a la base moi aussi
2014-08-31T22:29:24 <Yvan33> A part quelques passages j'ai tout compris
2014-08-31T22:32:04 <Bybeez> oui, c'est plutôt simple (et bien articulé surtout ^^)
2014-08-31T22:34:07 <Yvan33> D'ailleurs les sous titres auto arrivent parfois a suivre
2014-08-31T22:34:12 <Yvan33> Genre une fois sur 2
2014-08-31T22:34:21 <Bybeez> serieux ?
2014-08-31T22:34:55 <Yvan33> Ouais, moi aussi j'étais pas sur
2014-08-31T22:35:05 <Yvan33> Mais ça collait à ce que j'entendais
2014-08-31T22:35:56 <Bybeez> ah
2014-08-31T22:36:06 <Yvan33> Et mon perso préféré c'est le prof hyper actif au café
2014-08-31T22:36:18 <Bybeez> C'est clair, il est juste épic
2014-08-31T22:36:52 <Yvan33> Bon, sur ce je vais dodo, bonne nuit à tous
2014-08-31T22:36:56 *** Yvan33 est parti
2014-08-31T22:45:03 <Ikledoreboline> Bone nuit ;)
2014-08-31T22:49:14 *** Silou est parti
2014-08-31T22:51:12 <Ikledoreboline> bonne* ._. omg j'ai pas les yeux en face des trous.
2014-08-31T23:20:10 <Bybeez> Nenuit
2014-08-31T23:20:23 *** Bybeez est parti
