2014-11-04T00:00:56 *** MaCharon est parti
2014-11-04T00:12:47 *** Lenile s'est connecté
2014-11-04T00:14:36 <Tsumenokage> Bon je vais dormir moi @+ tout le monde
2014-11-04T00:14:54 *** Tsumenokage est parti
2014-11-04T00:20:20 *** Lenile est parti
2014-11-04T00:50:41 *** TrappyTickles est parti
2014-11-04T01:33:31 *** Jinxypie est parti
2014-11-04T08:04:15 *** PONYFOX est parti
2014-11-04T08:44:49 *** adriens33 s'est connecté
2014-11-04T08:50:31 *** Gordfang s'est connecté
2014-11-04T08:53:51 <Gordfang> yo
2014-11-04T08:53:59 <adriens33> hello
2014-11-04T10:02:14 *** TrappyTickles s'est connecté
2014-11-04T10:36:27 *** Gordfang est parti
2014-11-04T10:36:27 *** Gordfang s'est connecté
2014-11-04T11:45:22 *** Gordfang est parti
2014-11-04T12:10:16 *** Gordfang s'est connecté
2014-11-04T12:19:44 *** Gordfang est parti
2014-11-04T12:44:06 *** Gordfang s'est connecté
2014-11-04T15:21:55 *** MaCharon s'est connecté
2014-11-04T15:22:00 <MaCharon> salut
2014-11-04T15:24:28 <adriens33> hello
2014-11-04T15:24:50 <MaCharon> tain quel temps de merde >.<
2014-11-04T15:26:04 <adriens33> ouep
2014-11-04T15:26:32 <adriens33> mais bon ça risque d'être comme ça lusqu'au printemps
2014-11-04T15:26:41 <MaCharon> T_T
2014-11-04T15:27:47 <adriens33> sauf s'il fait suffisamment froid cet hiver auquel cas ça se transformera en neige. mais bon on peut toujours rêver… XD
2014-11-04T15:28:07 <MaCharon> :/
2014-11-04T15:32:40 <MaCharon> tu m'etonne
2014-11-04T15:36:37 <adriens33> bah au moins toi tu sera à l'abri ;)
2014-11-04T15:38:04 <adriens33> et tu pourra rouler sur les flaques d'eau et mouiller les pauvres piétons qui n'ont pas la chance d'être en voiture. >:)
2014-11-04T15:38:23 <TrappyTickles> lol
2014-11-04T15:41:09 *** Ikledoreboline s'est connecté
2014-11-04T15:41:21 <adriens33> hello Ikledoreboline
2014-11-04T15:41:29 <Ikledoreboline> Ohayo ^^
2014-11-04T15:43:39 <MaCharon> slt
2014-11-04T15:45:04 <TrappyTickles> oi
2014-11-04T16:10:05 *** Euh s'est connecté
2014-11-04T16:10:38 *** Euh est parti
2014-11-04T16:23:32 <Ikledoreboline> M'ok, chacun son délire. x)
2014-11-04T16:25:51 *** adriens33 est parti
2014-11-04T17:40:08 *** Ambrocidus s'est connecté
2014-11-04T17:50:53 *** Ambrocidus est parti
2014-11-04T19:00:54 *** Gordfang est parti
2014-11-04T19:31:13 *** Makhai s'est connecté
2014-11-04T19:31:28 <Ikledoreboline> Yop
2014-11-04T19:31:51 <Makhai> Yop
2014-11-04T19:32:05 <Makhai> Eh c'est ma réplique ça D:
2014-11-04T19:34:33 <Ikledoreboline> Désolé :x
2014-11-04T19:35:23 <Makhai> talk & share, x)
2014-11-04T19:37:52 *** adriens33 s'est connecté
2014-11-04T19:41:41 <Makhai> Yop ^^
2014-11-04T19:41:45 <adriens33> hello
2014-11-04T19:46:53 <Ikledoreboline> plop
2014-11-04T19:55:38 <Makhai> N'app
2014-11-04T20:06:18 *** Makhai est parti
2014-11-04T20:28:19 *** tenoricat s'est connecté
2014-11-04T20:34:24 <Ikledorelimiam> Merci Makhai ^^
2014-11-04T20:39:35 *** tenoricat est parti
2014-11-04T20:41:08 <Ikledorelimiam> Sur ceux, j'ai beaucoup de travail qui m'attend, donc excusez-moi mais bonne soirée ;)
2014-11-04T20:41:12 *** Ikledorelimiam est parti
2014-11-04T21:10:42 *** Ambrocidus s'est connecté
2014-11-04T21:13:33 <MaCharon> +1
2014-11-04T21:13:41 <adriens33> pourquoi ça t'énerve d'avoir une fenêtre ouverte ?
2014-11-04T21:14:26 <adriens33> ah bah l'ui ça…
2014-11-04T21:14:45 <adriens33> c'est immonde on est d'accord. ^^
2014-11-04T21:15:20 <TrappyTickles> faudrait un truc qui fasse comme rocketdock
2014-11-04T21:15:29 <adriens33> moi j'ai un trick pour ça
2014-11-04T21:15:39 <adriens33> prendre un client irc en console
2014-11-04T21:15:47 <adriens33> mon term est translucide ^^
2014-11-04T21:16:05 <adriens33> du coup tu vois et le texte et le fond d'écarn au travers. ^^
2014-11-04T21:16:10 <adriens33> *écran
2014-11-04T21:16:17 <TrappyTickles> y en a deux sur win8 et ils sont pas personnalisables :p
2014-11-04T21:16:47 <adriens33> [troll]bah t'as qu'à pas utiliser windows xD[/troll]
2014-11-04T21:16:48 <TrappyTickles> omg
2014-11-04T21:17:09 <TrappyTickles> on dirait que xchat se fout de ma gueule en fait
2014-11-04T21:17:24 <adriens33> (comme quoi je dis pas que des conneries… ^w^)
2014-11-04T21:17:43 <adriens33> bah screene, screene :p
2014-11-04T21:18:38 <TrappyTickles> http://imgur.com/3uQ6uSe
2014-11-04T21:19:46 <adriens33> ah, bah ça… XD
2014-11-04T21:19:59 <adriens33> chage ton thème de couleurs ^^
2014-11-04T21:20:02 <adriens33> *change
2014-11-04T21:20:21 <adriens33> cool
2014-11-04T21:27:51 *** Ambrocidus est parti
2014-11-04T21:28:44 *** Ambrocidus s'est connecté
2014-11-04T21:31:29 *** Ambrocidus est parti
2014-11-04T21:31:53 *** Ambrocidus s'est connecté
2014-11-04T23:06:10 *** Ambrocidus est parti
