2014-10-16T00:02:21 *** MaCharon est parti
2014-10-16T00:22:12 <Berry-Punch> Voilà ce qu'il s'est passé ces 10 *hic* dernières lignes, adriens33
2014-10-16T00:22:15 *** adriens33 s'est connecté
2014-10-16T00:35:12 *** adriens33 est parti
2014-10-16T01:28:47 *** Silou est parti
2014-10-16T05:34:51 *** Jinxypie est parti
2014-10-16T07:41:20 <Berry-Punch> Voilà ce *hic* qu'il s'est passé ces 10 dernières lignes, adriens33
2014-10-16T07:41:21 *** adriens33 s'est connecté
2014-10-16T07:56:16 *** Reblochon s'est connecté
2014-10-16T08:27:23 *** Reblochon est parti
2014-10-16T09:45:19 *** Silou s'est connecté
2014-10-16T09:54:12 *** adriens33 est parti
2014-10-16T09:59:26 <Berry-Punch> Voilà ce qu'il s'est *hic* passé ces 10 dernières lignes, adriens33
2014-10-16T09:59:27 *** adriens33 s'est connecté
2014-10-16T09:59:51 <Berry-Punch> Commandes disponibles *hic* :
2014-10-16T09:59:51 <Berry-Punch> say do flag reload stop op niorphlo list kick welcome voice help *hic* devoice niorph history muffin deop
2014-10-16T10:26:42 *** adriens33 est parti
2014-10-16T11:35:30 *** Jinxypie s'est connecté
2014-10-16T12:19:49 *** Reblochon s'est connecté
2014-10-16T13:31:48 *** Reblochon est parti
2014-10-16T14:01:06 <Berry-Punch> Voilà ce qu'il s'est passé *hic* ces 10 dernières lignes, adriens33
2014-10-16T14:01:07 *** adriens33 s'est connecté
2014-10-16T14:02:34 <adriens33> hello les gens
2014-10-16T14:43:14 <Jinxypie> salut
2014-10-16T14:46:45 <adriens33> tain, j'avais la pêche ce matin, là tout à l'heure je sors manger avec quelqu'un, je rentre, il pleut comme je sais pas quoi, je suis rentré les pieds mouillés je râlais tellement fort que je suis sur que les voisins ont du croire que y'avait un camion qui passait… XD
2014-10-16T14:46:47 *** MaCharon s'est connecté
2014-10-16T14:46:50 <MaCharon> salut
2014-10-16T14:46:59 <adriens33> hello MaCharon
2014-10-16T14:48:44 <MaCharon> ^^
2014-10-16T17:28:50 *** Reblochon s'est connecté
2014-10-16T17:31:06 <Reblochon> bite
2014-10-16T17:34:56 *** TrappyTickles s'est connecté
2014-10-16T17:39:39 <adriens33> salut Reblochon
2014-10-16T17:39:43 <adriens33> & TrappyTickles
2014-10-16T17:39:52 <Jinxypie> TrappyTickles !
2014-10-16T17:40:02 <TrappyTickles> oyo ^^
2014-10-16T17:53:59 <Jinxypie> Tain mais flo n'est jamais là, wild non plus...
2014-10-16T17:56:17 <MaCharon> ah faudra que j'aille voir
2014-10-16T17:57:27 <TrappyTickles> il en reste que deux de chaque, par contre
2014-10-16T17:58:07 <MaCharon> en esperant qu'elles y soit encore demain
2014-10-16T18:14:11 *** Gordfang s'est connecté
2014-10-16T18:14:19 <Gordfang> salut!
2014-10-16T18:14:24 <Gordfang> y a du monde aujourd'hui tiens
2014-10-16T18:14:24 <adriens33> hellow
2014-10-16T18:14:27 <adriens33> ouai
2014-10-16T18:14:42 <adriens33> Jinxypie: wildfier vient rarement sur irc parce qu'il est en cours.
2014-10-16T18:14:56 <adriens33> et le soir il joue xD
2014-10-16T18:15:02 <MaCharon> slt
2014-10-16T18:15:28 <adriens33> flo… tu crois que sa cop le laisse trainer sur irc apres 19h ? y'a des gens qu'elle connait pas, ça peut être dangereux. XD
2014-10-16T18:15:39 <adriens33> (bon… ok… faut que j'arrête de troller. XD)
2014-10-16T18:16:39 <Jinxypie> Certes, mais dis moi, ça avance leurs histoires de paperasses ?
2014-10-16T18:17:05 <adriens33> je sais pas
2014-10-16T18:17:10 <adriens33> on discute jamais par sms
2014-10-16T18:17:13 <adriens33> (il aime pas ça… XD°
2014-10-16T18:17:18 <adriens33> et il vient rarement sur irc
2014-10-16T18:17:26 <adriens33> donc j'ai pas trop moyen de discuter souvent en fait.
2014-10-16T18:17:36 <adriens33> (et je touche pas à google+)
2014-10-16T18:17:39 <adriens33> (beuarl)
2014-10-16T18:22:21 <Gordfang> wildfier a pas cours le lundi et mardi
2014-10-16T18:22:40 <adriens33> boa il doit dormir alors XD
2014-10-16T18:22:48 <Jinxypie> J'adore qu'un mec qui me bassine pour de l'user friendliness soit aussi le mec qui utilise les protocoles les plus difficiles d'accès et les moins optimisés...
2014-10-16T18:22:50 <adriens33> (ou jouer à dark souls 2 xD)
2014-10-16T18:23:04 <adriens33> Jinxypie: beh
2014-10-16T18:23:11 <Jinxypie> beh toi même
2014-10-16T18:23:13 <adriens33> ça serait pas drôle sinon
2014-10-16T18:23:14 <adriens33> hey
2014-10-16T18:23:17 <adriens33> c'toi le beh
2014-10-16T18:26:23 <Jinxypie> Putain, vivement que mon plombier revienne des USA
2014-10-16T18:26:36 <Jinxypie> La douche à l'eau froide...
2014-10-16T18:27:02 <MaCharon> sa révelle
2014-10-16T18:27:04 <Reblochon> essaie de trouver un plombier américain en vacances en france
2014-10-16T18:27:25 <adriens33> c'est pas un plombier qu'il te faut Jinxypie c'est changer les câbles du chauffe eau non ?
2014-10-16T18:28:07 <Jinxypie> Nop, c'est le resistor qui déconne...
2014-10-16T18:28:14 <adriens33> oh.
2014-10-16T18:28:21 <adriens33> beh faut le changer alors :)
2014-10-16T18:45:04 <Gordfang> au fait c'est quoi cette histoire de Applejack days?$
2014-10-16T18:51:08 *** Reblochon est parti
2014-10-16T19:20:59 *** ludvann s'est connecté
2014-10-16T19:21:09 <ludvann> yop les ponies :D
2014-10-16T19:21:21 <Gordfang> yo
2014-10-16T19:21:24 <MaCharon> yop
2014-10-16T19:21:32 <ludvann> i'm famous :D
2014-10-16T19:21:48 <Gordfang> pk?
2014-10-16T19:22:16 <ludvann> on me dit bonjour :D
2014-10-16T19:22:17 <ludvann> ça vous est déjà arrivé qu'un jeu ou prog vous troll à un bon niveau ?
2014-10-16T19:22:40 <Jinxypie> Yep
2014-10-16T19:22:44 <Jinxypie> Mais tu joues à ksp
2014-10-16T19:22:46 <Jinxypie> ça compte pas
2014-10-16T19:22:53 <ludvann> :'(
2014-10-16T19:22:59 <ludvann> mais euh...
2014-10-16T19:23:18 <ludvann> (il sort d'où lui ? il veut goûter mon saxophone ? xD)
2014-10-16T19:25:54 <adriens33> bonsoir ludvann
2014-10-16T19:26:04 <ludvann> hell low adri :D
2014-10-16T19:26:05 <adriens33> ludvann,
2014-10-16T19:26:09 <ludvann> oui µ?
2014-10-16T19:26:11 <ludvann> ?*
2014-10-16T19:26:13 <adriens33> commence pas à fiche le bazar :p
2014-10-16T19:26:19 <ludvann> ficher*
2014-10-16T19:26:20 <adriens33> sinon tu vas gouter de mon kick; XD
2014-10-16T19:26:21 <ludvann> x)
2014-10-16T19:26:27 <ludvann> xD
2014-10-16T19:26:36 <adriens33> !kick ludvann rôgntudjûû !
2014-10-16T19:26:39 <adriens33> >:)
2014-10-16T19:26:45 <adriens33> j'aime pas qu'on me reprenne.
2014-10-16T19:27:07 *** ludvann s'est connecté
2014-10-16T19:27:19 <adriens33> oh, un revenant !
2014-10-16T19:27:25 <ludvann> tu imites mal Prunelle x)
2014-10-16T19:27:29 <adriens33> je
2014-10-16T19:27:30 <adriens33> t'emmerde.
2014-10-16T19:27:36 <ludvann> (si ça s'écrit de la sorte)
2014-10-16T19:27:40 <adriens33> (avec mes sincères salutations)
2014-10-16T19:27:44 <ludvann> yay
2014-10-16T19:27:56 <ludvann> ça va ?
2014-10-16T19:28:04 <adriens33> ça allait bien tout à l'heure, oui XD
2014-10-16T19:28:32 <ludvann> et quand je me suis co, tu as changé d'humeur ? -_-'
2014-10-16T19:28:47 <adriens33> bigre
2014-10-16T19:28:54 <adriens33> je savais pas que tu comprenais si vite?.
2014-10-16T19:28:56 <adriens33> XD
2014-10-16T19:29:05 <ludvann> foié va xD
2014-10-16T19:29:08 <adriens33> ouaip.
2014-10-16T19:29:09 <ludvann> foiré*
2014-10-16T19:29:11 <adriens33> et ?
2014-10-16T19:29:15 <adriens33> *enfoiré
2014-10-16T19:29:21 <ludvann> je suis content :D
2014-10-16T19:29:26 <adriens33> *pas
2014-10-16T19:29:26 <ludvann> 'foiré
2014-10-16T19:29:35 <ludvann> *
2014-10-16T19:29:36 <adriens33> *j'ai tout
2014-10-16T19:29:51 <ludvann> gné ?
2014-10-16T19:29:56 <ludvann> .-.
2014-10-16T19:29:59 <adriens33> laisse tomber XD
2014-10-16T19:30:09 <adriens33> (mais pas de trop haut, faudrait pas que tu te fasse malà)
2014-10-16T19:30:13 <adriens33> *mal
2014-10-16T19:30:16 <ludvann> xD
2014-10-16T19:30:38 <adriens33> manger comme un ogre une pizza avec plein de sauce tomate devant the walking dead
2014-10-16T19:30:39 <adriens33> done.
2014-10-16T19:30:55 <ludvann> approuved
2014-10-16T19:30:59 <adriens33> *approved
2014-10-16T19:31:09 <ludvann> nn|nn
2014-10-16T19:31:15 <adriens33> gné ?
2014-10-16T19:31:23 <ludvann> ça représente une main
2014-10-16T19:31:44 <ludvann> (oui c'est mal fait et ?)
2014-10-16T19:32:11 <adriens33> ._.
2014-10-16T19:32:21 <ludvann> :)
2014-10-16T19:32:21 <adriens33> nn|nn c'est une main ? o.O
2014-10-16T19:32:31 <ludvann> oui...
2014-10-16T19:32:42 <ludvann> les "n" sont des doigts pliés...
2014-10-16T19:32:46 <ludvann> x)
2014-10-16T19:33:18 <ludvann> ça pue la blague de m*rde...
2014-10-16T19:33:22 <ludvann> x)
2014-10-16T19:33:37 <adriens33> ah, ça c'est toi qui a ammené cette odeur.
2014-10-16T19:33:44 <adriens33> moi j'y peux rien.
2014-10-16T19:33:47 <ludvann> ^^
2014-10-16T19:33:56 <ludvann> quel est on nombre préféré ?
2014-10-16T19:34:00 <ludvann> ton*
2014-10-16T19:34:20 <adriens33> 42, comme le nombre de clous que tu vas avoir dans la tronche d'ici peu :3
2014-10-16T19:34:25 <adriens33> mouhahahaha.
2014-10-16T19:34:28 <ludvann> mais euh...
2014-10-16T19:34:44 <ludvann> t'es sur que c'est pas six ?
2014-10-16T19:34:49 <adriens33> nan
2014-10-16T19:34:57 <adriens33> le six il est obèse
2014-10-16T19:35:02 <adriens33> avec son gros bide qui dépasse
2014-10-16T19:35:03 <ludvann> parce que si c'est réciproque et que t'aimes beaucoup
2014-10-16T19:35:06 <adriens33> c'est classe 42.
2014-10-16T19:35:09 <ludvann> six t'aime
2014-10-16T19:35:15 <ludvann> six t'aime 32
2014-10-16T19:35:19 <ludvann> *
2014-10-16T19:35:20 <adriens33> tu sais ce que c'est 42 au moins comme référence ? o.O
2014-10-16T19:35:46 <adriens33> ludvann, ?
2014-10-16T19:36:01 <ludvann> system 32
2014-10-16T19:36:04 <adriens33> non.
2014-10-16T19:36:05 <adriens33> 42
2014-10-16T19:36:08 <ludvann> xD
2014-10-16T19:36:09 <adriens33> tu sais d'où ça vient  ?
2014-10-16T19:36:24 <ludvann> guide du voyageur interstellaire si je me trompe point
2014-10-16T19:36:36 <ludvann> :)
2014-10-16T19:36:40 <adriens33> techniquement le Guide du Routard Galactique.
2014-10-16T19:36:49 <adriens33> (HitchHikker's Guide to the Galaxy)
2014-10-16T19:36:54 <adriens33> merci Jinxypie .
2014-10-16T19:36:55 <adriens33> XD
2014-10-16T19:36:57 *** ludvann s'est connecté
2014-10-16T19:37:01 <ludvann> ...
2014-10-16T19:37:02 * Jinxypie sifflotte. *
2014-10-16T19:37:02 <adriens33> donc je disais
2014-10-16T19:37:04 <adriens33> (HitchHikker's Guide to the Galaxy)
2014-10-16T19:37:18 <adriens33> la tradu techniquement c'est Le Guide du Routard Galactique
2014-10-16T19:37:20 <ludvann> qui est Jinxypie ? .-.
2014-10-16T19:37:35 <adriens33> (mais le Guide du Routard ça existe déjà, et pour le film ils ont pas trop aimé la proximité du nom)
2014-10-16T19:37:40 <Jinxypie> yep
2014-10-16T19:37:41 <adriens33> c'est Letarumavza…
2014-10-16T19:37:45 <Jinxypie> yep²
2014-10-16T19:37:50 <ludvann> je me disais aussi...
2014-10-16T19:38:15 <ludvann> il pouvait avoir que lui pour savoir que je joué à ksp...
2014-10-16T19:38:20 <adriens33> non…
2014-10-16T19:38:31 <adriens33> n'importe qui qui regarde ton profil steam peut le savoir…
2014-10-16T19:38:52 <adriens33> (et suffit de chercher ludvann sur steam pour ça)
2014-10-16T19:39:18 <ludvann> la dernière fois que j'y est joué était y  a longtemps et je ne crois pas avoir de stalker qui fait que F5 sur mon profil steam...
2014-10-16T19:39:31 <ludvann> :-)
2014-10-16T19:39:44 <adriens33> regarder le profil de quelqu'un qu'on connait pas pour savoir vite fait quels jeux il aime c'est pas stakler
2014-10-16T19:39:47 <adriens33> *stalker
2014-10-16T19:40:02 <adriens33> c'est chercher de potentiels points communs pour pouvoir engager une conversations sur ce qu'on aime.
2014-10-16T19:40:06 <ludvann> leta, il me connait pas ?
2014-10-16T19:40:10 <adriens33> …
2014-10-16T19:40:11 <adriens33> non
2014-10-16T19:40:13 <adriens33> ce que je voulais dire
2014-10-16T19:40:16 <ludvann> hum...
2014-10-16T19:40:18 <adriens33> c'est que quelqu'un qui look ton profil
2014-10-16T19:40:23 <adriens33> c'est pas forcément un taré T.T
2014-10-16T19:40:40 <ludvann> oui mais nah mais ....
2014-10-16T19:40:49 <adriens33> ta gueule, j'ai raison. point.
2014-10-16T19:40:58 <adriens33> (l'argument incontrable)
2014-10-16T19:41:04 <ludvann> mais euh...
2014-10-16T19:41:09 <adriens33> y'a pas de mais
2014-10-16T19:41:22 <ludvann> quand je me suis co je venais juste de lancer ksp...
2014-10-16T19:41:27 <ludvann> bon ok
2014-10-16T19:41:28 <adriens33> et alosr ?
2014-10-16T19:42:02 <ludvann> oui papa...
2014-10-16T19:42:02 <ludvann> alors*
2014-10-16T19:42:02 *** ludvann est parti
2014-10-16T19:42:08 <adriens33> ok.
2014-10-16T19:42:20 <adriens33> bronycub 1 — 0 ludvann
2014-10-16T19:42:36 *** ludvann s'est connecté
2014-10-16T20:25:30 *** Bybeez s'est connecté
2014-10-16T20:25:35 <adriens33> bonsoir Berry-Punch
2014-10-16T20:25:40 <adriens33> *Bybeez
2014-10-16T20:25:45 <adriens33> (saleté de tab ><)
2014-10-16T20:27:47 <TrappyTickles> re
2014-10-16T20:31:06 *** MaCharon est parti
2014-10-16T20:31:28 *** MaCharon s'est connecté
2014-10-16T20:31:35 <adriens33> bonsoir MaCharon
2014-10-16T20:31:52 <adriens33> en fait y'a pas besoin du bot poru dire bonjour automatiquement aux gens qui arrivent$
2014-10-16T20:31:57 <adriens33> vu que moi je suis co pratiquement tout le temps
2014-10-16T20:32:05 <adriens33> (moins que Jinxypie mais lui il triche xD)
2014-10-16T20:32:14 <adriens33> c'est moi qui fait l'accueil XD
2014-10-16T20:32:27 <Jinxypie> T'as pas la gueule d'une secrétaire...
2014-10-16T20:32:38 <adriens33> j'ai pas les deux avantages non plus. XD
2014-10-16T20:32:47 <adriens33> (enfin trois si on compte celui de derrière)
2014-10-16T20:34:53 <Bybeez> Salut
2014-10-16T20:35:23 <Jinxypie> Derrière ?
2014-10-16T20:35:54 <Bybeez> (Il parle de l'arriere train il me semble)
2014-10-16T20:36:02 <adriens33> merci Bybeez ^^
2014-10-16T20:36:10 <adriens33> Jinxypie tu dors ou quoi ? :p
2014-10-16T20:36:19 <adriens33> toi pas capter ça… tu me déçois. :)
2014-10-16T20:36:22 <Bybeez> De rien !
2014-10-16T20:36:28 <Jinxypie> en bas, le plus intéréssant et sur l'avant...
2014-10-16T20:36:33 <Jinxypie> enfin, je dis ça... je dis rien...
2014-10-16T20:36:34 <adriens33> ouais, aussi. XD
2014-10-16T20:46:20 <ludvann> yop & re :)
2014-10-16T20:46:29 <ludvann> après mon pitit afk ^^
2014-10-16T20:49:55 <ludvann> et salut Bybeez :)
2014-10-16T20:50:06 <ludvann> arghhh
2014-10-16T20:50:17 <ludvann> ksp m'énerve ! groumph
2014-10-16T20:50:33 <ludvann> *insert a sad face here*
2014-10-16T21:05:33 <adriens33> beh change de jeu ;)
2014-10-16T21:14:13 <ludvann> ...
2014-10-16T21:15:48 <ludvann> j'adore mon frère:
2014-10-16T21:16:49 <ludvann> il s'est regarder les 4 saisons de mlp en un mois et demi, m'envoie des mms de poney, écoute des (fan)musics de mlp, a des images de mlp sur son pc MAIS
2014-10-16T21:17:01 <ludvann> il "n'est pas brony"
2014-10-16T21:17:05 <ludvann> -_-'
2014-10-16T21:17:07 <adriens33> beh
2014-10-16T21:17:13 <adriens33> laisse le temps faire son œuvre… >:)
2014-10-16T21:17:17 <ludvann> ^^
2014-10-16T21:17:30 <adriens33> *voix caverneuse* il finira bien par accepter son destin…
2014-10-16T21:17:35 <ludvann> x)
2014-10-16T21:18:24 * ludvann ouvre son agenda
2014-10-16T21:18:44 * ludvann pleure
2014-10-16T21:21:05 <ludvann> ça m'énerve pour ksp :'(
2014-10-16T21:21:16 <adriens33> pourquoi donc ?
2014-10-16T21:21:23 <ludvann> le jeu se ferme juste quand la barre de chargement est finie...
2014-10-16T21:21:29 <ludvann> (dat troll)
2014-10-16T21:21:33 <adriens33> t'as update quelque chose ?
2014-10-16T21:21:44 <ludvann> 0.25
2014-10-16T21:21:53 <adriens33> c'est quoi ça "0.25" ?
2014-10-16T21:21:58 <adriens33> c'est pas une réponse à ma question ça T.T
2014-10-16T21:22:13 <ludvann> bah le jeu ^^'
2014-10-16T21:22:44 <ludvann> j'ai mis la dernière version (même si le jeu s'est mis à jour sans que j'ouvre steam...)
2014-10-16T21:23:02 <adriens33> hm. et t'as une autre machine pour test voir si ça marche ?
2014-10-16T21:23:36 <ludvann> nope
2014-10-16T21:23:52 <ludvann> mais le jeu marché hier soir...
2014-10-16T21:23:55 <ludvann> ksp*
2014-10-16T21:24:08 <adriens33> bah je sais pas trop quoi te dire^^
2014-10-16T21:24:31 <adriens33> ç'aurait été un prog installé avec un outil de suivi comme les gestionnaires de paquets sous lnux je t'aurais bien dit de réinstaller la versin précédente
2014-10-16T21:24:37 <ludvann> merci :D (foiré va...)
2014-10-16T21:24:37 <adriens33> mais comme sous windows ça existe pas par défaut…
2014-10-16T21:24:38 <adriens33> XD
2014-10-16T21:24:48 <adriens33> ah bah si les outils sont pas là j'y peux rien moi. XD
2014-10-16T21:25:24 <ludvann> j'ai fait vérifier le jeu par steam et il y avait aucun problème...
2014-10-16T21:25:44 <ludvann> tu t'amuses bien sur starbound ?
2014-10-16T21:25:50 <ludvann> fail xD
2014-10-16T21:26:00 <adriens33> de qui tu parles ?
2014-10-16T21:26:05 <adriens33> je joue pas à starbound là.
2014-10-16T21:26:09 <adriens33> (je l'ai pas tout court d'ailleursà)
2014-10-16T21:26:12 <ludvann> trompé de fenêtre ^^'
2014-10-16T21:26:15 <adriens33> tss
2014-10-16T21:26:28 <ludvann> sorry ^^'
2014-10-16T21:26:46 <ludvann> voyons voir ces devoirs de maths...
2014-10-16T21:27:12 <adriens33> beh doit y'avoir un bug quelque part, donc si t'as moyen de récupérer un log pour pouvoir voir ce qui cloche tu peux voir avec l'équipe de dev. peut être t'as trouvé un bug !! ^^
2014-10-16T21:28:28 <ludvann> tiens !
2014-10-16T21:28:39 <ludvann> il y a pas de rapport de crash...
2014-10-16T21:29:52 <ludvann> je sais que je n'est pas de grande connaissances en informatique mais:
2014-10-16T21:30:20 <ludvann> j'étais pas dans le bon dossier...
2014-10-16T21:32:10 <ludvann> yay, j'ai le rapport de bug o/
2014-10-16T21:32:51 <adriens33> ^^
2014-10-16T21:33:09 <ludvann> pastebin ? ^^
2014-10-16T21:34:01 <adriens33> beuh, why not, mais bon moije vais pas vraiment pouvoir te dire ce qui cloche ^^' windows c'est pas trop ma tasse de thé. mais je veux bien jeter un œil. sinon c'est à l'équipe de dev du jeu (ou sur leur forum de support, il doit bien y en avoir un je suppose) qu'il faudrait voir ça
2014-10-16T21:34:24 <ludvann> oky ^^
2014-10-16T21:34:49 <ludvann> le output_log ou le error.log ?
2014-10-16T21:34:56 <adriens33> à ton avis T.T
2014-10-16T21:35:18 <ludvann> les deux ^^'
2014-10-16T21:35:27 <adriens33> bawi, ça peut être un bon début. :3
2014-10-16T21:36:40 <ludvann> http://pastebin.com/MfSXaKPD
2014-10-16T21:37:33 <ludvann> le output_log fait 13500 lignes, je me demande pourquoi il passe pas...
2014-10-16T21:41:29 *** Bybeez est parti
2014-10-16T21:41:35 <adriens33> XD
2014-10-16T21:42:35 <ludvann> cake kiss pass ?
2014-10-16T21:42:39 <adriens33> sais pas
2014-10-16T21:42:47 <ludvann> °_°
2014-10-16T21:42:53 <ludvann> °_°'
2014-10-16T21:42:59 <adriens33> la stack trace est en binaire donc pour la lire j'ai pas ce qu'il faut ^^'
2014-10-16T21:43:06 <adriens33> et ça dit pas grand chose
2014-10-16T21:43:10 <adriens33> à part access violation
2014-10-16T21:43:14 <ludvann> oui x)
2014-10-16T21:43:41 <ludvann> on me le dit souvent...
2014-10-16T21:43:46 <adriens33> nan
2014-10-16T21:43:56 <ludvann> ah :-/
2014-10-16T21:44:27 <adriens33> c'est quand le prog écrit à un endroit où il a pas le droit (ça peut être lire aussi, parfois, mais là c'est une opération d'écriture qu'a provoqué le crash)
2014-10-16T21:44:49 <ludvann> hum...
2014-10-16T21:45:05 <ludvann> ça peut être dut à une defrag de HDD ?
2014-10-16T21:45:09 <adriens33> non
2014-10-16T21:45:13 <adriens33> ça change pas les données…
2014-10-16T21:45:18 <adriens33> ça fait que recoller les bouts de fichier
2014-10-16T21:45:25 <ludvann> ok
2014-10-16T21:45:38 <adriens33> (niveau applicatif c'est totalement invisible, à part la différence de performances)
2014-10-16T21:46:15 <ludvann> je crois que steam a compris que c'est les vacances...
2014-10-16T21:46:55 <adriens33> en tout cas ça a buggué dans ksp, pas dans une autre dll… (mais bon sans pouvoir lire la trace d'exécution, je vais aller loin…)
2014-10-16T21:47:41 <adriens33> au pif, t'as tes drivers graphiques à jour ,
2014-10-16T21:47:42 <adriens33> ?
2014-10-16T21:47:55 <adriens33> (mais bon si la version précédente marchait, ça devrait pas faire ça…)
2014-10-16T21:48:01 <ludvann> je vais voir mes je pense pas
2014-10-16T21:49:14 <ludvann> 'tain de lgiciel nvidia de m*rde qui est jamais là quand on a besoin de lui...
2014-10-16T21:49:27 <adriens33> tu peux aller sur le site de nvidia sinon…
2014-10-16T21:49:52 <Jinxypie> Je file me reposer, je suis malade et naze.
2014-10-16T21:49:55 <adriens33> ah ?
2014-10-16T21:50:03 <ludvann> ?
2014-10-16T21:50:05 <adriens33> beh repose toi bien alors Jinxypie
2014-10-16T21:50:17 <adriens33> (c'est pas moi qu'ait dit une connerie qui t'a rendu malade au moins ?XD°
2014-10-16T21:54:39 <ludvann> au et puis fuck nvidia de m*rde...
2014-10-16T21:54:52 <ludvann> (avis non definitif)
2014-10-16T21:55:05 <ludvann> oh*
2014-10-16T21:57:39 <adriens33> c'est bien nvidia.
2014-10-16T21:57:46 <adriens33> (mieux que amd/ati en tout cas)
2014-10-16T21:57:53 <adriens33> (niveau perf… et bugs surtout XD)
2014-10-16T21:58:00 <adriens33> (que ce soit sous win ou linux)
2014-10-16T21:58:08 <ludvann> ouais mais...
2014-10-16T21:58:16 <adriens33> t'as quoi comme carte graphique ?
2014-10-16T21:58:18 <adriens33> (le modèle)
2014-10-16T21:58:20 <ludvann> suis pas d'humeur
2014-10-16T21:58:27 <ludvann> nvidia 315m
2014-10-16T21:58:30 <ludvann> oui...
2014-10-16T21:58:33 <adriens33> c'est un pc portable ?
2014-10-16T21:58:34 <ludvann> je sais
2014-10-16T21:58:37 <ludvann> yup
2014-10-16T21:58:40 <adriens33> ah.
2014-10-16T21:58:46 <adriens33> t'as du nVidia Optimus dessus ou pas ?
2014-10-16T21:58:51 <adriens33> (par curiosité)
2014-10-16T21:58:54 <ludvann> gné?
2014-10-16T21:59:05 <ludvann> optimus prime ?
2014-10-16T21:59:05 <adriens33> suis con, ce modèle est trop vieux, y'avait pas ça encore.
2014-10-16T21:59:07 <adriens33> non...
2014-10-16T21:59:11 <adriens33> en gros
2014-10-16T21:59:31 <adriens33> dans les cpu intel core i3/5/7 2xxx 3xxx 4xxx t'as un gpu interne
2014-10-16T21:59:40 <adriens33> (les "intel HD Graphics x000")
2014-10-16T21:59:44 <adriens33> et en fait nvidia optimus
2014-10-16T21:59:54 <ludvann> est* ?
2014-10-16T22:00:01 <adriens33> en gros t'utilise soit ça (ça bouffe moins que la gpu nvidia, mais c'est naze niveau puissance)
2014-10-16T22:00:09 <adriens33> soit la gpu nvidia qui est branchée sur la gpu intel
2014-10-16T22:00:31 <adriens33> bon narmolement le pilote est fait de façon a ce que le prog a pas de souci a se faire
2014-10-16T22:00:35 <adriens33> mais je préfère demander, des fois que
2014-10-16T22:00:39 <adriens33> donc bref
2014-10-16T22:00:54 <adriens33> optimus c'est ça. :3
2014-10-16T22:01:03 <ludvann> bah...
2014-10-16T22:01:04 <adriens33> (pour économiser de la batterie, c'est top par contre…)
2014-10-16T22:01:16 <adriens33> (vu que tu peux littéralement éteindre ta carte graphique :3)
2014-10-16T22:01:16 <ludvann> je pense pas qu'il y soit ^^
2014-10-16T22:01:27 <ludvann> je pense pas qu'il y soit ^^
2014-10-16T22:02:00 <adriens33> non, moi non plus, modèle trop ancien.
2014-10-16T22:02:24 <ludvann> (eclipse2212 a une 220 si je me souviens bien ^^)
2014-10-16T22:03:21 *** Yvan33 s'est connecté
2014-10-16T22:03:26 <adriens33> bonsoir Yvan33
2014-10-16T22:03:28 <ludvann> hello
2014-10-16T22:03:32 <Yvan33> Lut
2014-10-16T22:03:38 <ludvann> ludvann*
2014-10-16T22:03:42 <Yvan33> Ca vous dit dimanche macdo?
2014-10-16T22:03:43 <ludvann> ;-D
2014-10-16T22:03:52 <ludvann> not possible...
2014-10-16T22:03:56 <Yvan33> Lol, monsieur blague est dans la place dis donc
2014-10-16T22:04:06 <ludvann> :)
2014-10-16T22:04:21 <Yvan33> Nan je dis ça pour pas me sentir seul quand je prendrai l'happyMeal jouet pour fille
2014-10-16T22:04:28 <Yvan33> Un autre jour?
2014-10-16T22:04:29 <ludvann> j'ai un ami qui s'appelle Laplace...
2014-10-16T22:04:43 <Yvan33> Moi aussi, il m'aide beaucoup en physique
2014-10-16T22:04:50 <ludvann> nope, je par chez mes grands-parents...
2014-10-16T22:05:09 <ludvann> part*
2014-10-16T22:05:12 <ludvann> pars* ?
2014-10-16T22:05:17 <ludvann> grrr
2014-10-16T22:05:28 <Yvan33> Je pars tu pars il part
2014-10-16T22:05:31 <Yvan33> Hum
2014-10-16T22:05:48 <ludvann> à la limite je pourrais peut être samedi mais bon...
2014-10-16T22:06:03 <Yvan33> Samedi nan je decuverai de la soirée de Vendredi
2014-10-16T22:06:09 <Yvan33> TU pars combien de temps?
2014-10-16T22:06:09 <ludvann> ^^
2014-10-16T22:06:29 <ludvann> dimanche -> samedi
2014-10-16T22:06:49 <Yvan33> idiot, c'est samedi puis dimanche
2014-10-16T22:06:51 <Yvan33> Vasy
2014-10-16T22:06:56 <ludvann> ...
2014-10-16T22:06:57 <ludvann> x)
2014-10-16T22:07:17 <Yvan33> Les jouets mcdo restent combien de temps?
2014-10-16T22:07:22 <ludvann> je pars une semaine ^^
2014-10-16T22:07:39 <ludvann> (6 jours plus précisement mais bon)
2014-10-16T22:07:53 <Yvan33> TU sais de quoi je parle j'éspère?
2014-10-16T22:08:06 <ludvann> mlp :)
2014-10-16T22:08:16 <Yvan33> Un redacteur se doit de lire tout les articles non?
2014-10-16T22:08:23 <MaCharon> je suis dipo dimanche si tu veux$
2014-10-16T22:08:39 <ludvann> yup mais je suis pas rédacteur...
2014-10-16T22:08:44 <Yvan33> Bah faut voir
2014-10-16T22:08:59 <Yvan33> Tu avais fait l'analyse seulement?
2014-10-16T22:09:18 <Yvan33> Et tu as rien repris?
2014-10-16T22:09:25 <ludvann> gné ? j'suis paumé ^^'
2014-10-16T22:09:42 <Yvan33> Tu as fais que 2 articles et rien d'autre?
2014-10-16T22:09:50 <ludvann> (et je fais un devoir de français en même temps)
2014-10-16T22:09:59 <Yvan33> MaCharon => Event sur l'agenda? ;)
2014-10-16T22:10:09 <Yvan33> Sur quoi?
2014-10-16T22:10:36 <Yvan33> Moi je vais aller réviser Anglais/Français/Physique bientot la
2014-10-16T22:10:48 <MaCharon> de qui quoi que ?
2014-10-16T22:11:09 <Yvan33> On lance un event sur l'agenda or not?
2014-10-16T22:11:24 <ludvann> zat ize ze quéchionne
2014-10-16T22:11:28 <Yvan33> "déjeuner mcdo"
2014-10-16T22:11:33 <MaCharon> bah why not, mais c'est pas moi qui le fait ^^
2014-10-16T22:11:43 <Yvan33> Branleur de première
2014-10-16T22:11:49 <MaCharon> :D
2014-10-16T22:12:05 <ludvann> àa qui parles-tu  ?
2014-10-16T22:12:12 <Yvan33> Au fait ludvann, c'est quoi ton français?
2014-10-16T22:12:14 <ludvann> j'suis paumé xD
2014-10-16T22:12:23 <Yvan33> En fonction de ta réponse ça dépendra
2014-10-16T22:12:34 <ludvann> thérèse raquin, analyse de texte appronfondie
2014-10-16T22:12:45 <Yvan33> Pas de toi alors x)
2014-10-16T22:12:53 <ludvann> ^^
2014-10-16T22:13:10 <ludvann> tu es en queele classe ?
2014-10-16T22:13:16 <ludvann> quelle*
2014-10-16T22:13:20 <Yvan33> Moi j'ai test de lecture sur un livre de philo sur la guerre et DS de 4 heure de physique
2014-10-16T22:13:31 <ludvann> ok T
2014-10-16T22:13:35 <Yvan33> Post bac +2, classe prépa CPGE PSI
2014-10-16T22:13:36 <ludvann> terminale*
2014-10-16T22:13:41 <ludvann> ah zut x)
2014-10-16T22:13:50 <ludvann> ^^
2014-10-16T22:13:53 <Yvan33> Si tu veux de l'aide pour les maths ^^
2014-10-16T22:14:11 <ludvann> why not ^^
2014-10-16T22:14:47 <Yvan33> Moi je suis sur des matrices orthogonales, donc t'aider à dériver des fonctions devrait être dans mes cordes XD
2014-10-16T22:15:03 <Yvan33> Bah tu veux mon numéro si jamais?
2014-10-16T22:15:07 <ludvann> euh... en français ça donne ?
2014-10-16T22:15:13 <Yvan33> Je sais pas
2014-10-16T22:15:16 <ludvann> xD
2014-10-16T22:15:33 <Yvan33> La définition est trop longue
2014-10-16T22:15:46 <ludvann> c'est bon ça me va ^^
2014-10-16T22:15:59 <Yvan33> Donc? Je peux même faire les DM si tu es à la bourre
2014-10-16T22:16:10 <ludvann> yay :D
2014-10-16T22:16:21 <Yvan33> c'est un oui ou "non je gère"?
2014-10-16T22:16:31 <ludvann> c'est un oui :)
2014-10-16T22:16:40 <Yvan33> 06 08 85 39 80
2014-10-16T22:17:17 <Yvan33> Voilà, je t'enverrai la facture ;)
2014-10-16T22:17:21 <ludvann> x)
2014-10-16T22:17:31 <ludvann> j'avais déjà ton numéro ^^
2014-10-16T22:17:42 <Yvan33> AH bah c'est possible
2014-10-16T22:17:52 <ludvann> avec animasia
2014-10-16T22:18:03 <Yvan33> Ah bah oui
2014-10-16T22:18:15 <Yvan33> Tellement d'émotions, j'ai zappé
2014-10-16T22:18:26 <ludvann> :)
2014-10-16T22:18:54 <ludvann> niorph 42
2014-10-16T22:19:04 <Yvan33> Bon sur ce, je retourne réviser les modulations de signaux, à une prochaine fois!
2014-10-16T22:19:12 <ludvann> @+
2014-10-16T22:19:15 <Yvan33> Et je ne comprend pas ce message au passage
2014-10-16T22:19:31 <ludvann> pour que tu es mon numéro ^^
2014-10-16T22:19:46 <Yvan33> m'okay, +
2014-10-16T22:19:47 <Berry-Punch> Have you *hic* niorphed today, Yvan33 ?
2014-10-16T22:19:47 <ludvann> !niorph Yvan33
2014-10-16T22:19:56 <Yvan33> XD*
2014-10-16T22:19:58 *** Yvan33 est parti
2014-10-16T22:20:00 <ludvann> bosses bien :)
2014-10-16T22:20:03 <ludvann> fail
2014-10-16T22:28:17 <ludvann> dans la vie il nous arrive plein de choses, moi je vois des 42 presque partout (no fake)
2014-10-16T22:44:04 <ludvann> bon je vais vous laisser les poney
2014-10-16T22:44:09 <ludvann> :)
2014-10-16T22:44:12 <adriens33> ++
2014-10-16T22:44:15 <ludvann> @+
2014-10-16T22:44:26 <ludvann> may the luna be with you ;-)
2014-10-16T22:44:33 <adriens33> *Luna
2014-10-16T22:44:37 <adriens33> (pas the luna)
2014-10-16T22:44:43 <adriens33> (si tu parles de la lune c'est the moon)
2014-10-16T22:45:11 <ludvann> May the princess Luna be with you
2014-10-16T22:45:16 <adriens33> ^^
2014-10-16T22:45:19 <ludvann> better ?
2014-10-16T22:45:21 <ludvann> ^^
2014-10-16T22:45:23 <adriens33> [mode chieur:off]
2014-10-16T22:45:27 <ludvann> yay
2014-10-16T22:45:29 *** ludvann est parti
2014-10-16T23:12:38 *** Reblochon s'est connecté
2014-10-16T23:20:15 *** adriens33 est parti
2014-10-16T23:29:03 *** Gordfang est parti
2014-10-16T23:30:03 *** Reblochon est parti
