2014-10-07T00:12:14 *** ValCab s'est connect√©
2014-10-07T00:12:57 *** ValCab33 est parti
2014-10-07T00:18:40 *** Silou est parti
2014-10-07T00:28:52 *** ValCab est parti
2014-10-07T00:34:10 *** MaCharon est parti
2014-10-07T01:16:11 *** test1001 s'est connect√©
2014-10-07T01:16:33 *** test1001 est parti
2014-10-07T02:13:33 *** Letarumavza est parti
2014-10-07T02:37:33 *** Letarumavza s'est connect√©
2014-10-07T02:43:57 *** Letarumavza est parti
2014-10-07T07:08:04 <Berry-Punch> Voil√† ce *hic* qu'il s'est pass√© ces 10 derni√®res lignes, adriens33
2014-10-07T07:08:05 *** adriens33 s'est connect√©
2014-10-07T07:46:51 <adriens33> damn je me sens un peu seul‚Ä¶ XD
2014-10-07T08:48:44 *** Gordfang s'est connect√©
2014-10-07T08:48:49 <adriens33> salut :)
2014-10-07T08:50:48 <Gordfang> lut
2014-10-07T08:50:53 <adriens33> comment √ßa va ?
2014-10-07T08:51:07 <Gordfang> bien et toi?
2014-10-07T08:51:11 <adriens33> √ßa va
2014-10-07T09:41:21 <Gordfang> y a pas un chat aujourd'hui
2014-10-07T09:45:06 *** Silou s'est connect√©
2014-10-07T09:47:10 *** Letarumavza s'est connect√©
2014-10-07T09:54:05 *** Silou est parti
2014-10-07T10:03:27 *** heuzef s'est connect√©
2014-10-07T10:06:21 <adriens33> salut Letarumavza
2014-10-07T10:06:27 <adriens33> plop heuzef
2014-10-07T10:06:32 <heuzef> plop
2014-10-07T10:06:34 <Letarumavza> salut
2014-10-07T10:07:10 <Letarumavza> Les mecs... Je crois que je hais lenile...
2014-10-07T10:08:00 <adriens33> pourquoi ?
2014-10-07T10:08:07 <adriens33> ah.
2014-10-07T10:08:18 <adriens33> par rapport √†... sa c√©l√©brit√© soudaine sur facebook ? :p
2014-10-07T10:08:53 <Letarumavza> Enflure de tombeur de mes deux.
2014-10-07T10:09:19 <Letarumavza> Et en plus il m'a provoqu√© avec √ßa √† chaque fois qu'il m'a crois√© √† animasia...
2014-10-07T10:10:46 <Letarumavza> Bon...
2014-10-07T10:10:53 <Letarumavza> En fait je le hais encore plus que pr√©vu.
2014-10-07T10:11:54 *** heuzef est parti
2014-10-07T10:13:58 *** heuzef s'est connect√©
2014-10-07T11:48:46 *** heuzef est parti
2014-10-07T12:02:10 <Gordfang> putin heuzef est encore deco ><
2014-10-07T12:03:51 *** MaCharon s'est connect√©
2014-10-07T12:03:58 <MaCharon> yop
2014-10-07T12:05:00 <Gordfang> yo macharon
2014-10-07T12:05:12 <MaCharon> coucou ^^
2014-10-07T12:08:20 <adriens33> salut
2014-10-07T12:08:43 <Letarumavza> salut
2014-10-07T12:23:53 *** heuzef s'est connect√©
2014-10-07T12:26:46 <Gordfang> ah bas heuzef
2014-10-07T12:27:08 <Gordfang> je vient de t'envoyer un mail la mais je vais manger on en reparler apr√®s si tu veut
2014-10-07T12:27:09 <Berry-Punch> Bon *hic* app√©tit, Gordfang :D
2014-10-07T12:28:34 <heuzef> J'ai confirm√© ;)
2014-10-07T12:28:40 <heuzef> C'est parfait
2014-10-07T12:28:42 <heuzef> go
2014-10-07T12:43:59 *** Gordfang est parti
2014-10-07T13:12:12 *** Gordfang s'est connect√©
2014-10-07T13:18:36 <Gordfang> re
2014-10-07T13:19:13 <adriens33> re
2014-10-07T13:20:00 <MaCharon> re
2014-10-07T13:44:34 *** Ikledoreboline s'est connect√©
2014-10-07T13:44:36 <Ikledoreboline> Yop ( je re rapido..)
2014-10-07T14:05:16 *** Ikledoreboline est parti
2014-10-07T15:23:29 <heuzef> Gordfang ?
2014-10-07T15:29:07 <Gordfang> oui?
2014-10-07T15:30:26 <heuzef> re
2014-10-07T15:30:32 <heuzef> finalement rien ^^
2014-10-07T15:30:39 <heuzef> Sinon
2014-10-07T15:30:50 <heuzef> 3 nouvelles inscriptions dans le collectif
2014-10-07T15:30:54 <heuzef> c'est l'effet animasia √ßa
2014-10-07T15:31:16 <heuzef> 2 Pegasister et un Brony
2014-10-07T15:31:25 <heuzef> √ßa va remonter la moyenne de fille ^^
2014-10-07T15:31:35 <adriens33> pas mal ^^
2014-10-07T15:31:59 <heuzef> Ha erreur
2014-10-07T15:32:09 <heuzef> 3 pegastisters et un Brony
2014-10-07T15:32:13 <heuzef> Prochainement
2014-10-07T15:32:17 <adriens33> even better o/
2014-10-07T15:42:42 <Gordfang> ouai o/
2014-10-07T15:53:11 *** Tsumenokage s'est connect√©
2014-10-07T15:53:24 <Tsumenokage> Salut
2014-10-07T15:53:27 <adriens33> bonjour :)√†
2014-10-07T15:53:32 <Berry-Punch> Bienvenue sur *hic* le chat de BronyCUB, Tsumenokage !
2014-10-07T15:53:33 <Berry-Punch> Amuse-toi *hic* bien !
2014-10-07T15:53:33 <adriens33> !welcome Tsumenokage
2014-10-07T15:54:58 <Tsumenokage> Comment allez-vous ?
2014-10-07T15:55:18 <adriens33> bien, bien ^^
2014-10-07T15:55:33 <adriens33> et toi ?
2014-10-07T15:55:49 <Tsumenokage> Bien aussi :)
2014-10-07T15:56:02 <adriens33> nouveau je suppose ? :p
2014-10-07T15:56:05 <Letarumavza> ?
2014-10-07T15:56:15 <heuzef> Yep tu peux lui mettre le voice, ^^
2014-10-07T15:56:27 <Letarumavza> infos ?
2014-10-07T15:56:31 <Tsumenokage> Oui nouveau, j'ai d√©couvert le groupe √† animasia ce week end
2014-10-07T15:56:41 <Berry-Punch> Flags de Tsumenokage modifi√©s : *hic* +v
2014-10-07T15:56:41 <adriens33> !voice Tsumenokage
2014-10-07T15:56:45 <Letarumavza> asp
2014-10-07T15:56:46 <heuzef> Et un r√¥liste en plus ^^
2014-10-07T15:56:51 <Berry-Punch> Flags *hic* de Tsumenokage modifi√©s en +v
2014-10-07T15:56:57 <Berry-Punch> Tsumenokage a le(s) *hic* flag(s) : +v
2014-10-07T15:56:57 <adriens33> !flag get Tsumenokage
2014-10-07T15:57:00 <adriens33> good.
2014-10-07T15:57:16 <adriens33> heuzef: ah bah cool √ßa, tu vas pouvoir lui montrer ton jdr ^^
2014-10-07T15:57:26 <Tsumenokage> Ah u
2014-10-07T15:57:32 <Tsumenokage> Un jdr maison ?
2014-10-07T15:57:52 <adriens33> tiens, voil√† son wiki ^^
2014-10-07T15:57:53 <adriens33> http://wiki.ecomonde.land/doku.php
2014-10-07T15:58:17 <Tsumenokage> Je regarde √ßa alors ^^
2014-10-07T15:58:21 <Letarumavza> ouais, il est √† chier son jeu ! ^^
2014-10-07T15:58:33 * Letarumavza troll.
2014-10-07T15:58:34 <adriens33> Letarumavza, classe, √©l√©gance, d√©licatesse.
2014-10-07T15:58:38 <adriens33> comme d'hab quoi. ^w^
2014-10-07T16:03:22 <Tsumenokage> J'ai parcouru quelques pages √ßa √† l'air vraiment int√©ressant
2014-10-07T16:05:26 <MaCharon> re *√©merge de sa sieste*
2014-10-07T16:05:38 <Tsumenokage> Salut
2014-10-07T16:05:57 <MaCharon> bonjour
2014-10-07T16:06:43 <adriens33> je re
2014-10-07T16:06:45 *** adriens33 est parti
2014-10-07T16:11:54 <heuzef> Oui on √† pas mal de chose √† paufiner
2014-10-07T16:12:04 <heuzef> Le wiki est ouvert, h√©site pas √† contribuer
2014-10-07T16:12:11 <heuzef> Cr√©er ton scenario par exemple
2014-10-07T16:12:14 <heuzef> etc
2014-10-07T16:12:28 <Letarumavza> Flo... tu me d√©cois, je pensais que tu allais r√©pondre √† mon troll...
2014-10-07T16:12:32 <heuzef> La prochaine partie sera jouer par Ivan
2014-10-07T16:12:43 <heuzef> Avec son sc√©nario sur les dragons
2014-10-07T16:12:46 * Letarumavza boude.
2014-10-07T16:12:46 * Berry-Punch Donne un verre de rhum √† Letarumavza
2014-10-07T16:12:46 <Berry-Punch> Tiens Letarumavza, pour te *hic* consoler :)
2014-10-07T16:13:00 <Tsumenokage> Pas de probl√®me pour contribuer alors :)
2014-10-07T16:13:39 <heuzef> Il faut juste savoir qu'on va remettre pas mal de pti truc √† jour, suite a la derni√®re partie
2014-10-07T16:13:44 <heuzef> Beaucoup de bonne id√©es
2014-10-07T16:14:56 <Tsumenokage> Faudra que je fasse une partie alors pour bien comprendre l'univers et les r√®glesde ton jdr
2014-10-07T16:16:49 <heuzef> C'est pr√©f√©rable
2014-10-07T16:17:04 <heuzef> Mais √ßa n'ep√™che pas de commencer √† rediger un sc√©anario
2014-10-07T16:17:14 * Letarumavza cherche une blague crade √† faire...
2014-10-07T16:17:24 * Berry-Punch lance un muffin sur Letarumavza √† 1664 km/h
2014-10-07T16:17:24 <Berry-Punch> MUFFIN *hic* RAINBOOM !!
2014-10-07T16:17:24 <heuzef> !muffin Letarumavza
2014-10-07T16:17:29 <heuzef> couch√©
2014-10-07T16:18:14 <Letarumavza> comme ta cop
2014-10-07T16:18:18 <Letarumavza> Merci flo
2014-10-07T16:18:41 *** Silou s'est connect√©
2014-10-07T16:19:57 <Letarumavza> http://th00.deviantart.net/fs71/PRE/f/2012/128/a/0/zecora_the_witch_doctor_by_darkangelanna-d4yxamn.png
2014-10-07T16:21:11 <Tsumenokage> Ouah classe :)
2014-10-07T16:21:19 <Letarumavza> http://www.deviantart.com/download/346538280/commission__zecora_desktop_wallpaper_by_kinrah-d5qbinc.jpg?token=9581d553c6c917318e2fec4f0f41afb087396058&ts=1412692265
2014-10-07T16:22:27 <Letarumavza> The best usage of magic is to not use it.
2014-10-07T16:23:00 <Letarumavza> C'est tout √† fait adaptable √† la technologie. La technologie existe pour rendre la vie plus facile, et pas le contraire.
2014-10-07T16:23:50 <MaCharon> dixit celui qui passe sa vie devant son pc >.>
2014-10-07T16:24:15 <MaCharon> non je suis m√©chant la ;)
2014-10-07T16:24:22 <Letarumavza> Bah...
2014-10-07T16:24:38 <Letarumavza> Justement, j'utilise mon pc pour bosser tranquillement.
2014-10-07T16:24:54 <Letarumavza> Je vois pas en quoi c'est m√©chant.
2014-10-07T16:24:56 <Berry-Punch> Voil√† ce qu'il s'est pass√© *hic* ces 10 derni√®res lignes, adriens33
2014-10-07T16:24:57 *** adriens33 s'est connect√©
2014-10-07T16:25:18 <MaCharon> √ßa aurais pu etre mal pris
2014-10-07T16:26:01 <Letarumavza> J'ai l'habitude de mal prendre les choses ?
2014-10-07T16:26:15 <Letarumavza> (sauf quand √ßa concerne ma situation sentimentale/vie sexuelle)
2014-10-07T16:26:19 <MaCharon> mieu vaut prevenir que guerir
2014-10-07T16:26:33 <adriens33> re
2014-10-07T16:26:36 <MaCharon> re
2014-10-07T16:26:42 <Tsumenokage> Re
2014-10-07T16:27:35 <MaCharon> Tsume t'es un mec ou une meuf ?
2014-10-07T16:27:47 <Tsumenokage> Un mec :)
2014-10-07T16:27:56 <MaCharon> ok ^^
2014-10-07T16:29:02 <Tsumenokage> Et pour ceux qui sont la mec ou fille ?
2014-10-07T16:29:28 <MaCharon> mec en manque de fille ^^"
2014-10-07T16:29:41 <adriens33> bon, on va faire simple:
2014-10-07T16:29:41 <MaCharon> filles*
2014-10-07T16:29:46 <adriens33> tous ceux qui sont connect√©s ici
2014-10-07T16:29:48 <MaCharon> XD
2014-10-07T16:29:50 <adriens33> (√† part berry qui est un bot)
2014-10-07T16:29:53 <adriens33> sont des gars.
2014-10-07T16:30:04 <MaCharon> po po pooo
2014-10-07T16:30:07 <adriens33> ^^
2014-10-07T16:30:14 <adriens33> (au moins c'est court et pr√©cis)
2014-10-07T16:30:14 <Letarumavza> mec avec une dalle de 2.5 ann√©es...
2014-10-07T16:30:19 <Tsumenokage> ^^
2014-10-07T16:30:41 <heuzef> Letarumavza est asexu√© par contre, √ßa compte pas :D
2014-10-07T16:30:48 <Letarumavza> !!!
2014-10-07T16:30:51 <adriens33> rh√¥ comment √ßa parle mal !! XD
2014-10-07T16:30:53 <Letarumavza> ASEXUE !!!!!!!!!
2014-10-07T16:31:00 <Letarumavza> MAis ma bite sur ton front !!!!
2014-10-07T16:31:06 <adriens33> √ßa fait une licorne
2014-10-07T16:31:20 <MaCharon> vas-y pose tes couilles sur la table!!!
2014-10-07T16:31:22 <Letarumavza> Yep ^^
2014-10-07T16:31:32 <Tsumenokage> XD cette ambiance
2014-10-07T16:31:41 <adriens33> bah l√† heuzef l'a cherch√©. XD
2014-10-07T16:31:48 <MaCharon> XD
2014-10-07T16:31:58 <adriens33> traiter leta d'asexu√©
2014-10-07T16:32:10 <adriens33> c'est aussi logique que de traiter une bonne s≈ìur d'ath√©e.
2014-10-07T16:32:15 <adriens33> (en gros)
2014-10-07T16:33:11 <Tsumenokage> ^^
2014-10-07T16:35:00 <Letarumavza> Je v√©n√®re les seins !
2014-10-07T16:35:08 <adriens33> voil√†. ^^
2014-10-07T16:35:16 <Letarumavza> anyway, gg flo, t'as r√©ussi √† me faire bouger ^^
2014-10-07T16:35:42 *** Tsumenokage2 s'est connect√©
2014-10-07T16:35:54 <Tsumenokage2> Perte de connexion
2014-10-07T16:35:56 <adriens33> ah, la joie de la connexion en 3G... XD
2014-10-07T16:36:00 <Berry-Punch> Flags de Tsumenokage2 *hic* modifi√©s : +v
2014-10-07T16:36:00 <adriens33> !voice Tsumenokage2
2014-10-07T16:36:02 <Tsumenokage2> Oui
2014-10-07T16:36:13 <Tsumenokage2> Thx
2014-10-07T16:36:24 <Berry-Punch> Flags de Tsumenokage2 modifi√©s en +v *hic* 
2014-10-07T16:36:26 <adriens33> de rien :)
2014-10-07T16:37:16 <Tsumenokage2> Tu pourrais kick mon ancien pseudo que je le recup please ?
2014-10-07T16:37:26 <adriens33> √ßa changera rien
2014-10-07T16:37:32 <Letarumavza> !kick Tsumenokage2
2014-10-07T16:37:35 <adriens33> tant que tu sera co au serveur il sera occup√©
2014-10-07T16:37:37 <Letarumavza> Woops
2014-10-07T16:37:40 <adriens33> ...
2014-10-07T16:37:46 <adriens33> faut attendre le ping timeout.
2014-10-07T16:37:46 <Letarumavza> Bah j'ai tab
2014-10-07T16:38:10 <Letarumavza> Donc je note, quand on tab il met Tsumenokage2 avant Tsumenokage...
2014-10-07T16:38:17 <Letarumavza> C'est tr√®s con...
2014-10-07T16:38:21 <adriens33> Ouai
2014-10-07T16:38:23 *** Tsumenokage2 s'est connect√©
2014-10-07T16:38:26 <adriens33> donc
2014-10-07T16:38:28 <adriens33> je disais
2014-10-07T16:38:29 <Letarumavza> D√©sol√©, fail tab
2014-10-07T16:38:29 <Tsumenokage2> Mais euh
2014-10-07T16:38:34 <adriens33> kick changerai rien
2014-10-07T16:38:36 *** Tsumenokage est parti
2014-10-07T16:38:38 <adriens33> √ßa te d√©co pas du serveur
2014-10-07T16:38:42 <adriens33> fallait attendre √ßa ^^
2014-10-07T16:38:46 <adriens33> (le ping timeout)
2014-10-07T16:38:54 <Tsumenokage2> Ah ok ( connais pas bcp irc)
2014-10-07T16:38:56 <adriens33> maintenant tu peux ^^
2014-10-07T16:39:14 <Tsumenokage> Voil√† ^^
2014-10-07T16:39:16 <adriens33> ^^
2014-10-07T16:39:34 <Letarumavza> adriens33, tu lui explique pourquoi je l'ai kick par accident ?
2014-10-07T16:39:34 <adriens33> g√©n√©ralement irc depuis une co en 3G c'est pas top, √ßa aime pas vraiment les d√©co brutes.
2014-10-07T16:39:55 <adriens33> bah parce qu'il voulait kick l'autre pseudo mais en faisant tab pour l'autocompl√©tion √ßa a mis le Tsumenokage2 avant
2014-10-07T16:40:05 <Tsumenokage> Oui mais depuis un amphi √† part la 3G j'ai pas trop le choix
2014-10-07T16:40:15 <adriens33> (ah... ok :p)
2014-10-07T16:40:28 <Tsumenokage> Je m'en doute pour l'autocompl√©tion ^^
2014-10-07T16:40:47 <adriens33> pour savoir ce que tu as loup√© dans la journ√©e y'a l'historique
2014-10-07T16:40:53 <adriens33> (dans le titre du canal)
2014-10-07T16:41:34 <Tsumenokage> Ah super
2014-10-07T16:42:00 <adriens33> y'a que la journ√©e en cours.
2014-10-07T16:42:04 <adriens33> le reste est sur github
2014-10-07T16:42:12 <adriens33> https://github.com/bronycub/berry-punch
2014-10-07T16:42:15 <adriens33> dans le dossier old_logs
2014-10-07T16:43:32 <Tsumenokage> C'est not√© :)
2014-10-07T16:45:29 <adriens33> en comptant cette ligne, y'a 94525 lignes de texte qui sont pass√©es sur ce canal depuis le 22/05 ^^ (le d√©but du chat #bronycub quoi)
2014-10-07T16:45:36 <adriens33> on approche des 100 000 o/
2014-10-07T16:45:54 <heuzef> Mis√®re .... :(
2014-10-07T16:45:57 <heuzef> http://www.bronyra.ovh/
2014-10-07T16:46:07 <heuzef> Tant de bonne volont√©, si mal organis√©s
2014-10-07T17:09:10 <Tsumenokage> Bon mon amphi se termine je vais y aller
2014-10-07T17:09:26 <Letarumavza> Glander en cours, c'est le mal
2014-10-07T17:09:38 *** Tsumenokage est parti
2014-10-07T17:10:22 <adriens33> Letarumavza, t'as pas honte de dire une chose pareille ? XD
2014-10-07T17:10:38 <adriens33> (ou alors tu te consid√®res comme √©tant le mal, auquel cas tu es coh√©rent.)
2014-10-07T17:11:00 <adriens33> bon ceci dit moi quand un cours est chiant, j'ai tendance √† dormir... XD
2014-10-07T17:37:22 *** Yvan33 s'est connect√©
2014-10-07T17:37:24 <Yvan33> Hello
2014-10-07T17:37:29 <Yvan33> Faut pas glander en cours
2014-10-07T17:39:06 <adriens33> ^^
2014-10-07T17:39:22 <adriens33> moi je glandais pas ^^
2014-10-07T17:40:01 <adriens33> 'fin bon quand t'arrive en cours de math, que 90% des √©l√®ves sont endormis en 10minutes et que la seule raison qui fait que moi je dormais pas encore c'est que j'avais pris masse de caf√© juste avant...
2014-10-07T17:40:03 <adriens33> bah...
2014-10-07T17:40:06 <adriens33> voil√† quoi XD
2014-10-07T17:40:29 <adriens33> √ßa laisse imaginer la vivacit√© du prof. :p
2014-10-07T17:41:30 <MaCharon> j'ai connu √ßa...
2014-10-07T17:42:00 <MaCharon> sauf que j'etait un des premiers a dormir
2014-10-07T17:47:02 *** Tsumenokage s'est connect√©
2014-10-07T17:47:12 <Tsumenokage> re
2014-10-07T18:00:43 <adriens33> Re Tsumenokage :)
2014-10-07T18:04:20 <Yvan33> Moi c'est simple, je m'endors je suis mort ^^
2014-10-07T18:04:29 <adriens33> pourquoi ?
2014-10-07T18:04:32 <adriens33> t'es en avion ? :p
2014-10-07T18:04:54 <Yvan33> nan en cours je parle
2014-10-07T18:04:57 <adriens33> ah.
2014-10-07T18:05:03 <adriens33> forc√©ment si tu t'endors, √ßa se voit.
2014-10-07T18:05:08 <adriens33> (enfin √ßa s'entend)
2014-10-07T18:06:25 <Yvan33> Nan, c'est que tu es sur de plus pouvoir revenir en cours
2014-10-07T18:09:03 <Letarumavza> Hum...
2014-10-07T18:09:49 <adriens33> Letarumavza pense. ^^
2014-10-07T18:09:52 <adriens33> mais √† quoi..
2014-10-07T18:09:56 <Tsumenokage> ^
2014-10-07T18:10:02 <Tsumenokage> ^^
2014-10-07T18:10:02 <Yvan33> J'exag√®re mais faut pas s'attendre √† passer sur dossier quoi
2014-10-07T18:10:11 <adriens33> ah. ok.
2014-10-07T18:10:37 <Letarumavza> Arf, yvan ta pr√©pa...
2014-10-07T18:10:46 <Yvan33> Et vu le niveau des concours, bah on tente pas le diable quoi ^^
2014-10-07T18:10:50 <Letarumavza> Anyway, j'ai une ouverture pour prendre un caf√© avec une fille sympa.
2014-10-07T18:11:01 <Letarumavza> Yeah, 10% de progress.
2014-10-07T18:11:30 <adriens33> bien √ßa :)
2014-10-07T18:11:35 <adriens33> toutes mes ficelles de cale√ßon.
2014-10-07T18:12:05 <Yvan33> Moi je gal√®re a mettre mes vid√©os sur fb
2014-10-07T18:12:15 <Yvan33> En plus elles sont d√©gueu
2014-10-07T18:12:31 <Letarumavza> Pour kurama ?
2014-10-07T18:12:36 <Yvan33> ouais
2014-10-07T18:12:37 <Letarumavza> arf
2014-10-07T18:12:51 <Letarumavza> Elle a l'air super sympa btw.
2014-10-07T18:13:14 <Yvan33> Ouais j'ai lu et tout, comment je suis triste pour elle c'est ouf
2014-10-07T18:13:15 * Berry-Punch Donne un verre de sak√© √† Yvan33
2014-10-07T18:13:15 <Berry-Punch> Tiens Yvan33, pour te consoler *hic* :)
2014-10-07T18:13:25 <Yvan33> Merci
2014-10-07T18:13:29 <Yvan33> attends
2014-10-07T18:13:33 <Yvan33> je suis triste
2014-10-07T18:13:33 * Berry-Punch Donne un verre de vodka √† Yvan33
2014-10-07T18:13:33 <Berry-Punch> Tiens Yvan33, pour *hic* te consoler :)
2014-10-07T18:13:36 <Yvan33> Je vois
2014-10-07T18:13:40 * adriens33 boude
2014-10-07T18:13:40 * Berry-Punch Donne un verre de whisky √† adriens33
2014-10-07T18:13:40 <Berry-Punch> Tiens *hic* adriens33, pour te consoler :)
2014-10-07T18:13:45 <adriens33> merci berry
2014-10-07T18:13:45 <Berry-Punch> De *hic* rien adriens33 :)
2014-10-07T18:13:55 <Yvan33> Vous l'avez bien fichu le bot quand m√™me
2014-10-07T18:14:06 <Yvan33> I give you a clap
2014-10-07T18:14:06 <adriens33> boarf, c'est deux trois expressions r√©guli√®res. ^^
2014-10-07T18:14:19 <Letarumavza> Bah c'est un alcobot
2014-10-07T18:14:19 <adriens33> (y'a le code l√† https://github.com/bronycub/berry-punch)
2014-10-07T18:14:20 <Yvan33> Ok c'est de la merde d√©gage
2014-10-07T18:14:23 <Yvan33> XD
2014-10-07T18:14:24 <adriens33> merci..
2014-10-07T18:14:39 <Yvan33> Nan mais fallait y penser
2014-10-07T18:15:02 <Yvan33> Bah moi je trouve √ßa cool
2014-10-07T18:15:38 <adriens33> bah content qu'il plaise.
2014-10-07T18:15:38 <adriens33> ^^
2014-10-07T18:15:44 <adriens33> (enfin elle du coup)
2014-10-07T18:15:56 <Yvan33> Sur ce je retourne apprendre que la laplacienne d'un champ de vecteurs W est le gradient de la divergence de W moins le rotationnel du rotationnel de W
2014-10-07T18:16:08 <adriens33> hmm..
2014-10-07T18:16:22 <MaCharon> mais oui c'est calir
2014-10-07T18:16:27 <MaCharon> clair*
2014-10-07T18:16:32 <adriens33> eddy malouo
2014-10-07T18:16:34 <adriens33> *malou
2014-10-07T18:16:52 <MaCharon> ^^
2014-10-07T18:16:59 <Tsumenokage> XD
2014-10-07T18:16:59 <Yvan33> Attends, je suis cens√© savoir tracer les champs de vecteurs √† partir de √ßa, la blague
2014-10-07T18:17:18 <Yvan33> Bref, je repasserai peut √™tre ^lus tard, tchouss
2014-10-07T18:17:24 <adriens33> ++
2014-10-07T18:17:27 <MaCharon> +
2014-10-07T18:17:31 *** Yvan33 est parti
2014-10-07T18:17:32 <adriens33> amuse toi bien avec tes vecteurs :)
2014-10-07T18:17:35 <heuzef> Yvan ?
2014-10-07T18:17:36 <adriens33> (pur√©e juste)
2014-10-07T18:17:37 <heuzef> arg !
2014-10-07T18:17:45 <heuzef> grrr
2014-10-07T18:17:54 <adriens33> envoie lui un sms...
2014-10-07T18:18:05 <Letarumavza> ^^
2014-10-07T18:18:07 <Letarumavza> https://www.youtube.com/watch?v=FcSwauoBQxo
2014-10-07T18:18:12 <Letarumavza> woops
2014-10-07T18:18:13 <heuzef> C'√©t√© plutot pour Tsumenokage en faite, pas grave
2014-10-07T18:18:14 <adriens33> (y'a mieux que mightytext btw pour les sms)
2014-10-07T18:18:19 <adriens33> (y'a airdroid)
2014-10-07T18:18:25 <heuzef> adriens33: ha bon ????
2014-10-07T18:18:29 <adriens33> (qui marche du tonerre)
2014-10-07T18:18:39 <adriens33> (et tu as acces √† tous tes sms, pas juste les 1000 derniers dans la version gratuite)
2014-10-07T18:18:45 <adriens33> et √ßa peut marcher en r√©seau local
2014-10-07T18:18:53 <adriens33> airdroid en fait √ßa fait tourner un mini serveur sur ton tel
2014-10-07T18:19:04 <adriens33> et tu peux transf√©rer des fichiers, g√©rer tes contacts..
2014-10-07T18:19:23 <adriens33> mightytext √ßa marche quand √ßa veut.
2014-10-07T18:19:27 <heuzef> Je connais Airdroid, j'utilisais m√™me la beta avant la V1 :/
2014-10-07T18:19:30 <adriens33> ah ?
2014-10-07T18:19:37 <adriens33> bah la v2 est niquel en tout cas;
2014-10-07T18:19:40 <heuzef> Je prefere mightytext pour les SMS
2014-10-07T18:19:52 <adriens33> bah la v2 est largement meilleure que mightytext.
2014-10-07T18:19:54 <adriens33> plus rapide
2014-10-07T18:19:57 <adriens33> moins buggu√©e
2014-10-07T18:20:13 <heuzef> Oui, mais √ßa m'oblige √† ouvrir l'interface texte
2014-10-07T18:20:14 <adriens33> (combien de fois j'ai du recharger la page entiere deux fois de suite parce que l'appli d√©tectait pas un sms..)
2014-10-07T18:20:21 <heuzef> pas de notif, pas de fusion √† gmail etc
2014-10-07T18:20:23 <adriens33> si
2014-10-07T18:20:26 <heuzef> pas convaincu
2014-10-07T18:20:37 <adriens33> si j'ai pas la fen√™tre firefox en avant plan
2014-10-07T18:20:42 <adriens33> tu peux avoir des notifs syst√®me
2014-10-07T18:20:51 <adriens33> juste un addon firefox √† ajouter pour qu'il supporte les notif html5
2014-10-07T18:21:05 <adriens33> quand je dis que airdroid c'est p√©t√©..
2014-10-07T18:21:22 <adriens33> pis fusion √† gmail c'est parce que mightytext passe par google pour transfer les mails
2014-10-07T18:21:26 <adriens33> airdroid les lit depuis ton tel
2014-10-07T18:21:33 <adriens33> ce qui fait que √ßa marche m√™me en r√©seau local
2014-10-07T18:21:35 <adriens33> pas mightytext.
2014-10-07T18:21:49 <adriens33> *transfert les sms pardon
2014-10-07T18:24:27 <heuzef> je vois pas le progr√®s depuis la derni√®re fois
2014-10-07T18:24:45 <adriens33> bah... t'as plus de fonctions que mightytext et l'acces au sms est meilleur.
2014-10-07T18:24:50 <adriens33> et l'appli est moins buggu√©e.
2014-10-07T18:24:57 <heuzef> je suis obliger d'ouvrir web.airdroid.com
2014-10-07T18:25:00 <adriens33> non
2014-10-07T18:25:03 <adriens33> si t'es en r√©seau local
2014-10-07T18:25:12 <adriens33> tu fais http://ip.du.t√©l√©phone:8888/
2014-10-07T18:25:30 <adriens33> (c'est √©crit sur l'appli quand tu la lance si t'es en wifi, mais bon..)
2014-10-07T18:25:33 <heuzef> et tu tombe sur la mega interface de AD
2014-10-07T18:25:43 <adriens33> bah elle est bien l'UI d'airdroid
2014-10-07T18:25:52 <heuzef> Airdroid je m'en sert, mais pas pour les SMS, pas pratique
2014-10-07T18:25:54 <adriens33> (elle bug pas d√©j√†)
2014-10-07T18:25:59 <adriens33> boarf
2014-10-07T18:26:02 <adriens33> comme tu veux.
2014-10-07T18:26:10 <adriens33> je vais pas me battre contre un moulin √† vent :p
2014-10-07T18:26:14 <adriens33> si √ßa te plait pas c'ton droit
2014-10-07T18:26:16 <adriens33> ^^
2014-10-07T18:26:20 <adriens33> moi je la trouve g√©niale.
2014-10-07T18:26:48 <heuzef> tu va finir, comme moi, pour retourner sur MT
2014-10-07T18:26:51 <adriens33> non
2014-10-07T18:26:54 <heuzef> Sauf si tu utilise pas que les SMS
2014-10-07T18:26:55 <adriens33> parce que mightytext est payant
2014-10-07T18:27:00 <adriens33> et que √ßa bug
2014-10-07T18:27:03 <adriens33> il envoie pas tous les sms
2014-10-07T18:27:10 <adriens33> et souvent faut reload toute la page
2014-10-07T18:27:19 <adriens33> sionn t'as plus l'affichage des derniers sms
2014-10-07T18:27:27 <adriens33> justement c'est pour √ßa que je l'ai lach√©e
2014-10-07T18:27:37 <heuzef> pas chez moi, j'utilise chrome aussi
2014-10-07T18:27:37 <adriens33> j'ai utilis√© mt pendant un mois, je sais de quoi je parle..
2014-10-07T18:28:13 <adriens33> (pas moi, j'aime pas chrome, l'ui est aussi flexible que frigide barjot)
2014-10-07T18:28:26 <adriens33> (les r√©glages aussi btw)
2014-10-07T18:37:35 *** heuzef est parti
2014-10-07T18:42:43 <adriens33> http://www.atchik-services.com/blog/10-phrases-enervent-developpeur-programmeur
2014-10-07T18:43:45 <Tsumenokage> XD tellement vrai
2014-10-07T18:43:56 <adriens33> oh, oui...
2014-10-07T18:44:59 <adriens33> XD
2014-10-07T18:57:21 *** Gordfang est parti
2014-10-07T18:58:22 *** Gordfang s'est connect√©
2014-10-07T19:09:34 *** Gordfang est parti
2014-10-07T21:18:44 *** Gordfang s'est connect√©
2014-10-07T22:06:00 *** adriens33 est parti
2014-10-07T22:12:43 *** Lenile s'est connect√©
2014-10-07T22:12:59 <Lenile> Tsumenokage
2014-10-07T22:13:09 <Lenile> Gordfang
2014-10-07T22:13:14 <Gordfang> ?
2014-10-07T22:13:16 <Lenile> J'sais pas qui c'est 8D
2014-10-07T22:13:22 <Tsumenokage> oui ?
2014-10-07T22:13:24 <Lenile> Le pire c'est Letarumavza
2014-10-07T22:13:29 * Lenile prend la fuite
2014-10-07T22:14:07 <Lenile> Nan Gordfang j'ai l'impression de te connaitre
2014-10-07T22:14:18 <Lenile> Mais Tsumenokage ... Que pouic
2014-10-07T22:14:23 <Gordfang> oui normal :D on c'est deja vu
2014-10-07T22:14:27 <Gordfang> le barbu fan d'octavia
2014-10-07T22:14:33 <Lenile> . . .
2014-10-07T22:14:34 <Lenile> e.e
2014-10-07T22:14:38 <Lenile> Me souvient plus e.e
2014-10-07T22:15:24 <Lenile> . . .
2014-10-07T22:15:29 <Lenile> Yaaaay o/
2014-10-07T22:15:31 <Letarumavza> Hum...
2014-10-07T22:15:35 <Lenile> Garcon ou fille ?
2014-10-07T22:15:37 <Gordfang> ah tu t'est inscrit r√©cement?
2014-10-07T22:15:37 <Letarumavza> L'est o√π trappy ?
2014-10-07T22:15:43 <Lenile> J'ai parl√© de bronycub √† 2 filles et un mec o/
2014-10-07T22:15:55 <Lenile> Gordfang : je ram√®ne du monde 8D
2014-10-07T22:16:08 <Gordfang> ^^
2014-10-07T22:16:32 <Lenile> Letarumavza : Je te dirais bien quelque chose de vulgaire mon ami.
2014-10-07T22:16:35 <Lenile> Dailleur Letar
2014-10-07T22:16:49 <Lenile> La fille aux cornes ou tu √©tait trop timide pour lui parl√©
2014-10-07T22:16:52 <Lenile> Elle est en couple.
2014-10-07T22:16:54 <Lenile> D√©soler.
2014-10-07T22:17:00 <Letarumavza> no problemo ^^
2014-10-07T22:17:16 <Lenile> Bah j'dit juste.
2014-10-07T22:17:17 <Letarumavza> J'ai un rendez vous avec une fille demain.
2014-10-07T22:17:23 <Lenile> Elle m'avais rajout√©e sur Facebook ~
2014-10-07T22:17:40 <Lenile> Tsumenokade : Tu est une fille ou un mec ? o.√¥
2014-10-07T22:17:48 <Letarumavza> (d'ailleurs pour √ßa que je cherche trappy)
2014-10-07T22:17:58 <Tsumenokage> plus un chapeau et un sabre en bois
2014-10-07T22:18:07 <Lenile> HAAAA OUIIII
2014-10-07T22:18:13 <Lenile> Dans la file du JDG !
2014-10-07T22:18:15 <Tsumenokage> ah :)
2014-10-07T22:18:18 <Tsumenokage> oui aussi
2014-10-07T22:18:22 <Tsumenokage> avec Stitch
2014-10-07T22:18:24 <Lenile> Je me souvient !
2014-10-07T22:18:30 <Lenile> Lenile √† une tres mauvaise m√©moire !
2014-10-07T22:18:36 <Lenile> Mais Lenile se souvient
2014-10-07T22:18:42 <Letarumavza> stitch => rei
2014-10-07T22:18:42 <Lenile> Lenile est heureux que tu nous ai rejoind !
2014-10-07T22:18:47 <Tsumenokage> ^
2014-10-07T22:18:50 <Tsumenokage> ^^
2014-10-07T22:18:59 <Lenile> Par contre Letar
2014-10-07T22:19:10 <Lenile> Tu vois aussi les point d'interrogation dans ces phrases ?
2014-10-07T22:20:57 <Lenile> Je vois les phrases de Tsumenokage buguer en fait
2014-10-07T22:21:11 <Letarumavza> nop, pas de ?
2014-10-07T22:21:20 <Lenile> Bizarre
2014-10-07T22:21:21 <Tsumenokage> ah bon ?
2014-10-07T22:21:24 <Tsumenokage> bizzare
2014-10-07T22:21:24 <Lenile> Ouais
2014-10-07T22:22:38 <Lenile> Bref
2014-10-07T22:22:47 <Lenile> Sache que j'ai une tres mauvaise m√©moire Tsume ~
2014-10-07T22:23:10 <Lenile> Et des que tu voudra au passage je pourrais te faire un T-shirt m√©ga swag du collectif ~
2014-10-07T22:23:16 <Lenile> J'suis devenu dou√© pour √ßa ~
2014-10-07T22:23:50 <Lenile> Letarumavza
2014-10-07T22:24:02 <Letarumavza> oui?
2014-10-07T22:24:07 <Lenile> Cet animasia √† reveler une grosse envie de Cosplay
2014-10-07T22:24:12 <Lenile> Tu me pr√®te ta Toge ?
2014-10-07T22:24:13 <Lenile> xD
2014-10-07T22:24:18 <Tsumenokage> ah le tee shirt classe que tu portais ?
2014-10-07T22:24:23 <Tsumenokage> oui je veus bien ^
2014-10-07T22:24:29 <Letarumavza> Nop, elle m'a cout√© dat blinde de l'infini...
2014-10-07T22:24:35 <Lenile> Je plaisante Letar
2014-10-07T22:24:38 <Letarumavza> (cousu main)
2014-10-07T22:24:42 <Lenile> J'vais me cosplay en Sora de No game no Life o/
2014-10-07T22:24:51 <Tsumenokage> ouah
2014-10-07T22:24:58 <Tsumenokage> bon choix
2014-10-07T22:25:09 <MaCharon> j'attend de voir ^^
2014-10-07T22:25:25 <Lenile> H√©h√©
2014-10-07T22:25:31 <Lenile> C'est u nCosplay Placard Sora
2014-10-07T22:25:39 <Letarumavza> Perso je pr√©pare un cosplay de Twisted Fate
2014-10-07T22:25:43 <Lenile> Tu peut le faire avec les fringues de ton armoire
2014-10-07T22:25:49 <Letarumavza> Mais en int√©gral.
2014-10-07T22:25:59 <Lenile> Mais du coup !
2014-10-07T22:26:05 <Lenile> J'ai juste le T-shirt √† coudre !
2014-10-07T22:26:21 <Lenile> Et dans environs 20 jours j'ai ma perruque
2014-10-07T22:26:53 <Letarumavza> http://img4.wikia.nocookie.net/__cb20121003231514/leagueoflegends/images/thumb/1/10/Twisted_Fate_Render.png/215px-Twisted_Fate_Render.png
2014-10-07T22:27:09 <Lenile> Bonne chance :o
2014-10-07T22:27:11 <Letarumavza> (et pour le fun) http://fc05.deviantart.net/fs71/i/2013/195/c/e/graves_vs_twisted_fate_by_sarianne-d6deuzh.jpg
2014-10-07T22:28:07 <Lenile> xD
2014-10-07T22:28:20 <Lenile> MaCharon Tu fera toujour le chat ? o/
2014-10-07T22:28:39 <Lenile> Faudrais que l'on fasse un gros drapeau "BronyCUB" pour le prochain animasia o/
2014-10-07T22:29:04 <MaCharon> ben a priori oui ah moins que je trouve autre chose entre temps
2014-10-07T22:29:12 <Tsumenokage> +1 pour le drapeau
2014-10-07T22:29:24 <MaCharon> +2
2014-10-07T22:29:27 <Letarumavza> Ou alors, on se met en commun et on pr√©pare des cosplays de ponies.
2014-10-07T22:29:27 <MaCharon> +42
2014-10-07T22:29:32 <Lenile> Une Fursuit de Chat Macharon
2014-10-07T22:29:33 <Letarumavza> (je prends le crossplay de zecora)
2014-10-07T22:29:48 <MaCharon> fursuit ?
2014-10-07T22:29:58 <Lenile> T'sait pas se que c'est ?
2014-10-07T22:30:10 <MaCharon> non
2014-10-07T22:30:19 <MaCharon> enfin la √ßa me dit rien
2014-10-07T22:30:21 <Lenile> http://www.google.fr/imgres?imgurl=http%3A%2F%2Fdogpatchpress.files.wordpress.com%2F2014%2F05%2Fsakura.jpg%253Fw%253D500&imgrefurl=http%3A%2F%2Fdogpatchpress.wordpress.com%2F2014%2F05%2F18%2Frenegade-fursuiting%2F&h=264&w=258&tbnid=6Gg7VlHniF4LhM%3A&zoom=1&docid=c17xLTpWxnB_VM&ei=T000VInzB9PYaoz4guAE&tbm=isch&iact=rc&uact=3&dur=296&page=1&start=0&n
2014-10-07T22:30:22 <Lenile> dsp=48&ved=0CEMQrQMwCw
2014-10-07T22:30:26 <Lenile> √ßa
2014-10-07T22:30:40 <Letarumavza> Fetish suit
2014-10-07T22:30:46 <MaCharon> aie mes yeux
2014-10-07T22:30:52 <Lenile> xD
2014-10-07T22:31:12 <MaCharon> salop >.< XD
2014-10-07T22:31:17 <Lenile> sinon je me suis buy une figurine de Leafa de SAO
2014-10-07T22:31:22 <Lenile> Le r√®ve ~
2014-10-07T22:31:35 <Lenile> Elle est magnifique ~
2014-10-07T22:31:41 <Letarumavza> rei a une figurine de tifa de FFVII
2014-10-07T22:31:47 <Letarumavza> (enfin je dis √ßa, je dis rien...)
2014-10-07T22:32:06 <MaCharon> niveau figurine je m'etait deja lach√© a la Japan Expo
2014-10-07T22:32:08 <Lenile> Leafa est plus belle !
2014-10-07T22:32:14 <Letarumavza> TIFA !!!
2014-10-07T22:32:21 <Lenile> LEAFA !!
2014-10-07T22:32:33 <Letarumavza> Matsumoto ?
2014-10-07T22:32:49 <Lenile> http://luckygrimdotorg.files.wordpress.com/2013/06/kirigaya-suguha-full-1331083.jpg
2014-10-07T22:32:50 <MaCharon> SHINOBU XD
2014-10-07T22:32:53 <Lenile> LEAFA QUOI !!!
2014-10-07T22:33:58 <Letarumavza> maou ?
2014-10-07T22:34:29 <Letarumavza> http://5.135.183.96:31114/h/32231d766035f619e53cba25d84c99c8a77a568f-165155-1000-1414-jpg/keystamp=1412714400-574830fe09/1365473_ZYXFZO3.jpg
2014-10-07T22:35:31 <Lenile> xD
2014-10-07T22:35:33 <Letarumavza> Alors ?
2014-10-07T22:35:41 <Lenile> Quoi ? x)
2014-10-07T22:35:54 <Letarumavza> maou > all
2014-10-07T22:36:07 <Lenile> Elodie √©tait cosplayer en elle nan ?
2014-10-07T22:36:20 <Letarumavza> Je ne pense pas
2014-10-07T22:36:24 <Letarumavza> (elle a pas le physique pour)
2014-10-07T22:36:50 <Letarumavza> anyway, j'ai un rdv demain.
2014-10-07T22:36:58 * Letarumavza danse.
2014-10-07T22:39:15 <Lenile> avec une fille ?
2014-10-07T22:39:28 <Letarumavza> Yep !
2014-10-07T22:39:37 <Lenile> Tu tes laver ?
2014-10-07T22:44:49 <MaCharon> gg le rdv
2014-10-07T22:52:44 *** Silou est parti
2014-10-07T22:55:17 *** Lenile est parti
2014-10-07T23:35:17 <Berry-Punch> Voil√† ce qu'il s'est pass√© ces 10 derni√®res lignes, adriens33 *hic* 
2014-10-07T23:35:19 *** adriens33 s'est connect√©
2014-10-07T23:39:48 *** QUIT :Quit: Bonne nuit tout le monde ‡ plus (sans doute demain Xp ) 2014-10-07T23:50:05 *** Gordfang est parti
2014-10-07T23:52:16 *** MaCharon est parti
