2014-12-18T00:01:52 *** ELiDYROS est parti
2014-12-18T00:09:54 *** TrappyTickles est parti
2014-12-18T01:02:31 *** ELiDYROS s'est connecté
2014-12-18T01:02:33 *** ELiDYROS est parti
2014-12-18T04:36:50 *** adriens33 s'est connecté
2014-12-18T05:16:20 *** adriens33 est parti
2014-12-18T11:57:37 *** adriens33 s'est connecté
2014-12-18T11:57:54 *** TrappyTickles s'est connecté
2014-12-18T12:35:55 *** Gordfang s'est connecté
2014-12-18T12:36:00 <Gordfang> yo!
2014-12-18T12:46:51 <adriens33> hello
2014-12-18T13:05:12 *** TrappyTickles_ s'est connecté
2014-12-18T13:08:31 *** TrappyTickles est parti
2014-12-18T13:37:55 *** adriens33 est parti
2014-12-18T14:04:25 *** adriens33 s'est connecté
2014-12-18T14:06:10 <adriens33> re les gens :)
2014-12-18T14:06:26 <adriens33> TrappyTickles_: t'a un _ dans ton nick ;)
2014-12-18T14:06:57 <TrappyTickles_> ..................
2014-12-18T14:07:25 *** TrappyTickles_ est parti
2014-12-18T14:16:41 <adriens33> bah ?..
2014-12-18T14:17:10 <adriens33> c'était juste pour le prévenir gentiment, pour qu'il puisse se reco avec le bon pseudo et que berry puisse le voice
2014-12-18T14:17:17 <adriens33> pourquoi il a pris la mouche ? :(
2014-12-18T15:20:57 *** ELiDYROS s'est connecté
2014-12-18T16:25:17 *** ELiDYROS est parti
2014-12-18T17:27:56 *** ELiDYROS s'est connecté
2014-12-18T17:39:31 <ELiDYROS> Sir Gordfang ?
2014-12-18T17:41:51 <adriens33> il roupille XD
2014-12-18T17:52:18 <Gordfang> quoi?
2014-12-18T18:00:25 <ELiDYROS> Ca va ?
2014-12-18T18:01:23 <ELiDYROS> J'ai chopé une nouvelle connexion internet, donc je vais tester le jeu online, et donc j'irai sûrement sur Smash. Si jamais tu veux jouer avec moi.
2014-12-18T18:04:21 <Gordfang> nope désolé, je vient de jouer toute une aprem sur smash je commence a saturé ^^
2014-12-18T18:04:40 <ELiDYROS> Fallait me dire, je t'aurais rejoint;
2014-12-18T18:05:02 <ELiDYROS> Un prochaine fois alors...
2014-12-18T18:05:53 <Gordfang> yep désolé
2014-12-18T18:06:08 <ELiDYROS> adriens33, je vais streamer du jeu indé ce soir (on m'a demandé ça pour faire des idées cadeaux). Si jamais tu es curieux
2014-12-18T18:06:32 <adriens33> ok, merci de m'avoir préviendu, je vais voir ça :)
2014-12-18T18:07:07 <ELiDYROS> vers 21h surement
2014-12-18T18:07:31 <ELiDYROS> En attendant, beh je sais pas ^^
2014-12-18T18:10:51 <ELiDYROS> adriens33, j'ai deux records de mes tests de tout à l'heure. Là je vais tester le streaming de la PS2.
2014-12-18T18:11:16 <adriens33> sur ta chaîne twitch ?
2014-12-18T18:12:23 <ELiDYROS> Oui
2014-12-18T18:12:34 <ELiDYROS> Ca marche nickel sur steam en 1080p
2014-12-18T18:12:53 <ELiDYROS> J'ai fait une vidéo en 720p 60fps et 1080p 30fps elles sont en VOD
2014-12-18T18:12:57 <ELiDYROS> sur twitch
2014-12-18T18:16:48 <ELiDYROS> Bon PS2 ça marche mais falloir que je gère mieux l'utilisation de mon CPU.
2014-12-18T18:17:24 <adriens33> pourquoi ? tu plafonnne ?
2014-12-18T18:17:28 <adriens33> -n
2014-12-18T18:18:10 <ELiDYROS> J'ai donné plus d'utilisation pour l'encodeur, mais les ému PS2 utilise beaucoup de ressources
2014-12-18T18:18:28 <ELiDYROS> Donc sur les autres jeux ça va pour le CPU mais sur l'ému il commence à souffrir un peu
2014-12-18T18:18:31 <adriens33> ah
2014-12-18T18:18:40 <adriens33> t'as quoi comme proc ?
2014-12-18T18:18:40 <ELiDYROS> Ca ne se ressent pas trop mais le son crachouille
2014-12-18T18:19:28 <ELiDYROS> J'ai un i7 2600
2014-12-18T18:19:33 <ELiDYROS> 3.4 Ghz
2014-12-18T18:20:52 <adriens33> d'accord
2014-12-18T18:20:54 <adriens33> ça va ^^
2014-12-18T18:21:02 <adriens33> (le mien :P http://ark.intel.com/products/47932/Intel-Core-i7-980X-Processor-Extreme-Edition-12M-Cache-3_33-GHz-6_40-GTs-Intel-QPI )
2014-12-18T18:22:50 <ELiDYROS> Je connais pas
2014-12-18T18:23:10 <ELiDYROS> Ah enfin, pour la session ça se fera à partir de Lundi (quand je sais pas encore)
2014-12-18T18:23:22 <ELiDYROS> Ivan est en vacances à ce moment là c'est pour ça
2014-12-18T18:26:11 <adriens33> dac
2014-12-18T18:26:22 <adriens33> (bah c'set pour ça que je te met le lien avec les spec :P)
2014-12-18T18:37:57 <ELiDYROS> Quand tu auras 5 min, tu me diras si tu as 60fps constantes sur ça http://www.twitch.tv/elidyros/b/600569131
2014-12-18T18:38:10 <ELiDYROS> Parce que sur mon pc ça tourne bien et pas sur mon portable
2014-12-18T18:38:24 <ELiDYROS> J'ai donc peur que la vidéo soit un peu trop gourmande
2014-12-18T18:43:19 <adriens33> oki
2014-12-18T18:44:40 <adriens33> au moins sur la première minute ça m'a l'air super :)
2014-12-18T18:45:15 <adriens33> c'est ptet ton laptop qu'a du mal a render du 60fps ? t'as quoi comme matos ?
2014-12-18T18:47:33 <adriens33> correction: en fullscreen ça va, en normal si je fais autre chose a coté effectivement la vidéo a un peu de mal ^^"
2014-12-18T18:51:08 <ELiDYROS> Ok
2014-12-18T18:51:23 <ELiDYROS> Merci. C'est à prendre en compte du coup.
2014-12-18T18:52:15 <adriens33> XD j'adore ton mail XD
2014-12-18T18:52:26 <adriens33> « Quoi y'a des chats ? j'vais ptet venir alors »
2014-12-18T19:08:40 *** flutterbrony s'est connecté
2014-12-18T19:09:33 <flutterbrony> bonsoir
2014-12-18T19:12:57 <adriens33> salut flutterbrony
2014-12-18T19:13:03 <adriens33> comment va ?
2014-12-18T19:15:47 <flutterbrony> a peu près bien et toi ?
2014-12-18T19:16:02 <adriens33> ça va ^^ comment ça à peu près ?
2014-12-18T19:16:55 <flutterbrony> Je suis malade depuis le début de la semaine, mais ça vas bien finir par passer (assez vite j'espère)
2014-12-18T19:17:17 <adriens33> ah ^^"
2014-12-18T19:17:30 <adriens33> bah c'est l'hiver, ça arrive
2014-12-18T19:17:57 <flutterbrony> Et j'ai un devoir de 3 pages a finir pour demain aussi
2014-12-18T19:18:10 <adriens33> ah. c'est pas bien de faire ses devoirs la veille XD
2014-12-18T19:18:54 <flutterbrony> ah je sais mais de base, ça devais être pour après les vacances
2014-12-18T19:19:34 <flutterbrony> Il a juste décidé de changer la date Mardi dernier et l'a donné a faire a juste 5 élèves dont moi ...
2014-12-18T19:21:57 <adriens33> sérieux ??
2014-12-18T19:22:04 <adriens33> putain…
2014-12-18T19:22:19 <flutterbrony> Ouais, mais ce profs est hyper bizzar de toute façon
2014-12-18T19:23:05 <adriens33> Comment ça ?
2014-12-18T19:23:11 <flutterbrony> il note a la tête du client (je l'ai pas cru quand on m'a dit ca mais j'ai vérifié et c'est flagrant)
2014-12-18T19:23:36 <adriens33> Ok… Déjà ça c'est pas trop trop autorisé normalement… XD
2014-12-18T19:24:26 <flutterbrony> J'ai regardé sur la copie de mon voisin qui a eu 4 et qui avais mit casiment tout les élements de la correction avec celle d'un autre qui a eu 12 et qui a même pas mit le quart de ce qu'il demandais
2014-12-18T19:26:02 <flutterbrony> Celui-là dort en classe les 3/4 du temps en plus et il accuse son voisin qui travaille de ne pas être assez éveillé ...
2014-12-18T19:26:31 <flutterbrony> Que des trucs comme ça quoi ...
2014-12-18T19:27:17 <flutterbrony> Ah et oui on lui a demandé pourquoi il avais mis 12 a celui qui dort et il a dit parce qu'il a sûrement triché :/
2014-12-18T19:27:19 <adriens33> ah ouai, en effet…
2014-12-18T19:27:25 <adriens33> ._.
2014-12-18T19:27:26 <flutterbrony> le truc qui m'a le plus choqué
2014-12-18T19:27:45 <adriens33> « pourquoi vous lui avez mis une bonne note ?
2014-12-18T19:27:45 <adriens33> — parce qu'il a triché »
2014-12-18T19:27:45 <adriens33> whaaat
2014-12-18T19:28:16 *** ELiDYROS est parti
2014-12-18T19:28:31 <flutterbrony> T'imagine ma tête a ce moment la ?
2014-12-18T19:28:41 <adriens33> « pourquoi j'ai eu 2 ?
2014-12-18T19:28:42 <adriens33> — parce que tu as tout appris, que tu bosses trop et que t'a pas de vie sociale donc voila ta gueule, c'est magique. »
2014-12-18T19:28:57 <adriens33> un peu ouai..
2014-12-18T19:30:05 <flutterbrony> Pour lui il doit tricher au 12 vingtième et moi au 6 vingtième et mon voisin au 4 vingtième ^^
2014-12-18T19:30:23 <adriens33> ...
2014-12-18T19:30:29 * adriens33 faceground
2014-12-18T19:30:52 <adriens33> I don't want to live on this planet anymore.
2014-12-18T19:32:03 <flutterbrony> Moi je travail pour mon bac après mais s'il n'y avais pas le bac, je pense que j'aurais laissé tombé
2014-12-18T19:32:34 *** ELiDYROS s'est connecté
2014-12-18T19:34:33 <adriens33> ouais, j'peux comprendre.
2014-12-18T19:36:09 <flutterbrony> Surtout que j'ai fait un petit test, avec un devoir ou j'ai travaillé normalement, un ou j'ai énormément travaillé et un ou j'ai pas bossé et je me suis pris 6 6 et 6.25
2014-12-18T19:36:30 <flutterbrony> dans l'ordre bien sûr
2014-12-18T19:38:11 <adriens33> ouech
2014-12-18T19:38:14 <adriens33> *ouch
2014-12-18T19:38:20 <adriens33> ça pique fort là
2014-12-18T19:38:42 <adriens33> c'est quoi ce prof sérieux ? faut le report à l'académie là..
2014-12-18T19:39:18 <flutterbrony> Ça a déjà été fais d'après mon prof principal
2014-12-18T19:40:36 <adriens33> ok~
2014-12-18T19:40:37 <adriens33> *…
2014-12-18T20:21:34 <flutterbrony> re, je viens de virer un virus sur le pc de mon père qu'aucun anti-virus ne détectais entre Mcafee Avast Malwarebyte, Microsoft Security Essentials, AVG, Kaspersky, Norton
2014-12-18T20:22:52 <adriens33> macafee=grosse daube
2014-12-18T20:23:06 <adriens33> Norton=virus
2014-12-18T20:23:09 <adriens33> (ou presque)
2014-12-18T20:23:59 <adriens33> sinon quand t'a un doute sur un fichier tu le pose sur virustotal.com
2014-12-18T20:24:11 <adriens33> ça le teste sur une 50aine d'antivirus
2014-12-18T20:24:19 <adriens33> histoire d'être sûr :P
2014-12-18T20:26:20 <flutterbrony> ouais mais j'avais pas de doute
2014-12-18T20:26:30 <flutterbrony> smartquelques chose
2014-12-18T20:27:02 <adriens33> ah. ^^
2014-12-18T20:27:08 <flutterbrony> il créais des pub aux couleurs du site que tu visitais et redirigeais tous les liens sur des pubs
2014-12-18T20:27:16 <adriens33> (beurk)
2014-12-18T20:27:27 <flutterbrony> pour ce que t'as  dit, je le savais mais je les ai trouvé déjà présent sur le HDD
2014-12-18T20:27:34 <adriens33> fire! kill it with fire!
2014-12-18T20:27:41 <adriens33> ok d'ac
2014-12-18T20:27:44 <flutterbrony> dont j'en ai profité pour les tester
2014-12-18T20:27:53 * adriens33 attrappe un lance flammes
2014-12-18T20:27:56 <adriens33> mouhahaha.
2014-12-18T20:28:49 <flutterbrony> le virus s'appellais EEBshHdVuUtiY dans le gestionnaires des taches et étais dans C;Program_DataMblokFsU
2014-12-18T20:29:08 <adriens33> Ok… XD
2014-12-18T20:29:21 <adriens33> les devs de virus ont plus d'imagination on dirait
2014-12-18T20:29:36 <adriens33> maintenant ils martèlent leur clavier avec les fesses pour trouver un nom
2014-12-18T20:29:37 <flutterbrony> impossible de le trouver dans la liste des programmes, ni de le supprimer manuellement ni de le renommer etc ...
2014-12-18T20:29:37 <adriens33> XL
2014-12-18T20:29:39 <adriens33> * XD
2014-12-18T20:29:54 <adriens33> oui, la bonne saleté de base quoi.
2014-12-18T20:29:56 <flutterbrony> J'ai booté sur linux et e l'ai suppr de là
2014-12-18T20:30:07 <flutterbrony> Je voulais pas me faire chier
2014-12-18T20:30:22 <flutterbrony> MAis je peux pas le supprimer du registre parce que j'ai pas le droit
2014-12-18T20:30:39 <adriens33> ah..
2014-12-18T20:30:51 <adriens33> bah tu peut pas ouvrir regedit en admin ?
2014-12-18T20:30:55 <flutterbrony> Tout les droits sur ses clé lui revienne
2014-12-18T20:31:04 <flutterbrony> oui mais l'admin n'a pas le droit d'y toucher
2014-12-18T20:31:16 <flutterbrony> system non plus
2014-12-18T20:31:17 <adriens33> ahf bah ça veut dire qu'il y a un autre bout ailleurs qui les réécrit alors
2014-12-18T20:31:24 <adriens33> system forcément si.
2014-12-18T20:31:34 <adriens33> tu peux pas empecher system de faire quoi que ce soit
2014-12-18T20:31:42 <adriens33> c'est le root de windows :P
2014-12-18T20:31:58 <adriens33> si ça bloque c'est que y'a un truc ailleurs qui te les remet
2014-12-18T20:32:11 <flutterbrony> non, il a pas le droit d'écrire sur cette partie par contre l'utilisateur crée il y a 2 jour le peux
2014-12-18T20:32:27 <flutterbrony> et system n'a aucun droit dessus
2014-12-18T20:32:50 <adriens33> system a pas besoin d'avoir le droit sur quoi que ce soit, c'est le systeme lui meme, pas un user admin ou lambda.
2014-12-18T20:33:06 <adriens33> c'est comme faire -r sur un fichier sous linux, ca empeche pas root de le lire.
2014-12-18T20:33:32 <flutterbrony> bah dans la gestion des droits sur l'utilisateur system, il n'a rien comme droit et je peux pas les lui donner dessus
2014-12-18T20:34:05 <flutterbrony> d'ailleur, je peux en donner a personne sur ces clé
2014-12-18T20:34:09 <adriens33> bah en normal y'a des protections tu sais, t'es pas sensé avoir acces à cet utilisateur la justement parce que c'est le systemem
2014-12-18T20:34:13 <adriens33> *systeme
2014-12-18T20:34:24 <adriens33> bah parce qu'elles doivent être verrouillées alors
2014-12-18T20:34:44 <flutterbrony> au pire, c'est rien
2014-12-18T20:35:13 <adriens33> bah si t'a une saloperie dans ton système c'est pas rien, si.
2014-12-18T20:35:19 <adriens33> tu sais pas ce qu'elle fait dans ton dos
2014-12-18T20:35:24 <flutterbrony> le pc a regagné en vitesse et il n'envoie plus de pub
2014-12-18T20:35:33 <adriens33> déjà que windows lui meme tu peux pas en être sur… XD
2014-12-18T20:35:40 <adriens33> bah c'est un bon début
2014-12-18T20:35:49 <flutterbrony> elle permet de créer des pub, de le controler a distance aussi apperament
2014-12-18T20:36:15 <adriens33> au pire tu met une machine entre ce pc et la box et tu monitor les paquets qui passent avec wireshark pour voir s'il fait quoi que ce soit de suspec.t.
2014-12-18T20:36:17 <adriens33> *suspect
2014-12-18T20:37:50 <flutterbrony> au pire il ne reste que des cle de registre erronée maintenant
2014-12-18T20:38:37 <flutterbrony> D'après ccleaner, ces clé ne correspondent a rien mais il ne peux pas les virer
2014-12-18T20:39:04 <flutterbrony> d'ailleurs, je vais essayer de restaurer une sauvegarde du registre datant d'avant ce virus
2014-12-18T20:51:42 <flutterbrony> ok, les clé ont disparut ^^
2014-12-18T20:55:57 <adriens33> cool :)
2014-12-18T20:57:49 *** Bybeez s'est connecté
2014-12-18T20:57:56 <adriens33> salut By
2014-12-18T20:58:09 <adriens33> *Bybeez
2014-12-18T20:58:16 <adriens33> (grr vilain tab ><)
2014-12-18T20:58:22 <Bybeez> Yo !
2014-12-18T20:58:29 <Bybeez> Comment va ?
2014-12-18T20:58:32 <adriens33> bien ^^
2014-12-18T20:58:34 <adriens33> et toi Q
2014-12-18T20:58:35 <adriens33> * ?
2014-12-18T20:58:57 <flutterbrony> salut
2014-12-18T20:59:16 <Bybeez> Tranquille tranquille
2014-12-18T20:59:30 <Bybeez> Salut flutterbrony comment va ?
2014-12-18T21:00:27 <flutterbrony> a peu près bien
2014-12-18T21:01:49 <flutterbrony> J'ai un ami qui viens de découvrir la chaîne youtube de the living tombstone pour ses musique sur FNAF ^^
2014-12-18T21:02:36 <Bybeez> Ah cool
2014-12-18T21:02:45 <Bybeez> *vous laisse car il va jouer lol)
2014-12-18T21:03:09 <flutterbrony> ok @+ Bybeez
2014-12-18T21:04:35 <adriens33> ++ Bybeez
2014-12-18T21:10:14 *** ELiDYROS est parti
2014-12-18T21:27:15 *** ELiDYROS s'est connecté
2014-12-18T21:37:15 *** adriens33 est parti
2014-12-18T21:43:30 *** adriens33 s'est connecté
2014-12-18T21:46:14 <flutterbrony> re
2014-12-18T22:41:35 <flutterbrony> Ok plus personne
2014-12-18T22:43:59 <Gordfang> ?
2014-12-18T22:47:28 <flutterbrony> ah si ^^
2014-12-18T22:54:10 <Bybeez> Poof me revoila !
2014-12-18T22:55:51 <adriens33> si y'a des gens flutterbrony
2014-12-18T22:55:57 <adriens33> re Bybeez
2014-12-18T22:56:21 <flutterbrony> re Bybeez re adriens33
2014-12-18T22:57:18 <adriens33> (j'suis pas parti moi, j'avais juste pas la fenetre irc en face :P)
2014-12-18T22:57:31 <Bybeez> ELiDYROS, tu m'as pas répondu sur facebook, si tu faisait des pokémons parfait ou pas vu que tu me défi en duel, je veux savoir a quoi m'attendre ^^
2014-12-18T22:58:27 <adriens33> il stream la
2014-12-18T22:58:38 <adriens33> donc y'a des chances qu'il te réponde pas :P
2014-12-18T22:58:47 <Bybeez> Ok
2014-12-18T22:58:51 <adriens33> (sauf si tu va sur sa chaine twitch :p)
2014-12-18T22:59:05 <Bybeez> Flemme, je regarde deja une vidéo ^^
2014-12-18T22:59:07 <adriens33> XD
2014-12-18T23:05:01 *** ELiDYROS_ s'est connecté
2014-12-18T23:05:23 *** ELiDYROS_ est parti
2014-12-18T23:09:25 <flutterbrony> Bon bah, je crois que je vais y aller. bonne nuit a tous si je ne reviens pas ^^
2014-12-18T23:09:46 *** flutterbrony est parti
2014-12-18T23:17:22 <Bybeez> Bon j'y vais moi aussi !! Bonne nuit les poney !
2014-12-18T23:17:25 *** Bybeez est parti
2014-12-18T23:30:35 *** ELiDYROS est parti
2014-12-18T23:52:04 *** ELiDYROS s'est connecté
2014-12-18T23:54:43 *** adriens33 est parti
