2014-12-20T01:14:01 *** MaCharon est parti
2014-12-20T03:08:52 *** ELiDYROS s'est connecté
2014-12-20T03:08:55 *** ELiDYROS est parti
2014-12-20T10:41:28 *** TrappyTickles s'est connecté
2014-12-20T11:29:11 *** adriens33 s'est connecté
2014-12-20T12:12:29 *** MaCharon s'est connecté
2014-12-20T12:12:37 <MaCharon> hay
2014-12-20T12:12:41 <MaCharon> haey
2014-12-20T12:12:53 <MaCharon> hey
2014-12-20T12:13:19 <MaCharon> mmmhhh je suis pas tres frai ce matin
2014-12-20T12:17:47 <adriens33> salut
2014-12-20T12:17:57 <adriens33> « il est pas frais ton poisson ! »
2014-12-20T12:18:07 <adriens33> « vient m'le dire ici qu'il est pas frais !! »
2014-12-20T12:18:20 <MaCharon> ah les souvenirs ^^
2014-12-20T12:18:23 <adriens33> ^^
2014-12-20T12:18:33 <adriens33> t'a fait la fête avec Berry hier soir ? XD
2014-12-20T12:18:57 <MaCharon> même pas mais le matin je galere un peu
2014-12-20T12:22:00 <adriens33> bah prend toi un café :) ça réveille bien ça
2014-12-20T12:22:06 <adriens33> *prends
2014-12-20T12:22:26 <MaCharon> j'aime pas le café, moi c'est le jus d'orange
2014-12-20T12:22:45 <adriens33> ouai mais le jus d'orange ça te donne pas la peche.
2014-12-20T12:23:10 <MaCharon> si si
2014-12-20T12:56:39 <adriens33> (en tout cas moi quand je me lève en mode zombie, il me faut plus qu'un jus d'orange pour me mettre d'aplomb XD)
2014-12-20T12:57:04 <MaCharon> ben apres faut le temps que ça agisse
2014-12-20T13:09:30 *** Gordfang s'est connecté
2014-12-20T13:09:53 <Gordfang> yo
2014-12-20T13:10:01 <MaCharon> salut
2014-12-20T13:11:29 <Gordfang> ca va?
2014-12-20T13:12:43 <MaCharon> tranquille, je me réveille doucement et réfléchi a ce que je vais faire (ou pas) aujourd'hui ^^
2014-12-20T13:18:58 <Gordfang> ah bas gg feignasse ^^
2014-12-20T13:19:04 *** heuzef s'est connecté
2014-12-20T13:19:14 <MaCharon> rien n'est en fixé
2014-12-20T13:19:25 <MaCharon> n'est encore*
2014-12-20T13:19:28 <heuzef> yop
2014-12-20T13:19:47 <heuzef> Ouais ba moi tranquillerais milieu d'aprem j'irrais au calice du dragon
2014-12-20T13:19:54 <Gordfang> yo
2014-12-20T13:20:24 <MaCharon> ok
2014-12-20T13:20:35 <heuzef> Gordfang je vais y retrouver des gens pour faire avancer ce projet d'accueil des nouveau qui traine bien trop
2014-12-20T13:20:54 <heuzef> ça serais cool qu'on en discute tous enssemble
2014-12-20T13:21:05 <Gordfang> ok je pourrai pas venir dans tous les cas je suis pas sur bordeaux et en plus c'est pas le moment
2014-12-20T13:21:21 <heuzef> ok
2014-12-20T13:21:26 <heuzef> ça va au moins ?
2014-12-20T13:22:00 <Gordfang> mouai mon grand père est a l'hopital
2014-12-20T13:22:16 <heuzef> Grâve ? :(
2014-12-20T13:23:01 <Gordfang> je pense
2014-12-20T13:23:15 <heuzef> Tu tiens le coup ?
2014-12-20T13:23:36 <Gordfang> oui tkt pas pour moi
2014-12-20T13:24:15 <Gordfang> y en as qui regarde la legende de korra ici?
2014-12-20T13:24:56 <MaCharon> moi
2014-12-20T13:25:07 <Gordfang> tu as vu le final?
2014-12-20T13:25:24 <heuzef> Connais pas, je rajout à ma liste de série a voir =)
2014-12-20T13:25:26 <MaCharon> nn je viens de voir le 12
2014-12-20T13:25:49 <Gordfang> heuzef avatar : le dernier maitre de l'air et avatar : la légende de korra
2014-12-20T13:26:02 <Gordfang> même si je préfère franchement la legende de korra
2014-12-20T13:26:14 <Gordfang> macharon tu as de la chance j'ai faillu faire un gros spoil XD
2014-12-20T13:26:20 <MaCharon> l'inverse pour moi
2014-12-20T13:26:42 <MaCharon> je prefere Aang, au moins il vaut quelque chose en 1vs1
2014-12-20T13:27:29 <Gordfang> ouai mais les méchants de korra on beaucoup plus de gueulle (ah par unalak celle saison c'était du grand n'importe quoi XD)
2014-12-20T13:27:42 <Gordfang> et en plus c'est faux : korra ce demerde très bien en 1v1
2014-12-20T13:28:17 <MaCharon> a chaque fois qu'elle se bat elle se fait poutrer
2014-12-20T13:28:25 <MaCharon> mais a part ça....
2014-12-20T13:28:29 <Gordfang> quel combat?
2014-12-20T13:28:35 <MaCharon> .....tous
2014-12-20T13:28:52 <MaCharon> a part les fin de saisons et encore...
2014-12-20T13:28:52 <Gordfang> .... elle poutre kuvira en 1v1 la 2eme fois
2014-12-20T13:28:59 <Gordfang> Zaheer sa compte pas elle était empoisonner
2014-12-20T13:29:10 <Gordfang> unalak était buff par l'esprit
2014-12-20T13:29:16 <MaCharon> ben il y a interet vu la premiere fois
2014-12-20T13:29:19 <Gordfang> et le lieutenant c'était le début elle s'entrainer encore
2014-12-20T13:30:11 <MaCharon> maitrise de 4 element VS la terre et le metal et elle trouve le moyen de perdre...
2014-12-20T13:30:53 <Gordfang> PTSD + reste du poison : Et ce n'est pas car tu controle qu'un élément que tu est forcement plus nul
2014-12-20T13:31:23 <Gordfang> kuvira à un énorme maîtrise de son élément c'est pour ça qu'elle est si forte
2014-12-20T13:31:42 <MaCharon> je dit pas ça mais c'est justement pour dire que Korra maitrise tres mal ses elements
2014-12-20T13:32:21 <Gordfang> PTSD + reste du poison -> après 2 ans et 6 mois a rien faire aussi tu perd tes moyens
2014-12-20T13:32:33 <MaCharon> avant c'etait pas mieux
2014-12-20T13:32:33 <Gordfang> surtout quand le poison t'empeche de te donner a fond
2014-12-20T13:33:17 <Gordfang> et puis franchement aang n'a pas gagner tous ces combat tous seul
2014-12-20T13:33:45 <MaCharon> nn mais quand il se battait ça avait plus de gueule au moins
2014-12-20T13:34:10 <MaCharon> j'attend de voir la fin de la s4 mais je m'attend pas a grand chose
2014-12-20T13:34:18 <Gordfang> mouai pour aang
2014-12-20T13:35:11 <Gordfang> dans tous les cas j'ai largement plus accrocher a korra qu'a dernier maitre de l'air
2014-12-20T13:40:38 *** flutterbrony s'est connecté
2014-12-20T13:42:11 <flutterbrony> bonjour tout le monde ! C'est une belle journée qui nous attends, bien ... froide .... et ... pleine ... ... de ... nuage ?
2014-12-20T13:42:26 <MaCharon> ouai pour changer
2014-12-20T13:42:38 * flutterbrony arrête de regarder sa fenêtre
2014-12-20T13:56:04 *** Bybeez s'est connecté
2014-12-20T13:56:07 <Bybeez> Salut les chocolatines !
2014-12-20T13:56:22 <MaCharon> salut
2014-12-20T13:56:28 <Bybeez> Comment va ?
2014-12-20T13:56:41 <MaCharon> tranquille
2014-12-20T13:57:00 <MaCharon> t'y vas vers quelle au Calice ?
2014-12-20T13:57:06 <flutterbrony> J'en ai pas eu ce matin ! ;(
2014-12-20T13:57:13 * flutterbrony pleure ;(
2014-12-20T13:57:22 <Bybeez> vers 16h l'ouverture
2014-12-20T13:57:33 <flutterbrony> Salut Bybeez
2014-12-20T13:57:39 <MaCharon> ok
2014-12-20T14:15:32 <adriens33> hello Bybeez
2014-12-20T14:16:01 <Bybeez> chalut
2014-12-20T14:17:22 <adriens33> waaa mais y'a du monde sur irc aujourd'hui :)
2014-12-20T14:17:36 * adriens33 vient de s'acheter un cerveau
2014-12-20T14:17:58 <Bybeez> Ouais, c'est plutôt impressionnant je trouve
2014-12-20T14:18:33 *** flutterbrony est parti
2014-12-20T14:20:37 <heuzef> adriens33 tu viens avec nous cet aprem ? =)
2014-12-20T14:27:05 *** flutterbrony s'est connecté
2014-12-20T14:32:27 <adriens33> heuzef: où ça  ?
2014-12-20T14:32:37 <adriens33> Bybeez: ouais totalement XD
2014-12-20T14:39:41 <heuzef> adriens33 on va faire un tour dans notre nouveau QG cet aprem :D
2014-12-20T14:39:47 <adriens33> ah.
2014-12-20T14:41:18 <adriens33> je sais pas trop.
2014-12-20T14:41:40 <flutterbrony> re
2014-12-20T14:42:01 <heuzef> Qu'est-ce qui te fait hésiter ? La flemingite ?
2014-12-20T14:43:41 <adriens33> ...
2014-12-20T14:43:54 <Bybeez> Aller viens... on sera bien
2014-12-20T14:45:51 <flutterbrony> Tiens j'ai été déco ? mais pourquoi ?
2014-12-20T14:45:59 <adriens33> flutterbrony: parce que c'est gratuit
2014-12-20T14:46:21 <adriens33> bof chais pas trop
2014-12-20T14:46:52 <Bybeez> Il y a des chats, et du thé !!!
2014-12-20T14:47:30 <adriens33> je suis asthatique.
2014-12-20T14:47:35 <adriens33> *asthmatique
2014-12-20T14:47:43 <adriens33> mes poumons aiment pas les chats :(
2014-12-20T14:47:43 <Bybeez> Mince
2014-12-20T14:48:08 <heuzef> Ha pas cool
2014-12-20T14:48:10 <flutterbrony> pareil mais je m'en fou ^^ j'irais quand même un jour ^^
2014-12-20T14:48:26 <heuzef> oui pas obliger te vous coller aux chats
2014-12-20T14:48:29 <adriens33> heu…
2014-12-20T14:48:46 <adriens33> si y'a plein de chats et/ou de la moquette y'a pas de je m'en fous ou pas
2014-12-20T14:48:57 <adriens33> je veux pas me retrouver aux urgences, hein.
2014-12-20T14:49:06 <heuzef> (la c'est le moment ou il râle pour contredire)
2014-12-20T14:49:18 <heuzef> Ok ok ba dommage alors ^^
2014-12-20T14:49:26 <Bybeez> Mais l'esprit de sacrifice et l'amitié et tout ça ?
2014-12-20T14:49:30 <adriens33> ...
2014-12-20T14:49:31 <Bybeez> XD
2014-12-20T14:49:42 <adriens33> j'essaierai de passer mais pas cet aprem
2014-12-20T14:49:51 <heuzef> dac
2014-12-20T14:49:57 <Bybeez> Je rigole si c'est trop dangereux pour toi va pas te faire du mal
2014-12-20T14:50:10 <heuzef> Essaye peut-être de venir pour le nouvel an
2014-12-20T14:53:15 <flutterbrony> Moi je comptais essayer d'y passer justement ^^
2014-12-20T14:53:41 <Bybeez> Moi c'est sur je passe le nouvel an la bas
2014-12-20T14:54:48 <flutterbrony> au faite, on les reconnais a quoi les épisodes recoloré d'MLP heuzef ?
2014-12-20T14:55:35 <Bybeez> (Serieux je les ai tous téléchargé il y a un mois ça me prend 100go juste pour mlp XD)
2014-12-20T14:56:42 <flutterbrony> Parce que j'ai les 4 saisons en .mkv avec sous titres en FR et EN dans le mkv (pas incrusté a la vidéo) et les pistes audio Français et Anglais (et Allemands pour les premiers seulement)
2014-12-20T14:57:01 <flutterbrony> ca me prends 98 Go
2014-12-20T14:57:17 <flutterbrony> au total
2014-12-20T14:57:48 <flutterbrony> et bien sur en 1080p
2014-12-20T15:00:33 <adriens33> heuzef: ouai, j'essairai pour le nouvel an
2014-12-20T15:01:53 <heuzef> flutterbrony faut voir avec notre expert TrappyTickles ;)
2014-12-20T15:02:09 <heuzef> Et pour BBBFF on estime dans les 300 à 500 Go de data
2014-12-20T15:02:49 <TrappyTickles> pour reconnaire les vidéos, c'est simplement beaucoup plus coloré. chez yayponies, ils sont estampillés CC normalemetn, et les saisons 1 et 2 ont un jingle madman à la con au début
2014-12-20T15:03:12 <flutterbrony> ah alors c'est les rocoloré que j'ai
2014-12-20T15:03:36 <heuzef> flutterbrony tu doit maintenant avoir accès a ce document  https://docs.google.com/spreadsheets/d/1lcnE2b7eBalyBrVec-Mn4c97_miCxfyAo7J-sUiog9U/edit
2014-12-20T15:04:15 <heuzef> Pour les pistes audio, on été partie sur le principe de n'avoir que la VO et rien d'autre en faite
2014-12-20T15:04:27 <heuzef> Pour nous eviter une charge de boulot inutile au possible
2014-12-20T15:04:45 <flutterbrony> ouais, j'ai vu dans mes mails, c'est ce qui m'a amené a te demander pour les épisodes recoloré ^^
2014-12-20T15:04:55 <heuzef> Parceque à par la VO y'a rien qui mérite d'être vu honnêtement
2014-12-20T15:05:12 <Bybeez> Le jap c'est marant vite fait
2014-12-20T15:05:39 <heuzef> Oui les autres langues sont "marrantes" mais franchement vu le boulot que ça va demander pour ça .....
2014-12-20T15:05:40 <flutterbrony> bah, je comptais faire des DVDs multilangue complet, donc j'itegrais toutes les version a mes mkv
2014-12-20T15:05:54 <Bybeez> Ah mais il y as winter wrap up en français
2014-12-20T15:06:19 <heuzef> !muffin Bybeez
2014-12-20T15:06:27 <Bybeez> Hey !
2014-12-20T15:06:44 <flutterbrony> Si vous voulez pas les atres version, ca me demande que 5 sec par épisodes a enlever avec dmmediaconverter sous linux
2014-12-20T15:07:12 <heuzef> flutterbrony oui on va garder que la VO avec STR VO+VF
2014-12-20T15:07:19 <heuzef> Tiens d'ailleur me faut ajouter ça
2014-12-20T15:07:48 <adriens33> Bybeez: va mourir, winter wrap up il existe pas en français ><
2014-12-20T15:08:40 <Bybeez> Les vf c'est vraiment les pires trucs que j'ai put chercher sur youtueb (et pourtant j'en ai chercher des trucs)
2014-12-20T15:08:48 <adriens33> ouai…
2014-12-20T15:09:34 <heuzef> Je m'écoute celle-ci en boucle actuellement : https://www.youtube.com/watch?v=Si1fvQaLSyA
2014-12-20T15:10:20 <Bybeez> C'est super sympa
2014-12-20T15:11:25 <heuzef> Ouais, va falloir ce faire un dossier musique aussi parceque y'a des méchantes perles
2014-12-20T15:11:44 <heuzef> De quoi faire des playlist de fou furieux pendant les fêtes du nouvel an tiens
2014-12-20T15:11:59 <Bybeez> Il y a moyen ouais
2014-12-20T15:12:18 <Bybeez> (après moi je cherche pas trop de musique dans les truc de la commu')
2014-12-20T15:13:04 <heuzef> https://hoofsounds.little.my/
2014-12-20T15:13:09 <heuzef> Install ça d'urgence ;)
2014-12-20T15:13:27 <flutterbrony> XD
2014-12-20T15:13:44 <flutterbrony> Tu m'as fais penser qu'il fallais que je l'installe sur opera
2014-12-20T15:14:13 <heuzef> En ce moment j'ecoute une radio latinos
2014-12-20T15:14:27 <heuzef> Quand j'entend fluttershy avec l'accens espagnol je suis plié
2014-12-20T15:14:38 <flutterbrony> ah toi aussi ? ^^
2014-12-20T15:15:19 <Bybeez> Moi c'est la voix Jap' de Fluttershy qui me fait tripper
2014-12-20T15:15:24 <Bybeez> elle est tellement adorable
2014-12-20T15:21:10 <Bybeez> Heuzef ? On se retrouve a l'arret porte de bourgogne ? vu que je suis jamais venu je veux pas me perdre
2014-12-20T15:21:34 <heuzef> Bybeez pas possible que tu te perde avec les indications du site ;)
2014-12-20T15:21:54 <Bybeez> Mouais
2014-12-20T15:22:03 <heuzef> http://www.bronycub.org/qg.php
2014-12-20T15:22:55 <heuzef> Au pire tu m'appel si t'es perdu ;)
2014-12-20T15:23:13 <flutterbrony> Je serais bien venu mais je suis encore un peu malade et je veux pas prendre de risque
2014-12-20T15:23:15 <MaCharon> quelqu'un a le code pour entrer ?
2014-12-20T15:23:32 <heuzef> MaCharon: http://www.bronycub.org/qg.php
2014-12-20T15:23:44 <Bybeez> ok, c'est quelle radio la radio Latinos ?
2014-12-20T15:23:52 <heuzef> Personne ce donne la peine de regarder cette page je pense :/
2014-12-20T15:24:03 <flutterbrony> si moi :)
2014-12-20T15:24:13 <Bybeez> Je l'ai regarder au moins 5fois depuis qu'elle est là
2014-12-20T15:24:16 <MaCharon> je sais qu'il faut appeler mais moi je parlais du code de la porte
2014-12-20T15:24:28 <Bybeez> mais je n'arrive pas a mémoriser les information que je lit
2014-12-20T15:24:30 <flutterbrony> je l'ai regardé 4-5 fois depuis qu'elle est là
2014-12-20T15:24:34 <heuzef> Bybeez:  http://www.mlp-la.com/
2014-12-20T15:24:40 <MaCharon> pareil j'ai deja lu
2014-12-20T15:24:51 <flutterbrony> 68030 il me semble
2014-12-20T15:24:55 <heuzef> MaCharon non tu n'à pas lu ;)
2014-12-20T15:24:59 <MaCharon> si si
2014-12-20T15:25:05 <heuzef> MaCharon: non ^^
2014-12-20T15:25:15 <heuzef> Parceque le code est ecris en gros
2014-12-20T15:25:30 <flutterbrony> ligne 21-22
2014-12-20T15:25:37 <MaCharon> ah ouai mai c'est en dessous aussi
2014-12-20T15:25:40 <flutterbrony> si on compte les titres et les images
2014-12-20T15:31:40 <flutterbrony> Tiens heuzef vj'ai vu sur ton site : heuzef.com que tu avais utilisé wordpress ?
2014-12-20T15:33:34 <heuzef> flutterbrony: absolument pas
2014-12-20T15:34:34 *** MaCharon est parti
2014-12-20T15:36:14 <flutterbrony> pourtant :  https://www.filepicker.io/api/file/go3aafbAQrCV2FNYZ0Rk
2014-12-20T15:37:14 <flutterbrony> Dans CMS / Framworks il y a bien noté wordpress
2014-12-20T15:37:57 <heuzef> Oui
2014-12-20T15:38:16 <heuzef> Je sais utiliser Wordpress
2014-12-20T15:38:33 <heuzef> (par contre faut que je vire django tiens)
2014-12-20T15:39:03 <flutterbrony> bah t'as bien du l'utiliser une fois dans ta vie pour savoir l'utiliser sinon comment tu saurais si tu sais l'utiliser ? :/
2014-12-20T15:39:18 <heuzef> on s'est pas compris
2014-12-20T15:39:26 <heuzef> heuzef.com n'utilise pas wordpress
2014-12-20T15:39:31 <heuzef> mais je sais utiliser wordpress
2014-12-20T15:39:41 <Bybeez> Bon moi je vais chopper mon tram, a tout a l'heure
2014-12-20T15:39:45 <heuzef> +++
2014-12-20T15:39:48 *** Bybeez est parti
2014-12-20T15:40:06 <flutterbrony> ah oui voilà
2014-12-20T15:40:52 <flutterbrony> désolé, mon "s" n'etais pas passé ...
2014-12-20T15:41:00 <flutterbrony> je voulais dire Savais
2014-12-20T15:43:04 <flutterbrony> Tu pourrais me dire alors pourquoi dès que je veux publier un truc avec wordpress, et que j'essaye d'y acceder après, je tombe toujours sur un 404 ?
2014-12-20T15:44:18 <heuzef> Je pourais oui
2014-12-20T15:44:31 <heuzef> Mais va falloir m'offrir plus de détails que ça
2014-12-20T15:44:39 <heuzef> Ou ça risque d'etre compliqué
2014-12-20T15:45:11 <heuzef> Même mieux, me filler un compte admin histoire de gagner du temps
2014-12-20T15:45:35 <flutterbrony> C'est ce que j'allais faire
2014-12-20T15:45:49 <flutterbrony> tu veux un compte admin ssh directement aussi ?
2014-12-20T15:46:02 <heuzef> nop
2014-12-20T15:46:08 <heuzef> pas la peine je pense
2014-12-20T15:47:44 <flutterbrony> attends, j'en profite pour faire les maj et il met un peu de temps a charger je trouve
2014-12-20T15:48:33 <heuzef> Envoie moi mes détails de manière très exessive sur ton problème ainsi que les accès admin sur mon mail stp
2014-12-20T15:49:02 <heuzef> Je décolle moi aussi pour me rendre au calice du dragon
2014-12-20T15:49:06 <heuzef> ++
2014-12-20T15:49:23 <flutterbrony> ok, @+
2014-12-20T15:49:32 *** heuzef est parti
2014-12-20T17:32:08 *** ELiDYROS s'est connecté
2014-12-20T18:10:57 *** adriens33 est parti
2014-12-20T18:18:51 *** adriens33 s'est connecté
2014-12-20T18:29:15 *** flutterbrony est parti
2014-12-20T18:39:54 *** adriens33 est parti
2014-12-20T18:50:41 *** adriens33 s'est connecté
2014-12-20T19:28:53 *** flutterbrony s'est connecté
2014-12-20T19:56:35 *** MaCharon s'est connecté
2014-12-20T20:30:44 *** Gordfang est parti
2014-12-20T21:54:03 *** Bybeez s'est connecté
2014-12-20T21:54:09 <Bybeez> Salut/re bande de chocolatines !
2014-12-20T21:54:23 <MaCharon> re
2014-12-20T22:18:58 <ELiDYROS> yo
2014-12-20T22:29:53 <flutterbrony> re/'soir
2014-12-20T22:54:44 <Bybeez> on je vous laisse, bonne soirée/nuit !
2014-12-20T22:54:48 *** Bybeez est parti
2014-12-20T23:02:04 <flutterbrony> on ?
2014-12-20T23:02:44 <MaCharon> avant j'allait mal mais maintenant on va mieux ^^
2014-12-20T23:03:02 <flutterbrony> Bybeez nous ferait-il une petite crise de schyzophrénie ? (pas sur de l'orthographe)
2014-12-20T23:03:18 <flutterbrony> exactement MaCharon xD
2014-12-20T23:04:08 <flutterbrony> mais mieux : avant j'étais schyzophrène mais maintenant on vas mieux :D
2014-12-20T23:04:33 <MaCharon> ouai c'est ça ^^
2014-12-20T23:12:12 *** Makhai s'est connecté
2014-12-20T23:12:18 <Makhai> Yop ^^
2014-12-20T23:12:32 <Makhai> mais on sait tous qu'ils vont bien Bybeez :p
2014-12-20T23:14:03 *** Makhai est parti
2014-12-20T23:21:55 <flutterbrony> XD
