2014-11-30T00:11:01 <adriens33> vous faites quoi d'intéressant les gens ?
2014-11-30T00:11:19 <MaCharon> bah pas grand chose :/
2014-11-30T00:11:51 <adriens33> arf
2014-11-30T00:12:01 <adriens33> tu m'aide pas MaCharon XD
2014-11-30T00:12:19 <MaCharon> ben je repond a la question
2014-11-30T00:12:27 <adriens33> ouai. c'est déjà ça ^
2014-11-30T00:12:29 <adriens33> * ^^
2014-11-30T00:23:10 *** TrappyTickles est parti
2014-11-30T01:21:48 <Gordfang> viva smash bros pour moi
2014-11-30T01:21:54 <adriens33> ^^
2014-11-30T01:59:49 *** Gordfang est parti
2014-11-30T02:28:11 *** MaCharon est parti
2014-11-30T03:10:11 *** adriens33 est parti
2014-11-30T09:12:51 *** TrappyTickles s'est connecté
2014-11-30T11:03:05 *** Gordfang s'est connecté
2014-11-30T11:03:26 <Gordfang> yo
2014-11-30T11:08:14 *** adriens33 s'est connecté
2014-11-30T11:09:20 <adriens33> salut tout le monde :)
2014-11-30T11:09:50 <Gordfang> yo
2014-11-30T11:12:27 <adriens33> quoi de neuf les gens ?
2014-11-30T11:13:05 <Gordfang> rien pour moi
2014-11-30T11:24:38 <TrappyTickles> oi
2014-11-30T11:24:57 <adriens33> tiens salut Truppy ^^
2014-11-30T11:25:01 <adriens33> *Trappy dsl
2014-11-30T11:25:12 <TrappyTickles> quoi de 9 dans le coin?
2014-11-30T11:25:27 <adriens33> bah moi rien non plus hélas ^^"
2014-11-30T11:25:48 <TrappyTickles> moi je découvre gmod :p
2014-11-30T11:25:52 <adriens33> ah  ? :p
2014-11-30T11:25:58 <TrappyTickles> mais je trouve le steam workshop légèrement mal foutu
2014-11-30T11:26:16 <adriens33> pourquoi '
2014-11-30T11:26:17 <adriens33> ?
2014-11-30T11:26:19 <TrappyTickles> genre quand y a des mods qui dépendent de d'autres, ils proposent pas de download le mod qu'il faut
2014-11-30T11:26:24 <adriens33> ah
2014-11-30T11:26:27 <adriens33> en effet…
2014-11-30T11:26:43 <TrappyTickles> comme si dans debian t'as un jeu qui a besoin de libsdl et il télécharge pas libsdl :p
2014-11-30T11:26:54 <adriens33> (j'avais compris tkt XD)
2014-11-30T11:27:10 <TrappyTickles> bref, dommage, surtout quand tu connais le nombre de mods pony qui existent
2014-11-30T11:27:39 <adriens33> ouai c'est sûr
2014-11-30T11:27:42 <TrappyTickles> et pour 80% des mods qui existent, faut installer TF2
2014-11-30T11:32:18 <adriens33> tiens j'vais me marrer un peu, j'ai faire un tour sur #ubuntu-fr >:)
2014-11-30T11:40:24 *** adriens331 s'est connecté
2014-11-30T11:40:45 *** Guest14477 est parti
2014-11-30T11:41:06 <adriens33> putain de décos…
2014-11-30T11:41:11 <adriens33> j'en ai marre…
2014-11-30T11:58:15 *** adriens33 est parti
2014-11-30T12:00:23 *** adriens33 s'est connecté
2014-11-30T12:02:35 <adriens33> bon bah là ça devrait moins déco
2014-11-30T12:12:59 *** Gordfang est parti
2014-11-30T12:48:47 *** adriens33 est parti
2014-11-30T12:57:29 *** adriens33 s'est connecté
2014-11-30T12:59:58 *** adriens33 est parti
2014-11-30T13:00:17 *** adriens33 s'est connecté
2014-11-30T13:02:11 *** adriens33 est parti
2014-11-30T13:02:30 *** adriens33 s'est connecté
2014-11-30T13:16:19 *** MaCharon s'est connecté
2014-11-30T13:16:26 <MaCharon> salut
2014-11-30T13:17:29 <adriens33> hello MaCharon
2014-11-30T15:13:20 *** MaCharon est parti
2014-11-30T15:39:12 *** heuzef s'est connecté
2014-11-30T15:39:21 <heuzef> Yo adriens33 ? =)
2014-11-30T15:41:16 *** Mango s'est connecté
2014-11-30T15:41:36 <heuzef> Salut Mango =)
2014-11-30T15:43:16 <adriens33> hello heuzef
2014-11-30T15:43:27 <adriens33> j'était afk désolé ^^
2014-11-30T15:43:42 <heuzef> t'as 5 min en PV ?
2014-11-30T15:43:59 <adriens33> ça dépend, c'est pour quoi ?
2014-11-30T15:44:48 <heuzef> Je re afk ;)
2014-11-30T15:47:12 *** Mango est parti
2014-11-30T16:50:09 *** heuzef est parti
2014-11-30T16:51:21 *** heuzef s'est connecté
2014-11-30T16:51:34 <heuzef> test
2014-11-30T16:51:49 <heuzef> On me reçoit ?
2014-11-30T16:52:01 <heuzef> Berry-Punch ?
2014-11-30T16:58:28 <heuzef> On à pas mal d'anniv en décembre
2014-11-30T17:04:37 *** heuzef est parti
2014-11-30T17:41:09 *** Elidyros s'est connecté
2014-11-30T17:48:38 <adriens33> hello ELiDYROS
2014-11-30T17:49:02 <Elidyros> Bonsoir.
2014-11-30T18:00:24 <adriens33> quoi de neuf ?
2014-11-30T18:01:15 <Elidyros> Moi ?
2014-11-30T18:02:00 <adriens33> beh oui toi
2014-11-30T18:03:35 <Elidyros> J'ai pris Endless Legend, de chez Amplitude y a quelques heures
2014-11-30T18:03:59 <adriens33> ah _^^
2014-11-30T18:04:22 * adriens33 va regarder le trailer *
2014-11-30T18:04:39 <Elidyros> Je ne sais pas si ça sera très parlant.
2014-11-30T18:06:08 <adriens33> du coup t'as pu le tester ? ça donne quoi ?
2014-11-30T18:06:46 <Elidyros> La DA est superbe, les musiques aussi. L'interface est pratique, pour le gameplay je ne peux pas encore vraiment dire n'étant pas habitué au genre.
2014-11-30T18:07:06 <Elidyros> Certains disent que c'est l'alternative à Civ Beyond Earth (qui aurait été raté)
2014-11-30T18:07:42 <adriens33> oki ^^
2014-11-30T18:08:12 <Elidyros> Mais bon à -50% du prix ça va, et je suis dans un 'univers' connu
2014-11-30T18:09:18 <adriens33> en effet -50% c'est sympa ^^
2014-11-30T18:09:27 <adriens33> ah ?
2014-11-30T18:12:08 <Elidyros> C'est la même mythologie qu'Endless Space et Dungeon of the Endless
2014-11-30T18:13:18 <adriens33> ah ok
2014-11-30T18:42:27 *** Elidyros est parti
2014-11-30T21:24:36 *** Yvan33 s'est connecté
2014-11-30T21:24:42 <Yvan33> Salut les gens
2014-11-30T21:30:38 <adriens33> salut Yvan33
2014-11-30T21:32:50 <Yvan33> Rassure moi, tu n'es pas seul ici, ya d'autres gens qui viennent parfois?
2014-11-30T21:51:28 <adriens33> bah en ce moment c'est assez vide…
2014-11-30T21:51:52 <adriens33> y'a trappy et gordfang le plus souvent
2014-11-30T21:51:57 <adriens33> mais c'est à peu près tout…
2014-11-30T21:53:13 <Yvan33> Je vois, c'est triste
2014-11-30T21:53:33 <Yvan33> Mais je crois que Leta organise une raclette, je ne sais quand
2014-11-30T21:55:25 <adriens33> ouai.. me sens un peu sul ^^"
2014-11-30T21:55:28 <adriens33> ah ?
2014-11-30T22:40:58 <Yvan33> Oui mais rien de concret encore. Ca se trouve ce sera chez moi
2014-11-30T22:46:47 <adriens33> ah
2014-11-30T23:15:46 <Yvan33> bon, je te souhaite bonne nuit, je go dodo, tchouss!
2014-11-30T23:15:48 *** Yvan33 est parti
