2014-07-23T00:00:07 <Eclipse2212> antonin le premier jour de l'année *chuchotte* La branlette peut être considéré comme un loisir ou un sport?
2014-07-23T00:00:26 <Letarumavza> donc tu connais ludvann ?
2014-07-23T00:00:39 <Letarumavza> Le mec qui m'a demandé des photos de MA cop comme fap material ?
2014-07-23T00:00:45 <Eclipse2212> Bah c'est moi qui lui ai parlé du collectif
2014-07-23T00:00:58 <Eclipse2212> on se cpnnait depuis la cinquième
2014-07-23T00:01:03 <Letarumavza> (J'ai cru que j'allais le buter ce jour là)
2014-07-23T00:01:17 <Eclipse2212> xD
2014-07-23T00:01:23 <Eclipse2212> c'est tout lii
2014-07-23T00:01:41 <Letarumavza> Le plus marrant dans cette histoire c'est que je connaissais pas son physique quand je suis tombé amoureux d'elle.
2014-07-23T00:01:47 <Letarumavza> Juste sa voix et son visage.
2014-07-23T00:01:52 <adriens33> ^^
2014-07-23T00:01:56 <Eclipse2212> ^^
2014-07-23T00:02:01 <Letarumavza> (elle a des yeux magnifiques, deux petites billes noires miroitantes)
2014-07-23T00:02:27 <Letarumavza> Donc autant vous dire que quand j'ai vu à quoi elle ressemblait (vive la webcam)...
2014-07-23T00:02:38 <adriens33> *bsod* XD
2014-07-23T00:02:39 <Letarumavza> Au début j'ai cru que j'étais mort.
2014-07-23T00:02:51 <Eclipse2212> Bonne pioche
2014-07-23T00:03:02 <Letarumavza> Bah passer de rei à ça...
2014-07-23T00:03:19 <Letarumavza> (on va même pas parler de celle qui était entre les deux...)
2014-07-23T00:03:25 <Eclipse2212> (un jour a dire des trucs comme ça je vais finir par me faire démonter la gueule)
2014-07-23T00:03:38 <Letarumavza> ?
2014-07-23T00:03:43 <Letarumavza> Ta cop risque de te tuer ?
2014-07-23T00:04:01 <Eclipse2212> quelle cop?
2014-07-23T00:04:06 <Eclipse2212> ça existe
2014-07-23T00:04:08 <Eclipse2212> ?
2014-07-23T00:04:11 <Letarumavza> T'en as plusieurs ?
2014-07-23T00:04:15 <adriens33> XD
2014-07-23T00:04:15 <Eclipse2212> 0
2014-07-23T00:04:16 <Letarumavza> Ah ok, t'en as pas ^^'
2014-07-23T00:04:17 <adriens33> il est solo
2014-07-23T00:04:22 <adriens33> il l'a dit tt à l'heure…
2014-07-23T00:04:27 <Eclipse2212> since 1997
2014-07-23T00:04:30 <Letarumavza> Je pensais qu'il parlait de ce soir ^^
2014-07-23T00:04:31 <Eclipse2212> xD
2014-07-23T00:04:46 <Eclipse2212> nan je parlais de vous
2014-07-23T00:04:48 <Letarumavza> Btw je suis autorisé par ma cop à aider mes potes à draguer.
2014-07-23T00:05:16 <Eclipse2212> oh'putain, ya du boulot pour moi
2014-07-23T00:05:24 <adriens33> parle pour toi…
2014-07-23T00:05:27 <Letarumavza> ça dépend de ta gueule ^^
2014-07-23T00:05:36 <adriens33> des que je suis en présence d'une fille qui me plait
2014-07-23T00:05:38 <adriens33> je bsod
2014-07-23T00:05:39 <Letarumavza> Avec un costard+cravate ça peut passer easy.
2014-07-23T00:05:44 <adriens33> littérallement, je bug
2014-07-23T00:05:46 <Eclipse2212> <auto-éval> tout est à revoir... <auto-éval>
2014-07-23T00:05:56 <Letarumavza> @adrien : genre jeudi dernier devant le portail ?
2014-07-23T00:06:02 <adriens33> ?
2014-07-23T00:06:05 <adriens33> gné ?
2014-07-23T00:06:20 <Letarumavza> La nana qui est passée t'a fait caffouiller dans ta phrase.
2014-07-23T00:06:24 <adriens33> XD
2014-07-23T00:06:27 <adriens33> ah ouiii
2014-07-23T00:06:27 <Eclipse2212> xD
2014-07-23T00:06:32 <adriens33> ouais…
2014-07-23T00:06:40 <Letarumavza> Menfin elle était plus moche que lou...
2014-07-23T00:06:55 <Letarumavza> (D'un autre coté, plus moche qu'elle c'est pas difficile)
2014-07-23T00:07:48 <Letarumavza> Yeah j-10
2014-07-23T00:07:54 <Eclipse2212> j'etais pas la :(
2014-07-23T00:08:03 <adriens33> ^^
2014-07-23T00:08:31 <Letarumavza> un 14/20 qui est passé
2014-07-23T00:08:35 <Letarumavza> Syndrome crevette.
2014-07-23T00:08:41 <Letarumavza> (la tête était moins bonne que le reste)
2014-07-23T00:08:55 *** TrappyTickles est parti
2014-07-23T00:09:02 <Eclipse2212> what?
2014-07-23T00:10:59 <Eclipse2212> ouiii j'ai trouvé comment ne pas faire chauffer ma tablette quand je joue sur mon emu psp
2014-07-23T00:11:26 <Eclipse2212> Un radiateur en été, c'est pas génial
2014-07-23T00:11:45 <Letarumavza> Tu peux émuler sur ta tablette ?
2014-07-23T00:11:49 <Letarumavza> Un tegra dedans ?
2014-07-23T00:13:05 <Eclipse2212> oiaip
2014-07-23T00:13:11 <Eclipse2212> tegra3
2014-07-23T00:13:20 <Eclipse2212> nexus 7 2013
2014-07-23T00:13:53 <Eclipse2212> j'émulais kali
2014-07-23T00:14:07 <Eclipse2212> mais suite a un bug il me fait un truc bizzare...
2014-07-23T00:15:10 <Eclipse2212> le sys émulé passait par le root tablette/mais maintenant il demande un mdp (tu peut rentre nimprte quoi il di incorrect mais accorde toujoirs le root))
2014-07-23T00:18:26 <Letarumavza> gné ,
2014-07-23T00:18:30 <Letarumavza> Fa duck ?
2014-07-23T00:18:40 <adriens33> Ouate de phoque ?
2014-07-23T00:19:36 <Eclipse2212> ah oui, du coup il veut plis lancer les servs ssh et vnc
2014-07-23T00:20:02 <Eclipse2212> (ssh pas grave car il partage le terminal android avec lui)
2014-07-23T00:20:17 <Eclipse2212> j'ai essayé de réinstaller , toujours parzil
2014-07-23T00:20:30 * Eclipse2212 reboot son cerveau
2014-07-23T00:21:07 <Eclipse2212> Error: Bootmgr is missing
2014-07-23T00:21:22 <Eclipse2212> xD
2014-07-23T00:21:28 <Letarumavza> arf
2014-07-23T00:23:04 <Eclipse2212> pas sur l'emu, c'etais sur un pc du lycée
2014-07-23T00:23:07 <Letarumavza> http://www.computercraft.info/wiki/Main_Page
2014-07-23T00:23:22 <Eclipse2212> je connais ce mod
2014-07-23T00:25:02 <Letarumavza> http://www.computercraft.info/wiki/index.php?title=OpenCCSensors
2014-07-23T00:25:12 <Letarumavza> ça c'est impec pour un tas de truc
2014-07-23T00:25:47 <Eclipse2212> +1
2014-07-23T00:30:19 <Eclipse2212> mais je peut pas jouer a mc :(
2014-07-23T00:30:28 <Eclipse2212> mon pc le supporte pas
2014-07-23T00:39:18 <Letarumavza> arf
2014-07-23T00:41:31 <Eclipse2212> enfin de la musique, ma "drogue"
2014-07-23T00:41:42 <Eclipse2212> au moins c'est légal
2014-07-23T00:42:04 <Eclipse2212> les chansons fanmade ça n'a jamais tué personne xD
2014-07-23T00:42:26 <Eclipse2212> mcpe ressemble de plus en plus a mcPC
2014-07-23T00:43:01 *** Yvan s'est connecté
2014-07-23T00:43:41 <Yvan> Bonsoir!
2014-07-23T00:43:54 <adriens33> salut :)
2014-07-23T00:44:01 <Yvan> hey, pourquoi j'ai un +v?
2014-07-23T00:44:09 <adriens33> ben… t'es inscrit non ?
2014-07-23T00:44:15 <adriens33> donc t'as droit au voice ^^
2014-07-23T00:44:35 <adriens33> (c'est au cas où il y ait besoin de modérer, en mode modéré seul les gens qui ont le +v peuvent parler)
2014-07-23T00:44:35 <Eclipse2212> ^^
2014-07-23T00:44:48 <adriens33> (ça permet de filtrer visiteurs/inscrits)
2014-07-23T00:44:48 <Yvan> Je vois. Je pense pas forcément a "voice" quand je vois un v
2014-07-23T00:45:02 <adriens33> +v = voice, +b=ban, +o=opérateur (admin)
2014-07-23T00:45:23 <Yvan> Donc il vaut mieux avoir un v que un b
2014-07-23T00:45:29 <adriens33> ouipe
2014-07-23T00:45:30 <adriens33> :)
2014-07-23T00:45:36 <Yvan> Mais donc un a c'est pire!
2014-07-23T00:45:43 <adriens33> je sais même pas si c'est possible
2014-07-23T00:45:43 <Eclipse2212> Oo ya Yvan du rêve!
2014-07-23T00:45:51 <adriens33> 2s je look
2014-07-23T00:46:09 <Yvan> Et mon nom de famille commence par un a! Naaaan!!!
2014-07-23T00:46:27 <adriens33> +a y'a pas
2014-07-23T00:46:56 <Yvan> Tiens rebonjour eclipse
2014-07-23T00:47:16 <adriens33> Yvan des poneys
2014-07-23T00:47:38 <Yvan> actuellement j'en ai pas, je dois trouver un autre Yvan des poneys
2014-07-23T00:48:00 *** Gordfang est parti
2014-07-23T00:48:37 <Yvan> Tiens ça me fait penser
2014-07-23T00:49:34 <Yvan> Il y a un magasin rony a la victoire ou il faut chercher dans chaque magasin dans la section "petite fille" pour trouver un truc brony?
2014-07-23T00:50:18 <Eclipse2212> xD je me rappelle cet hiver lorque j'ai du faire une opération paquets cadeaux dans un magasin de jouets
2014-07-23T00:50:38 <Eclipse2212> le choc lorsque j'ai du emballer une peluche RD...
2014-07-23T00:51:10 <Yvan> Jolie histoire, mais tu ne répond pas à ma question
2014-07-23T00:51:21 <adriens33> bon les gens
2014-07-23T00:51:23 <adriens33> je vais dodoter
2014-07-23T00:51:26 <adriens33> ++
2014-07-23T00:51:42 <Yvan> comment il se barre pour pas me repondre
2014-07-23T00:51:50 <adriens33> je bosse demain…
2014-07-23T00:52:06 <Yvan> Ouais ouais ouais, excuse facile
2014-07-23T00:52:12 <adriens33> non, c'est vrai.
2014-07-23T00:52:29 <adriens33> se lever à 7h en plein mois de juillet c'est pas super cool
2014-07-23T00:52:34 <adriens33> m'enfin bref
2014-07-23T00:52:39 <Yvan> Ah oui, ton alternance
2014-07-23T00:52:43 *** adriens33 est parti
2014-07-23T00:54:06 <Eclipse2212> je connais mal bordeaux
2014-07-23T00:54:27 <Eclipse2212> du coup je saurais pas te réopndre
2014-07-23T00:54:31 <Yvan> et tes goodies mlp tu les prends sur internet?
2014-07-23T00:56:08 <Eclipse2212> j'en ai pas
2014-07-23T00:56:23 <Eclipse2212> mauvaise pioche
2014-07-23T00:57:43 <Eclipse2212> d'ailleur Demain j'aillais monter un Os pour ma tablette sous le nom de PonyOS juste pour le stockage de choses mlp
2014-07-23T00:58:00 <Eclipse2212> et les machins concernant le root
2014-07-23T00:59:14 <Eclipse2212> oh putain mes ecouteurs sont quasi-morts
2014-07-23T00:59:25 <Eclipse2212> un plus fort que l'autrz :(
2014-07-23T00:59:33 <Yvan> Ha
2014-07-23T00:59:36 <Yvan> Le pire
2014-07-23T00:59:45 <Yvan> C'est quand un des deux ne marche plus
2014-07-23T00:59:56 <Eclipse2212> c'est sur xD
2014-07-23T01:00:03 <Yvan> C'est a ce moment ou tu te rend compte que la stéréo est ta vie
2014-07-23T01:00:22 <Eclipse2212> mais ça me troue le cul, c'étaient des écouteurs apple
2014-07-23T01:00:49 <Eclipse2212> j'ai connu ça avec ma première paire
2014-07-23T01:00:54 <Yvan> Dure
2014-07-23T01:00:59 <Eclipse2212> d'écouteurs
2014-07-23T01:01:07 <Eclipse2212> bah trouvés dans la rue
2014-07-23T01:01:07 <Yvan> J'envisage de prendre un casque mlp
2014-07-23T01:01:11 <Eclipse2212> pae terre
2014-07-23T01:01:16 <Eclipse2212> pas mal..
2014-07-23T01:01:23 <Yvan> Ah bah bien la chance?
2014-07-23T01:01:57 <Yvan> Ouais, mais après faut avoir le courage de répondre à tout les relou que je vais croiser
2014-07-23T01:02:07 <Yvan> Ce qui réfrene mon ardeur
2014-07-23T01:04:28 <Eclipse2212> +1
2014-07-23T01:08:21 <Eclipse2212> bon mission impossible trouver en pdf un livre mlp récent
2014-07-23T01:20:47 *** Yvan est parti
2014-07-23T01:22:40 <Eclipse2212> awwww...
2014-07-23T01:22:49 <Eclipse2212> j'ai pas trouvé :'(
2014-07-23T01:39:10 <Letarumavza> ah reh gne feuh
2014-07-23T01:42:31 <Eclipse2212> mais j'en ai trouvé d'autres :D
2014-07-23T01:44:29 <Eclipse2212> Yvan est parti vendre du rêve?
2014-07-23T02:22:37 <Eclipse2212> bon bah dodo!
2014-07-23T02:22:45 <Eclipse2212> boneuh nuit les gens
2014-07-23T02:22:59 <Eclipse2212> (@a)
2014-07-23T07:13:01 *** Eclipse2212 est parti
2014-07-23T07:58:36 <BronyCUB-MC> adrien_s has joined the server!
2014-07-23T08:09:43 <BronyCUB-MC> adrien_s has quit the server!
2014-07-23T08:17:23 *** Gordfang s'est connecté
2014-07-23T08:19:57 <Gordfang> lu
2014-07-23T08:39:50 *** TrappyMobile s'est connecté
2014-07-23T08:40:10 <TrappyMobile> Morning everypony
2014-07-23T08:40:31 <Gordfang> hellow!
2014-07-23T08:42:24 <TrappyMobile> Bon allez au turf :p
2014-07-23T08:43:25 *** Trappy_Mobile s'est connecté
2014-07-23T08:46:56 *** TrappyMobile est parti
2014-07-23T09:06:27 <Letarumavza> re
2014-07-23T09:13:18 <Gordfang> re
2014-07-23T09:54:53 <Berry-Punch> Voilà ce qu'il s'est passé ces 10 dernières lignes, *hic* adriens33
2014-07-23T09:54:55 *** adriens33 s'est connecté
2014-07-23T09:55:02 *** TrappyMobile s'est connecté
2014-07-23T09:55:08 <adriens33> salut :)
2014-07-23T09:55:18 <Berry-Punch> Flags *hic* de TrappyMobile modifiés : +v
2014-07-23T09:55:18 <adriens33> !voice TrappyMobile
2014-07-23T09:55:26 <Berry-Punch> Flags de *hic* TrappyMobile modifiés en +v
2014-07-23T09:55:35 <Berry-Punch> Flags de Trappy_Mobile *hic* modifiés en +v
2014-07-23T09:55:49 <adriens33> heu… lequel est le bon ? celui avec ou sans le « _ » ?
2014-07-23T09:56:08 <Berry-Punch> Flags de Trappy_Mobile *hic* modifiés : +v
2014-07-23T09:56:42 <TrappyMobile> Les deux
2014-07-23T09:56:59 <TrappyMobile> Mon phone est trop con avec la connexion
2014-07-23T09:58:18 <adriens33> ok
2014-07-23T09:58:25 <adriens33> c'était juste pour savoir, pour le dire à Berry :)
2014-07-23T09:58:47 *** Trappy_Mobile est parti
2014-07-23T09:58:53 <adriens33> ah, ça
2014-07-23T09:58:55 <adriens33> ok
2014-07-23T09:58:56 <adriens33> ^^
2014-07-23T09:58:58 <TrappyMobile> Faudra que je registre ces nicks
2014-07-23T09:59:18 <TrappyMobile> Register
2014-07-23T09:59:19 <adriens33> ça peut être pas mal, si t'as pas envie qu'on te les pique
2014-07-23T09:59:22 <adriens33> moi je l'ai fait pour le bot
2014-07-23T09:59:25 <TrappyMobile> Autocorrec lol
2014-07-23T09:59:27 <adriens33> j'ai eu tellement de mal à le trouver
2014-07-23T09:59:36 <adriens33> Berry punch c'est tellement pris de partout :p
2014-07-23T09:59:54 <adriens33> des que j'en ai trouvé un de libre j'ai fait « celui là j'le garde ! »
2014-07-23T09:59:57 <TrappyMobile> Ben si. Qqn les prend et qu'il vient ici, c'est sur.. :p
2014-07-23T10:00:15 <TrappyMobile> Si qqn"
2014-07-23T10:00:31 <TrappyMobile> Jvais enlever autocorrec jcrois
2014-07-23T10:00:36 <adriens33> ouais
2014-07-23T10:00:48 <adriens33> tu perds plus de temps qu'il ne t'en fait gagner
2014-07-23T10:00:54 <adriens33> (je l'ai viré sur mon tel perso)
2014-07-23T10:01:42 <TrappyMobile> Clair
2014-07-23T10:45:13 *** Trappy_Mobile s'est connecté
2014-07-23T10:47:23 *** TrappyMobile est parti
2014-07-23T10:54:23 *** Trappy_Mobile est parti
2014-07-23T10:54:40 *** TrappyMobile s'est connecté
2014-07-23T10:56:22 <TrappyMobile> Puree, trop de nicks registered pour moi
2014-07-23T11:00:28 <adriens33> XD
2014-07-23T11:09:10 *** TrappyMobile s'est connecté
2014-07-23T11:11:23 *** Trappy_Mobile est parti
2014-07-23T11:42:03 <TrappyMobile> C'est possible de unregister un nick?
2014-07-23T11:43:48 <adriens33> heu…
2014-07-23T11:43:49 <adriens33> bonne question
2014-07-23T11:45:44 <adriens33> ouaip
2014-07-23T11:45:50 <adriens33> pour unregister un nick
2014-07-23T11:45:57 <adriens33> faut faire /msg NickServ drop <nick> <password>
2014-07-23T11:53:33 <TrappyMobile> Ok merki
2014-07-23T11:53:41 <adriens33> de rien :)
2014-07-23T12:01:43 <TrappyMobile> Bonap les ponys ^^
2014-07-23T12:16:06 *** Lezarius s'est connecté
2014-07-23T12:16:15 <Lezarius> Plop
2014-07-23T12:18:16 *** Trappy_Mobile s'est connecté
2014-07-23T12:18:43 *** Trappy_Mobile est parti
2014-07-23T12:19:39 *** TrappyMobile est parti
2014-07-23T12:20:26 *** TrappyMobile s'est connecté
2014-07-23T12:29:10 *** Ambrocidus s'est connecté
2014-07-23T12:29:18 <Ambrocidus> Bonjour
2014-07-23T12:31:57 *** Ambrocidus est parti
2014-07-23T12:44:27 *** Lezarius est parti
2014-07-23T12:46:33 *** Eclipse2212 s'est connecté
2014-07-23T12:46:42 <Eclipse2212> coucou
2014-07-23T12:54:47 *** TrappyMobile est parti
2014-07-23T13:13:05 <adriens33> re
2014-07-23T13:31:42 <adriens33> vive le KFC :D
2014-07-23T14:10:22 *** Lezarius s'est connecté
2014-07-23T14:10:31 <Lezarius> Salut/re
2014-07-23T14:16:55 <adriens33> graaa !
2014-07-23T14:16:57 <adriens33> à mort le java !
2014-07-23T14:17:01 <adriens33> vive le python !
2014-07-23T14:17:02 <adriens33> >_<
2014-07-23T14:17:15 <adriens33> (salutà
2014-07-23T14:17:17 <adriens33> *)
2014-07-23T14:27:39 *** Eclipse2212 est parti
2014-07-23T14:28:54 *** Dawnio s'est connecté
2014-07-23T14:29:02 <Dawnio> bonjour
2014-07-23T14:29:17 <Lezarius> Hi Dawnio
2014-07-23T14:29:21 <Dawnio> qui est dispo samedi après midi?
2014-07-23T14:47:55 *** Lezarius est parti
2014-07-23T14:48:17 *** Lezarius s'est connecté
2014-07-23T14:52:14 *** TrappyMobile s'est connecté
2014-07-23T14:54:39 <Lezarius> Merci arch avec mumble d'activé j'ai plus de son sur firefox >0<
2014-07-23T14:56:47 *** TrappyMobile est parti
2014-07-23T14:57:30 *** TrappyMobile s'est connecté
2014-07-23T14:57:56 <TrappyMobile> Free mobile ils bloquent irc au bout d'un moment?
2014-07-23T14:58:39 <TrappyMobile> Pcq la ça devient suspect qu'ils coupent comme ça
2014-07-23T15:00:04 <adriens33> ils sont pas sensés couper un port non…
2014-07-23T15:00:42 <adriens33> mais 'brider' la co en laisser les tuyaux s'engorger ça marche aussi et c'est moins illégal…
2014-07-23T15:00:52 <adriens33> ah mobile ?
2014-07-23T15:01:09 <adriens33> ben faut pas chercher, c'est l'infrastructure qui merdouille
2014-07-23T15:01:16 <adriens33> ^^
2014-07-23T15:07:02 <TrappyMobile> +1
2014-07-23T15:07:23 <TrappyMobile> Jme fais de co tt le temps partout oui
2014-07-23T15:07:40 <TrappyMobile> Et j'ai la 4g que sur la rocade -_-
2014-07-23T15:13:16 <TrappyMobile> Si vous prenez free mobile, comptez pastrop sur la 4g
2014-07-23T15:23:38 <Lezarius> Letarumavza: ?
2014-07-23T15:26:22 *** TrappyMobile est parti
2014-07-23T15:26:26 *** Eclipse2212 s'est connecté
2014-07-23T15:26:34 *** TrappyMobile s'est connecté
2014-07-23T15:26:41 <Eclipse2212> reuh
2014-07-23T15:26:49 <Lezarius> Re
2014-07-23T15:27:06 <TrappyMobile> Re
2014-07-23T15:27:52 <TrappyMobile> Me dites pas a chaque fois quand jsuis sur mon phone, ça risque d'être frequent lol
2014-07-23T15:33:36 <Letarumavza> ?
2014-07-23T15:34:18 <Lezarius> Je t'enais à m'excuse de m'etre importé la dernier fois ... ( Letarumavza )
2014-07-23T15:34:25 <Letarumavza> Pas grave
2014-07-23T15:38:18 <TrappyMobile> Ça arrive.. On peut jamais empêcher a 100% le drama de venir
2014-07-23T15:49:46 *** TrappyMobile est parti
2014-07-23T15:57:40 *** TrappyMobile s'est connecté
2014-07-23T16:05:43 <Lezarius> TrappyMobile: Oui mais bon je doit resté assez "claire" étemps donnez que je m'occupe bcp de BC
2014-07-23T16:06:06 <Letarumavza> trappy
2014-07-23T16:06:18 <Letarumavza> Le pipeline de ta connexion passe par une passerelle instable
2014-07-23T16:06:30 <Letarumavza> à chaque changement de noeud ta connexion se coupe
2014-07-23T16:06:45 <adriens33> ben… il est sur mobile, vive la 4g quoi
2014-07-23T16:07:01 <Letarumavza> Je peux rien y faire, mais j'ai localisé le problème sur une passerelle de france télécom
2014-07-23T16:07:17 <Letarumavza> reçu ?
2014-07-23T16:07:24 <adriens33> j'ai le même souci quand je lance irc sur mon tel, la 3G c'est naze pour ça, ça coupe dès qu'un changement de nœud se fait pas bien…
2014-07-23T16:07:47 <Letarumavza> C'est juste que freenode coupe la connexion au changement de passerelle
2014-07-23T16:08:00 <Letarumavza> C'est lié au protocole IRC et surtout au réglage du réseau irc
2014-07-23T16:08:50 <adriens33> en même temps si ça te fait changer d'ip tout le temps c'est normal
2014-07-23T16:09:14 <Letarumavza> de DNS surtout
2014-07-23T16:09:26 <Letarumavza> Tu peux te co à freenode avec une ip dynamique
2014-07-23T16:09:37 <Letarumavza> Mais un changement de résolution force un timeout
2014-07-23T16:09:47 <TrappyMobile> Tu crois qu'y a un setting dans mon client qui peut aider?
2014-07-23T16:10:06 <adriens33> c'est au niveau de la co de ton tel plutôt non ?
2014-07-23T16:10:15 <adriens33> faudrait pouvoir conf le DNS à la main
2014-07-23T16:10:19 <Letarumavza> Ni l'un ni l'autre
2014-07-23T16:10:23 <adriens33> (l'adresse du DNS plutôt)
2014-07-23T16:10:28 <Letarumavza> C'est lié aux passerelles de relais
2014-07-23T16:10:30 <adriens33> arf
2014-07-23T16:10:42 <Letarumavza> chaque relai utilise une passerelle différente dans sa signature.
2014-07-23T16:10:45 <adriens33> pff…
2014-07-23T16:10:53 <Letarumavza> (ernfin, chaque groupe de relais)
2014-07-23T16:11:02 <Letarumavza> Quand tu changes de groupe => timeout.
2014-07-23T16:11:18 <TrappyMobile> Le fun c'est que ça arrive même quand je bouge pas
2014-07-23T16:12:23 <adriens33> ouais…
2014-07-23T16:12:27 <TrappyMobile> Comme si plusieurs relais se battent en duel pour mon phone :p
2014-07-23T16:12:37 <adriens33> ben les cellules se recouvrent
2014-07-23T16:12:46 <adriens33> ça permet de pas couper la comm quand tu téléphones ^^
2014-07-23T16:13:02 <TrappyMobile> Jvois
2014-07-23T16:13:03 <adriens33> mais du coup ça force à avoir des fréquences différentes d'une cellule à l'uatre
2014-07-23T16:13:06 <adriens33> *autre
2014-07-23T16:13:10 <TrappyMobile> Pas bete
2014-07-23T16:13:20 <TrappyMobile> Sauf pour irc :p
2014-07-23T16:13:23 <adriens33> ouep
2014-07-23T16:13:29 <adriens33> c'pas prévu poru ça à la base ^^
2014-07-23T16:14:03 <TrappyMobile> Ces cons ont pas de wifi aussi -_-
2014-07-23T16:38:53 *** Gordfang est parti
2014-07-23T16:45:38 <TrappyMobile> Bon jvais faire cd /~
2014-07-23T16:45:57 <TrappyMobile> Ou ~/
2014-07-23T16:46:00 <adriens33> ^^
2014-07-23T16:46:09 <TrappyMobile> Chai plus, a tte
2014-07-23T16:46:10 <adriens33> rm -rf ~
2014-07-23T16:46:13 <adriens33> >:)
2014-07-23T16:46:24 *** TrappyMobile est parti
2014-07-23T16:54:25 *** Eclipse2212 est parti
2014-07-23T17:03:49 *** TrappyTickles s'est connecté
2014-07-23T17:06:02 *** Lezarius est parti
2014-07-23T17:32:24 *** ValCab33 s'est connecté
2014-07-23T17:32:31 <ValCab33> Hello
2014-07-23T17:32:35 <adriens33> salut
2014-07-23T17:32:42 <TrappyTickles> oi
2014-07-23T17:32:47 <Dawnio> plop
2014-07-23T17:33:03 <TrappyTickles> https://www.youtube.com/watch?v=1B488z1MmaA omg on peut chanter dans ce jeu (quelques trucs de poneys dans le tas lol)
2014-07-23T17:33:49 <TrappyTickles> 2:18 <-- smile song :p
2014-07-23T17:35:13 <adriens33> bon
2014-07-23T17:35:14 <adriens33> ben
2014-07-23T17:35:15 <adriens33> moi
2014-07-23T17:35:16 <adriens33> j'y go
2014-07-23T17:35:17 <adriens33> ++
2014-07-23T17:35:21 <TrappyTickles> ++
2014-07-23T17:35:21 <ValCab33> @+
2014-07-23T17:35:47 *** adriens33 est parti
2014-07-23T17:44:06 *** ValCab s'est connecté
2014-07-23T17:47:12 *** ValCab33 est parti
2014-07-23T17:48:30 *** ValCab est parti
2014-07-23T17:56:31 *** ValCab33 s'est connecté
2014-07-23T17:59:06 *** ValCab33 est parti
2014-07-23T17:59:23 *** ValCab33 s'est connecté
2014-07-23T17:59:29 <ValCab33> Grrrr
2014-07-23T18:51:57 <Letarumavza> re
2014-07-23T19:08:33 <Berry-Punch> Voilà *hic* ce qu'il s'est passé ces 10 dernières lignes, adriens33
2014-07-23T19:08:34 *** adriens33 s'est connecté
2014-07-23T19:08:48 <adriens33> re tout le monde :)
2014-07-23T19:17:14 *** Lenile s'est connecté
2014-07-23T19:17:31 <Lenile> Salut les louloutes
2014-07-23T19:20:45 <adriens33> hellow
2014-07-23T19:21:27 <Dawnio> bijoure
2014-07-23T19:24:31 <Lenile> Commetn va ?
2014-07-23T19:27:39 <adriens33> Moi ça roule, je rentre du taf, demain c'est mon dernier jour avant trois semaines de congé o/
2014-07-23T19:38:45 *** Eclipse2212 s'est connecté
2014-07-23T19:38:50 <Eclipse2212> re
2014-07-23T19:38:59 <adriens33> re
2014-07-23T19:46:23 <adriens33> je re, ++
2014-07-23T19:47:49 *** Eclipse2212 est parti
2014-07-23T19:53:31 <TrappyTickles> purée je viens de vivre un ascenseur émotionnel sur sl mais méchant :s
2014-07-23T19:53:49 <TrappyTickles> tristesse, rage et joie en moins de 10 minutes
2014-07-23T19:53:53 <TrappyTickles> j'ai jamais eu ça oO
2014-07-23T19:54:06 <TrappyTickles> et coucou aux arrivant en passant
2014-07-23T20:09:37 *** ELiDYROS s'est connecté
2014-07-23T20:09:52 <ELiDYROS> Hello.
2014-07-23T20:29:21 <ELiDYROS> Eh bah
2014-07-23T20:38:16 <TrappyTickles> hey ^^
2014-07-23T20:39:29 <ELiDYROS> hey
2014-07-23T20:40:49 <TrappyTickles> au fait, il se met à jour quand, le site? ^^
2014-07-23T20:42:46 <ELiDYROS> Ce n'est pas à moi qu'il faut demander
2014-07-23T20:47:29 <TrappyTickles> je demandais à tout le chan :p
2014-07-23T21:04:06 <Letarumavza> @trappy : gné ?
2014-07-23T21:04:10 <Letarumavza> Il t'es arrivé quoi ?
2014-07-23T21:05:18 <Letarumavza> Le site se met à jour quand flo se bouge les fesses ^^
2014-07-23T21:12:39 *** ValCab s'est connecté
2014-07-23T21:12:40 *** ValCab33 est parti
2014-07-23T21:12:45 *** ValCab est parti
2014-07-23T21:12:50 *** heuzef s'est connecté
2014-07-23T21:12:54 *** ValCab33 s'est connecté
2014-07-23T21:12:59 <Berry-Punch> Voilà ce qu'il s'est passé ces 10 *hic* dernières lignes, heuzef
2014-07-23T21:13:00 <heuzef> !history
2014-07-23T21:13:22 <heuzef> Ha tiens on parle de moi
2014-07-23T21:14:14 <Letarumavza> yep ma grosse
2014-07-23T21:14:15 <heuzef> Je fais de mon mieux, mais cette semaine c'est pas gérable pour moi
2014-07-23T21:14:23 <heuzef> Je pourrais qu'à partir de Lundi
2014-07-23T21:14:41 <TrappyTickles> j'suis là j'suis là
2014-07-23T21:15:01 <heuzef> Dawnio: à ce propos, je doit faire un tour chez Letarumavza
2014-07-23T21:15:15 <heuzef> On peux faire ça Lundi du coup, c'est pour préparer le terrain pour l'anniv
2014-07-23T21:15:26 <TrappyTickles> c'est une histoire compliquée.. disons que j'ai cru que j'allais perdre ma meilleure pote ricaine
2014-07-23T21:15:37 <TrappyTickles> et ok pour le site :p
2014-07-23T21:16:21 <heuzef> Letarumavza et Dawnio essayez de me confirmer un apéro Lundi du coup ça peux être cool
2014-07-23T21:16:56 <heuzef> Les autres vous êtes invités aussi si vous voulez donner un pti coup de main hein ^^
2014-07-23T21:17:08 <Letarumavza> lundi prochain ?
2014-07-23T21:17:13 <heuzef> yep
2014-07-23T21:17:24 <heuzef> 28
2014-07-23T21:17:29 <heuzef> ça peux le faire ?
2014-07-23T21:17:39 <TrappyTickles> ça tient toujours pour demain? lol
2014-07-23T21:17:54 <heuzef> TrappyTickles: demain ?
2014-07-23T21:20:36 <Letarumavza> biensur que ça tient pour demain
2014-07-23T21:22:08 <TrappyTickles> oki ^^
2014-07-23T21:22:21 <TrappyTickles> j'étais pas sur, après cette conversation là :p
2014-07-23T21:23:49 <Letarumavza> Bah c'est surtout que flo doit venir m'aider à ranger ma véranda...
2014-07-23T21:24:38 <heuzef> Oui on fera le plus gros Lundi
2014-07-23T21:24:51 <heuzef> Et on finalisera le jour J
2014-07-23T21:25:02 <Letarumavza> yep
2014-07-23T21:25:18 <heuzef> Parceque de 28 au 17 je me doute que tu va encore tous mettre en bordel donc bon ^^
2014-07-23T21:25:37 <Letarumavza> ^^'
2014-07-23T21:25:45 <heuzef> A moins que tu me surprenne :D
2014-07-23T21:25:46 <Letarumavza> Moi théoriquement non...
2014-07-23T21:25:54 <Letarumavza> Bah...
2014-07-23T21:26:02 <Letarumavza> Du 2 au 10 je serai chez ma cop
2014-07-23T21:26:27 <Letarumavza> donc j'ai pas le temps de mettre la merde ^^'
2014-07-23T21:26:54 <heuzef> Dans ce cas du 11 au 17 je compte sur toi pour préparer les lieux
2014-07-23T21:27:02 <heuzef> Mais sous estime pas la tâche
2014-07-23T21:27:11 <heuzef> N'est pas Pinkie Pie qui veux
2014-07-23T21:27:28 <heuzef> C'est beaucoup de boulot de préparer une fête
2014-07-23T21:27:59 <Letarumavza> Justement, j'ai un coté pinkie pie un peu étrange.
2014-07-23T21:28:27 <Letarumavza> Quand il s'agit de mettre de l'ambiance c'est instinctif, et pour organiser une fête en vitesse je gère aussi ^^
2014-07-23T21:29:32 <heuzef> https://www.youtube.com/watch?v=Ezjtppj7Gkw :D
2014-07-23T21:30:36 <Letarumavza> ^^
2014-07-23T21:31:20 <Letarumavza> pinkie rox ^^
2014-07-23T21:32:28 <TrappyTickles> best party planner ever!
2014-07-23T21:41:36 <heuzef> Letarumavza au faite t'es tombé sur la pinup de Chrysie en vacance ? :D
2014-07-23T21:42:01 <Letarumavza> nop, j'en ai une aute de pinup comme fond d'écran
2014-07-23T21:42:06 <heuzef> Ma vidéo chouchoute du moment
2014-07-23T21:42:25 <heuzef> https://www.youtube.com/watch?v=WsIHxnlIOMc
2014-07-23T21:43:11 <Letarumavza> ...
2014-07-23T21:43:25 * Letarumavza facehoof.
2014-07-23T21:43:37 <heuzef> http://goo.gl/Cs1Y4H
2014-07-23T21:43:39 <heuzef> xD
2014-07-23T21:44:09 <Letarumavza> M'en fout, ma pin-up elle est mieux !
2014-07-23T21:44:42 <heuzef> Bof, elle dance pas sur un fond de techno trop la class
2014-07-23T21:44:46 <heuzef> xD
2014-07-23T21:45:24 <Letarumavza> m'en fout, elle est mieux ^^
2014-07-23T21:45:24 <adriens33> re
2014-07-23T21:46:50 <adriens33> pfou
2014-07-23T21:46:54 <Letarumavza> ?
2014-07-23T21:46:59 <adriens33> ça fait bizarre d'avoir des tonnes de fringues propres XD
2014-07-23T21:47:09 <Letarumavza> ...
2014-07-23T21:47:14 <ELiDYROS> ça parle de Pinkie ?
2014-07-23T21:47:15 <ELiDYROS> ou ça ?
2014-07-23T21:47:19 <Letarumavza> n'emlpèche flo, ma pin-up elle est mieux !
2014-07-23T21:47:25 <adriens33> bin montre la
2014-07-23T21:47:26 <heuzef> Je vois qu'on à la même technique adriens33
2014-07-23T21:47:27 <adriens33> :)
2014-07-23T21:47:35 <Letarumavza> @adrien :  c'est mon wallpaper ^^
2014-07-23T21:47:39 <heuzef> Faire 1 tonne de lessive une fois par mois
2014-07-23T21:47:44 <adriens33> heuzef: c'est surtout que j'ai pas de machine à laver… donc j'entasse et quand y'en a trop je lave
2014-07-23T21:48:01 <heuzef> ça me bouffe une journée entière à chaque fois
2014-07-23T21:49:10 <heuzef> Bon quelqu'un à réussis à mettre la main sur les sous-titre FR de "A Brony Tale" ?
2014-07-23T21:49:26 <heuzef> Je l'ai en 1080p mais pas moyen de trouver les sous-titres
2014-07-23T21:50:04 <Letarumavza> arf
2014-07-23T22:01:09 *** MaCharon s'est connecté
2014-07-23T22:01:16 <MaCharon> bonsoir
2014-07-23T22:01:57 <heuzef> prout MaCharon ^^
2014-07-23T22:02:02 <heuzef> Bon moi je file miam
2014-07-23T22:02:09 <heuzef> Demain j'ai ma soutenance, gros stresse
2014-07-23T22:02:11 <MaCharon> ben bon app alors ^^
2014-07-23T22:02:23 <adriens33> bonsoir MaCharon :)
2014-07-23T22:02:27 <heuzef> @plouf
2014-07-23T22:02:28 <adriens33> merde heuzef ;)
2014-07-23T22:03:14 *** heuzef est parti
2014-07-23T22:12:02 <TrappyTickles> ils aiment les gateaux ceux qui vienennt demain chez Letarumavza ?
2014-07-23T22:12:26 <TrappyTickles> ma femme va surement en cuisiner un ^^
2014-07-23T22:13:11 <adriens33> miam :p
2014-07-23T22:18:04 <TrappyTickles> ok vendu alors ^^
2014-07-23T22:22:49 *** Lezarius s'est connecté
2014-07-23T22:22:54 <Lezarius> Plop
2014-07-23T22:23:22 <MaCharon> slt
2014-07-23T22:23:53 <Lezarius> Dawnio: demain aprem irl si tu veux ~
2014-07-23T22:25:01 <Dawnio> demain? pas sur que je puisse aller sur Bordeaux demain, je regarde mon agenda
2014-07-23T22:26:10 <Dawnio> à quelle heure?
2014-07-23T22:27:42 <ELiDYROS> y a un truc d'organisé ?
2014-07-23T22:31:35 <Lezarius> Oui tu as répondu a rei ELiDYROS xD
2014-07-23T22:32:28 <ELiDYROS> hein ? j'ai pas saisi je parle de Dawnio là
2014-07-23T22:35:42 <Lezarius> Demain le truc d'orga c'est la sortie de rei enfin "orga" grand mot
2014-07-23T22:36:28 <Dawnio> je suis pas au courant ^^
2014-07-23T22:36:43 <ELiDYROS> c'est pas vendredi ça ?
2014-07-23T22:37:14 <Lezarius> Ah mais *-* Pour moi demain c'était vendredi xD
2014-07-23T22:38:01 <ELiDYROS> j'ai aperçu "gateux" et "demain" dans le chat donc je me demandais
2014-07-23T22:40:11 <Dawnio> bonjour, je ne comprend rien
2014-07-23T22:40:47 <Lezarius> Non en faite l'irl c"est vendredi aprem
2014-07-23T22:43:00 <ELiDYROS> Je comprends rien car disons que je matte des séries sur la PS3, en ayant multi conversation sur Facebook et en buvant des mojitos donc j'ai du mal à suivre
2014-07-23T22:43:42 <Dawnio> j'ai mis trop de menthe dans mon mojito tout à l'heure
2014-07-23T22:46:23 <Lezarius> Han j'ai oublier ma bierre
2014-07-23T22:46:54 <ELiDYROS> c'est pas grave c'est que de la bière
2014-07-23T22:46:54 <Berry-Punch> J'adore *hic* ça !
2014-07-23T22:55:29 <Dawnio> bon, alors, il sa passe quoi et quand?
2014-07-23T22:56:27 <ELiDYROS> bah là perso je matte American Dad saison 9 sur Hulu en buvant de l'alcool
2014-07-23T22:56:27 <Berry-Punch> Tu en as pour *hic* moi ELiDYROS ?
2014-07-23T22:56:31 <ELiDYROS> sinon rien de plus pour moi
2014-07-23T22:56:34 <ELiDYROS> xD
2014-07-23T22:57:08 <Dawnio> lolo, je demande pas ce que vous faites ^^
2014-07-23T22:58:32 <ELiDYROS> je sais ;)
2014-07-23T22:59:21 <Dawnio> bon je pense que j'en saurais pas plus ce soir x)
2014-07-23T22:59:36 <ELiDYROS> alors apparement vendredi Rei fait une ballade + musée
2014-07-23T22:59:48 <ELiDYROS> à partir de 14.30 c'est tout ce que je sais jusque là
2014-07-23T23:00:33 <Dawnio> ah bon
2014-07-23T23:00:46 <Dawnio> ok
2014-07-23T23:08:14 <ELiDYROS> c'est bien calme ce soir comparé à avant hier
2014-07-23T23:08:34 <Lezarius> ...
2014-07-23T23:12:43 <ELiDYROS> hum ?
2014-07-23T23:13:01 <TrappyTickles> ça existe les centres de désintox de candy crush? :p
2014-07-23T23:13:12 <ELiDYROS> ouais : les vrais jeux vidéo
2014-07-23T23:13:15 <Lezarius> Non eviton d'en reparler
2014-07-23T23:17:00 <ELiDYROS> aaah les dramas
2014-07-23T23:17:07 <ELiDYROS> je regarde toujours ça d'un oeil extérieur
2014-07-23T23:17:53 <ELiDYROS> vu que je hais les conflits
2014-07-23T23:17:54 <TrappyTickles> entk c'est confirmé, c'est bien ce jeu qui fait foirer ma gpu après un moment
2014-07-23T23:38:58 *** MaCharon est parti
2014-07-23T23:40:02 <TrappyTickles> omg jcrois que ça y est, j'ai trouvé mon tatoo de poney enfin!
2014-07-23T23:40:07 <TrappyTickles> https://derpibooru.org/681780
2014-07-23T23:40:16 <TrappyTickles> ça en changeant quelques trucs, masi c'est l'idée
2014-07-23T23:40:21 <adriens33> ^^
2014-07-23T23:40:36 <TrappyTickles> tain, des mois que je cherchais le truc parfait ^^
2014-07-23T23:48:38 *** ValCab33 est parti
2014-07-23T23:51:01 <adriens33> je vais dodo
2014-07-23T23:51:03 <adriens33> bonne nuit les gens
2014-07-23T23:51:05 *** adriens33 est parti
2014-07-23T23:56:20 *** ValCab33 s'est connecté
2014-07-23T23:57:20 *** Lenile est parti
