2014-11-23T01:26:53 *** adriens33 est parti
2014-11-23T01:37:02 *** adriens33 s'est connecté
2014-11-23T08:08:23 *** adriens33 est parti
2014-11-23T10:52:45 *** TrappyTickles s'est connecté
2014-11-23T11:15:57 *** adriens33 s'est connecté
2014-11-23T12:44:34 *** Gordfang s'est connecté
2014-11-23T12:44:54 <Gordfang> yo!
2014-11-23T12:45:02 <adriens33> helo
2014-11-23T12:45:04 <adriens33> *hello
2014-11-23T12:46:45 <Gordfang> après 1 ans de fraude de ticket de train le controlleur ma enfin griller!
2014-11-23T13:00:56 <adriens33> bien fait :p
2014-11-23T13:04:34 <Gordfang> il pas mis d'amande XD
2014-11-23T13:04:44 <Gordfang> j'ai juste plus de carte de train étudiante
2014-11-23T13:04:51 <adriens33> ah
2014-11-23T13:04:52 <adriens33> ^^
2014-11-23T13:05:40 <Gordfang> ouai elle était périmé depuis 1 ans /D
2014-11-23T14:10:51 *** adriens33 est parti
2014-11-23T14:11:18 *** adriens33 s'est connecté
2014-11-23T14:22:28 *** adriens33 est parti
2014-11-23T14:23:05 *** adriens33 s'est connecté
2014-11-23T16:11:32 *** lady s'est connecté
2014-11-23T16:12:52 *** lady est parti
2014-11-23T17:28:08 *** Gordfang est parti
2014-11-23T18:36:37 *** adriens33 est parti
2014-11-23T18:37:10 *** adriens33 s'est connecté
2014-11-23T19:18:49 <adriens33> tain c'est vide irc en ce moment…
2014-11-23T19:19:23 <adriens33> c'est moi qui fait fuir tout le monde ou c'est juste que les gens ont la flemme de venir ?
2014-11-23T20:18:02 *** adriens33 est parti
2014-11-23T20:18:28 *** adriens33 s'est connecté
2014-11-23T21:08:50 *** Ikledoreboline s'est connecté
2014-11-23T21:08:56 <Ikledoreboline> Salut, non pas vraiment adriens, juste un manque de temps et autres ^^
2014-11-23T22:26:54 *** Bybeez s'est connecté
2014-11-23T22:27:23 <Bybeez> Salut, et non Adriens33 moi c'est que je relis les Eragon en ce moment donc sa m'occupe pas mal ^^
2014-11-23T22:52:41 *** Bybeez est parti
2014-11-23T23:45:46 *** Ikledoreboline est parti
