2014-09-07T00:45:55 *** heuzef s'est connecté
2014-09-07T00:46:46 *** heuzef est parti
2014-09-07T00:58:37 *** ELiDYROS est parti
2014-09-07T01:06:36 *** Ikledoreboline est parti
2014-09-07T01:24:41 *** adriens33 est parti
2014-09-07T02:10:32 *** Ambrocidus est parti
2014-09-07T06:06:04 *** Silou est parti
2014-09-07T09:19:43 *** Ambrocidus s'est connecté
2014-09-07T09:44:47 <Berry-Punch> Voilà ce *hic* qu'il s'est passé ces 10 dernières lignes, adriens33
2014-09-07T09:44:48 *** adriens33 s'est connecté
2014-09-07T10:05:16 *** TrappyTickles s'est connecté
2014-09-07T11:08:12 *** adriens33 est parti
2014-09-07T11:26:24 *** ValCab33 s'est connecté
2014-09-07T11:26:35 <ValCab33> Plop
2014-09-07T11:37:38 *** Lezarius s'est connecté
2014-09-07T11:37:48 <Lezarius> Salut
2014-09-07T11:39:13 *** Lezarius est parti
2014-09-07T11:40:07 *** Lezarius s'est connecté
2014-09-07T12:01:17 <Lezarius> Salut
2014-09-07T12:07:52 *** ValCab33 est parti
2014-09-07T12:15:53 *** ludvann s'est connecté
2014-09-07T12:16:00 <ludvann> hellow tout le monde
2014-09-07T12:16:06 <ludvann> /)
2014-09-07T12:37:05 *** Lenile s'est connecté
2014-09-07T12:37:10 <Lenile> Salut tout le monde
2014-09-07T12:37:40 <Lenile> Personne n'aurais un DD pour PC portable à me preter le temps d'aoir asser d'argent pour en racheter un ? xD
2014-09-07T12:40:10 <Lenile> J'prend ça pour un non o/
2014-09-07T12:40:18 <Lenile> J'vais faire de la chrurgie sur mon PC
2014-09-07T12:40:28 <Lenile> Mais avant ça je doit allerchercher des tournevis.
2014-09-07T12:48:09 <Lenile> Technique du gitan pendant 1 mois.
2014-09-07T12:56:32 <ludvann> xD
2014-09-07T13:00:08 <Lenile> La technique du gitan c'est clef usb linux pendant 1 mois
2014-09-07T13:00:12 <Lenile> S'cool o/
2014-09-07T13:05:28 <ludvann> ^^
2014-09-07T13:06:52 <Lenile> Tu sais pas parlé toi en fait..; e.e
2014-09-07T13:10:04 <ludvann> :/
2014-09-07T13:11:16 <Letarumavza> re
2014-09-07T13:11:37 <Letarumavza> Bordel je hais les gens capricieux et inconstants...
2014-09-07T13:12:14 <Lenile> Pourquoi Letar ?
2014-09-07T13:12:50 <Letarumavza> Parce que c'est la merde quand absolument rien n'est stable.
2014-09-07T13:13:01 <Lenile> Bah explique
2014-09-07T13:13:31 <Letarumavza> J'ai rien contre les gens imprévisibles, au contraire j'adore les surprises, mais les gens inconstants me tapent sur les nerfs.
2014-09-07T13:13:40 <Lenile> Mhhh
2014-09-07T13:13:48 <Letarumavza> en particulier les personnes qui font marche arrière après s'être investies...
2014-09-07T13:13:53 <Lenile> Haaaa
2014-09-07T13:13:59 <Lenile> La j'comprend
2014-09-07T13:14:48 <Letarumavza> So, vis à vis de la personne en question je vais me prendre une bonne grosse de dose de fuckitol.
2014-09-07T13:15:03 <Lenile> x)
2014-09-07T13:15:26 <Lenile> T'a pas un DD en rab toi par hasard ?
2014-09-07T13:15:31 <Lenile> de PC portable x)
2014-09-07T13:15:37 <Letarumavza> Nop
2014-09-07T13:18:11 <Lenile> J'regarde BATS en VF
2014-09-07T13:18:15 <Lenile> Sur Gulli
2014-09-07T13:37:32 <ludvann> :O
2014-09-07T13:39:30 *** Lenile est parti
2014-09-07T13:56:24 <Lezarius> Letarumavza: c est la vie ~
2014-09-07T13:56:44 <Letarumavza> La vie, mon cul.
2014-09-07T13:56:54 <Letarumavza> Putain, juste une fois je veux une histoire simple...
2014-09-07T14:24:26 *** Yvan33 s'est connecté
2014-09-07T14:26:46 <Yvan33> Salut
2014-09-07T14:37:52 <Berry-Punch> Voilà ce qu'il s'est passé ces 10 dernières lignes, *hic* adriens33
2014-09-07T14:37:54 *** adriens33 s'est connecté
2014-09-07T14:55:53 <Lezarius> adriens33: http://ci.md-5.net/job/Spigot/
2014-09-07T14:56:15 <Lezarius> Letarumavza: ta copine ou un ami ?
2014-09-07T14:56:28 <adriens33> déjà "bonjour"
2014-09-07T14:56:32 <adriens33> et spigot c'est nein.
2014-09-07T15:00:33 *** MaCharon s'est connecté
2014-09-07T15:00:38 <MaCharon> slt
2014-09-07T15:01:24 <Yvan33> Yo
2014-09-07T15:01:40 <Yvan33> J'ai enfin fini les Dragons sur le bestiaire!
2014-09-07T15:01:58 <adriens33> hello
2014-09-07T15:22:08 <Lezarius> adriens33: j ai dit bonjours et tu etait la =P
2014-09-07T15:22:14 <adriens33> nnon.
2014-09-07T15:22:31 <adriens33> J'arrive et la première phrase que j'ai c'est un lien vers spygot.
2014-09-07T15:22:38 <adriens33> j'ai déjà dit que je remettrai pas ce truc.
2014-09-07T15:23:19 <Lezarius> bukkit est fini ...
2014-09-07T15:23:24 <adriens33> lol
2014-09-07T15:23:27 <adriens33> n'importe quoi
2014-09-07T15:23:35 *** Yvan33 est parti
2014-09-07T15:23:36 <adriens33> la 1.8 vient juste de sortir !
2014-09-07T15:23:41 <adriens33> laisse leur le temmps de dev le truc !
2014-09-07T15:23:50 <adriens33> je mettrai la 1.7.9 si tu y tiens tant…
2014-09-07T15:27:10 *** heuzef s'est connecté
2014-09-07T15:27:27 <adriens33> plop heuzef
2014-09-07T15:28:47 <heuzef> plop =)
2014-09-07T15:40:44 <Lezarius> Salut heuzef
2014-09-07T15:41:04 <Lezarius> C est pas comme si pas mal de membre de bukkit avais demisionner ...
2014-09-07T15:42:04 <adriens33> C'est pas comme si bukkit était libre.
2014-09-07T15:42:06 <adriens33> Oh, wait¿
2014-09-07T15:42:08 <adriens33> *…
2014-09-07T15:45:08 <heuzef> Pas facile de trouver les infos de license de Spigot
2014-09-07T15:45:12 <heuzef> Mais en fouillant un peu
2014-09-07T15:45:13 <heuzef> Copyright (c) 2013 Matthew Werner
2014-09-07T15:45:21 <heuzef> Lol :/
2014-09-07T15:45:26 <adriens33> Voui, pis 1) pas envie de refaire toute la conf
2014-09-07T15:45:30 <adriens33> 2) ça marche niquel
2014-09-07T15:45:35 <adriens33> (on a vu ce que donnait spigot…)
2014-09-07T15:45:55 <adriens33> 3) si j'ai envie de faire ma propre version de craftbukkit (on sait jamais, des fois que…) bah je peux
2014-09-07T15:46:17 <heuzef> et 4) spigot est sous un vieux (c) de merde
2014-09-07T15:46:22 <adriens33> voui
2014-09-07T15:48:07 * heuzef est AFK
2014-09-07T16:05:29 *** Silou s'est connecté
2014-09-07T16:06:54 *** Lezarius est parti
2014-09-07T16:07:22 <ludvann> hellow silou
2014-09-07T16:07:28 <Silou> plop
2014-09-07T16:08:49 <ludvann> chat va ?
2014-09-07T16:12:06 <Silou> Bien et toi ?
2014-09-07T16:16:19 <ludvann> bien :)
2014-09-07T16:26:04 *** Ambrocidus est parti
2014-09-07T16:39:14 *** Letarumavza est parti
2014-09-07T17:23:13 *** wildfier s'est connecté
2014-09-07T17:23:18 <wildfier> yop
2014-09-07T17:27:38 <ludvann> plop
2014-09-07T17:27:45 <adriens33> glop
2014-09-07T17:27:55 <TrappyTickles> flop?
2014-09-07T17:33:09 <wildfier> heuzef ?
2014-09-07T17:42:03 <heuzef> Yep ?
2014-09-07T17:50:14 *** Yvan33 s'est connecté
2014-09-07T17:50:34 *** ludvann est parti
2014-09-07T17:50:36 <Yvan33> Heuzef
2014-09-07T17:50:48 <heuzef> ?
2014-09-07T17:50:50 <Yvan33> L'homme qui vient modifié un mot sur le wiki
2014-09-07T17:51:06 <Yvan33> XD
2014-09-07T17:51:15 <wildfier> ^^
2014-09-07T17:52:09 <heuzef> chut xD
2014-09-07T17:52:18 <Yvan33> Au fait, je sais pas si j'ai le droit mais j'ai mis de grosses images pour les dragons
2014-09-07T17:54:43 <heuzef> C'est un sujet à aborder les images mais plus tard
2014-09-07T17:54:49 <heuzef> pas une priorité pour l'instant
2014-09-07T17:54:53 <Yvan33> Je vois
2014-09-07T17:55:16 <Yvan33> Nan parce qu'elle sont cool et que j'ai mis du temps à les trouver
2014-09-07T17:55:22 <Yvan33> but worth it
2014-09-07T17:55:57 <Yvan33> D'ailleurs j'ai un peu classé le Bestiaire pour te faciliter la tche quand tu voudra l'intégrer à ton scénario
2014-09-07T17:57:31 <heuzef> adriens33 ?
2014-09-07T17:57:44 <adriens33> oui ?
2014-09-07T17:58:02 <heuzef> Pour les besoin de la V3 il semblerais qu'un reboot du serveur s'impose
2014-09-07T17:58:03 <wildfier> on a ajouté un group à www-data sur son serv mais ça prend pas effet
2014-09-07T17:58:27 <wildfier> non on va essayer de faire sans quand même
2014-09-07T17:58:34 <adriens33> heu… pas besoin de reboot, juste de déco reco l'user
2014-09-07T17:58:38 <adriens33> (donc tout ce qui y est attaché)
2014-09-07T17:58:41 <adriens33> normalement
2014-09-07T17:58:57 <heuzef> Ok
2014-09-07T17:59:01 <heuzef> Syntaxe pour ça ?
2014-09-07T17:59:20 <adriens33> ben tu stoppe les services qui utilisent cet user, c'est tout
2014-09-07T17:59:44 *** heuzef est parti
2014-09-07T18:00:04 <wildfier> XD
2014-09-07T18:00:12 <wildfier> trop de c/c tue le heuzef
2014-09-07T18:00:19 <adriens33> nan
2014-09-07T18:00:21 <adriens33> c'est kiwiirc
2014-09-07T18:00:31 <adriens33> ça le fait aussi avec androirc des fois
2014-09-07T18:00:31 *** heuzef s'est connecté
2014-09-07T18:00:35 <adriens33> client buggué :p
2014-09-07T18:00:36 <heuzef> pfff
2014-09-07T18:00:40 <heuzef> non
2014-09-07T18:00:43 <heuzef> kick pour flood
2014-09-07T18:00:45 <wildfier> ^^
2014-09-07T18:00:47 <adriens33> bah
2014-09-07T18:00:51 <adriens33> si t'as rien envoyé
2014-09-07T18:00:56 <adriens33> c'est que le client bug
2014-09-07T18:01:00 <wildfier> il me c/c en privé
2014-09-07T18:01:00 <heuzef> non
2014-09-07T18:01:03 <wildfier> des retours de commandes
2014-09-07T18:01:15 <adriens33> faut plus de 10 lignes normalement…
2014-09-07T18:01:19 <adriens33> (consécutives)
2014-09-07T18:01:36 <heuzef> cat /etc/passwd
2014-09-07T18:01:39 <heuzef> boom
2014-09-07T18:01:40 <heuzef> déco
2014-09-07T18:01:45 <wildfier> mais pourquoi ?
2014-09-07T18:01:47 <adriens33> ah bah si t'es nouille aussi XD
2014-09-07T18:01:52 <wildfier> en s'en fout ^^
2014-09-07T18:02:06 <adriens33> pour ajouter un groupe à un user c'est /etc/group qu'il faut modifier pas /etc/passwd
2014-09-07T18:02:14 <wildfier> ce qu'il faut c'est lister les process tournant avec l'id www-data
2014-09-07T18:02:24 <adriens33> (normalement faut le faire avec usermod mais bon c'est faisable à la main)
2014-09-07T18:02:25 <wildfier> c'est bon bronycub est ajouté
2014-09-07T18:02:32 <wildfier> c'est juste pas encore pris en compte
2014-09-07T18:03:14 <adriens33> …
2014-09-07T18:03:18 <adriens33> raté
2014-09-07T18:03:28 <adriens33> vous avez ajouté l'user www-data au groupe bronycub
2014-09-07T18:03:34 <adriens33> c'est l'inverse qu'il faut faire XD
2014-09-07T18:03:58 <adriens33> enfin… ça dépend de ce que vous voulez faire apres.
2014-09-07T18:04:15 <wildfier> oui c'est ce qu'on veut
2014-09-07T18:04:27 *** Yvan33 est parti
2014-09-07T18:04:27 <wildfier> tout appartient à bronycub:bronycub
2014-09-07T18:04:28 <adriens33> c'est quoi l'idée ?
2014-09-07T18:04:39 <wildfier> et on veut que le serv y ai accès
2014-09-07T18:04:50 <wildfier> en 775
2014-09-07T18:05:05 <adriens33> heu… accès à quoi ?
2014-09-07T18:05:25 <wildfier> au cache du site en écriture
2014-09-07T18:05:26 <adriens33> parce que actuellement tout ce qui est dans /home/bronycub est déjà lisible par tout le monde donc bon…
2014-09-07T18:05:31 <adriens33> ah en écriture
2014-09-07T18:05:39 <wildfier> d'où le groupe bronycub
2014-09-07T18:06:32 *** Yvan33 s'est connecté
2014-09-07T18:08:22 <Yvan33> Huh?
2014-09-07T18:08:29 <Yvan33> Vous avez fait votre machin?
2014-09-07T18:09:36 <heuzef> Pas vraiment, on essaie de trouver une solution propre pour eviter de redemarer le serveur ^^
2014-09-07T18:09:57 <adriens33> au pire c'pas grave, si t'as bien conf ton serveur ça devrait pas être la mort
2014-09-07T18:10:06 <adriens33> le minecraft est même pas touché :p
2014-09-07T18:10:12 <heuzef> Pour info Yvan33, si e serveur en question redemare, EcoMonde sera innacessible pendant plusieurs minutes
2014-09-07T18:10:19 <adriens33> (bon, l'acces via bronycub.org:25565 si, mais là je peux rien y faire)
2014-09-07T18:10:28 <Yvan33> Oula, vous attendez je finisse mon truc alors
2014-09-07T18:10:30 <adriens33> plusieurs minutes oO
2014-09-07T18:10:36 <adriens33> heu… tant que ça ?
2014-09-07T18:10:43 <heuzef> oui
2014-09-07T18:10:43 <adriens33> ça me parait un peu beaucoup
2014-09-07T18:10:48 <wildfier> moi aussi ...
2014-09-07T18:11:28 <adriens33> même avec ta conf, moi le mien est sensiblement pareil (à par le cpu qui a un peu plus de pêche mais bon), apres ptet que t'as 315 mille services qui se lancent en même temps.
2014-09-07T18:11:47 *** ValCab33 s'est connecté
2014-09-07T18:11:51 <heuzef> non ça devrais aller
2014-09-07T18:11:58 <ValCab33> Hellow
2014-09-07T18:11:59 <heuzef> Bon aller
2014-09-07T18:12:05 <heuzef> Yvan33 sauvegarde ta page ;)
2014-09-07T18:12:20 <Yvan33> Tiens d'ailleurs si quelqu'un voulais bien me passer le serveur minecraft
2014-09-07T18:12:22 <wildfier> arrête de vouloir redémarrer ton serv toi ! ^^
2014-09-07T18:12:24 <Yvan33> Ouais c'est bon
2014-09-07T18:12:31 <adriens33> Yvan33: bronycub.org
2014-09-07T18:12:31 *** maitrepanda s'est connecté
2014-09-07T18:12:50 <Yvan33> okay, quelle version?
2014-09-07T18:12:53 <adriens33> 1.7.2
2014-09-07T18:12:58 <adriens33> (j'ai pas update encore, flemme)
2014-09-07T18:13:00 <Yvan33> oki
2014-09-07T18:13:11 *** ELiDYROS s'est connecté
2014-09-07T18:13:12 <adriens33> par contre faut que je t'ajoute à la whitelist avant
2014-09-07T18:13:55 <adriens33> salut ELiDYROS
2014-09-07T18:14:01 <wildfier> yop
2014-09-07T18:14:01 <ELiDYROS> Yo.
2014-09-07T18:14:11 <Yvan33> je tape http://bronycub.org/ sur l'adresse du serveur minecraft?
2014-09-07T18:14:22 <adriens33> bah non, juste bronycub.org
2014-09-07T18:14:25 <adriens33> c'est pas du http
2014-09-07T18:14:27 <adriens33> o.O
2014-09-07T18:15:01 <Yvan33> nan je voulais pas copier le http en fait
2014-09-07T18:15:55 <Yvan33> Vous avez redémarrer le serveur?
2014-09-07T18:15:58 <heuzef> non
2014-09-07T18:16:15 <Yvan33> alors soit je suis con soit ça marche pas
2014-09-07T18:16:16 <heuzef> Bon et puis merde on va pas y passer la nuit
2014-09-07T18:16:21 <heuzef> je reboot
2014-09-07T18:16:25 <adriens33> Yvan33: comme je te l'ai dit…
2014-09-07T18:16:27 <adriens33> il me faut ton pseudo
2014-09-07T18:16:32 <adriens33> pour te mettre sur la whitelist…
2014-09-07T18:16:33 <Yvan33> oui sans le http
2014-09-07T18:16:40 <Yvan33> ...
2014-09-07T18:16:43 <Yvan33> Ok je suis con
2014-09-07T18:16:45 <Yvan33> ^^
2014-09-07T18:17:13 <adriens33> et si heuzef reboot son serveur, le tunnel d'accès au serveur minecraft sera coupé donc ça marchera plus le temps que son serv reboote et que je rétablisse le tunnel apres
2014-09-07T18:18:14 <heuzef> ping perdu
2014-09-07T18:18:24 <heuzef> on va bien voir combien de temps ça met ;)
2014-09-07T18:19:12 *** maitrepanda est parti
2014-09-07T18:19:24 <heuzef> boom
2014-09-07T18:19:31 <Yvan33> huh?
2014-09-07T18:19:34 <heuzef> donc 2 min
2014-09-07T18:19:39 <heuzef> pas très long ça va
2014-09-07T18:20:06 <Yvan33> Mais du coup la V3 est déjà prête? Enfin pourquoi tu fais ça?
2014-09-07T18:20:06 <heuzef> adriens33 tu peux refaire le tunel et ajouter l'amis Yvan33 maintenant ;)
2014-09-07T18:20:20 <adriens33> voui mais j'ai toujours pas son pseudo minecraft T.T
2014-09-07T18:20:21 <heuzef> Et concernant la v3
2014-09-07T18:20:24 <heuzef> ba peau de zob
2014-09-07T18:20:25 <adriens33> ça fait trois fois que je le demande
2014-09-07T18:20:33 <adriens33> :(
2014-09-07T18:20:39 <wildfier> what the hell
2014-09-07T18:20:50 <Yvan33> Ivan
2014-09-07T18:21:43 *** BronyCUB-MC est parti
2014-09-07T18:21:56 <wildfier> damn c'est chiant d'essayer de déboguer ça sans accès à rien ...
2014-09-07T18:22:19 <Yvan33> et sinon heuzef j'ai rien piger pour ta v3
2014-09-07T18:22:46 *** BronyCUB-MC s'est connecté
2014-09-07T18:22:48 <heuzef> Personne comprend en faite et c'est ça le problème :P
2014-09-07T18:22:54 <adriens33> Yvan33: vala, normalement ça devrait être bon
2014-09-07T18:23:02 <Yvan33> Tu peux pas dire juste "merde" plutot que des images plus dérengeant?
2014-09-07T18:23:39 <Yvan33> Et bien... non
2014-09-07T18:24:01 <Yvan33> J'ai certainement pas compris quelque chose
2014-09-07T18:24:13 <adriens33> quoi « Et bien... non » ? de quoi est ce que tu parles ?
2014-09-07T18:24:26 <Yvan33> de l'accès à minecraft
2014-09-07T18:24:42 <Yvan33> il me dit encore "cant resolve hostname"
2014-09-07T18:24:43 <heuzef> Yvan33 ? Pour les en faite j'aimerais sur le long terme avoir un style propre à EM plutot que des images copyright chopé à droite a gauche sur google sans harmonie, mais c'est pas urgent ;)
2014-09-07T18:24:54 <adriens33> nan mais faut reload le jeu
2014-09-07T18:24:58 <adriens33> si tu refresh plusieurs fois de suite
2014-09-07T18:25:08 <adriens33> au bout d'un moment ça bug si l'acces coupe
2014-09-07T18:25:16 <adriens33> même si ça revient il échoue apres
2014-09-07T18:25:28 <adriens33> parce que là le serv est toujours up, le tunnel aussi
2014-09-07T18:25:51 <adriens33> (et can't resolv hostname ça veut carrément dire que pour lui bronycub.org est une adresse qui n'existe pas… cherchez l'erreur.)
2014-09-07T18:26:34 <Yvan33> Et bien j'ai reload et refresh
2014-09-07T18:26:48 <Yvan33> Je suis sous mon pseudo et compte Ivan
2014-09-07T18:27:17 <Yvan33> Mais quand je regarde les serveurs dispo, le tiens il est pas dispo avec le message d'erreur dont je te parle
2014-09-07T18:27:19 <heuzef> Ton pseudo c'est "Ivan" ou "ivan" ?
2014-09-07T18:27:24 <Yvan33> Ivan
2014-09-07T18:27:33 <Yvan33> enfin je check
2014-09-07T18:27:42 <adriens33> Ben Ivan t'as un souci, moi il marche :p
2014-09-07T18:27:47 <BronyCUB-MC> adrien_s has joined the server!
2014-09-07T18:27:51 <Yvan33> Bah oui Ivan
2014-09-07T18:27:53 <BronyCUB-MC> adrien_s: la preuve, je suis dessus.
2014-09-07T18:28:14 <BronyCUB-MC> adrien_s: t'as bien mis « bronycub.org » comme adresse ?
2014-09-07T18:28:30 <Yvan33> Et quand je fais "direct connect il attends un peu puis bug
2014-09-07T18:28:57 <Yvan33> ou j'ai CC
2014-09-07T18:28:57 <adriens33> Bon, alors faisons les choses dans l'ordre:
2014-09-07T18:29:00 <adriens33> version de minecraft ?
2014-09-07T18:29:05 *** Letarumavza s'est connecté
2014-09-07T18:29:08 <Yvan33> 1.7.2
2014-09-07T18:29:10 <adriens33> adresse ajoutée dans la partie multiplayer ?
2014-09-07T18:29:13 <Yvan33> oui
2014-09-07T18:29:15 <adriens33> nan
2014-09-07T18:29:19 <adriens33> je demande pas oui/non
2014-09-07T18:29:20 <adriens33> un C/C
2014-09-07T18:29:22 <Letarumavza> Rah, peste soit des femmes, si ça continue, je drague clémence.. ^^
2014-09-07T18:29:31 <adriens33> Leta, t'as fini oui…
2014-09-07T18:29:37 <Yvan33> jamais
2014-09-07T18:30:01 <Yvan33> Comment ça tu veux un C/C?
2014-09-07T18:30:04 <adriens33> Bon, alors on va faire plus simple: Yvan33 tu vas mettre comme adresse 37.187.19.8:25565
2014-09-07T18:30:11 <adriens33> et tu me dis si ça marche ou pas.
2014-09-07T18:30:19 <adriens33> (c'est l'accès direct au serveur minecraft)
2014-09-07T18:30:26 <BronyCUB-MC> adrien_s has quit the server!
2014-09-07T18:30:38 <Yvan33> je reload et te dis
2014-09-07T18:30:38 <adriens33> oh…
2014-09-07T18:30:39 <adriens33> non…
2014-09-07T18:30:41 <adriens33> heuzef !!
2014-09-07T18:30:45 <heuzef> adriens33 la liaison avec BronyCUB-MC ne fonctionne pas chez moi, mais aucun problème de connexion
2014-09-07T18:30:50 <adriens33> c'est normal !!
2014-09-07T18:30:53 <heuzef> ?
2014-09-07T18:30:56 <adriens33> t'as toujours l'ancien qui se relance !!
2014-09-07T18:31:00 <adriens33> t'es pas sur le bon T.T
2014-09-07T18:31:10 <heuzef> Hein ?
2014-09-07T18:31:27 <adriens33> le bon minecraft est sur mon serveur
2014-09-07T18:31:32 <adriens33> avec un tunnel depuis le tien
2014-09-07T18:31:34 <adriens33> quand tu reboote
2014-09-07T18:31:37 <heuzef> je suis bien sur bronycub.org
2014-09-07T18:31:41 <adriens33> l'ancien (celui qui est sur ton serv)
2014-09-07T18:31:44 <adriens33> se relance tout seul
2014-09-07T18:31:50 <adriens33> oui mais pas le bon T.T
2014-09-07T18:31:56 <heuzef> la je suis perdu
2014-09-07T18:32:01 <adriens33> le vrai est sur mon serveur bordel
2014-09-07T18:32:03 <Yvan33> Alors
2014-09-07T18:32:06 <adriens33> bronycub.org c'est juste un tunnel
2014-09-07T18:32:15 <Yvan33> Maintenant j'ai un autre message d'erreur
2014-09-07T18:32:17 <adriens33> sauf que quand tu reboote l'ancien se ralence tout seul
2014-09-07T18:32:29 <Yvan33> En ayant utiliser l'adresse bronycub.org
2014-09-07T18:32:29 <Letarumavza> J'adore quand ils s'engueulent ces deux là.
2014-09-07T18:32:47 <wildfier> tiens salut ^^
2014-09-07T18:33:02 <BronyCUB-MC> Ivan has joined the server!
2014-09-07T18:33:07 <adriens33> bah  en même temps c'est pas la première fois que je suis obligé d'arrêter l'ancien mc à la main parce que ce c*n  l'a laissé au démarrage
2014-09-07T18:33:08 <BronyCUB-MC> heuzef has joined the server!
2014-09-07T18:33:11 <adriens33> et que je peux pas l'enlever
2014-09-07T18:33:13 <Yvan33> Ah
2014-09-07T18:33:18 <Yvan33> Bah voilà
2014-09-07T18:33:19 <BronyCUB-MC> heuzef: Ha ba c'est bon
2014-09-07T18:33:20 <adriens33> donc chaque fois qu'il reboote ça relance le mauvais
2014-09-07T18:33:21 <adriens33> T.T
2014-09-07T18:33:24 *** Makhai s'est connecté
2014-09-07T18:33:31 <adriens33> oui forcément maintenant ça marche…
2014-09-07T18:33:51 <Makhai> Yop
2014-09-07T18:33:56 <adriens33> salut
2014-09-07T18:34:22 <Yvan33> Ah donc c'était pas que ma faute?
2014-09-07T18:34:29 <adriens33> naon
2014-09-07T18:34:35 *** Yvan33 est parti
2014-09-07T18:34:49 <BronyCUB-MC> Ivan: Ouf, je suis pas qu'un bras cassé alors
2014-09-07T18:34:56 <adriens33> ^^
2014-09-07T18:35:02 <BronyCUB-MC> heuzef: Et donc c'est corrigé ce problème ?
2014-09-07T18:35:03 <adriens33> du coup pour l'adresse t'as quoi ?
2014-09-07T18:35:06 <adriens33> heuzef: non…
2014-09-07T18:35:10 <BronyCUB-MC> Ivan: bronycub.org
2014-09-07T18:35:16 <adriens33> chaque fois que tu reboote ça relance le mauvais minecraft.
2014-09-07T18:35:23 <adriens33> et depuis l'user bronycub je peux rien changer…
2014-09-07T18:35:41 <adriens33> donc faut que tu te remues les méninges pour te souvenir comment tu l'a conf pour qu'il se lance tout seul et l'enlever…
2014-09-07T18:35:42 <BronyCUB-MC> heuzef: ok
2014-09-07T18:36:35 <BronyCUB-MC> Ivan: Ok, et donc ya un truc de spéciale sur le serveur?
2014-09-07T18:39:36 <BronyCUB-MC> Ivan has quit the server!
2014-09-07T18:40:41 *** Yvan33 s'est connecté
2014-09-07T18:41:03 <Yvan33> Qui a fait la berry punch?
2014-09-07T18:42:21 <heuzef> adriens33 c'est bon j'ai trouver la cause
2014-09-07T18:42:30 <heuzef> par contre j'ai une question
2014-09-07T18:42:37 <Yvan33> je sais pas
2014-09-07T18:42:51 <Yvan33> Oups, pardon pose ta qestion avant
2014-09-07T18:42:56 <heuzef> les backups /home/bronycub/mc/backup sont bien à jour ?
2014-09-07T18:43:06 <Yvan33> je sais pas
2014-09-07T18:43:11 <adriens33> heuu
2014-09-07T18:43:15 <adriens33> normalement pouruqoi ?
2014-09-07T18:43:49 <adriens33> la dernière date d'aujourd'hui…
2014-09-07T18:43:57 <adriens33> si c'est à cause de la crontab
2014-09-07T18:44:04 <adriens33> c'est normal que la ligne soit commentér
2014-09-07T18:44:06 <adriens33> *commentée
2014-09-07T18:44:23 <adriens33> comme les données à backup sont sur mon serveur j'ai collé la crontab sur le mien ^^
2014-09-07T18:44:39 <adriens33> et c'estt dans /home/bronycub/bkp-bukkit au cas où t'aurais pas vu.
2014-09-07T18:45:15 <adriens33> le dossier mc faut pu y toucher en fait ^^
2014-09-07T18:45:23 <adriens33> c'est l'ancien avec spigot et tout
2014-09-07T18:45:49 <adriens33> heuzef ?
2014-09-07T18:45:52 <adriens33> t'es en vie ?
2014-09-07T18:46:24 <Yvan33> je sais pas
2014-09-07T18:46:40 <adriens33> ça fait trois fois que tu la sors cette phrase :p
2014-09-07T18:46:45 <adriens33> c'est quoi que tu sais pas ?
2014-09-07T18:46:49 <Makhai> je sais pas
2014-09-07T18:47:01 <Yvan33> XD
2014-09-07T18:47:11 <Makhai> :p
2014-09-07T18:47:12 <Yvan33> Yeaaaah
2014-09-07T18:47:14 <heuzef> Ok bon, en gros le dossier MC n'à plus aucune utilité en faite ?
2014-09-07T18:47:17 <adriens33> nan
2014-09-07T18:47:27 <Yvan33> Je dois vraiment répondre?
2014-09-07T18:47:29 <adriens33> à part l'archivage.
2014-09-07T18:47:40 <adriens33> (des anciennes versions)
2014-09-07T18:47:44 <adriens33> (pas le bkp actuel)
2014-09-07T18:48:09 <Yvan33> Bon, moi j'ai fais mon boulot de la semaine sur le wiki, je repars bosser un petit peu
2014-09-07T18:48:11 <heuzef> Du coup je vais arrêter le mcbackup
2014-09-07T18:48:18 <adriens33> je l'ai viré de la crontab déjà
2014-09-07T18:48:36 <adriens33> (en tout cas dans la crontab de bronycub)
2014-09-07T18:48:38 <heuzef> je l'avais mis sur le crontab root
2014-09-07T18:48:42 <adriens33> ah
2014-09-07T18:48:57 <heuzef> Je vais compresser le dossier mc
2014-09-07T18:51:17 <BronyCUB-MC> heuzef has quit the server!
2014-09-07T18:52:17 *** Yvan33 est parti
2014-09-07T19:03:22 *** Makhai est parti
2014-09-07T19:24:33 <wildfier> ENFIN
2014-09-07T19:24:48 <wildfier> la v3 est dispo à http://v3.bronycub.org
2014-09-07T19:25:30 <wildfier> c'est encore en cours de développement bien sur
2014-09-07T19:34:01 *** Lezarius1 s'est connecté
2014-09-07T19:34:08 <Lezarius1> Cha lu
2014-09-07T19:36:38 <ELiDYROS> Bonsoir.
2014-09-07T19:37:23 <wildfier> salut
2014-09-07T19:50:58 <heuzef> wildfier bon pas grave =) je vais continuer mon wiki tranquil
2014-09-07T19:51:04 <wildfier> yep
2014-09-07T19:51:05 <heuzef> En tous cas c'est cool pour la V3 ^^
2014-09-07T19:51:12 <wildfier> et sous chrome faut une extension anyway ^^
2014-09-07T19:51:22 <heuzef> Google Oblige oui ...
2014-09-07T19:51:48 <wildfier> non tout ce que je dis c'est que le partage d'écran est pas intégré non plus
2014-09-07T19:51:49 <heuzef> mais la prochaine version de FF suportera le partage d'écran donc c'est cool ^^
2014-09-07T19:52:00 <wildfier> nativement ^^
2014-09-07T19:52:04 <wildfier> cool
2014-09-07T19:52:06 <heuzef> yep
2014-09-07T19:52:28 <heuzef> Manque plus que la prise de controle et la c'est le top
2014-09-07T19:52:46 <heuzef> Voir même le transfert de fichier
2014-09-07T19:52:47 <Silou> Hey les gens
2014-09-07T19:53:03 <wildfier> salut
2014-09-07T19:53:11 <wildfier> nope
2014-09-07T19:53:13 <heuzef> Silou bof c'est pas terrible
2014-09-07T19:54:35 <Silou> Mais ca contient de sickers ou pas ?
2014-09-07T19:54:53 <Silou> Et je fais un article dessus
2014-09-07T20:00:56 <heuzef> nop
2014-09-07T20:00:58 <Silou> Arf
2014-09-07T20:02:44 <heuzef> Quelqu'un à des idées d'herbes délirante pour Marley le botaniste ? :P http://wiki.ecomonde.land/doku.php?id=wiki:scenarios:scenario_original:jowai#botaniste
2014-09-07T20:21:47 <heuzef> Elle est où la poulette ?
2014-09-07T20:28:30 <heuzef> LA POULEEEETE !!
2014-09-07T20:31:00 <ValCab33> ...
2014-09-07T20:31:26 <heuzef> ValCab33 ? =)
2014-09-07T20:31:44 <ValCab33> C'est moi.
2014-09-07T20:31:51 <ValCab33> Il parait
2014-09-07T20:31:53 <heuzef> T'as des nouvelles concernant ta mission ?
2014-09-07T20:33:02 <ValCab33> J'ai pas eu le temps de commencer quoi que ce soit, désolé :/
2014-09-07T20:33:29 <heuzef> T'as pas à être désolé ^^
2014-09-07T20:33:34 <ValCab33> En ce moment j'ai le temps de rien faire ca m'enerve...
2014-09-07T20:34:01 <heuzef> Ca presse pas tant que la v3 est pas en ligne. Mais si tu le fais pas personne va le faire ;)
2014-09-07T20:35:55 *** MIM s'est connecté
2014-09-07T20:36:12 *** MIM est parti
2014-09-07T20:37:03 <heuzef> J'y go @peluche =)
2014-09-07T20:37:12 *** heuzef est parti
2014-09-07T21:04:02 *** Silou est parti
2014-09-07T21:34:03 *** Letarumavza est parti
2014-09-07T22:01:29 *** ELiDYROS est parti
2014-09-07T22:32:47 *** ELiDYROS s'est connecté
2014-09-07T23:51:46 *** adriens33 est parti
