2014-09-02T00:02:37 *** Trappy_Tickles est parti
2014-09-02T00:15:53 *** MaCharon est parti
2014-09-02T00:36:15 <Lezarius> adriens33: ya moyen de migrer le serv en pre 1.8
2014-09-02T01:23:08 *** Lezarius est parti
2014-09-02T02:21:33 <Letarumavza> Je vais buter trappy
2014-09-02T04:32:14 *** Silou s'est connecté
2014-09-02T06:33:09 *** Letarumavza est parti
2014-09-02T07:11:57 *** Letarumavza s'est connecté
2014-09-02T09:12:20 *** heuzef s'est connecté
2014-09-02T09:17:03 *** TrappyTickles s'est connecté
2014-09-02T09:42:36 *** Letarumavza est parti
2014-09-02T09:49:18 *** Pinkysalis s'est connecté
2014-09-02T09:49:56 *** Pinkysalis est parti
2014-09-02T09:59:15 *** ludvann s'est connecté
2014-09-02T10:44:58 *** ELiDYROS s'est connecté
2014-09-02T10:53:51 <ELiDYROS> Bonjour au fait
2014-09-02T10:54:04 <adriens33> hello les gens
2014-09-02T11:01:48 <ludvann> plop
2014-09-02T11:06:16 <TrappyTickles> oi
2014-09-02T11:13:27 <heuzef> GRRRRR !
2014-09-02T11:14:04 <heuzef> L'astrée qui me contact à l’arrache pour décaler la date de formation
2014-09-02T11:14:13 <heuzef> Pas sérieux ...
2014-09-02T11:33:59 <ludvann> ...
2014-09-02T11:46:03 <ELiDYROS> ...
2014-09-02T11:47:47 <Silou> ...
2014-09-02T11:48:52 <ELiDYROS> Trop bien IRC
2014-09-02T12:09:09 *** adriens33 est parti
2014-09-02T12:33:59 *** heuzef est parti
2014-09-02T12:46:03 *** Letarumavza s'est connecté
2014-09-02T12:48:06 <Berry-Punch> Voilà ce qu'il s'est *hic* passé ces 10 dernières lignes, adriens33
2014-09-02T12:48:08 *** adriens33 s'est connecté
2014-09-02T13:04:26 *** heuzef s'est connecté
2014-09-02T13:18:37 * ELiDYROS se marre.
2014-09-02T13:18:53 <ludvann> pourqui ,
2014-09-02T13:18:56 <ludvann> ?;*
2014-09-02T13:19:45 <ludvann> bon je vais profiter à fond de mon dernier jour :/
2014-09-02T13:19:56 <ELiDYROS> c'est un secret.
2014-09-02T13:24:54 <ELiDYROS> Tous ces messages de bots.
2014-09-02T13:34:03 <ELiDYROS> bon...
2014-09-02T13:39:12 <heuzef> ELiDYROS: du coup tu ne fait pas d'event pour Samedi ?
2014-09-02T13:39:35 <ELiDYROS> Comment ça ?
2014-09-02T13:40:32 <heuzef> Gameat
2014-09-02T13:40:46 <ELiDYROS> Je ne comprends pas "ne pas faire d'event"
2014-09-02T13:44:42 <ELiDYROS> S'il s'agit de poster quelque chose sur l'agenda je doute que ce soit utile, ça ne rendra pas la chose potentiellement plus visible.
2014-09-02T13:45:02 <ELiDYROS> Ensuite de toutes façons je n'ai plus envie d'y aller pour ma part, pour certaines raisons.
2014-09-02T13:45:09 <heuzef> Hmm
2014-09-02T13:46:16 <ELiDYROS> Disons que je pense que les gens qui reçoivent les mails sont les mêmes qui vont sur l'agenda, donc ça ne serait que faire la chose en double.
2014-09-02T13:47:29 <heuzef> Je vais demander à Alex d'être le referent dans ce cas
2014-09-02T13:47:50 <heuzef> ludvann au faite
2014-09-02T13:47:52 <heuzef> ?
2014-09-02T13:48:08 <ELiDYROS> Fais donc, mais pour 4 personnes je ne pense pas que ce soit très utile lol
2014-09-02T13:48:26 <ludvann> ?
2014-09-02T13:49:00 <heuzef> ludvann: je t'aime.
2014-09-02T13:49:19 <ludvann> ok :D
2014-09-02T13:49:29 <heuzef> Ton application de merde pour les SMS me change la vie
2014-09-02T13:49:59 <heuzef> Et ça transforme enfin les SMS en quelque chose d'à peu prêt utilisable
2014-09-02T13:50:00 <ludvann> ah bon ? :D
2014-09-02T13:50:08 <heuzef> Donc c'est trop cool
2014-09-02T13:50:44 <heuzef> J'ai même fusionné ça à Gmail
2014-09-02T13:50:50 <ELiDYROS> C'est censé être quoi cette appli ?
2014-09-02T13:51:05 <heuzef> J'espère juste que cette marque va perdurer et pas fermer son service un jour
2014-09-02T13:51:18 <heuzef> ELiDYROS:  https://mightytext.net
2014-09-02T13:51:25 <ludvann> ouep :)
2014-09-02T13:51:33 <ELiDYROS> Oh
2014-09-02T13:51:48 <ELiDYROS> Mais, pourquoi ne pas utiliser les mails tout simplement ?
2014-09-02T13:52:08 <adriens33> re les gens
2014-09-02T13:52:18 <adriens33> ah, heuzef a découvert mightytext  ^^
2014-09-02T13:52:26 <heuzef> ELiDYROS: oui pourquoi ?
2014-09-02T13:52:28 <adriens33> ELiDYROS: ça permet d'envoyer et lire des sms de et vers ton pc
2014-09-02T13:52:42 <heuzef> C'est pas à moi qu'il faut poser la question mais à tous les chiant qui m'écrive des SMS
2014-09-02T13:52:42 <adriens33> donc de discu avec des gens qu'on qu'un téléphone
2014-09-02T13:52:55 <adriens33> peinard depuis ton ordi ^w^
2014-09-02T13:53:05 <adriens33> (oui, moi aussi je m'en sers XD)
2014-09-02T13:53:06 <ELiDYROS> Comme je disais l'autre fois, dans des pays comme le Japon les SMS n'existent plus depuis les années 90
2014-09-02T13:53:17 <adriens33> oui ben ici c'est très utile
2014-09-02T13:53:24 <ELiDYROS> à partir de ce moment ils n'ont utilisé que les mails et avaient même accès aux BBS depuis leurs tels
2014-09-02T13:53:30 <adriens33> tout le monde n'a pas les moyens de se payer un forfait 3G et le téléphone qui va avec.
2014-09-02T13:53:36 <adriens33> faut être réaliste un peu…
2014-09-02T13:54:04 <ELiDYROS> En théorie tous les tels ont accès aux mails
2014-09-02T13:54:09 <heuzef> Au japon ça passe pas par la 3G il me semble
2014-09-02T13:54:10 <adriens33> pas en 2G…
2014-09-02T13:54:16 <adriens33> pas dans le réseau ici ^^
2014-09-02T13:54:27 <adriens33> si t'as que de quoi tel/sms t'as pas accès à autre chose
2014-09-02T13:54:33 <adriens33> pas sans forfait 3G.
2014-09-02T13:54:34 <adriens33> ou pire:
2014-09-02T13:54:36 <adriens33> le wap…
2014-09-02T13:54:37 <adriens33> (brrr)
2014-09-02T13:55:12 <heuzef> Pourquoi on à pas simplement copier sur le Japon pour se débarrasser de ces saloperies de SMS
2014-09-02T13:55:37 <heuzef> Obliger d'attendre 2014 pour utiliser un outil de type Mighty Text
2014-09-02T13:55:43 <ELiDYROS> On est en Europe, wait, on est en France
2014-09-02T13:55:48 <adriens33> parce que la france est un pays qui est tout le temps en retard technologiquement
2014-09-02T13:55:57 <adriens33> le minitel ça rapelle rien à personne ?
2014-09-02T13:56:02 <Letarumavza> Trappy !
2014-09-02T13:56:03 <adriens33> orange qui refuse de réparer  les lignes adsl
2014-09-02T13:56:12 <adriens33> et de coller de la fibre "parce que ça coute trop cher" ?
2014-09-02T13:56:15 <ELiDYROS> pas "en retard", moi je dirais "attardé technologiquement"
2014-09-02T13:56:20 <adriens33> c'pareil…
2014-09-02T13:56:32 <ELiDYROS> Sémantiquement non
2014-09-02T13:57:23 <adriens33> donc bon… dans un pays qui considère encore en 2014 qu'il faut attendre 3 ans avant de pouvoir regarder un film de cinéma, espérer lire et envoyer ses mails depuis un téléphone sans payer un tel+forfait la peau de la bite faut être un peu fou XD
2014-09-02T13:57:38 <ELiDYROS> Mais c'est pas qu'une question d'outils de com, c'est une question de services
2014-09-02T13:58:02 <ELiDYROS> En terme de services offerts on est à l'âge de pierre, très clairement
2014-09-02T13:58:32 <adriens33> bah ça, c'est pas nouveau, hein…
2014-09-02T13:59:22 <adriens33> pis tant que personne se bougera rien ne changera.
2014-09-02T13:59:35 <ELiDYROS> La société s'adapte à la population aussi
2014-09-02T13:59:38 <ELiDYROS> c'est donnant donnant
2014-09-02T13:59:49 <heuzef> C'est pas en envoyant des MMS que la tendance va changer, hein ludvann :D
2014-09-02T13:59:57 <adriens33> pis pour déloger le sms, l'adsl 2 méga et le « cédérom » faut se lever tôt.
2014-09-02T14:00:03 <adriens33> ELiDYROS: pas ici XD
2014-09-02T14:00:04 <ELiDYROS> Les français sont très forts pour se plaindre mais aussi pour ne jamais se boguer
2014-09-02T14:00:07 <ELiDYROS> bouger*
2014-09-02T14:00:16 *** Lezarius1 s'est connecté
2014-09-02T14:00:24 <heuzef> Tiens
2014-09-02T14:00:24 <adriens33> bah moi ma boite mail j'm'en sers tant que j'en peux
2014-09-02T14:00:38 <adriens33> mais bon envoyer un mail à un numéro de téléphone ça marche pas encore, hélas…
2014-09-02T14:00:49 <heuzef> Lezarius1: t'es en vie ?
2014-09-02T14:00:56 <adriens33> l'est passé hier
2014-09-02T14:00:57 <Lezarius1> Oui
2014-09-02T14:00:58 <ludvann> heuzef ;)
2014-09-02T14:01:03 <adriens33> vol de tel+vélo à ce qu'il a dit
2014-09-02T14:01:04 <adriens33> je crois
2014-09-02T14:01:04 <Lezarius1> Salut les gen
2014-09-02T14:01:08 <adriens33> salut Leza
2014-09-02T14:01:10 <heuzef> T'as appelé ta mère ?
2014-09-02T14:01:14 <adriens33> heuzef
2014-09-02T14:01:16 <adriens33> « vol de tel »
2014-09-02T14:01:24 <adriens33> c'est téléphone que t'as pas compris ? XD
2014-09-02T14:01:31 <Lezarius1> Non j ai pas de tel ... mais j ai envoyer un mail a ma soeur et un msg FB a ma mere
2014-09-02T14:01:41 <Lezarius1> adriens33: <3
2014-09-02T14:01:47 <heuzef> Tu veux que je l'appel pour lui dire ?
2014-09-02T14:01:51 <heuzef> Ou c'est bon ?
2014-09-02T14:02:41 <ELiDYROS> Moi ce qui me fait rire en ce moment c'est les médias qui découvrent les QR codes et les paiement sans contact
2014-09-02T14:02:45 <adriens33> XD
2014-09-02T14:03:07 <ludvann> xD
2014-09-02T14:03:47 <ELiDYROS> d'autant plus drole qu'à chaque fois que j'ai voulu utilisé le paiement sans contact en France, cela n'a jamais fonctionné
2014-09-02T14:03:51 <adriens33> bah t'as bien des juges qui savent toujours pas ce qu'est Google, cf. l'affaire Bluetouff
2014-09-02T14:03:53 <adriens33> moi si
2014-09-02T14:03:59 <adriens33> au kebab à côté de chez moi ^w^
2014-09-02T14:04:25 <ELiDYROS> à l'inverse le tabac à coté de chez moi requiert un minimum de 15€ pour payer par carte
2014-09-02T14:04:35 <ELiDYROS> parce que c'est toujours d'enculer toujours plus les fumeurs
2014-09-02T14:04:41 <ELiDYROS> toujours cool*
2014-09-02T14:04:44 <adriens33> nan
2014-09-02T14:04:47 <adriens33> le plafond min
2014-09-02T14:04:55 <adriens33> c'est parce que le commerçant la machine il doit la louer
2014-09-02T14:04:58 <ELiDYROS> aux US j'ai payé 2$ en carte
2014-09-02T14:05:02 <adriens33> et chaque transaction lui coute un peu
2014-09-02T14:05:03 <ELiDYROS> just sayin
2014-09-02T14:05:14 <adriens33> donc chacun calcule un plafond minimum pour que ça lui reste rentable
2014-09-02T14:05:18 <adriens33> par rapport à ce qu'il gagne
2014-09-02T14:05:27 <adriens33> c'pour ça que macdo la limite est à 1€ ^^
2014-09-02T14:05:31 <adriens33> eux peuvent se le permettre
2014-09-02T14:06:08 <adriens33> le p'tit commerçant du tabac du coin, lui un peu moins…
2014-09-02T14:06:10 <Lezarius1> Oui stp heuzef
2014-09-02T14:06:35 <ELiDYROS> sinon concernant les sms là; Aidroid propose un truc similaire avec des fonctions en plus
2014-09-02T14:06:41 <ELiDYROS> airdroid*
2014-09-02T14:06:57 <ELiDYROS> transfert de fichiers et compagnie
2014-09-02T14:08:04 <heuzef> ELiDYROS: oui je sais, mais Airdroid c'est plus pour avoir un control complet, donc moins confortable à l'utilisation quotidienne
2014-09-02T14:08:20 <heuzef> Les j'ais des notife et un champ de réponse direct à chaque SMS
2014-09-02T14:10:05 <ELiDYROS> En général je m'emmerde pas j'utilise les réseaux sociaux car je sais que les gens y sont
2014-09-02T14:10:12 <ELiDYROS> et je reçois pas de SMS de toutes façons
2014-09-02T14:11:42 <heuzef> Ouais ba moi j'ai même des gens qui me contact sur FB alors que j'utilise que Google+
2014-09-02T14:12:15 <heuzef> J'en ai tellement plein le cul que tous le monde m'impose un outil de merde que je suis à 2 doigts de cloturer mon compte
2014-09-02T14:12:19 <ELiDYROS> Je connais personne qui utilise G+
2014-09-02T14:12:35 <heuzef> C'est bien ça le problème
2014-09-02T14:12:45 <heuzef> C'est un peu comme les SMS et les mails quoi
2014-09-02T14:13:23 <heuzef> Tous le monde utilise un outil de merde "parceque" tous le monde l'utilise
2014-09-02T14:13:27 <heuzef> Cercle vicieu
2014-09-02T14:13:42 <ELiDYROS> Google ou Facebook les deux sont aussi merdique
2014-09-02T14:13:59 <heuzef> Sur le plan ethique oui
2014-09-02T14:14:06 <ELiDYROS> Google a une politique tout aussi vicieuse que Facebook faut pas l'ignorer
2014-09-02T14:14:11 <heuzef> Sur le plan technique y'a une très grosse différence
2014-09-02T14:14:34 <ELiDYROS> sur le plan technique je préfère Twitter largement car c'est simple et efficace
2014-09-02T14:15:03 <ludvann> pour donner une comparaison pour le chargement de KSP, c'est comme regarder une vidéo sur youtube en 1080p avec un modem 56k...
2014-09-02T14:15:08 <ELiDYROS> mais en France, Twitter n'est pas populaire
2014-09-02T14:15:26 <heuzef> Twitter est toujours plus populaire que G+ apparement
2014-09-02T14:15:29 <heuzef> Nique la logique
2014-09-02T14:15:31 <Lezarius1> ELiDYROS:  FAIT PETER TON TEUTEUR
2014-09-02T14:15:36 <Lezarius1> Sorry maj |
2014-09-02T14:15:54 <ELiDYROS> Lezarius1: si tu me cherches où que ce soit mon pseudo est le même
2014-09-02T14:16:10 <ELiDYROS> même si tu me cherches sur google avec mon pseudo tu trouveras que moi
2014-09-02T14:18:43 <ELiDYROS> c'est d'ailleurs effrayant la quantité de sites sur lesquels je suis inscrit
2014-09-02T14:19:54 <adriens33> ELiDYROS: tiens, je connaissais pas AirDroid…
2014-09-02T14:19:58 <adriens33> c'pas mal :)
2014-09-02T14:20:10 <ELiDYROS> Ouais ça l'est, mais chez moi c'est pas mal instable
2014-09-02T14:20:17 <adriens33> (y'a même moyen de passer qu'en réseau local, genre tu branche le tel en wifi et tu te co depuis le pc…)
2014-09-02T14:20:21 <ELiDYROS> Parfois après avoir flashé le QR il ne se passe rie
2014-09-02T14:20:24 <heuzef> Il faut la version 2
2014-09-02T14:20:41 <adriens33> bah normalement en réseau local il te file l'url de co
2014-09-02T14:20:50 <adriens33> sinon bah tu passes par web.airdroid.com
2014-09-02T14:20:54 <ELiDYROS> Bien sur mais pour me connecter je flash toujours le QR
2014-09-02T14:21:08 <ELiDYROS> Ce qui ne provoque aucune réaction
2014-09-02T14:21:43 <adriens33> bah en tout cas il a le mérite de te permettre d'accéder à *tous* tes sms (ce que ne fait pas mightytext,à moins de payer…)
2014-09-02T14:21:55 <adriens33> et tu peux faire plus de trucs ^w^
2014-09-02T14:22:01 <ELiDYROS> Ouais
2014-09-02T14:22:11 <ELiDYROS> Je l'utilise depuis mon premier tel android
2014-09-02T14:22:18 <adriens33> bah moi je connaissais pas
2014-09-02T14:22:28 <adriens33> et c'est exactement le genre de machin que je cherchais.
2014-09-02T14:22:36 <adriens33> mightytext est bien
2014-09-02T14:22:48 <adriens33> mais les sms passent pas toujours, parfois il met des plombes à les envoyer/recevoir…
2014-09-02T14:23:03 <adriens33> et reload la page pour que ça remarche c'est un peu relou à force
2014-09-02T14:23:47 <ELiDYROS> tu peux aussi installer tes apk avec ça
2014-09-02T14:24:04 <adriens33> tiens,  airdroid peut utiliser le superuser quand t'as rooté le tel ?
2014-09-02T14:24:07 <adriens33> c'est bon ça !
2014-09-02T14:24:54 *** heuzef est parti
2014-09-02T14:25:33 <Lezarius1> ELiDYROS: Tu vas m aimer
2014-09-02T14:25:46 <Lezarius1> http://korben.info/telecharger-renderman.html
2014-09-02T14:25:58 *** heuzef s'est connecté
2014-09-02T14:26:14 <ELiDYROS> Chouette ça
2014-09-02T14:26:39 <ELiDYROS> Ceci dit j'ai plus accès mon pc de bureau en ce moment étant donné que bah… j'ai plus de bureau, il a pris l'eau ^^;
2014-09-02T14:26:44 <ELiDYROS> mais je mets de coté, merci
2014-09-02T14:28:56 <ELiDYROS> Ceci dit faut pas genre plusieurs machine de course pour utiliser Renderman ?
2014-09-02T14:29:30 <ELiDYROS> Mon prof de rendu 3D m'avait dit qu'ils utilisaient genre 10 pc en même temps pour ça
2014-09-02T14:31:52 *** MaCharon s'est connecté
2014-09-02T14:32:01 <MaCharon> slt all
2014-09-02T14:32:35 <ELiDYROS> Yo.
2014-09-02T14:33:12 <adriens33> hello MaCharon
2014-09-02T14:33:27 <MaCharon> :D
2014-09-02T14:35:37 <ELiDYROS> Il serait temps que je me bouge moi
2014-09-02T14:35:51 <MaCharon> pour quoi ?
2014-09-02T14:36:02 <ludvann> ^^
2014-09-02T14:36:21 <ELiDYROS> J'ai pas déjeuné, je dois aller à la pharmacie choper un traitement, envoyer un courrier à mon assurance, et ranger le salon pour une session
2014-09-02T14:36:53 <MaCharon> plein de truc PASSIONNANT quoi...
2014-09-02T14:37:05 <ELiDYROS> Non, mais t'as demandé donc je réponds
2014-09-02T14:37:39 <MaCharon> il y a pas de problemes, je suis un peu dans la même situation :p
2014-09-02T14:37:45 <ELiDYROS> En fait si la session sera surement plus passionnante que de rester sur l'ordi
2014-09-02T14:38:01 <Lezarius1> Une session de quoi *J ai bien des idee*
2014-09-02T14:38:06 <MaCharon> XD
2014-09-02T14:38:34 <ELiDYROS> En ce moment c'est essentiellement Monster Hunter
2014-09-02T14:39:18 <ELiDYROS> On est endgame avec ma  "team" donc ça oblige à faire gaffe
2014-09-02T14:47:35 <Lezarius1> adriens33: Comme je te demander hier soire la 1.8 est sortie on peux l avoir ? =D
2014-09-02T14:47:58 <adriens33> nop
2014-09-02T14:48:04 <adriens33> y'a pas de version bukkit encore
2014-09-02T14:49:39 *** strycore s'est connecté
2014-09-02T14:49:47 <strycore> PONAY
2014-09-02T14:49:55 <strycore> ponay heuzef
2014-09-02T14:50:17 <adriens33> bon, je vous laisse les poneys
2014-09-02T14:50:19 <adriens33> ++
2014-09-02T14:50:21 *** adriens33 est parti
2014-09-02T15:08:16 <strycore> http://www.meetup.com/Giroll-Gironde-Logiciel-Libre-Bordeaux/events/200725852/
2014-09-02T15:10:19 <strycore> heuzef, si tu viens pas, comment je pourrais me venger de l'horrible truc que tu m'a forcé a écouter?
2014-09-02T15:10:48 <heuzef> Yo
2014-09-02T15:10:59 <heuzef> Ptain mais y'en à il bosse pas ou quoi
2014-09-02T15:11:18 <heuzef> strycore t'es en vacance ou tu glande ? :D
2014-09-02T15:12:08 <strycore> je bosse, mais vu que je fais du python ça va plus vite alors je peux aller sur IRC
2014-09-02T15:12:30 <heuzef> T'es payer aussi en tant que trolleur pro ?
2014-09-02T15:12:58 <strycore> oui
2014-09-02T15:13:15 <heuzef> Tékon ^^
2014-09-02T15:13:26 <heuzef> Bon ce soir pas possible pour moi Giroll
2014-09-02T15:14:05 <strycore> t'as juste les jetons
2014-09-02T15:14:17 <strycore> tu sais que ma vengeance sera terrible
2014-09-02T15:14:26 <heuzef> Non, je suis en couple
2014-09-02T15:14:41 <heuzef> C'est quasiment la même chose qu'avoir peur, sauf que t'as pas le choix
2014-09-02T15:14:42 <heuzef> xD
2014-09-02T15:14:56 <strycore> a une époque aussi j'étais en couple…
2014-09-02T15:16:31 <strycore> pfu, ça saoule tous ces gens qui se mettent en couple et paf tu les vois plus
2014-09-02T15:16:48 <strycore> nolifes
2014-09-02T15:20:42 *** ELiDYROS est parti
2014-09-02T15:22:07 <heuzef> Pas faux ^^
2014-09-02T15:22:12 <heuzef> Le pire c'est qu'il veulent pas
2014-09-02T15:22:41 <heuzef> Mais les hormones gagnes toujours à chaque fois
2014-09-02T15:22:48 <heuzef> C'est terrible
2014-09-02T15:23:22 <strycore> ಠ_ಠ
2014-09-02T15:23:56 <heuzef> Le jour où les geek seront capable de hacker leur libido grâce à la chimie le monde va changer xD
2014-09-02T15:24:05 <Letarumavza> Boarf
2014-09-02T15:24:15 <Letarumavza> J'ai pas besoin de hacking pour m'envoyer en l'air.
2014-09-02T15:24:29 <Letarumavza> Pour avoir une relation en revanche, c'est plus difficile.
2014-09-02T15:24:59 <Letarumavza> Mais les coups d'un soir (ou de plusieurs) c'est pas ce qui manque, y'a plein de personnes à la recherche du fun. Et les nouvelles expériences sont cool.
2014-09-02T15:46:03 * ludvann note sur son carnet
2014-09-02T15:48:22 *** Lezarius1 est parti
2014-09-02T16:06:46 <ludvann> essais de lire comment install un mod en anglais avec derpy nyan dance en fond est super hard xD
2014-09-02T16:07:50 <heuzef> ludvann au faite, présent Lundi pour la Rentré de L'aikido ?
2014-09-02T16:08:09 <ludvann> normalement oui :D
2014-09-02T16:09:18 <ludvann> heuzef: si il y a un problème ou que je peux pas venir, je te tiens au courant (sms ou mail) ;)
2014-09-02T16:10:39 <heuzef> Au pire tu sais ou ça se trouve maintenant
2014-09-02T16:10:57 <heuzef> Essaie de te prendre un kegoki d'ici la
2014-09-02T16:11:09 <heuzef> prend un truc standard de Judo ça irra très bien
2014-09-02T16:11:52 <ludvann> gné ? >_<'
2014-09-02T16:12:06 <ludvann> truc de judo ?
2014-09-02T16:13:29 *** strycore est parti
2014-09-02T16:13:33 <heuzef> http://www.campus-aikido.fr/documents/guide_equipement_aikidoka.pdf
2014-09-02T16:13:56 <ludvann> ok
2014-09-02T16:14:04 <heuzef> Pour les armes, achète au club, moins chère et meilleur qualité
2014-09-02T16:14:19 <heuzef> Olivier à des prix il achète en gros
2014-09-02T16:15:17 <ludvann> ok ça roule ma poule :D
2014-09-02T16:16:45 <ludvann> pas comme ton vieux morceau de bois heuzef ? ;D
2014-09-02T16:16:52 <ludvann> (la qualité)
2014-09-02T16:17:20 <heuzef> C'est simple
2014-09-02T16:17:34 <heuzef> Bois rouge tawai = pas chère = de la merde = 1 an de vie
2014-09-02T16:17:50 <ludvann> bois blanc > bois rouge
2014-09-02T16:17:52 <heuzef> Bois blanc du japon = un peu plus chère = bon qualité = 10 ans de vie
2014-09-02T16:18:22 <heuzef> En gros c'est en moyenne 20 € le bois rouge
2014-09-02T16:18:27 <heuzef> et 60 € le bois blanc
2014-09-02T16:18:38 <heuzef> La rentabilité est vite calculé
2014-09-02T16:18:42 <ludvann> ouais ^^
2014-09-02T16:18:52 <ludvann> (sauf si tu l'utilise pas ^^)
2014-09-02T16:19:17 <heuzef> Après tu as au dessus très haut de gamme
2014-09-02T16:19:27 <heuzef> Katana, ça monte jusqu'à 10 000 e
2014-09-02T16:19:31 <heuzef> pas conseillé pour les débutant
2014-09-02T16:19:32 <heuzef> :D
2014-09-02T16:19:39 <ludvann> :O
2014-09-02T16:19:44 <ludvann> O_o'
2014-09-02T16:20:14 <ludvann> 3 planches, une scie, une lime et je te fait ton katana xD
2014-09-02T16:20:22 <ludvann> (et de la colle*)
2014-09-02T16:24:04 <heuzef> Quand j'aurais un peu de frics je vais craquer pour Suguha ou Sanbon-Sugi version Kami ou Tiger
2014-09-02T16:24:10 *** Bybeez s'est connecté
2014-09-02T16:24:13 <Bybeez> Patate !
2014-09-02T16:24:26 <heuzef> Mais j'attend de passer ma 1er Dan avant, et encore je pense que je vais le prendre non affuté
2014-09-02T16:25:16 <heuzef> Dans tous les cas j'irrais l'acheter chez un artisan Japonnais
2014-09-02T16:25:30 <heuzef> Donc y'en à pour dans les 3K€ mini
2014-09-02T16:28:53 <ludvann> aïe ^^
2014-09-02T16:29:32 <heuzef> Bof, c'est pas grand chose pour quelqu'un qui décide de s'investir toute sa vie dans l'Aïkido ;)
2014-09-02T16:30:37 <ludvann> ouep :D
2014-09-02T16:32:54 <ludvann> et tu passes ton 1er dan dans combien d'année :)
2014-09-02T16:45:50 *** heuzef est parti
2014-09-02T16:59:19 *** heuzef s'est connecté
2014-09-02T17:01:00 <heuzef> ludvann: actuellement je suis 3ème Kyu, donc je dirais encore quelques années le temps que je passe 2ème, puis 1er kyu
2014-09-02T17:19:27 <Berry-Punch> Voilà *hic* ce qu'il s'est passé ces 10 dernières lignes, adriens33
2014-09-02T17:19:29 *** adriens33 s'est connecté
2014-09-02T18:37:22 *** heuzef est parti
2014-09-02T18:38:53 *** heuzef s'est connecté
2014-09-02T19:41:22 <Letarumavza> Monsieur TrappyTickles !
2014-09-02T19:41:49 <TrappyTickles> mh?
2014-09-02T20:06:53 <ludvann> plop
2014-09-02T21:07:55 *** heuzef est parti
2014-09-02T21:13:32 *** Yvan33 s'est connecté
2014-09-02T21:14:10 <Yvan33> Oh, Letarumavza, j'ai une bonne nouvelle (ou mauvaise, question de ton point de vue)
2014-09-02T21:18:43 <Yvan33> Oh, suis je bête, j'ai ton numéro
2014-09-02T21:21:45 *** Yvan33 est parti
2014-09-02T21:40:50 *** ELiDYROS s'est connecté
2014-09-02T21:44:03 *** Bybeez est parti
2014-09-02T22:04:17 <adriens33> nenuit all
2014-09-02T22:04:22 *** adriens33 est parti
2014-09-02T22:54:51 *** ELiDYROS est parti
2014-09-02T23:16:33 <ludvann> neunuit les pouné
2014-09-02T23:16:37 <ludvann> @+
2014-09-02T23:16:48 *** ludvann est parti
2014-09-02T23:29:49 *** Lezarius s'est connecté
2014-09-02T23:29:54 <Lezarius> Cocuou
