2014-08-03T00:02:58 <ValCab33> C'est du PEGI 12... je pensait que c'etait du 7.
2014-08-03T00:29:30 *** TrappyTickles est parti
2014-08-03T00:43:25 <ludvann> Non d'un Schtroumpf bleu ! Personne ne parle !
2014-08-03T00:44:07 <ValCab33> En effet.
2014-08-03T00:59:29 <ludvann> Tu disais ?
2014-08-03T01:03:23 <ValCab33> Moi ? Rien. Pourquoi ?
2014-08-03T01:03:55 <adriens33> rghmf
2014-08-03T01:09:27 <ValCab33> Bon, ben demain, retour en Bretagne.
2014-08-03T01:12:01 <ludvann> ?
2014-08-03T01:14:35 <ValCab33> Mes patents sont divorcés. Ma mère a déménagé en bretagne et j'habite chez elle. Et j'etait en vacances chez mon pere pendant juillet. Donc demain retour en bretagne.
2014-08-03T01:14:39 <ValCab33> Usee ?
2014-08-03T01:17:21 <ValCab33> Et j'ai les booles parce que je pourrai probablement pas venir le 17.
2014-08-03T01:18:49 *** Lezarius s'est connecté
2014-08-03T01:18:57 <Lezarius> Salut
2014-08-03T01:19:43 <ValCab33> Plop
2014-08-03T01:30:52 *** adriens33 est parti
2014-08-03T01:31:28 <ludvann> Salut
2014-08-03T01:31:48 <ludvann> Dsl'pour toi ValCab33 :(
2014-08-03T01:32:06 <ludvann> I see
2014-08-03T01:32:20 <ValCab33> :/
2014-08-03T01:33:58 <ludvann> En bretagne, il pleut que sur les cons valcab33
2014-08-03T01:34:13 <ludvann> Tu habites où en bretagne ?
2014-08-03T01:34:52 <ludvann> ValCab33 *
2014-08-03T01:35:11 <ValCab33> Cotes d'armor
2014-08-03T01:37:13 <ludvann> Ah
2014-08-03T01:37:38 <ludvann> Mes grands parents habitent dans le finistère dans fouesnant
2014-08-03T02:12:14 <ludvann> Hey bandes d'insomniac !
2014-08-03T02:19:35 <ValCab33> *insomniaques
2014-08-03T02:21:14 <ludvann> Niorph !
2014-08-03T02:22:23 <Berry-Punch> Have you niorphed today,  ? *hic* 
2014-08-03T02:22:23 <ValCab33> !niorph
2014-08-03T02:26:39 *** Ambrocidus s'est connecté
2014-08-03T02:28:14 <ludvann> Coucou Ambrocidus
2014-08-03T02:28:28 <Berry-Punch> Have you niorphed *hic* today, ValCab33 ?
2014-08-03T02:28:28 <ludvann> !niorph ValCab33
2014-08-03T02:28:42 <Berry-Punch> Have *hic* you niorphed today, ludvann ?
2014-08-03T02:28:42 <ValCab33> !niorph ludvann
2014-08-03T02:29:04 * Berry-Punch lance un muffin sur Ambrocidus à 1618 km/h
2014-08-03T02:29:04 <Berry-Punch> MUFFIN *hic* RAINBOOM !!
2014-08-03T02:29:04 <ValCab33> !muffin Ambrocidus
2014-08-03T02:29:15 * Berry-Punch lance un muffin sur ValCab33 à 1943 km/h
2014-08-03T02:29:15 <Berry-Punch> MUFFIN RAINBOOM *hic* !!
2014-08-03T02:29:15 <ludvann> !muffin ValCab33
2014-08-03T02:29:26 <ludvann> Bieach please !
2014-08-03T02:29:28 * Berry-Punch lance un muffin sur ludvann à 3908 km/h
2014-08-03T02:29:28 <Berry-Punch> MUFFIN RAINBOOM *hic* !!
2014-08-03T02:29:29 <ValCab33> !muffin ludvann m
2014-08-03T02:29:33 <ludvann> Beach*
2014-08-03T02:29:38 <Ambrocidus> Bonsoir
2014-08-03T02:29:43 <ludvann> Tricheur
2014-08-03T02:29:56 <ValCab33> x)
2014-08-03T02:30:24 <ludvann> Bonsoir/bonjour
2014-08-03T02:30:32 <ValCab33> Bswr
2014-08-03T02:30:40 * Berry-Punch lance un muffin sur ValCab33 à 2256 km/h
2014-08-03T02:30:40 <Berry-Punch> MUFFIN RAINBOOM *hic* !!
2014-08-03T02:30:40 <ludvann> !muffin ValCab33 m
2014-08-03T02:30:52 <ValCab33> T nul lol
2014-08-03T02:30:53 <ludvann> :(
2014-08-03T02:30:54 * Berry-Punch lance un muffin sur ludvann à 1481 km/h
2014-08-03T02:30:54 <Berry-Punch> MUFFIN RAINBOOM *hic* !!
2014-08-03T02:30:54 <Ambrocidus> !muffin ludvann
2014-08-03T02:30:58 <Ambrocidus> >.<
2014-08-03T02:31:19 * Berry-Punch lance un muffin sur ludvann à 11 km/h
2014-08-03T02:31:19 <ValCab33> !muffin ludvann
2014-08-03T02:31:24 <ValCab33> Duh
2014-08-03T02:31:49 <ValCab33> Eh ben Berry t'as plus de force dans la patte ou quoi ?
2014-08-03T02:32:00 <ludvann> xD
2014-08-03T02:32:10 <ValCab33> Elle a encore trop bu...
2014-08-03T02:32:10 <Berry-Punch> Non, c'est même *hic* pas vrai d'abord !
2014-08-03T02:32:24 * Berry-Punch lance un muffin sur ValCab33 à 1459 km/h
2014-08-03T02:32:24 <Berry-Punch> MUFFIN RAINBOOM !! *hic* 
2014-08-03T02:32:24 <ludvann> !muffin ValCab33
2014-08-03T02:32:31 <ludvann> Better
2014-08-03T02:32:35 * Berry-Punch lance un muffin sur ludvann à 271 km/h
2014-08-03T02:32:35 <ValCab33> !muffin ludvann
2014-08-03T02:32:39 <ValCab33> Grrr
2014-08-03T02:32:53 * Berry-Punch lance un muffin sur ludvann à 2579 km/h
2014-08-03T02:32:53 <Berry-Punch> MUFFIN *hic* RAINBOOM !!
2014-08-03T02:32:53 <ValCab33> !muffin ludvann m
2014-08-03T02:33:09 <ludvann> J'ai screenshotais t'es fails xD
2014-08-03T02:33:19 <ValCab33> ...
2014-08-03T02:33:29 * Berry-Punch lance un muffin sur ValCab33 à 3893 km/h
2014-08-03T02:33:29 <Berry-Punch> MUFFIN RAINBOOM !! *hic* 
2014-08-03T02:33:29 <ludvann> !muffin ValCab33 m
2014-08-03T02:33:35 * Berry-Punch lance un muffin sur Berry-Punch à 578 km/h
2014-08-03T02:33:35 <ValCab33> !muffin Berry-Punch
2014-08-03T02:33:46 <ValCab33> CAY LA GUERRE
2014-08-03T02:33:49 * Berry-Punch lance un muffin sur Rainbow à 994 km/h
2014-08-03T02:33:49 <Ambrocidus> !muffin Rainbow Dash
2014-08-03T02:34:00 * Berry-Punch lance un muffin sur Flutterbat à 1938 km/h
2014-08-03T02:34:00 <Berry-Punch> MUFFIN RAINBOOM *hic* !!
2014-08-03T02:34:00 <Ambrocidus> !muffin Flutterbat
2014-08-03T02:34:07 * Berry-Punch lance un muffin sur ludvann à 3634 km/h
2014-08-03T02:34:07 <Berry-Punch> MUFFIN *hic* RAINBOOM !!
2014-08-03T02:34:07 <ValCab33> !muffin ludvann m
2014-08-03T02:34:10 <Ambrocidus> Ah ouais on peux s'amuser ici enfait XD
2014-08-03T02:34:22 <ludvann> Ah :D
2014-08-03T02:34:25 <ValCab33> Bawé :p
2014-08-03T02:34:59 <ludvann> Pourquoi tu dit ça Ambrocidus ?
2014-08-03T02:35:25 <Ambrocidus> Eh bien, pendant que je bosse, on peux balancer des muffins XDDD
2014-08-03T02:35:55 <ludvann> ^^
2014-08-03T02:36:03 <ludvann> Tu bosses sur l'irc ?
2014-08-03T02:36:45 <Ambrocidus> Fiches membres BronyCATerpilar
2014-08-03T02:36:58 <ludvann> Ah :)
2014-08-03T02:37:57 <ludvann> Essais de t'op plusieurs fois Ambrocidus :)
2014-08-03T02:38:09 <Ambrocidus> c a d?
2014-08-03T02:38:32 <ludvann> Fais /op
2014-08-03T02:38:54 <ludvann> Ou !muffin
2014-08-03T02:39:53 <ludvann> Ambrocidus ?
2014-08-03T02:40:27 * Berry-Punch lance un muffin sur Ambrocidus à 833 km/h
2014-08-03T02:40:27 <ludvann> !muffin Ambrocidus
2014-08-03T02:40:36 <ludvann> Mouais bof...
2014-08-03T02:40:48 <Ambrocidus> ⚠ You're not a channel operator
2014-08-03T02:41:27 <ludvann> Et fais !muffin
2014-08-03T02:41:32 * Berry-Punch lance un muffin sur  à 552 km/h
2014-08-03T02:41:32 <Ambrocidus> !muffin
2014-08-03T02:41:46 <ludvann> Hum...
2014-08-03T02:42:37 <Berry-Punch> Commandes *hic* disponibles :
2014-08-03T02:42:37 <Berry-Punch> say do flag reload stop op niorphlo list kick welcome voice help devoice niorph history muffin deop *hic* 
2014-08-03T02:42:37 <ludvann> !list
2014-08-03T02:42:54 <Berry-Punch> Je suis désolé ludvann, mais je n'ai pas le droit *hic* de te laisser faire ça.
2014-08-03T02:42:54 <ludvann> !op ludvann
2014-08-03T02:43:13 <ludvann> Ambrocidus c'est !op ^^
2014-08-03T02:43:21 <Berry-Punch> Je suis désolé Ambrocidus, mais je n'ai pas le droit de te *hic* laisser faire ça.
2014-08-03T02:43:21 <Ambrocidus> !op Ambrocidus
2014-08-03T02:43:24 <Berry-Punch> N'insiste pas, s'il *hic* te plaît, Ambrocidus…
2014-08-03T02:43:24 <Ambrocidus> !op
2014-08-03T02:43:30 <Berry-Punch> Bon. Ambrocidus, prochaine tentative, je te vire. *hic* OKAY ??
2014-08-03T02:43:30 <Ambrocidus> !op
2014-08-03T02:43:36 <Ambrocidus> what the f...
2014-08-03T02:43:38 <Berry-Punch> PRIVMSG *hic* #bronycub: Désolé, je t'avais prévenu Ambrocidus .
2014-08-03T02:43:38 <Ambrocidus> !op
2014-08-03T02:44:09 *** Ambrocidus s'est connecté
2014-08-03T02:44:11 <Ambrocidus> Mhm?
2014-08-03T02:44:18 <ludvann> ^^
2014-08-03T02:44:24 <ludvann> o/
2014-08-03T02:45:37 <ludvann> Ambrocidus tu m'en veux pzs ?
2014-08-03T02:45:55 <Ambrocidus> Non, je travail là ^^'
2014-08-03T02:46:29 <ludvann> Bah y a intérêt ^^
2014-08-03T02:47:23 <ludvann> Lezarius tu fais quoi ?
2014-08-03T02:49:13 * Berry-Punch lance un muffin sur ludvann à 2768 km/h
2014-08-03T02:49:13 <Berry-Punch> MUFFIN RAINBOOM !! *hic* 
2014-08-03T02:49:38 <ludvann> ValCab33 je comprends mieux ton compteurs d'heures sur ksp ^^
2014-08-03T02:50:10 <ValCab33> Quoi ? Qu'es-ce qu'il a mon compteur d'heures ?
2014-08-03T02:50:28 <ValCab33> Il est pas trafiqué t'inqiete pas
2014-08-03T02:50:41 <ludvann> Si tu joues jusqu'à 3h...
2014-08-03T02:50:51 <ValCab33> Je joue pas la.
2014-08-03T02:50:59 <ValCab33> Je suis sur mon phone
2014-08-03T02:51:19 <ludvann> Ah ok ^^
2014-08-03T02:51:36 <ludvann> Quittes le pr0n alors ^^
2014-08-03T02:52:35 <ValCab33> Non plus, je fait rien la.
2014-08-03T02:52:48 <ludvann> :D
2014-08-03T02:56:20 <Ambrocidus> Bon, qui peux m'expliquer comment faire un IRC comme le votre (avec la modération) ?!
2014-08-03T02:57:34 <ludvann> C'est à dire par modération ?
2014-08-03T02:57:43 <ludvann> Tu parles de berry ?
2014-08-03T02:59:17 <Ambrocidus> Roh, toi ta g.... !!!!
2014-08-03T02:59:47 <Ambrocidus> Non, bannir, kick avoir son IRC
2014-08-03T03:00:14 <ludvann> Ah ça...
2014-08-03T03:00:32 <Berry-Punch> Voilà ce qu'il s'est passé ces 10 dernières lignes, *hic* adriens33
2014-08-03T03:00:33 *** adriens33 s'est connecté
2014-08-03T03:00:40 <ludvann> C'est pas vraiment à moi qu'il faut en'parler
2014-08-03T03:00:48 <ludvann> Mais à lui
2014-08-03T03:00:52 <ludvann> ^^
2014-08-03T03:00:56 <ludvann> adriens33
2014-08-03T03:01:03 <Ambrocidus> Ah ca tombe bien
2014-08-03T03:01:25 <Ambrocidus> J'avais justement finis de faire le dicta---- de travailler
2014-08-03T03:01:35 *** Eclipse2212 s'est connecté
2014-08-03T03:01:35 *** Eclipse2212 est parti
2014-08-03T03:02:32 <ludvann> adriens33 ?
2014-08-03T03:02:55 * Berry-Punch lance un muffin sur adriens33 à 1984 km/h
2014-08-03T03:02:55 <Berry-Punch> MUFFIN *hic* RAINBOOM !!
2014-08-03T03:02:55 <ludvann> !muffin adriens33
2014-08-03T03:03:05 <ludvann> Que ça ?
2014-08-03T03:03:55 *** Eclipse2212 s'est connecté
2014-08-03T03:04:16 <Eclipse2212> re
2014-08-03T03:04:21 * Berry-Punch lance un muffin sur ludvann à 2728 km/h
2014-08-03T03:04:21 <Berry-Punch> MUFFIN RAINBOOM !! *hic* 
2014-08-03T03:04:28 <ludvann> Re
2014-08-03T03:04:31 <Eclipse2212> booon...
2014-08-03T03:05:29 <Eclipse2212> qui a l'adresse mail de leta?
2014-08-03T03:05:42 <Eclipse2212> j'ai un service a lui demander...
2014-08-03T03:05:48 * Berry-Punch lance un muffin sur Eclipse2212 à 2810 km/h
2014-08-03T03:05:48 <Berry-Punch> MUFFIN *hic* RAINBOOM !!
2014-08-03T03:05:57 <ludvann> Nop
2014-08-03T03:06:03 <Eclipse2212> Antonin arrête xD
2014-08-03T03:06:29 <ludvann> Soit il dors, soit il est occupé
2014-08-03T03:06:31 <Eclipse2212> hmmm a part toi qui est "actif" sur l'irc?
2014-08-03T03:06:40 <ludvann> Hey j'ai rien fait !
2014-08-03T03:06:59 <Eclipse2212> xD il nage dans les [censuré] de sa copine
2014-08-03T03:07:05 <ludvann> J'ai d'autres chats a fouetter
2014-08-03T03:07:08 <ludvann> Nope
2014-08-03T03:07:13 <ludvann> D'internet
2014-08-03T03:07:22 <ludvann> Sûrement
2014-08-03T03:07:26 <Eclipse2212> et des pc, tu peut les planter a distance?
2014-08-03T03:07:51 * Berry-Punch lance un muffin sur Eclipse2212 à 1132 km/h
2014-08-03T03:08:14 <Eclipse2212> Stop, C'EST SÉRIEUX!
2014-08-03T03:08:53 <Ambrocidus> http://puu.sh/aCdZi/46b647acdf.png
2014-08-03T03:08:54 * Berry-Punch lance un muffin sur ludvann à 1667 km/h
2014-08-03T03:08:54 <Berry-Punch> MUFFIN *hic* RAINBOOM !!
2014-08-03T03:08:59 <Ambrocidus> ça promet...
2014-08-03T03:09:24 <ludvann> xD
2014-08-03T03:09:29 <Eclipse2212> et donc?
2014-08-03T03:09:32 <Eclipse2212> xD
2014-08-03T03:09:37 <ValCab33> x)
2014-08-03T03:09:43 <Ambrocidus> "et des pc, tu peut les planter a distance?"
2014-08-03T03:10:08 <Eclipse2212> xD
2014-08-03T03:10:15 <Ambrocidus> ca m'a l'air très folk ici
2014-08-03T03:10:15 <Eclipse2212> c'est un de mon reseau
2014-08-03T03:10:27 <Eclipse2212> bah en fait c'est compliqué
2014-08-03T03:10:35 <ludvann> XD
2014-08-03T03:11:25 <Eclipse2212> ça parle d'échangisme et d'amants + si le pc est niqué je peut avoir ne nouveau pc et a moi les jeux videos ^^
2014-08-03T03:13:53 *** adriens33 est parti
2014-08-03T03:15:42 <BronyCUB-MC> ValCab33 has joined the server!
2014-08-03T03:15:46 <BronyCUB-MC> ValCab33: bouh
2014-08-03T03:15:48 <BronyCUB-MC> ValCab33 has quit the server!
2014-08-03T03:18:27 *** Ambrocidus est parti
2014-08-03T03:30:08 <ValCab33> Bon, faut que je me lève à 7h30, donc je vais pas tarder...
2014-08-03T03:30:33 <ValCab33> Bonne nuit tout le monde !
2014-08-03T03:30:40 <ValCab33>  /)
2014-08-03T03:30:43 *** ValCab33 est parti
2014-08-03T03:49:26 <Eclipse2212> bonne nuit
2014-08-03T04:19:30 *** MaCharon est parti
2014-08-03T04:20:04 * Berry-Punch lance un muffin sur ludvann à 755 km/h
2014-08-03T04:24:58 * Berry-Punch lance un muffin sur ludvann à 567 km/h
2014-08-03T04:27:02 * Berry-Punch lance un muffin sur mudvann à 713 km/h
2014-08-03T04:33:51 <ludvann> Bonne nuit tout le monde
2014-08-03T04:34:07 *** ludvann est parti
2014-08-03T08:16:06 *** ValCab33 s'est connecté
2014-08-03T08:16:18 <ValCab33> Hellow
2014-08-03T08:21:27 *** Lezarius est parti
2014-08-03T08:35:34 *** ValCab33 est parti
2014-08-03T09:49:17 *** Ponyskrall s'est connecté
2014-08-03T09:50:20 *** Ponyskrall est parti
2014-08-03T09:54:49 *** Ponyskrall s'est connecté
2014-08-03T09:55:20 <Ponyskrall> Mm, Hellow ?
2014-08-03T10:03:40 <Berry-Punch> Voilà ce qu'il s'est passé ces 10 dernières lignes, *hic* adriens33
2014-08-03T10:03:42 *** adriens33 s'est connecté
2014-08-03T10:10:37 *** adriens33 est parti
2014-08-03T10:27:09 *** TrappyTickles s'est connecté
2014-08-03T10:31:55 <Ponyskrall> Il y a quelqu'un ?
2014-08-03T10:33:55 <TrappyTickles> oi?
2014-08-03T10:35:27 <Ponyskrall> Haw d'accord x)
2014-08-03T10:36:01 <Ponyskrall> Nan parce que je suis nouveau et j'ai vu que cette CB était un peu vide doooonc x)
2014-08-03T10:36:34 <TrappyTickles> en même temps le dimanche matin, y a un peu la grasse mat :p
2014-08-03T10:36:58 <TrappyTickles> nouveau alors? ^^ tu t'es inscrit sur bronycub.org?
2014-08-03T10:36:59 <Ponyskrall> C'est pas faux x)
2014-08-03T10:37:11 <Ponyskrall> Hum..nan xD
2014-08-03T10:37:25 <Ponyskrall> J'savais pas en plus qu'il y avait également ce site....
2014-08-03T10:37:36 <Ponyskrall> J'vais faire ça
2014-08-03T10:37:38 <Berry-Punch> Voilà *hic* ce qu'il s'est passé ces 10 dernières lignes, adriens33
2014-08-03T10:37:39 *** adriens33 s'est connecté
2014-08-03T10:38:09 <TrappyTickles> sinon, dans la série, t'en es où? t'as vu toutes les saisons?
2014-08-03T10:38:16 <TrappyTickles> oi adriens33
2014-08-03T10:39:04 <Ponyskrall> Bah a vrai dire, j'en suis a la saison 4
2014-08-03T10:39:22 <Ponyskrall> Pratiquement a la moitié, pour être exact
2014-08-03T10:39:25 <TrappyTickles> ok, c'est juste pour que j'évite de spoiler par accident :p
2014-08-03T10:39:35 <Ponyskrall> J'avance plutôt lentement x)
2014-08-03T10:39:57 <adriens33> plop tout le monde
2014-08-03T10:39:57 <TrappyTickles> ton best pony? ^^
2014-08-03T10:40:05 <Ponyskrall> Pour te situer où je suis , j'en suis a l'ep Apple Pinkie Pie
2014-08-03T10:40:12 <TrappyTickles> oki ^^
2014-08-03T10:40:23 <Ponyskrall> Et c'est justement Pinkie Pie ^^
2014-08-03T10:40:36 <TrappyTickles> ah tiens ça change ^^
2014-08-03T10:40:45 <TrappyTickles> ils sont pas nombreux les pinkie-istes en france :p
2014-08-03T10:41:00 <Ponyskrall> J'rpésume que les autres sont pour Rainbow Dash ou Applejack ?
2014-08-03T10:41:14 <TrappyTickles> et fluttershy aussi, beaucoup de flutters
2014-08-03T10:41:23 <TrappyTickles> moi même fluttershy c'est ma best :p
2014-08-03T10:41:36 <TrappyTickles> derrière rarity, sweetie belle et derpy :p
2014-08-03T10:41:43 <TrappyTickles> euh devant jveux dire
2014-08-03T10:41:43 <TrappyTickles> :p
2014-08-03T10:42:12 <Ponyskrall> J'comprends...
2014-08-03T10:42:20 <Ponyskrall> Pour l'inscription, j'suis con...
2014-08-03T10:42:36 <TrappyTickles> pkoi? :/
2014-08-03T10:42:48 <Ponyskrall> J'suis déjà inscrit. J'savais juste pas que le site s'appellait Bronyclub.org
2014-08-03T10:42:50 <Ponyskrall> *facepalm*
2014-08-03T10:43:04 <TrappyTickles> c'est bronycub, pas club :p
2014-08-03T10:43:12 <TrappyTickles> comme communauté urbaine de bordeaux lol
2014-08-03T10:43:21 <Ponyskrall> Vii ^^
2014-08-03T10:43:23 <TrappyTickles> bah po grave, c'est fait comme ça :p
2014-08-03T10:43:34 <Ponyskrall> D'ailleurs
2014-08-03T10:43:54 <Ponyskrall> C'est normal que je n'ai pas de relance sur ma boîte mail comme quoi je suis inscrit ?
2014-08-03T10:44:08 <adriens33> je viens de répondre à ton mail Ponyskrall :)
2014-08-03T10:44:15 <TrappyTickles> c'est possible.. aç se fait pas automatiquement
2014-08-03T10:44:19 <TrappyTickles> ah :p
2014-08-03T10:44:20 <adriens33> (en gros: faut attendre qu'heuzef se lève XD)
2014-08-03T10:44:26 <TrappyTickles> ui voila
2014-08-03T10:44:29 <Ponyskrall> Haaan !
2014-08-03T10:44:31 <Ponyskrall> D'accord !
2014-08-03T10:44:40 <Ponyskrall> En gros, vous validé les inscriptions quoi
2014-08-03T10:44:43 <adriens33> oui
2014-08-03T10:44:53 <Ponyskrall> D'accord...Comme sur Harmonia donc...
2014-08-03T10:45:01 <Ponyskrall> Oui parce que je viens de là bas ^^
2014-08-03T10:45:26 <adriens33> par contre, ouais, envoyer à la personne un mail comme quoi son inscription a été mise en file d'attente serait pas du luxe…
2014-08-03T10:46:13 <Ponyskrall> Sorry ...:/
2014-08-03T10:46:34 <TrappyTickles> ce serait un truc à rajouter à la v3
2014-08-03T10:46:51 <TrappyTickles> lol j'avais oublié que ce truc existait http://www.roblox.com/NO-ALICORNS-My-Little-Pony-3D-Roleplay-is-Magic-place?id=5507887#
2014-08-03T10:47:03 <Ponyskrall> Et pour le bouton de contact, aussi
2014-08-03T10:47:40 <Ponyskrall> OMG, c'est moche ! =0
2014-08-03T10:47:54 <TrappyTickles> c'est moche oui :p
2014-08-03T10:48:00 *** MaCharon s'est connecté
2014-08-03T10:48:04 <TrappyTickles> mais au moins c'est fonctionnel en attendant LoE :p
2014-08-03T10:48:14 <adriens33> Salut MaCharon :)
2014-08-03T10:48:18 <TrappyTickles> oi
2014-08-03T10:48:36 <MaCharon> slt *baille*
2014-08-03T10:48:39 <adriens33> ^^
2014-08-03T10:48:44 <Ponyskrall> Bijour ^^
2014-08-03T10:48:50 <MaCharon> couché tard
2014-08-03T10:50:07 <TrappyTickles> pff il marche même pas, ça dit que le serveur est là mais qu'il est pas la
2014-08-03T10:50:27 <adriens33> de quoi ?
2014-08-03T10:51:35 <TrappyTickles> le MLP de roblox.. suis un peu lol
2014-08-03T10:52:00 <Ponyskrall> D'jà, rien que Roblox, ça donne pas du tout envie d'y jouer....
2014-08-03T10:52:30 <TrappyTickles> j'ai pas envie d'attendre le weekend prochain pour LoE
2014-08-03T10:52:36 <Ponyskrall> J'sais pas, ce jeu est aussi vide que Tchernobyl, sans déconner
2014-08-03T10:52:36 <TrappyTickles> et j'ai la flemme de SL pour le moment
2014-08-03T10:52:58 <adriens33> XD
2014-08-03T10:54:47 <TrappyTickles> ok c'est de la pure BULLSHIT
2014-08-03T10:55:06 <TrappyTickles> non seulement faut être obligatoirement inscrit pour y aller (alors que c'était pas le cas avant),
2014-08-03T10:55:22 <TrappyTickles> mais en plus les nouveaux comptes doivent attendre 30 JOURS Avant de pouvoir jouer à celui là!
2014-08-03T10:55:28 <adriens33> whuuuut ??
2014-08-03T10:55:33 <adriens33> sérieux ?
2014-08-03T10:55:36 <Ponyskrall> Han
2014-08-03T10:55:43 <TrappyTickles> qu'ils aillent se faire foutre, LoE sera mille fois mieux
2014-08-03T10:55:53 <Ponyskrall> Qu'est-ce que je disais....
2014-08-03T10:55:54 <TrappyTickles> même si c'est que pour le weekend prochain
2014-08-03T10:56:14 <Ponyskrall> LoE ?
2014-08-03T10:56:34 <TrappyTickles> legendsofequestria.com
2014-08-03T10:56:57 <TrappyTickles> ouverture de leurs serveurs le weekend prochain, fermetre après, réouverture prochaine non définie
2014-08-03T10:57:00 <Ponyskrall> Décidemment, j'ai encore de la ressource a faire niveau site de Brony ><
2014-08-03T10:57:34 <adriens33> TrappyTickles: Ça m'a l'air un poil chaotique comme ouverture non ?
2014-08-03T10:58:21 <TrappyTickles> c'est juste que leur jeu est encore en "alpha"
2014-08-03T10:58:25 <adriens33> ah ok ^^
2014-08-03T10:58:47 <TrappyTickles> il fonctionne parfaitement mais ils préfèrent faire comme si c'était en alpha alors qu'il doit rester que 80% du taf à faire
2014-08-03T10:58:49 <TrappyTickles> -.-
2014-08-03T10:58:53 <TrappyTickles> ces boulets...
2014-08-03T10:58:58 <adriens33> non
2014-08-03T10:59:00 <adriens33> c'est bien
2014-08-03T10:59:05 <adriens33> ça montre qu'ils sont sérieux
2014-08-03T10:59:21 <TrappyTickles> oui mais comment tu veux qu'ils testent s'ils font genre des ouvertures le weekend tous les 6 mois ?
2014-08-03T10:59:27 <adriens33> ils préfèrent bien tester le truc pour être sur qu'il ne reste pas de bug gênant avant de le release
2014-08-03T10:59:38 <TrappyTickles> ce serait pas mieux simpleemtn toutes les deux semaines ou tous les mois?
2014-08-03T10:59:42 <adriens33> ça devient rare ça, de tester les jeux avant de les release…
2014-08-03T11:00:31 <adriens33> mouais…
2014-08-03T11:00:49 <TrappyTickles> la dernière fois que j'avais testé, c'était tellement bon
2014-08-03T11:01:19 <TrappyTickles> un des premiers trucs que j'ai fait, j'ai fait un vol (mon OC est un pégase) au dessus de canterlot de nuit, avec un ciel magnifique, et la musique de canterlot la nuit,
2014-08-03T11:01:32 <TrappyTickles> j'ai eu limite les larmes aux yeux bordel :'s
2014-08-03T11:01:38 <TrappyTickles> c'était juste parfait
2014-08-03T11:02:02 <Ponyskrall> J'viens de voir qu'est-ce que c'est que LoE et ça a l'air pas mal !
2014-08-03T11:02:17 <TrappyTickles> le weekend prochain, je serai pas là, je ferai un marathon LoE, sans dormir s'il le faut
2014-08-03T11:02:18 <Ponyskrall> Il y a un moyen de faire un BatPony, par hasard ?
2014-08-03T11:02:31 <TrappyTickles> euh non je crois pas
2014-08-03T11:03:02 <TrappyTickles> c'est juste un poil mieux vu que les oc alicorn et encore :p
2014-08-03T11:04:08 <Ponyskrall> Je vois
2014-08-03T11:04:14 <Ponyskrall> Vais me DL pour voir
2014-08-03T11:04:35 <TrappyTickles> http://www.legendsofequestria.com/media tiens ici tu peux tester le pony maker du jeu ^^
2014-08-03T11:04:43 <TrappyTickles> pour te faire une idée du look des poneys
2014-08-03T11:08:07 <TrappyTickles> enfin bon, il reste secondlife :p
2014-08-03T11:08:19 <Ponyskrall> Très sympa
2014-08-03T11:08:20 <adriens33> ^^
2014-08-03T11:09:28 <TrappyTickles> tiens j'suis con, j'aais fait une vidéo de la dernière fois où j'étais allé sur LoE :p
2014-08-03T11:09:40 <TrappyTickles> https://www.youtube.com/watch?v=Ql-F99rsyRA
2014-08-03T11:09:43 *** heuzef s'est connecté
2014-08-03T11:09:54 <adriens33> ah ben tiens, salut heuzef :)
2014-08-03T11:09:59 <heuzef> ;)
2014-08-03T11:10:01 <heuzef> na va ?
2014-08-03T11:10:06 <Ponyskrall> Coucou ^^
2014-08-03T11:10:09 <TrappyTickles> oi
2014-08-03T11:10:22 <adriens33> ça va ^^
2014-08-03T11:10:47 <adriens33> ah, tiens, Ponyskrall, Berry Punch t'as pas dit bonjour ^^
2014-08-03T11:10:59 <Berry-Punch> Bienvenue sur le chat de *hic* BronyCUB, Ponyskrall !
2014-08-03T11:10:59 <Berry-Punch> Amuse-toi *hic* bien !
2014-08-03T11:11:20 <Ponyskrall> Valà ^^
2014-08-03T11:11:27 <Ponyskrall> Merki
2014-08-03T11:11:57 <adriens33> ^^
2014-08-03T11:12:06 <adriens33> Berry ?
2014-08-03T11:12:06 <Berry-Punch> adriens33: Oui ? *hic* 
2014-08-03T11:12:11 <heuzef> Salut Ponyskrall tu nous viens d'ou ? =)
2014-08-03T11:12:12 <adriens33> T'as encore trop bu, toi ^^
2014-08-03T11:12:12 <Berry-Punch> Non, c'est même pas *hic* vrai d'abord !
2014-08-03T11:12:29 <Ponyskrall> heuzef : De Bordeaux ^^
2014-08-03T11:12:54 <heuzef> J'ai reçu une inscription hier, c'est la tienne ?
2014-08-03T11:13:03 <Ponyskrall> Euh....nan
2014-08-03T11:13:11 <Ponyskrall> J'me suis inscrit ce matin pp
2014-08-03T11:13:13 <Ponyskrall> ^^
2014-08-03T11:13:24 <heuzef> Ha oui effectivement
2014-08-03T11:13:51 <heuzef> Super du coup reste sur IRC on finalise ton inscription ensemble comme ça ;)
2014-08-03T11:14:51 <Ponyskrall> Bah écoute, ouais
2014-08-03T11:14:55 <heuzef> adriens33 ?
2014-08-03T11:15:01 <adriens33> Eyup ?
2014-08-03T11:15:22 <heuzef> C'est super cool d'avoir répondu à Ponyskrall pour sa demande d'aide, sauf que t'as oublier un truc important je crois
2014-08-03T11:15:27 <adriens33> ah ?
2014-08-03T11:15:29 *** ludvann s'est connecté
2014-08-03T11:15:30 <heuzef> Il est pas encore dans la mailing list xD
2014-08-03T11:15:34 <adriens33> ow
2014-08-03T11:15:35 <adriens33> merde
2014-08-03T11:15:40 <ludvann> Hellow
2014-08-03T11:15:45 <adriens33> désolé, l'habitude XD
2014-08-03T11:15:48 <heuzef> ;)
2014-08-03T11:15:48 <adriens33> salut ludvann
2014-08-03T11:15:58 <Ponyskrall> Hm, que signifie IRC au juste ?
2014-08-03T11:15:59 <ludvann> Vous parlez du nouvow ?
2014-08-03T11:16:01 <Ponyskrall> Hawn crap
2014-08-03T11:16:07 <adriens33> IRC: Internet Relay Chat
2014-08-03T11:16:11 <ludvann> Internet relay chat
2014-08-03T11:16:16 <Ponyskrall> Je vois ^^
2014-08-03T11:16:18 <ludvann> Grrr :)
2014-08-03T11:16:18 <adriens33> c'est un protocole de communication décentralisé
2014-08-03T11:16:21 <Ponyskrall> Et salut Ludvann ^^
2014-08-03T11:16:32 <heuzef> Ponyskrall alors alors
2014-08-03T11:16:33 <adriens33> (ah, pas de majuscule malheureux)
2014-08-03T11:16:42 <ludvann> Salut (pas de maj à mon pseudo ^^ )
2014-08-03T11:16:48 <ludvann> xD
2014-08-03T11:16:56 <Ponyskrall> Pardon, c'est l'habitude x)
2014-08-03T11:16:59 <adriens33> ^^
2014-08-03T11:17:03 <ludvann> !D
2014-08-03T11:17:08 <ludvann> ;D
2014-08-03T11:17:09 <Ponyskrall> J'ai tendance a mettre des majuscule x)
2014-08-03T11:17:16 <adriens33> heuzef qui attend, on sent son impatience d'ici XD
2014-08-03T11:17:20 <heuzef> Ponyskrall: http://fr.gravatar.com/ponyskrall
2014-08-03T11:17:50 <heuzef> Pas encore de compte gravatar ? =)
2014-08-03T11:18:01 <Ponyskrall> Hm, Nope
2014-08-03T11:18:15 <Ponyskrall> Et je suppose que je dois en avoir un ?  ^^
2014-08-03T11:18:37 <heuzef> C'est pour afficher une petite photo sur le site, l'avantage c'est que tu pourra la modifier toi même ;)
2014-08-03T11:18:43 <Ponyskrall> Car je viens de cliquer, j'ai eu un 404 de Yahoo (qui d'ailleurs, je sais pas du tout pourquoi il est là)
2014-08-03T11:18:46 <ludvann> Inconnu sur le champs.
2014-08-03T11:18:59 <heuzef> Créer toi un compte sous le pseudo Ponyskrall et c'est ok ;)
2014-08-03T11:19:13 <Ponyskrall> On my way !
2014-08-03T11:19:19 <heuzef> En tous cas ta bio est super, ça fait plaisir !
2014-08-03T11:19:41 <ludvann> Superbe* !
2014-08-03T11:19:47 <ludvann> Taï !
2014-08-03T11:20:30 <heuzef> En tous cas oui tous le reste est nickel donc ça mérite à bapteme de muffin
2014-08-03T11:20:47 <Berry-Punch> Flags de Ponyskrall modifiés *hic* : +v
2014-08-03T11:20:47 <heuzef> !voice Ponyskrall
2014-08-03T11:20:54 * Berry-Punch lance un muffin sur Ponyskrall à 1690 km/h
2014-08-03T11:20:54 <Berry-Punch> MUFFIN *hic* RAINBOOM !!
2014-08-03T11:20:54 <ludvann> !muffin Ponyskrall
2014-08-03T11:21:05 <heuzef> Ha ba voila
2014-08-03T11:21:08 <heuzef> Quand tu veux ^^
2014-08-03T11:21:27 <ludvann> Moyen ce lancer :/
2014-08-03T11:21:28 <Ponyskrall> Owii un Muffin *p*
2014-08-03T11:21:58 <Ponyskrall> D'ailleurs, elle est pas trop longue ma présentation, Heuzef ?
2014-08-03T11:22:03 <Ponyskrall> heuzef*
2014-08-03T11:22:19 <heuzef> Ponyskrall pas grave on à un "read more" tu verra ;)
2014-08-03T11:22:25 <Ponyskrall> Car j'ai vu les présentations des autres gens, j'ai clairement faire un pavé xD
2014-08-03T11:22:36 <Ponyskrall> fait
2014-08-03T11:23:02 <adriens33> bah c'est pas grave, c'est juste que la plupart des gens sont pas super bavards sur eux-mêmes :p
2014-08-03T11:23:14 * Berry-Punch lance un muffin sur Ponyskrall à 2288 km/h
2014-08-03T11:23:14 <Berry-Punch> MUFFIN RAINBOOM *hic* !!
2014-08-03T11:23:33 * Ponyskrall reçoit le muffin de plein fouet
2014-08-03T11:25:26 <heuzef> adriens33 je peux te confier une mission riquiqui ? Comme je doit m'occuper de Ponyskrall
2014-08-03T11:25:37 <adriens33> Heu… ça dépend, c'est quoi ?
2014-08-03T11:26:22 <heuzef> Sevenn le dev de bronyCAT à dev un système sympa pour avoir les quotes en dynamique : https://github.com/Bronycat/BronyCat/commit/0eff6998e8e13024bd00516fb77111f1c342d430
2014-08-03T11:26:32 <heuzef> ça serait cool de c/c ça chez nous :P
2014-08-03T11:27:01 * Berry-Punch lance un muffin sur Ponyskrall à 3073 km/h
2014-08-03T11:27:01 <Berry-Punch> MUFFIN RAINBOOM *hic* !!
2014-08-03T11:27:06 <adriens33> ok
2014-08-03T11:27:14 <heuzef> Merci ^^
2014-08-03T11:29:08 * Berry-Punch lance un muffin sur heuzef à 1226 km/h
2014-08-03T11:29:08 <Berry-Punch> MUFFIN RAINBOOM *hic* !!
2014-08-03T11:29:08 <ludvann> !muffin heuzef
2014-08-03T11:29:17 <ludvann> Bof...
2014-08-03T11:29:37 * Berry-Punch lance un muffin sur ludvann à 1527 km/h
2014-08-03T11:29:37 <Berry-Punch> MUFFIN RAINBOOM *hic* !!
2014-08-03T11:29:38 <ludvann> !muffin ludvann
2014-08-03T11:30:04 <ludvann> C'est ces scores pourris ?
2014-08-03T11:32:27 <Ponyskrall> Bon
2014-08-03T11:32:33 <Ponyskrall> J'viens de faire le gravatar
2014-08-03T11:32:58 <Ponyskrall> Par contre, je ne sais pas comment mettre mon image de profil a la place du symbole moche du site....
2014-08-03T11:33:07 <ludvann> o/
2014-08-03T11:33:10 <Ponyskrall> J'sais même pas si c'est possible x)
2014-08-03T11:33:22 <ludvann> Heuzef s'en occupe de ça ^^
2014-08-03T11:33:40 <heuzef> nop
2014-08-03T11:33:48 <heuzef> Ca se change dans le profil gravatar
2014-08-03T11:33:56 <ludvann> ...
2014-08-03T11:34:13 <heuzef> Ponyskrall te voila inscrit dans la Mailing list, tu sais comment créer un filtre mail pour eviter le flood ?
2014-08-03T11:34:22 <Ponyskrall> Ah c'est bon, j'ai rien dit !
2014-08-03T11:34:26 <Ponyskrall> J'ai réussi x)
2014-08-03T11:34:55 <Ponyskrall> heuzef : Un filtre mail ? Mmm ....peut être
2014-08-03T11:35:02 <heuzef> Soit dis en passant : Yolteotl et Ivan Alt sont tes voisins ;)
2014-08-03T11:35:21 <heuzef> Créer un filtre sur [BronyCUB] pour les classer dans un dossier
2014-08-03T11:35:36 <ludvann> Gné ? (Même si ça me concerne pas)
2014-08-03T11:37:48 <Ponyskrall> heuzef : Cool pour les voisins mais pour le filtre, je vais où sur le site ? ^^"
2014-08-03T11:42:41 <ludvann> Ponyskrall tu as quoi comme boite mail ?
2014-08-03T11:42:54 <Ponyskrall> gmail
2014-08-03T11:43:23 <ludvann> Fais une petite recherche google :3
2014-08-03T11:44:17 <Ponyskrall> Google is your friend, comme on dit  ^^
2014-08-03T11:44:41 <ludvann> Eeyup ;)
2014-08-03T11:47:32 <heuzef> Ponyskrall ?
2014-08-03T11:47:42 <heuzef> Dis moi si ta fiche te convient : http://bronycub.org/membres.php
2014-08-03T11:48:24 <Ponyskrall> Giga pavé, boom boom boom x)
2014-08-03T11:48:28 <Ponyskrall> Bah écoute ouais
2014-08-03T11:48:46 <heuzef> Si tu souhaite faire des modifs demande moi directement ;)
2014-08-03T11:48:52 <Ponyskrall> A pars un truc
2014-08-03T11:49:17 <Ponyskrall> Il y a un espace entre le "je suis" et le "Ponyskrall"
2014-08-03T11:49:29 <Ponyskrall> Voire même un gros espace
2014-08-03T11:49:43 <heuzef> Normale, c'est le read more qui fait ça
2014-08-03T11:49:53 <heuzef> Pas bien méchant
2014-08-03T11:51:34 <Ponyskrall> Bon bah c'est bon
2014-08-03T11:51:37 <Ponyskrall> Merci beaucoup =)
2014-08-03T11:51:46 *** ludvann est parti
2014-08-03T11:52:00 *** ludvann s'est connecté
2014-08-03T11:53:47 <heuzef> N'hésite pas à suivre l'agenda de prêt
2014-08-03T11:53:57 <heuzef> on à des trucs à venir très sympa
2014-08-03T11:54:10 <ludvann> Ponyskrall, qualité pas yerroble et pas beaucoup de dètails mais bon :D http://m.imgur.com/VBmCFCJ,YRrOBi7,85h4NEx
2014-08-03T11:54:19 <ludvann> Terrible*
2014-08-03T11:55:00 <Ponyskrall> J'vais surtout faire croustiller mon cou, t'es gentil )D
2014-08-03T11:55:02 <Ponyskrall> =D
2014-08-03T11:55:15 <ludvann> Celui du bas est un "centaure"
2014-08-03T11:55:18 <ludvann> ^^
2014-08-03T11:56:24 <Ponyskrall> Plutôt sympa comme moc, en effet ^^
2014-08-03T11:56:30 <Ponyskrall> Tu en a combien exactement ?
2014-08-03T11:56:43 <ludvann> Quelques un
2014-08-03T11:57:00 <ludvann> Je vais prendre en photo les boites
2014-08-03T11:57:27 <Ponyskrall> Pas de soucis ^^
2014-08-03T11:59:42 <ludvann> La taille du monstre plié :O
2014-08-03T12:00:32 <ludvann> http://m.imgur.com/Yp6JW0S
2014-08-03T12:03:56 <ludvann> Ponyskrall le "centaure" http://m.imgur.com/WQaU1Ce
2014-08-03T12:07:02 <ludvann> Ponyskrall ?
2014-08-03T12:07:38 * Berry-Punch lance un muffin sur Ponyskrall à 1703 km/h
2014-08-03T12:07:38 <Berry-Punch> MUFFIN RAINBOOM !! *hic* 
2014-08-03T12:07:38 <ludvann> !muffin Ponyskrall
2014-08-03T12:08:06 <Ponyskrall> Mm
2014-08-03T12:08:14 <Ponyskrall> Désolé pour l'attente, j'déjeuner x)
2014-08-03T12:08:27 <ludvann> Les boites^^ http://m.imgur.com/cwG3p6W
2014-08-03T12:08:38 *** TrappyTickles est parti
2014-08-03T12:08:47 <ludvann> (Et il en manque ^^' )
2014-08-03T12:10:19 <ludvann> Alors ?
2014-08-03T12:10:21 *** Eclipse2212 est parti
2014-08-03T12:10:47 <Ponyskrall> Une collection plutôt sympathique
2014-08-03T12:11:00 <Ponyskrall> Même si tu a le courage de faire un mocs avec très peu de set ^^
2014-08-03T12:11:19 <ludvann> :D
2014-08-03T12:11:43 <ludvann> Mais ce sont de vieux sets :)
2014-08-03T12:12:31 <Ponyskrall> Qui sont cool ^^
2014-08-03T12:12:35 <Ponyskrall> Moi...
2014-08-03T12:12:46 <Ponyskrall> J'dois en avoir un certain petit paquet....
2014-08-03T12:13:12 <ludvann> ;)
2014-08-03T12:13:13 <Ponyskrall> Pour la peine, je vais te retrouver un topic où je parle de ma collection ^^
2014-08-03T12:13:46 <ludvann> :D
2014-08-03T12:15:08 <Ponyskrall> http://www.bionifigs.com/t7824-collection-de-skrall#290691
2014-08-03T12:15:12 <Ponyskrall> Valà !
2014-08-03T12:15:12 <ludvann> D'ailleurs une série que j'ai bien aimé est celle de metru nui (et les perso comme les vahki vorzakh
2014-08-03T12:16:07 <Ponyskrall> 2004 is the best
2014-08-03T12:16:17 <Ponyskrall> Avec celle de 2007 *pµ
2014-08-03T12:16:19 <Ponyskrall> *p*
2014-08-03T12:19:35 <ludvann> 2004 c'est laquelle?
2014-08-03T12:19:47 <ludvann> La metru nui ?
2014-08-03T12:20:01 <Ponyskrall> Yup
2014-08-03T12:20:09 <Ponyskrall> Et 2007, c'est Mahri Nui
2014-08-03T12:20:25 <Ponyskrall> Fin après, tu a arrêter Bionicle quand ?
2014-08-03T12:20:45 <ludvann> Quelques années ^^
2014-08-03T12:21:20 *** Eclipse2212 s'est connecté
2014-08-03T12:21:32 <Eclipse2212> chalut
2014-08-03T12:21:56 <ludvann> Salut
2014-08-03T12:22:15 <ludvann> Ponyskrall http://m.imgur.com/Pt8YzHB
2014-08-03T12:23:19 <ludvann> Comment il s'appelle le gars super badass dans mahri nui avec le masque gris et qui est grand, Ponyskrall ?
2014-08-03T12:23:22 *** rainbowphoenix s'est connecté
2014-08-03T12:23:37 <ludvann> Salutations !
2014-08-03T12:23:50 <rainbowphoenix> Bonjour
2014-08-03T12:24:06 <rainbowphoenix> Je ne fait que passer
2014-08-03T12:24:10 <ludvann> Ça va ?
2014-08-03T12:24:13 <adriens33> salut rainbowphenix :)
2014-08-03T12:24:13 <ludvann> Ok
2014-08-03T12:24:21 <adriens33> *rainbowphoenix pardon --"
2014-08-03T12:24:28 <Ponyskrall> ludvann ; C'est Hydraxon
2014-08-03T12:24:31 <rainbowphoenix> Eyup et vous ?
2014-08-03T12:24:40 <ludvann> Ah oui <3
2014-08-03T12:24:45 <Ponyskrall> Enchanté rainbow =)
2014-08-03T12:24:47 <ludvann> Bien :)
2014-08-03T12:25:07 <adriens33> heuzef: c'est bon, c'est fait ^^ tu peux push, j'ai testé sur mon serveur dev et ça marche (http://www.art-software.fr/bronycub/ si tu veux voir)
2014-08-03T12:25:08 <rainbowphoenix> De même ^^
2014-08-03T12:25:15 <adriens33> *pull
2014-08-03T12:25:41 <ludvann> Ponyskrall, la seule chose que je retrouve de lui est une jambe...
2014-08-03T12:26:18 <ludvann> xD
2014-08-03T12:28:43 <Ponyskrall> Hawn...
2014-08-03T12:29:05 <Ponyskrall> C'est fâcheux, en effet
2014-08-03T12:29:24 <Ponyskrall> Moi je retrouve toutes ces pièces sauf son masque....
2014-08-03T12:29:59 <ludvann> Je l'ait, mais je sait pas ou il est...
2014-08-03T12:30:55 <ludvann> Comme tout mes autres mechs...
2014-08-03T12:31:46 <ludvann> :'(
2014-08-03T12:33:21 <Ponyskrall> Je comprends ton désarroi ... :/
2014-08-03T12:33:23 <ludvann> Oh ! Le lanceur de boules de piraka !
2014-08-03T12:33:37 <Ponyskrall> Lanceur Zamor, tu veux dire ^^
2014-08-03T12:34:16 <ludvann> Oui mais je l'ai eut avec piraka ^^
2014-08-03T12:35:41 <Ponyskrall> Nan mais oui x)
2014-08-03T12:36:01 <ludvann> Piraka, vahki et guurahk sont de metru nui ?
2014-08-03T12:36:10 <Ponyskrall> J'veux dire que le "lanceur de boule" se nomme "lanceur Zamor", c'est tout ^^
2014-08-03T12:36:12 <ludvann> Gné ?
2014-08-03T12:36:13 <Ponyskrall> Mmm, nan
2014-08-03T12:36:21 <ludvann> Ok ^^
2014-08-03T12:37:41 <ludvann> Je me souviens qu'ils étaient tous dans mon jeux DS (qui était sur voya nui)
2014-08-03T12:38:20 <adriens33> je re, je teste un truc
2014-08-03T12:38:21 *** adriens33 est parti
2014-08-03T12:38:27 *** rainbowphoenix est parti
2014-08-03T12:39:08 <Ponyskrall> Ton Piraka qui est de base Vezok est un personnage de 2006 sur l'île de Voya Nui, tes Vahki sont de 2004 donc Metru Nui et ton  Guurahk et Panrahk (Rakshi marron) sont de 2003
2014-08-03T12:39:16 <Ponyskrall> Et ils étaient sur Mata Nui
2014-08-03T12:39:57 <Ponyskrall> Et ton jeu est Bionicle Heroes qui est juste...mmm
2014-08-03T12:40:03 <Ponyskrall> Naze ? :hap:
2014-08-03T12:40:18 <ludvann> Watt ?
2014-08-03T12:40:26 <ludvann> Je re
2014-08-03T12:40:36 *** ludvann est parti
2014-08-03T12:40:52 *** RainbowPhoenix s'est connecté
2014-08-03T12:40:59 *** ludvann s'est connecté
2014-08-03T12:41:02 <ludvann> Re
2014-08-03T12:41:07 <Ponyskrall> Re
2014-08-03T12:41:15 *** RainbowPhoenix est parti
2014-08-03T12:41:19 <Ponyskrall> Oui donc, pourquoi "Watt?"  ? x)
2014-08-03T12:41:36 <ludvann> D'ailleurs j'avais bien aimais le jeu
2014-08-03T12:41:47 <ludvann> L'ui était beugué
2014-08-03T12:41:54 <ludvann> Toute blanche
2014-08-03T12:41:59 *** RainbowPhoenix s'est connecté
2014-08-03T12:42:36 <Ponyskrall> Ah bah ça...
2014-08-03T12:42:43 <Ponyskrall> C'est pas étonnant, tu vois ? x)
2014-08-03T12:42:46 *** RainbowPhoenix est parti
2014-08-03T12:42:46 <ludvann> De quoi ?
2014-08-03T12:43:03 <Ponyskrall> Que le jeu en lui même est bugué
2014-08-03T12:43:29 *** RainbowPhoenix s'est connecté
2014-08-03T12:43:34 <ludvann> Nan, l'appli urc ^^
2014-08-03T12:43:39 <ludvann> Irc*
2014-08-03T12:44:30 <RainbowPhoenix> Bon je crois que je vais passer un peu de temps ici car y'a plus personne de co sur mon skype
2014-08-03T12:44:30 <Ponyskrall> Irc ?
2014-08-03T12:44:40 <Ponyskrall> Vii ! =D
2014-08-03T12:44:44 <ludvann> Je speed runnais le jeu alors que j'avais 11ans ^^
2014-08-03T12:45:03 <Ponyskrall> Bah dans un sens, on fera plus ample connaissance, Rainbow ^
2014-08-03T12:45:05 <Ponyskrall> ^^
2014-08-03T12:45:05 <RainbowPhoenix> Ça vous dérange pas au moins ?
2014-08-03T12:45:12 <RainbowPhoenix> ^^
2014-08-03T12:45:18 <ludvann> Internet relay chat, ce sur quoi tu es en ce moment Ponyskrall
2014-08-03T12:45:37 <heuzef> Hello ^^
2014-08-03T12:45:39 <RainbowPhoenix> IRC
2014-08-03T12:45:41 <heuzef> RainbowPhoenix =)
2014-08-03T12:45:41 <RainbowPhoenix> Hello
2014-08-03T12:45:43 <Ponyskrall> Erd x)
2014-08-03T12:45:52 <Ponyskrall> Faut vraiment que je note ce "nom" xD
2014-08-03T12:45:53 <heuzef> Je viens de recevoir ton inscription
2014-08-03T12:46:00 <heuzef> On peux valider ça ensemble du coup
2014-08-03T12:46:14 <RainbowPhoenix> Je connais kiwi ils l'utilisent sur la nlr
2014-08-03T12:46:26 <RainbowPhoenix> Merci
2014-08-03T12:46:45 <heuzef> Woaw .... Mais tu habite à Avignion !
2014-08-03T12:46:52 <RainbowPhoenix> C'est juste un compte histoire d'être partout
2014-08-03T12:47:00 <heuzef> Tu viens souvent sur Bordeaux ?
2014-08-03T12:47:03 <RainbowPhoenix> Oui
2014-08-03T12:47:05 <ludvann> Sur le pont d'avignon...
2014-08-03T12:47:14 <RainbowPhoenix> Pour voir ma famille ou
2014-08-03T12:47:16 * ludvann sort en courant
2014-08-03T12:47:41 <RainbowPhoenix> Ho tu sais on m'a déjà bien agacé sur pour mal de sur a cause de ça
2014-08-03T12:47:52 <RainbowPhoenix> Mais ça ne me fait rien ^^
2014-08-03T12:48:08 <heuzef> Bon si tu viens souvent à Bordeaux je pense que ça peux le faire du coup
2014-08-03T12:48:30 <RainbowPhoenix> Oui c'est pour ça
2014-08-03T12:48:41 <heuzef> Mais tu sera officiellement le membre le plus éloigné en tous cas
2014-08-03T12:48:54 <RainbowPhoenix> Marque juste que je dis de temps en temps de passage
2014-08-03T12:49:07 <heuzef> Comment tu nous à connu ?
2014-08-03T12:49:09 <RainbowPhoenix> Hihi je bar le record ^^
2014-08-03T12:49:18 <RainbowPhoenix> *bat
2014-08-03T12:49:27 <RainbowPhoenix> Heu ... Un ami
2014-08-03T12:49:46 <RainbowPhoenix> Flutterbrony vous connaissez ?
2014-08-03T12:50:02 <RainbowPhoenix> Il m'en avait parlé
2014-08-03T12:50:17 <ludvann> Ah ;)
2014-08-03T12:50:24 <heuzef> Ba oui on le connais ^^ Il fait partie du collectif
2014-08-03T12:50:25 <ludvann> I see
2014-08-03T12:50:38 <RainbowPhoenix> Et aujourd'hui un autre ami m'a parlé d'un de ses amis qui connaissait ce site
2014-08-03T12:50:44 <heuzef> http://fr.gravatar.com/RainbowPhoenix
2014-08-03T12:50:50 <heuzef> C'est bien ton profil ?
2014-08-03T12:51:20 <RainbowPhoenix> *3g - ça ramme*
2014-08-03T12:51:46 <ludvann> ^^
2014-08-03T12:52:35 <RainbowPhoenix> JSP
2014-08-03T12:52:51 <RainbowPhoenix> Toi much accounts anywhere
2014-08-03T12:53:20 <heuzef> Il faudrait que tu tente de mettre à jour ton gravatar (pour le site)
2014-08-03T12:53:57 <heuzef> Sinon tu ne veux pas indiquer ton nom et prénom ?
2014-08-03T12:54:10 <ludvann> Je vais manger
2014-08-03T12:54:10 <Berry-Punch> Bon *hic* appétit, ludvann :D
2014-08-03T12:54:14 <RainbowPhoenix> Appelez moi Phoenix
2014-08-03T12:54:24 <Eclipse2212> bon app ludvann
2014-08-03T12:54:27 <heuzef> ok
2014-08-03T12:54:27 <RainbowPhoenix> Bon appétit
2014-08-03T12:54:37 <ludvann|AFK> Thx :)
2014-08-03T12:54:43 <Eclipse2212> moi j'ai dêjeuné xD
2014-08-03T12:54:58 <RainbowPhoenix> Bon je sais pas si c'est mon compte
2014-08-03T12:55:41 <RainbowPhoenix> Je test un reste
2014-08-03T12:55:47 <RainbowPhoenix> *reste
2014-08-03T12:55:56 <RainbowPhoenix> Reset
2014-08-03T12:56:41 <RainbowPhoenix> (Foutue correction auto )
2014-08-03T12:57:50 <Berry-Punch> Voilà *hic* ce qu'il s'est passé ces 10 dernières lignes, adriens33
2014-08-03T12:57:51 *** adriens33 s'est connecté
2014-08-03T13:00:17 *** RainbowPhoenix est parti
2014-08-03T13:00:55 *** RainbowPhoenix s'est connecté
2014-08-03T13:01:07 *** RainbowPhoenix est parti
2014-08-03T13:01:30 *** RainbowPhoenix s'est connecté
2014-08-03T13:01:37 <RainbowPhoenix> Sorry chrome est horrible
2014-08-03T13:01:56 *** RainbowPhoenix est parti
2014-08-03T13:02:24 <heuzef> Oula
2014-08-03T13:02:34 *** RainbowPhoenix s'est connecté
2014-08-03T13:02:37 *** RainbowPhoenix est parti
2014-08-03T13:03:06 *** RainbowPhoenix s'est connecté
2014-08-03T13:03:17 <RainbowPhoenix> Chrome efface les cookies DSL
2014-08-03T13:03:38 <RainbowPhoenix> Je me deco-reco en boucle
2014-08-03T13:04:00 <Ponyskrall> Etrange
2014-08-03T13:04:08 <Ponyskrall> J'ai Chrome pourtant et ça me fait pas ça Oo
2014-08-03T13:04:17 <RainbowPhoenix> Sous phone ?
2014-08-03T13:04:18 <adriens33> c'est ptet un plugin qui fait ça
2014-08-03T13:04:47 <RainbowPhoenix> Sous phone un plugin ? JSP
2014-08-03T13:05:06 <RainbowPhoenix> Nope c'est ce * de réseau
2014-08-03T13:05:24 <RainbowPhoenix> +too much onglets
2014-08-03T13:05:39 *** RainbowPhoenix est parti
2014-08-03T13:06:12 *** RainbowPhoenix s'est connecté
2014-08-03T13:06:27 <RainbowPhoenix> Il ne me garde pas les pages en mémoire :pleure:
2014-08-03T13:07:06 <RainbowPhoenix> Bon je vais rester ici
2014-08-03T13:07:06 *** RainbowPhoenix est parti
2014-08-03T13:07:34 *** RainbowPhoenix s'est connecté
2014-08-03T13:07:35 <heuzef> Bon je vais lui envoyer un mail hein, c'est plus simple
2014-08-03T13:07:42 <heuzef> Le revoila ?
2014-08-03T13:07:51 <RainbowPhoenix> Bon je suis désolé mais la
2014-08-03T13:08:14 <RainbowPhoenix> I stay here and do nothing ^^
2014-08-03T13:08:21 <RainbowPhoenix> Qui
2014-08-03T13:08:25 <heuzef> RainbowPhoenix je t'envoie un mail, tu reppasseras sur IRC avec une connexion potable ;)
2014-08-03T13:08:27 <RainbowPhoenix> *oui
2014-08-03T13:08:36 <RainbowPhoenix> Oki
2014-08-03T13:09:04 *** RainbowPhoenix est parti
2014-08-03T13:10:12 *** RainbowPhoenix s'est connecté
2014-08-03T13:10:32 <RainbowPhoenix> Voilà j'ai changé de navigateur et suis en LTE
2014-08-03T13:11:25 *** RainbowPhoenix est parti
2014-08-03T13:14:54 *** ludvann|AFK est parti
2014-08-03T13:15:11 *** ludvann|AFK s'est connecté
2014-08-03T13:15:15 <ludvann|AFK> Tr
2014-08-03T13:15:17 <ludvann|AFK> Re
2014-08-03T13:15:41 <Ponyskrall> Reuh
2014-08-03T13:17:51 <ludvann> Je re
2014-08-03T13:18:02 *** ludvann est parti
2014-08-03T13:19:50 *** ludvann s'est connecté
2014-08-03T13:19:53 <ludvann> Re
2014-08-03T13:21:22 <Ponyskrall> Reuh pour la...
2014-08-03T13:21:28 <Ponyskrall> Jesaispascombiendefois x)
2014-08-03T13:22:05 <ludvann> 2ème fois
2014-08-03T13:26:42 *** ludvann est parti
2014-08-03T13:27:46 *** ludvann s'est connecté
2014-08-03T13:38:20 <ludvann> Re
2014-08-03T13:45:04 *** Gordfang s'est connecté
2014-08-03T13:45:07 <Gordfang> lu
2014-08-03T13:46:22 <Ponyskrall> Salut
2014-08-03T13:46:34 <Ponyskrall> Enchanté, Gordfang ^^
2014-08-03T13:46:44 <Gordfang> tiens un nouveau?
2014-08-03T13:47:15 <Ponyskrall> Eeyup ^^
2014-08-03T13:51:53 <heuzef> Trop de nouveau ^^' Je m'en sort plus avec les inscriptions
2014-08-03T13:52:16 <heuzef> C'est qu'on est presque 50 maintenant ....
2014-08-03T14:02:32 <ludvann> xD o/
2014-08-03T14:02:41 <ludvann> Je vous laisse. @(
2014-08-03T14:02:44 <ludvann> @+ /)
2014-08-03T14:02:56 <adriens33> ++
2014-08-03T14:03:05 *** ludvann est parti
2014-08-03T14:03:42 <Ponyskrall> Oh bigre ....
2014-08-03T14:03:57 <Ponyskrall> J'espère que ce n'est pas moi qui ai est rameté tout l'monde xD
2014-08-03T14:07:41 <adriens33> je re
2014-08-03T14:07:52 *** adriens33 est parti
2014-08-03T14:09:23 *** heuzef est parti
2014-08-03T14:10:15 <Berry-Punch> Voilà ce qu'il s'est passé ces 10 dernières lignes, *hic* adriens33
2014-08-03T14:10:16 *** adriens33 s'est connecté
2014-08-03T14:10:22 <adriens33> re
2014-08-03T14:13:07 <Gordfang> deja 50?
2014-08-03T14:13:43 <adriens33> y'en a 45 d'enregistrés sur le site
2014-08-03T14:41:40 <Ponyskrall> ...
2014-08-03T14:41:50 <Ponyskrall> C'est beaucoup, en effet x)
2014-08-03T14:56:45 <Eclipse2212> mouais c'est plutot rapide xD
2014-08-03T15:03:03 *** ludvann s'est connecté
2014-08-03T15:03:27 <ludvann> Coucou
2014-08-03T15:03:37 <Berry-Punch> Entrez help *hic* <commande> pour avoir de l'aide sur cette commande.
2014-08-03T15:03:40 <Berry-Punch> Gère les flags user/canal. *hic* 
2014-08-03T15:03:40 <Berry-Punch> flag: état de vos flags *hic* 
2014-08-03T15:03:41 <Berry-Punch> flag get *hic* <user>: flags enregistrés pour user
2014-08-03T15:03:41 <Berry-Punch> flag set <flags> <user>: modifie les flags enregistrés de user en *hic* flags
2014-08-03T15:03:41 <Berry-Punch> flag mod <flags> [user]: modifie les flags actuels de *hic* user (ou du canal si pas d'user précisé)
2014-08-03T15:03:49 <Berry-Punch> adriens33 *hic* a le(s) flag(s) : +v
2014-08-03T15:04:02 <ludvann>  /msg Eclipse2212 coucou
2014-08-03T15:04:05 <Berry-Punch> Flags de Ponyskrall *hic* modifiés en +v
2014-08-03T15:04:08 <Berry-Punch> Ponyskrall a le(s) *hic* flag(s) : +v
2014-08-03T15:04:15 <ludvann> xD
2014-08-03T15:04:16 <adriens33> raté ludvann
2014-08-03T15:04:18 <adriens33> ^^
2014-08-03T15:04:58 <ludvann> Anyway :)
2014-08-03T15:08:39 <ludvann> Je re
2014-08-03T15:08:48 *** ludvann est parti
2014-08-03T15:09:15 *** ludvann s'est connecté
2014-08-03T15:09:19 <ludvann> Re
2014-08-03T15:14:43 <adriens33> re
2014-08-03T15:19:58 <Eclipse2212> reuh
2014-08-03T15:29:17 <Ponyskrall> C'est...calme
2014-08-03T15:29:23 <adriens33> ouep
2014-08-03T15:30:20 <Ponyskrall> J'espère que ce n'est pas tout l'temps comme ça ^^
2014-08-03T15:33:27 <ludvann> Nan
2014-08-03T15:34:12 <ludvann> Généralement c'est moi qui fait les conversations mais j'ai la flemme et suis occupé ^^
2014-08-03T15:35:34 <Ponyskrall> Je vois
2014-08-03T15:35:39 <Ponyskrall> Remarque moi aussi
2014-08-03T15:35:49 <Ponyskrall> J'écris une vidéo... Précisément un guide
2014-08-03T15:36:32 <ludvann> Appli de merde... Je re
2014-08-03T15:36:39 *** ludvann est parti
2014-08-03T15:36:59 *** ludvann s'est connecté
2014-08-03T15:37:03 <ludvann> Re
2014-08-03T15:37:10 <Berry-Punch> Voilà ce qu'il *hic* s'est passé ces 10 dernières lignes, ludvann
2014-08-03T15:37:11 <ludvann> !history
2014-08-03T15:38:34 *** ValCab33 s'est connecté
2014-08-03T15:38:40 <ValCab33> Hello
2014-08-03T15:38:42 <ludvann> Salut!
2014-08-03T15:50:17 <ludvann> Ça va ?
2014-08-03T16:06:01 *** ludvann est parti
2014-08-03T16:13:17 <Berry-Punch> Voilà ce qu'il s'est passé ces 10 dernières lignes, arthur33 *hic* 
2014-08-03T16:13:18 *** arthur33 s'est connecté
2014-08-03T16:13:20 *** ludvann s'est connecté
2014-08-03T16:13:25 <ludvann> Niorph
2014-08-03T16:13:38 *** Guest95855 est parti
2014-08-03T16:13:52 <Berry-Punch> Flags de adriens33 modifiés : *hic* +v
2014-08-03T16:13:52 <adriens33> !voice adriens33
2014-08-03T16:14:39 <ludvann> Re
2014-08-03T16:15:20 <Eclipse2212> re
2014-08-03T16:21:49 <Berry-Punch> Voilà ce qu'il s'est passé ces 10 dernières lignes, arthur33 *hic* 
2014-08-03T16:21:50 *** arthur33 s'est connecté
2014-08-03T16:22:17 *** Guest56504 est parti
2014-08-03T16:22:24 <Berry-Punch> Flags de adriens33 *hic* modifiés : +v
2014-08-03T16:22:24 <adriens33> !voice adriens33
2014-08-03T16:24:08 <adriens33> je re
2014-08-03T16:24:09 *** adriens33 est parti
2014-08-03T16:34:54 *** ValCab33 est parti
2014-08-03T16:39:05 *** ValCab33 s'est connecté
2014-08-03T16:47:30 <Berry-Punch> Voilà ce qu'il *hic* s'est passé ces 10 dernières lignes, adriens33
2014-08-03T16:47:31 *** adriens33 s'est connecté
2014-08-03T16:47:45 <adriens33> re
2014-08-03T16:47:54 *** ValCab33 est parti
2014-08-03T16:48:59 *** Ponyskrall est parti
2014-08-03T16:53:53 *** Eclipse2212 est parti
2014-08-03T16:54:00 *** Eclipse2212 s'est connecté
2014-08-03T16:54:25 *** ValCab33 s'est connecté
2014-08-03T17:02:42 *** ValCab33 est parti
2014-08-03T17:06:20 *** heuzef s'est connecté
2014-08-03T17:07:59 <Berry-Punch> Voilà ce qu'il s'est passé *hic* ces 10 dernières lignes, arthur33
2014-08-03T17:08:01 *** arthur33 s'est connecté
2014-08-03T17:08:39 *** ValCab33 s'est connecté
2014-08-03T17:11:15 *** adriens33 est parti
2014-08-03T17:11:18 *** Eclipse2212 est parti
2014-08-03T17:11:43 <Berry-Punch> Flags de adriens33 modifiés : *hic* -o
2014-08-03T17:11:43 <adriens33> !deop adriens33
2014-08-03T17:11:47 <Berry-Punch> Flags de adriens33 *hic* modifiés : +v
2014-08-03T17:11:47 <adriens33> !voice adriens33
2014-08-03T17:15:06 *** ValCab33 est parti
2014-08-03T17:19:03 *** ValCab33 s'est connecté
2014-08-03T17:30:48 *** ludvann est parti
2014-08-03T17:37:08 *** heuzef est parti
2014-08-03T17:50:48 *** ludvann s'est connecté
2014-08-03T17:51:27 <ludvann> Aides ton prochains, et il se souviendra de toi quand il aura un problème
2014-08-03T17:51:32 <ludvann> Re !
2014-08-03T17:52:34 <adriens33> re ^^
2014-08-03T17:52:37 <adriens33> quoi qu'il t'arrive ?
2014-08-03T17:52:49 <ludvann> ?
2014-08-03T17:53:31 <adriens33> ben pourquoi tu dis « <ludvann> Aides ton prochains, et il se souviendra de toi quand il aura un problème »
2014-08-03T17:53:32 <adriens33> ?
2014-08-03T17:53:52 <ludvann> Cette phrase me fait sourire :)
2014-08-03T17:54:29 <BronyCUB-MC> adrien_s has joined the server!
2014-08-03T17:54:36 <BronyCUB-MC> adrien_s: ah ok ^^
2014-08-03T17:59:17 <BronyCUB-MC> adrien_s has quit the server!
2014-08-03T18:18:19 *** ludvann est parti
2014-08-03T19:01:27 *** ValCab33 est parti
2014-08-03T19:02:03 *** ludvann s'est connecté
2014-08-03T19:04:51 *** ValCab33 s'est connecté
2014-08-03T19:05:05 <ValCab33> Re
2014-08-03T19:08:54 *** ludvann est parti
2014-08-03T19:09:09 *** ludvann s'est connecté
2014-08-03T19:15:25 *** Ponyskrall s'est connecté
2014-08-03T19:17:39 *** Eclipse2212 s'est connecté
2014-08-03T19:17:49 <Eclipse2212> re les gens
2014-08-03T19:18:35 *** Eclipse2212 est parti
2014-08-03T19:19:47 *** ludvann est parti
2014-08-03T19:25:45 *** Ambrocidus s'est connecté
2014-08-03T19:26:19 <Ambrocidus> Bonsoir Bordeaux.
2014-08-03T19:29:25 <adriens33> bonsoir toulon :)
2014-08-03T19:30:12 <Ambrocidus> Merki :)
2014-08-03T19:30:13 <Ambrocidus> Ah
2014-08-03T19:30:26 <Ambrocidus> Aufait, Heuzef voulais pas faire une galerie photo ?
2014-08-03T19:32:00 <Ponyskrall> Kewkew ^^
2014-08-03T19:48:04 *** Ambrocidus est parti
2014-08-03T19:50:41 *** Gordfang est parti
2014-08-03T19:51:06 *** Gordfang s'est connecté
2014-08-03T20:02:02 *** adriens33 est parti
2014-08-03T20:06:42 *** ValCab33 est parti
2014-08-03T20:09:19 *** ValCab33 s'est connecté
2014-08-03T20:14:10 *** ValCab33 est parti
2014-08-03T20:14:17 <Berry-Punch> Voilà ce qu'il s'est passé ces 10 dernières *hic* lignes, adriens33
2014-08-03T20:14:19 *** adriens33 s'est connecté
2014-08-03T20:19:04 *** ValCab33 s'est connecté
2014-08-03T20:25:12 *** ludvann s'est connecté
2014-08-03T20:35:45 *** ludvann est parti
2014-08-03T20:36:52 *** ludvann s'est connecté
2014-08-03T20:36:56 <ludvann> salut !
2014-08-03T20:38:54 * Ponyskrall gueule echo
2014-08-03T20:49:16 <ludvann> ?
2014-08-03T20:53:51 <ludvann> Ponyskrall, tu veux voire une beauté d'internet ?
2014-08-03T20:54:44 <ludvann> (et les autres aussi ^^ )
2014-08-03T20:56:32 <ludvann> ValCab33, tu es bon en freestyle avec un ballon de foot ?
2014-08-03T20:56:45 <ValCab33> Hein ?
2014-08-03T20:56:53 <ValCab33> C'est a dire ?
2014-08-03T20:57:14 <ValCab33> Faire le con avec un ballon ?
2014-08-03T21:01:09 <ludvann> oui ^^
2014-08-03T21:01:38 <ludvann> si tu le fais dans ta chambre mefis toi de ton père http://z0r.de/2466
2014-08-03T21:04:32 *** Ambrocidus s'est connecté
2014-08-03T21:04:56 <ludvann> hell low
2014-08-03T21:05:05 <Ambrocidus> Bonsoir.
2014-08-03T21:15:12 *** Ambrocidus est parti
2014-08-03T21:16:18 *** Bybeez s'est connecté
2014-08-03T21:16:31 <Bybeez> Coucou bande de nouille
2014-08-03T21:18:56 <Bybeez> Les gens, je suis triste aujourd'hui !
2014-08-03T21:18:56 * Berry-Punch Donne un verre de vodka à Bybeez
2014-08-03T21:18:56 <Berry-Punch> Tiens Bybeez, pour te consoler :) *hic* 
2014-08-03T21:19:00 <Ponyskrall> Salutation
2014-08-03T21:19:09 <Bybeez> Merci !
2014-08-03T21:20:00 <Bybeez> Ma cartouche de pokemon Argent a un bug de sauvegarde, impossible de sauvegarder :'(
2014-08-03T21:29:32 <adriens33> plus de pile ?
2014-08-03T21:29:42 <adriens33> malheureusement j'ai vécu la même chose avec mon pokémon or…
2014-08-03T21:29:51 <adriens33> avec une équite totalement overpowered (sans cheats)
2014-08-03T21:30:01 <adriens33> du jour au lendemain, plus rien…
2014-08-03T21:30:24 <Bybeez> Bah moi, je peux même pas recommencer, la sauvegarde s'efface quand je redemarre
2014-08-03T21:30:41 <adriens33> oui, ta pile de sauvegarde est naze donc.
2014-08-03T21:31:00 <Bybeez> Pas moyen de la changer j'imagine
2014-08-03T21:31:51 <adriens33> dans l'idéal faut ouvrir la cartouche (t'as une vis, normalement elle est cachée par l'étiquette), et changer la pile (c'est une pile bouton style de celle que t'as sur la carte mère des PC, mais en un peu plus petit) → généralement elle est soudée, parfois emboitée donc il vaut mieux prévoir un fer à souder
2014-08-03T21:32:00 <adriens33> mais dans l'absolu y'a moyen de la changer normalement
2014-08-03T21:32:32 <Bybeez> Ok, je verrai ^^ merchi !
2014-08-03T21:33:04 <ludvann> tu n'as pas fait de clonage ? ;)
2014-08-03T21:33:28 <adriens33> heu… ça remonte un peu… je crois pas non
2014-08-03T21:34:04 <Bybeez> J'ai du tester une ou deux fois mais pas depuis longtemps
2014-08-03T21:34:31 <ludvann> ok
2014-08-03T21:34:50 <ludvann> si tu veux, je pourrais ramener un fer à souder le 17 ^^
2014-08-03T21:35:33 *** Ambrocidus s'est connecté
2014-08-03T21:35:59 <Bybeez> il faut aussi la pile, bah de toute façon je me débrouillerai, et j'ai une r4 pour gba, il faut juste que j'arrive a demarrer un jeu
2014-08-03T21:36:09 <Bybeez> salut !
2014-08-03T21:36:16 <Ambrocidus> 'soir.
2014-08-03T21:36:29 <Ambrocidus> C'est fou, Heuzef n'est jamais là!
2014-08-03T21:41:11 <ludvann> ^^
2014-08-03T21:43:52 <Ambrocidus> Vous savez ce que je vois quand je vois Angel ?!
2014-08-03T21:45:58 <ludvann> euh nope
2014-08-03T21:46:08 <ludvann> (le lapin de fluttershy ?)
2014-08-03T21:46:10 <Ambrocidus> http://puu.sh/aDkUR/0ad9fec6b4.png
2014-08-03T21:46:16 <Ambrocidus> xD
2014-08-03T21:46:21 <Ambrocidus> Je vais manger, je reviens
2014-08-03T21:46:21 <Berry-Punch> Bon appétit, Ambrocidus :D *hic* 
2014-08-03T21:46:25 <ludvann> taykon
2014-08-03T21:46:26 <Ambrocidus> (Attention pouvant choquer)
2014-08-03T21:46:29 <ludvann> xD
2014-08-03T21:46:32 <ludvann> bon app
2014-08-03T21:46:44 <Bybeez> Moi je vois le lapin dans The Holy Grail
2014-08-03T21:46:55 <Bybeez> et Bon app'
2014-08-03T22:07:34 *** Ponyskrall est parti
2014-08-03T22:08:09 *** Ponyskrall s'est connecté
2014-08-03T22:18:58 *** Ambrocidus est parti
2014-08-03T22:20:46 *** Ambrocidus s'est connecté
2014-08-03T22:21:57 *** Ambrocidus est parti
2014-08-03T22:23:33 *** ValCab33 est parti
2014-08-03T22:23:54 *** ValCab33 s'est connecté
2014-08-03T22:36:14 <ludvann> bonne nuit à tous !
2014-08-03T22:36:18 <ludvann> @+
2014-08-03T22:36:30 *** ludvann est parti
2014-08-03T23:50:33 <adriens33> bonne nuit les  gens
2014-08-03T23:50:39 *** adriens33 est parti
2014-08-03T23:57:18 *** ValCab33 est parti
