2014-08-09T00:04:08 *** Eclipse2212 est parti
2014-08-09T00:07:25 *** adriens33 est parti
2014-08-09T00:07:39 <ludvann> bon, bonne nuit
2014-08-09T00:07:51 <ludvann> que luna veille sur nous tous :D
2014-08-09T00:08:04 *** ludvann est parti
2014-08-09T00:23:56 *** ELiDYROS est parti
2014-08-09T00:43:27 *** Lenile est parti
2014-08-09T00:43:34 *** Lenile s'est connecté
2014-08-09T00:50:42 *** Gordfang est parti
2014-08-09T01:22:32 *** Lenile est parti
2014-08-09T01:27:23 *** ValCab33 est parti
2014-08-09T02:26:16 *** Letarumavza est parti
2014-08-09T06:08:59 *** Zecora_bot s'est connecté
2014-08-09T06:09:23 *** Letarumavza s'est connecté
2014-08-09T06:09:37 <Letarumavza> salut zecora
2014-08-09T06:10:55 <Letarumavza> $quit
2014-08-09T06:10:56 *** Zecora_bot est parti
2014-08-09T06:11:11 *** Zecora_bot s'est connecté
2014-08-09T06:11:16 <Letarumavza> salut zecora
2014-08-09T06:12:05 <Letarumavza> salut zecora
2014-08-09T06:12:12 <Letarumavza> $quit
2014-08-09T06:12:12 *** Zecora_bot est parti
2014-08-09T06:12:37 *** Zecora_bot s'est connecté
2014-08-09T06:12:41 <Letarumavza> salut zecora
2014-08-09T06:13:54 <Letarumavza> $help
2014-08-09T06:13:54 <Zecora_bot> Commandes : salut, chut, unlock, doom
2014-08-09T06:14:37 <Letarumavza> $
2014-08-09T06:16:34 <Letarumavza> $quit
2014-08-09T06:16:34 *** Zecora_bot est parti
2014-08-09T06:16:52 *** Zecora_bot s'est connecté
2014-08-09T06:17:18 *** Zecora_bot est parti
2014-08-09T06:17:28 *** Zecora_bot s'est connecté
2014-08-09T06:17:37 <Letarumavza> ?
2014-08-09T06:17:50 <Letarumavza> ?
2014-08-09T06:17:57 <Letarumavza> zecora ?
2014-08-09T06:17:58 <Zecora_bot> On m'appelle ?
2014-08-09T06:18:18 <Letarumavza> non
2014-08-09T06:18:18 <Zecora_bot> On m'appelle ?
2014-08-09T06:19:51 *** Zecora_bot est parti
2014-08-09T06:20:01 *** Zecora_bot s'est connecté
2014-08-09T06:20:08 <Letarumavza> zecora ?
2014-08-09T06:20:16 <Letarumavza> zecora ?
2014-08-09T06:20:26 <Letarumavza> ?
2014-08-09T06:20:36 <Letarumavza> zecora ?
2014-08-09T06:21:27 *** Zecora_bot est parti
2014-08-09T06:21:36 *** Zecora_bot s'est connecté
2014-08-09T06:21:41 <Letarumavza> zecora ?
2014-08-09T06:22:07 <Letarumavza> zecora ?
2014-08-09T06:22:18 <Letarumavza> zecora ?
2014-08-09T06:22:28 <Letarumavza> fuck it
2014-08-09T06:22:35 *** Zecora_bot est parti
2014-08-09T06:24:36 *** Zecora_bot s'est connecté
2014-08-09T06:24:46 <Letarumavza> ?
2014-08-09T06:24:53 <Letarumavza> salut zecora
2014-08-09T06:24:53 <Zecora_bot> On m'appelle ?
2014-08-09T06:25:10 <Letarumavza> bon
2014-08-09T06:25:17 <Letarumavza> pouet ?
2014-08-09T06:25:21 <Letarumavza> zecora ?
2014-08-09T06:25:28 <Letarumavza> zecora
2014-08-09T06:25:45 <Letarumavza> da fuck ?
2014-08-09T06:25:49 <Letarumavza> salut zecora
2014-08-09T06:25:49 <Zecora_bot> On m'appelle ?
2014-08-09T06:25:53 <Letarumavza> 0o
2014-08-09T06:26:37 <Letarumavza> donc...
2014-08-09T06:26:41 <Letarumavza> Quand je dis "zecora"
2014-08-09T06:26:41 <Zecora_bot> On m'appelle ?
2014-08-09T06:26:48 <Letarumavza> zecora ?
2014-08-09T06:26:55 <Letarumavza> Ah.
2014-08-09T06:27:02 <Letarumavza> zecora
2014-08-09T06:27:08 <Letarumavza> => pas de réponse
2014-08-09T06:27:16 <Letarumavza> Et si je dis zecora
2014-08-09T06:27:16 <Zecora_bot> On m'appelle ?
2014-08-09T06:27:21 <Letarumavza> là tu réponds.
2014-08-09T06:27:26 <Letarumavza>  zecora
2014-08-09T06:27:26 <Zecora_bot> On m'appelle ?
2014-08-09T06:27:30 <Letarumavza> Ah !
2014-08-09T06:27:55 <Letarumavza> Donc il faut quelque chose avant et rien après pour que tu comprennes zecora
2014-08-09T06:27:55 <Zecora_bot> On m'appelle ?
2014-08-09T06:27:59 <Letarumavza> impec
2014-08-09T06:28:12 <Letarumavza> mais si je dis zecora en méttant un truc après...
2014-08-09T06:28:12 <Zecora_bot> On m'appelle ?
2014-08-09T06:28:16 <Letarumavza> Ah
2014-08-09T06:28:23 <Letarumavza> Donc il faut un truc devant.
2014-08-09T06:28:27 <Letarumavza> Mais pourquoi ?
2014-08-09T06:29:16 <Letarumavza> Oh le con..
2014-08-09T06:29:24 <Letarumavza> self.usermessage = str(irc_user_message[1:])
2014-08-09T06:29:34 <Letarumavza> tu détectes qu'à partir de la seconde lettre...
2014-08-09T06:29:59 <Letarumavza> $quit
2014-08-09T06:30:00 *** Zecora_bot est parti
2014-08-09T06:30:13 *** Zecora_bot s'est connecté
2014-08-09T06:30:31 <Letarumavza> re zecora
2014-08-09T06:30:31 <Zecora_bot> On m'appelle ?
2014-08-09T06:30:35 <Letarumavza> zecora ?
2014-08-09T06:30:35 <Zecora_bot> On m'appelle ?
2014-08-09T06:30:38 <Letarumavza> Yes !
2014-08-09T06:30:41 <Letarumavza> Impec ma puce
2014-08-09T06:30:43 <Letarumavza> C'est bien
2014-08-09T06:30:49 <Letarumavza> salut zecora
2014-08-09T06:30:50 <Zecora_bot> Coucou, Letarumavza
2014-08-09T06:30:50 <Zecora_bot> On m'appelle ?
2014-08-09T06:31:01 <Letarumavza> Yeah !
2014-08-09T06:31:13 <Letarumavza> GG ma pupuce
2014-08-09T06:32:06 <Letarumavza> Je te mets ta détection de zecora en elif: comme ça tu ne spameras pas si on te dis bonjour. ^^
2014-08-09T06:32:06 <Zecora_bot> On m'appelle ?
2014-08-09T06:32:20 <Letarumavza> $doom Berry-Punch
2014-08-09T06:32:20 <Zecora_bot> You're doomed, berry-punch
2014-08-09T06:43:23 *** Zecora_bot est parti
2014-08-09T06:43:34 *** Zecora_bot s'est connecté
2014-08-09T06:43:42 <Letarumavza> Salut Zecora !
2014-08-09T06:43:42 <Zecora_bot> Coucou, Letarumavza
2014-08-09T06:43:43 <Zecora_bot> On m'appelle ?
2014-08-09T06:44:21 <Letarumavza> Qui est zecora ?
2014-08-09T06:44:21 <Zecora_bot> On m'appelle ?
2014-08-09T06:44:31 <Letarumavza> qui zecora ?
2014-08-09T06:44:31 <Zecora_bot> On m'appelle ?
2014-08-09T06:44:38 *** Zecora_bot est parti
2014-08-09T06:45:27 *** Zecora_bot s'est connecté
2014-08-09T06:45:36 <Letarumavza> qui est zecora_bot ?
2014-08-09T06:45:37 <Zecora_bot> Je suis un bot d'interface créé par Letarumavza dans le but d'ajouter une interface homme-machine plus naturelle que berry, je suis encore un prototype mais je serai surement améliorée au fil du temps
2014-08-09T06:47:44 <Letarumavza> $quit
2014-08-09T06:47:45 *** Zecora_bot est parti
2014-08-09T06:48:01 *** Zecora_bot s'est connecté
2014-08-09T06:48:08 <Letarumavza> qui est zecora_bot ?
2014-08-09T06:48:08 <Zecora_bot> ("Je suis un bot d'interface créé par Letarumavza dans le but d'ajouter une interface homme-machine plus naturelle que berry, je suis encore un prototype mais je serai surement améliorée au fil du tempsnSi tu as d'autres questions ", 'Letarumavza', ' tu peux utiliser la commande $help pour connaitre mes capacités, ou poser tes questions à Letarumavza')
2014-08-09T06:49:01 <Letarumavza> $quit
2014-08-09T06:49:02 *** Zecora_bot est parti
2014-08-09T06:49:12 *** Zecora_bot s'est connecté
2014-08-09T06:49:15 <Letarumavza> qui est zecora_bot ?
2014-08-09T06:50:13 *** Zecora_bot est parti
2014-08-09T06:50:23 *** Zecora_bot s'est connecté
2014-08-09T06:50:26 <Letarumavza> qui est zecora_bot ?
2014-08-09T06:50:26 <Zecora_bot> Je suis un bot d'interface créé par Letarumavza dans le but d'ajouter une interface homme-machine plus naturelle que berry, je suis encore un prototype mais je serai surement améliorée au fil du temps
2014-08-09T06:50:49 <Letarumavza> Hum...$
2014-08-09T06:51:06 <Letarumavza> $quit
2014-08-09T06:51:06 *** Zecora_bot est parti
2014-08-09T06:51:16 *** Zecora_bot s'est connecté
2014-08-09T06:51:22 <Letarumavza> qui est zecora_bot ?
2014-08-09T06:51:22 <Zecora_bot> Je suis un bot d'interface créé par Letarumavza dans le but d'ajouter une interface homme-machine plus naturelle que berry, je suis encore un prototype mais je serai surement améliorée au fil du temps
2014-08-09T06:52:08 <Letarumavza> $quit
2014-08-09T06:52:08 *** Zecora_bot est parti
2014-08-09T06:52:31 *** Zecora_bot s'est connecté
2014-08-09T06:52:33 <Letarumavza> qui est zecora_bot ?
2014-08-09T06:52:34 <Zecora_bot> Je suis un bot d'interface créé par Letarumavza dans le but d'ajouter une interface homme-machine plus naturelle que berry, je suis encore un prototype mais je serai surement améliorée au fil du temps, si tu as d'autres questions Letarumavza tu peux utiliser la commande $help pour connaitre mes capacités, ou poser tes questions à Letarumavza
2014-08-09T06:52:48 <Letarumavza> $help
2014-08-09T06:52:49 <Zecora_bot> Commandes : salut, chut, unlock, doom
2014-08-09T06:54:11 *** Zecora_bot est parti
2014-08-09T06:54:20 *** Zecora_bot s'est connecté
2014-08-09T06:54:47 *** Zecora_bot est parti
2014-08-09T06:54:56 *** Zecora_bot s'est connecté
2014-08-09T06:54:58 <Letarumavza> qui est zecora_bot ?
2014-08-09T06:54:59 <Zecora_bot> Je suis un bot d'interface créé par Letarumavza dans le but d'ajouter une interface homme-machine plus naturelle que berry, je suis encore un prototype mais je serai surement améliorée au fil du temps, si tu as d'autres questions Letarumavza tu peux utiliser la commande $help pour connaitre mes capacités, ou poser tes questions à Letarumavza
2014-08-09T06:55:10 <Letarumavza> $chut
2014-08-09T06:55:11 <Zecora_bot> D'accord, Letarumavza
2014-08-09T06:55:14 <Letarumavza> qui est zecora_bot ?
2014-08-09T06:55:15 <Zecora_bot> Je suis un bot d'interface créé par Letarumavza dans le but d'ajouter une interface homme-machine plus naturelle que berry, je suis encore un prototype mais je serai surement améliorée au fil du temps, si tu as d'autres questions Letarumavza tu peux utiliser la commande $help pour connaitre mes capacités, ou poser tes questions à Letarumavza
2014-08-09T06:57:00 *** Zecora_bot est parti
2014-08-09T06:57:13 *** Zecora_bot s'est connecté
2014-08-09T06:57:15 <Letarumavza> qui est zecora_bot ?
2014-08-09T06:57:16 <Zecora_bot> Je suis un bot d'interface créé par Letarumavza dans le but d'ajouter une interface homme-machine plus naturelle que berry, je suis encore un prototype mais je serai surement améliorée au fil du temps, si tu as d'autres questions Letarumavza tu peux utiliser la commande $help pour connaitre mes capacités, ou poser tes questions à Letarumavza
2014-08-09T06:57:20 <Letarumavza> $chut
2014-08-09T06:57:20 <Zecora_bot> D'accord, Letarumavza
2014-08-09T06:57:24 <Letarumavza> qui est zecora_bot ?
2014-08-09T06:57:24 <Zecora_bot> Je suis un bot d'interface créé par Letarumavza dans le but d'ajouter une interface homme-machine plus naturelle que berry, je suis encore un prototype mais je serai surement améliorée au fil du temps, si tu as d'autres questions Letarumavza tu peux utiliser la commande $help pour connaitre mes capacités, ou poser tes questions à Letarumavza
2014-08-09T06:58:49 <Letarumavza> $quit
2014-08-09T06:58:49 *** Zecora_bot est parti
2014-08-09T06:59:05 *** Zecora_bot s'est connecté
2014-08-09T06:59:06 <Letarumavza> qui est zecora_bot ?
2014-08-09T06:59:07 <Zecora_bot> Je suis un bot d'interface créé par Letarumavza dans le but d'ajouter une interface homme-machine plus naturelle que berry, je suis encore un prototype mais je serai surement améliorée au fil du temps, si tu as d'autres questions Letarumavza tu peux utiliser la commande $help pour connaitre mes capacités, ou poser tes questions à Letarumavza
2014-08-09T06:59:11 <Letarumavza> $chut
2014-08-09T06:59:11 <Zecora_bot> D'accord, Letarumavza
2014-08-09T06:59:15 <Letarumavza> qui est zecora_bot ?
2014-08-09T06:59:41 <Letarumavza> C'est qui zecora ?
2014-08-09T06:59:45 <Letarumavza> $chut
2014-08-09T06:59:45 <Zecora_bot> D'accord, Letarumavza
2014-08-09T06:59:50 <Letarumavza> $unlock
2014-08-09T06:59:50 <Zecora_bot> D'accord, Letarumavza
2014-08-09T06:59:53 <Letarumavza> C'est qui zecora ?
2014-08-09T06:59:53 <Zecora_bot> Je suis un bot d'interface créé par Letarumavza dans le but d'ajouter une interface homme-machine plus naturelle que berry, je suis encore un prototype mais je serai surement améliorée au fil du temps, si tu as d'autres questions Letarumavza tu peux utiliser la commande $help pour connaitre mes capacités, ou poser tes questions à Letarumavza
2014-08-09T07:01:51 <Letarumavza> $quit
2014-08-09T07:01:51 *** Zecora_bot est parti
2014-08-09T07:06:20 *** Zecora_bot s'est connecté
2014-08-09T07:06:25 <Letarumavza> C'est qui zecora ?
2014-08-09T07:06:25 <Zecora_bot> Je suis un bot d'interface créé par Letarumavza dans le but d'ajouter une interface homme-machine plus naturelle que berry, je suis encore un prototype mais je serai surement améliorée au fil du temps, si tu as d'autres questions Letarumavza tu peux utiliser la commande $help pour connaitre mes capacités, ou poser tes questions à Letarumavza
2014-08-09T07:06:30 <Letarumavza> zecora ?
2014-08-09T07:06:30 <Zecora_bot> On m'appelle ?
2014-08-09T07:07:24 <Letarumavza> $quit
2014-08-09T07:07:24 *** Zecora_bot est parti
2014-08-09T07:07:35 *** Zecora_bot s'est connecté
2014-08-09T07:07:40 <Letarumavza> salut zecora !
2014-08-09T07:07:41 <Zecora_bot> Coucou, Letarumavza
2014-08-09T07:07:47 <Letarumavza> zecora ?
2014-08-09T07:07:48 <Zecora_bot> On m'appelle ?
2014-08-09T07:08:01 <Letarumavza> zecora, qui ?
2014-08-09T07:08:01 <Zecora_bot> Je suis un bot d'interface créé dans le but d'ajouter une interface homme-machine plus naturelle que berry, je suis encore un prototype mais je serai surement améliorée au fil du temps, si tu as d'autres questions Letarumavza tu peux utiliser la commande $help pour connaitre mes capacités, ou poser tes questions à Letarumavza, mon créateur.
2014-08-09T07:08:39 <Letarumavza> Merci ma puce
2014-08-09T07:09:17 <Letarumavza> Je te refresh pour changer la string, et ça devrait aller, je te laisserai tranquile après ma pupuce.
2014-08-09T07:09:31 <Letarumavza> $quit refresh
2014-08-09T07:09:36 <Letarumavza> $quit
2014-08-09T07:09:36 *** Zecora_bot est parti
2014-08-09T07:10:06 *** Zecora_bot s'est connecté
2014-08-09T07:11:54 *** Zecora_bot est parti
2014-08-09T07:17:45 *** Zecora_bot s'est connecté
2014-08-09T07:17:54 <Letarumavza> $kick Letarumavza
2014-08-09T07:17:54 <Zecora_bot> /kick letarumavza
2014-08-09T07:19:29 *** Zecora_bot est parti
2014-08-09T07:19:38 *** Zecora_bot s'est connecté
2014-08-09T07:19:40 <Letarumavza> $kick Letarumavza
2014-08-09T07:19:58 <Letarumavza> $kick Letarumavza
2014-08-09T07:21:02 *** Zecora_bot est parti
2014-08-09T07:21:10 *** Zecora_bot s'est connecté
2014-08-09T07:21:13 <Letarumavza> $kick Letarumavza
2014-08-09T07:22:08 *** Zecora_bot est parti
2014-08-09T07:22:16 *** Zecora_bot s'est connecté
2014-08-09T07:22:18 <Letarumavza> $kick Letarumavza
2014-08-09T07:23:41 *** Zecora_bot est parti
2014-08-09T07:23:50 *** Zecora_bot s'est connecté
2014-08-09T07:23:54 * Letarumavza bidouille
2014-08-09T07:23:56 <Letarumavza> $kick Letarumavza
2014-08-09T07:24:01 <Letarumavza> $kick Letarumavza
2014-08-09T07:24:30 <Letarumavza> set mode -v Letarumavza
2014-08-09T07:24:40 <Letarumavza> arf, mauvais canal
2014-08-09T07:28:30 *** Zecora_bot est parti
2014-08-09T07:31:34 *** Zecora_bot s'est connecté
2014-08-09T07:31:38 <Letarumavza> $kick Letarumavza
2014-08-09T07:32:46 *** Zecora_bot est parti
2014-08-09T07:32:56 *** Zecora_bot s'est connecté
2014-08-09T07:32:58 <Letarumavza> $kick Letarumavza
2014-08-09T07:32:59 <Zecora_bot> KICK letarumavzaordre du chef
2014-08-09T07:40:47 *** Zecora_bot est parti
2014-08-09T07:40:56 *** Zecora_bot s'est connecté
2014-08-09T07:40:58 <Letarumavza> $kick Letarumavza
2014-08-09T07:41:32 *** Zecora_bot est parti
2014-08-09T07:41:40 *** Zecora_bot s'est connecté
2014-08-09T07:41:43 <Letarumavza> $kick Letarumavza
2014-08-09T07:41:59 *** Zecora_bot est parti
2014-08-09T07:46:11 <Letarumavza> $kick Letarumavza
2014-08-09T07:46:12 *** Zecora_bot s'est connecté
2014-08-09T07:46:15 <Letarumavza> $kick Letarumavza
2014-08-09T07:47:22 *** Zecora_bot est parti
2014-08-09T07:47:32 *** Zecora_bot s'est connecté
2014-08-09T07:47:49 <Letarumavza> $kick Letarumavza
2014-08-09T07:50:53 *** Zecora_bot est parti
2014-08-09T07:51:03 *** Zecora_bot s'est connecté
2014-08-09T07:51:10 <Letarumavza> $kick Letarumavza
2014-08-09T07:52:44 <Letarumavza> $join #test_berrypunch
2014-08-09T07:53:41 *** Zecora_bot est parti
2014-08-09T07:53:52 *** Zecora_bot s'est connecté
2014-08-09T07:53:59 <Letarumavza> $join test_berrypunch
2014-08-09T07:56:25 *** Zecora_bot est parti
2014-08-09T08:04:03 *** Zecora_bot s'est connecté
2014-08-09T08:04:23 <Letarumavza> $kick Letarumavza
2014-08-09T08:05:18 *** Zecora_bot est parti
2014-08-09T08:05:26 *** Zecora_bot s'est connecté
2014-08-09T08:05:28 <Letarumavza> $kick Letarumavza
2014-08-09T08:05:33 <Letarumavza> $kick Letarumavza
2014-08-09T08:06:29 *** Zecora_bot est parti
2014-08-09T08:06:39 *** Zecora_bot s'est connecté
2014-08-09T08:06:43 <Letarumavza> $kick Letarumavza
2014-08-09T08:07:43 *** Zecora_bot est parti
2014-08-09T08:07:53 *** Zecora_bot s'est connecté
2014-08-09T08:08:01 <Letarumavza> $kick Letarumavza
2014-08-09T08:10:32 *** Zecora_bot est parti
2014-08-09T08:11:01 *** Zecora_bot s'est connecté
2014-08-09T08:11:05 *** Letarumavza s'est connecté
2014-08-09T08:11:10 <Letarumavza> $kick Letarumavza
2014-08-09T08:11:10 <Zecora_bot> Il est interdit de kick mes administrateurs.
2014-08-09T08:12:14 *** Letarumavza s'est connecté
2014-08-09T08:12:28 <Letarumavza> $kick Letarumavza
2014-08-09T08:12:28 <Zecora_bot> Il est interdit de kick mes administrateurs.
2014-08-09T08:12:31 *** Zecora_bot est parti
2014-08-09T08:12:36 *** Letarumavza s'est connecté
2014-08-09T08:12:39 *** Zecora_bot s'est connecté
2014-08-09T08:12:43 <Letarumavza> $kick Letarumavza
2014-08-09T08:20:15 *** Letarumavza s'est connecté
2014-08-09T08:25:22 *** Zecora_bot est parti
2014-08-09T08:25:34 *** Zecora_bot s'est connecté
2014-08-09T08:25:39 <Letarumavza> $o Letarumavza
2014-08-09T08:27:32 *** Zecora_bot est parti
2014-08-09T08:27:40 *** Zecora_bot s'est connecté
2014-08-09T08:27:52 <Letarumavza> $deop Letarumavza
2014-08-09T08:28:06 <Letarumavza> $devoice
2014-08-09T08:28:10 <Letarumavza> $devoice Letarumavza
2014-08-09T08:28:15 <Letarumavza> $voice Letarumavza
2014-08-09T08:28:31 <Letarumavza> $ban Berry-Punch
2014-08-09T08:28:41 <Letarumavza> $deban Berry-Punch
2014-08-09T08:34:45 *** Zecora_bot est parti
2014-08-09T08:35:14 *** Zecora_bot s'est connecté
2014-08-09T08:35:19 <Letarumavza> zecora ?
2014-08-09T08:35:20 <Zecora_bot> On m'appelle ?
2014-08-09T08:35:26 <Letarumavza> salut zecora
2014-08-09T08:35:26 <Zecora_bot> Coucou, Letarumavza
2014-08-09T08:35:48 <Letarumavza> Qui est zecora ?
2014-08-09T08:35:49 <Zecora_bot> Je suis un bot d'interface créé dans le but d'ajouter une interface homme-machine plus naturelle que berry, je suis encore un prototype mais je serai surement améliorée au fil du temps, si tu as d'autres questions, Letarumavza, tu peux utiliser la commande $help pour connaitre mes capacités, ou poser tes questions à Letarumavza, mon créateur.
2014-08-09T08:36:07 <Letarumavza> $op Letarumavza
2014-08-09T08:36:16 <Letarumavza> $deop Letarumavza
2014-08-09T08:36:24 <Letarumavza> $voice Letarumavza
2014-08-09T08:36:27 <Letarumavza> $devoice Letarumavza
2014-08-09T08:36:30 <Letarumavza> $voice Letarumavza
2014-08-09T08:37:14 *** Zecora_bot est parti
2014-08-09T08:37:29 *** Zecora_bot s'est connecté
2014-08-09T08:37:32 <Letarumavza> zecora ?
2014-08-09T08:37:33 <Zecora_bot> On m'appelle ?
2014-08-09T08:37:36 <Letarumavza> zecora ?
2014-08-09T08:38:03 <Zecora_bot> On m'appelle ?
2014-08-09T08:39:40 *** Zecora_bot est parti
2014-08-09T08:39:49 *** Zecora_bot s'est connecté
2014-08-09T08:39:59 <Letarumavza> zecora ?
2014-08-09T08:40:00 <Letarumavza> zecora ?
2014-08-09T08:40:02 <Letarumavza> zecora ?
2014-08-09T08:41:14 *** Zecora_bot est parti
2014-08-09T08:41:49 *** Zecora_bot s'est connecté
2014-08-09T08:41:52 <Letarumavza> zecora ?
2014-08-09T08:42:32 *** Zecora_bot est parti
2014-08-09T08:42:44 *** Zecora_bot s'est connecté
2014-08-09T08:42:47 <Letarumavza> zecora ?
2014-08-09T08:42:47 <Zecora_bot> On m'appelle ?
2014-08-09T08:42:48 <Letarumavza> zecora ?
2014-08-09T08:42:52 <Zecora_bot> On m'appelle ?
2014-08-09T08:50:42 *** Zecora_bot est parti
2014-08-09T08:50:51 *** Zecora_bot s'est connecté
2014-08-09T08:50:54 <Letarumavza> zecora ?
2014-08-09T08:50:55 <Zecora_bot> On m'appelle ?
2014-08-09T08:50:55 <Letarumavza> zecora ?
2014-08-09T08:51:09 <Letarumavza> zecora ?
2014-08-09T08:55:26 *** Zecora_bot est parti
2014-08-09T08:55:56 *** Zecora_bot s'est connecté
2014-08-09T08:56:25 <Letarumavza> zecora ?
2014-08-09T08:56:25 <Zecora_bot> On m'appelle ?
2014-08-09T08:56:26 <Letarumavza> zecora ?
2014-08-09T08:56:43 <Letarumavza> zecora ?
2014-08-09T08:56:45 <Letarumavza> zecora ?
2014-08-09T08:56:46 <Letarumavza> zecora ?
2014-08-09T08:56:46 <Letarumavza> zecora ?
2014-08-09T08:56:46 <Letarumavza> zecora ?
2014-08-09T08:56:47 <Letarumavza> zecora ?
2014-08-09T08:56:58 *** Zecora_bot est parti
2014-08-09T08:57:36 *** Zecora_bot s'est connecté
2014-08-09T08:58:37 *** Zecora_bot est parti
2014-08-09T08:58:45 *** Zecora_bot s'est connecté
2014-08-09T08:58:47 <Letarumavza> zecora ?
2014-08-09T08:58:47 <Zecora_bot> On m'appelle ?
2014-08-09T08:59:22 *** Zecora_bot est parti
2014-08-09T08:59:30 *** Zecora_bot s'est connecté
2014-08-09T09:01:19 *** Zecora_bot est parti
2014-08-09T09:02:58 *** Zecora_bot s'est connecté
2014-08-09T09:04:13 *** Zecora_bot est parti
2014-08-09T09:04:26 *** Zecora_bot s'est connecté
2014-08-09T09:04:32 <Letarumavza> zecora ?
2014-08-09T09:04:32 <Zecora_bot> On m'appelle ?
2014-08-09T09:07:04 *** Zecora_bot est parti
2014-08-09T09:07:15 *** Zecora_bot s'est connecté
2014-08-09T09:07:17 <Letarumavza> zecora ?
2014-08-09T09:07:17 <Zecora_bot> On m'appelle ?
2014-08-09T09:07:26 *** Zecora_bot est parti
2014-08-09T09:09:13 *** TrappyTickles s'est connecté
2014-08-09T09:10:13 <TrappyTickles> oi
2014-08-09T09:10:26 <TrappyTickles> t'es du matin ou t'as pad dormi de la nuit
2014-08-09T09:10:28 <TrappyTickles> :p
2014-08-09T09:10:32 <TrappyTickles> pas*
2014-08-09T09:10:45 *** Zecora_bot s'est connecté
2014-08-09T09:10:50 <Letarumavza> zecora ?
2014-08-09T09:10:50 <Zecora_bot> On m'appelle ?
2014-08-09T09:10:56 <Letarumavza> Putain !
2014-08-09T09:11:01 <Letarumavza> salut trappy
2014-08-09T09:11:05 *** Zecora_bot est parti
2014-08-09T09:11:22 *** Zecora_bot s'est connecté
2014-08-09T09:11:28 <Letarumavza> zecora ?
2014-08-09T09:11:28 <Zecora_bot> On m'appelle ?
2014-08-09T09:11:47 <Letarumavza> zecora ?
2014-08-09T09:11:48 <Zecora_bot> On m'appelle ?
2014-08-09T09:11:50 <Letarumavza> zecora ?
2014-08-09T09:11:50 <Zecora_bot> On m'appelle ?
2014-08-09T09:11:53 <Letarumavza> arf
2014-08-09T09:12:27 *** Zecora_bot est parti
2014-08-09T09:12:36 *** Zecora_bot s'est connecté
2014-08-09T09:13:00 *** Zecora_bot est parti
2014-08-09T09:13:08 *** Zecora_bot s'est connecté
2014-08-09T09:13:13 <Letarumavza> zecora ?
2014-08-09T09:13:13 <Zecora_bot> On m'appelle ?
2014-08-09T09:13:37 <Letarumavza> zecora ?
2014-08-09T09:13:37 <Zecora_bot> On m'appelle ?
2014-08-09T09:13:39 <Letarumavza> zecora ?
2014-08-09T09:13:41 <Letarumavza> zecora ?
2014-08-09T09:13:42 <Letarumavza> zecora ?
2014-08-09T09:13:42 <Letarumavza> zecora ?
2014-08-09T09:13:42 <Letarumavza> zecora ?
2014-08-09T09:13:43 <Letarumavza> zecora ?
2014-08-09T09:13:48 <Letarumavza> zecora ?
2014-08-09T09:13:48 <Zecora_bot> On m'appelle ?
2014-08-09T09:13:51 <Letarumavza> YES !!!!!!!!!!!!!!
2014-08-09T09:14:25 <Letarumavza> J'ai réussi à faire marcher mon timer dans un thread différent du principal tout en l'incluant quand-même dans la master class !
2014-08-09T09:16:25 <Letarumavza> $quit
2014-08-09T09:16:25 *** Zecora_bot est parti
2014-08-09T09:16:41 *** Zecora_bot s'est connecté
2014-08-09T09:16:53 <Letarumavza> zecora ?
2014-08-09T09:16:53 <Zecora_bot> On m'appelle ?
2014-08-09T09:16:56 <Letarumavza> zecora ?
2014-08-09T09:16:58 <Letarumavza> zecora ?
2014-08-09T09:18:30 *** Zecora_bot est parti
2014-08-09T09:18:57 *** Zecora_bot s'est connecté
2014-08-09T09:19:00 <Letarumavza> Et voila !
2014-08-09T09:19:02 <Letarumavza> zecora ?
2014-08-09T09:19:02 <Zecora_bot> On m'appelle ?
2014-08-09T09:19:04 <Letarumavza> zecora ?
2014-08-09T09:19:05 <Letarumavza> zecora ?
2014-08-09T09:19:05 <Letarumavza> zecora ?
2014-08-09T09:19:25 <Letarumavza> zecora ?
2014-08-09T09:19:26 <Zecora_bot> On m'appelle ?
2014-08-09T09:19:37 <Letarumavza> Et c'est bon
2014-08-09T09:19:41 <Letarumavza> ça va TrappyTickles ?
2014-08-09T09:20:18 <TrappyTickles> ava, j'ai fait un rêve bizarre ou j'étais avec les copines de jade dans un film japonais wtf, et y a une de ses amies qui 'est mis en bikini et on a mangé des sushis sur elle :p
2014-08-09T09:20:30 <TrappyTickles> mais elle était en bikini :/
2014-08-09T09:20:30 <TrappyTickles> lol
2014-08-09T09:21:45 <Letarumavza> dis toi qu'elle avait du bol, les sushi ça se mange avec des baguettes
2014-08-09T09:22:15 <Letarumavza> Cela eut été une pièce de boeuf... Elle l'aurait sentie passer...
2014-08-09T09:23:17 *** MaCharon s'est connecté
2014-08-09T09:23:36 <MaCharon> *baille* slt
2014-08-09T09:23:56 <TrappyTickles> oi
2014-08-09T09:41:48 *** MaCharon est parti
2014-08-09T09:53:10 <Letarumavza> $kick Letarumavza
2014-08-09T09:53:28 *** Letarumavza s'est connecté
2014-08-09T09:56:44 <TrappyTickles> ça ça fonctionne :p
2014-08-09T09:56:48 <Letarumavza> ^^
2014-08-09T09:56:58 <Letarumavza> Je montrais ça à adrien
2014-08-09T09:57:12 <Letarumavza> Demandes lui qui elle est ^^
2014-08-09T09:57:21 <TrappyTickles> zecora?
2014-08-09T09:57:31 <TrappyTickles> Zecora ?
2014-08-09T09:57:31 <Zecora_bot> On m'appelle ?
2014-08-09T09:57:43 <TrappyTickles> qui es-tu, Zecora ?
2014-08-09T09:57:43 <Zecora_bot> Je suis un bot d'interface créé dans le but d'ajouter une interface homme-machine plus naturelle que berry, je suis encore un prototype mais je serai surement améliorée au fil du temps, si tu as d'autres questions, TrappyTickles, tu peux utiliser la commande $help pour connaitre mes capacités, ou poser tes questions à Letarumavza, mon créateur.
2014-08-09T09:57:58 <TrappyTickles> cool ^^
2014-08-09T09:58:08 <Letarumavza> ^^
2014-08-09T09:58:08 <TrappyTickles> tu prévois de lui mettre un script de quizz à l'occase?
2014-08-09T09:58:20 <TrappyTickles> j'ai plein d'idées de questions sur mlp qui pourraient aller :p
2014-08-09T09:58:50 <Letarumavza> Bah écoute, mets tes questions dans un fichier texte
2014-08-09T09:58:55 <TrappyTickles> j'en ai trouvé une qui a un piège, même :p
2014-08-09T09:58:59 <TrappyTickles> ok jte fais ça de suite ^^
2014-08-09T09:59:00 <Letarumavza> et hésites pas à me l'envoyer ^^
2014-08-09T10:06:16 <TrappyTickles> voila j'ai commencé.. j'espère que le lien marche :p https://drive.google.com/file/d/0ByD4Kuhw1zPqZFFETjBBeExUajQ/edit?usp=sharing
2014-08-09T10:07:05 <Letarumavza> "ten seconds flat" pour reprendre la citation pour la 3°
2014-08-09T10:08:08 <TrappyTickles> oui tiens, jais mettre ça entre "
2014-08-09T10:08:41 <Berry-Punch> Voilà ce qu'il *hic* s'est passé ces 10 dernières lignes, adriens33
2014-08-09T10:08:42 *** adriens33 s'est connecté
2014-08-09T10:08:52 <Letarumavza> Le mieux serait quand-même des questions à réponse unique
2014-08-09T10:09:08 <Letarumavza> Avec une préférence pour le vrai/faux/nombre
2014-08-09T10:09:27 <adriens33> hello everypony :)
2014-08-09T10:09:29 <Letarumavza> (moins de risques de se planter pour une raison débile)
2014-08-09T10:09:33 <Letarumavza> pouet
2014-08-09T10:09:43 <Letarumavza> $devoice adriens33
2014-08-09T10:09:50 <Letarumavza> yek yek yek
2014-08-09T10:09:51 <Berry-Punch> Flags de adriens33 modifiés *hic* : +v
2014-08-09T10:09:51 <adriens33> !voice adriens33
2014-08-09T10:10:00 <Berry-Punch> Flags de adriens33 modifiés : +o *hic* 
2014-08-09T10:10:00 <adriens33> !op adriens33
2014-08-09T10:11:16 <Berry-Punch> Flags de adriens33 modifiés *hic* : -o
2014-08-09T10:11:16 <adriens33> !deop adriens33
2014-08-09T10:14:23 <TrappyTickles> ça dépend comment le script est codé
2014-08-09T10:14:48 <TrappyTickles> si tu peux mettre plusieurs réponses possibles, tu peux mettre par exemple "lyra, Lyra, Lyra heartstring, etc
2014-08-09T10:15:08 <adriens33> sinon vive les regex ^^
2014-08-09T10:15:14 <Letarumavza> Certes, mais il serait plus intéréssant de coller un .txt facilement modifiable utilisant un template fixe
2014-08-09T10:15:28 <adriens33> ([lL]yra( [hH]eart[sS]trings)?) ça marche aussi ^^
2014-08-09T10:16:06 <TrappyTickles> vui
2014-08-09T10:16:28 <TrappyTickles> enfin bon, je re sur LoE, je trouverai d'autres idées plus tard :p
2014-08-09T10:17:21 <Letarumavza> ok
2014-08-09T10:18:04 *** heuzef s'est connecté
2014-08-09T10:18:27 <adriens33> hello
2014-08-09T10:18:55 <heuzef> yo
2014-08-09T10:19:13 <heuzef> Personne de motivier pour aujourd'hui pour faire du graphisme ? =)
2014-08-09T10:19:28 <adriens33> c'est toi le graphiste, flo… ^^
2014-08-09T10:19:32 <Letarumavza> Yep
2014-08-09T10:19:42 <adriens33> Pis il flotte en plus.
2014-08-09T10:20:33 <heuzef> Ha ba bravo le courrage
2014-08-09T10:20:36 *** ValCab33 s'est connecté
2014-08-09T10:20:42 <Letarumavza> Flo...
2014-08-09T10:20:45 <adriens33> ouais, et alors ?
2014-08-09T10:20:52 <Letarumavza> t'as vu mes compétences de graphiste ?
2014-08-09T10:20:57 <ValCab33> Plop
2014-08-09T10:21:00 <heuzef> Osef
2014-08-09T10:21:00 <adriens33> salut val
2014-08-09T10:21:15 <Letarumavza> Osef // heuzef ça sonne proche tien ^^
2014-08-09T10:21:20 <adriens33> …
2014-08-09T10:21:23 <adriens33> va te pendre.
2014-08-09T10:21:43 <Letarumavza> Je peux essayer de me pendre avec ma bite, mais le cable est trop court.
2014-08-09T10:21:54 <adriens33> ...
2014-08-09T10:23:34 <Letarumavza> ?
2014-08-09T10:48:21 <adriens33> je re
2014-08-09T10:48:25 *** adriens33 est parti
2014-08-09T11:03:28 *** heuzef est parti
2014-08-09T11:07:01 <TrappyTickles> ya moyen de savoir quel type de ram on a sans avoir a ouvrir le pc? :p jveux dire, si c'est du ddr2 ou genre
2014-08-09T11:07:15 <Letarumavza> Hum...
2014-08-09T11:07:22 <Letarumavza> hardwareinfo ?
2014-08-09T11:07:40 <TrappyTickles> jvais poser mon poney et voir
2014-08-09T11:07:42 <TrappyTickles> merki ^^
2014-08-09T11:09:25 <Letarumavza> http://www.hwinfo.com/download.php
2014-08-09T11:09:54 <TrappyTickles> trouvé déjà :p
2014-08-09T11:11:31 <TrappyTickles> purée jme rends compte que je me suis fait arnaqué :o
2014-08-09T11:11:42 <TrappyTickles> on m'avait dit que mon cpu était quadricore
2014-08-09T11:12:00 <TrappyTickles> il est juste double coeurs, les 4 coeurs sont logiques
2014-08-09T11:12:45 <TrappyTickles> ok c'est de la ddr3 que j'ai
2014-08-09T11:12:55 <TrappyTickles> ce truc est mille fois mieux que aida32 ^^ merci du tuyau
2014-08-09T11:14:01 <Letarumavza> Bah si c'est de l'hyperthread matériel tu as 4 coeurs d'un point de vue perf
2014-08-09T11:16:56 <Berry-Punch> Voilà ce qu'il s'est passé ces 10 dernières *hic* lignes, adriens33
2014-08-09T11:16:57 *** adriens33 s'est connecté
2014-08-09T11:17:17 <adriens33> re, bande d'êtres humains
2014-08-09T11:18:11 *** Bybeez s'est connecté
2014-08-09T11:18:18 <Bybeez> Salut les patates
2014-08-09T11:18:29 <adriens33> die potato !!
2014-08-09T11:18:36 <adriens33> « noooo… » sprotch
2014-08-09T11:18:44 <Bybeez> Not today
2014-08-09T11:19:11 <adriens33> c'est bien, t'as compris la référence ^^
2014-08-09T11:19:23 <Bybeez> Bah oui ^^
2014-08-09T11:19:36 <adriens33> Everypony do the flop !
2014-08-09T11:19:43 * adriens33 faceground
2014-08-09T11:19:43 <TrappyTickles> oi
2014-08-09T11:19:57 <Bybeez> oi
2014-08-09T11:20:33 <Bybeez> Magical pony flying through the sky on a magical journey for -shoot it down !
2014-08-09T11:20:46 <adriens33> **boom**
2014-08-09T11:20:53 <ValCab33> I love it !
2014-08-09T11:20:58 <adriens33> I like trains !
2014-08-09T11:21:02 <adriens33> -hahaha… yes you do
2014-08-09T11:21:12 <ValCab33> Hello !
2014-08-09T11:21:18 <adriens33> Quick ! Shoot me in the face ! -**pan**
2014-08-09T11:21:30 <Bybeez> there is something on your face !
2014-08-09T11:21:33 <Bybeez> it was pain !
2014-08-09T11:21:46 <adriens33> I'm gonna punch your face… in the face !
2014-08-09T11:21:53 <ValCab33> I baked you a pie !
2014-08-09T11:22:01 <adriens33> Oh boy, what flavour ?
2014-08-09T11:22:02 <Bybeez> what flavour ?
2014-08-09T11:22:04 <ValCab33> Pie flavour !
2014-08-09T11:23:09 <Bybeez> Son, don't touch that cactus
2014-08-09T11:23:16 <Bybeez> *schlorp*
2014-08-09T11:23:23 <Bybeez> you are dead to me
2014-08-09T11:23:25 <ValCab33> http://youtu.be/hVToU6e6FgY
2014-08-09T11:23:43 <Bybeez> XD
2014-08-09T11:26:11 <adriens33> « warning: pointless button » *clic*
2014-08-09T11:26:15 <adriens33> «hmm… »
2014-08-09T11:26:48 <Bybeez> You shouldn't skate here !
2014-08-09T11:27:00 <Bybeez> nobody tells me what to do
2014-08-09T11:27:03 <Bybeez> *boom*
2014-08-09T11:31:32 <adriens33> Nice hat !
2014-08-09T11:31:34 <adriens33> -Thanks !
2014-08-09T11:31:41 <adriens33> -I was being sarcastic
2014-08-09T11:31:47 <adriens33> -Well, I stole your face !
2014-08-09T11:40:12 <Letarumavza> https://www.youtube.com/watch?v=MnfHQWHG4v0&list=PLHYVKdTa8XHWRM0XBCAXwQolzeMT-Gf9F
2014-08-09T11:40:56 *** Gordfang s'est connecté
2014-08-09T11:41:03 <Gordfang> lut
2014-08-09T11:41:17 <adriens33> salut Gordfang
2014-08-09T11:51:56 <TrappyTickles> oi
2014-08-09T12:07:27 * TrappyTickles se fait draguer par Pinkie Pie sur ponysquare lol
2014-08-09T12:07:51 <adriens33> XD
2014-08-09T12:08:20 <TrappyTickles> mon oc la voyait comme sa meilleure pote, mais je croyais pas qu'elle verrait plus loin que ça XD
2014-08-09T12:08:53 <Letarumavza> oc ?
2014-08-09T12:09:13 <TrappyTickles> les poneys que t'as créé toi même
2014-08-09T12:09:21 <Letarumavza> (oc pour moi c'est overclock)
2014-08-09T12:09:30 <adriens33> oui, comme oc=Original Character
2014-08-09T12:09:35 <TrappyTickles> voila
2014-08-09T12:09:39 <Letarumavza> Je préfère ma def...
2014-08-09T12:09:44 <adriens33> c'toi qu'est def
2014-08-09T12:09:51 <TrappyTickles> oh boi XD
2014-08-09T12:09:57 <Letarumavza> Greul
2014-08-09T12:10:06 <Letarumavza> Gaffe à toi où je suis chiant ^^
2014-08-09T12:10:18 <adriens33> tu m'fais peur, là
2014-08-09T12:10:20 <adriens33> oulà
2014-08-09T12:10:43 <Letarumavza> on parie que je peux être pètes couilles en mois d'une minute ?
2014-08-09T12:10:55 <adriens33> tu l'es déjà depuis ce matin…
2014-08-09T12:11:05 <Letarumavza> Yep
2014-08-09T12:11:16 <Letarumavza> T'as vu, je suis pète couille en paradoxe temporel
2014-08-09T12:11:21 <adriens33> ah ah ah
2014-08-09T12:11:49 *** ludvann s'est connecté
2014-08-09T12:11:49 <Letarumavza> Btw ça fait combien de temps que t'es un zombie ?
2014-08-09T12:12:02 <ludvann> O_o'
2014-08-09T12:12:06 <Letarumavza> Hey ludvann !
2014-08-09T12:12:12 <Letarumavza> Je te présente zecora !
2014-08-09T12:12:13 <ludvann> hey !
2014-08-09T12:12:16 <ludvann> :D
2014-08-09T12:12:19 <Letarumavza> $kick ludvann
2014-08-09T12:12:26 <adriens33> leta t'es gonflé de me dire ça… c'est toi le zombie ici XD
2014-08-09T12:12:35 <adriens33> non mais… t'es sérieux là ?
2014-08-09T12:12:37 <Letarumavza> Je suis ignoble ^^
2014-08-09T12:12:38 *** ludvann s'est connecté
2014-08-09T12:12:39 <Berry-Punch> Flags de Zecora_bot modifiés *hic* : -o
2014-08-09T12:12:39 <adriens33> !deop Zecora_bot
2014-08-09T12:12:43 <adriens33> tiens voilà
2014-08-09T12:12:48 <ludvann> pupuce est méchante :(
2014-08-09T12:13:02 <ludvann> bonjour tout le monde :)
2014-08-09T12:14:15 <TrappyTickles> oi
2014-08-09T12:16:01 * ludvann galère comme un mauvais pour que son ordi détecte un disuqe du externe
2014-08-09T12:17:12 *** Zecora_bot est parti
2014-08-09T12:17:12 *** Letarumavza est parti
2014-08-09T12:17:25 <ludvann> du vent ! ;)
2014-08-09T12:18:31 <ludvann> bah dit donc c=vous zetes pas très bavard....
2014-08-09T12:19:04 *** Eclipse2212 s'est connecté
2014-08-09T12:19:06 <TrappyTickles> j'suis sur loe :p
2014-08-09T12:19:10 <Eclipse2212> Hay!
2014-08-09T12:19:21 <Berry-Punch> Voilà ce qu'il *hic* s'est passé ces 10 dernières lignes, Eclipse2212
2014-08-09T12:19:22 <Eclipse2212> !history
2014-08-09T12:23:14 <adriens33> salut Eclipse2212 :)
2014-08-09T12:23:25 <Eclipse2212> chalut!
2014-08-09T12:23:41 <ludvann> salut
2014-08-09T12:24:13 <Eclipse2212> cha va?
2014-08-09T12:24:21 <TrappyTickles> oi
2014-08-09T12:24:24 <Bybeez> Yo, et moi ouais ça va et toi ?
2014-08-09T12:25:18 <Eclipse2212> Bah ça va...
2014-08-09T12:26:25 * ludvann donne une fessée à Bybeez 
2014-08-09T12:26:34 <ludvann> vengeance !
2014-08-09T12:26:36 <Bybeez> hey
2014-08-09T12:26:43 *** ludvann est parti
2014-08-09T12:26:45 <Bybeez> mes fesses sont privées !
2014-08-09T12:27:18 <adriens33> wut oO
2014-08-09T12:27:41 <Eclipse2212> xD
2014-08-09T12:27:48 <Bybeez> il m'a donné une fessé il a pas le droit
2014-08-09T12:28:01 <Eclipse2212> bag hier tu l'a baffé
2014-08-09T12:28:07 <Eclipse2212> *bah
2014-08-09T12:28:26 <Bybeez> oui mais la joue c'est pas pareil !
2014-08-09T12:28:52 *** ValCab33 est parti
2014-08-09T12:29:10 *** ludvann s'est connecté
2014-08-09T12:29:24 <ludvann> tu ne m'auras jamais vivant !
2014-08-09T12:29:25 <Bybeez> Non mais ça va pas !
2014-08-09T12:29:28 *** ludvann est parti
2014-08-09T12:29:41 <Eclipse2212> xD
2014-08-09T12:29:47 <Eclipse2212> [23:30] * Bybeez gifle ludvann pour le plaisir avant de fuir et d'aller dormir
2014-08-09T12:29:47 <Eclipse2212> [23:30] Quit: Bybeez [Quit: /)]
2014-08-09T12:29:47 <Eclipse2212> [23:30] <+ludvann> Grrrrr
2014-08-09T12:29:47 <Eclipse2212> [23:30] <+Eclipse2212> XD
2014-08-09T12:29:48 <Eclipse2212> [23:31] <+ludvann> il va le regretter...
2014-08-09T12:29:48 <Eclipse2212> [23:31] <+ludvann> un jour...
2014-08-09T12:30:05 <Bybeez> oui mais non !
2014-08-09T12:30:26 <Eclipse2212> ah bah il avait dit que t'allais les regretter
2014-08-09T12:30:31 *** ludvann s'est connecté
2014-08-09T12:30:40 <ludvann> merci Eclipse2212
2014-08-09T12:30:42 <Bybeez> Ludvann tu viens le 17 ?
2014-08-09T12:30:47 <Eclipse2212> ?
2014-08-09T12:31:05 <Eclipse2212> ya quoi le 17?
2014-08-09T12:31:32 <ludvann> Bybeez: oui, mais tu auras peur de moi, je viendrai en spichopathe; Eclipse2212: pour le log
2014-08-09T12:31:41 <ludvann> Eclipse2212: les 1 an de Bronycub
2014-08-09T12:31:56 <Eclipse2212> ah oui, c'est vrai!
2014-08-09T12:32:05 <Bybeez> J'emmene mon casque militaire et ma cuilliere géante !
2014-08-09T12:32:08 <TrappyTickles> j'essaierai de venir en derpy :p
2014-08-09T12:32:09 <Eclipse2212> mais je peut pas venir :(
2014-08-09T12:32:34 <Eclipse2212> une cuillere géante : pourquoi faire?
2014-08-09T12:32:52 <TrappyTickles> ça sert a manger des glaces génates
2014-08-09T12:32:52 <Bybeez> Le frapper avec
2014-08-09T12:32:59 <TrappyTickles> géantes*
2014-08-09T12:33:05 <ludvann> maman... j'ai vachement peur
2014-08-09T12:33:05 <TrappyTickles> et gênantes aussi accesoirement
2014-08-09T12:33:07 <ludvann> meuh !
2014-08-09T12:33:34 <Bybeez> une cuillière c'est dangereux quand tu sais t'en servir
2014-08-09T12:34:01 <Eclipse2212> xD je sais pas poirquoi, mais j'le sent mal
2014-08-09T12:34:13 <Eclipse2212> *pourquoi
2014-08-09T12:34:27 <ludvann> puisque c'est comme ça
2014-08-09T12:34:34 <ludvann> je ramène mon arme chimique
2014-08-09T12:34:46 <ludvann> Eclipse2212, tu peux venir deux secondes ?
2014-08-09T12:34:47 <Eclipse2212> NOOOOOOOOOON!
2014-08-09T12:34:52 <Bybeez> une boite de cassoulet ?
2014-08-09T12:34:54 <Eclipse2212> xD
2014-08-09T12:35:05 <Eclipse2212> j'ai deviné
2014-08-09T12:35:06 <ludvann> nope
2014-08-09T12:36:34 <Eclipse2212> merde...
2014-08-09T12:39:11 <Eclipse2212> en tout cas ça doit être un truc de psychopathe (venant de too, c'est habituel xD)
2014-08-09T12:39:16 <Eclipse2212> *toi
2014-08-09T12:39:47 <ludvann> ;)
2014-08-09T12:39:55 <Eclipse2212> :)
2014-08-09T12:40:24 <Eclipse2212> #: apt-get moo
2014-08-09T12:40:35 <Eclipse2212> :)
2014-08-09T12:41:06 <Eclipse2212> faire ča sous Android xD
2014-08-09T12:41:58 *** Gordfang est parti
2014-08-09T12:53:05 <ludvann> je vais miam (AFK)
2014-08-09T12:53:05 <Berry-Punch> Bon appétit, ludvann *hic* :D
2014-08-09T13:32:28 *** adriens33 est parti
2014-08-09T13:46:55 *** ludvann s'est connecté
2014-08-09T13:46:59 <ludvann> re
2014-08-09T13:47:27 <Eclipse2212> rr
2014-08-09T13:47:31 <Eclipse2212> *re
2014-08-09T13:47:53 <ludvann> errrrrpr
2014-08-09T13:47:59 <ludvann> errrrror*
2014-08-09T13:48:02 <ludvann> xD
2014-08-09T13:48:17 *** Gordfang s'est connecté
2014-08-09T13:48:26 <ludvann> niorph !
2014-08-09T13:48:44 *** ludvann|AFK est parti
2014-08-09T13:56:41 <Berry-Punch> Voilà ce qu'il s'est passé ces 10 dernières lignes, *hic* adriens33
2014-08-09T13:56:42 *** adriens33 s'est connecté
2014-08-09T13:56:57 <adriens33> Pourquoi j'a été déco ? oO
2014-08-09T13:58:43 <Eclipse2212> ping
2014-08-09T13:58:56 <Eclipse2212> timeout 260s
2014-08-09T13:59:26 <adriens33> oui non d'accord, mais pourquoi ?
2014-08-09T13:59:31 <adriens33> je susi à 1m de la box en wifi
2014-08-09T13:59:34 <adriens33> et j'a pas bougé
2014-08-09T13:59:38 <adriens33> et je dl que dalle
2014-08-09T13:59:38 <Eclipse2212> bah j'sais pas
2014-08-09T13:59:39 <adriens33> --"
2014-08-09T14:00:40 <Eclipse2212> va falloir changer mon putain de pc...
2014-08-09T14:00:49 <adriens33> pourquoi ? il putain de rame ?
2014-08-09T14:00:53 <Eclipse2212> yup
2014-08-09T14:00:55 <adriens33> ou il est putain de pas bien ?
2014-08-09T14:01:08 <Eclipse2212> il est putain des deux
2014-08-09T14:01:18 <Eclipse2212> intel celeron premier du nom
2014-08-09T14:01:22 <adriens33> ouch
2014-08-09T14:01:23 <adriens33> anéfé
2014-08-09T14:01:25 <Eclipse2212> en processeur
2014-08-09T14:01:32 <Eclipse2212> 1.5Go de ram
2014-08-09T14:01:42 <adriens33> boarf, ça encore ça passe
2014-08-09T14:01:46 <Eclipse2212> 40Go stockage
2014-08-09T14:01:55 <adriens33> pas énorme mais ça passe encore
2014-08-09T14:02:11 <Eclipse2212> il mets 2 mn a ouvrir firefox
2014-08-09T14:02:22 <adriens33> bah en machine de dev léger (genre c/c++/python, pas java) sous linux ça passe tranquille.
2014-08-09T14:02:36 <adriens33> mais faut avoir un environement léger
2014-08-09T14:02:37 <Eclipse2212> ah j'oubliais: il ne supporte pas l'openGL
2014-08-09T14:02:38 <adriens33> (donc pas windows ^^)
2014-08-09T14:02:50 <Eclipse2212> bah ya win XP
2014-08-09T14:03:01 <Eclipse2212> modifié en plus =='
2014-08-09T14:03:08 <adriens33> bah j'utilise i3 comme env de bureau, et j'ai jamais vu plus léger et pratique à utiliser
2014-08-09T14:03:24 <adriens33> ça utilise pas de compositing (tu peux en ajouter un par dessus pour avoir des effets graphiques, mais y'en a pas de base)
2014-08-09T14:03:26 <Eclipse2212> i3?
2014-08-09T14:03:34 <adriens33> du coup ça tourne pratiquement sur n'importe quoi
2014-08-09T14:03:41 <adriens33> http://i3wm.org/
2014-08-09T14:04:12 <Eclipse2212> aok
2014-08-09T14:04:52 <Eclipse2212> sous le pc pourri de chez moi, j'suis en dual boot sur un pentium 4 (premier du nom aussi)
2014-08-09T14:04:57 <adriens33> miam :p
2014-08-09T14:05:05 <adriens33> t'as du collector chez toi dis donc :p
2014-08-09T14:05:10 <Eclipse2212> xD
2014-08-09T14:05:22 <Eclipse2212> Bienvenue au grenier
2014-08-09T14:05:51 <Eclipse2212> mais ça fait quand même mal de passer du pentium4 au celeron
2014-08-09T14:06:27 <adriens33> ^^
2014-08-09T14:06:44 <Eclipse2212> ^^
2014-08-09T14:07:23 <Eclipse2212> ...
2014-08-09T14:07:29 <Eclipse2212> j'me fait chier...
2014-08-09T14:08:21 <Eclipse2212> quand je vois la liste des composants de ce pc, j'ai envie de vomir
2014-08-09T14:09:38 <adriens33> ^^
2014-08-09T14:09:56 <adriens33> t'as pas de bonne machine à côté pour compenser ?
2014-08-09T14:10:00 <Eclipse2212> bon j'vais me faire un curve fever xD
2014-08-09T14:10:02 <Eclipse2212> nope
2014-08-09T14:10:12 <Eclipse2212> c'est la seule machine de la maison
2014-08-09T14:10:12 <adriens33> ah, là t'as pas de chance ^^'
2014-08-09T14:10:24 <Eclipse2212> a part ma tablette
2014-08-09T14:10:34 <adriens33> ji ti plains
2014-08-09T14:10:37 <Eclipse2212> et ma freebox
2014-08-09T14:10:51 <Eclipse2212> xD
2014-08-09T14:32:40 <Bybeez> moi j'ai des patates !
2014-08-09T14:33:53 <adriens33> et nous on s'en fout :p
2014-08-09T14:34:09 <Bybeez> Je vous emmerde et je rentre a ma maison
2014-08-09T14:37:25 <adriens33> ben rentres-y à ta maison :p
2014-08-09T15:15:31 *** adriens33 est parti
2014-08-09T15:34:26 <Berry-Punch> Voilà *hic* ce qu'il s'est passé ces 10 dernières lignes, adriens33
2014-08-09T15:34:27 *** adriens33 s'est connecté
2014-08-09T15:34:48 <adriens33> re tout le monde
2014-08-09T15:39:57 <Eclipse2212> re
2014-08-09T15:53:01 *** Eclipse2212 est parti
2014-08-09T15:56:56 <ludvann> re
2014-08-09T16:20:29 <Bybeez> ça tonne
2014-08-09T16:20:49 <adriens33> Bill Kiltonne ?
2014-08-09T16:21:07 <Bybeez> non !!!
2014-08-09T16:21:17 <adriens33> ah, les deux minutes du peuple...
2014-08-09T16:21:19 <adriens33> XD
2014-08-09T17:41:02 <Bybeez> J'avais un ami qui s'appelait réanne et un jour je lui ai demandé de l'eau alors je lui ai dit, "De l'eau Réanne" (ah ah ah ... ah .......ah)
2014-08-09T18:19:49 <adriens33> jygo, ++
2014-08-09T18:19:50 *** adriens33 est parti
2014-08-09T19:07:00 *** Gordfang est parti
2014-08-09T19:56:23 <Berry-Punch> Voilà ce qu'il s'est passé *hic* ces 10 dernières lignes, adriens33
2014-08-09T19:56:24 *** adriens33 s'est connecté
2014-08-09T19:56:29 <adriens33> re
2014-08-09T19:57:00 *** adriens33 est parti
2014-08-09T19:57:29 <Berry-Punch> Voilà ce qu'il s'est passé ces 10 dernières lignes, adriens33 *hic* 
2014-08-09T19:57:31 *** adriens33 s'est connecté
2014-08-09T20:03:36 <Bybeez> Re !
2014-08-09T20:03:40 <adriens33> re :)
2014-08-09T20:08:13 *** adriens33 est parti
2014-08-09T20:11:40 <Berry-Punch> Voilà ce qu'il s'est passé ces 10 *hic* dernières lignes, adriens33
2014-08-09T20:11:41 *** adriens33 s'est connecté
2014-08-09T20:12:10 *** MaCharon s'est connecté
2014-08-09T20:12:15 <MaCharon> slt
2014-08-09T20:12:44 *** adriens33 est parti
2014-08-09T20:36:53 *** flutterbrony s'est connecté
2014-08-09T20:36:54 <flutterbrony> salut
2014-08-09T20:37:03 <flutterbrony> salut
2014-08-09T20:37:53 <flutterbrony> tient pour ceux qui veulent, jai un defi
2014-08-09T20:38:47 <flutterbrony> qui demande des connaissance sur android, windows 8, linux, uefi32bit 😨
2014-08-09T20:40:34 <Bybeez> Yo ! Comment ça va ?
2014-08-09T20:40:52 <Bybeez> (aux deux, Macha et Flutter)
2014-08-09T20:41:09 <flutterbrony> bien, j me quiq acheté une nouveau netbook
2014-08-09T20:41:16 <MaCharon> bien bien ^^
2014-08-09T20:41:23 <flutterbrony> il était dualboot android et windows 8
2014-08-09T20:41:29 <Bybeez> cool
2014-08-09T20:42:44 <flutterbrony> impossible de rooter android, le playstore ne passe pas
2014-08-09T20:43:02 <Bybeez> ah dommage :/
2014-08-09T20:43:09 <flutterbrony> et c'est un uefi compatible uniquement 32 bit avec un processeur 64 bit ^^
2014-08-09T20:43:58 <flutterbrony> microsoft fait un proces au constructeur parce qu'il a osé mettre android en dual boot avec wndows
2014-08-09T20:44:05 <Bybeez> XD
2014-08-09T20:44:29 <flutterbrony> et la bête a a peine 1 mois
2014-08-09T20:44:41 <flutterbrony> d'ou mon défi pour ceux qui le veulent ^^
2014-08-09T20:45:05 <flutterbrony> réssi a roter cet android intel et a lui mettre le playstore
2014-08-09T20:45:14 <flutterbrony> réusir*
2014-08-09T20:45:22 <flutterbrony> rooter**
2014-08-09T20:45:42 <flutterbrony> et en faire un trialboot en rajoutant linux
2014-08-09T20:45:48 <flutterbrony> XD
2014-08-09T20:46:08 <flutterbrony> (1 acceder a l'UEFI32 ^^)
2014-08-09T20:51:12 *** flutterbrony est parti
2014-08-09T20:51:25 *** flutterbrony s'est connecté
2014-08-09T20:54:24 <flutterbrony> et toi bybeez, ca vas ?
2014-08-09T20:54:39 <Bybeez> Ouaip
2014-08-09T20:57:31 <flutterbrony> tu viens a l'anniversaire de bronycub ?
2014-08-09T20:58:45 *** flutterbrony est parti
2014-08-09T21:00:08 *** flutterbrony s'est connecté
2014-08-09T21:04:51 <Bybeez> Ouaip
2014-08-09T21:06:09 *** flutterbrony est parti
2014-08-09T21:06:19 *** flutterbrony s'est connecté
2014-08-09T21:08:02 *** flutterbrony est parti
2014-08-09T21:08:24 <BronyCUB-MC> adrien_s has joined the server!
2014-08-09T21:10:24 <BronyCUB-MC> adrien_s has quit the server!
2014-08-09T21:10:49 <Berry-Punch> Voilà ce qu'il s'est passé ces 10 *hic* dernières lignes, adriens33
2014-08-09T21:10:50 *** adriens33 s'est connecté
2014-08-09T21:14:11 *** flutterbrony s'est connecté
2014-08-09T21:14:26 *** flutterbrony est parti
2014-08-09T21:14:36 *** flutterbrony s'est connecté
2014-08-09T21:14:58 <flutterbrony> Ce truc étais juste incapable de rester connecté sur l'irc
2014-08-09T21:15:09 <adriens33> qui ? kiwiirc ? ^^
2014-08-09T21:15:24 <adriens33> ben c'est un kiwininja,  il vient puis repart ^^
2014-08-09T21:17:13 <flutterbrony> Je sais pas ce qui vas pas en ce moment chez moi, mais c'est le bordel pour faire simple
2014-08-09T21:17:19 <adriens33> ah
2014-08-09T21:17:19 <adriens33> ok
2014-08-09T21:17:38 <flutterbrony> un xperia s qui refuse de démmarrer parce que 'ai changé la carte sim
2014-08-09T21:18:33 <flutterbrony> un pc/tablette qui a un uefi compatible uniquement 32 bit avec un proco 64 bit
2014-08-09T21:18:50 <flutterbrony> un android qui refuse le play store
2014-08-09T21:38:11 *** adriens33 est parti
2014-08-09T21:50:17 <Bybeez> Je suis triste !
2014-08-09T21:50:17 * Berry-Punch Donne un verre de saké à Bybeez
2014-08-09T21:50:17 <Berry-Punch> Tiens Bybeez, pour te consoler :) *hic* 
2014-08-09T21:50:27 <Bybeez> Merci
2014-08-09T21:51:22 <Bybeez> J'ai plus d'animé a regarder(le sake est très aproprié je trouve), et j'ai pas encore DL la saison 7 du Doctor, je sais plus quoi faire T.T
2014-08-09T21:51:22 <Berry-Punch> J'adore ça ! *hic* 
2014-08-09T21:54:52 <Berry-Punch> Voilà ce qu'il s'est *hic* passé ces 10 dernières lignes, adriens33
2014-08-09T21:54:53 *** adriens33 s'est connecté
2014-08-09T21:55:48 *** adriens33 est parti
2014-08-09T21:56:06 <Berry-Punch> Voilà ce qu'il s'est passé ces 10 *hic* dernières lignes, adriens33
2014-08-09T21:56:07 *** adriens33 s'est connecté
2014-08-09T22:07:47 <flutterbrony> xperia a nouveau en marche enfin je vais pouvoir me concentrer sur des trucs plus interressant
2014-08-09T22:07:52 <adriens33> ^^
2014-08-09T22:08:27 <flutterbrony> (comme Legends of Equestria ou ma nouvelle tablette/pc a mettre sous linux et a router l'android qui est a coté)
2014-08-09T22:09:09 <flutterbrony> d'ailleur dans LoE, ils ont rajouté pas mal de trucs
2014-08-09T22:09:45 <adriens33> bordel… mes deux GTX660 sont trop proches (les deux slots PCI-E x16 sont séparés par seulement un PCI-E x4, du coup les cartes se touchent) → la carte du dessus chauffe beaucoup, (52°C au repos, contre 32 pour celle d'en dessous…), et le gros fan qui est pile en face et qui est censé souffler dessus marche pas, faut le réparer (Leta m'a dit qu'il s'agissait d'une soudure à refaire), mais du coup en attendant je
2014-08-09T22:09:45 <adriens33> peux pas me servir de mon sli… :(
2014-08-09T22:09:52 <flutterbrony> nouvelle map, amélioration graphique et j'ai enfin trouvé comment supprimer absolument tout bug sous linux, (les serveurs ne nous kill plus comme ca)
2014-08-09T22:10:45 <flutterbrony> hum, enleve une GTX660 ?
2014-08-09T22:10:57 <flutterbrony> en attendant, c'est une solution qui marche ^^
2014-08-09T22:11:09 <adriens33> … oui, c'est ce que j'ai fait, mais du coup en attendant de pouvoir faire marcher ce con de fan, j'ai pas de sli…
2014-08-09T22:12:02 <adriens33> en lançant seulement portal2, au bout de 5mn la carte du haut monte à 72°C alors que celle du bas reste à 33… (sinon mon SLI marche, testé sous Blender en rendu ça dépote…)
2014-08-09T22:14:15 <Bybeez> (SLI ?)
2014-08-09T22:14:24 <adriens33> oui, deux cartes nVidia en tandem
2014-08-09T22:14:30 <adriens33> c'est cool niveau puissance
2014-08-09T22:14:41 <Bybeez> ah oui j'imagine ^^
2014-08-09T22:14:49 <adriens33> mais comme mes ports PCI E sont trop proches et que j'ai pas de ventilateur adapté qui marche je peux pas m'en servir ^^{
2014-08-09T22:14:51 <adriens33> *^^'
2014-08-09T22:15:05 <adriens33> (la carte du dessus a ~3mm d'espace pour souffler son air chaud… c'pas beaucoup :/)
2014-08-09T22:15:15 <Bybeez> ah oui, c'est clair
2014-08-09T22:17:26 <flutterbrony> D'ailleur, c'est quoi ta config adrien33 ?
2014-08-09T22:18:52 <adriens33> là j'ai 12Go de ram en hexacanal (6x 2Go), un i7 980 extreme (6cœurs physiques, 12 cœurs logiques), 3.33GHz en freq normale, 3.6GHz en turbo (et overclockable facilement à 4.2GHz en  restant stable normalement)
2014-08-09T22:19:07 <adriens33> et du coup j'ai qu'un Asus GTX 660 (version OC d'usine)
2014-08-09T22:19:24 <adriens33> ah: et un dual screen 2x 1920×1080
2014-08-09T22:19:37 <adriens33> (et une carte son dédiée Asus Xonar DX 7.1)
2014-08-09T22:19:53 <adriens33> (que je peux brancher vu que j'ai la place, vu qu'il y a pas la 2e GPU… :/)
2014-08-09T22:20:37 <adriens33> et la mb c'est une asus rampage mais j'ai plus le modèle exact ^^'
2014-08-09T22:22:16 <Bybeez> ça va, il y a pire XD
2014-08-09T22:22:23 <adriens33> (théoriquement le PCI-E c'est du 2.0, mais la carte mère supporte physiquement le 3.0,  le bios a été modifié par letarumavza pour que les pci-e tournent en 3.0)
2014-08-09T22:22:33 <adriens33> (enfin c'est ce qu'il m'a dit)
2014-08-09T22:22:45 <adriens33> (et je suis tenté de le croire, vu que mes gpus sont en pci-e 3.0
2014-08-09T22:22:48 <adriens33> )
2014-08-09T22:22:57 <adriens33> et le peu de temps que j'ai testé mon sli il marche super
2014-08-09T22:23:44 <Bybeez> J'imagine ^^, moi j'ai juste un PC correct et pour l'instant j'ai pas besoin de plus alors bon ^^
2014-08-09T22:23:57 <adriens33> ^^
2014-08-09T22:26:15 <flutterbrony> moi, j'ai qu'un i3 avec intelhd3000 intégrée au cpu et 4 go de ram
2014-08-09T22:26:21 <adriens33> ^^
2014-08-09T22:26:26 <adriens33> c'est… pas trop mal :)
2014-08-09T22:26:44 <flutterbrony> i3 a 2.2Ghz
2014-08-09T22:26:47 <adriens33> (c'est mieux qu'un intel celeron, hein Eclipse2212 ^^ ha merde il est plus là…)
2014-08-09T22:27:04 <flutterbrony> un netbook avec un atom a 1.88Ghz 2 coeur et 4 go de ram
2014-08-09T22:27:25 <adriens33> bah un netbook a pas le même but qu'un pc desktop.
2014-08-09T22:27:33 <flutterbrony> et une tablette/pc avec un atom 4coeur a 1.3Ghz et 2 go de ram
2014-08-09T22:29:07 <flutterbrony> Il as un celeron sur un desktop Eclipse2212 ?
2014-08-09T22:33:20 <adriens33> oui, il a un vieux pc ^^
2014-08-09T22:40:10 *** adriens33 est parti
2014-08-09T22:41:07 *** Letarumavza s'est connecté
2014-08-09T22:41:21 *** Zecora_bot s'est connecté
2014-08-09T22:41:23 <Berry-Punch> Voilà ce qu'il *hic* s'est passé ces 10 dernières lignes, adriens33
2014-08-09T22:41:24 *** adriens33 s'est connecté
2014-08-09T22:43:32 <flutterbrony> lut Letarumavza
2014-08-09T22:43:42 <flutterbrony> Zecora_bot ?
2014-08-09T22:43:54 <adriens33> Letarumavza: ah, t'es réveillé toi ? ^^
2014-08-09T22:43:56 <flutterbrony> C'est un bot comme Berry Punch ? ;)
2014-08-09T22:44:12 <flutterbrony> Zecora ?
2014-08-09T22:44:12 <Zecora_bot> On m'appelle ?
2014-08-09T22:45:49 <Bybeez> yo !
2014-08-09T22:46:14 <Bybeez> au fait, elle fait quoi Zeco a part repondre quand on l'appelle ?
2014-08-09T22:46:39 <Letarumavza> Elle peut remplacer berry quand elle plante
2014-08-09T22:46:46 <adriens33> tu peux kick des gens :3
2014-08-09T22:47:03 <Bybeez> XD ok
2014-08-09T22:48:00 <Letarumavza> En fait, non, il peut pas.
2014-08-09T22:48:30 <Letarumavza> ça fait partie des commandes réservées aux opérateurs de zecora.
2014-08-09T22:48:33 <adriens33> lui non, toi oui :3
2014-08-09T22:48:46 <Letarumavza> Effectivement
2014-08-09T22:49:04 <Letarumavza> Il faut d'ailleur que je modifie la fonction de kick pour ajouter la raison modifiable.
2014-08-09T23:09:13 <Bybeez> Bonne nuit a toute les patates !
2014-08-09T23:09:21 *** Bybeez est parti
2014-08-09T23:09:22 <adriens33> bonne nuit lafrite !
2014-08-09T23:09:24 <adriens33> zut
2014-08-09T23:21:40 <flutterbrony> BronyCUB-MC
2014-08-09T23:21:59 <flutterbrony> Ouais, je m'en doutais qu'il répondrais pas celui-là :/
2014-08-09T23:22:16 <adriens33> c'est le relai de minecraft
2014-08-09T23:22:30 <adriens33> son seul but est de faire le pont entre le chat irc et le chat du serv minecraft
2014-08-09T23:22:38 <adriens33> donc y'a pas de bot qui réponde  à proprement parler
2014-08-09T23:23:16 <flutterbrony> Mais quel serveur Minecraft au faite ?
2014-08-09T23:43:58 <flutterbrony> ?
2014-08-09T23:44:07 <ludvann> bronycub.org
2014-08-09T23:44:14 <ludvann> je re
2014-08-09T23:44:20 *** ludvann est parti
2014-08-09T23:46:10 *** ludvann s'est connecté
2014-08-09T23:46:15 <ludvann> Re
2014-08-09T23:47:43 <flutterbrony> re
2014-08-09T23:48:46 <ludvann> Je fais un test de sécurité ;)
2014-08-09T23:49:00 <ludvann> $kick ludvann
2014-08-09T23:49:08 <ludvann> Ouf...
2014-08-09T23:49:22 <ludvann> o/
2014-08-09T23:49:22 <Letarumavza> à ton service elvis
2014-08-09T23:49:28 <Letarumavza> $kick ludvann
2014-08-09T23:49:28 *** ludvann s'est connecté
2014-08-09T23:49:37 <ludvann> :(
2014-08-09T23:49:54 <ludvann> Je vérifier jute la sécu :D
2014-08-09T23:50:28 <ludvann> Sinon ça va mieux Letarumavza ?
2014-08-09T23:51:10 <Letarumavza> $kick ludvann
2014-08-09T23:51:11 *** ludvann s'est connecté
2014-08-09T23:51:18 <Letarumavza> ça répond à ta question ?
2014-08-09T23:51:22 <ludvann> Grrr...
2014-08-09T23:51:38 <ludvann> Euh ouais, huleur joyeuse ? ^^
2014-08-09T23:51:46 <ludvann> Humeur*
2014-08-09T23:51:51 <Letarumavza> exactement
2014-08-09T23:52:43 <ludvann> o/
2014-08-09T23:53:26 <ludvann> J'ai trouvé un fusil à cran dans ma cave....
2014-08-09T23:53:42 <ludvann> Un vieux modèle (avec lunette)
2014-08-09T23:54:22 <ludvann> Ma réaction = gné watt .
2014-08-09T23:54:33 <adriens33> cool ^^ fais gaffe à pas le pointer sur ta tronche XD
2014-08-09T23:54:37 <adriens33> ou plutôt à ce que quelqu'un te la foute pas sur la tronche plutôt ^^
2014-08-09T23:55:57 <ludvann> T'inquiète, je connais la base de la sécu, je n'ai pas trouvé de balles et si je le sors, je retire le déclencheur ^^
2014-08-09T23:56:07 <adriens33> ^^
2014-08-09T23:56:18 <adriens33> mieux vaut prévenir que nettoyer les taches de sang ;)
2014-08-09T23:56:19 <ludvann> (Retirer le déclencheur est super facile :)
2014-08-09T23:56:24 <ludvann> )
2014-08-09T23:57:14 <ludvann> Et ouais c'est chiant d'enlever les taches de sang...
2014-08-09T23:57:15 *** TrappyTickles est parti
2014-08-09T23:57:36 <ludvann> Le plus ennuyant est de trouver l'acide....
2014-08-09T23:58:14 <adriens33> ouais, imagine t'arrives en pharmacie « bonjour, je voudrais 100L d'acide fluorhydrique…
2014-08-09T23:58:19 <adriens33> -c'est pour quoi faire ?
2014-08-09T23:58:26 <Letarumavza> Des crèpes
2014-08-09T23:58:29 <adriens33> -pour faire fondre les traces »
2014-08-09T23:58:30 <adriens33> ^^
2014-08-09T23:58:34 <ludvann> Disparaitre un corps xD
2014-08-09T23:58:49 <ludvann> Enfin les restes...
2014-08-09T23:58:52 <adriens33> ouais… des crêpes à l'acide fluorhydrique c'est sûr que pour le coup tu fonds, mais pas de plaisir XD
2014-08-09T23:58:56 <Letarumavza> Je veux 4 bouteilles de lubrifiant et une capote ^^
2014-08-09T23:59:11 <ludvann> Euh ....
2014-08-09T23:59:29 <ludvann> Une seule ? T'es pas joueur...
2014-08-09T23:59:30 <Letarumavza> ludvann, ref à un film ^^
2014-08-09T23:59:38 <ludvann> Ah ok ^^
2014-08-09T23:59:56 <ludvann> T'es pas joueur non plus ;)
