2014-06-21T00:06:35 *** heuzef s'est connecté
2014-06-21T00:06:43 *** heuzef est parti
2014-06-21T00:19:38 *** lezarius s'est connecté
2014-06-21T00:19:57 <lezarius> Lu
2014-06-21T00:20:15 <adriens33> hello
2014-06-21T00:32:29 <ValCab33> Tout à fait.
2014-06-21T01:01:54 <lezarius> Berry-Punch: stop le pounch
2014-06-21T01:02:03 <lezarius> et la vodka surtout ça te réusie pas
2014-06-21T01:02:04 <Berry-Punch> J'aimerais bien en reprendre, mais Colgate va se *hic* fâcher après…
2014-06-21T01:14:33 <lezarius> Comment reboot juste l'interface sans la session ?
2014-06-21T01:18:04 *** lezarius est parti
2014-06-21T01:19:12 *** lezarius s'est connecté
2014-06-21T02:06:36 *** Letarumavza est parti
2014-06-21T02:51:26 *** ValCab33 est parti
2014-06-21T06:17:42 *** ludvann s'est connecté
2014-06-21T06:18:16 <adriens33> re
2014-06-21T06:18:33 <ludvann> re
2014-06-21T06:18:45 <ludvann> j'ai bien dormi ^^
2014-06-21T06:18:49 <adriens33> XD
2014-06-21T06:18:56 <adriens33> c'était rapide
2014-06-21T06:19:09 <ludvann> ;)
2014-06-21T06:20:23 *** Letarumavza s'est connecté
2014-06-21T06:20:28 <Letarumavza> re
2014-06-21T06:20:30 <ludvann> yo !
2014-06-21T06:20:30 <adriens33> re
2014-06-21T06:20:39 <Letarumavza> clef de chiffrement changée et opérationelle.
2014-06-21T06:20:50 <ludvann> les grands esprit se rencontrent ^^
2014-06-21T06:21:22 <adriens33> tout à fait.
2014-06-21T06:21:33 <ludvann> ^^
2014-06-21T06:22:56 <ludvann> skype ?
2014-06-21T06:26:12 <Letarumavza> Deux sec, diagnostics réseaux et des noueds en cours
2014-06-21T06:34:51 <ludvann> bon je vais me poser un peu dans mon lit...
2014-06-21T06:34:58 <ludvann> @+
2014-06-21T06:35:04 * ludvann is afk
2014-06-21T06:36:36 *** ludvann est parti
2014-06-21T11:15:22 *** ludvann
FLushing output buffer[0m 2014-06-21T11:15:37 <ludvann> re !
2014-06-21T11:15:45 <ludvann> et Berry-Punch qui merdouille ^^
2014-06-21T11:22:44 *** ValCab33 s'est connecté
2014-06-21T11:23:06 <ValCab33> Hello
2014-06-21T11:23:18 <ludvann> ça va ?
2014-06-21T11:39:52 <adriens33> grrr
2014-06-21T11:39:56 *** lezarius est parti
2014-06-21T11:40:05 <adriens33> jme suis endormi 1/2 heure !!
2014-06-21T11:40:16 <adriens33> et le facteur a décidé de passer à ce moment là
2014-06-21T11:40:34 <adriens33> et du coup j'ai un bô papier de notif de colis à aller chercher !!
2014-06-21T11:41:09 <adriens33> et comme je bosse la semanine, je vais devois attendre jusqu'au weekend prochain pour voir mon colis >:(
2014-06-21T11:41:19 <adriens33> *avoir
2014-06-21T11:41:45 <ludvann> xD
2014-06-21T11:41:54 <adriens33> c'est pas drôle…
2014-06-21T11:41:55 <ludvann> epic fail...
2014-06-21T11:42:17 <adriens33> raison de non distribution : "vous étiez absent" JE T'EMMERDE  !!
2014-06-21T11:42:28 <ludvann> tu dormais*
2014-06-21T11:42:47 <adriens33> une pauvre demi heure putain…
2014-06-21T11:43:03 <ludvann> ...
2014-06-21T11:43:36 <ludvann> chose à part, je m'installe des pitits mods sympa (j'espère) sur ksp ^^
2014-06-21T11:45:52 <ludvann> le démarrage est loooooooooooooooooooooooooooooooooooooooooooooooooooooooooooooooooong...
2014-06-21T11:46:02 <ludvann> d'ailleurs tu peux me voice ?
2014-06-21T11:46:09 <ludvann> stp ^^
2014-06-21T11:46:12 <adriens33> pourquoi tu l'es pas ?
2014-06-21T11:46:16 <Berry-Punch> Flags de ludvann modifiés : *hic* +v
2014-06-21T11:46:16 <adriens33> !voice ludvann
2014-06-21T11:46:17 <ludvann> sais pas...
2014-06-21T11:46:20 <ludvann> thx
2014-06-21T11:46:38 * Berry-Punch lance un muffin sur ludvann à 62 km/h
2014-06-21T11:46:38 <ludvann> !muffin ludvann
2014-06-21T11:46:42 <ludvann> ...
2014-06-21T11:46:59 <ludvann> impuissance ? parlez-en à votre médecin...
2014-06-21T11:47:13 <ludvann> 62km/h...
2014-06-21T11:47:17 * Berry-Punch lance un muffin sur ludvann à 1655 km/h
2014-06-21T11:47:17 <Berry-Punch> MUFFIN RAINBOOM !! *hic* 
2014-06-21T11:47:17 <ludvann> !muffin ludvann
2014-06-21T11:47:22 <ludvann> yay !
2014-06-21T11:47:54 *** heuzef s'est connecté
2014-06-21T11:48:03 <Berry-Punch> Salut, *hic* heuzef !
2014-06-21T11:48:03 <ludvann> !niorphlo heuzef
2014-06-21T11:48:08 <ludvann> salut !
2014-06-21T11:48:16 <Berry-Punch> Voilà ce *hic* qu'il s'est passé ces 10 dernières lignes, heuzef
2014-06-21T11:48:17 <heuzef> !history
2014-06-21T11:48:26 <ludvann> bonjour grand maître gourou !!
2014-06-21T11:48:32 <heuzef> Tu t'auto-jette des muffins ? :D
2014-06-21T11:48:38 <ludvann> Eeyup
2014-06-21T11:48:47 <heuzef> J'achète
2014-06-21T11:48:49 <heuzef> ^^
2014-06-21T11:48:50 <ludvann> & problème d'umpuissance ^^ xD
2014-06-21T11:48:59 <adriens33> ta femme te l'dit souvent.
2014-06-21T11:49:02 <ludvann> (tu achetes quoi ?)
2014-06-21T11:49:03 <ludvann> xD
2014-06-21T11:49:26 <heuzef> J'ai cracké au faite
2014-06-21T11:49:34 <ludvann> pour quoi ?
2014-06-21T11:49:35 <heuzef> Je suis en train de concevoir mon jeux
2014-06-21T11:49:40 <ludvann> ?
2014-06-21T11:49:43 <ludvann> o/ ?
2014-06-21T11:49:44 <heuzef> ça m'obsède trop
2014-06-21T11:49:51 <ludvann> jeux de quoi ?
2014-06-21T11:49:55 <heuzef> JDR
2014-06-21T11:49:59 <ludvann> ah ^^
2014-06-21T11:50:00 <ludvann> o/
2014-06-21T11:50:17 <ludvann> ö/ <-- level up x3
2014-06-21T11:50:55 <ludvann> screens heuzef ?
2014-06-21T11:51:02 <heuzef> mmmm ché paaaaaaa
2014-06-21T11:51:02 <ludvann> (du rendu graphic)
2014-06-21T11:51:09 <heuzef> Mmmmmm :
2014-06-21T11:51:12 <heuzef> :
2014-06-21T11:51:14 <heuzef> :3
2014-06-21T11:51:17 <ludvann> ^^
2014-06-21T11:51:23 <ludvann> :) please ?
2014-06-21T11:51:36 <heuzef> mmmmmmmm ><
2014-06-21T11:51:37 <ludvann> et je morderai pas :)
2014-06-21T11:51:49 <ludvann> (tentant, non ? )
2014-06-21T11:52:17 <ludvann> (de pas mordre)
2014-06-21T11:52:49 <ludvann> et c'est en quel langage ?
2014-06-21T11:53:49 <heuzef> ^^
2014-06-21T11:54:09 <ludvann> ^^
2014-06-21T11:54:15 <heuzef> html / css / php / xml
2014-06-21T11:54:21 <ludvann> ah
2014-06-21T11:54:38 <ludvann> c'est en navigateur ou avec un client (+serveur)
2014-06-21T11:55:00 <heuzef> Navigateur
2014-06-21T11:55:11 <ludvann> cool :)
2014-06-21T11:55:46 <heuzef> Nécessite apache et après c'est qu'une installe
2014-06-21T11:55:54 <ludvann> apache ?
2014-06-21T11:55:57 <heuzef> Pour une interface de jeux
2014-06-21T11:56:00 <ludvann> beuark
2014-06-21T11:56:04 <heuzef
[1;37m==> FLushing output buffer[0m> Comme ça plus besoin de fiche perso::[1;37m==> FLushing output buffer[0m:
2014-06-21T11:56:05 <adriens33> ?
2014-06-21T11:56:09 <adriens33> c'est bien apache
2014-06-21T11:56:09 <ludvann> ^^
2014-06-21T12:00:43 <ValCab33> Wééé j'ai recu mon papier qui me dit que j'ai le permis ^^
2014-06-21T12:01:55 <heuzef> Yay !
2014-06-21T12:02:19 *** ludvann est parti
2014-06-21T12:06:18 *** ludvann s'est connecté
2014-06-21T12:06:22 <ludvann> GG ValCab33
2014-06-21T12:06:28 <ludvann> *party !*
2014-06-21T12:06:37 <ValCab33> ^^
2014-06-21T12:07:31 <heuzef> Permis moto ou voiture déjà ?
2014-06-21T12:07:42 <ludvann> moto
2014-06-21T12:07:43 <ValCab33> A1
2014-06-21T12:07:58 <ludvann> touché
2014-06-21T12:08:04 <ludvann> croiseur coulé
2014-06-21T12:08:09 <heuzef> xD
2014-06-21T12:08:16 <ludvann> xD
2014-06-21T12:12:13 <ValCab33> xD
2014-06-21T12:12:23 <ludvann> ^^
2014-06-21T12:18:52 *** ValCab33 est parti
2014-06-21T12:19:19 *** ValCab33 s'est connecté
2014-06-21T12:19:25 <ValCab33> Re
2014-06-21T12:19:35 <ludvann> re
2014-06-21T12:25:18 *** ludvann est parti
2014-06-21T12:55:19 <heuzef> Letarumavza ?
2014-06-21T13:00:00 <heuzef> adriens33: ?
2014-06-21T13:14:50 * ValCab33 is now afk (miamming)
2014-06-21T13:18:49 <adriens33> oui ?
2014-06-21T13:18:54 <adriens33> quoi ?
2014-06-21T13:20:07 <Letarumavza> gneuf ?
2014-06-21T13:59:49 * ValCab33 is no longer afk
2014-06-21T14:03:50 <adriens33> @heuzef ?
2014-06-21T14:03:54 <adriens33> dring ?
2014-06-21T14:19:15 <heuzef> Voila voila =)
2014-06-21T14:19:23 <heuzef> Putain de jeu, il m'obsède
2014-06-21T14:19:46 <heuzef> adriens33 vu le mal que je me donne t'as interêt d'y jouer
2014-06-21T14:19:49 <heuzef> Et à fond :D
2014-06-21T14:20:25 <Letarumavza> ?
2014-06-21T14:20:55 <adriens33
[1;37m==> FLushing output buffer[0m> @heuzef tu me menaces ? :D::[1;37m==> FLushing output buffer[0m:
2014-06-21T14:21:47 <heuzef> Ouais :P
2014-06-21T14:21:54 <adriens33> oulà j'ai peur :)
2014-06-21T14:25:08 <Letarumavza> http://steamcommunity.com/sharedfiles/filedetails/?id=273736051
2014-06-21T14:31:06 <heuzef> Il me faudrait un pti script php/js pour simuler un dé mais le plus simple possible
2014-06-21T14:31:37 <Letarumavza> En js tu peux pas call un randomint(1,6) ?
2014-06-21T14:32:36 *** ValCab33 est parti
2014-06-21T14:33:42 <heuzef> Ouais il me faut un truc léger comme ça avec un pti cube en CSS
2014-06-21T14:33:53 <adriens33> Math.floor(1+Math.random()*20)
2014-06-21T14:33:59 <adriens33> (pour un dé à 20 faces)
2014-06-21T14:35:00 <adriens33> LOL
2014-06-21T14:35:09 <adriens33> SFR qui m'envoie des pubs pour acheter un iPhone
2014-06-21T14:35:11 <adriens33> XD
2014-06-21T14:35:29 <adriens33> (d'ailleurs il font chier de m'envoyer des pubs, je suis même plus chez eux…)
2014-06-21T14:37:11 <adriens33> >_< le site qui te renvoie ton mot de passe en clair par mail à l'inscription…
2014-06-21T14:37:16 <adriens33> y'en a qui méritent des baffes.
2014-06-21T14:42:48 <Letarumavza> http://steamcommunity.com/sharedfiles/filedetails/?id=273742341
2014-06-21T14:43:08 <Letarumavza> arf
2014-06-21T14:43:13 <adriens33> attention ça brûle :à
2014-06-21T14:43:14 <adriens33> *:)
2014-06-21T14:44:17 <Letarumavza> Regardes la vitesse de vol
2014-06-21T14:44:22 <Letarumavza> C'est pas une réentrée ^^
2014-06-21T14:44:42 <Letarumavza> C'est une montée ^^
2014-06-21T14:44:44 <adriens33> ah ouais :o
2014-06-21T14:49:18 *** ludvann s'est connecté
2014-06-21T14:49:30 <ludvann> yo !
2014-06-21T14:49:51 <ludvann> me revoilà ^^
2014-06-21T14:49:56 <adriens33> plop
2014-06-21T14:50:00 <ludvann> leta'
2014-06-21T14:50:03 <ludvann> ?
2014-06-21T14:50:13 <ludvann> comment va françoise ?
2014-06-21T14:52:53 <ludvann> adriens33 skype ?
2014-06-21T14:53:35 <adriens33> heu… pourquoi pas
2014-06-21T14:53:42 <ludvann> ok ^^
2014-06-21T14:54:51 <heuzef> adriens33
2014-06-21T14:54:52 <heuzef> <?php
2014-06-21T14:54:53 <heuzef>                 $result = Math.floor(1+Math.random()*20);
2014-06-21T14:54:53 <heuzef>                 echo $result;
2014-06-21T14:54:53 <heuzef>               ?>
2014-06-21T14:55:02 <heuzef> J'ai une erreur
2014-06-21T14:55:13 <adriens33> c'est du JS pas du php :D
2014-06-21T14:55:24 <heuzef> :/
2014-06-21T14:55:40 <ludvann> :)
2014-06-21T14:56:02 <adriens33> en php c'est rand ( int $min , int $max )
2014-06-21T14:56:43 <heuzef> oui c'est bon
2014-06-21T14:56:47 <heuzef> merci ;)
2014-06-21T14:56:51 <adriens33> de rien
2014-06-21T14:59:18 <Letarumavza> Hum...
2014-06-21T14:59:58 <Letarumavza> "applejack when you go big you really go big" y'a que moi qui trouve cette phrase ultra détournable ?
2014-06-21T15:00:34 <ludvann> xD
2014-06-21T15:01:28 <adriens33> oulà
2014-06-21T15:02:23 <ludvann> pour la nlr ^^ http://th07.deviantart.net/fs70/PRE/f/2012/137/8/2/mlp_sugar_games_by_loceri-d5024i2.png
2014-06-21T15:18:50 <heuzef> mdr
2014-06-21T15:18:56 <ludvann> xD
2014-06-21T15:20:58 <heuzef> https://gm1.ggpht.com/gtquoNtBJACOetUhNB7ejOFoClQUd7uktGfyC7hqusWPcvvqdk1T0pQPp4Sqoq5vsMWWwwsU6efXv6epdE3Jp6SNfOnOITBgBUi-dAgZvW7Gyrfk4cqizW0EfOVX4yKs7p3JVgT-z3imtsorLnLjjSPCM28cmsIBGoRVnnkHzcshZcV9u3DgDZlFghVc5V4rLpzRy_ycFkw3vE7W_-gImFeH2wv-9vOmYTimg9egBPVxmHNR6-cMGOlBpm8aYK3qo7ZVeKayesmFjlq-mamHh60V4M-Um48M35QZ3B9kJrWhs7__Max-AK3pk-mzF3ncmNwTfezj
2014-06-21T15:20:58 <heuzef> GQJF8VZKV5zRUpCIQ4Y27NmEl1f-tGltHimGRkeeGdmPtY9VIj1miORL-IHa0I80_GIzt6ud3-fAC6G13z-v3XToRfl-XQqro_qO7S49Ow8DWfu18dKjhVJEfZcpEy1xEPxfny_82sEo0fFGsOwvOFgh5fs9Lo0v5Yk-REkSyF650Rn2yrcKMqEkTt8kZY3MVfCqYCqA9gQIhd4fRnuRIEUoqBwIIEsmVl_il591iu7AmLQmXQox_kaPap2bink=w1243-h460-l75
2014-06-21T15:21:05 <heuzef> :P
2014-06-21T15:21:27 <adriens33> bit.ly stp…
2014-06-21T15:22:27 <heuzef> derpy.me offline :(
2014-06-21T15:22:43 <adriens33> bit.ly alors
2014-06-21T15:22:52 <ludvann> bitly.com
2014-06-21T15:25:37 <heuzef> http://goo.gl/T2HHR5
2014-06-21T15:25:46 <heuzef> j'aime bien google
2014-06-21T15:25:49 <ludvann> error
2014-06-21T15:26:32 <heuzef> :/
2014-06-21T15:26:45 <heuzef> zarb
2014-06-21T15:27:02 <ludvann> ...
2014-06-21T15:27:32 <adriens33> …
2014-06-21T15:27:36 <adriens33> http://bit.ly/
2014-06-21T15:28:08 <heuzef> http://i.imgur.com/VITxX5j.png
2014-06-21T15:28:25 <heuzef> rien à voir
2014-06-21T15:28:33 <heuzef> C'été le lien en lui même qui été en 403
2014-06-21T15:28:49 <ludvann
[1;37m==> FLushing output buffer[0m> activité sans "e" beach please...::[1;37m==> FLushing output buffer[0m:
2014-06-21T15:31:51 <heuzef> tain essaie plutôt de rire grammar nazi
2014-06-21T15:32:09 <ludvann> ^^
2014-06-21T15:32:26 <ludvann> j'adore twilight et trixie xD
2014-06-21T15:32:37 <adriens33> cool ta vie, tu veux un muffin ?
2014-06-21T15:33:46 <heuzef> adriens33: c'est le stresse pour Lundi qui de fait consommer des méchantox ?
2014-06-21T15:34:24 <ludvann> xD
2014-06-21T15:36:39 <heuzef> D’ailleurs ça se passe bien .
2014-06-21T15:36:41 <heuzef> ?
2014-06-21T15:37:34 <adriens33> bof
2014-06-21T15:39:07 <heuzef> ha ?
2014-06-21T15:49:36 <Letarumavza> Dites les filles, un sticker rainbow das pour clloer sur enola gay, quelqu'un a ça en stock ?
2014-06-21T15:49:52 <ludvann> gné ?
2014-06-21T15:49:56 <Letarumavza> dash* coller*
2014-06-21T15:50:05 <Letarumavza> rémanence de mes deux
2014-06-21T15:50:52 <ludvann> et tu peux pas t'en faire un ^^ ?
2014-06-21T15:55:50 <Letarumavza> Faut une imprimante.
2014-06-21T15:56:09 <adriens33> j'ai une laser couleur si tu veux :)
2014-06-21T15:56:14 <ludvann> et tue as pas ?
2014-06-21T15:56:22 <ludvann> tu en *
2014-06-21T16:00:17 *** ValCab33 s'est connecté
2014-06-21T16:00:20 <ValCab33> Reuh
2014-06-21T16:00:30 <ludvann> meuh !
2014-06-21T16:02:15 <ludvann> heuzef ?
2014-06-21T16:05:17 <Letarumavza> Ok adrien, tu me dis ce qu'il te faut comme matos et je te trouverai ça
2014-06-21T16:05:35 <Letarumavza> J'ai des fournisseurs pour tout ce qui s'achete
2014-06-21T16:05:38 <adriens33> ah
2014-06-21T16:06:07 <adriens33> ça va, disons que mes cartouches de toner ont une certaine autonomie
2014-06-21T16:06:14 <adriens33> et qu'elles sont pratiquement pleine
2014-06-21T16:06:17 <adriens33> *pleins
2014-06-21T16:06:20 <adriens33> *pleines
2014-06-21T16:06:21 <adriens33> (gné)
2014-06-21T16:06:24 <Letarumavza> Tu me passera la ref quand même
2014-06-21T16:07:47 <adriens33> Brother HL3040CN pour l'imprimante
2014-06-21T16:09:43 <Letarumavza> Bon.
2014-06-21T16:09:52 <ludvann> ?
2014-06-21T16:09:58 <Letarumavza> Je suis entrain de tester des nouvelles sondes sur KSP
2014-06-21T16:10:03 <Letarumavza> Vous les voulez ?
2014-06-21T16:10:05 <ludvann> and ?
2014-06-21T16:10:14 <ludvann> donne quoi ?
2014-06-21T16:10:23 <ludvann> elles donnent quoi ? *
2014-06-21T16:10:24 <Letarumavza> Sondes spéciale science.
2014-06-21T16:10:31 <ludvann> ah...
2014-06-21T16:10:43 <ludvann> je suis en mode sand-box ^^
2014-06-21T16:56:26 <Letarumavza> what the
2014-06-21T16:56:32 <ludvann> ?
2014-06-21T16:56:37 <Letarumavza> Pourquoi ma machine rame d'un coups ?
2014-06-21T16:56:45 <ludvann> mauvaise qualité
2014-06-21T16:56:49 <heuzef> Windows :P
2014-06-21T16:57:23 <adriens33> truc random qui a décidé de te pourrir la vie ?
2014-06-21T16:57:50 <adriens33> (du genre Adobe updater qui se lance ou autre merde dans le genre)
2014-06-21T16:57:52 <Letarumavza> "Échec de la procédure d’ouverture pour le service « BITS » dans la DLL « C:WindowsSystem32bitsperf.dll ». Les données de performance de ce service ne seront pas disponibles. Le premier mot (DWORD) de la section Données contient le code d’erreur."
2014-06-21T16:58:01 <adriens33> oulà
2014-06-21T16:58:36 <heuzef> Windows ^^ o/
2014-06-21T16:58:38 <Letarumavza> J'ai enfin trouvé ce qui cause ces coups de ramage
2014-06-21T16:58:45 <adriens33> ah ?
2014-06-21T16:58:48 <Letarumavza> et que se résoud par un reboot
2014-06-21T16:58:48 <heuzef> Bon courrage pour débug
2014-06-21T16:58:49 <adriens33> je suis curieux
2014-06-21T16:59:16 <adriens33> un truc qui a des fuites mémoires et qui te bouffe la ram ?
2014-06-21T17:02:29 <Letarumavza> Je balance un scan sfc
2014-06-21T17:02:38 <Letarumavza
[1;37m==> FLushing output buffer[0m> (system files check)::[1;37m==> FLushing output buffer[0m:
2014-06-21T17:02:49 <Letarumavza> ça ressemble à une dll windows corrompue
2014-06-21T17:03:56 <adriens33> ah
2014-06-21T17:04:09 <adriens33> pas cool
2014-06-21T17:04:24 <adriens33> et tu sais à quoi il sert ce service bits ?
2014-06-21T17:04:34 <Letarumavza> Aucune putain d'idée
2014-06-21T17:04:49 <Letarumavza> Mais il porte la signature numérique microsoft
2014-06-21T17:04:56 <ludvann> c'est françoise !
2014-06-21T17:05:05 <adriens33> au pire si c'est pas trop utile et que t'as moyen de le désactiver ça peut éviter que ça continue à ramer
2014-06-21T17:05:08 <adriens33> XD
2014-06-21T17:05:28 <Letarumavza> En fait c'est le perf checker j'ai l'inmpréssion.
2014-06-21T17:05:38 <adriens33> laisse moi résumer:
2014-06-21T17:05:47 <adriens33> c'est l'outil de vérification des performances…
2014-06-21T17:05:57 <adriens33> qui te diminue les performances de la machine ?
2014-06-21T17:05:59 <adriens33> LOL
2014-06-21T17:06:10 <adriens33> pas mal celle ci
2014-06-21T17:06:36 <Letarumavza> Bah il pense que les températures sont au max, donc il bride
2014-06-21T17:06:55 <adriens33> avec du watercooling ?
2014-06-21T17:06:57 <Letarumavza> C'est peut-être un senseur qui déconne.
2014-06-21T17:07:04 <adriens33> surement même
2014-06-21T17:07:26 <adriens33> voire carrément un qu'est pas relié, et du coup windows capte la valeur maxi possible
2014-06-21T17:07:29 <adriens33> (déjà vu)
2014-06-21T17:07:44 <Letarumavza> Mais je pense plutot à une valeur hexa balancée par le senseur qui est interprétée comme une binaire
2014-06-21T17:08:35 <Letarumavza> L'avantage c'est que là il fait une analyse des hash des fichiers système.
2014-06-21T17:08:53 <Letarumavza> Si il en trouve un qui correspond pas à la database windows il le redl
2014-06-21T17:10:40 <Letarumavza> tu dois avoir la même chose avec archlinux non ?
2014-06-21T17:10:46 <adriens33> de quoi ?
2014-06-21T17:11:06 <Letarumavza> Un système automatique de chek/retrieve des fichiers de l'OS.
2014-06-21T17:11:47 <adriens33> ben disons que y'a que le root qui peut y toucher aux fichiers système… et à chaque maj( y'en a tous les jours), il dl les paquets qui sont signés → moindre erreur de signature et ça hurle
2014-06-21T17:11:58 <adriens33> et si un paquet veut écraser des fichiers d'un autre
2014-06-21T17:12:09 <adriens33> (en mode ni vu ni connu jte remplace firefox par un rootkit)
2014-06-21T17:12:14 <adriens33> le truc gueule aussi
2014-06-21T17:12:40 <adriens33> mais ce que tu dis à la limite c'est implémentable en shell en faisant une passe sur tous les fichiers et en les hashant
2014-06-21T17:12:45 *** Eclipse2212 s'est connecté
2014-06-21T17:12:51 <adriens33> en mettant ça dans une BD bien au chaut
2014-06-21T17:12:52 <Eclipse2212> Hay!
2014-06-21T17:12:53 <adriens33> *chaud
2014-06-21T17:12:56 <adriens33> salut
2014-06-21T17:13:02 <Letarumavza> intéréssant comme idée
2014-06-21T17:13:08 <adriens33> et en repassant tous les jours vior s'il y a des différences
2014-06-21T17:13:15 <adriens33> ben j'avais pensé faire ça à une époque
2014-06-21T17:13:19 <adriens33> mais j'ai pas eu le temps
2014-06-21T17:13:23 <Eclipse2212> de?
2014-06-21T17:13:27 <Berry-Punch> Voilà ce qu'il s'est passé ces 10 dernières lignes, *hic* adriens33
2014-06-21T17:13:28 <adriens33> !history
2014-06-21T17:13:31 <adriens33> damn
2014-06-21T17:13:42 <Eclipse2212> :D
2014-06-21T17:13:52 <adriens33> un truc qui vérifie les fichiers système et t'avertit en cas de modification quelconque
2014-06-21T17:13:59 <Eclipse2212> aok
2014-06-21T17:14:25 <adriens33> sous windows c'est intégré, mais c'est que pour les fichiers windows (vu qu'ils sont signés par MS et qu'ils ont une BD des hash que t'es sensé avoir)
2014-06-21T17:14:57 <adriens33> moi je pensais faire carrément un truc qui te crée la BD avec les hash et qui vérifie s'il y a modif en comparant le hash des fichiers avec la version enregistrée
2014-06-21T17:15:11 <Eclipse2212> pas mal...
2014-06-21T17:15:25 <adriens33> pas trop dur à faire en bash ça :D
2014-06-21T17:15:37 <adriens33> bon je go me doucher, ++
2014-06-21T17:15:51 <adriens33> (c'est un peu l'idée :p)
2014-06-21T17:15:55 *** adriens33 est parti
2014-06-21T17:20:15 *** Eclipse2212 est parti
2014-06-21T17:23:33 <Letarumavza> Bon,je reboot, manifestement c'est mon AV qui fout la merde...
2014-06-21T17:23:39 *** Letarumavza est parti
2014-06-21T17:30:58 *** AlphaDash s'est connecté
2014-06-21T17:33:02 <AlphaDash> Hey berry toujours dans les 3 grammes ?
2014-06-21T17:42:55 <heuzef> Salut AlphaDash ^^
2014-06-21T17:43:13 <AlphaDash> salut
2014-06-21T17:43:17 <AlphaDash> ça va?
2014-06-21T17:43:20 <heuzef> yep
2014-06-21T17:43:29 <heuzef> Je suis en train de concevoir un pti jeux
2014-06-21T17:43:30 <ludvann> yo
2014-06-21T17:43:32 <heuzef> Sympatoche
2014-06-21T17:43:54 <ludvann> heuzef ?
2014-06-21T17:43:57 <heuzef> ?
2014-06-21T17:44:37 <AlphaDash> ok
2014-06-21T17:44:39 <ludvann> tu te souviens que tu m'avais dit que j'allais en baver pour après mon opération ?
2014-06-21T17:44:44 <heuzef> Yep
2014-06-21T17:45:18 <ludvann> finalement, j'ai mal que en souriant (en exagérant) et quand j'ouvre la bouche en grand donc ^^
2014-06-21T17:45:22 <ludvann> o/
2014-06-21T17:45:28 <ludvann> ö/
2014-06-21T17:45:29 <heuzef> ^^
2014-06-21T17:45:47 <ludvann> ö/|`''
2014-06-21T17:45:48 <heuzef> Si tu souffre trop j'ai de la codeïne a la maison
2014-06-21T17:45:51 <ludvann> ^^
2014-06-21T17:46:06 <ludvann
[1;37m==> FLushing output buffer[0m> nan ça va (pour le moment ^^ =::[1;37m==> FLushing output buffer[0m:
2014-06-21T17:46:10 <ludvann> )*
2014-06-21T17:46:48 <heuzef> Oui ça semble bien ce passer
2014-06-21T17:46:52 <ludvann> et les dolipranes de1g...
2014-06-21T17:47:14 <ludvann> ça calme ^^ (c'est la première fois que je prend des doipranes ^^ )
2014-06-21T17:47:19 <ludvann> doli*
2014-06-21T17:47:45 <ludvann> (j'adore FeedThePatrick http://imgur.com/uDjKjfx )
2014-06-21T17:48:28 <ludvann> yay !
2014-06-21T17:50:02 <ludvann> et tu en es où pour ton jeux heuzef ?
2014-06-21T17:51:02 <heuzef> J'ai finit UI ^^
2014-06-21T17:51:12 <heuzef> Manque plus qu'à rendre ça dynamique
2014-06-21T17:51:15 <ludvann> je peux voir ?
2014-06-21T17:51:19 <heuzef> hmmmmmmmmm
2014-06-21T17:51:29 <ludvann> :'(
2014-06-21T17:51:48 <heuzef> mmmmmmm ><
2014-06-21T17:51:54 <ludvann> hum...
2014-06-21T17:52:16 <heuzef> :P
2014-06-21T17:52:23 <heuzef> Pas de spoil
2014-06-21T17:52:23 <ludvann> :)
2014-06-21T17:52:25 <ludvann> ok
2014-06-21T17:53:07 <heuzef> Ou alors un piti ?
2014-06-21T17:53:23 <ludvann> kapoué ?
2014-06-21T17:55:27 <ludvann> ?
2014-06-21T17:55:44 <heuzef> Bon aller juste un petit bout pour garder du suspense quand même ;)
2014-06-21T17:55:46 <heuzef> http://i.imgur.com/o31oHcz.png
2014-06-21T17:55:56 <ludvann> xD
2014-06-21T18:01:12 <ludvann> tu as pas plutôt l'hurle du site ?
2014-06-21T18:34:02 *** ValCab33 est parti
2014-06-21T18:37:18 *** ValCab33 s'est connecté
2014-06-21T18:37:22 <ValCab33> Re
2014-06-21T18:37:54 <ludvann> yo
2014-06-21T18:40:44 *** heuzef est parti
2014-06-21T18:56:54 *** AlphaDash est parti
2014-06-21T19:58:20 *** Utilisateur s'est connecté
2014-06-21T20:03:22 <Letarumavza> Putain hexchat qui met le gwak et pomme mes settings..
2014-06-21T20:24:48 <BronyCUB-MC
[1;37m==> FLushing output buffer[0m> Shinsaber has joined the server!::[1;37m==> FLushing output buffer[0m:
2014-06-21T20:26:07 <BronyCUB-MC> Shinsaber has quit the server!
2014-06-21T20:39:49 <ludvann> yo
2014-06-21T22:28:50 <ludvann> bah dit donc, elle est bourrée berry ^^
2014-06-21T22:29:45 <ludvann> Letarumavza tu es là ?
2014-06-21T22:29:50 <ludvann> et ValCab33 ?
2014-06-21T22:29:56 <Letarumavza> yep
2014-06-21T22:30:02 *** ValCab33 est parti
2014-06-21T22:30:22 *** ValCab33 s'est connecté
2014-06-21T22:30:24 <ludvann> cool ^^
2014-06-21T22:30:28 <ValCab33> Bug
2014-06-21T22:30:43 <Berry-Punch> Voilà ce qu'il s'est passé ces 10 dernières lignes, ValCab33 *hic* 
2014-06-21T22:30:44 <ValCab33> !history
2014-06-21T22:30:45 <ludvann> comment s'appelle ton pc leta' (verif ^^)
2014-06-21T22:30:51 <ludvann> comment s'appelle ton pc leta' (verif ^^)
2014-06-21T22:31:07 <ValCab33> Thx berry
2014-06-21T22:31:22 <ludvann> leta ?
2014-06-21T22:31:22 <Letarumavza> Enola Gay
2014-06-21T22:31:26 <ludvann> yay !
2014-06-21T22:31:35 <ludvann> c'est bon c'est pas un fake o/
2014-06-21T22:31:43 <ludvann> (ou imposteur)
2014-06-21T22:31:45 <ludvann> :)
2014-06-21T22:31:55 <ludvann> tu as tf2 ?
2014-06-21T22:32:37 <ValCab33> Enooola gay
2014-06-21T22:32:56 <ValCab33> You should have stayed at home yesterday
2014-06-21T22:33:28 <ludvann> OMD ^^
2014-06-21T22:33:42 <ludvann> skype ?
2014-06-21T22:34:49 <ludvann> ?
2014-06-21T22:34:56 <ValCab33> Ok
2014-06-21T22:35:10 <ValCab33> 2 sec
2014-06-21T22:35:21 <ludvann> et toi leta' ?
2014-06-21T22:36:11 <ludvann> ?
2014-06-21T22:37:31 <ludvann> ?
2014-06-21T22:37:44 <ValCab33> [No signal]
2014-06-21T22:38:45 <ludvann> xD
2014-06-21T22:51:46 <Letarumavza> niop
2014-06-21T22:52:10 <Letarumavza> (j'ai pas TF2, ceci dit je suis sur minecraft en mode bourrin)
2014-06-21T22:54:50 <ludvann> tu veux skype ? (il y a ValCab33)
2014-06-21T22:56:15 <ludvann> Letarumavza ?
2014-06-21T22:56:51 <Letarumavza
[1;37m==> FLushing output buffer[0m> why not::[1;37m==> FLushing output buffer[0m:
2014-06-21T23:56:52 <ValCab33> Trèd le crash de skype
2014-06-21T23:57:01 <ValCab33> *très
2014-06-21T23:57:01 <ludvann> ^^
