2014-06-28T02:08:58 <Letarumavza> ah mais ça sert à que dalle...
2014-06-28T02:09:09 <Letarumavza> Si je delete l'image ça va redirect sur la liste des galeries...
2014-06-28T02:09:21 <adriens33> et comme la ml c'est du googlegroups…
2014-06-28T02:09:28 <ValCab33> Tu peux pas delete la petition ludvann ?
2014-06-28T02:09:30 <adriens33> bonne chance pour down tous les serveurs de google en même temps
2014-06-28T02:09:36 <adriens33> putain c'pas con ça
2014-06-28T02:09:43 <ludvannn> XD
2014-06-28T02:10:28 <Letarumavza> delete ça ma grosse, si flo tombe dessus t'es mort ^^
2014-06-28T02:11:21 <Letarumavza> http://g.e-hentai.org/r/fe6f839e52eaa54b78e70e664fa314702a1bd7cd-120605-915-873-jpg/forumtoken/711662-6/berry_punch_a_k_a_oppp_by_whitmaverick_d3kvjsf.jpg
2014-06-28T02:11:21 *** ValCab33 est parti
2014-06-28T02:11:34 <Letarumavza> -del -r -t
2014-06-28T02:11:41 <Letarumavza> arf, alt+tab foiré
2014-06-28T02:11:53 <ludvannn> Kzlus jeune persinne est de 20
2014-06-28T02:12:04 <ludvannn> 2000*
2014-06-28T02:12:09 *** ValCab33 s'est connecté
2014-06-28T02:12:10 <adriens33> ouais, 14ans.
2014-06-28T02:12:21 <adriens33> si quelqu'un tombe dessus t'es super mal
2014-06-28T02:12:23 <Letarumavza> tentez de vous co
2014-06-28T02:12:25 <Letarumavza> http://g.e-hentai.org/r/fe6f839e52eaa54b78e70e664fa314702a1bd7cd-120605-915-873-jpg/forumtoken/711662-6/berry_punch_a_k_a_oppp_by_whitmaverick_d3kvjsf.jpg
2014-06-28T02:12:31 <Letarumavza> normalement je l'ai lock.
2014-06-28T02:12:36 <adriens33> 403
2014-06-28T02:12:41 <adriens33> accès refusé
2014-06-28T02:12:44 <ValCab33> 403 access denied
2014-06-28T02:12:44 <Letarumavza> yes
2014-06-28T02:12:52 <Letarumavza> Mais elle est encore sur le cache du tunnel
2014-06-28T02:12:57 <adriens33> mais il a link la page, pas l'image…
2014-06-28T02:12:59 <Letarumavza> Je sais pas quand il va refresh
2014-06-28T02:13:05 <adriens33> y'aura quand même la pub autour non ?
2014-06-28T02:13:15 <Letarumavza> Sans image la page est pas générée
2014-06-28T02:13:43 <adriens33> http://g.e-hentai.org/s/fe6f839e52/711662-6
2014-06-28T02:13:56 <adriens33> ça passe chez vous ?
2014-06-28T02:13:59 <Letarumavza> elle est dans le cache
2014-06-28T02:14:05 <Letarumavza> mais elle est plus en direct
2014-06-28T02:14:10 <adriens33> le cache du site je suppose
2014-06-28T02:14:12 <Letarumavza> faut attendre le flush
2014-06-28T02:14:15 <Letarumavza> yep
2014-06-28T02:14:20 <adriens33> espérons qu'il sera pas trop long…
2014-06-28T02:14:23 <Letarumavza> et je peux pas le déclencher
2014-06-28T02:14:25 <adriens33> (cmb)
2014-06-28T02:14:31 <adriens33> arf :/
2014-06-28T02:14:42 <Letarumavza> bien placé ton cmb ^^
2014-06-28T02:15:22 <Letarumavza> oh merde...
2014-06-28T02:15:49 <Letarumavza> Comme le lien a été générée via bit.ly la page a été chargé sur le cloud...
2014-06-28T02:15:57 <Letarumavza> Pour permettre un fort trafic...
2014-06-28T02:16:07 <Letarumavza> ...
2014-06-28T02:16:18 <Letarumavza> Je peux pas flush le cloud, j'ai pas la main dessus...
2014-06-28T02:16:19 <adriens33> …
2014-06-28T02:16:24 <adriens33> putain…
2014-06-28T02:16:36 <adriens33> ludvann pourquoi tu l'a pas envoyé par mail aux parents tant que t'y étais ?
2014-06-28T02:16:43 <ValCab33> Peut pas 'simplement' supprimmer la pétition ?
2014-06-28T02:16:53 <adriens33> ben je lui ai demandé deux fois j'ai pas eu de réponse
2014-06-28T02:16:53 <Letarumavza> Je déteste mes idées innovantes pour économiser de la bande passante serveur.
2014-06-28T02:17:00 <adriens33> je crois qu'il a du partir se cacher
2014-06-28T02:17:39 <Letarumavza> Y'en a un qui va se prendre un speech de grands frères en 7.1 demain....
2014-06-28T02:17:59 <Letarumavza> Entre flo qui risque d'être en total flip, adri en moi...
2014-06-28T02:18:02 <adriens33> avec son numérique et bass boost
2014-06-28T02:18:12 <adriens33> à la limite sur l'irc c'était drôle
2014-06-28T02:18:14 <Letarumavza> Analogique...
2014-06-28T02:18:29 <adriens33> et sur le site y'a que les 8 dernières lignes, facile à flush
2014-06-28T02:18:39 <Letarumavza> 1
2014-06-28T02:18:39 <Letarumavza> 2
2014-06-28T02:18:39 <Letarumavza> 3
2014-06-28T02:18:40 <Letarumavza> 4
2014-06-28T02:18:40 <Letarumavza> 5
2014-06-28T02:18:40 <Letarumavza> 6
2014-06-28T02:18:41 <Letarumavza> 7
2014-06-28T02:18:41 <Letarumavza> 8
2014-06-28T02:18:44 <adriens33> (et sur mon lastday_bronycub.php que jusqu'à minuit)
2014-06-28T02:19:04 <adriens33> donc suffit de flush la log (la déplacer dans le dossier d'archivage en l'occurence) et c'est bon
2014-06-28T02:19:04 <Letarumavza> Que tu peux flush en plus non ?
2014-06-28T02:19:13 <ludvannn> Re
2014-06-28T02:19:15 <adriens33> ben c'est un pauvre fichier .log à déplacer
2014-06-28T02:19:32 <Letarumavza> alors, tu peux delete la pétition ?
2014-06-28T02:19:36 <adriens33> putain t'as intérêt à acheter de l'aspirine…
2014-06-28T02:19:44 *** ValCab33 est parti
2014-06-28T02:20:02 <ludvannn> j'ai envoyé un mail disant de ne pas ouvrir l'image...
2014-06-28T02:20:09 <Letarumavza> ...
2014-06-28T02:20:12 <adriens33> et tu peux pas suprimmer la pétition ??
2014-06-28T02:20:17 <Letarumavza> Putain mais t'es con ou quoi ?
2014-06-28T02:20:19 *** ValCab33 s'est connecté
2014-06-28T02:20:22 <adriens33> ÇA FAIT 4 FOIS QU'ON TE DEMANDE BBORDEL !!!
2014-06-28T02:20:25 <adriens33> bon tu sais quoi ?
2014-06-28T02:20:26 <ludvannn> Je vais delete la pet'(sui j peux)
2014-06-28T02:20:30 <adriens33> tu vire la pétition de suite
2014-06-28T02:20:37 <adriens33> jte déban quand elle y est plus.
2014-06-28T02:20:47 <Berry-Punch> Flags de ludvann modifiés : *hic* +b
2014-06-28T02:20:47 <adriens33> !flag mod +b ludvann
2014-06-28T02:20:48 <Letarumavza> 0o
2014-06-28T02:20:49 <Berry-Punch> Flags de ludvannn modifiés *hic* : +b
2014-06-28T02:20:49 <adriens33> !flag mod +b ludvannn
2014-06-28T02:20:55 <Berry-Punch> Flags de ludvannn modifiés en *hic* +b
2014-06-28T02:20:55 <adriens33> !flag set +b ludvannn
2014-06-28T02:20:56 <Berry-Punch> Flags de ludvann modifiés *hic* en +b
2014-06-28T02:20:56 <adriens33> !flag set +b ludvann
2014-06-28T02:20:59 <adriens33> voilà.
2014-06-28T02:21:15 <Letarumavza> Pourquoi t'as pas flag l'ip ?
2014-06-28T02:21:21 <adriens33> merde…
2014-06-28T02:21:33 <Letarumavza> à ton service ^^
2014-06-28T02:21:41 <Letarumavza> Et penses à kick btw
2014-06-28T02:21:50 <Letarumavza> le +b suffit pas
2014-06-28T02:21:52 <adriens33> ben le flag +b te kick automatiquement
2014-06-28T02:21:58 <adriens33> j'ai testé à la main avec netcat
2014-06-28T02:22:04 <adriens33> le serveur te sort du canal
2014-06-28T02:22:15 <adriens33> là le nick apparait encore
2014-06-28T02:22:18 <Letarumavza> Je le vois encore en liste
2014-06-28T02:22:22 <adriens33> mais en fait il est déco de bronycub
2014-06-28T02:22:27 <adriens33> et il peut plus envoyer de msg ici
2014-06-28T02:22:44 <adriens33> (testé plusieurs fois à la main pour être sûr)
2014-06-28T02:22:52 <Letarumavza> Il est tellement dans la merde...
2014-06-28T02:23:18 <Letarumavza> En plus flo qu'est ultra calme et sympa tout le temps, quand il doit péter ça doit être nucléaire...
2014-06-28T02:23:33 <adriens33> c'est ce que je me disais tout à l'heure
2014-06-28T02:23:45 <adriens33> en plus il était tout content d'avoir fini l'interf de son jdr…
2014-06-28T02:23:47 <adriens33> :(
2014-06-28T02:24:08 <ValCab33> Ya du mail
2014-06-28T02:24:10 <Letarumavza> Putain, demain ça va être bagdad...
2014-06-28T02:24:39 <Letarumavza> alex est un con...
2014-06-28T02:25:24 <Letarumavza> Oh merde..
2014-06-28T02:25:31 <Letarumavza> Attends...
2014-06-28T02:26:14 <Berry-Punch> (histoire de faire le *hic* ménage)
2014-06-28T02:26:19 <Letarumavza> Un truc qui a été en hotlink sur gouglegroups, il est pas automatiquement sauvegardé ?
2014-06-28T02:26:24 <adriens33> heu…
2014-06-28T02:26:27 <adriens33> j'ai peur là…
2014-06-28T02:26:46 <adriens33> c'est bien possible…
2014-06-28T02:27:02 <Letarumavza> C'est le cas pour ce qui est entré dans le cache de recherche du bot...
2014-06-28T02:27:19 <Letarumavza> donc c'est le cas pour les link group puisqu'ils activent le bot...
2014-06-28T02:27:28 <Letarumavza> Donc un google history permet d'afficher la page...
2014-06-28T02:27:54 * adriens33 faceground
2014-06-28T02:27:54 <Letarumavza> Et connaissant flo, même si la pétition est supprimée, il va le faire...
2014-06-28T02:28:51 <Letarumavza> https://www.youtube.com/watch?v=xdsHQoQ4zZ8
2014-06-28T02:29:23 <ValCab33> La pétition est fermée mais pas supprimée...
2014-06-28T02:29:36 <adriens33> bon, super… il est 2h30 du mat, j'ai deux colis à réceptionner demain matin, y'a de l'orage (donc pour le pc vaudrait mieux que je l'éteigne), y'a un orage nucléaire qui se prépare…
2014-06-28T02:29:40 <adriens33> qui dit mieux ??
2014-06-28T02:29:58 <adriens33> (merci Leta pour le lien, ça détend les nerfs un peu :()
2014-06-28T02:29:59 <Letarumavza> ecoute le lien que j'ai envoyé
2014-06-28T02:30:04 <Letarumavza> ça résume l'instant
2014-06-28T02:30:56 <ValCab33> C'est bon, tout va bien, problem solved, il n'y a plus le lien dans la pétition
2014-06-28T02:31:12 <Berry-Punch> Flags de ludvann modifiés : -b *hic* 
2014-06-28T02:31:12 <adriens33> !flag mod -b ludvann
2014-06-28T02:31:14 <Berry-Punch> Flags de ludvannn modifiés : *hic* -b
2014-06-28T02:31:14 <adriens33> !flag mod -b ludvannn
2014-06-28T02:31:18 <Letarumavza> sisi
2014-06-28T02:31:20 <Letarumavza> Sur le N
2014-06-28T02:31:26 <adriens33> oh
2014-06-28T02:31:28 <adriens33> l'enculé…
2014-06-28T02:31:30 <ValCab33> Oh shit
2014-06-28T02:31:31 <Letarumavza> val => ctrl+U
2014-06-28T02:31:39 <Berry-Punch> Flags *hic* de ludvann modifiés : +b
2014-06-28T02:31:39 <adriens33> !flag mod +b ludvann
2014-06-28T02:31:41 <Berry-Punch> Flags *hic* de ludvannn modifiés : +b
2014-06-28T02:31:41 <adriens33> !flag mod +b ludvannn
2014-06-28T02:31:49 <Letarumavza> Toujours vérif le code source
2014-06-28T02:32:50 <Letarumavza> En plus ça peut tomber en résultat google si on cherche flo...
2014-06-28T02:33:00 <Letarumavza> Donc ça peut lui nuire un poil coté pro...
2014-06-28T02:33:02 <adriens33> oO
2014-06-28T02:33:04 <adriens33> merde
2014-06-28T02:33:14 <Letarumavza> Lud est tellement mort...
2014-06-28T02:33:19 <adriens33> du coup flo risque d'avoir des pb aussi
2014-06-28T02:33:33 <adriens33> le mec qui me demande de le déban…
2014-06-28T02:33:54 <Letarumavza> Là j'ai l'impression qu'il déconne vraiment
2014-06-28T02:33:59 <Letarumavza> Planquer le lien dans la page...
2014-06-28T02:34:30 *** Letarumavza est parti
2014-06-28T02:34:30 *** Letarumavza s'est connecté
2014-06-28T02:34:46 <adriens33> je lui dis qu'il y a encor le lien…
2014-06-28T02:34:52 <adriens33> il me dit "j'ai fermé la pétition"
2014-06-28T02:34:59 <adriens33> c't'enfoiré…
2014-06-28T02:35:04 <adriens33> la pétition est tjrs lisible
2014-06-28T02:35:08 <adriens33> +linkée sur la ML
2014-06-28T02:35:15 <adriens33> +le lien qu'est encore dedans.
2014-06-28T02:35:18 <Letarumavza> Encore du moment que la vanne était une vanne ça va...
2014-06-28T02:35:36 <Letarumavza> Mais là la prise pour un con en planquant le lien dans la pétition à la discrete...
2014-06-28T02:36:10 <Letarumavza> (j'ai le code source de ma page active sur le 2° écran ça facilite la détection)
2014-06-28T02:36:39 <Letarumavza> bon, ça fait un peu matrix avec le vert sur noir, mais j'aime bien ^^
2014-06-28T02:36:52 <adriens33> l'enculé me raccroche à la gueule en plus.
2014-06-28T02:37:42 <Letarumavza> bobak qui poste des screens de KSP...
2014-06-28T02:38:05 <adriens33> putain…
2014-06-28T02:38:12 <adriens33> déjà qu'on avait des probl_mes d'image
2014-06-28T02:38:20 <adriens33> on va passer pour quoi ??
2014-06-28T02:38:44 <Letarumavza> Je sais pas, mais ça sent l'orage
2014-06-28T02:38:49 <Letarumavza> Et ça n'a rien à voir avec le ciel
2014-06-28T02:38:51 <adriens33> tu te souviens un renard qu'était passé ?
2014-06-28T02:39:01 <Letarumavza> renard ?
2014-06-28T02:39:10 <adriens33> qu'on s'était un peu engueulé à propos des tof que jai failli envoyer par mail ?
2014-06-28T02:39:19 <adriens33> je l'ai dévoice juste pour éviter que ça barre en couille
2014-06-28T02:39:26 <adriens33> il m'a pété à la gueule en mp apres
2014-06-28T02:39:58 <Letarumavza> gné ?
2014-06-28T02:40:09 <Letarumavza> attends, expliques moi de qui tu parles là, je pige pas.
2014-06-28T02:40:20 <adriens33> disant que de toute façon la commu mlp fr qu'il avait eu que des retours négatifs
2014-06-28T02:40:26 <adriens33> je t'envoie le log
2014-06-28T02:40:28 <Letarumavza> où t'as vu passer un mec des renseignements ?
2014-06-28T02:40:29 <adriens33> ça sera plus simple
2014-06-28T02:40:38 <adriens33> non, renard, un mec qui avait un pseudo comme çàa
2014-06-28T02:40:42 <ValCab33> Bon, cette fois, le lien n'y es vraiment plus.
2014-06-28T02:40:46 <Letarumavza> Ah ok.
2014-06-28T02:40:49 <adriens33> un pote à flutterbrony y parait
2014-06-28T02:41:08 <Letarumavza> bon, en langage pirate un renard (ou fox) c'est un mec des renseignement.
2014-06-28T02:41:13 <adriens33> aho k
2014-06-28T02:41:27 <Letarumavza> Donc je me demandais ce qu'une barbouse était venue foutre
2014-06-28T02:41:44 <adriens33> https://www.art-software.fr/apps/bozon/index.php?f=53ae0f41da9c7
2014-06-28T02:42:03 <Letarumavza> d'autant plus qu'ils sont pas du genre à faire chier d'hab, ils observent sans plus, et ils aident à porter les cartons à la nuit du hack (véridique)
2014-06-28T02:42:03 <adriens33> je l'ai juste dévoice…
2014-06-28T02:42:49 <Berry-Punch> Flags *hic* de ludvann modifiés en +v
2014-06-28T02:42:49 <adriens33> !flag set +v ludvann
2014-06-28T02:42:51 <Berry-Punch> Flags de ludvannn modifiés en *hic* +v
2014-06-28T02:42:51 <adriens33> !flag set +v ludvannn
2014-06-28T02:42:57 <Berry-Punch> ludvann a le(s) flag(s) : *hic* +v
2014-06-28T02:42:57 <adriens33> !flag get ludvann
2014-06-28T02:42:59 <Berry-Punch> ludvannn a le(s) flag(s) : *hic* +v
2014-06-28T02:42:59 <adriens33> !flag get ludvannn
2014-06-28T02:43:10 <Berry-Punch> Flags de ludvannn *hic* modifiés : -b
2014-06-28T02:43:10 <adriens33> !flag mod -b ludvannn
2014-06-28T02:43:12 <Berry-Punch> Flags *hic* de ludvann modifiés : -b
2014-06-28T02:43:12 <adriens33> !flag mod -b ludvann
2014-06-28T02:44:17 *** Letarumavza est parti
2014-06-28T02:44:36 *** Letarumavza s'est connecté
2014-06-28T02:44:59 <Letarumavza> Elle est toujours dans l'historique de cache google
2014-06-28T02:45:03 <adriens33> putain?
2014-06-28T02:45:05 <adriens33> …
2014-06-28T02:45:11 <adriens33> j'en tremble encore…
2014-06-28T02:45:19 <adriens33> (je suis nerveux de nature en plus du reste…)
2014-06-28T02:45:27 *** ludvann s'est connecté
2014-06-28T02:45:34 <ludvann> Re...
2014-06-28T02:45:35 <Letarumavza> boaf toi et moi on risque rien
2014-06-28T02:45:38 <ludvann> O/
2014-06-28T02:45:45 <Letarumavza> toi ta gueule
2014-06-28T02:45:53 <ludvann> Ok
2014-06-28T02:45:56 <ludvann> @+
2014-06-28T02:45:57 *** ludvann est parti
2014-06-28T02:46:09 <Letarumavza> Le problème c'est qu'avec ça dans l'historique ça risque de nuire à flo.
2014-06-28T02:46:17 <adriens33> malheureusement
2014-06-28T02:46:24 <Letarumavza> (désolé de lui avoir gueulé dessus, mais faut qu'il comprenne la leçon)
2014-06-28T02:46:26 <adriens33> putain la ML quoi…
2014-06-28T02:46:31 <adriens33> (pas de souci)
2014-06-28T02:46:39 <Letarumavza> Val, ton avis ste plait
2014-06-28T02:46:43 <adriens33> l'irc est en place pour qu'on puisse déconner entre nous
2014-06-28T02:46:53 <ValCab33> Mon avis ?
2014-06-28T02:46:56 <adriens33> justement parce que y'a pas de commu directe à tout le monde
2014-06-28T02:47:01 <adriens33> et que c'est pas indexé dans google
2014-06-28T02:47:05 <Letarumavza> C'est surtout qu'IRC on peut effacer les traces.
2014-06-28T02:47:16 <adriens33> surtout que de base y'en a pas
2014-06-28T02:47:20 <adriens33> c'est berry qui loggue tout
2014-06-28T02:47:42 <Letarumavza> feenode ne log pas d'ailleurs
2014-06-28T02:48:16 <adriens33> ça doit être moi, j'ai une poisse d'enfer depuis lundi…
2014-06-28T02:48:18 <Letarumavza> Enfin, il delete aussitôt que toutes les cibles ont reçu.
2014-06-28T02:48:35 <Letarumavza> ValCab33: je parlais du fait que j'ai avoiné lud pour ce qu'il a fait.
2014-06-28T02:48:45 <adriens33> perso
2014-06-28T02:48:47 <adriens33> t'as bien fait
2014-06-28T02:48:54 <Letarumavza> Là il a mis en danger tout le collectif.
2014-06-28T02:48:54 <adriens33> j'étais pâs en état de lui parler là…
2014-06-28T02:49:09 <Letarumavza> Irl il aurai pris ma main dans la gueule...
2014-06-28T02:49:31 <ValCab33> Ouais je pense aussi que t'as bien fait
2014-06-28T02:51:05 <Letarumavza> Bon, qui se charge d'annoncer la nouvelle à flo ?
2014-06-28T02:51:10 <ValCab33> J'ai cherché flo sur google et on tombe pas sur la pétition (du moins dans les 5 premières pages)
2014-06-28T02:51:19 <Letarumavza> impec
2014-06-28T02:52:16 <Letarumavza> Ceci dit l'historique du cache de la page montre toujours le lien...
2014-06-28T02:52:36 <Letarumavza> Rien ne disparaît vraiment du net.
2014-06-28T02:53:30 <Letarumavza> Ce monde est à la fois un paradis et un enfer.
2014-06-28T02:58:18 <adriens33> bon, ben zic à fond pendant une heure, histoire de m'calmer
2014-06-28T02:58:32 <ValCab33> Idem
2014-06-28T02:58:58 <Letarumavza> Moi j'éclate des tête sur planetside2
2014-06-28T03:03:16 <BronyCUB-MC> adrien_s has joined the server!
2014-06-28T03:04:26 <Letarumavza> c'est dans ces moments là que ma cop me manque...
2014-06-28T03:04:31 <BronyCUB-MC> adrien_s: :/
2014-06-28T03:04:50 <BronyCUB-MC> adrien_s: toi t'en as une…
2014-06-28T03:05:19 <Letarumavza> Ces moments où les trucs qui sont importants sont en dangers et où ta seule envie c'est d'être sans ses bras au chaud en la serrant contre toi...
2014-06-28T03:05:29 <BronyCUB-MC> adrien_s: :/
2014-06-28T03:05:35 <Letarumavza> D'expérience c'est pire qu'être célibataire.
2014-06-28T03:05:51 <BronyCUB-MC> adrien_s: arrête j'vais être mal là :/
2014-06-28T03:05:58 <Letarumavza> ARF
2014-06-28T03:06:22 <Letarumavza> Promis si t'as besoin d'un wingman je suis dispo ^^
2014-06-28T03:06:48 <BronyCUB-MC> adrien_s: c'est pas un wingman qu'il me faudrait c'est un panneau publicitaire sur la tête…
2014-06-28T03:07:08 <BronyCUB-MC> adrien_s: pis avoir une demoiselle intéressée c'est bien beau
2014-06-28T03:07:16 <BronyCUB-MC> adrien_s: mais si t'es pas capable d'aligner trois mots…
2014-06-28T03:07:37 <BronyCUB-MC> adrien_s: ok j'la ferme
2014-06-28T03:07:43 <Letarumavza> Hum...
2014-06-28T03:07:46 <Letarumavza> Alcool ?
2014-06-28T03:07:46 <Berry-Punch> J'aimerais *hic* bien en reprendre, mais Colgate va se fâcher après…
2014-06-28T03:07:52 <BronyCUB-MC> adrien_s: ça dépend…
2014-06-28T03:07:55 <Letarumavza> Ta gueule berry ^^
2014-06-28T03:07:59 <BronyCUB-MC> adrien_s: des fois oui
2014-06-28T03:08:06 <BronyCUB-MC> adrien_s: sinon quand je suis bien bourré
2014-06-28T03:08:08 <Letarumavza> Bah si ça peut te détendre d'avoir un petit verre dans le nez ^^
2014-06-28T03:08:23 <BronyCUB-MC> adrien_s: ça me désihibe, mais pas de mon probleme
2014-06-28T03:08:27 <Letarumavza> arf
2014-06-28T03:08:43 <BronyCUB-MC> adrien_s: et du coup jme met à prendre la personne la plus prochce pour un psy et je déballe toute ma vie en
2014-06-28T03:08:45 <BronyCUB-MC> adrien_s: chialant
2014-06-28T03:08:50 <BronyCUB-MC> adrien_s: comme une pauv merde
2014-06-28T03:09:05 <BronyCUB-MC> adrien_s: pas glop pour séduire
2014-06-28T03:09:46 <Letarumavza> Hum...
2014-06-28T03:11:22 <BronyCUB-MC> adrien_s has quit the server!
2014-06-28T03:16:32 <adriens33> tu fais quoi ? tu réfléchis ?
2014-06-28T03:18:13 <Letarumavza> Je suis sur planetside2
2014-06-28T03:18:17 <Letarumavza> J'éclate des têtes
2014-06-28T03:18:20 <Letarumavza> Et je réfléchis
2014-06-28T03:18:29 <adriens33> ça je sais, tu l'as dit tout à l'heure
2014-06-28T03:18:36 <adriens33> c'était par rapport au "hum"
2014-06-28T03:18:44 <adriens33> je croyais que t'allais dire qqch
2014-06-28T03:23:20 <Letarumavza> Rien, je me demandais si tu avais un environement sécurisant.
2014-06-28T03:26:12 <adriens33> qu'est-ce que tu entends par là ?
2014-06-28T03:32:30 <ValCab33> Bon, moi je vais dormir.
2014-06-28T03:32:34 <ValCab33> Neunuit
2014-06-28T03:32:40 <adriens33> bonne nuit
2014-06-28T03:32:49 *** ValCab33 est parti
2014-06-28T03:33:40 <adriens33> tiens Letarumavza ça peut t'intéresser http://mywiki.wooledge.org/BashGuide
2014-06-28T03:33:54 <Letarumavza> cool ^^
2014-06-28T03:33:58 <Letarumavza> thx
2014-06-28T03:34:16 <Letarumavza> Je pensais à une environement qui limite ta peur
2014-06-28T03:34:59 <adriens33> ça dépend… tu parles de maintenant ou sur une période qui s'étend de ma naissance à mes 20 ans ?
2014-06-28T03:35:05 <adriens33> (+-)
2014-06-28T03:39:43 <Letarumavza> maintenant
2014-06-28T03:41:37 <adriens33> boarf, j'ai un appart à moi (duquel on peut pas me sortir des trucs du genre "le jour de ts 18 ans dehors" pendant quelques années, puis quand tu rates ton bac une première fois "je suis pas obligée de t'héberger, normalement t'as 18 ans tu t'héberges tout seul, t'as raté ton bac" et ce plusieurs fois dans la semaine… désolé), j'ai des sous (pour le moment), un collectif dans lequel jme sens
2014-06-28T03:41:39 <adriens33> plutôt à l'aise
2014-06-28T03:41:41 <adriens33> mais bon
2014-06-28T03:41:45 <adriens33> jconnais pas encore grand monde
2014-06-28T03:41:57 <adriens33> et tout seul dans mon appart j'ai tendance à déprimer
2014-06-28T03:42:14 <adriens33> (les joies du cerveau et de la mémoire…)
2014-06-28T03:42:42 <adriens33> oups
2014-06-28T03:42:49 <adriens33> jsuis parti un peu loin là…
2014-06-28T03:43:05 <adriens33> faut vraiment que je prenne rdv, ça devient urgent
2014-06-28T03:48:06 <Letarumavza> boarf
2014-06-28T03:48:19 <Letarumavza> bourré tu en aurais dit plus
2014-06-28T03:48:57 <adriens33> c'est bien ce qui me gêne.
2014-06-28T03:49:35 <adriens33> étaler tous mes pitits problemes personnels et considérations techniques à des gens qui ont mieux à faire que de remplacer un psy (sans être payé pour)
2014-06-28T03:56:43 <Letarumavza> Hum...
2014-06-28T05:15:03 <Letarumavza> Champion
2014-06-28T05:15:09 <Letarumavza> Putain d'autiste !
2014-06-28T05:15:21 <Letarumavza> J'ai pris le jus !!!
2014-06-28T05:15:25 <Letarumavza> Quel crétin !!!
2014-06-28T06:17:15 *** Letarumavza est parti
2014-06-28T07:11:26 *** Letarumavza s'est connecté
2014-06-28T07:11:50 <Letarumavza> re
2014-06-28T07:51:27 <adriens33> hello
2014-06-28T07:51:40 <Letarumavza> re ^^
2014-06-28T07:52:16 <adriens33> ça fait du bien de dormir un peu :r
2014-06-28T07:52:24 <adriens33> *:p
2014-06-28T07:53:05 <Letarumavza> T'as dormi ?
2014-06-28T07:53:40 <adriens33> ouep
2014-06-28T07:54:00 <adriens33> mais avec un réveil histoire d'être sur de pas me lever trop tard
2014-06-28T07:54:39 <adriens33> ^^
2014-06-28T07:54:53 <Letarumavza> Certes
2014-06-28T08:02:25 <adriens33> t'as pris le jus ? comment tu t'es démerdé ?
2014-06-28T08:02:38 <adriens33> (je viens de remonter dans la fenêtre)
2014-06-28T08:08:08 <Letarumavza> J'ai touché une des protections de ma piole
2014-06-28T08:08:21 <Letarumavza> J'ai super mal à la main.
2014-06-28T08:09:08 <Letarumavza> Bon, moi j'essaye de passer à un nouveau milestone sur ksp
2014-06-28T08:09:49 <adriens33> arf
2014-06-28T08:09:51 <adriens33> pas cool
2014-06-28T09:11:09 *** Rei s'est connecté
2014-06-28T09:11:21 <Rei> Ya personne?
2014-06-28T09:11:21 <Berry-Punch> Flags de Rei modifiés *hic* : +v
2014-06-28T09:11:26 <adriens33> hello
2014-06-28T09:11:32 <Rei> Chalut =3
2014-06-28T09:11:38 <adriens33> nop y'a pas grand monde ce matin
2014-06-28T09:11:48 <Berry-Punch> Flags de Rein modifiés en +v *hic* 
2014-06-28T09:11:49 <Rei> Bah.. Ya toi!
2014-06-28T09:11:49 <Berry-Punch> Flags de *hic* Rei modifiés en +v
2014-06-28T09:12:06 <adriens33> et Letarumavza mais il est sur KSP, là
2014-06-28T09:12:33 <Rei> Ok je note XD Je pensais pas qu'il pouvait se lever aussi tot XD
2014-06-28T09:13:02 <adriens33> ben en fait je sais même pas s'il a dormi ^^
2014-06-28T09:13:13 <Rei> Ah oui, c'est bien plus probable le concernant
2014-06-28T09:13:30 <Rei> Veux pas faire le ménage a 10H T.T
2014-06-28T09:13:37 <adriens33> XD
2014-06-28T09:14:12 <Rei> Donc tu t'appelle adrien? *ne sais pas quoi dire XD*
2014-06-28T09:14:16 <adriens33> oui
2014-06-28T09:14:17 <adriens33> ^^
2014-06-28T09:14:20 * Berry-Punch lance un muffin sur Rei à 1718 km/h
2014-06-28T09:14:20 <Berry-Punch> MUFFIN RAINBOOM *hic* !!
2014-06-28T09:14:20 <adriens33> !muffin Rei
2014-06-28T09:14:23 *** ludvann s'est connecté
2014-06-28T09:14:38 <Rei> XD
2014-06-28T09:14:52 <Rei> Salut Ludvann
2014-06-28T09:14:53 <ludvann> Je peux connaitre la raison de min second bann ?
2014-06-28T09:15:02 <ludvann> Mon*
2014-06-28T09:15:07 <Rei> J'en sais rien
2014-06-28T09:15:36 <adriens33> je tai pas reban
2014-06-28T09:15:43 <adriens33> t'a été déban à 2h43
2014-06-28T09:16:04 <adriens33> et j'ai pas changé tes flags apres
2014-06-28T09:16:43 <ludvann> Letarumavza m'a bien dit "toi ta gueule"...
2014-06-28T09:17:10 <ludvann> Une fois la connerie enlevé.
2014-06-28T09:17:13 <adriens33> oui, et apres tu t'es cassé
2014-06-28T09:17:20 <adriens33> mais j'ai rien retouché apres
2014-06-28T09:18:06 <ludvann> Je me suis fais bann, c'est pour ça je me suis cassé (quand on te bann t'es vi4
2014-06-28T09:18:17 <ludvann> Viré du salon)*
2014-06-28T09:18:19 <adriens33> heu… non
2014-06-28T09:18:24 <ludvann> Si...
2014-06-28T09:18:31 <adriens33> t'as quit de toi même
2014-06-28T09:18:36 <adriens33> avec "niorph" comme message
2014-06-28T09:18:42 <adriens33> je t'as pas reban apres 2h43
2014-06-28T09:18:50 <adriens33> et y'a que heuzef et moi même qui pouvons le faire.
2014-06-28T09:18:55 <adriens33> *t'ai
2014-06-28T09:18:59 <adriens33> anyway
2014-06-28T09:19:02 <ludvann> Ok
2014-06-28T09:19:03 <adriens33> c'est pas l'heure.
2014-06-28T09:19:07 <Rei> Bref?
2014-06-28T09:19:17 <adriens33> désolé Rei --"
2014-06-28T09:19:22 <Rei> T'inquiete^^
2014-06-28T09:19:36 <ludvann> Tu veux plus me casser les dents ?
2014-06-28T09:19:45 <Rei> Donc Ludvann tu joue de la Cornemuse?
2014-06-28T09:21:13 <ludvann> Eeyup (+ ou - j'ai que le petit truc pour l'entrainement) :(
2014-06-28T09:21:21 <Rei> Mais tu sais que je vais t'admirer? J'adore la cornemuse >w<
2014-06-28T09:21:38 <adriens33> ^^
2014-06-28T09:21:41 <ludvann> ^^
2014-06-28T09:22:08 <Rei> Sinon comment vous allez? Quoi de neuf? Car vous deux je vous connait pas! ><
2014-06-28T09:22:19 <Rei> pas vraiment*
2014-06-28T09:22:34 <ludvann> Au fait salut (je suis pas mal poli)
2014-06-28T09:22:47 <Rei> XD
2014-06-28T09:23:06 <adriens33> ^^
2014-06-28T09:23:09 <ludvann> ^^
2014-06-28T09:23:19 <adriens33> ben moi normalement là j'attends la poste :)
2014-06-28T09:23:25 <ludvann> Oui ça va bien
2014-06-28T09:23:28 <ludvann> ...
2014-06-28T09:23:32 <Rei> tu attends un colis?
2014-06-28T09:23:35 <adriens33> et j'aurais un tee shirt bronycub avec Derpy dessus :3
2014-06-28T09:23:46 <ludvann> Ne t'endore pas xD
2014-06-28T09:23:53 <Rei> Cool^^ Moi ya Fluffle puff et rainbow dash
2014-06-28T09:24:02 <adriens33> @ludvann: ah ah ah.
2014-06-28T09:24:12 <adriens33> j'ai prévu le coup, j'ai dormi un peu tt à l'heure
2014-06-28T09:24:19 <Rei> xD
2014-06-28T09:24:20 <ludvann> ^^
2014-06-28T09:24:36 <adriens33> non parce que la dernière fois que j'attendais un truc
2014-06-28T09:24:38 <Rei> Mon rat a fait le ramdam toute la nuit, pour je ne sais quel raison
2014-06-28T09:24:45 <ludvann> ?
2014-06-28T09:24:46 <adriens33> me suis endormi juste quand le mec s'est pointé --"
2014-06-28T09:24:51 <adriens33> ah ?
2014-06-28T09:24:55 <adriens33> il a fait du…
2014-06-28T09:24:59 <ludvann> :(
2014-06-28T09:24:59 <adriens33> Rat-mdam ?
2014-06-28T09:24:59 <Rei> ah merde XD!
2014-06-28T09:25:03 <Rei> XDDDDDDDDDDDDDDDDDDDDDDDDDD
2014-06-28T09:25:04 <adriens33> *badum tss*
2014-06-28T09:25:08 <ludvann> Badum tsss
2014-06-28T09:25:13 <adriens33> (t'es trop lent :þ)
2014-06-28T09:25:14 <Rei> Bah du bruit quoi
2014-06-28T09:25:31 <adriens33> bah il avait ptet envie de te casser les pieds ^^
2014-06-28T09:25:59 <Rei> Non généralement il est calme, mais je crois qu'il a déplacer toute la litière pour se faire un coin douillé
2014-06-28T09:26:02 <ludvann> ;(
2014-06-28T09:26:08 <adriens33> ah ok :)
2014-06-28T09:26:20 <ludvann> Moi j'adore les rats :)
2014-06-28T09:26:44 <Rei> J'adoreuhhhh aussi >w< bientot j'aurai une cage de transport je pourrait le sortir^^
2014-06-28T09:26:57 <ludvann> Yay
2014-06-28T09:27:07 <Rei> Parce qu'il est trop peureux pour tenir plus d'une heure dehors sur mon épaule
2014-06-28T09:27:25 <Rei> C'est un boulémique peureux mon rat x3
2014-06-28T09:27:30 <ludvann> Ah bon ? Et dans la poche ?
2014-06-28T09:27:47 <Rei> Il a trop peur dans ma proche
2014-06-28T09:27:55 <ludvann> :(
2014-06-28T09:28:16 <Rei> Mais t'inquiete pas^^ si tu veux le voir t'a qu'a venir chez moi ;3
2014-06-28T09:28:28 <adriens33> dat proposition
2014-06-28T09:29:01 <ludvann> XD
2014-06-28T09:29:04 <Rei> bah tout les BC sont les bienvenue chez moi XD on organiser principalement les rencontre chez moi avant XD Genre le nouvel an
2014-06-28T09:29:16 <adriens33> ah ok ^^
2014-06-28T09:29:18 <adriens33> ben c'est cool
2014-06-28T09:29:23 <ludvann> (If you know watt admin )
2014-06-28T09:29:26 <Rei> (dans mon ancien chez moi, car j'ai déménager, je vivais chez Leta)
2014-06-28T09:29:46 <ludvann> Savais pas...
2014-06-28T09:30:07 <Rei> ?
2014-06-28T09:30:21 <adriens33> t'es trop curieux ludvann :p
2014-06-28T09:31:07 <Rei> Nyahhh.... 10h approche T.T VEUX PASSSS MAIS JE VEUX EN MEME TEMPS
2014-06-28T09:31:23 <ludvann> Gné ?
2014-06-28T09:31:24 <adriens33> huh ?
2014-06-28T09:31:30 <adriens33> quéquispass ?
2014-06-28T09:31:47 <Rei> A 10h je dois faire le ménage (j'aime pas) mais apres je me prépare pour aller voir mon homme
2014-06-28T09:31:48 <ludvann> Komprends pô :(
2014-06-28T09:31:59 <ludvann> Ah ok...
2014-06-28T09:32:06 <Rei> XD donc voila
2014-06-28T09:32:22 <adriens33> comment il est trop décu ludvann XD
2014-06-28T09:32:30 <ludvann> XD
2014-06-28T09:32:34 <ludvann> Taykon
2014-06-28T09:32:38 <Rei> j'avoue x3
2014-06-28T09:32:44 <Rei> *calin ludvann*
2014-06-28T09:33:09 <ludvann> *nyan*
2014-06-28T09:33:28 <adriens33> awww
2014-06-28T09:34:14 <Rei> Bon je boude leta' il est pas venu me dire bonjour ><
2014-06-28T09:34:14 * Berry-Punch Donne un verre de saké à Rei
2014-06-28T09:34:14 <Berry-Punch> Tiens Rei, pour te consoler *hic* :)
2014-06-28T09:34:30 <ludvann> Yay !
2014-06-28T09:34:33 <Rei> AHhhhhhh mais la bière c'est mieux! XD
2014-06-28T09:34:33 <Berry-Punch> J'aimerais bien en *hic* reprendre, mais Colgate va se fâcher après…
2014-06-28T09:34:50 <ludvann> ^^
2014-06-28T09:35:05 <adriens33> Letarumavza ?
2014-06-28T09:35:11 <adriens33> y'a quéqu'un ?
2014-06-28T09:35:16 <Rei> oui XD
2014-06-28T09:35:30 <Rei> Nah mais il doit pas etre dispo ou il s'est endormi sur son clavier
2014-06-28T09:35:42 <Rei> ou il est en raid ou un donj' comme toujours XD
2014-06-28T09:35:43 <adriens33> nan mais en fait
2014-06-28T09:35:48 <adriens33> je fais expres de dire son pseudo
2014-06-28T09:35:53 <adriens33> comme ça ça lui fait une notif
2014-06-28T09:35:57 <adriens33> histoire qu'il entende
2014-06-28T09:35:58 <Rei> okiiii
2014-06-28T09:36:06 <ludvann> ^^
2014-06-28T09:36:10 <Rei> ^^
2014-06-28T09:36:13 <adriens33> genre normalement si je dis Rei
2014-06-28T09:36:21 <adriens33> ça te ding
2014-06-28T09:36:24 <Rei> ah oui ça a fait bip!
2014-06-28T09:36:31 <adriens33> voilà ^^
2014-06-28T09:36:40 <ludvann> o/
2014-06-28T09:37:05 <Rei> bon priez pour moi le 5 juillet... Il me faut mon bac! Je veux aller en Licence!!!!
2014-06-28T09:37:18 <ludvann> :)
2014-06-28T09:37:23 <adriens33> aohmmmm…
2014-06-28T09:37:27 <ludvann> Je suis athé ^^
2014-06-28T09:37:29 <adriens33> quoi ? c'était pas comme ça ?
2014-06-28T09:37:36 <Rei> si si XD
2014-06-28T09:37:39 <adriens33> @ludvann: t'es à thé ?
2014-06-28T09:37:42 <adriens33> à quel thé ?
2014-06-28T09:37:43 <ludvann> Amenèneeee
2014-06-28T09:37:48 <adriens33> thé à la menthe ?
2014-06-28T09:37:49 <Rei> nah mais c'est symbolique quand je dit ça
2014-06-28T09:37:51 <ludvann> Hamen*
2014-06-28T09:38:03 <Rei> Amen*
2014-06-28T09:38:08 <adriens33> ^^
2014-06-28T09:38:22 <ludvann> Conversation de débiles je vous jure...
2014-06-28T09:38:25 <adriens33> hey
2014-06-28T09:38:28 <Rei> euh vous avez quel age au faite?
2014-06-28T09:38:28 <adriens33> s'toi le débile
2014-06-28T09:38:32 <adriens33> moi 22
2014-06-28T09:38:39 <Rei> ok moi 20
2014-06-28T09:38:58 <ludvann> 55 je suis camionneur et m'appelle robert
2014-06-28T09:39:04 <Rei> XD
2014-06-28T09:39:06 <adriens33> X
2014-06-28T09:39:07 <adriens33> *XD
2014-06-28T09:39:16 <adriens33> enflure tu cachais bien ton jeu
2014-06-28T09:39:25 <Rei> et tu fais quoi comme étude adrien? Si tu en fait? *curieuse*
2014-06-28T09:39:40 <adriens33> IUT Info
2014-06-28T09:39:42 <Rei> Ahhhhh un vieux!!! C't'un pervers!!!
2014-06-28T09:39:43 <adriens33> en alternance
2014-06-28T09:39:47 <Rei> ok^^
2014-06-28T09:39:56 <ludvann> J'ai 15 1/2 - 16 ans ^^
2014-06-28T09:40:01 <adriens33> (qui se termine en août là)
2014-06-28T09:40:04 <Rei> Moi ca sera licende d'histoire de l'art a bx 3^^
2014-06-28T09:40:10 <adriens33> ^^
2014-06-28T09:40:11 <Rei> Ok Ludvann^^
2014-06-28T09:40:29 <ludvann> Ma soeur à été à bx3
2014-06-28T09:40:33 <Rei> ok^^
2014-06-28T09:40:38 <adriens33> donc c'est un kikoo, qui se fait passer pour un vieux camionneur, qui se fait passer pour quelqu'un de normal ?
2014-06-28T09:40:41 <adriens33> aie ma tête
2014-06-28T09:40:53 <Rei> *lui tend un advil*
2014-06-28T09:40:57 <ludvann> Licence lea anglais-japonais
2014-06-28T09:41:01 <adriens33> merci Rei :p
2014-06-28T09:41:16 <Rei> je voulais faire LEA jap, mais j'ai pas le niveau en anglais...
2014-06-28T09:41:29 <adriens33> ah ?
2014-06-28T09:41:39 <adriens33> regarde plein de séries en vo, ça aide ¿
2014-06-28T09:41:41 <adriens33> *…
2014-06-28T09:41:41 <Rei> ouai, j'ai le niveau d'une 3eme.....
2014-06-28T09:41:43 <adriens33> (fail clavier)
2014-06-28T09:41:43 * ludvann dit : Füs , Roh Dah
2014-06-28T09:41:47 <adriens33> non
2014-06-28T09:41:48 <Rei> Nop ça m'aide pas XD
2014-06-28T09:41:50 <adriens33> FUS!!!
2014-06-28T09:41:52 <adriens33> ROH !!!
2014-06-28T09:41:54 <adriens33> yay
2014-06-28T09:42:04 <Rei> J'ai une sorte de blocage avec cette langue
2014-06-28T09:42:13 <ludvann> Ah :)
2014-06-28T09:42:14 <adriens33> arf
2014-06-28T09:42:15 <adriens33> :/
2014-06-28T09:42:25 <Rei> Donc du coup j'apprend le japonais par moi meme
2014-06-28T09:42:40 <ludvann> Je suis fort en langue vivante (if you know wattt admin)
2014-06-28T09:42:43 <adriens33> ah ouais carrément :p
2014-06-28T09:42:53 <ludvann> ^^
2014-06-28T09:43:07 <adriens33> @ludvann: range ta langue, elle est un peu trop vivante à mon goût XD
2014-06-28T09:43:08 * ludvann sors
2014-06-28T09:43:27 <Rei> bah si tu connaissait mon cursus, tu comprendrais pourquoi j'ai pas le niveau en anglais XD alors que c'est une superbe langue *fan de theatre et donc de shakespeare*
2014-06-28T09:43:30 <ludvann> Cake tu dit ?
2014-06-28T09:43:49 <ludvann> Beürk
2014-06-28T09:43:54 <ludvann> ^^
2014-06-28T09:44:00 <adriens33> @Rei ouais l'anglais c'est bien :)
2014-06-28T09:44:05 <Rei> ^^
2014-06-28T09:44:24 <ludvann> C'est la langue de GladOs
2014-06-28T09:44:26 <adriens33> par contre les gens qui font expres d'écorcher la prononciation ça me saigne les oreilles :/
2014-06-28T09:44:28 <adriens33> mais oui
2014-06-28T09:44:36 <Rei> aie ><
2014-06-28T09:44:36 <ludvann> ?
2014-06-28T09:44:37 <adriens33> j'ia un frangin qu'est une bille en anglais
2014-06-28T09:44:59 <ludvann> "I don't hate you"
2014-06-28T09:45:00 <adriens33> l'autre jour il m'a sorti qu'il avait mis portal 2 en anglais parce que les vo étaient mieux que les voix françaises oO
2014-06-28T09:45:13 <ludvann> o/
2014-06-28T09:45:15 <adriens33> y'a de l'espoir o/
2014-06-28T09:45:19 <ludvann> Dieu existe
2014-06-28T09:45:34 <Rei> ^^
2014-06-28T09:45:35 <adriens33> au fait: « I don't hate you » c'est pas GLaDOS c'est les tourelles XD
2014-06-28T09:45:43 <adriens33> bon ok c'est la même voix derriere mais bon
2014-06-28T09:45:47 <Berry-Punch> Have *hic* you niorphed today, Rei ?
2014-06-28T09:45:47 <ludvann> !niorph Rei
2014-06-28T09:45:54 <adriens33> … XD
2014-06-28T09:45:58 <Rei> euh.... O.O
2014-06-28T09:46:06 <Berry-Punch> Salut, *hic* rei !
2014-06-28T09:46:06 <ludvann> !niorphlo rei
2014-06-28T09:46:13 <adriens33> ah
2014-06-28T09:46:18 <adriens33> niorph = dire bonjour.
2014-06-28T09:46:18 <ludvann> Yay !
2014-06-28T09:46:25 <Rei> have you.. ok.. today... ok.. mais euh... niorphed......................
2014-06-28T09:46:31 <adriens33> en tout cas c'est ce  qu'il est écrit dans mon dictionnaire ludvann - français
2014-06-28T09:46:35 <Rei> ah ok
2014-06-28T09:46:39 <ludvann> Niorph = schtroupf
2014-06-28T09:46:45 <Rei> xD
2014-06-28T09:46:48 <adriens33> *Schtroumpf
2014-06-28T09:46:58 <adriens33> tu sais même pas le schtroumpfer correctement XD
2014-06-28T09:47:14 <Rei> Viens au pays des schtroumpf ces petits etres bleuuuuuu
2014-06-28T09:47:16 <ludvann> Niorph = ce que tu veux...
2014-06-28T09:47:29 <ludvann> Beuh*
2014-06-28T09:48:05 <adriens33> Arrête de schtroumpfer n'imschtroumpfe quoi toi XD
2014-06-28T09:48:13 <ludvann> XD
2014-06-28T09:48:30 <ludvann> Niorph !!!!
2014-06-28T09:49:23 <Rei> plus que 10min avec vous T.T
2014-06-28T09:49:29 <ludvann> Bon je me lève
2014-06-28T09:49:38 <adriens33> oww ::
2014-06-28T09:49:40 <adriens33> :/
2014-06-28T09:49:40 <Rei> mais je pense revenir car je part que a 14h
2014-06-28T09:49:42 <adriens33> déjà
2014-06-28T09:49:44 <adriens33> yay
2014-06-28T09:49:48 <ludvann> On est pas assez bien pour toi ?
2014-06-28T09:49:54 <adriens33> XD
2014-06-28T09:49:55 <Rei> maisss siii je vous adore!
2014-06-28T09:50:00 <adriens33> nan elle doit faire le ménage XD
2014-06-28T09:50:04 <ludvann> J'me casse
2014-06-28T09:50:13 <Rei> mais mon mec été en suisse pendant toute ma periode du bac donc... la je DOIS le voir XD
2014-06-28T09:50:18 <adriens33> comment il prend la quinte ^^
2014-06-28T09:50:21 <adriens33> arf
2014-06-28T09:50:29 <adriens33> ouais tu m'étonnes.
2014-06-28T09:50:35 * ludvann has quited (reason: niorph)
2014-06-28T09:51:02 <Rei> j'ai tellement angoissée pendant les exams, que j'ai besoin de calins la T.T j'avais meme pas mes peluches dans ma chambre donc.. voila T.T
2014-06-28T09:51:17 <adriens33> bien joué ludvann mais ça marche pas, t'es encore dans la liste des users XD
2014-06-28T09:51:25 <adriens33> ah ouais :/
2014-06-28T09:51:27 <Rei> j'avoue XD
2014-06-28T09:51:36 * ludvann tends un panneau "free hugs"
2014-06-28T09:51:41 <Rei> *ludvann n'est pas un bon fufu*
2014-06-28T09:51:48 <Rei> *caline ludvann*
2014-06-28T09:51:54 <adriens33> ^^
2014-06-28T09:52:09 <Rei> et t'habite vers ou toi adrien?
2014-06-28T09:52:24 <adriens33> je suis sur talence
2014-06-28T09:52:31 <adriens33> à côté d'Arts et Métiers
2014-06-28T09:52:33 <ludvann> (Moi je pue ?)
2014-06-28T09:52:45 <Rei> bah j'étais sur talence ya encore 3 mois XD (j'allais te le demander Lud' XD)
2014-06-28T09:52:52 <adriens33> ah
2014-06-28T09:52:54 <ludvann> XD
2014-06-28T09:52:58 <Rei> Maintenant je suis au début du grand parc
2014-06-28T09:53:04 <adriens33> ok
2014-06-28T09:53:15 <Rei> et toi lud'?
2014-06-28T09:53:46 <ludvann> À Gradignan (dans le centre-ville)
2014-06-28T09:53:53 <Rei> c'est loin T.T
2014-06-28T09:54:06 <Rei> bon ok, je reste jusqu'a 10h30
2014-06-28T09:54:13 <adriens33> ^^
2014-06-28T09:54:16 <ludvann> (A 2 minutes du centre à pieds)
2014-06-28T09:54:28 <Rei> cool^^
2014-06-28T09:54:52 <ludvann> Mais il y a au moins  le bus ! O/
2014-06-28T09:55:10 <Rei> en faite, en re rempliçant le questionnaire de BC je me suis rendu compte que j'ai oublier deux trois trucs dans ma bio..... et de mettre mon skype
2014-06-28T09:55:10 <adriens33> t'as de la chance, le 10 fait pas grève ajd
2014-06-28T09:55:19 <adriens33> ah
2014-06-28T09:55:32 <adriens33> ben envoie ce qui manque à flo ^^
2014-06-28T09:55:36 <adriens33> comme ça il pourra compléter
2014-06-28T09:55:43 <Rei> oui oui, je le fais ce soir tkt
2014-06-28T09:56:14 <adriens33> cool :
2014-06-28T09:56:15 <adriens33> *:p
2014-06-28T09:56:16 <ludvann> Tu es en quelle filière au lycée rei ?
2014-06-28T09:57:27 <ludvann> Niorph ?
2014-06-28T09:57:49 <Rei> Littéraire^^
2014-06-28T09:57:57 <ludvann> Ok
2014-06-28T09:58:12 <Rei> Je suis un vrai rat de bibliotheque
2014-06-28T09:58:26 <ludvann> ^^
2014-06-28T09:58:54 <ludvann> Comme twilight ?
2014-06-28T10:00:04 <Rei> beurk.. pas ce sacrilège... *fan de l'histoire des vampires, twilight est une grosse merde qui merite d'etre exterminé comme justin bieber*
2014-06-28T10:00:16 <adriens33> nan…
2014-06-28T10:00:24 <ludvann> Twilight sparkle....
2014-06-28T10:00:27 <adriens33> Twilight comme dans « Twilight Sparkle »
2014-06-28T10:00:28 <Rei> ahhhhhhhhhhhhhhhh XD
2014-06-28T10:00:29 <adriens33> …
2014-06-28T10:00:34 <adriens33> c'pas tout à fait la même chose
2014-06-28T10:00:35 <Rei> oui oui comme elle!!!
2014-06-28T10:00:42 <ludvann> Idiote
2014-06-28T10:00:51 <Rei> oui je suis pas fute fute^^'
2014-06-28T10:01:15 <ludvann> Je le vois ^^
2014-06-28T10:01:25 <adriens33> nan mais appeler un truc comme ça comme Twilight Sparkle ça mérite d'être puni
2014-06-28T10:01:35 <ludvann> Je vais une pétition contre toi....
2014-06-28T10:01:46 <adriens33> purée mais t'es pas cool toi ce matin
2014-06-28T10:01:52 <ludvann> XD
2014-06-28T10:01:57 <Rei> bah je pensais pas que tu parlait d'elle au départ, moi j'écris toujours son nom en entier
2014-06-28T10:02:01 <adriens33> t'as volé la boîte de méchantox de Leta ou quoi ?
2014-06-28T10:02:11 <ludvann> XD
2014-06-28T10:02:49 <ludvann> Le nom de qui en entier ? Twilie ?
2014-06-28T10:02:50 <adriens33> @Rei : oui, ça évite la confusion… mais généralement ici quand on dit Twilight on entend Twilight Sparkle ^^
2014-06-28T10:02:59 <adriens33> (c'est plus logique disons)
2014-06-28T10:03:10 <Rei> oui oui et ok merci de la précision XD
2014-06-28T10:03:17 <Rei> oui c'est sur
2014-06-28T10:03:36 <Rei> oh j'ai retrouver mon ipod!!! *v*
2014-06-28T10:03:49 <Rei> *va pouvoir ré écouter sa musique
2014-06-28T10:03:52 <ludvann> J'aime pas apple...
2014-06-28T10:04:07 <adriens33> [troll] Qu'est ce que t'as contre la famille Apple ? [/troll]
2014-06-28T10:04:21 <Rei> J'aime pas apple sauf pour les ipod XD
2014-06-28T10:04:23 * ludvann est schtroumpf grognon
2014-06-28T10:04:29 <Rei> car j'ai du mal avec les mp3
2014-06-28T10:04:35 <adriens33> le mp3 c'est moche
2014-06-28T10:04:38 <adriens33> le ogg c'est mieux
2014-06-28T10:04:44 <adriens33> (c'est libre déjà)
2014-06-28T10:04:49 <Rei> connais pas
2014-06-28T10:04:51 <adriens33> (et le son est moins moche une fois compressé)
2014-06-28T10:04:51 <ludvann> Ordi > apple
2014-06-28T10:05:06 <ludvann> Apple©
2014-06-28T10:05:08 <adriens33> ben en gros, un fichier musique en .mp3 et en .ogg ça fait à peu pres la même taille
2014-06-28T10:05:11 <ludvann> *
2014-06-28T10:05:22 <adriens33> mais comme ogg compresse mieux, le son est plus zoli car de meilleure qualité
2014-06-28T10:05:29 <Rei> ok^^
2014-06-28T10:05:34 <adriens33> @ludvann: Apple™
2014-06-28T10:05:44 <ludvann> Dsl
2014-06-28T10:05:47 <adriens33> ^^
2014-06-28T10:06:00 * ludvann va enfin se lever
2014-06-28T10:06:05 <Rei> xD
2014-06-28T10:06:06 <adriens33> Apple™ iStupidity™
2014-06-28T10:06:15 <adriens33> « C'est une révolution ! »
2014-06-28T10:06:25 <ludvann> XD
2014-06-28T10:07:01 * ludvann is AFP
2014-06-28T10:07:28 <adriens33> afk…
2014-06-28T10:07:30 <adriens33> XD
2014-06-28T10:07:50 <adriens33> APF c'est un truc qui file des infos aux journalistes
2014-06-28T10:07:53 <adriens33> *AFP
2014-06-28T10:08:35 <Rei> xD
2014-06-28T10:08:47 <Rei> je sais plus quoi dire T.T
2014-06-28T10:09:42 <adriens33> balançoire
2014-06-28T10:10:00 <Rei> pouing pouing
2014-06-28T10:10:14 <adriens33> carotte nucléaire
2014-06-28T10:10:38 <Rei> ca fait penser a des noms d'attaques XD sinon, tes hobbies c'est quoi?
2014-06-28T10:11:46 <adriens33> hmm… je fais un peu de 3D, je dessine de temps à autre, lire aussi, développer des trucs totalement inutiles (parce que c'est pas drôle sinon)…
2014-06-28T10:12:04 <adriens33> discuter avec des gens dans la boîte à images
2014-06-28T10:12:04 <Rei> ok^^
2014-06-28T10:12:08 <adriens33> (pardon: le minitel)
2014-06-28T10:12:12 <Rei> XD
2014-06-28T10:12:32 <Rei> en plus c'est ce qu'ils utilise dans pokemon
2014-06-28T10:13:29 <adriens33> pas faux
2014-06-28T10:13:31 <adriens33> ^^
2014-06-28T10:13:42 <Rei> je viens juste de m'en rendre compte
2014-06-28T10:13:46 <Rei> de mon coté..
2014-06-28T10:15:08 <Rei> passionnée du japon, des tatouages, je collectionne les goodies, les BJD (poupées de résine asiatique), les peluches, j'adore lire, mangas, livres, bd, comics, jeux videos, collection de jeu et consoles, fan de rpg sur forums et jdr XD et je suis philatéliste
2014-06-28T10:15:23 <adriens33> tout ça :p
2014-06-28T10:15:50 <Rei> oui^^
2014-06-28T10:15:59 <Rei> j'écris beaucoup aussi
2014-06-28T10:16:22 <adriens33> ah ? ^^
2014-06-28T10:16:33 <adriens33> quel genre de trucs ?
2014-06-28T10:17:15 <Rei> poemes et histoires^^ je suis entrain d'en adapter une pour la poster sur MLP fiction et j'ai une autre idée avec fluttershy en perso principale
2014-06-28T10:17:32 <adriens33> ^^
2014-06-28T10:17:55 <Rei> je te passerai le lien du prologue pour mlp fiction si tu veux^
2014-06-28T10:18:00 <Rei> ^^
2014-06-28T10:18:02 <adriens33> oké :)
2014-06-28T10:20:33 <Rei> trouvé! https://www.mlpfictions.com/chapter/526?key=6a5654ba14a1c6cc2f10293e20df77db
2014-06-28T10:21:10 <adriens33> yay de la lecture :p
2014-06-28T10:21:11 <adriens33> merci
2014-06-28T10:21:25 <Rei> x3
2014-06-28T10:23:05 <ludvann> JAAAAPOOOOOOOOOOOOOOON
2014-06-28T10:23:13 <ludvann> RR
2014-06-28T10:23:18 <Rei> XD tiens te revoila
2014-06-28T10:23:21 <ludvann> RE*
2014-06-28T10:24:21 <ludvann> "I can't remenber, what happend in september..." π
2014-06-28T10:24:47 <ludvann> Wait
2014-06-28T10:24:48 <Rei> ca me fait penser a V for Vendetta
2014-06-28T10:25:24 <ludvann> Living tolbstone est israelient (apparement)
2014-06-28T10:25:38 <ludvann> Il parle du 11 septembre !
2014-06-28T10:25:45 <Rei> ok
2014-06-28T10:25:49 <ludvann> Tombstone*
2014-06-28T10:26:07 <ludvann> Nan j'déconne j'en sais rien ^^
2014-06-28T10:27:54 <ludvann>  Version avec les paroles: http://m.youtube.com/watch?v=JHwofoMYhVc
2014-06-28T10:28:56 <Rei> nyuhhh je veux ecouter radio brony T.T
2014-06-28T10:29:25 <ludvann> ?
2014-06-28T10:29:50 <ludvann> Pourquoi tu le fait pas ?
2014-06-28T10:30:02 <Rei> je peux pas  a cause de ma connexion de merde ça marche pas...
2014-06-28T10:30:30 <ludvann> Ça vaut pas l'addon firefix xD
2014-06-28T10:30:41 <ludvann> Firefox*
2014-06-28T10:30:51 <Rei> ya une addon? je veux!!! j'utilise le panda roux!!!!
2014-06-28T10:31:20 <ludvann> Il te met "loading" pendant 8ans...
2014-06-28T10:31:28 <Rei> XD
2014-06-28T10:31:32 <ludvann> Et il y a aucun son...
2014-06-28T10:31:43 <ludvann> Il marche pas...
2014-06-28T10:31:49 <Rei> ah..
2014-06-28T10:32:07 <ludvann> Tu peux toujours écouter september ^^
2014-06-28T10:32:16 <Rei> september?
2014-06-28T10:32:43 <ludvann> Le lien que j'ai passé...
2014-06-28T10:33:22 <ludvann> http://m.youtube.com/watch?v=JHwofoMYhVc
2014-06-28T10:33:34 <Rei> ah oui^^ XD
2014-06-28T10:33:46 <ludvann> -_-'
2014-06-28T10:34:27 <Rei> quoi ? je peux pas écouter tout le temps avec ma co.... alors c'est bon...
2014-06-28T10:34:36 <Rei> j'aime pas sa voix T.T xD
2014-06-28T10:35:02 <ludvann> Laquelle ? Celle qui chante ou le rire ?
2014-06-28T10:36:01 *** Rei est parti
2014-06-28T10:37:17 <ludvann> :(
2014-06-28T10:38:36 <adriens33> ben il est 10h et demie…
2014-06-28T10:40:18 <ludvann> Oui c'est vrai...
2014-06-28T10:40:31 <ludvann> Préviens même pas...
2014-06-28T10:40:37 <ludvann> Tu fais quoi ?
2014-06-28T10:40:40 <adriens33> là ?
2014-06-28T10:40:44 <ludvann> Des trucs ?
2014-06-28T10:40:45 <adriens33> j'attends le facteur…
2014-06-28T10:40:50 <ludvann> Oui
2014-06-28T10:40:54 <ludvann> ^^
2014-06-28T10:41:19 <ludvann> Tu fais quoi en l'attendant !
2014-06-28T10:41:25 <ludvann> ?*
2014-06-28T10:41:51 <adriens33> j'm'ennuie
2014-06-28T10:41:59 <adriens33> là je faisaisune partie de portal2
2014-06-28T10:42:03 <ludvann> :'(
2014-06-28T10:42:16 <ludvann> Hum...
2014-06-28T10:42:40 <ludvann> Do you want a piece of cake ?
2014-06-28T10:42:53 <adriens33> I want a teeny tiny glass… Of water please.
2014-06-28T10:43:14 <ludvann> I don't hate you...
2014-06-28T10:43:18 *** heuzef s'est connecté
2014-06-28T10:43:23 <adriens33> ah
2014-06-28T10:43:24 <heuzef> Yo
2014-06-28T10:43:27 <adriens33> hellow
2014-06-28T10:43:33 <ludvann> different
2014-06-28T10:43:39 <adriens33> Letarumavza ?
2014-06-28T10:43:43 <ludvann> I'm different
2014-06-28T10:43:51 <ludvann> Salut
2014-06-28T10:44:10 <heuzef> ludvann j'ai rien pigé à ton troll X)
2014-06-28T10:44:19 <ludvann> Yay !
2014-06-28T10:44:35 <adriens33> tu parles de son mail ?
2014-06-28T10:44:47 <ludvann> XD
2014-06-28T10:44:54 <heuzef> vi
2014-06-28T10:45:15 <adriens33> c'était une pétition pour remplacer sur l'accueil du site par une image de Berry… Disons NSFW
2014-06-28T10:45:24 <adriens33> bon à la limite la pétition c'était rigolo
2014-06-28T10:45:24 <ludvann> XD
2014-06-28T10:45:28 <heuzef> Mais quel image ?
2014-06-28T10:45:30 <adriens33> mais l'envoyer sur la mailing list…
2014-06-28T10:45:40 <adriens33> je sais pas si elle est tj en ligne
2014-06-28T10:45:47 <heuzef> Pas trouvé
2014-06-28T10:45:48 <adriens33> disons que envoyer ce genre de trucs sur la ML
2014-06-28T10:45:56 <adriens33> alors qu'il y a des gens de - de 15 ans
2014-06-28T10:45:58 <adriens33> …
2014-06-28T10:46:08 <adriens33> à la limite c'est même pas l'image le pb
2014-06-28T10:46:14 <adriens33> c'est les pubs qu'il y a autour
2014-06-28T10:46:26 <ludvann> Ragator ne partage pas ton point de vue...
2014-06-28T10:46:28 <adriens33> tu demanderas à Letarumavza tout à l'heure
2014-06-28T10:46:34 <adriens33> parce uq'il a pas du les voir
2014-06-28T10:46:36 <adriens33> ^^
2014-06-28T10:46:36 <heuzef> :/
2014-06-28T10:46:47 <ludvann> ^^
2014-06-28T10:46:47 <adriens33> Letarumavza a réussi à bloquer l'image
2014-06-28T10:47:00 <ludvann> Error 403
2014-06-28T10:47:00 <adriens33> ensuite j'ai ban ludvann pour le forcer à delete la pétition
2014-06-28T10:47:07 <adriens33> mais comme on peut pas il l'a juste vidée
2014-06-28T10:47:14 <heuzef> Bon il semblerais que adriens33 t'es déjà tiré les oreilles ludvann ^^
2014-06-28T10:47:27 <adriens33> et là on croisait les doigts avec Letarumavza pour que le cache de  Google ait pas fait le con
2014-06-28T10:47:30 <ludvann> _/)
2014-06-28T10:47:47 <adriens33> c'était panique à bord c'te nuit XD
2014-06-28T10:48:01 <ludvann> Ce matin à 2h *
2014-06-28T10:48:15 <adriens33> ouais cte nuit donc
2014-06-28T10:48:28 <ludvann> Ce matin tres tot
2014-06-28T10:48:53 <adriens33> rhô salsifis hein
2014-06-28T10:48:59 <heuzef> Bon cette histoire ne pas pas aider les membres à regagner en confiance en la ML :/
2014-06-28T10:49:05 <adriens33> malheureusement
2014-06-28T10:49:19 <ludvann> ^^
2014-06-28T10:49:24 <ludvann> :(
2014-06-28T10:49:25 <heuzef> Surtout que je m'efforce de vendre "y'a que des trucs important maintenant sur la ML"
2014-06-28T10:49:36 <ludvann> ...
2014-06-28T10:50:00 <ludvann> (Et mayrde...)
2014-06-28T10:50:12 <heuzef> Faut juste que ce type de troll reste sur IRC ;)
2014-06-28T10:50:20 <adriens33> ouais
2014-06-28T10:50:25 <ludvann> ^^
2014-06-28T10:50:36 <heuzef> Et puis pour les mineurs, lol, y'en à des plus hardcore que nous ^^
2014-06-28T10:50:53 <ludvann> ;)
2014-06-28T10:51:51 <heuzef> Mais par contre c'est vraie que y'a des gens sensible donc prudence, on peux rire de tous mais par avec tout le monde
2014-06-28T10:52:07 <ludvann> Yep
2014-06-28T10:52:17 <ludvann> Tout * ?
2014-06-28T10:52:56 <heuzef> J'ai pas eu de nouvelle de Letarumavza pour cet aprem
2014-06-28T10:53:09 <heuzef> il nous rejoins direct chez Matthias ?
2014-06-28T10:53:18 <ludvann> Tu savais que link étais une femme ?
2014-06-28T10:53:35 <ludvann> J'en sais rien pour cet aprem
2014-06-28T10:53:41 <heuzef> ça signifie que zelda est lesbienne, trop cool
2014-06-28T10:54:04 <ludvann> Leta à une image preuve ! XD
2014-06-28T10:54:44 <heuzef> Bon ba il à mon numéro de toute manière
2014-06-28T10:54:57 <heuzef> Puis bon c'est pas comme si on manquais de joueur ^^'
2014-06-28T10:55:15 <ludvann> ^^
2014-06-28T10:55:46 <ludvann> J'espère qui voudra pas me mordre cet aprem leta'...
2014-06-28T10:56:56 <ludvann> Vu comment il était "énervé" cette nuit...
2014-06-28T10:57:17 <heuzef> Ba s'il à du rattraper ta boulette tu m'étonne
2014-06-28T10:57:56 <ludvann> Je m'en suis occupé aussi mais bon..
2014-06-28T10:58:27 <heuzef> On apprend pas à faire du vélo sans tomber ;)
2014-06-28T10:58:45 <ludvann> :)
2014-06-28T11:00:03 <ludvann> Tu aimes splinter cell heuzef ?
2014-06-28T11:02:01 <ludvann> ?
2014-06-28T11:02:06 <heuzef> Jamais joué
2014-06-28T11:02:23 <heuzef> Je suis pas très FPS
2014-06-28T11:02:29 <ludvann> Really .
2014-06-28T11:02:53 <ludvann> C'est plus de l'infiltration que fps
2014-06-28T11:03:14 <heuzef> J'ai du tester à une epoque
2014-06-28T11:03:29 <heuzef> Mais mon style de jeux est bien différent
2014-06-28T11:04:13 <ludvann> Je dois avoir le double agent pour pc, tu le voudras ?
2014-06-28T11:04:45 <adriens33> putain il est 11h, il fait quoi ce con de facteur --"
2014-06-28T11:04:56 <ludvann> ^^
2014-06-28T11:05:20 <ludvann> Il est pas déjà passé ? :/
2014-06-28T11:05:26 <heuzef> pareil, j'attend un colis mais c'est mort à mon avis :/
2014-06-28T11:05:48 <ludvann> Alors heuzef ? Et c'est quoi ton style de jeu ?
2014-06-28T11:06:14 <adriens33> non non, y'a pas d'avis dans ma boite aux lettres
2014-06-28T11:06:51 <heuzef> Jak & Daxter, Ratchet & Clank, Spyro, Crash Bandicoot, ...
2014-06-28T11:07:01 <ludvann> Ok
2014-06-28T11:07:02 <heuzef> plateforme action en gros
2014-06-28T11:07:13 <ludvann> Ksp ?
2014-06-28T11:07:19 <ludvann> Ok
2014-06-28T11:07:24 <heuzef> Après y'a certain jeux de combat comme Tekken ou Mortal Kombat ou je m'éclate bien avec des amis
2014-06-28T11:07:34 <heuzef> Sly Racoon dans le même genre
2014-06-28T11:07:42 <heuzef> Ou les beat them all de type God of war
2014-06-28T11:07:51 <heuzef> y'a un bon paquet de jeux que j'aime bien
2014-06-28T11:07:56 <heuzef> Mais pas les FPS
2014-06-28T11:08:13 <heuzef> Et Minecraft reste quand même mon chouchou intemporelle
2014-06-28T11:08:29 <ludvann> Splinter est un tps *
2014-06-28T11:08:29 <adriens33> ^^
2014-06-28T11:08:46 <ludvann> Minecraft .
2014-06-28T11:09:38 <ludvann> Et terraria ?
2014-06-28T11:10:35 <heuzef> Aucun MMO
2014-06-28T11:10:51 <heuzef> Et terraria je connais pas
2014-06-28T11:10:56 <ludvann> C'est pas un mmo...
2014-06-28T11:11:27 <ludvann> Non, ce n'est un minecraft en 2D...
2014-06-28T11:11:36 <ludvann> Pas*
2014-06-28T11:12:19 <ludvann> Tu vois starbound ?
2014-06-28T11:13:19 <ludvann> ?
2014-06-28T11:13:57 <heuzef> nop
2014-06-28T11:14:10 <ludvann> Hum...
2014-06-28T11:14:35 <heuzef> Tu semble beaucoup t’intéresser aux JV
2014-06-28T11:14:54 <heuzef> A savoir on à 2 très gros gamers dans le collectif
2014-06-28T11:15:00 <ludvann> Iui^^
2014-06-28T11:15:03 <heuzef> Ragator et Elydiros
2014-06-28T11:15:11 <ludvann> Oui*
2014-06-28T11:15:22 <ludvann> Je reboot mon tel..
2014-06-28T11:15:22 <heuzef> Ragator c'est plus celui qui à joué à tous les JV de la planète
2014-06-28T11:15:30 <ludvann> Je re
2014-06-28T11:15:36 <heuzef> Et Elydiros c'est le collectionneur compulssif fou
2014-06-28T11:15:42 *** ludvann est parti
2014-06-28T11:17:36 *** ludvann s'est connecté
2014-06-28T11:17:41 <ludvann> Re
2014-06-28T11:17:50 <Berry-Punch> Voilà ce qu'il s'est passé *hic* ces 10 dernières lignes, ludvann
2014-06-28T11:17:51 <ludvann> !history
2014-06-28T11:17:59 <ludvann> Ok
2014-06-28T11:18:17 <ludvann> C'est mieux quand ça rame plus :)
2014-06-28T11:22:47 * adriens33 pose les pagaies
2014-06-28T11:22:54 <adriens33> on a plus besoin de ça alors ?
2014-06-28T11:23:27 <ludvann> XD
2014-06-28T11:33:18 <ludvann> Zimaginez le bordel si zidane était une licorne ?
2014-06-28T11:34:46 <adriens33> rhô purée :p
2014-06-28T11:34:51 <adriens33> coup de boule !
2014-06-28T11:34:58 <adriens33> -ah mince !
2014-06-28T11:35:09 <ludvann> ^^
2014-06-28T11:45:14 *** Rei s'est connecté
2014-06-28T11:45:38 <Rei> Reuh XD desoler tout a l'heure ma connexion a lacher du coup je suis aller faire le ménage
2014-06-28T11:45:43 <adriens33> ^^
2014-06-28T11:45:53 <adriens33> no soucy
2014-06-28T11:46:24 <Rei> du coup j'ai tout fini en avance je vais pouvoir manger tranquille!
2014-06-28T11:46:24 <Berry-Punch> Bon appétit, Rei :D *hic* 
2014-06-28T11:47:45 <ludvann> ^^
2014-06-28T11:47:47 <ludvann> Re
2014-06-28T11:48:30 <ludvann> Je range mon coin électronique qui est un b*rdel sans nom xD
2014-06-28T11:49:32 <Rei> XD moi faut que je fasse encore la table du salon, que je donne a miam a mon rat avant de partir, que je me coiffe (ce qui prend 5min) + maquillage = 10min + Vernis a ongles XD et c'est bon j'aurai tout finiii
2014-06-28T11:49:55 <ludvann> ^^
2014-06-28T11:50:02 <adriens33> ^^
2014-06-28T11:50:03 *** ValCab33 s'est connecté
2014-06-28T11:50:08 <adriens33> yay le facteur est passé
2014-06-28T11:50:10 <adriens33> plop val'
2014-06-28T11:50:15 <ValCab33> Hello
2014-06-28T11:50:23 <adriens33> ho, c'est pas le tee shirt :/
2014-06-28T11:51:01 <ludvann> Quand je sors moi c'est: passage de main dans les cheveux(3secondes) ^^
2014-06-28T11:51:01 <Rei> Salut Valcab
2014-06-28T11:51:09 <ludvann> Salut val'
2014-06-28T11:51:17 <Rei> XD oh mince Adrien é-è
2014-06-28T11:51:40 <ludvann> ?
2014-06-28T11:52:27 <Rei> bah c'est pas le tee shirt qui est arriver XD
2014-06-28T11:52:41 <ludvann> Ah ok... ><
2014-06-28T11:53:12 <Rei> j'ai faim..
2014-06-28T11:53:20 <adriens33> nan c'est mes new chaussures
2014-06-28T11:53:26 <Rei> ok^^
2014-06-28T11:53:27 <adriens33> ras le bol des vieilles tennis de sport
2014-06-28T11:53:29 <ludvann> Pas moi
2014-06-28T11:53:34 <ludvann> :)
2014-06-28T11:54:04 <Rei> ^^
2014-06-28T11:54:40 <ludvann> J'arrive à me modérer (enfin, presque... ^^' )
2014-06-28T11:54:47 <Rei> xD
2014-06-28T11:55:21 <Rei> Grahouhhhhhhhhhhhhhh j'ai faimmmmm
2014-06-28T11:55:30 <ludvann> Je m'ennuie...
2014-06-28T11:55:50 <ludvann> Tien, je vais faire un aimant !
2014-06-28T11:56:10 <ValCab33> Bon, je vais me lever moi
2014-06-28T11:56:18 <Rei> Un aimant?
2014-06-28T11:56:27 <Rei> Ok valcab^^
2014-06-28T11:56:40 <ludvann> Oui un aimant
2014-06-28T11:56:41 * ValCab33 is now afk
2014-06-28T11:56:50 <adriens33> ^^
2014-06-28T11:56:52 <ludvann> Un électro-aimant*
2014-06-28T11:57:15 <ludvann> Mais j'ai pas beaucoup de fil :(
2014-06-28T11:57:58 <Rei> ah..
2014-06-28T11:58:34 <ludvann> ?
2014-06-28T11:58:38 <heuzef> plop
2014-06-28T11:58:42 <heuzef> Coucou Rei
2014-06-28T11:59:01 <heuzef> Je vais te rajouter à la ML maintenant c'est important
2014-06-28T12:00:20 <heuzef> Voila c'est fait Rei :3
2014-06-28T12:01:03 <heuzef> Concrètement y'a un Brony (Dawnio) qui souhaite passer nous voir sur Bordeaux fin Juillet.
2014-06-28T12:01:34 <heuzef> Pour l'actu du moment
2014-06-28T12:01:59 <Rei> Ok merci flo, je t'envoie un mail ce soir j'ai oublier deux truc dans mon questionnaire
2014-06-28T12:03:30 <Rei> ^^
2014-06-28T12:03:37 <heuzef> Rei pas de souci, si tu pouvais m'envoyer le lien de ton gravatar au passage ça serait top
2014-06-28T12:03:52 <Rei> bah je l'ai mis dans le questionnaire normalement
2014-06-28T12:03:55 <heuzef> dac
2014-06-28T12:03:57 <Rei> ah le lien
2014-06-28T12:04:00 <Rei> att
2014-06-28T12:04:03 <heuzef> Et bertrand il est la ?
2014-06-28T12:04:13 <adriens33> il répond plus depuis quelques heures
2014-06-28T12:04:14 <heuzef> On est censé ce voir cette aprem
2014-06-28T12:04:17 <heuzef> Mais pas de nouvelle
2014-06-28T12:04:22 <adriens33> il s'est ptet endormi
2014-06-28T12:04:33 <Rei> oui je pense
2014-06-28T12:04:43 <Rei> si il a pas dodo de la nuit...
2014-06-28T12:04:57 <heuzef> Le JDR commence à 14:59:59 s'il est pas la avant ... trotoire
2014-06-28T12:05:19 <Rei> http://fr.gravatar.com/reikuran  voila^^
2014-06-28T12:05:40 <Rei> mais hier il m'a pas dit qu'il te voyait aujourd'hui... il a peut etre oublier XD
2014-06-28T12:05:47 <heuzef> T'es en train de faire des infidélité à fluffle puff toi
2014-06-28T12:06:00 <heuzef> T'es à fond sur Luna maintenant :3
2014-06-28T12:06:09 <Rei> nahhh elle occupe mon cerveau en faite^^' XD
2014-06-28T12:06:24 <Rei> elle est venu squatter c'est pour ça que je saute partout maintenant
2014-06-28T12:06:58 <heuzef> :P
2014-06-28T12:07:02 <Rei> non c'est que je me suis apercu que j'aimais aussi luna; et puis pour mon avatar j'aimais juste la photo XD
2014-06-28T12:07:30 *** Dawnio s'est connecté
2014-06-28T12:08:15 <heuzef> Tiens :3
2014-06-28T12:08:21 <Berry-Punch> Bienvenue sur le chat de BronyCUB, Dawnio ! *hic* 
2014-06-28T12:08:21 <Berry-Punch> Amuse-toi bien *hic* !
2014-06-28T12:08:21 <heuzef> !welcome Dawnio
2014-06-28T12:09:01 <Berry-Punch> Salut, Dawnio *hic* !
2014-06-28T12:09:01 <ludvann> !niorphlo Dawnio
2014-06-28T12:09:11 <Rei> salut dawnio^^
2014-06-28T12:09:16 <Dawnio> Bonjouuur! C'est l'heure de l'apéro à ce que je vois :D
2014-06-28T12:09:26 * ValCab33 is no lionger afk
2014-06-28T12:09:34 <Rei> rahh je sais jamais comment on change d'image de profil sur grava....
2014-06-28T12:09:44 <ludvann> Chouette, de la viande qui parle ;)
2014-06-28T12:10:00 <heuzef> Ouais la je suis en speed, j'ai pas encore fait à bouffer et j'ai une tigresse qui va rentrer a la maison ... gloups
2014-06-28T12:10:19 <Rei> moi ya un ours qui m'attend chez lui XD
2014-06-28T12:12:17 <heuzef> Bon alors j'attend qui chez moi la ?
2014-06-28T12:12:38 <Rei> pas moi XD
2014-06-28T12:12:41 <ValCab33> Pamwa
2014-06-28T12:12:49 <adriens33> les courageux XD
2014-06-28T12:13:45 <adriens33> @heuzef comment qu'on fait ud coup ?
2014-06-28T12:13:49 <adriens33> je viens mtn ou ?
2014-06-28T12:13:51 <adriens33> …
2014-06-28T12:15:00 <ludvann> Rdv chez toi à quel heure heuzef ?
2014-06-28T12:16:52 <Dawnio> Bon, les amis, je lance l'organisation d'un meet up sur Bordeaux, j'ai fait ce qu'il faut sur la page d'organisation, et mis à part que je me suis prit un party cannon en pleine face, je sait pas si la validation a fonctionné ^^
2014-06-28T12:17:48 <ludvann> Ok
2014-06-28T12:17:53 <adriens33> XD
2014-06-28T12:17:57 <Rei> okiii
2014-06-28T12:18:28 <adriens33> ^^
2014-06-28T12:19:24 <heuzef> Bien reçu Dawnio
2014-06-28T12:19:30 <heuzef> Les autres ouais venez
2014-06-28T12:19:32 <heuzef> pas de souci
2014-06-28T12:19:38 <adriens33> ok ça roule, je go :)
2014-06-28T12:19:57 <ludvann> Quelle heure chez toi heuz ?
2014-06-28T12:20:13 <heuzef> now
2014-06-28T12:20:18 <adriens33> ++
2014-06-28T12:20:22 <heuzef> a toute
2014-06-28T12:20:23 *** adriens33 est parti
2014-06-28T12:20:37 <Dawnio> par contre, j'ai l'impression que c'est parti dans le néant, il y aura moyen de l'éditer?  (au fur et à mesure que je puisse préciser les lieux/horaires)
2014-06-28T12:20:54 <ludvann> J'ai pas encore mangé...
2014-06-28T12:21:39 <heuzef> Pareil pfff
2014-06-28T12:22:05 <Rei> moi j'me suis fais un sandwich vite fait..
2014-06-28T12:22:16 <heuzef> Dawnio c'est partie sur la mailing list :/ Mais t'en fait pas je te tiens au jus
2014-06-28T12:22:31 <Rei> bon maintenant je vais donner a miam a mon dedenne d'amurrrr
2014-06-28T12:22:31 <Berry-Punch> Bon *hic* appétit, Rei :D
2014-06-28T12:23:03 <Dawnio> ça marche ^^ je pense quand même faire un post sur french brony, je sais qu'il y a des girondins dessus (bon app à ceux qui vont manger :))
2014-06-28T12:23:22 <Rei> (j'ai deja fini le miam XD)
2014-06-28T12:23:39 <Rei> je veux pas laisser mon ratounet tout seul jusqu'a dimanche T.T
2014-06-28T12:24:35 <Dawnio> le mériadeck, c'est bien comme endroit?
2014-06-28T12:28:49 <heuzef> Dawnio: c'est un tres grand magasin et y'a un bowling la ba =)
2014-06-28T12:28:56 <heuzef> Bon plan
2014-06-28T12:29:24 <heuzef> Désolé mais la c'est le bordel je dois filer, à bientôt Dawnio !
2014-06-28T12:29:33 <Dawnio> à plus!
2014-06-28T12:29:35 <Rei> bye flo^^
2014-06-28T12:29:39 *** heuzef est parti
2014-06-28T12:29:46 <Rei> je viens de me casser la gueule...
2014-06-28T12:30:05 <Dawnio> bon j'y vais aussi alors /)(
2014-06-28T12:30:13 *** Dawnio est parti
2014-06-28T12:31:47 <ludvann>  @+
2014-06-28T12:31:52 *** ludvann est parti
2014-06-28T12:33:25 <Rei> ya plus personne....
2014-06-28T12:33:51 <Rei> bon bah....
2014-06-28T12:33:56 *** Rei est parti
2014-06-28T13:03:54 *** Rei s'est connecté
2014-06-28T13:04:09 *** Rei est parti
2014-06-28T13:16:13 * ValCab33 is now afk (miamming)
2014-06-28T13:40:09 * ValCab33 is no longer afk
2014-06-28T13:40:27 <ValCab33> Kom ya personne
2014-06-28T13:51:25 *** wildfier s'est connecté
2014-06-28T13:53:47 *** ValCab33 est parti
2014-06-28T13:57:25 *** Dawnio s'est connecté
2014-06-28T14:19:41 *** adriens33 s'est connecté
2014-06-28T14:19:46 <adriens33> plaupe
2014-06-28T14:21:12 *** ValCab33 s'est connecté
2014-06-28T14:21:42 <ValCab33> Allo ? C ou chez wilfier déja ?
2014-06-28T14:22:18 <ValCab33> 'Fin c'edt quel numéro ?
2014-06-28T14:23:39 <ValCab33> Is anyone there ?
2014-06-28T14:29:15 *** adriens33 est parti
2014-06-28T14:29:42 *** wildfier est parti
2014-06-28T14:30:17 <ValCab33> Duh
2014-06-28T14:37:21 *** wildfier s'est connecté
2014-06-28T14:37:22 *** adriens33 s'est connecté
2014-06-28T14:37:28 <wildfier> toujours là valcab ?
2014-06-28T14:37:35 <ValCab33> Oui
2014-06-28T14:37:45 <adriens33> t'es où ?
2014-06-28T14:37:45 <wildfier> donc maintenant quand j'écris tu le vois
2014-06-28T14:38:01 <wildfier> arret cours du médoc
2014-06-28T14:38:05 <wildfier> 11 rue denise
2014-06-28T14:38:07 <wildfier> 2ème étage
2014-06-28T14:38:07 <ValCab33> Sur jn banc a coté de l'arret de tram
2014-06-28T14:38:10 <adriens33> ah
2014-06-28T14:38:14 <ValCab33> Ok thx
2014-06-28T14:44:05 <adriens33> kapoué
2014-06-28T14:45:11 <Berry-Punch> Commandes disponibles *hic* :
2014-06-28T14:45:11 <Berry-Punch> say do flag reload stop op niorphlo list kick *hic* welcome voice help devoice niorph history muffin deop
2014-06-28T14:50:44 *** wildfier est parti
2014-06-28T14:55:17 *** ValCab33 est parti
2014-06-28T14:56:48 *** adriens33 est parti
2014-06-28T15:06:45 *** adriens33 s'est connecté
2014-06-28T15:18:57 *** adriens33 est parti
2014-06-28T16:11:09 *** MaCharon s'est connecté
2014-06-28T16:12:53 *** Dawnio est parti
2014-06-28T17:15:31 *** wildfier s'est connecté
2014-06-28T17:22:57 *** wildfier est parti
2014-06-28T18:25:15 *** adriens33 s'est connecté
2014-06-28T18:25:39 *** adriens33 est parti
2014-06-28T18:30:55 *** AlphaDash s'est connecté
2014-06-28T18:34:25 <Letarumavza> Et qui hiberne comme une marmotte sous valium ?
2014-06-28T18:34:31 <Letarumavza> Bah c'est moi...
2014-06-28T18:59:49 *** AlphaDash est parti
2014-06-28T19:30:27 *** flutterbrony s'est connecté
2014-06-28T19:45:55 * Berry-Punch lance un muffin sur Celestia à 1163 km/h
2014-06-28T19:45:55 <flutterbrony> !muffin Celestia
2014-06-28T19:46:59 *** flutterbrony est parti
2014-06-28T19:50:18 *** wildfier s'est connecté
2014-06-28T19:56:20 *** wildfier est parti
2014-06-28T20:04:39 *** wildfier s'est connecté
2014-06-28T20:14:00 *** wildfier est parti
2014-06-28T21:41:10 *** ludvann s'est connecté
2014-06-28T21:41:18 <ludvann> Salut !
2014-06-28T21:41:32 <Letarumavza> re
2014-06-28T21:42:01 <ludvann> Tu dormais cet aprem ?
2014-06-28T21:42:22 <Letarumavza> affirmatif...
2014-06-28T21:42:28 <ludvann> Ah :(
2014-06-28T21:42:52 <Letarumavza> Une putain de marmotte sous valium
2014-06-28T21:43:16 <Letarumavza> Bah ce matin j'avais mal à la dent alors j'ai pris un médoc
2014-06-28T21:43:23 <ludvann> XD
2014-06-28T21:43:28 <Letarumavza> => dodo jusqu'à 18h
2014-06-28T21:43:34 <ludvann> :(
2014-06-28T21:44:22 *** ludvann est parti
2014-06-28T21:44:38 *** ludvann s'est connecté
2014-06-28T21:44:41 <ludvann> Tr
2014-06-28T21:44:44 <ludvann> Re*
2014-06-28T21:44:51 <ludvann> 3G
2014-06-28T21:44:54 <ludvann> ...
2014-06-28T21:45:15 <ludvann> Tu fais quoi sinon ?
2014-06-28T21:45:52 <Letarumavza> arf ^^
2014-06-28T21:45:55 <Letarumavza> Bah je glande sur wow
2014-06-28T21:46:16 <ludvann> Serveur officiel ?
2014-06-28T21:47:07 <ludvann> ?
2014-06-28T21:47:15 *** ludvann est parti
2014-06-28T21:47:29 *** ludvann s'est connecté
2014-06-28T21:47:55 <ludvann> Re...
2014-06-28T21:48:04 <ludvann> Officiel ?
2014-06-28T21:48:18 <Letarumavza> yep
2014-06-28T21:48:52 <ludvann> Tu as payais ? ^^
2014-06-28T21:48:56 <Letarumavza> http://eu.battle.net/wow/fr/character/confrerie-du-thorium/Less%AFlera/simple
2014-06-28T21:49:06 <Letarumavza> Bah yep
2014-06-28T21:49:15 <Letarumavza> 13€/mois c'est pas la mort
2014-06-28T21:49:55 <ludvann> C'est vrai...
2014-06-28T21:50:17 <ludvann> Ça avance ton entreprise ?
2014-06-28T21:50:33 <Letarumavza> Rome ne s'est pas faite en un jour
2014-06-28T21:51:03 *** ludvannn s'est connecté
2014-06-28T21:51:08 <ludvannn> ...
2014-06-28T21:51:16 <Letarumavza> Et le fait est que jusqu'à fin aout j'intègre juste des fichiers à la database.
2014-06-28T21:51:17 <ludvannn> 3G de merde...
2014-06-28T21:51:40 <ludvannn> Manqué début de la phrase...
2014-06-28T21:51:59 <ludvannn> ^^
2014-06-28T21:52:41 <ludvannn> Faut qu'elle soit opé en septembre ?
2014-06-28T21:52:41 *** ValCab33 s'est connecté
2014-06-28T21:52:56 <ludvannn> Yo !
2014-06-28T21:53:00 <ValCab33> Lo
2014-06-28T21:53:14 <Letarumavza> En gros grace à mon organigramme bien pensé je m'assure de n'avoir toujours qu'un minimum de boulot à faire ^^
2014-06-28T21:53:26 <ludvannn> XD
2014-06-28T21:54:06 <ludvannn> Ça va ValCab33 ?
2014-06-28T21:54:06 <Letarumavza> Le rôle des personnes au sein d'une société est comparable à celui des fonctions de la programmation modulaire.
2014-06-28T21:54:24 <ValCab33> Oui ca va
2014-06-28T21:54:31 <ValCab33> Pourquoi ? ^^
2014-06-28T21:54:32 <ludvannn> Yep...
2014-06-28T21:54:42 <Letarumavza> Moi je me contente d'être l'irremplaçable lien entre ces fonctions, ce qui donne à chacun son utilité.
2014-06-28T21:54:45 *** ludvann est parti
2014-06-28T21:54:48 <ludvannn> Comme ça :)
2014-06-28T21:55:36 <ludvannn> Jébédiah ;(
2014-06-28T21:55:41 <ludvannn> ;) *
2014-06-28T21:56:38 <ludvannn> Pas touché un ordi aujourd'hui ^^
2014-06-28T21:57:17 <ValCab33> J'aurai bien aimé finir le JDR quand même...
2014-06-28T21:57:32 <ludvannn> Pareil...
2014-06-28T21:57:56 <ludvannn> Mais commençait à se faire tard...
2014-06-28T21:58:05 <ValCab33> Boarf
2014-06-28T21:58:30 <ludvannn> Pour moi, oui...
2014-06-28T21:59:03 <ludvannn> :(
2014-06-28T21:59:38 <ludvannn> Tu fais quoi ValCab33 ?
2014-06-28T22:00:05 <ValCab33> Du coup j'ai "Piiink fluffy unicooorn dancing on rainbooows" dans la tête c'est horrible x)
2014-06-28T22:00:14 <ludvannn> :)
2014-06-28T22:00:15 <ValCab33> Je glande
2014-06-28T22:00:29 <ValCab33> Et je vais manger d'ailleurs
2014-06-28T22:00:29 <Berry-Punch> Bon appétit, ValCab33 :D *hic* 
2014-06-28T22:00:33 <ValCab33> Thx
2014-06-28T22:00:37 <ludvannn> Je suis dans le tram...
2014-06-28T22:00:57 <ludvannn> M'ennuie :(
2014-06-28T22:01:25 <ValCab33> :/
2014-06-28T22:01:33 <ValCab33> Sur ce
2014-06-28T22:01:38 <ludvannn> @+
2014-06-28T22:01:46 * ValCab33 is now afk (miamming)
2014-06-28T22:41:07 *** adriens33 s'est connecté
2014-06-28T22:41:14 <adriens33> hello la marmotte o/
2014-06-28T22:41:27 <adriens33> (et les autres aussi ^^)
2014-06-28T22:41:33 <adriens33> comment va ?
2014-06-28T22:43:02 <Berry-Punch> Voilà ce qu'il s'est passé *hic* ces 10 dernières lignes, adriens33
2014-06-28T22:49:46 <ludvannn> Yo !
2014-06-28T22:50:32 <adriens33> j'ai mon tee shirt bronycub o/
2014-06-28T22:50:51 <ludvannn> Yat
2014-06-28T22:50:57 <ludvannn> Yay*
2014-06-28T22:51:24 <ludvannn> Tu feras voir à la prochaine irl ?
2014-06-28T22:51:31 <adriens33> bah évidemment…
2014-06-28T22:51:33 <adriens33> ^^
2014-06-28T22:51:37 <ludvannn> ^^
2014-06-28T22:51:46 <ludvannn> :)
2014-06-28T22:51:49 <adriens33> bon j'ia pas l'intention de m'arrêter à un seul
2014-06-28T22:51:50 <adriens33> perso
2014-06-28T22:51:58 <ludvannn> Pareil...
2014-06-28T22:51:59 <adriens33> ::)
2014-06-28T22:52:01 <adriens33> *:)
2014-06-28T22:52:16 <ludvannn> Je vais ptêt annoncer mon brini
2014-06-28T22:52:26 <ludvannn> Bronisme demain*
2014-06-28T22:52:37 <ludvannn> Faut voir...
2014-06-28T22:52:59 <adriens33> boarf, moi je suis tranquillou chez moi, ma famille a pas forcément besoin de le savoir. Et compte tenu des circonstances je sais pas vraiment si j'ai envie de leur sortir ça…
2014-06-28T22:53:45 <ludvannn> Moi je suis chez les parents donc bon...
2014-06-28T22:53:48 <adriens33> ouais…
2014-06-28T22:54:05 <adriens33> à 15ans et demie c'est pas la même situation
2014-06-28T22:54:06 <ludvannn> Pas pareil ^^
2014-06-28T22:54:07 <adriens33> forcément
2014-06-28T22:55:09 <ludvannn> Et ça m'a un peu emmerdais quand j'ai dit chez un autre pote pour aujourd'hui...
2014-06-28T22:55:30 <ludvannn> J'aime pas mentir...
2014-06-28T22:55:43 <adriens33> ::
2014-06-28T22:55:45 <adriens33> * :/
2014-06-28T22:57:05 <ValCab33> Moi les deux fois j'ai dit à mon père que sortait avec des potes, c'est passé tout seul
2014-06-28T22:57:19 <ludvannn> Je l'annonce rais sûrement en même temps que m)a cop (si ça se fait ^^
2014-06-28T22:58:07 <ValCab33> Perso je compte pas l'annoncer.
2014-06-28T22:58:23 <ValCab33> Du moins pas dans la prochaine année
2014-06-28T22:59:07 <ludvannn> Moi ça me facilitera les choses + les tee-shirts ^^
2014-06-28T22:59:28 <ludvannn> Et goodies :)
2014-06-28T22:59:56 <ludvannn> (J'espère...)
2014-06-28T23:00:49 <ValCab33> J'aimerait tellement acheter le t-shirt avec RD qui vole à coté d'un F-18 *.*
2014-06-28T23:01:13 <ValCab33> Mais il faudrait que j'annonce mon bronisme, et ca...
2014-06-28T23:06:23 <adriens33> :/
2014-06-28T23:07:03 <ludvannn> :(
2014-06-28T23:09:05 <adriens33> sinon tu peux demander des sous à tes parents en leur disant juste que c'est pour acheter des tee shirts / goodies d'une série que t'aime bien, sans détailler plus.
2014-06-28T23:09:30 <adriens33> ça serait un bon début déjà non ?
2014-06-28T23:10:48 <ValCab33> Nan mais j'ai pas besoin de leur demander pour acheter quelque-chose sur internet
2014-06-28T23:11:05 <adriens33> ah
2014-06-28T23:11:08 <adriens33> ben ça va alors
2014-06-28T23:11:08 <ValCab33> Ou quoi que ce soit
2014-06-28T23:11:50 <ValCab33> Mais il va bien être sur mon dos ce teeshirt
2014-06-28T23:12:03 <ValCab33> Et il va bien faloir le laver
2014-06-28T23:12:11 <ValCab33> M'voila quoi
2014-06-28T23:12:14 <adriens33> oooouais.
2014-06-28T23:12:21 <adriens33> putains de préjugés à la con >_<
2014-06-28T23:14:36 <adriens33> faudrait voir s'il y a pas quelqu'un qui pourrait vous conseiller là dessus à tous les deux
2014-06-28T23:14:53 <adriens33> parce que il est vrai que c'est un peu délicat…
2014-06-28T23:15:03 <ludvannn> Moi je pense que ça ira...
2014-06-28T23:15:31 <adriens33> bah de toute façon de base c'est une série qui fait l'apologie de l'amitié… y'a largement pire XD
2014-06-28T23:15:58 <ludvannn> Quel sera le problème avec tes parents val' (les problèmes que tu penses.)
2014-06-28T23:16:00 <ludvannn> XD
2014-06-28T23:16:06 <ValCab33> Moi je pense que j'ai juste à le "cacher" jusqu'a ce que j'ai mon appart
2014-06-28T23:16:11 <ludvannn> ?
2014-06-28T23:16:23 <ludvannn> *
2014-06-28T23:16:24 <ValCab33> Dans quelques années
2014-06-28T23:17:00 <ludvannn> Tu penses que tes parents réagiront comment val' ?
2014-06-28T23:17:47 *** ludvann s'est connecté
2014-06-28T23:17:53 <ludvann> Re
2014-06-28T23:18:09 <ludvann> Alors ?
2014-06-28T23:18:15 <Berry-Punch> Voilà ce qu'il s'est passé ces 10 *hic* dernières lignes, ludvann
2014-06-28T23:18:17 <ludvann> !history
2014-06-28T23:18:23 <ValCab33> Ils vont soit se foutre de ma gueule, ou me prendre pour un fou, ou rien avoir à foutre
2014-06-28T23:18:30 <ValCab33> J'en sait rien
2014-06-28T23:19:03 <ludvann> Pour le 1 c'est quel genre ? Pendant longtemps ou
2014-06-28T23:19:07 <ludvann> ...
2014-06-28T23:19:19 <ludvann> Moins
2014-06-28T23:19:30 <adriens33> ouais  'fin des parents qui se foutent de la gueule de leur fils à cause de ses goûts
2014-06-28T23:19:32 <adriens33> …
2014-06-28T23:19:34 <adriens33> comment dire.
2014-06-28T23:19:45 <adriens33> (sans violence)
2014-06-28T23:19:52 <adriens33> bafdanslatronche ?
2014-06-28T23:20:04 <ludvann> Sais pas...
2014-06-28T23:20:10 <adriens33> 'fin merde quoi.
2014-06-28T23:20:15 <ludvann> Au pire,
2014-06-28T23:21:28 *** ludvannn est parti
2014-06-28T23:21:39 <ludvann> Tu leur dit que t'aime une super série qui t'éclate, avec plein de références, tu fais parti d'un collectif est que tu te contre fous de leur avis...
2014-06-28T23:21:50 <ludvann> Et*
2014-06-28T23:22:37 <ludvann> Voilà...
2014-06-28T23:24:04 <ludvann> Des questions ?
2014-06-28T23:24:52 <ludvann> ? :(
2014-06-28T23:26:12 <ludvann> Je pues ?
2014-06-28T23:26:40 <adriens33> ouais mais on n'osait pas te l'dire  XD
2014-06-28T23:26:49 <ludvann> :'(
2014-06-28T23:26:55 * ludvann boude
2014-06-28T23:26:55 * Berry-Punch Donne un verre de bière à ludvann
2014-06-28T23:26:55 <Berry-Punch> Tiens *hic* ludvann, pour te consoler :)
2014-06-28T23:27:07 <adriens33> désolé mais c'était trop tentant
2014-06-28T23:27:29 <ludvann> Je sais ^^
2014-06-28T23:27:31 <adriens33> @ValCab33 : as tu des question pour monsieur ludvann ici présent ?
2014-06-28T23:28:39 <ValCab33> Non pourquoi ?
2014-06-28T23:29:25 <ludvann> A propos de mon conseil...
2014-06-28T23:29:46 <ValCab33> Ah
2014-06-28T23:30:05 <ludvann> ?
2014-06-28T23:30:50 <ValCab33> Non je n'ai pas de question, et je vais même prendre un screen pour m'en souvenir ;)
2014-06-28T23:30:55 <ludvann> adriens33 tu as une distrib linux à me conseiller ?
2014-06-28T23:31:00 <ludvann> Ok ^^
2014-06-28T23:31:04 <ludvann> :)
2014-06-28T23:31:09 <adriens33> ça dépend de ton niveau et de ce que tu veux faire.
2014-06-28T23:31:42 <adriens33> si t'y connais rien → fedora, ubuntu (berk) dans un premier temps.
2014-06-28T23:31:46 <ludvann> En parallèle de windows, mon niveau euh....
2014-06-28T23:32:09 <ludvann> Je sais m'adapter ^^
2014-06-28T23:32:11 <adriens33> de manière générale, debian c'est pas mal, les softs sont parfois assez vieux mais niveau stabilité c'est du roc
2014-06-28T23:32:26 <adriens33> si tu veux apprendre à donf après tu peux essayer arch
2014-06-28T23:32:26 <ludvann> Stabilité ?
2014-06-28T23:32:44 <ludvann> Arch linux ?
2014-06-28T23:32:46 <adriens33> ben les cycles de release de debian sont de +- deux ans…
2014-06-28T23:32:56 <ludvann> Ah...
2014-06-28T23:32:57 <adriens33> c'est hyper testé de partouyt
2014-06-28T23:32:59 <adriens33> *partout
2014-06-28T23:33:09 <adriens33> arch c'est bien si tu veux customiser ton systeme au mas
2014-06-28T23:33:10 <adriens33> *max
2014-06-28T23:33:18 <adriens33> et apprendre un peu commment c'est foutu dessous
2014-06-28T23:33:29 <adriens33> (non je parle pas des jupes des demoiselles XD)
2014-06-28T23:33:38 <ludvann> XD
2014-06-28T23:33:43 <ludvann> Taykon
2014-06-28T23:33:46 <adriens33> le wiki anglais (et le français un peu aussi) est génial
2014-06-28T23:33:52 <adriens33> http://wiki.archlinux.org
2014-06-28T23:34:05 <adriens33> mais bon, attaquer arch directement c'est déconseillé
2014-06-28T23:34:08 <ludvann> Tu m'aideras !
2014-06-28T23:34:14 <ludvann> ?*
2014-06-28T23:34:34 <adriens33> sauf si t'es fou dans ta tête ou que t'aimes les défis bien durs
2014-06-28T23:35:05 <ludvann> (If you know watt admin)
2014-06-28T23:35:20 <adriens33> tu peux toujours commencer par installer en machine virtuelle, histoire de rien casser dans ton pcc
2014-06-28T23:35:22 <adriens33> *pc
2014-06-28T23:35:24 <ludvann> ^^'
2014-06-28T23:35:30 <adriens33> et de t'habituer à comment ca marche
2014-06-28T23:35:42 <adriens33> virtualbox est bien pour ça
2014-06-28T23:36:00 <ludvann> Je testerais ça :)
2014-06-28T23:36:08 <adriens33> pour commencer, donc fedora c'est pas mal, complet, pas trop chiant et supporte plein de trucs. assez lourd cependant…
2014-06-28T23:36:21 <adriens33> ubuntu était la distribution pour les débutants
2014-06-28T23:36:24 <adriens33> *LA
2014-06-28T23:36:49 <ludvann> Et tu sais comment repartionner un disque non vierge ?
2014-06-28T23:37:04 <adriens33> si tu veux cchanger la taille d'une partoche windows
2014-06-28T23:37:09 <adriens33> vaut mieux le faire depuis l'outil windows
2014-06-28T23:37:14 <adriens33> apres avoir défragmenté
2014-06-28T23:37:22 <adriens33> sauf si tu veux perdre des fichiers
2014-06-28T23:37:28 <ludvann> C'est laquelle la nouvelle ?
2014-06-28T23:37:33 <ludvann> ^^
2014-06-28T23:37:34 <adriens33> sinon, commence en VM, ça sera bien plus simple.
2014-06-28T23:37:41 <adriens33> (VM=machine virtuelle)
2014-06-28T23:38:07 <ludvann> Merde le pr0n est delete !
2014-06-28T23:38:08 <adriens33> https://virtualbox.org
2014-06-28T23:38:10 <adriens33> XD
2014-06-28T23:38:17 <ludvann> XD
2014-06-28T23:39:40 <ludvann> Je vais voire si mon père pourra pas me ramener un ou deux disques dur du boulot...
2014-06-28T23:39:45 *** ValCab33 est parti
2014-06-28T23:39:48 <adriens33> ^^
2014-06-28T23:39:55 *** ValCab33 s'est connecté
2014-06-28T23:40:02 <ludvann> Re
2014-06-28T23:40:26 <ludvann> Portable qui commence à ramer...
2014-06-28T23:40:30 <adriens33> arf
2014-06-28T23:40:32 <ludvann> Je re
2014-06-28T23:40:41 *** ludvann est parti
2014-06-28T23:42:37 *** ludvann s'est connecté
2014-06-28T23:42:43 <ludvann> Re
2014-06-28T23:43:19 <ludvann> C'est laquelle la nouvelle distrib pour débutants ?
2014-06-28T23:44:07 <adriens33> en fait y'en a pas de désignée
2014-06-28T23:44:17 <adriens33> mais ubuntu est super simple à utiliser quand t'y connais rien
2014-06-28T23:44:22 <adriens33> mais pour le coup fedora aussi
2014-06-28T23:44:32 <adriens33> mais tu peux quand même aller voir comment c'est fait derriere
2014-06-28T23:44:38 <ludvann> Sauf que ?
2014-06-28T23:45:42 <adriens33> ben Canonical (la société qui édite ubuntu) a une sale tendance à tout forker et à ne pas participer aux logiciels qu'ils integrent dans leur bureau (ce qui est pas cool), et puis il commencent à fouttre des pubs / trackers dans le bureau par défaut, et ça ça pue.
2014-06-28T23:45:47 <ValCab33> Bon, passage de 4G au wifi, je re
2014-06-28T23:45:56 <adriens33> et puis les messages à la windows "machin a été installé, veuillez redémarrer"
2014-06-28T23:45:57 *** ValCab33 est parti
2014-06-28T23:46:07 *** ValCab33 s'est connecté
2014-06-28T23:46:24 <adriens33> plus la mise à niveau systeme (quand tu passe de ubuntu 12.04 à ubuntu 12.10 par ex)
2014-06-28T23:46:31 <adriens33> qui a tendance à tout casser…
2014-06-28T23:46:47 <ludvann> Ok
2014-06-28T23:46:55 <ludvann> Du coup
2014-06-28T23:47:06 <ludvann> Tu me conseil quoi ?
2014-06-28T23:47:10 <adriens33> j'en ai pas beaucoup en tête, j'ai pas essayé grand chose avant ArchLinux.
2014-06-28T23:47:22 <adriens33> je suis resté 1 mois sur Fedora au début
2014-06-28T23:47:28 <ValCab33> Piink fluffy unicoorns dancing on rainboows
2014-06-28T23:47:31 <ludvann> Tu en es chié des cactus ?
2014-06-28T23:47:32 <adriens33> ^^
2014-06-28T23:47:38 <ludvann> :)
2014-06-28T23:48:00 <adriens33> @ludvann: non, ça va, c'est mon dada donc bon passer une soirée à faire une install pour avoir un truc tout personnalisé moi ça m'éclate ^^
2014-06-28T23:48:11 <adriens33> (oui, je suis zarb)
2014-06-28T23:48:14 <ludvann> :)
2014-06-28T23:48:27 <adriens33> donc bon Fedora c'est pas trop mal ^^
2014-06-28T23:48:28 <ludvann> Meuh non :)
2014-06-28T23:48:48 <adriens33> apres t'es libre, tu en as à foison des distributions
2014-06-28T23:48:53 <adriens33> t'as que l'embarras du choix ^^
2014-06-28T23:48:55 <ludvann> :)
2014-06-28T23:49:04 <adriens33> tu peux jeter un œil ici pour te faire une idée :
2014-06-28T23:49:27 <ludvann> Arch utilise quel bureau ? Gnome ? XD
2014-06-28T23:49:28 <adriens33> http://distrowatch.com/
2014-06-28T23:49:30 <adriens33> arch ?
2014-06-28T23:49:35 <ludvann> Eeyup
2014-06-28T23:49:37 <adriens33> t'as pas d'interface graphique par défaut.
2014-06-28T23:49:39 <adriens33> justement
2014-06-28T23:49:45 <adriens33> c'est toi qui met ce que tu veux dessus.
2014-06-28T23:49:46 <ludvann> :|
2014-06-28T23:49:52 <ludvann> Cool
2014-06-28T23:49:53 <adriens33> c'est pour ça qu'il faut éviter de commencer par là
2014-06-28T23:49:59 <adriens33> c'est une distribution de bidouilleurs ^^
2014-06-28T23:50:25 <ludvann> (Je vais chier des rainbows...)
2014-06-28T23:50:44 <adriens33> http://distrowatch.com/dwres.php?resource=major
2014-06-28T23:51:48 <adriens33> pour le bureau, c'est selon tes envies, goûts et convictions apres ^^ (et degré de flemmingite)
2014-06-28T23:52:09 <adriens33> bon, on va arrêter de spam ici, faudrait pas perdre les autres ^^
2014-06-28T23:52:17 <adriens33> donc
2014-06-28T23:52:38 <adriens33> https://www.youtube.com/watch?v=eWM2joNb9NE
2014-06-28T23:52:54 <adriens33> https://www.youtube.com/watch?v=qRC4Vk6kisY
2014-06-28T23:54:18 <ludvann> Ok
2014-06-28T23:54:45 <ludvann> C'est quoi un "paquet" ?
2014-06-28T23:56:08 <adriens33> ah
2014-06-28T23:56:09 <Letarumavza> hum...
2014-06-28T23:56:11 <adriens33> vaste question.
2014-06-28T23:56:19 <Letarumavza> Tu veux pas commencer par mandriva lud ?
2014-06-28T23:56:35 <Letarumavza> arch est peut être un poil hardos pour débuter ^^'
2014-06-28T23:56:44 <adriens33> oui
2014-06-28T23:56:46 <adriens33> sur
2014-06-28T23:57:00 <adriens33> je lui ai conseillé fedora
2014-06-28T23:57:19 <adriens33> et je lui ai passé le link vers distrowatch pour qu'il se fasse une idée de l'existant
2014-06-28T23:57:26 <Letarumavza> Bah si il vient de windows, mandriva est une bonne distrib pour apréhender linux.
2014-06-28T23:57:40 <ludvann> Okay :)
2014-06-28T23:57:46 <adriens33> apres le souci,  c'est qu'à part Archlinux et Fedora j'ai pas touché grand chose d'autre ^^
