2014-12-01T00:11:17 *** Nightfire s'est connecté
2014-12-01T00:13:24 <Nightfire> lu
2014-12-01T00:14:52 <adriens33> bonsoir :)
2014-12-01T00:15:16 <Nightfire> sa va ?
2014-12-01T00:16:17 <adriens33> ça peut aller
2014-12-01T00:16:20 <adriens33> et toi ?
2014-12-01T00:16:28 <adriens33> nouveau/elle ?
2014-12-01T00:16:44 <Nightfire> nouveau oui ^^'
2014-12-01T00:16:50 <adriens33> oki
2014-12-01T00:17:32 <adriens33> (tu tombes pas à un moment ou y'a du monde en plus :P mais c'est souvent comme ça en ce moment, même en journée, vive les cours.. XD)
2014-12-01T00:18:13 <Nightfire> oui lol
2014-12-01T00:18:35 <Nightfire> je suis trop content je connaissé pas ici je croyé être les seul brony girondin
2014-12-01T00:19:13 *** TrappyTickles est parti
2014-12-01T00:20:08 <adriens33> oh non ^^
2014-12-01T00:20:30 <adriens33> y'a une 40aine de gens inscrits actuellement sur bronycub :P
2014-12-01T00:20:38 <Nightfire> cool
2014-12-01T00:20:43 <adriens33> (et on est loin d'avoir fait le tour lol)
2014-12-01T00:21:09 <Nightfire> me sent moins seul la majorité que je connais son au sud est -_-
2014-12-01T00:21:20 <adriens33> ah ^^"
2014-12-01T00:21:32 <adriens33> bah ça t'aidera à en connaitre ici alors :)
2014-12-01T00:21:42 <adriens33> (remarque le collectif est un peu là pour ça :P)
2014-12-01T00:22:07 <Nightfire> yay
2014-12-01T00:22:14 <adriens33> pour les inscriptions faut aller sur le site t'as une section dédiée (mais si t'es là c'est que t'as déjà du jeter un œil au site :P)
2014-12-01T00:22:37 <Nightfire> yep grace à MLPrainbow ^^'
2014-12-01T00:23:08 <adriens33> ok ^^
2014-12-01T00:23:23 <adriens33> (du coup tu t'es inscrit ? :p)
2014-12-01T00:23:52 <Nightfire> je suis en train de le faire ^^'
2014-12-01T00:24:06 <adriens33> (c'est pas automatique par contre, ça envoie un mail à heuzef, qui valide les inscriptions)
2014-12-01T00:24:33 <Nightfire> no problémo
2014-12-01T00:26:10 <adriens33> et vu que là il dort, que en journée il taf et qu'il en a déjà quelques unes qui trainent tu risque de devoir attendre un petit peu ^^" mais bon t'es le bienvenu ^^
2014-12-01T00:26:22 <adriens33> ah  tiens je vais réveiller le bot :p
2014-12-01T00:26:24 <adriens33> Berry ?
2014-12-01T00:26:31 <adriens33> !welcome Nightfire
2014-12-01T00:26:48 <adriens33> tu veux un verre berry ? :p
2014-12-01T00:26:53 <adriens33> héhé
2014-12-01T00:27:24 <Nightfire> Berry punch en Bot
2014-12-01T00:27:34 <Nightfire> pourquoi je me dit logique -_-
2014-12-01T00:28:21 <adriens33> bah c'est la mascotte de bronycub ^^
2014-12-01T00:28:37 <adriens33> c'était un choix évident pour la ville du vin :p
2014-12-01T00:29:06 <Nightfire> yep
2014-12-01T00:29:42 <adriens33> elle dort la plupart du temps, mais si tu l'appelle ou que tu parles de binouze elle pointe le bout de son museau :P
2014-12-01T00:30:21 <adriens33> mais elle boit trop…
2014-12-01T00:30:25 <adriens33> si ><
2014-12-01T00:31:16 <Nightfire> arf
2014-12-01T00:31:33 <Nightfire> c'est mieux que les autres bot Brony que je connais ^^'
2014-12-01T00:32:31 <adriens33> ah ?
2014-12-01T00:32:45 <adriens33> t'as vu quoi comme genre de bot ?
2014-12-01T00:33:06 <Nightfire> se des quelque forum français
2014-12-01T00:33:35 <adriens33> (j'suis curieux parce que c'est moi qui ait codé berry, c'est un « simple » script shell à la base, tu peux voir ici https://github.com/bronycub/berry-punch)
2014-12-01T00:34:29 <Nightfire> je trouve que c'est plus sophistiqué que Sweetie bot et Love ^^'
2014-12-01T00:35:16 <adriens33> ^^
2014-12-01T00:36:06 <adriens33> tiens truc utile
2014-12-01T00:36:06 <Nightfire> si je trouve des Brony Girondins je les envoie ici ^^'
2014-12-01T00:36:10 <adriens33> oki ^^
2014-12-01T00:36:26 <adriens33> le log du jour est là http://www.art-software.fr/files/lastday_bronycub.php
2014-12-01T00:36:40 <adriens33> et les autres sur le dépot github sous old_logs/
2014-12-01T00:36:55 <adriens33> comme ça même quand t'es pas là tu loupe rien :p
2014-12-01T00:36:57 <Nightfire> oki
2014-12-01T00:37:17 <adriens33> et y'a une commande sinon
2014-12-01T00:37:21 <adriens33> !history
2014-12-01T00:39:05 <Nightfire> sa existe depuis longtemp la CUB Brony ?
2014-12-01T00:40:56 <adriens33> c'est pas à moi qu'il faut demander, je suis là que depuis mai dernier ^^ tu peux demander à heuzef (quand il se co ou sur son mail, contact@heuzef.com)
2014-12-01T00:41:18 <Nightfire> oki
2014-12-01T00:42:26 <Nightfire> tu fais des truc en rapport à la communauté ?
2014-12-01T00:43:05 <adriens33> bah.. c'est moi qui ait ouvert le canal irc, parce que avant toutes les discussions se faisaient sur la mailing list
2014-12-01T00:43:12 <adriens33> et ça commençait à être lourd
2014-12-01T00:44:34 <adriens33> sinon de mon coté, je dessine un peu, j'écris quelques trucs dans mon coin donc pourquoi pas me mettre à faire des fan fictions, mais pour le moment j'ai pas trop la motivation ^^"
2014-12-01T00:44:57 <adriens33> http://adriens33.deviantart.com/
2014-12-01T00:44:58 <Nightfire> ok
2014-12-01T00:45:10 <Nightfire> ta un DA O_O
2014-12-01T00:45:13 <adriens33> oh, et y'a un serveur minecraft (bronycub.org:25565)
2014-12-01T00:45:14 <adriens33> ouai
2014-12-01T00:45:46 <Nightfire> je te Watch dessuite
2014-12-01T00:46:04 <adriens33> Xd
2014-12-01T00:46:34 <adriens33> ça fait un moment que j'ai pas fait grand chose par contre, j'ai même l'oc d'une amie à faire mais ça fait un moment que ça traine ^^"
2014-12-01T00:46:57 <Nightfire> moi j'ai trop de commande -_-
2014-12-01T00:47:35 <adriens33> ah ?
2014-12-01T00:47:50 <Nightfire> je dessine ^^'
2014-12-01T00:48:10 <Nightfire> + ma BD, mon FAQ, et autres
2014-12-01T00:49:22 <adriens33> (je vais look ton DA tiens :P)
2014-12-01T00:49:33 <Nightfire> * Squee *
2014-12-01T00:50:22 <Nightfire> suis inscrit ^^'
2014-12-01T00:51:47 <adriens33> ^^
2014-12-01T00:56:10 * adriens33 est en train de lire « Question Time »
2014-12-01T00:56:51 <adriens33> ronfler berry, pas renfler
2014-12-01T00:57:00 <adriens33> sauf si tu grossis…
2014-12-01T00:57:04 <Nightfire> j'ai une vaingtaine de Question time à fair -_-
2014-12-01T00:57:25 <adriens33> bah t'as de quoi t'occuper c'est bien :P
2014-12-01T00:57:47 <Nightfire> ah ça c'est sur
2014-12-01T00:58:10 <adriens33> mdr le 6 avec les wing boners qui trahissent XD
2014-12-01T00:58:36 <Nightfire> yep ^^'
2014-12-01T00:59:49 <Nightfire> ah le truc des alipomme va me suivre lomgtemp
2014-12-01T01:00:29 <adriens33> ^^
2014-12-01T01:00:56 <adriens33> tu dessine bien dis ^^ moi je « triche » un peu, je les fait en vectoriel c'est plus simple XD
2014-12-01T01:00:57 <Nightfire> ah chaque fois que je repond il m'enverra une nouvel question face à son Alipomme givré ^^'
2014-12-01T01:01:12 <Nightfire> moi sur tablette ^^'
2014-12-01T01:01:20 <adriens33> (je sais dessiner, mais j'ai pas de tablette et ma main me fait mal au bout d'un moment ><)
2014-12-01T01:01:48 <adriens33> oui je l'ai vu dans celui ou tu parle de ton matériel :P
2014-12-01T01:02:22 <Nightfire> ah oui bein le Question time raconte ma vie ^^'
2014-12-01T01:02:57 <adriens33> vraiment sympa :)
2014-12-01T01:03:22 <Nightfire> merci
2014-12-01T01:05:15 <adriens33> !muffin Nightfire
2014-12-01T01:05:19 <adriens33> héhé
2014-12-01T01:05:53 <Nightfire> arg
2014-12-01T01:06:05 <adriens33> et encore là elle est douce :P
2014-12-01T01:06:16 <adriens33> !muffin Nightfire
2014-12-01T01:06:19 <adriens33> yay
2014-12-01T01:06:35 <Nightfire> carement ^^'
2014-12-01T01:06:39 <adriens33> ouai
2014-12-01T01:07:05 <Nightfire> je te dit bonne nuit
2014-12-01T01:07:09 <adriens33> ok
2014-12-01T01:07:13 <adriens33> bonne nuit à toi
2014-12-01T01:07:21 <Nightfire> merci
2014-12-01T01:07:27 *** Nightfire est parti
2014-12-01T02:17:36 *** adriens33 est parti
2014-12-01T08:07:02 *** adriens33 s'est connecté
2014-12-01T08:09:35 <adriens33> salut berry :3
2014-12-01T08:09:45 <adriens33> (t'ain je cause à mon bot…)
2014-12-01T08:55:02 *** heuzef s'est connecté
2014-12-01T09:16:34 *** Gordfang s'est connecté
2014-12-01T09:20:07 <adriens33> hello Gordfang & heuzef :)
2014-12-01T09:21:18 <heuzef> yop =)
2014-12-01T09:27:34 <Gordfang> salut les gars
2014-12-01T09:33:37 *** heuzef est parti
2014-12-01T09:35:26 *** Gordfang est parti
2014-12-01T09:39:01 *** heuzef s'est connecté
2014-12-01T09:58:12 *** Gordfang s'est connecté
2014-12-01T10:05:30 *** TrappyTickles s'est connecté
2014-12-01T10:05:38 <adriens33> salut trappy ^^
2014-12-01T10:05:45 <TrappyTickles> oi
2014-12-01T10:06:09 <TrappyTickles> tain y a des trucs pas mal pour les poneys dans gmod
2014-12-01T10:06:22 <adriens33> ah  ? ^^
2014-12-01T10:06:51 <TrappyTickles> tu peux avoir un avatar de poney, trouver des cinés de poney pour regarder des vidéos...
2014-12-01T10:06:57 <TrappyTickles> pis le reste :p
2014-12-01T10:06:59 <adriens33> ^^
2014-12-01T10:07:59 *** Gordfang est parti
2014-12-01T11:10:25 *** Gordfang s'est connecté
2014-12-01T11:34:44 *** heuzef est parti
2014-12-01T11:45:34 *** heuzef s'est connecté
2014-12-01T12:20:53 *** heuzef est parti
2014-12-01T12:34:02 *** Gordfang est parti
2014-12-01T13:05:36 *** Berry-Punch s'est connecté
2014-12-01T13:09:11 *** Berry-Punch s'est connecté
2014-12-01T13:09:23 <adriens33> salut toi
2014-12-01T13:26:33 *** Gordfang s'est connecté
2014-12-01T13:26:44 <adriens33> plop Gordfang
2014-12-01T16:12:33 <Gordfang> j'en est marre de bug
2014-12-01T16:17:41 <adriens33> comment ça ?
2014-12-01T16:21:44 <Gordfang> j'ai ds deco assez souvent c'est chiant
2014-12-01T16:34:03 <adriens33> bah qu'est ce que je devrais dire moi…
2014-12-01T16:34:21 <adriens33> je suis obligé de brider mon débit pour éviter de déco tout lo temps T.T
2014-12-01T16:34:53 <Gordfang> XD ah quand même
2014-12-01T16:35:12 *** heuzef s'est connecté
2014-12-01T16:37:22 <heuzef> Prout !
2014-12-01T16:37:25 <heuzef> Gordfang =)
2014-12-01T16:37:35 <heuzef> ?
2014-12-01T16:37:56 <adriens33> heuzef t'es dégueulasse de péter comme ça :P
2014-12-01T16:38:07 <Gordfang> oui?
2014-12-01T16:38:11 <heuzef> CPardon, je péterais comme un geek à l'avenir
2014-12-01T16:38:13 <heuzef> Proot !
2014-12-01T16:38:17 <adriens33> nah
2014-12-01T16:38:31 <adriens33> p3007
2014-12-01T16:38:42 <heuzef> Gordfang ^^ Fait gaffe pour les tickets d'inscription, les "réponses" sont pour les créateurs des tickets
2014-12-01T16:39:04 <Gordfang> j'ai vu :D
2014-12-01T16:39:04 <heuzef> Si tu veux passer un message discret il faut faire une "note privé"
2014-12-01T16:39:13 <heuzef> ;)
2014-12-01T16:39:22 <adriens33> echo "1" > /sys/class/pet
2014-12-01T16:49:36 *** heuzef1 s'est connecté
2014-12-01T16:51:32 *** heuzef est parti
2014-12-01T18:22:23 *** heuzef s'est connecté
2014-12-01T18:24:27 *** heuzef1 est parti
2014-12-01T18:36:42 *** Elidyros s'est connecté
2014-12-01T18:47:09 <Elidyros> Bonsoir.
2014-12-01T18:47:15 <heuzef> yo =)
2014-12-01T18:48:29 <heuzef> Comment ça va Elidyros ?
2014-12-01T18:48:37 <adriens33> hello Elidyros
2014-12-01T18:48:58 <Elidyros> Ca va et vous ?
2014-12-01T18:50:38 <adriens33> ça va pour ma part
2014-12-01T18:52:16 <heuzef> vi vi
2014-12-01T19:14:20 *** Gordfang est parti
2014-12-01T19:19:33 *** Elidyros est parti
2014-12-01T19:33:58 *** heuzef est parti
2014-12-01T20:51:34 *** Yvan33 s'est connecté
2014-12-01T20:59:19 *** Yvan33 est parti
2014-12-01T21:21:13 *** Bybeez s'est connecté
2014-12-01T21:21:26 <Bybeez> Salut les patates !
2014-12-01T22:20:02 *** TrappyTickles_ s'est connecté
2014-12-01T22:35:08 *** TrappyTickles est parti
2014-12-01T22:55:15 *** Bybeez est parti
