2014-10-12T03:01:35 *** MaCharon est parti
2014-10-12T07:42:43 <Berry-Punch> Voilà ce qu'il s'est passé ces 10 dernières lignes, adriens33 *hic* 
2014-10-12T07:42:43 *** adriens33 s'est connecté
2014-10-12T10:52:12 *** Letarumavza est parti
2014-10-12T11:15:56 *** TrappyTickles s'est connecté
2014-10-12T11:22:01 <adriens33> salut TrappyTickles
2014-10-12T11:23:04 <TrappyTickles> oi
2014-10-12T11:45:50 <TrappyTickles> tain j'ai bien fait de me méfier de ce windows hacké que j'avais pris. il s'est soudaineemnt désactivé sans raison
2014-10-12T11:45:57 <adriens33> bah tiens…
2014-10-12T11:46:09 <TrappyTickles> m'en servirai plus jamais sur des machines de prod
2014-10-12T11:46:43 <adriens33> en même temps utiliser un windows hacké au taf…
2014-10-12T11:52:25 *** Tsumenokage s'est connecté
2014-10-12T11:52:32 <Tsumenokage> Salut
2014-10-12T11:52:41 <adriens33> hello
2014-10-12T11:53:26 <TrappyTickles> j'ai pas de taf oO
2014-10-12T11:53:37 <adriens33> bah pourquoi tu parles de "machine de prod" ?
2014-10-12T11:53:48 <TrappyTickles> tu crois que je fais que du gaming sur ma machine?
2014-10-12T12:04:12 *** Tsumenokage est parti
2014-10-12T12:04:17 *** Tsumenokage_ s'est connecté
2014-10-12T12:10:32 *** Trappy_Tickles s'est connecté
2014-10-12T12:12:21 <Berry-Punch> Flags de Tsumenokage_ *hic* modifiés : +v
2014-10-12T12:12:21 <adriens33> !voice Tsumenokage_
2014-10-12T12:12:30 <Tsumenokage_> merci ^^
2014-10-12T12:13:03 <adriens33> arf
2014-10-12T12:13:07 <adriens33> vive l'adsl :3
2014-10-12T12:13:22 <Tsumenokage_> XD
2014-10-12T12:14:17 *** TrappyTickles est parti
2014-10-12T12:53:22 <Berry-Punch> Flags de TrappyTickles modifiés *hic* : +v
2014-10-12T12:53:22 <adriens33> !voice TrappyTickles
2014-10-12T12:53:31 <TrappyTickles> mci
2014-10-12T13:09:02 <TrappyTickles> bon, ça ne m'arrange pas DU TOUT mais je vais devoir retourner sur linux on dirait
2014-10-12T13:20:41 *** Tsumenokage_ est parti
2014-10-12T13:21:18 *** Tsumenokage s'est connecté
2014-10-12T13:23:04 <TrappyTickles> Comme je le disais y a environ 8 ou 9 ans... Je ne remercierai jamais assez Microsoft de m'avoir fait découvrir Linux :D
2014-10-12T13:23:27 <Tsumenokage> :)
2014-10-12T13:29:19 <TrappyTickles> steamos a l'air intéressant, en passant, mais jme demande si on peut l'utiliser pour autre chose que du steam
2014-10-12T13:55:20 <TrappyTickles> bon allez, bye windows, je re :p
2014-10-12T13:55:35 *** TrappyTickles est parti
2014-10-12T14:06:04 *** MaCharon s'est connecté
2014-10-12T14:06:09 <MaCharon> salut
2014-10-12T14:06:15 <adriens33> hello
2014-10-12T14:06:18 <Tsumenokage> salut
2014-10-12T14:14:33 *** Yvan33 s'est connecté
2014-10-12T14:17:24 <Yvan33> Kevin?
2014-10-12T14:17:40 <MaCharon> slt
2014-10-12T14:17:47 <Yvan33> Yop
2014-10-12T14:17:50 <Tsumenokage> Salut
2014-10-12T14:17:56 <Yvan33> Je suis au 23è épisode
2014-10-12T14:17:56 <MaCharon> c'est aquel sujet ?
2014-10-12T14:18:02 <Yvan33> C'est la fin
2014-10-12T14:18:09 <Yvan33> Je vais manger et je termine
2014-10-12T14:18:09 <Berry-Punch> Bon appétit, *hic* Yvan33 :D
2014-10-12T14:18:22 <MaCharon> et oui la "super" fin
2014-10-12T14:18:27 <Yvan33> C'est vraiment le dernier épisode?
2014-10-12T14:18:34 <MaCharon> helas
2014-10-12T14:18:35 <Yvan33> Chier
2014-10-12T14:18:42 <Yvan33> Même en manga?
2014-10-12T14:18:52 <MaCharon> il est pas licencié en france
2014-10-12T14:18:57 <Yvan33> Je vois
2014-10-12T14:19:04 <Tsumenokage> de quel anime vous parlez ?
2014-10-12T14:19:04 <MaCharon> :/
2014-10-12T14:19:18 <Yvan33> Ca ce trouve ya une suite géniale mais on l'aura jamais
2014-10-12T14:19:22 <MaCharon> densetsu no yuusha no densetsu
2014-10-12T14:19:22 <Yvan33> Densetsu no Yuusha
2014-10-12T14:19:36 <MaCharon> j'adore cet anime
2014-10-12T14:19:49 <MaCharon> et surtout le heros qui pete un cable
2014-10-12T14:19:49 <Yvan33> Moi aussi, j'ai pas pu travailler hier
2014-10-12T14:20:04 <Tsumenokage> pas vu, faudra que je le regarde alors
2014-10-12T14:20:06 <Yvan33> J'ai été contraint de m'enfiler 15 épisode a la suite
2014-10-12T14:20:10 <MaCharon> XD
2014-10-12T14:20:18 <MaCharon> tellement badass
2014-10-12T14:20:35 <Yvan33> Je ne créer rien, je détruit
2014-10-12T14:20:42 <Yvan33> Ave la voix qui résonne
2014-10-12T14:20:47 <MaCharon> la classe
2014-10-12T14:20:52 <Yvan33> yep
2014-10-12T14:21:05 <Yvan33> Sur ce je vais préparer mon bide pour le grand final
2014-10-12T14:21:13 <Yvan33> a pluche
2014-10-12T14:21:20 <Tsumenokage> ^^ bon ap
2014-10-12T14:21:28 *** Yvan33 est parti
2014-10-12T14:22:37 <MaCharon> "en premier vient la destruction.Je ne fais rien naître.Je ne glorifie rien.Je ne sauve rien.J'anéantis simplement, totalement" si ça c'est pas badass
2014-10-12T14:22:50 <Tsumenokage> ah ouais quand meme
2014-10-12T14:23:03 <MaCharon> avec le fond sonore et la voix grave qui resonne
2014-10-12T14:23:08 <Tsumenokage> ca en jette
2014-10-12T14:23:29 <MaCharon> la premier fois que j'ai bu ça j'ai bavé sur mon pc XD
2014-10-12T14:23:32 <Tsumenokage> faudra vraiment que le regarde (moi qui etait en rade d'anime ca tombe bien ^^)
2014-10-12T14:23:42 <Tsumenokage> X)
2014-10-12T14:24:24 <MaCharon> apres juste le fait que l'anime se termine comme si il y allait avoir une s2 alors que non.... T_T
2014-10-12T14:24:56 <Tsumenokage> y'a un manag ou un light novel a la base au japon ?
2014-10-12T14:25:19 <MaCharon> je sais pu exactement
2014-10-12T14:25:39 <Tsumenokage> je sais pas si tu as vu koukaku no regios ?
2014-10-12T14:25:49 <MaCharon> vu
2014-10-12T14:26:01 <Tsumenokage> la fin est horrible, y'a jamais eu de suite
2014-10-12T14:26:31 <MaCharon> c'est parce que le mec qui faisait l'anime est mort entre temps et la fin a été faite par un autre apparement
2014-10-12T14:26:44 <Tsumenokage> aah je savais pas
2014-10-12T14:26:45 <MaCharon> ou un truc du genre
2014-10-12T14:27:01 <MaCharon> mais oui grosse deception
2014-10-12T14:27:13 <MaCharon> pareille on avait un bon heros bien badass
2014-10-12T14:27:18 <Tsumenokage> yep
2014-10-12T14:27:38 *** adriens33 est parti
2014-10-12T14:30:02 <MaCharon> index c'est prevu il me semble
2014-10-12T14:30:28 <MaCharon> accel world j'y crois pas trop
2014-10-12T14:30:38 <Tsumenokage> ou iil me selble aussi que c'est prevu mais on attend toujours XD (faudra que je regarde la saison 2 des railguns d'ailleurs aussi)
2014-10-12T14:31:17 <MaCharon> les railguns j'ai regardé car je me faisait chié et un peu par principe
2014-10-12T14:32:24 <MaCharon> ben j'avais aussi entendu parlé d'un cross over entre les deux
2014-10-12T14:32:48 <Tsumenokage> c'est le meme auteur
2014-10-12T14:33:09 <Tsumenokage> le heros parle meme du nerf gear de SAO a un moment dans accel world
2014-10-12T14:33:28 <MaCharon> peut etre je me souviens plus
2014-10-12T14:35:22 *** Tsumenokage est parti
2014-10-12T14:45:36 *** Tsumenokage s'est connecté
2014-10-12T14:45:53 <Tsumenokage> re dsl ma connexion qui fait des sienne ce week end
2014-10-12T14:46:05 <MaCharon> np
2014-10-12T14:46:14 *** Tsumenokage est parti
2014-10-12T14:46:15 *** Ikledoreboline s'est connecté
2014-10-12T14:46:30 <Ikledoreboline> Plop
2014-10-12T14:46:42 <MaCharon> slt
2014-10-12T14:53:33 *** Ikledoreboline est parti
2014-10-12T14:54:43 <Berry-Punch> Voilà ce qu'il s'est passé ces 10 dernières *hic* lignes, adriens33
2014-10-12T14:54:44 *** adriens33 s'est connecté
2014-10-12T15:33:02 *** Yvan33 s'est connecté
2014-10-12T15:33:25 <Yvan33> En fait il y a 24 épisodes
2014-10-12T15:33:40 <Yvan33> J'ai tellement flippé quand j'ai cru le 23 était la fin
2014-10-12T15:33:49 <MaCharon> ^^
2014-10-12T15:34:22 <Yvan33> Ma vie n'a désormais plus aucun sens maintenant que c'est fini
2014-10-12T15:34:27 <Yvan33> Oh un chat
2014-10-12T15:34:35 <Yvan33> *oublie tout*
2014-10-12T15:40:26 *** Tsumenokage s'est connecté
2014-10-12T15:40:30 <Tsumenokage> re
2014-10-12T15:41:07 <adriens33> yop Yvan33 & re Tsumenokage
2014-10-12T16:13:29 *** bite s'est connecté
2014-10-12T16:13:33 <bite> coucou les copains
2014-10-12T16:13:51 <Tsumenokage> salut
2014-10-12T16:14:08 <adriens33> hello
2014-10-12T16:16:39 <Yvan33> yo
2014-10-12T16:25:58 *** Yvan33 est parti
2014-10-12T16:43:36 *** Ikledoreboline s'est connecté
2014-10-12T16:43:45 <adriens33> Salut Ikledoreboline
2014-10-12T16:43:53 <Ikledoreboline> Salut pour la plupart et re, excusez-moi de mon absentéisme, j'ai des complications.
2014-10-12T16:43:59 <adriens33> ow.
2014-10-12T16:44:00 <adriens33> qué pasa ?
2014-10-12T16:44:02 <Tsumenokage> salut
2014-10-12T16:44:15 <Ikledoreboline> Problèmes familiaux et autres.
2014-10-12T16:44:22 <adriens33> oh.
2014-10-12T16:44:32 <Ikledoreboline> M'enfin je vous passes tout ça, vous allez bien ? ^^
2014-10-12T16:45:42 <adriens33> ouai…
2014-10-12T16:46:00 <adriens33> si on omet que j'ai un peu la crève, que j'ai passé la journée à larver parce que je suis un poil fatigué à cause de ça
2014-10-12T16:46:01 <adriens33> ça va
2014-10-12T16:46:15 <Ikledoreboline> Te plains pas, la batterie de mon téléphone agonisse. x)
2014-10-12T16:46:21 <adriens33> ah.
2014-10-12T16:46:25 <adriens33> pas de pot XD
2014-10-12T16:46:53 *** Silou s'est connecté
2014-10-12T16:47:05 <Ikledoreboline> J'accumule bien les trucs moi x'D, yop Silou
2014-10-12T16:47:24 <Tsumenokage> bon moi j'y vais tout le monde
2014-10-12T16:47:31 <Ikledoreboline> @+
2014-10-12T16:47:33 <adriens33> Ikle: boarf, demande à Leta quand il sera là, lui il sait ce que c'est une journée de poisse. XD
2014-10-12T16:47:35 <Tsumenokage> @+
2014-10-12T16:47:42 <adriens33> ++ Tsumenokage
2014-10-12T16:47:46 *** Tsumenokage est parti
2014-10-12T16:47:53 <Ikledoreboline> Ah ouais il à eut une grosse... leta ? x)
2014-10-12T16:48:38 <adriens33> qué ?
2014-10-12T16:49:08 <Ikledoreboline> Il est arrivé un truc en particulier à Leta ? Il à enfaîte récupéré le n° d'un trans à Animasia que pasa ? XD
2014-10-12T16:49:14 <Ikledoreboline> Il a*
2014-10-12T16:49:27 <adriens33> nan
2014-10-12T16:49:36 <adriens33> mais il lui est déjà arrivé pas mal de trucs
2014-10-12T16:49:40 <adriens33> donc bon… ^^
2014-10-12T16:50:17 <Ikledoreboline> Ouais je doute pas, m'enfin cette semaine c'est l'une des pires aussi que j'ai passé de mon existence, je suis un peu anéanti fuu
2014-10-12T16:50:26 <adriens33> bah.
2014-10-12T16:50:33 <adriens33> si c'est l'une des pires de ton existence
2014-10-12T16:50:41 <adriens33> dis toi que ça ne peut que s'arranger. o/
2014-10-12T16:50:59 <Ikledoreboline> Ouais non, pas certaine choses justement >_^
2014-10-12T16:51:05 <adriens33> hmm.
2014-10-12T16:51:21 <Silou> plop
2014-10-12T16:51:26 <adriens33> salut Silou
2014-10-12T16:51:45 <Ikledoreboline> Mais après, je peux passer des journées moins pénible, c'est sûr que ça sera pas dur XD
2014-10-12T16:51:54 <adriens33> ctb
2014-10-12T16:52:12 <adriens33> (désolé… XD)
2014-10-12T16:52:15 <Ikledoreboline> Normal, c'est la débandade huuu
2014-10-12T16:53:18 <adriens33> *badum tss*
2014-10-12T16:53:22 <Ikledoreboline> e.n.f.i.n bon. x3
2014-10-12T16:53:27 <adriens33> eh eh
2014-10-12T16:54:02 <Ikledoreboline> Sinon ya eut du mouvement par ici ? ^^
2014-10-12T16:54:47 <adriens33> heuuu
2014-10-12T16:54:50 <adriens33> quel genre ?
2014-10-12T16:54:58 <Ikledoreboline> idk, tout et n'importe quoi ?
2014-10-12T16:55:07 <adriens33> bah… y'a les logs, si tu veux lire :p
2014-10-12T16:56:09 <Ikledoreboline> bah ça a parlait de Accel World
2014-10-12T16:56:11 <Ikledoreboline> et wi c'est lié à sao
2014-10-12T16:56:27 <Ikledoreboline> .-.
2014-10-12T16:58:23 <Ikledoreboline> Après j'ai juste lu une partie sususussuususus
2014-10-12T17:04:51 <bite> je rentre, je sort, ça fait un peu de mouvement.
2014-10-12T17:04:56 <adriens33> hey ><
2014-10-12T17:04:59 <Ikledoreboline> x3
2014-10-12T17:05:24 <Ikledoreboline> t'es un peu comme la bouffe
2014-10-12T17:05:26 <Ikledoreboline> tu rentres tu sors
2014-10-12T17:05:57 <bite> mais moi je préfère rester du même côté
2014-10-12T17:06:42 <Ikledoreboline> baaaah ça dépend les préférences :')
2014-10-12T17:07:50 <bite> après, rien ne m'empêche de prendre des vacances ailleurs, je suis toujours dans le même trou...
2014-10-12T17:08:45 <Ikledoreboline> ah la la la, les périodes hivernale qu'est-ce qu'elles sont dur ces périodes si tu n'as nul refuge !
2014-10-12T17:08:53 <adriens33> …
2014-10-12T17:09:05 <adriens33> pegi 18! :p
2014-10-12T17:09:06 <Ikledoreboline> x'3 je vais arrêter de jouer avec toi zobe :'p
2014-10-12T17:09:10 <adriens33> pegi 18!!
2014-10-12T17:09:19 <adriens33> ce chan est interdit aux mineurs !!
2014-10-12T17:09:21 <bite> l'hivers je me gèle les couilles
2014-10-12T17:09:25 * adriens33 sort le briquet du Lennon
2014-10-12T17:09:28 <Ikledoreboline> [ Pegi +18
2014-10-12T17:09:38 <adriens33> mouahahahaha.
2014-10-12T17:10:02 <Ikledoreboline> j'avais oublié qu'il n'était pas 20h et des poussières xD
2014-10-12T17:11:10 <adriens33> bite, tu veux un petit coup de flamme ? *approche le briquet*
2014-10-12T17:12:16 <Ikledoreboline> Moi j'ai apporté du lubrifiant.
2014-10-12T17:12:43 * adriens33 s'éloigne doucement, sans faire de bruit *
2014-10-12T17:12:50 <adriens33> heuuu je vous laisse  faire joujou ^^'
2014-10-12T17:12:59 <Ikledoreboline> Nan je crois pas !
2014-10-12T17:13:35 <adriens33> sisi
2014-10-12T17:13:42 * adriens33 s'en va
2014-10-12T17:13:53 <Ikledoreboline> Je fais de même !
2014-10-12T17:14:03 * adriens33 se cache derrière les bits d'information du chan
2014-10-12T17:14:34 <Ikledoreboline> sususususususususussusu
2014-10-12T17:15:17 <adriens33> c'toi le su
2014-10-12T17:15:30 <adriens33> ta gueule —non —sudo ta gueule —okay
2014-10-12T17:15:36 <adriens33> (blague de linuxien)
2014-10-12T17:16:30 <Ikledoreboline> Adriens, je suis pas homosexuel, donc je m'arrangerais pour que tu te fasses sauvagement sodomiser par un autre homme.
2014-10-12T17:16:30 <Ikledoreboline> xD
2014-10-12T17:17:16 <adriens33> heuuu
2014-10-12T17:17:19 <adriens33> non merci
2014-10-12T17:17:28 <adriens33> je mange pas de ça non plus. ^^{
2014-10-12T17:17:28 <Ikledoreboline> Si c'est un viol t'aura pas le choix non mais ho. xD
2014-10-12T17:17:30 <adriens33> * ^^'
2014-10-12T17:17:34 <adriens33> je suis pas Silou moi.
2014-10-12T17:17:40 <adriens33> (comment ça dénonce !!! xD)
2014-10-12T17:17:50 <adriens33> (sans offense, hein ;) )
2014-10-12T17:17:52 <Ikledoreboline> xD
2014-10-12T17:18:00 <Silou> Rofl
2014-10-12T17:18:04 <adriens33> Je…
2014-10-12T17:18:06 <adriens33> Ikledoreboline,
2014-10-12T17:18:12 <Ikledoreboline> chhh
2014-10-12T17:18:15 <adriens33> j'avais pas lu ta dernière ligne o.o
2014-10-12T17:18:28 <Ikledoreboline> xD
2014-10-12T17:18:40 <adriens33> tu veux prendre la place de ludvann c'est ça ? (aka se faire kick toutes les deux minutes pour des raisons diverses et variées)
2014-10-12T17:19:10 <Ikledoreboline> Heu
2014-10-12T17:19:14 <Ikledoreboline> Non, je m'en passe. XD
2014-10-12T17:19:38 <adriens33> bon
2014-10-12T17:19:40 <adriens33> bah couché!
2014-10-12T17:19:43 <adriens33> à la niche !
2014-10-12T17:19:50 <adriens33> on viole pas ses congénères.
2014-10-12T17:19:53 <adriens33> namého ><
2014-10-12T17:20:07 <Ikledoreboline> Non mais ta cru que j'étais un chien, espèce d'enfoiré ! L'esclavage est aboli ! Non mais oh !
2014-10-12T17:20:12 <adriens33> ouai.
2014-10-12T17:20:16 <Ikledoreboline> (Évite les truc racistes fuuu)
2014-10-12T17:20:18 <adriens33> (popopoooooooooo)
2014-10-12T17:20:58 <adriens33> mais plus sérieusement, tu devrais faire attention à ce que tu dis toi… « Si c'est un viol t'auras pas le choix »
2014-10-12T17:21:06 <adriens33> tu sais que j'archive tous les logs du canal ? :p
2014-10-12T17:21:14 <adriens33> j'ai tout depuis que ce chan est ouvert presque.
2014-10-12T17:21:21 <adriens33> (22/05/2014 à peu près)
2014-10-12T17:21:30 <Ikledoreboline> Je sais
2014-10-12T17:21:33 <Ikledoreboline> Tu me l'as déjà dit x)
2014-10-12T17:21:36 <adriens33> bah alors
2014-10-12T17:21:40 <adriens33> :p
2014-10-12T17:21:51 <Ikledoreboline> c'est pour ça que (Oui bah oui !) j'essaye de pas marquer des trucs choquants !
2014-10-12T17:21:52 <Ikledoreboline> XD
2014-10-12T17:26:50 <adriens33> fais le
2014-10-12T17:26:52 <adriens33> ou ne le fais pas
2014-10-12T17:26:55 <adriens33> mais il n'y a pas d'essai.
2014-10-12T17:29:31 <adriens33> *a tumbleweed rolls away*
2014-10-12T17:59:04 *** TrappyTickles s'est connecté
2014-10-12T17:59:26 <TrappyTickles> re
2014-10-12T17:59:28 <adriens33> re
2014-10-12T17:59:31 <Ikledoreboline> yup
2014-10-12T17:59:37 <TrappyTickles> bon, linuxlive usb creator est con :p
2014-10-12T18:00:12 <adriens33> heuu
2014-10-12T18:00:21 <adriens33> ça ça dépend de l'iso que tu as utilisé  ^^'
2014-10-12T18:00:25 <adriens33> si l'iso est en 32 bits
2014-10-12T18:00:35 <adriens33> ça te le transformera pas magiquement en 64 bits
2014-10-12T18:00:36 <TrappyTickles> ben justement, il te laisse pas choisir entre x86 et x64
2014-10-12T18:00:47 <adriens33> et ?
2014-10-12T18:00:48 <TrappyTickles> et il te dit pas quelle iso est comment
2014-10-12T18:00:58 <adriens33> bah… ça tu le sais quand tu dl ton iso non ?
2014-10-12T18:01:05 <adriens33> si elle est 32 ou 64 bits
2014-10-12T18:01:34 <adriens33> bah ça c'est pas le souci du prog, ça, t'as qu'à look quand tu dl ton iso :p
2014-10-12T18:01:35 <TrappyTickles> pas si le prog va te la chercher tout seul
2014-10-12T18:01:57 <adriens33> bah… tu vas sur le site de la distro et tu télécharges toi même l'iso que tu veux, et tu la file à ton prog. ^^
2014-10-12T18:02:20 <adriens33> nan
2014-10-12T18:02:24 <adriens33> ça marche pas comm eça
2014-10-12T18:02:29 <adriens33> 32bits c'est pas puissance /2
2014-10-12T18:02:40 <adriens33> ça influe surtout sur l'espace d'adressage
2014-10-12T18:02:43 <adriens33> (la quantité de ram en gros)
2014-10-12T18:02:47 <adriens33> pas la puissance du proc.
2014-10-12T18:02:56 <TrappyTickles> et alors? la ram c'est pas important?
2014-10-12T18:02:58 <adriens33> bah…
2014-10-12T18:02:59 <adriens33> si
2014-10-12T18:03:06 <adriens33> mais que t'aies 2Go ou 24Go de ram
2014-10-12T18:03:09 <adriens33> avec le meme proco
2014-10-12T18:03:12 <adriens33> ça calcule pas plus vite
2014-10-12T18:03:13 <adriens33> ^^'
2014-10-12T18:03:19 <adriens33> si ton proco il tourne à 2GHz
2014-10-12T18:03:26 <adriens33> t'auras toujours 2GHz de fréquence.
2014-10-12T18:03:33 <adriens33> quelle que soit ta quantité de ram
2014-10-12T18:03:54 <adriens33> sous unix on est d'accord.
2014-10-12T18:04:02 <adriens33> windows et sa *tousse* compatibilité légendaire si…
2014-10-12T18:04:11 <bite> en gros plus t'as de ram, plus tu pourra bosser sur des fichiers plus gros
2014-10-12T18:04:15 <adriens33> bawi
2014-10-12T18:04:36 <adriens33> et l'avantage d'avoir plein de ram
2014-10-12T18:04:37 <adriens33> c'est le cache
2014-10-12T18:04:42 <bite> ou ouvrir plus d'onglets à la con dans Firefox
2014-10-12T18:04:51 <adriens33> les fichiers les plus souvent ouverts (et les progs aussi) restent en ram
2014-10-12T18:04:59 <adriens33> donc si t'as plein de ram t'as pas besoin de ssd quoi ^^
2014-10-12T18:04:59 <TrappyTickles> ou de moins ramer sur second life :p
2014-10-12T18:05:35 <adriens33> c'pour ça que je fais que mettre ma machine en veille. quand tu la reboote tu le sens le cache vide ^^'
2014-10-12T18:06:06 <adriens33> t'as combien de ram trappy ?
2014-10-12T18:06:12 <TrappyTickles> 8
2014-10-12T18:06:16 <adriens33> ouais.
2014-10-12T18:06:23 <adriens33> donc là le 64bits est utile ^^
2014-10-12T18:06:30 <bite> il y a un proverbe nain qui dis : "huit, ça suffit"
2014-10-12T18:06:30 <adriens33> (quoique, en 32bits pae ça passerai quand même)
2014-10-12T18:06:58 <adriens33> (en gros 32bits pae t'as toujours la limite à 4Go, mais par appli, si t'as 8Go en tout c'est quand même utilisable)
2014-10-12T18:07:13 <adriens33> TrappyTickles: ça dépend desquels
2014-10-12T18:07:14 <bite> on peux alouer plus de 4Go de RAM en 32 bits ?
2014-10-12T18:07:20 <adriens33> pas par processus
2014-10-12T18:07:26 <adriens33> mais avec un noyau linux avec le PAE
2014-10-12T18:07:31 <adriens33> (physical adress extension)
2014-10-12T18:07:38 <adriens33> tu peux utiliser 8Go de ram en tout (par exemple)
2014-10-12T18:07:45 <adriens33> chaque appli ne verra juste que 4Go.
2014-10-12T18:07:55 <bite> "Un processeur 32 bits peut adresser directement 4 gibioctets de mémoire informatique. Un processeur 64 bits peut adresser 16 exbibits."
2014-10-12T18:08:00 <bite> ok, on a un peu de marge
2014-10-12T18:08:12 <adriens33> ouais, mais les procs actuels ont pas un adressage de 2^64bits
2014-10-12T18:08:19 <adriens33> (pas la plupart du moins)
2014-10-12T18:08:22 <adriens33> mais de 2^48
2014-10-12T18:08:30 <adriens33> donc ça fait un peu moins
2014-10-12T18:08:39 <adriens33> et en pratique les os courant ne gèrent que jusqu'à 256To de ram
2014-10-12T18:08:44 <adriens33> (ce qui fait déjà beaucoup)
2014-10-12T18:08:51 <bite> ça me fais penser aux cartes mères serveur avec 32 slot de RAM
2014-10-12T18:08:54 <adriens33> sachant que jusqu'à windows 8, windows gérait même pas ça :p
2014-10-12T18:09:42 <adriens33> oui, c'est ce qu'il a dit
2014-10-12T18:09:47 <bite> en pratique ça sert à rien, la norme seras mise à jour quand on en aura besoin
2014-10-12T18:09:51 <adriens33> « cartes mères serveur avec 32 slots »
2014-10-12T18:10:01 <adriens33> bah de toute manière
2014-10-12T18:10:06 <adriens33> les versions bridées de windows
2014-10-12T18:10:08 <bite> en général, les serveur tourne au pingouin
2014-10-12T18:10:09 <adriens33> (= pas la ultimate)
2014-10-12T18:10:14 <adriens33> sont bridées en ram aussi.
2014-10-12T18:10:37 <adriens33> win7 home premium en gere que 8 ou 16Go max. de tête
2014-10-12T18:11:00 <adriens33> (donc is t'en a 64 comme leta, bah vaut mieux pas avoir ça :p)
2014-10-12T18:11:04 <bite> http://www.techpowerup.com/img/11-02-16/64a.jpg jamais on aura des engins comme ça dans nos pauvre PCs de bureau
2014-10-12T18:11:12 <adriens33> oulà
2014-10-12T18:11:16 <TrappyTickles> bleh windows et son windows genuine advantage de mon plot
2014-10-12T18:11:38 <adriens33> ouais… ^^
2014-10-12T18:11:42 <TrappyTickles> windows WGA est simplement un des meilleurs virus :p
2014-10-12T18:12:02 <adriens33> ^^
2014-10-12T18:12:16 <bite> jamais entendu parler de ce truc
2014-10-12T18:12:32 <adriens33> bite: c'est le prog qui décrète
2014-10-12T18:12:38 <adriens33> si oui ou non ton windows est légal
2014-10-12T18:12:53 <adriens33> et quand tu change de matos qui te fait chier parce que il reconnait plus le pc, et donc ta license devient illégale.
2014-10-12T18:13:14 <adriens33> et donc tu peux plus l'utiliser.
2014-10-12T18:13:14 <bite> on a le drois à quelques changements de hardware, quand même
2014-10-12T18:13:20 <adriens33> oui… 3 de mémoire
2014-10-12T18:13:27 <bite> sur XP on avais le drois à 5 modifs je crois
2014-10-12T18:13:51 <TrappyTickles> jle garderai que pour des machines virtuelles :p
2014-10-12T18:13:57 <bite> t'as toujours un problème avec l'encodage de caractères toi
2014-10-12T18:14:03 <adriens33> bah t'as du te le rechopper avec une mise à jour
2014-10-12T18:14:05 <TrappyTickles> ??
2014-10-12T18:14:06 <adriens33> bite: de qui tu parles ?
2014-10-12T18:14:34 <TrappyTickles> brb update reboot
2014-10-12T18:14:38 <bite> de TrapyTickles
2014-10-12T18:14:39 *** TrappyTickles est parti
2014-10-12T18:14:48 <adriens33> bite: nan, moi je vois pas de souci
2014-10-12T18:15:06 <bite> ah ? moi j'ai toujours des carrés à la place de ses accents
2014-10-12T18:15:09 <adriens33> ah
2014-10-12T18:15:12 <adriens33> moi ça va
2014-10-12T18:15:17 <adriens33> t'es ptet pas en utf8
2014-10-12T18:15:35 <bite> pourtant ça marche avec les autres users
2014-10-12T18:15:42 <adriens33> hmm… bizarre
2014-10-12T18:16:23 *** TrappyTickles s'est connecté
2014-10-12T18:23:08 <TrappyTickles> ubuntu c'est devenu n'importe quoi avec les drivers
2014-10-12T18:23:49 <TrappyTickles> avant, je les trouvais dirrects avec le truc "additional drivers" mais maintenant il le trouve plus... quand au driver officiel sur le site de nvidia, il veut que je stoppe le serveur X -_-
2014-10-12T18:25:00 <adriens33> (ubuntu c'est du caca)
2014-10-12T18:26:22 *** TrappyTickles est parti
2014-10-12T18:26:27 <adriens33> xD
2014-10-12T18:37:10 *** TrappyTickles s'est connecté
2014-10-12T18:41:19 *** Lenile s'est connecté
2014-10-12T18:41:24 <Lenile> Silou ?
2014-10-12T18:41:32 <Lenile> Et salut tout le monde
2014-10-12T18:41:34 <Silou> Oui ?
2014-10-12T18:41:35 <Silou> Plop
2014-10-12T18:41:42 <adriens33> salut Lenile
2014-10-12T18:41:48 <Lenile> T'peut m'envoyer ton reccord non légal de Rainbow rock ?
2014-10-12T18:41:56 <Lenile> Pas envi de me spoil juste envi de le regarder ~
2014-10-12T18:41:58 <Silou> Il est visible sur la NLR
2014-10-12T18:42:02 <Lenile> Serieu ?
2014-10-12T18:42:07 <Lenile> Merde alors ~
2014-10-12T18:42:14 <Silou> Meme avec du vostfr ^
2014-10-12T18:42:19 <Lenile> SERIEUX ? O.O
2014-10-12T18:42:22 <Lenile> Cool :3
2014-10-12T18:42:27 <Lenile> adrien33
2014-10-12T18:42:33 <Lenile> adriens33
2014-10-12T18:42:35 <adriens33> ouai ?
2014-10-12T18:42:37 <Silou> Apparemment y a des gens très motivés dans le fandom ^^
2014-10-12T18:42:45 <Lenile> Letar à que de la gueule il ma rien fait sur le pc ~
2014-10-12T18:42:55 <adriens33> ou il te l'a viré
2014-10-12T18:43:02 <Lenile> Bref.
2014-10-12T18:43:05 <Lenile> J'me casse
2014-10-12T18:43:10 *** Lenile est parti
2014-10-12T18:43:17 <Silou> Wut
2014-10-12T18:43:21 <adriens33> oké.
2014-10-12T18:43:22 <Silou> Il s'est passé quoi la oO ?
2014-10-12T18:43:37 <adriens33> bah lenile est venu, et il est reparti.
2014-10-12T18:43:53 <Silou> Etc'est quoi l'histoire avec Letar :o ?
2014-10-12T18:44:02 <adriens33> rien, laisse :p
2014-10-12T18:51:17 <Ikledoreboline> wtf ?
2014-10-12T18:51:48 <adriens33> qué ?
2014-10-12T18:57:46 <adriens33> gigot, ++
2014-10-12T19:01:53 *** adriens33 est parti
2014-10-12T19:03:55 <Ikledoreboline> Me too ++
2014-10-12T19:03:57 *** Ikledoreboline est parti
2014-10-12T19:25:27 <Berry-Punch> Voilà ce qu'il s'est passé ces 10 dernières lignes, adriens33 *hic* 
2014-10-12T19:25:29 *** adriens33 s'est connecté
2014-10-12T19:29:14 <adriens33> re
2014-10-12T20:30:30 *** bite est parti
2014-10-12T20:36:57 *** Bybeez s'est connecté
2014-10-12T20:37:08 <Bybeez> Hallo : Wie gehts es dir ?
2014-10-12T20:37:13 <adriens33> bonsoir le germanique
2014-10-12T20:37:31 <Bybeez> Bonsoir, comment ça va ?
2014-10-12T20:37:34 <adriens33> bof
2014-10-12T20:37:38 <adriens33> j'ai la creve
2014-10-12T20:37:56 <adriens33> et toi ?
2014-10-12T20:38:00 <Bybeez> Aie moi c'étais juste après Animasia maintenant ça va mieux ^^
2014-10-12T20:38:27 <adriens33> bah moi c'est depuis hier soir. ce matin j'étais hyper crevé, j'ai passé la matinée dans mon lit à regarder des films et des vidéos
2014-10-12T20:38:36 <adriens33> (et l'aprem a glander sur le pc en dormant à moitié)
2014-10-12T20:39:06 <Bybeez> J'ai fais ça mardi au lieu d'aller en cours (je me suis taper Attack on Titan dans la journée ^^)
2014-10-12T20:39:19 <adriens33> oh! caypabien de sécher :p
2014-10-12T20:40:19 <Bybeez> J'étais pas en état de suivre les cours (et puis le contrôle de philo quand on a la crève c'est bof :p)
2014-10-12T20:40:26 <adriens33> ouai tu m'étonne.
2014-10-12T20:41:51 <Bybeez> En plus il parait qu'il était galère ))
2014-10-12T20:41:54 <Bybeez> ^^*
2014-10-12T20:42:17 <adriens33> du coup t'as sauté un controle chiant et t'as look un film peinard à la place.
2014-10-12T20:42:18 *** Tsumenokage s'est connecté
2014-10-12T20:42:21 <adriens33> ça va, tranquille ? :p
2014-10-12T20:42:27 <adriens33> salut Tsumenokage
2014-10-12T20:42:30 <Bybeez> Ouaip ^^
2014-10-12T20:42:31 <adriens33> (ou re)
2014-10-12T20:42:34 <Bybeez> Salut !
2014-10-12T20:42:35 <Tsumenokage> Salut tout le monde
2014-10-12T20:47:45 <adriens33> putain de voisin au dessus qui arrête pas de taper je sais pas quoi contre le sol depuis tout à l'heure… T.T
2014-10-12T20:48:11 <Tsumenokage> dure, je compatis moi j'avais un fan de techno comme voisin y'a deux ans
2014-10-12T20:48:45 <adriens33> nan, là c'est juste genre un mec qui tape une chaise en métal contre le sol, mais genr eplein de fois
2014-10-12T20:49:16 <Tsumenokage> ah ^^
2014-10-12T20:50:54 *** TrappyTickles est parti
2014-10-12T20:51:04 <adriens33> j'aime ce message de quit.
2014-10-12T20:51:04 <adriens33> :3
2014-10-12T20:51:18 *** TrappyTickles s'est connecté
2014-10-12T20:51:20 <Tsumenokage> pas mal en effet
2014-10-12T20:51:38 <adriens33> re TrappyTickles
2014-10-12T20:51:47 <Bybeez> Yo
2014-10-12T20:51:48 <TrappyTickles> re
2014-10-12T20:51:53 <Tsumenokage> re
2014-10-12T21:05:34 *** TrappyTickles est parti
2014-10-12T21:07:00 *** TrappyTickles s'est connecté
2014-10-12T21:26:46 *** bite s'est connecté
2014-10-12T21:27:02 <bite> re
2014-10-12T21:27:09 <adriens33> re
2014-10-12T21:27:14 <Tsumenokage> re
2014-10-12T21:27:24 <adriens33> (dis… tu veux pas prendre un vrai pseudo ?… ça me perturbe xD)
2014-10-12T21:31:46 <bite> roh
2014-10-12T21:32:12 <adriens33> cette idée n'a pas l'air de l'exciter… XD
2014-10-12T21:32:26 <Tsumenokage> ... mon dieu XP
2014-10-12T21:32:26 <bite> c'est moi ou la commande /nick ne marche pas ?
2014-10-12T21:32:31 <adriens33> sisi
2014-10-12T21:32:42 <adriens33> mais si tu prend un nick qui est déjà pris ça te le refuse…
2014-10-12T21:32:46 <adriens33> ce qui est logique ^^
2014-10-12T21:32:58 <adriens33> évite les espaces, les points et les accents
2014-10-12T21:33:03 <adriens33> mais les -  _ passent
2014-10-12T21:33:24 <bite> bizarre
2014-10-12T21:33:35 <bite> ça dois être mon client qui déconne
2014-10-12T21:33:38 <adriens33> /nick salutlesgens
2014-10-12T21:33:48 <adriens33> tiens, essaye ça
2014-10-12T21:33:51 <bite> (kiwiirc, le truc sur votre site)
2014-10-12T21:33:57 <adriens33> bah noramlemetn ça marche
2014-10-12T21:34:07 <adriens33> *normalement
2014-10-12T21:34:11 <adriens33> ah !
2014-10-12T21:34:24 <adriens33> ah
2014-10-12T21:34:27 <adriens33> tu peux pas prendre hitler.
2014-10-12T21:34:31 <adriens33> le serv refuse xD
2014-10-12T21:34:38 <Adolphe> ah, ben c'est pour ça
2014-10-12T21:34:39 <adriens33> (onse demande bien pourquoi… XD)
2014-10-12T21:34:47 <adriens33> par cocntre il passe en leet
2014-10-12T21:34:53 <Adolphe> j'ai essayé Adolf ça a reffusé
2014-10-12T21:38:08 *** Bybeez est parti
2014-10-12T21:38:27 <Adolphe> https://8chan.co/gasthejews/src/1411331996570.png
2014-10-12T21:38:32 *** TrappyTickles est parti
2014-10-12T21:38:45 * adriens33 faceground *
2014-10-12T21:38:58 * Tsumenokage facedesk
2014-10-12T22:06:46 *** TrappyTickles s'est connecté
2014-10-12T22:49:17 *** Adolphe est parti
2014-10-12T23:10:01 *** TrappyTickles est parti
2014-10-12T23:10:42 *** TrappyTickles s'est connecté
2014-10-12T23:10:59 *** TrappyTickles est parti
2014-10-12T23:14:07 *** TrappyTickles s'est connecté
2014-10-12T23:28:32 *** Silou est parti
