2014-07-18T00:15:04 *** Dawnio est parti
2014-07-18T00:51:17 *** Letarumavza est parti
2014-07-18T00:53:31 *** Letarumavza s'est connecté
2014-07-18T01:34:50 *** ValCab33 est parti
2014-07-18T02:02:36 *** Letarumavza est parti
2014-07-18T07:29:12 <Berry-Punch> Voilà ce qu'il s'est passé ces 10 dernières lignes, adriens33 *hic* 
2014-07-18T07:29:13 *** adriens33 s'est connecté
2014-07-18T07:30:10 *** adriens33 est parti
2014-07-18T09:09:49 *** Letarumavza s'est connecté
2014-07-18T09:18:57 <Berry-Punch> Voilà *hic* ce qu'il s'est passé ces 10 dernières lignes, adriens33
2014-07-18T09:18:58 *** adriens33 s'est connecté
2014-07-18T09:19:16 <adriens33> Letarumavza: plop
2014-07-18T09:19:26 <adriens33> désolé de t'avoir réveillé tout à l'heure ^^
2014-07-18T09:19:35 <Letarumavza> kikicékalatetedanslecucul ?
2014-07-18T09:19:46 <adriens33> moi…
2014-07-18T09:19:53 <adriens33> pfffffff…
2014-07-18T09:19:54 <Letarumavza> Bah c'est moi, et l'anesthésie arrange rien.
2014-07-18T09:19:57 <adriens33> ah
2014-07-18T09:19:59 <adriens33> merde
2014-07-18T09:20:06 <adriens33> du coup t'as fini ?
2014-07-18T09:20:09 *** Rei s'est connecté
2014-07-18T09:20:20 <Rei> chaluuuu
2014-07-18T09:20:24 <adriens33> coucou :)
2014-07-18T09:20:27 <Letarumavza> Yeah, j'ai des crocs tout neufs
2014-07-18T09:20:30 <adriens33> ^^
2014-07-18T09:20:33 <Rei> les mecs
2014-07-18T09:20:35 <Letarumavza> ?
2014-07-18T09:20:39 <adriens33> et moi j'ai ma mâchoire qui fait mal…
2014-07-18T09:20:41 <Letarumavza> yep miss ?
2014-07-18T09:20:47 <Rei> vous ne seriez pas graphistes a vos heures perdues?
2014-07-18T09:20:58 <adriens33> flo est graphiste me semble-t-il
2014-07-18T09:21:02 <Letarumavza> Flo est graphiste de profession.
2014-07-18T09:21:13 <adriens33> moi apparemment j'ai des goûts discutables en matière de design
2014-07-18T09:21:22 <Letarumavza> (j'espère qu'il est meilleur graphiste que tech réseau)
2014-07-18T09:21:25 <adriens33> ^^
2014-07-18T09:21:32 <Letarumavza> #violencegratuite
2014-07-18T09:21:37 <Rei> XD
2014-07-18T09:21:42 <adriens33> (on va pas commencer à troller à 9h du mat' sinon on est pas rendu)
2014-07-18T09:21:49 <Rei> parce que le forum ou je commande mes themes de forum a fermer...
2014-07-18T09:21:57 <adriens33> arf :/
2014-07-18T09:22:09 <adriens33> t'en as pas trouvé d'autre ?
2014-07-18T09:22:14 *** Gordfang s'est connecté
2014-07-18T09:22:38 <Rei> nop, mais en plus j'ai pas vraiment envie de déranger flo quoi..
2014-07-18T09:22:45 <Rei> salut gordfang
2014-07-18T09:23:19 <Gordfang> lut
2014-07-18T09:23:38 <adriens33> hello
2014-07-18T09:23:52 <adriens33> ben c'est son taf, donc je pense pas que ça va le déranger…
2014-07-18T09:24:07 <adriens33> ou alors si ça le dérange de faire son boulot c'est qu'il y a un souci ^^
2014-07-18T09:24:09 <Letarumavza> Surtout vu ce que tu demande, il te fera ça en 5min
2014-07-18T09:24:56 <Rei> mais mais mais ><
2014-07-18T09:25:14 <adriens33> bah quoi ?
2014-07-18T09:26:00 <Rei> nah mais c'est moi le probleme, j'ai la trouille de lui demander
2014-07-18T09:26:04 <adriens33> ah
2014-07-18T09:26:44 <Letarumavza> ah
2014-07-18T09:26:56 <Rei> XD
2014-07-18T09:48:11 <adriens33> Letarumavza: ça fait quoi d'avoir des crocs tout neufs ? ;)
2014-07-18T09:51:50 <Letarumavza> C'est cool
2014-07-18T09:51:58 <adriens33> ^^
2014-07-18T09:52:02 <Letarumavza> ça sert à bouffer du barbeuc
2014-07-18T09:52:06 <adriens33> ouais !!
2014-07-18T09:52:10 <adriens33> plus de barbeuq !!
2014-07-18T09:52:36 <adriens33> par contre hier soir je déconnais pas, j'avais encore faim après… c'est ma mâchoire qu'était pas d'accord XD
2014-07-18T09:53:33 <Rei> XD
2014-07-18T09:54:02 <adriens33> Comment il m'a sorti ça…
2014-07-18T09:54:09 <adriens33> « tu es un estomac avec des pattes »
2014-07-18T09:54:13 <adriens33> XD
2014-07-18T09:54:35 <Rei> XD
2014-07-18T09:57:21 <Letarumavza> ventre à pattes
2014-07-18T09:57:42 <adriens33> ouep
2014-07-18T09:57:44 <adriens33> :)
2014-07-18T09:57:46 <adriens33> enfin
2014-07-18T09:57:47 <Rei> ohhhhhhhhhhhhhh
2014-07-18T09:57:48 <adriens33> pas que
2014-07-18T09:57:51 <adriens33> j'ai un cerveau aussi
2014-07-18T09:57:56 <Rei> vais faire de la moto ce week end *w*
2014-07-18T09:57:59 <adriens33> ^^
2014-07-18T10:06:46 <Rei> mal au bide..
2014-07-18T10:26:57 <adriens33> re
2014-07-18T10:27:08 <Letarumavza> re ^^
2014-07-18T10:27:19 <adriens33> ah, les réu d'équipe…
2014-07-18T10:38:31 *** Rei est parti
2014-07-18T10:55:38 *** wildfier s'est connecté
2014-07-18T10:55:40 <wildfier> yop
2014-07-18T11:08:47 <adriens33> yop
2014-07-18T11:33:02 *** ValCab33 s'est connecté
2014-07-18T11:33:22 <ValCab33> Hello
2014-07-18T11:33:28 <adriens33> salut :)
2014-07-18T11:52:04 <adriens33> je go manger
2014-07-18T11:52:04 <Berry-Punch> Bon appétit, adriens33 *hic* :D
2014-07-18T11:52:05 <adriens33> °°
2014-07-18T11:52:06 <adriens33> ++
2014-07-18T12:19:44 *** heuzef s'est connecté
2014-07-18T12:19:55 <adriens33> hello :)
2014-07-18T12:20:07 <heuzef> plop
2014-07-18T12:20:57 <Gordfang> plop
2014-07-18T12:26:09 *** heuzef est parti
2014-07-18T12:27:05 *** heuzef s'est connecté
2014-07-18T12:27:56 <adriens33> heuzef: quand tu débranches ton vpn, penses à fermer l'irc avant, sinon tu risques d'avoir des problèmes pour te reconnecter, vu qu'il faut attendre que le serveur te timeout
2014-07-18T12:28:18 <adriens33> (concrètement, tu risques de te retrouver avec des 'heuzef1' comme pseudo)
2014-07-18T12:35:41 *** heuzef est parti
2014-07-18T12:40:27 *** heuzef s'est connecté
2014-07-18T12:42:44 <Letarumavza> re
2014-07-18T12:42:56 <adriens33> re
2014-07-18T12:43:03 <Letarumavza> fuck les petits zoizos je vais à la pèche !
2014-07-18T12:43:09 <adriens33> ^^
2014-07-18T12:46:54 <adriens33> http://9gag.com/gag/arp641K
2014-07-18T12:46:57 <Letarumavza> Tain l'enflure il m'a mis la dose
2014-07-18T12:47:18 <Letarumavza> Je bavouille et j'ai la machoire qui a du mal à rester fermée.
2014-07-18T12:47:26 <Letarumavza> Et ça fait marrer lou...
2014-07-18T12:47:26 <adriens33> oh, un escargot !
2014-07-18T12:56:42 *** MaCharon s'est connecté
2014-07-18T12:56:46 <MaCharon> salut
2014-07-18T12:56:49 <adriens33> hello
2014-07-18T12:57:49 <MaCharon> vu qu'il y a du monde, je voulait savoir qui viens au meet-up demain ?
2014-07-18T12:58:10 <adriens33> hmm… moi normalement déjà
2014-07-18T12:58:23 <adriens33> (punaise j'avais pas fait gaffe que c'était demain… le temps passe vite)
2014-07-18T12:58:30 <MaCharon> ^^
2014-07-18T12:58:44 <Letarumavza> ouskecédéja ?
2014-07-18T12:58:46 <MaCharon> mais ça commence tot par contre je trouve
2014-07-18T12:58:55 <adriens33> 9h ça va
2014-07-18T12:58:59 <MaCharon> ben pour le rdv je sais pas nn plus
2014-07-18T12:59:17 <adriens33> c'est pas écrit dans les mails/sur le site dans l'agenda par hasard ?
2014-07-18T12:59:19 * adriens33 va voir
2014-07-18T12:59:37 <MaCharon> ah ouai faut que j'aille consulter ma boite mail
2014-07-18T13:00:19 <Letarumavza> Quelle idée d'avoir tes mails en boite
2014-07-18T13:00:29 <Letarumavza> Tu peux pas les mettre sur ton pc comme tout le monde ?
2014-07-18T13:00:32 <adriens33> *badum tss*
2014-07-18T13:00:43 <MaCharon> ouai je suis d'accord avec toi :/
2014-07-18T13:00:46 <Letarumavza> Bah quoi, c'est vrai
2014-07-18T13:00:55 <Letarumavza> Ils ont rien à foutre dans une boite
2014-07-18T13:00:58 <adriens33> ^^
2014-07-18T13:01:09 <adriens33> généralement les mails dans une boîte on appelle ça le courrier
2014-07-18T13:01:19 <adriens33> mais j'ai paumé le player pour les .papier…
2014-07-18T13:01:25 <Letarumavza> mail ça veut dire courrier.
2014-07-18T13:01:25 <adriens33> et c'est un format de merde
2014-07-18T13:01:47 <Letarumavza> Tain j'ai l'impression que je trip un poil là...
2014-07-18T13:02:10 <adriens33> (non… c'est vrai ? ^^) je parlais de l'e-mail (ou en "bon français" selon l'Académie Française: le mél)
2014-07-18T13:02:13 <MaCharon> oula Oo
2014-07-18T13:02:59 <adriens33> c'est comme "cédérom automatique" pour live-cd…
2014-07-18T13:03:19 <adriens33> déjà cédérom c'est méga moche
2014-07-18T13:03:26 <Letarumavza> CD-ROM
2014-07-18T13:03:39 <Letarumavza> Compact Disk Read Only Memory.
2014-07-18T13:03:46 <adriens33> ben techniquement en français t'es sensé dire cédérom. CD-ROM est considéré comme un anglicisme.
2014-07-18T13:03:58 <Letarumavza> C'est un nom propre
2014-07-18T13:04:10 <adriens33> va dire ça à l'Académie Française…
2014-07-18T13:04:17 <Letarumavza> T'apelles pas james wood james bois.
2014-07-18T13:04:31 <adriens33> (et déjà c'est pas un nom propre mais un acronyme)
2014-07-18T13:04:41 <Letarumavza> KSP 0.24 !
2014-07-18T13:04:47 <Letarumavza> x64 sous windows !
2014-07-18T13:04:52 <adriens33> et françiser un acronyme en ajoutant des lettres pour faire un mot c'est débile
2014-07-18T13:04:57 <adriens33> yay o/
2014-07-18T13:05:59 <adriens33> pour demain
2014-07-18T13:06:09 <adriens33> je vous c/v la réponse de flo
2014-07-18T13:06:12 <adriens33> « Hello tous le monde /)
2014-07-18T13:06:13 <adriens33> Petite relance concernant Samedi prochain, notre amis Dawnio va venir avec quelques Brony des 4 coins de la France !
2014-07-18T13:06:13 <adriens33> Je compte donc sur vous pour être présent pour les accueillir au mieux (n'oubliez pas vos super t-shirt pour les rendre jaloux !).
2014-07-18T13:06:13 <adriens33> Concernant le programme de la journée, c'est plutôt pépère mais ça devrais être bien fun quand même.
2014-07-18T13:06:14 <adriens33> RDV à l’hôtel de ville à 9h30, (je vous rappel mon tel : 06 31 32 66 54), ensuite on se pose directement dans le parc.
2014-07-18T13:06:17 <adriens33> N'hésitez pas à ramener des jeux de sociétés, des cartes, JDR, ballons, fouet, cuir, moustaches, etc ... Et aussi de quoi pic-niqué pour miamer.
2014-07-18T13:06:20 <adriens33> Pour ceux qui ont la flemme, bien sur on ira dévaliser un pauvre kebab à côté sans défense >:D
2014-07-18T13:06:22 <adriens33> Ensuite pour l'aprèm on à prévu de faire un passage dans la rue St-Catherine, pour ceux qui connaissent pas, à savoir, il y à aussi la braderie ce jour la aussi.
2014-07-18T13:06:25 <adriens33> Nous irons peut-être sur les quais à St-Michel car la ville organise un truc sympathique ce jour la : http://goo.gl/KpFyyN
2014-07-18T13:06:28 <adriens33> Ensuite le soir, on à prévu d'aller aux Bowling de Meriadeck, y'a des pti jeux et des parties de Bowling pas trop chéros, attention au porte-monnaie si vous souhaitez consommer sur place par contre.
2014-07-18T13:06:31 <adriens33> Bien sur on espère faire un after après, sauf qu'on ne sais pas trop où ni quoi pour le moment. De plus, si quelqu'un à la possibilité d’héberger certains de nos invités pour la nuit ça serait très cool de sa part pour qu'ils évitent l'hotel ;)
2014-07-18T13:06:31 *** Letarumavza est parti
2014-07-18T13:06:37 <adriens33> Voila n'hésitez pas à vous manifester et à Samedi /) »
2014-07-18T13:06:46 <adriens33> donc 9h30 hôtel de ville.
2014-07-18T13:08:39 <heuzef> Ouais ba moi j'ai un sérieux problème pour demain
2014-07-18T13:08:46 <adriens33> Quoi donc ?
2014-07-18T13:08:47 <heuzef> J'ai plus de tel
2014-07-18T13:08:52 <adriens33> tu l'as bouffé ?
2014-07-18T13:09:03 <MaCharon> c'est tot demain mais j'y serais
2014-07-18T13:09:45 <heuzef> Numéricable à fait la bascule vers SFR
2014-07-18T13:09:50 <heuzef> Je suis marron
2014-07-18T13:09:54 <MaCharon> des gens qui jouent a magic ?
2014-07-18T13:09:54 <heuzef> Plus de Réseaux
2014-07-18T13:10:08 <heuzef> Et je sais pas comment regler ce putain de problème
2014-07-18T13:10:33 <adriens33> comment ça se fait que tu n'aies plus de réseau ?
2014-07-18T13:10:42 <adriens33> je suis aussi sur le réseau SFR et j'ai aucun souci
2014-07-18T13:14:13 <heuzef> Ba écoute j'ai la nouvelle SIM depuis 1 mois
2014-07-18T13:14:15 <heuzef> et hier
2014-07-18T13:14:16 <heuzef> boom
2014-07-18T13:14:19 <heuzef> Plus de reseaux
2014-07-18T13:14:27 <heuzef> Plus de 3G
2014-07-18T13:14:28 <heuzef> rien
2014-07-18T13:14:38 <adriens33> ouais 'fin si tous les clients de chez SFR avaient subi un blackout je pense que ça se saurait légèrement, tu crois pa ?
2014-07-18T13:14:40 <adriens33> *pas
2014-07-18T13:14:56 <adriens33> Tu dois pas avoir de chance :p
2014-07-18T13:15:00 <heuzef> Ba j'ai contacter Numéricable
2014-07-18T13:15:02 <adriens33> ou t'as pas payé tes factures
2014-07-18T13:15:04 <adriens33> >:)
2014-07-18T13:15:20 <heuzef> Il me dise que mon Tel est simlocké et qu'il faut que je desimlock pour SFR
2014-07-18T13:15:30 <adriens33> ton tel tu l'as acheté avec quoi ?
2014-07-18T13:15:38 <adriens33> un abo / sans abo / quel opérateur ?
2014-07-18T13:16:00 <heuzef> Nexus 4 acheter sur le Google Play
2014-07-18T13:16:16 <heuzef> Y'a pas de simlockage
2014-07-18T13:16:26 <adriens33> parce que moi je te le répète, je suis sur le réseau SFR, et mon tel est également simlocké poru le réseau SFR. donc si les tels simlockés pour SFR devaient ne plus marcher à cause du changement de réseau je crois que je serais au courant.
2014-07-18T13:16:38 <adriens33> Ah
2014-07-18T13:16:50 <adriens33> encore un bijoure madame marocain…
2014-07-18T13:16:56 <heuzef> Ouais
2014-07-18T13:17:01 <adriens33> (oui c'est waciste !)
2014-07-18T13:17:48 <adriens33> ben au pire faudrait que tu puisses essayer avec une autre carte sim, si elle fonctionne c'est juste la tienne qui doit pas être activée / ou bouffée / ou autre
2014-07-18T13:18:07 <heuzef> Ouais sauf que j'ai pas de sim sous la main la
2014-07-18T13:18:09 <heuzef> Grrrr
2014-07-18T13:18:15 <adriens33> t'énèrves pas
2014-07-18T13:18:20 <heuzef> Si
2014-07-18T13:18:28 <heuzef> ça commence à me casser les couilles
2014-07-18T13:18:31 <adriens33> c'est con, tu perds de l'espérance de vie :p
2014-07-18T13:18:52 <adriens33> Sinon, blague à part, on peut tester avec la mienne tout à l'heure si tu veux
2014-07-18T13:19:13 <heuzef> T'es dans le coin ?
2014-07-18T13:20:08 <adriens33> là tout de suite je suis dans les locaux de CGI, à mérignac.
2014-07-18T13:20:17 <adriens33> et je bosse ^^
2014-07-18T13:20:22 <adriens33> (enfin là je suis en pause)
2014-07-18T13:20:41 <adriens33> à
2014-07-18T13:20:43 <adriens33> je suis con
2014-07-18T13:20:46 <adriens33> je voulais dire demain
2014-07-18T13:20:49 <adriens33> pas tout à l'heure…
2014-07-18T13:36:03 <heuzef> Mouais mais bon ... Si je vous trouve pas demain je suis marron
2014-07-18T13:36:20 <adriens33> boarf, 9h30 hôtel de ville, y'a moins précis, hein ;)
2014-07-18T13:36:32 <heuzef> C'est grand l'hotel de ville
2014-07-18T13:36:36 <heuzef> adriens33 tu voudrais pas me rejoindre chez moi demain matin ?
2014-07-18T13:36:40 <adriens33> ouais mais c'est dégagé
2014-07-18T13:36:44 <adriens33> s'tu veux
2014-07-18T13:36:49 <heuzef> Comme ça on y va ensemble
2014-07-18T13:37:01 <heuzef> Et je veu bien aussi que tu envoie un pti message a Dawnio
2014-07-18T13:37:10 <heuzef> Pour lui dire que mon tel est Out
2014-07-18T13:39:59 <adriens33> au pire envoie un mail…
2014-07-18T13:42:16 <heuzef> Déjà fait mais bon
2014-07-18T13:42:24 <heuzef> Pour être sur
2014-07-18T13:53:52 <heuzef> adriens33 du coup on part de chez moi à 9h00
2014-07-18T13:53:59 <heuzef> tranquillou
2014-07-18T13:54:29 <heuzef> Ils ont pas de pitié les gars du nord de nous faire lever un samedi
2014-07-18T13:54:30 <heuzef> ^^
2014-07-18T13:59:33 <adriens33> ^^
2014-07-18T14:09:43 *** heuzef est parti
2014-07-18T14:10:06 *** Eclipse2212 s'est connecté
2014-07-18T14:10:13 <Eclipse2212> chalut
2014-07-18T14:10:22 <adriens33> salut
2014-07-18T14:10:58 *** heuzef s'est connecté
2014-07-18T14:11:01 <Eclipse2212> ça va?
2014-07-18T14:11:38 *** Rei s'est connecté
2014-07-18T14:11:50 <Rei> hello, re pour certains^^
2014-07-18T14:11:54 <adriens33>  re
2014-07-18T14:12:48 <Eclipse2212> hellow!
2014-07-18T14:13:04 <Rei> Cava?
2014-07-18T14:13:53 <adriens33> Eclipse2212 & Rei: ça va moi ^^ weekend ce soir o/
2014-07-18T14:14:03 <Eclipse2212> xD
2014-07-18T14:14:21 <Eclipse2212> weekend depuis un mois =D
2014-07-18T14:14:28 <adriens33> moi bientôt :p
2014-07-18T14:14:30 <Eclipse2212> *vacances
2014-07-18T14:15:20 <Rei> cool adrien o/
2014-07-18T14:15:29 <adriens33> ouep :D
2014-07-18T14:15:31 <adriens33> totalement
2014-07-18T14:16:59 <Rei> au faite!
2014-07-18T14:17:20 <Rei> J'ai reçu mon dossier d'inscription pour la terminale :3 *excitée*
2014-07-18T14:17:24 <adriens33> yay
2014-07-18T14:17:35 <adriens33> t'as plus qu'à le remplir alors :)
2014-07-18T14:19:03 <Rei> viii^^ en plus j'ai trouver mon agenda *v*
2014-07-18T14:19:18 <adriens33> cool
2014-07-18T14:20:32 <Rei> ya orage T.T
2014-07-18T14:20:40 <adriens33> ouep…
2014-07-18T14:23:47 <adriens33> punaise mais pourquoi foutre une boîte de devs à côté de l'aéroport de mérignac ??
2014-07-18T14:24:01 <adriens33> comment tu veux te concentrer avec autant d'avions qui passent sérieux --
2014-07-18T14:24:04 <adriens33> * --"
2014-07-18T14:25:06 <Rei> ça j'avoue...
2014-07-18T14:32:40 <heuzef> Met de la zic
2014-07-18T14:33:01 <adriens33> Qu'est-ce que tu crois que j'ai dans les oreilles ?^^
2014-07-18T14:33:15 <adriens33> mais bon la zic quand t'es en openspace et que tu bosses en équipe c'est pas pratique du tout
2014-07-18T14:33:25 <heuzef> Des sons d'avion qui décolle
2014-07-18T14:33:38 <heuzef> Moi j'écoute ça tous le temps
2014-07-18T14:33:45 <heuzef> ça m'aide a me concentrer
2014-07-18T14:33:51 <adriens33> Les rafales aussi ?
2014-07-18T14:33:54 <heuzef> xD
2014-07-18T14:34:03 <adriens33> nan mais franchement 1 ça va
2014-07-18T14:34:08 <adriens33> mais toute la journée c'est marre…
2014-07-18T14:34:31 <Rei> XD
2014-07-18T14:41:02 *** Rei est parti
2014-07-18T14:41:32 *** heuzef1 s'est connecté
2014-07-18T14:41:41 <heuzef1> Bonjour
2014-07-18T14:41:47 <heuzef1> Je m'appelle heuzef1
2014-07-18T14:41:57 <heuzef1> Et je suis trop content
2014-07-18T14:41:59 <heuzef1> Haha
2014-07-18T14:42:02 <adriens33> heuzef: t'as qu'à faire gaffe à ton vpn
2014-07-18T14:42:04 *** Rei s'est connecté
2014-07-18T14:42:07 <heuzef1> Ouais ba merde
2014-07-18T14:42:10 <heuzef1> Tant ps
2014-07-18T14:42:10 <adriens33> je te l'ai dit tout à l'heure en plus XD
2014-07-18T14:42:15 <adriens33> inconnu
2014-07-18T14:42:16 <adriens33> dégage
2014-07-18T14:42:18 <adriens33> !heuzef
2014-07-18T14:42:20 <Rei> re desoler ma co avait déco XD
2014-07-18T14:42:22 <adriens33> !kick heuzef
2014-07-18T14:42:24 <adriens33> np
2014-07-18T14:42:37 <adriens33> heuzef1: tu devrais pouvoir revenir narmolement
2014-07-18T14:42:37 <Rei> hein??? il s'est passer quoi la?
2014-07-18T14:42:44 <adriens33> heuzef qu'est en double
2014-07-18T14:42:48 <Rei> ok
2014-07-18T14:42:51 <adriens33> ^^
2014-07-18T14:42:52 <heuzef1> Salut
2014-07-18T14:42:52 <heuzef1> Salut
2014-07-18T14:42:56 <adriens33> (un c'est déjà beaucoup XD)
2014-07-18T14:43:00 <heuzef1> Je suis en double
2014-07-18T14:43:01 <heuzef1> Je suis en double
2014-07-18T14:43:05 <Rei> x3
2014-07-18T14:43:08 <heuzef1> Ha ha ! :D
2014-07-18T14:43:08 <heuzef1> Ha ha ! :D
2014-07-18T14:43:14 <Rei> oula....
2014-07-18T14:43:15 <adriens33> ah non ! pas x 3 !!
2014-07-18T14:43:26 <adriens33> (je sais, c'est un smiley, patapé)
2014-07-18T14:43:32 <Rei> XD
2014-07-18T14:43:42 <Berry-Punch> Flags *hic* de adriens33 modifiés : +o
2014-07-18T14:43:42 <adriens33> !op adriens33
2014-07-18T14:43:59 *** heuzef1 est parti
2014-07-18T14:44:17 <adriens33> shit, je peux pas set les nom des autres en op
2014-07-18T14:44:20 <Berry-Punch> Flags de adriens33 modifiés : -o *hic* 
2014-07-18T14:44:20 <adriens33> !deop adriens33
2014-07-18T14:45:29 *** heuzef s'est connecté
2014-07-18T15:04:07 <adriens33> vas te coucher, t'as trop bu
2014-07-18T15:04:07 <Berry-Punch> Non, c'est même pas *hic* vrai d'abord !
2014-07-18T15:06:38 <heuzef> ^^
2014-07-18T15:27:05 *** Eclipse2212 est parti
2014-07-18T15:27:24 *** Eclipse2212 s'est connecté
2014-07-18T15:29:39 *** Dawnio s'est connecté
2014-07-18T15:29:45 <adriens33> hellow
2014-07-18T15:30:26 <Dawnio> Yo.
2014-07-18T15:33:04 *** wildfier est parti
2014-07-18T15:41:09 *** heuzef est parti
2014-07-18T15:42:17 *** heuzef s'est connecté
2014-07-18T15:46:15 <heuzef> Hey
2014-07-18T15:46:20 <heuzef> Dawnio:
2014-07-18T15:46:22 <heuzef> ?
2014-07-18T15:47:23 <Dawnio> oui,
2014-07-18T15:47:25 <Dawnio> ?
2014-07-18T15:47:34 <heuzef> Ha
2014-07-18T15:47:42 <heuzef> Cool que tu soit passer sur IRC
2014-07-18T15:47:45 <heuzef> adriens33 ?
2014-07-18T15:47:48 <adriens33> oui
2014-07-18T15:47:50 <adriens33> quoi
2014-07-18T15:47:51 <adriens33> ?
2014-07-18T15:47:53 <heuzef> Le souci avec mon tel
2014-07-18T15:48:04 <heuzef> En faite il m'envoie encore une nouvelle carte SIMil parait
2014-07-18T15:48:11 <heuzef> C'est pour ça qu'il ont couper mon tel
2014-07-18T15:48:14 <adriens33> ah
2014-07-18T15:48:14 <heuzef> Lol
2014-07-18T15:48:18 <adriens33> glandu XD
2014-07-18T15:48:25 <adriens33> *glandus
2014-07-18T15:48:32 <heuzef> Attend ça fait 2 cartes SIM en moins d'1 mois
2014-07-18T15:48:42 <heuzef> Balèse chez Numéricable quand même
2014-07-18T15:48:43 <adriens33> du coup ils t'on coupé ta ligne comme ça sans prévenir ni te laisser un moyen d'être joignable
2014-07-18T15:48:46 <Dawnio> ce qui veut dire que tu n'as pas reçut ce que je t'ai envoyé il y a quelques min?
2014-07-18T15:48:52 <adriens33> il a plus de tel
2014-07-18T15:49:04 <heuzef> ça veux dire que je recoit plus rien sur mon tel depuis hier
2014-07-18T15:49:04 <adriens33> donc à part si tu a fait ça au pigeon voyageur non
2014-07-18T15:49:18 <Dawnio> bon je vais transferer ici (vu qu'il est là)
2014-07-18T15:49:23 <heuzef> Stp
2014-07-18T15:50:38 <heuzef> C'est fort quand même, le premier bichour madam me dis que j'ai un tel simlocké bravo
2014-07-18T15:50:43 <Rei> *
2014-07-18T15:50:49 <heuzef> Et le deuxieme qu'il m'ont envoyé une autre carte sim
2014-07-18T15:50:50 <heuzef> encore
2014-07-18T15:50:53 <Dawnio> Finalement j'ai pas réussi à choper de voiture pour demain donc je viendrais en bus, il nous déposera à 8h à la place gambetta (celui d'après est seulement à 10h30 :yay: ) du coup on ira se poser à un café avant le MU
2014-07-18T15:51:13 <heuzef> 8h !
2014-07-18T15:51:22 <heuzef> Aucunes pitité les gars
2014-07-18T15:51:31 <adriens33> XD
2014-07-18T15:51:35 <adriens33> naon
2014-07-18T15:51:42 <adriens33> t'as dit 9h chez toi
2014-07-18T15:51:42 <Dawnio> je parle de MOI, pas de VOUS (lol)
2014-07-18T15:51:47 <adriens33> déjà c't'un peu tôt
2014-07-18T15:51:54 <adriens33> alors 8h tu peux aller te faire mettre flo XD
2014-07-18T15:51:58 <Dawnio> le rdv est toujours à 9h30 comme prévu ^^
2014-07-18T15:51:58 <heuzef> xD
2014-07-18T15:52:31 <heuzef> Chui désolé, scinscérement j'aurais eu le tel pas en panne
2014-07-18T15:52:41 <heuzef> Je serais venu boire le café avec vous
2014-07-18T15:53:17 <Dawnio> genre tu sera levé à cette heure :p
2014-07-18T15:53:17 <heuzef> Ou alors on ce fixe RDV dans un café bien précis
2014-07-18T15:53:34 <adriens33> sors les coordonnées GPS tant que t'y es ;)
2014-07-18T15:53:37 <heuzef> Ba c'est l'heure ou je me lève pour le boulot
2014-07-18T15:53:55 <heuzef> adriens33 ba non, j'ai plus de 3G, comment je suis censé lire les coordonnées
2014-07-18T15:53:58 <heuzef> Gros malin
2014-07-18T15:54:03 <adriens33> « rendez vous à 9h30min 0sec, coord 44.5225462 N, 0.5225428 W
2014-07-18T15:54:04 <adriens33> »
2014-07-18T15:54:12 <adriens33> (au pifomètre)
2014-07-18T15:54:37 <Dawnio> ou alors si vraiment tu veux prendre le café avec nous, tu nous attends à la place gambetta :D
2014-07-18T15:56:33 *** Eclipse2212 est parti
2014-07-18T15:56:42 <heuzef> adriens33: t'es coordonées tombe dans une foret à des Km de bordeaux
2014-07-18T15:56:45 <heuzef> Pas terrible xD
2014-07-18T15:56:58 <adriens33> heuzef: je t'emmerde XD
2014-07-18T15:57:26 <heuzef> Dawnio bof, pas assez précis "place gambetta"
2014-07-18T15:57:50 <heuzef> Sinon je te propose
2014-07-18T15:57:58 <heuzef> Place de la victoire
2014-07-18T15:58:41 <heuzef> Café Auguste
2014-07-18T15:59:00 <heuzef> adriens33: on peux partir de chez moi au plus tôt à quel heure ?
2014-07-18T15:59:23 <Dawnio> 1km8 à pied, bien suuuuur
2014-07-18T15:59:31 <adriens33> Ben… pas avant que 'jarrive XD
2014-07-18T15:59:33 <Dawnio> https://www.google.fr/maps/dir/Place+Gambetta,+33000+Bordeaux/Place+de+la+Victoire,+Bordeaux/@44.835971,-0.5805482,16z/data=!3m1!4b1!4m11!4m10!1m5!1m1!1s0xd5527dd04f6bf6d:0xc211837fd43e0f33!2m2!1d-0.5810898!2d44.8414642!1m3!2m2!1d-0.5706825!2d44.8312296
2014-07-18T15:59:41 <adriens33> déjà j'essaierai d'arriver à 9h
2014-07-18T16:00:00 <heuzef> Wut, le gars il se leve super tôt met à la flemme de remonter la rue St cath ? oO
2014-07-18T16:00:32 <heuzef> Autant vous êtes des lève tôt mais pas des marcheurs dans lchnord
2014-07-18T16:01:09 <Dawnio> nope, d'habitude j'ai ma caisse, c'est plus simple :D
2014-07-18T16:01:24 <heuzef> Ouais enfin la y'a 10 min a pied
2014-07-18T16:01:46 <Dawnio> nan je dis surtout ça parce que me connaissant je vais me perdre jusque là, ou alors ya peut être le tram?
2014-07-18T16:01:48 <heuzef> Et crois mois qu'on va marcher Demain
2014-07-18T16:02:12 <heuzef> Gambetta > Victoire
2014-07-18T16:02:20 <heuzef> Direct Tram B
2014-07-18T16:02:27 <heuzef> Sinon à pied
2014-07-18T16:02:31 <heuzef> Rue Saint Catherine
2014-07-18T16:02:36 <heuzef> Plutot facile
2014-07-18T16:04:10 <heuzef> Bon comme tu veux =) sinon
2014-07-18T16:04:17 <heuzef> Pour le RDV a l'hotel de ville
2014-07-18T16:04:20 <heuzef> C'est la même
2014-07-18T16:04:21 <Dawnio> ok c'est bon j'ai vu, je vais gerer
2014-07-18T16:04:23 <heuzef> C'est GRAND
2014-07-18T16:04:34 <heuzef> ok
2014-07-18T16:04:51 <heuzef> adriens33 du coup je vais sans doute allez au café Auguste avant 9h
2014-07-18T16:05:01 <heuzef> Tu fait quoi ?
2014-07-18T16:05:15 <Dawnio> 3 place de la victoire c'est ça?
2014-07-18T16:05:28 <heuzef> Dawnio: yep, il est facile à trouver
2014-07-18T16:05:36 <Dawnio> ok ça marche
2014-07-18T16:05:41 <adriens33> …
2014-07-18T16:05:44 <adriens33> c'est mort.
2014-07-18T16:05:58 <adriens33> je sors pas de chez moi à 8h moi XD
2014-07-18T16:06:19 <adriens33> c'est samedi, tu veux pas que je me lève à 6h du mat' non plus ^^
2014-07-18T16:06:23 <heuzef> adriens33: ok ok donc rdv à l'hotel de ville ;)
2014-07-18T16:06:35 <heuzef> Dawnio: https://www.google.fr/maps/@44.83091,-0.572004,3a,22.5y,338.35h,91.01t/data=!3m4!1e1!3m2!1s8yFeq8es88eCWz_89wCE8g!2e0!6m1!1e1
2014-07-18T16:06:42 <adriens33> tiens tu veux de l'exactitude ?
2014-07-18T16:06:43 <adriens33> 44.837578, -0.576460
2014-07-18T16:07:08 <Dawnio> bon ça devrait le faire
2014-07-18T16:07:09 <heuzef> J'aurais un t-shirt que tu ne pourra pas louper
2014-07-18T16:07:16 <heuzef> ;)
2014-07-18T16:07:42 <Dawnio> je mettrais surement mon t shirt discord + pantalon rouge, ça devrait être visible :D
2014-07-18T16:08:07 <Dawnio> et si elle est sage, ma peluche applejack
2014-07-18T16:08:29 <heuzef> ;)
2014-07-18T16:11:36 *** Letarumavza s'est connecté
2014-07-18T16:11:47 <Letarumavza> Avec la pétrochimie total poluer est un régal !
2014-07-18T16:12:04 <adriens33> Ah, re :)
2014-07-18T16:12:12 <adriens33> t'as trouvé quoi de sympa toi encore ?
2014-07-18T16:13:11 <Rei> *
2014-07-18T16:13:21 <Letarumavza> Rien, j'avais envie
2014-07-18T16:14:11 <adriens33> ^^
2014-07-18T16:15:09 <Letarumavza> ^^
2014-07-18T16:19:23 <adriens33> *hac* !
2014-07-18T16:25:42 <Letarumavza> *hoc* !
2014-07-18T16:25:54 <adriens33> *toc* !
2014-07-18T16:26:09 <Dawnio> *hack*
2014-07-18T16:26:14 <Letarumavza> tatapapa Vas chier !
2014-07-18T16:26:51 <adriens33> KAPOUÉ !
2014-07-18T16:27:16 <Letarumavza> je vois que tu as saisi la ref ^^
2014-07-18T16:27:27 <MaCharon> putain les 2 min du peuple
2014-07-18T16:27:37 <MaCharon> *s'enfuit*
2014-07-18T16:28:13 <adriens33> ^^
2014-07-18T16:29:22 *** ValCab33 est parti
2014-07-18T16:29:28 <adriens33> "je regardait les télé achats, et 'jai reçu une proposition malhonnête… » « vous savez, faut pas vous attendre à autre chose d'une télé achat… »
2014-07-18T16:30:08 <MaCharon> ^^
2014-07-18T16:30:24 <adriens33> « salut, je suis un mort… est ce que je peux enterrer ? »
2014-07-18T16:30:45 <MaCharon> popoopooo
2014-07-18T16:31:05 <MaCharon> celle la etait moche
2014-07-18T16:31:15 <adriens33> ctb
2014-07-18T16:31:33 <MaCharon> :/
2014-07-18T16:31:36 <adriens33> XD
2014-07-18T16:31:43 <adriens33> fais pas cette tête la !
2014-07-18T16:31:48 * adriens33 te passe une autre tête
2014-07-18T16:31:50 <MaCharon> pervers
2014-07-18T16:31:52 <adriens33> fais plutôt celle ci
2014-07-18T16:32:02 <MaCharon> ...
2014-07-18T16:32:16 <MaCharon> -_-
2014-07-18T16:35:01 <adriens33> On vous a répondu ?  — Tchawi tchawitchiwatchawitchiwa !
2014-07-18T16:35:32 <MaCharon> stop plz XD
2014-07-18T16:36:05 <Letarumavza> Alfred dupont !
2014-07-18T16:36:24 <Letarumavza> Va falloir faire gaffe aux plafonds sous lesquels on marche...
2014-07-18T16:36:38 <adriens33> C'est quelle marque comme détecteur ?
2014-07-18T16:36:46 <Letarumavza> Un détecteur mon cul
2014-07-18T16:36:56 <adriens33> — Allô chérie ? C'est un détecteurl moncul
2014-07-18T16:37:02 <adriens33> ben pourquoi elle a raccroché ?
2014-07-18T16:37:48 <Letarumavza> ça va partir au quart de tour - vous avez fait tout le tour des systèmes à vérifier ? - Non, seulement le quart, qu'est-ce que c'est long merde...
2014-07-18T16:37:55 <adriens33> ^^
2014-07-18T16:38:16 <Letarumavza> Les WC sont traut haut - On dirait que ça sent la pisse dans les hauts parleurs du plafond.
2014-07-18T16:38:55 <Letarumavza> trop* connasse de reco vocale de mes deux abruti fini à la pisse de rat alchoolique cocaïnomane
2014-07-18T16:39:04 <Letarumavza> 0o
2014-07-18T16:39:13 <Letarumavza> ça elle l'a pigé du premier coups.
2014-07-18T16:39:30 <adriens33> né d'une mère cafféinomane
2014-07-18T16:39:34 <adriens33> et d'un père colateur
2014-07-18T16:39:50 <Letarumavza> *donc d'un père colateur.
2014-07-18T16:40:17 <Letarumavza> C'est un donc, pas un et
2014-07-18T16:40:24 <adriens33> oui jme suis trompé
2014-07-18T16:40:26 <adriens33> ça va
2014-07-18T16:40:28 <adriens33> c'est bon
2014-07-18T16:40:36 <adriens33> fépachié
2014-07-18T16:40:38 <adriens33> ^^
2014-07-18T16:41:04 <Letarumavza> Oh putain je vais inventer un antistress en pastilles ! Et je vais l'appeler mab.
2014-07-18T16:41:13 <adriens33> huh oO
2014-07-18T16:41:15 <Letarumavza> "Tu te fais chier => suces mab"
2014-07-18T16:41:18 <adriens33> XD
2014-07-18T16:41:20 <adriens33> ok…
2014-07-18T16:41:37 <Letarumavza> (tain je suis plié par ma propre connerie)
2014-07-18T16:42:37 *** Rei est parti
2014-07-18T16:48:30 <adriens33> -c'est un avocat, il est en toge et il bat sa femme… -c'est pour quelle marque ? -toge i' bat (toshiba)
2014-07-18T16:53:00 <adriens33> -j'ai amené des gens de couleur à être croyants… et j'ai amené des croyants de couleur !
2014-07-18T16:55:13 <adriens33> -c'était qui ? -quelqu'un qu'on connait, il disait "salut ça va ??" *elle ouvre la porte* témoins de jéhovah !!
2014-07-18T17:11:38 *** Gordfang est parti
2014-07-18T17:12:02 <adriens33> Berry, ferme la…
2014-07-18T17:18:16 <Berry-Punch> Non mais *hic* ça va pas ? Je vais pas me kicker !
2014-07-18T17:18:29 <Berry-Punch> Non mais ça va pas ? Je *hic* vais pas me kicker !
2014-07-18T17:18:29 <adriens33> !kick Berry-Punch
2014-07-18T17:18:32 <adriens33> ah oui ?
2014-07-18T17:18:34 <Berry-Punch> Flags de *hic* adriens33 modifiés : +o
2014-07-18T17:18:34 <adriens33> !op adriens33
2014-07-18T17:21:08 <Berry-Punch> Salut tout le monde ! *hic* 
2014-07-18T17:21:09 *** Berry-Punch s'est connecté
2014-07-18T17:21:17 <wildfier> parce que 9h 30 je vais t'avouer que je vais avoir la fleme de me lever aussi tôt
2014-07-18T17:21:30 <wildfier> je vais ptet vous retrouver là bas ^^
2014-07-18T17:21:49 <adriens33> wildfier: heuzef voulait que je le rejoigne chez lui à 8h…
2014-07-18T17:21:50 <adriens33> XD
2014-07-18T17:21:57 <adriens33> moi me lever à 7h un samedi
2014-07-18T17:21:57 <adriens33> XD
2014-07-18T17:21:59 *** ValCab33 s'est connecté
2014-07-18T17:22:04 <Berry-Punch> Flags de *hic* adriens33 modifiés : -o
2014-07-18T17:22:04 <adriens33> !deop adriens33
2014-07-18T17:22:15 *** ValCab33 est parti
2014-07-18T17:22:17 <heuzef> Grrr c'est pas vrais !
2014-07-18T17:22:20 <adriens33> quoi
2014-07-18T17:22:33 *** ValCab33 s'est connecté
2014-07-18T17:22:34 <heuzef> Voila que Sud Ouest veux faire un article sur BronyCUB
2014-07-18T17:22:37 <heuzef> Pile poile
2014-07-18T17:22:42 <heuzef> Quand j'ai mon tel qui me lache
2014-07-18T17:22:44 <adriens33> arf
2014-07-18T17:22:46 <ValCab33> Srsly ?
2014-07-18T17:25:01 *** Letarumavza est parti
2014-07-18T17:25:47 <adriens33> bon
2014-07-18T17:25:48 <adriens33> bah
2014-07-18T17:25:49 <adriens33> je go
2014-07-18T17:25:51 <adriens33> à toute
2014-07-18T17:25:53 <adriens33> :D
2014-07-18T17:26:01 *** adriens33 est parti
2014-07-18T17:27:22 <heuzef> Bon
2014-07-18T17:27:32 <heuzef> Il faut que je donne un autre téléphone du coup
2014-07-18T17:27:46 <heuzef> De quelqu'un qui pourra me préter sontel demain matin
2014-07-18T17:33:05 *** wildfier est parti
2014-07-18T17:51:36 *** Letarumavza s'est connecté
2014-07-18T17:51:56 <Letarumavza> Chié!!!!!!!!!!!!!!!!!!!!!!!!!!!!!!!!!!!!!!!!!!!!!!!!!!!!!!!!!!!!!!!!!!!!!!!!!!!!!!!!!!!!!!!!!!!!!!!!!!!!!!!!!!!!!!!!!!!!!!!!!!!!!!!!!!!!!!!!!!!!!!!!!!!!!!!!!!!!!!!!!!!!!!!!!!!!!!!!!!!!!!!!!!!!!!!!!!!!!!!!!!!!!!!!!!!!!!!!!!!!!!!!!!!!!!!!!!!!!!!!!!!!!!!!!!!!!!!!!!!!!!!!!!!!!!!!!!!!!!!!!!!!!!!!!!!!!!!!!!!!!!!!!!!!!!!!!!!!!!!!!!!!!!!!!!!!!!!!!!!!!!!!!!
2014-07-18T17:51:56 <Letarumavza> !!!!!!!!!!!!!!!!!!!!!!!!!!!!!!!!!!!!!!!!!!!!!!!!!!!!!!!!!!!!!!!!!!!!!!!!!!!!!!!!!!!!!!!!!!!!!!!!!!!!!!!!!!!!!!!!!!!!!!!!!!!!!!!!!!!!!!!!!!!!!!!!!!!!!!!!!!!!!!!!!!!!!!!!!!!!!!!!!!!!!!!!!!!!!!!!!!!!!!!!!!!!!!!!!!!!!!!!!!!!!!!!!!!!!!!!!!!!
2014-07-18T17:52:33 <Letarumavza> Chié ! chié ! et rechié !
2014-07-18T17:53:14 <Letarumavza> Putain de windows de merde de mes couilles à la purée de groseilles tricéphales bio-modifiée par des rats acariatres et trisomiques !
2014-07-18T17:54:33 *** wildfier s'est connecté
2014-07-18T17:55:11 <Letarumavza> Putain de win de mes couilles qui rame comme un con sans raison
2014-07-18T17:55:17 <Letarumavza> *rage*
2014-07-18T18:28:25 *** heuzef est parti
2014-07-18T18:29:33 *** heuzef s'est connecté
2014-07-18T18:30:13 <heuzef> J'ai chopé A Brony Tale :D
2014-07-18T18:30:23 <heuzef> Manque plus que trouver les Sous Titres
2014-07-18T18:30:29 <heuzef> Mais pas facile pour l'instant
2014-07-18T18:57:18 *** MaCharon est parti
2014-07-18T19:02:23 <Dawnio> oooooh lol heuzef, c'est quoi ce que je viens de voir sur ma bo^te mail?!!!
2014-07-18T19:02:36 <heuzef> ;)
2014-07-18T19:02:39 <Dawnio> Sudouest? sériouzli?
2014-07-18T19:02:56 <heuzef> Ba voila tu va être dans le journal local
2014-07-18T19:02:59 <heuzef> ^^
2014-07-18T19:03:11 <Dawnio> lol mais attends je savais pas moi
2014-07-18T19:03:14 <Dawnio> oulalalalalalalalallalal
2014-07-18T19:03:19 <Dawnio> rien n'est organisé
2014-07-18T19:03:26 <heuzef> mdr
2014-07-18T19:03:26 <Dawnio> oh mondieumondieu
2014-07-18T19:03:52 <heuzef> Ne te prend pas la tête va
2014-07-18T19:03:58 <Dawnio> comment on va faire pour donner un lieu précis etc? :D
2014-07-18T19:04:08 <heuzef> ^^
2014-07-18T19:04:42 <Dawnio> c'est pas possible, depuis que je suis brony j'arrête pas de voir la presse xD
2014-07-18T19:05:57 <Dawnio> tu l'as su quand?
2014-07-18T19:09:07 <heuzef> Tous à l'heure
2014-07-18T19:12:21 <Dawnio> comment ils l'on appris?
2014-07-18T19:13:02 <Dawnio> ba à la limite peu importe, tant qu'ils nous pondent pas un truc négatif :)
2014-07-18T19:14:28 <heuzef> C'est ce qu j'espere
2014-07-18T19:14:37 <heuzef> J'ai fait quelques recherche sur la journaliste
2014-07-18T19:14:41 <heuzef> Elle semble clean
2014-07-18T19:14:50 <Letarumavza> ça se fera sans moi
2014-07-18T19:14:58 <Letarumavza> J'ai une allergie
2014-07-18T19:15:08 <heuzef> Comme c'est surprenant ^^
2014-07-18T19:15:34 <Letarumavza> Les journalistes, les flics de base, et les témoins de jeovah...
2014-07-18T19:15:52 <Letarumavza> J'ai rien contre les mecs des renseignements et les clodos cependant.
2014-07-18T19:17:06 <heuzef> La dernière fois qu'un témoins de jeovah m'aborde :
2014-07-18T19:17:16 <heuzef> "Sais tu ce qu'est l'amitié ?"
2014-07-18T19:17:25 <Dawnio> lol
2014-07-18T19:17:28 <heuzef> Il est vraiment mal tomber celui la xD
2014-07-18T19:17:33 <Letarumavza> En fait mon allergie aux journaleux vient du fait que je suis joueur de wow.
2014-07-18T19:17:54 <Letarumavza> Je suis un nolife fan de mmorpg et pirate informatique...
2014-07-18T19:17:57 <heuzef> Toi aussi tu joue au meuporg ?
2014-07-18T19:17:58 <heuzef> xD
2014-07-18T19:18:02 <Letarumavza> Les journaleux..
2014-07-18T19:18:09 <Letarumavza> C'est pas vraiment mes potes...
2014-07-18T19:21:36 <Letarumavza> Bon...
2014-07-18T19:21:51 <Letarumavza> Ceci dit, entre un journaleu et un mec de la manif pour tous...
2014-07-18T19:22:01 <Letarumavza> Je veux bien m'allier au premier pour frapper le second.
2014-07-18T19:22:50 *** heuzef est parti
2014-07-18T19:33:25 *** ELiDYROS s'est connecté
2014-07-18T19:42:24 <Berry-Punch> Voilà *hic* ce qu'il s'est passé ces 10 dernières lignes, adriens33
2014-07-18T19:42:25 *** adriens33 s'est connecté
2014-07-18T19:42:29 <adriens33> re
2014-07-18T19:42:40 <Berry-Punch> Flags de *hic* ELiDYROS modifiés : +v
2014-07-18T19:42:40 <adriens33> !voice ELiDYROS
2014-07-18T19:42:42 <adriens33> salut !
2014-07-18T19:42:50 <ELiDYROS> yo
2014-07-18T19:43:17 <adriens33> @Letarumava: qu'est-ce qu'il t'a fait ton windows ?
2014-07-18T19:43:24 <adriens33> t'as rien perdu encore au moins ? :/
2014-07-18T19:43:30 <adriens33> *Letarumavza
2014-07-18T19:43:41 <Letarumavza> nop, juste mon problème de lag qui perdure
2014-07-18T19:43:46 <adriens33> arg
2014-07-18T19:43:49 <Letarumavza> Je pense que ça vient d'autre chose.
2014-07-18T19:43:58 <adriens33> C'était une jolie envolée lyrique par contre :)
2014-07-18T19:44:32 <adriens33> (Purée j'ai du lag entre le cerveau et le reste du corps, je viens de faire un ptit dodo post boulot là…)
2014-07-18T19:51:00 <adriens33> Oh non…
2014-07-18T19:51:05 <adriens33> pas des journalistes…
2014-07-18T19:51:09 <adriens33> putain…
2014-07-18T19:52:29 <Letarumavza> ...
2014-07-18T19:52:32 <Letarumavza> Bon...
2014-07-18T19:52:36 <Letarumavza> Va falloir que je vienne...
2014-07-18T19:52:56 <adriens33> Histoire de faire bien cliché
2014-07-18T19:53:17 <Letarumavza> Non... Je vais venir en mode calme et tranquile, sapé comme j'aime.
2014-07-18T19:53:20 <adriens33> ^^
2014-07-18T19:53:30 <adriens33> Avec la zic épique quand tu te pointes :p
2014-07-18T19:53:32 <Letarumavza> Et si elle lache une question piège, je répondrais.
2014-07-18T19:53:42 <Letarumavza> La manipulation d'informations c'est mon taf ^^
2014-07-18T19:54:34 <adriens33> surtout que toi pour t'embobiner… c'est même pas possible,  techniquement en fait¿
2014-07-18T19:54:36 <adriens33> *…
2014-07-18T19:55:22 <Letarumavza> L'intelligence est la nature même de la puissance.
2014-07-18T19:55:48 <adriens33> bordel…?
2014-07-18T19:56:02 <adriens33> mon eau froide qui est tellement froide
2014-07-18T19:56:17 <adriens33> que pendant un moment j'ai cru m'être trompé et avoir ouvert l'eau chaude…
2014-07-18T19:56:26 <adriens33> elle doit être à ~25°C à vue de pif
2014-07-18T20:01:00 <adriens33> sinon les gens comment ça va ?
2014-07-18T20:01:32 <ELiDYROS> j'ai encore le décalage horaire dans la face
2014-07-18T20:01:40 <adriens33> tu m'étonnes…
2014-07-18T20:26:41 *** ELiDYROS est parti
2014-07-18T20:35:12 <Letarumavza> Qui connait un excellent déssinateur ?
2014-07-18T20:35:26 <Letarumavza> (ça serait pour un avatar)
2014-07-18T21:42:17 *** Dawnio est parti
2014-07-18T21:55:14 *** ValCab33 est parti
2014-07-18T22:23:49 *** ludvann s'est connecté
2014-07-18T22:24:01 <ludvann> yop tout le monde !
2014-07-18T22:24:11 <adriens33> salut :)
2014-07-18T22:24:20 <Letarumavza> re
2014-07-18T22:25:07 <adriens33> tranquille
2014-07-18T22:25:08 <adriens33> ^^
2014-07-18T22:25:10 <ludvann> ok ^^
2014-07-18T22:25:17 <adriens33> et toi ?
2014-07-18T22:25:21 <ludvann> quoi de neuf ?
2014-07-18T22:25:24 <ludvann> 9
2014-07-18T22:25:33 <adriens33> ben… weekend
2014-07-18T22:25:40 <adriens33> et vacances dans pas longtemps
2014-07-18T22:25:45 <adriens33> (le 24 au soir)
2014-07-18T22:25:56 <adriens33> totalement
2014-07-18T22:26:08 <Letarumavza> Hum...
2014-07-18T22:26:16 <Letarumavza> Plus que 16 jours...
2014-07-18T22:26:28 <ludvann> ^^
2014-07-18T22:26:49 <adriens33> Letarumavza: avant d'aller voir ta cop ? ^^
2014-07-18T22:26:58 <Letarumavza> yep !
2014-07-18T22:26:58 <ludvann> et toi letarumavza ?
2014-07-18T22:27:04 <ludvann> :D
2014-07-18T22:27:14 <Letarumavza> Je vais revenir avec un mal de dos...
2014-07-18T22:27:21 <adriens33> XD
2014-07-18T22:27:32 <adriens33> putain ma machoire…
2014-07-18T22:27:52 <ludvann> xD
2014-07-18T22:27:52 <adriens33> c'est bien l'articulation qui me fait mal, et pas une dent/otite
2014-07-18T22:27:56 <adriens33> là j'ai du mal à manger ma pizza :(
2014-07-18T22:28:03 <ludvann> ah... :/
2014-07-18T22:28:37 <adriens33> ben j'ai mal à l'articulation droite de la machoire, tu vois l'os juste devant l'oreille ? j'ai mal dessous :( (et comme c'est l'articulation, si je bouge paf)
2014-07-18T22:28:41 <ludvann> letarumavza, les massages c'est efficace pour le dos ;)
2014-07-18T22:28:55 <ludvann> :) *
2014-07-18T22:30:05 <adriens33> nop, c'est dans l'articulation
2014-07-18T22:30:08 <adriens33> pas dessus
2014-07-18T22:30:18 <ludvann> hum...
2014-07-18T22:30:56 <Letarumavza> Lud, ton charset
2014-07-18T22:31:27 <adriens33> ludvann: au fait, je t'ai vu hier à vélo en allant chez Letarumavza ^
2014-07-18T22:31:34 <adriens33> pas eu le temps de te dire bonjour par contre
2014-07-18T22:31:47 <ludvann> euh...
2014-07-18T22:32:03 <adriens33> vers le kioske à pizza
2014-07-18T22:32:08 <adriens33> juste avant le feu
2014-07-18T22:32:20 <Letarumavza> ludvann: ton charset
2014-07-18T22:32:46 <adriens33> Letarumavza: c'est quoi le pb ? je vois pas de bug avec ses carac spéciaux…
2014-07-18T22:33:08 <Letarumavza> Il a un charset pas à jour
2014-07-18T22:33:14 <adriens33> ludvann: ah, tu m'avais vraiment pas vu alors
2014-07-18T22:33:17 <Letarumavza> Pas la sernière iso de l'utf8
2014-07-18T22:33:20 <adriens33> Letarumavza: comment tu vois ça ?
2014-07-18T22:33:26 <Letarumavza> euh...
2014-07-18T22:33:28 <Letarumavza> joker
2014-07-18T22:33:31 <ludvann> ...
2014-07-18T22:34:03 <Letarumavza> Tu utilises quoi comme client ?
2014-07-18T22:34:09 <ludvann> irc ?
2014-07-18T22:34:19 <ludvann> (qalc)
2014-07-18T22:34:20 <adriens33> comme prog pour te connecter à irc
2014-07-18T22:34:27 <ludvann> Nettalk
2014-07-18T22:34:42 <Letarumavza> Ok... un conseil, changes de client
2014-07-18T22:34:50 <Letarumavza> De préférence pour hexchat ou mirc
2014-07-18T22:34:57 <adriens33> ^^
2014-07-18T22:34:59 <ludvann> ok, why ?
2014-07-18T22:35:33 <Letarumavza> Parce qu'il est sur ma liste metasploit
2014-07-18T22:35:46 <ludvann> pas grave ^^
2014-07-18T22:35:54 * Letarumavza facehoof.
2014-07-18T22:35:58 <adriens33> ludvann: Si leta te conseille de changer ton client
2014-07-18T22:36:00 <ludvann> xD
2014-07-18T22:36:05 <adriens33> c'est que t'as largement intérêt à le faire…
2014-07-18T22:36:17 <ludvann> ok
2014-07-18T22:36:23 <ludvann> je me bat avec un moustique
2014-07-18T22:36:26 <adriens33> sauf si t'as envie que ta machine se transforme en maison close pour intrus XD
2014-07-18T22:36:39 <adriens33> (ou tout autre truc pas glopà
2014-07-18T22:36:39 <Letarumavza> Sur metasploit certaines fonctions sont décrite comme exploitables pour créer une backdoor.
2014-07-18T22:36:40 <adriens33> *)
2014-07-18T22:36:40 <ludvann> xD
2014-07-18T22:36:45 <adriens33> ah
2014-07-18T22:36:45 <adriens33> ok.
2014-07-18T22:36:53 <ludvann> ok...
2014-07-18T22:37:01 <Letarumavza> (Last maj 18h30 UTC aujourd'hui.)
2014-07-18T22:37:51 <ludvann> je peux poser une question sans me faire taper ?
2014-07-18T22:38:32 <ludvann> ?
2014-07-18T22:39:05 <ludvann> bon ok...
2014-07-18T22:40:18 <Letarumavza> yep
2014-07-18T22:42:31 <ludvann> je re
2014-07-18T22:42:34 <adriens33> ok
2014-07-18T22:42:35 *** ludvann est parti
2014-07-18T22:43:30 *** ludvann s'est connecté
2014-07-18T22:43:34 <ludvann> yop
2014-07-18T22:43:40 <adriens33> poy
2014-07-18T22:43:42 <ludvann> et re
2014-07-18T22:44:11 *** ValCab33 s'est connecté
2014-07-18T22:44:24 <ludvann> salut
2014-07-18T22:44:29 <ludvann> ludvann
2014-07-18T22:44:41 <adriens33> oO
2014-07-18T22:44:49 <adriens33> le mec se dit bonjour à lui même XD
2014-07-18T22:45:34 <ludvann> nan
2014-07-18T22:45:54 <ludvann> je testais si il y avait un son quand mon pseudo sortait ^^
2014-07-18T22:46:08 <ludvann> too much souvenirs... http://youtu.be/jtHzTOEG9Cg
2014-07-18T22:47:43 <ludvann> ^^
2014-07-18T22:48:18 <ludvann> [test/] ludvann [test]
2014-07-18T22:48:21 <ludvann> Grrrrr
2014-07-18T22:51:12 <ludvann> alors ?
2014-07-18T22:52:29 <ValCab33> ^^
2014-07-18T22:54:05 <adriens33> Bordel…
2014-07-18T22:54:11 <adriens33> j'ai viré l'appel de la fonction
2014-07-18T22:54:14 <adriens33> j'ai viré la fonction
2014-07-18T22:54:18 <adriens33> j'ai relancé le bot 3 fois
2014-07-18T22:54:22 <adriens33> et elle hoquette encore !!
2014-07-18T22:54:31 <adriens33> mais merde !
2014-07-18T22:55:18 <ValCab33> Tu ne peut pas l'empêcher d'être bourrée.
2014-07-18T22:55:42 <adriens33> non, mais le *hic* régulier, elle n'est pas sensée le faire, j'ai viré la fonction.
2014-07-18T22:55:48 <adriens33> j'ai supprimé la fonciton du code !!
2014-07-18T22:55:54 <adriens33> (et j'ai redémarré le bot)
2014-07-18T22:56:47 <Letarumavza> Hum... étrange en effet...
2014-07-18T22:56:56 <Letarumavza> Je dirais même bizare...
2014-07-18T22:57:09 <Letarumavza> Voire à la rigueur improbable...
2014-07-18T22:57:22 <adriens33> au pire je la relance. ptet un process bash qui s'est pas arrêté
2014-07-18T22:57:26 <adriens33> et qu'a fait le dissident
2014-07-18T23:00:44 <Berry-Punch> Salut tout le monde *hic* !
2014-07-18T23:00:44 *** Berry-Punch s'est connecté
2014-07-18T23:00:47 <Letarumavza> En fait c'est le LOD basse qualité qui est utilisé
2014-07-18T23:00:58 <adriens33> bon, y'a plus qu'à attendre...
2014-07-18T23:01:01 <Letarumavza> (En gros quand tu vois le truc de loin tu vois sa hitbox)
2014-07-18T23:01:07 <wildfier> mais quand un mec te tappe à travers un mur et que tu peux le tuer en tappant sur ses bras qui dépassent ...
2014-07-18T23:01:48 <ludvann> xD
2014-07-18T23:02:11 <wildfier> et j'ai jamais pété un cable sur le jeu parce qu'il était mal fait ou mal pensé
2014-07-18T23:02:12 <wildfier> mais qui
2014-07-18T23:02:15 <wildfier> s'est dis
2014-07-18T23:02:21 <wildfier> qu'un ennemis super lent
2014-07-18T23:02:23 <wildfier> résistent
2014-07-18T23:02:38 <wildfier> et qu'il faut tuer à chaque fois que tu passe
2014-07-18T23:02:39 <wildfier> est cool
2014-07-18T23:02:44 <adriens33> Le game designer ? ^^
2014-07-18T23:02:57 <wildfier> IT'S FUCKING BORING
2014-07-18T23:02:59 <wildfier> sorry
2014-07-18T23:03:20 <wildfier> je pensais jamais pouvoir dire ça d'un Souls game
2014-07-18T23:03:30 <Letarumavza> Il est chiant et lourd.
2014-07-18T23:03:35 <wildfier> mais anyway
2014-07-18T23:03:36 <Letarumavza> Comme le premier spyro
2014-07-18T23:03:53 <wildfier> j'avais bien aimé le 1 spyro
2014-07-18T23:03:57 <Letarumavza> (btw c'est la même team qui a fait spyro et les R&C)
2014-07-18T23:04:05 <wildfier> le challenge est quand même sympa
2014-07-18T23:04:08 <wildfier> je sais
2014-07-18T23:04:18 <Letarumavza> On sent le même humour.
2014-07-18T23:04:20 <wildfier> et la même pour les crash bandicoot et les jak
2014-07-18T23:04:35 <Letarumavza> nop, seulement le lgd et deux devs
2014-07-18T23:04:44 <Letarumavza> les graphistes sont pas les mêmes.
2014-07-18T23:05:11 <wildfier> ils se font des cleins d'oeil de temps en temps (genre jak 2, ratchet ... 3 je crois ?)
2014-07-18T23:05:28 <wildfier> et bossent plus ou moins ensemble de temps en teps
2014-07-18T23:05:32 <wildfier> temps*
2014-07-18T23:05:51 <Letarumavza> D'ailleurs dans la démo de R&C présente sur le DVD de jack3 tu obtiens un code (en faisant un 100%) qui utilisé dans R&C3 remplace ta clef par un double sabre laser.
2014-07-18T23:06:14 <wildfier> yep
2014-07-18T23:06:19 <wildfier> je l'avais
2014-07-18T23:06:26 <Letarumavza> (Le twist final de Jack3...)
2014-07-18T23:06:29 <Letarumavza> so epic
2014-07-18T23:06:41 <wildfier> ^^
2014-07-18T23:06:53 <Letarumavza> Classe les précurseurs ^^
2014-07-18T23:06:58 <wildfier> yep
2014-07-18T23:07:30 <Letarumavza> Faut dire qu'a sa transformation dex pete totalement les plombs ^^
2014-07-18T23:08:02 <Letarumavza> (D'ailleurs Jack 2 était le premier jeu que j'ai eu sur PS2)
2014-07-18T23:08:02 <wildfier> et le délire de scénario à la fin du 2
2014-07-18T23:08:10 <Letarumavza> Jamais fini le 2
2014-07-18T23:08:12 <wildfier> moi c'était r&c 1
2014-07-18T23:08:37 <Letarumavza> J'ai jamais réussi à finir la première mission où tu, passes par la zone rouge.
2014-07-18T23:09:02 <wildfier> time travel et révélation bullshit
2014-07-18T23:09:07 <wildfier> qui est assez sympa au final
2014-07-18T23:09:23 <Letarumavza> Coté twist débile R&C2 fait fort ^^
2014-07-18T23:09:40 <Letarumavza> (tain les cinématiques de R&C2 sont mes préférées...)
2014-07-18T23:09:52 <Letarumavza> En particulier les pubs megacorp
2014-07-18T23:10:17 <Letarumavza> "nous avons transformé cette jungle grouillante et impénétrable en un désert facile d'acces"
2014-07-18T23:10:37 <wildfier> quark
2014-07-18T23:10:39 <Letarumavza> D'ailleurs...
2014-07-18T23:10:50 <wildfier> (est ce que j'ai besoin d'ajouter quoi que ce soit ?)
2014-07-18T23:10:59 <Letarumavza> Angela est la seule lombax femelle qu'on croise dans les R&C...
2014-07-18T23:11:34 <Letarumavza> Hey, j'ai fait le défi "c'est impossible" sur joba ^^
2014-07-18T23:12:06 <Letarumavza> Au 8° try il me semble
2014-07-18T23:12:40 <wildfier> en parlant d'elle
2014-07-18T23:12:51 <wildfier> elle est référencée dans le 1er sur ps3
2014-07-18T23:12:58 <Letarumavza> Ah oui ?
2014-07-18T23:13:08 <Letarumavza> Quel genre de ref ?
2014-07-18T23:13:46 <Letarumavza> (Le même genre que les vannes vis à vis de la fille du président dans le 3 ?)
2014-07-18T23:14:02 <wildfier> en gros les lombax on foutus le camps de cette dimension et on sais que la lombax du 2 est partis aussi
2014-07-18T23:14:15 <wildfier> donc ratchet est le 'dernier'
2014-07-18T23:14:21 <wildfier> (presque ...)
2014-07-18T23:14:30 <Letarumavza> Oh la merde...
2014-07-18T23:14:35 <Letarumavza> Ceinture définitive
2014-07-18T23:14:47 <wildfier> l'autre est dans a crack in time
2014-07-18T23:14:52 <wildfier> donc il en reste 2 en fait
2014-07-18T23:15:13 <Letarumavza> Les deux questions légitimes qu'il me reste : why et qui ?
2014-07-18T23:15:42 <wildfier> [voix type bande annonce de cinéma]
2014-07-18T23:15:56 <Letarumavza> J'ai pas de PS3
2014-07-18T23:15:57 <Berry-Punch> Voilà ce qu'il s'est passé ces 10 dernières *hic* lignes, arthur33
2014-07-18T23:15:58 *** arthur33 s'est connecté
2014-07-18T23:16:03 <wildfier> un badass vétéran de la guerre qui à poussé les lombax à se barrer pour survivre
2014-07-18T23:16:17 <wildfier> et qui à combatu aux côté du père de ratchet ...
2014-07-18T23:16:17 <Letarumavza> Hum...
2014-07-18T23:16:19 <wildfier> [/voix type bande annonce de cinéma]
2014-07-18T23:16:23 *** adriens33 est parti
2014-07-18T23:16:28 <wildfier> CLICHE !
2014-07-18T23:16:34 <Letarumavza> Ah, j'aurai parié sur un membre de la famille.
2014-07-18T23:17:04 <Letarumavza> (Sérieusement, vu le caractére de ratchet j'imagine pas celui du paternel)
2014-07-18T23:17:39 <wildfier> et bien sur le mec vis dans sa propre honte
2014-07-18T23:17:46 <wildfier> reclu comme un paria
2014-07-18T23:18:12 <wildfier> et crois que ratchet est un assassin déguisé en lombax XD
2014-07-18T23:18:36 <wildfier> et puis il se rend compte qu'il ressemble au père de ratchet
2014-07-18T23:18:40 <wildfier> TA-DA-DAAAA
2014-07-18T23:18:50 <wildfier> un peu bateau
2014-07-18T23:18:57 <wildfier> mais le jeu reste quand même épique
2014-07-18T23:20:12 <Letarumavza> Hum...
2014-07-18T23:20:22 <Letarumavza> En fait c'est pas super cliché...
2014-07-18T23:20:34 <wildfier> non c'est juste le
2014-07-18T23:20:40 <wildfier> "j'ai connu ton père"
2014-07-18T23:20:51 <wildfier> genre sur les 2 derniers lombax
2014-07-18T23:20:57 <wildfier> faut qu'ils ait un lien
2014-07-18T23:21:07 <Letarumavza> si tu pars du principe que le pere de ratchet a le mère caractère que lui, il s'est forcément illustré.
2014-07-18T23:21:09 <wildfier> sur toute une race
2014-07-18T23:21:34 <Letarumavza> Bah, le fils a un poil sauvé... trois galaxies ?
2014-07-18T23:21:53 <wildfier> bas super combattant qui (si je me souviens bien) s'est sacrifié pour que les lombax puissent s'enfuir
2014-07-18T23:22:05 <Letarumavza> Rien de surprenant.
2014-07-18T23:22:10 <wildfier> tu sais quoi, le héro martyr ^^
2014-07-18T23:22:28 <Letarumavza> Bah... Ratchet a fait la même chose vis à vis de veldin au final.
2014-07-18T23:22:36 <wildfier> damn, l'orage se raproche ...
2014-07-18T23:22:41 <Letarumavza> Yep...
2014-07-18T23:22:46 <Letarumavza> Et mon pc rebug...
2014-07-18T23:23:04 <Letarumavza> Je pife un truc je re
2014-07-18T23:23:08 *** Letarumavza est parti
2014-07-18T23:27:54 <ludvann> ce mec est énorme... c'est pas pour rien que je le suis depuis 6 mois ^^ https://www.youtube.com/watch?v=O5_WvmQiqz0&list=UU6GeDu1HXL3hMwPndpAhhWg&index=3
2014-07-18T23:32:06 <Berry-Punch> Voilà ce qu'il s'est *hic* passé ces 10 dernières lignes, arthur33
2014-07-18T23:32:07 *** arthur33 s'est connecté
2014-07-18T23:32:09 <arthur33> …
2014-07-18T23:32:19 <ValCab33> ...seriously ?
2014-07-18T23:32:22 *** adriens33 est parti
2014-07-18T23:32:43 <Berry-Punch> Flags de BronyCUB-MC *hic* modifiés : +o
2014-07-18T23:32:43 <adriens33> !op BronyCUB-MC
2014-07-18T23:32:47 <Berry-Punch> Flags de adriens33 modifiés : *hic* -o
2014-07-18T23:32:47 <adriens33> !deop adriens33
2014-07-18T23:34:14 <wildfier> yay
2014-07-18T23:34:15 <wildfier> so safe
2014-07-18T23:34:30 <ludvann> de quoi wildfier  ?
2014-07-18T23:34:34 <wildfier> ton lien
2014-07-18T23:34:44 <ludvann> ah ^^
2014-07-18T23:35:18 <wildfier> damn, y avait un petit hack sympa sur le binaire de flash sous linux qui marche plus ...
2014-07-18T23:35:34 <wildfier> pour qu'il reste full screen même s'il pert le focus
2014-07-18T23:53:48 *** Letarumavza s'est connecté
2014-07-18T23:54:03 <Letarumavza> Raaaah !
2014-07-18T23:54:13 <adriens33> Encore des lags ?
2014-07-18T23:54:16 <Letarumavza> Ok,il va bouffer du xperf
2014-07-18T23:55:29 <Letarumavza> Je pigerai d'où ça vient !
2014-07-18T23:55:34 <Letarumavza> à moins que...
2014-07-18T23:56:22 <Letarumavza> La main dans le sac trou du cul !
2014-07-18T23:56:36 <wildfier> bon, j'y vais les gens
2014-07-18T23:56:41 <Letarumavza> ++
2014-07-18T23:56:43 <adriens33> ++ wildfier
2014-07-18T23:56:43 <wildfier> à demain pour ceux qui viennent
2014-07-18T23:56:52 <adriens33> Letarumavza: quoi que t'as trouvé ?
2014-07-18T23:57:02 <wildfier> (par contre, faut pas réver, je serais pas là à 9h 30 XD)
2014-07-18T23:57:19 <wildfier> faut pasdéconner, on sera samedi quoi
2014-07-18T23:57:27 <wildfier> anyway, bye /)
2014-07-18T23:58:07 <Letarumavza> Que j'en avais plein le cul, j'attaque le bug avec un expert en optimisation de perfs
2014-07-18T23:58:13 <Letarumavza> (un mec de chez valve)
2014-07-18T23:58:27 <Letarumavza> ++
2014-07-18T23:58:40 <wildfier> tu veux vraiment que je reste XD
2014-07-18T23:58:56 <wildfier> je vois le mot valve qui sort comme ça juste avant que je déco XD
2014-07-18T23:59:28 <Letarumavza> Boaf, c'est juste un des ingés de chez valve, je le connais depuis quelques années.
2014-07-18T23:59:46 <Letarumavza> C'est le genre de mec qui va t'ouvrir des drivers à coups de désassembleur pour chopper les erreurs.
