2014-08-12T00:00:46 *** ValCab33 s'est connecté
2014-08-12T00:01:37 *** TrappyTickles est parti
2014-08-12T00:11:02 *** ValCab33 est parti
2014-08-12T00:13:30 *** ValCab33 s'est connecté
2014-08-12T00:13:30 *** ValCab33 est parti
2014-08-12T00:19:44 <ludvann|AFK> bonne nuit
2014-08-12T00:19:48 <ludvann|AFK> @+
2014-08-12T00:20:01 *** ludvann|AFK est parti
2014-08-12T01:01:03 *** Lenile s'est connecté
2014-08-12T01:01:09 <Lenile> Yow !
2014-08-12T01:01:21 <Lenile> Comment tu va l'chat ?
2014-08-12T01:01:50 <Lenile> Macharon
2014-08-12T01:02:37 <MaCharon> bien et toi :3
2014-08-12T01:02:45 <Lenile> Bien bien
2014-08-12T01:02:51 <Lenile> J'fait mon Analyse pour le Poney blanc
2014-08-12T01:02:57 <Lenile> Je bosse trop :(
2014-08-12T01:03:15 <Lenile> J'analyse la chronologie de la S1
2014-08-12T01:03:26 <MaCharon> je compatis, je sais que ce genre de choses c'est pas evident
2014-08-12T01:03:30 <Lenile> 1 / 2 / 8 / 6 / 9 / 7 / 3 / 21 / 4 ( L'ordre de visionnage logique des épisode de la S1, ça commence bien u.u )
2014-08-12T01:04:43 <MaCharon> wow, alors la tu m'apprend un truc Oo
2014-08-12T01:06:35 <Lenile> L'article sort la semaine pro
2014-08-12T01:06:39 <Lenile> Mercredi
2014-08-12T01:06:58 <Lenile> Mais si j'peut de donné un soil ça serais
2014-08-12T01:07:05 <Lenile> L'épisode 21
2014-08-12T01:07:19 <Lenile> T'sais quand elles vont donné l'arbre à Appleloosa ?
2014-08-12T01:08:43 <MaCharon> erf la j'ai pas vraiment en tête
2014-08-12T01:09:00 *** Lezarius1 s'est connecté
2014-08-12T01:09:09 <Lezarius1> Salut
2014-08-12T01:09:29 <Lenile> Salut Lezarius1
2014-08-12T01:09:35 <Lenile> Bah pour faire cours
2014-08-12T01:09:54 <Lenile> à l'épisode 21, Braedburn dit "C'est bientot la récolte des pommiers"
2014-08-12T01:10:05 <Lenile> Donc ils sont bientot en automne
2014-08-12T01:10:16 <Lenile> Mais à l'épisode 4 "Applebuck season"
2014-08-12T01:10:25 <Lenile> Bah c'est marqué dans le titre, c'est le jour de la recolte des pommes
2014-08-12T01:10:30 <Lenile> Donc l'automne
2014-08-12T01:11:04 <MaCharon> en fait j'ai jamais vraiment fait attention :p
2014-08-12T01:11:11 <Lenile> (Faut pas oublié que entre l'épisode 3 (La ou elle recoivent le ticket pour le Gala) et l'épisode du Gala
2014-08-12T01:11:18 <Lenile> Il est juste sencé se passé 25 jours
2014-08-12T01:11:24 <Lenile> Donc 2 automnes en 25 jours...
2014-08-12T01:11:28 <Lenile> Chaud.
2014-08-12T01:11:41 <Lenile> Sans compté l'épisode "Winter Wrap Up" entre les deux xD
2014-08-12T01:11:54 <MaCharon> effectivement XD
2014-08-12T01:12:04 <Lenile> Tu vois, on fait pas gaffe mais c'est des putains de gros trucs XD
2014-08-12T01:13:01 <MaCharon> bah apres c'est surtout que j'ai pas vraiment cherché ^^
2014-08-12T01:13:33 <MaCharon> mais en effet c'est du lourd
2014-08-12T01:13:44 <Lenile> xD
2014-08-12T01:13:50 <Lenile> Vivement la sortit de cet article x)
2014-08-12T01:13:53 <Lenile> Il va faire du bruit !
2014-08-12T01:14:09 <Lenile> Il sortira 2 jours apres les 1 ans du collectif !
2014-08-12T01:14:23 <MaCharon> wouhouh !
2014-08-12T01:14:23 <Lenile> Dailleur, j'te donnerais les cartes à se moment la
2014-08-12T01:14:28 <MaCharon> ok ok
2014-08-12T01:14:38 <MaCharon> :p
2014-08-12T01:15:51 <MaCharon> ben je te souhaite bonne chance alors ;)
2014-08-12T01:16:02 <MaCharon> bon courage plutot
2014-08-12T01:16:49 <MaCharon> j'avais deja testé de faire un truc du même style et je sais que c'est chiant ^^
2014-08-12T01:16:53 <Lenile> Ouais u.u
2014-08-12T01:17:13 <MaCharon> faut tout décortiquer
2014-08-12T01:18:11 <Lenile> Yep
2014-08-12T01:18:19 <Lenile> ça prendra environs 1 semaine.
2014-08-12T01:28:52 *** Lenile est parti
2014-08-12T01:29:11 *** Lenile s'est connecté
2014-08-12T01:46:27 *** Lenile est parti
2014-08-12T02:10:24 *** Lezarius1 est parti
2014-08-12T03:05:57 *** MaCharon est parti
2014-08-12T08:45:55 *** heuzef s'est connecté
2014-08-12T09:58:13 *** Letarumavza s'est connecté
2014-08-12T09:58:22 <Letarumavza> kof kof kof
2014-08-12T09:58:41 <Letarumavza> Bon, le 16 je suis invité chez une pote pour sa pendaison de crémaillère.
2014-08-12T10:02:16 <heuzef> Et bien
2014-08-12T10:02:20 <heuzef> Sacré WK pour toi
2014-08-12T10:02:57 <Letarumavza> Cemain vers 2h-2h30 j'ai fait un pic à 40°c de fievre...
2014-08-12T10:03:46 <Letarumavza> J'ai fini par coller une sonde thermique sur mon cou que j'ai relié au pc, comme ça je peux avoir une alerte quand la fievre remonte.
2014-08-12T10:04:30 <heuzef> Super et si tu as une alerte tu fais quoi ?
2014-08-12T10:05:02 <Letarumavza> Je siffle une bouteille d'eau avec des glaçons.
2014-08-12T10:05:15 <Letarumavza> Réhydratation + cooling.
2014-08-12T10:05:38 <Letarumavza> Mais je pense que je vais bosser sur le concept.
2014-08-12T10:06:18 <Letarumavza> (j'aime l'idée d'un "implant" transmettant mes infos biologiques à mon pc)
2014-08-12T10:07:03 <heuzef> C'est sympa pour mesurer sa santé en effet
2014-08-12T10:07:09 <heuzef> Moi ce que j'aurais vraiment besoin
2014-08-12T10:07:25 <heuzef> c'est une surveillance compléte et précise de mon someil
2014-08-12T10:07:44 <Letarumavza> T'as essayé avec un casque EEG ?
2014-08-12T10:07:48 <heuzef> EEG ?
2014-08-12T10:08:06 <Letarumavza> http://fr.wikipedia.org/wiki/%C3%89lectro-enc%C3%A9phalographie
2014-08-12T10:08:27 <heuzef> ça doit pas être simple à trouver ça
2014-08-12T10:08:31 <Letarumavza> Y'a des casques capables d'enregistrer certaines fréquences (delta notament) à partir d'une 50aine d'euros.
2014-08-12T10:08:36 <Letarumavza> Bah...
2014-08-12T10:08:47 <heuzef> Tiens tiens
2014-08-12T10:08:49 <Letarumavza> C'est des électrodes médicales de contact liées à un circuit.
2014-08-12T10:08:55 <heuzef> Et c'est hackable pour le someil ça ?
2014-08-12T10:08:56 <Letarumavza> C'est juste de l'interférométrie.
2014-08-12T10:09:05 <Letarumavza> Bah oui.
2014-08-12T10:10:02 <Letarumavza> y'a même des souris EEG qui existent.
2014-08-12T10:10:12 <Letarumavza> C'est pas encore ultra fiable, mais la tech est prométeuse.
2014-08-12T10:10:25 <Letarumavza> (controler le PC directement par la pensée, ça envoie du steak comme tech)
2014-08-12T10:10:43 <heuzef> https://www.kickstarter.com/projects/caluka/lucitm-advanced-lucid-dream-inducer
2014-08-12T10:10:46 <heuzef> Truc de dingue
2014-08-12T10:11:16 <Letarumavza> Mouais...
2014-08-12T10:11:35 <Letarumavza> M'enfin j'avais il y a quelques mois les plans d'un EEG de fabrication artisanale.
2014-08-12T10:11:43 <Letarumavza> Avec un firmware opensource.
2014-08-12T10:13:30 <heuzef> Pour l'instant ce que j'ai trouvé de mieux c'est ça
2014-08-12T10:13:31 <heuzef> http://www.withings.com/fr/withings-aura.html
2014-08-12T10:14:23 <Letarumavza> Perso je suis plus intéréssé par le fonctionnement inverse de cette technologie
2014-08-12T10:14:38 <Letarumavza> (Utiliser des courants induits pour controler une unitée organique)
2014-08-12T10:16:20 <heuzef> Je pense que l'organisme est trop fragile et sensible, elle doit évoluer d'elle même. Essayer de la controler plutot que l'encradrer reviendrait à faire une sorte de downgrade
2014-08-12T10:16:25 <heuzef> C'est un peu stupide
2014-08-12T10:17:10 <Letarumavza> L'idée c'est d'induire une volonté chez la cible, ça marche bien sur les rats.
2014-08-12T10:17:51 <Letarumavza> (La puissance des cerveaux organique vient de leur énorme cache L1, mais au final le hardware est très très lent.)
2014-08-12T10:18:11 <heuzef> Il y à beaucoup trop de paramètres
2014-08-12T10:18:19 <heuzef> hacker le cerveaux est une mauvaise idée
2014-08-12T10:18:46 <heuzef> Mais exploiter son fonctionnement actuel c'est interessant
2014-08-12T10:19:15 <heuzef> Par exemple connaitre mon cycle de sommeil et me servir de la techno pour mieux dormir
2014-08-12T10:19:26 <heuzef> et repondre mieux aux besoins de mon corp
2014-08-12T10:19:34 <heuzef> franchement ça me plairais beaucoup
2014-08-12T10:21:52 <Letarumavza> La fondamentale différence entre toi et moi.
2014-08-12T10:22:31 <Letarumavza> Tu veux vivre en paix avec ton corps et ta nature organique en compensant ses défauts.
2014-08-12T10:32:13 <Berry-Punch> Voilà ce qu'il s'est passé *hic* ces 10 dernières lignes, adriens33
2014-08-12T10:32:15 *** adriens33 s'est connecté
2014-08-12T10:32:55 <adriens33> hello
2014-08-12T10:33:12 *** Bybeez s'est connecté
2014-08-12T10:33:16 <Bybeez> Salut !
2014-08-12T10:33:42 *** ludvann|AFK s'est connecté
2014-08-12T10:34:04 <ludvann> salut tout le monde !
2014-08-12T10:34:12 <Bybeez> Salut
2014-08-12T10:34:16 <adriens33> tain j'arrive y'a du monde qui rapplique XD
2014-08-12T10:34:18 <ludvann> (enfin, le peu de monde qu'il y a ^^ )
2014-08-12T10:34:23 <ludvann> xD
2014-08-12T10:34:23 <Letarumavza> $voice ludvann
2014-08-12T10:34:27 <ludvann> thx
2014-08-12T10:34:57 <ludvann> ...
2014-08-12T10:34:59 <adriens33> ChanServ…
2014-08-12T10:35:02 <Berry-Punch> Flags *hic* de ludvann modifiés : +v
2014-08-12T10:35:02 <adriens33> !voice ludvann
2014-08-12T10:35:03 <adriens33> ça discutait cerveau & technologie à ce que je lis :p
2014-08-12T10:35:18 <ludvann> ah et bien je vais vous laisser ^^'
2014-08-12T10:35:30 <ludvann> ;P
2014-08-12T10:35:33 <adriens33> bah ça avait l'air intéressant.
2014-08-12T10:35:45 <ludvann> justement
2014-08-12T10:35:49 <adriens33> hmm ?
2014-08-12T10:35:49 <Letarumavza> Mouais
2014-08-12T10:35:58 <adriens33> je comprends pas ton problème, ludvann
2014-08-12T10:36:21 <ludvann> nan, rien, je me suis mal exprimé...
2014-08-12T10:36:34 <Letarumavza> Le problème c'est qu'étant un transhumaniste (étrange venant d'un cybergoth) ça peut vite dégénérer comme débat.
2014-08-12T10:36:41 <adriens33> ^^
2014-08-12T10:36:51 <ludvann> les deux me passionent mais modérément ^^
2014-08-12T10:36:54 <adriens33> oui, niveau point de vue on a des extrêmes ici ^^
2014-08-12T10:37:00 <Letarumavza> Tout ce qui est organique est par nature même imparfait et doit être remplacé par des solutions technologiquement plus abouties et fiables.
2014-08-12T10:37:07 <ludvann> leta, trop de maas effect est mauvais pour la santé ^^'
2014-08-12T10:37:14 <adriens33> qu'est ce que t'en sais toi ?
2014-08-12T10:37:22 <Letarumavza> ludvann, y'a pas de transhumanisme dans mass effect
2014-08-12T10:37:37 <Letarumavza> Y'en a dans deus Ex : hr
2014-08-12T10:37:56 <ludvann> ah
2014-08-12T10:38:02 <ludvann> pad grave :D
2014-08-12T10:38:06 <ludvann> bon je vais finir de regarder l'ep de GoT et je re
2014-08-12T10:38:12 <adriens33> fais ta vie :p
2014-08-12T10:38:14 <Letarumavza> Y'en a aussi dans :
2014-08-12T10:38:15 <ludvann> ^^
2014-08-12T10:38:28 <ludvann> (pour une fois que j'en ai une ^^ )
2014-08-12T10:38:42 <Letarumavza> Matrix, supreme commander (les cybrans)...
2014-08-12T10:38:52 <Letarumavza> Et star treck
2014-08-12T10:38:55 <Letarumavza> (les borg)
2014-08-12T10:39:49 <ludvann|PBCNA> (Present But Can Not Answer)
2014-08-12T10:39:52 <Letarumavza> Le transhumanisme c'est la solution.
2014-08-12T10:40:14 <Letarumavza> ça permet d'allonger l'espérance de vie.
2014-08-12T10:40:27 <Letarumavza> C'est directement lié à l'évolution de la médecine.
2014-08-12T10:40:46 <adriens33> ça rallonge le temps que tu passes à espérer vivre plus longtemps ? [troll]
2014-08-12T10:40:46 <Letarumavza> (les prothèses sont la forme la plus simple et archaique de cette philosophie)
2014-08-12T10:41:17 <Letarumavza> ça augmente la durée nécéssaire pour atteindre le seuil de non-fonctionnement.
2014-08-12T10:41:33 <adriens33> rhâ tu fais chier à démonter mon troll
2014-08-12T10:41:40 <adriens33> XD
2014-08-12T10:41:40 <Letarumavza> Le fait de disposer de pieces interchangeables facilite les réparations, et par conséquent augmente l'espérence de vie.
2014-08-12T10:42:01 <adriens33> bonjour, je voudrais un œil neuf s'il vous plait…
2014-08-12T10:42:06 <Letarumavza> Sans compter que la stabilité des matériaux minéraux est des centaines de fois plus longue que celle des organiques.
2014-08-12T10:42:10 <Bybeez> Le risque c'est clairement de dégénérer, voir de s'entourer de chose dont on deviendrait "trop" dépendant et qui serait de plus en plus intelligente (plus on s'entoure de chose intelligente moins on a besoin de réfléchir (exemple : les calculettes avant on comptait de tête plus implement...))
2014-08-12T10:42:12 <adriens33> - patientez quelques minutes, je vais voir ce que j'ai en stock…
2014-08-12T10:42:25 <Letarumavza> bybeez...
2014-08-12T10:42:33 <Bybeez> oui ?
2014-08-12T10:42:41 <Letarumavza> Le transhumanisme c'est l'amélioration corporelle.
2014-08-12T10:43:21 <Bybeez> oui mais finalement il y a le risque de trop se simplifier la vie a force de vouloir s'amèliorer et on deviendrait dependant
2014-08-12T10:43:23 <Letarumavza> Et la dépendance des systèmes synthétiques vis à vis de l'électricité n'est pas différente de celle des organiques vis à vis de l'eau.
2014-08-12T10:43:38 <adriens33> (ou du glucose…)
2014-08-12T10:43:44 <Letarumavza> Biensur qu'on en deviendrait dépendant.
2014-08-12T10:43:52 <adriens33> (sans glucose on va pas tres loin XD)
2014-08-12T10:44:13 <Letarumavza> Mais on est déjà dépendant de notre système physique.
2014-08-12T10:44:31 <Letarumavza> La différence serait que l'on passerai vers quelque chose à la fois plus fiable et plus facilement réparable.
2014-08-12T10:45:12 <Letarumavza> (Sans compter que l'absence de nécéssité de nourriture ainsi que de reproduction accidentelle rendrait un fonctionnement écologique plus facile)
2014-08-12T10:46:31 <Letarumavza> De plus bybeez, tu sembles négliger que ce genre de dépendances est déjà fréquent.
2014-08-12T10:46:41 <Letarumavza> Que ce soit via les traitements consomables chroniques.
2014-08-12T10:47:02 <Letarumavza> Les pompes à insulines, ou autres implants perméttant de réduire les chances de décés du sujet.
2014-08-12T10:47:03 <Bybeez> Oui je comprend ton point de vue (et je suis assez d'accord) mais il y a le risque d’opérer des modifications en trop grande quantité (perte d'une forme d'humanité je trouve) et cela couterait cher (donc uniquement pour les classe sociales élevé (voir des amèliorations illégales et dangereuses (pour la société ou pour l'humain)
2014-08-12T10:47:24 <Letarumavza> Qu'est-ce que l'humanité ?
2014-08-12T10:47:33 <adriens33> vous avez une heure.
2014-08-12T10:47:47 <Letarumavza> Un êtat génétique fixe, ou une forme de vie.
2014-08-12T10:48:02 <Letarumavza> Même synthétique une forme de vie reste une forme de vie.
2014-08-12T10:48:27 <Bybeez> Sujet complexe et très difficile et long a écrire (oui c'est une échappatoire pourrie)
2014-08-12T10:48:46 <adriens33> une forme de vie un poil particulière, tout de même… on est tout de même la seule forme de vie qui adapte son environnement plutôt que l'inverse :p
2014-08-12T10:49:06 <Letarumavza> Si tu définis le fait d'être humain par le fait de disposer du libre arbitre, tu ne peux pas refuser à quelqu'un le droit de changer son enveloppe physique.
2014-08-12T10:49:44 <adriens33> qu'est ce qu'un être humain: son enveloppe physique, ou ce qu'il est "à l'intérieur", son vécu, ses expériences, ses doutes et ses peurs ?
2014-08-12T10:49:47 <Letarumavza> Et si tu définis le fait d'être humain par un code génétique, cela signifie que dans le cas d'une mutation de grande ampleur ponctuelle, tu refuserai d'admettre l'humanité de la personne.
2014-08-12T10:49:58 <Bybeez> Je veux bien mais le gars si il veut un bras mécanique avec un fusil mitailleur integré... (oui c'est un exemple pourri)
2014-08-12T10:50:26 <Letarumavza> C'est quoi la différence avec quelqu'un qui veut une fusil mitrailleur ?
2014-08-12T10:50:32 <Bybeez> voila biensur il serait humain, mais est ce que ce serait défendable
2014-08-12T10:51:13 <Letarumavza> Regardes, les tatouages et piercings sont aussi des modifications corporelles synthétiques. Tu les trouves indéfendables ?
2014-08-12T10:51:16 <adriens33> apres faut savoir être intelligent et faire les choses dans le bon sens aussi...
2014-08-12T10:51:23 <Bybeez> Aucune, a part qu'il pourrait le cacher, voir se le permettre car il aurait de 'argent (et c'est un exemple pourri je l'ai dit)
2014-08-12T10:51:30 <Letarumavza> Chaque technologie a sa part d'ombre.
2014-08-12T10:51:59 <Bybeez> Oui bien sur mais j'ai peur que ce soit une téchnologie trop puissante avec donc une part d'ombre en consèquence
2014-08-12T10:51:59 <Letarumavza> Et l'armement est certainement la meilleure source de technologie à l'heure actuelle.
2014-08-12T10:52:10 <Letarumavza> Euh...
2014-08-12T10:52:21 <Letarumavza> On dispose déjà de l'arme nucléaire.
2014-08-12T10:52:23 <Bybeez> imagine avec ça l'idée de faire des super-soldat serait a portée
2014-08-12T10:52:50 <Bybeez> oui mais personne ne va s'en servir, les bombes sont trop puissante, c'est uniquement une arme de disuasion
2014-08-12T10:53:13 <Letarumavza> Serait-ce très différent des soldats d'élite actuels avec leurs armures augmentées et leurs système défensifs de haut niveau ?
2014-08-12T10:53:16 <Bybeez> (bien sur je n'exclue pas la possibilité d'un dirigeant dérangé qui les utiliserait...)
2014-08-12T10:55:23 <Bybeez> Oui car un soldat, sans son armure reste un humain lambda alors que là il y a toujours le super soldat 24h/24 car son corps a été modifié en profondeur (possibilité de modification des secrétions d'hormones et autres etc)
2014-08-12T10:55:29 <Letarumavza> Sans compter que si la technologie en question permet de disposer de tels implants, elle permet aussi de réparer les dégats causés par les dits implants.
2014-08-12T10:56:25 <Letarumavza> Certes, mais du moment qu'il conserve son libre arbitre, même si son potentiel est plus élevé, il reste un simple soldat.
2014-08-12T10:56:33 <Bybeez> voir possibilité de modifier la manière de penser, l’empêche de se rebeller voir de penser, après bien sur ça reste une idée qui d'un point de vu médical est génial
2014-08-12T10:56:38 <Letarumavza> Qui plus est capable de par ses capacités d'éviter des perdes.
2014-08-12T10:56:59 <Letarumavza> Sauf que là on est pas dans du transhumanisme
2014-08-12T10:57:28 <Letarumavza> Si tu refuse l'humanité et le libre-arbitre de quelqu'un tu es juste dans la bio robotique
2014-08-12T10:57:33 <Bybeez> Oui, mais le transhumanisme a le risque de se faire depasser par des ambition trop grande
2014-08-12T10:57:43 <Letarumavza> La médecine aussi.
2014-08-12T10:58:15 <Letarumavza> Et depuis plusieurs milénaires ce sont les ambitions trop grandes qui ont permis, par le sacrifice de certains, de sauver bien des gens.
2014-08-12T10:58:34 <Bybeez> Et d'en tuer bien dd'autre
2014-08-12T10:59:02 <Letarumavza> On ne peut refuser une amélioration technologique sous le prétexte qu'elle présente des risques.
2014-08-12T10:59:31 <Bybeez> Après, il est possible que je vois les chose du même oeil que ceux qui voyait le mal dans les début de la médecine mais bon
2014-08-12T10:59:32 <Letarumavza> sinon => pas d'énergie nucléaire, pas de médecine de pointe, pas de transports, pas de nourriture préconditionée... etc
2014-08-12T11:00:08 <Letarumavza> Les anti-viraux utilisés pour certaines maladies découlent de recherches sur les armes biologiques.
2014-08-12T11:00:21 <Letarumavza> La source d'énergie la plus puissante de l'humanité vient d'une arme.
2014-08-12T11:00:40 <Bybeez> Oui mais pour moi le risque n'est pas dans la technologie mais dans son utilisation,le risque c'est le facteur humain
2014-08-12T11:01:03 <Letarumavza> Oui, mais ça, ça n'a rien à voir avec la technologie en elle-même ^^
2014-08-12T11:01:29 <Letarumavza> Forcément qu'il y aura des abus, des guerres et des pertes. C'est dans la nature des choses.
2014-08-12T11:02:14 <Bybeez> Bien sûr, mais le transhumanisme ouvre une porte vers une quantité incroyable de possibilités et j'ai peur que les mauvaises soient prise
2014-08-12T11:02:34 <Letarumavza> L'énergie électrique, l'aviation, et la poudre aussi.
2014-08-12T11:02:39 <Letarumavza> sans compter la métalurgie.
2014-08-12T11:02:50 <Letarumavza> La base de l'humanité c'est le feu
2014-08-12T11:03:05 <Letarumavza> Et il a bien plus d'appliquation destructrices qu'utiles.
2014-08-12T11:03:08 <Letarumavza> Et pourtant...
2014-08-12T11:03:35 <Bybeez> Evidement mais j'ai une sale tendance a ne pas faire confiance au facteur humain mais bon je suis comme ça ^^
2014-08-12T11:04:12 <Letarumavza> Il y a forcément des abus et des morts.
2014-08-12T11:04:29 <Letarumavza> C'est la nature de l'homme, de se tromper dans le sang afin de sceller les interdits.
2014-08-12T11:05:41 <Bybeez> Ouais après il y a aussi le problème de trop prolonger la vie (exemple de tout les vieux dans un état lamentable ou dans le coma qui vivent uniquement grâce au machine, j'appelle pas ça vivre moi ...)
2014-08-12T11:06:09 <Bybeez> Après ça reste mon point de vue et je sais que les avis diverge enormement
2014-08-12T11:06:27 <Letarumavza> Bah justement le transhumanisme se base sur le concept d'augmenter le confort de vie de manière différente de l'acharnement thérapeutique.
2014-08-12T11:06:51 <Letarumavza> Au lieu de freiner la dégénéréscence, l'idée est de remplacer la part défectueuse.
2014-08-12T11:07:01 <Letarumavza> donc pas de légume sous respirateur.
2014-08-12T11:07:36 <Letarumavza> Après c'est vrai qu'avec 75% de l'humanité disposant d'un QI de phytoplancton, c'est pas gagné...
2014-08-12T11:07:56 <adriens33> (ça, c'est fait…)
2014-08-12T11:07:58 <Bybeez> C'est clair
2014-08-12T11:08:17 <adriens33> troller 5 milliards et demi de personnes: fait.
2014-08-12T11:08:41 <Letarumavza> D'un autre coté, par le transhumanise arrive un autre concept.
2014-08-12T11:08:55 <Letarumavza> La transmition d'idées brutes d'une personne à l'autre.
2014-08-12T11:09:07 <adriens33> putain…
2014-08-12T11:09:17 <adriens33> ça ça serait génial…
2014-08-12T11:09:22 <Letarumavza> Crois tu que quand chaque humain est capable de comprendre l'autre, l'animosité perdure ?
2014-08-12T11:09:50 <Letarumavza> adriens33, c'est pas dur d'un autre coté, l'idée c'est de faire un pont neural sans fil entre deux terminaux.
2014-08-12T11:09:55 <Bybeez> Oui, elle serait capable d'augmenter, car les gens vont se boucher les oreille en chantant pour ne pas comprendre
2014-08-12T11:10:00 <adriens33> arrête tu me vends du rêve là…
2014-08-12T11:10:13 <adriens33> moi qui ait parfois (qui a dit souvent ?) du mal à trouver mes mots…
2014-08-12T11:11:04 <Bybeez> ça dépend vraiment du contrôle qu'on aurait sur le transfert
2014-08-12T11:11:08 <Letarumavza> Quand tu peux transmettre ton point de vue, avec la certitude que ton interlocuteur le comprend tel que tu le comprends et réciproquement, tu crois vraiment que les gens se tapent encore sur la gueule ?
2014-08-12T11:11:38 <Bybeez> Je crois que tu sous-estime la conneries des gens
2014-08-12T11:11:46 <adriens33> ben… le problème de ça
2014-08-12T11:11:51 <adriens33> c'est l'incompréhension
2014-08-12T11:11:59 <adriens33> parce qu'il manque le contexte.
2014-08-12T11:12:06 <adriens33> quand tu penses, t'as tout un contexte derrière.
2014-08-12T11:12:09 <Letarumavza> l'incompréhension vire, vu que tu transmet l'idée et son contexte.
2014-08-12T11:12:31 <Bybeez> L'incomprehension, ne vient pas d'un manque de connaissance mais de volonté de connaissance
2014-08-12T11:12:31 <adriens33> quand tu exprimes une pensée, tu traduits ce concept, mais il manque du contexte parfois, et/ou c'est compliqué de bien refléter la pensée.
2014-08-12T11:12:34 <Letarumavza> Tu ne montres plus la photo d'un endroit, tu amènes l'autre à cet endroit.
2014-08-12T11:12:40 <adriens33> la y'a pas besoin de traduire.
2014-08-12T11:12:59 <adriens33> c'est la prochaine évolution du langage…
2014-08-12T11:13:13 <adriens33> plus besoin de parler avec ça ^^
2014-08-12T11:13:22 <Letarumavza> Donc au final Bybeez en reprenant ton point de vue et en simplifiant on arrive à  > une communication équivalent ou supérieure à maintenant.
2014-08-12T11:13:30 <Bybeez> Je suis d'accord dans bien des cas ce serait super mais dans les débats et autres cela je pense ne marchera pas
2014-08-12T11:13:36 <Bybeez> diffèrente
2014-08-12T11:13:40 <adriens33> ben le pb d'un débat
2014-08-12T11:13:51 <adriens33> c'est que tu as pas tout le contexte mental des autres participants.
2014-08-12T11:13:57 <adriens33> donc fondamentalement tu ne peux pas comprendre.
2014-08-12T11:14:03 <Bybeez> supérieur dans une majorité des cas
2014-08-12T11:14:05 <adriens33> (on en revient toujours au même probleme ^^)
2014-08-12T11:14:22 <Bybeez> mais les gens ne veulent pas comprendre, il est là aussi le problème
2014-08-12T11:14:29 <adriens33> parce que c'est trop compliqué
2014-08-12T11:14:31 <adriens33> et difficile
2014-08-12T11:14:37 <adriens33> ça demande une traduction et une intégration
2014-08-12T11:14:39 <Letarumavza> Là y'a rien de fifficile
2014-08-12T11:14:47 <adriens33> parce qu'il n'y a pas de transmission directe possible.
2014-08-12T11:14:53 <Letarumavza> C'est l'équivalent d'un double clic sur un fichier au lieu de coder un prog.
2014-08-12T11:15:05 <Letarumavza> Voila, ça c'est la bonne métaphore
2014-08-12T11:15:41 <Letarumavza> Comm actuelle = transmition du code source intégral à l'oral, comme en question = transmition d'un exécutable
2014-08-12T11:15:56 <adriens33> c'est pire que ça en fait…
2014-08-12T11:16:16 <adriens33> ça serait comme d'arriver l'autre à "entrer" dans ton univers… pour voir ce que tu vois comme tu le vois…
2014-08-12T11:16:27 <adriens33> *arriver à faire entrer
2014-08-12T11:16:33 <adriens33> (je parle avec les pieds moi ce matin…)
2014-08-12T11:17:00 <Letarumavza> Je te dis pas le buffer overflow si je communique avec quelqu'un de lambda
2014-08-12T11:17:03 <adriens33> XD
2014-08-12T11:17:06 <adriens33> qui sait…
2014-08-12T11:17:08 <Letarumavza> Je lui grille le cerveau
2014-08-12T11:17:17 <Bybeez> Oui et pour des gens qui s'entente ou qui sont proches ce serait super, une nouvelle manière de travailler collectivement
2014-08-12T11:17:36 <Letarumavza> Bybeez, y'a une espèce animale qui utilise la communication absolue
2014-08-12T11:17:43 <Letarumavza> Les fourmis.
2014-08-12T11:18:11 <Letarumavza> Compares leur capacité cognitive à leurs créations, et apporte ça à l'échelle humaine.
2014-08-12T11:18:17 *** Lezarius s'est connecté
2014-08-12T11:18:21 <Bybeez> Salut
2014-08-12T11:20:06 <adriens33> Letarumavza: c'est pas ce que fait le Docteur justement, quand il file un coup de boule pour transmettre ses pensées et souvenirs ? XD
2014-08-12T11:20:19 <Bybeez> Oui bien sûr mais les problème serait que certaine personnes, par nature ne veulent pas communiquer et donc pour eux cela ne sert pas enormement ( là ou les fourmis sont similaires ou quasi similaires les hommes sont plus complexes et diffèrent)
2014-08-12T11:20:33 <adriens33> pourquoi y'a des gens qui ne veulent pas communiquer ?
2014-08-12T11:20:37 <adriens33> parce qu'on les comprends pas
2014-08-12T11:20:43 <adriens33> parcee qu'ils n'y arrivent pas
2014-08-12T11:20:49 <Letarumavza> là ou les fourmis sont similaires ou quasi similaires => connerie
2014-08-12T11:20:50 <adriens33> parce que ça fait mal sans doute…
2014-08-12T11:21:07 <Letarumavza> Tout individu refusant la communication s'exclue de lui-même chez les fourmis.
2014-08-12T11:21:08 <adriens33> parce que "personne ne comprend leur point de vue"
2014-08-12T11:21:42 <Bybeez> Je suis pas sur que sa solutionnerai tout, mais je suis quelqu'un d'assez pessimiste sur beaucoup de chose aussi ^^
2014-08-12T11:22:03 <Bybeez> Je suis quand même d'avis que ça aiderai enormement
2014-08-12T11:22:10 <adriens33> sans doute parce que ton contexte fait que tu as tendance à ne pas faire confiance aux choses au premier abord..
2014-08-12T11:22:17 <Letarumavza> L'idée n'est pas d'apporter une solution à tout, simplement d'améliorer le paradigme
2014-08-12T11:22:33 <adriens33> c'est une putain d'évolution là quand même…
2014-08-12T11:22:49 <Letarumavza> Pas plus qu'internet
2014-08-12T11:22:57 <adriens33> justement…
2014-08-12T11:23:00 <adriens33> couplé à Internet…
2014-08-12T11:23:04 <Letarumavza> Qui permet sans latence d'échanger avec n'importe qui n'importe où.
2014-08-12T11:23:23 <adriens33> ça fait des fourmis, avec les capacités cognitives de l'être humain…
2014-08-12T11:23:24 <Letarumavza> Et Bybeez les humains adorent communiquer entre eux
2014-08-12T11:23:29 <Bybeez> Oui, a long terme ça pourrait fortement modifier, la manière de penser et "uniformiser" en quelque sorte la manière de penser (au moins un peu)
2014-08-12T11:23:34 <Letarumavza> Twitter et facebook sont d'éxcellents exemples.
2014-08-12T11:23:36 <adriens33> (et quand on voit ce que les fourmis sont capables de faire… ça donne le vertige)
2014-08-12T11:23:58 <Letarumavza> Pas uniformiser la manière de penser, juste générer un standard d'échange.
2014-08-12T11:24:22 <Letarumavza> Tu penses comme tu veux, mais tout le monde peut le comprendre, ça serait ça le changement.
2014-08-12T11:24:33 <Bybeez> Je pense aussi que le pouvoir de l’intellect serait très augmenter et donc les normes changerait en consèquence
2014-08-12T11:24:47 <Letarumavza> Yep
2014-08-12T11:25:04 <Letarumavza> Bah mets à l'échelle les acomplissements des fourmis ou thermites...
2014-08-12T11:25:09 <Letarumavza> termites*
2014-08-12T11:25:15 <adriens33> (ce que je disais y'a deux minutes…)
2014-08-12T11:25:17 <Letarumavza> (thermite c'est un explosif)
2014-08-12T11:25:22 <adriens33> XD
2014-08-12T11:25:35 <Bybeez> ^^
2014-08-12T11:26:06 <Letarumavza> C'est à base d'oxyde d'aluminium, on l'emploie pour faire sauter des structures métaliques et/ou très résisantes.
2014-08-12T11:26:25 <adriens33> quand ça brule, ça chauffe à plus de 2000 degrés…
2014-08-12T11:26:34 <Letarumavza> C'est un explosif de cisaillement, et un excellent moyen de détruire un HDD
2014-08-12T11:27:08 <Letarumavza> Utilisé en quantité suffisante ça peut transformer la structure d'un batiment en rivière de lave.
2014-08-12T11:37:19 <ludvann> re
2014-08-12T11:37:21 <adriens33> re
2014-08-12T11:38:01 <Bybeez> re
2014-08-12T11:38:30 <ludvann> re et l'ep...
2014-08-12T11:39:14 <ludvann> j'ai vu la fin de l'ep 8 et l'ep 9
2014-08-12T11:39:33 <ludvann> (j'avais pas ver num)
2014-08-12T11:39:59 <ludvann> oh godness, mother of god
2014-08-12T11:40:21 <ludvann> holy f****** shit !
2014-08-12T11:40:59 <Letarumavza> ?
2014-08-12T11:41:10 <ludvann> Game of Thrones saison 4
2014-08-12T11:41:12 <Letarumavza> J'ai lu les bouquins, tu veux du spoil ?
2014-08-12T11:41:17 <ludvann> nope
2014-08-12T11:41:24 <Bybeez> Ah tu as pas vu quand jon snow meurt alors
2014-08-12T11:41:29 <adriens33> XD
2014-08-12T11:41:32 <ludvann> xD
2014-08-12T11:41:32 <adriens33> l'enfoiré !!
2014-08-12T11:41:33 <Letarumavza> ^^
2014-08-12T11:41:35 <Bybeez> XD
2014-08-12T11:41:43 <adriens33> t'es un sale troll en fait Bybeez XD
2014-08-12T11:41:53 <Bybeez> Ouaip
2014-08-12T11:42:23 <Bybeez> ^^
2014-08-12T11:43:41 <ludvann> anyway...
2014-08-12T11:45:05 <ludvann> adriens33 tu jous toujours à KSP ?
2014-08-12T11:45:17 <adriens33> ça fait un ptit moment que je l'ai pas ouvert…
2014-08-12T11:45:24 <adriens33> (pas trop envie en ce moment)
2014-08-12T11:45:35 <ludvann> ah :/
2014-08-12T11:45:48 <ludvann> moi j'attends le multi avec impatience
2014-08-12T11:45:53 <ludvann> et toi Letarumavza ?
2014-08-12T11:46:02 <Letarumavza> Je me touche la bite là
2014-08-12T11:46:07 <ludvann> ah ok
2014-08-12T11:46:07 <adriens33> XD
2014-08-12T11:46:09 <adriens33> ça
2014-08-12T11:46:11 <adriens33> c'est fait…
2014-08-12T11:46:18 <ludvann> et sinon tu y joues toujours ?
2014-08-12T11:46:23 <Letarumavza> Véridique en plus j'étais entrain de me gratter une couille
2014-08-12T11:46:26 <Letarumavza> Yep
2014-08-12T11:46:33 <adriens33> ouais leta  on s'en fout ça hein…
2014-08-12T11:46:54 <Letarumavza> Le putain de problème du connard de poil qui pousse de travers...
2014-08-12T11:47:18 <ludvann> que tu te touches la couille où que tu fasses un streap tease sur skype c'est la même chose pour moi --> je m'en fous
2014-08-12T11:47:35 <ludvann> ah le poil...
2014-08-12T11:47:52 <Letarumavza> Le fameux putain de poil qui pousse et se replante dans la peau
2014-08-12T11:47:56 <Letarumavza> tu le connais ce poil ?
2014-08-12T11:48:06 <ludvann> euh non, je suis "normal"
2014-08-12T11:48:21 <adriens33> non, lui il en a pas encore de poils XD
2014-08-12T11:48:31 <ludvann> hey !
2014-08-12T11:48:35 <Letarumavza> T'as jamais eu un poil (où que ce soit) qui se soit foutu à pousser sous la peau ?
2014-08-12T11:48:46 <ludvann> ma b*** sur ton front ça te fait une licorne ?
2014-08-12T11:48:51 <ludvann> nope
2014-08-12T11:49:03 <Letarumavza> Attends que ça t'arrives ^^
2014-08-12T11:49:14 <ludvann> :|
2014-08-12T11:49:18 <Letarumavza> (d'un autre coté, si tu te rases pas, ça a peu de chances.)
2014-08-12T11:49:25 <Letarumavza> C'est douloureux et chiant.
2014-08-12T11:49:48 <Letarumavza> La dernière fois c'était sur le bas de la machoire que ça m'a fait le coups...
2014-08-12T11:49:50 <ludvann> je te crois ^^
2014-08-12T11:50:39 <ludvann> suis-je le seul à voire le pseudo de leza en gris au lieu de noir (oui j'ai que ça à dire) ?
2014-08-12T11:50:44 <Berry-Punch> Voilà ce qu'il s'est passé ces 10 dernières lignes, *hic* arthur33
2014-08-12T11:50:45 *** arthur33 s'est connecté
2014-08-12T11:51:26 <arthur33> non, lui il en a pas encore de poils XD
2014-08-12T11:51:29 <arthur33> GN122222
2014-08-12T11:51:39 *** adriens33 est parti
2014-08-12T11:51:55 <Berry-Punch> Flags de adriens33 *hic* modifiés : +v
2014-08-12T11:51:55 <adriens33> !voice adriens33
2014-08-12T11:53:10 <Berry-Punch> Voilà ce qu'il s'est passé ces 10 *hic* dernières lignes, arthur33
2014-08-12T11:53:11 *** arthur33 s'est connecté
2014-08-12T11:53:19 <Berry-Punch> Flags de adriens33 modifiés *hic* : +v
2014-08-12T11:53:19 <adriens33> !voice adriens33
2014-08-12T11:53:20 <adriens33> …
2014-08-12T11:53:46 <adriens33> !kick Guest32302
2014-08-12T11:54:14 <ludvann> Zecora_bot comment va ?
2014-08-12T11:54:20 <ludvann> zecora ?
2014-08-12T11:54:20 <Zecora_bot> On m'appelle ?
2014-08-12T11:54:23 <ludvann> oui
2014-08-12T11:54:29 <ludvann> pupuce ?
2014-08-12T11:54:34 <ludvann> zut !
2014-08-12T11:54:41 <ludvann> saperlipopette !
2014-08-12T11:54:51 <adriens33> sa mère la patate !
2014-08-12T11:54:56 <ludvann> oui ?
2014-08-12T11:56:31 <ludvann> Letarumavza ça veut dire quoi ton profil steam ; Souhaite jouer ?
2014-08-12T11:58:32 <ludvann> j'ai un ping de malade ou personne ne me répond (je sens les trolls du message qui arrive dans deux minutes...)
2014-08-12T11:58:36 <ludvann> ?
2014-08-12T11:58:59 <adriens33> non non, c'est juste que personne répond :p
2014-08-12T11:59:48 <ludvann> ah ok...
2014-08-12T12:00:01 <ludvann> je préférais le premier...
2014-08-12T12:00:38 <adriens33> XD
2014-08-12T12:00:57 *** ludvann s'est connecté
2014-08-12T12:01:02 <ludvann> Grrrr
2014-08-12T12:01:05 <adriens33> XD
2014-08-12T12:01:35 <Letarumavza> ^^
2014-08-12T12:01:38 *** ludvann s'est connecté
2014-08-12T12:01:52 <ludvann> zetes....
2014-08-12T12:01:56 <ludvann> gentils :D
2014-08-12T12:02:02 <ludvann> (ou pas)
2014-08-12T12:02:03 <ludvann> adriens33 si tu joues à KSP, ne mais pas les propriètés du soleil sur Kerbin sans baisser la température...
2014-08-12T12:02:29 <ludvann> ou rajouter 2 zéro à la gravité de Kerbin...
2014-08-12T12:03:11 <adriens33> XD
2014-08-12T12:03:17 <adriens33> t'es dingue toi
2014-08-12T12:03:28 <ludvann> (quand tu fais launch ton vaisseau, il est un peu en hauteur pour éviter les glitchs...
2014-08-12T12:04:04 <ludvann> avec les deux zéros en plus, avec cette hauteur il prend environ 160m/s...)
2014-08-12T12:04:12 <ludvann> il gagne*
2014-08-12T12:04:30 <Bybeez> Bon, je vais nom nom alors a+
2014-08-12T12:04:43 <ludvann> autant dire que bat... c'est une mauvaise idée xD
2014-08-12T12:04:46 <ludvann> bon app
2014-08-12T12:15:15 *** Letarumavza est parti
2014-08-12T12:15:31 *** Zecora_bot est parti
2014-08-12T12:21:39 *** Zecora_bot s'est connecté
2014-08-12T12:26:00 *** Letarumavza s'est connecté
2014-08-12T12:45:58 *** TrappyTickles s'est connecté
2014-08-12T12:46:10 <adriens33> Salut Trappy :)
2014-08-12T12:46:24 <adriens33> MOuhahahahaha j'aime le café… :D
2014-08-12T12:46:28 <TrappyTickles> oi je reste pas long je repars en stage dans 1h
2014-08-12T12:46:35 <adriens33> Toujours plus de pu-pu-pu-puissance !
2014-08-12T12:46:41 <adriens33> Ha Ha !
2014-08-12T12:47:42 <Bybeez> Unlimited po-waaaaaa
2014-08-12T12:48:25 <adriens33> trop
2014-08-12T13:28:33 <adriens33> bon
2014-08-12T13:28:36 <adriens33> ça cause pas assez ici
2014-08-12T13:28:40 <adriens33> personne pour lancer un troll  ?
2014-08-12T13:29:24 <TrappyTickles> euh
2014-08-12T13:29:31 <TrappyTickles> la géologie n'est pas une vraie science?
2014-08-12T13:29:46 <TrappyTickles> Discord n'est pas un vrai méchant?
2014-08-12T13:29:47 <adriens33> la stupidologie c'est mieux
2014-08-12T13:29:50 <TrappyTickles> Luna craint?
2014-08-12T13:29:58 <adriens33> parce que l'étude des cons est un puits sans fin
2014-08-12T13:30:06 <adriens33> o/
2014-08-12T13:30:11 <TrappyTickles> je sais pas, je cherche un troll a lancer :p
2014-08-12T13:30:46 <TrappyTickles> ah je sais: diamond tiara is bet pony
2014-08-12T13:30:49 <TrappyTickles> best*
2014-08-12T13:31:48 <adriens33> tu n'as pas le Pouvoir du Troll !
2014-08-12T13:32:06 <adriens33> La Force en toi n'est pas, jeune padawan.
2014-08-12T13:32:09 <Bybeez> Bah, on a Digimon c'est mieux que pokemon
2014-08-12T13:32:21 <TrappyTickles> ah pas mal
2014-08-12T13:32:38 <adriens33> Non c'est faux
2014-08-12T13:32:43 <adriens33> Ponymon c'est mieux
2014-08-12T13:32:49 <TrappyTickles> mlp c'est un truc de pédo
2014-08-12T13:32:50 <adriens33> Ponymon !! Gotta hug them all !!
2014-08-12T13:32:53 <Bybeez> Squeezy est plus talentueux que Joueur du Grenier
2014-08-12T13:32:53 <TrappyTickles> qui a mieux? :p
2014-08-12T13:33:12 <Bybeez> Windows>Linux
2014-08-12T13:33:20 <Bybeez> Là difficile a battre
2014-08-12T13:33:22 <TrappyTickles> classique :p
2014-08-12T13:33:23 <adriens33> Apple>Linux
2014-08-12T13:33:46 <Bybeez> Windows millenium> Linux
2014-08-12T13:33:49 <adriens33> XD
2014-08-12T13:33:58 <Bybeez> Windows Vista > Linux
2014-08-12T13:34:17 <adriens33> Manif pour introduire Windows Millenium dans toutes les centrales nucléaires !
2014-08-12T13:34:27 <Bybeez> XD
2014-08-12T13:34:33 <adriens33> Parce que vous aussi vous voulez avoir trois yeux apres une explosion atomique !
2014-08-12T13:34:41 <adriens33> (et cinq couilles=
2014-08-12T13:37:11 <Bybeez> On devrait apprendre le language SMS en cours
2014-08-12T13:37:54 <Bybeez> Chats ou Chiens !
2014-08-12T13:38:08 <TrappyTickles> ATI > nVidia
2014-08-12T13:38:25 <adriens33> AMD > Intel
2014-08-12T13:38:32 <TrappyTickles> facile :p
2014-08-12T13:38:36 <Bybeez> Console>PC
2014-08-12T13:38:41 <Bybeez> classique
2014-08-12T13:38:50 <adriens33> Emacs vs Vim
2014-08-12T13:38:52 <adriens33> >:)
2014-08-12T13:39:00 <adriens33> (merde, y'a pas wildfier…)
2014-08-12T13:39:05 <TrappyTickles> là c'est 4e année de geekisme :p
2014-08-12T13:39:32 <adriens33> Question: qu'est-ce qui motive ?
2014-08-12T13:41:55 <adriens33> une loco
2014-08-12T13:41:59 <adriens33> car la loco motive.
2014-08-12T13:42:26 <Bybeez> Eragon le film>Eragon le livre
2014-08-12T13:42:43 <adriens33> le Seigneur des anneaux çaynul
2014-08-12T13:43:16 <TrappyTickles> jvous laisse, c'est l'heure du taf. a ce soir
2014-08-12T13:43:26 *** TrappyTickles est parti
2014-08-12T13:43:29 <Bybeez> a ce soir
2014-08-12T13:43:33 <adriens33> limace :p
2014-08-12T13:43:33 <Bybeez> crotte
2014-08-12T13:43:41 <adriens33> crotte de limace ?
2014-08-12T13:43:47 <Bybeez> NON !
2014-08-12T13:43:52 <adriens33> SI
2014-08-12T13:44:15 <Bybeez> Spock best Enterprise captain
2014-08-12T13:44:47 <adriens33> Évitez de parler Kurkpitaineca, vous allez abîmer vos belles bottes toutes neuves…
2014-08-12T13:45:50 <Bybeez> Star Wars 4,5,6 < Star wars 1,2,3
2014-08-12T13:45:57 <adriens33> "As-tu peur du noir" ?
2014-08-12T13:46:07 <Bybeez> Marvel>DC
2014-08-12T13:46:07 <adriens33> → Non !!! Qu'est-ce que c'est raciste comme question…
2014-08-12T13:46:16 <Bybeez> XD
2014-08-12T13:46:32 <adriens33> Quel est l'animal le plus dangereux ?
2014-08-12T13:46:33 <adriens33> le tord
2014-08-12T13:46:35 <adriens33> car le tord tue
2014-08-12T13:49:16 <Bybeez> Mario ou sonic ?
2014-08-12T13:49:26 <adriens33> It's me! Sonic !
2014-08-12T13:49:31 <Bybeez> Bulbizarre, salamèche ou carapuce ?
2014-08-12T13:49:41 <adriens33> Bulbimèchpuce
2014-08-12T13:49:52 <Bybeez> exactement !
2014-08-12T13:49:55 <adriens33> non
2014-08-12T13:49:57 <adriens33> ex grattement
2014-08-12T13:50:50 <adriens33> "et toi ? -16ans ! -mais t'es mineure ! -non, j'suis ninja"
2014-08-12T13:51:02 <Bybeez> C'est genre l'endroit ou tu avais un bouton de moustique et maintenant tu l'as plus donc tu te gratte plus, c'est un ex grattement ?
2014-08-12T13:51:08 <adriens33> XD
2014-08-12T13:51:14 <adriens33> je sais pas, demande à Letarumavza
2014-08-12T13:51:18 <adriens33> j'lui ai piquée celle ci
2014-08-12T13:51:32 <Bybeez> XD
2014-08-12T13:51:39 <adriens33> Kapoue !!
2014-08-12T13:51:44 <adriens33> A'pti pipi papa
2014-08-12T13:52:23 <Bybeez> Les deux minutes, deux minutes, deux minute dadouda
2014-08-12T13:52:39 <adriens33> Deux minutes, deux minutes bawim badou dawim didou
2014-08-12T13:52:45 <adriens33> paf
2014-08-12T13:53:00 <adriens33> *dawim dou paf
2014-08-12T13:53:19 * adriens33 cherche son cerveau
2014-08-12T13:53:29 <adriens33> un cerveau sauvage apparaît !
2014-08-12T13:53:36 <adriens33> café !! attaque débilité !!
2014-08-12T13:53:48 <Bybeez> Coup critique !
2014-08-12T13:53:55 <Bybeez> super efficaces
2014-08-12T13:53:56 <adriens33> c'est super efficace !
2014-08-12T13:54:04 <adriens33> * Cerveau est maintenant KO !
2014-08-12T13:54:20 <Bybeez> Café gagne un niveau
2014-08-12T13:54:31 <adriens33> Oh!
2014-08-12T13:54:33 <adriens33> mais !
2014-08-12T13:54:36 <adriens33> café évolue !
2014-08-12T13:54:48 <adriens33> * café a maintenant évolué en café sucré
2014-08-12T13:55:10 <Bybeez> Son profil est ajouté au pokedex
2014-08-12T13:55:13 <adriens33> ^_^
2014-08-12T14:02:56 *** Lezarius est parti
2014-08-12T14:04:21 <adriens33> Patate kilométrique
2014-08-12T14:04:28 <adriens33> Carotte nucléaire !
2014-08-12T14:04:41 <adriens33> Jambon de chapeau
2014-08-12T14:05:04 <adriens33> Cerveau tri atomique à la confiture de télé
2014-08-12T14:05:15 <ludvann> sudo > pacman
2014-08-12T14:05:18 <adriens33> meurs
2014-08-12T14:05:21 <ludvann> xD
2014-08-12T14:05:25 <adriens33> et sudo c'est pas la même chose…
2014-08-12T14:05:32 <adriens33> tu voulais dire apt non ?
2014-08-12T14:05:38 <ludvann> ^^
2014-08-12T14:05:42 <adriens33> mais ça ça pue,  car cette commante apt
2014-08-12T14:05:48 <adriens33> et quand tu apt ça pue…
2014-08-12T14:05:49 <ludvann> ...
2014-08-12T14:05:51 <adriens33> XD
2014-08-12T14:05:58 <ludvann> taykon xD
2014-08-12T14:06:01 <adriens33> non
2014-08-12T14:06:05 <adriens33> j'suis cafféiné
2014-08-12T14:06:11 <ludvann> ah...
2014-08-12T14:06:34 <adriens33> et le café la seule chose que ça fait c'est que tu ressens moins la fatigue et ça donne la pêche.
2014-08-12T14:06:50 <adriens33> ce qui signifie que là quand je joue à pinkie pie en posant 42 questions stupides à la seconde…
2014-08-12T14:06:58 <adriens33> ben ça c'est moi en normal o/
2014-08-12T14:07:14 <ludvann> ok
2014-08-12T14:07:15 <adriens33> (tremblez, pauvres mortels !!)
2014-08-12T14:07:18 <adriens33> mouhahahahaha.
2014-08-12T14:07:21 <adriens33> je suis…
2014-08-12T14:07:23 <adriens33> puissant.
2014-08-12T14:07:23 <ludvann> Unity > all
2014-08-12T14:07:27 <adriens33> (ta femme me l'dit souvent)
2014-08-12T14:07:35 <ludvann> nope
2014-08-12T14:07:44 <adriens33> oui, l'inconvénient de cette vanne
2014-08-12T14:07:51 <adriens33> c'est que ça marche pas sur les gens qui sont en solo
2014-08-12T14:07:57 <ludvann> ^^
2014-08-12T14:08:03 <ludvann> qui dit que je suis en solo ?
2014-08-12T14:08:11 <adriens33> ta main droite ?
2014-08-12T14:08:12 <adriens33> XD
2014-08-12T14:08:18 <ludvann> zut...
2014-08-12T14:08:19 <adriens33> (patapé)
2014-08-12T14:08:31 <ludvann> patapon !
2014-08-12T14:08:34 <adriens33> …
2014-08-12T14:08:37 <adriens33> va mourrir !
2014-08-12T14:08:53 <ludvann> why ,
2014-08-12T14:08:58 <ludvann> ?*
2014-08-12T14:08:58 <adriens33> because.
2014-08-12T14:09:02 <ludvann> okay
2014-08-12T14:09:09 <adriens33> don't  thank me ;)
2014-08-12T14:09:23 <ludvann> because, hak ?
2014-08-12T14:09:57 <adriens33> Oh ! There's something on your face !
2014-08-12T14:10:02 * adriens33 kicks you
2014-08-12T14:10:05 <adriens33> It was pain !!
2014-08-12T14:10:12 * ludvann is leaving in running !
2014-08-12T14:10:20 <adriens33> Argh
2014-08-12T14:10:21 <adriens33> the pain
2014-08-12T14:10:26 <adriens33> it's unbereable
2014-08-12T14:10:36 <ludvann> Nope
2014-08-12T14:10:47 <ludvann> i'm runnig away from you
2014-08-12T14:10:55 <ludvann> biatchez
2014-08-12T14:10:55 <adriens33> Ma'am… I'm afraid I caught your son doing… Homework.
2014-08-12T14:11:03 <adriens33> -What did I got wrong ?!
2014-08-12T14:11:19 <adriens33> Now son, don't touch that cactus.
2014-08-12T14:11:25 <adriens33> * shlworp *
2014-08-12T14:11:30 <adriens33> You're dead to me !!
2014-08-12T14:11:30 <ludvann> ...
2014-08-12T14:11:55 <adriens33> Nice hat !
2014-08-12T14:11:58 <adriens33> -Thanks !
2014-08-12T14:12:03 <adriens33> -I was being sarcastic.
2014-08-12T14:12:08 <ludvann> xD
2014-08-12T14:12:08 <adriens33> -Well I stole your face !
2014-08-12T14:12:11 <adriens33> - Facepalm
2014-08-12T14:12:29 <adriens33> What are you doing ???
2014-08-12T14:12:36 <adriens33> -I am punching your salad !!
2014-08-12T14:12:53 <ludvann> asdf movie ?
2014-08-12T14:12:56 <adriens33> yup
2014-08-12T14:12:58 <adriens33> trop bon :p
2014-08-12T14:12:59 <ludvann> movies*
2014-08-12T14:13:01 <ludvann> ^^
2014-08-12T14:13:03 <adriens33> ass duff movies
2014-08-12T14:13:16 <adriens33> Tomska out !
2014-08-12T14:13:27 <ludvann> bon je regarde som videos on youtube et je re :D
2014-08-12T14:13:30 <adriens33> ^_^
2014-08-12T14:14:36 <ludvann> tu sais s'il y a une extension pour shazam pour les tags mais sur youtube ?
2014-08-12T14:14:44 <adriens33> Emmm… nope.
2014-08-12T14:14:55 <ludvann> dommage
2014-08-12T14:15:08 <ludvann> ça aurait été très Patrick...
2014-08-12T14:17:20 <ludvann> j'ai découvert le clic droit sur hoofsounds >_<'
2014-08-12T14:17:30 <adriens33> oh mon dieu !
2014-08-12T14:17:33 <ludvann> plus facile pour avoir les musique
2014-08-12T14:17:37 <ludvann> ^^
2014-08-12T14:17:38 <adriens33> you'll kill us all !
2014-08-12T14:18:04 <ludvann> 40 minutes de vidéo (FTP)
2014-08-12T14:18:14 <adriens33> :)
2014-08-12T14:18:27 <adriens33> c'toi le Froc Tout Péé
2014-08-12T14:18:29 <adriens33> *Pété
2014-08-12T14:18:41 <ludvann> ...
2014-08-12T14:18:50 <ludvann> #FEEDTHEPATRIC
2014-08-12T14:18:54 <adriens33> c'toi le trois p'tit poiints
2014-08-12T14:18:56 <ludvann> #FEEDTHEPATRICK *
2014-08-12T14:19:29 * adriens33 punches you in the face *
2014-08-12T14:19:39 <ludvann> aïe !
2014-08-12T14:19:44 <adriens33> that was totally free.
2014-08-12T14:20:11 <ludvann> yep
2014-08-12T14:20:15 * ludvann boude
2014-08-12T14:20:15 * Berry-Punch Donne un verre de bière à ludvann
2014-08-12T14:20:15 <Berry-Punch> Tiens *hic* ludvann, pour te consoler :)
2014-08-12T14:20:28 <adriens33> moi aussi z'en veux !!
2014-08-12T14:20:41 * ludvann is faping
2014-08-12T14:20:43 <adriens33> …
2014-08-12T14:20:44 <adriens33> don't
2014-08-12T14:20:45 * ludvann is AFK *
2014-08-12T14:20:46 <adriens33> do
2014-08-12T14:20:47 <adriens33> that
2014-08-12T14:20:48 <adriens33> here
2014-08-12T14:20:58 <ludvann> nothing to do here !
2014-08-12T14:21:00 *** MaCharon s'est connecté
2014-08-12T14:21:03 <adriens33> Salut macharon
2014-08-12T14:21:06 <MaCharon> slt
2014-08-12T14:21:09 <ludvann> hellow
2014-08-12T14:21:25 <adriens33> slt=Salut Les Tarlouzes ?
2014-08-12T14:21:47 <MaCharon> ... -_-"
2014-08-12T14:21:50 <adriens33> XD
2014-08-12T14:22:43 *** ludvann est parti
2014-08-12T14:23:56 *** ludvann s'est connecté
2014-08-12T14:38:20 *** adriens33 est parti
2014-08-12T14:46:22 <heuzef> SLuT
2014-08-12T14:51:10 <MaCharon> slt
2014-08-12T14:51:51 <ludvann> salut
2014-08-12T14:53:05 <heuzef> ludvann: !
2014-08-12T14:53:25 <heuzef> Dis moi
2014-08-12T14:53:25 <ludvann> ?
2014-08-12T14:53:26 <ludvann> moi
2014-08-12T14:53:30 <heuzef> Je vais devoir te confier une mission de la plus haute importance
2014-08-12T14:53:44 <heuzef> Le sort du monde est entre tes mains
2014-08-12T14:53:52 <heuzef> L'echec n'est pas permis
2014-08-12T14:54:51 <heuzef> Il te aut trouver un responsable JDR pour le 17
2014-08-12T14:55:06 <heuzef> Dans la mesure ou notre rôliste, RunRun est à un mariage ce jour la
2014-08-12T14:55:08 <heuzef> c'est la merde
2014-08-12T14:56:23 <ludvann> je crains ne pas pouvoir accepter cette mission... :/
2014-08-12T14:56:59 <heuzef> ?
2014-08-12T14:57:52 <ludvann> je n'est casiment aucune expérience en jdr, encore moins en roliste...
2014-08-12T14:58:30 <ludvann> et ce n'est pas ce qui me botte le plus :(
2014-08-12T14:58:34 <heuzef> Et donc ?
2014-08-12T14:59:21 <ludvann> je ne pense pas accepter...
2014-08-12T14:59:48 <heuzef> Tu n'y ai pas la, je t'es pas demander de faire le MJ
2014-08-12T14:59:55 <heuzef> Mais d'en trouver un
2014-08-12T15:00:07 <ludvann> ah xD
2014-08-12T15:00:11 <ludvann> euh...
2014-08-12T15:00:19 <ludvann> wildfier veut pas ?
2014-08-12T15:00:44 <heuzef> La seul personne à qui j'ai demandé c'est à RunRun
2014-08-12T15:00:47 <heuzef> Il est de mariage
2014-08-12T15:01:01 <ludvann> et wildfier ?
2014-08-12T15:01:14 <heuzef> Ba j'en sais rien
2014-08-12T15:01:48 <larbin> ok je vais voir au près des autres...
2014-08-12T15:02:40 <heuzef> Je compte sur toi ;)
2014-08-12T15:02:49 <ludvann> ok ^^
2014-08-12T15:02:56 <Bybeez> Tu peux demander a Makhai, il pourrait peut être accepter
2014-08-12T15:03:04 <ludvann> kicé ?
2014-08-12T15:03:40 <Bybeez> Un mec qui étais la a la dernière sortie Heuzef devrait savoir qui c'est
2014-08-12T15:04:36 <heuzef> J'espère bien que cette mission va te permettre de gagner de nouveau amis ;) Si tu as besoin des cordonnées de quelqu'un, demande moi directement
2014-08-12T15:05:09 <ludvann> je veux pas d'amis moi !
2014-08-12T15:05:15 <ludvann> je veux rester seul
2014-08-12T15:05:20 <ludvann> [troll]
2014-08-12T15:08:28 <Bybeez> Bon aller, je dois sortir de ma chambre et faire des chose (j'ai peur T.T )
2014-08-12T15:08:33 *** Bybeez est parti
2014-08-12T15:11:29 <Berry-Punch> Voilà ce qu'il s'est passé ces 10 dernières *hic* lignes, adriens33
2014-08-12T15:11:31 *** adriens33 s'est connecté
2014-08-12T15:13:35 <adriens33> re !
2014-08-12T15:13:44 <adriens33> bandes de gens !
2014-08-12T15:19:31 <ludvann> salut
2014-08-12T15:25:48 *** adriens33 est parti
2014-08-12T15:27:16 <Berry-Punch> Voilà ce qu'il s'est passé ces *hic* 10 dernières lignes, adriens33
2014-08-12T15:27:17 *** adriens33 s'est connecté
2014-08-12T15:27:19 *** Bybeez s'est connecté
2014-08-12T15:27:41 <Bybeez> poof me revoila
2014-08-12T15:28:04 <adriens33> aah
2014-08-12T15:28:06 <ludvann> re
2014-08-12T15:28:09 <adriens33> zépeur
2014-08-12T15:42:02 <heuzef> Letarumavza ?
2014-08-12T15:43:08 <adriens33> doit dormir je pense…
2014-08-12T15:44:04 *** ValCab33 s'est connecté
2014-08-12T15:44:13 <ludvann> salut
2014-08-12T15:44:14 <heuzef> adriens33 t'es chez lui ?
2014-08-12T15:44:16 <ValCab33> Hello
2014-08-12T15:44:18 <adriens33> non…
2014-08-12T15:44:20 <adriens33> jsuis chez moi…
2014-08-12T15:44:24 <adriens33> pourquoi ?
2014-08-12T15:44:40 <heuzef> J'aurais aimais quelques photo de son jardin
2014-08-12T15:44:48 <heuzef> Pour voir comment c'est à présent
2014-08-12T15:44:48 <adriens33> (ça me parait juste évident, vu qu'il était là y'a quelques heures et qu'il répond plus… c'est qu'il est parti dodo ^^)
2014-08-12T15:45:01 <adriens33> ben t'as qu'à y aller…
2014-08-12T15:45:02 <adriens33> XD
2014-08-12T15:45:12 <adriens33> au pire barbeuc jeudi ?
2014-08-12T15:45:16 <adriens33> tu verra bien comment que c'est
2014-08-12T15:45:33 <heuzef> Je pense pas pouvoir y aller avant dimanche
2014-08-12T15:46:12 *** Gordfang s'est connecté
2014-08-12T15:46:13 <heuzef> ludvann propose des activité sympa mais je doute si le jardin est compatible mainenant
2014-08-12T15:46:17 <Gordfang> lut tous le monde
2014-08-12T15:46:24 <adriens33> salut Gordfang :)
2014-08-12T15:46:26 <adriens33> comment ça  roule ?
2014-08-12T15:46:27 <heuzef> Yop Gordfang =)
2014-08-12T15:46:36 <Gordfang> bien trankilou
2014-08-12T15:46:40 <adriens33> ^_^
2014-08-12T15:46:44 <ludvann> hello
2014-08-12T15:46:48 <ValCab33> Hai
2014-08-12T15:46:59 <Bybeez> yo
2014-08-12T16:35:54 *** ValCab33 est parti
2014-08-12T16:40:04 *** heuzef est parti
2014-08-12T16:40:13 *** heuzef s'est connecté
2014-08-12T16:40:26 <adriens33> eh ben flo, tu flood ? ^^
2014-08-12T16:40:58 <heuzef> Un C/C trop gros pour Gordfang
2014-08-12T16:41:01 <heuzef> :/
2014-08-12T16:41:15 <Gordfang> :D j'ai vu
2014-08-12T16:41:27 <heuzef> Gordfang: envoyer par mail du coup
2014-08-12T16:44:22 <Gordfang> vu
2014-08-12T16:45:59 <adriens33> XD
2014-08-12T16:46:01 <adriens33> ouais
2014-08-12T16:46:04 <adriens33> faut fiare gaffe…
2014-08-12T16:46:30 <adriens33> l'avantage de hexchat par exemple, c'est qu'il découpe le texte si tu met une ligne trop longue → ça évite de se faire kick pour flood :p
2014-08-12T16:47:14 <heuzef> pas con
2014-08-12T16:52:11 <adriens33> mais hexchat c'est pété
2014-08-12T16:52:19 <adriens33> tu peux faire des plugins en python
2014-08-12T16:52:28 <adriens33> (rien que pour ça il vaut le coup XD)
2014-08-12T16:52:41 <adriens33> (python ftw)
2014-08-12T17:05:44 <heuzef> Tiens navet pas vu ça
2014-08-12T17:05:45 <heuzef> https://www.youtube.com/watch?v=WP5CDAAGL3s
2014-08-12T17:20:59 *** ValCab33 s'est connecté
2014-08-12T17:39:58 <Bybeez> Je vous laisse, je reviens dans 2h a peu près
2014-08-12T17:40:00 *** Bybeez est parti
2014-08-12T18:29:21 *** heuzef est parti
2014-08-12T18:49:37 *** TrappyTickles s'est connecté
2014-08-12T18:51:39 <ludvann> hell low
2014-08-12T18:51:54 <TrappyTickles> oi
2014-08-12T18:52:09 <TrappyTickles> j'ai eu un epic win à mon stage
2014-08-12T18:52:29 <ludvann> c'est à dire ?
2014-08-12T18:52:32 <TrappyTickles> j'ai retrouvé un ancien collègue de mon stage précédent, et j'ai découvert qu'il a pokémon xy
2014-08-12T18:52:34 <TrappyTickles> fuck yeah
2014-08-12T18:52:40 <ludvann> ah ^^
2014-08-12T18:57:01 <Berry-Punch> Voilà *hic* ce qu'il s'est passé ces 10 dernières lignes, arthur33
2014-08-12T18:57:03 *** arthur33 s'est connecté
2014-08-12T18:57:26 *** adriens33 est parti
2014-08-12T18:57:50 <Berry-Punch> Flags de adriens33 modifiés : *hic* +v
2014-08-12T18:57:50 <adriens33> !voice adriens33
2014-08-12T18:57:55 <adriens33> Saleté
2014-08-12T18:57:57 <adriens33> de connexion
2014-08-12T18:57:58 <adriens33> ><
2014-08-12T19:02:23 <ludvann> ^^
2014-08-12T19:03:25 <adriens33> c'est pas super drôle ludvann…
2014-08-12T19:03:58 <ludvann> je sais ce que c'est qu'avoir une co en mousse ^^
2014-08-12T19:04:10 <adriens33> ben moi d'hab ça va…
2014-08-12T19:04:17 <adriens33> mais depuis hier ça bug ><
2014-08-12T19:04:21 <ludvann> ah :/
2014-08-12T19:06:23 * ludvann is AFK
2014-08-12T19:26:57 *** adriens33 est parti
2014-08-12T19:37:02 *** Bybeez s'est connecté
2014-08-12T19:37:19 <Bybeez> Salut les gens ! Je suis content !
2014-08-12T19:39:37 <Letarumavza> re
2014-08-12T20:26:31 <Bybeez> Je vais miam a toute
2014-08-12T20:26:31 <Berry-Punch> Bon *hic* appétit, Bybeez :D
2014-08-12T20:32:23 <Berry-Punch> Voilà ce qu'il s'est *hic* passé ces 10 dernières lignes, adriens33
2014-08-12T20:32:24 *** adriens33 s'est connecté
2014-08-12T21:03:01 <Letarumavza> gouzi gouzi
2014-08-12T21:03:04 <Letarumavza> gah
2014-08-12T21:03:09 <Letarumavza> Pouet
2014-08-12T21:03:25 <adriens33> mesdammes et messieurs, Letarumavza est officiellement gaga.
2014-08-12T21:03:26 <adriens33> o/
2014-08-12T21:03:31 <adriens33> *mesdames
2014-08-12T21:03:38 <adriens33> (saletés de doigts dissidents)
2014-08-12T21:05:46 <Bybeez> Et là sa explose !
2014-08-12T21:06:00 <adriens33> Michael Bay tu es démasqué :!
2014-08-12T21:06:02 <adriens33> * !
2014-08-12T21:06:30 <Letarumavza> Stop les mecs, michael bay est un excellent réal
2014-08-12T21:06:36 <adriens33> ^^
2014-08-12T21:06:38 <adriens33> *^_^
2014-08-12T21:07:22 <Letarumavza> C'est le seul mec que je connaisse qui soit capable de faire des montages extrèmements dynamiques sans perdre en clarté.
2014-08-12T21:13:13 *** adriens33 est parti
2014-08-12T21:20:52 <Berry-Punch> Voilà ce qu'il s'est passé ces 10 dernières lignes, *hic* adriens33
2014-08-12T21:20:53 *** adriens33 s'est connecté
2014-08-12T21:54:15 <ludvann> plopidou pidou
2014-08-12T21:54:39 <ludvann> re !
2014-08-12T21:54:59 <ludvann> :(
2014-08-12T21:55:10 <adriens33> re
2014-08-12T21:55:12 <adriens33> eh bé
2014-08-12T21:55:20 <adriens33> t'as vu ton bide ou quoi ? XD
2014-08-12T21:55:20 <ludvann> ?
2014-08-12T21:55:30 <ludvann> pourquoi ?
2014-08-12T21:55:35 <adriens33> jsais pas, pourquoi t'es triste ?  ^^
2014-08-12T21:55:47 <ludvann> personne répond ^^
2014-08-12T21:55:50 <adriens33> bah…
2014-08-12T21:55:55 <adriens33> t'as attendu à peine 10s
2014-08-12T21:56:00 <adriens33> on est sur irc, hein
2014-08-12T21:56:13 <ludvann> 21s plus précisement ^^
2014-08-12T21:56:16 <adriens33> les gens ont autre chose à fouttre de que matter le canal tout le temps à la recherche de phrases à répondre…
2014-08-12T21:56:25 <ludvann> pas moi ^^
2014-08-12T21:56:26 <ludvann> xD
2014-08-12T21:56:33 <adriens33> (il parait qu'il existe un truc qui s'appelle « une vie »)
2014-08-12T21:56:50 <ludvann> ah bon ?
2014-08-12T21:56:55 <Letarumavza> chié, personne n'a envie de se mettre à wow ?
2014-08-12T21:57:04 <Letarumavza> (il me manque deux parraianges)
2014-08-12T21:57:16 <ludvann> tu me pais mon abonnement ?
2014-08-12T21:57:22 <ludvann> paies*
2014-08-12T21:57:33 <adriens33> moi why not, mais pas de suite… faut que je refasse mon windows ^^ (et pis je sais pas si j'ai les finances pour… faudrait que j'attende un peu)
2014-08-12T21:58:15 <ludvann> adriens33, tu veux un win 7 64bits avec une clée d'activation ?
2014-08-12T21:58:19 <adriens33> non
2014-08-12T21:58:25 <adriens33> pas besoin ^^
2014-08-12T21:58:26 <ludvann> ^^
2014-08-12T21:58:33 <adriens33> juste besoin de temps et d'envie…
2014-08-12T21:58:38 <ludvann> :)
2014-08-12T21:58:45 <adriens33> (c'est surtout la motivation qui me manque… ^^)
2014-08-12T21:58:49 <adriens33> j'ai pas la loco
2014-08-12T21:58:50 <adriens33> tu sais
2014-08-12T21:58:53 <ludvann> ah, pourquoi ?
2014-08-12T21:58:54 <adriens33> la loco motive ?
2014-08-12T21:58:56 <adriens33> ^^
2014-08-12T21:59:00 <ludvann> ...
2014-08-12T21:59:13 <adriens33> bakwa ?
2014-08-12T21:59:21 <ludvann> pourquoi pas la motiv ?
2014-08-12T21:59:27 <ludvann> a par loco
2014-08-12T21:59:36 <adriens33> parcee qu'il y a un e à la fin de locomotive, illetré XD
2014-08-12T21:59:39 <adriens33> *illettré
2014-08-12T21:59:56 <ludvann> motiv'
2014-08-12T21:59:59 <ludvann> parce*
2014-08-12T22:00:10 <adriens33> nanméo
2014-08-12T22:00:17 <ludvann> ^^
2014-08-12T22:00:20 <adriens33> tu veux que je te kick ? ^^
2014-08-12T22:00:25 <adriens33> j'ai le pouvoir du kick
2014-08-12T22:00:27 <ludvann> nan !
2014-08-12T22:00:29 <adriens33> et celui du ban
2014-08-12T22:00:31 <adriens33> je suis…
2014-08-12T22:00:32 <adriens33> DIEU
2014-08-12T22:00:35 <adriens33> mouhahahaha.
2014-08-12T22:00:49 <adriens33> ah, pardon, j'me suis trompé, c'est pas du méchantox que je voulais prendre ><
2014-08-12T22:00:52 <ludvann> je sui la personne qui cumule le plus de kick sur l'irc...
2014-08-12T22:01:07 <adriens33> ben en même temps t'es un peu celui qui culume le plus de conneries par secondes XD
2014-08-12T22:01:13 <adriens33> *seconde
2014-08-12T22:01:47 <ludvann> faut bien faire la conversation, quand je suis pas là un soir, on dirait une veillé d'enterrement...
2014-08-12T22:01:57 <ludvann> pas vrai Bybeez ?
2014-08-12T22:02:07 <Bybeez> C'est clair
2014-08-12T22:02:08 <adriens33> les gens sont occupés ailleurs  c'est tout ^^
2014-08-12T22:02:16 <Bybeez> Bah ils sont méchants !
2014-08-12T22:02:20 <adriens33> pis si tout le monde se dit que ça parle pa…
2014-08-12T22:02:26 <Bybeez> XD
2014-08-12T22:02:31 <adriens33> ça va pas faire avancer le shmilblick
2014-08-12T22:02:40 <adriens33> tiens, Letarumavza est de bonne humeur ^^
2014-08-12T22:02:57 *** ludvann s'est connecté
2014-08-12T22:03:03 <ludvann> je boude !
2014-08-12T22:03:03 * Berry-Punch Donne un verre de bière à ludvann
2014-08-12T22:03:04 <Berry-Punch> Tiens ludvann, pour te consoler :) *hic* 
2014-08-12T22:03:08 *** ludvann est parti
2014-08-12T22:03:11 <adriens33> …
2014-08-12T22:03:12 <adriens33> XD
2014-08-12T22:03:14 <adriens33> oké…
2014-08-12T22:05:49 *** ludvann s'est connecté
2014-08-12T22:05:54 <ludvann> je m'ennuie...
2014-08-12T22:06:02 <adriens33> bah… heu…
2014-08-12T22:08:01 <ludvann> ^^'
2014-08-12T22:12:18 <ludvann> valar morghulis...
2014-08-12T22:15:31 <ludvann> bon je vais me faire le dernier episode de GoT...
2014-08-12T22:15:39 <ludvann> je quitte pour pas de spoil ^^
2014-08-12T22:15:44 *** ludvann est parti
2014-08-12T22:45:40 *** Bybeez est parti
2014-08-12T22:45:50 *** Bybeez s'est connecté
2014-08-12T23:14:53 *** adriens33 est parti
2014-08-12T23:16:37 *** TrappyTickles est parti
2014-08-12T23:23:27 <Bybeez> https://www.youtube.com/watch?v=DcJFdCmN98s
2014-08-12T23:24:02 <Letarumavza> $kick ludvann
2014-08-12T23:24:05 <Letarumavza> arf
2014-08-12T23:24:08 <Letarumavza> Il est plus là
2014-08-12T23:56:03 <Bybeez> Je vous laisse, bonne nuit !
2014-08-12T23:56:11 *** Bybeez est parti
