2014-08-27T00:20:46 *** Scootaloo s'est connecté
2014-08-27T00:23:38 *** TrappyTickles est parti
2014-08-27T00:23:49 *** Silou est parti
2014-08-27T00:31:27 *** MaCharon est parti
2014-08-27T00:37:56 *** Letarumavza est parti
2014-08-27T00:38:50 *** Letarumavza s'est connecté
2014-08-27T00:46:12 *** Letarumavza est parti
2014-08-27T00:47:44 *** Letarumavza s'est connecté
2014-08-27T01:25:44 *** ValCab33 est parti
2014-08-27T04:37:20 *** Gordfang est parti
2014-08-27T06:46:52 *** Scootaloo est parti
2014-08-27T08:34:10 *** Letarumavza est parti
2014-08-27T09:02:14 *** heuzef s'est connecté
2014-08-27T10:07:11 <Berry-Punch> Voilà ce qu'il s'est passé ces 10 dernières *hic* lignes, adriens33
2014-08-27T10:07:13 *** adriens33 s'est connecté
2014-08-27T12:13:34 *** Yvan33 s'est connecté
2014-08-27T12:13:44 <Yvan33> Salut salut
2014-08-27T12:13:54 <adriens33> hellow
2014-08-27T12:14:03 <Yvan33> ça va?
2014-08-27T12:14:23 <adriens33> ouaip
2014-08-27T12:14:25 <adriens33> et toi ?
2014-08-27T12:15:19 <Yvan33> Bah la rentré arrive quoi
2014-08-27T12:15:25 <adriens33> ouep…
2014-08-27T12:15:35 <Yvan33> Donc le calendrier il se remplit trèèès vite
2014-08-27T12:15:55 <Yvan33> J'ai un livre de 500 pages a lire sur la guerre
2014-08-27T12:16:27 <Yvan33> Le genre de truc que tu voulais pas faire pendant les vacances quoi ^^
2014-08-27T12:18:22 <Yvan33> Sinon tu sais quelque chose sur le barbuc du jeudi?
2014-08-27T12:19:55 <adriens33> eeer nope pourquoi ?
2014-08-27T12:20:29 <Yvan33> Bah apparement tout les jeudi ya n barbuc et bah j'aurai bien voulu y aller quoi ^^
2014-08-27T12:20:54 <adriens33> ah
2014-08-27T12:21:03 <adriens33> bah faut voir avec leta :)
2014-08-27T12:22:36 <Yvan33> Ok merci,
2014-08-27T12:23:50 *** Yvan33 est parti
2014-08-27T12:26:58 *** heuzef est parti
2014-08-27T12:39:27 *** adriens33 est parti
2014-08-27T12:45:52 *** Scootaloo s'est connecté
2014-08-27T13:03:20 *** Letarumavza s'est connecté
2014-08-27T13:03:41 *** Letarumavza est parti
2014-08-27T13:05:47 *** Scootaloo est parti
2014-08-27T13:07:15 *** Silou s'est connecté
2014-08-27T13:18:35 *** Eclipse2212 s'est connecté
2014-08-27T13:18:40 <Eclipse2212> coucou
2014-08-27T13:37:44 <Silou> Yop
2014-08-27T13:40:29 *** MaCharon s'est connecté
2014-08-27T13:40:33 <MaCharon> slt
2014-08-27T13:44:13 <Eclipse2212> chalut
2014-08-27T13:44:29 <Silou> plop
2014-08-27T13:55:17 *** heuzef s'est connecté
2014-08-27T13:57:26 <heuzef> Plop
2014-08-27T13:58:02 <heuzef> MaCharon: ? =)
2014-08-27T13:58:17 <MaCharon> voui ?
2014-08-27T13:58:23 <heuzef> Comment va ? =)
2014-08-27T13:58:26 <MaCharon> une mn je finis ma game
2014-08-27T13:58:38 <heuzef> Tu as vu ça avance bien sur EM =)
2014-08-27T14:00:26 <MaCharon> re
2014-08-27T14:00:56 <MaCharon> EM = ?
2014-08-27T14:01:05 <heuzef> EcoMonde
2014-08-27T14:01:38 <MaCharon> ben j'avais vu ce qu'avais fait Bybeez et toi ensuite
2014-08-27T14:01:46 <MaCharon> ça rend bien
2014-08-27T14:03:53 <MaCharon> vive l’enchantement de tarte au pomme
2014-08-27T14:05:16 *** Lezarius s'est connecté
2014-08-27T14:09:34 <heuzef> Hésite pas à contribuer aussi ;)
2014-08-27T14:12:21 *** heuzef est parti
2014-08-27T14:33:13 <Lezarius> Coucou
2014-08-27T14:37:54 *** ValCab33 s'est connecté
2014-08-27T14:38:01 <ValCab33> Hello
2014-08-27T14:52:39 *** Lezarius est parti
2014-08-27T15:50:26 *** ValCab33 est parti
2014-08-27T15:53:56 *** Eclipse2212 est parti
2014-08-27T16:20:05 *** ludvann s'est connecté
2014-08-27T16:20:17 <ludvann> salut le peu de monde ^^
2014-08-27T16:39:12 *** TrappyTickles s'est connecté
2014-08-27T16:41:29 <Silou> salut ludvann
2014-08-27T16:41:35 <TrappyTickles> oi
2014-08-27T16:41:37 <TrappyTickles> putain mais je vais devenir fou là!
2014-08-27T16:41:42 <ludvann> ça va Silou ?
2014-08-27T16:41:48 <ludvann> cake ki a TrappyTickles ?
2014-08-27T16:41:50 <Silou> Bien et toi ?
2014-08-27T16:41:53 <ludvann> ton windows ?
2014-08-27T16:41:57 <ludvann> bien :)
2014-08-27T16:42:01 <TrappyTickles> windows 8.1 ne peut pas tourner avec seulement 2Go de ram, n'est-ce pas?
2014-08-27T16:42:11 <ludvann> euh...
2014-08-27T16:42:18 <TrappyTickles> et il peut encore moins gérer saints row 3 sans un gramme de lag avec juste 2Go de ram?
2014-08-27T16:42:22 <ludvann> logiquement il peut...
2014-08-27T16:42:55 <ludvann> je m'y connais pas assé :/
2014-08-27T16:43:00 <ludvann> assez*
2014-08-27T16:43:08 <TrappyTickles> je viens de me rendre compte que non seulement ma barrete de 4go ne répond plus mais que mon autre barette de 2Go non plus
2014-08-27T16:43:15 <ludvann> ...
2014-08-27T16:43:22 <ludvann> tay dans la mayrde...
2014-08-27T16:43:27 <ludvann> ^^'
2014-08-27T16:43:45 <ludvann> défaut matériel ou autres ?
2014-08-27T16:43:47 <TrappyTickles> jvais serieusement porter plainte au fabricant... jvais juste essayer un dernier truc avant, je re
2014-08-27T16:43:54 <ludvann> ok
2014-08-27T16:43:56 <ludvann> @+
2014-08-27T16:44:18 *** TrappyTickles est parti
2014-08-27T16:52:16 *** TrappyTickles s'est connecté
2014-08-27T16:52:30 <TrappyTickles> bon, rueducommerce a intérêt à me rembourser ou je porte plainte
2014-08-27T16:53:10 <TrappyTickles> ma ram refuse même de démarrer windows en causant un bsod systématique
2014-08-27T16:53:23 <Silou> :/
2014-08-27T16:53:30 <TrappyTickles> heureusement elle a pas grillé mon autre ram de 2go, mais je suis revenu a 4Go au lieu de 8 maintenant
2014-08-27T17:00:34 <TrappyTickles> j'essaie de faire un retour colis, ils ont intérêt à m'en renvoyer une ou a me rembourser
2014-08-27T17:00:40 <TrappyTickles> je re
2014-08-27T17:00:43 *** TrappyTickles est parti
2014-08-27T17:03:38 *** TrappyTickles s'est connecté
2014-08-27T17:14:00 *** TrappyTickles est parti
2014-08-27T17:18:21 *** MaCharon est parti
2014-08-27T17:21:58 <ludvann> :/
2014-08-27T17:21:58 <ludvann> TrappyTickles, Silou vous connaissez un site ou on peut choper des animés en vostfr ? :)
2014-08-27T17:21:58 <ludvann> anime*
2014-08-27T17:22:14 *** TrappyTickles s'est connecté
2014-08-27T17:22:34 <TrappyTickles> bon c'est sur elle est morte la ram
2014-08-27T17:22:49 <TrappyTickles> j'ai voulu rebooter avec pour voir ce que hirens dirait, le pc veut même plus démarrer avec
2014-08-27T17:41:51 <ludvann> ah :/
2014-08-27T17:46:57 *** Gordfang s'est connecté
2014-08-27T17:47:11 <Gordfang> lu
2014-08-27T17:54:22 <ludvann> plop
2014-08-27T19:09:24 <Berry-Punch> Voilà ce qu'il s'est passé ces 10 dernières *hic* lignes, adriens33
2014-08-27T19:09:26 *** adriens33 s'est connecté
2014-08-27T19:15:04 <adriens33> hello everypony !
2014-08-27T19:26:44 <ludvann> plop
2014-08-27T19:26:59 <ludvann> j'afk pour une durée indéterminée.
2014-08-27T19:55:55 <Gordfang> re
2014-08-27T19:58:06 *** Bybeez s'est connecté
2014-08-27T19:58:11 <Bybeez> Internet is back !
2014-08-27T19:58:17 <Bybeez> I'm so happy !
2014-08-27T19:58:19 <Bybeez> Joir
2014-08-27T19:58:24 <Bybeez> Joie*
2014-08-27T19:58:34 <Bybeez> Bonheur !
2014-08-27T20:02:01 <TrappyTickles> au moins 1 de content :p
2014-08-27T20:03:14 <TrappyTickles> ma femme qui tombe malade salement dès la fin de ma formation, quand je peux enfin souffler un peu
2014-08-27T20:08:05 <Bybeez> Ouch
2014-08-27T20:14:38 *** Bybeez est parti
2014-08-27T20:14:50 *** Bybeez s'est connecté
2014-08-27T20:19:05 *** Bybeez est parti
2014-08-27T20:30:13 *** heuzef s'est connecté
2014-08-27T20:33:43 <heuzef> Gordfang: =) ?*
2014-08-27T20:35:05 <Gordfang> oui?
2014-08-27T20:35:32 <heuzef> Ca va bien ?
2014-08-27T20:35:35 <heuzef> Quoi de neuf ?
2014-08-27T20:37:21 <Gordfang> pas grand chose les vac
2014-08-27T20:37:30 <Gordfang> faut que je fasse l'affiche tiens
2014-08-27T20:37:30 <heuzef> Dac
2014-08-27T20:37:45 <heuzef> Ouais, sinon niveau ticket ça roule ?
2014-08-27T20:37:56 <heuzef> CDPP et Astrée sur le feu encore
2014-08-27T20:38:20 <heuzef> Va falloir faire une relnce sérieusement et commencer la paperasse dans la foulée
2014-08-27T20:38:32 <heuzef> Surtout qu'on à genre complétement zappé lors de l'anniv :(
2014-08-27T20:38:44 <Gordfang> :D ouai
2014-08-27T20:40:33 <heuzef> Je te laisse t'occuper de ça, sans validation j'ai confiance =) Tu peux foncer
2014-08-27T20:40:50 <heuzef> Cette semaine c'est franchement pas calme pour moi
2014-08-27T20:41:05 <heuzef> Les autres à venir aussi remarque
2014-08-27T20:41:23 <heuzef> J'enchaine les missions, les projets, les soutenances et les cernes sous les yeux
2014-08-27T20:43:08 <Gordfang> tu veut dire avec ton boulot c'est ca
2014-08-27T20:43:38 <Gordfang> tu veut que je m'occupe des rappel de astree et tous aussi c'est ca?
2014-08-27T20:44:20 <heuzef> Yep =)
2014-08-27T20:44:38 <heuzef> Et relancer les troupes concernant CDPP
2014-08-27T20:45:12 <heuzef> J'ai 2 jours pour réaliser une analyse fonctionnelle et son chahier des charges avant soutenance vendredi soir :( On est que 3 sur le coup et mal organisé
2014-08-27T20:45:24 <heuzef> Je vais pas rigoler demain ....
2014-08-27T20:48:26 <Gordfang> :D bonne chance
2014-08-27T20:48:48 <heuzef> ;)
2014-08-27T20:49:16 <heuzef> Je vais au dodo
2014-08-27T20:49:20 <heuzef> nenuit les gens +++
2014-08-27T20:49:29 *** heuzef est parti
2014-08-27T20:50:49 <Gordfang> ++
2014-08-27T21:08:11 *** ELiDYROS s'est connecté
2014-08-27T21:08:57 <adriens33> hello ELiDYROS :)
2014-08-27T21:09:11 <ELiDYROS> Bonsoir.
2014-08-27T21:09:46 <adriens33> comment va ?
2014-08-27T21:10:03 <ELiDYROS> On fait aller, et toi ?
2014-08-27T21:10:13 <adriens33> ça va, j'ai passé une aprem sympa ^w^
2014-08-27T21:10:22 <adriens33> quéquisspasse ?
2014-08-27T21:10:50 <ELiDYROS> Rien de spécialement nouveau, mes soucis à l'appart, et le fait que je sois un poil décalé à cause des session nocturnes
2014-08-27T21:11:00 <adriens33> ow
2014-08-27T21:11:01 <adriens33> ok
2014-08-27T21:11:01 <adriens33> …
2014-08-27T21:11:06 <ELiDYROS> Et d'autres trucs concernant mon ego lol
2014-08-27T21:11:10 <adriens33> oki
2014-08-27T21:11:27 <ELiDYROS> Globalement rien de grave ^^
2014-08-27T21:16:07 <ELiDYROS> Quoi de neuf sinon ?
2014-08-27T21:17:03 <adriens33> beh… pas grand chose de mon côté
2014-08-27T21:20:22 <ELiDYROS> Tu as vu Rei ?
2014-08-27T21:21:47 <adriens33> yup
2014-08-27T21:23:59 *** Bybeez s'est connecté
2014-08-27T21:24:11 <ELiDYROS> Je suis censé planifier un truc avec elle
2014-08-27T21:24:42 <adriens33> bah vois ça avec elle alors ^^
2014-08-27T21:24:47 <ELiDYROS> Ouais.
2014-08-27T21:25:21 <adriens33> beh ça sera plus simple ^^
2014-08-27T21:25:49 <ELiDYROS> Va falloir que j'arrête de me coucher à 10h du matin déjà xD
2014-08-27T21:25:53 <adriens33> XD
2014-08-27T21:25:55 <adriens33> en effet
2014-08-27T22:15:21 *** Bybeez est parti
2014-08-27T22:40:21 *** Gordfang est parti
2014-08-27T23:54:22 *** adriens33 est parti
2014-08-27T23:56:56 <ludvann> bon je vais vous laisser
2014-08-27T23:57:19 <ludvann> neunuit tout le monde ( ELiDYROS  TrappyTickles Silou )
2014-08-27T23:57:22 <ludvann> @+
2014-08-27T23:57:30 <TrappyTickles> nini
2014-08-27T23:57:37 *** ludvann est parti
