2014-07-01T00:22:06 *** Rei est parti
2014-07-01T00:22:13 <adriens33> bonne nuit le monde :)
2014-07-01T00:22:36 *** adriens33 est parti
2014-07-01T00:23:32 <flutterbrony> bonne nuit
2014-07-01T00:25:52 *** flutterbrony est parti
2014-07-01T00:31:43 *** ValCab33 est parti
2014-07-01T01:05:19 *** flutterbrony s'est connecté
2014-07-01T01:07:00 *** Owiowi s'est connecté
2014-07-01T01:07:10 *** AlphaDash s'est connecté
2014-07-01T01:07:13 <flutterbrony> Berry-Punch t'es là ?
2014-07-01T01:07:35 * Berry-Punch lance un muffin sur Owiowi à 1559 km/h
2014-07-01T01:07:35 <Berry-Punch> MUFFIN RAINBOOM *hic* !!
2014-07-01T01:07:35 <flutterbrony> !muffin Owiowi
2014-07-01T01:07:48 <Owiowi> Hey ;-;
2014-07-01T01:08:11 <flutterbrony> Berry-Punch tu as encore trop bu toi ^^
2014-07-01T01:08:11 <Berry-Punch> Non, c'est même pas vrai d'abord ! *hic* 
2014-07-01T01:08:19 <flutterbrony> si
2014-07-01T01:08:37 <flutterbrony> Tu m'as pas répondu tout a l'heure Berry-Punch
2014-07-01T01:08:46 <Owiowi> Y a des ivrognes
2014-07-01T01:08:54 <AlphaDash> c'est la CUB
2014-07-01T01:08:56 <flutterbrony> Berry-Punch oui ^^
2014-07-01T01:09:10 <flutterbrony> Tu boit trop
2014-07-01T01:09:10 <Berry-Punch> Non, c'est même *hic* pas vrai d'abord !
2014-07-01T01:09:23 <flutterbrony> T'as bien mangé Berry-Punch ?
2014-07-01T01:09:46 <Owiowi> [vent]
2014-07-01T01:09:58 * AlphaDash dead
2014-07-01T01:10:09 <flutterbrony> ouais
2014-07-01T01:10:22 <Owiowi> il ne meurt pas il passe de vivant à déjà mort O.o
2014-07-01T01:10:23 <AlphaDash> Berry-Punch tu bois trop
2014-07-01T01:10:23 <Berry-Punch> Non, c'est *hic* même pas vrai d'abord !
2014-07-01T01:10:23 <flutterbrony> Bonne appétit Berry-Punch
2014-07-01T01:10:33 <AlphaDash> narmol
2014-07-01T01:10:47 <flutterbrony> si tu boit trop Berry-Punch !
2014-07-01T01:10:47 <Berry-Punch> Non, *hic* c'est même pas vrai d'abord !
2014-07-01T01:11:12 <flutterbrony> a chaque fois le hic est décalé d'un mot a droite
2014-07-01T01:11:22 <flutterbrony> Berry-Punch boit trop
2014-07-01T01:11:22 <Berry-Punch> Non, c'est *hic* même pas vrai d'abord !
2014-07-01T01:11:35 <flutterbrony> enfoiray qui réfute ma thèse
2014-07-01T01:11:51 <Owiowi> x)
2014-07-01T01:11:55 <AlphaDash> Punch-Berry boit trop
2014-07-01T01:11:55 <Berry-Punch> Non, c'est même *hic* pas vrai d'abord !
2014-07-01T01:12:07 <Owiowi> Et toute la vie de flutter qui s'écroule à jamais
2014-07-01T01:12:15 <flutterbrony> ah non, d'un mot a droite et a gauche
2014-07-01T01:12:21 <AlphaDash> Trop Punch-Berry boit
2014-07-01T01:12:25 <flutterbrony> il le met pas au extrémité
2014-07-01T01:12:31 <AlphaDash> ohhh
2014-07-01T01:12:39 <flutterbrony> normalement la c'est a pas et vrai
2014-07-01T01:12:44 <Owiowi> Trop boire nuit à Berry-Punch
2014-07-01T01:12:48 <flutterbrony> Berry-Punch boit trop
2014-07-01T01:12:48 <Berry-Punch> Non, c'est même pas vrai d'abord *hic* !
2014-07-01T01:12:54 <AlphaDash> Punch-Berry trop boit
2014-07-01T01:13:00 <flutterbrony> Non, en faite c'est un enfoiray
2014-07-01T01:13:03 <AlphaDash> x)
2014-07-01T01:13:12 * Berry-Punch lance un muffin sur Berry-Punch à 1202 km/h
2014-07-01T01:13:12 <flutterbrony> !muffin Berry-Punch
2014-07-01T01:13:19 <flutterbrony> narmol
2014-07-01T01:13:28 <Owiowi> Berry-ception
2014-07-01T01:13:36 * Berry-Punch lance un muffin sur test à 701 km/h
2014-07-01T01:13:36 <AlphaDash> !muffin test
2014-07-01T01:13:44 <AlphaDash> ah ouais.
2014-07-01T01:13:45 <Owiowi> pauvre tes
2014-07-01T01:13:47 <Owiowi> test*
2014-07-01T01:13:48 * Berry-Punch lance un muffin sur MKody à 534 km/h
2014-07-01T01:13:48 <flutterbrony> !muffin MKody
2014-07-01T01:14:10 * Berry-Punch lance un muffin sur Derpy à 1374 km/h
2014-07-01T01:14:10 <Berry-Punch> MUFFIN *hic* RAINBOOM !!
2014-07-01T01:14:10 <flutterbrony> !muffin Derpy
2014-07-01T01:14:12 * Berry-Punch lance un muffin sur flutterbrony à 849 km/h
2014-07-01T01:14:12 <Owiowi> !muffin flutterbrony
2014-07-01T01:14:34 <flutterbrony> *l'attrape et le mange*
2014-07-01T01:14:40 * Berry-Punch lance un muffin sur flutterbrony à 724 km/h
2014-07-01T01:14:40 <Owiowi> !muffin flutterbrony
2014-07-01T01:14:40 * Berry-Punch lance un muffin sur flutterbrony à 1481 km/h
2014-07-01T01:14:40 <Berry-Punch> MUFFIN RAINBOOM !! *hic* 
2014-07-01T01:14:40 <Owiowi> !muffin flutterbrony
2014-07-01T01:14:40 * Berry-Punch lance un muffin sur flutterbrony à 856 km/h
2014-07-01T01:14:40 <Owiowi> !muffin flutterbrony
2014-07-01T01:14:49 * Berry-Punch lance un muffin sur mermoud à 52 km/h
2014-07-01T01:14:49 <AlphaDash> !muffin mermoud
2014-07-01T01:14:56 <AlphaDash> raciste
2014-07-01T01:15:01 <Owiowi> xDDDDDDDDDDDDDDDDDD
2014-07-01T01:15:05 <AlphaDash> ROFL
2014-07-01T01:15:11 * Berry-Punch lance un muffin sur Obama à 1363 km/h
2014-07-01T01:15:11 <Berry-Punch> MUFFIN RAINBOOM *hic* !!
2014-07-01T01:15:11 <flutterbrony> !muffin Obama
2014-07-01T01:15:38 <flutterbrony> ok blanc x)
2014-07-01T01:15:40 <Owiowi> elle en veut à obama
2014-07-01T01:15:45 <Owiowi> O.o
2014-07-01T01:15:52 <AlphaDash> Donc elle kiff mermoud?
2014-07-01T01:15:55 <flutterbrony> ouais :O
2014-07-01T01:16:00 <Owiowi> :O
2014-07-01T01:16:15 * Berry-Punch lance un muffin sur </@AlphaDash/> à 1335 km/h
2014-07-01T01:16:15 <Berry-Punch> MUFFIN RAINBOOM *hic* !!
2014-07-01T01:16:15 <Owiowi> !muffin </@AlphaDash/>
2014-07-01T01:16:18 * Berry-Punch lance un muffin sur mermoud à 87 km/h
2014-07-01T01:16:18 <flutterbrony> !muffin mermoud
2014-07-01T01:16:22 <AlphaDash> direct
2014-07-01T01:16:35 * Berry-Punch lance un muffin sur Owiowi à 961 km/h
2014-07-01T01:16:42 <Owiowi> elle t'aime pas non plus en ninja
2014-07-01T01:16:44 <flutterbrony> nah !
2014-07-01T01:17:17 * Berry-Punch lance un muffin sur flutterbrony à 1102 km/h
2014-07-01T01:17:17 <Owiowi> !muffin flutterbrony
2014-07-01T01:17:22 * Berry-Punch lance un muffin sur à à 1013 km/h
2014-07-01T01:17:22 <AlphaDash> !muffin à 9863 km/h
2014-07-01T01:17:25 * Berry-Punch lance un muffin sur AlphaDash à 1899 km/h
2014-07-01T01:17:25 <Berry-Punch> MUFFIN RAINBOOM !! *hic* 
2014-07-01T01:17:53 <AlphaDash> O:
2014-07-01T01:18:03 <flutterbrony> J'ai fait le plus gros score !!! :O
2014-07-01T01:18:08 * Berry-Punch lance un muffin sur à à 1392 km/h
2014-07-01T01:18:08 <Berry-Punch> MUFFIN RAINBOOM !! *hic* 
2014-07-01T01:18:08 <Owiowi> !muffin à 9 km/h
2014-07-01T01:18:15 <flutterbrony> le max est 1899 d'après l'admin
2014-07-01T01:18:27 <AlphaDash> J'ai le max
2014-07-01T01:18:31 <Owiowi> p/
2014-07-01T01:18:34 <Owiowi> o/ *
2014-07-01T01:18:54 <Owiowi> bon je vous laisse
2014-07-01T01:18:59 <Owiowi> j'ai rien à faire ici moi x)
2014-07-01T01:19:08 * Berry-Punch lance un muffin sur +1 à 1496 km/h
2014-07-01T01:19:08 <Berry-Punch> MUFFIN RAINBOOM *hic* !!
2014-07-01T01:19:08 <AlphaDash> !muffin +1
2014-07-01T01:19:18 *** Owiowi est parti
2014-07-01T01:19:20 <AlphaDash> x)
2014-07-01T01:38:23 * Berry-Punch lance un muffin sur AlphaDash à 1338 km/h
2014-07-01T01:38:23 <Berry-Punch> MUFFIN RAINBOOM !! *hic* 
2014-07-01T01:38:28 *** flutterbrony est parti
2014-07-01T01:38:46 *** AlphaDash est parti
2014-07-01T02:17:46 *** Letarumavza s'est connecté
2014-07-01T02:25:30 *** Letarumavza est parti
2014-07-01T07:09:49 <Berry-Punch> Commandes disponibles : *hic* 
2014-07-01T07:09:49 <Berry-Punch> say do flag reload stop op niorphlo list kick welcome voice help devoice niorph history muffin deop *hic* 
2014-07-01T07:09:59 <Berry-Punch> Voilà ce qu'il s'est passé ces 10 *hic* dernières lignes, adriens33
2014-07-01T07:10:19 *** adriens33 s'est connecté
2014-07-01T07:10:32 <Berry-Punch> $USER *hic* $USER
2014-07-01T07:10:32 <adriens33> !say $USER
2014-07-01T07:10:44 <Berry-Punch> ; *hic* ;
2014-07-01T07:10:44 <adriens33> !say ;
2014-07-01T07:10:54 <Berry-Punch> \" *hic* \"
2014-07-01T07:10:54 <adriens33> !say "
2014-07-01T07:11:00 <Berry-Punch> ' *hic* '
2014-07-01T07:11:00 <adriens33> !say '
2014-07-01T07:37:57 *** Letarumavza s'est connecté
2014-07-01T07:38:06 <Letarumavza> BULIAAAAAAAAAAHHHHHHHHHHHHHHHHH !!!!!!!!!!!!!!!!!!!!!!!!!!!
2014-07-01T07:38:25 <Letarumavza> J'ai plus de bière...
2014-07-01T07:38:25 <Berry-Punch> Tu en as pour moi Letarumavza *hic* ?
2014-07-01T07:39:12 <adriens33> hello ^^
2014-07-01T07:39:17 <adriens33> c'est… con
2014-07-01T07:39:32 <Letarumavza> Carrément
2014-07-01T07:39:47 <Letarumavza> btw tu comptes passer quand pour quo'n se grille cette barbaque ?
2014-07-01T07:40:03 <adriens33> pff… bonne question ^^
2014-07-01T07:40:25 <Letarumavza> Ah mais si tu veux pas passer je la bouffe tout seul, no problemo ^^
2014-07-01T07:40:28 <adriens33> XD
2014-07-01T07:40:30 * Letarumavza troll
2014-07-01T07:40:51 * adriens33 réflexionne
2014-07-01T07:41:02 <adriens33> ce soir tu fais quequ'chose ?
2014-07-01T07:41:02 <Letarumavza> Nom nom nom nom nom nom...
2014-07-01T07:41:06 <Letarumavza> Nope
2014-07-01T07:41:25 <adriens33> si je passe, ça sera pas avant 19h30 par contre…
2014-07-01T07:41:40 <adriens33> (je vais vérifier le bus qd même)
2014-07-01T07:41:48 <Letarumavza> impec
2014-07-01T07:42:36 <adriens33> ben il se trouve que le 34 passe à côté de chez toi… et que dimanche j'aurais pu le prendre pour venir au lieu de me taper le chemin en vélo XD
2014-07-01T07:42:51 <Letarumavza> Il passe à 100m, au bout de la rue ^^
2014-07-01T07:42:59 <adriens33> oui, à côté donc.
2014-07-01T07:43:06 * Letarumavza facehoof.
2014-07-01T07:43:09 <adriens33> je bosse à mérignac la journée XD
2014-07-01T07:43:17 <adriens33> c'est autrement plus loin
2014-07-01T07:43:44 <adriens33> tiens, mon trajet : http://bit.ly/1lumuAy
2014-07-01T07:43:56 <Letarumavza> Btw si t'as l'occasion, passes un coups sur le github de bronycub
2014-07-01T07:43:56 <Letarumavza> *
2014-07-01T07:44:03 <Letarumavza> J'ai comit quelques petites majs
2014-07-01T07:44:24 <adriens33> sur quel dépôt ?
2014-07-01T07:45:16 <Letarumavza> v2
2014-07-01T07:45:20 <adriens33> ah ok
2014-07-01T07:45:32 <Letarumavza> nop c'est pas berry que j'ai bidouillé ^^
2014-07-01T07:45:36 <adriens33> oui, les modifs par rapport aux icônes des poneys ^^
2014-07-01T07:45:47 <adriens33> j'ai vu
2014-07-01T07:46:01 <Letarumavza> bah surtout l'auto scaling
2014-07-01T07:46:09 <Letarumavza> C'est ça qui est nouveau.
2014-07-01T07:46:13 <adriens33> bon, je vais devoir y aller par contre :/
2014-07-01T07:46:16 <adriens33> à tout à l'heure
2014-07-01T07:46:18 <Letarumavza> bonne chance ^^
2014-07-01T07:46:29 *** adriens33 est parti
2014-07-01T09:07:14 *** Gordfang s'est connecté
2014-07-01T09:09:43 *** Shinsaber s'est connecté
2014-07-01T09:09:53 <Shinsaber> salut /)
2014-07-01T09:10:59 <Gordfang> lut
2014-07-01T09:19:51 *** wildfier s'est connecté
2014-07-01T09:19:54 <wildfier> salut
2014-07-01T09:20:15 <wildfier> un petit article sympa
2014-07-01T09:20:19 <wildfier> http://reflets.info/facebook-utilise-la-captology-pour-influencer-ses-moutons-numeriques/
2014-07-01T09:32:42 *** adriens33 s'est connecté
2014-07-01T09:32:47 <adriens33> plop
2014-07-01T09:33:02 <Shinsaber> plip
2014-07-01T09:33:46 <Berry-Punch> Voilà ce qu'il *hic* s'est passé ces 10 dernières lignes, adriens33
2014-07-01T09:35:10 <Letarumavza> re
2014-07-01T09:36:24 <adriens33> re ^^
2014-07-01T10:17:00 *** Gordfang est parti
2014-07-01T10:32:26 *** ValCab33 s'est connecté
2014-07-01T10:32:36 <ValCab33> Hello
2014-07-01T10:32:50 <Shinsaber> salut /)
2014-07-01T10:38:19 <adriens33> hellow
2014-07-01T10:55:18 *** ludvann s'est connecté
2014-07-01T10:55:24 <adriens33> hi
2014-07-01T10:55:26 <ludvann> blopresh
2014-07-01T10:55:30 <adriens33> gné ?
2014-07-01T10:55:30 <ludvann> hello
2014-07-01T10:55:35 <ludvann> *
2014-07-01T10:55:39 <Shinsaber> lu
2014-07-01T10:55:44 <ludvann> miss-key ^^
2014-07-01T10:57:01 <ludvann> ya un ouvrier qui appelle Didier depuis 5 minutes...
2014-07-01T10:57:17 <ludvann> (dans le chantier en face de chez moi)
2014-07-01T10:57:41 <adriens33> Et il didié pas dans le chantier Didier ?
2014-07-01T10:58:03 <ludvann> faut croire que non...
2014-07-01T10:58:14 <ludvann> ou alors il steak haché...
2014-07-01T10:58:20 <adriens33> XD
2014-07-01T10:58:30 <ludvann> ;)
2014-07-01T11:00:41 <ludvann> Shinsaber: tu voudras de l'aide pour le BBBFF ? (même si je sais pas grand chose ^^ )
2014-07-01T11:01:08 <Shinsaber> ma fois plus on ais de fous plus on rit XD
2014-07-01T11:01:30 <ludvann> plus on est, moins y a de riz...
2014-07-01T11:02:28 <ludvann> tu voudras de l'aide ?
2014-07-01T11:04:02 <Shinsaber> faux définir les tache en fonction des préférence du peuple, tu préférerais faire quoi ?
2014-07-01T11:04:18 <ludvann> hum...
2014-07-01T11:04:31 <ludvann> responsable com ? xD
2014-07-01T11:04:46 <ludvann> tu me propose quoi ?
2014-07-01T11:04:50 <ludvann> proposes*
2014-07-01T11:05:07 <adriens33> @Shinsaber t'as le cahier des charges déjà ?
2014-07-01T11:05:09 <Shinsaber> mise en forme du site, javascript, php
2014-07-01T11:05:20 <Shinsaber> je suis en train de le faire !
2014-07-01T11:05:30 <adriens33> oki
2014-07-01T11:05:43 <adriens33> ben limite là ludvann, tu peux jouer le rôle du client ^^
2014-07-01T11:05:49 <ludvann> ok ^^
2014-07-01T11:05:58 <ludvann> ça me convient ^^
2014-07-01T11:06:01 <adriens33> qu'est-ce que tu aimerais qu'il y ait dans le dépôt de media comme fonctionnalités ?
2014-07-01T11:06:04 <Shinsaber> du coups si vous avé des idée je suis preneur ^^
2014-07-01T11:06:08 <adriens33> comment tu aimerais que ça soit organisé ?
2014-07-01T11:07:49 *** Gordfang s'est connecté
2014-07-01T11:08:23 <Letarumavza> reuh
2014-07-01T11:14:52 <ludvann> yo
2014-07-01T11:15:15 <ludvann> c'est bon je peux me lancer dans un commerce de chaises roulantes de bureau...
2014-07-01T11:17:07 <ludvann> j'en ais 4 dans ma chambre...
2014-07-01T11:17:23 <ludvann> et je m'en sert que de deux...
2014-07-01T11:32:38 <adriens33> XD
2014-07-01T11:32:50 <ludvann> quoi ? :(
2014-07-01T11:33:03 <adriens33> commerce de chaises de bureau à roulettes
2014-07-01T11:33:04 <adriens33> ^^
2014-07-01T11:33:11 <adriens33> elles sont comment ?
2014-07-01T11:33:26 <ludvann> une bien
2014-07-01T11:33:41 <ludvann> une normal (mais sans dossier)
2014-07-01T11:33:47 <ludvann> une bof
2014-07-01T11:34:12 <ludvann> et une nulle (qui est mal lubrifier de partout...)
2014-07-01T11:37:11 <adriens33> ah
2014-07-01T11:37:36 <ludvann> ^^
2014-07-01T11:57:28 *** Rei s'est connecté
2014-07-01T11:57:43 <Rei> coucou, dites, vous savez comment on modifie un évènement sur l'agenda?
2014-07-01T12:01:04 <Rei> ?
2014-07-01T12:01:55 <ludvann> nope
2014-07-01T12:02:11 <ludvann> envoie un mail à heuzef ^^
2014-07-01T12:02:38 <ludvann> au fait, coucou ^^
2014-07-01T12:02:48 <Rei> c'est ce que je vais faire^^ coucouuuu
2014-07-01T12:04:43 <adriens33> hello
2014-07-01T12:05:44 <Rei> coucou^^
2014-07-01T12:16:27 *** MaCharon s'est connecté
2014-07-01T12:16:34 <MaCharon> bonjour les gens
2014-07-01T12:16:40 <adriens33> salut MaCharon
2014-07-01T12:16:53 <ludvann> salut
2014-07-01T12:16:56 <MaCharon> Oo il y a du monde
2014-07-01T12:17:02 <adriens33> ça va ^^
2014-07-01T12:17:17 <MaCharon> :D
2014-07-01T12:17:52 <Rei> coucou Macharon^^
2014-07-01T12:17:58 <MaCharon> cc ^^
2014-07-01T12:18:26 <Rei> tu va bien?^^
2014-07-01T12:19:15 <MaCharon> tranquille, la j’attends le week-end avec impatiente pour la JE :D
2014-07-01T12:19:29 <MaCharon> je suis excité comme une puce
2014-07-01T12:19:34 <adriens33> ^^
2014-07-01T12:20:05 <ludvann> salut?
2014-07-01T12:20:06 <MaCharon> ben j'était pas sensé y aller cette année alors du coup voila quoi
2014-07-01T12:21:08 <ludvann> JE ?
2014-07-01T12:21:13 <Rei> Normal Ma'
2014-07-01T12:21:15 <ludvann> *
2014-07-01T12:21:16 <adriens33> Japan Expo
2014-07-01T12:21:19 <ludvann> ah ok
2014-07-01T12:21:19 <adriens33> c'est biença ?
2014-07-01T12:21:24 <MaCharon> oui
2014-07-01T12:21:41 <MaCharon> ma troisième fois
2014-07-01T12:21:50 <ludvann> ^^
2014-07-01T12:22:34 <Rei> moi j'y suis aller qu'une fois
2014-07-01T12:22:56 <MaCharon> j'y vais que le week-end car j'ay vais avec mon meilleur ami/colocataire et que la semaine il peut pas
2014-07-01T12:23:11 <Rei> cool^^
2014-07-01T12:24:01 <MaCharon> on y est aller les deux années précédentes et quand on voit ce qu'il y a cette année franchement ça aurait vraiment con de louper ça
2014-07-01T12:24:13 <MaCharon> ça aurait été*
2014-07-01T12:26:58 <wildfier> ma commande est prête !
2014-07-01T12:27:04 <adriens33> yay
2014-07-01T12:27:10 <wildfier> demain soir je vais aller cherche mon 22 pouce ^^
2014-07-01T12:27:13 <adriens33> ^^
2014-07-01T12:27:18 <Rei> cool^^
2014-07-01T12:27:32 <Rei> rahhh j'ai envie de frillandises T.T
2014-07-01T12:27:35 <adriens33> j'en connais un qui va être content pour ses jdr ^^
2014-07-01T12:27:40 <MaCharon> XD
2014-07-01T12:27:59 * Berry-Punch lance un muffin sur Rei à 1836 km/h
2014-07-01T12:27:59 <Berry-Punch> MUFFIN *hic* RAINBOOM !!
2014-07-01T12:28:12 <Rei> nahhh veux pas un Muffin T.T
2014-07-01T12:28:14 <wildfier> du coup je peux pas aller le cherche ce soir à cause d'heuzef !
2014-07-01T12:28:18 <wildfier> chercher*
2014-07-01T12:28:26 <adriens33> pourquoi?
2014-07-01T12:28:31 <Rei> je vais manger, je re
2014-07-01T12:28:31 <Berry-Punch> Bon *hic* appétit, Rei :D
2014-07-01T12:28:36 <adriens33> Bon app :D
2014-07-01T12:28:38 * Shinsaber afk
2014-07-01T12:28:55 *** Rei est parti
2014-07-01T12:29:13 <wildfier> parce que je dois aller au giroll ce soir
2014-07-01T12:29:19 <adriens33> ah oui
2014-07-01T12:29:25 <wildfier> guider une pote à lui
2014-07-01T12:29:31 <adriens33> hmm ?
2014-07-01T12:29:42 <adriens33> guider… pour quoi faire ?
2014-07-01T12:29:50 <adriens33> pour installer linux ?
2014-07-01T12:32:00 <adriens33> je risque de pas être là moi
2014-07-01T12:32:02 <adriens33> désolé
2014-07-01T12:32:25 <ludvann> ok
2014-07-01T12:37:16 *** wildfier est parti
2014-07-01T12:40:08 *** Rei s'est connecté
2014-07-01T12:40:12 <Rei> reuhhhh
2014-07-01T12:40:41 <ludvann> re
2014-07-01T12:41:19 <adriens33> re
2014-07-01T12:41:34 <Rei> j'ai bien manger =D
2014-07-01T12:41:55 <ludvann> avoir un avion qui par en vrille à mach II c'est pas cool...
2014-07-01T12:42:18 <adriens33> @ludvann KSP ? ^^
2014-07-01T12:42:32 <ludvann> non non, je vais à Paris...
2014-07-01T12:42:38 <adriens33> huh ? oO
2014-07-01T12:42:49 <ludvann> Mais oui c'est sur KSP ^^
2014-07-01T12:43:12 <adriens33> ah
2014-07-01T12:43:15 <adriens33> j'ai eu peur XD
2014-07-01T12:43:17 <adriens33> tétrokon
2014-07-01T12:43:33 <ludvann> XD
2014-07-01T12:44:27 <ludvann> à noter: ne plus piloter les avions dans ksp comme si j'avais pas FAR et que j'ai FAR d'installé...
2014-07-01T12:44:40 <adriens33> en décodant ? ^^
2014-07-01T12:44:45 <ludvann> ?
2014-07-01T12:45:07 <adriens33> ben… explicite ^^
2014-07-01T12:45:15 <ludvann> ne plus piloter les avions lorsque j'ai FAR en mode vanilla
2014-07-01T12:45:31 <adriens33> ça fait quoi FAR ?
2014-07-01T12:45:36 <adriens33> (c'est un mod je suppose)
2014-07-01T12:45:55 <ludvann> ça mets les bonnes equation
2014-07-01T12:46:01 <ludvann> equations*
2014-07-01T12:46:11 <adriens33> et donc ?
2014-07-01T12:46:51 <ludvann> tes ailes peuvent s'arracher si ton G est trop élvé, tes kerbals meurent lors des G +12...
2014-07-01T12:47:00 <adriens33> ah !
2014-07-01T12:47:11 <ludvann> et l'aérodynamisme est important
2014-07-01T12:47:12 <adriens33> simu plus réaliste donc
2014-07-01T12:47:28 <ludvann> presque comme la vie réelle
2014-07-01T12:47:31 <adriens33> (parce que "ça met les bonnes équations"… ça veut pas dire grand chose si tu explique pas lequelles XD)
2014-07-01T12:47:37 <ludvann> ^^
2014-07-01T12:47:58 <adriens33> oulà KSP avec ce genre de simu ça doit être assez sport XD
2014-07-01T12:48:05 <ludvann> oui ^^
2014-07-01T12:48:30 <ludvann> la touche VERR. MAJ. est tout le temps activées ^^
2014-07-01T12:48:31 <adriens33> jsuis curieux de voir ce que ça fait tiens…
2014-07-01T12:48:45 <adriens33> (ça fait quoi verr maj ?)
2014-07-01T12:49:00 <ludvann> les mouvements sont plus doux
2014-07-01T12:49:17 <adriens33> ah
2014-07-01T12:49:19 <adriens33> ok
2014-07-01T12:49:21 <adriens33> XD
2014-07-01T12:49:34 <adriens33> je pense que je vais essayer ce truc, je suis curieux de voir ce que ça peut donner
2014-07-01T12:49:36 <adriens33> ^^
2014-07-01T12:50:01 <ludvann> mach III @20km
2014-07-01T12:50:50 <adriens33> 3660km/h à 20km seulement ?
2014-07-01T12:50:52 <adriens33> oulà
2014-07-01T12:50:57 <ludvann> ^^
2014-07-01T12:51:12 <ludvann> j'ai coupé les moteurs et c'est parti en vrille xD
2014-07-01T12:51:31 <adriens33> ah ben tu m'étonnes
2014-07-01T12:52:01 *** flutterbrony s'est connecté
2014-07-01T12:52:07 <adriens33> heelo
2014-07-01T12:52:12 <ludvann> il fait ~15 tonnes
2014-07-01T12:52:15 <ludvann> hello
2014-07-01T12:52:41 <flutterbrony> bonjour ^^
2014-07-01T13:01:49 <ludvann> atérissage de nuit réussi o/
2014-07-01T13:01:59 <ludvann> aterrissage*
2014-07-01T13:08:40 * ludvann is miaming
2014-07-01T13:08:41 *** wildfier s'est connecté
2014-07-01T13:08:47 <wildfier> re !
2014-07-01T13:08:54 <wildfier> hey flutterbrony
2014-07-01T13:08:59 <wildfier> regarde mon github
2014-07-01T13:09:36 <wildfier> j'ai fais une version un peu plus propre du serveur en ligne de commande
2014-07-01T13:18:33 <flutterbrony> il peut se lancer totalement en ligne de commande ou pas encore ?
2014-07-01T13:21:49 <wildfier> oui
2014-07-01T13:21:57 <wildfier> sans la dépendance qt5widget
2014-07-01T13:22:07 <wildfier> faut ajouter CONFIG+=CONSOLE quand tu lance qmake
2014-07-01T13:22:24 <wildfier> sinon ça compile la version gui classique
2014-07-01T13:24:04 <flutterbrony> ca on l'ajoute dans le fichier .pro non ?
2014-07-01T13:24:12 * ludvann is no longer miaming
2014-07-01T13:25:08 <wildfier> non justement
2014-07-01T13:25:18 <wildfier> c'est pour pas avoir à le modifier
2014-07-01T13:25:34 <wildfier> si c'est définis le .pro réagit différeme,t
2014-07-01T13:25:43 <wildfier> différemment
2014-07-01T13:29:31 <wildfier> t'y arrives ?
2014-07-01T13:29:47 <flutterbrony> je cherche
2014-07-01T13:29:52 * ValCab33 is now afk
2014-07-01T13:32:33 <wildfier> bas tu fais comment pour compiler d'habitude ?
2014-07-01T13:33:00 <wildfier> y a rien de très différent
2014-07-01T13:33:17 <wildfier> juste un argument de plus à passer à qmake quand tu le lance
2014-07-01T13:35:02 <flutterbrony> il me met qu'il connait pas la commande, j'ai du me tromper en la tapant mais je vois pas ou
2014-07-01T13:35:15 <flutterbrony> boon au pire, je retape tout
2014-07-01T13:35:35 <adriens33> je re
2014-07-01T13:35:38 * adriens33 is afk
2014-07-01T13:43:56 <wildfier> au pire tu peux venir au giroll ce soir ?
2014-07-01T13:45:01 <adriens33> re
2014-07-01T13:45:34 <ludvann> re
2014-07-01T13:47:08 <ludvann> Jebediah vient de rentrer en vie depuis la Mün o/
2014-07-01T13:47:16 <adriens33> ^^
2014-07-01T13:47:24 <ludvann> allé.
2014-07-01T13:47:46 <ludvann> j'envoie un rover et une mini base sur Mün
2014-07-01T13:49:12 *** Rei est parti
2014-07-01T13:51:26 <flutterbrony> re
2014-07-01T13:51:34 <ludvann> yo
2014-07-01T13:51:37 <flutterbrony> le giroll ?
2014-07-01T13:52:55 <ludvann> http://www.giroll.org/
2014-07-01T14:01:26 <flutterbrony> 18H30, je pourrais jamais ...
2014-07-01T14:01:34 <flutterbrony> Et je vais manger @+
2014-07-01T14:01:34 <Berry-Punch> Bon appétit, flutterbrony *hic* :D
2014-07-01T14:01:38 <ludvann> @°
2014-07-01T14:01:42 <ludvann> +*
2014-07-01T14:01:44 <flutterbrony> Merci Berry-Punch
2014-07-01T14:01:46 <ludvann> @+*
2014-07-01T14:01:51 <adriens33> ++
2014-07-01T14:01:58 <flutterbrony> faut qu'il dise de rien lui ^^
2014-07-01T14:09:48 * ValCab33 is no longer afk
2014-07-01T14:27:31 <flutterbrony> rebonjour ^^
2014-07-01T14:29:40 <ludvann> re
2014-07-01T14:39:16 <ludvann> je déco
2014-07-01T14:39:18 <ludvann> @+
2014-07-01T14:39:24 <adriens33> re
2014-07-01T14:39:31 *** ludvann est parti
2014-07-01T15:20:43 <flutterbrony> *hoc* !
2014-07-01T15:22:08 <adriens33> ^^
2014-07-01T15:23:17 <flutterbrony> Je boit maintenant aussi, comme Berry-Punch
2014-07-01T15:24:13 <adriens33> c'est pas forcément une bonne chose XD
2014-07-01T15:24:28 <Berry-Punch> Tu en *hic* as pour moi adriens33 ?
2014-07-01T15:25:19 <Berry-Punch> Commandes disponibles *hic* :
2014-07-01T15:25:19 <Berry-Punch> say do *hic* flag reload stop op niorphlo list kick welcome voice help devoice niorph history muffin deop
2014-07-01T15:25:44 <Berry-Punch> Commandes disponibles : *hic* 
2014-07-01T15:25:44 <Berry-Punch> say do flag reload stop op niorphlo list kick welcome *hic* voice help devoice niorph history muffin deop
2014-07-01T15:26:00 <Berry-Punch> Commandes disponibles : *hic* 
2014-07-01T15:26:00 <Berry-Punch> say do flag reload stop op *hic* niorphlo list kick welcome voice help devoice niorph history muffin deop
2014-07-01T15:26:02 <flutterbrony> J'arrêterais quand il arrêteras de boire ^^
2014-07-01T15:26:23 <adriens33> Heu…
2014-07-01T15:26:24 <flutterbrony> enfin, j'arrête maintenant, j'ai jamais aimé l'alcool x)
2014-07-01T15:26:24 <Berry-Punch> Qu'est-ce que j'ai *hic* soif…
2014-07-01T15:26:46 <adriens33> On sait Berry on sait >_<
2014-07-01T17:02:07 <Shinsaber> *hoc* !
2014-07-01T17:02:26 *** heuzef s'est connecté
2014-07-01T17:02:27 *** heuzef est parti
2014-07-01T17:02:48 *** heuzef s'est connecté
2014-07-01T17:02:53 <heuzef> plop
2014-07-01T17:02:57 <MaCharon> slt
2014-07-01T17:03:01 <heuzef> J'attend le bus wildfier et j'arrive ;)
2014-07-01T17:03:10 <flutterbrony> salut
2014-07-01T17:03:16 <heuzef> Qui d'autre nous rejoins à Giroll ? J'ai envie de vous voir ^^
2014-07-01T17:03:54 <adriens33> ptet moi
2014-07-01T17:04:02 <heuzef> o/
2014-07-01T17:04:30 <flutterbrony> Je pourrais pas ...
2014-07-01T17:04:44 <heuzef> Partie remise ;)
2014-07-01T17:05:29 <flutterbrony> D'ailleur, c'est ou ? (dans Bordeaux j'imagine ^^)
2014-07-01T17:05:41 <heuzef> A côté de la fnac
2014-07-01T17:05:52 <heuzef> www.giroll.org
2014-07-01T17:08:34 <Shinsaber> moi j'y vais
2014-07-01T17:10:44 <heuzef> yay ^^
2014-07-01T17:19:34 *** Gordfang est parti
2014-07-01T17:19:53 <heuzef> Letarumavza: ???
2014-07-01T17:20:28 * Berry-Punch lance un muffin sur Letarumavza à 1358 km/h
2014-07-01T17:20:28 <Berry-Punch> MUFFIN RAINBOOM !! *hic* 
2014-07-01T17:20:28 <heuzef> !muffin Letarumavza
2014-07-01T17:21:01 <heuzef> Pourquoi il est jamais la quand c'est important ...
2014-07-01T17:21:07 <wildfier> tu veux nous voir heuzef ? c'est mignon XD
2014-07-01T17:21:16 <heuzef> vi :3
2014-07-01T17:21:57 <wildfier> du coup t'arrives à quel heure à giroll ?
2014-07-01T17:22:09 <heuzef> J'attend toujours ce putain de bus
2014-07-01T17:22:29 <heuzef> après j'ai plus de 30 mi de bus
2014-07-01T17:22:47 <heuzef> Donc je dirais 18h30 à vu de nez
2014-07-01T17:22:57 <wildfier> ouais donc t'arrives à l'heure XD
2014-07-01T17:23:12 <heuzef> je m'avance pas
2014-07-01T17:23:15 <wildfier> pas besoins de moi pour accueillir ta copine XD
2014-07-01T17:23:32 <heuzef> bon bertrand fait chier à pas répondre
2014-07-01T17:23:46 <wildfier> anyway je serais là
2014-07-01T17:23:57 <wildfier> tu veux que j'arrive un peu plus tôt peut être ?
2014-07-01T17:24:40 <heuzef> J'ai mis en prod son dernier commit sur BC
2014-07-01T17:24:50 <heuzef> Mais comme un gland j'ai pas test avant
2014-07-01T17:25:06 <heuzef> et evidemment son commit est bugé
2014-07-01T17:25:17 <wildfier> c'est quoi le pb ?
2014-07-01T17:25:23 <heuzef> Du coup le site est HS
2014-07-01T17:25:41 <wildfier> ? je suis sur bc là
2014-07-01T17:25:48 <heuzef> https://github.com/bronycub/v2/commit/e3f6839f0288a55114578d2e81160b5ce8822120
2014-07-01T17:25:53 <heuzef> Ce baka à utilisé des double quote
2014-07-01T17:26:00 <heuzef> alors qu'il faut des simple quote
2014-07-01T17:26:18 <heuzef> sur les 34 fiches membres ......
2014-07-01T17:26:34 <adriens33> boarf, un ptit sed et c'est bon ;)
2014-07-01T17:26:40 <adriens33> (narmolement)
2014-07-01T17:26:43 <heuzef> Tu peux la ?
2014-07-01T17:26:47 <heuzef> Je suis dans le bus au faite
2014-07-01T17:26:51 <wildfier> ah
2014-07-01T17:26:56 <adriens33> là non, je vais partir
2014-07-01T17:26:58 <wildfier> yep la page membres déconne
2014-07-01T17:27:02 <adriens33> mais tout à l'heure sans doute
2014-07-01T17:27:12 <wildfier> yep
2014-07-01T17:27:14 <wildfier> je le fais
2014-07-01T17:27:29 <heuzef> super ;)
2014-07-01T17:28:08 <adriens33> sinon au pire en attendant tu peut revert les derniers commits… (git checkout <id du commit à restaurer, cf. git log pour ça)
2014-07-01T17:28:38 <heuzef> Ouais mais le souci c'est que y'a eu des commit depuis
2014-07-01T17:28:46 <heuzef> et puis son commit est utile autrement
2014-07-01T17:28:53 <wildfier> ya eu 1 merge
2014-07-01T17:29:00 <heuzef> Donc un sed me semble une bonne idée
2014-07-01T17:29:22 <wildfier> et y a une syntaxe pour dire le commit précédent tel commit
2014-07-01T17:29:31 <adriens33> ouais 'fin en attendant vaut mieux avoir des fct en moins que toute la partie membres en panne
2014-07-01T17:29:31 <heuzef> Ouais c'est bugé de mon coté parfois il me fait des "merge"
2014-07-01T17:29:34 <wildfier> plutôt cool
2014-07-01T17:29:36 <heuzef> je sais même pas pourquoi
2014-07-01T17:30:02 <adriens33> @heuzef ça c'est quand t'as fait des modifs sur deux dépôts locaux différents
2014-07-01T17:30:14 <wildfier> regarde l'arbre des commits
2014-07-01T17:30:18 <wildfier> tu vois que ça se sépare
2014-07-01T17:30:23 <adriens33> (ou du moins quand ton arbre de commit correspond plus à celui sur github)
2014-07-01T17:30:29 <wildfier> donc faut bien merge à un moment ou à un autre
2014-07-01T17:30:29 <heuzef> Ba pourtant j'edite que depuis mon pc
2014-07-01T17:30:47 <adriens33> ben wai mais t'es pas le seul à éditer bc :p
2014-07-01T17:30:48 <wildfier> et letarumavza il à édité depuis ton pc ?
2014-07-01T17:30:53 <wildfier> XD
2014-07-01T17:31:00 <adriens33> du coup
2014-07-01T17:31:05 <heuzef> il est en owner aussi
2014-07-01T17:31:17 <adriens33> comme il a du pusher ses modifs apres que tu aies pull pour faire les tiennes
2014-07-01T17:31:23 <adriens33> t'avais pas ses modifs dans ton arbre local
2014-07-01T17:31:45 <adriens33> sur svn, ça t'aurait juste causé des conflits dans tous les sens.
2014-07-01T17:32:01 <adriens33> (que c'est chiant svn pour ça d'ailleurs…)
2014-07-01T17:32:16 <wildfier> vive git :)
2014-07-01T17:32:21 <adriens33> ouep.
2014-07-01T17:32:29 <adriens33> bon, ben moi gigot
2014-07-01T17:32:30 <adriens33> à toute ;)
2014-07-01T17:32:37 <heuzef> ouais, même si je maitrise pas lol
2014-07-01T17:32:44 <heuzef> a toute
2014-07-01T17:33:17 <adriens33> boarf
2014-07-01T17:33:18 <adriens33> potasse ça
2014-07-01T17:33:18 <adriens33> http://git-scm.com/book/fr
2014-07-01T17:33:18 <adriens33> c'est très bien fait
2014-07-01T17:33:18 <adriens33> (et en français :p)
2014-07-01T17:33:22 *** adriens33 est parti
2014-07-01T17:33:40 <heuzef> thx
2014-07-01T17:40:36 <wildfier> wait
2014-07-01T17:40:42 <wildfier> mais c'est ultra crade ce qu'il a fait
2014-07-01T17:41:05 <wildfier> au lieu d'ajouter une règle css et de l'appliquer
2014-07-01T17:41:06 <heuzef> oui
2014-07-01T17:41:14 <wildfier> il met des "style" dans l'html
2014-07-01T17:41:26 <heuzef> mais bon il voulais colutrer le ticket
2014-07-01T17:41:32 <heuzef> donc voila
2014-07-01T17:41:42 <wildfier> on peux genre juste utiliser un meilleur afficheur utilisant bootstrap
2014-07-01T17:41:54 <wildfier> (j'étais en train de bosser sur un
2014-07-01T17:41:55 <wildfier> )
2014-07-01T17:42:11 <heuzef> wildfier hésite pas à faire ça à ta sauce
2014-07-01T17:42:38 <heuzef> déjà le fait que certaine image soit en 40px et non pas en 32px j'aime pas trop
2014-07-01T17:42:40 <wildfier> ^^
2014-07-01T17:43:21 <wildfier> c'est vrai que faire resize par le client c'est crade
2014-07-01T17:50:27 *** Shinsaber est parti
2014-07-01T17:51:00 <wildfier> tu les veux en 32 ?
2014-07-01T17:51:27 <heuzef> oui si possible
2014-07-01T17:51:47 <wildfier> bas on a qu'à laisser un vieux script php qui met en 32 les images qui le sont pas
2014-07-01T17:51:56 <wildfier> on le run de temps en temps
2014-07-01T17:52:08 <wildfier> et on peut ajouter des images sans ce soucier de ce détail
2014-07-01T17:52:55 *** heuzef est parti
2014-07-01T18:01:08 *** wildfier est parti
2014-07-01T18:05:09 <Letarumavza>  Rah...
2014-07-01T18:42:22 *** adriens33 s'est connecté
2014-07-01T18:42:38 <Berry-Punch> Voilà ce qu'il *hic* s'est passé ces 10 dernières lignes, adriens33
2014-07-01T18:48:45 <Letarumavza> grumpf
2014-07-01T18:49:11 <adriens33> eh bé, pourquoi tu râles ? ^^
2014-07-01T18:49:18 <Letarumavza> Tien si tu pouvais jeter un coups d'oeil au dernier commit que j'ai fiat et vérifier que ça roule ^^
2014-07-01T18:49:49 <adriens33> oulà… y'a flo & wildfier qui sont en train de faire des modifs en même temps… ça risque d'être sport XD
2014-07-01T18:49:56 <adriens33> mais bon
2014-07-01T18:49:58 <Letarumavza> ?
2014-07-01T18:50:17 <Letarumavza> Ils peuvent pas être entrain de faire les modif, je les ai fait en 2sec chrono
2014-07-01T18:50:37 <adriens33> ben ils sont dessus aussi, donc ça va être sport de tout merger apres XD
2014-07-01T18:50:42 <Letarumavza> (ouvrir tous les docs, et un remplace de la ligne bugée par la correction)
2014-07-01T18:50:47 <adriens33> ^^
2014-07-01T18:53:34 <Letarumavza> Punaise je trouve aucun moyen de faire ce resize d'une manière plus éfficace => sur un script j'ai la même qualité et ça oblige à run le script.
2014-07-01T18:53:58 <Letarumavza> => sur un css, ça marche tout simplement pas sur certains navs
2014-07-01T18:54:06 <adriens33> vive les tels…
2014-07-01T18:55:02 <adriens33> j'adore ton comm sur le commit XD
2014-07-01T18:55:09 <Letarumavza> ^^
2014-07-01T18:55:15 <adriens33> « Le clavier a été désigné comme responsable, il sera fouetté. »
2014-07-01T18:56:33 <Letarumavza> Bah quoi, c'est normal non ? ^^
2014-07-01T18:57:27 <Letarumavza> En fait c'est surtout du à une connerie profonde, j'avais un auto-replace de " en ' encore actif dans np++ suite à un prog que j'avais fait dans la journée.
2014-07-01T18:57:50 <Letarumavza> Et comme j'ai fait la modif à 1h du mat (aka bien naze) j'ai pas vu la connerie.
2014-07-01T18:58:38 <Letarumavza> En revanche je pige pas que flo ait pas vu le truc avant de le porter. Je veux dire quand on bosse en équipe on fait gaffe aux erreurs des collègues non ?
2014-07-01T19:00:14 <Letarumavza> D'ailleurs, dans un tout autre ordre d'idée, berry 3.0 tu t'y es attelée ou tu la laisse en standby ?
2014-07-01T19:00:33 *** heuzef s'est connecté
2014-07-01T19:00:51 <heuzef> Letarumavza j'ai pull ta modif
2014-07-01T19:00:55 *** Rei s'est connecté
2014-07-01T19:00:59 <Rei> chalut..^^
2014-07-01T19:01:01 <heuzef> Mais ça marche même pas en faite pour les images
2014-07-01T19:01:07 <Letarumavza> 0o
2014-07-01T19:01:13 <heuzef> Du coup wildfier va corrigé ça ;)
2014-07-01T19:01:19 <heuzef> Mais merci quand même hein :P
2014-07-01T19:01:24 <heuzef> Salut Rei :P
2014-07-01T19:01:27 <Letarumavza> T'as pull mon fix ?
2014-07-01T19:01:42 <Rei> Vava Flo? Au faite, j'ai une montre qui devrait te plaire XD
2014-07-01T19:01:51 <Letarumavza> (y'a une erreur de quote sur l'argument style)
2014-07-01T19:02:04 <Rei> Salut shadow
2014-07-01T19:02:21 <heuzef> ?
2014-07-01T19:02:43 <Rei> Flo => Une montre électronique Miku ^^
2014-07-01T19:03:14 <heuzef> :O !
2014-07-01T19:03:29 <Letarumavza> Bah oui, il était 1h du mat quand j'ai fait la modif style='height:auto; width:auto; max-width:32px; max-height:32px;', et j'ai écrit style="height:auto; width:auto; max-width:32px; max-height:32px;", Il vient de là le gbug critique.
2014-07-01T19:03:34 <Rei> héhé ^^ je l'ai retrouver dans ma chambre y'a pas longtemps
2014-07-01T19:03:52 <heuzef> Sympatique
2014-07-01T19:03:58 <Letarumavza> ^^
2014-07-01T19:04:31 <Letarumavza> @heuzef: j'ai commit la modif avec un petit commentaire là dessus ^^
2014-07-01T19:05:50 <adriens33> @Letarumavza: pour berry 3.0
2014-07-01T19:05:54 <adriens33> en fait je bloque un peu…
2014-07-01T19:05:57 <adriens33> j'aimerais bien
2014-07-01T19:06:00 <adriens33> avancer
2014-07-01T19:06:04 <Letarumavza> Pas le temps ?
2014-07-01T19:06:07 <adriens33> aussi
2014-07-01T19:06:11 <adriens33> (manque de motiv)
2014-07-01T19:06:39 <Letarumavza> ah bah le C... C compliqué ^^
2014-07-01T19:06:59 <Letarumavza> (domage que tu sois pas à coté pour balancer le "badum-tss".)
2014-07-01T19:07:00 <adriens33> nan, juste que quand j'ai pas la motiv c'est même pas la peine, soit j'avance comme dans de la boue, soit je fais du caca.
2014-07-01T19:07:03 <adriens33> ^^
2014-07-01T19:07:15 <adriens33> @Rei re :)
2014-07-01T19:07:22 <Rei> reuhhh ^^
2014-07-01T19:07:44 <Letarumavza> Bah déjà si on commencais par créer la nouvelle branche sur le github ?
2014-07-01T19:07:50 <Letarumavza> ça serait un bon début non ?
2014-07-01T19:07:57 <adriens33> elle y est
2014-07-01T19:07:59 <adriens33> « cbot »
2014-07-01T19:08:34 <Letarumavza> J'y ai pas acces...
2014-07-01T19:08:40 <Letarumavza> OUIN !!!!! *pleure*
2014-07-01T19:08:43 <adriens33> ah
2014-07-01T19:08:44 <adriens33> bon ?
2014-07-01T19:08:57 <adriens33> ben… c'est bien sur le repo de bronycub pourtant oO
2014-07-01T19:09:34 <Letarumavza> héhé...
2014-07-01T19:09:36 <Letarumavza> héhé...
2014-07-01T19:09:39 <Letarumavza> Euh...
2014-07-01T19:09:50 * Letarumavza sort sur la pointe des pieds.*
2014-07-01T19:10:35 *** Rei est parti
2014-07-01T19:11:31 <adriens33> XD
2014-07-01T19:12:07 <adriens33> pourquoi j'ai peur…
2014-07-01T19:13:46 <Letarumavza> Bah il se pourrait qu'éventuellement j'ai pas vu que j'avais ouvert cette version...
2014-07-01T19:13:56 <Letarumavza> En qu'en gros je demandais l'acces en étant déjà dessus...
2014-07-01T19:14:05 <Letarumavza> Faisons simple => où est le gaz ?
2014-07-01T19:16:07 <adriens33> à l'entrée, le gros robinet rouge écrit « ne pas ouvrir » :)
2014-07-01T19:27:20 *** wildfier s'est connecté
2014-07-01T19:27:25 <wildfier> yop
2014-07-01T19:27:34 <wildfier> letarumavza
2014-07-01T19:27:41 <Letarumavza> ?
2014-07-01T19:27:50 <wildfier> commits dégeux sur le site XD
2014-07-01T19:28:11 <Letarumavza> Bah amuses toi à faire marcher ça sur portable en l'invoquant en CSS
2014-07-01T19:28:16 <wildfier> tellement bourrin ton width height dans tous les fichiers membres
2014-07-01T19:28:19 <Letarumavza> Impossible de le faire marcher.
2014-07-01T19:28:20 <wildfier> bootstrap powa
2014-07-01T19:28:41 <Letarumavza> Sur portable ça marchait pas, j'ai du passer par un edit en html direct...
2014-07-01T19:28:42 <wildfier> j'ai modifié la class img-thumbnail
2014-07-01T19:30:14 *** MaCharon est parti
2014-07-01T19:30:25 <Letarumavza> Je suis passé par le bootstrap au début, et ça marche bien sur firefox, waterfoxn, IE et opera, mais dès que j'ai testé sur le portable, impossible de le faire marcher, j'ai du faire une modif en dur.
2014-07-01T19:30:47 <wildfier> ou on fait une nouvelle classe
2014-07-01T19:30:49 <wildfier> plus propre
2014-07-01T19:31:06 <wildfier> en plus tu l'as fais que sur la première image à chaque fois
2014-07-01T19:31:37 <Letarumavza> La modif a été faite en auto, j'ai pas fait les modifs à la main.
2014-07-01T19:32:31 <Letarumavza> (ça c'est fait expres, c'était pour faire un comparatif)
2014-07-01T19:32:52 <Letarumavza> Je m'attendais pas à ce que la modif soit pull directement.
2014-07-01T19:32:55 <adriens33> par contre arriver à casser le responsive design de bootstrap faut y aller :p
2014-07-01T19:33:07 <adriens33> sur portable c'est pas utilisable le site de toute façon :/
2014-07-01T19:33:20 <Letarumavza> Yep, et ça c'est un problème.
2014-07-01T19:33:33 <adriens33> je sais même pas comment c'est possible
2014-07-01T19:33:36 <adriens33> anyway
2014-07-01T19:33:42 <Letarumavza> Bah, HTML en dur
2014-07-01T19:33:59 <wildfier> comment on peux vérifier sur mobile
2014-07-01T19:34:08 <wildfier> que l'image est bien en 32x32
2014-07-01T19:34:26 <Letarumavza> c'est du px, tu mets la page en grossissement 100%
2014-07-01T19:36:08 <Letarumavza> (et pour le test lui-même je l'ai fait via une copie de bronycub hébergée dans la zone de test d'un site que je gère)
2014-07-01T19:36:09 <adriens33> faut y aller avec un microscope et compter les px à la main XD
2014-07-01T19:36:11 <wildfier> je vais pas m'amuser à comparer du 40px avec du 32px à la main XD
2014-07-01T19:36:56 <Letarumavza> Bah c'est une question de proportions texte/image.
2014-07-01T19:37:29 <Letarumavza> ça tiendrait qu'à moi, je rendrais pas le truc compatible portable et je collerai directement les images en 32x
2014-07-01T19:37:37 <adriens33> XD
2014-07-01T19:37:39 <adriens33> bouriiiin
2014-07-01T19:37:47 <wildfier> bas convertir les images sur le dépot en 32
2014-07-01T19:37:52 <wildfier> serait plus propre
2014-07-01T19:38:05 <wildfier> moins de data sur le réseaux
2014-07-01T19:38:07 <adriens33> uep
2014-07-01T19:38:08 <wildfier> pas de resize
2014-07-01T19:38:16 <wildfier> donc moins lourd pour le client
2014-07-01T19:38:24 <adriens33> (ta femme te le dit suvent)
2014-07-01T19:38:27 <Letarumavza> Resize 40 > 32...
2014-07-01T19:38:31 <Letarumavza> Paye le taf client
2014-07-01T19:38:43 <Letarumavza> Faut au moins trois fois ma machine ^^
2014-07-01T19:38:53 <wildfier> rien c'est toujours mieux que peu
2014-07-01T19:38:54 <adriens33> attention: alarme troll
2014-07-01T19:39:04 <wildfier> optimization XD
2014-07-01T19:39:32 <Letarumavza> Optimisation => bonjour je préfère ouvrir mes couilles d'images pour les resize en manuel que de taper une ligne de code...
2014-07-01T19:39:52 <wildfier> bas comment tu les resize ? une ligne de commande XD
2014-07-01T19:40:04 <wildfier> et puis au moins c'est fait une bonne fois pour toute
2014-07-01T19:40:05 <flutterbrony> J'arrive pas a compiler le serveur pour un terminal, tu pourrais me donner dans l'ordre les commandes a passer wildfier s'il te plaît ?
2014-07-01T19:40:11 <wildfier> inutile de recalculer à chaque fois
2014-07-01T19:40:28 <adriens33> for i in *.png; do convert $i -resize 32x32 out-$i ; done
2014-07-01T19:40:30 <wildfier> tu utilises quoi ? qtcreator ? la ligne de commande direct ?
2014-07-01T19:40:38 <adriens33> avec convert=paquet imagemagick
2014-07-01T19:40:41 <flutterbrony> quand je le compile pour un bureau, ca marche toujours mais pas pour les commandes
2014-07-01T19:40:44 <flutterbrony> les 22
2014-07-01T19:40:46 <flutterbrony> les 2*
2014-07-01T19:40:51 <Letarumavza> Bah le truc c'est que dans ce cas tu as juste la même qualité de réduction qu'en utilisant la ligne de CSS
2014-07-01T19:41:10 <wildfier> dans qtcreator
2014-07-01T19:41:15 <Letarumavza> Autant utiliser un algo de réduction bicubique net si c'est pour faire la modif en manuel.
2014-07-01T19:41:16 <adriens33> mais contrairement au css faire le resize en cmd t'es sur que le client aura bien une image en 32x32
2014-07-01T19:41:39 <wildfier> tu vas dans projet
2014-07-01T19:41:50 <wildfier> etapes de compilation
2014-07-01T19:41:54 <wildfier> qmake
2014-07-01T19:42:03 <wildfier> arguments supplémentaires
2014-07-01T19:42:05 <wildfier> CONFIG+=CONSOLE
2014-07-01T19:42:12 <wildfier> tu clean
2014-07-01T19:42:14 <wildfier> tu rebuild
2014-07-01T19:42:41 <Letarumavza> Et paf, ça fait des chocapics !
2014-07-01T19:42:44 * Letarumavza sort.
2014-07-01T19:42:45 <wildfier> ^^
2014-07-01T19:43:14 <Letarumavza> Toujours est-il que putain j'ai fait cette modif à une heure du mat une nuit d'insomnie ^^
2014-07-01T19:43:34 <Letarumavza> C'est surprenant que j'ai pas commit une image de bit dans ces conditions ^^
2014-07-01T19:43:39 <adriens33> …
2014-07-01T19:43:46 <adriens33> t'as oublié un « e » non ?
2014-07-01T19:43:50 <Letarumavza> non
2014-07-01T19:43:56 <adriens33> ouuuais.
2014-07-01T19:43:56 <wildfier> ^^
2014-07-01T19:43:57 <adriens33> XD
2014-07-01T19:44:07 <Letarumavza> ^^
2014-07-01T19:45:21 <Letarumavza> Bon, je propose, on repasse toutes les images en 1080p et en .bmp
2014-07-01T19:45:27 <Letarumavza> Pour une qualité maximale ^^
2014-07-01T19:45:31 <wildfier> BOUUUUUUURRRRRINNNNNN
2014-07-01T19:45:40 <wildfier> pour la même qualité
2014-07-01T19:45:55 <Letarumavza> T'as plus lourd que  du bmp ?
2014-07-01T19:45:56 <adriens33> j'ai mieux
2014-07-01T19:45:58 <adriens33> en raw
2014-07-01T19:46:03 <adriens33> en 4000x3000
2014-07-01T19:46:08 <wildfier> petit joueur
2014-07-01T19:46:11 <adriens33> qui dit plus lourd ? XD
2014-07-01T19:46:14 <wildfier> tu peux encore monter XD
2014-07-01T19:46:26 <wildfier> (et en désactivant la compression sur le serveur http)
2014-07-01T19:46:30 <adriens33> ben du raw c'est plus lourd que du bmp déjà
2014-07-01T19:46:40 <Letarumavza> Hey, on fait une vanne à flo, on lui colle les images en 32kx32k
2014-07-01T19:46:54 <adriens33> heu…
2014-07-01T19:47:02 <Letarumavza> En gif animé, avec trollface intermitante ^^
2014-07-01T19:47:29 <adriens33> @Letarumavza: en bmp 24bits
2014-07-01T19:47:37 <Letarumavza> @adrien33: J'ai laché le méchantox, je me désintoxique avec du trollox.
2014-07-01T19:47:41 <wildfier> c'est bon flutterbrony ?
2014-07-01T19:47:48 <adriens33> 32k×32k ça fait du 24.5 gigaoctet
2014-07-01T19:48:01 <adriens33> gigabit pardon.
2014-07-01T19:48:14 <adriens33> (ce qui fait tout de même 3Go)
2014-07-01T19:48:37 <Letarumavza> Voir flo péter un cable nucléaire, ça n'a pas de prix.
2014-07-01T19:48:37 <Letarumavza> $
2014-07-01T19:49:17 <adriens33> et en animé à 25frames / s
2014-07-01T19:49:21 <adriens33> ça fait du 76.8Go / s
2014-07-01T19:49:50 <Letarumavza> Je propose de rajouter une trollface en ascii art dans le bootstrap ^^
2014-07-01T19:50:06 <wildfier> ...
2014-07-01T19:50:06 <adriens33> chiche
2014-07-01T19:50:12 * Letarumavza prend toute une boite de trollox.
2014-07-01T19:50:15 <Letarumavza> Vendu !
2014-07-01T19:50:16 <adriens33> XD
2014-07-01T19:50:26 <wildfier> ninja caché dans un commit
2014-07-01T19:51:46 <flutterbrony> non
2014-07-01T19:51:49 <wildfier> flutterbrony : la commande que qtcreator me génère
2014-07-01T19:52:08 <Letarumavza> banco wild ^^
2014-07-01T19:52:13 <wildfier> qmake <dossier de compilantion> -r -spec linux-g++ CONFIG+=CONSOLE
2014-07-01T19:52:25 <wildfier> donc tu te met à la racine du projet
2014-07-01T19:52:43 <wildfier> tu lance ça en remplaçant le dossier vers ce que tu veux
2014-07-01T19:52:46 <wildfier> make
2014-07-01T19:57:02 <flutterbrony> même erreur
2014-07-01T19:57:18 <adriens33> bon, ++
2014-07-01T19:57:24 *** adriens33 est parti
2014-07-01T19:58:35 <wildfier> ++
2014-07-01T19:58:39 <wildfier> je re
2014-07-01T19:58:47 <wildfier> c'est quoi l'erreur ?
2014-07-01T19:59:16 <flutterbrony> collect2: error: ld returned 1 exit status
2014-07-01T19:59:16 <flutterbrony> make: *** [LoE_PrivateServer] Erreur 1
2014-07-01T19:59:35 <wildfier> ta fais un make clean ?
2014-07-01T19:59:38 *** heuzef est parti
2014-07-01T20:00:43 <wildfier> bon je re ce soir
2014-07-01T20:03:19 *** ValCab33 est parti
2014-07-01T20:03:44 <flutterbrony> Je l'ai relancé ...
2014-07-01T20:03:51 <flutterbrony> pour l'instant pas de problème
2014-07-01T20:05:19 *** wildfier est parti
2014-07-01T20:06:55 <flutterbrony> Y'a pas d'executable ???
2014-07-01T20:26:01 <flutterbrony> arrête avec tes *hic* ! toi ^^
2014-07-01T20:39:40 *** ValCab33 s'est connecté
2014-07-01T20:39:49 <ValCab33> Reuh
2014-07-01T20:42:20 *** heuzef s'est connecté
2014-07-01T20:43:17 <Berry-Punch> Voilà ce qu'il s'est *hic* passé ces 10 dernières lignes, heuzef
2014-07-01T20:43:18 <heuzef> !history
2014-07-01T20:43:36 <ValCab33> Kuku
2014-07-01T20:44:36 <heuzef> prout
2014-07-01T20:59:18 *** heuzef est parti
2014-07-01T21:02:26 <Berry-Punch> Voilà ce qu'il s'est *hic* passé ces 10 dernières lignes, flutterbrony
2014-07-01T21:02:27 <flutterbrony> !history
2014-07-01T21:14:00 * Letarumavza se pend
2014-07-01T21:14:23 <Letarumavza> Putain de crétin d'autiste attardé à la purée de groseilles...
2014-07-01T21:14:28 <flutterbrony> Au revoir Letarumavza
2014-07-01T21:14:31 <Letarumavza> J'ai pas commit les bon changements...
2014-07-01T21:15:04 <Letarumavza> Depuis hier je commit mes beta sur la v2 et je push mes finales sur mon serveur de test...
2014-07-01T21:15:22 <Letarumavza> J'ai permuté les deux lignes de script...
2014-07-01T21:15:24 <Letarumavza> Fuck me !
2014-07-01T21:15:36 *** flutterbrony est parti
2014-07-01T21:16:15 *** flutterbrony s'est connecté
2014-07-01T21:16:17 <flutterbrony> re
2014-07-01T21:16:26 <Berry-Punch> Voilà ce qu'il s'est passé ces 10 dernières *hic* lignes, flutterbrony
2014-07-01T21:16:27 <flutterbrony> !history
2014-07-01T21:17:04 <flutterbrony> bon bah, il me semblais qu'on m'avais parlé ...
2014-07-01T21:34:52 *** flutterbrony est parti
2014-07-01T21:46:20 *** Letarumavza est parti
2014-07-01T21:47:17 *** Letarumavza s'est connecté
2014-07-01T21:58:20 <Letarumavza> fuck da police !
2014-07-01T22:07:21 *** Letarumavza est parti
2014-07-01T22:41:22 *** ludvann s'est connecté
2014-07-01T22:41:31 <ludvann> Niorph
2014-07-01T22:41:46 <ludvann> Ils sont tous à giroll ?
2014-07-01T23:02:57 *** adriens33 s'est connecté
2014-07-01T23:03:04 <adriens33> 'soir
2014-07-01T23:07:21 <ludvann> Soir'
2014-07-01T23:07:36 <ludvann> Ils sont à giroll ?
2014-07-01T23:09:46 <adriens33> giroll ça ferme à 20h…
2014-07-01T23:10:03 <adriens33> donc je pense pas non ^^
2014-07-01T23:10:11 <ludvann> ... ^^
2014-07-01T23:10:18 <adriens33> et tout à l'heure y'avait moi, wildfier, heuzef & shinsaber
2014-07-01T23:10:19 <adriens33> c'tout
2014-07-01T23:10:26 <adriens33> les autres ben
2014-07-01T23:10:34 <adriens33> il doivent dodo à mon avis ^^
2014-07-01T23:10:38 <ludvann> D'ac
2014-07-01T23:10:43 <adriens33> (d'ailleurs je vais pas tarder à aller faire de même)
2014-07-01T23:10:50 <ludvann> Ok
2014-07-01T23:26:54 <adriens33> bonne nuit
2014-07-01T23:26:58 <adriens33> ++
2014-07-01T23:27:03 *** Rei s'est connecté
2014-07-01T23:27:14 <adriens33> arf
2014-07-01T23:27:17 <Rei> coucou
2014-07-01T23:27:20 <adriens33> coucou ^^
2014-07-01T23:27:28 <adriens33> t'arrives au moment ou je dis bonne nuit XD
2014-07-01T23:27:45 <adriens33> tu as des antennes ?
2014-07-01T23:27:52 <Rei> bah bonne nuit^^
2014-07-01T23:28:09 <adriens33> bah, pas grave, jpeux rester 5mn de plus
2014-07-01T23:29:44 *** Rei est parti
2014-07-01T23:29:48 <adriens33> ah ok;
2014-07-01T23:30:02 <adriens33> bon ben ++.
2014-07-01T23:30:16 *** adriens33 est parti
2014-07-01T23:31:01 *** Rei s'est connecté
2014-07-01T23:31:10 <Rei> vive la déco pour je ne sais quel raison
2014-07-01T23:31:12 <Rei> XD
2014-07-01T23:32:08 <ludvann> ^^
2014-07-01T23:32:27 <Rei> nyahhhhhhhhhh adrien est parti T.T
2014-07-01T23:35:39 *** ludvann est parti
2014-07-01T23:35:51 *** ludvann s'est connecté
2014-07-01T23:36:51 *** Rei est parti
2014-07-01T23:38:24 *** ludvann est parti
2014-07-01T23:38:41 *** ludvann s'est connecté
2014-07-01T23:38:42 *** ludvann est parti
2014-07-01T23:38:56 *** ludvann s'est connecté
2014-07-01T23:41:26 *** wildfier s'est connecté
2014-07-01T23:48:01 *** wildfier est parti
