2014-12-21T00:02:41 *** ELiDYROS est parti
2014-12-21T00:07:08 *** flutterbrony est parti
2014-12-21T00:17:09 <adriens33> tain il est déjà minuit 17 ? o.o j'ai pas vu l'heure passer moi
2014-12-21T00:17:24 <MaCharon> :p
2014-12-21T00:29:33 *** TrappyTickles est parti
2014-12-21T02:06:44 *** MaCharon est parti
2014-12-21T03:22:15 *** adriens33 est parti
2014-12-21T12:54:30 *** adriens33 s'est connecté
2014-12-21T14:12:09 *** ELiDYROS s'est connecté
2014-12-21T16:13:35 *** flutterbrony s'est connecté
2014-12-21T16:14:00 <adriens33> hello ELiDYROS
2014-12-21T16:14:03 <adriens33> hello flutterbrony
2014-12-21T16:14:21 <flutterbrony> salut
2014-12-21T16:15:24 <flutterbrony> J'aime quand ma mère m'appelle sur mon telephone a 2 heures et demie du matin pour me demander de verifier que l'aquarium de mon frère est bien éteint.
2014-12-21T16:16:44 <flutterbrony> Surtout quand elle peut le faire elle même vu qu'elle m'appelle c'est qu'elle est réveillé, qu'elle reveille pass les autres qui dorment(geek)
2014-12-21T18:11:45 *** adriens33 est parti
2014-12-21T18:25:44 *** adriens33 s'est connecté
2014-12-21T19:09:11 <ELiDYROS> B'soir
2014-12-21T19:10:48 <flutterbrony> 'soir
2014-12-21T19:10:52 <adriens33> soir
2014-12-21T19:18:21 <ELiDYROS> Comment va ?
2014-12-21T19:18:29 <adriens33> ça va
2014-12-21T19:18:32 <adriens33> et toi
2014-12-21T19:18:35 <adriens33> *?
2014-12-21T19:19:31 <ELiDYROS> Bien
2014-12-21T19:19:45 <ELiDYROS> J'ai fait ma petite session rétro cet après midi. Toujours ok pour demain ?
2014-12-21T19:20:12 <adriens33> ouai ^^
2014-12-21T20:34:38 *** Bybeez s'est connecté
2014-12-21T20:34:45 <adriens33> hello Bybeez
2014-12-21T20:34:45 <Bybeez> Hey les chocos !
2014-12-21T20:34:52 <Bybeez> Comment va ?
2014-12-21T20:35:56 <flutterbrony> salut
2014-12-21T20:38:55 <flutterbrony> bien et toi ?
2014-12-21T20:39:09 <Bybeez> tranquillou
2014-12-21T20:39:44 <flutterbrony> Je pense avoir trouvé quel pc je vais me monter
2014-12-21T20:40:16 <Bybeez> ah ?
2014-12-21T20:41:05 <flutterbrony> Je t'envoie ca par skype pour pas spammer le chat ^^
2014-12-21T20:41:51 <adriens33> lol
2014-12-21T20:42:11 <adriens33> le jour ou le chat sera spam je pense qu'on pourra sortir le champ XD
2014-12-21T20:43:15 <flutterbrony> Tu veux que je le mette là ?
2014-12-21T20:43:37 <flutterbrony> (habitude du chat d'ubuntu-fr XD )
2014-12-21T20:43:52 <adriens33> bah y'a des pastebin ^^
2014-12-21T20:44:01 <flutterbrony> il me disent que je spamme dès qu'il y a 2 lignes
2014-12-21T20:44:03 <adriens33> pis on sait jamais ptet ça intéresse les autres aussi XD
2014-12-21T20:44:08 <adriens33> boh.
2014-12-21T20:44:17 <flutterbrony> PROCESSEUR : amd FX8320  PRIX : 130€
2014-12-21T20:44:17 <flutterbrony> CARTE MERE : Gigabyte 990XA-UD3 prix : 90€
2014-12-21T20:44:17 <flutterbrony> RAM : 8Go Kingston prix : 80€
2014-12-21T20:44:17 <flutterbrony> ALIM : Corsair HX750W 80+ Gold prix : 130€
2014-12-21T20:44:18 <flutterbrony> BOITIER :  Zalman Z9 prix : 40€
2014-12-21T20:44:18 <flutterbrony> Ventirad : Alpenföhn Brocken prix : 30€
2014-12-21T20:44:18 <flutterbrony> Carte graphique :
2014-12-21T20:44:18 <flutterbrony> disque dur : SSHD 1To prix : 70€
2014-12-21T20:44:19 <flutterbrony> processeur : AMD FX 8320 prix : 130€
2014-12-21T20:44:38 <flutterbrony> on peux elever 10 a 30€ facilement au prix de chaque composant
2014-12-21T20:44:47 <adriens33> t'as pas de carte graphique ? :P
2014-12-21T20:44:53 <flutterbrony> pas encore :/
2014-12-21T20:44:59 <adriens33> d'accord
2014-12-21T20:45:22 <flutterbrony> Je cherche toujours laquelle est meilleur pour faire des jeux sur linux et Windows
2014-12-21T20:45:30 <adriens33> bah nvidia déja
2014-12-21T20:45:45 <Bybeez> Ouaip
2014-12-21T20:46:03 <adriens33> (amd c'est meme pas la peine d'essayer de le faire marcher correctement sans bugguer de partout, et intel c'pas assez puissant)
2014-12-21T20:46:20 <Bybeez> Je plussoie
2014-12-21T20:46:25 <flutterbrony> Et sinon, si j'ai le reste et que j'ai pas encore trouvé, j'ai un pote qui me donne son ancienne carte graphique
2014-12-21T20:47:09 <flutterbrony> une Nvidia justement avec 1Go de ram graphique
2014-12-21T20:49:46 <flutterbrony> Une qui arrive a faire tourner n'importe quel jeux en moyen sans trop de problème d'après lui. Il l'a changé parce qu'il voulais jouer en Ultra
2014-12-21T20:51:24 <adriens33> ^^
2014-12-21T20:52:04 <flutterbrony> C'est pas trop mal, je m'attendais pas du tout a ce qu'il me fasse ce cadeau ^^
2014-12-21T20:53:13 <flutterbrony> Si un autre truc qui ne lui plaisait pas, c'étais qu'elle faisais pas mal de bruit sur de gros jeu
2014-12-21T21:01:58 <adriens33> c'est quoi comme carte ?
2014-12-21T21:02:41 <flutterbrony> J'ai plus la référence, juste une Nvidia :D
2014-12-21T21:03:28 <flutterbrony> avec 1 Go de ram graphique
2014-12-21T21:22:43 <adriens33> c'est vague XD
2014-12-21T22:40:56 *** flutterbrony est parti
2014-12-21T22:42:08 *** Bybeez est parti
2014-12-21T23:24:49 *** Sworky s'est connecté
2014-12-21T23:24:57 <Sworky> Salut
2014-12-21T23:24:58 <adriens33> bonsoir
2014-12-21T23:25:06 <Sworky> Ça va ?
2014-12-21T23:25:10 <adriens33> bien ^^
2014-12-21T23:25:13 <adriens33> et toi ?
2014-12-21T23:25:19 <Sworky> Nickel merci
2014-12-21T23:25:43 <adriens33> nouveau ? :)
2014-12-21T23:25:58 <adriens33> (ou nouvelle)
2014-12-21T23:25:59 <Sworky> Ouais, je viens de voir le site
2014-12-21T23:26:04 <Sworky> Nouveau
2014-12-21T23:26:05 <adriens33> ok ^^
2014-12-21T23:26:14 <adriens33> !welcome Sworky
2014-12-21T23:26:24 <Sworky> Merci merci
2014-12-21T23:26:27 <adriens33> ^^
2014-12-21T23:26:43 <Sworky> J'étais jamais allé voir les coppains de la nlr
2014-12-21T23:26:44 <adriens33> (donc ça c'est la mascotte de bronycub, et c'est un bot ;) )
2014-12-21T23:26:51 <Sworky> Ah
2014-12-21T23:27:17 <adriens33> (bawi, berry, vin, bordeaux, tout ça… XD
2014-12-21T23:27:18 <adriens33> *)
2014-12-21T23:27:28 <Sworky> Ouais ça se tient
2014-12-21T23:27:48 <adriens33> ^^
2014-12-21T23:27:58 <Sworky> Tout le monde est de la CUB donc ?
2014-12-21T23:28:14 <adriens33> principalement oui :)
2014-12-21T23:28:22 <Sworky> C'est cool
2014-12-21T23:28:40 <adriens33> oui, ça permet de pouvoir s'organiser des trucs et de se voir en vrai
2014-12-21T23:29:02 <adriens33> (y'a ~45 membres d'enregistrés aux dernière nouvelles, ptet plus je suis pas à jour)
2014-12-21T23:29:14 <Sworky> Quanb même
2014-12-21T23:29:19 <adriens33> oui =3
2014-12-21T23:29:58 <Sworky> Je pensais être le seul dans mon bled, du coup non
2014-12-21T23:30:18 <adriens33> oh non :3 tu es vers où ?
2014-12-21T23:30:25 <Sworky> Lacanau
2014-12-21T23:30:47 <Sworky> C'est pas vraiment à coté mais bon
2014-12-21T23:30:48 <adriens33> d'accord ^^
2014-12-21T23:31:16 <adriens33> oui, mais t'es pas au pôle nord non plus :)
2014-12-21T23:31:23 <Sworky> Certes
2014-12-21T23:31:26 <adriens33> ^^
2014-12-21T23:40:58 <Sworky> T'as lu les comics ?
2014-12-21T23:42:51 <adriens33> nope ^^" pas encore
2014-12-21T23:43:48 <Sworky> Franchement si tu peux, lis-les, ils sont quasiment mieux que les animes
2014-12-21T23:43:53 <adriens33> ^^
2014-12-21T23:44:04 <adriens33> c'est prévu ouais :)
