2014-11-15T00:08:39 *** adriens33 est parti
2014-11-15T00:46:08 *** Gordfang est parti
2014-11-15T01:16:20 <Jinxypie> hum...
2014-11-15T01:16:33 <Jinxypie> Va falloir recenser les joueurs de lol de bornycub
2014-11-15T01:16:41 <MaCharon> pk?
2014-11-15T01:16:54 <Jinxypie> Pour... Jouer ensemble ?
2014-11-15T01:17:03 <MaCharon> ben je suis supp
2014-11-15T01:17:21 <Jinxypie> C'est quoi ton nom d'invoc ?
2014-11-15T01:17:23 <Jinxypie> (je joue adc)
2014-11-15T01:17:32 <MaCharon> Xavego
2014-11-15T01:17:58 <Jinxypie> T'es en bronze 4 ?
2014-11-15T01:18:07 <MaCharon> fais un petit moment que j'ai pas joué (je suis sur un mmo) mais si tu veux play a un moment previent moi
2014-11-15T01:18:19 <MaCharon> je fais pas de ranked
2014-11-15T01:18:29 <MaCharon> sauf quand on me propose
2014-11-15T01:18:32 <Jinxypie> ok, perso j'en fait un peu.
2014-11-15T01:18:56 <MaCharon> ben pour le peux que j'en ai fait ça m'envoit pas du reve
2014-11-15T01:19:10 <Jinxypie> Bah...
2014-11-15T01:19:23 <Jinxypie> Bronze c'est abrutiland
2014-11-15T01:19:36 <Jinxypie> en silver ça commence déjà à être mieux.
2014-11-15T01:19:59 <Jinxypie> Mais c'est surtout à partir de gold que tu commences à faire du play vraiment intéréssant.
2014-11-15T01:20:17 <MaCharon> sinn je main Sona, ensuite Janna Nami Leona Tresh....
2014-11-15T01:20:19 <Jinxypie> (perso je suis monté à silver 1 cette saison, et je suis redéscendu à silver5 pour cause d'absence)
2014-11-15T01:20:31 <Jinxypie> Leona, dat perso
2014-11-15T01:20:32 <MaCharon> silver Oo
2014-11-15T01:20:52 <MaCharon> a un moment elle etait tellement cheat
2014-11-15T01:21:07 <Jinxypie> C'est toujours un putain de tank
2014-11-15T01:21:13 <MaCharon> tu tower dive lvl 1
2014-11-15T01:21:24 <MaCharon> oui c'est sur
2014-11-15T01:21:45 <Jinxypie> gapcloser avec root de 0.5s, stun d'1.5s, et le tout sous réduc damage...
2014-11-15T01:22:07 <Jinxypie> si tu max Z>E>A t'es imbutable.
2014-11-15T01:22:20 <MaCharon> ouai si tu le dit, je fait pas vraiment dans le technique ^^
2014-11-15T01:22:31 <Jinxypie> Et pour faire chier, le must c'est d'aller prendre un zhonya.
2014-11-15T01:22:37 <Jinxypie> (armure + ap)
2014-11-15T01:22:51 <MaCharon> apres faut penser a l'activer le Zhonia ^^
2014-11-15T01:23:13 <Jinxypie> C'est surtout que ton Z up ton armure en fonction de ce que tu as.
2014-11-15T01:23:29 <MaCharon> je l'adore le Z
2014-11-15T01:23:37 <Jinxypie> Donc le sablier te up à la fois la resist du Z et les dégats AOE
2014-11-15T01:23:59 <Jinxypie> J'aime aussi, le nombre de poke que j'ai déçu avec. ^^
2014-11-15T01:24:38 <MaCharon> ouai faut faire gaffe a pas ks avec l'explosion du shield
2014-11-15T01:24:42 <Jinxypie> Après je joue aussi pas mal au mid, avec ahri notament (même si elle souffre de ses nerfs)
2014-11-15T01:24:58 <MaCharon> nn moi que supp
2014-11-15T01:26:52 <Jinxypie> T'as essayé la nouvelle soraka ?
2014-11-15T01:27:23 <MaCharon> soraka c'est pas trop mon kiff
2014-11-15T01:27:41 <MaCharon> au final je joue que quelques perso bien specifiques
2014-11-15T01:27:48 <Jinxypie> L'ancienne version était trop passive, très chiante.
2014-11-15T01:28:01 <Jinxypie> La nouvelle est vraiment très playmaker
2014-11-15T01:28:08 <Jinxypie> (avec un root et un snare)
2014-11-15T01:30:45 <MaCharon> bah c'est comme Janna qui est (je trouve) un support plutot défensif
2014-11-15T01:31:24 <Jinxypie> yep
2014-11-15T03:17:22 *** MaCharon est parti
2014-11-15T07:42:07 *** adriens33 s'est connecté
2014-11-15T10:39:46 *** adriens31 s'est connecté
2014-11-15T10:41:18 <Jinxypie> beuharf ?
2014-11-15T10:42:46 *** adriens33 est parti
2014-11-15T10:51:41 *** TrappyTickles s'est connecté
2014-11-15T11:38:41 <adriens31> ...
2014-11-15T11:38:43 *** adriens31 est parti
2014-11-15T13:15:30 *** MaCharon s'est connecté
2014-11-15T13:17:01 <MaCharon> salut
2014-11-15T13:55:51 *** Gordfang s'est connecté
2014-11-15T13:55:55 <Gordfang> yo!
2014-11-15T13:55:59 <Gordfang> heuzef est pas la forcement
2014-11-15T13:56:13 <MaCharon> ^^
2014-11-15T14:03:47 <Gordfang> https://www.youtube.com/watch?v=1oQ4g-_VC2w
2014-11-15T14:03:54 <Gordfang> pour ceux qui l'ont pas vu
2014-11-15T15:14:06 *** adriens33 s'est connecté
2014-11-15T15:14:14 <adriens33> bonjour
2014-11-15T15:14:25 <MaCharon> salut
2014-11-15T15:26:34 <adriens33> quoi de neuf ?
2014-11-15T15:26:52 <MaCharon> bah pas grand chose XD
2014-11-15T15:59:08 <adriens33> t'es le seul à pas pioncer sur son clavier on dirait
2014-11-15T15:59:55 <MaCharon> moi ? non non je pionce pas
2014-11-15T16:00:14 <adriens33> bah ouai justement
2014-11-15T16:00:21 <adriens33> on dirait que t'es le seul
2014-11-15T16:01:04 <MaCharon> ^^
2014-11-15T18:23:21 *** adriens31 s'est connecté
2014-11-15T18:25:38 *** adriens33 est parti
2014-11-15T18:36:02 <adriens31> ...
2014-11-15T18:36:30 <adriens33> ok...
2014-11-15T18:36:35 *** adriens33 est parti
2014-11-15T18:36:43 *** adriens33 s'est connecté
2014-11-15T18:37:38 <MaCharon> un probleme ?
2014-11-15T18:39:12 <adriens33> oui.
2014-11-15T18:39:17 <adriens33> j'enn ai marre de déco ><
2014-11-15T18:39:37 <adriens33> et  c'est soit ça soit j'ai un débit de merde…
2014-11-15T18:39:48 <Jinxypie> j'aurai bientot la fibre
2014-11-15T18:39:54 * Jinxypie danse
2014-11-15T18:40:02 <MaCharon> je compatis adriens
2014-11-15T18:40:17 <adriens33> saloperie de ligne… orange est meme pas foutu me maintenir de pauvres fils de cuivres en état…
2014-11-15T18:40:39 <adriens33> et le nra est à 800m de chez moi, je passe devant en allant faire les courses
2014-11-15T18:40:55 <adriens33> j'ai autant d'atténuation que si j'étais à 3km ><
2014-11-15T18:41:31 <adriens33> Jinxypie: toi t'as triché
2014-11-15T18:46:14 <MaCharon> dit moi Leta du JDR ça t’intéresse ?
2014-11-15T19:34:54 *** Bybeez s'est connecté
2014-11-15T19:34:55 <Bybeez> Salut !
2014-11-15T19:35:12 <Bybeez> Pourquoi je me fais du mal comme ça ? T.T !
2014-11-15T19:35:29 <Bybeez> J'ai cherché les chanson re RainbowRocks en VF
2014-11-15T19:35:32 <Bybeez> T.T
2014-11-15T19:35:47 <Bybeez> Mes oreilles pleurent des larmes de sang !
2014-11-15T19:35:52 <Bybeez> Sniiif
2014-11-15T19:37:59 <Gordfang> :p
2014-11-15T19:39:24 <Bybeez> Tricks up my sleeve, en français c'est une abomination innommable !
2014-11-15T19:49:51 <Bybeez> Je vais y aller mais je vous laisse ça en partant https://www.youtube.com/watch?v=O2GTGKxr-xE
2014-11-15T19:49:55 *** Bybeez est parti
2014-11-15T19:50:18 <Jinxypie> quand MaCharon ?
2014-11-15T19:50:38 <Jinxypie> adriens33, j'ai à peine modifié leur plan de ccablage...
2014-11-15T20:11:52 <MaCharon> ben ça serai dimanche de la semaine prochaine, on fait du Anima
2014-11-15T21:04:59 *** adriens33 est parti
2014-11-15T21:13:46 *** strycore est parti
2014-11-15T21:20:44 *** strycore s'est connecté
2014-11-15T21:28:26 *** Bybeez s'est connecté
2014-11-15T21:28:27 <Bybeez> Yo
2014-11-15T21:28:50 <MaCharon> salut
2014-11-15T21:29:42 <Bybeez> Comment va ?
2014-11-15T21:30:07 <MaCharon> tranquille tranquille
2014-11-15T22:35:48 <Bybeez> Je vous abandonne un moment, je vais jouer a Katawa Shouju
2014-11-15T22:36:02 <MaCharon> oki
2014-11-15T22:36:28 <MaCharon> d'ailleur tu pourrais me repasser ton site de vn stp ?
2014-11-15T22:40:10 <Bybeez> http://kawasoft.fr/
2014-11-15T22:40:13 <Bybeez> Voila
2014-11-15T22:40:34 <MaCharon> thx
