2014-08-17T00:19:23 <ELiDYROS> C'est problematique la majorité de mes jeux sont très orientés
2014-08-17T00:19:44 <adriens33> comment ça ?
2014-08-17T00:20:22 <ELiDYROS> J'ai des gouts particuliers donc ça ne facilite pas l'échange
2014-08-17T00:20:24 <ELiDYROS> Je pense
2014-08-17T00:20:41 <adriens33> bah… au moins ça te fait des sujets de discussion ^^
2014-08-17T00:22:39 <ELiDYROS> D'expérience je sais que cela peut parfois être difficile de faire découvrir de nouveaux jeux ou de nouveaux genre
2014-08-17T00:23:01 <adriens33> :/
2014-08-17T00:23:23 <ELiDYROS> Sauf une fois !
2014-08-17T00:23:36 <ELiDYROS> J'ai converti quelque chose comme 7 personnes à Monster Hunter
2014-08-17T00:26:09 <adriens33> ^^
2014-08-17T00:31:36 <Lenile> J'avais acheter Monster Hunter Tri sur Wii
2014-08-17T00:31:40 <Lenile> ça ma fait l'effet Oblivion
2014-08-17T00:31:47 <Lenile> Je l'est revendu le jour d'apres
2014-08-17T00:31:50 <Lenile> Comme oblivion
2014-08-17T00:31:52 <Lenile> Et Skyrin$
2014-08-17T00:31:56 <Lenile> Skyrim*
2014-08-17T00:32:04 <ELiDYROS> MH n'a pas d'intérêt si tu joues pas avec 3 potes
2014-08-17T00:32:15 <ELiDYROS> et que t'es pas un minimum motivé
2014-08-17T00:32:32 <Lenile> Bah j'me suis dit "Epic" en voyant la pub
2014-08-17T00:32:35 <Lenile> J'était sur le jeux
2014-08-17T00:32:39 <Lenile> c'était LEEEEEEENNNNT
2014-08-17T00:33:13 <ELiDYROS> Parce que le gameplay est rustique, et que les fans n'ont pas envie de changement
2014-08-17T00:33:21 <ELiDYROS> si tu veux du fast paced joue à God Eater
2014-08-17T00:33:25 <Lenile> Nan
2014-08-17T00:33:32 <Lenile> J'ai stoper se genre de jeux !
2014-08-17T00:34:00 <ELiDYROS> Perso je joue quasiment plus qu'à des jeux de fight et des monter hunter-like
2014-08-17T00:34:09 <ELiDYROS> pour multiples raisons à vraie dire
2014-08-17T00:34:12 <Lenile> x)
2014-08-17T00:34:30 <ELiDYROS> La première étant que j'en ai marre de payer 70€ pour la majorité des jeux et de les finir en une journée
2014-08-17T00:34:47 *** ValCab33 s'est connecté
2014-08-17T00:34:58 <ELiDYROS> Ensuite je me rends compte que je préfère les jeux qui demandent du "skill" et de l'investissement
2014-08-17T00:35:00 <ValCab33> Bonswère
2014-08-17T00:35:02 <Lenile> Moi je paye mes jeux sur steam sur diverse sites
2014-08-17T00:35:05 <Lenile> coute moin chère
2014-08-17T00:35:22 <ELiDYROS> J'ai quelques jeux steams mais je joue pas vraiment sur PC
2014-08-17T00:35:36 <Lenile> Je joue que PC
2014-08-17T00:36:07 <ELiDYROS> Ça fait 20 ans que joue sur console, je suis indécrottable et de toutes façons sur PC y a pas les jeux auxquels je joue
2014-08-17T00:40:15 <ELiDYROS> Puis je dois avouer que j'ai une certaine flemme concernant la config matériel
2014-08-17T00:41:15 <ELiDYROS> Dernièrement j'ai racheté l'AlienWare Aurora d'un pote pour 300€, mes jeux et mes logiciels de 3D fonctionnent donc ça va
2014-08-17T01:06:55 <Lenile> J'te lachète des que tu le veux plus o/
2014-08-17T01:06:57 <Lenile> xD
2014-08-17T01:07:39 <ELiDYROS> Pour l'instant ce n'est pas au programme, et d'ici là, je pense qu'il sera complètement passé
2014-08-17T01:07:43 <ELiDYROS> dépassé *
2014-08-17T01:07:56 <Lenile> x)
2014-08-17T01:09:13 <Lenile> J'sais pas à quoi joué u.U
2014-08-17T01:09:31 <ELiDYROS> Moi j'ai trop de jeux, comme d'hab
2014-08-17T01:10:31 <Lenile> Pareil
2014-08-17T01:10:32 <Lenile> xD
2014-08-17T01:10:45 <Lenile> Du coup je sais plus à quoi joué
2014-08-17T01:13:02 <Lenile> j'ai même pas de vidéos à regarder
2014-08-17T01:13:23 <ELiDYROS> Si t'aimes les cartoons US j'en ai des milliers à te conseiller
2014-08-17T01:14:08 <Lenile> Nan u.u
2014-08-17T01:14:36 <ELiDYROS> Pourtant t'aimes bien MLP à priori ^^
2014-08-17T01:17:00 <Lenile> Ouais mais la j'ai du mal à commencer de nouveau jeux
2014-08-17T01:17:27 <ELiDYROS> tu parlais de vidéos :o
2014-08-17T01:17:48 <Lenile> Ha x)
2014-08-17T01:17:55 <Lenile> J'pensait que tu parlais de jeux
2014-08-17T01:18:01 <Lenile> c'est bon en fait j'a iun lvie de dispo
2014-08-17T01:19:29 *** MaCharon est parti
2014-08-17T01:21:27 <Lenile> J'ai faim...
2014-08-17T01:21:32 <Lenile> Il y à plus rien à mangé...
2014-08-17T01:21:34 <Lenile> T-T
2014-08-17T01:29:00 *** ValCab33 est parti
2014-08-17T01:48:08 *** Lenile est parti
2014-08-17T01:58:41 <adriens33> j'vais dormir…
2014-08-17T01:58:49 <adriens33> bonne nuit les gens^^
2014-08-17T01:59:05 <ELiDYROS> bonne nuit !
2014-08-17T01:59:11 <adriens33> merci ^^
2014-08-17T01:59:16 *** adriens33 est parti
2014-08-17T02:11:32 *** ELiDYROS est parti
2014-08-17T02:35:12 *** Gordfang est parti
2014-08-17T07:39:44 *** Bybeez s'est connecté
2014-08-17T07:47:35 *** Bybeez est parti
2014-08-17T08:16:26 *** TrappyTickles s'est connecté
2014-08-17T08:20:52 <TrappyTickles> oi
2014-08-17T08:25:27 *** Bybeez s'est connecté
2014-08-17T08:25:44 <TrappyTickles> oi ^^
2014-08-17T08:27:23 <Bybeez> Yosh !
2014-08-17T08:27:39 <Bybeez> J'y vais, a tout' !
2014-08-17T08:27:42 *** Bybeez est parti
2014-08-17T08:28:09 <TrappyTickles> wow tu parles d'une connexion éclair
2014-08-17T08:30:09 <TrappyTickles> Letarumavza, ya une heure de débout pour aujourdh'ui? ou on vient à n'importe quelle heure?
2014-08-17T08:30:14 <TrappyTickles> début*
2014-08-17T08:30:26 <TrappyTickles> c'est moi qui vient juste d'être debout lol
2014-08-17T08:34:38 *** ludvann s'est connecté
2014-08-17T08:34:44 <ludvann> Hello
2014-08-17T08:35:41 <ludvann> Letarumavza c'est quoi ton nom de famille stp ? Pour pas aller â la mauvaise maison ;)
2014-08-17T08:37:38 <TrappyTickles> tu risques pas trop de rater sa maison si tu regardes sur gmaps :p
2014-08-17T08:37:53 <ludvann> Ok ^^
2014-08-17T08:38:08 <TrappyTickles> y a une grande grille blanche opaque et plein de verdure par dessus, avec un "161" sur la droite
2014-08-17T08:38:10 <ludvann> Mais j'ai pas gmap en 3G
2014-08-17T08:38:15 <TrappyTickles> et une mention "attention au chien"
2014-08-17T08:38:16 <ludvann> Ok :)
2014-08-17T08:38:41 <TrappyTickles> a coté, sur la droite de la baraque, y a une ruelle quasi parallèle pour se garer
2014-08-17T08:38:56 <TrappyTickles> au fait, y a une heure pour venir?
2014-08-17T08:39:03 <ludvann> Nope
2014-08-17T08:39:20 <ludvann> A  partir de 08h00
2014-08-17T08:39:53 <TrappyTickles> ok jserai là vers 10h environ, le temps que jprépare des affaires et tout ^^
2014-08-17T08:40:08 <TrappyTickles> il manque des trucs que jpourrais ramener éventuellement? j'ai rien vu sur la liste mais...
2014-08-17T08:40:22 *** ludvannn s'est connecté
2014-08-17T08:41:23 <Letarumavza> du miaaaam !
2014-08-17T08:42:11 <ludvannn> xD
2014-08-17T08:43:05 <TrappyTickles> j'espère qu'y a un magasin ouvert kekpart, avec ce purée de stage de merde j'ai pas eu le temps :s
2014-08-17T08:44:00 *** ludvann est parti
2014-08-17T08:44:58 <ludvannn> Letarumavza j'arrive bientôt :)
2014-08-17T08:46:56 <ludvannn> Letarumavza ?
2014-08-17T08:47:30 <TrappyTickles> ouh la vache... je cherchais un magasin ouvert pour chercher des trucs, j'ai trouvé une description pour une boulangerie, ça pète les yeux:
2014-08-17T08:47:34 <TrappyTickles> chére client vous trouvez chez nous toute types de pins spésieux avec des prix trés bas et des grande choix de viennoiserie avec des lot tres intéresent et des gateaux orientale et de café surplace des sandwitche crudité au choix et pitzza a la demande...
2014-08-17T08:47:42 <ludvannn> xD
2014-08-17T08:47:43 <TrappyTickles> les pins spécieux XDDDDDD
2014-08-17T08:49:01 <ludvannn> Letarumavza ?
2014-08-17T08:49:12 <ludvannn> J'suis à la porte ^^
2014-08-17T08:49:19 <ludvannn> Portail*
2014-08-17T08:49:40 <TrappyTickles> bon moi jvais chercher du miam, je repasse prendre des trucs et j'arrive ^^
2014-08-17T08:57:04 *** ludvannn est parti
2014-08-17T09:07:47 <Berry-Punch> Voilà *hic* ce qu'il s'est passé ces 10 dernières lignes, adriens33
2014-08-17T09:07:49 *** adriens33 s'est connecté
2014-08-17T09:21:20 <TrappyTickles> Letarumavza, j'aurais pas laissé chez toi mon jeu MLP et CAH la dernirèe fois?
2014-08-17T09:22:53 *** Shinsaber s'est connecté
2014-08-17T09:24:09 <Shinsaber> Putain 11min avent d'avoir un tram !
2014-08-17T09:24:43 <adriens33> bah, dimanche en plein mois d'août ^^
2014-08-17T09:25:48 *** Shinsaber est parti
2014-08-17T09:25:54 *** Shinsaber s'est connecté
2014-08-17T09:26:12 <TrappyTickles> bon ben jvais venir sans ces jeux, j'espère qu'ils sont chez toi
2014-08-17T09:27:39 <TrappyTickles> pff toujours pareil.. faut que j'arrête de chercher un truc pour finalement le retrouver -.-
2014-08-17T09:28:55 <TrappyTickles> sinon jade sera pas là finalement, elle bosse. donc j'arrive seul en mob :p a toute
2014-08-17T09:33:07 *** Shinsaber est parti
2014-08-17T09:33:13 *** Shinsaber s'est connecté
2014-08-17T09:33:22 *** Shinsaber est parti
2014-08-17T09:41:12 *** Lezarius s'est connecté
2014-08-17T09:41:27 <Lezarius> Salit salut
2014-08-17T09:42:04 <Lezarius> Letarumavza: il y a deja du monde chez toi ?
2014-08-17T09:55:56 *** Shinsaber s'est connecté
2014-08-17T09:58:50 <Lezarius> Shinsaber: tu es sur place
2014-08-17T09:59:22 <Shinsaber> J'atent le bus 5 !
2014-08-17T09:59:37 <Lezarius> J y vais a velo moi
2014-08-17T10:00:00 <Shinsaber> Trop la flem perso ^^
2014-08-17T10:01:50 <Lezarius> Pasle choix moi xD J habit trop loin et j aurais trop la fleme de rentrer a pied se soire xD
2014-08-17T10:03:14 <Lezarius> Allew ++
2014-08-17T10:07:23 *** Lezarius est parti
2014-08-17T10:07:56 *** Shinsaber est parti
2014-08-17T10:08:02 *** Shinsaber s'est connecté
2014-08-17T10:13:48 *** Shinsaber est parti
2014-08-17T10:13:54 *** Shinsaber s'est connecté
2014-08-17T10:15:22 *** Shinsaber est parti
2014-08-17T11:31:30 *** flutterbrony s'est connecté
2014-08-17T11:31:42 <flutterbrony> bonjour
2014-08-17T11:31:56 <adriens33> hello
2014-08-17T11:33:12 <flutterbrony> je vais être en retard pour l'anniv
2014-08-17T11:35:55 <flutterbrony> en faite, je vais arriver vers 13H
2014-08-17T11:44:40 <BronyCUB-MC> adrien_s has joined the server!
2014-08-17T11:50:03 <BronyCUB-MC> adrien_s has quit the server!
2014-08-17T11:51:23 <Letarumavza> adrien, tu te ramènes ?
2014-08-17T11:52:04 *** heuzef s'est connecté
2014-08-17T11:52:36 <Letarumavza> adriens33, ramènes ton cul chez moi en quatrième vitesse avant que je fasse le déplacement !
2014-08-17T11:52:45 <heuzef> :D
2014-08-17T11:52:54 <adriens33> Bonjour adrien
2014-08-17T11:53:01 <adriens33> excuse moi de m'être emporté adrien
2014-08-17T11:53:06 <adriens33> désolé pour ton serveur adrien
2014-08-17T11:53:07 <adriens33> non ?
2014-08-17T11:53:24 <adriens33> et s'il te plait c'est pas fait pour les chiens
2014-08-17T11:55:12 <Letarumavza> Ouin ouin, je suis pas la question, la question c'est bronycub.
2014-08-17T11:56:55 *** BronyCUB-MC est parti
2014-08-17T11:59:09 <adriens33> quand t'auras fini de te payer ma tête tu m'appelles.
2014-08-17T12:02:03 <Letarumavza> boaf, si t'as que ça à faire pour entretenir des querelles tout seul dans ton coin, c'est comme tu veux.
2014-08-17T12:02:14 <Letarumavza> Perso je m'en beurre la raie.
2014-08-17T12:02:34 <adriens33> …
2014-08-17T12:02:46 *** adriens33 est parti
2014-08-17T12:32:21 <Letarumavza> Allez on envoie tous un message pour qu'adrien vienne, son num : 06.17.74.16.34
2014-08-17T12:33:25 *** TrappyMobile s'est connecté
2014-08-17T12:40:33 *** TrappyMobile est parti
2014-08-17T13:25:15 *** ValCab33 s'est connecté
2014-08-17T13:25:26 <ValCab33> Plope
2014-08-17T13:46:09 *** TrappyMobile s'est connecté
2014-08-17T13:46:19 *** TrappyMobile est parti
2014-08-17T13:53:45 *** BronyCUB-MC s'est connecté
2014-08-17T13:54:15 <heuzef> https://vroom.im/bronycub
2014-08-17T13:54:23 <heuzef> en live !
2014-08-17T13:55:27 *** BronyCUB-MC est parti
2014-08-17T13:55:42 *** BronyCUB-MC s'est connecté
2014-08-17T14:02:55 <Letarumavza> 192.168.1.11:50172
2014-08-17T14:05:41 *** heuzef est parti
2014-08-17T14:06:18 *** heuzef s'est connecté
2014-08-17T14:11:22 *** heuzef est parti
2014-08-17T14:11:58 *** heuzef s'est connecté
2014-08-17T14:15:13 <BronyCUB-MC> adrien_s has joined the server!
2014-08-17T14:15:30 <BronyCUB-MC> adrien_s has quit the server!
2014-08-17T14:26:01 <Berry-Punch> Voilà ce qu'il s'est passé ces 10 dernières *hic* lignes, adriens33
2014-08-17T14:26:02 *** adriens33 s'est connecté
2014-08-17T14:58:36 *** BronyCUB-MC est parti
2014-08-17T15:23:22 *** ValCab33 est parti
2014-08-17T15:53:33 *** Lezarius s'est connecté
2014-08-17T15:53:39 <Lezarius> Letarumavza: http://adf.ly/r4zzZ
2014-08-17T15:54:34 <Lezarius> http://www.minecraftforum.net/forums/mapping-and-modding/maps/2181680-rainbow-war-map-pvp-capture-the-wool-ctw-download
2014-08-17T15:59:35 <Lezarius> http://minecraft.fr/excavation/
2014-08-17T16:24:11 *** heuzef est parti
2014-08-17T16:24:32 *** heuzef s'est connecté
2014-08-17T17:14:04 *** heuzef est parti
2014-08-17T17:19:57 *** flutterbrony est parti
2014-08-17T17:59:03 *** Lezarius est parti
2014-08-17T18:35:31 *** adriens33 est parti
2014-08-17T19:15:27 *** ValCab33 s'est connecté
2014-08-17T19:48:35 *** ValCab33 est parti
2014-08-17T20:04:08 *** ValCab33 s'est connecté
2014-08-17T20:39:21 * Letarumavza ** SysInfo ** Client: HexChat 2.10.0 (x64) ** OS: Microsoft Windows 8.1 ** CPU: Intel(R) Core(TM) i7-4960X CPU @ 3.60GHz (3.00 GHz) ** RAM: 65474 MB Total (59588 MB Free) ** VGA: NVIDIA GeForce GTX TITAN Black ** Uptime: 90.64 Hours **
2014-08-17T20:44:59 <Berry-Punch> Voilà ce qu'il s'est passé ces 10 *hic* dernières lignes, adriens33
2014-08-17T20:45:00 *** adriens33 s'est connecté
2014-08-17T20:45:12 <adriens33> re
2014-08-17T20:45:21 <TrappyTickles> re aussi :p
2014-08-17T20:45:31 <Letarumavza> re
2014-08-17T20:46:27 <TrappyTickles> super journée ^^
2014-08-17T21:32:42 *** adriens33 est parti
2014-08-17T22:00:37 *** Rei s'est connecté
2014-08-17T22:05:06 *** ValCab33 est parti
2014-08-17T22:05:13 *** Rei est parti
2014-08-17T22:20:47 *** Lezarius s'est connecté
2014-08-17T22:24:54 *** Lezarius est parti
2014-08-17T22:32:41 *** Lezarius s'est connecté
2014-08-17T22:32:54 <Lezarius> Salut
2014-08-17T22:55:29 *** ValCab33 s'est connecté
2014-08-17T23:02:00 *** Zecora_bot est parti
2014-08-17T23:02:00 *** Letarumavza est parti
2014-08-17T23:06:27 *** Letarumavza s'est connecté
2014-08-17T23:07:09 *** Zecora_bot s'est connecté
2014-08-17T23:19:56 *** Bybeez s'est connecté
2014-08-17T23:20:02 <Bybeez> Yo !
2014-08-17T23:20:47 *** ludvann s'est connecté
2014-08-17T23:21:09 <ludvann> Hellow
2014-08-17T23:21:25 <ludvann> Chat va ?
2014-08-17T23:23:24 *** Lezarius est parti
2014-08-17T23:29:20 <ludvann> Je vous laisse @+
2014-08-17T23:29:31 *** ludvann est parti
2014-08-17T23:34:39 *** Bybeez est parti
2014-08-17T23:55:20 *** ELiDYROS s'est connecté
2014-08-17T23:58:32 *** Lezarius s'est connecté
