2014-12-09T00:22:49 *** ELiDYROS est parti
2014-12-09T00:31:36 *** TrappyTickles est parti
2014-12-09T00:51:37 *** adriens33 est parti
2014-12-09T00:56:58 *** ELiDYROS s'est connecté
2014-12-09T01:22:03 *** ELiDYROS est parti
2014-12-09T01:30:11 *** Jinxypie est parti
2014-12-09T01:30:52 *** Jinxypie s'est connecté
2014-12-09T01:47:18 *** ELiDYROS s'est connecté
2014-12-09T01:47:47 *** ELiDYROS est parti
2014-12-09T07:54:52 *** adriens33 s'est connecté
2014-12-09T08:46:36 *** Gordfang s'est connecté
2014-12-09T08:47:37 <Gordfang> yo
2014-12-09T09:01:00 <adriens33> OI
2014-12-09T09:01:03 <adriens33> *oi
2014-12-09T10:54:42 *** TrappyTickles s'est connecté
2014-12-09T12:01:12 *** TrappyTickles_ s'est connecté
2014-12-09T12:04:41 *** TrappyTickles est parti
2014-12-09T12:30:15 *** Gordfang est parti
2014-12-09T13:34:55 *** Tsumenokage s'est connecté
2014-12-09T13:34:59 <Tsumenokage> Salut les gens
2014-12-09T13:35:30 <Tsumenokage> ça va ?
2014-12-09T13:36:36 *** Gordfang s'est connecté
2014-12-09T13:39:01 <adriens33> hello Tsumenokage
2014-12-09T13:39:05 <adriens33> bien et toi ?
2014-12-09T13:39:09 <adriens33> hello Gordfang
2014-12-09T13:39:51 <TrappyTickles_> oi
2014-12-09T13:40:01 <TrappyTickles_> bon, barjavel va se faire voir, j'en prends un autre
2014-12-09T13:40:44 *** TrappyTickles_ est parti
2014-12-09T13:40:57 <Gordfang> yo
2014-12-09T13:41:26 *** TrappyTickles s'est connecté
2014-12-09T13:46:07 <adriens33> TrappyTickles quand tu comprendras que ça vient de l'interconnexion entre ton réseau en ipv6 et le réseau ipv4 freenode bah là tu pourra raler XD
2014-12-09T13:48:09 <TrappyTickles> .....................
2014-12-09T13:48:18 <TrappyTickles> barjavel n'a pas d'ipv6
2014-12-09T13:48:26 <adriens33> bah justement
2014-12-09T13:48:30 <TrappyTickles> il est que ipv4, c'est marqué sur le site
2014-12-09T13:48:45 <adriens33> le pb est pas *chez* freenode
2014-12-09T13:48:46 <TrappyTickles> tfaçons adams fait les deux, on va bien voir
2014-12-09T13:48:51 <adriens33> sinon tout le monde l'aurai..
2014-12-09T13:48:55 <adriens33> t'es le seul à merder..
2014-12-09T13:48:58 <TrappyTickles> MAIS JSUTEMENT
2014-12-09T13:49:07 <adriens33> hey calmos
2014-12-09T13:49:09 <adriens33> ><
2014-12-09T13:49:12 <TrappyTickles> LE PROBLEME IL VIENT D'UN PUTAIN DE NOEUD ENTRE FREENODE ET MOI
2014-12-09T13:49:27 <TrappyTickles> SI JE PREND UN AUTRE SERVEUR JVAIS BIEN AVOIR UNE ROUTE SSANS CE NEUD FOIREUX
2014-12-09T13:49:36 <adriens33> BAH DANS CE CAS CHANGER DE SRV FREENODE CHANGERA RIEN DUCON FAUT CHANGER DE FAI!!! ><
2014-12-09T13:50:04 <adriens33> et t'arrete de hurler stp tu m'files mal au crâne.
2014-12-09T13:50:48 *** adriens33 est parti
2014-12-09T13:50:49 *** TrappyTickles est parti
2014-12-09T13:59:54 *** Tsumenokage est parti
2014-12-09T15:13:16 *** ELiDYROS s'est connecté
2014-12-09T15:18:12 *** ELiDYROS est parti
2014-12-09T16:10:33 *** Jinxypie est parti
2014-12-09T16:34:42 *** ELiDYROS s'est connecté
2014-12-09T17:04:01 *** ELiDYROS est parti
2014-12-09T17:06:51 *** strycore s'est connecté
2014-12-09T17:07:05 *** strycore est parti
2014-12-09T17:14:34 *** ELiDYROS s'est connecté
2014-12-09T17:24:33 *** ELiDYROS_ s'est connecté
2014-12-09T17:24:44 *** ELiDYROS_ est parti
2014-12-09T17:25:10 *** ELiDYROS est parti
2014-12-09T17:35:10 *** ELiDYROS s'est connecté
2014-12-09T17:55:06 *** ELiDYROS est parti
2014-12-09T17:57:33 *** ELiDYROS s'est connecté
2014-12-09T18:08:27 *** MaCharon s'est connecté
2014-12-09T18:08:32 <MaCharon> salut
2014-12-09T18:33:53 *** Gordfang est parti
2014-12-09T19:14:48 *** adriens33 s'est connecté
2014-12-09T19:31:59 *** MaCharon est parti
2014-12-09T19:48:11 <ELiDYROS> adriens33, ?
2014-12-09T19:48:27 <adriens33> ouaip ?
2014-12-09T19:48:35 <ELiDYROS> Déjà salut, ça va ? ^^
2014-12-09T19:48:41 <adriens33> salut :)@
2014-12-09T19:48:49 <adriens33> bien, et toi ?
2014-12-09T19:49:01 <ELiDYROS> Oui oui
2014-12-09T19:49:14 <ELiDYROS> Je demandais, c'est quoi cette fonction 'voice' en fait ?
2014-12-09T19:51:19 <adriens33> ou ? sur bc? bah en fait si tu ajoute le flag +m sur le canal (moderate) y'a que ceux qui ont le voice qui peuvent parler, j'avais fais ça « au cas où » y'ai genre des gens hors de bc qui viendraient mettre de la merde ou quoi. mais bon ça a jamais réellement servi (et vu que y'a pas le +m sur le canal ça fait rien fait :P). mais bon ça permet de distinguer qui est inscrit et qui l'est pas :)
2014-12-09T19:51:41 <ELiDYROS> Ah d'accord
2014-12-09T19:51:44 <ELiDYROS> Merci
2014-12-09T19:54:11 *** DarkNight5047 s'est connecté
2014-12-09T19:54:18 <DarkNight5047> Salut
2014-12-09T19:54:21 <adriens33> hello
2014-12-09T19:54:34 <DarkNight5047> il y en a qui ont team speak ?
2014-12-09T19:55:18 <ELiDYROS> Oulah ça fait quelques années que je n'utilise plus cela.
2014-12-09T19:55:21 <DarkNight5047> car on fait un test de connection ça serait sympas de venir nous aider a verifier si le serveur fonctionne bien : cloudsdale.tk
2014-12-09T19:55:36 <ELiDYROS> Je n'ai rien d'installé désolé.
2014-12-09T19:55:44 <DarkNight5047> c'est pas grave
2014-12-09T19:58:52 *** adriens33 est parti
2014-12-09T19:59:07 *** DarkNight5047 est parti
2014-12-09T20:00:35 *** adriens33 s'est connecté
2014-12-09T20:00:57 <ELiDYROS> Re
2014-12-09T20:01:11 <adriens33> reuh
2014-12-09T20:01:13 <ELiDYROS> Je me demandais aussi, comme tu peux modifier les infos que l'on voit en whois ? genre le mail etc
2014-12-09T20:01:55 <adriens33> sur irc ? y'a pas de mail déja
2014-12-09T20:02:26 <ELiDYROS> si je whois sur moi j'ai un truc genre elidyros@ blablah .ovh
2014-12-09T20:02:33 <ELiDYROS> enfin ça resemble à un mail dans l'idée
2014-12-09T20:02:41 <adriens33> et y'a que le nick, le ident name et le realname, et normalement faut juste aller voir dans les settings du client irc
2014-12-09T20:02:43 <adriens33> non
2014-12-09T20:02:53 <adriens33> y'a un @ pas que dans les adresses mail..
2014-12-09T20:03:01 <ELiDYROS> Je n'en sais rien
2014-12-09T20:03:12 <ELiDYROS> Je disais ça pour me faire comprendre
2014-12-09T20:03:21 <adriens33> bah c'est ton adresse sur le serveur ^^"
2014-12-09T20:03:36 <adriens33> nick@ton.adresse.ip
2014-12-09T20:03:53 <ELiDYROS> Je connais plein de gens qui ont mis leur site perso j'ai du mal à saisir
2014-12-09T20:03:59 <adriens33> (si tu look pour letarumavzu t'aura un truc en wanadoo.fr car il est chez orange)
2014-12-09T20:04:09 <adriens33> pas dans le whois..
2014-12-09T20:04:41 <adriens33> si tu regarde moi tu verra …@towncratf.art-software.fr car j'ai changé le reverse dns de ma connexion internet
2014-12-09T20:04:51 <ELiDYROS> Ah
2014-12-09T20:05:00 <adriens33> concrètement ta box a une adresse en .dsl.ovh.fr par ex
2014-12-09T20:05:03 <adriens33> moi pas ^^
2014-12-09T20:05:13 <ELiDYROS> Cela sert à quoi et comment tu le modifies ?
2014-12-09T20:06:10 <adriens33> mon ip pointe sur towncraft.art-software.fr, c'est plus propre et pour le changer chez ovh   faut juste aller sur ton compte sur ovhtelecom.fr/espaceclient/login dans la config tu peux le changer, c'est le reverse dns.
2014-12-09T20:06:23 <ELiDYROS> Ah cool
2014-12-09T20:06:31 <adriens33> moi ça me sert en plus si je veux accéder a mon pc depuis l'extérieur
2014-12-09T20:06:47 <adriens33> j'ai pas besoin de retenir un nom compliqué ou une adresse ip
2014-12-09T20:07:19 <ELiDYROS> Je vais jeter un oeil, sait-on jamais.
2014-12-09T20:07:31 <adriens33> (je connais mon ip quand même, a force de l'avoir tapée mais bon… XD)
2014-12-09T20:07:46 <ELiDYROS> Je ne connais pas la mienne
2014-12-09T20:07:58 <adriens33> 109.190.95.54 :)
2014-12-09T20:08:02 <adriens33> c'est dans le whois.
2014-12-09T20:08:58 <adriens33> (c'est le hostname, si t'a un nom compliqué tu fais juste ping <nom> en console et ça te sort l'ip)
2014-12-09T20:09:43 <ELiDYROS> Dans l'idée personnnellement ça me servirait pour des jeux gérant le multi joueur "à l'ancienne" mais bon
2014-12-09T20:11:12 *** ELiDYROS est parti
2014-12-09T20:12:07 *** ELiDYROS s'est connecté
2014-12-09T20:15:06 <ELiDYROS> J'ai du faire du caca car rien n'a changé. Tant pis.
2014-12-09T20:18:24 <adriens33> ça met du temps XD
2014-12-09T20:18:55 <adriens33> le temps que les serveurs dns se mettent a jour ça peut mettre entre 1 et 24h
2014-12-09T20:19:04 <adriens33> normalement
2014-12-09T20:20:21 <ELiDYROS> d'ac
2014-12-09T20:20:38 <ELiDYROS> Si je pouvais cacher mon ip ça serait encore mieux
2014-12-09T20:24:00 <adriens33> ça je sais pas si c'est possible..
2014-12-09T20:27:49 <ELiDYROS> Il y a les proxies et compagnie mais je n'ai pas envie de payer encore un abonnement et perdre une partie de mon débit.
2014-12-09T20:29:26 <adriens33> c'est surtout sur la latence que tu va perdre, pas le débit. et c'est plus un vpn que tu cherche je pense.
2014-12-09T20:29:37 <ELiDYROS> Je mélange les termes.
2014-12-09T20:58:30 *** ELiDYROS est parti
2014-12-09T21:22:56 *** ELiDYROS s'est connecté
2014-12-09T22:19:26 *** ELiDYROS est parti
2014-12-09T23:11:57 *** ELiDYROS s'est connecté
2014-12-09T23:54:33 *** ELiDYROS est parti
