2014-09-24T00:16:47 *** TrappyTickles est parti
2014-09-24T00:18:47 *** Gordfang est parti
2014-09-24T00:38:28 *** ValCab33 est parti
2014-09-24T01:26:14 <Berry-Punch> Voilà ce qu'il s'est passé *hic* ces 10 dernières lignes, adriens33
2014-09-24T01:26:15 *** adriens33 s'est connecté
2014-09-24T02:46:28 <Letarumavza> Bien fait pour sa gueule à makhay
2014-09-24T02:46:35 <Letarumavza> makhai*
2014-09-24T02:46:46 <Letarumavza> Un mec qui bat sa copine mérite pas qu'on lui parle...
2014-09-24T02:47:47 <Silou> ?
2014-09-24T02:48:23 <Letarumavza> Ouaip, il joue les mecs sympa mais c'est un spécialiste de l'infidélité et de la violence conjugale...
2014-09-24T02:48:34 <Silou> Mais de qui tu parles ?
2014-09-24T02:48:40 <Letarumavza> de makhai...
2014-09-24T02:48:45 <Silou> Qui est ce ?
2014-09-24T02:48:57 <Letarumavza> Un membre de bronycub...
2014-09-24T02:49:07 <Letarumavza> Même pas un brony en plus...
2014-09-24T02:49:12 <Silou> :/
2014-09-24T02:49:14 <Silou> Chaud
2014-09-24T02:49:16 <Letarumavza> Juste un profiteur de mes noix...
2014-09-24T02:49:39 <Letarumavza> Je veux bien love&tolérate, mais c'est pas une raison pour faire ami ami avec des trous du cul.
2014-09-24T02:50:03 <Silou> C'est lui qui t'as causé des ennuis ?
2014-09-24T02:51:01 <Letarumavza> A moi, non, il a même interdiction de rentrer chez moi sous peine de se prendre un coups de lame dans le bide.
2014-09-24T02:51:11 <Letarumavza> Mais il a complètement brisé sont ex psychologiquement.
2014-09-24T02:54:29 <Letarumavza> Marrant... Chaque fois que j'ai rencontré des enflures de ce genre c'était toujours des hétéros.
2014-09-24T02:57:31 <Silou> Bon sur ce, je me couche. Bonne nuit
2014-09-24T03:02:43 *** Silou est parti
2014-09-24T09:10:30 *** heuzef s'est connecté
2014-09-24T09:28:46 <adriens33> salut heuzef :p
2014-09-24T09:32:14 <heuzef> Salut
2014-09-24T09:35:43 <adriens33> t'as vu le coup de l'iphone 6 qui apparemment se pète quand tu le met dans la poche ?
2014-09-24T09:35:45 <adriens33> mouarf.
2014-09-24T09:35:48 <adriens33> $1000
2014-09-24T09:36:06 <adriens33> et pour le péter suffit de le mettre dans la poche d'un pantalon…
2014-09-24T09:36:14 <adriens33> c'est pas sérieux ça
2014-09-24T09:37:18 <heuzef> :/
2014-09-24T09:37:29 <adriens33> m'enfin moi je m'en fous, je conchie Apple.
2014-09-24T09:37:30 <adriens33> XD
2014-09-24T09:37:41 <adriens33> mon xperia E me suffi.
2014-09-24T09:37:51 <adriens33> et il est tombé plusieurs fois, il a même pas une rayure o/
2014-09-24T09:46:39 *** ValCab33 s'est connecté
2014-09-24T09:46:48 <ValCab33> Hellow
2014-09-24T09:50:31 <adriens33> salut
2014-09-24T09:50:39 *** TrappyTickles s'est connecté
2014-09-24T10:13:10 <adriens33> tiens salut Trappy :p
2014-09-24T10:32:56 <adriens33> bon
2014-09-24T10:32:58 <adriens33> moi j'y go
2014-09-24T10:33:01 <adriens33> à plus les gens
2014-09-24T10:33:25 <Letarumavza> beuharf
2014-09-24T10:33:33 <Letarumavza> rien ne vaut un 3310
2014-09-24T10:37:24 *** adriens33 est parti
2014-09-24T10:37:25 <TrappyTickles> oi
2014-09-24T10:37:31 <TrappyTickles> trop tard :p
2014-09-24T10:37:46 <TrappyTickles> moui mais va faire tourner angry birds sur un 3310 lol
2014-09-24T10:57:26 <Letarumavza> Euh...
2014-09-24T10:57:30 <Letarumavza> T'as snake sur 3310
2014-09-24T11:07:45 <TrappyTickles> snake != angry birds sur beaucoup de points :p
2014-09-24T11:16:10 *** heuzef1 s'est connecté
2014-09-24T11:17:42 *** heuzef est parti
2014-09-24T12:20:37 <Letarumavza> snake > angry birds
2014-09-24T12:21:39 <ValCab33> +1
2014-09-24T12:27:12 *** heuzef1 est parti
2014-09-24T12:28:57 <Letarumavza> Y'avais aussi un shoot them up sur le 3310 si je me rapelle bien
2014-09-24T12:29:23 *** Trappy_Tickles s'est connecté
2014-09-24T12:30:33 *** TrappyTickles est parti
2014-09-24T12:48:55 *** Ikledoreboline s'est connecté
2014-09-24T12:49:00 <Ikledoreboline> Yo
2014-09-24T12:51:19 *** Silou s'est connecté
2014-09-24T12:51:33 <Ikledoreboline> Plop Silou
2014-09-24T12:53:08 *** Ikledoreboline est parti
2014-09-24T13:10:44 *** ValCab33 est parti
2014-09-24T13:12:44 *** ValCab33 s'est connecté
2014-09-24T13:14:14 *** Letarumavza est parti
2014-09-24T13:19:37 *** heuzef s'est connecté
2014-09-24T13:24:18 *** heuzef1 s'est connecté
2014-09-24T13:26:02 *** heuzef est parti
2014-09-24T13:32:27 <Trappy_Tickles> ça commence serieusement à me gonfler là.. hier la freebox redémarre toute seule, et aujourd'hui pareil mais trois fois
2014-09-24T13:32:51 <Trappy_Tickles> quand elle sortira, cette freebox v7 sous android tv, je me jetterai dessus
2014-09-24T13:33:43 *** heuzef1 est parti
2014-09-24T13:34:46 *** heuzef s'est connecté
2014-09-24T14:11:18 *** Ikledoreboline s'est connecté
2014-09-24T14:11:44 <Ikledoreboline> Re / yo, Trappy de toute façon toute les box que les opérateurs sortent sont nul à c...
2014-09-24T14:11:53 <Ikledoreboline> Rêves pas à la box parfaite elle n'existera pas XD
2014-09-24T14:24:45 <Berry-Punch> Voilà ce qu'il s'est passé ces 10 *hic* dernières lignes, adriens33
2014-09-24T14:24:46 *** adriens33 s'est connecté
2014-09-24T14:24:53 <adriens33> hello
2014-09-24T14:28:51 <Ikledoreboline> ;)
2014-09-24T15:01:48 *** ELiDYROS s'est connecté
2014-09-24T15:04:54 <ELiDYROS> Euh, Salut.
2014-09-24T15:05:27 <adriens33> hello
2014-09-24T15:11:53 <Ikledoreboline> Yo ELiDYROS
2014-09-24T15:14:23 *** Letarumavza s'est connecté
2014-09-24T15:14:46 <Letarumavza> Les mecs, j'ai reussi à me désintéresser totalement d'une fille après qui je cours depuis trois ans en 5sec
2014-09-24T15:15:17 <adriens33> c'est cool
2014-09-24T15:15:35 <Letarumavza> tu cherches même pas à savoir comment ?
2014-09-24T15:15:47 <adriens33> désolé…
2014-09-24T15:15:50 <adriens33> bah racote
2014-09-24T15:15:52 <adriens33> *raconte
2014-09-24T15:16:02 <Letarumavza> elle a dit qu'elle aimait bien maître gims...
2014-09-24T15:16:14 <adriens33> ah. XD
2014-09-24T15:16:16 <Letarumavza> Je me sens sale d'avoir couru après putain...
2014-09-24T15:16:43 <Letarumavza> Là j'ai du MaSu à fond dans les oreilles pour me laver le cerveau...
2014-09-24T15:16:46 <Letarumavza> So !
2014-09-24T15:16:53 <Ikledoreboline> Mon dieu. Bien joué. XD
2014-09-24T15:17:34 <Trappy_Tickles> wow
2014-09-24T15:17:44 <Trappy_Tickles> la claque dis, après 3 ans
2014-09-24T15:17:49 <Letarumavza> Le plus impressionant c'est que quand j'ai vu ça, y'a mon cerveau qui a fait : "oh putain, y'a erreur là, je delete toute attirance"
2014-09-24T15:18:08 <Letarumavza> So...
2014-09-24T15:18:22 <ELiDYROS> et en 3 ans tu t'es pas rendu compte de ses gouts?
2014-09-24T15:18:59 <Letarumavza> Bah... disons que d'hab elle appréciait bien le métal et l'indus...
2014-09-24T15:19:10 <Letarumavza> Donc je m'attendais pas à ça...
2014-09-24T15:19:37 <ELiDYROS> ah
2014-09-24T15:19:49 <Ikledoreboline> Oh pîre
2014-09-24T15:20:03 <Letarumavza> Honnetement, tu t'attends à ça d'une nana qui te dis qu'elle aime bien dragonforce ?
2014-09-24T15:20:14 <Letarumavza> Paye la claque..
2014-09-24T15:20:16 <Ikledoreboline> c'est pas de savoir qu'elle écoute, du moment que tu le supportes pas xD
2014-09-24T15:20:25 <ELiDYROS> Déjà faut avoir envie d'aimer Dragonforce ahah
2014-09-24T15:20:56 <Letarumavza> J'adore les textes de dragonforce, épique et glorieux.
2014-09-24T15:21:31 <Letarumavza> Après, c'est du powermetal progressif...
2014-09-24T15:21:38 <Letarumavza> Donc forcément...
2014-09-24T15:21:42 <Trappy_Tickles> dragonforce faut écouter qu'en cd. en live ils sont moins doués il aprait
2014-09-24T15:21:50 <Letarumavza> Pas ça.
2014-09-24T15:21:56 <ELiDYROS> Je me fiche généralement des paroles, étant fan de BO et d'electro
2014-09-24T15:21:57 <Trappy_Tickles> j'ai un pote qui est allé les voir, il a été déçu
2014-09-24T15:22:03 <Letarumavza> C'est surtout qu'avec des chansons de 7min...
2014-09-24T15:22:14 <Trappy_Tickles> ouais en mêem temps tu fatigues à un moment :p
2014-09-24T15:22:19 <Letarumavza> Les premières sont bonnes, mais en fin de concert, les mecs fatiguent.
2014-09-24T15:22:50 <Letarumavza> Et puis, le concert t'y vas pas pour la qualité d'exécution, plus pour le fait d'être en live, récup les autographes... etc.
2014-09-24T15:23:08 <Letarumavza> (les pogos aussi.)
2014-09-24T15:23:12 <Trappy_Tickles> vui
2014-09-24T15:23:26 <Letarumavza> La légende dit qu'il y a des metaleuses en concert...
2014-09-24T15:23:38 <Trappy_Tickles> tain c'est quoi ce délire, je pars pour installer openvpn et il m'installe à la place une merde qui s'appelle private tunnel et qui amrche même pas
2014-09-24T15:24:17 <Letarumavza> Eli t'as quoi contre dragonforce ?
2014-09-24T15:24:25 <ELiDYROS> j'accroche pas
2014-09-24T15:24:45 <ELiDYROS> Pour ça moi ça sonne trop comme de la "démo technique" avec des mecs qui sont là "regardez tout ce que je sais faire !!"
2014-09-24T15:25:31 <Letarumavza> As the red day is dawning
2014-09-24T15:25:31 <Letarumavza> And the lightning cracks the sky
2014-09-24T15:25:32 <Letarumavza> They'll raise their hands to the heavens above
2014-09-24T15:25:32 <Letarumavza> With resentment in their eyes
2014-09-24T15:26:06 <Letarumavza> Tu veux faire comment pour mettre ce genre de texte en musique sans aller dans le puissant et l'epique ?
2014-09-24T15:26:17 <ELiDYROS> y a pas besoin de trop en faire
2014-09-24T15:26:38 <Letarumavza> Two steps from hell doit pas être ton truc...
2014-09-24T15:26:52 <ELiDYROS> faut savoir que moi j'ai laché le metal y a plus de 10 ans
2014-09-24T15:27:02 <ELiDYROS> j'écoute quasiment plus rien en métal
2014-09-24T15:27:09 <Letarumavza> Même pas ozzy ?
2014-09-24T15:27:15 <ELiDYROS> Non même pas
2014-09-24T15:27:30 <Letarumavza> Même pas MaSu ?
2014-09-24T15:27:35 <ELiDYROS> pas entendu parlé
2014-09-24T15:27:40 <Letarumavza> Bah...
2014-09-24T15:27:59 <Letarumavza> Y'a des sonorités chiptune (comodore64) dans leurs chansons.
2014-09-24T15:28:27 <Letarumavza> ça peut peut-être te plaire.
2014-09-24T15:28:37 <ELiDYROS> il m'en faut un peu plus ahah
2014-09-24T15:30:40 <Letarumavza> https://www.youtube.com/watch?v=LObMXSPyo_k
2014-09-24T15:30:47 <Letarumavza> Dis moi ce que tu en penses
2014-09-24T15:31:13 <Letarumavza> oups pas la bonne
2014-09-24T15:31:42 <ELiDYROS> déjà si tu essaies de forcer quelqu'un qui n'aime pas le métal, à en écouter, c'est pas la bonne approche
2014-09-24T15:32:37 <Letarumavza> Je te force, j'aimerai juste ton avis, et que tu m'aiguilles vers ce qui te plait.
2014-09-24T15:32:48 <ELiDYROS> je l'ai dit plus haut
2014-09-24T15:33:36 <Letarumavza> (y'a vachement de crossovers entre le metal et l'electro avec certains aspects de l'un et de l'autre, et je me suis basé sur le fait que si tu as aprécié le metal tu dois encore en aprécier certains aspects.)
2014-09-24T15:34:00 <Letarumavza> D'où le fait d'essayer de trouver une musique hybridant les deux qui pourrait te plaire.
2014-09-24T15:34:13 <ELiDYROS> si on va par là y a Nine Inch Nails et Static X
2014-09-24T15:34:17 <ELiDYROS> j'ai vu le premier en concert
2014-09-24T15:35:05 <ELiDYROS> j'écoute encore parfois Chimaira ou Nevermore
2014-09-24T15:36:23 <Letarumavza> Ok, donc pas du tout le même genre de métal que moi ^^
2014-09-24T15:36:43 <ELiDYROS> mais bon je suis né l'époque de la dance et j'ai vu tous les styles d'electro passer, difficile de me détacher de ça
2014-09-24T15:37:03 <Letarumavza> Tu as déjà essayé la chiptune aléatoire ?
2014-09-24T15:37:21 <Letarumavza> (Musique générée en temps réel suivant l'activité de la machine)
2014-09-24T15:37:23 <ELiDYROS> en général la chiptune j'écoute essentiellement des dj jap
2014-09-24T15:38:18 <Letarumavza> Ah oui...
2014-09-24T15:38:35 <Letarumavza> T'es vraiment sur une toute autre longueur d'onde coté musical.
2014-09-24T15:38:45 <ELiDYROS> en fait j'ai une bonne connaissance de la scène indé electro jap
2014-09-24T15:38:49 <Letarumavza> Doit bien y avoir un truc entre les deux.
2014-09-24T15:38:59 <Letarumavza> Fais gaffe, ta phrase fait hipster à mort.
2014-09-24T15:39:22 <ELiDYROS> sauf que c'est plutot un truc d'otaku
2014-09-24T15:39:23 <ELiDYROS> mais bon
2014-09-24T15:39:57 <ELiDYROS> après j'écoute surtout ce qui se fait aux UK en electro, pas mal de dubstep, drum'n bass, trance, hardcore, trap
2014-09-24T15:40:02 <Letarumavza> C'est sur la formulation en "j'ai une bonne connaissance de la scène indé" ^^
2014-09-24T15:40:05 <ELiDYROS> et les BO de jeux jap et de films
2014-09-24T15:40:28 <Letarumavza> Hum...
2014-09-24T15:40:43 <ELiDYROS> j'écoute un peu de K-Pop et J-Pop
2014-09-24T15:40:49 <ELiDYROS> du Hip Hop us aussi
2014-09-24T15:41:06 <ELiDYROS> du Future Garage depuis quelques mois
2014-09-24T15:41:12 <Letarumavza> https://www.youtube.com/watch?v=NLUj9lFPU6s <= tu en penses quoi ?
2014-09-24T15:44:59 <ELiDYROS> C'est plutot cool, mais la partie dubstep est pas vraiment nécessaire
2014-09-24T15:45:00 <ELiDYROS> je trouve
2014-09-24T15:45:29 <Letarumavza> Perso j'aime bien cette rupture entre les deux parties.
2014-09-24T15:46:06 <ELiDYROS> bah le problème c'est que ça désequilbre le tout
2014-09-24T15:46:23 <ELiDYROS> et c'est du dubstep un peu trop "gentil" pour créer réellement un impact
2014-09-24T15:46:48 *** heuzef est parti
2014-09-24T15:47:09 <Letarumavza> Tien, un remix de masu en 8bits => https://www.youtube.com/watch?v=-a-OX-Hbjm8
2014-09-24T15:47:26 <Letarumavza> (ça va tellement bien je trouve)
2014-09-24T15:54:47 <Trappy_Tickles> y a un poney libre pour faire un test de vpn en gaming? ^^
2014-09-24T15:55:37 <Letarumavza> Test de quoi ?
2014-09-24T15:55:59 <Trappy_Tickles> je test voir si mon vpn dans la freebox peut marcher pour le gaming en multijoueur
2014-09-24T15:56:43 <Letarumavza> Certes
2014-09-24T15:57:03 <Letarumavza> Mais je voulais surtout savoir si tu voulais le teste en conditions réelles, et si oui, avec quel jeu.
2014-09-24T15:57:41 <Trappy_Tickles> mm ben oui en conditions réelles.. et pour le jeu, chai pas, un jeu gratuit multi sur steam
2014-09-24T15:57:53 <Trappy_Tickles> ou tiens, plutot avec nettris, le tetris online là
2014-09-24T15:58:07 <Trappy_Tickles> comme ça c'est rapide à mettre en palce :p
2014-09-24T15:58:27 <Trappy_Tickles> tetrinet*
2014-09-24T15:58:28 <ELiDYROS> sinon y a un autre type de vpn pas mal, gratuit en plus, zero lag
2014-09-24T15:58:41 <ELiDYROS> tu appelles tes potes et ils viennent jouer chez toi
2014-09-24T15:59:22 <Trappy_Tickles> j'ai qu'un seul écran. va jouer à cry of fear a plusieurs sur un acran :p
2014-09-24T15:59:24 <Trappy_Tickles> écran*
2014-09-24T15:59:54 <ELiDYROS> c'est un autre soucis ç
2014-09-24T15:59:55 <ELiDYROS> a
2014-09-24T16:00:02 <Letarumavza> Au fait, eli, t'aurais pas une manette usb ?
2014-09-24T16:00:19 <ELiDYROS> j'ai des dizaines de manette pourquoi ?
2014-09-24T16:00:52 <Letarumavza> non mais genre une en rab que tu pourrais éventuellement me préter... (en échange de quoi je te pretterai un de mes tapis de ddr si tu veux)
2014-09-24T16:01:14 <Letarumavza> J'ai un jeu steam dont la jouabilité a vraiment été pensée pour la manette, et au clavier...
2014-09-24T16:01:20 <Letarumavza> Bah ça sux...
2014-09-24T16:01:23 <ELiDYROS> en usb direct je crois pas en avoir, sauf peut être une manette X360 filaire
2014-09-24T16:01:29 <ELiDYROS> mais sinon en général j'utilise des adapt
2014-09-24T16:02:02 <Letarumavza> Je pense que c'est qualibré pour une manette de 360, faudrait que je vérifie.
2014-09-24T16:02:14 <Letarumavza> (tain, pourquoi l'usb est pas standard sur les consoles...)
2014-09-24T16:02:20 <ELiDYROS> ce serait étonnant qu'un jeu steam marche pas avec
2014-09-24T16:02:37 <adriens33> Letarumavza: parce que sinon ça serait pas des consoles ^w^
2014-09-24T16:02:38 <ELiDYROS> même TowerFall fonctionne avec
2014-09-24T16:02:38 <adriens33> (re)
2014-09-24T16:03:16 <Letarumavza> Bah...
2014-09-24T16:03:33 <Letarumavza> Une console c'est juste une unité de calcul de faible puissance dédiée aux loisirs.
2014-09-24T16:03:40 <adriens33> (comme ta femme)
2014-09-24T16:03:43 <adriens33> (pardon :p)
2014-09-24T16:03:50 <Letarumavza> euh...
2014-09-24T16:03:53 <ELiDYROS> sinon tu peux pas jouer sur un seul écran, faut trouver un jeu en écran splitté, ou jouer sur console portable
2014-09-24T16:06:04 *** Trappy_Tickles est parti
2014-09-24T16:06:27 <ELiDYROS> Je pensais pas qu'il le prendrait si mal
2014-09-24T16:06:44 <adriens33> nan, je pense que sa co a planté :p
2014-09-24T16:06:52 <ELiDYROS> je sais, je blaguais
2014-09-24T16:06:55 <adriens33> s'il avait fermé son client il aurait quit proprement
2014-09-24T16:06:56 <adriens33> ah
2014-09-24T16:07:25 <adriens33> (c'pas évident de détecter l'humour sans le ton de la voix… ^^)
2014-09-24T16:07:28 <ELiDYROS> j'ai faim, je descends acheter un truc
2014-09-24T16:07:46 <adriens33> oki bon ap' ^^
2014-09-24T16:07:54 <ELiDYROS> c'était un surtout un peu de troll d'un vieux joueur ahah
2014-09-24T16:09:43 *** TrappyTickles s'est connecté
2014-09-24T16:09:48 <ELiDYROS> avant un jeu suffisait pour les potes et la famille, aujourd'hui faut plusieurs supports, plusieurs jeux et un accès internet
2014-09-24T16:09:53 <ELiDYROS> même si on est dans la même pièce
2014-09-24T16:10:45 <adriens33> « c'était mieux avant » c'est ça ? :p
2014-09-24T16:10:52 <TrappyTickles> j'ai aps envie de payer 600 ballse de billets d'avion pour inviter ma copine canadienne pour des jeux en ligne :p
2014-09-24T16:10:52 <ELiDYROS> pas nécessairement
2014-09-24T16:11:06 <adriens33> TrappyTickles: ouch >< en effet
2014-09-24T16:11:38 <ELiDYROS> ya toujours eu du bon et du mauvais à toutes les époques, c'est juste que le business d'aujourd'hui est moche éthiquement parlant
2014-09-24T16:11:54 <ELiDYROS> rajouté à ça les gamersgates ici ou là
2014-09-24T16:12:40 <adriens33> ouais et nintendo qu'a verrouillé ses consoles pour forcer les devs à payer plus cher pour avoir le nintendo seal of quality et ramasser plus de fric c'était éthique ça ? :p
2014-09-24T16:13:01 <ELiDYROS> j'ai dit ça ?
2014-09-24T16:13:42 <adriens33> le business de manière globale ça se marie mal avec l'éthique. ^^
2014-09-24T16:13:50 <adriens33> ça va pas trop ensemble… :p
2014-09-24T16:14:13 <ELiDYROS> je dis juste aujourd'hui tu payes un bras pour des jeux que tu finis en une soirée, qui sont juste des updates de jeux déjà sortis, ensuite les éditeurs filent des chèques et des PS4 aux journalistes pour qu'ils en parlent en bien
2014-09-24T16:14:51 <ELiDYROS> après ouais t'inquiète je sais que tout le monde hait Nintendo ici ahah
2014-09-24T16:14:58 <adriens33> je hais pas nintendo
2014-09-24T16:15:06 <adriens33> c'est le premier exemple qui me soit venu à l'esprit :p
2014-09-24T16:15:41 <ELiDYROS> ils font des trucs moches mais y a des chances que sans eux le jeux vidéo comme on le connait n'existe pas
2014-09-24T16:15:58 <ELiDYROS> ils ont réussi à faire rentrer un marché de niche chez tout le monde
2014-09-24T16:16:01 <ELiDYROS> et à le populariser
2014-09-24T16:16:21 <ELiDYROS> qui n'a pas eu la NES à l'époque ?
2014-09-24T16:16:24 <adriens33> moi…
2014-09-24T16:16:26 <ELiDYROS> dur de trouver
2014-09-24T16:16:35 <ELiDYROS> t'étais peut être trop jeune
2014-09-24T16:16:37 <adriens33> pas de nes, pas de ps1/2/etc ni quoi que ce soit
2014-09-24T16:16:53 <adriens33> pas de pc non plus, pas tant que j'avais pas les sous pour me le payer moi meme en tout cas
2014-09-24T16:17:00 <adriens33> et alors internet n'en parlons pas
2014-09-24T16:17:03 <ELiDYROS> ça c'est le contexte
2014-09-24T16:17:03 <adriens33> (dur sans pc :p)
2014-09-24T16:17:05 <ELiDYROS> c'est différent
2014-09-24T16:17:26 <ELiDYROS> on sait tous que le divertissement ça coute cher
2014-09-24T16:17:53 <adriens33> ouais 'fin entre trop et rien du tout y'a un juste milieu quand même.
2014-09-24T16:18:30 <adriens33> et le pc/internet j'ai jamais eu parce que ma mère "croyait pas" en l'adsl, et que pour elle acheter un pc ça valait pas la peine, c'est qu'un truc « inutile de feignants qui veulent pas calculer à la main »
2014-09-24T16:18:42 <ELiDYROS> lol
2014-09-24T16:18:51 <ELiDYROS> j'ai eu un PC que très tard moi
2014-09-24T16:19:30 <ELiDYROS> c'est assez drole j'ai toujours eu les dernières consoles mais toujours été à la ramasse en PC
2014-09-24T16:19:43 <ELiDYROS> j'ai même découvert internet sur ma console...
2014-09-24T16:20:14 <adriens33> ouais 'fin quand t'as ni l'un ni l'autre, et que niveau potes et relations sociales t'es un peu à la ramasse complet ça fait des journées assez longues et chiantes à force T.T
2014-09-24T16:20:35 <ELiDYROS> Dis toi bien que si mes parents m'acheter des consoles c'était aussi parce que j'ai jamais eu aucun ami
2014-09-24T16:20:47 <adriens33> lol
2014-09-24T16:20:48 <ELiDYROS> m'achetaient*
2014-09-24T16:21:08 <ELiDYROS> Ils savaient pas quoi faire alors ils se sont dits que ça m'occuperait
2014-09-24T16:21:15 <adriens33> bah c'est déjà ça…
2014-09-24T16:21:25 <ELiDYROS> et ma mère aime bien les jeux vidéos
2014-09-24T16:21:40 <adriens33> bah ça va :p
2014-09-24T16:22:03 <ELiDYROS> elle a du me voir jouer à tous les Zelda, et apparemment elle se souvient aussi de certains persos de FF8
2014-09-24T16:22:10 <ELiDYROS> elle a jamais joué à rien ahah
2014-09-24T16:22:37 *** heuzef s'est connecté
2014-09-24T16:22:45 <ELiDYROS> bon brb faim moi
2014-09-24T16:22:58 <adriens33> bah t'es pas parti chasser le miam encore ? :p
2014-09-24T16:23:55 <ELiDYROS> j'aurais oublié ce que je voulais dire en partant à l'arrache
2014-09-24T16:24:07 <adriens33> oké :p
2014-09-24T16:24:45 <Letarumavza> TrappyTickles, en plus ta cop canadienne surprendrais pas mal de monde. ^^
2014-09-24T16:25:21 <TrappyTickles> faudra l'inviter ici un jour, si l'anglais rebute pas tout le monde :p
2014-09-24T16:25:34 <adriens33> bon bah pour heuzef c'est mort déjà :þ
2014-09-24T16:26:02 <Letarumavza> Hum c'est sur.
2014-09-24T16:26:06 <Letarumavza> M'enfin bon...
2014-09-24T16:26:13 *** Trappy_Tickles s'est connecté
2014-09-24T16:26:22 *** heuzef est parti
2014-09-24T16:26:42 <adriens33> trappy ! tu es deux :p
2014-09-24T16:27:01 <Letarumavza> Non, juste un bug
2014-09-24T16:27:16 <Letarumavza> Donc disais-je : je suis pas sur que l'anglais pose problème...
2014-09-24T16:27:21 <Letarumavza> Même pour flo.
2014-09-24T16:27:27 <adriens33> ^^
2014-09-24T16:27:29 <Letarumavza> C'est surtout l'avion qui sux ^^
2014-09-24T16:28:05 <adriens33> ouais 600€ ça fait mal aux poches XD
2014-09-24T16:28:27 *** trappy__tickles s'est connecté
2014-09-24T16:28:29 <Letarumavza> Aux poches ?
2014-09-24T16:28:43 <Letarumavza> La multiplication des trappys
2014-09-24T16:28:44 <trappy__tickles> j'ai une profonde haine pour Oracle aujourd'hui
2014-09-24T16:28:53 <adriens33> aux poches / au portefeuille / n'importe quel conteneur utilisé pour mettre du fric
2014-09-24T16:28:53 <Letarumavza> aujourd'hui ?
2014-09-24T16:28:59 <adriens33> Trappy: moi c'est tout le temps XD
2014-09-24T16:29:11 <trappy__tickles> virtualbox voulait pas marcher à cause d'un bug qui a été corrigé dans une mise à jour,
2014-09-24T16:29:13 <adriens33> (surtout pour leur java de m*%%$*
2014-09-24T16:29:15 <adriens33> )
2014-09-24T16:29:19 <adriens33> arf
2014-09-24T16:29:22 <trappy__tickles> et le programme refusait de dl la mise à jour tout seul
2014-09-24T16:29:30 <trappy__tickles> l'a fallu que je désisntall et réinstall tout
2014-09-24T16:29:31 <adriens33> ça y est, ils commencent à pourrir vbox ? crotte.  ><
2014-09-24T16:29:52 * Letarumavza arme son pistol *
2014-09-24T16:30:25 *** TrappyTickles est parti
2014-09-24T16:30:26 <trappy__tickles> sont même pas foutus de prévenir leurs utilisateurs ailleurs que sur leurs forums
2014-09-24T16:30:43 <adriens33> bah… si le fondateur de mysql a forké son propre bébé c'est pas pour rien, hein…
2014-09-24T16:30:53 *** Trappy_Tickles est parti
2014-09-24T16:30:58 <adriens33> oracle et la correction de bugs ça fait deux.
2014-09-24T16:31:08 <adriens33> oracle et la stabilité ça fait trois
2014-09-24T16:31:24 <TrappyTickles> enfin bon ça y est, jvais pouvoir virtualiser une machine de test
2014-09-24T16:31:29 <adriens33> cool :p
2014-09-24T16:31:35 <adriens33> tu vas faire quoi dessus ?
2014-09-24T16:31:44 <TrappyTickles> tester mon vpn
2014-09-24T16:31:48 <adriens33> ah ok
2014-09-24T16:33:22 <Letarumavza> Donc plutot que de simplement faire un ping sur le port qui l'intéresse, le mec préfère une machine virtuelle...
2014-09-24T16:33:36 <ELiDYROS> back
2014-09-24T16:34:08 <adriens33> re ELiDYROS :)
2014-09-24T16:34:33 <ELiDYROS> pour le coup j'ai lancé les playlist de SQ Chips depuis tout à l'heure
2014-09-24T16:36:19 <TrappyTickles> jveux faire du gaming avec ce vpn, pas du ssh
2014-09-24T16:36:34 <Letarumavza> Et ?
2014-09-24T16:36:46 <TrappyTickles> jveux tester un truc plus costaud qu'un simple ping
2014-09-24T16:37:04 <adriens33> deux simples pings ?
2014-09-24T16:37:08 <Letarumavza> Tu ping l'ip-port que tu veux, si sa rep c'est que c'est ouvert, et en réglant ta taille de paquet tu peux voir combien ça encaisse ?
2014-09-24T16:37:08 <Ikledoreboline> re ^^
2014-09-24T16:38:07 <TrappyTickles> je sais pas faire du ping si avancé.. en plus c'est du vpn par authentification, et jveux savoir expliquer à ma canadienne comment configurer ça
2014-09-24T16:38:09 <Letarumavza> Mieux, sous windows tu fais un pathping
2014-09-24T16:38:23 <Letarumavza> Tu sais pas comment marchent les commandes de ping ?
2014-09-24T16:38:29 <Letarumavza> ping -?
2014-09-24T16:38:34 <Letarumavza> ça t'affichera l'aide
2014-09-24T16:38:43 <Ikledoreboline> genius
2014-09-24T16:38:43 <Ikledoreboline> xD
2014-09-24T16:38:56 <TrappyTickles> le temps que je pige comment tout fonctionne avec ping, ma machine sera installée
2014-09-24T16:39:09 <Ikledoreboline> N'abusons pas xD
2014-09-24T16:39:15 <TrappyTickles> je suis pas un pro du réseau
2014-09-24T16:39:51 <Ikledoreboline> Pour configurer un réseau faut pas 3000 connaisance. ^^
2014-09-24T16:39:56 <TrappyTickles> en fait j'ai jamais config de vpn tout seul
2014-09-24T16:40:06 <TrappyTickles> me suis toujours fait aidé par des scripts mais pas là
2014-09-24T16:40:17 <Ikledoreboline> connaissance* juste un peu de logique et recherche web. (par contre un vpn config je sais pas si c'est la même :p
2014-09-24T16:40:37 <Letarumavza> ping -t -l 512 -4 nomdecible
2014-09-24T16:41:16 <Letarumavza> ça ping jusqu'au cut avec des paquets de 512 en tampon et par ipv4
2014-09-24T16:42:06 <TrappyTickles> de toutes façons il faut que j'en installe une de machine, alors quitte à le faire...
2014-09-24T16:42:50 <Letarumavza> un -f près le param du -l permet d'empécher la fragmentation
2014-09-24T16:49:20 <ELiDYROS> tain quand je regarde mes étagères et que je vois tous les jeux de 2014 que j'ai pas encore fini —_—
2014-09-24T16:49:49 <adriens33> en fait y'a des gens qu'ont des centaines de jeux à finir sur steam
2014-09-24T16:49:52 *** ValCab33 est parti
2014-09-24T16:49:55 <adriens33> et toi en fait steam c'est ton étagère.
2014-09-24T16:49:56 <adriens33> XD
2014-09-24T16:50:04 <ELiDYROS> clairement
2014-09-24T16:50:23 <adriens33> elle fait des promos sympas ton étagère ? :p
2014-09-24T16:50:30 <ELiDYROS> eh non
2014-09-24T16:50:34 <adriens33> rhâ zut.
2014-09-24T16:50:38 <ELiDYROS> y pas de promos sur les jeux qui m'intéresse
2014-09-24T16:50:52 <ELiDYROS> genre là j'ai vu qu'Atlus fait une promo sur un jeu que je veux, mais qu'aux US
2014-09-24T16:50:54 <ELiDYROS> comme d'hab
2014-09-24T16:51:00 *** ValCab33 s'est connecté
2014-09-24T16:51:05 <adriens33> arf
2014-09-24T16:51:09 <adriens33> hi ValCab33
2014-09-24T16:51:19 <adriens33> (vive la puissance de  la touche tab… XD)
2014-09-24T16:51:27 <ValCab33> Reuh
2014-09-24T16:51:49 <Letarumavza> Je préfère steam
2014-09-24T16:51:50 <ELiDYROS> en fait je mens mes jeux vita je les ai chopé quasi à moitié prix à la sortie
2014-09-24T16:51:56 <Letarumavza> Y'a pas à faire la poussière.
2014-09-24T16:52:05 <adriens33> Letarumavza: tellement
2014-09-24T16:52:13 <adriens33> pis une fois que t'as acheté le jeu pour une plateforme
2014-09-24T16:52:19 <adriens33> tu peux le récup pour une autre sans le repayer
2014-09-24T16:52:26 <adriens33> et ça c'est cool.
2014-09-24T16:52:26 <ELiDYROS> je suis soigneux j'ai pas de poussière sur ce qui a de la valeur
2014-09-24T16:52:27 <Letarumavza> yep
2014-09-24T16:52:39 <Letarumavza> Justement, t'es oubligé de nettoyer.
2014-09-24T16:52:41 <Letarumavza> Moi pas.
2014-09-24T16:52:43 <adriens33> ^^
2014-09-24T16:52:49 <Letarumavza> Même mes défrags sont auto.
2014-09-24T16:52:53 <adriens33> :p
2014-09-24T16:52:55 <ELiDYROS> c'est mon petit plaisir perso
2014-09-24T16:53:05 <Letarumavza> T'es crade
2014-09-24T16:53:05 <adriens33> donc toi pour te faire plaisir t'astique tes jeux ?
2014-09-24T16:53:07 <ELiDYROS> les jeux, les artbooks et les dédicaces
2014-09-24T16:53:08 <adriens33> drole de passe temps :p
2014-09-24T16:53:30 <ELiDYROS> et c'est toujours très amusant de voir la tête des gens la première fois qu'ils viennet chez moi
2014-09-24T16:53:48 <Letarumavza> ça ressemble au salon du joueur du grenier.
2014-09-24T16:53:53 <adriens33> ^^
2014-09-24T16:54:04 <adriens33> c'est plus JdG ou AVGN niveau quantité ?
2014-09-24T16:54:17 <ELiDYROS> j'en sais rien
2014-09-24T16:54:18 <Letarumavza> Perso c'est plutot nostalgia critic ^^
2014-09-24T16:54:26 <adriens33> :p
2014-09-24T16:54:27 <ELiDYROS> je sais juste que j'ai surement moins de moyebn
2014-09-24T16:54:52 <Letarumavza> Boaf, youtube rapporte de moins en moins.
2014-09-24T16:54:56 <Letarumavza> Merci addblock
2014-09-24T16:54:56 <adriens33> ELiDYROS: bah le JdG a une blinde de jeux, mais l'AVGN c'est plus une blinde c'est une bibliothèque… XD
2014-09-24T16:55:06 <ELiDYROS> du coup j'ai bien fait de ne rien vendre depuis 92
2014-09-24T16:55:13 <Letarumavza> ludothéque adrien.
2014-09-24T16:55:14 <ELiDYROS> sauf les "erreurs"
2014-09-24T16:55:23 <Letarumavza> erreurs ?
2014-09-24T16:55:25 <adriens33> oui rhô ça va hein leta
2014-09-24T16:55:33 <adriens33> genre E.T ? :p
2014-09-24T16:55:44 <ELiDYROS> ouais quand tu achètes FIFA ou Gears of War pour essayer ahah
2014-09-24T16:55:46 <ELiDYROS> et en fait : non
2014-09-24T16:55:54 <Letarumavza> Fifa ok...
2014-09-24T16:56:02 <Letarumavza> Mais gears of war n'est pas si mauvais.
2014-09-24T16:56:08 <ELiDYROS> j'ai pas accroché perso
2014-09-24T16:56:10 <Letarumavza> (enfin, pas aussi mauvais que fifa)
2014-09-24T16:56:14 <ELiDYROS> j'ai grandi avec des trucs plus vif
2014-09-24T16:56:22 <Letarumavza> unreal ?
2014-09-24T16:56:32 <Letarumavza> CS ?
2014-09-24T16:56:34 <ELiDYROS> premier half life puis quake 3
2014-09-24T16:56:38 <ELiDYROS> puis unreal oui
2014-09-24T16:56:51 <Letarumavza> half life//cs...
2014-09-24T16:57:00 <Letarumavza> ça revient au même coté gameplay.
2014-09-24T16:57:12 <Letarumavza> (principalement parce que le second est un mod du premier...)
2014-09-24T16:57:14 <ELiDYROS> sauf que la DA de Half Life est chouette
2014-09-24T16:57:31 <Letarumavza> Je sais pas, je suis nul en cuisine*
2014-09-24T16:58:37 <Letarumavza> Oh...
2014-09-24T16:58:46 <Letarumavza> randomness overflow error ?
2014-09-24T16:58:51 <adriens33> gné ?
2014-09-24T16:58:58 <adriens33> qu'est-ce qu'il t'arrive Letarumavza ?
2014-09-24T16:59:03 <Letarumavza> Poulet !
2014-09-24T16:59:12 <adriens33> heu… Balançoire ?
2014-09-24T16:59:17 <Letarumavza> seulement le jeudi
2014-09-24T16:59:27 <adriens33> (ok je pige plus rien là… ><)
2014-09-24T16:59:46 <Letarumavza> <Letarumavza> randomness overflow erro
2014-09-24T16:59:50 <Letarumavza> error*
2014-09-24T16:59:51 <Berry-Punch> Flags de *hic* TrappyTickles modifiés : +v
2014-09-24T16:59:51 <adriens33> !voice TrappyTickles
2014-09-24T16:59:56 <Letarumavza> En trois lignes.
2014-09-24T17:00:05 <Letarumavza> Je suis balèse dans l'art de causer des bugs
2014-09-24T17:00:15 <Letarumavza> Je devrais postuler chez oracle...
2014-09-24T17:00:29 <adriens33> oui nan mais le contexte s'il te plait ? je suis perdu là T.T
2014-09-24T17:01:00 <Letarumavza> Bah y'en a pas.
2014-09-24T17:01:07 <Letarumavza> C'est justement ça l'idée
2014-09-24T17:01:11 <adriens33> ah.
2014-09-24T17:01:14 <adriens33> enflure XD
2014-09-24T17:01:48 <adriens33> le mec sort des phrases random pour faire bug tout le monde XD
2014-09-24T17:02:01 <adriens33> et le pire c'est  que je marche pas je cours…
2014-09-24T17:02:23 <Letarumavza> A force de coder des IA, on apprend à faire planter les organiques.
2014-09-24T17:02:30 <Letarumavza> Penses à ça, brb
2014-09-24T17:02:30 <adriens33> tss
2014-09-24T17:02:37 <adriens33> brb = def ?
2014-09-24T17:02:41 <TrappyTickles> eh ben voila, j'ai bien fait de tester autrement qu'avec du ping.. le tetrinet de mon virtuel arrive pas à rejoindre le serveur de mon pc alors qu'il ping bien ce dernier
2014-09-24T17:02:48 <TrappyTickles> et tu disais qu'un ping suffirait....
2014-09-24T17:03:02 <Letarumavza> T'as du foirer ton tunnel de ping.
2014-09-24T17:03:11 <Letarumavza> et brb ce coups là.
2014-09-24T17:03:30 <TrappyTickles> brb = il va revenir
2014-09-24T17:03:40 <ELiDYROS> bbq c'est plus fun
2014-09-24T17:03:47 <ELiDYROS> on peut le confondre avec barbecue
2014-09-24T17:04:06 <adriens33> aaaaaaah
2014-09-24T17:04:08 <adriens33> okéé
2014-09-24T17:04:11 <adriens33> thx Trappy
2014-09-24T17:04:15 <ELiDYROS> "barbecue je vais faire une course"
2014-09-24T17:05:24 <ELiDYROS> bon on va tenter d'installer netflix ou hulu sur la PS Vita tiens
2014-09-24T17:05:26 <TrappyTickles> tain ça m'énerve, il voit pas non plus en direct sans vpn (pire, il cherche même pas)
2014-09-24T17:07:38 <Letarumavza> vérifies ta métrique.
2014-09-24T17:07:44 <Letarumavza> back btw
2014-09-24T17:08:44 <ELiDYROS> tain le vieux coup de nostalgie là
2014-09-24T17:08:51 <Letarumavza> ?
2014-09-24T17:09:58 <ELiDYROS> boh rien j'écoutais des bo randomly et je me suis rappelé d'un concert où j'ai été
2014-09-24T17:10:39 <ELiDYROS> disons que quand tu as un orchestre de 60 musiciens qui jouent tes thèmes favoris, ça marque
2014-09-24T17:20:33 <ELiDYROS> Ce qui est dommage c'est que ça revient cher, et que j'y suis toujours allé seul, donc sans personne pour partager les émotions
2014-09-24T17:23:28 *** Lezarius s'est connecté
2014-09-24T17:24:58 <Lezarius> Salut
2014-09-24T17:25:02 <ELiDYROS> Yo
2014-09-24T17:25:09 <Lezarius> Berry-Punch:  tu est mal polie dit donc tu dit plus bonjour
2014-09-24T17:25:28 <ELiDYROS> Moi je l'ai mute
2014-09-24T17:26:05 <Lezarius> sINON LET J AI UN POTE QUI VEUX CRACK WINDAUBE TU SAIS PAS COMMENT FAIRE *tROLLLOLOLOLOLOLO*
2014-09-24T17:26:09 <Lezarius> Desoler
2014-09-24T17:26:18 <Lezarius> j ai qu elle que probleme d ecren
2014-09-24T17:26:24 <Lezarius> Donc de majuscule xD
2014-09-24T17:27:07 <ELiDYROS> ok
2014-09-24T17:30:53 <ELiDYROS> Ils ont tous disparu d'un coup en fait
2014-09-24T17:42:17 *** ELiDYROS est parti
2014-09-24T18:47:00 *** DADV s'est connecté
2014-09-24T18:48:34 <DADV> coucou tout le monde
2014-09-24T18:48:38 <adriens33> hello
2014-09-24T18:49:00 <DADV> ca va toi?
2014-09-24T18:49:04 <adriens33> voui, et toi N?$*
2014-09-24T18:49:06 <adriens33> * ?
2014-09-24T18:50:06 <DADV> ca va, Elidyros est pas la ?
2014-09-24T18:50:14 <adriens33> nan, il est parti tout à l'heure
2014-09-24T18:50:29 <DADV> ok, il a pas laché sa place VIP d'animasia ?
2014-09-24T18:50:47 <adriens33> je pense pas
2014-09-24T18:50:57 *** Lezarius est parti
2014-09-24T18:52:19 <Ikledoreboline> Salut DADV re tout le monde, je fais un micro afk cette fois.
2014-09-24T18:52:48 <DADV> oki a plus
2014-09-24T18:53:58 <DADV> Il se co des fois Ragator ?
2014-09-24T18:54:03 <adriens33> heuuuuu
2014-09-24T18:54:12 <adriens33> il a du venir une fois
2014-09-24T18:54:24 <adriens33> (et très franchement je suis pas pressé de le voir rappliquer ici, m'enfin)
2014-09-24T18:54:30 <DADV> on ma prévenu qu'il etait un peu particuliers
2014-09-24T18:55:56 <DADV> tu lui reproches quoi Adrien ?
2014-09-24T18:56:14 <adriens33> boarf… trop long et chiant à expliquer. disons que j'ai lu et appris des trucs pas top.
2014-09-24T18:56:38 <DADV> hum du genre , sans poussé dans les détails crade >_<"
2014-09-24T18:56:57 <adriens33> bah sans pousser dans les détails crades ça va être difficile de te décrire en fait ^^'
2014-09-24T18:57:05 <adriens33> justement est là le problème
2014-09-24T18:57:06 <DADV> xD
2014-09-24T18:57:29 <adriens33> (bon ça et le fait qu'il harcèle les filles de bronycub mais bon…)
2014-09-24T18:57:36 <Ikledoreboline> re
2014-09-24T18:57:38 <adriens33> re
2014-09-24T18:57:41 <DADV> il me connais pas encore ouf !
2014-09-24T18:57:51 <adriens33> ouais ^^
2014-09-24T18:58:16 <DADV> bon allez, quelques détails histoire d'imaginer !
2014-09-24T18:58:24 <Ikledoreboline> m'ak, je reviens ça parle de harcèlement de truc locuhe XD
2014-09-24T18:58:31 <Ikledoreboline> et*
2014-09-24T18:59:16 <adriens33> bah t'as son twitter officiel http://twitter.com/RagatorStilWell, son autre twitter https://twitter.com/NSFWftw, déjà ça te fait de la lecture.
2014-09-24T19:00:32 <Ikledoreboline> Mon dieu, j'ai du mal à croire que des amis à moi écoutent du rap français nom de Zeus !
2014-09-24T19:00:47 <Ikledoreboline> Par la pomme d'Adam et Ève ! XD
2014-09-24T19:01:31 <DADV> oui j'ai surtout vu des dessins horrible sur ton twitter
2014-09-24T19:01:43 <DADV> "son"
2014-09-24T19:01:56 <Ikledoreboline> "Désolé, cette page n'existe pas !"
2014-09-24T19:01:58 <Ikledoreboline> xD
2014-09-24T19:02:03 <DADV> ^^
2014-09-24T19:02:24 <adriens33> y'avait un snapshot d'une conv qu'il avait eue sur wow mais… j'ai paumé le lien.
2014-09-24T19:03:04 <DADV> ou il cherché le plan drague
2014-09-24T19:03:17 <Ikledoreboline> Par contre l'image de fesses je la vois bien celle-ci, tout en haut de la page en recherchant sur twitter. m'ok.
2014-09-24T19:04:59 <Ikledoreboline> Bref, j'ai pas entendu que du bien de ce personnage du coup à éviter je pense, surtout si il vit sur l'inégalité.
2014-09-24T19:05:29 <adriens33> j'aurais pas mieux résumé. ^^
2014-09-24T19:06:31 <Ikledoreboline> J'ai réussi à résumer une personne que je ne connais même pas ? Balaise, en même temps faut dire que je suis majoritairement insociable à cause de ça lol !
2014-09-24T19:06:51 <adriens33> ba c'est pas dur, « j'ai pas entendu que du bien de ce personnage du coup à éviter »
2014-09-24T19:06:55 <adriens33> ^^
2014-09-24T19:06:56 <DADV> ha mais ses 2 comptes il a viré
2014-09-24T19:07:40 <Ikledoreboline> Bah Leta aussi a eut des problèmes avec lui donc, je pense que c'est une source d'ennuis, 2 opinions de 2 personnes différentes ya une cohérence à pas vouloir le rencontrer.
2014-09-24T19:08:03 <adriens33> ouais et t'en sais pas beaucoup.
2014-09-24T19:08:45 <Ikledoreboline> Je veux pas en savoir, si c'est le genre de personne qui prend les autres pour des sous-merde, rien que d'en parler j'en ai des maux de tête et des pulsations meurtrière enfin bon.
2014-09-24T19:09:03 <adriens33> ouais calme toi ^^ le sang c'est chiant à nettoyer.
2014-09-24T19:09:10 <adriens33> et l'acide fluorhydrique ça coûte cher.
2014-09-24T19:09:12 <adriens33> XD
2014-09-24T19:09:34 <Ikledoreboline> ^^ le jour où j'en ferais un, je me préparerais d'avance t'inquiète pas, du sang mais pas de traces.
2014-09-24T19:09:40 <adriens33> ^^
2014-09-24T19:09:52 <Ikledoreboline> Enfin, vous voulez pas connaître mon côté obscur je vais me taire passons je vous pris ^^
2014-09-24T19:10:59 *** MaCharon s'est connecté
2014-09-24T19:11:06 <MaCharon> salut
2014-09-24T19:11:26 <Ikledoreboline> Salut MaCharon ^^
2014-09-24T19:12:00 <Ikledoreboline> https://www.youtube.com/watch?v=l12Csc_lW0Q
2014-09-24T19:12:06 <Ikledoreboline> Désolé... xD
2014-09-24T19:12:13 <adriens33> bonchoire MaCharon
2014-09-24T19:12:33 <MaCharon> :/
2014-09-24T19:12:41 <adriens33> qu'est-ce qu'il se passe ?
2014-09-24T19:12:53 <MaCharon> insulte pas mon pseudo Ikle >_<
2014-09-24T19:12:53 <adriens33> pourquoi ce smiley dépité  ?
2014-09-24T19:13:00 <Ikledoreboline> x'D
2014-09-24T19:13:07 <Ikledoreboline> Elle déchire cette musique x'3
2014-09-24T19:13:14 <MaCharon> >.>
2014-09-24T19:13:20 <Ikledoreboline> (Même si je pense que les 3/4 de la musique veut rien dire. XD)
2014-09-24T19:13:32 <MaCharon> ah ben bravo
2014-09-24T19:13:35 <MaCharon> -_-
2014-09-24T19:13:56 <Ikledoreboline> Bah il dit des trucs compréhensibles.                                   "De temps en temps" x3
2014-09-24T19:14:17 <Ikledoreboline> http://www.parolesmania.com/paroles_el_mudo_23247/paroles_chacarron_macarron_1283447.html
2014-09-24T19:14:20 <Ikledoreboline> Si tu veux la chanter. XD
2014-09-24T19:15:54 <Ikledoreboline> Bah à cause de toi Macharon je retrouve tout les trucs à la con que j'écoutais il y à un petit moment ._.
2014-09-24T19:15:57 <MaCharon> STOP !
2014-09-24T19:16:07 <MaCharon> >.<
2014-09-24T19:16:16 <Ikledoreboline> x'3 J'arrête, j'arrête mais ton Stop x'DDD
2014-09-24T19:16:28 <Ikledoreboline> *se fait discret pendant 3-4 lignes"
2014-09-24T19:16:35 <adriens33> 1
2014-09-24T19:16:35 <adriens33> 2
2014-09-24T19:16:36 <adriens33> 3
2014-09-24T19:16:36 <adriens33> 4
2014-09-24T19:16:38 <adriens33> c'est bon.
2014-09-24T19:16:46 <MaCharon> ...
2014-09-24T19:16:47 <adriens33> tu peux y aller :')
2014-09-24T19:16:50 <Ikledoreboline> Youpi yeah xD
2014-09-24T19:16:55 <adriens33> (mouhahahaha >:) )
2014-09-24T19:17:10 <MaCharon> T_T
2014-09-24T19:17:11 <Ikledoreboline> Anw, je sais, je vais vous envoyer un truc wtf ^^
2014-09-24T19:17:22 <MaCharon> *s'enfuit*
2014-09-24T19:17:28 <Ikledoreboline> https://www.youtube.com/watch?v=C6spJFex6ZA
2014-09-24T19:17:29 <Ikledoreboline> xD
2014-09-24T19:18:09 <Ikledoreboline> Pourquoi je chiale toujours de rire quand je vois ce mongole ? XD
2014-09-24T19:18:18 <Letarumavza> le site des screens de rag est down
2014-09-24T19:18:25 <adriens33> quel site ?
2014-09-24T19:18:28 <adriens33> ah
2014-09-24T19:18:30 <adriens33> je vois
2014-09-24T19:18:33 <adriens33> c'est… con
2014-09-24T19:18:34 <Letarumavza> à la gloire de jean
2014-09-24T19:18:40 <adriens33> awiiii
2014-09-24T19:18:48 <Ikledoreboline> ?
2014-09-24T19:18:50 <adriens33> putain mais j'ai pas de mémoire c'est vraiment affreux ><
2014-09-24T19:19:14 <adriens33> le site ou y'a un screen d'une conv… particulière entre rag et quelqu'un du sexe féminin sur wow.
2014-09-24T19:19:18 <adriens33> sur un chat public.
2014-09-24T19:19:33 <Letarumavza> Sur un jeu pegi12
2014-09-24T19:19:44 <adriens33> (je pense que y'a pas besoin d'en rajouter davantage ^^)
2014-09-24T19:19:45 <Letarumavza> Sans qu'il ai même demandé l'age de son interlocuteur.
2014-09-24T19:19:58 <adriens33> et là Ikle va rendre son repas. :p
2014-09-24T19:20:13 <Ikledoreboline> Pfff, je pars manger, ça m'énerve déjà ^^
2014-09-24T19:20:16 <adriens33> XD
2014-09-24T19:20:19 <adriens33> bon.
2014-09-24T19:20:20 <Letarumavza> ^^
2014-09-24T19:20:23 <adriens33> je comprends ta réaction.
2014-09-24T19:20:25 <Ikledoreboline> bonne ap à vous. :p
2014-09-24T19:20:31 <Letarumavza> J4ai son ask si tu veux
2014-09-24T19:20:37 <adriens33> quand leta m'a montré ce qu'il m'a montré j'ai failli péter une veine XD
2014-09-24T19:20:43 <adriens33> *veine au cerveau
2014-09-24T19:21:05 <adriens33> ça ? http://ask.fm/Ragator
2014-09-24T19:21:27 <Letarumavza> yep
2014-09-24T19:21:55 * adriens33 facehoof
2014-09-24T19:21:56 <adriens33> Plutôt glace ou gâteau ?
2014-09-24T19:21:56 <adriens33> Gâteau, mais léger.
2014-09-24T19:21:56 <adriens33> Je ne supporte pas la nourriture "lourde".
2014-09-24T19:22:01 <adriens33> hmm...
2014-09-24T19:22:02 <Letarumavza> oh oui !
2014-09-24T19:22:03 <Letarumavza> http://www.alagloir2jean.sitew.com/Screenshots.E.htm
2014-09-24T19:22:18 <adriens33> o/
2014-09-24T19:22:52 *** DADV est parti
2014-09-24T19:23:04 <Letarumavza> http://mfs1.cdnsw.com/fs/Root/2as26-Screen.jpghttp://mfs0.cdnsw.com/fs/Root/2as20-Dialogues.jpghttp://mfs2.cdnsw.com/fs/Root/2as29-RagatorRPQ150810.jpg
2014-09-24T19:23:04 <adriens33> okay on a fait fuir DADV T.T
2014-09-24T19:23:14 <Letarumavza> http://mfs1.cdnsw.com/fs/Root/2as26-Screen.jpg http://mfs0.cdnsw.com/fs/Root/2as20-Dialogues.jpg http://mfs2.cdnsw.com/fs/Root/2as29-RagatorRPQ150810.jpg *
2014-09-24T19:23:28 <Letarumavza> o/
2014-09-24T19:23:39 <Letarumavza> On peut pas lui donner tort de fuir ragaporc
2014-09-24T19:24:02 <adriens33> XD
2014-09-24T19:25:12 <adriens33> et la réponse ask la plus intelligente du jour :
2014-09-24T19:25:18 <adriens33> « Quelle personne préfères-tu le plus?
2014-09-24T19:25:19 <adriens33> Quelqu'un. »
2014-09-24T19:25:23 <adriens33> *badum tss*
2014-09-24T19:25:42 * Letarumavza facepalm, avec une enclume. *
2014-09-24T19:25:59 <Letarumavza> I don't want to live on this planet anymore.
2014-09-24T19:26:16 <adriens33> celle ci me fait peur en y repensant…
2014-09-24T19:26:18 <adriens33> «  Ta cousine à poil sur une réplique géante de cheval faite de cuir de Chameau?
2014-09-24T19:26:18 <adriens33> Elle a 3 ans.  »
2014-09-24T19:26:26 <adriens33> note qu'il a dit son age, il a pas dit non.
2014-09-24T19:26:30 <adriens33> il.
2014-09-24T19:26:31 <adriens33> a.
2014-09-24T19:26:32 <adriens33> pas.
2014-09-24T19:26:33 <adriens33> dit.
2014-09-24T19:26:34 <adriens33> non ><
2014-09-24T19:27:46 <adriens33> «
2014-09-24T19:27:46 <adriens33> Quelles rumeurs circulent à propos de toi ?
2014-09-24T19:27:46 <adriens33> Que je suis un être immonde et que je détruis la vie des gens.  »
2014-09-24T19:27:50 <adriens33> c'est pas une rumeur ça oO
2014-09-24T19:27:55 <adriens33> c'est un fait avéré
2014-09-24T19:27:59 <Letarumavza> La seconde, je sais pas.
2014-09-24T19:28:23 <Letarumavza> Mais en revanche ce mec me fait passer pour équilibré, donc la première est juste.
2014-09-24T19:28:29 <adriens33> XD
2014-09-24T19:28:31 <adriens33> dat comparaison
2014-09-24T19:29:46 <adriens33> le chauffeur qui me vent du rêve *.*
2014-09-24T19:29:47 <adriens33> http://www.sudouest.fr/2014/09/24/eysines-un-chauffeur-de-bus-debarque-des-collegiens-1682281-2780.php
2014-09-24T19:29:57 <adriens33> le mec qui sort des collégiens du bus parce qu'ils font trop de bruit !
2014-09-24T19:30:02 <adriens33> un chauffeur qui a un peu d'autorité !
2014-09-24T19:30:06 <adriens33> ça existe encore *.*
2014-09-24T19:30:32 <adriens33> ah.
2014-09-24T19:30:45 <adriens33> non en fiat c'est ces cons qui ont actionné l'ouverture d'urgence ><
2014-09-24T19:30:48 <adriens33> ça m'apprendra à lire.
2014-09-24T19:30:59 <adriens33> quels bandes de sales mômes.
2014-09-24T19:31:13 <adriens33> bon le gars les a virés du bus qand même suite à ça
2014-09-24T19:31:20 <adriens33> parce que bon faut pas déconner quoi.
2014-09-24T19:40:19 *** Ambrocidus s'est connecté
2014-09-24T19:40:24 *** Ambrocidus est parti
2014-09-24T19:44:35 <Ikledoreboline|A> Reuh
2014-09-24T19:44:50 <Letarumavza> <19:32:00> "Lessïlera": http://mfs1.cdnsw.com/fs/Root/2as26-Screen.jpg
2014-09-24T19:44:51 <Letarumavza> <19:32:05> "Lessïlera": http://mfs0.cdnsw.com/fs/Root/2as20-Dialogues.jpg
2014-09-24T19:44:51 <Letarumavza> <19:32:11> "Lessïlera": http://mfs2.cdnsw.com/fs/Root/2as29-RagatorRPQ150810.jpg
2014-09-24T19:45:03 *** Ambrocidus s'est connecté
2014-09-24T19:45:04 <Letarumavza> voila pour les screens du ragator au mieux de sa forme
2014-09-24T19:45:07 <Ikledoreboline|A> Pls leta envois pas ça quand je reviens, merci.
2014-09-24T19:45:11 <adriens33> XD
2014-09-24T19:45:19 <adriens33> bah si, c'est pas drôle sinon.
2014-09-24T19:45:24 <Letarumavza> Tain...
2014-09-24T19:45:26 <Ambrocidus> Bonsoir, je ne fait que passer, si vous voyez Heuzef, vous pouvez lui demander de venir sur l'irc BronyCAT; merci
2014-09-24T19:45:28 *** Ambrocidus est parti
2014-09-24T19:45:33 <adriens33> heu… ok
2014-09-24T19:45:36 <adriens33> raté.
2014-09-24T19:45:49 <Letarumavza> J'ai pris quadruple dose de codéine pour passer un mal de tronche de fou furieux.
2014-09-24T19:45:50 <Ikledoreboline> Je pense pas le voir, mais lui parler virtuellement possible. XD
2014-09-24T19:45:54 <adriens33> Ambrocidus, l'homme qui est encore plus rapide sur irc que dans sa femme. XD
2014-09-24T19:45:59 <adriens33> (désolé)
2014-09-24T19:46:19 <Letarumavza> plus lent adrien, plus lent sur irc que dans sa femme.
2014-09-24T19:46:25 <adriens33> ouaaais.
2014-09-24T19:46:32 <adriens33> point taken.
2014-09-24T19:46:33 <Letarumavza> Tain chuis sur orbite.
2014-09-24T19:46:43 <Letarumavza> Je sens plus mes mains, j'ai l'impression de floter.
2014-09-24T19:46:46 <adriens33> oulà
2014-09-24T19:46:51 <Ikledoreboline> Et là tu te dis dans ta tête: "C'est reloue d'être précoce :<" x'DDD
2014-09-24T19:47:00 <Letarumavza> 4g de paracétamol + 200mg codéine
2014-09-24T19:47:06 <adriens33> Ikledoreboline: ah ça je sais pas, j'ai pas ce malheur XD
2014-09-24T19:47:17 <adriens33> mais bon si tu as le courage d'en parler en public bravo. XD
2014-09-24T19:47:22 <Ikledoreboline> x'DDD
2014-09-24T19:47:31 <Ikledoreboline> Je pense pas avoir ce problème, m'enfin bon xD
2014-09-24T19:47:39 <adriens33> mouhaha
2014-09-24T19:47:42 <Ikledoreboline> Si un jour le cas il est présent vous serez les premiers informé xDDD
2014-09-24T19:47:47 <adriens33> heuuuuuu nope.
2014-09-24T19:47:54 <Ikledoreboline> Bon, bon, xD
2014-09-24T19:47:55 <Letarumavza> branles toi souvent si tu as ce problème, parrait que c'est la thérapie conséillée.
2014-09-24T19:47:59 <Ikledoreboline> xDD
2014-09-24T19:48:02 <adriens33> bah normal
2014-09-24T19:48:11 <adriens33> ça fatigue le poireau, forcément après t'es moins rapide. XD
2014-09-24T19:48:16 <Ikledoreboline> Oh putain, je crois que toute la résidence m'a entendu rire bravo leta XD
2014-09-24T19:48:24 <Letarumavza> Ikledoreboline, je déconne pas, ça réduit la sensibilité au stumulus.
2014-09-24T19:48:28 <Letarumavza> stimulus
2014-09-24T19:48:32 <Letarumavza> motus
2014-09-24T19:48:36 <Letarumavza> nimbus
2014-09-24T19:48:37 <adriens33> t'as l'air bien renseigné leta… :)
2014-09-24T19:48:39 <Letarumavza> ratus ratus
2014-09-24T19:48:41 <Ikledoreboline> xD je pensais pareil xD
2014-09-24T19:48:45 <adriens33> *regard circonspect*
2014-09-24T19:48:49 <Letarumavza> hamster russe
2014-09-24T19:48:56 <adriens33> oulà
2014-09-24T19:48:58 <adriens33> il a buggué
2014-09-24T19:49:02 <adriens33> faut le redémarrer
2014-09-24T19:49:02 <Letarumavza> Laisses tomber, c'est les opiacés.
2014-09-24T19:49:08 <Ikledoreboline> wWaaaaat
2014-09-24T19:49:10 * adriens33 prend une capsule de cyanure
2014-09-24T19:49:14 <Ikledoreboline> J'ai mit les doigts dans la prise.
2014-09-24T19:49:19 <Ikledoreboline> Ou dans... xD
2014-09-24T19:49:22 <adriens33> Ikle…
2014-09-24T19:49:25 <Letarumavza> Pour une fois t'es une lumuière.
2014-09-24T19:49:26 <Ikledoreboline> Chhh x3
2014-09-24T19:49:31 <adriens33> *badum tss*
2014-09-24T19:51:26 *** Bybeez s'est connecté
2014-09-24T19:51:30 <Bybeez> Salut les patates !
2014-09-24T19:51:37 <adriens33> bonsoir la carotte nucléaire
2014-09-24T19:51:50 <Bybeez> *BOOM*
2014-09-24T19:51:50 <Ikledoreboline> Bonsoir le poireau.
2014-09-24T19:51:57 <adriens33> AH AH
2014-09-24T19:59:23 <Ikledoreboline> :p bon personne sur le plug.dj de la bronycub, ça me rend tout triste :<
2014-09-24T20:00:32 <Letarumavza> Les mecs
2014-09-24T20:00:51 <Letarumavza> Je prépare quelque chose pour mettre en lien les bronies et les pegasis.
2014-09-24T20:01:15 <Letarumavza> (en gros méthode site de rencontre, version gratos, mais réservé aux bronies)
2014-09-24T20:01:16 <Ikledoreboline> Divulgues ton idée ?
2014-09-24T20:01:28 <Ikledoreboline> anw, le truc de la dernière fois
2014-09-24T20:01:29 <Ikledoreboline> xD
2014-09-24T20:01:49 <Letarumavza> Enfin bronies<=>pegasis, mais aussi bronies<=>bronies... etc
2014-09-24T20:02:06 <Bybeez> C'est payant Brony-mate ?
2014-09-24T20:02:15 <Letarumavza> Il me semble
2014-09-24T20:02:30 <Bybeez> Ok
2014-09-24T20:02:41 <Letarumavza> Au pire, vérifies
2014-09-24T20:02:53 <Letarumavza> C'est pas comme si c'était dur à voir.
2014-09-24T20:03:21 <Bybeez> Bah pour l'inscription il demande rien donc j'imagine que non
2014-09-24T20:03:31 <Ikledoreboline> Je me suis inscrit pour le lol
2014-09-24T20:03:38 <Letarumavza> et ?
2014-09-24T20:03:43 <Ikledoreboline> car j'y croyais pas quand j'avais vu, ya des fonctionnalités payantes.
2014-09-24T20:03:51 <Ikledoreboline> Comme sur Meetic ou n'importe quel merde j'imagine.
2014-09-24T20:04:00 <Bybeez> Ah oui ok forcement
2014-09-24T20:04:02 <Letarumavza> Comme d'hab quoi.
2014-09-24T20:04:13 <Letarumavza> Mais je suis sur qu'on peut gérer ça sur une dynamique de don.
2014-09-24T20:04:23 <Letarumavza> Voir de pub
2014-09-24T20:04:25 <Ikledoreboline> De don on de pub affichés.
2014-09-24T20:04:28 <Ikledoreboline> ou*
2014-09-24T20:04:35 <Letarumavza> (du genre abo pour virer les pub)
2014-09-24T20:04:44 <Letarumavza> Avec un abo à 2€/mois
2014-09-24T20:04:46 <Bybeez> Oui c'est une bonne idée ça
2014-09-24T20:04:58 <Ikledoreboline> Ouais enfin avec Adblock hum.
2014-09-24T20:05:08 <Letarumavza> J4ai un script anti-adblock
2014-09-24T20:05:10 <Ikledoreboline> à moins que tu ajoutes un anti addblock.
2014-09-24T20:05:11 <Ikledoreboline> ^^
2014-09-24T20:05:22 <adriens33> hmm… un script anti adblock.
2014-09-24T20:05:23 <Letarumavza> J'ai même mieux
2014-09-24T20:05:33 <adriens33> et contre un fichier hosts de 15 mille lignes de long t'as quelque chose ?
2014-09-24T20:05:47 <adriens33> (basiquement ça pourrit les entrées dns des adresses des régies de pub :p)
2014-09-24T20:05:52 <adriens33> (mais localement, hein)
2014-09-24T20:05:58 <Letarumavza> J'ai aussi.
2014-09-24T20:06:05 <adriens33> huh ?
2014-09-24T20:06:10 <adriens33> fouque
2014-09-24T20:06:19 <Letarumavza> En fait ça consiste à charger les pubs direct sur le cache du site.
2014-09-24T20:06:35 <Letarumavza> ça coute que dalle en cache si tu refresh qu'une fois toutes les minutes.
2014-09-24T20:06:38 <Ikledoreboline> Leta 1 - 0 Bloqueur de pub.
2014-09-24T20:06:49 <adriens33> fais chierr grr ><
2014-09-24T20:06:52 <Letarumavza> Et ça baise adblock puisqu'il voit que le nom du site.
2014-09-24T20:07:00 <Letarumavza> Et tu change les noms en alea à chaque reload.
2014-09-24T20:07:08 <adriens33> donc toi ton kiff c'est de baiser avec des plugins.
2014-09-24T20:07:11 <adriens33> chacun son trip.
2014-09-24T20:07:12 <adriens33> XD
2014-09-24T20:07:12 <Letarumavza> Ce qui empéche le blacklisting par extension.
2014-09-24T20:07:14 <Ikledoreboline> https://www.youtube.com/watch?v=-ZbJevv1So4
2014-09-24T20:07:15 <Ikledoreboline> xD
2014-09-24T20:07:22 <Letarumavza> Je suis hacker ma grosse.
2014-09-24T20:07:28 <Letarumavza> Je vois chaque faiblesse.
2014-09-24T20:07:32 <adriens33> jeuh suis pas gros ><
2014-09-24T20:07:36 <Letarumavza> C'est une compétence passive.
2014-09-24T20:07:39 <Letarumavza> T'es pas une fille
2014-09-24T20:07:44 <adriens33> c'toi qu'est passif
2014-09-24T20:07:46 <Ikledoreboline> rien à voir adriens D
2014-09-24T20:07:47 <Ikledoreboline> xD
2014-09-24T20:07:49 <Letarumavza> Et t'es pas à moi non plus.
2014-09-24T20:07:52 <adriens33> heuuu
2014-09-24T20:07:54 <adriens33> nope
2014-09-24T20:07:56 <adriens33> nope
2014-09-24T20:07:56 <adriens33> nope
2014-09-24T20:08:01 <adriens33> j'aime pas cette insinuation là
2014-09-24T20:08:03 <adriens33> nope
2014-09-24T20:08:16 <Ikledoreboline> J'ai pas compris et je veux pas savoir aussi
2014-09-24T20:08:17 <Letarumavza> https://www.youtube.com/watch?v=-a-OX-Hbjm8
2014-09-24T20:08:48 <Ikledoreboline> https://www.youtube.com/watch?v=8xrZjrQ3GOQ
2014-09-24T20:08:54 <Ikledoreboline> Tu devrais aimer Leta ^^
2014-09-24T20:09:17 <Berry-Punch> Voilà ce *hic* qu'il s'est passé ces 10 dernières lignes, arthur33
2014-09-24T20:09:18 *** arthur33 s'est connecté
2014-09-24T20:09:23 <Letarumavza> https://www.youtube.com/watch?v=UZBV25oJv6M
2014-09-24T20:09:31 <Letarumavza> Nom nom nom la cosplayeuse de jinx
2014-09-24T20:09:31 *** adriens33 est parti
2014-09-24T20:09:45 <Berry-Punch> Flags de adriens33 modifiés : -o *hic* 
2014-09-24T20:09:45 <adriens33> !deop adriens33
2014-09-24T20:09:53 <Berry-Punch> Flags de *hic* adriens33 modifiés : +v
2014-09-24T20:09:53 <adriens33> !voice adriens33
2014-09-24T20:10:03 <adriens33> grr
2014-09-24T20:10:08 <Letarumavza> ?
2014-09-24T20:10:18 <Ikledoreboline> m'ak
2014-09-24T20:10:38 *** Zecora_bot s'est connecté
2014-09-24T20:10:47 <Letarumavza> $kick Berry-Punch
2014-09-24T20:10:57 <Letarumavza> Au poil !
2014-09-24T20:11:05 *** Zecora_bot est parti
2014-09-24T20:11:08 <Ikledoreboline> Leta il en faut peu pour faire bouger ton slip. xD
2014-09-24T20:11:13 *** Zecora_bot s'est connecté
2014-09-24T20:11:23 <Letarumavza> $kick Berry-Punch test
2014-09-24T20:11:27 <Berry-Punch> Voilà ce qu'il *hic* s'est passé ces 10 dernières lignes, arthur33
2014-09-24T20:13:13 <Berry-Punch> Salut *hic* tout le monde !
2014-09-24T20:13:13 *** Berry-Punch s'est connecté
2014-09-24T20:13:19 <Berry-Punch> Flags de *hic* adriens33 modifiés : -o
2014-09-24T20:13:19 <adriens33> !deop adriens33
2014-09-24T20:13:19 <Letarumavza> C'est berry qui est protégée.
2014-09-24T20:13:21 <Berry-Punch> Flags de adriens33 modifiés : +v *hic* 
2014-09-24T20:13:21 <adriens33> !voice adriens33
2014-09-24T20:13:23 <Letarumavza> Pas le pape.
2014-09-24T20:13:27 <Ikledoreboline> (sympa le groupe de la vidéo que t'as send Leta :p)
2014-09-24T20:13:38 <Letarumavza> Machinae Supremacy.
2014-09-24T20:13:41 <Letarumavza> Metal de gamer ^^
2014-09-24T20:14:01 <Letarumavza> Et la cosplayeuse est trop... nom nom nom
2014-09-24T20:14:30 <Ikledoreboline> Chacun son délire >ç^
2014-09-24T20:15:06 <Berry-Punch> Voilà ce qu'il s'est passé ces 10 dernières lignes, *hic* arthur33
2014-09-24T20:15:08 *** arthur33 s'est connecté
2014-09-24T20:15:26 <Berry-Punch> Flags de adriens33 modifiés : -o *hic* 
2014-09-24T20:15:26 <adriens33> !deop adriens33
2014-09-24T20:15:29 <Berry-Punch> Flags de adriens33 modifiés *hic* : +v
2014-09-24T20:15:29 <adriens33> !voice adriens33
2014-09-24T20:15:41 <adriens33> ça commence à me courir sur le haricot là…
2014-09-24T20:15:49 <Ikledoreboline> Jre. :p
2014-09-24T20:16:36 <Letarumavza> what ?
2014-09-24T20:16:38 <Ikledoreboline> (je vais jouer, si vous écoutez et mettre de la musique le plug.dj de la bronycub j'y suis .-.)
2014-09-24T20:16:53 <Letarumavza> repasse le lien
2014-09-24T20:17:16 <Ikledoreboline> https://plug.dj/bronycub/ (il lag ce soir plug)
2014-09-24T20:17:57 <Berry-Punch> Voilà ce qu'il s'est *hic* passé ces 10 dernières lignes, arthur33
2014-09-24T20:17:58 *** arthur33 s'est connecté
2014-09-24T20:18:00 *** arthur33 est parti
2014-09-24T20:18:25 *** Guest80436 est parti
2014-09-24T20:18:44 <Letarumavza> https://fbcdn-sphotos-f-a.akamaihd.net/hphotos-ak-xfp1/v/t1.0-9/10625127_852269911480064_2518951514269949224_n.jpg?oh=3adbe2d0c15aad3bd3150b918bb30c79&oe=5488D614&__gda__=1422733213_ca5f88cc3a2928239252dc2dc80fe424
2014-09-24T20:18:47 <Berry-Punch> Voilà ce qu'il s'est passé ces 10 dernières lignes, *hic* arthur33
2014-09-24T20:18:48 *** arthur33 s'est connecté
2014-09-24T20:18:52 <Letarumavza> Je répette cette fille est canon.
2014-09-24T20:19:01 *** adriens33 est parti
2014-09-24T20:19:06 <Berry-Punch> Flags de adriens33 modifiés : *hic* -o
2014-09-24T20:19:06 <adriens33> !deop adriens33
2014-09-24T20:19:08 <Berry-Punch> Flags de adriens33 modifiés : *hic* +v
2014-09-24T20:19:08 <adriens33> !voice adriens33
2014-09-24T20:19:10 <adriens33> GRR
2014-09-24T20:19:59 <Letarumavza> https://fbcdn-sphotos-f-a.akamaihd.net/hphotos-ak-xfp1/v/t1.0-9/10625127_852269911480064_2518951514269949224_n.jpg?oh=3adbe2d0c15aad3bd3150b918bb30c79&oe=5488D614&__gda__=1422733213_ca5f88cc3a2928239252dc2dc80fe424 <= lien que tu as loupé
2014-09-24T20:20:56 <Berry-Punch> Voilà ce qu'il s'est passé ces 10 *hic* dernières lignes, arthur33
2014-09-24T20:20:57 *** arthur33 s'est connecté
2014-09-24T20:21:00 <arthur33> mais MERDE À LA FIN !!!!
2014-09-24T20:21:21 <Berry-Punch> Flags *hic* de adriens33 modifiés : -o
2014-09-24T20:21:21 <adriens33> !deop adriens33
2014-09-24T20:21:24 <Berry-Punch> Flags de *hic* adriens33 modifiés : +v
2014-09-24T20:21:24 <adriens33> !voice adriens33
2014-09-24T20:22:04 <Ikledoreboline> Kawaï Leta :p
2014-09-24T20:23:05 <Berry-Punch> Voilà ce qu'il s'est passé ces 10 dernières lignes, arthur33 *hic* 
2014-09-24T20:23:06 *** arthur33 s'est connecté
2014-09-24T20:23:43 <arthur33> putain mais qu'est-ce qu'elle a ma co ce soir à décrocher tout le temps ???? ><
2014-09-24T20:24:35 *** Guest33926 est parti
2014-09-24T20:25:56 <Berry-Punch> Voilà ce qu'il s'est passé ces 10 dernières lignes, adrien_s33 *hic* 
2014-09-24T20:25:57 *** adrien_s33 s'est connecté
2014-09-24T20:25:58 <adrien_s33> non mais…
2014-09-24T20:26:01 <adrien_s33> sérieux…
2014-09-24T20:26:05 *** Guest45223 est parti
2014-09-24T20:29:10 *** arthur33 est parti
2014-09-24T20:32:04 *** ELiDYROS s'est connecté
2014-09-24T20:33:51 <Ikledoreboline> Finalement leta qui vient pas sur le plug. :(
2014-09-24T20:37:15 <Ikledoreboline> Liar !
2014-09-24T20:37:37 <ELiDYROS> Plug ? c'est sexuel ?
2014-09-24T20:37:45 <adriens33> heu…
2014-09-24T20:37:47 <adriens33> non ><
2014-09-24T20:37:48 <Ikledoreboline> --'
2014-09-24T20:37:50 <ELiDYROS> Ouf.
2014-09-24T20:37:55 <adriens33> quand même!
2014-09-24T20:38:06 * ELiDYROS *wink* 
2014-09-24T20:38:20 <Ikledoreboline> ça dépend pour ton ouïe ça peut.
2014-09-24T20:38:46 <Letarumavza> mais non, eli a des gouts de merde coté musique. /taunt
2014-09-24T20:38:50 <adriens33> XD
2014-09-24T20:39:01 <ELiDYROS> si tu le dis
2014-09-24T20:39:09 <Letarumavza> ...
2014-09-24T20:39:13 *** Ambrocidus s'est connecté
2014-09-24T20:39:20 <Letarumavza> C'est pas drole si tu feed pas le troll...
2014-09-24T20:39:27 <Letarumavza> ça perd son intéret.
2014-09-24T20:39:29 *** Ambrocidus est parti
2014-09-24T20:39:30 * ELiDYROS *wink*
2014-09-24T20:39:33 <Ikledoreboline> x3
2014-09-24T20:39:38 <Letarumavza> eli est fan de justin bieber
2014-09-24T20:39:42 <Letarumavza> Et de one direction
2014-09-24T20:39:45 * adriens33 vomit *
2014-09-24T20:40:05 <ELiDYROS> ça m'arrive d'écouter de la merde, mais pas à ce point là
2014-09-24T20:40:08 <ELiDYROS> encore heureux
2014-09-24T20:40:13 <Letarumavza> Yep
2014-09-24T20:40:30 <Letarumavza> Promis, si ça arrive, je t'achèverai.
2014-09-24T20:40:54 <Letarumavza> Je t'attacherai à ma cave avec 128 watts dans les oreilles.
2014-09-24T20:40:58 <Letarumavza> Et du rené la taupe.
2014-09-24T20:41:03 <ELiDYROS> et ça te dérange pas que j'écoute des girls band coréens ?
2014-09-24T20:41:25 <Letarumavza> Perso je regarde les clips sans le son, mais fais comme tu veux ^^
2014-09-24T20:42:04 <Letarumavza> Après... la Kpop...
2014-09-24T20:42:18 <Letarumavza> C'est une singularité...
2014-09-24T20:42:42 <Letarumavza> C'est étrange, bizare... Mais tu sais pas pourquoi t'en veux plus...
2014-09-24T20:42:55 <Letarumavza> C'est comme kyary pamyu pamyu...
2014-09-24T20:43:06 <Letarumavza> (en moins barré de la tronche quand même)
2014-09-24T20:43:31 <ELiDYROS> disons qu'au début j'écoutais du hip hop coréen, et à cause d'une ex je me suis mis aux girls bands
2014-09-24T20:44:02 <Letarumavza> Perso c'est surtout parce que faker écoute ça quand il stream...
2014-09-24T20:44:20 <ELiDYROS> moi je trouve ça distrayant, léger et en plus agréable aux yeux
2014-09-24T20:44:38 <Ikledoreboline> Perso, j'aime pas Justin Bieber mais si on compare c'est première à ses dernières ya du progrès :')
2014-09-24T20:44:52 <Letarumavza> Le metal aussi peut être agréable aux yeux, regarde epica.
2014-09-24T20:45:30 <Berry-Punch> Voilà ce qu'il s'est passé *hic* ces 10 dernières lignes, arthur33
2014-09-24T20:45:31 *** arthur33 s'est connecté
2014-09-24T20:45:32 <Letarumavza> (aka chanteuse à gros seins, rousse, et sapée en cuir...)
2014-09-24T20:45:49 <ELiDYROS> le cul de Jennifer Lopez c'est chouette aussi, pourtant j'irai pas écouter
2014-09-24T20:45:55 <Letarumavza> Et avec une magnifique voix de soprano
2014-09-24T20:46:18 *** Guest50274 est parti
2014-09-24T20:46:20 <Letarumavza> Chais pas, connais pas.
2014-09-24T20:46:33 <Letarumavza> M'enfin la pop ricaine...
2014-09-24T20:46:52 <Letarumavza> La seule bonne pop ricaine c'est korn.
2014-09-24T20:48:06 <ELiDYROS> première fois que j'ai écouté korn c'était en 99
2014-09-24T20:48:19 <ELiDYROS> mes parents ont fait la tronche
2014-09-24T20:48:20 <Letarumavza> Euh...
2014-09-24T20:48:32 <Letarumavza> C'était juste pour la vanne pop korn//pop-corn...
2014-09-24T20:48:48 <ELiDYROS> lol désolé je suis pas vraiment la convers
2014-09-24T20:48:59 <ELiDYROS> je suis à moitié sur la console
2014-09-24T20:49:08 <Letarumavza> Quel jeu ?
2014-09-24T20:49:24 <ELiDYROS> pour l'instant rien je faisais des updates
2014-09-24T20:49:40 <Letarumavza> Les updates ?
2014-09-24T20:49:50 <ELiDYROS> me suis souvenu que j'avais aussi une xbox 360 et que je l'allume qu'une seule fois par an
2014-09-24T20:49:53 <Letarumavza> Y'a des updates sur console maintenant ?
2014-09-24T20:50:10 <Letarumavza> (me suis arreté à la PS2)
2014-09-24T20:50:31 <Letarumavza> Tain...
2014-09-24T20:50:39 <Letarumavza> Je regrette de plus en avoir une de PS2...
2014-09-24T20:50:39 *** adriens33 est parti
2014-09-24T20:50:49 <ELiDYROS> j'en ai deux moi
2014-09-24T20:50:53 <ELiDYROS> la grosse et la slim
2014-09-24T20:50:56 <Letarumavza> De toutes façon j'aurai plus d'écran sur lequel la brancher
2014-09-24T20:51:01 <Letarumavza> La grosse est mieux.
2014-09-24T20:51:09 <Letarumavza> Robuste, et elle chauffe quasi pas.
2014-09-24T20:51:28 <Letarumavza> J'en ai passé des heures sur ratchet&clank...
2014-09-24T20:51:38 <ELiDYROS> le fait est que la mienne lit quasiment plus les jeux, je l'ai trop usée, j'ai racheté une slim après, modchipped, pour l'import
2014-09-24T20:52:04 <Letarumavza> Comment ça elle lit plus les jeux ?
2014-09-24T20:52:27 <ELiDYROS> les ps2 fat n'apprécient pas le swap
2014-09-24T20:52:41 <Letarumavza> Hum...
2014-09-24T20:52:50 <Letarumavza> Domage, si tu avais eu un pb de lentille...
2014-09-24T20:53:01 <Letarumavza> J'ai 7 lentilles de lecteur dvd en rab
2014-09-24T20:53:22 <ELiDYROS> c'était un peu y a plus de 10 ans que j'ai changé de ps2 hein xD
2014-09-24T20:53:38 <Letarumavza> ...
2014-09-24T20:53:46 <Letarumavza> Merci pour le coups de vieu...
2014-09-24T20:53:56 <ELiDYROS> on s'y fait
2014-09-24T20:53:56 <Letarumavza> C'est une console récente la PS2
2014-09-24T20:54:17 <Letarumavza> La preuve, y'a GTA san andreas dessus.
2014-09-24T20:54:48 <ELiDYROS> je sais plus quand j'ai eu la mienne moi
2014-09-24T20:54:50 <ELiDYROS> en 2001 je crois
2014-09-24T20:54:54 <Letarumavza> Et san andreas j'y jouais quand...
2014-09-24T20:55:37 <Letarumavza> Bah j'ai eu ma PS2 j'avais 9 ans...
2014-09-24T20:55:45 <Letarumavza> Donc... 2002
2014-09-24T20:55:49 <ELiDYROS> ^^
2014-09-24T20:56:01 <Letarumavza> Je m'sens vieux.
2014-09-24T20:56:10 <Letarumavza> C'était mon cadeau de noël.
2014-09-24T20:56:14 <ELiDYROS> dis toi j'ai bientot 30 ans hein
2014-09-24T20:56:16 <Letarumavza> Avec Jack2 dessus.
2014-09-24T20:56:46 <Letarumavza> Dis toi que techniquement on est de la même génération...
2014-09-24T20:57:01 <ELiDYROS> techniquement oui
2014-09-24T20:57:15 <ELiDYROS> après je ressens tout de même un fossé avec les gens du collectif
2014-09-24T20:57:23 <Letarumavza> Toi aussi ?
2014-09-24T20:57:26 <ELiDYROS> surement parce que j'ai toujours trainé avec des gens plus agés que moi
2014-09-24T20:57:34 <Letarumavza> idem.
2014-09-24T20:58:39 <Letarumavza> Oublies pas un truc, viellir est obligatoire, grandir est nécéssaire, mais perdre sa jeunesse d'esprit est totalement facultatif.
2014-09-24T20:58:53 <ELiDYROS> t'inquiete
2014-09-24T20:59:11 <ELiDYROS> je garde toujours mes yeux de gamins sur beaucoup de choses
2014-09-24T20:59:12 <Letarumavza> Raison pour laquelle je bave toujours devant les boites de lego.
2014-09-24T20:59:35 <Letarumavza> La différence, c'est que maintenant je les monte.
2014-09-24T20:59:53 <ELiDYROS> moi c'est devant les jeux vidéo, ou les robots géants
2014-09-24T21:00:12 <Letarumavza> (Quand ma boite sera lancée je vais me faire la collection complète des vaisseaux star wars en lego, pour mon burreau)
2014-09-24T21:00:20 <Berry-Punch> Voilà ce *hic* qu'il s'est passé ces 10 dernières lignes, adriens33
2014-09-24T21:00:22 *** adriens33 s'est connecté
2014-09-24T21:00:49 <Letarumavza> Les legos ça rox
2014-09-24T21:01:03 <Letarumavza> Les mecano aussi d'ailleurs.
2014-09-24T21:01:16 <ELiDYROS> j'ai pas le budget, je dépense déjà beaucoup trop en jeux, musique et fringue
2014-09-24T21:01:19 <ELiDYROS> et bouquins aussi
2014-09-24T21:01:31 <Letarumavza> Perso j'éco au max mon fric
2014-09-24T21:01:46 <Letarumavza> Je dépenserai quand ma boite sera stable et que je dépasserai 2k/mois
2014-09-24T21:01:57 <Letarumavza> En attendant, j'éco, et j'investis.
2014-09-24T21:02:09 <Ikledoreboline> ^^
2014-09-24T21:02:19 <Ikledoreboline> bonne chance à toi :)
2014-09-24T21:02:40 <Letarumavza> Vous inquiétez pas, si je fais fortue je vous offre à chacun une grosse peluche faite main.
2014-09-24T21:03:30 <ELiDYROS> Moi c'est pas demain que j'aurai ma "boite"
2014-09-24T21:03:35 <ELiDYROS> surtout si je reste ici
2014-09-24T21:03:46 <Ikledoreboline> Moi c'est pas demain que j'ai un emplois. x)
2014-09-24T21:03:55 <Letarumavza> Fais quelque chose dans le dématerialisé
2014-09-24T21:04:04 <Letarumavza> Et inscris au registre en suisse.
2014-09-24T21:04:09 <Letarumavza> C'est tout bénef.
2014-09-24T21:05:00 <Letarumavza> Après, j'ai deux trois projets en stand-by par manque de personnes pour y participer.
2014-09-24T21:05:14 <Letarumavza> Si tu as des talents de graphiste ou de codeur...
2014-09-24T21:05:28 <ELiDYROS> tous mes projets sont arrêts à cause de ça, et à cause du fait qu'aucune banque ne proposera un financement
2014-09-24T21:07:12 <ELiDYROS> sinon par rapport aux "noels jeux vidéo" moi j'en retiens deux
2014-09-24T21:07:21 <ELiDYROS> le premier c'était celui où j'ai eu la dreamcast
2014-09-24T21:07:42 <Berry-Punch> Voilà ce qu'il s'est passé ces *hic* 10 dernières lignes, arthur33
2014-09-24T21:07:43 *** arthur33 s'est connecté
2014-09-24T21:07:43 <ELiDYROS> je crois que j'ai pas pris une aussi grosse claque depuis
2014-09-24T21:11:27 *** adriens33 est parti
2014-09-24T21:12:13 *** arthur33 est parti
2014-09-24T21:15:38 <ELiDYROS> d'abord la claque technique, puis les jeux… Shenmue, Jet Set Radio, Quake 3, Capcom vs SNK...
2014-09-24T21:15:44 <ELiDYROS> Sonic Adventure Aussi
2014-09-24T21:20:06 <Letarumavza> Hum...
2014-09-24T21:20:27 <Letarumavza> J'ai bien envie de me refaire RE6
2014-09-24T21:27:27 *** Bybeez est parti
2014-09-24T21:27:57 *** Bybeez s'est connecté
2014-09-24T21:28:47 <Ikledoreboline> "Et vous avez pas peur d'envoyer des attaques aériennes ? - T'as déjà réussi à rattraper un pigeon qui t'as chier dessus ? " x'DDDD
2014-09-24T21:29:14 <Letarumavza> les guignols ?
2014-09-24T21:29:17 <Ikledoreboline> Ouais x)
2014-09-24T21:30:06 *** Ambrocidus s'est connecté
2014-09-24T21:30:10 <Ambrocidus> Bonsoir
2014-09-24T21:30:57 *** Ambrocidus est parti
2014-09-24T21:33:51 <Ikledoreboline> Ambrocidus plus rapide que son ombre !
2014-09-24T21:34:38 <Ikledoreboline> ctb
2014-09-24T21:46:44 *** Lezarius s'est connecté
2014-09-24T22:06:54 <Ikledoreboline> Yop, re ?
2014-09-24T22:07:09 <ELiDYROS> ?
2014-09-24T22:08:06 <Ikledoreboline> (pour Lezarius ._.)
2014-09-24T22:08:18 <Lezarius> Oui re
2014-09-24T22:08:23 <Lezarius> Dsl l auto reco du pc
2014-09-24T22:08:25 <Lezarius> =P
2014-09-24T22:08:51 <Ikledorlidouche> x'D voilà j'ai trouvé comment afk xD
2014-09-24T22:29:23 *** Bybeez est parti
2014-09-24T22:39:05 <ELiDYROS> wouh wouoouh
2014-09-24T22:58:56 <Ikledoreboline> Reeeuh
2014-09-24T22:59:18 <ELiDYROS> oui
2014-09-24T22:59:43 <Ikledoreboline> non
2014-09-24T23:02:09 <Ikledoreboline> Gauche ._.
2014-09-24T23:02:53 <ELiDYROS> Si tu veux
2014-09-24T23:02:59 <Ikledoreboline> T'as pas dit droite Rooh
2014-09-24T23:03:37 <ELiDYROS> Y a peut être plus intéressant non ?
2014-09-24T23:03:42 <Ikledoreboline> "Ce matin je me suis réveiller avec un mal au pied droit, c'est peut-être car je t'ai botté le cul dans mon rêve. - Si t'as mal ailleurs, t'as plus de chance que ça soit moi qui t'es fait quelque chose." x'D
2014-09-24T23:03:55 <Ikledoreboline> Ouais voilà une anecdote de moins de 4 minutes x'D
2014-09-24T23:33:43 <Ikledoreboline> Bonne nuit !
2014-09-24T23:34:36 *** Ikledoreboline est parti
