2014-09-03T00:06:19 *** TrappyTickles est parti
2014-09-03T00:19:18 *** MaCharon est parti
2014-09-03T00:51:09 *** Silou est parti
2014-09-03T02:05:16 *** ELiDYROS s'est connecté
2014-09-03T02:06:15 *** ELiDYROS est parti
2014-09-03T03:16:20 *** Lezarius est parti
2014-09-03T08:35:17 <Berry-Punch> Voilà ce qu'il s'est passé ces 10 dernières lignes, adriens33 *hic* 
2014-09-03T08:35:18 *** adriens33 s'est connecté
2014-09-03T08:37:29 <Berry-Punch> Voilà ce qu'il s'est passé ces 10 dernières lignes, arthur33 *hic* 
2014-09-03T08:37:31 *** arthur33 s'est connecté
2014-09-03T08:37:52 <Berry-Punch> Flags de adriens33 modifiés : -o *hic* 
2014-09-03T08:37:52 <adriens33> !deop adriens33
2014-09-03T08:37:56 <Berry-Punch> Flags de adriens33 *hic* modifiés : +v
2014-09-03T08:37:56 <adriens33> !voice adriens33
2014-09-03T08:38:07 <adriens33> !kick Guest90084
2014-09-03T08:43:35 <Berry-Punch> Voilà ce qu'il s'est passé *hic* ces 10 dernières lignes, arthur33
2014-09-03T08:43:37 *** arthur33 s'est connecté
2014-09-03T08:44:15 <Berry-Punch> Flags de *hic* adriens33 modifiés : +v
2014-09-03T08:44:15 <adriens33> !voice adriens33
2014-09-03T08:46:36 <Berry-Punch> Voilà ce qu'il s'est passé *hic* ces 10 dernières lignes, arthur33
2014-09-03T08:46:38 *** arthur33 s'est connecté
2014-09-03T08:48:37 *** adriens33 est parti
2014-09-03T08:51:32 *** arthur33 est parti
2014-09-03T08:52:31 <Berry-Punch> Voilà ce qu'il s'est passé ces 10 dernières lignes, adriens33 *hic* 
2014-09-03T08:52:32 *** adriens33 s'est connecté
2014-09-03T08:53:42 <Berry-Punch> Voilà ce qu'il s'est passé ces 10 dernières *hic* lignes, arthur33
2014-09-03T08:53:44 *** arthur33 s'est connecté
2014-09-03T08:53:48 <arthur33> grr…
2014-09-03T08:54:02 <Berry-Punch> Je suis désolé arthur33, mais je n'ai pas le *hic* droit de te laisser faire ça.
2014-09-03T08:54:02 <arthur33> !deop arthur33
2014-09-03T08:54:07 <arthur33> ta gueule ><
2014-09-03T08:54:42 <Berry-Punch> Flags de adriens33 modifiés : *hic* +v
2014-09-03T08:54:42 <adriens33> !voice adriens33
2014-09-03T08:55:48 <Berry-Punch> Voilà ce qu'il s'est passé ces 10 *hic* dernières lignes, arthur33
2014-09-03T08:55:50 *** arthur33 s'est connecté
2014-09-03T09:00:02 *** adriens33 est parti
2014-09-03T09:01:59 *** arthur33 est parti
2014-09-03T09:06:57 *** wildfier s'est connecté
2014-09-03T09:07:11 *** wildfier s'est connecté
2014-09-03T09:07:21 <wildfier> yop
2014-09-03T09:07:34 <wildfier> houla, pas grand monde ici ce matin ^^
2014-09-03T09:14:56 *** heuzef s'est connecté
2014-09-03T09:17:09 <wildfier> yop heuzef !
2014-09-03T09:31:40 <Berry-Punch> Voilà ce qu'il s'est passé ces 10 *hic* dernières lignes, adriens33
2014-09-03T09:31:41 *** adriens33 s'est connecté
2014-09-03T09:31:50 <adriens33> hello all
2014-09-03T09:31:57 <adriens33> bon. suspense…
2014-09-03T09:32:03 <adriens33> est ce que ma co va tenir ? ^^
2014-09-03T09:33:08 <adriens33> on dirait qu'oui.
2014-09-03T09:34:08 <heuzef> ;)
2014-09-03T09:34:26 <adriens33> bah me suis co tout à l'heure, ma connexion adsl arrêtait pas de désynchro…
2014-09-03T09:35:14 *** MaCharon s'est connecté
2014-09-03T09:35:18 <MaCharon> slt
2014-09-03T09:35:19 <adriens33> hello MaCharon
2014-09-03T09:36:01 <wildfier> salut les gens
2014-09-03T09:36:23 <adriens33> peste soit du fil de téléphone !
2014-09-03T09:36:36 <MaCharon> XD
2014-09-03T09:37:05 <wildfier> vous avez vu mon petit mai l?
2014-09-03T09:37:10 <wildfier> mail ?*
2014-09-03T09:37:16 <adriens33> not yet
2014-09-03T09:37:24 <MaCharon> je ne crois pas
2014-09-03T09:37:39 <wildfier> je partage un article que j'ai lu ce matin
2014-09-03T09:37:48 <wildfier> vraiment cool
2014-09-03T09:37:55 <wildfier> ça fait plaisir de lire un truc comme ça
2014-09-03T09:42:02 <heuzef> J'ai bien aimé la ptite BD dans les comentaires moi ^^
2014-09-03T09:44:02 <wildfier> ouais, vu comme ça ... XD
2014-09-03T09:45:40 *** adriens33 est parti
2014-09-03T10:20:43 *** TrappyTickles s'est connecté
2014-09-03T10:27:56 *** TrappyTickles est parti
2014-09-03T10:32:18 *** TrappyTickles s'est connecté
2014-09-03T10:36:15 <Berry-Punch> Voilà ce qu'il s'est *hic* passé ces 10 dernières lignes, adriens33
2014-09-03T10:36:17 *** adriens33 s'est connecté
2014-09-03T10:36:32 <adriens33> okay… random crash… ><
2014-09-03T10:52:21 *** adriens33 est parti
2014-09-03T11:31:05 <wildfier> putain je sais pas si y a beaucoup de personnes qui s'y connaissent un peu en dev web ici
2014-09-03T11:31:13 <wildfier> mais me parlez plus jamais de js
2014-09-03T11:31:35 <wildfier> je suis en train de corriger des problèmes sur un site là
2014-09-03T11:31:44 <wildfier> et c'est genre le vietnam du js ...
2014-09-03T11:32:13 <wildfier> une fonction qui existe nativement en css ? bas on la refait en js ! c'est plus fun !
2014-09-03T11:32:18 <wildfier> et pas du tou tplus lourd
2014-09-03T11:32:26 <wildfier> tout plus*
2014-09-03T11:34:20 <wildfier> une foutue scrollbar réimplémentée en js !
2014-09-03T11:34:24 <wildfier> pourquoi !
2014-09-03T11:35:26 <wildfier> c'est tellement plus cool d'avoir la même chose que ce que le moteur web de ton navigateur t'aurai donné mais avec un lag énorme en plus ! bien sur !
2014-09-03T11:36:01 <wildfier> arf, bon, je vais pas plus spamer l'irc
2014-09-03T11:50:15 *** heuzef est parti
2014-09-03T12:26:47 <Letarumavza> Fait péter !
2014-09-03T12:26:59 <Letarumavza> Go pastebin cette horreur !!!
2014-09-03T12:27:18 <wildfier> la fleme ^^
2014-09-03T12:27:20 <Letarumavza> (j'ai besoin de me changer un poil les idées)
2014-09-03T12:27:26 <Letarumavza> arf
2014-09-03T12:27:30 <wildfier> je te passerai le lien quand ça sera en prod
2014-09-03T12:27:44 <Letarumavza> ok ^^
2014-09-03T12:27:53 <Letarumavza> Mais il leur a pris quoi ?
2014-09-03T12:27:56 <wildfier> mais sache juste que t'as du css dans je sais pas combien de fichiers
2014-09-03T12:28:12 <wildfier> que ça utilise à peine bootsrap ...
2014-09-03T12:28:22 <wildfier> et que t'as plein de js utilisé pour faire le taf du css
2014-09-03T12:28:32 <Letarumavza> wtf !
2014-09-03T12:28:51 <wildfier> ce qui leur à pris c'est d'utiliser des étudiants qui savent pas encore bien faire
2014-09-03T12:29:18 <wildfier> genre pour gérer le redimenssionnement de l'image de fond de la page
2014-09-03T12:29:27 <wildfier> ils utilisaient une lib externe en js
2014-09-03T12:29:54 <Letarumavza> Euh...
2014-09-03T12:30:03 <wildfier> j'ai remplacé ça par quelques lignes de css
2014-09-03T12:30:11 <wildfier> à coups de background-xxxx
2014-09-03T12:30:16 <Letarumavza> 10min sur code.org et tu évites ce genre de conneries.
2014-09-03T12:30:22 <wildfier> et oui ...
2014-09-03T12:30:33 <Letarumavza> C'est vraiment des étudiants ou juste des branles-couilles ?
2014-09-03T12:30:38 <wildfier> mais le pire ça reste cette scroll bar en js ...
2014-09-03T12:31:24 <Letarumavza> Tu vas rire, mais j'ai même pas d'idée de comment elle a pu être codée.
2014-09-03T12:37:06 <wildfier> bas je pense que ça utilise le scroll du moteur web
2014-09-03T12:37:18 <wildfier> et que dès que tu bouge ça lance un callback js
2014-09-03T12:37:32 <wildfier> qui met à jour la position de la scroll bar
2014-09-03T12:38:08 <wildfier> histoire que t'ai un js bien lourd appelé à chaque fois que tu bouge d'un pixel
2014-09-03T12:40:07 <wildfier> tiens je sais plus si je t'ai demandé
2014-09-03T12:40:14 <wildfier> c'est quoi ton avis sur le flat design ?
2014-09-03T12:40:47 <wildfier> juste pour le troll le design de la page d'acceuil de bootstrap avant le flat et après
2014-09-03T12:40:49 <wildfier> http://getbootstrap.com/2.3.2/
2014-09-03T12:40:51 <wildfier> http://getbootstrap.com
2014-09-03T12:50:37 <wildfier> kill la kill ! http://cheezburger.com/8304355840
2014-09-03T12:53:46 *** ludvann s'est connecté
2014-09-03T12:53:51 <ludvann> plop :D
2014-09-03T12:56:48 <wildfier> salut
2014-09-03T12:57:30 <Letarumavza> Hum..
2014-09-03T12:58:12 <Letarumavza> J'ai vraiment un problème avec le flat design clair.
2014-09-03T12:58:40 <Letarumavza> C'est vraiment moins confortable à la lecture que les teintes sombres.
2014-09-03T12:58:43 <wildfier> perso j'aime pas trop un fond clair sur un écran donc c'est sur ça aide pas
2014-09-03T12:58:53 <wildfier> yep
2014-09-03T12:59:04 <wildfier> sur écran c'est l'inverse que sur papier
2014-09-03T12:59:05 <ludvann> :/
2014-09-03T13:04:20 *** Letarumavza est parti
2014-09-03T13:06:21 *** Letarumavza s'est connecté
2014-09-03T13:15:30 *** ludvann est parti
2014-09-03T13:20:47 <Letarumavza> Le flat design c'est ultra rapide, ok
2014-09-03T13:20:58 <Letarumavza> Mais en clair c'est vraiment trop moche...
2014-09-03T13:21:26 <wildfier> perso j'ai du mal avec la plus part de ce que j'ai vu en flat
2014-09-03T13:33:01 <Berry-Punch> Voilà ce qu'il s'est passé ces 10 *hic* dernières lignes, adriens33
2014-09-03T13:33:02 *** adriens33 s'est connecté
2014-09-03T13:41:30 <Berry-Punch> Voilà ce qu'il s'est passé ces 10 dernières lignes, *hic* arthur33
2014-09-03T13:41:32 *** arthur33 s'est connecté
2014-09-03T13:43:35 <Berry-Punch> Voilà ce *hic* qu'il s'est passé ces 10 dernières lignes, adrien_s33
2014-09-03T13:43:37 *** adrien_s33 s'est connecté
2014-09-03T13:43:56 *** adrien_s33 est parti
2014-09-03T13:44:45 *** adriens33 est parti
2014-09-03T13:46:45 *** arthur33 est parti
2014-09-03T14:17:11 *** Silou s'est connecté
2014-09-03T14:18:15 <Berry-Punch> Voilà ce qu'il *hic* s'est passé ces 10 dernières lignes, adriens33
2014-09-03T14:18:17 *** adriens33 s'est connecté
2014-09-03T14:29:14 *** adriens33 est parti
2014-09-03T14:31:24 *** heuzef s'est connecté
2014-09-03T14:40:54 *** Gordfang s'est connecté
2014-09-03T14:41:28 <Gordfang> lut
2014-09-03T14:43:10 <heuzef> Plop =)
2014-09-03T14:43:21 <heuzef> Gordfang des nouvelles du front ?
2014-09-03T14:43:25 <Berry-Punch> Voilà ce qu'il s'est *hic* passé ces 10 dernières lignes, adriens33
2014-09-03T14:43:27 *** adriens33 s'est connecté
2014-09-03T14:47:38 <Gordfang> quel front? cdpp non, et astree faut que j'envois le mail...
2014-09-03T14:49:44 *** adriens33 est parti
2014-09-03T14:51:54 <heuzef> ok
2014-09-03T14:56:02 <Letarumavza> Le flat design c'est la merde
2014-09-03T14:56:11 <Letarumavza> (et en théorie je suis pas là ce weekend)
2014-09-03T14:56:47 <Letarumavza> Et btw, si ce weekend se passe bien, attendez vous à me voir ultra sympa et serviable pendant quelques temps après.
2014-09-03T15:03:41 <Gordfang> tu parle de quoi ce week end letar? gameat?
2014-09-03T15:20:38 <Gordfang> au fait heuzef par rapport au report d'astree tu en as parler a tous le monde ou pas?
2014-09-03T15:22:07 <heuzef> non, Seul toi moi et alex somme au courrant
2014-09-03T15:22:16 <heuzef> Manque donc encore 3 personnes
2014-09-03T15:22:41 <heuzef> Et c'est l'occasion de refaire encore une relance, des gens seront peut-être dispo du coup
2014-09-03T15:23:06 <Gordfang> ok je m'occupe de faire une petite relance alors
2014-09-03T15:23:20 <heuzef> Concernant CDPP je n'ai aucunes nouvelles de Jean-Eric
2014-09-03T15:24:09 *** Shinsaber s'est connecté
2014-09-03T15:24:22 <Shinsaber> Salut le peuple !
2014-09-03T15:24:30 <Silou> Salut
2014-09-03T15:25:28 <Gordfang> ta pas recu le mail?
2014-09-03T15:26:05 <Gordfang> et je vient de reagir! si astree c'est pas ce week end je vais pouvoir aller me picoler au dernière féria de l'année OUAI!
2014-09-03T15:26:42 <wildfier> je veux venir !
2014-09-03T15:27:30 <Gordfang> :D desolé la c'est une petite féria avec mes amis
2014-09-03T15:27:39 <Gordfang> je t'inviterai pour l'année prochaine chez moi
2014-09-03T15:27:58 <Shinsaber> comment que tu vien de dire que c'est pas ton ami
2014-09-03T15:28:07 <wildfier> XD
2014-09-03T15:28:42 <wildfier> je suis atristé maintenant ...
2014-09-03T15:28:54 <heuzef> Ha si bien reçus
2014-09-03T15:29:38 <heuzef> D'ailleur, wildfier fesant partie des inscritq
2014-09-03T15:29:46 <heuzef> On peux donc voir ça avec lui directement
2014-09-03T15:30:13 <wildfier> c-à-d ?
2014-09-03T15:30:15 <heuzef> wildfier: l'astrée repousse sa formation au samedi 13
2014-09-03T15:30:21 <wildfier> ok
2014-09-03T15:30:31 <heuzef> Aucun problème pour toi ?
2014-09-03T15:30:44 <wildfier> nope
2014-09-03T15:30:45 <Gordfang> na c'est pas ca mathias :D c'est juste que du coup personne te connais a par moi et en plus je suis pas certain que tu aime cette féria la
2014-09-03T15:32:49 <heuzef> MaCharon: concernant le programme, il te faudrait faire une reponse à J-E, pense à nous mettre nc opie ;)
2014-09-03T15:33:20 <MaCharon> nc opie ?
2014-09-03T15:33:28 <MaCharon> kézako ?
2014-09-03T15:33:36 <heuzef> "En copie"
2014-09-03T15:34:06 <MaCharon> c'est a dire ?
2014-09-03T15:34:12 <MaCharon> je te suis pas
2014-09-03T15:34:18 <MaCharon> ^^"
2014-09-03T15:35:18 <heuzef> MaCharon: concernant le mail de J-E, il propose une Dead-line pour le 1er Septembre
2014-09-03T15:35:30 <heuzef> Dans la mesure ou c'est toi qui remplis le programme au dernier moment
2014-09-03T15:35:40 <heuzef> Il vaut mieux que tu lui réponde directement
2014-09-03T15:35:44 <heuzef> en nous mettant en copie
2014-09-03T15:35:47 <MaCharon> octobre tu veut dire nn ?
2014-09-03T15:35:51 <Gordfang> au fait mathias il est super l'article
2014-09-03T15:35:56 <heuzef> 1er octobre pardon
2014-09-03T15:36:24 <wildfier> J-E ?
2014-09-03T15:36:32 <wildfier> ouais Gordfang, j'ai adoré
2014-09-03T15:36:34 <MaCharon> euh ok
2014-09-03T15:36:43 <Gordfang> jean eric
2014-09-03T15:36:48 <Gordfang> le mec des chantier des porte plumes
2014-09-03T15:36:58 <heuzef> J-E = Jean Eric = Président de l'asso CDPP
2014-09-03T15:37:10 <heuzef> Putain par contre c'est dément ça .....
2014-09-03T15:37:10 <heuzef> "Par contre, le nouveau logo n'a pas fait l'unanimité, et en raison d'un litige à ce sujet, nous attendons de consulter l'ensemble de l'association, dès la rentrée. Dès à présent je tiens donc à vous avertir de la possibilité d'un revirement concernant le logo: il faudra alors le remplacer partout par l'ancien logo historique."
2014-09-03T15:37:10 <heuzef> Il risques d'être fortement déçus s'ils prennent cette décision.
2014-09-03T15:37:43 <Gordfang> l'ancien le moche la? noir sur blanc?
2014-09-03T15:37:53 <heuzef> Surtout que ce qu'il appel "lancien logo historique" est un immonde jpeg crado
2014-09-03T15:38:14 <Gordfang> XD
2014-09-03T15:38:22 <heuzef> Ouais, imagine bien ça sur mon kakemono de 3 mètre de haut CMJN maintenant
2014-09-03T15:38:26 <heuzef> bonjour le carnage
2014-09-03T15:39:08 <Gordfang> :p pareil pour nous
2014-09-03T15:39:39 <Gordfang> like norvegian death metal XD
2014-09-03T16:05:55 <heuzef> Gordfang: j'ai relancé Ileana, Josué et Raphael , pour l'astrée.
2014-09-03T16:06:04 <heuzef> Illeana c'est ok pour le 13
2014-09-03T16:06:08 <heuzef> Josué aussi OK
2014-09-03T16:06:22 <heuzef> Manque plus que Raphael (lenile)
2014-09-03T16:06:36 <Gordfang> j'ai envoyer un mail global aussi
2014-09-03T16:06:42 <heuzef> Yep
2014-09-03T16:11:39 *** Yvan33 s'est connecté
2014-09-03T16:11:46 <Yvan33> Hello
2014-09-03T16:12:41 <heuzef> Quel synchronisation de fou
2014-09-03T16:12:45 <heuzef> Yvan33 ^^
2014-09-03T16:12:57 <heuzef> Je viens tous juste de mettre à jour EM pour l'integration des DDR
2014-09-03T16:13:00 <heuzef> quand pense tu ?
2014-09-03T16:13:02 <Yvan33> Hum, quoi?
2014-09-03T16:13:21 <Yvan33> Euh bah je vais voir
2014-09-03T16:13:26 <Yvan33> Bah du coup
2014-09-03T16:13:33 <Yvan33> Commet'es là j'ai une question
2014-09-03T16:13:37 <heuzef> ?
2014-09-03T16:14:13 <Yvan33> Il y a des nains/elfes/gnomes dans Eco monde ou juste humain et monstres?
2014-09-03T16:15:14 <heuzef> Bof, me suis jamais posé la question
2014-09-03T16:15:21 <heuzef> Mais has you want je dirais
2014-09-03T16:15:40 <Yvan33> Tu as un h en trop je crois
2014-09-03T16:15:49 <heuzef> Comme tu veux
2014-09-03T16:16:33 <Yvan33> XD
2014-09-03T16:16:50 <Yvan33> Et sinon tu as changé quoi du coup?
2014-09-03T16:19:37 <heuzef> ... je viens de voir que c'est bugé
2014-09-03T16:19:42 <heuzef> attend du coup xD
2014-09-03T16:20:06 <wildfier> j'y vais, bye
2014-09-03T16:20:10 *** wildfier est parti
2014-09-03T16:23:20 <heuzef> Ok c'est bon
2014-09-03T16:23:30 <heuzef> Une putain de parenthèse en trop pfff
2014-09-03T16:23:33 <heuzef> bref
2014-09-03T16:23:35 <Yvan33> Loul
2014-09-03T16:23:44 <heuzef> Regarde à droite des notes
2014-09-03T16:23:49 <heuzef> J'ai rajouté le compteur de DDR
2014-09-03T16:24:00 <Yvan33> Ah je go
2014-09-03T16:24:38 <Yvan33> C'est combien max?
2014-09-03T16:24:57 <heuzef> 99999
2014-09-03T16:25:02 <Yvan33> hum
2014-09-03T16:25:20 <Yvan33> Personne attendra au dessus de 10 alors bon ^^
2014-09-03T16:25:26 <heuzef> ;)
2014-09-03T16:25:54 <heuzef> Je voit aucun problème à ce que le joueur cumule tous ces DDR est dépense tous d'un coup
2014-09-03T16:26:02 <heuzef> Donc pas la peine de mettre de limite
2014-09-03T16:26:40 <Yvan33> Nan mais perso je vais pas attendre pour avoir l'occasion de gagner de l'Eco quoi
2014-09-03T16:26:40 <Yvan33> ou de l'xp
2014-09-03T16:26:54 <heuzef> Logique
2014-09-03T16:27:06 <heuzef> Ce soir Shadow veut qu'on ce fasse une visio pour alimenter le wiki
2014-09-03T16:27:12 <Yvan33> Huh
2014-09-03T16:27:17 <heuzef> si t'es dispo
2014-09-03T16:27:24 <Yvan33> Euh, quelle heure?
2014-09-03T16:27:36 <heuzef> Je sais pas trop ça dépendra de mon boulot
2014-09-03T16:27:42 <Yvan33> Et j'ai pas de caméra, juste un micro
2014-09-03T16:27:49 <heuzef> Parfait donc
2014-09-03T16:28:08 <heuzef> Vers 19h je pense
2014-09-03T16:28:36 <Yvan33> Ok
2014-09-03T16:29:44 <Yvan33> http://wiki.ecomonde.land/doku.php?id=contributions:armes&#comment_643ea54ea8efc7a5692745842929fa2e
2014-09-03T16:29:55 <Yvan33> Tiens, si tu t'ennuie j'ai commenter
2014-09-03T16:33:35 *** Shinsaber est parti
2014-09-03T16:34:44 <heuzef> Oula ...
2014-09-03T16:35:00 <heuzef> Je suis pas trop pour faire un système d'arme :/
2014-09-03T16:35:28 <Yvan33> On part du principe que l'arme n'a pas d'importance?
2014-09-03T16:36:03 <heuzef> Franchement, le MJ est pas con, il ce doute bien qu'une massue dans la geule ça fait plus mal qu'une gague ans le cul
2014-09-03T16:36:04 <heuzef> hop
2014-09-03T16:36:11 <heuzef> pas besoin de "complexifié"
2014-09-03T16:36:31 <heuzef> dague*
2014-09-03T16:37:00 <Yvan33> Bah je connais toujours pas la manière où tu compte les dégats sur tes joueurs ou tes monstres.
2014-09-03T16:37:11 <heuzef> Y'en à pas vraiment
2014-09-03T16:37:18 <heuzef> Je me met à la place du MJ
2014-09-03T16:37:36 <heuzef> Il faut que le calcule soit instantané dans sa tête
2014-09-03T16:38:49 <Yvan33> En fait tu improvise genre "le garde te donne un coup de lance, 1 pv en moins" et "le dragon te balaye avec sa queue, 3 pv dans ta face"?
2014-09-03T16:39:10 <heuzef> Yep, dans tous les cas la décision revient au dé
2014-09-03T16:39:18 <Yvan33> Huh?
2014-09-03T16:39:22 <heuzef> Ensuite pour les dégat c'est le MJ qui décide en fonction du contexte et du stuff
2014-09-03T16:40:04 <Yvan33> Et il décide comment?
2014-09-03T16:40:51 <heuzef> En gros, blessure legère = 1 pv , blessure = 2pv, blessure grave = 5 pv, blessure critique = 10 pv
2014-09-03T16:41:21 <heuzef> J'integrerais cette echelle dans le systeme de combat
2014-09-03T16:47:42 <heuzef> Yvan33 ?
2014-09-03T16:47:54 <Yvan33> Je vois. Mais pour les monstres c'est différent
2014-09-03T16:48:06 <Yvan33> Pardon, partis éplucher les patates ^^
2014-09-03T16:48:26 <heuzef> On à pris la décision de pas faire de compteur de vie pour les monstre, du coup plus imple ;)
2014-09-03T16:48:37 <heuzef> Sinon pour les armes, pour les niveau c'est pas bêtes
2014-09-03T16:48:55 <heuzef> On peux tous simplement précéder le nom de l'arme par un indiquateur de niveau minimum
2014-09-03T16:49:18 <heuzef> [0] Epée
2014-09-03T16:49:18 <heuzef> [1] Epée longue
2014-09-03T16:49:18 <heuzef> [2] Katana
2014-09-03T16:49:20 <heuzef> Etc ...
2014-09-03T16:49:28 <Yvan33> Hum, je sais pas
2014-09-03T16:49:30 <heuzef> ça donne rapidement le niveau minimum requit
2014-09-03T16:49:32 <heuzef> Ha ?
2014-09-03T16:50:32 *** Yvan33 est parti
2014-09-03T16:51:20 *** Yvan33 s'est connecté
2014-09-03T16:51:27 <Yvan33> Tiens, j'ai bugé
2014-09-03T16:51:37 <Yvan33> Tu as vu ce que j'ai dis du coup?
2014-09-03T16:51:41 <heuzef> nop
2014-09-03T16:51:52 <Yvan33> ça permettrai de faire un tableau aussi et de faire une echelle de prix assez simple
2014-09-03T16:52:06 <Yvan33> Les armes par niveau
2014-09-03T16:52:19 <heuzef> oui
2014-09-03T16:52:30 <Yvan33> Mais du coup qu'apporte de mieu l'arme de niveau 3 par rapport à celle du niveau 11?
2014-09-03T16:54:42 <heuzef> Déjà y'a que 4 niveau
2014-09-03T16:54:46 <heuzef> 0 1 2 et 3
2014-09-03T16:55:03 <heuzef> Et c'est surtout sur le choix de l'arme je dirais pour la classe
2014-09-03T16:55:28 <heuzef> Si tu veux manier un katana trop stylé et que t'es que niveau 0, t'as pas les compétence pour l'utiliser
2014-09-03T16:55:36 <heuzef> Tu risque de te blesser ou faire nawak avec
2014-09-03T16:55:54 <heuzef> C'est comme ça que je le voie en tous cas
2014-09-03T16:56:40 <Yvan33> Bah moi je préfère garder mon fric et ma dague plutot que d'acheter un katana si c'est que pour le style
2014-09-03T16:57:17 <heuzef> C'est qu'un katana c'est vachement plus dangereux qu'une épee aussi quand même
2014-09-03T16:57:37 <MaCharon> ça depend la maitrise
2014-09-03T16:57:45 <heuzef> voila
2014-09-03T16:58:43 <heuzef> Mouais c'est vrais que plus j'y pense, y'a pas vraiment d'avantage et ça complexifie pas mal aussi
2014-09-03T16:59:23 <heuzef> On pourrais alors ce contenter de ne pas faire de niveau pour les armes
2014-09-03T16:59:30 <heuzef> ça serait tous aussi bien
2014-09-03T16:59:49 <Yvan33> Bah c'est ça, pour le moment rien ne m'incite a changer mon baton contre un claymore à deux mains ou un fléau d'arme lourd.
2014-09-03T17:00:11 <Yvan33> Et puis le niveau donne déjà des bonus aux dés
2014-09-03T17:00:41 <heuzef> Pourtant en jeu il va quand même y avoir des actions interessante ajouté si tu à un stuff stylé
2014-09-03T17:01:20 <heuzef> Si t'as un pauvre bout de bois tu va pas être très créatif
2014-09-03T17:01:27 <heuzef> "je lui met dans le cul !"
2014-09-03T17:01:28 <Yvan33> Ah si
2014-09-03T17:01:35 <Yvan33> Merde tu as deviné
2014-09-03T17:01:36 <heuzef> xD
2014-09-03T17:02:53 <Yvan33> Nan mais moi le baton je le casse en 2, je les mets dans les narines du dragon, je créée du poivre avec de l'Eco verte et on lui bloque la bouche après l'avoir avalé. Et comme ça il éternue et sa tête explose
2014-09-03T17:03:31 <heuzef> Franchement la machoir du dragon va broyer le baton c'est tous !
2014-09-03T17:03:48 <heuzef> Même boosté a l'eco rouge toon baton tiendra pas
2014-09-03T17:04:19 <Yvan33> Nan, il est dans les narines
2014-09-03T17:04:29 <Yvan33> La machoire on la tiens à l'Eco bleu
2014-09-03T17:04:38 <heuzef> ...
2014-09-03T17:04:47 <Yvan33> Et oui, tout est calculé
2014-09-03T17:04:53 <heuzef> Ta tête explose toi quand tu eternue la bouche fermé ?
2014-09-03T17:05:02 <heuzef> Parceque moi non, même le nez boucher
2014-09-03T17:05:06 <MaCharon> et pendant ce temps la on dresse une belette pour lui bousillé de l'interieur l'estomac
2014-09-03T17:05:16 <MaCharon> XD
2014-09-03T17:05:17 <Yvan33> Tes yeux peuvent sortir de tes orbites si tu te retient d'éternuer
2014-09-03T17:05:39 <heuzef> Franchement le plan de MaCharon avec sa belettre est 100 fois meilleur si tu veux on avis
2014-09-03T17:05:41 <Yvan33> Et tu peut te casser une côte en toussant trop fort
2014-09-03T17:05:55 <heuzef> Encore faut t'il que la belette accepte de jouer les kamikaze
2014-09-03T17:06:05 <Yvan33> Ouais mais moi j'ai juste besoin d'un baton et de 20 xp
2014-09-03T17:06:44 <heuzef> Ba lui d'une Eco Verte et de bouceaup de persuasion :P
2014-09-03T17:07:00 <heuzef> Et beaucoup de chance aussi
2014-09-03T17:07:02 <MaCharon> animaux de la forêt !!!
2014-09-03T17:07:22 <heuzef> Ta belette va juste finir digéré je pense mais bon
2014-09-03T17:07:28 <Yvan33> Nan mais c'est nul, il va se faire dissoudre par les sucs gastrique, un dragon ça mange des humains tu sais
2014-09-03T17:07:45 <MaCharon> tkt elle est rapide
2014-09-03T17:07:47 <heuzef> Et ton baton va lui servir de cure dent après t'avoir bouffer Yvan33
2014-09-03T17:08:18 <Yvan33> En plus en toussant il va cracher du feu, mais avec sa bouche bloqué il va se cramer l'intérieur de sa bouche
2014-09-03T17:08:33 <Yvan33> Donc aveugle + dégats à la bouche
2014-09-03T17:08:44 <heuzef> Mais bien sur
2014-09-03T17:09:06 <Yvan33> Mieu, il s'étouffe avec son feu et meurt
2014-09-03T17:09:12 <heuzef> Après tu va boire son sang et cracher du feu aussi ?
2014-09-03T17:09:39 <Yvan33> Nan, je prends ses dents pour les planter dans le sol et créer des gardes fantomes
2014-09-03T17:09:52 <Yvan33> C'est le coeur qu'il faut bouffer pour avoir de la magie
2014-09-03T17:10:11 <Yvan33> Et si tu te baignes dans son sang, ta peau devient aussi résistante que ses écailles
2014-09-03T17:10:42 <Yvan33> Sans parler de le dépecer pour avoir un stuff en écailles de dragon
2014-09-03T17:11:10 <MaCharon> rien ne se perd, tout se transforme
2014-09-03T17:11:40 <Yvan33> Et les griffes font d'excellents armes capable de percer l'acier aussi
2014-09-03T17:11:54 <Yvan33> Tout est bon dans le dragon!
2014-09-03T17:12:30 <heuzef> *facehoof*
2014-09-03T17:13:18 <Yvan33> Bon après ya des risques, si tu manges pas le coeur immédiatement avoir tuer le dragon bah tu choppe la chiasse
2014-09-03T17:13:45 <Yvan33> Et si tu mets son sang dans un contenaire ou bouteille, ça devient un poison
2014-09-03T17:14:00 <Yvan33> Et oui faut faire gaffe
2014-09-03T17:14:15 <heuzef> Je comprend pourquoi tu aime bien faire le MJ toi
2014-09-03T17:14:24 <heuzef> C'est pour faire pété un plomb aux joueurs xD
2014-09-03T17:14:40 <Yvan33> Mes joueurs ont jamais eut l'occasion d'en dépecer un vivant
2014-09-03T17:15:09 <heuzef> Dommage, tu aurais eu l'occasion de leur faire choper la chiasse xD
2014-09-03T17:15:14 <Yvan33> En fait avec toute les capacités d'un dragon c'est increvable
2014-09-03T17:15:36 <Yvan33> Et ça c'est pas vraiment dans les règles de Dongeon et Dragon
2014-09-03T17:16:03 <heuzef> Faut voir ce que mon dragon à pris dans la gueule la dernière fois avec 6 joueurs strat chargé d'ecos
2014-09-03T17:16:12 <MaCharon> >.>
2014-09-03T17:17:35 <Yvan33> Il était pas très frais ton dragon je me souviens
2014-09-03T17:18:06 <Yvan33> Ah, et ça sert à rien mais tu peux te faire une cape avec la membrane du dragon
2014-09-03T17:29:26 *** Yvan33 est parti
2014-09-03T18:06:09 *** Trappy_Tickles s'est connecté
2014-09-03T18:06:47 *** Bybeez s'est connecté
2014-09-03T18:07:24 <Bybeez> Patate !
2014-09-03T18:07:25 <Bybeez> Letarumavza ! Le site pour les news coréenne je te pris ?
2014-09-03T18:08:41 *** TrappyTickles est parti
2014-09-03T18:09:09 <heuzef> Bybeez ?
2014-09-03T18:09:15 <Bybeez> Oui ?
2014-09-03T18:09:20 <heuzef> https://vroom.im/heuzef?video=false
2014-09-03T18:17:25 <Bybeez> A+
2014-09-03T18:17:28 *** Bybeez est parti
2014-09-03T18:18:25 <Berry-Punch> Voilà *hic* ce qu'il s'est passé ces 10 dernières lignes, adriens33
2014-09-03T18:18:27 *** adriens33 s'est connecté
2014-09-03T18:22:51 <adriens33> lu all
2014-09-03T18:42:18 <Berry-Punch> Flags de TrappyTickles *hic* modifiés : +v
2014-09-03T18:42:18 <adriens33> !voice TrappyTickles
2014-09-03T18:42:25 <TrappyTickles> mci
2014-09-03T18:42:30 <TrappyTickles> marre de me voir déco sans raisons
2014-09-03T18:42:50 <adriens33> parle pour toi, j'ai des désynchros sur ma ligne adsl depuis ce matin…
2014-09-03T18:46:46 *** Gordfang est parti
2014-09-03T18:46:57 <TrappyTickles> tain j'ai réussi enfin à faire marcher artificial academy 2 sur mon pc... J'suis en train de refaire equestria girls dans le jeu lol
2014-09-03T18:48:21 <TrappyTickles> ma fluttershy est trop belle ^^
2014-09-03T18:55:54 *** Lezarius s'est connecté
2014-09-03T18:56:01 <Lezarius> Cha lu
2014-09-03T18:56:07 <TrappyTickles> oi
2014-09-03T19:03:40 *** ELiDYROS s'est connecté
2014-09-03T19:04:03 <ELiDYROS> Yo.
2014-09-03T19:04:51 <TrappyTickles> oi
2014-09-03T19:15:34 *** Yvan33 s'est connecté
2014-09-03T19:16:12 <Yvan33> Heuzef tu voulais faire une visio?
2014-09-03T19:19:56 <heuzef> https://vroom.im/heuzef?video=false
2014-09-03T19:22:53 <Yvan33> Et il est là ton pote?
2014-09-03T19:23:56 <heuzef> yep
2014-09-03T19:24:22 <Yvan33> Alors je suis pas avec vous
2014-09-03T19:24:30 <heuzef> ??
2014-09-03T19:24:59 *** Yvan33 est parti
2014-09-03T19:26:13 <ELiDYROS> Bon, à plus
2014-09-03T19:26:16 *** ELiDYROS est parti
2014-09-03T19:56:12 *** heuzef est parti
2014-09-03T19:59:22 *** Lezarius est parti
2014-09-03T20:42:35 *** Bybeez s'est connecté
2014-09-03T20:42:36 <Bybeez> Patate !
2014-09-03T20:46:02 <Letarumavza> Louons la sainte pelle mes frères et mes soeurs
2014-09-03T20:46:44 <Bybeez> La Sainte patate !
2014-09-03T20:55:11 *** Yvan33 s'est connecté
2014-09-03T20:55:21 <Yvan33> J'ai entendu parlé de la sainte pelle
2014-09-03T20:55:30 <adriens33> Pupuce ?
2014-09-03T20:55:45 <Yvan33> Leta, tu dois pas oublié
2014-09-03T20:56:14 <Yvan33> de créer une redirection par ip directe dynamique via token.
2014-09-03T20:56:27 <Bybeez> XD
2014-09-03T20:56:42 <Yvan33> Vous vous doutez que c'est du C/C
2014-09-03T21:05:27 *** Yvan33 est parti
2014-09-03T21:07:27 *** Bybeez est parti
2014-09-03T21:15:51 *** ELiDYROS s'est connecté
2014-09-03T21:28:34 *** Lezarius s'est connecté
2014-09-03T21:49:13 <adriens33> bonne nuit espèces d'homo sapiens !
2014-09-03T21:49:52 *** adriens33 est parti
2014-09-03T22:04:08 <ELiDYROS> Combien peut-on mettre de chaises dans un anus ?
2014-09-03T22:09:06 <ELiDYROS> 4 je pense
2014-09-03T22:09:28 <ELiDYROS> Manque plus que la table et on peut organiser un diner au chaud.
2014-09-03T22:17:34 <ELiDYROS> C'est génial je peux dire tout ce que je veux.
2014-09-03T22:27:53 *** Lezarius est parti
