2014-12-30T00:10:00 *** TrappyTickles est parti
2014-12-30T00:25:01 *** ELiDYROS est parti
2014-12-30T01:22:06 *** Ikledoreboline est parti
2014-12-30T02:22:51 *** ELiDYROS s'est connecté
2014-12-30T02:29:19 <ELiDYROS> Après plusieurs heures de rangements j'ai trouvé le bon bloc lol
2014-12-30T02:34:22 *** adriens33 est parti
2014-12-30T02:54:05 *** ELiDYROS est parti
2014-12-30T08:52:03 *** heuzef s'est connecté
2014-12-30T09:03:52 *** heuzef est parti
2014-12-30T09:04:36 *** heuzef s'est connecté
2014-12-30T10:01:03 *** adriens33 s'est connecté
2014-12-30T10:23:20 *** TrappyTickles s'est connecté
 ***  2014-12-30T10:46:22 *** TrappyTickles s'est connecté
2014-12-30T10:46:24 *** Berry-Punch est parti
2014-12-30T10:47:23 *** Berry-Punch s'est connecté
2014-12-30T10:55:27 <heuzef> !hug
2014-12-30T10:55:31 <heuzef> :D
2014-12-30T11:20:09 *** heuzef1 s'est connecté
2014-12-30T11:22:01 *** heuzef est parti
2014-12-30T12:40:53 *** ELiDYROS s'est connecté
2014-12-30T15:23:09 *** ELiDYROS_ s'est connecté
2014-12-30T15:27:28 *** ELiDYROS est parti
2014-12-30T15:52:17 *** ELiDYROS_ est parti
2014-12-30T16:53:12 *** ELiDYROS s'est connecté
2014-12-30T17:17:34 *** ELiDYROS est parti
2014-12-30T17:41:41 *** ELiDYROS s'est connecté
2014-12-30T18:06:39 *** heuzef s'est connecté
2014-12-30T18:08:12 *** heuzef1 est parti
2014-12-30T18:08:51 *** ELiDYROS est parti
2014-12-30T18:31:22 *** heuzef1 s'est connecté
2014-12-30T18:33:09 *** heuzef est parti
2014-12-30T19:18:05 *** ELiDYROS s'est connecté
2014-12-30T19:53:06 *** heuzef1 est parti
2014-12-30T19:58:11 *** ELiDYROS est parti
