2014-07-26T00:02:57 <Letarumavza> relances un scan
2014-07-26T00:03:26 <Dawnio2> un "threat scan"?
2014-07-26T00:07:59 <Letarumavza> yep
2014-07-26T00:08:13 <Dawnio> en cours
2014-07-26T00:09:19 <TrappyTickles> bnui les poneys, jva dodo ^^
2014-07-26T00:09:33 <Dawnio> goodnight
2014-07-26T00:10:06 *** TrappyTickles est parti
2014-07-26T00:17:35 <Dawnio2> http://pastebin.com/zjKiyM0U
2014-07-26T00:17:52 <Letarumavza> ah, ça fait plaisir
2014-07-26T00:18:02 <Letarumavza> Repasses un scan usbfix
2014-07-26T00:22:55 <Dawnio2> http://pastebin.com/1D2qB8GB
2014-07-26T00:23:59 <Letarumavza> et un scan roguekiller
2014-07-26T00:31:13 <Dawnio2> http://pastebin.com/7Sni0VYy
2014-07-26T00:31:22 <Dawnio2> ça m'a l'air clean tout ça :)
2014-07-26T00:35:00 *** MaCharon s'est connecté
2014-07-26T00:38:26 <Dawnio2> tu es toujours là leta?
2014-07-26T00:44:51 <Dawnio2> bon, si ça n'est pas terminé, nous poursuivrons demain mon cher, je part pioncer. Je te remercie bien en tout cas, good night everypony
2014-07-26T00:44:54 *** Dawnio2 est parti
2014-07-26T00:45:17 *** Dawnio est parti
2014-07-26T00:55:24 *** adriens33 est parti
2014-07-26T00:55:48 *** MaCharon est parti
2014-07-26T01:21:02 *** Berry-Punch est parti
2014-07-26T01:40:42 <Berry-Punch> Salut tout le monde ! *hic* 
2014-07-26T01:40:42 *** Berry-Punch s'est connecté
2014-07-26T01:40:53 <Berry-Punch> Flags de *hic* adriens33 modifiés : +v
2014-07-26T01:40:53 <adriens33> !voice adriens33
2014-07-26T01:42:29 *** Zecora_bot s'est connecté
2014-07-26T01:42:33 *** adriens33 est parti
2014-07-26T05:52:20 *** Lenile est parti
2014-07-26T05:52:39 *** Lenile s'est connecté
2014-07-26T05:55:52 *** Zecora_bot est parti
2014-07-26T05:55:52 *** Letarumavza est parti
2014-07-26T07:06:25 *** Lenile est parti
2014-07-26T09:29:39 *** TrappyTickles s'est connecté
2014-07-26T09:43:51 *** Lenile s'est connecté
2014-07-26T09:43:53 <Lenile> Saloute !
2014-07-26T09:46:58 <TrappyTickles> oi
2014-07-26T09:47:04 <TrappyTickles> c'est vide ce matin lol
2014-07-26T09:47:51 <Lenile> Yep !
2014-07-26T09:47:56 <Lenile> Comment tu va ?
2014-07-26T09:48:55 *** Dawnio s'est connecté
2014-07-26T09:49:00 <Dawnio> bonjour!
2014-07-26T09:49:02 <Lenile> Beh voila du monde !
2014-07-26T09:49:06 <Lenile> Saloute !
2014-07-26T09:49:08 <Lenile> Comment va ?
2014-07-26T09:49:09 *** Dawnio2 s'est connecté
2014-07-26T09:49:09 <Dawnio2> Bonjour 2 !
2014-07-26T09:49:10 <TrappyTickles> ah ^^
2014-07-26T09:49:11 <TrappyTickles> oi ^^
2014-07-26T09:49:16 <TrappyTickles> ava et vous deux?
2014-07-26T09:49:25 <Lenile> Pourquoi il y en à deux ? o.o
2014-07-26T09:49:37 <TrappyTickles> au cas ou l'un d'eux glitch comme hier?
2014-07-26T09:49:48 <Dawnio> je suis tellement geek que je peux pas me connecter sur un pc seuklement ^^
2014-07-26T09:49:57 <Lenile> xD
2014-07-26T09:50:03 <Dawnio2> c'etait au cas où leta était là
2014-07-26T09:50:09 <Dawnio2> mais vu que c'est pas le cas
2014-07-26T09:50:12 *** Dawnio2 est parti
2014-07-26T09:50:17 <Dawnio> voila
2014-07-26T09:50:24 <Lenile> x)
2014-07-26T09:50:41 <Lenile> J'ai fini de configurer mon micro o/
2014-07-26T09:50:47 <Lenile> J'avais tellement la flemme e.e
2014-07-26T09:52:25 <Lenile> Vous faites quoi vous deux ?
2014-07-26T09:52:27 <TrappyTickles> eh bé, me demande si je vais avoir le mobile et le pc en même temps un jour :p
2014-07-26T09:52:36 <TrappyTickles> moi j'ai finalisé mon tatoo ^^
2014-07-26T09:52:42 <TrappyTickles> http://imgur.com/3jwfgD7 voila ^^
2014-07-26T09:52:43 <Lenile> Un tatoo de quoi .
2014-07-26T09:52:43 <Dawnio> moi je fais rien
2014-07-26T09:52:48 <Lenile> Ha x)
2014-07-26T09:53:18 <TrappyTickles> la phrase c'est une suggestion d'un brony sur bronysquare.. et j'avoue que ça me correspond assez
2014-07-26T09:53:19 <Lenile> Tu te l'est fait tatooé ou ?
2014-07-26T09:53:55 <TrappyTickles> je suis pas sur encore, je le ferai soit au bras en dessous d'un des miens, soit sur l'omoplate gauche
2014-07-26T09:54:23 <Lenile> Vaut mieu l'homoplate.
2014-07-26T09:54:38 <Dawnio> pourquoi pas sur la fesse droite?
2014-07-26T09:54:58 <Lenile> Un, ami c'est fait tatooé un éléphant rose sur la fesse droite
2014-07-26T09:55:24 <Dawnio> ah bon ben si il ya plus de place sur la droite, fais le sur la gauche :D
2014-07-26T09:55:39 <TrappyTickles> j'aimerais pouvoir le regarder en fait :p
2014-07-26T09:55:48 <TrappyTickles> d'ailleurs je penche de plus ne plus pour le bras
2014-07-26T09:55:56 <Lenile> http://www.noelshack.com/2014-30-1406361349-1010537-751386104891234-786336113-n.jpg
2014-07-26T09:56:15 <TrappyTickles> c'est un ventre ça lol
2014-07-26T09:56:35 <Lenile> Nan c'est son cul x)
2014-07-26T09:56:38 <Lenile> Je l'est vu xD
2014-07-26T09:56:46 <Lenile> Je peut le confirmé xD
2014-07-26T09:56:50 <TrappyTickles> bizarre que je voie un nombril sr son cul alors
2014-07-26T09:56:53 <Dawnio> ba putin
2014-07-26T09:57:15 <Lenile> Tu regarde mal plutot o/
2014-07-26T09:57:23 <Lenile> Mais je le confirme c'est un cul x)
2014-07-26T09:57:30 <Lenile> c'est un peut au dessus de la fesse
2014-07-26T09:58:20 <TrappyTickles> bon ben stu le dis :p
2014-07-26T09:59:10 <TrappyTickles> c'est en réfléchissement tfaçons
2014-07-26T09:59:52 <TrappyTickles> ce sera ptet sur l'omoplate aussi, je suis pas sur
2014-07-26T10:13:38 *** ludvann s'est connecté
2014-07-26T10:13:54 <ludvann> Hey !
2014-07-26T10:15:12 *** ludvannn s'est connecté
2014-07-26T10:15:17 <ludvannn> Re
2014-07-26T10:15:34 <ludvannn> Ça va ?
2014-07-26T10:16:05 <ludvannn> Lenile TrappyTickles Dawnio ?
2014-07-26T10:16:29 <TrappyTickles> j'suis là
2014-07-26T10:16:31 <Dawnio> slut! ouaip ça va
2014-07-26T10:16:37 <TrappyTickles> j'étais un peu afk je sors cet aprem
2014-07-26T10:16:44 <TrappyTickles> oyo ava et toi?
2014-07-26T10:16:57 <ludvannn> Bien :)
2014-07-26T10:17:14 <ludvannn> Tu es un des nordistes ?
2014-07-26T10:17:29 <TrappyTickles> hu?
2014-07-26T10:18:10 <ludvannn> Tu es nouveau TrappyTickles ?
2014-07-26T10:18:22 <TrappyTickles> depuis lundi
2014-07-26T10:18:43 *** ludvann est parti
2014-07-26T10:18:45 <ludvannn> Cool :D
2014-07-26T10:19:01 <TrappyTickles> on est carrément un couple brony mais jade vient moins souvent :p
2014-07-26T10:19:40 <ludvannn> Gné ? >_<'
2014-07-26T10:19:54 <TrappyTickles> jade c'est ma femme et c'est une pegasis
2014-07-26T10:20:00 <ludvannn> Ok
2014-07-26T10:20:04 <TrappyTickles> j'ai du répéter ça au moins 5 fois depuis le début lol
2014-07-26T10:20:10 <Dawnio> oui LOL
2014-07-26T10:20:13 <ludvannn> Pegasis... ?
2014-07-26T10:20:16 <ludvannn> ^^
2014-07-26T10:20:19 <TrappyTickles> brony femelle :p
2014-07-26T10:20:28 <ludvannn> Ok :)
2014-07-26T10:20:29 <TrappyTickles> wow tu dabarques, non? :p
2014-07-26T10:20:48 * TrappyTickles est un brony au sens TRES GROS NERD en mêem temps :p
2014-07-26T10:20:58 <ludvannn> Nope, connais pas tous les mots :/
2014-07-26T10:21:09 <ludvannn> & expressions
2014-07-26T10:21:15 <TrappyTickles> tu connais le clop au moins? :p
2014-07-26T10:21:22 <ludvannn> ...
2014-07-26T10:21:25 <ludvannn> R34
2014-07-26T10:21:51 <TrappyTickles> ah ya déjà ça
2014-07-26T10:21:53 <ludvannn> C'est le bruit que font les sabots
2014-07-26T10:22:01 <ludvannn> ^^
2014-07-26T10:23:08 <ludvannn> Tu as quel age trap' ?
2014-07-26T10:23:47 <ludvannn> TrappyTickles ?
2014-07-26T10:23:52 <TrappyTickles> 32
2014-07-26T10:24:01 <ludvannn> ^^
2014-07-26T10:24:02 <TrappyTickles> je suis probablement un des vieux du coin :p
2014-07-26T10:24:09 <ludvannn> xD
2014-07-26T10:24:30 <TrappyTickles> d'ailleurs en age on est à combien là, pour vous deux? :p
2014-07-26T10:24:46 <ludvannn> Tu divise par 4
2014-07-26T10:24:59 <ludvannn> Ton age
2014-07-26T10:25:22 <ludvannn> Nan j'déconne, par 2
2014-07-26T10:25:23 <TrappyTickles> 8? oO
2014-07-26T10:25:26 <TrappyTickles> ah :p
2014-07-26T10:25:30 <TrappyTickles> 16?
2014-07-26T10:25:30 <ludvannn> xD
2014-07-26T10:25:36 <ludvannn> Eeyup
2014-07-26T10:25:41 <TrappyTickles> ça fait jeune wow.. ça change des furry :p
2014-07-26T10:25:49 <ludvannn> ^^
2014-07-26T10:26:04 <ludvannn> Y'a pas d'age :)
2014-07-26T10:26:16 <TrappyTickles> vui, mais jparlais en statistiques :p
2014-07-26T10:26:21 <TrappyTickles> mais sinon y a pas d'age :p
2014-07-26T10:27:18 <Lenile> 19.
2014-07-26T10:27:22 <Lenile> pour moi.
2014-07-26T10:27:24 <Lenile> :)
2014-07-26T10:27:39 <Lenile> Et les Furry c'est encore autre chose
2014-07-26T10:28:01 <ludvannn> :)
2014-07-26T10:28:14 <TrappyTickles> c'est différent oui. on peut être brony et furry, ou bien brony sans être fur, ou fur sans être brony :p
2014-07-26T10:28:22 <TrappyTickles> ou être ni l'un ni l'autre :p
2014-07-26T10:28:30 <Lenile> Nan j'veux pas dire ça.
2014-07-26T10:28:41 <Lenile> J'veux dire que les Furry c'est répandu mais pas souvent parlé.
2014-07-26T10:28:49 <ludvannn> Für     ry dah !
2014-07-26T10:28:56 <ludvannn> xD
2014-07-26T10:29:02 <Lenile> Alors que les Brony sont répendu, sont souvent parlé, même les non Brony connaissent
2014-07-26T10:29:17 <Lenile> Alors c'est normùal que des jeunes s'y interessent.
2014-07-26T10:29:25 <Lenile> Je connais une brony à Bordeaux qui à 14 ans
2014-07-26T10:29:38 <Lenile> Ou 15 je sais plus
2014-07-26T10:29:44 <Lenile> Une Pegasister pardon
2014-07-26T10:29:49 <TrappyTickles> cute ^^
2014-07-26T10:29:57 <ludvannn> Furry = ? (Pas taper )
2014-07-26T10:30:29 <TrappyTickles> ludvannn, tu as déjà vu des dessins de poneys qui ont des corps semi humains, genre qui tiennent sur deux pattes et tout?
2014-07-26T10:30:32 <Lenile> Les Furry moi à se que j'ai compris c'est les fans de tout se qui ressemble a un renard ._.
2014-07-26T10:30:50 <ludvannn> (Je suis en 3G donc google...)
2014-07-26T10:30:56 <ludvannn> Ahhhhhh....
2014-07-26T10:31:01 <Lenile> Renard à la Starfox quoi.
2014-07-26T10:31:03 <TrappyTickles> ben voila :p
2014-07-26T10:31:06 <TrappyTickles> oui
2014-07-26T10:31:10 <TrappyTickles> mais ça se limite pas aux renards
2014-07-26T10:31:12 <ludvannn> ^^
2014-07-26T10:31:19 <TrappyTickles> renard est le plus répandu mais t'as toutes les espèces
2014-07-26T10:31:36 <ludvannn> Les araignées ?
2014-07-26T10:31:43 <TrappyTickles> les plus courantes c'est renard, loup, cheval, sconse, lapin,...
2014-07-26T10:31:43 <Dawnio> faux
2014-07-26T10:31:47 <TrappyTickles> on pourrait mais c'est rare
2014-07-26T10:31:50 <Lenile> Dailleur au début j'ai trouvé ça étrange que cette communautée portait un nom. Vu que c'est normal pour la majoritée des Otakus d'aimé les Hommes-bêtes
2014-07-26T10:31:53 <Dawnio> les renard ne sont plus les plus répendus
2014-07-26T10:32:01 <TrappyTickles> une fois j'ai vu un fur cochon lol
2014-07-26T10:32:13 <ludvannn> xD
2014-07-26T10:32:15 <Dawnio> bon pis aujourd'hui on parle plus vraiment de furry mais de yiif
2014-07-26T10:32:16 <Lenile> Un peut comme dans No Game no life
2014-07-26T10:32:19 <TrappyTickles> après t'as plusieurs degrés de furry
2014-07-26T10:32:22 <Dawnio> paix à l'âme de la communauté
2014-07-26T10:32:35 <Lenile> Mouai ça à l'air d'etre un bordel ._.
2014-07-26T10:32:45 <Lenile> Yiif, furry degres de furry o.o
2014-07-26T10:32:49 <Lenile> Trop compliqué
2014-07-26T10:32:54 <TrappyTickles> le fur de catégorie 1 c'est l'animal qui est 100% animal mais qui pense un peu plus comme un humain. exemple: spirit, l'étalon des plaines
2014-07-26T10:33:05 <ludvannn> R.I.P. mon  innocence
2014-07-26T10:33:16 <TrappyTickles> categorie 2 c'est l'animal qui peut en plus faire des trucs d'humain par moment. très très répandu chez disney
2014-07-26T10:33:33 <ludvannn> Donald
2014-07-26T10:33:39 <Lenile> Comme dit à mes yeux c'est une communautée étrange, pas de par se qu'elle aime mais par le niveau de compléxitée de compréhension du groupe.
2014-07-26T10:33:43 <TrappyTickles> categorie 3 c'est l'animal anthro, 98% de la communauté est sur de l'anthro
2014-07-26T10:33:52 <TrappyTickles> categorie 4 enfin c'est les nekos
2014-07-26T10:33:57 <TrappyTickles> répandu dans les animés
2014-07-26T10:34:12 <Lenile> Ouais, c'est juste de l'Otaku les Neko ._.
2014-07-26T10:34:15 <TrappyTickles> non donald est plus dans la catégorie 3
2014-07-26T10:34:22 <TrappyTickles> simba est catégorie 2
2014-07-26T10:34:29 <TrappyTickles> la différence c'est que simba tient encore sur 2 pattes
2014-07-26T10:34:32 <ludvannn> Ok...
2014-07-26T10:34:35 <TrappyTickles> et qu'il parle
2014-07-26T10:34:42 <Lenile> Baaaah
2014-07-26T10:34:43 <TrappyTickles> alors que spirit parle pas
2014-07-26T10:34:47 <TrappyTickles> c'est tordu lol
2014-07-26T10:35:00 <ludvannn> Anthro veut dire quoi ?
2014-07-26T10:35:01 <Lenile> Tres.
2014-07-26T10:35:05 <ludvannn> ^^'
2014-07-26T10:35:16 <Lenile> Les Neko ont toujours été des objets de fantasme des Otakus.
2014-07-26T10:35:16 <TrappyTickles> je l'ai déjà dit plus haut
2014-07-26T10:35:24 <TrappyTickles> <TrappyTickles> ludvannn, tu as déjà vu des dessins de poneys qui ont des corps semi humains, genre qui tiennent sur deux pattes et tout?
2014-07-26T10:35:30 <Lenile> Je pense que la mode "Furry" est une mode Occidentale.
2014-07-26T10:35:43 <TrappyTickles> c'est américain précisément
2014-07-26T10:35:51 <Lenile> Ouais c'est bien se que je me disait.
2014-07-26T10:36:06 <Lenile> Car toutes les catégories que tu à cité sont dans le domaine des Otaku Japonais.
2014-07-26T10:36:07 <TrappyTickles> après y a furry et anthropomorphisme, et ce dernier est né y a plusieurs milliers d'années: p
2014-07-26T10:36:10 <Lenile> ._.
2014-07-26T10:36:21 <ludvannn> Ok
2014-07-26T10:36:27 <TrappyTickles> hem faut pas confondre furry et kemono
2014-07-26T10:36:28 <Lenile> cf la fan-made de Lyra.
2014-07-26T10:36:37 <TrappyTickles> kemono c'est le furry japonais et c'est une autre science
2014-07-26T10:36:43 <Lenile> https://www.youtube.com/watch?v=ijzMnFr-8Tc
2014-07-26T10:37:29 * ludvannn va arreter de réfléchir pour les 2 prochaines heures...
2014-07-26T10:38:00 <TrappyTickles> oui, laisse aller les infos doucement ou tu vas t'embrouiller :p
2014-07-26T10:38:47 <ludvannn> C'est pareil dans le l*t...
2014-07-26T10:38:53 * ludvannn sors
2014-07-26T10:39:05 <ludvannn> ^^
2014-07-26T10:39:42 <TrappyTickles> enfin bon jte sortirais bien du poney anthro pour te faire une idée mais j'arrive pas à en trouver du NSFW
2014-07-26T10:39:48 <TrappyTickles> SFW
2014-07-26T10:39:54 <TrappyTickles> pcq NSFW y a que ça :p
2014-07-26T10:39:59 <ludvannn> Anyway
2014-07-26T10:40:01 <ludvannn> XD
2014-07-26T10:41:06 <TrappyTickles> https://derpibooru.org/682869 tiens voila, c'est ça anthro
2014-07-26T10:42:10 <ludvannn> C'est bien dessiné..
2014-07-26T10:42:22 <ludvannn> Point .
2014-07-26T10:42:29 <ludvannn> °_°
2014-07-26T10:43:00 <ludvannn> (Nothing to do here)
2014-07-26T10:43:50 <ludvannn> D'ailleues j'ai une question qui n'a as trop de rapport...
2014-07-26T10:43:56 <TrappyTickles> ui?
2014-07-26T10:44:57 <ludvannn> Pegasis c'est quand elle se sent pegase ou c'est gènéral ?
2014-07-26T10:45:19 <TrappyTickles> pegasis c'est brony en fille, donc rien à voir spécifiquement avec les pégases
2014-07-26T10:45:28 <TrappyTickles> l'oc de ma femme c'est une poney terrestre :p
2014-07-26T10:45:42 <ludvannn> Okay :) thx
2014-07-26T10:45:50 <TrappyTickles> mais mon mien est un pégase lol
2014-07-26T10:46:07 <TrappyTickles> brb
2014-07-26T10:46:08 <ludvannn> :)
2014-07-26T10:47:10 <ludvannn> Brb.... Barbe Roflement Bonne ?
2014-07-26T10:47:58 <ludvannn> Ah nan...
2014-07-26T10:48:12 <ludvannn> J'ai compris...
2014-07-26T10:48:27 <ludvannn> *baf*
2014-07-26T10:49:26 <TrappyTickles> re
2014-07-26T10:49:40 <TrappyTickles> oui faut s'habituer, je parle moitié anglais moitié français
2014-07-26T10:49:42 <ludvannn> Re
2014-07-26T10:49:54 <TrappyTickles> en plus des fois je mélange le québécois et l'anglais britannique :p
2014-07-26T10:49:59 <ludvannn> Frenglish :)
2014-07-26T10:50:10 <ludvannn> Oh p*tain...
2014-07-26T10:50:11 <TrappyTickles> Bloody caliss de fucking merde :p
2014-07-26T10:50:25 <ludvannn> Tabernack
2014-07-26T10:50:43 <TrappyTickles> I'm so much of a fucking git de chiée en maudit :p
2014-07-26T10:50:53 <ludvannn> xD
2014-07-26T10:51:38 <ludvannn> J'ai parlé à une québécoise sur munble
2014-07-26T10:51:40 <ludvannn> ...
2014-07-26T10:51:54 <TrappyTickles> je suis sorti avec uen québécoise y a 10 ans ^^
2014-07-26T10:52:02 <ludvannn> ^
2014-07-26T10:52:11 <TrappyTickles> c'est à cause d'elle que j'ai la partie québécois
2014-07-26T10:52:19 <TrappyTickles> en ajoutant perusse et les tetes a claques aussi
2014-07-26T10:52:24 <Dawnio> ça me fais penser au conventions furry tout ça ^^
2014-07-26T10:52:27 <Lenile> J'parle avec des quebecois touts les soirs
2014-07-26T10:52:29 <TrappyTickles> lol
2014-07-26T10:52:40 <Lenile> Er ça fait des années que j'ai des amis quebecois
2014-07-26T10:52:55 <ludvannn> :)
2014-07-26T10:53:30 <TrappyTickles> j'ai pas encore vu de brony québécois tiens, d'ailleurs :p
2014-07-26T10:53:41 <ludvannn> :/
2014-07-26T10:54:00 <TrappyTickles> en revanche, la femme de mon OC sur secondlife est une pegasis canadienne (canada canada, pas québécois)
2014-07-26T10:54:06 <Dawnio> pourtant ils sont plus près des USA que nous
2014-07-26T10:54:16 <TrappyTickles> et la série est américano canadienne
2014-07-26T10:54:16 <ludvannn> Vous aimez the walking dead ?
2014-07-26T10:54:24 <Dawnio> j'ai céssé d'aimer
2014-07-26T10:54:27 <TrappyTickles> jregarde pas trop les séries avec des humains
2014-07-26T10:54:36 <ludvannn> Why ?
2014-07-26T10:54:51 <Dawnio> trop chaint
2014-07-26T10:54:54 <TrappyTickles> moi chai pas.. y a que big bang theory que je tolère on va dire :p
2014-07-26T10:54:57 <Dawnio> saison 1 cool
2014-07-26T10:55:06 <Dawnio> saison 2, moins cool
2014-07-26T10:55:08 <ludvannn> Même les  comics ?
2014-07-26T10:55:09 * TrappyTickles persiste à croire que raj serait un bon brony :p
2014-07-26T10:55:14 <Dawnio> à partir saison 3: la mort
2014-07-26T10:55:29 <TrappyTickles> une chance que ce soit pas parti comme ça avec mlp :p
2014-07-26T10:55:51 <Dawnio> ouais
2014-07-26T10:56:16 <Dawnio> franchement, walking dead c'est devenu plus belle la vie avec des zombies en décor
2014-07-26T10:56:21 <Dawnio> je re 30 sec
2014-07-26T10:56:25 *** Dawnio est parti
2014-07-26T10:56:26 <ludvannn> Si vous voulez je peux vous passer les comics...
2014-07-26T10:56:26 <TrappyTickles> lol
2014-07-26T10:56:55 <ludvannn> Pour quoi le lol ?
2014-07-26T10:57:18 <TrappyTickles> ce qu'a dit dawnio plus haut :p
2014-07-26T10:57:26 <TrappyTickles> j'essaie d'imaginer Xd
2014-07-26T10:57:28 <ludvannn> Ah ^^
2014-07-26T10:57:28 *** Dawnio s'est connecté
2014-07-26T10:57:29 <Dawnio> re
2014-07-26T10:57:32 <TrappyTickles> re
2014-07-26T10:57:44 <TrappyTickles> en parlant de comics, j'ai hate de voir le volume 3 des comics de mlp
2014-07-26T10:57:59 <ludvannn> Re
2014-07-26T10:58:08 <TrappyTickles> si c'est dans l'ordre, ce sera les deux comics avec nightmare rarity
2014-07-26T10:58:12 <Dawnio> walking dead j'ai la saison 4, j'ai même pas envie de commencer
2014-07-26T10:58:42 <ludvannn> Tu veux les comics ?
2014-07-26T10:59:06 <TrappyTickles> je les ai déjà
2014-07-26T10:59:08 <TrappyTickles> :p
2014-07-26T10:59:16 <Dawnio> moi aussi je cherche les comics, mais avec la couverture en dur (où ça complile plusieurs)
2014-07-26T10:59:24 <ludvannn> Perso j'ai vu le premier ep de la saison  1et  j'ai trouvé ça bof...
2014-07-26T10:59:37 <ludvannn> Ah...
2014-07-26T10:59:55 *** Eclipse2212 s'est connecté
2014-07-26T11:00:13 <ludvannn> Moi c'est en ... Dur, comme un ecran ^^'
2014-07-26T11:00:23 <Eclipse2212> chalur
2014-07-26T11:00:33 <ludvannn> Salur
2014-07-26T11:00:35 <Dawnio> ah oui mais en pdf j'ai aussi mais ya aucune saveur :p
2014-07-26T11:00:46 <Dawnio> yo
2014-07-26T11:00:50 <ludvannn> Ouais...
2014-07-26T11:01:03 <Eclipse2212> oh un revenant!
2014-07-26T11:01:17 <Dawnio> moi aussi j'ai une peluche flutterbat à 200€... en jpeg sur mon ordi
2014-07-26T11:01:19 <ludvannn> Mais j'ai pas l'argent pour me les offrir :(
2014-07-26T11:01:23 <Dawnio> tu vois c'est pareil
2014-07-26T11:01:27 <Dawnio> pas de saveur :D
2014-07-26T11:01:29 <ludvannn> XD
2014-07-26T11:01:31 <Eclipse2212> parei
2014-07-26T11:01:44 <Eclipse2212> xD
2014-07-26T11:01:57 <ludvannn> Et de quoi revenant eclipse2212?
2014-07-26T11:02:07 <Eclipse2212> on t'a
2014-07-26T11:02:15 <Eclipse2212> (fail)
2014-07-26T11:02:18 <ludvannn> Et ?
2014-07-26T11:02:47 <Eclipse2212> ...
2014-07-26T11:02:59 <TrappyTickles> oi
2014-07-26T11:03:06 <Eclipse2212> xD
2014-07-26T11:03:10 <ludvannn> Je suis parti une semaine pour faire du canoe itinérants ^^
2014-07-26T11:03:15 <Eclipse2212> aok
2014-07-26T11:03:24 <ludvannn> (Sans le s)
2014-07-26T11:03:27 * TrappyTickles a deux peluches de flutters, dont une artisanale
2014-07-26T11:03:34 <ludvannn> Yay
2014-07-26T11:03:43 <ludvannn> Et twilie ?
2014-07-26T11:03:44 <Eclipse2212> yay
2014-07-26T11:04:02 <TrappyTickles> je l'ai qu'en figurine quick, mais un jour peut être :p
2014-07-26T11:04:18 <TrappyTickles> jdois déjà attendre cheese sandwich :p
2014-07-26T11:04:31 <ludvannn> xD
2014-07-26T11:05:41 <Eclipse2212> xD
2014-07-26T11:05:48 <Eclipse2212> make a wish
2014-07-26T11:06:15 <ludvannn> Je vais ptet me faire une peluche de twilie...
2014-07-26T11:06:30 <Eclipse2212> tu m'en feras une??
2014-07-26T11:06:34 <Eclipse2212> xD
2014-07-26T11:06:36 <Dawnio> quand tu l'auras fini, si tu sais pas quoi en faire.....
2014-07-26T11:06:42 * Eclipse2212 est un clodo
2014-07-26T11:06:43 <Dawnio> :D
2014-07-26T11:07:30 <TrappyTickles> tu sais faire des pluches?
2014-07-26T11:07:31 <ludvannn> Je vais la garder et eclipse, fais peter l'oseille xD
2014-07-26T11:07:38 <Eclipse2212> xD
2014-07-26T11:07:48 <Eclipse2212> nope
2014-07-26T11:08:02 <Eclipse2212> je suis pôôôôôvre!!!!
2014-07-26T11:08:06 * TrappyTickles voudrait bien uen sweetie belle tailel réelle :p
2014-07-26T11:08:10 <Eclipse2212> xD
2014-07-26T11:08:26 <Eclipse2212> hmmm et une sweetie bot?
2014-07-26T11:08:28 <TrappyTickles> ou bien flutters mais jvais manquer de place :p
2014-07-26T11:08:41 <TrappyTickles> mm chai pas, jpréfère les pouliches avec un peu plus de chair
2014-07-26T11:08:41 * Eclipse2212 sors
2014-07-26T11:08:44 <Dawnio> moi j'ai commandé ça: :D http://www.frontwinner.com/productimg/2013-10-10/POPL7003.jpg
2014-07-26T11:08:48 <TrappyTickles> oulah, ça sonne bizarre
2014-07-26T11:08:58 <ludvannn> Faire des peluches... Le plus dur a faire est principalement le patron ^^
2014-07-26T11:09:25 <Eclipse2212> :)
2014-07-26T11:09:33 <Eclipse2212> et merde 4% dz batterie
2014-07-26T11:09:39 <TrappyTickles> je kifferais avoir ces machins à piles qui font du bruit quand on appuie dessus, juste pour faire parler mes pluches
2014-07-26T11:09:43 <Eclipse2212> viiiite le chargeur!!
2014-07-26T11:09:54 <TrappyTickles> je ferais dire eeyup au big mac de ma femme et yay à mes flutters ^^
2014-07-26T11:10:07 <ludvannn> Je regarderais plus tard ^^
2014-07-26T11:10:46 <ludvannn> XD
2014-07-26T11:11:16 <ludvannn> En soit c'est pas très dur à faire ^^
2014-07-26T11:11:39 <Dawnio> Bon Trappy on te veux au lucifer lundi hein ^^
2014-07-26T11:11:56 <ludvannn> Gné ?
2014-07-26T11:12:00 <BronyCUB-MC> adrien_s has joined the server!
2014-07-26T11:12:27 <ludvannn> Eclipse2212 amène le crucifix, et vite !
2014-07-26T11:12:39 <Eclipse2212> okay xD
2014-07-26T11:12:39 <ludvannn> Et l'eau bénite
2014-07-26T11:12:51 <Dawnio> oublie pas les sels aussi
2014-07-26T11:13:14 <ludvannn> Pour quoi faire la m*rde ?
2014-07-26T11:13:26 <Eclipse2212> le
2014-07-26T11:13:32 <Eclipse2212> la bouffer
2014-07-26T11:13:36 * Eclipse2212 sors
2014-07-26T11:13:42 <ludvannn> ...
2014-07-26T11:13:52 <ludvannn> Au fait ...
2014-07-26T11:13:58 <ludvannn> Salut af
2014-07-26T11:14:05 <TrappyTickles> oi
2014-07-26T11:14:09 <ludvannn> Adriens33
2014-07-26T11:14:17 <Dawnio> je re 30 sec
2014-07-26T11:14:22 *** Dawnio est parti
2014-07-26T11:14:40 <ludvannn> Il c'est co au serveur mc
2014-07-26T11:14:58 <ludvannn> S'est*
2014-07-26T11:15:22 <Eclipse2212> poi je peut pas :(
2014-07-26T11:15:35 <ludvannn> ^^
2014-07-26T11:15:53 <Eclipse2212> mon pc supporte pas l'openGL
2014-07-26T11:15:59 <TrappyTickles> pour le lucifer je suis toujours pas sur :s
2014-07-26T11:16:08 <TrappyTickles> erf il est parti
2014-07-26T11:16:20 <ludvannn> XD
2014-07-26T11:16:40 <BronyCUB-MC> adrien_s has quit the server!
2014-07-26T11:16:59 <Eclipse2212> ah bah il est parti
2014-07-26T11:17:06 <BronyCUB-MC> adrien_s has joined the server!
2014-07-26T11:17:35 *** Dawnio s'est connecté
2014-07-26T11:17:45 <ludvannn> Re
2014-07-26T11:17:49 <TrappyTickles> re
2014-07-26T11:17:54 <Eclipse2212> re
2014-07-26T11:18:03 <TrappyTickles> pour le lucifer j'ai toujours pas de certitude :/
2014-07-26T11:18:09 <Dawnio> re (avec le r roulé)
2014-07-26T11:18:16 <BronyCUB-MC> adrien_s: salut les gens :D
2014-07-26T11:18:32 <Dawnio> ben tu viens si tu peux et as envie hein, on va pas te forcer non plus ^^
2014-07-26T11:18:35 <BronyCUB-MC> adrien_s: quel est le con qui a restart le mauvais serveur minecraft ?
2014-07-26T11:18:36 <ludvannn> Plop
2014-07-26T11:18:48 <ludvannn> Toi ^^
2014-07-26T11:19:51 <TrappyTickles> j'ai grave l'envie ^^ après c'est pouvoir le faire :p
2014-07-26T11:20:10 <ludvannn> Vous faites quoi les gens ?
2014-07-26T11:20:22 <Dawnio> je traine sur IRC
2014-07-26T11:20:30 <ludvannn> ...
2014-07-26T11:20:39 <Dawnio> et toi?
2014-07-26T11:21:05 <ludvannn> Pareil, il me reste 4h de route ^^
2014-07-26T11:21:13 <Eclipse2212> ^^
2014-07-26T11:21:48 <ludvannn> Environ ~
2014-07-26T11:21:54 <ludvannn> ~o~
2014-07-26T11:22:03 <ludvannn> o
2014-07-26T11:22:12 <Dawnio> :yay:
2014-07-26T11:22:28 <ludvannn> ./o/
2014-07-26T11:23:07 <BronyCUB-MC> adrien_s: ze zoue à minecraft :)
2014-07-26T11:23:19 <ludvannn> Onche a droite, onche a gauche et onche ondulé
2014-07-26T11:24:20 * TrappyTickles se regarde les chansons de pinkie pride avec sa femme
2014-07-26T11:24:28 <TrappyTickles> best pinkie episode ever
2014-07-26T11:24:41 <BronyCUB-MC> adrien_s has quit the server!
2014-07-26T11:24:43 <Dawnio> pas mon préféré mais très bon en effet :D
2014-07-26T11:24:45 <TrappyTickles> au diable equestria girls, c'est cet épisode qui aurait du être un film! :p
2014-07-26T11:25:30 <ludvannn> Quel saison ?
2014-07-26T11:25:36 <Dawnio> 4
2014-07-26T11:25:52 <BronyCUB-MC> adrien_s has joined the server!
2014-07-26T11:26:22 <ludvannn> ^^
2014-07-26T11:26:35 <TrappyTickles> ui 4
2014-07-26T11:26:52 <TrappyTickles> http://www.mlpstream.org/index.php?p=view&s=4&e=12
2014-07-26T11:27:05 <TrappyTickles> avec weird al en guest
2014-07-26T11:27:27 * TrappyTickles est fan de weird al depuis presque 15 ans et s'est pissé dessus quand il a aprris qu'il aurait son pony 
2014-07-26T11:27:41 <ludvannn> La vente au enchère / troc ?
2014-07-26T11:28:00 <Dawnio> non, ça c'est trade ya
2014-07-26T11:28:25 <ludvannn> Ah...
2014-07-26T11:28:38 <ludvannn> Le nom de l'ep :) ?
2014-07-26T11:29:04 <Dawnio> pinkie pride
2014-07-26T11:29:19 <BronyCUB-MC> adrien_s has quit the server!
2014-07-26T11:29:29 <Dawnio> http://www.newlunarrepublic.fr/episodes/episode.php?numeptt=77
2014-07-26T11:29:32 <ludvannn> Vieux trou de mémoire :'(
2014-07-26T11:30:18 <Dawnio> va falloir que tu te refasse l'intégrale des 4 saisons pour se remémoer :p
2014-07-26T11:30:32 <TrappyTickles> http://www.mlpstream.org/index.php?p=view&s=4&e=12 là tu l'as en streaming et vostfr
2014-07-26T11:30:45 <TrappyTickles> bon j'y va, c'est l'heure. a tte
2014-07-26T11:30:48 <Berry-Punch> Voilà ce qu'il s'est passé ces 10 dernières lignes, adriens33 *hic* 
2014-07-26T11:30:49 *** adriens33 s'est connecté
2014-07-26T11:30:56 <ludvannn> Merci pour le lien mais il me sert à rien en 3G
2014-07-26T11:30:57 <ludvannn> .... :(
2014-07-26T11:31:16 *** TrappyTickles est parti
2014-07-26T11:31:19 <Dawnio> ah tiens on peut pas envoyer de brohoof sur irc?
2014-07-26T11:31:21 <adriens33> plop les gens
2014-07-26T11:31:22 <adriens33> si
2014-07-26T11:31:29 <Dawnio> ça marche pas
2014-07-26T11:31:30 <adriens33> mais faut pas commencer laligne par un /
2014-07-26T11:31:38 <Dawnio> . /)
2014-07-26T11:31:40 <adriens33> les /quelquechose c'est des commandes sur irc ^^
2014-07-26T11:31:43 <Dawnio> ah ouais
2014-07-26T11:31:45 <Dawnio> en effet
2014-07-26T11:31:48 <ludvannn> Si, double slash
2014-07-26T11:32:00 <adriens33> un espace suffit normalemetn, sauf si tu es sur kiwiirc, il strip les espaces en début de ligne
2014-07-26T11:32:09 <Dawnio> ou alors il faut le faire de l'autre côté
2014-07-26T11:32:14 <Dawnio> (
2014-07-26T11:32:20 <adriens33> (ce qui est totalement con, si je met un espace c'est que j'een veux un)
2014-07-26T11:32:23 <adriens33> aussi ^^
2014-07-26T11:32:34 <BronyCUB-MC> adrien_s has joined the server!
2014-07-26T11:32:49 <ludvannn> Essais de mettre deux slash /
2014-07-26T11:32:59 <Dawnio> /)
2014-07-26T11:33:03 <Dawnio> ah ouais :D
2014-07-26T11:33:05 <adriens33> ah
2014-07-26T11:33:10 <adriens33> je savais pas ça
2014-07-26T11:33:11 <adriens33> pas con
2014-07-26T11:33:12 <Dawnio> :yay: o/
2014-07-26T11:33:13 <adriens33> /)
2014-07-26T11:33:16 <adriens33> /quit
2014-07-26T11:33:21 <adriens33> ^^
2014-07-26T11:33:23 <Dawnio> que c'est beauuu
2014-07-26T11:33:27 <Dawnio> waaaaaa
2014-07-26T11:33:28 <adriens33> ^^
2014-07-26T11:33:32 <ludvannn>  bah voilà !
2014-07-26T11:33:32 <Eclipse2212>  /mute
2014-07-26T11:33:35 <Eclipse2212> xD
2014-07-26T11:33:39 <Eclipse2212>  /)
2014-07-26T11:33:43 <Dawnio> /)
2014-07-26T11:33:45 <Dawnio> /////)
2014-07-26T11:33:48 <Dawnio> ah
2014-07-26T11:33:57 <Eclipse2212>  /)(
2014-07-26T11:34:13 <Dawnio> /°) brohoof de chrysi
2014-07-26T11:34:19 <Eclipse2212> xD
2014-07-26T11:34:22 <Dawnio> :D
2014-07-26T11:34:26 <Eclipse2212> (
2014-07-26T11:34:30 <ludvannn> Marche pas sur androirc par contre...
2014-07-26T11:34:44 <Eclipse2212> moi je suis sous andchat
2014-07-26T11:35:20 <Eclipse2212> car je supporte pas androirc
2014-07-26T11:35:26 <adriens33> pourquoi ?
2014-07-26T11:35:30 <adriens33> il te file des boutons
2014-07-26T11:35:30 <adriens33> ?
2014-07-26T11:35:46 <Dawnio> y autre chose que kiwi?
2014-07-26T11:36:03 <ludvannn> Et pourquoi dawnio est jamais en (+Dawnio) ?
2014-07-26T11:36:03 <ludvannn> Tentative de mutinerie ?
2014-07-26T11:36:07 <ludvannn> (S)
2014-07-26T11:36:21 <Dawnio> ben officiellement je fais pas partie du CUB
2014-07-26T11:36:39 <ludvannn> Ok
2014-07-26T11:37:11 <Dawnio> et quand je serais rentré chez moi dans le Grand Nord, je risque de ne plus venir sur IRC:,)
2014-07-26T11:37:32 <Berry-Punch> Have *hic* you niorphed today, Dawnio ?
2014-07-26T11:37:35 <adriens33> Dawnio: ben… t'as des clients en appli natie
2014-07-26T11:37:37 <adriens33> *native
2014-07-26T11:37:43 <adriens33> (genre hexchat, etc)
2014-07-26T11:37:53 <adriens33> (hexchat est craqué :þ)
2014-07-26T11:37:57 <Dawnio> ouais bof, kiwi me convient hein ^^
2014-07-26T11:38:52 <adriens33> bah ce qui est bien avec kiwiirc, c'est que tu n'as rien à installer sur ta machine.
2014-07-26T11:38:53 <adriens33> ^^
2014-07-26T11:39:04 <Dawnio> ouais ben ça me convient bien alors :D
2014-07-26T11:39:07 <adriens33> :)
2014-07-26T11:39:26 <Dawnio> (même si j'aurai aimé des émoticon mlp :3)
2014-07-26T11:39:34 <adriens33> ^^
2014-07-26T11:39:50 <Eclipse2212> :D
2014-07-26T11:40:04 <ludvannn> Kiwi merde chez moi donc j'ai pas trop de choix...
2014-07-26T11:40:05 <ludvannn> Le*
2014-07-26T11:40:09 <adriens33> arf
2014-07-26T11:40:59 <ludvannn> Monsieur est difficile...
2014-07-26T11:41:09 <ludvannn> ;)
2014-07-26T11:41:16 <adriens33> comment ça ?
2014-07-26T11:44:02 <BronyCUB-MC> adrien_s has quit the server!
2014-07-26T11:44:28 <ludvannn> Veut des emoticones mlp sans installé qqchose... ^^
2014-07-26T11:44:31 <ludvannn> Leta peut te le faire et sans team viewer (comprendra qui comprendras...)
2014-07-26T11:44:45 <Dawnio> (je comprend pas)
2014-07-26T11:45:02 <adriens33> ludvannn: et si tu mettais le décodeur ludvannn↔français ?
2014-07-26T11:45:14 <ludvannn> xD
2014-07-26T11:45:53 <ludvannn> Nope :P
2014-07-26T11:46:10 <Eclipse2212> dawnio ton pc va mieux?
2014-07-26T11:46:18 <Eclipse2212> depuis hier?
2014-07-26T11:46:42 * Eclipse2212 sors
2014-07-26T11:46:48 <ludvannn> adriens33 plus que 1 semaine !
2014-07-26T11:46:52 <ludvannn> ?*
2014-07-26T11:47:00 <Dawnio> (celui de mon père) ben il respire un peut mieux sans ses 5650 fichiers inféctés
2014-07-26T11:47:04 <Eclipse2212> je sors beaucoup ces derniers temps
2014-07-26T11:47:09 <Eclipse2212> xD
2014-07-26T11:47:31 <Dawnio> mais je sais pas si la cure est terminée, faut que je redemande à leta
2014-07-26T11:47:33 <Eclipse2212> ya de quoi repeupler la terre avec tous ces chevaux de troie
2014-07-26T11:48:12 <Eclipse2212> essaie adwcleaner
2014-07-26T11:48:18 <adriens33> ebn…
2014-07-26T11:48:25 <adriens33> usbfix+roguekiller+malwarebytes
2014-07-26T11:48:31 <adriens33> c'est bon normalement ^^
2014-07-26T11:48:37 <Dawnio> ok :)
2014-07-26T11:48:40 <Eclipse2212> ^^
2014-07-26T11:49:01 <adriens33> Par contre ton paternel faudra penser à lui acheter une cervelle XD
2014-07-26T11:49:02 <Dawnio> je l'ai fait aussi sur mon pc perso du coup ^^
2014-07-26T11:49:12 <Eclipse2212> ^^
2014-07-26T11:49:13 <Dawnio> il y avais 25 fichiers infectés
2014-07-26T11:49:16 <adriens33> ouch
2014-07-26T11:49:18 <Dawnio> AH TIENS!
2014-07-26T11:49:26 <Dawnio> pour une fois que j'y pense
2014-07-26T11:49:30 <Eclipse2212> ?
2014-07-26T11:49:32 <adriens33> ?
2014-07-26T11:49:36 <ludvannn> ?
2014-07-26T11:49:39 <Dawnio> mon service de sécu window ne veut pas démarer
2014-07-26T11:49:44 <Eclipse2212> xD
2014-07-26T11:49:44 <Dawnio> comment fais-je?
2014-07-26T11:49:54 <ludvannn> :O
2014-07-26T11:50:03 <ludvannn> Demande a adriens33 ^^
2014-07-26T11:50:09 <ludvannn> xD
2014-07-26T11:50:19 <adriens33> je sais pas, faut sans doute voir dans les journaux système voir si tu peux trouver une erreur pour trouver d'où ça vient. sinon je suis pas qualif windows…
2014-07-26T11:50:20 <Dawnio> so? adriens33?
2014-07-26T11:50:27 <adriens33> je tourne à 100% sous linux.
2014-07-26T11:50:36 <Dawnio> ouais bon ben laisse tomber ^^
2014-07-26T11:50:41 <ludvannn> ^^
2014-07-26T11:50:41 <Eclipse2212> linux > all
2014-07-26T11:50:45 <Dawnio> ça empeche pas mon pc de tourner doc bon ^^
2014-07-26T11:50:48 <Eclipse2212> pour moi
2014-07-26T11:50:59 <ludvannn> [Troll ]
2014-07-26T11:51:01 <adriens33> Dawnio: si tu le fais tourner assez vite il peut faire ventilateur XD
2014-07-26T11:51:11 <Eclipse2212> xD
2014-07-26T11:51:22 <ludvannn> xD
2014-07-26T11:51:22 <adriens33> *badum tss*
2014-07-26T11:51:31 <Eclipse2212> xD
2014-07-26T11:51:42 <Dawnio> ça me fais penser qu'il faut que je le dépoussière l'intérieur
2014-07-26T11:51:49 <ludvannn> Et attache le pour pas qu'il s'envole...
2014-07-26T11:51:58 <adriens33> ouais, généralement ça aime pas la poussière.
2014-07-26T11:52:16 <Dawnio> il faut que j'achete une bombe à air
2014-07-26T11:52:21 <ludvannn> De quoi ? Le vol ?
2014-07-26T11:52:34 <Dawnio> un pc portable c'est relou à nettoyer
2014-07-26T11:52:50 <adriens33> ça dépend comment il est foutu.
2014-07-26T11:52:58 <Dawnio> il est très mal foutu
2014-07-26T11:53:01 <adriens33> le mien j'ai accès au ventilo assez facilement
2014-07-26T11:53:02 <adriens33> donc bon
2014-07-26T11:53:12 <Dawnio> quand tu l'ouvre tu peux avoir accès à rien
2014-07-26T11:53:21 <adriens33> ah ouais
2014-07-26T11:53:23 <adriens33> c'est con
2014-07-26T11:53:26 <Dawnio> t'as une grosse plaque de métalù
2014-07-26T11:53:31 <Dawnio> qui fais chier
2014-07-26T11:53:35 <Dawnio> et qui sers à rien
2014-07-26T11:53:38 <Dawnio> salle gosse
2014-07-26T11:53:44 <Dawnio> sale bête
2014-07-26T11:53:52 <Dawnio> vilaine
2014-07-26T11:54:07 <ludvannn> Radiateur ?
2014-07-26T11:54:31 <Dawnio> j'ai déjà voulu nettoyer avec un compresseur pour pneu dans une station service
2014-07-26T11:54:34 <Dawnio> mauvaise idée
2014-07-26T11:54:40 <Dawnio> l'air n'était pas vraiment sec
2014-07-26T11:54:51 *** Letarumavza s'est connecté
2014-07-26T11:54:54 <ludvannn> Jevreboot mon phonevetvje re
2014-07-26T11:54:54 <ludvannn> XD
2014-07-26T11:55:07 <adriens33> Dawnio: ah ouais
2014-07-26T11:55:09 <adriens33> …
2014-07-26T11:55:12 <Dawnio> donc la bombe à air, je vois que ça
2014-07-26T11:55:15 <ludvannn> Je re mon leta ^^
2014-07-26T11:55:22 <Dawnio> ou alors souffler très fort
2014-07-26T11:55:24 <Dawnio> :D
2014-07-26T11:55:33 <adriens33> Dawnio: ben non, si tu souffles c'est de l'air humide.
2014-07-26T11:55:34 *** ludvannn est parti
2014-07-26T11:55:41 <Dawnio> je sais ^^
2014-07-26T11:55:41 *** Zecora_bot s'est connecté
2014-07-26T11:56:03 <Berry-Punch> Flags de Zecora_bot modifiés : +o *hic* 
2014-07-26T11:56:03 <adriens33> !op Zecora_bot
2014-07-26T11:56:35 <Dawnio> après sweetie bot, ya zecora bot?
2014-07-26T11:56:50 <adriens33> Putain avoir un écran lcd 1080p et s'amuser sur un vieux crt en 1024x768… y'a que moi d'assez con pour faire ça XD
2014-07-26T11:57:46 *** ludvann s'est connecté
2014-07-26T11:58:05 <ludvann> Re !
2014-07-26T11:58:30 <adriens33> re
2014-07-26T11:58:32 *** adriens33 est parti
2014-07-26T11:58:36 <Dawnio> re
2014-07-26T11:58:46 <ludvann>  Ça va leta ?
2014-07-26T11:58:47 <Berry-Punch> Voilà ce qu'il s'est *hic* passé ces 10 dernières lignes, adriens33
2014-07-26T11:58:48 *** adriens33 s'est connecté
2014-07-26T11:58:56 *** adriens33 est parti
2014-07-26T11:59:08 <Dawnio> il lui arrive quoi à adrien? ^^
2014-07-26T11:59:17 <Berry-Punch> Voilà ce qu'il s'est passé ces 10 dernières *hic* lignes, adriens33
2014-07-26T11:59:18 *** adriens33 s'est connecté
2014-07-26T11:59:35 <ludvann> Le pr0n qui a du mal à download je pense...
2014-07-26T11:59:43 <ludvann> Ou up...
2014-07-26T12:00:02 <Dawnio> ah? il met enfin en ligne ses videos personnelles? :D
2014-07-26T12:00:06 <adriens33> non, j'ai juste reload i3… et à chaque fois ça bloque hexchat, je sais pas pouruqoi
2014-07-26T12:00:10 <adriens33> *pourquoi
2014-07-26T12:00:22 <ludvann> Ah...
2014-07-26T12:00:32 <adriens33> oui, c'est tout de suite moins poétique XD
2014-07-26T12:00:43 <ludvann> :(
2014-07-26T12:01:55 <ludvann> J'ai une idée
2014-07-26T12:02:07 <adriens33> toi ? une idée ? ^^
2014-07-26T12:02:11 <adriens33> [/troll]
2014-07-26T12:02:51 <ludvann> Je chante une musique et vous devinez ce que c'est... (Adriens tu sors)
2014-07-26T12:03:00 <adriens33> Ben… non.
2014-07-26T12:03:01 <adriens33> XD
2014-07-26T12:03:51 <Dawnio> bon les amis, j'afk! repas de famille of doom de l'infini incoming!
2014-07-26T12:03:54 <ludvann> Na na na na na na na, na na na na na na, naa naa naa naaaa, naaaaana na naaa na ne na.
2014-07-26T12:04:01 <ludvann> Alors ?
2014-07-26T12:04:04 <ludvann> @+
2014-07-26T12:04:05 <adriens33> Dawnio: bon appétit ^^
2014-07-26T12:04:10 <ludvann> Bon app
2014-07-26T12:04:19 <adriens33> ludvann: la musique passe pas sur irc...
2014-07-26T12:04:20 <adriens33> XD
2014-07-26T12:04:26 <ludvann> Ah
2014-07-26T12:04:28 <Dawnio> ty (c'est la chevauché des valkyries ta musique)
2014-07-26T12:04:37 <ludvann> Presque
2014-07-26T12:04:50 <ludvann> La danse des canards...
2014-07-26T12:05:03 <Eclipse2212> xD
2014-07-26T12:05:03 <Dawnio> ah! ils ont tous les deux des ailes
2014-07-26T12:05:07 <adriens33> ...
2014-07-26T12:05:13 <ludvann> Ah ton tour !
2014-07-26T12:05:14 <Dawnio> bon allé, à plus /)
2014-07-26T12:05:19 <adriens33> ++
2014-07-26T12:05:22 <Eclipse2212> je pensais au nanana de l'elfe
2014-07-26T12:05:22 <adriens33> ludvann, dehors...
2014-07-26T12:05:35 <ludvann> :'(
2014-07-26T12:05:37 <Eclipse2212> ++
2014-07-26T12:05:41 <ludvann> :|
2014-07-26T12:05:44 <Eclipse2212> bon courage
2014-07-26T12:06:00 <Eclipse2212> bon j'vais bouffer
2014-07-26T12:06:02 <ludvann> Why ?
2014-07-26T12:06:04 <Eclipse2212> à toute
2014-07-26T12:06:05 <ludvann> @+
2014-07-26T12:06:09 <adriens33> bon app
2014-07-26T12:07:07 <ludvann> A ton tour adriens33...
2014-07-26T12:07:26 <adriens33> A mon tour de quoi ?
2014-07-26T12:07:39 <ludvann> Faire une musique
2014-07-26T12:07:48 <adriens33> What about...
2014-07-26T12:07:49 <adriens33> No ?
2014-07-26T12:08:06 <ludvann> ?
2014-07-26T12:08:14 <adriens33> Chanter sur irc...
2014-07-26T12:08:16 <adriens33> sérieux...
2014-07-26T12:08:18 <adriens33> XD
2014-07-26T12:09:35 <ludvann> @[[€® $017 ¶∆$ <∆©]-[£
2014-07-26T12:09:50 <ludvann> = aller soit pas vache
2014-07-26T12:09:55 <adriens33> what the flying fuck ?
2014-07-26T12:10:12 <adriens33> je suis pas vache,
2014-07-26T12:10:13 <adriens33> je susi
2014-07-26T12:10:18 <adriens33> balançoire
2014-07-26T12:10:23 <ludvann> Yay
2014-07-26T12:11:36 <ludvann> Je viens de voir une sortie d'autoroute qui s'appelle "le séquestre" xD
2014-07-26T12:12:06 <adriens33> XD
2014-07-26T12:12:40 <ludvann> Il y a vait écrit "carrefour le séquetre" (carrouf, le magasin)
2014-07-26T12:12:43 <ludvann> xD
2014-07-26T12:13:40 <adriens33> Mais... Carrefour séquestre qui ?
2014-07-26T12:14:00 <ludvann> I.A
2014-07-26T12:14:26 <ludvann> Carrefour s'équestre i a
2014-07-26T12:14:31 <adriens33> ...
2014-07-26T12:14:35 <ludvann> ...
2014-07-26T12:14:37 <ludvann> Ok
2014-07-26T12:14:40 *** ludvann est parti
2014-07-26T12:14:43 <adriens33> oO
2014-07-26T12:14:48 <adriens33> ok...
2014-07-26T12:14:54 <adriens33> le mec ragequit...
2014-07-26T12:14:54 <adriens33> XD
2014-07-26T12:15:41 *** ludvann s'est connecté
2014-07-26T12:15:50 *** ludvannn s'est connecté
2014-07-26T12:15:59 <ludvannn> Re ^^
2014-07-26T12:16:08 <adriens33> ludvann, t'as besoin de te co en double ?
2014-07-26T12:16:16 <ludvannn> Wait...
2014-07-26T12:17:05 <ludvannn> ludvann va time out...
2014-07-26T12:17:27 <ludvannn> Il est co mais je le contrôle pas...
2014-07-26T12:17:40 <adriens33> ben... les deux se sont co en même temps
2014-07-26T12:17:47 <adriens33> (au pire:)
2014-07-26T12:17:50 <ludvannn> Watt ?
2014-07-26T12:17:53 <adriens33> !kick ludvann boo
2014-07-26T12:17:54 *** ludvann s'est connecté
2014-07-26T12:18:01 <adriens33> tu le contrôles pas ?
2014-07-26T12:18:05 <adriens33> tu te fous de qui ?
2014-07-26T12:18:09 <ludvannn> Wait
2014-07-26T12:18:17 <adriens33> !kick ludvann booboo
2014-07-26T12:18:18 *** ludvann s'est connecté
2014-07-26T12:18:20 <adriens33> ...
2014-07-26T12:18:26 <ludvannn> Stop
2014-07-26T12:18:38 <adriens33> quoi stop ?
2014-07-26T12:18:42 <adriens33> c'toi le stop
2014-07-26T12:18:52 <ludvannn> J'ai que 1 freenode d'ouvert...
2014-07-26T12:18:52 <ludvannn> Je re
2014-07-26T12:19:03 *** ludvannn est parti
2014-07-26T12:19:03 *** ludvann est parti
2014-07-26T12:19:28 *** ludvann s'est connecté
2014-07-26T12:19:31 <Lenile> Re !
2014-07-26T12:19:34 <ludvann> Re
2014-07-26T12:19:38 <adriens33> re
2014-07-26T12:19:39 <ludvann> Voilâ
2014-07-26T12:19:41 <Lenile> Et Salut les autres o/
2014-07-26T12:19:42 <adriens33> ^^
2014-07-26T12:19:46 <ludvann> Better ?
2014-07-26T12:19:54 <adriens33> Eyup !
2014-07-26T12:19:59 <Lenile> 06.34.52.20.46 Mon numéro si y s'passe un truc dans la semaine o/
2014-07-26T12:20:08 <ludvann> Nope :P
2014-07-26T12:20:21 <Lenile> Toujour dispo o/
2014-07-26T12:21:03 <ludvann> ^^
2014-07-26T12:21:09 <ludvann> Pourquoi il y a zecora sur l'irc ?
2014-07-26T12:21:39 <adriens33> parce que tg c'est magique ^^
2014-07-26T12:22:20 <ludvann> Merci :)
2014-07-26T12:22:25 <ludvann> (Pof' con va!)
2014-07-26T12:22:26 *** nagatsuki s'est connecté
2014-07-26T12:22:37 <ludvann> Salut :)
2014-07-26T12:22:37 <ludvann> ^^
2014-07-26T12:22:43 <nagatsuki> coucou
2014-07-26T12:22:45 <adriens33> hello
2014-07-26T12:22:55 <adriens33> kikicé ?
2014-07-26T12:23:06 <ludvann> Kikitoudur
2014-07-26T12:23:13 <adriens33> ludvann...
2014-07-26T12:23:16 *** ludvann est parti
2014-07-26T12:23:49 <nagatsuki> Quoi vous n'avez donc jamais entendu parler du grand nagatsuki ?
2014-07-26T12:24:02 <adriens33> pas moi, non
2014-07-26T12:24:47 <nagatsuki> et bien je suis le rédacteur du poney blanc qui s'occupe des conventions et des meet up.
2014-07-26T12:25:09 *** ludvann s'est connecté
2014-07-26T12:25:21 <adriens33> Aaaah
2014-07-26T12:25:21 *** ludvannn s'est connecté
2014-07-26T12:25:25 <adriens33> ok
2014-07-26T12:25:30 <adriens33> ludvann..
2014-07-26T12:25:35 <nagatsuki> et je suis venu voir si Heuzef était dans le coin parce que je sais pas si il a reçu mon mail
2014-07-26T12:25:36 <Berry-Punch> Voilà ce qu'il s'est passé *hic* ces 10 dernières lignes, ludvannn
2014-07-26T12:25:37 <ludvannn> !history
2014-07-26T12:25:38 *** adriens33 est parti
2014-07-26T12:25:55 <nagatsuki> :aah:
2014-07-26T12:26:05 <ludvannn> Okay
2014-07-26T12:26:10 <nagatsuki> mais c'est trop cheater l'historique comme ça
2014-07-26T12:26:11 <Berry-Punch> Voilà ce qu'il s'est passé ces 10 dernières lignes, adriens33 *hic* 
2014-07-26T12:26:13 *** adriens33 s'est connecté
2014-07-26T12:26:17 <ludvannn> Welcome 2 U
2014-07-26T12:26:26 <nagatsuki> merci^^
2014-07-26T12:26:55 <ludvannn> C'est pas à toi que je parlais ^^
2014-07-26T12:27:07 <ludvannn> Mais naaaan j'blague :D
2014-07-26T12:27:14 <ludvannn> :|
2014-07-26T12:27:20 <nagatsuki> x)
2014-07-26T12:27:40 <ludvannn> C'est quoi cette tete de killer ?
2014-07-26T12:27:49 <ludvannn> ...
2014-07-26T12:28:04 <ludvannn> :)
2014-07-26T12:28:26 <Eclipse2212> re + chalut
2014-07-26T12:28:27 <nagatsuki> celle là on me l'avait jamais faite xD
2014-07-26T12:28:46 <nagatsuki> Coucou Eclipse2212
2014-07-26T12:32:37 *** niorph s'est connecté
2014-07-26T12:32:47 <niorph> Re
2014-07-26T12:32:49 *** ludvannn est parti
2014-07-26T12:32:49 *** ludvann est parti
2014-07-26T12:33:07 <ludvann> Re
2014-07-26T12:33:47 <ludvann> Ils peuvent pas mieux assurer la 3G en campagne ?
2014-07-26T12:34:13 <ludvann> Grrrr
2014-07-26T12:34:47 <Eclipse2212> xD
2014-07-26T12:34:53 <Eclipse2212> la campagne
2014-07-26T12:35:03 <Eclipse2212> c'est nul
2014-07-26T12:35:21 <ludvann> Je te comprends...
2014-07-26T12:35:40 <Eclipse2212> xD
2014-07-26T12:35:48 <ludvann> Etre en allemagne c'est l'horreur...
2014-07-26T12:36:02 <Berry-Punch> dis, t'est un naga de l'akatsuki? *hic* 
2014-07-26T12:36:09 <Eclipse2212> ah
2014-07-26T12:36:20 <Eclipse2212> bah passe chez moi en alsace :D
2014-07-26T12:36:50 <ludvann> Alsace et Allemagne c'est la même chose
2014-07-26T12:36:53 <nagatsuki> heu...
2014-07-26T12:36:55 <ludvann> :P
2014-07-26T12:36:58 *** Lenile est parti
2014-07-26T12:36:58 <adriens33> popopooooooooooooooooo
2014-07-26T12:36:59 <ludvann> ;D
2014-07-26T12:37:00 <Eclipse2212> non môsieur
2014-07-26T12:37:10 <nagatsuki> nan pas vraiment en faite ce pseudo est sorti de mon imagination
2014-07-26T12:38:11 <nagatsuki> enfin ce pseudo, c'est plus une seconde identité pour moi maintenant
2014-07-26T12:38:33 <ludvann> Eclipse2212 en immersion chez les (boschs) Allemands
2014-07-26T12:38:43 <ludvann> Episode 1
2014-07-26T12:38:56 <nagatsuki> l'allemagne c'est un peu loin pour moi
2014-07-26T12:39:30 <Eclipse2212> xD
2014-07-26T12:39:40 <ludvann> Saison 1 exclusive chez votre marchant de journaux pour seulement 1,99€
2014-07-26T12:39:41 <Eclipse2212> 5 mn de strasbourg
2014-07-26T12:40:05 <nagatsuki> moi c'est plutôt 4h
2014-07-26T12:40:10 <nagatsuki> en voiture
2014-07-26T12:40:14 <Eclipse2212> 20 mn du bled le plus proche de chez les bosches
2014-07-26T12:40:57 <ludvann> Moi 10h sans la bières et les pauses ^^
2014-07-26T12:40:57 <Berry-Punch> J'adore ça ! *hic* 
2014-07-26T12:41:09 <Eclipse2212> vodka
2014-07-26T12:41:09 <Berry-Punch> Tu en *hic* as pour moi Eclipse2212 ?
2014-07-26T12:41:26 <Eclipse2212> Berry, tu bois trop
2014-07-26T12:41:26 <Berry-Punch> Non, c'est même *hic* pas vrai d'abord !
2014-07-26T12:42:16 <ludvann> Brush Brush Brush Brush
2014-07-26T12:42:21 <ludvann> Etc
2014-07-26T12:43:37 <ludvann> Hec (man), c'est terra, fais passer le oij !
2014-07-26T12:43:55 <ludvann> Oinj*
2014-07-26T12:45:18 <ludvann> :{]
2014-07-26T12:47:13 <ludvann> Vous mangez tous ?
2014-07-26T12:49:00 <nagatsuki> nope
2014-07-26T12:49:08 <ludvann> Yay !
2014-07-26T12:50:15 <ludvann> Tu fais quoi ?
2014-07-26T12:50:38 <nagatsuki> je regarde une vidéo
2014-07-26T12:50:43 <nagatsuki> de la japan expo
2014-07-26T12:51:44 <ludvann> :)
2014-07-26T12:52:14 <ludvann> La rirette la rirette !
2014-07-26T12:53:21 <ludvann> Le premier un peu timide, la rirette la rirette, le premier un peu timide lui caressa le menton
2014-07-26T12:53:38 * ludvann is afk
2014-07-26T12:53:40 *** ludvann est parti
2014-07-26T12:55:53 <Eclipse2212> qu il est con xD
2014-07-26T12:56:08 <Eclipse2212> le pire c'est que je connais c'te chanson par cœur
2014-07-26T12:58:29 <Berry-Punch> Je suis désolé Eclipse2212, mais je n'ai pas le droit de te laisser *hic* faire ça.
2014-07-26T13:02:54 *** adriens33 est parti
2014-07-26T13:05:25 <Letarumavza> !quit
2014-07-26T13:05:25 *** Zecora_bot est parti
2014-07-26T13:10:51 *** Eclipse2212 est parti
2014-07-26T13:23:31 *** Gordfang s'est connecté
2014-07-26T13:27:40 <Gordfang> lut
2014-07-26T13:27:57 <nagatsuki> salut Gordfang
2014-07-26T13:30:02 *** Tenshi s'est connecté
2014-07-26T13:30:13 <Tenshi> Hey les gens
2014-07-26T13:34:08 *** Tenshi est parti
2014-07-26T13:34:44 *** Gordfang est parti
2014-07-26T13:37:21 *** Gordfang s'est connecté
2014-07-26T13:38:44 *** ludvann s'est connecté
2014-07-26T13:39:40 <ludvann> Niorph
2014-07-26T13:40:03 <ludvann> Salut*
2014-07-26T13:40:16 <Gordfang> re
2014-07-26T13:41:54 <ludvann> Ça va !
2014-07-26T13:41:57 <ludvann> ?*
2014-07-26T13:42:08 <Gordfang> ouai et toi?
2014-07-26T13:42:37 <ludvann> Bien :)
2014-07-26T13:49:51 *** Dawnio est parti
2014-07-26T13:49:51 <Gordfang> http://imgur.com/gallery/ncAePVk je veut ce bureau :D
2014-07-26T13:50:00 <Gordfang> XD
2014-07-26T13:50:31 *** nagatsuki est parti
2014-07-26T13:51:49 *** nagatsuki s'est connecté
2014-07-26T13:52:34 <ludvann> Re
2014-07-26T13:59:23 *** ludvann est parti
2014-07-26T14:06:13 *** ludvann s'est connecté
2014-07-26T14:22:37 *** ludvann est parti
2014-07-26T14:30:40 *** ludvann s'est connecté
2014-07-26T14:36:27 *** ludvann est parti
2014-07-26T14:45:29 <nagatsuki> il passe vers quel heure Heuzef généralement ?
2014-07-26T15:14:49 *** Gordfang est parti
2014-07-26T15:14:49 *** nagatsuki est parti
2014-07-26T15:15:24 *** Dawnio s'est connecté
2014-07-26T15:15:52 *** Dawnio est parti
2014-07-26T15:19:40 *** Dawnio s'est connecté
2014-07-26T15:19:41 *** nagatsuki s'est connecté
2014-07-26T15:22:57 *** Eclipse2212 s'est connecté
2014-07-26T15:23:04 <Eclipse2212> re
2014-07-26T15:26:20 *** Eclipse2212 est parti
2014-07-26T15:43:00 *** nagatsuki est parti
2014-07-26T15:43:01 *** Dawnio est parti
2014-07-26T16:18:16 *** Lenile s'est connecté
2014-07-26T16:18:16 <Lenile> <3
2014-07-26T16:18:21 <Lenile> <3
2014-07-26T16:43:03 <Berry-Punch> Voilà ce qu'il s'est passé ces *hic* 10 dernières lignes, adriens33
2014-07-26T16:43:04 *** adriens33 s'est connecté
2014-07-26T16:44:42 *** Eclipse2212 s'est connecté
2014-07-26T16:44:46 <Eclipse2212> re
2014-07-26T16:48:42 *** nagatsuki s'est connecté
2014-07-26T16:50:28 <Lenile> Naga
2014-07-26T16:50:35 <Lenile> J't'est donné l'E-mail de Heuzef
2014-07-26T16:50:40 <Lenile> C'est le plu simple pour le contacté
2014-07-26T16:50:45 <Lenile> Ta même son numéro de telephone
2014-07-26T16:51:05 <Lenile> Depuis peu Zenshi et toi venez sur cet IRC
2014-07-26T16:51:20 <Lenile> Mais honnetement vous avez pas besoin.
2014-07-26T16:51:26 <Lenile> Sur çe
2014-07-26T16:51:30 <Lenile> Je retourne à mon anime
2014-07-26T17:09:25 *** Eclipse2212 est parti
2014-07-26T17:23:51 *** ValCab33 s'est connecté
2014-07-26T17:23:51 *** ValCab33 est parti
2014-07-26T17:28:48 *** ValCab33 s'est connecté
2014-07-26T17:28:56 <ValCab33> Hello
2014-07-26T17:37:51 <Lenile> Yop !
2014-07-26T17:45:42 <adriens33> hellow
2014-07-26T18:03:48 *** Lenile est parti
2014-07-26T18:11:03 <nagatsuki> bon je vous laisse je repasserais lundi ^^
2014-07-26T18:11:28 *** nagatsuki est parti
2014-07-26T18:12:59 *** Lenile s'est connecté
2014-07-26T18:13:42 <Lenile> Re.
2014-07-26T19:08:16 *** Eclipse2212 s'est connecté
2014-07-26T19:08:46 <Eclipse2212> reuh
2014-07-26T19:08:53 <adriens33> reuh
2014-07-26T19:09:00 <Eclipse2212> xD
2014-07-26T19:23:06 *** Lenile est parti
2014-07-26T19:40:09 *** Eclipse2212 est parti
2014-07-26T20:27:24 *** Lenile s'est connecté
2014-07-26T20:27:25 <Lenile> Saloute
2014-07-26T20:42:59 *** adriens33 est parti
2014-07-26T20:55:59 *** TrappyTickles s'est connecté
2014-07-26T21:02:36 <Lenile> Yow
2014-07-26T21:02:55 <Lenile> Dites, j'vais faire un sujet d'Analyse pour le 6 Aout
2014-07-26T21:03:11 <Lenile> C'est "Analyse - La communautée Brony vu par des inconnus"
2014-07-26T21:03:47 <Lenile> Je compte posé des questions à des gens dans la rue Saint Catherine sur se qu'ils pensent de la communautée
2014-07-26T21:04:08 <Lenile> en leur expliquant rapidement.
2014-07-26T21:04:38 <Lenile> Par contre ça sera des question à des personne quand même reflechis, pas des enfants.
2014-07-26T21:04:53 <Lenile> ça vous interessent de m'accompagné ?
2014-07-26T21:06:51 *** Letarumavza est parti
2014-07-26T21:07:07 *** TrappyMobile s'est connecté
2014-07-26T21:07:42 <TrappyMobile> OK Yay ça marche sur mon archos :p
2014-07-26T21:10:30 <TrappyMobile> Jvous laisse en afk, y a fort boyard :p
2014-07-26T21:10:38 *** TrappyMobile est parti
2014-07-26T21:12:58 <Lenile> Tellement de vents ._.
2014-07-26T21:30:25 <Berry-Punch> Voilà ce qu'il s'est *hic* passé ces 10 dernières lignes, adriens33
2014-07-26T21:30:26 *** adriens33 s'est connecté
2014-07-26T21:30:47 <adriens33> peulope les gens
2014-07-26T21:32:40 <Lenile> Yop
2014-07-26T21:32:42 <Lenile> Adri ?
2014-07-26T21:32:56 <Lenile> (J'te copie colle le message flemme de réecrire xD )
2014-07-26T21:33:02 <Lenile> Dites, j'vais faire un sujet d'Analyse pour le 6 Aout
2014-07-26T21:33:02 <Lenile> C'est "Analyse - La communautée Brony vu par des inconnus"
2014-07-26T21:33:03 <Lenile> Je compte posé des questions à des gens dans la rue Saint Catherine sur se qu'ils pensent de la communautée
2014-07-26T21:33:03 <Lenile> en leur expliquant rapidement.
2014-07-26T21:33:03 <Lenile> Par contre ça sera des question à des personne quand même reflechis, pas des enfants.
2014-07-26T21:33:03 <Lenile> ça vous interessent de m'accompagné ?
2014-07-26T21:34:10 <adriens33> Hmm… Moi ? Poser des questions à des inconnus ?
2014-07-26T21:34:18 <adriens33> Tu ne me connais pas XD
2014-07-26T21:34:27 <Lenile> Beh quoi ? o.o
2014-07-26T21:34:28 <Lenile> xD
2014-07-26T21:34:40 <Lenile> Tes timiiiiide ? '-'
2014-07-26T21:35:05 <adriens33> Ben... J'ai quelques petits soucis, ça ressemble à de la timidité mais c'est bien plus handicapant.
2014-07-26T21:35:10 <Lenile> Ha ._.
2014-07-26T21:35:13 <Lenile> Pas de soucis !
2014-07-26T21:42:51 *** Dawnio s'est connecté
2014-07-26T21:42:57 <Dawnio> re / salut :D
2014-07-26T21:46:13 <ValCab33> Hai
2014-07-26T21:51:24 <Lenile> Yow
2014-07-26T21:52:29 <Lenile> J'vous fait passer le message pour ceux que ça interessent, dans pas long je vais aller sur Saint Catherine pour poser à des questions à des inconnus pour savoir se qu'ils pensent des Brony avec des avis serieux pour un article que je vais faire sur Le Poney Blanc
2014-07-26T21:52:39 <Lenile> Si ça vous interessent de participé dites le moi ^^
2014-07-26T21:53:20 <Dawnio> j'en suis mais seulement si tu fais ça lundi
2014-07-26T21:54:10 <Dawnio> (par contre la réponse la plus probable que tu risque d'avoir c'est: c'est quoi un brony?)
2014-07-26T21:56:35 <Lenile> Beh justement faudra expliqué un peut x)
2014-07-26T21:56:41 <ValCab33> C'est un gateau au chocolat.
2014-07-26T21:56:43 <Lenile> Je vous montrerais avant si vous voulez :)
2014-07-26T21:56:55 <Lenile> Bah ouais je peut le faire un Lundi il y à pas de soucis
2014-07-26T21:56:58 <Dawnio> ou sinon t'as toujours l'article du sud ouest
2014-07-26T21:57:14 *** Dawnio est parti
2014-07-26T21:57:24 *** Dawnio s'est connecté
2014-07-26T21:57:32 <Lenile> L'article du Sud Ouest c'est un autre de mes collegue qui s'en occupe
2014-07-26T21:57:54 <Dawnio> ok, j'en suis à 100%! mais faudrais que tu fasses ça le matin, je suis chez leta l'après midi
2014-07-26T21:58:18 <Lenile> Bah on peut faire ça par petit groupe
2014-07-26T21:58:30 <Lenile> Ceux qui veulent le lundi matin et ceux qui veulent le Mercredi aprem
2014-07-26T21:59:44 <Lenile> Faudra que je demande aux autres
2014-07-26T21:59:54 <Lenile> Du coup se mercredi matin qui arrive ça te va ?
2014-07-26T22:00:04 <Dawnio> pour moi?
2014-07-26T22:00:04 <Lenile> Dailleur
2014-07-26T22:00:05 <Lenile> http://www.twitch.tv/aykoah
2014-07-26T22:00:17 <Lenile> Mon ami de LPB qui me fait l'affiche d'entete de l'article
2014-07-26T22:00:20 <Lenile> Si vous voulez voir
2014-07-26T22:00:24 *** Letarumavza s'est connecté
2014-07-26T22:29:12 <Dawnio> lenile?
2014-07-26T22:44:48 <Dawnio> bon j'y go
2014-07-26T22:44:53 <Dawnio> à peluche
2014-07-26T22:44:58 *** Dawnio est parti
2014-07-26T22:48:34 *** adriens33 est parti
2014-07-26T23:03:05 *** Trappy_Tickles s'est connecté
2014-07-26T23:06:25 *** TrappyTickles est parti
2014-07-26T23:08:48 *** Lenile est parti
2014-07-26T23:52:32 *** Eclipse2212 s'est connecté
2014-07-26T23:52:40 <Eclipse2212> re
2014-07-26T23:58:22 *** Eclipse2212 est parti
