2014-06-14T00:00:40 <maitrepanda> re
2014-06-14T00:16:25 *** ValCab33 est parti
2014-06-14T00:16:58 *** ValCab33 s'est connecté
2014-06-14T00:17:21 <adriens33> bon, je go dodo
2014-06-14T00:17:22 <adriens33> ++
2014-06-14T00:17:24 *** adriens33 est parti
2014-06-14T01:52:02 <maitrepanda> bizou
2014-06-14T01:55:15 *** ValCab33 est parti
2014-06-14T02:08:36 *** MaCharon est parti
2014-06-14T02:22:13 *** Renard est parti
2014-06-14T02:36:06 *** Renard s'est connecté
2014-06-14T02:44:41 *** maitrepanda est parti
2014-06-14T03:27:43 *** Renard est parti
2014-06-14T09:41:22 *** Shinsaber s'est connecté
2014-06-14T10:00:06 *** adriens33 s'est connecté
2014-06-14T10:00:37 <adriens33> salut
2014-06-14T10:00:43 <BronyCUB-MC> adrien_s has joined the server!
2014-06-14T10:01:10 <Shinsaber> salut ^
2014-06-14T10:01:35 <Shinsaber> tu vien faire un tour au miroir d'eau cette aprèm ??
2014-06-14T10:01:42 <adriens33> oui ouii
2014-06-14T10:01:46 <adriens33> bien sur ^^
2014-06-14T10:01:48 <Shinsaber> cool ^^
2014-06-14T10:05:56 <BronyCUB-MC> adrien_s: punaise j'avais jamais fait gaffe
2014-06-14T10:06:06 <BronyCUB-MC> adrien_s: mais les boutons en bois ont un délai plus long
2014-06-14T10:06:13 <BronyCUB-MC> adrien_s: c'est utile à savoir
2014-06-14T10:07:11 <Shinsaber> a bon O-O
2014-06-14T10:07:16 <BronyCUB-MC> adrien_s: ouaip
2014-06-14T10:07:28 <BronyCUB-MC> adrien_s: au début j'ai cru que c'était le lag, mais non
2014-06-14T10:08:03 <BronyCUB-MC> adrien_s: purée pourquoi il pleut chaque fois que je viens ? XD
2014-06-14T10:39:49 <BronyCUB-MC> adrien_s has quit the server!
2014-06-14T10:41:28 <Shinsaber> bon je vais prendre ma douche !!
2014-06-14T10:41:35 <adriens33> okay ++
2014-06-14T10:51:27 *** BronyCUB-MC est parti
2014-06-14T10:52:20 *** BronyCUB-MC s'est connecté
2014-06-14T10:52:42 <adriens33> news: y'a des permissions
2014-06-14T10:52:44 <adriens33> y'a du fly
2014-06-14T10:52:49 <adriens33> y'a worldedit
2014-06-14T10:52:55 <Shinsaber> XD
2014-06-14T10:52:59 <adriens33> et zport (pour faire des /warp, des points de téléportation)
2014-06-14T10:53:04 <adriens33> (c'est méga pratique)
2014-06-14T10:53:11 <adriens33> tout ça en 10minutes
2014-06-14T10:53:23 <adriens33> parce que j'ai juste dump une partie de la config de towncraft XD
2014-06-14T10:53:31 <adriens33> copie powaa
2014-06-14T10:53:35 <Shinsaber> tricheur XD
2014-06-14T10:53:37 <adriens33> no
2014-06-14T10:53:52 <adriens33> j'ai pas triché, juste récupéré une config que j'ai éprouvé
2014-06-14T10:53:56 <adriens33> et optimisé au fil du temps
2014-06-14T10:54:27 <adriens33> j't'explique pas comment marche worldedit, tu sais déjà ^^
2014-06-14T10:54:28 <Shinsaber> ^^
2014-06-14T10:54:37 <Shinsaber> XD
2014-06-14T10:54:45 <adriens33> j'envoie un mail pour prévenir tout le monde ?
2014-06-14T10:54:51 <Berry-Punch> Flags de BronyCUB-MC *hic* modifiés en +o
2014-06-14T10:54:51 <adriens33> !flag set +o BronyCUB-MC
2014-06-14T10:54:59 <Berry-Punch> Flags de *hic* BronyCUB-MC modifiés : +o
2014-06-14T10:54:59 <adriens33> !flag mod +o BronyCUB-MC
2014-06-14T10:55:46 <BronyCUB-MC> adrien_s has joined the server!
2014-06-14T10:56:49 <adriens33> et maintenant, tu peux te passer en créative/survival tout seul
2014-06-14T10:57:00 <adriens33> "/gamemode 0/1" c'est autorisé
2014-06-14T10:57:08 <adriens33> (vive PermissionBukkit, c'est génial ce truc)
2014-06-14T10:57:41 <Shinsaber> a cool, les perm de bukkit ne son pas forcément suporté par tous les plugin XD
2014-06-14T10:57:48 <adriens33> ^^
2014-06-14T10:57:51 <adriens33> ben quand même
2014-06-14T10:58:17 *** BronyCUB-MC est parti
2014-06-14T10:58:28 <Shinsaber> bon ce coup ci j'y vais XD
2014-06-14T10:58:32 <adriens33> oki
2014-06-14T10:58:36 *** Shinsaber est parti
2014-06-14T10:59:03 *** BronyCUB-MC s'est connecté
2014-06-14T10:59:10 <BronyCUB-MC> adrien_s has joined the server!
2014-06-14T11:11:16 *** ValCab33 s'est connecté
2014-06-14T11:11:33 <adriens33> plop
2014-06-14T11:11:35 <ValCab33> Hello
2014-06-14T11:12:12 <ValCab33> Comment va ?
2014-06-14T11:12:16 <BronyCUB-MC> adrien_s: bien ^^
2014-06-14T11:12:18 <BronyCUB-MC> adrien_s: et toi ?
2014-06-14T11:12:28 <ValCab33> Bien.
2014-06-14T11:12:31 <BronyCUB-MC> adrien_s: ^^
2014-06-14T11:12:37 <BronyCUB-MC> adrien_s: j'ai ajouté 2-3 trucs sur minecraft
2014-06-14T11:12:51 <ValCab33> Quoi donc ?
2014-06-14T11:13:01 <BronyCUB-MC> adrien_s: tu connais le principe des /warp ?
2014-06-14T11:13:12 <ValCab33> Oui
2014-06-14T11:13:21 <BronyCUB-MC> adrien_s: ben j'ai mis zport déjà
2014-06-14T11:13:29 <BronyCUB-MC> adrien_s: donc on pourra mettre des warp ^^
2014-06-14T11:13:40 <ValCab33> Nice
2014-06-14T11:13:42 <BronyCUB-MC> adrien_s: y'a /fly aussi mtn (donc vive le fly en survival :p)
2014-06-14T11:13:56 <BronyCUB-MC> adrien_s: et j'ai mis worldedit, pour les pixelart et autre ça sera vachement plus pratique
2014-06-14T11:14:14 <ValCab33> C'est un peu cheaté qd meme le fly :p
2014-06-14T11:14:17 <BronyCUB-MC> adrien_s: ^^
2014-06-14T11:14:26 <BronyCUB-MC> adrien_s: s'tu le veux pas tu ne t'en sers pas.
2014-06-14T11:14:37 <BronyCUB-MC> adrien_s: et on a jamais dit que ça devait être full survival
2014-06-14T11:14:46 <BronyCUB-MC> adrien_s: tout ce qu'à dit heuzef c'est « have fun ! »
2014-06-14T11:15:09 <ValCab33> So let's have fun
2014-06-14T11:15:16 <BronyCUB-MC> adrien_s: great idea.
2014-06-14T11:15:19 <BronyCUB-MC> adrien_s: i'm in !
2014-06-14T11:15:43 <ValCab33> Let's double the fun !
2014-06-14T11:17:04 <BronyCUB-MC> adrien_s: y'a pas à dire, du MLP de bon matin dans les oreilles ça met de bonne humer.
2014-06-14T11:17:06 <BronyCUB-MC> adrien_s: *humeur
2014-06-14T11:17:22 <ValCab33> ^^
2014-06-14T11:19:16 <ValCab33> Pffff j'ai la flemme de me lever
2014-06-14T11:19:20 <BronyCUB-MC> adrien_s: ^^
2014-06-14T11:20:32 <ValCab33> Mais va quand meme faloir que je me lève ou je louperai mon train
2014-06-14T11:20:50 <ValCab33> Ca serai con
2014-06-14T11:20:55 <BronyCUB-MC> adrien_s: totalement
2014-06-14T11:20:58 <ValCab33> *serait
2014-06-14T11:21:33 <ValCab33> Mais j'ai le temps
2014-06-14T11:22:57 *** ludvann s'est connecté
2014-06-14T11:23:03 <ludvann> re !
2014-06-14T11:23:05 <ValCab33> Salut
2014-06-14T11:23:06 <ludvann> ou bonjour ^^
2014-06-14T11:23:08 <BronyCUB-MC> adrien_s: plop
2014-06-14T11:23:39 <ludvann> ValCab33: dans ksp les moteurs jet simple sont super économiques...
2014-06-14T11:24:00 <ludvann> ça va sinon ?
2014-06-14T11:24:09 <ValCab33> Ouais et toi ?
2014-06-14T11:24:48 <ludvann> bien, je reviens de chez le coiffeur :)
2014-06-14T11:25:05 <BronyCUB-MC> adrien_s: tu t'es fait couper les oreilles ? ^^
2014-06-14T11:25:24 <ludvann> oui et j'entend mieux :D
2014-06-14T11:25:47 <BronyCUB-MC> adrien_s: vous venez au mirroir d'eau cet aprem ?
2014-06-14T11:25:54 <ludvann> nope
2014-06-14T11:25:59 <ludvann> occupé :/
2014-06-14T11:26:01 <BronyCUB-MC> adrien_s: ah
2014-06-14T11:26:25 <ValCab33> Moi oui
2014-06-14T11:26:29 <BronyCUB-MC> adrien_s: cool
2014-06-14T11:27:00 <ValCab33> C'est pour ca qu'il faut que j'évite de louper le train ^^
2014-06-14T11:27:08 <BronyCUB-MC> adrien_s: tu m'étonnes ;)
2014-06-14T11:27:17 <BronyCUB-MC> adrien_s: ah, que j'aime WorldEdit…
2014-06-14T11:27:19 <BronyCUB-MC> adrien_s: il m'avait manqué
2014-06-14T11:28:03 <ludvann> ^^
2014-06-14T11:29:16 <ValCab33> Bon, je vais me lever moi
2014-06-14T11:29:25 <ludvann> xD
2014-06-14T11:29:47 <ValCab33> Bah quoi ? x)
2014-06-14T11:30:07 <ludvann> marmotte
2014-06-14T11:30:21 <ValCab33> Et alol
2014-06-14T11:30:28 <ValCab33> *alors
2014-06-14T11:30:39 <ValCab33> Ca te dérange ? :p
2014-06-14T11:30:56 <ludvann> hush now
2014-06-14T11:31:01 <ludvann> quiet now
2014-06-14T11:31:18 <ValCab33> It's time to lay your sleepy head
2014-06-14T11:31:39 <ValCab33> Hush now
2014-06-14T11:31:42 <ValCab33> Quiet now
2014-06-14T11:31:55 <ValCab33> It's time to go to bed...
2014-06-14T11:32:28 <ludvann> j'ai fait un mini avion super rapide et économique o/
2014-06-14T11:32:33 <ludvann> Zzzzz
2014-06-14T11:33:05 *** Shinsaber s'est connecté
2014-06-14T11:33:12 <ludvann> salut !
2014-06-14T11:33:21 <Shinsaber> salut
2014-06-14T11:33:26 <BronyCUB-MC> adrien_s: re
2014-06-14T11:33:29 <ValCab33> Et moi j'ai mi Jebediah en orbite autour du Soleil en carrière et j'ai aucun moyen de le récupérer
2014-06-14T11:33:32 <ValCab33> Salut
2014-06-14T11:33:35 <ludvann> xD
2014-06-14T11:33:52 <ludvann> pourquoi tu envois pas un vaisseau de récupération ?
2014-06-14T11:34:08 <ludvann> mon jébédiah est mort moi :/
2014-06-14T11:34:19 <ValCab33> Ben tu veut que je le récupère comment ?
2014-06-14T11:34:27 <Shinsaber> vous parler de quoi ?? ^^
2014-06-14T11:34:29 <ludvann> avec un vaisseau
2014-06-14T11:34:31 <ludvann> KSP
2014-06-14T11:34:38 <ludvann> kerbal space program
2014-06-14T11:34:44 <ludvann> ^^
2014-06-14T11:34:58 <ValCab33> J'ai pas de docking port dessus, c'est un pod mk1 avec 2-3 trucs de sciencr
2014-06-14T11:35:04 <ValCab33> *science
2014-06-14T11:35:16 <ValCab33> Et un parachute
2014-06-14T11:35:41 <ludvann> le doxking n'est pas important là, tu peux déplacer tes gars avec leur jetpack, nan ?
2014-06-14T11:36:15 <ludvann> docking*
2014-06-14T11:36:25 <ValCab33> Ouais mais
2014-06-14T11:36:32 <ludvann> mais ?
2014-06-14T11:36:55 <ValCab33> Faudrait que je renvoie un vaisseau en orbite autour du soleil
2014-06-14T11:37:09 <ValCab33> (Ce qui etait accidentel)
2014-06-14T11:37:30 <ValCab33> Avec le risque de pas avoir assez de fuel
2014-06-14T11:37:45 <ValCab33> Et donc de perdre un 2eme gard
2014-06-14T11:37:50 <ValCab33> *gars
2014-06-14T11:38:04 <ludvann> tu sais faire du docking ?
2014-06-14T11:38:10 <ludvann> en orbite
2014-06-14T11:38:21 <ValCab33> J'en ai pas encore fait
2014-06-14T11:39:03 <ValCab33> J'ai meme pas réussi à faire une rencontre
2014-06-14T11:39:21 <ValCab33> Mais j'ai essayé qu'une fois
2014-06-14T11:39:28 <ValCab33> Donc bon
2014-06-14T11:39:53 <ValCab33> Sur ce je vais Vraiment me lever
2014-06-14T11:39:54 <ludvann> parce que tu aurais pu faire c'est envoyer un vaisseau de récup, tu le met en orbite, envois du fuel avec une autre fusée, dock les deux et voilà, plein de fuel...
2014-06-14T11:39:59 <ludvann> ^^
2014-06-14T11:40:24 <ValCab33> Ouais... complexe.
2014-06-14T11:40:49 <ludvann> mais nan, je t'expliquerais mieux en détails après
2014-06-14T11:41:01 <ValCab33> Et je crois qu'en carrière j'ai pas encore débloqué les docking port
2014-06-14T11:41:23 <ValCab33> (Je galère a avoir de la science)
2014-06-14T11:41:46 <ludvann> bah dans ce cas jébédiah va patienter ^^'
2014-06-14T11:41:49 <ValCab33> Sur ce
2014-06-14T11:41:52 <ValCab33> @+
2014-06-14T11:41:54 <BronyCUB-MC> adrien_s: ++
2014-06-14T11:41:57 <ludvann> ++
2014-06-14T11:42:07 *** ValCab33 est parti
2014-06-14T11:47:20 <ludvann> un humain peut résister jusqu’à mach combien ?
2014-06-14T11:47:43 <BronyCUB-MC> adrien_s: c'est plus une histoire d'accéllération que de vitesse en fait
2014-06-14T11:47:49 <BronyCUB-MC> adrien_s: au delà de quelques G
2014-06-14T11:47:58 <BronyCUB-MC> adrien_s: ton sang part trop de la tête
2014-06-14T11:48:01 <BronyCUB-MC> adrien_s: et du coup pouf
2014-06-14T11:48:06 <BronyCUB-MC> adrien_s: apupersonne
2014-06-14T11:48:21 <ludvann> ouep
2014-06-14T11:48:27 <ludvann> suis d'accord
2014-06-14T11:48:39 <BronyCUB-MC> adrien_s: c'est pour ça que les pilotes de chasse portent des "pantalons anti G"
2014-06-14T11:48:44 <ludvann> avec un avion j'ai dépasser le mach 2
2014-06-14T11:48:50 *** ValCab33 s'est connecté
2014-06-14T11:48:55 <ludvann> re !
2014-06-14T11:49:02 <BronyCUB-MC> adrien_s: pour serrer les veines dans leurs jambes et faire en sorte que le sang descende pas trop
2014-06-14T11:49:16 <ValCab33> Techniquement, environ 12G positifs (sur une seconde)
2014-06-14T11:49:17 <ludvann> pas con ^^
2014-06-14T11:49:27 <ValCab33> Et 6G négatifs
2014-06-14T11:49:33 <ValCab33> Il me semble
2014-06-14T11:49:34 <ludvann> qu'on résiste ?
2014-06-14T11:49:38 <BronyCUB-MC> adrien_s: ok merci :D
2014-06-14T11:49:46 <BronyCUB-MC> adrien_s: après, une fois que t'es en vitesse constante, tu subis rien du tout
2014-06-14T11:49:48 <ValCab33> Le BIA ca remonte :p
2014-06-14T11:49:53 <BronyCUB-MC> adrien_s: vu que t'es en vitesse constante ^^
2014-06-14T11:50:04 <ludvann> et c'est quoi les positif et négatif ?
2014-06-14T11:50:18 <BronyCUB-MC> adrien_s: le sens de l'accélération
2014-06-14T11:50:31 <BronyCUB-MC> adrien_s: en +, tu es "écrasé contre le siège"
2014-06-14T11:50:46 <ludvann> ok ^^
2014-06-14T11:50:47 <BronyCUB-MC> adrien_s: en - c'est l'inverse
2014-06-14T11:51:04 <ludvann> toi aussi tu trouve pas de mot ? ^^
2014-06-14T11:51:10 <ValCab33> En + le sang descend, a 12 G c'est le voile noir
2014-06-14T11:51:37 <ValCab33> Ty voit plus rien, perte de connescence
2014-06-14T11:51:49 <ValCab33> En -, le sang monte
2014-06-14T11:52:00 <ludvann> pas cool :/
2014-06-14T11:52:01 <BronyCUB-MC> adrien_s: t/god
2014-06-14T11:52:07 <ludvann> xD
2014-06-14T11:52:09 <ValCab33> Quand ca monte trop, voile rouge
2014-06-14T11:52:13 <Shinsaber> fail
2014-06-14T11:52:23 <ValCab33> Et mort rapide
2014-06-14T11:53:17 <ludvann> ...
2014-06-14T11:53:35 <ludvann> mon kerbal a eut une fois 11G dans la tronche... :/
2014-06-14T11:54:34 <ludvann> et toujours en vie...
2014-06-14T11:55:06 <ValCab33> Quand à la vitesse, l'avion produit en série le plus rapide du monde est le SR-71 Blackbird avec Mach 3,4 il me semble; certains prototypes de la NASA sont montés à Mach 5.
2014-06-14T11:55:33 <BronyCUB-MC> adrien_s: tu m'as l'air bien calé dis :p
2014-06-14T11:55:40 <ludvann> wikipédia...
2014-06-14T11:55:42 <ludvann> xD
2014-06-14T11:55:51 <ValCab33> J'aime bien l'aéronautique :p
2014-06-14T11:55:55 <BronyCUB-MC> adrien_s: ah ok
2014-06-14T11:55:57 <BronyCUB-MC> adrien_s: ^^
2014-06-14T11:56:09 <ValCab33> Non, je suis pas allé sur wikipedia ^^
2014-06-14T11:56:55 *** heuzef s'est connecté
2014-06-14T11:56:59 *** heuzef est parti
2014-06-14T11:57:18 *** heuzef s'est connecté
2014-06-14T11:57:29 <Berry-Punch> Voilà ce qu'il s'est passé ces 10 dernières lignes, heuzef *hic* 
2014-06-14T11:57:31 <heuzef> !history
2014-06-14T11:57:45 <BronyCUB-MC> adrien_s: hello heuzef
2014-06-14T11:57:46 <ludvann> par contre les drones c'est autres chose ... ^^
2014-06-14T11:57:47 <heuzef> plop
2014-06-14T11:57:51 <BronyCUB-MC> adrien_s: hello heuzef
2014-06-14T11:57:53 <ludvann> salut
2014-06-14T11:57:55 <Shinsaber> salut heuz
2014-06-14T11:57:57 <BronyCUB-MC> adrien_s: (dsl trompé de ligne)
2014-06-14T11:58:01 <ValCab33> Hi
2014-06-14T11:58:15 <heuzef> Je viens de recevoir mon 27"
2014-06-14T11:58:22 <ludvann> cool !
2014-06-14T11:58:27 <heuzef> o_o woooooo
2014-06-14T11:58:29 <BronyCUB-MC> adrien_s: nice :þ
2014-06-14T11:58:32 <heuzef> Cay beauuuuuuu
2014-06-14T11:58:35 <BronyCUB-MC> adrien_s: ^^
2014-06-14T11:58:35 <ludvann> par contre les drones c'est autres chose ... ^^
2014-06-14T11:58:40 <BronyCUB-MC> adrien_s: çaygranaussi
2014-06-14T11:59:16 <ValCab33> Ca dépend du drone
2014-06-14T11:59:37 <ludvann> ouais mais il y a pas la limite du pilote...
2014-06-14T12:00:08 <ValCab33> Certes il peut prendre + de Gs, mais niveau vitesse...
2014-06-14T12:00:33 <ludvann> un bon kerbodine et c'est réglé ^^
2014-06-14T12:00:37 <ludvann> pardon...
2014-06-14T12:00:50 <ludvann> ça dépend aussi des drones...
2014-06-14T12:00:54 <ludvann> la vitesse
2014-06-14T12:01:14 <ValCab33> Certes
2014-06-14T12:01:29 <ludvann> mais ?
2014-06-14T12:03:06 <ValCab33> Généralement, un drone, c'est plutot lent
2014-06-14T12:03:26 * heuzef se mate un concert en FHD sur son 27" tous neuf
2014-06-14T12:03:31 * heuzef bave
2014-06-14T12:03:35 <ludvann> oui, mais rien n'empèche d'avoir un drone rapide ?
2014-06-14T12:03:56 <Shinsaber> @heuzef XD
2014-06-14T12:04:12 <heuzef> Miku Miku !
2014-06-14T12:04:18 <heuzef> :3
2014-06-14T12:04:20 <ludvann> ...
2014-06-14T12:05:38 <ludvann> val' ?
2014-06-14T12:06:06 <ValCab33> @ludvann non, mais maintenant la vitesse ils s'en foutent un peu les fabrivants d'avions
2014-06-14T12:06:18 <ludvann> pourquoi ?
2014-06-14T12:06:27 <ValCab33> Aucune idée
2014-06-14T12:06:38 <ludvann> ...
2014-06-14T12:06:48 <ValCab33> Ptet parce ca pompe trop de carburant :p
2014-06-14T12:07:10 <ludvann> ouep, sûrement...
2014-06-14T12:07:53 <ludvann> j'essaie de faire un tour  du monde mais pas de fuel :/ je peux que faire que la moitiée xD
2014-06-14T12:08:03 <ValCab33> x)
2014-06-14T12:09:00 <ludvann> j'ai baissé les gaz aux 2/3 et je vais bientôt passer sous le mach 2
2014-06-14T12:09:28 <ludvann> normal...
2014-06-14T12:09:58 <ludvann> devine quel moteur j'ai sur l'avion...
2014-06-14T12:10:01 <ValCab33> Besoin de ca ? http://www.faqfra.online.fr/militaire/ravito/kc-10a.jpg
2014-06-14T12:10:24 <ludvann> ze lz veut !!!!
2014-06-14T12:10:27 <ludvann> le*
2014-06-14T12:10:47 <ludvann> quel moteur alors ?
2014-06-14T12:10:53 <ValCab33> Jet ?
2014-06-14T12:11:07 <ludvann> oui pour les avions c'est mieux ^^
2014-06-14T12:12:09 <ludvann> le Basic JetEngine ^^
2014-06-14T12:13:34 <Shinsaber> qui veut venir au miroir d'eau cette aprèm pour profité du soleil ???
2014-06-14T12:13:49 <ludvann> peut pas...
2014-06-14T12:14:08 <ValCab33> Moi
2014-06-14T12:14:19 <BronyCUB-MC> adrien_s: me
2014-06-14T12:14:21 <Shinsaber> oki je pence le proposé de temps a autre, sa sera pour une autre foi ^^
2014-06-14T12:14:31 <BronyCUB-MC> adrien_s: hein ?
2014-06-14T12:14:37 <ludvann> ?
2014-06-14T12:14:45 <BronyCUB-MC> adrien_s: on le fait ou pas du coup ?
2014-06-14T12:15:04 <Shinsaber> ludvann, je compt le proposée souvent pendant lété
2014-06-14T12:15:09 <ludvann> ah
2014-06-14T12:15:14 <Shinsaber> plain de foi
2014-06-14T12:15:22 <ludvann> je pense que je pourrais durant l'été
2014-06-14T12:16:39 <BronyCUB-MC> adrien_s has quit the server!
2014-06-14T12:19:08 <ludvann> bon j'en ai marre du tour du monde, atérissage en catastrophe pour entrainer mon pilote ^^
2014-06-14T12:19:22 <adriens33> @shinsaber
2014-06-14T12:19:30 <Shinsaber> yep ??
2014-06-14T12:19:33 <adriens33> t'annules pas pour ajd  quand même ??
2014-06-14T12:20:04 <ludvann> et dans le noir (beach please)
2014-06-14T12:20:47 <Shinsaber> nop, moi je vais au miroir d'eau pour 14h (avec le tram l’horaire exact est inconnus XD )
2014-06-14T12:20:54 <adriens33> ah
2014-06-14T12:21:03 <adriens33> j'ai cru quand t'as dit "ça sera pour une autre fois"
2014-06-14T12:21:04 <adriens33> ^^
2014-06-14T12:21:11 <adriens33> de toute façon je viens ^^
2014-06-14T12:21:20 <Shinsaber> je parlais pour ludvan
2014-06-14T12:21:23 <ludvann> les joies de TBC ...
2014-06-14T12:21:27 <adriens33> et pis y'aura sans doute du monde qu'a vu le mail mais qu'est pas passé sur l'IRC
2014-06-14T12:21:34 <adriens33> ah ok
2014-06-14T12:21:39 <Shinsaber> ses cool il y a la clim dans les tram XD
2014-06-14T12:21:45 <adriens33> ouaip :þ
2014-06-14T12:21:58 <adriens33> merci kheolis :)
2014-06-14T12:22:15 <ludvann> ^^
2014-06-14T12:22:28 <ludvann> pas tout le temps la clim...
2014-06-14T12:22:51 <ludvann> et quand tu sors, tu as super chaud...
2014-06-14T12:23:06 <Shinsaber> :p
2014-06-14T12:23:13 <adriens33> au boulot dans les bureaux fait 16
2014-06-14T12:23:21 <ludvann> ^^
2014-06-14T12:23:24 <adriens33> quand tu sors dehors ça fait une sale claque XD
2014-06-14T12:23:28 <ludvann> fait froid !
2014-06-14T12:23:30 <adriens33> allez, pam !
2014-06-14T12:23:30 <Shinsaber> XD
2014-06-14T12:23:32 <adriens33> +15 degrés !
2014-06-14T12:23:50 <ludvann> aircution
2014-06-14T12:24:02 <adriens33> (je voudrais pas payer la facture d'électricité pour la clim… ça doit sucer c't'enflure)
2014-06-14T12:24:03 <ludvann> (nan pas hydrocution)
2014-06-14T12:24:16 *** AlphaDash s'est connecté
2014-06-14T12:24:18 <ludvann> ouais surtout en voiture ^^
2014-06-14T12:24:31 <adriens33> hello
2014-06-14T12:24:32 <Shinsaber> Bonjour
2014-06-14T12:24:36 <ludvann> salut
2014-06-14T12:24:43 <AlphaDash> salut
2014-06-14T12:24:49 <ludvann> wait !
2014-06-14T12:25:02 <ludvann> j'ai parler dans le truc de Shinsaber
2014-06-14T12:25:03 <ludvann> ...
2014-06-14T12:25:12 <ludvann> et de AlphaDash
2014-06-14T12:25:20 <adriens33> gné ?
2014-06-14T12:25:28 <adriens33> qu'est-ce que tu as ?
2014-06-14T12:25:32 <ludvann> screen shot ?
2014-06-14T12:25:43 <heuzef> AlphaDash salut ^^
2014-06-14T12:25:50 <adriens33> aaah
2014-06-14T12:25:54 <AlphaDash> hey
2014-06-14T12:25:58 <adriens33> t'étais là heuzef ?
2014-06-14T12:26:03 <heuzef> bouh xD
2014-06-14T12:26:05 <adriens33> ^^
2014-06-14T12:26:14 <adriens33> je t'avais même pas vu
2014-06-14T12:26:15 <heuzef> AlphaDash c'est pas toi qui connais flutterbrony au faite ?
2014-06-14T12:27:02 <AlphaDash> Ouais, il m'a dit qu'il viendrait surement après son bac ^^
2014-06-14T12:27:46 <heuzef> Tu le connais bien ?
2014-06-14T12:27:50 <heuzef> Il semble plutot timide
2014-06-14T12:27:59 <ludvann> adriens33: tiens http://imgur.com/ZxLF4TP
2014-06-14T12:28:29 <AlphaDash> mmmh bien non, depuis un autre chat, et il parle je te le dit, c'est pas ce qui manque x)
2014-06-14T12:28:54 <adriens33> @ludvann: ah ok
2014-06-14T12:28:59 <adriens33> c'est ton client qui a buggé
2014-06-14T12:29:05 <ludvann> ah ok ^^
2014-06-14T12:29:08 <adriens33> moi t'as bien parlé avec ton pseudo
2014-06-14T12:29:09 <AlphaDash> bah c'est peu etre aussi le fait en étant ici de vraiment rencontrer des bronys? je crois qu'il en connait 1 max
2014-06-14T12:29:20 <ludvann> ^^
2014-06-14T12:31:10 <AlphaDash> enfin moi perso j'en connais pas.. cela ne serait tarder
2014-06-14T12:31:24 <ludvann> bah tu nous connais ^^
2014-06-14T12:31:54 <heuzef> AlphaDash manque plus que tu t'inscrive et c'est bon
2014-06-14T12:32:06 <adriens33> et t'auras un joli + sur ton pseudo :D
2014-06-14T12:32:10 <ludvann> ouep ^^
2014-06-14T12:32:11 <adriens33> (le voice)
2014-06-14T12:32:11 <heuzef> Mais on à pas eu de nouvelle de flutterbrony depuis un moment
2014-06-14T12:32:17 <adriens33> ouaip…
2014-06-14T12:32:17 <AlphaDash> @ludvann ouais mais manque plus qu'en vrais
2014-06-14T12:32:35 <ludvann> pareil pour moi, mais dimanche ce sera fait ^^
2014-06-14T12:32:37 <AlphaDash> ouais je vais faire ça tout de suite
2014-06-14T12:32:45 <adriens33> ^^
2014-06-14T12:32:47 <heuzef> yay ^^
2014-06-14T12:33:09 <adriens33> @shinsaber tu prends ton pitit pécé ?
2014-06-14T12:33:10 <AlphaDash> flutterbrony il est sur le chat de radiobrony si vous voulez savoir, enfin le soir
2014-06-14T12:33:14 <ludvann> d'ailleurs, j'aimerais que mon pseudo ne prenne pas de majuscule stp heuzef ^^
2014-06-14T12:33:36 <Shinsaber> pour le miroir d'EAU ??? XD
2014-06-14T12:33:49 <ludvann> ?
2014-06-14T12:34:00 <ludvann> ca va Shinsaber ?
2014-06-14T12:34:05 <adriens33> ah, @AlphaDash, si tu peut me donner ton pseudo minecraft après je pourrais t'ajouter sur la whitelist (bronycub.org)
2014-06-14T12:34:14 <heuzef> ludvann pas de majuscule sur le site tu veux dire ?
2014-06-14T12:34:22 <adriens33> @Shinsaber: ben, on est pas obligé de rester dans la flotte non plus :p
2014-06-14T12:34:43 <Shinsaber> moi j'y vais pour la flotte XD
2014-06-14T12:34:48 <AlphaDash> @adriens33 bien que j'ai testé plusieurs fois je me suis jamais décidé de prendre minecraft..
2014-06-14T12:34:50 <ludvann> heuzef: ouep et les event stp ^^
2014-06-14T12:34:54 <adriens33> ah
2014-06-14T12:35:02 <adriens33> ok
2014-06-14T12:35:04 <adriens33> pas grave ^^
2014-06-14T12:35:48 <AlphaDash> rien a voir mais j'ai steam si vous voulez..
2014-06-14T12:36:05 <ludvann> je pourrais spammer ? ^^
2014-06-14T12:36:09 <adriens33> au pire tu précise tout ça dans "www" sur le formulaire d'inscription :)
2014-06-14T12:36:16 <adriens33> (steam/skype/etc)
2014-06-14T12:36:27 <Shinsaber> @heuzef : il faudrais fair un group steam XD
2014-06-14T12:36:35 <adriens33> c'est affiché sur le site après, dans "membres"
2014-06-14T12:38:38 <heuzef> Le groupe steam existe deja
2014-06-14T12:38:44 <heuzef> c'est brony france
2014-06-14T12:38:45 <ludvann> est ce que faire un atterrissage en cata dans une montagne est une bonne idée ?
2014-06-14T12:38:47 <Shinsaber> je savais pas XD
2014-06-14T12:39:10 <Shinsaber> il fau en faire un bronyCUB ^
2014-06-14T12:39:23 <ludvann> ^^
2014-06-14T12:39:26 <heuzef> Bof, encore un service a maintenir, je suis pas fan
2014-06-14T12:39:36 <Shinsaber> pas faux XD
2014-06-14T12:40:05 <ludvann> :(
2014-06-14T12:40:07 <heuzef> Shinsaber s'en est ou ton projet pour le stockage des vidéos ?.
2014-06-14T12:40:29 <Shinsaber> je pence que je vais les stoké sur mon serv sa semple le mieu
2014-06-14T12:40:57 <ludvann> quelle vidéos ?
2014-06-14T12:42:24 <Shinsaber> mlp bien sur
2014-06-14T12:42:26 <ludvann> tain' de turbulence !
2014-06-14T12:42:36 *** MaCharon s'est connecté
2014-06-14T12:42:48 <MaCharon> slt all
2014-06-14T12:42:59 <ludvann> lut
2014-06-14T12:43:04 <Shinsaber> Salut /)
2014-06-14T12:43:37 <heuzef> plop /)
2014-06-14T12:44:01 <ludvann> et Shinsaber, tu parles des épisodes ?
2014-06-14T12:44:20 <Shinsaber> @heuzef : par contre j'ai pas trop d'idée pour permettre l’accès qu'au membre de BronyCUB .....
2014-06-14T12:44:29 <Shinsaber> ep et petit vidée cool
2014-06-14T12:44:44 <ludvann> avec un compte heuzef ?
2014-06-14T12:44:50 <ludvann> ou un mot de passe ?
2014-06-14T12:45:16 <ValCab33> Fuck
2014-06-14T12:45:19 <ValCab33> La
2014-06-14T12:45:22 <ValCab33> Sncf
2014-06-14T12:45:35 <ludvann> xD
2014-06-14T12:45:35 <Shinsaber> en mode ou les membre doive demandé pour avoir un mdp .... chiant !
2014-06-14T12:45:44 <Shinsaber> je suis dac fuck la sncf
2014-06-14T12:46:00 <ludvann> et avec les cookies ?
2014-06-14T12:46:21 <ValCab33> J'ai pas de train pour  cet aprem
2014-06-14T12:46:31 <ludvann> ...
2014-06-14T12:46:34 <ludvann> :/
2014-06-14T12:46:44 <ValCab33> Mais mon père m'emmène.
2014-06-14T12:46:46 <Shinsaber> pour les cookies je vois pas comment !
2014-06-14T12:47:04 <adriens33> on demande à Derpy ?
2014-06-14T12:47:06 <ValCab33> Par contre pour le retour...
2014-06-14T12:47:22 <ludvann> peuvent retenir si tu t'es déjà identifier et donc pas retaper le mdp
2014-06-14T12:48:10 <Shinsaber> pour le moment il y a pas d'identification a bronyCUB donc ....
2014-06-14T12:48:43 <ludvann> en passant seulemnt via ftp ?
2014-06-14T12:49:37 <Shinsaber> il faudrais un truc simple pour que ce qui son pas très fort en informatique puisse l'utilisé !
2014-06-14T12:50:27 <ludvann> bon je vous laisse
2014-06-14T12:50:32 <ludvann> (miam)
2014-06-14T12:50:35 <Shinsaber> a plus
2014-06-14T12:50:36 *** ludvann est parti
2014-06-14T12:51:07 <AlphaDash> mmh j'arrive pas à valider ? c'est l'histoire du pseudo sans maj ? ou rien à voir ?
2014-06-14T12:51:51 <AlphaDash> bah non apparemment, mais pourtant j'ai rien de faux ?
2014-06-14T12:52:23 <adriens33> t'as bien entré le captcha ?
2014-06-14T12:53:06 <heuzef> AlphaDash si c'est bon
2014-06-14T12:53:09 <AlphaDash> ok en faite il fallait tout remplir x)
2014-06-14T12:53:09 <heuzef> J'ai bien reçu
2014-06-14T12:53:34 <AlphaDash> mais pas de message rouge comme quoi il faut donc j'ai mis des ? pour test x)
2014-06-14T12:53:49 <heuzef> Ouais pas bon
2014-06-14T12:53:58 <AlphaDash> comment ça?
2014-06-14T12:54:01 <heuzef> Me manque tel adresse
2014-06-14T12:54:18 <heuzef> Et eventuellement URL (tu as pas un compte steam etc ??)
2014-06-14T12:54:40 <AlphaDash> Ah je pensais que c'était pas obligatoire l'adresse et le num, je me disais on verra plus tard
2014-06-14T12:54:51 <AlphaDash> ouais le steam j'ai pas encore cherché
2014-06-14T12:55:33 <heuzef> AlphaDash ba je préfére c'est franchement super pratique
2014-06-14T12:55:45 <heuzef> Et *très* utile
2014-06-14T12:55:56 <AlphaDash> Le num encore oui, mais l'adresse je choisis laquelle x)
2014-06-14T12:56:13 <AlphaDash> j'aurais préféré quand j'aurais mon appart, j'aime pas trop mettre quand c'est pas à moi
2014-06-14T12:56:18 <heuzef> Met les 2 osef, pour la bio t'emmerde pas c'est bon j'ai ce qu'il faut
2014-06-14T12:56:20 <AlphaDash> j'aurai*
2014-06-14T12:56:33 <heuzef> Par contre y'a un truc qui m'échape la
2014-06-14T12:56:37 <AlphaDash> ouais?
2014-06-14T12:56:53 <heuzef> Tu es passionné de macanique et tous ....
2014-06-14T12:57:00 <heuzef> Pony préférer ... RD
2014-06-14T12:57:17 <AlphaDash> oui?
2014-06-14T12:57:23 <heuzef> Euuu je pense que tu connais pas encore Wildfire
2014-06-14T12:57:26 <heuzef> ^^
2014-06-14T12:57:34 <AlphaDash> mmh je look
2014-06-14T12:57:35 <heuzef> https://www.youtube.com/watch?v=0P1gESvjY6Y
2014-06-14T12:57:58 <AlphaDash> ahh ouais déjà vu énorme
2014-06-14T12:58:04 <heuzef> https://www.youtube.com/watch?v=vGI3vLrudkA
2014-06-14T12:58:24 <AlphaDash> bah, comment dire j'ai choisis ce qui était dans la série quoi, wildfire c'est un fanmade non?
2014-06-14T12:58:29 <heuzef> Yep
2014-06-14T12:58:51 <heuzef> Mais bon la si tu te dis mecano ça coule de source quoi ! C'est Wildfire !
2014-06-14T12:59:12 <AlphaDash> Bah, c'est qu'elle est tellement connue quoi
2014-06-14T12:59:15 <AlphaDash> x)
2014-06-14T12:59:34 <AlphaDash> Je me dis pas mécano, je suis en garage donc je suis mécano mdr
2014-06-14T13:00:46 <heuzef> &offset=96
2014-06-14T13:00:52 <heuzef> http://www.deviantart.com/?q=wildfire
2014-06-14T13:01:02 <ValCab33> Bon moi je vais manger
2014-06-14T13:01:02 <Berry-Punch> Bon *hic* appétit, ValCab33 :D
2014-06-14T13:01:07 <ValCab33> Thx
2014-06-14T13:01:11 <AlphaDash> après oui tu as raison pour wildfire, j'ai bien aimé la voir mais après c'est pas devenu mon poney préféré quoi
2014-06-14T13:01:16 *** ValCab33 est parti
2014-06-14T13:01:31 <heuzef> http://fc06.deviantart.net/fs71/i/2012/236/d/9/wildfire_and_rainbowdash_lost__dynamic__by_lastsecondhero-d5c2gsc.png
2014-06-14T13:01:41 <heuzef> Laquel des 2 tu prefère alors ? :3
2014-06-14T13:02:53 <AlphaDash> bahh, la première restera rainbow quoi, dans rainbow il y a la course la compétition la vitesse, c'est pas mal non plus, après c'est vrais que wildfire est bien hein, mais comme c'est un fanmade..
2014-06-14T13:04:00 <heuzef> Justement c'est pour ça qu'elle est cool :P
2014-06-14T13:04:09 <AlphaDash> tu s
2014-06-14T13:04:24 <AlphaDash> serais pas un peu fan de wilfire, juste un peu ? x)
2014-06-14T13:04:34 <AlphaDash> wild*
2014-06-14T13:04:50 <heuzef> Nop moi c'est derpy et colgate forever :3
2014-06-14T13:05:26 <AlphaDash> heu donc je suppose que mon adhésion est pas validé donc je recommence tout ?
2014-06-14T13:05:50 <heuzef> Mais bon dommage pour une fois qu'on à un mecano dans le collectif il faut que ce soit encore un énième fan de RD
2014-06-14T13:05:58 <AlphaDash> bah ouais.
2014-06-14T13:06:06 <heuzef> ^^
2014-06-14T13:06:21 <heuzef> Euuu alors nop
2014-06-14T13:06:30 <heuzef> A la limite envoie moi par mail juste ce qu'il manque
2014-06-14T13:06:32 <heuzef> ça irra
2014-06-14T13:06:33 <AlphaDash> mais bon on peu pas forcer les gens hein.. surement si elle serait dans la série c'était une possibilitée
2014-06-14T13:06:48 <AlphaDash> ouais je veux que tu gardes ma bio surtout
2014-06-14T13:07:18 <heuzef> Pas de souci ;)
2014-06-14T13:07:28 <heuzef> Donc mon mail : contact@heuzef.com
2014-06-14T13:07:54 <AlphaDash> t'es sur tu veux pas juste le numéro, moi je donne l'adresse dès que j'ai mon appart, j'aime pas que c'est pas mon adresse tu comprends, et en plus je serais dans l'un ou l'autre..
2014-06-14T13:08:06 <AlphaDash> Quand*
2014-06-14T13:09:13 <heuzef> ça va foirer la synchro de la map ça :/ Au pire on pourra mettre l'adresse à jour après sinon
2014-06-14T13:09:41 <heuzef> Bon ok
2014-06-14T13:10:00 <heuzef> Juste tel et eventuellement liens
2014-06-14T13:10:00 <AlphaDash> je te dis, quand j'ai l'appart je mets
2014-06-14T13:10:22 <adriens33> @heuzef j'ai mis mes infos à jour sur le site, si tu veux les  pousser en prod'
2014-06-14T13:10:23 <heuzef> Et ça aussi, ton gravatar n'est pas encore créer : http://fr.gravatar.com/alphadash
2014-06-14T13:10:32 <heuzef> adriens33 oki doki
2014-06-14T13:10:39 <AlphaDash> j'aime pas, et puis en plus je sais pas si c'est si bien que ça aussi pour la map de mettre 2 adresse x)
2014-06-14T13:11:10 <AlphaDash> au fait, c'est possible de me renommer AlphaDash, je croyais qu'il y avait des problèmes de maj.
2014-06-14T13:11:31 <AlphaDash> Ah ouais je vais le faire.
2014-06-14T13:23:30 <adriens33> bon je go au mirroir d'eau, ++ tout le monde :D
2014-06-14T13:23:36 *** adriens33 est parti
2014-06-14T13:23:37 <Shinsaber> a tt
2014-06-14T13:24:06 <Berry-Punch> Bienvenue *hic* sur le chat de BronyCUB, AlphaDash !
2014-06-14T13:24:06 <Berry-Punch> Amuse-toi *hic* bien !
2014-06-14T13:24:06 <heuzef> !welcome AlphaDash
2014-06-14T13:24:10 <heuzef> ^^
2014-06-14T13:24:13 <Berry-Punch> Flags *hic* de AlphaDash modifiés : +v
2014-06-14T13:24:13 <heuzef> !voice AlphaDash
2014-06-14T13:24:22 <AlphaDash> merci
2014-06-14T13:25:23 <heuzef> Qui d'autre vont au mirroir d'eau ?
2014-06-14T13:25:49 <heuzef> AlphaDash MaCharon ?
2014-06-14T13:26:07 <Shinsaber> moi ^^
2014-06-14T13:26:28 <MaCharon> je suis en train de me motivera bouger la ^^"
2014-06-14T13:26:57 <AlphaDash> non désolé x)
2014-06-14T13:27:20 <AlphaDash> mon beau frère me saoule que j'aille lui toucher son scooteur, c'est plié pour moi
2014-06-14T13:28:24 <heuzef> AlphaDash te voila sur la mailing list c'est bon ^^ Tu sais gérer ta boite mail avec des filtres ou autres ?
2014-06-14T13:28:33 <heuzef> Pour éviter de te faire flooder
2014-06-14T13:30:35 <Shinsaber> bon moi je vais aussi partir pour le miroir d'eau ++
2014-06-14T13:30:43 <AlphaDash> Ouais ouais
2014-06-14T13:30:56 *** Shinsaber est parti
2014-06-14T13:33:12 *** ValCab33 s'est connecté
2014-06-14T13:33:24 <ValCab33> Reuh
2014-06-14T13:35:28 <ValCab33> Et bienvenue Alpha ^^
2014-06-14T13:37:35 <AlphaDash> Merci ^^
2014-06-14T13:42:10 *** ludvann s'est connecté
2014-06-14T13:42:20 <ludvann> !hitory
2014-06-14T13:42:23 <ludvann> !hitsory
2014-06-14T13:42:31 <Berry-Punch> Voilà ce qu'il s'est passé ces *hic* 10 dernières lignes, ludvann
2014-06-14T13:42:32 <ludvann> !history
2014-06-14T13:42:36 <ludvann> o/
2014-06-14T13:42:40 <ludvann> salut
2014-06-14T13:43:15 <AlphaDash> yop
2014-06-14T13:43:34 <ludvann> ca roule ?
2014-06-14T13:43:57 *** ValCab33 est parti
2014-06-14T13:44:09 <AlphaDash> ouais tranquille et toi
2014-06-14T13:44:16 <ludvann> bien ^^
2014-06-14T13:44:24 <ludvann> je fais un rover dans KSP
2014-06-14T13:45:07 <AlphaDash> c'est à dire ? x)
2014-06-14T13:45:32 <ludvann> https://www.google.fr/search?q=rover+space&btnG=Rechercher&safe=off&client=firefox-a&hs=XTT&rls=org.mozilla%3Afr%3Aofficial&channel=sb&tbm=isch
2014-06-14T13:45:39 <ludvann> ca taidera ^^
2014-06-14T13:45:47 <ludvann> (je sais mal expliquer)
2014-06-14T13:46:24 <AlphaDash> c'est bien ce que j'avais trouvé sur google alors
2014-06-14T13:46:34 <ludvann> Eeyup
2014-06-14T13:46:52 <AlphaDash> je vais dire une connerie mais bon, tu fait de la miniaturisation ? )
2014-06-14T13:46:53 <AlphaDash> x)
2014-06-14T13:47:13 <ludvann> nan trop ch*ant, j'invente ^^
2014-06-14T13:48:23 <ludvann> et c'était une bonne question :)
2014-06-14T13:49:12 <AlphaDash> bah, merci alors, x)
2014-06-14T13:49:20 <ludvann> de rien :)
2014-06-14T13:49:29 <ludvann> tu joue à KSP ?
2014-06-14T13:50:09 <AlphaDash> jamais entendu à vrais dire.. c'est un troll?
2014-06-14T13:50:21 <ludvann> un troll ?
2014-06-14T13:50:33 <ludvann> Kerbal Space Program
2014-06-14T13:50:53 <AlphaDash> ah je suis sur le site, je comprenais vraiment rien là..
2014-06-14T13:51:18 <AlphaDash> évidemment ma réponse est non, en faite tu créer des machines ?
2014-06-14T13:52:23 <AlphaDash> Ah je vois les screens
2014-06-14T13:52:46 <ludvann> des fusées & avions de A à Z et tu en fait ce que tu veux, des avions de lignes (ça reste relatif ^^) jusqu'a la mission sur la planête à l'autre bout du système solaire...
2014-06-14T13:54:05 <AlphaDash> Ah ouais pas mal en effet, j'aime bien tout ce qui est en lien avec l'espace en plus, mais alors là je connaissais vraiment pas..
2014-06-14T13:54:12 <ludvann> ^^
2014-06-14T13:54:24 <ludvann> et il est encore qu'en alpha :)
2014-06-14T13:54:36 <AlphaDash> ah ok, depuis quand il est ouvert?
2014-06-14T13:54:39 <ludvann> et vu déjà tout ce qu'on peut faire...
2014-06-14T13:54:50 <ludvann> depuis + d'un an...
2014-06-14T13:55:05 <AlphaDash> ok
2014-06-14T13:55:12 <ludvann> tu veux une version "officielle" du jeu ?
2014-06-14T13:55:52 <AlphaDash> Eh pourquoi pas.
2014-06-14T13:56:00 <ludvann> 5€
2014-06-14T13:56:12 <ludvann> 5 bitcoin*
2014-06-14T13:56:14 <ludvann> ^^
2014-06-14T13:56:19 <ludvann> nan j'blague
2014-06-14T13:56:24 <AlphaDash> ahahah
2014-06-14T13:56:27 <AlphaDash> direct
2014-06-14T13:57:10 <ludvann> https://www.google.fr/search?q=rover+space&btnG=Rechercher&safe=off&client=firefox-a&hs=XTT&rls=org.mozilla%3Afr%3Aofficial&channel=sb&tbm=isch
2014-06-14T13:57:17 <ludvann> sorry
2014-06-14T13:57:30 <ludvann> http://www.mediafire.com/download/spik0crt0fwp4br/Kerbal+Space+Program+0.23.rar
2014-06-14T13:57:50 <ludvann> pas sùr que ce soit la dernière version...
2014-06-14T13:58:08 <AlphaDash> Ok c'est partit, c'est pas grave merci, histoire que je jette un oeil
2014-06-14T13:58:33 <ludvann> http://www.youtube.com/watch?v=WGPbWYESCVo
2014-06-14T13:58:34 <AlphaDash> j'ai tellement de choses en cours que je sais pas trop quand je vais mi mettre x)
2014-06-14T13:58:51 <ludvann> celle la je suis sùr que c'est la dernière ^^
2014-06-14T13:59:12 <ludvann> au passage moi je l'ai acheté ^^ (sur steam)
2014-06-14T13:59:22 <AlphaDash> hum ok
2014-06-14T13:59:42 <ludvann> il est dans les 25€
2014-06-14T13:59:48 <ludvann> 24.99€
2014-06-14T14:00:04 <ludvann> (sauf en promo ^^ )
2014-06-14T14:01:13 <ludvann> je te conseil le deuxième lien ^^
2014-06-14T14:01:34 <ludvann> tu me diras quand tu commenceras à y jouer ^^
2014-06-14T14:01:38 <heuzef> ludvann AlphaDash le site est à jour ;)
2014-06-14T14:01:55 <ludvann> ok thx ^^ <3
2014-06-14T14:02:22 <AlphaDash> merci :)
2014-06-14T14:02:36 <AlphaDash> ok*
2014-06-14T14:03:27 <ludvann> heuzef tu pourras m'envoyer un sms pour que j'ai ton numéro pour demain ^^ stp
2014-06-14T14:03:40 <heuzef> 0631326654
2014-06-14T14:03:51 <ludvann> ok thx
2014-06-14T14:03:51 <heuzef> www.heuzef.com
2014-06-14T14:04:34 <AlphaDash> Hahah x)
2014-06-14T14:04:43 <ludvann> j'en veux pas de ton CV ^^
2014-06-14T14:04:58 <heuzef> http://www.heuzef.com/#contact
2014-06-14T14:05:55 <AlphaDash> qui est le fondateur ? J'ai des soupçon  mais bon.
2014-06-14T14:06:31 <ludvann> sms envoyé ^^
2014-06-14T14:07:05 <heuzef> Niorph c'est quoi ?
2014-06-14T14:07:25 <ludvann> jensaisriedutout :/
2014-06-14T14:07:35 <ludvann> jensaisriendutout*
2014-06-14T14:08:04 <heuzef> :P
2014-06-14T14:08:04 *** ValCab33 s'est connecté
2014-06-14T14:08:10 * Berry-Punch jette un muffin sur ValCab33
2014-06-14T14:08:10 <heuzef> !muffin ValCab33
2014-06-14T14:08:11 <ludvann> yopsh !
2014-06-14T14:08:17 <ValCab33> Re
2014-06-14T14:08:27 <ludvann> meuh !
2014-06-14T14:08:38 <ValCab33> *attrappe le muffin au vol et le renvoie
2014-06-14T14:09:21 <heuzef> ValCab33 ^^  => " /me action "
2014-06-14T14:09:36 * ludvann is prouting
2014-06-14T14:09:38 <ValCab33> Je sait :p
2014-06-14T14:09:54 * ValCab33 est au miroir d'eau
2014-06-14T14:10:01 *** MaCharon est parti
2014-06-14T14:10:07 <ludvann> ah bon ?
2014-06-14T14:10:18 <ludvann> tu es au mirroir dos ?
2014-06-14T14:10:35 <heuzef> Perso je pense vous rejoindre quand il fera moins chaud
2014-06-14T14:10:36 <ValCab33> Ué
2014-06-14T14:11:07 <ValCab33> Perso je suis tout seul pour l'instant
2014-06-14T14:11:22 <ValCab33> Comme je reconnait personne...
2014-06-14T14:11:33 *** Renard s'est connecté
2014-06-14T14:11:34 <ludvann> xD
2014-06-14T14:11:47 <heuzef> Tu es au mirroir dos ou d'eau ? :3
2014-06-14T14:11:49 <heuzef> http://t1.gstatic.com/images?q=tbn:ANd9GcTVKHNCDDTbJ8ZGXBrwzQdBgbiGxJqEcBWDn5xC2V0nvhzLVJm2zbq22RhfJQ
2014-06-14T14:12:12 * Berry-Punch jette un muffin sur Renard
2014-06-14T14:12:12 <heuzef> !muffin Renard
2014-06-14T14:12:16 <ValCab33> D'eau
2014-06-14T14:12:19 <heuzef> C'est pas moi :°
2014-06-14T14:12:57 <ludvann> your wife ? ^^
2014-06-14T14:13:04 <AlphaDash> Haha je pourrais y etre on me verrai pas
2014-06-14T14:13:25 *** flutterbrony s'est connecté
2014-06-14T14:13:26 <ludvann> on te verra mais te reconnaitra pas...
2014-06-14T14:13:30 <AlphaDash> quand vous y allez vous avez des habits en mode brony ou quoi ? autrement c'est chaud.
2014-06-14T14:13:39 <heuzef> flutterbrony ^_^ yay
2014-06-14T14:13:57 <flutterbrony> bonjour a tous ^^
2014-06-14T14:14:00 <ludvann> yay
2014-06-14T14:14:02 <AlphaDash> re
2014-06-14T14:14:03 <ludvann> o/*
2014-06-14T14:14:21 <ludvann> \ö\
2014-06-14T14:14:28 <ludvann> ./ö/
2014-06-14T14:14:29 <heuzef> flutterbrony petite sortie au mirroir d'eau, tu nous rejoins ?
2014-06-14T14:14:32 <ValCab33> Groupe localidé, yzy
2014-06-14T14:14:33 <AlphaDash> ksp enfin téléchargé, la co en mousse x)
2014-06-14T14:14:36 <ValCab33> *yay
2014-06-14T14:14:39 <ludvann> ^^
2014-06-14T14:14:55 <AlphaDash> donc comment vous êtes pour vous reconnaitre si j'y vais ?
2014-06-14T14:15:12 <AlphaDash> enfin un jour,  là je peux pas
2014-06-14T14:15:19 <ludvann> on a des kalchnikovs
2014-06-14T14:15:51 <AlphaDash> awé
2014-06-14T14:16:01 <flutterbrony> je sais pas, je dois réviser mon bac
2014-06-14T14:16:13 <ludvann> en mousse bien sûr ^^
2014-06-14T14:16:19 <flutterbrony> mais déjà m'inscrire sur le site :D
2014-06-14T14:16:30 <AlphaDash> ouais !
2014-06-14T14:16:47 <ludvann> o/
2014-06-14T14:17:05 <heuzef> ^^
2014-06-14T14:17:53 <ludvann> \o
2014-06-14T14:18:45 <AlphaDash> ok alors je pourrais pas vous voir j'ai pigé.
2014-06-14T14:19:10 <ludvann> ./)(\
2014-06-14T14:19:12 <AlphaDash> je sais pas dois bien y avoir des codes même discret, moi je vais pas arriver avec une corne sur la tête .
2014-06-14T14:19:22 <ludvann> xD
2014-06-14T14:19:23 <AlphaDash> Ouais le brohoof dmr
2014-06-14T14:19:24 <AlphaDash> mdr*
2014-06-14T14:19:25 <ludvann> des ailes !
2014-06-14T14:19:38 <AlphaDash> ouais mais je trouvais pire la corne hahaha
2014-06-14T14:19:49 <heuzef> AlphaDash te prend pas la tête comme ça ^^
2014-06-14T14:20:00 <AlphaDash> t'as raison
2014-06-14T14:20:03 <ludvann> tu viens nu avec un dessin sur la cuisse ^^
2014-06-14T14:20:12 <ludvann> xD
2014-06-14T14:20:30 <ludvann> la cuisse pardon*
2014-06-14T14:20:39 <flutterbrony> le profile seras re-éditable par la suite ?
2014-06-14T14:20:57 <ludvann> demande a heuzef
2014-06-14T14:21:13 <heuzef> Ba suffis de m'envoyer les modifs par mail
2014-06-14T14:21:23 <AlphaDash> une cutie mark
2014-06-14T14:21:26 <AlphaDash> wtf
2014-06-14T14:22:00 <flutterbrony> ok
2014-06-14T14:22:29 <ludvann> bon je vous laisse.
2014-06-14T14:22:30 <ludvann> @+
2014-06-14T14:22:41 * ludvann is AFK
2014-06-14T14:23:28 <AlphaDash> a plus
2014-06-14T14:25:07 <heuzef> flutterbrony si tu as besoin d'aide hésite pas, le formulaire est un peu péte couille
2014-06-14T14:25:49 <flutterbrony> ouais, je regarde le profil des autres pour voir un peu comment ça dois donner après ^^
2014-06-14T14:26:14 <heuzef> ;)
2014-06-14T14:26:50 <heuzef> C'est ton gravatar ? fr.gravatar.com/flutterbrony
2014-06-14T14:27:22 <flutterbrony> non
2014-06-14T14:27:33 <AlphaDash> mince
2014-06-14T14:34:02 <AlphaDash> heuzef pas mal la modif en douce de la bio
2014-06-14T14:34:22 <flutterbrony> http://www.gravatar.com/avatar/958641c95e612183a7e234604f223064.png
2014-06-14T14:34:23 <AlphaDash> non mais t'as raison j'y avais pas pensé x)
2014-06-14T14:34:37 <AlphaDash> depuis un an dans 2 ans ça sera faux x)
2014-06-14T14:41:34 <flutterbrony> C'est flutterbronydu33 normalement (crée en 4éme vitesse (pour mon Atom a 1.4Ghz en tout cas))
2014-06-14T14:43:03 <flutterbrony> Le téléphone n'est pas affiché publiquement si ?
2014-06-14T14:43:28 <heuzef> flutterbrony c'est bon j'ai ton hash gravatar
2014-06-14T14:43:33 <heuzef> flutterbrony non
2014-06-14T14:44:31 *** maitrepanda s'est connecté
2014-06-14T14:45:25 * Berry-Punch jette un muffin sur maitrepanda
2014-06-14T14:45:25 <heuzef> !muffin maitrepanda
2014-06-14T14:48:05 <AlphaDash> bon j'y go, même le week end on m'appel pour bricoler maintenant.. a ce soir..
2014-06-14T14:49:04 *** AlphaDash est parti
2014-06-14T14:53:24 *** flutterbrony est parti
2014-06-14T14:55:28 <maitrepanda> wi
2014-06-14T14:55:31 <maitrepanda> je suis oqp
2014-06-14T14:57:30 *** flutterbrony s'est connecté
2014-06-14T14:57:41 <flutterbrony> re et ca y est, enfin ! ^^
2014-06-14T14:58:48 <heuzef> Alors
2014-06-14T14:58:52 <heuzef> Pas du tous d'URL ?
2014-06-14T14:58:58 <heuzef> Pas de site rien ?
2014-06-14T14:59:43 <flutterbrony> ouais, quelques oublie, le site, il est en construction donc pas encore d'URL, (pour ca que je voulais l'éditer par la suite ^^ )
2014-06-14T15:00:22 <flutterbrony> et je crois que j'ai oublié de compléter la description aussi ...
2014-06-14T15:01:10 <heuzef> Euu oui ta bio est coupé en plein milieu :(
2014-06-14T15:01:17 <heuzef> Brony depuis Novembre 2013, je suis un passionné d'informatique qui
2014-06-14T15:01:21 <heuzef> :/
2014-06-14T15:02:00 <flutterbrony> mince : Brony depuis Novembre 2013, je suis un passionné d'informatique qui "est très étourdi " :|
2014-06-14T15:03:01 <flutterbrony> je serais capable d'oublier mon nom tiens ... (j'ai déjà oublié ou j'habitais un jour, donc pourquoi pas mon nom...)
2014-06-14T15:04:15 <heuzef> Possible de rajouter un phrase ?
2014-06-14T15:04:19 <heuzef> Un peu court pour le site
2014-06-14T15:06:08 <flutterbrony> ouais, alors : Brony depuis Novembre 2013, je suis un passionné d'informatique qui apprends le C, C++, Python et fait aussi des réparation en tous genre a l'occasion
2014-06-14T15:09:24 <flutterbrony> toujours au lycée (en même temps a 17 ans, c'est normal :/ ) je ne pratique aucune activité en particulier et ne sociabilise pas facilement non plus.
2014-06-14T15:13:47 <flutterbrony> Ah et je gère un serveur Legend of Equestria que j'ouvre de temps en temps aussi fun ^^
2014-06-14T15:14:42 <flutterbrony> et voilà.
2014-06-14T15:15:18 <heuzef> Oki ^^
2014-06-14T15:17:20 <heuzef> flutterbrony par contre ton adresse ne semble pas recconu
2014-06-14T15:18:18 <Berry-Punch> Flags *hic* de flutterbrony modifiés : +v
2014-06-14T15:18:18 <heuzef> !voice flutterbrony
2014-06-14T15:38:41 *** maitrepanda est parti
2014-06-14T15:52:04 *** Renard est parti
2014-06-14T16:05:12 <ludvann> re !
2014-06-14T16:05:24 * ludvann is no longer AFK
2014-06-14T16:06:21 *** Renard s'est connecté
2014-06-14T16:07:04 <ludvann> coucou Renard
2014-06-14T16:07:50 <ludvann> what does the fox say ?
2014-06-14T16:08:22 * Berry-Punch jette un muffin sur Renard
2014-06-14T16:08:22 <ludvann> !muffin Renard
2014-06-14T16:09:20 <heuzef> flutterbrony te voila sur le site toi aussi ;)
2014-06-14T16:09:29 <ludvann> o/
2014-06-14T16:09:39 <ludvann> voilà* ^^
2014-06-14T16:10:13 <flutterbrony> ^^
2014-06-14T16:10:45 <ludvann> bravo, te voilà parmi nous !
2014-06-14T16:11:42 <flutterbrony> je me suis enfin décidé a vous rejoindre x)
2014-06-14T16:11:50 <ludvann> ah...
2014-06-14T16:11:55 <ludvann> :(
2014-06-14T16:13:08 *** flutterbrony est parti
2014-06-14T16:26:27 *** heuzef est parti
2014-06-14T16:28:32 *** Letarumavza s'est connecté
2014-06-14T16:28:53 <Letarumavza> salut les poulets
2014-06-14T16:29:01 <ludvann> salut !
2014-06-14T16:29:07 <ludvann> ça niorph ?
2014-06-14T16:29:21 <Letarumavza> "niorph" ?
2014-06-14T16:29:37 <ludvann> oui "niorph"
2014-06-14T16:29:51 <Letarumavza> Euh... Seulement le jeudi ?
2014-06-14T16:29:55 <Letarumavza> La réponse D ?
2014-06-14T16:29:57 <Letarumavza> 42 ?
2014-06-14T16:30:01 <ludvann> nan
2014-06-14T16:30:05 <ludvann> ça va ?
2014-06-14T16:30:10 <Letarumavza> arf, yep
2014-06-14T16:30:25 <Letarumavza> J'avais le dentiste hier...
2014-06-14T16:30:33 <ludvann> et alors ?
2014-06-14T16:30:39 <Letarumavza> Il m'a dit de prendre rendez-vous avec eiffage...
2014-06-14T16:30:43 <ludvann> 30 dents en moins ?
2014-06-14T16:30:48 <ludvann> eiffage ?
2014-06-14T16:30:58 <Letarumavza> 11 caries...
2014-06-14T16:31:17 <ludvann> O_O
2014-06-14T16:31:23 <ludvann> tu fais comment?
2014-06-14T16:31:43 <Letarumavza> Bah la question qu'il se posait c'est comment ça se fait que j'ai rien senti.
2014-06-14T16:31:52 <Letarumavza> Aucune douleur.
2014-06-14T16:32:04 <ludvann> c'est vrai...
2014-06-14T16:32:09 <ludvann> et comment 11 ?
2014-06-14T16:32:35 <Letarumavza> Pas de douleur, sur l'extérieur des molaires donc un endroit où je passe pas la langue.
2014-06-14T16:32:48 <Letarumavza> J'étais juste allé le voir pour une incisive pétée.
2014-06-14T16:32:55 <ludvann> et la brosse a dents ?
2014-06-14T16:33:04 <Letarumavza> la quoi ?
2014-06-14T16:33:23 <ludvann> la brosse à dents...
2014-06-14T16:33:43 <Letarumavza> J'ai "brosse à chiottes" et "brosse à métaux" dans mon dico, mais y'a rien entre.
2014-06-14T16:33:53 <ludvann> ...
2014-06-14T16:33:57 <Letarumavza> ^^
2014-06-14T16:33:57 <ludvann> sérieux ?
2014-06-14T16:34:00 <ludvann> xD
2014-06-14T16:34:44 <Letarumavza> C'est le principe du "j'ai une dépréssion post traumatique à soigner donc le reste osef"
2014-06-14T16:34:54 <ludvann> ?
2014-06-14T16:35:01 <ludvann> tu as eut quoi ?
2014-06-14T16:35:50 <Letarumavza> Euh... Pour faire simple : malchance+mauvais choix+emmerdes.
2014-06-14T16:35:58 <ludvann> ah... :/
2014-06-14T16:36:08 <Letarumavza> Enfin mauvais choix...
2014-06-14T16:36:16 <ludvann> champagne ? ^^
2014-06-14T16:36:18 <Letarumavza> Disons que sur le moment ça paraissait une bonne idée...
2014-06-14T16:36:38 <ludvann> ah...
2014-06-14T16:37:02 <Letarumavza> M'enfin bon, c'est sympa comme maladie la dépression post trauma.
2014-06-14T16:37:07 <ludvann> c'est que dit comme ça, ça rends la chose encore plus con... :/
2014-06-14T16:37:45 <Letarumavza> T'as envie de mourir tu sais pas pourquoi. Tu prends plaisir à rien. T'as envie de buter tout ce qui passe à portée. Et tu as une attirance assez forte pour le nutella.
2014-06-14T16:38:03 <ludvann> le nutella xD
2014-06-14T16:38:09 <ludvann> :/
2014-06-14T16:38:36 <Letarumavza> Et pour couronner le tout, t'as tout le coté physiologique qui se barre en poivrons avec tout un tas de maladies psychosomatiques...
2014-06-14T16:38:46 <ludvann> ...
2014-06-14T16:39:02 * Berry-Punch jette un muffin sur ludvann
2014-06-14T16:39:02 <ludvann> !muffin ludvann
2014-06-14T16:39:08 <ludvann> miam
2014-06-14T16:39:11 <ludvann> ah...
2014-06-14T16:39:20 <Letarumavza> Et dans mon cas spécifique, on remercie ma bonne étoile, les anti-depresseurs causent des réactions hyper aggressives, donc proscrits.
2014-06-14T16:39:35 <ludvann> p*tain...
2014-06-14T16:39:38 <Letarumavza> Mais il reste le nutella...
2014-06-14T16:40:17 <ludvann> dans la vie il y 10 types de personnes, ce qui comprennent le binaire et les autres...
2014-06-14T16:40:29 <ludvann> et le nutella = pas bon pour la santé ?
2014-06-14T16:40:40 <Letarumavza> Et le dernier truc cool, comme toutes les maladies à la con, elle est incurable (mais elle peut se résorber d'elle-même)
2014-06-14T16:40:54 <ludvann> c'est quoi comme maladie ?
2014-06-14T16:40:55 <Letarumavza> C'est toujours mieux que de s'ouvrir les veines.
2014-06-14T16:41:05 <Letarumavza> Dépression post traumatique.
2014-06-14T16:41:24 <Letarumavza> (en fait c'est syndrome de stress post traumatique, mais le majeur symptome est la depression)
2014-06-14T16:41:34 <ludvann> connais pas dans mon dico français tché-tchen :/
2014-06-14T16:41:44 <ludvann> ah ok
2014-06-14T16:42:21 <Letarumavza> Pour faire simple :  Ce dont souffre l'écureuil vert dans happy tree friends.
2014-06-14T16:42:34 <ludvann> le militaire ?
2014-06-14T16:42:38 <Letarumavza> Yep
2014-06-14T16:42:40 <ludvann> xD
2014-06-14T16:42:51 <ludvann> et tu es aussi mignon que lui ?
2014-06-14T16:42:58 <Letarumavza> Un truc lui rapelle son trauma => il pete les plombs, ça me fait pareil.
2014-06-14T16:43:10 <Letarumavza> ça dépend ce que tu appelles mignon.
2014-06-14T16:43:18 <Letarumavza> Ma copine me trouve canon, c'est l'essentiel.
2014-06-14T16:43:32 <ludvann> bah voilà, tu es mignon ^^
2014-06-14T16:43:51 <ludvann> :)
2014-06-14T16:43:52 <Letarumavza> Oui, ou elle a pas de gout.
2014-06-14T16:44:01 <Letarumavza> Ceci dit, elle, elle est canon.
2014-06-14T16:44:18 <ludvann> rho, soit pas méchant avec toi même ^^
2014-06-14T16:44:29 <ludvann> tu me la présente ? :D
2014-06-14T16:44:30 <Letarumavza> Pas méchant, pragmatique.
2014-06-14T16:44:40 <Letarumavza> Elle habite sur nice.
2014-06-14T16:44:45 * ludvann se prend une enclume
2014-06-14T16:44:49 <ludvann> :/
2014-06-14T16:44:53 <ludvann> XD
2014-06-14T16:45:15 <Letarumavza> Rah...
2014-06-14T16:45:21 <ludvann> watt ?
2014-06-14T16:45:28 *** AlphaDash s'est connecté
2014-06-14T16:45:39 *** AlphaDash est parti
2014-06-14T16:45:48 <Letarumavza> 1000 watts ?
2014-06-14T16:46:03 <ludvann> if U wank ^^
2014-06-14T16:46:04 *** AlphaDash s'est connecté
2014-06-14T16:46:28 <Letarumavza> Euh...
2014-06-14T16:46:32 <ludvann> yo alpha ^^
2014-06-14T16:46:41 <ludvann> oui leta' ?
2014-06-14T16:46:53 <AlphaDash> Yo
2014-06-14T16:47:02 <Letarumavza> Je sais pas, tu confonds visiblement wank et want...
2014-06-14T16:47:07 <ludvann> nope ^^
2014-06-14T16:47:08 <AlphaDash> *noob* comment je me co avec le vrais compte? x)
2014-06-14T16:47:10 <Letarumavza> 0o
2014-06-14T16:47:23 <ludvann> ...
2014-06-14T16:47:28 <Letarumavza> ...
2014-06-14T16:47:33 <ludvann> ^^
2014-06-14T16:47:55 <ludvann> quel vrai compte AlphaDash ?
2014-06-14T16:48:01 <Letarumavza> Non d'une cornemuse tricephale !
2014-06-14T16:48:09 <ludvann> !voise AlphaDash
2014-06-14T16:48:10 <AlphaDash> Bah tu sais avec le + devant le pseudo
2014-06-14T16:48:13 <Letarumavza> En parlant de cornemuse...
2014-06-14T16:48:19 <Berry-Punch> Je suis désolé ludvann, mais *hic* je n'ai pas le droit de te laisser faire ça.
2014-06-14T16:48:19 <ludvann> !voice AlphaDash
2014-06-14T16:48:24 <ludvann> :/
2014-06-14T16:48:27 <Berry-Punch> N'insiste pas, s'il *hic* te plaît, ludvann…
2014-06-14T16:48:27 <ludvann> !voice AlphaDash
2014-06-14T16:48:32 <Berry-Punch> Bon. ludvann, prochaine tentative, je te *hic* vire. OKAY ??
2014-06-14T16:48:32 <ludvann> !voice AlphaDash
2014-06-14T16:48:37 <AlphaDash> wtf
2014-06-14T16:48:45 <ludvann> bon @+
2014-06-14T16:48:46 <Berry-Punch> PRIVMSG #bronycub: Désolé, je t'avais prévenu ludvann *hic* .
2014-06-14T16:48:46 <ludvann> !voice AlphaDash
2014-06-14T16:48:56 <AlphaDash> buhuhu
2014-06-14T16:49:04 *** ludvann s'est connecté
2014-06-14T16:49:07 <Letarumavza> J'ai pas non plus le contrôle sur berry
2014-06-14T16:49:07 <ludvann> re !
2014-06-14T16:49:18 <ludvann> le bot à changé ^^
2014-06-14T16:49:20 <Letarumavza> Y'a que adri et flo qui l'ont il me semble.
2014-06-14T16:49:25 <ludvann> ouep
2014-06-14T16:49:39 <ludvann> tu t'es fais device AlphaDash ?
2014-06-14T16:49:47 <ludvann> devoice*
2014-06-14T16:50:20 <ludvann> ?
2014-06-14T16:50:22 <AlphaDash> bah toute à l'heure j'avais le + quand il m'avait entré dans les membre ?
2014-06-14T16:50:40 <ludvann> sait pas...
2014-06-14T16:50:47 <Berry-Punch> Entrez help <commande> pour avoir de l'aide sur cette *hic* commande.
2014-06-14T16:50:47 <ludvann> !help
2014-06-14T16:50:54 <Letarumavza> Faut que je demande à flo si il peut faire une modif sur le site.
2014-06-14T16:50:56 <ludvann> !command
2014-06-14T16:50:58 <ludvann> !commands
2014-06-14T16:51:07 <Letarumavza> (coller les membres par ordre alphabétique)
2014-06-14T16:51:27 <AlphaDash> Bon c'est pas grave c'est pas urgent
2014-06-14T16:51:30 <Letarumavza> C'est lourd de devoir ctrl+f
2014-06-14T16:51:44 <ludvann> pas forcément ^^
2014-06-14T16:52:07 <ludvann> !whoami
2014-06-14T16:52:15 <ludvann> !ami
2014-06-14T16:52:21 <ludvann> !iam
2014-06-14T16:52:26 <ludvann> !hystory
2014-06-14T16:52:31 <Berry-Punch> Voilà ce qu'il s'est passé *hic* ces 10 dernières lignes, ludvann
2014-06-14T16:52:32 <ludvann> !history
2014-06-14T16:52:42 <Letarumavza> ...
2014-06-14T16:52:48 <Letarumavza> T'as que ça à foutre ?
2014-06-14T16:52:52 <AlphaDash> mdr
2014-06-14T16:52:55 <ludvann> ^^
2014-06-14T16:53:14 <ludvann> je cherche la commande pour l'historique quotidien ^^
2014-06-14T16:53:25 *** Letarumavza est parti
2014-06-14T16:53:37 <AlphaDash> mais normalement on a un compte ici pour ce co ? là j'ai juste rentré le pseudo comme au début..
2014-06-14T16:53:42 <AlphaDash> Eµ
2014-06-14T16:53:45 <AlphaDash> se*
2014-06-14T16:53:52 *** Letarumavza s'est connecté
2014-06-14T16:53:53 <ludvann> juste le pseudo
2014-06-14T16:54:03 <ludvann> re Letarumavza t'avait un blème ?
2014-06-14T16:54:04 <Letarumavza> Nope, elle me voice sans problème
2014-06-14T16:54:13 <Letarumavza> Je testais le voice
2014-06-14T16:54:39 <ludvann> ...
2014-06-14T16:54:44 <ludvann> bah...
2014-06-14T16:54:59 <ludvann> j'en bête heuzef avec un sms ?
2014-06-14T16:55:06 <ludvann> j'embête heuzef avec un sms ?
2014-06-14T16:55:08 <ludvann> *
2014-06-14T16:55:16 <AlphaDash> hum atta 2 sec
2014-06-14T16:55:20 *** AlphaDash est parti
2014-06-14T16:55:39 *** alphadash s'est connecté
2014-06-14T16:55:51 <ludvann> nope
2014-06-14T16:55:52 *** alphadash est parti
2014-06-14T16:56:07 *** AlphaDash s'est connecté
2014-06-14T16:56:14 <ludvann> tu viens demain Letarumavza ?
2014-06-14T16:56:15 <AlphaDash> muais non
2014-06-14T16:56:33 <Letarumavza> Ousque je suis sensé viendre ?
2014-06-14T16:56:45 <ludvann> deux secondes ^^
2014-06-14T16:57:07 <ludvann> http://bronycub.org/agenda.php
2014-06-14T16:57:16 <ludvann> le 3ème
2014-06-14T16:58:23 <AlphaDash> Bah sur le freenode ça voice apparemment
2014-06-14T16:58:44 <Letarumavza> Gradignan c'est vachement plus loin que mon frigo...
2014-06-14T16:58:46 <ludvann> sais pas...
2014-06-14T16:58:49 <ludvann> xD
2014-06-14T16:58:57 <ludvann> et le pot de nut'
2014-06-14T16:59:06 <Letarumavza> Il est sur mon bureau
2014-06-14T16:59:11 <ludvann> ^^
2014-06-14T16:59:22 <ludvann> avec une cuillière ?
2014-06-14T16:59:30 <Letarumavza> (le truc qui sux en revanche c'est que je me suis bléssé en faisant mon sport y'a quelques jours)
2014-06-14T16:59:46 <Letarumavza> bah oui avec une cuillère, tu veux utiliser quoi ?
2014-06-14T16:59:53 <Letarumavza> Une perceuse ?
2014-06-14T17:00:00 <Letarumavza> Une pelle ?
2014-06-14T17:00:03 <ludvann> une brouette ^^
2014-06-14T17:00:28 <Letarumavza> Bah pour la brouette, j'ai une copine.
2014-06-14T17:00:38 <ludvann> xD
2014-06-14T17:00:39 * Letarumavza part en courant.
2014-06-14T17:00:47 * ludvann le rattrappe
2014-06-14T17:01:31 * ludvann lui donne un pot remplis
2014-06-14T17:01:46 <Letarumavza> Btw je pratique pas trop de sports.
2014-06-14T17:01:56 <Letarumavza> Si ce n'est mes pompes/abdos quotidiens.
2014-06-14T17:02:09 <ludvann> c'est déjà pas mal ^^
2014-06-14T17:02:23 <Letarumavza> C'est un minimu.
2014-06-14T17:02:35 <ludvann> tu as le vertige ?
2014-06-14T17:02:40 <Letarumavza> normalement c'est 100abdos+100pompes jours.
2014-06-14T17:03:03 <ludvann> tu as le vertige ?
2014-06-14T17:03:07 <Letarumavza> Nop
2014-06-14T17:03:26 <ludvann> tu devrais tester l'escalade ^^
2014-06-14T17:03:32 <Letarumavza> Déjà fait
2014-06-14T17:03:39 <ludvann> et ?
2014-06-14T17:03:57 <Letarumavza> Je me démmerdre pas trop mal, j'ai un bon rapport force/poids.
2014-06-14T17:04:24 <Letarumavza> Mais mon sport préféré reste le tir, voir l'archerie.
2014-06-14T17:05:03 <ludvann> le tir de quoi ? ...
2014-06-14T17:05:05 <ludvann> ...
2014-06-14T17:05:15 <ludvann> ou wait...
2014-06-14T17:05:24 <ludvann> le tir & le tir à l'arc ?
2014-06-14T17:05:37 <Letarumavza> Yep
2014-06-14T17:05:51 <ludvann> tir au flingue ?
2014-06-14T17:06:13 <ludvann> le silence dit nope
2014-06-14T17:06:15 <Letarumavza> Pourquoi, tu pratiques le tir avec une casserole ?
2014-06-14T17:07:00 <Letarumavza> ça fait plusieurs années que j'ai pas tiré, trop mauvaise condition mentale pour me permettre d'avoir une arme à portée de main.
2014-06-14T17:07:09 <ludvann> ah...
2014-06-14T17:07:18 <ludvann> même à billes ?
2014-06-14T17:07:31 <Letarumavza> à billes ?
2014-06-14T17:08:00 <ludvann> pistolet à billes, ou l'airsoft ^^
2014-06-14T17:08:11 <Letarumavza> A billes tu n'as pas la même sensation et le même plaisir qu'en tirant une winchester .308
2014-06-14T17:08:20 <ludvann> terminator ^^
2014-06-14T17:08:38 <Letarumavza> Pas l'odeur de la poudre, pas le son, pas la chaleur, et pas la secousse.
2014-06-14T17:08:49 <Letarumavza> C'est du tir sans tir en fait...
2014-06-14T17:08:52 <ludvann> ouais mais bon...
2014-06-14T17:09:10 <ludvann> ça dépend des répliques...
2014-06-14T17:09:26 <ludvann> et c'est quand même moins puissnat c'est vrai...
2014-06-14T17:09:34 <Letarumavza> Une réplique te plantera jamais un pruneau de 7.62 dans un cerf.
2014-06-14T17:09:50 <ludvann> ouah...
2014-06-14T17:10:08 <ludvann> et tu es fan de poneys ?
2014-06-14T17:10:11 <ludvann> xD
2014-06-14T17:10:29 <AlphaDash> Perso je déteste les poneys
2014-06-14T17:10:34 <Letarumavza> Hey, c'est pas parce que je suis fan de poneys que j'aime pas la viande.
2014-06-14T17:10:35 <AlphaDash> mdr
2014-06-14T17:10:37 <ludvann> ah ^^
2014-06-14T17:10:48 <ludvann> xD
2014-06-14T17:11:05 <Letarumavza> Manges un morceau de cerf ou de sanglier grillé au feu de bois, et ensuite tu viendra me reposer la même question ^^
2014-06-14T17:11:11 <ludvann> c'est vrai que c'est pas fûté ^^
2014-06-14T17:11:50 <Letarumavza> (et btw j'aime MLP, mais je peux pas saquer les équidés irl)
2014-06-14T17:11:52 <ludvann> j'ai jamais dit que je mangerais ça, j'aime pas la viande de la cantine ( et généralement le porc)
2014-06-14T17:12:04 <AlphaDash> la même !
2014-06-14T17:12:05 <Letarumavza> 0o
2014-06-14T17:12:20 <Letarumavza> Il vient de me comparer de la viande de merde industrielle avec du gibier ?
2014-06-14T17:12:30 <ludvann> la même quoi AlphaDash ?
2014-06-14T17:12:46 <Letarumavza> ça a carrément pas le même gout...
2014-06-14T17:12:51 <ludvann> désolé Letarumavza...
2014-06-14T17:12:58 <Letarumavza> Tu compares de la boue à du nutella là...
2014-06-14T17:12:59 <AlphaDash> bah je suis comme lui, les équidés je déteste ça, enfin plus précisément les poneys x)
2014-06-14T17:13:06 * ludvann saute par la fenêtre
2014-06-14T17:13:34 <Letarumavza> Remarque, moi j'aime bien les chevaux.
2014-06-14T17:13:43 <Letarumavza> Mais seulement en steak.
2014-06-14T17:13:48 <AlphaDash> moi ça me fait plus rien,
2014-06-14T17:13:49 <ludvann> pratique pour la chasse ?
2014-06-14T17:13:58 <ludvann> xD
2014-06-14T17:14:03 <Letarumavza> Cheval = herbivore = viande.
2014-06-14T17:14:11 <ludvann> ^^
2014-06-14T17:14:39 <Letarumavza> Les poneys c'est pareil
2014-06-14T17:14:45 <Letarumavza> (même si j'ai jamais gouté)
2014-06-14T17:14:48 <ludvann> = viande
2014-06-14T17:15:12 <ludvann> tu veux un poney fermier (double blague)
2014-06-14T17:16:03 <AlphaDash> plus tendre
2014-06-14T17:16:17 <ludvann> de quoi ?
2014-06-14T17:16:20 <ludvann> le poney ?
2014-06-14T17:16:55 <AlphaDash> uéuéu
2014-06-14T17:17:21 <ludvann> "uéuéu" <-- du vomi ?
2014-06-14T17:19:36 <AlphaDash> Wé wé *
2014-06-14T17:19:42 <AlphaDash> ué ué
2014-06-14T17:19:46 <ludvann> ah ok ^^
2014-06-14T17:19:55 <AlphaDash> avec un petit peu de fail
2014-06-14T17:20:08 <ludvann> je t'en veux pas ^^
2014-06-14T17:20:17 <AlphaDash> merci
2014-06-14T17:20:31 <ludvann> de rien /)
2014-06-14T17:20:52 <AlphaDash> (\
2014-06-14T17:21:10 <ludvann> (\__/)
2014-06-14T17:22:27 <AlphaDash> on s'ajoute sur steam?
2014-06-14T17:22:46 <ludvann> wait please
2014-06-14T17:22:50 <AlphaDash> mm
2014-06-14T17:23:25 <ludvann> mm = ?
2014-06-14T17:23:46 <AlphaDash> mmh
2014-06-14T17:24:05 <AlphaDash> je wait quoi
2014-06-14T17:24:05 <ludvann> mmh = ?
2014-06-14T17:24:11 <AlphaDash> x)
2014-06-14T17:25:06 <ludvann> Grrr...
2014-06-14T17:26:39 <AlphaDash> wrong pasword
2014-06-14T17:27:42 <ludvann> qui ?
2014-06-14T17:27:44 <ludvann> moi ?
2014-06-14T17:27:58 <AlphaDash> bah t'arrive pas a te co sur steam
2014-06-14T17:28:07 <AlphaDash> X°
2014-06-14T17:28:08 <AlphaDash> x)
2014-06-14T17:28:22 <ludvann> nan ,changer avatar steam...
2014-06-14T17:28:36 <AlphaDash> rofl
2014-06-14T17:28:40 <ludvann> + un tour du monde sur ksp...
2014-06-14T17:29:19 <AlphaDash> ouais ok !
2014-06-14T17:29:46 <ludvann> watt ?
2014-06-14T17:29:57 <AlphaDash> bah fini ton tour du monde et on s'appel
2014-06-14T17:30:20 <ludvann> vas sur le visio, j'arrive ^^
2014-06-14T17:30:52 <AlphaDash> x)
2014-06-14T17:31:04 <ludvann> https://appear.in/bronycub
2014-06-14T17:31:50 <ludvann> j'ai que des avtars en HD..;
2014-06-14T17:31:58 <AlphaDash> y'a vraiment en plus
2014-06-14T17:31:59 <ludvann> ARGGGGG !!!!!
2014-06-14T17:32:15 <ludvann> tu vas sur le visio ?
2014-06-14T17:32:26 <AlphaDash> bah j'ai cliqué sur non je suis en sous vetement
2014-06-14T17:32:32 <AlphaDash> mdr
2014-06-14T17:32:36 <ludvann> ... ^^
2014-06-14T17:32:52 <AlphaDash> on verra un autre jour, ou mieux en vrais
2014-06-14T17:32:58 <ludvann> tu es en sous vet ?
2014-06-14T17:33:07 <ludvann> -_-'
2014-06-14T17:33:18 <AlphaDash> bah ouais c'est quoi le problème il fait chaud
2014-06-14T17:33:45 <ludvann> bah n'autorise pas la caméra (si tu en as une)
2014-06-14T17:34:04 <AlphaDash> mais à la base moi je veux juste steam
2014-06-14T17:34:17 <AlphaDash> j'ai la musique à fond  en plus alors si c'est pour le micro
2014-06-14T17:34:19 <AlphaDash> mdr
2014-06-14T17:34:25 <ludvann> the_ludvan
2014-06-14T17:34:31 <ludvann> tu as un casque ?
2014-06-14T17:34:36 <AlphaDash> bientot
2014-06-14T17:34:54 <AlphaDash> un pote me vend un skullcandy
2014-06-14T17:34:58 <ludvann> ...
2014-06-14T17:35:33 <AlphaDash> bah 30 euro servis un mois car c'était une garantie
2014-06-14T17:35:38 <AlphaDash> au lieu de 90 why not
2014-06-14T17:38:34 <AlphaDash> bon voilà maintenant si on parle je suis sur steam cya
2014-06-14T17:38:42 *** AlphaDash est parti
2014-06-14T17:39:35 *** Letarumavza est parti
2014-06-14T18:17:24 *** ValCab33 est parti
2014-06-14T18:17:44 *** adriens33 s'est connecté
2014-06-14T18:17:52 <adriens33> plop
2014-06-14T18:18:01 <ludvann> re !
2014-06-14T18:33:17 <ludvann> pa lala pa la lala pala pala tutututut !
2014-06-14T18:59:45 <ludvann> ratototato
2014-06-14T19:31:44 *** ludvann est parti
2014-06-14T19:32:11 <Renard> <AlphaDash> un pote me vend un skullcandy
2014-06-14T19:32:13 <Renard> mais
2014-06-14T19:32:15 <Renard> mais
2014-06-14T19:32:18 <Renard> c'est de la merde
2014-06-14T20:04:51 *** Shinsaber s'est connecté
2014-06-14T20:05:07 <Shinsaber> re
2014-06-14T20:06:05 <adriens33> re
2014-06-14T20:10:44 *** adriens33 est parti
2014-06-14T20:11:31 *** adriens33 s'est connecté
2014-06-14T20:48:45 *** adriens33 est parti
2014-06-14T21:00:50 *** Shinsaber est parti
2014-06-14T21:02:55 *** ValCab33 s'est connecté
2014-06-14T21:03:49 *** ValCab33 est parti
2014-06-14T21:06:33 *** kudvann s'est connecté
2014-06-14T21:06:34 *** kudvann est parti
2014-06-14T21:06:44 *** ludvann s'est connecté
2014-06-14T21:12:08 *** ludvann est parti
2014-06-14T21:14:02 *** adriens33 s'est connecté
2014-06-14T21:14:46 <adriens33> ça va tu t'ennuie pas trop Renard ? :þ
2014-06-14T21:24:16 *** adriens33 est parti
2014-06-14T21:32:39 *** Shinsaber s'est connecté
2014-06-14T21:38:32 *** AlphaDash s'est connecté
2014-06-14T21:38:53 *** AlphaDash est parti
2014-06-14T21:54:37 *** ValCab33 s'est connecté
2014-06-14T21:57:12 <Shinsaber> re val
2014-06-14T21:59:27 <ValCab33> Reuh
2014-06-14T22:08:06 *** maitrepanda s'est connecté
2014-06-14T22:08:39 <Shinsaber> salut
2014-06-14T22:14:51 *** Shinsaber est parti
2014-06-14T22:15:09 *** adriens33 s'est connecté
2014-06-14T22:15:29 <Berry-Punch> Flags de flutterbrony modifiés en *hic* +v
2014-06-14T22:15:56 <Berry-Punch> Flags de AlphaDash modifiés en *hic* +v
2014-06-14T22:26:26 <Berry-Punch> Voilà *hic* ce qu'il s'est passé ces 10 dernières lignes, adriens33
2014-06-14T22:26:27 <adriens33> !history
2014-06-14T22:26:35 <adriens33> re tout le monde :D
2014-06-14T22:26:47 <maitrepanda> re
2014-06-14T22:29:17 <adriens33> !reload
2014-06-14T22:35:21 *** Letarumavza s'est connecté
2014-06-14T22:35:37 <Letarumavza> 80Millions de clef par seconde !
2014-06-14T22:35:54 <Letarumavza> 2.21 GW !
2014-06-14T22:36:06 <adriens33> SLI powa !
2014-06-14T22:36:18 <Letarumavza> Tu veux avoir peur ?
2014-06-14T22:36:30 <adriens33> heu…
2014-06-14T22:36:31 <Letarumavza> C'est de l'AES-128 que je crack à cette vitesse.
2014-06-14T22:36:36 <adriens33> heu
2014-06-14T22:36:39 <adriens33> aïe ?
2014-06-14T22:36:54 <Letarumavza> Sur du 1024 je dépasse à peine le million par seconde.
2014-06-14T22:37:07 <adriens33> "à pein"
2014-06-14T22:37:10 <adriens33> *e
2014-06-14T22:37:20 <Letarumavza> Bouffer de l'AES en bruteforce
2014-06-14T22:37:29 <Letarumavza> NOM NOM NOM !
2014-06-14T22:38:04 <Letarumavza> Je m'éclate comme un petit fou avec mes 5760 coeurs cuda
2014-06-14T22:38:37 <adriens33> om nom nom nom kilowatt !
2014-06-14T22:38:43 <Letarumavza> Bon, ceci dit je passais pas pour ça.
2014-06-14T22:40:21 <Letarumavza> Je voulais juste te dire que j'ai vu passer une saloperie design pour attaquer du linux sur un forum. Surveilles tes ports, c'est un worm auto-répliquant donc le hash MD5 change à chaque duplication.
2014-06-14T22:40:42 <Letarumavza> J'ai pas pu avoir plus d'infos mais la source est sure.
2014-06-14T22:40:51 <ValCab33> Wat da fack
2014-06-14T22:42:39 <Letarumavza> Donc à mon avis, une petite sauvegarde de la config système... ça serait pas de trop, du moins tant que la faille qu'il exploite est pas corrigée. Ceci dit, je ne sais pas quelle faille il exploite.
2014-06-14T22:42:58 <adriens33> j'en fais tout le temps des sauvegardes complètes
2014-06-14T22:43:08 <adriens33> ça sert toujours
2014-06-14T22:43:14 <adriens33> mais merci du tuyau
2014-06-14T22:43:32 <Letarumavza> D'un autre coté c'est pas un truc dramatique, apparement il met le bordel dans le registre et l'arborescence et faisant des rename random.
2014-06-14T22:43:46 <Letarumavza> (La faille lui permet de se coller sysadmin)
2014-06-14T22:44:01 <adriens33> le registre
2014-06-14T22:44:04 <adriens33> quel registre ?
2014-06-14T22:44:30 <Letarumavza> Pas registre... Je cherche le mot...
2014-06-14T22:44:51 <Letarumavza> indexation ?
2014-06-14T22:44:56 <adriens33> gné ?
2014-06-14T22:45:01 <adriens33> kéckécksa ?
2014-06-14T22:45:16 <Letarumavza> Bordel! La carte du disque !
2014-06-14T22:45:26 <adriens33> hé
2014-06-14T22:45:28 <adriens33> calme toi
2014-06-14T22:45:36 <Letarumavza> Je cherche le mot, ça me gonfle ^^
2014-06-14T22:45:44 <adriens33> ouais ben moi j'y suis pour rien
2014-06-14T22:45:46 <adriens33> ah
2014-06-14T22:45:48 <adriens33> la table des inodes ?
2014-06-14T22:46:11 <Letarumavza> Voila !
2014-06-14T22:46:33 <adriens33> mais j'aimerai bien savoir comment qu'il s'y prend quand même
2014-06-14T22:46:41 <Letarumavza> Aucune idée...
2014-06-14T22:46:45 <adriens33> c'est un trou dans une implémentation de soft ?
2014-06-14T22:46:51 <adriens33> (genre encore openssl par hasard ?)
2014-06-14T22:48:13 <Letarumavza> Je sais pas, il a pas voulu me lâcher où était la faille...
2014-06-14T22:48:28 <adriens33> ben ça me rapelle mon prof de BDD ça…
2014-06-14T22:48:32 <Letarumavza> C'est un ex trou du cul de lulzsec
2014-06-14T22:48:37 <adriens33> z'avez une erreur dans votre devoir
2014-06-14T22:48:42 <adriens33> trouvez la et corrigez la.
2014-06-14T22:48:45 <adriens33> et il se casse.
2014-06-14T22:48:59 <Letarumavza> Bah normalement j'étais pas sensé baver qu'il avait laché ça.
2014-06-14T22:49:22 <Letarumavza> Mais j'avais pas envie que ça te flingue ton matos alors que je pouvais l'empécher...
2014-06-14T22:49:39 <adriens33> ben merki
2014-06-14T22:49:58 <Letarumavza> De rien.
2014-06-14T22:50:20 <adriens33> mais bon le mec s'il préfère que personne le sache et s'amuser à gagner des sousous sur le dos de commu opensources plutot que de prévenir les devs pour les aiders, c'pas très sympa.
2014-06-14T22:50:27 <adriens33> mais ce n'est que mon avis.
2014-06-14T22:50:36 <Letarumavza> Ex lulzsec...
2014-06-14T22:50:42 <adriens33> ?
2014-06-14T22:51:07 <Letarumavza> Bah il faisait partie de lulzsec, maintenant il bosse en solo, c'est même pas un vrai black hat, juste un connard.
2014-06-14T22:51:15 <adriens33> ah
2014-06-14T22:51:18 <Letarumavza> Il fait pas ça par idéologie, juste pour mettre la zone...
2014-06-14T22:51:30 <adriens33> c'est ce genre de c**nard que je peut pas blairer
2014-06-14T22:51:36 <adriens33> leur seul but c'est de foutre la merde
2014-06-14T22:51:44 <adriens33> sur des softs fermés qui respectent pas les users
2014-06-14T22:51:47 <adriens33> ça peut se comprendre
2014-06-14T22:51:57 <adriens33> mais sur des commu opensource qui font de leur mieux
2014-06-14T22:51:57 <Letarumavza> Bah déjà il s'est fait virer de la nuit du hack parce qu'il a tenté de mettre le bronx...
2014-06-14T22:52:00 <adriens33> c'est dégueulasse
2014-06-14T22:52:59 <Letarumavza> Bah autant sur le principe de montrer une faille linux je suis pour, mais bon, autant le faire avec un hoax, en contactant la commu en même temps.
2014-06-14T22:53:21 <Letarumavza> Comme ça t'as le plaisir de faire chier avec un hoax (genre inversion des axe souris) et en plus tu corriges un problème.
2014-06-14T22:53:27 <adriens33> ben "open" source c'est pas juste le code qu'est open
2014-06-14T22:53:31 <adriens33> c'est le principe du partage
2014-06-14T22:53:56 <Letarumavza> Un peu comme dans les douches à l'armée...
2014-06-14T22:54:02 * Letarumavza se cache.
2014-06-14T22:54:06 <adriens33> >_<
2014-06-14T22:54:09 <adriens33> XD
2014-06-14T22:54:54 <Letarumavza> Toujours est-il qu'il s'est vanté d'être meilleur que moi avec ça alors que moi je cite "t'es pas capable de trouver une faille dans linux alors que le code est dispo"
2014-06-14T22:55:02 <adriens33> …
2014-06-14T22:55:13 * adriens33 se retient
2014-06-14T22:55:19 * Letarumavza facepalm.
2014-06-14T22:55:42 <adriens33> il a vu la quantité de code avant de dire ça ? ^^
2014-06-14T22:55:46 <adriens33> si y'a tant de devs dessus
2014-06-14T22:55:50 <adriens33> et que c'est autant découpé
2014-06-14T22:55:52 <Letarumavza> Le mec a réussi à se faire lourder de lulzsec...
2014-06-14T22:55:53 <adriens33> c'est pas pour rien
2014-06-14T22:56:24 <Letarumavza> Je suis sur que la faille qu'il exploite c'est quelqu'un d'autre qui l'a trouvée (j'en mettrai ma main à couper)
2014-06-14T22:56:50 <adriens33> ^^
2014-06-14T22:57:06 <adriens33> pis techniquement c'est plus une faille dans une appli ?
2014-06-14T22:57:06 <Letarumavza> Mais bon, je préfère éviter que ça merde marche.
2014-06-14T22:57:13 <Letarumavza> ça je sais pas.
2014-06-14T22:57:32 <Letarumavza> Je pense qu'il s'agit d'une faille de protocole puisqu'il s'agit d'un worm
2014-06-14T22:57:33 <adriens33> (au pire si c'est une faille dans x11 ça va, j'en ai pas sur le serv)
2014-06-14T22:57:40 <Letarumavza> Mais lequel...
2014-06-14T22:57:44 <adriens33> (mais vaut mieux pas tenter le diable)
2014-06-14T22:58:09 <Letarumavza> Le heartbleed d'openSSL était plus drole ^^
2014-06-14T22:58:23 <adriens33> ça dépend de la perspective
2014-06-14T22:58:27 <Letarumavza> J'avais jamais vu autant d'admins en panique
2014-06-14T22:58:28 <adriens33> va dire ça aux devs d'openbsf
2014-06-14T22:58:33 <adriens33> *openbsd
2014-06-14T22:58:43 <adriens33> qui se tapent le nettoyage de toute la m**de
2014-06-14T22:59:03 <adriens33> barf, une maj, un ptit changement de certifs/clés/mdp et c'est bon.
2014-06-14T22:59:38 <Letarumavza> "J'ai chié sur les murs et j'ai caché la serpillère" Jean michel connard, diffuseur du heartbleed à tous sauf aux devs.
2014-06-14T22:59:39 <adriens33> ça fait chier, mais bon en réagissant assez vite t'évites pas mal de casse.
2014-06-14T22:59:55 <adriens33> je supporte pas ce genre de mentalité.
2014-06-14T23:00:05 <adriens33> anywa
2014-06-14T23:00:08 <adriens33> *anyway
2014-06-14T23:00:27 <adriens33> quoi de neuf ( à part ça et le dentiste of course)
2014-06-14T23:00:29 <adriens33> ?
2014-06-14T23:00:41 <Letarumavza> New algo pour péter de l'AES en cuda
2014-06-14T23:00:45 <adriens33> ^^
2014-06-14T23:00:54 <adriens33> t'as l'air de bien t'amuser avec ton matos
2014-06-14T23:00:55 <adriens33> :þ
2014-06-14T23:01:06 <Letarumavza> New algo pour falsifier du hash MD5
2014-06-14T23:01:36 <adriens33> ah
2014-06-14T23:01:40 <adriens33> et désolé pour l'autre fois
2014-06-14T23:01:44 <adriens33> mauvais combo
2014-06-14T23:01:48 <adriens33> pas bon timing
2014-06-14T23:01:54 <Letarumavza> (mais là la vitesse est obscène, on avoisine le milliard de clefs seconde.
2014-06-14T23:02:00 <adriens33> ^^
2014-06-14T23:02:12 <adriens33> (avec 5760 cœurs en même temps…)
2014-06-14T23:02:37 <Letarumavza> Yep, mais la machine est bien plus puissante que ce que j'avais prévu.
2014-06-14T23:03:03 <adriens33> bah c'est cool ça
2014-06-14T23:03:06 <Letarumavza> La technologie de repport de charge d'un coeur surchargé à un coeur vide en temps réel inclue dans le bios de la carte est géniale.
2014-06-14T23:04:17 <Letarumavza> Bref je m'éclate.
2014-06-14T23:04:42 <Letarumavza> D'ailleurs je vais chercher une faille linux exploitable pour une inversion des axes souris.
2014-06-14T23:04:56 <Letarumavza> Juste pour te faire chier ^^
2014-06-14T23:05:02 <adriens33> bah
2014-06-14T23:05:09 <adriens33> sur x11 t'as de quoi toruver
2014-06-14T23:05:19 <adriens33> si les devs ont décidé de tout reprendre à 0 avec wayland
2014-06-14T23:05:25 <adriens33> c'est pas juste pour la maintenabilité du code
2014-06-14T23:05:31 <adriens33> le truc a plus de 30 ans ^^
2014-06-14T23:05:38 <Letarumavza> Boaf...
2014-06-14T23:05:50 <Letarumavza> Avec un peu de ducktape ça peut marcher.
2014-06-14T23:05:56 <adriens33> ouais
2014-06-14T23:06:04 <adriens33> sauf quand t'as de la ducktape partout
2014-06-14T23:06:17 <Letarumavza> Faut en mettre plus !
2014-06-14T23:06:21 <adriens33> ^^
2014-06-14T23:06:26 <Letarumavza> Une grosse ducktape globale !
2014-06-14T23:06:31 <adriens33> des murs en ducktape
2014-06-14T23:06:33 <Letarumavza> Comment on appele ça déja ?
2014-06-14T23:06:35 <Letarumavza> IOS ?
2014-06-14T23:06:38 <adriens33> XD
2014-06-14T23:06:45 * Letarumavza danse*
2014-06-14T23:07:32 <Letarumavza> Tien, pour mon avis sur l'autre glandu : http://d24w6bsrhbeh9d.cloudfront.net/photo/aqmzRjZ_460sa.gif
2014-06-14T23:07:48 <adriens33> :D
2014-06-14T23:07:50 <adriens33> http://www.europe1.fr/France/Desormais-votre-patron-peut-abaisser-votre-salaire-2152103/#
2014-06-14T23:07:59 <adriens33> >:(
2014-06-14T23:08:05 <adriens33> D:<
2014-06-14T23:08:12 <adriens33> GRR
2014-06-14T23:08:17 <adriens33> VENDUS !!
2014-06-14T23:08:29 <adriens33> bordayl >_<
2014-06-14T23:09:28 <Letarumavza> Euh adri...
2014-06-14T23:09:35 <Letarumavza> Je monte ma boite moi...
2014-06-14T23:09:41 <Letarumavza> J'aime bien cette loi...
2014-06-14T23:09:45 <adriens33> tagueule
2014-06-14T23:09:51 <adriens33> c'est la merde !
2014-06-14T23:09:55 <adriens33> du muselage
2014-06-14T23:09:56 <Letarumavza> (en fait j'aime pas du tout, mais j'adore te faire rager)
2014-06-14T23:10:04 <adriens33> gr…
2014-06-14T23:10:16 <adriens33> ha
2014-06-14T23:10:17 <Letarumavza> Note un truc
2014-06-14T23:10:18 <adriens33> ha
2014-06-14T23:10:20 <adriens33> h
2014-06-14T23:10:22 <adriens33> quoi ?
2014-06-14T23:10:24 <adriens33> ?
2014-06-14T23:10:28 <Letarumavza> Sous un gouvernement de gauche en plus !
2014-06-14T23:10:33 <adriens33> ouais.
2014-06-14T23:10:51 <Letarumavza> Moralité, gauche-droite, des connards.
2014-06-14T23:10:51 <adriens33> par contre, évite de me troller, j'ai tendance à me vexer assez facilement.
2014-06-14T23:11:00 <Letarumavza> M'en fout, je vote parti pirate.
2014-06-14T23:11:01 <adriens33> j'y peux rien, c'est comme ça.
2014-06-14T23:11:09 <adriens33> (y'a pu de gauche)
2014-06-14T23:11:21 <Letarumavza> Mais si y'en à une.
2014-06-14T23:11:27 <Letarumavza> Là où t'as le pouce à droite.
2014-06-14T23:11:31 <adriens33> (et quand on appelle démocratie un truc ou seuls les plus riches peuvent être élus c'est du foutage de gueule)
2014-06-14T23:11:40 <Letarumavza> Ploutocratie
2014-06-14T23:11:53 <Letarumavza> C'est le mot que tu cherches non ?
2014-06-14T23:11:59 <adriens33> je connais merci
2014-06-14T23:12:08 <adriens33> j'aime juste pas passer poru un dictinnaire
2014-06-14T23:12:16 <Letarumavza> Aucun risque avec moi ^^
2014-06-14T23:12:29 <adriens33> je me suis assez pris des "arrête de sortir ta science" dès que j'ouvre la bouche
2014-06-14T23:13:19 <Letarumavza> Je suis un grey-hat HQI avec un Stress post traumatique et j'étais plus petit que les autres durant toute ma scolarité.
2014-06-14T23:13:30 <adriens33> sorry
2014-06-14T23:13:36 <Letarumavza> Me manque le coté black et gay pour compléter le tableau.
2014-06-14T23:13:54 <Letarumavza> Mais ça, tu nais avec ou tu l'as jamais...
2014-06-14T23:14:02 <adriens33> moi j'ai de la phobie sociale
2014-06-14T23:14:06 <adriens33> et c'est vriament pas coll
2014-06-14T23:14:07 <Letarumavza> Quoique... Je peux tenter une conversion au judaisme ^^
2014-06-14T23:14:08 <adriens33> *cool
2014-06-14T23:14:35 <adriens33> mais bon c'est pas sympa de se plaindre à d'autres personnes qui ont leurs propres emmerdes
2014-06-14T23:14:41 <adriens33> juste pour se sentir moins mal
2014-06-14T23:14:43 <Letarumavza> Moi en société je marche comme l'écureuil vert d'happy tree friends.
2014-06-14T23:14:57 <adriens33> (je connais pas happy tree friends, désolé)
2014-06-14T23:15:20 <Letarumavza> Là je te spoil pas, disons que c'est l'anti-mlp
2014-06-14T23:15:53 <Letarumavza> Disons que si MLP est doux et gentil... HTF c'est 4chan, en bosnie, sur un 56k, sous ios...
2014-06-14T23:15:54 <adriens33> ok
2014-06-14T23:16:10 <adriens33> ouch
2014-06-14T23:16:25 <Letarumavza> C'est con, sanglant, malsain, bref j'adore.
2014-06-14T23:16:46 <adriens33> chacun ses goûts
2014-06-14T23:16:50 <Letarumavza> C'est le seul endroit où tu peux voir un écureuil de déssin animé la gueule collée sur une plaque chauffante.
2014-06-14T23:17:10 <Letarumavza> Et qu'il en laisse la moitié sur place en relevant la tête.
2014-06-14T23:17:18 <adriens33> stop stp
2014-06-14T23:17:24 <adriens33> je vais pas tenir là…
2014-06-14T23:17:45 <Letarumavza> Bah comme c'est du déssin animé et que c'est toujours too much et décalé, ça reste bien marrant.
2014-06-14T23:17:57 <Letarumavza> C'est un oggy et les cafards hardcore.
2014-06-14T23:19:37 <adriens33> s'il y a un truc vraiment bien avec mlp, c'est que ça te remonte bien le moral
2014-06-14T23:20:09 <Letarumavza> KSP aussi ^^
2014-06-14T23:20:40 <Letarumavza> (C'est sur que pinkie pie, on fait difficilement mieux comme anti-déprésseur)
2014-06-14T23:20:48 <adriens33> anéfé ^^
2014-06-14T23:20:58 <adriens33> par contre y'a de ces fics…
2014-06-14T23:21:12 <adriens33> t'en a qui te ferait pendre un boute en train
2014-06-14T23:21:35 <Letarumavza> Mouais
2014-06-14T23:22:31 <Letarumavza> Ceci dit, j'ai eu l'honneur de lire la worst fanfic ever (une sur harry potter)
2014-06-14T23:22:37 <adriens33> ah ?
2014-06-14T23:23:06 <Letarumavza> ça atteint l'exploit d'être gonflant et gerbant simultanément (ce qui est anatomiquement surprenant)
2014-06-14T23:23:22 <Letarumavza> Et ça te fais considérer twilight comme étant lisible...
2014-06-14T23:23:26 <adriens33> XD
2014-06-14T23:26:31 <Letarumavza> Je te cherche ça...
2014-06-14T23:26:49 <Berry-Punch> Voilà ce qu'il s'est passé ces 10 dernières lignes, adriens33 *hic* 
2014-06-14T23:27:04 <adriens33> heu
2014-06-14T23:29:39 <adriens33> bon je suis à plat, je vais dodo
2014-06-14T23:29:56 <adriens33> bonne nuit tout le monde
2014-06-14T23:29:58 <Letarumavza> http://knowyourmeme.com/memes/my-immortal-the-worst-fanfiction-ever
2014-06-14T23:30:02 <Letarumavza> arf
2014-06-14T23:30:07 <adriens33> désolé
2014-06-14T23:30:17 <Letarumavza> bonne huitre
2014-06-14T23:30:18 <adriens33>  /)(\
2014-06-14T23:30:35 *** adriens33 est parti
2014-06-14T23:35:12 *** ValCab33 est parti
2014-06-14T23:35:28 *** ValCab33 s'est connecté
2014-06-14T23:43:21 <Letarumavza> Tu dors pas val ?
