2014-08-11T00:28:44 *** ludvann est parti
2014-08-11T00:45:33 <Letarumavza> Zecora ?
2014-08-11T00:45:34 <Zecora_bot> On m'appelle ?
2014-08-11T01:26:41 *** Eclipse2212 est parti
2014-08-11T01:28:51 *** adriens33 est parti
2014-08-11T01:42:29 *** MaCharon est parti
2014-08-11T01:45:36 *** ValCab33 est parti
2014-08-11T02:37:45 *** Gordfang est parti
2014-08-11T08:34:16 <Letarumavza> Adrien ! Putain je te hais !
2014-08-11T08:34:27 <Letarumavza> J4ai le pif qui coule façon nil en crue...
2014-08-11T08:34:36 <Letarumavza> tu m'as refilé ta saloperie de rhume...
2014-08-11T08:34:51 <Letarumavza> (Mais purtain pourquoi y'a pas un vaccin contre _ça...)
2014-08-11T08:35:44 *** heuzef s'est connecté
2014-08-11T08:49:51 <Berry-Punch> Voilà ce qu'il s'est passé ces 10 dernières lignes, adriens33 *hic* 
2014-08-11T08:49:52 *** adriens33 s'est connecté
2014-08-11T08:59:23 *** heuzef est parti
2014-08-11T09:00:10 *** heuzef s'est connecté
2014-08-11T09:02:24 <Berry-Punch> Voilà ce qu'il s'est passé ces 10 dernières lignes, *hic* arthur33
2014-08-11T09:02:26 *** arthur33 s'est connecté
2014-08-11T09:05:49 *** adriens33 est parti
2014-08-11T09:07:17 *** arthur33 est parti
2014-08-11T09:20:36 <Berry-Punch> Voilà ce qu'il s'est passé ces *hic* 10 dernières lignes, arthur33
2014-08-11T09:20:37 *** arthur33 s'est connecté
2014-08-11T09:22:25 <Berry-Punch> Flags de adriens33 modifiés : *hic* -o
2014-08-11T09:22:25 <adriens33> !deop adriens33
2014-08-11T09:22:30 <Berry-Punch> Flags de adriens33 modifiés : +v *hic* 
2014-08-11T09:22:30 <adriens33> !voice adriens33
2014-08-11T09:22:43 <Letarumavza> gné ?
2014-08-11T09:28:23 <heuzef> Flag toi même
2014-08-11T09:28:25 <heuzef> Letarumavza:
2014-08-11T09:28:28 <heuzef> Au faite
2014-08-11T09:28:33 <Letarumavza> ?
2014-08-11T09:28:41 <heuzef> Si tu pouvais dire à ta maman de me rappeler
2014-08-11T09:28:51 <heuzef> Car je tombe systématiquement sur repondeur
2014-08-11T09:29:01 <Letarumavza> tkt, j'ai eu le message, on continue le nettoyage
2014-08-11T09:29:04 <heuzef> Ou alors tu fait le bilan complet avec lui et tu me brief
2014-08-11T09:29:10 <Letarumavza> Mon beau père fait chier à garder pas mal de merdes
2014-08-11T09:29:17 <Letarumavza> Mais ça avance bien
2014-08-11T09:29:33 <heuzef> Remise ? Jardin ? Barbeuc ? Interieur ?
2014-08-11T09:29:44 <Letarumavza> Faudra sans doute donner un dernier coups à 3-4 le 16 histoire de bouger deux-trois meubles pour préparer tout.
2014-08-11T09:30:42 <heuzef> De ce que j'ai pu voir
2014-08-11T09:31:01 <heuzef> La moitié des gens arriverons dans l'aprem
2014-08-11T09:31:13 <heuzef> Du coup l'idéal serais de fignoler le jour j
2014-08-11T09:31:33 <heuzef> Sachant que Seb notre cuistot attitré n'arrive qu'à 15h
2014-08-11T09:31:43 <Letarumavza> Remise en cours de remplissage, barbeuc on verra demain en théorie, l'intérieur se vide vers la remise, le jardin est pret.
2014-08-11T09:31:50 <heuzef> Va falloir organiser le barbeuc sans lui, mais ça vous avez l'habitude maintenant lol
2014-08-11T09:31:59 <Letarumavza> (mon beau-père fait chier à vouloir garder 50k merdes...)
2014-08-11T09:32:09 <heuzef> J'avais compris
2014-08-11T09:32:33 <Letarumavza> Déconnes pas, j'ai 39.2 de fièvre...
2014-08-11T09:32:58 <Letarumavza> Adrien m'a repassé sa crève, sauf que je me suis pris ça avec une imunosuppresion à cause d'un autre médoc...
2014-08-11T09:33:20 <Letarumavza> J'ai un virus du rhume armé d'un gourdin...
2014-08-11T09:34:52 <heuzef> Tss fallait pas rouler des pelles à Adrien quand il est malade
2014-08-11T09:55:27 <adriens33> Letarumavza: c'est pas possible…
2014-08-11T09:55:33 <adriens33> j'avais pas la creve
2014-08-11T09:55:39 <adriens33> c'était une allergie à la poussière
2014-08-11T09:55:50 <adriens33> (entre autres)
2014-08-11T09:55:53 <Letarumavza> Bah je sais pas comment j'ai choppé ça dans ce cas
2014-08-11T09:56:01 <Letarumavza> Parce que c'est violent.
2014-08-11T09:56:22 *** heuzef est parti
2014-08-11T09:56:25 <Letarumavza> 4h => un rouleau de papier
2014-08-11T09:56:30 <adriens33> (bonjour quand même :p)
2014-08-11T09:56:33 <adriens33> ah ouais?
2014-08-11T09:56:34 <adriens33> *…
2014-08-11T09:56:39 <adriens33> c'est violent là
2014-08-11T09:56:48 <adriens33> tu dois plus avoir de nez à ce rythme XD
2014-08-11T09:56:57 <Letarumavza> Vais finir déshydraté...
2014-08-11T09:57:12 <Letarumavza> Chuis def à la codéine
2014-08-11T09:57:16 <Letarumavza> pour calmer la fievre
2014-08-11T09:57:20 *** heuzef s'est connecté
2014-08-11T09:57:23 <Letarumavza> je sens plus ni mon pif, ni rien
2014-08-11T09:57:30 <adriens33> :/
2014-08-11T09:58:03 <adriens33> hello heuzef
2014-08-11T09:58:06 <heuzef> plop
2014-08-11T10:01:49 *** wildfier s'est connecté
2014-08-11T10:01:58 <wildfier> Salut les gens
2014-08-11T10:02:22 <wildfier> Letarumavza, adriens33: vous avez commencé le projet de jeu ?
2014-08-11T10:02:51 <Letarumavza> J'ai affiné le travail préliminaire
2014-08-11T10:03:00 <heuzef> Gamma machin ?
2014-08-11T10:03:05 <Letarumavza> "y'a plus qu'à coder"
2014-08-11T10:03:31 <heuzef> C'est quoi le nom déjà ?
2014-08-11T10:03:52 <wildfier> cool
2014-08-11T10:04:13 <wildfier> j'essaierais de passer jeudi soir
2014-08-11T10:04:25 <Letarumavza> Gamma 4
2014-08-11T10:04:31 <wildfier> histoire d'être un minimum dans la boucle ^^
2014-08-11T10:04:49 <heuzef> J'y pense en faite c'est peut-être pas une bonne idée de mettre "4"
2014-08-11T10:05:05 <wildfier> ça dépend de l'histoire voyons
2014-08-11T10:05:09 <heuzef> Si le jeu doit avoir une suite ça risque d'être zarb
2014-08-11T10:05:24 <Letarumavza> La suite => gamma 3
2014-08-11T10:05:34 <heuzef> Et après ?
2014-08-11T10:05:38 <heuzef> Gamma 2 ?
2014-08-11T10:05:42 <heuzef> Gamma 1 ?
2014-08-11T10:05:42 <Letarumavza> yep
2014-08-11T10:05:44 <heuzef> Gamma 0 ?
2014-08-11T10:05:48 <Letarumavza> euh flo...
2014-08-11T10:05:50 <heuzef> Gamma .... -1 ??
2014-08-11T10:05:57 <Letarumavza> Je connais autre chose qui a commencé par le 4
2014-08-11T10:06:22 <Letarumavza> Star Wars. Et ça a pas gêné. o/
2014-08-11T10:06:32 <heuzef> ok ok
2014-08-11T10:06:50 <heuzef> Bon tu centralise ça sur le Github du collectif du coup ?
2014-08-11T10:06:50 <wildfier> ^^
2014-08-11T10:07:02 <Letarumavza> Faut voir.
2014-08-11T10:07:17 <Letarumavza> Pas avant d'avoir un squelette je pense.
2014-08-11T10:07:19 <wildfier> que ça soit publique ou pas tant que je peux bosser sur un git ça me va ^^
2014-08-11T10:07:45 <Letarumavza> Un squelette ne peut être fait qu'en brainstorm
2014-08-11T10:07:56 <heuzef> Oui et la licence du jeux t'as choisis au faite ?
2014-08-11T10:08:32 <Letarumavza> J'avais un peu d'autres trucs à faire ces derniers temps, les probs avec ma cop, ma veranda... etc
2014-08-11T10:08:59 <Letarumavza> Je m'y attaquerai le moment venu, et je vois pas l'intéret de choisir la license avant d'avoir passé la phase de proto.
2014-08-11T10:09:27 <heuzef> ça permet déjà de determiner si je bosse sur ton projet ou pas
2014-08-11T10:10:04 <Letarumavza> C'est vrai que tu veux bosser que sur du libre toi.
2014-08-11T10:10:22 <heuzef> Non négociable
2014-08-11T10:10:40 <heuzef> Et je pense ne pas me tromper si adriens33 et wildfier on la même condition
2014-08-11T10:11:22 <wildfier> pas forcément
2014-08-11T10:11:58 <heuzef> ok
2014-08-11T10:11:58 <wildfier> je préfère mais c'est pas une obligation
2014-08-11T10:12:26 <heuzef> Dans tous les cas, si le jeux doit être au nom du collectif "by BronyCUB", je souhaiterais, très fortement, une licence libre
2014-08-11T10:12:46 <heuzef> Après je suis pas chiant sur le choix de la licence libre
2014-08-11T10:12:51 <Letarumavza> Bah le tag by BC est pas vraiment nécéssaire.
2014-08-11T10:13:16 <heuzef> Tu veux faire un projet anonyme ?
2014-08-11T10:13:42 <wildfier> j'adore comment t'essaie de récupérer le projet sous la bannière de BC :p
2014-08-11T10:13:42 <Letarumavza> C'est un jeu codé par des membres du collectif, mais pas forcément en tant que membres du collectif.
2014-08-11T10:14:12 <wildfier> surtout si c'est un jeu qui n'a rien à voir avec mlp
2014-08-11T10:14:12 <heuzef> Ba en même temps tu veux mettre quoi dans les crédits alors ?
2014-08-11T10:14:21 <Letarumavza> +1 wild
2014-08-11T10:14:24 <wildfier> bas Letarumavza, adriens33, wildfier ^^
2014-08-11T10:14:28 <heuzef> Vous y êtes pas la
2014-08-11T10:14:33 <Letarumavza> Yep, voir un nom de team
2014-08-11T10:14:39 <heuzef> C'est justement parceque ça n'a aucun rapport avec MLP
2014-08-11T10:15:27 <wildfier> bas on vas faire comme avec des jeux indé
2014-08-11T10:15:36 <wildfier> trouver le nom de la team suivant le 1er jeu
2014-08-11T10:15:43 <wildfier> genre team meat -> super meat boy
2014-08-11T10:16:01 <wildfier> je re
2014-08-11T10:16:12 *** wildfier est parti
2014-08-11T10:16:28 <heuzef> Si vous souhaitez créer une team à côté ça sera donc sans moi :/
2014-08-11T10:16:39 <heuzef> Désolé d'être relou
2014-08-11T10:17:28 *** wildfier s'est connecté
2014-08-11T10:17:51 <Letarumavza> Faut savoir ce que tu veux flo, soit tu veux que les membres agissent en tant qu'amis, et ils monteront forcément des projets les uns avec les autres de leur coté.
2014-08-11T10:17:52 <wildfier> re
2014-08-11T10:18:14 <Letarumavza> Soit tu veux tout centraliser et que tout le monde participe, et ça va faire chier tout le monde à la longue.
2014-08-11T10:18:36 <Letarumavza> Y'a plein de choses qui intéressent certains membres et pas d'autres.
2014-08-11T10:18:52 <heuzef> On en discutera dimanche tous ensemble, c'est un point très important qu'on est en train d'aborder justement
2014-08-11T10:20:07 <heuzef> Il en va de l'avenir, la philosophie du collectif mais aussi de l’évolution que prendra notre amitité sur le long terme et des projet et actions qui en découlerons
2014-08-11T10:20:18 <heuzef> Priorité N°1
2014-08-11T10:23:23 <Letarumavza> priorité N°1 fonder un groupe avec tous les membres pour remonter la rue st cath en jouant la parasprite polka, et en cosplay.
2014-08-11T10:23:43 <Letarumavza> (oui je suis def aux médocs pour faire passer ma crève)
2014-08-11T10:25:04 <Letarumavza> Même si l'idée de trappy entrain de jouer la parasprite polka à l'accordéon me parrait sympa ^^
2014-08-11T10:25:10 *** heuzef est parti
2014-08-11T10:25:49 *** heuzef s'est connecté
2014-08-11T10:26:02 <Letarumavza> Et bah flo, ta connexion fait des siennes ?
2014-08-11T10:26:05 <Letarumavza> 4G ?
2014-08-11T10:27:23 <heuzef> non
2014-08-11T10:27:45 <Letarumavza> (btw c'est bientot l'ouverture, faites gaffe, les connexion à pigeon-voyageur vont avoir des paquets perdus)
2014-08-11T10:28:04 <heuzef> Changement de VPN fréquent pour le boulot
2014-08-11T10:28:57 <Letarumavza> VPN = vieille passerelle naze
2014-08-11T10:29:25 <heuzef> ?$*
2014-08-11T10:37:19 <adriens33> l'ouverture de quoi ?
2014-08-11T10:51:49 <Letarumavza> ouverture de la chasse
2014-08-11T11:01:02 <adriens33> XD
2014-08-11T11:24:35 *** Bybeez s'est connecté
2014-08-11T11:24:46 <Bybeez> B'jour
2014-08-11T11:32:44 <adriens33> bijour
2014-08-11T11:53:22 *** heuzef est parti
2014-08-11T11:54:07 *** heuzef s'est connecté
2014-08-11T11:55:54 <wildfier> Salut Bybeez
2014-08-11T11:56:06 <Bybeez> Salut !
2014-08-11T12:02:58 *** heuzef est parti
2014-08-11T12:03:22 <wildfier> je me demandais, t'as acheté le billet pour Epica en décembre Letarumavza ?
2014-08-11T12:03:53 <Letarumavza> Nop, j'ai mis mon pognon dans mes économies pour le lancement de ma boite...
2014-08-11T12:03:55 *** heuzef s'est connecté
2014-08-11T12:04:40 <Letarumavza> J'aurai tout le temps après avoir lancé ma boite pour aller à des concerts Et inviter les potes
2014-08-11T12:22:46 *** ValCab33 s'est connecté
2014-08-11T12:22:55 <ValCab33> Hellow
2014-08-11T12:23:58 <adriens33> salut
2014-08-11T12:37:10 *** heuzef est parti
2014-08-11T12:45:30 *** wildfier est parti
2014-08-11T12:56:36 *** wildfier s'est connecté
2014-08-11T13:04:08 *** wildfier est parti
2014-08-11T13:13:52 *** wildfier s'est connecté
2014-08-11T14:23:37 <Berry-Punch> Voilà ce qu'il s'est passé ces *hic* 10 dernières lignes, arthur33
2014-08-11T14:23:38 *** arthur33 s'est connecté
2014-08-11T14:23:51 *** adriens33 est parti
2014-08-11T14:24:12 <Berry-Punch> Flags de adriens33 modifiés : *hic* +v-o
2014-08-11T14:24:12 <adriens33> !flag mod +v-o adriens33
2014-08-11T14:24:20 <Berry-Punch> Flags de *hic* adriens33 modifiés : -o+v
2014-08-11T14:24:20 <adriens33> !flag mod -o+v adriens33
2014-08-11T14:25:47 <Berry-Punch> Voilà ce qu'il s'est passé ces 10 *hic* dernières lignes, arthur33
2014-08-11T14:25:48 *** arthur33 s'est connecté
2014-08-11T14:25:54 <Berry-Punch> Flags de adriens33 modifiés : *hic* -o+v
2014-08-11T14:25:54 <adriens33> !flag mod -o+v adriens33
2014-08-11T14:25:57 <adriens33> MAIS !!
2014-08-11T14:26:04 <adriens33> saleté de box qui bug >.<
2014-08-11T14:26:11 <Berry-Punch> Flags de adriens33 modifiés *hic* : +v
2014-08-11T14:26:11 <adriens33> !voice adriens33
2014-08-11T14:26:20 <Letarumavza> $voice adriens33
2014-08-11T14:29:00 *** Guest72245 est parti
2014-08-11T14:29:22 <adriens33> (tiens, c'était qui ça ? oO)
2014-08-11T14:31:10 <Berry-Punch> Voilà ce qu'il s'est passé ces 10 dernières lignes, arthur33 *hic* 
2014-08-11T14:31:11 *** arthur33 s'est connecté
2014-08-11T14:31:12 *** Guest39530 est parti
2014-08-11T14:31:16 <adriens33> ok…
2014-08-11T14:31:21 <adriens33> c'est pas ma box qui bug
2014-08-11T14:31:39 <adriens33> c'est ma ligne qui désynchro depuis tout à l'heure… >_<
2014-08-11T14:31:44 <adriens33> bordel…
2014-08-11T14:33:02 <Berry-Punch> Voilà ce qu'il s'est passé ces 10 dernières *hic* lignes, arthur33
2014-08-11T14:33:03 *** arthur33 s'est connecté
2014-08-11T14:33:03 *** adriens33 est parti
2014-08-11T14:33:31 <adriens33> >_<
2014-08-11T14:33:38 <adriens33> CHANSERV arrête de faire le con
2014-08-11T14:33:42 <Berry-Punch> Flags de adriens33 modifiés : +v *hic* 
2014-08-11T14:33:42 <adriens33> !voice adriens33
2014-08-11T14:33:47 <Berry-Punch> Flags de Bybeez modifiés : +v *hic* 
2014-08-11T14:33:47 <adriens33> !voice Bybeez
2014-08-11T14:33:50 <Berry-Punch> Flags de Letarumavza modifiés : +v *hic* 
2014-08-11T14:33:50 <adriens33> !voice Letarumavza
2014-08-11T14:33:55 <Berry-Punch> Flags de Zecora_bot modifiés : *hic* +o
2014-08-11T14:33:55 <adriens33> !op Zecora_bot
2014-08-11T14:33:59 <Berry-Punch> Flags de ValCab33 *hic* modifiés : +v
2014-08-11T14:33:59 <adriens33> !voice ValCab33
2014-08-11T14:34:12 <adriens33> (je commence à en avoir ras le bol là…)
2014-08-11T14:40:30 <Bybeez> qu'est ce qui c'est passé
2014-08-11T14:40:36 <adriens33> pour les flags ,
2014-08-11T14:40:37 <adriens33> ?
2014-08-11T14:40:40 <adriens33> c'est chanserv…
2014-08-11T14:40:48 <adriens33> des fois il enleve tout, j'ai pas compris pourquoi…
2014-08-11T14:41:05 <adriens33> et sinon pour mes déco reco j'ai ma co qui bug …
2014-08-11T14:42:07 *** heuzef s'est connecté
2014-08-11T14:42:21 *** heuzef est parti
2014-08-11T14:43:06 *** heuzef s'est connecté
2014-08-11T15:09:41 *** Lezarius1 s'est connecté
2014-08-11T15:09:51 <Lezarius1> Bonjour
2014-08-11T15:10:38 <Lezarius1> heuzef: tu peux me reset le mdp du nas ?
2014-08-11T15:12:45 <Lezarius1> Zecora_bot: ?
2014-08-11T15:14:54 <heuzef> Lezarius1: t'as perdu ton mdp ?
2014-08-11T15:15:06 <Lezarius1> Nop c est bon
2014-08-11T15:15:15 <Lezarius1> Je suis juste un gros boulot qui a 36 mdp
2014-08-11T15:15:27 <Berry-Punch> Flags de Lezarius1 *hic* modifiés : +v
2014-08-11T15:15:48 <Lezarius1> Merci Berry-Punch
2014-08-11T15:15:58 <Berry-Punch> Lezarius1: de *hic* rien ^^
2014-08-11T15:16:26 <heuzef> Tu cherche du boulot activement à ce que je vois
2014-08-11T15:16:32 <heuzef> Puisque tu télécharge ton CV
2014-08-11T15:16:46 <adriens33> heuzef qui joue la NSA ^^
2014-08-11T15:17:12 <Lezarius1> heuzef: Oui =P J ai bessoin de taff la m importe quoi
2014-08-11T15:17:22 <heuzef> Sans blague
2014-08-11T15:17:30 <adriens33> « hmm… hier tu as téléchargé trois fichiers. avant-hier tu as mangé une pizza au saumon et tu es allé te coucher à 22h39minutes, apres être allé voire telle vidéo sur youtube… »
2014-08-11T15:17:38 <heuzef> On en reviens à ce que je t'es dis y'a 6 mois quoi
2014-08-11T15:18:31 <Lezarius1> heuzef: comme tout le temps. Sinon je pourais passew pour faire 2/3 modif sur le cv ?
2014-08-11T15:18:49 <heuzef> Tu as les sources de ton CV
2014-08-11T15:18:53 <heuzef> .indd
2014-08-11T15:19:09 <heuzef> Tu peux mettre à jour directement
2014-08-11T15:19:29 <Lezarius1> J ai pas photoshop =S
2014-08-11T15:19:40 <adriens33> indd c'est indesign non ,
2014-08-11T15:19:40 <adriens33> ?
2014-08-11T15:19:53 <adriens33> (bon ok c'est la suite adobe quand même mais c'est pas toshop :p)
2014-08-11T15:19:54 <Lezarius1> Mon cv as etait fait sous toshop
2014-08-11T15:20:13 <Lezarius1> enfin la version que j en est est en PSD
2014-08-11T15:20:14 <adriens33> bah si t'as pas toshop pourquoi tu l'as fait sous photoshop ? --"
2014-08-11T15:20:27 <Letarumavza> <Lezarius1> Mon cv as etait fait sous toshop
2014-08-11T15:20:27 <Letarumavza> <Lezarius1> enfin la version que j en est est en PSD
2014-08-11T15:20:33 * Letarumavza facehoof
2014-08-11T15:20:34 <adriens33> t'aurais pu le faire en .doc ou en .odt, c'aurait ptet été plus simple non ? >_<
2014-08-11T15:20:40 <Lezarius1> heuzef: me la fait
2014-08-11T15:20:42 <adriens33> on fait pas un cv sous photoshop…
2014-08-11T15:20:45 <heuzef> Ha oui effectivement
2014-08-11T15:20:46 <adriens33> sérieux…
2014-08-11T15:20:48 <wildfier> en latex
2014-08-11T15:20:55 <heuzef> Mais le .psd c'est le fichier source aussi
2014-08-11T15:21:01 <adriens33> t'aimes ça le latex hein wildfier ? XD
2014-08-11T15:21:05 <Lezarius1> J aime le porte le latex.
2014-08-11T15:21:10 <Letarumavza> heuzef, gimp lit les psd non ?
2014-08-11T15:21:13 <adriens33> ouipe
2014-08-11T15:21:16 <wildfier> mais c'est génial le LaTeX
2014-08-11T15:21:19 <adriens33> ^^
2014-08-11T15:21:24 <adriens33> c'est même plus bicurieux là.
2014-08-11T15:21:26 <Letarumavza> Euh les mecs...
2014-08-11T15:21:28 <heuzef> adriens33 effectivement on evite de faire un CV sous photoshop, si on peux le faire sous indesign ou Scribus ;)
2014-08-11T15:21:41 <heuzef> Letarumavza: oui, en partie
2014-08-11T15:21:51 <adriens33> ben toshop c'est de la manip d'image. une mise en page effectivement ça se fait pas sous photoshop…
2014-08-11T15:22:06 <wildfier> t'as un super template pour faire des cv et lettres de motiv en latex
2014-08-11T15:22:08 <adriens33> c'est comme utiliser excel pour écrire un roman…
2014-08-11T15:22:21 <wildfier> je sais plus comment il s'appelle ...
2014-08-11T15:22:28 <Lezarius1> wildfier: vendu envoie moi la tenu =D
2014-08-11T15:22:42 <adriens33> Letarumavza: qu'est-ce qu'il y a ?
2014-08-11T15:23:01 <wildfier> c'est moderncv
2014-08-11T15:23:10 <adriens33> je note ^^
2014-08-11T15:23:41 <heuzef> Celui de adriens33 est pas mal non plus je trouve
2014-08-11T15:23:48 <heuzef> http://art-software.fr/cv/
2014-08-11T15:23:51 <Letarumavza> Sinon je dois avoir un template librofice en .odt pour les CV
2014-08-11T15:23:54 <heuzef> Un peu trop de latin par contre
2014-08-11T15:24:12 <adriens33> heuzef: c'est www.art-software.fr s'il te plait…
2014-08-11T15:24:18 <adriens33> et j'ai pas vraiment eu le temps de le faire…
2014-08-11T15:24:27 <wildfier> c'est un cv réservé à une élite
2014-08-11T15:24:27 <adriens33> (ni le moral mais bon ça c'est subsidiaire)
2014-08-11T15:24:29 <adriens33> XD
2014-08-11T15:25:07 <Lezarius1> J ai deja un web cv mais me faut un truc papier
2014-08-11T15:26:10 <heuzef> Oui, l'inevitable PDF à imprimer
2014-08-11T15:27:04 <Letarumavza> Pourquoi pdf ?
2014-08-11T15:27:10 <heuzef> Celui de Yorick (giroll) est une perle de créativer 100% inkscape
2014-08-11T15:27:14 <heuzef> http://www.xieme-art.org/pages/a-propos
2014-08-11T15:27:18 <Letarumavza> Du moment que tu imprimes, tu t'en branles non ?
2014-08-11T15:27:33 <heuzef> Letarumavza hélas non, c'est pas forcément toi qui imprime ;)
2014-08-11T15:27:58 <Lezarius1> Letarumavza: surtout que si tu imprime mon cv il fait 3p
2014-08-11T15:28:28 <Letarumavza> Bah mon CV aussi fait trois pages si je mets tout dessus.
2014-08-11T15:28:33 <Letarumavza> Je vois pas le lézard.
2014-08-11T15:28:45 <Letarumavza> (idem si tu prends un odt de base, le passer en pdf prend 4sec)
2014-08-11T15:29:02 <adriens33> fichier → exporter en pdf
2014-08-11T15:29:03 <adriens33> :)
2014-08-11T15:29:37 <heuzef> Lezarius1: ton CV doit faire 1p maximum
2014-08-11T15:30:14 <adriens33> faut savoir faire concis :p
2014-08-11T15:32:26 <Letarumavza> Bah le problème c'est que parfois même en faisant concis tu te dois quand même de marquer ce qui est en lien direct avec le poste auxquel du postules.
2014-08-11T15:32:42 <Letarumavza> et ça, ça peut prendre de la place.
2014-08-11T15:32:53 <heuzef> En plus j'ai galérer a meubler son CV la dernière fois, alors 3 pages ça me surprend
2014-08-11T15:33:14 <Letarumavza> Dans le cas où tu fais un listing des sites/progs que tu as codé ça peut vite prendre masse de place
2014-08-11T15:33:17 <heuzef> Et dans son cas il cherche un job, donc pas de ciblage ni de blabla
2014-08-11T15:33:56 <Letarumavza> Ah ok, ouaip bah dans ce cas le bon vieux combo identité + diplomes + compétences anexes et c'est mar non ?
2014-08-11T15:34:10 <Letarumavza> (Et en effet ça doit pas dépasser une page)
2014-08-11T15:34:11 <heuzef> Surtout que le kebab ou le macdo du coin n'en à rien à branler de ton portfolio
2014-08-11T15:34:23 <Letarumavza> ex grattement
2014-08-11T15:34:51 <heuzef> Par contre un bon vieux "permis B" fait toujours son pti effet
2014-08-11T15:35:10 <Letarumavza> Perso j'ai un permis grosse B
2014-08-11T15:35:12 <heuzef> Et comme j'ai conseiller à Lezarius1 de ce concentrer sur son permis pendant qu'il vivais encore chez sa maman
2014-08-11T15:35:22 <heuzef> Il en à eu bien entendue rien à foutre
2014-08-11T15:35:36 <heuzef> Sans surprise, aujourd'hui il s'assoie sur son permis B :/
2014-08-11T15:35:52 <Letarumavza> B c'est tonage léger non ?
2014-08-11T15:36:11 <Letarumavza> (autant coté aero je peux te citer toutes les licenses par coeur, autant les permis terrestres...à
2014-08-11T15:36:15 <adriens33> <=3.5 tonnes de mémoire
2014-08-11T15:36:19 <adriens33> (voiture quoi)
2014-08-11T15:37:58 <Letarumavza> Mouais, donc rien de particulier au final
2014-08-11T15:38:21 <adriens33> ben avoir le permis voiture c'est bien
2014-08-11T15:38:30 <adriens33> mais avoir la voiture quivabien avec c'est mieux :p
2014-08-11T15:38:45 <adriens33> et vu ce que ça coûte à entretenir…
2014-08-11T15:38:53 <Letarumavza> perso je l'ai pas, je mets mon pognon dans mon fond de lancement de ma boite, .
2014-08-11T15:39:42 <heuzef> En faite quand tu habite en ville, le permis c'est très pratique mais avoir une voiture est très secondaire
2014-08-11T15:40:01 <Letarumavza> Tout à fait.
2014-08-11T15:40:06 <heuzef> Je me suis débarassé de ma bagnole 4 mois après mon arrivé sur bordeaux
2014-08-11T15:40:12 <heuzef> un soulagement
2014-08-11T15:40:32 <Letarumavza> Et quitte à passer un brevet/permis c'est plus l'habilitation hélico/voilure mobile qui m'intéresserait.
2014-08-11T15:40:43 <adriens33> comme c'est bizarre ^^
2014-08-11T15:41:07 <Letarumavza> ça coute le double du permis voiture (c'est dire à quel point les auto-écoles se sucrent) et ça a plus de chances de te rapporter un taf.
2014-08-11T15:52:23 *** heuzef est parti
2014-08-11T15:53:20 *** heuzef s'est connecté
2014-08-11T15:58:18 *** heuzef est parti
2014-08-11T16:00:55 *** heuzef s'est connecté
2014-08-11T16:03:30 *** heuzef1 s'est connecté
2014-08-11T16:04:01 *** heuzef est parti
2014-08-11T16:06:04 *** heuzef s'est connecté
2014-08-11T16:07:46 *** heuzef1 est parti
2014-08-11T16:19:43 *** TrappyMobile s'est connecté
2014-08-11T16:19:54 <TrappyMobile> Oi les poneys
2014-08-11T16:20:18 <heuzef> plop
2014-08-11T16:20:23 <TrappyMobile> Tiens wild bienvenue parmi nous :)
2014-08-11T16:20:33 <adriens33> plop trappy
2014-08-11T16:20:42 <wildfier> salut
2014-08-11T16:20:43 <adriens33> wildfier était là avant toi XD
2014-08-11T16:20:53 <adriens33> c'est juste que ça fait un ptit moment qu'il est pas venu sur l'irc
2014-08-11T16:20:54 <adriens33> ;)
2014-08-11T16:20:58 <wildfier> c'est ça
2014-08-11T16:21:02 <Letarumavza> Bon, jeudi grillades ?
2014-08-11T16:21:10 <TrappyMobile> Ah
2014-08-11T16:21:13 <adriens33> (vu qu'il passe ses journées sur dark souls 2 XD)
2014-08-11T16:21:30 <wildfier> sur des streams de dark souls 2
2014-08-11T16:21:39 <wildfier> vu que je suis au taf dans la journée
2014-08-11T16:21:42 <wildfier> je peux pas jouer
2014-08-11T16:21:50 <wildfier> nuance importante ^^
2014-08-11T16:21:51 <adriens33> Letarumavza: moi j'suis partant, comme d'hab. par contre la météo est pas top, jeudi il pleut donc ça risque de pas être possible…
2014-08-11T16:21:59 <adriens33> wildfier: ah c'est con ça XD
2014-08-11T16:22:06 <Letarumavza> Barbeuc veranda mon cono
2014-08-11T16:22:13 <Letarumavza> osef de la flotte
2014-08-11T16:22:16 <TrappyMobile> Jpensais avoir trouvé un brony de bordeaux sur loe mais c'est lui qui m'a trouvé alors :p
2014-08-11T16:22:20 <heuzef> C'est nettoyé ? =D
2014-08-11T16:22:23 <adriens33> ah bah oui c'est vrai que la veranda est vidée maintenant xD
2014-08-11T16:22:26 <wildfier> TrappyMobile: ?
2014-08-11T16:22:38 <Letarumavza> heuzef, nettoyé c'est un peu excessif
2014-08-11T16:22:43 <Letarumavza> déblayé dirons nous.
2014-08-11T16:22:47 <heuzef> :D
2014-08-11T16:22:58 <adriens33> déblayé avec 75% dans le salon et 25% à la poubelle XD
2014-08-11T16:22:59 <Letarumavza> J'ai un frein famillial
2014-08-11T16:23:07 <Letarumavza> que dalle
2014-08-11T16:23:11 <TrappyMobile> C'est pas toi que j'ai vu sur loe hier matin, wildfier?
2014-08-11T16:23:17 <Letarumavza> mon beau père a sorti des trucs de la poubelle...
2014-08-11T16:23:18 <wildfier> nope
2014-08-11T16:23:32 <wildfier> j'ai toujours pas testé le jeu
2014-08-11T16:23:36 <Letarumavza> Et il a ramené un lampadaire naze trouvé dans les poubelles des voisins avant-hier...
2014-08-11T16:23:44 <heuzef> Oula
2014-08-11T16:24:18 <Letarumavza> Au prochain coups du genre je lui ai promis de lui mettre la tronche dans la dite poubelle.
2014-08-11T16:24:18 <TrappyMobile> :o comment ça se fait que je t'ai eu sur skype 5 min après que je l'ai donné a ce brony de loe? Oo
2014-08-11T16:24:24 <Letarumavza> Et j'ai dégagé cette merde.
2014-08-11T16:24:34 <heuzef> Syllogomanie ?
2014-08-11T16:24:37 <TrappyMobile> Je suis paumé la
2014-08-11T16:24:56 <Letarumavza> $doom TrappyMobile
2014-08-11T16:24:56 <Zecora_bot> You're doomed, trappymobile
2014-08-11T16:25:14 <wildfier> c'était pas moi ...
2014-08-11T16:25:21 <adriens33> j'ai passé une semaine à essayer d'égaliser le son de mon casque à l'oreille… et ce matin en deux coups d'analyse spectrale avec audacity j'ai enfin réussi o/
2014-08-11T16:25:24 <TrappyMobile> Sinon pour jeudi jpense pas pouvoir venir, je sors trop tard du taf
2014-08-11T16:25:33 <wildfier> hier matin je dormais anyway
2014-08-11T16:25:34 <adriens33> j'aime audacity, ça fait le café ce machin
2014-08-11T16:25:34 <TrappyMobile> Ah. Bon.
2014-08-11T16:25:42 <Zecora_bot> You're doomed, trappymobile
2014-08-11T16:26:23 <TrappyMobile> Curieuse coïncidence
2014-08-11T16:26:35 <wildfier> même pseudo ?
2014-08-11T16:26:39 <Letarumavza> Raaaaah
2014-08-11T16:26:41 <Letarumavza> Trappy
2014-08-11T16:26:54 <Letarumavza> C'est quoi cette lettre après le o dans ta phrase ?
2014-08-11T16:27:13 <Letarumavza> (elle me pose un problème de séquence d'échappement)
2014-08-11T16:27:14 <TrappyMobile> Son poney s'appelait différemment
2014-08-11T16:27:23 <TrappyMobile> Un i tremas, pkoi?
2014-08-11T16:27:30 <adriens33> att j'essaie
2014-08-11T16:27:32 <adriens33> ï
2014-08-11T16:27:34 <adriens33> Î
2014-08-11T16:27:45 <adriens33> ça donne quoi ?
2014-08-11T16:27:51 <Letarumavza> arretez les mecs, ça me push des conneries en ram
2014-08-11T16:27:56 <Letarumavza> Je pige pas d'où ça vient
2014-08-11T16:27:59 <adriens33> bah… c'est de l'utf8 oO
2014-08-11T16:28:04 <adriens33> ï
2014-08-11T16:28:05 <TrappyMobile> Bizarre
2014-08-11T16:28:07 <adriens33> Î
2014-08-11T16:28:26 <Letarumavza> essayez pas d'autres carac, je comprends pas d'où vient le lézard
2014-08-11T16:28:44 <Letarumavza> Ah non, trouvé
2014-08-11T16:28:47 <adriens33> ben si ça merde t'as qu'à déco et passer sur kiwiirc --"
2014-08-11T16:29:00 <Letarumavza> Je parle depuis un addon de zecora
2014-08-11T16:29:01 <adriens33> j'écris des ï si je veux non mais !
2014-08-11T16:29:24 <Letarumavza> (j'ai un poil fauché une partie des modules de hexchat au passage)
2014-08-11T16:29:45 <Letarumavza> J'ai trouvé, je suis bien en UTF8, mais pas sur la bonne norme iso
2014-08-11T16:29:55 <TrappyMobile> Au fait, question
2014-08-11T16:30:04 <Letarumavza> $quit
2014-08-11T16:30:04 *** Zecora_bot est parti
2014-08-11T16:30:17 <adriens33> ^^
2014-08-11T16:30:22 <adriens33> TrappyMobile: kewa ?
2014-08-11T16:30:25 *** Zecora_bot s'est connecté
2014-08-11T16:30:25 <Letarumavza> ?
2014-08-11T16:30:34 <TrappyMobile> Un conseil de client mail pour win7 rapide et sur qui soit ni foxmail ni thunderbird?
2014-08-11T16:30:54 <Letarumavza> outlook ?
2014-08-11T16:31:15 <TrappyMobile> Et gratuit? :p
2014-08-11T16:31:24 <adriens33> outlook ?
2014-08-11T16:31:29 <Letarumavza> gratuit avec windows outlook non ?
2014-08-11T16:31:30 <adriens33> j'ai jamais vu un truc aussi lourd XD
2014-08-11T16:31:34 <TrappyMobile> Et qui soit pas microsoft acessoirement?
2014-08-11T16:32:00 <Letarumavza> Tu veux un protocole POP3/SMTP ?
2014-08-11T16:32:23 <TrappyMobile> Avec imap aussi si possible
2014-08-11T16:32:31 <Letarumavza> netcat+cygwin
2014-08-11T16:32:35 <adriens33> XD
2014-08-11T16:32:46 <Letarumavza> correction
2014-08-11T16:32:51 <TrappyMobile> Erf y a rien en natif win7?
2014-08-11T16:32:55 <Letarumavza> ton prog habituel + cygwin
2014-08-11T16:33:11 <Letarumavza> cygwin +- aussi rapide que du natif
2014-08-11T16:33:17 <adriens33> TrappyMobile: quand tu seras sur un pc digne de ce nom tu peux toujours demander à google
2014-08-11T16:33:24 <adriens33> Letarumavza: normal c'est pas une émulation
2014-08-11T16:33:35 <adriens33> c'est une couche api différente
2014-08-11T16:33:37 <TrappyMobile> En fait j'ai foxmail mais y m'enerve a me demander des droits admin sans raison
2014-08-11T16:33:40 <Letarumavza> Bah c'est du call kernel directement. ^^
2014-08-11T16:33:46 <Letarumavza> ...
2014-08-11T16:34:01 <Letarumavza> C'est ça ton problème ?
2014-08-11T16:34:15 <TrappyMobile> Oui. Jtrouve ca pas net
2014-08-11T16:34:26 <Letarumavza> (les droits admins c'est parce qu'il fait des écritures disque depuis le net et qu'il est pas en whitelist.)
2014-08-11T16:34:29 <TrappyMobile> Un client mail a pas besoin des droits
2014-08-11T16:34:48 <Letarumavza> Perso j'utilise euh...
2014-08-11T16:34:55 <Letarumavza> ...
2014-08-11T16:35:14 <Letarumavza> Bon, j'utilise la version modernui d'outlook sous win8 pour la gestion de mes mails...
2014-08-11T16:35:14 <TrappyMobile> On peut avoir une whitelist dans win7?
2014-08-11T16:35:17 <adriens33> http://www.techradar.com/news/software/applications/windows-7-email-5-best-free-clients-903699
2014-08-11T16:35:30 *** heuzef est parti
2014-08-11T16:35:43 <adriens33> http://email.about.com/od/windowsemailclients/tp/free_email_prog.htm
2014-08-11T16:35:49 <adriens33> (premiers lien de monsieur google)
2014-08-11T16:35:53 <adriens33> *liens
2014-08-11T16:36:14 <TrappyMobile> Ah merki adriens33 jvais regarder. J'espere c'est pas celui que j'ai vu :p
2014-08-11T16:36:16 <Letarumavza> TrappyMobile, certains progs sont en whitelist registre via une signature typique, comme firefox.
2014-08-11T16:36:36 <adriens33> TrappyMobile: t'en as quelques uns de listés, donc t'as l'embaras du choix normalement
2014-08-11T16:36:42 <Letarumavza> De manière native, win ne considère pas firefox comme un prog dangereux du moment qu'il est singé, thunderbird idem.
2014-08-11T16:36:49 <adriens33> *signé
2014-08-11T16:37:13 <TrappyMobile> Tiens pegasus mail, j'aime le nom :p
2014-08-11T16:37:16 <Letarumavza> Marrant, une inversion de lettres == inversion de sens dans le cas présent.
2014-08-11T16:37:29 <Letarumavza> essayes incredimail ^^
2014-08-11T16:37:34 * Letarumavza trolldance.
2014-08-11T16:37:36 <adriens33> je vois qu'il y a pas que moi qui inverse des lettres à force de taper vite et sans regarder le clavier :p
2014-08-11T16:37:41 <TrappyMobile> Berk pas ce nid a adwares
2014-08-11T16:37:53 <Letarumavza> Pas nid à adware
2014-08-11T16:37:57 <Letarumavza> spyware tout court
2014-08-11T16:38:08 <Letarumavza> et en parapluie en plus.
2014-08-11T16:38:11 <TrappyMobile> Guère mieux lol
2014-08-11T16:38:16 <Letarumavza> Pire en fait
2014-08-11T16:38:25 <TrappyMobile> Heh
2014-08-11T16:38:38 *** heuzef s'est connecté
2014-08-11T16:38:50 <Letarumavza> Btw c'est quoi ton problème avec thunderbird
2014-08-11T16:38:50 <adriens33> le client mail d'Opera est passsé en standalone je crois, ça pourrait être pas mal à tester
2014-08-11T16:39:06 <Letarumavza> adriens33, si il est aussi bien codé que le nav...
2014-08-11T16:39:16 <TrappyMobile> Faut voir. J'aimais bien opera y a 10 ans ^^
2014-08-11T16:39:21 <Letarumavza> Autant garder thunderbird.
2014-08-11T16:39:30 <adriens33> ouais, mtn c'est juste chrome avec une UI différente --"
2014-08-11T16:39:35 <Letarumavza> D'ailleurs t'as quoi contre thunderbird ?
2014-08-11T16:39:45 <Letarumavza> adriens33, et plus de bugs
2014-08-11T16:39:48 <TrappyMobile> Je deco, jverrai ça en rentrant
2014-08-11T16:39:55 <adriens33> bah perso thunderbird est très bien mais il est un peu lourdaud à la longue --"
2014-08-11T16:39:57 <TrappyMobile> Thunderbird est louuuurd :p
2014-08-11T16:40:25 <TrappyMobile> Jre plus tard, merki entk ^^
2014-08-11T16:40:28 *** TrappyMobile est parti
2014-08-11T16:40:32 <Letarumavza> Si c'est juste pour du POP3/SMTP tu as déjà un module d'api en python 3
2014-08-11T16:40:43 <Letarumavza> (et thunderbird est très bien)
2014-08-11T16:40:51 <Letarumavza> J'aime les usines à gaz
2014-08-11T16:40:58 <adriens33> thunderbird est très bien mais devient super lourd au bout d'un moment…
2014-08-11T16:41:17 <Letarumavza> En quoi il devient lourd ?
2014-08-11T16:41:28 <adriens33> quand il freeze completement au démarrage pendant presque une minute ça devient super chiant…
2014-08-11T16:41:35 <Letarumavza> 0o
2014-08-11T16:41:38 <adriens33> au début tout va bien
2014-08-11T16:41:44 <adriens33> mais au bout d'un moment il s'alourdit
2014-08-11T16:42:02 <adriens33> l'idéal étant de supprimer totalement le profil tous les x semaines parce que sinon ça devient inutilisable…
2014-08-11T16:42:13 <adriens33> et le nettoyage des mails effacés ne suffit pas…
2014-08-11T16:42:26 <adriens33> (et ça me l'a toujours fait, que ce soit sous windows ou gnu/linux)
2014-08-11T16:42:37 <Letarumavza> hum... je pense que le coups de CCleaner quotidien que je lui colle éloigne ce bug
2014-08-11T16:42:51 <adriens33> ouais ben c'est chiant
2014-08-11T16:42:52 <Letarumavza> (mais CCleaner vide plus que les mails)
2014-08-11T16:43:34 <Letarumavza> Bah à la rigueur si c'est un fichier qui fait chier, un petit .bat qui clean automatiquement avant de lancer le prog et c'est bon.
2014-08-11T16:44:08 <Letarumavza> C'est pas comme si DEL "path" CALL "path" était un script long...
2014-08-11T16:44:16 <adriens33> …
2014-08-11T16:44:22 <wildfier> ou tu modifie le code source de l'app pour qu'elle le fasse toute seule :p
2014-08-11T16:44:35 <adriens33> ou sinon tu te prends pas la tête et tu changes de client.
2014-08-11T16:44:45 <Letarumavza> ...
2014-08-11T16:44:49 <wildfier> bas s'il est très bien à part ce point là
2014-08-11T16:44:50 <adriens33> c'est pas comme si on avait le choix non plus…
2014-08-11T16:44:53 <adriens33> oh wait.
2014-08-11T16:44:56 <Letarumavza> J'aurais peut être un poil oublié ce détail...
2014-08-11T16:44:57 <wildfier> c'est peut être contreproductif
2014-08-11T16:45:36 <Letarumavza> caramail est bugué...
2014-08-11T16:45:43 <adriens33> ça existe encore ce truc ?
2014-08-11T16:45:43 <Letarumavza> operamail*
2014-08-11T16:45:46 <adriens33> ah
2014-08-11T16:45:48 <adriens33> XD
2014-08-11T16:45:52 <adriens33> ouais genre.
2014-08-11T16:45:52 <Letarumavza> désolé, carrembolage cognitif.
2014-08-11T16:45:58 <Letarumavza> Et me traites pas de vieux.
2014-08-11T16:46:07 <adriens33> j'aurais du mal, j'suis plus âgé que toi XD
2014-08-11T16:46:30 <Letarumavza> Je pense pas que ça te retiendrais...
2014-08-11T16:46:30 <adriens33> jsuis voûté, j'suis myope et je râle tout le temps.
2014-08-11T16:46:34 <adriens33> ici c'est moi le vieux XD
2014-08-11T16:46:41 <adriens33> [/autotroll]
2014-08-11T16:47:03 <Letarumavza> Moi je rale, je vis dans le noir, j'ai un long manteau, le teint pâle, une attirance pour les cimetières...
2014-08-11T16:47:12 <Letarumavza> Oh merde, chuis la mort...
2014-08-11T16:47:15 <adriens33> XD
2014-08-11T16:47:20 <Letarumavza> (domage, je préfère faire tché tché)
2014-08-11T16:47:33 * adriens33 prend peur et s'en va *
2014-08-11T16:47:37 <adriens33> cédémalades !!
2014-08-11T16:47:42 <adriens33> c'est des malades !!
2014-08-11T16:47:48 <Letarumavza> Mesire un sarazin
2014-08-11T16:47:48 <adriens33> - c'est sorcellerie !!
2014-08-11T16:48:18 <adriens33> la carriolle est toute en métal et y'a point d'bœufs pour tirer !
2014-08-11T16:48:20 <Letarumavza> Dans une chariotte du diable, c'es tout ferre y'a poin de boeuf pour tirer
2014-08-11T16:48:26 <adriens33> (oui voilà)
2014-08-11T16:48:39 <Letarumavza> (il me semble que l'orthographe du vieux françois est exacte)
2014-08-11T16:48:48 <adriens33> (si tu le dis)
2014-08-11T16:48:53 <Letarumavza> Mais ça fait un bail que j'en ai pas fait...
2014-08-11T16:48:55 <adriens33> (j'aime les parenthèses)
2014-08-11T16:49:02 <Letarumavza> Yep
2014-08-11T16:49:07 <Letarumavza> (.)(.)
2014-08-11T16:49:10 <adriens33> ^_^
2014-08-11T16:49:13 <Letarumavza> C'est cool les parenthèses ^^
2014-08-11T16:49:19 <adriens33> ((( o Y o )))
2014-08-11T16:49:33 <Letarumavza> owlicious ?
2014-08-11T16:49:36 <adriens33> XD
2014-08-11T16:49:45 <Letarumavza> who ?
2014-08-11T16:49:46 <adriens33> hoo !
2014-08-11T16:50:01 <Letarumavza> who who ?
2014-08-11T16:50:06 <adriens33> hooo !
2014-08-11T16:50:25 <Letarumavza> Tain le cramage de cable de spyke.
2014-08-11T16:50:28 <owlicious> hoo
2014-08-11T16:50:35 <owlicious> hoo
2014-08-11T16:50:43 <Zecora_bot> You're doomed, owlicious
2014-08-11T16:50:45 <owlicious> hoo
2014-08-11T16:51:21 <Zecora_bot> You're doomed, letarumavza
2014-08-11T16:51:42 <Letarumavza> I see what you did there.
2014-08-11T16:51:55 <adriens33> forcément, t'as la console sous le pif ^^
2014-08-11T16:52:01 <adriens33> tricheur
2014-08-11T16:52:17 <Letarumavza> Tain...
2014-08-11T16:52:26 <Letarumavza> J'ai encore oublié de commit zecora...
2014-08-11T16:52:33 <Letarumavza> !
2014-08-11T16:52:46 <Letarumavza> Je vais la faire s'auto-commit sur github quand je la lance.
2014-08-11T16:53:04 <adriens33> ^_^
2014-08-11T16:53:15 <adriens33> salut feignasse!
2014-08-11T16:53:23 <feignasse> D'ailleurs...
2014-08-11T16:53:46 <feignasse> $kick wildfier "dégat-collatéral."
2014-08-11T16:53:50 <bachibouzouk> oO
2014-08-11T16:53:56 <bachibouzouk> ce nick a été register
2014-08-11T16:53:59 <bachibouzouk> yadéfouici
2014-08-11T16:54:13 <Letarumavza> $kick wildfier "dégat-collatéral."
2014-08-11T16:54:21 <Letarumavza> 0o
2014-08-11T16:54:29 <Letarumavza> ok, deux problèmes là.
2014-08-11T16:54:50 <adriens33> bah elle t'obéit pas quand t'as pas ton pseudo
2014-08-11T16:54:52 <Letarumavza> d'une part, non prise en compte de la raison de kick.
2014-08-11T16:54:54 <adriens33> ah
2014-08-11T16:54:57 <adriens33> là ok
2014-08-11T16:55:06 <adriens33> t'as pas oublié de prendre l'argument en compte tout simplement ?
2014-08-11T16:55:12 <adriens33> vu q'elle te sort "ordres-du-chef"
2014-08-11T16:55:16 <Letarumavza> Et d'autre part, elle se focus encore sur le nick alors qu'elle est sensée se focus sur l'IP
2014-08-11T16:55:19 <adriens33> (et tu peux mettre des espaces d'ailleurs ^^)
2014-08-11T16:55:41 <adriens33> (suffit d'échapper la phrase avec : avant de mémoire)
2014-08-11T16:55:45 <Berry-Punch> Flags de  modifiés *hic* : +o
2014-08-11T16:55:45 <adriens33> !op
2014-08-11T16:55:49 <Letarumavza> Nop, je peux pas mettre d'espaces, je parse la ligne et je prend le 3° argument.
2014-08-11T16:55:50 <Berry-Punch> Flags *hic* de adriens33 modifiés : +o
2014-08-11T16:55:50 <adriens33> !op adriens33
2014-08-11T16:56:35 <Berry-Punch> Flags de adriens33 modifiés : -o *hic* 
2014-08-11T16:56:35 <adriens33> !deop adriens33
2014-08-11T16:56:39 <adriens33> ouaip
2014-08-11T16:56:48 <adriens33> KICK #bronycub <nick> :Raison du kick
2014-08-11T16:57:15 *** Letarumavza s'est connecté
2014-08-11T16:57:19 <adriens33> donc
2014-08-11T16:57:20 <adriens33> je disais
2014-08-11T16:57:21 <adriens33> KICK #bronycub <nick> :Raison du kick
2014-08-11T16:57:34 <Letarumavza> Je sais lire la console de zecora ^^
2014-08-11T16:57:37 <adriens33> t'as qu'à faire que tous les arguments à partir du 3e font partie de la raison
2014-08-11T16:57:55 <adriens33> et penser à coller un : avant
2014-08-11T16:58:21 <Letarumavza> oh le con...
2014-08-11T16:58:27 <adriens33> bakwa ?
2014-08-11T16:58:49 <Letarumavza> J'ai revert deux générations de modifs sur zecora à cause d'un backup.
2014-08-11T16:58:53 <adriens33> XD
2014-08-11T16:58:56 <adriens33> pas doué !
2014-08-11T16:59:01 <adriens33> [troll]
2014-08-11T16:59:16 <adriens33> espèce de pebkac va
2014-08-11T16:59:24 <Letarumavza> j'ai copié depuis mon backup au lieu de vers mon backup. puisque depuis l'autre connerie de pilote qui bugait le nom des disques est inversé
2014-08-11T16:59:30 <adriens33> ah
2014-08-11T16:59:39 <Letarumavza> Et comme c'est un script automatique...
2014-08-11T16:59:55 <Letarumavza> En fait je viens de voir que les deux disques sont inversés maintenant.
2014-08-11T17:00:16 <Letarumavza> pas vraiment un pebkac
2014-08-11T17:00:34 <Letarumavza> C'est une procédure automatisée qui plante à cause d'une modification induite par un bug matériel.
2014-08-11T17:01:10 <Letarumavza> Oh en parlant d'erreurs
2014-08-11T17:01:20 <Letarumavza> tu voudras qu'on standardise nos returns ?
2014-08-11T17:01:42 <Letarumavza> histoire qu'on puisse débuger nos progs l'un l'autre ?
2014-08-11T17:02:04 <adriens33> why not
2014-08-11T17:02:13 <adriens33> putain…
2014-08-11T17:02:18 <adriens33> j'aime ce casque…
2014-08-11T17:02:28 <adriens33> l'acoustique est un poil mal réglée de base…
2014-08-11T17:02:32 <adriens33> mais quand tu corrige ça…
2014-08-11T17:02:38 <adriens33> bordel que c'est bon un son pareil *.*
2014-08-11T17:02:41 <Letarumavza> Perso j'emploie des lettres greques selon la catégorie d'erreur, et un code hexa de 8 caracs pour la définir.
2014-08-11T17:02:42 <adriens33> (vive le néodyme)
2014-08-11T17:03:21 <Letarumavza> L'accoustique, le seul domaine dans lequel le graphène ne sert à rien
2014-08-11T17:03:34 <Letarumavza> (C'est un isolant accoustique et magnétique.
2014-08-11T17:03:35 <adriens33> suffit d'avoir une bonne oreille et de savoir utiliser son matos
2014-08-11T17:03:42 <adriens33> c'est tout
2014-08-11T17:03:52 <adriens33> j'ai réussi à corriger ça en deux minutes d'analyse:
2014-08-11T17:04:00 <Letarumavza> Ouais...
2014-08-11T17:04:01 <adriens33> génération d'un bruit blanc+analyse du retour
2014-08-11T17:04:08 <adriens33> c'est tellement simple…
2014-08-11T17:04:12 <adriens33> mais tellement efficace XD
2014-08-11T17:04:16 <Letarumavza> Ou sinon tu compares le courrant de retour entre un son droit et un son gauche
2014-08-11T17:04:27 <Letarumavza> Et t'équilibres avec précision...
2014-08-11T17:04:31 <adriens33> j'ai réussi à mettre la main sur ce putain de réglage que je cherchais depuis une semaine !
2014-08-11T17:04:44 <adriens33> (j'ai fait ça avec un analyseur de spectre en testant sur de la zic)
2014-08-11T17:05:19 <adriens33> (pour vérifier apres)
2014-08-11T17:05:29 <adriens33> comparer le courant ?
2014-08-11T17:05:30 <adriens33> hmm…
2014-08-11T17:06:14 <adriens33> je peux pas brancher mon casque à la fois sur la sortie son et sur l'entrée
2014-08-11T17:06:17 <adriens33> j'ai pas de té
2014-08-11T17:06:25 <adriens33> mais indeed ça serait pas con
2014-08-11T17:07:05 <adriens33> par contre le truc qui est horrible
2014-08-11T17:07:19 <adriens33> c'est que là quand le son est compressé ça s'entend beaucoup --"
2014-08-11T17:07:28 <adriens33> (entre le casque et ma carte son…)
2014-08-11T17:08:15 <Letarumavza> $quit
2014-08-11T17:08:15 *** Zecora_bot est parti
2014-08-11T17:08:39 *** Zecora_bot s'est connecté
2014-08-11T17:08:39 *** Zecora_bot est parti
2014-08-11T17:08:44 <adriens33> dafuq ?$
2014-08-11T17:09:30 *** Zecora_bot s'est connecté
2014-08-11T17:10:05 *** Zecora_bot est parti
2014-08-11T17:10:14 *** Zecora_bot s'est connecté
2014-08-11T17:12:15 *** Zecora_bot est parti
2014-08-11T17:13:46 *** Zecora_bot s'est connecté
2014-08-11T17:14:02 *** Zecora_bot est parti
2014-08-11T17:15:34 *** Lezarius1 est parti
2014-08-11T17:15:45 *** Zecora_bot s'est connecté
2014-08-11T17:15:45 *** Zecora_bot est parti
2014-08-11T17:16:57 *** Zecora_bot s'est connecté
2014-08-11T17:17:42 *** wildfier s'est connecté
2014-08-11T17:17:47 <wildfier> c'était quoi ce ban gratuit ? oO
2014-08-11T17:17:47 *** Zecora_bot est parti
2014-08-11T17:17:51 <wildfier> enfin kick
2014-08-11T17:17:57 <adriens33> leta qui teste son bot
2014-08-11T17:18:07 *** Zecora_bot s'est connecté
2014-08-11T17:18:10 *** Zecora_bot est parti
2014-08-11T17:18:23 <wildfier> mais teste le sur des utilisateurs de test !
2014-08-11T17:18:45 *** Zecora_bot s'est connecté
2014-08-11T17:18:50 <adriens33> XD
2014-08-11T17:18:56 <Letarumavza> î
2014-08-11T17:19:05 <Letarumavza> well... fuck it
2014-08-11T17:19:10 *** Zecora_bot est parti
2014-08-11T17:19:53 <Letarumavza> wild, tu refuses de participer aux progrès de la science ?
2014-08-11T17:20:19 <Letarumavza> (et à ma tentative d'amélioration de mon bot en étant sous opiacés ?)
2014-08-11T17:20:33 <wildfier> je refuse d'être un dégât collatéral
2014-08-11T17:20:37 <wildfier> XD
2014-08-11T17:20:38 <adriens33> XD
2014-08-11T17:21:44 <heuzef> opiacés toi même
2014-08-11T17:22:31 *** Zecora_bot s'est connecté
2014-08-11T17:22:59 <Letarumavza> flo ?
2014-08-11T17:23:04 <Letarumavza> Tu m'en veux pas ?
2014-08-11T17:23:28 <wildfier> comment t'es en train de te mettre à dos tout le monde XD
2014-08-11T17:23:43 <adriens33> non mais leta je peux te coller un +b si tu veux,hein
2014-08-11T17:23:47 <adriens33> t'as qu'à demander XD
2014-08-11T17:23:49 <Letarumavza> Oh et c'est bon, c'est juste un kick, avec un autologin on le sent même pas ^^
2014-08-11T17:24:12 <adriens33> rhâ fait chier je peux même plus te la faire c'te vanne !
2014-08-11T17:24:13 <Letarumavza> si je pouvais je rajouterai même une invocation après le kick pour les tests
2014-08-11T17:24:16 <Letarumavza> mais pas possible.
2014-08-11T17:24:24 <Letarumavza> Bah non ^^
2014-08-11T17:24:31 <adriens33> enfoirure !
2014-08-11T17:24:39 <adriens33> :p
2014-08-11T17:24:40 <Letarumavza> bisou bisou ma puce ^^
2014-08-11T17:24:43 <adriens33> heu…
2014-08-11T17:24:45 <adriens33> nope
2014-08-11T17:24:47 <adriens33> nope nope nope
2014-08-11T17:24:50 <adriens33> :D
2014-08-11T17:24:53 <Letarumavza> ^^
2014-08-11T17:24:58 <wildfier> XD
2014-08-11T17:25:11 <Letarumavza> Dites, heuzef est afk ?
2014-08-11T17:25:24 <heuzef> ?
2014-08-11T17:25:29 <adriens33> afk ? comme Away From Kerbal ?
2014-08-11T17:25:31 <adriens33> XD
2014-08-11T17:25:38 <adriens33> *Kerbin
2014-08-11T17:25:39 <adriens33> pardon
2014-08-11T17:25:39 <Letarumavza> Tu veux bien participer à un projet pour bronycub flo ?
2014-08-11T17:25:49 <heuzef> ?
2014-08-11T17:25:52 *** TrappyTickles s'est connecté
2014-08-11T17:26:19 *** Zecora_bot est parti
2014-08-11T17:27:19 *** Zecora_bot s'est connecté
2014-08-11T17:27:37 <wildfier> tiens adriens33
2014-08-11T17:27:40 <wildfier> pour te défendre
2014-08-11T17:27:41 <wildfier> http://www.allmystery.de/i/td8733e_RdnlMpm.gif
2014-08-11T17:27:47 <TrappyTickles> re
2014-08-11T17:27:50 <adriens33> XD
2014-08-11T17:27:51 <adriens33> re trapy
2014-08-11T17:27:53 <adriens33> *trappy
2014-08-11T17:28:12 <adriens33> GRAAAA
2014-08-11T17:28:15 *** Zecora_bot est parti
2014-08-11T17:28:15 <adriens33> JE HAIS LE MP3
2014-08-11T17:28:20 <adriens33> c'est tellement moche >_<
2014-08-11T17:28:31 <adriens33> JE VEUX DU FLAC snife :'(
2014-08-11T17:28:43 <heuzef> Au faite on à toujours pas de responsable JDR pour Dimanche :(
2014-08-11T17:28:53 *** Zecora_bot s'est connecté
2014-08-11T17:28:53 <heuzef> Personne qui veux faire le MJ ?
2014-08-11T17:29:01 <adriens33> bah faut que tu prospectes flo ^^
2014-08-11T17:29:04 * Letarumavza is now playing: Machinae Supremacy - A View From the End of the World
2014-08-11T17:29:39 <heuzef> adriens33 et bien c'est qu je fais, même si ça m'ennuie que personne ne prenne l'initiative
2014-08-11T17:29:56 *** Zecora_bot est parti
2014-08-11T17:30:10 *** Zecora_bot s'est connecté
2014-08-11T17:30:20 <heuzef> ValCab33 présent ? :/
2014-08-11T17:30:25 *** Zecora_bot est parti
2014-08-11T17:30:51 *** Zecora_bot s'est connecté
2014-08-11T17:31:15 *** Zecora_bot est parti
2014-08-11T17:31:35 <Letarumavza> Putain !
2014-08-11T17:32:39 *** Zecora_bot s'est connecté
2014-08-11T17:33:22 <Letarumavza> $version
2014-08-11T17:33:22 <Zecora_bot> version prototype-0.003
2014-08-11T17:33:48 <Letarumavza> Déjà la 30° modif du prototype.
2014-08-11T17:35:59 <Letarumavza> $quit
2014-08-11T17:35:59 *** Zecora_bot est parti
2014-08-11T17:36:53 *** Zecora_bot s'est connecté
2014-08-11T17:37:04 *** Zecora_bot est parti
2014-08-11T17:37:15 *** Zecora_bot s'est connecté
2014-08-11T17:37:36 <Letarumavza> $version
2014-08-11T17:37:36 <Zecora_bot> v0.0031
2014-08-11T17:37:45 <Letarumavza> mieux
2014-08-11T17:38:10 <Letarumavza> J'ai param np++ pour qu'il incrémente la valeur de 1 à chaque save automatiquement.
2014-08-11T17:38:21 <Letarumavza> (enfin, de 0.0001 en fait)
2014-08-11T17:40:41 <TrappyTickles> oh btw mon trip de ce weekend https://www.youtube.com/watch?v=NVCq8UUdf4Q
2014-08-11T17:42:51 *** zecora_bot_targe s'est connecté
2014-08-11T17:43:37 *** Zecora_bot est parti
2014-08-11T17:45:07 <wildfier> je rentre
2014-08-11T17:45:09 <wildfier> ++
2014-08-11T17:45:11 *** wildfier est parti
2014-08-11T17:46:17 *** Zecora_bot s'est connecté
2014-08-11T17:46:49 *** Zecora_bot est parti
2014-08-11T17:47:10 *** Zecora_bot s'est connecté
2014-08-11T17:48:00 *** Zecora_bot est parti
2014-08-11T17:48:10 *** Zecora_bot s'est connecté
2014-08-11T17:50:13 *** Zecora_bot est parti
2014-08-11T17:50:39 *** Zecora_bot s'est connecté
2014-08-11T17:51:38 *** Zecora_bot est parti
2014-08-11T18:00:41 *** Zecora_bot s'est connecté
2014-08-11T18:00:52 *** heuzef est parti
2014-08-11T18:01:56 *** Zecora_bot est parti
2014-08-11T18:02:03 *** heuzef s'est connecté
2014-08-11T18:02:11 *** Zecora_bot s'est connecté
2014-08-11T18:03:36 *** Zecora_bot est parti
2014-08-11T18:03:54 *** Zecora_bot s'est connecté
2014-08-11T18:04:52 *** Zecora_bot est parti
2014-08-11T18:05:04 *** Zecora_bot s'est connecté
2014-08-11T18:05:12 <Letarumavza> ok ça pue la faute de frappe quelque part...
2014-08-11T18:06:42 <Letarumavza> $kick zecora_bot_targe For Science !
2014-08-11T18:07:57 *** Zecora_bot est parti
2014-08-11T18:10:30 *** Zecora_bot s'est connecté
2014-08-11T18:10:35 <Letarumavza> $kick zecora_bot_targe For Science !
2014-08-11T18:10:52 <Letarumavza> Donc là ça marche
2014-08-11T18:11:04 *** zecora_bot_targe s'est connecté
2014-08-11T18:12:04 *** Zecora_bot est parti
2014-08-11T18:12:07 <Bybeez> il y a pas un souci sur le motif ?
2014-08-11T18:12:12 *** Zecora_bot s'est connecté
2014-08-11T18:12:31 <Letarumavza> $kick zecora_bot_targe For Science !
2014-08-11T18:12:41 <Letarumavza> presque !
2014-08-11T18:12:46 <Bybeez> Ouaip
2014-08-11T18:12:58 *** Zecora_bot est parti
2014-08-11T18:13:08 <adriens33> faut mettre ":" avant la raison de l'expulsion Letarumavza…
2014-08-11T18:13:14 <adriens33> à tous les coups c'est ça que t'as oublié
2014-08-11T18:13:24 <adriens33> (sinon il prend que le 1er mot en compte)
2014-08-11T18:13:49 <Letarumavza> ...
2014-08-11T18:13:54 <Letarumavza> J'ai fait plus con...
2014-08-11T18:14:06 <Letarumavza> J'ai ajouté le :
2014-08-11T18:14:14 <adriens33> mais ?
2014-08-11T18:14:34 <Letarumavza> Et je l'ai fait virer juste derrière avec les autres séparateurs de liste dans mon .join(string)
2014-08-11T18:15:06 <Letarumavza> Va savoir pourquoi il le vire
2014-08-11T18:15:32 *** Zecora_bot s'est connecté
2014-08-11T18:15:33 *** zecora_bot_targe s'est connecté
2014-08-11T18:15:55 <Letarumavza> $kick zecora_bot_targe For Science !
2014-08-11T18:16:05 *** zecora_bot_targe s'est connecté
2014-08-11T18:17:19 <Letarumavza> bon...
2014-08-11T18:17:42 <adriens33> ça ça marche :)
2014-08-11T18:17:47 <Zecora_bot> You're doomed, adriens33
2014-08-11T18:18:19 <Letarumavza> étrange.
2014-08-11T18:18:48 <Letarumavza> C'est la même variable qui définit le canal dans les deux cas
2014-08-11T18:18:59 <Letarumavza> Et pourtant une demande de kick par mp ne passe pas.
2014-08-11T18:19:05 <Letarumavza> alors que le doom passe.
2014-08-11T18:19:15 *** zecora_bot_targe est parti
2014-08-11T18:19:31 <Letarumavza> Et les deux sont dans la même fonction, à des "if" différents.
2014-08-11T18:20:54 <Letarumavza> found
2014-08-11T18:21:04 <Letarumavza> L'un passe par le socket l'autre par un send
2014-08-11T18:22:46 *** Zecora_bot est parti
2014-08-11T18:23:01 *** Zecora_bot s'est connecté
2014-08-11T18:23:11 <Letarumavza> oh merde
2014-08-11T18:23:24 <Letarumavza> ça c'était pas prévu...
2014-08-11T18:23:47 <Letarumavza> Pourquoi ça a fait ça ?
2014-08-11T18:23:55 *** adriens33 s'est connecté
2014-08-11T18:23:57 <adriens33> …
2014-08-11T18:24:00 <adriens33> seriously ?
2014-08-11T18:24:05 <Berry-Punch> Voilà ce qu'il s'est passé ces 10 dernières lignes, Letarumavza *hic* 
2014-08-11T18:24:06 <Letarumavza> !history
2014-08-11T18:24:24 <Bybeez> XD
2014-08-11T18:24:26 *** Letarumavza s'est connecté
2014-08-11T18:24:26 <adriens33> nonmé
2014-08-11T18:24:34 <Letarumavza> Bon.bon, trouvé
2014-08-11T18:24:43 <Letarumavza> C'est vicelard
2014-08-11T18:24:58 <Letarumavza> La denière personne qui avait pris une commande exécutée  c'était toi.
2014-08-11T18:25:05 <adriens33> wut
2014-08-11T18:25:05 <adriens33> ?
2014-08-11T18:25:11 <Letarumavza> (le doom)
2014-08-11T18:25:40 <Letarumavza> Quand j'ai renvoyé la commande de kick, j'ai ciblé un nick inexistant, donc elle a lu ce qui se trouvait à l'emplacement mémoire.
2014-08-11T18:25:53 <Letarumavza> aka toi.
2014-08-11T18:26:08 <Letarumavza> c'est vraiment pas de bol
2014-08-11T18:26:16 <Letarumavza> Normalement ça devrait même pas se produire.
2014-08-11T18:26:42 *** ValCab33 est parti
2014-08-11T18:27:05 <Letarumavza> Bon, ceci dit, problème réglé
2014-08-11T18:27:12 <Letarumavza> le kick fonctionne à pleine capacité
2014-08-11T18:27:20 *** ValCab33 s'est connecté
2014-08-11T18:27:20 <Letarumavza> Et le problème des commandes par mp est fix
2014-08-11T18:27:37 <Letarumavza> $quit
2014-08-11T18:27:38 *** Zecora_bot est parti
2014-08-11T18:27:46 *** Zecora_bot s'est connecté
2014-08-11T18:28:01 <Letarumavza> $version
2014-08-11T18:28:02 <Zecora_bot> v0.0034
2014-08-11T18:59:40 *** Zecora_bot est parti
2014-08-11T18:59:52 *** Zecora_bot s'est connecté
2014-08-11T19:00:07 <Letarumavza> Et voila
2014-08-11T19:09:40 *** ludvannn s'est connecté
2014-08-11T19:09:40 *** ludvann s'est connecté
2014-08-11T19:09:42 *** ludvann est parti
2014-08-11T19:09:42 *** ludvannn est parti
2014-08-11T19:28:52 *** heuzef est parti
2014-08-11T20:11:49 *** wildfier s'est connecté
2014-08-11T20:17:09 *** ludvann s'est connecté
2014-08-11T20:17:22 <ludvann> Salut
2014-08-11T20:19:30 <adriens33> salut
2014-08-11T20:19:41 <ludvann> ça va ?
2014-08-11T20:19:42 <Bybeez> Lulu !
2014-08-11T20:19:46 <ludvann> ?
2014-08-11T20:19:49 <Bybeez> Moi je vais bien et toi !
2014-08-11T20:19:56 <ludvann> bien :)
2014-08-11T20:21:55 <ludvann> bon je vous laisse pour un petit moment, je vais regarder une série :)
2014-08-11T20:23:01 *** TrappyTickles est parti
2014-08-11T20:24:52 *** TrappyTickles s'est connecté
2014-08-11T20:25:36 <TrappyTickles> ok je viens de subir le bug le plus bizarre et énervant que j'ai jaamis eu avec win7
2014-08-11T20:26:29 <wildfier> mais encore ?
2014-08-11T20:26:55 <TrappyTickles> mon clavier s'est soudainement arrêté d'écrire et sa loupiotte continuait de marcher
2014-08-11T20:27:06 <TrappyTickles> quelque soit l'endroit, je pouvais plus écrire, j'ai été obligé de redémarrer
2014-08-11T20:31:00 <adriens33> oO
2014-08-11T21:33:27 *** MaCharon s'est connecté
2014-08-11T21:38:11 <Bybeez> hey !
2014-08-11T21:40:10 <MaCharon> slt
2014-08-11T21:45:14 <Bybeez> Les gens conseil d'anime s'il-vous plait
2014-08-11T21:46:59 <MaCharon> du style ?
2014-08-11T21:49:02 <Bybeez> Je sais pas, donne un que tu trouve très bien (pas super long si possible ^^)
2014-08-11T21:50:03 <MaCharon> les longs sont généralement mailleur
2014-08-11T21:50:11 <MaCharon> meilleur*
2014-08-11T21:50:48 <MaCharon> cherche RWBY c'est plus de l'animation mais tellement génial
2014-08-11T21:51:51 <ludvann> re !
2014-08-11T21:52:02 <MaCharon> slt
2014-08-11T21:52:07 <ludvann> ça va ?
2014-08-11T21:52:28 <MaCharon> tranquille tranquille ^^
2014-08-11T21:52:39 <ludvann> c'est cool ça :)
2014-08-11T21:53:06 <MaCharon> ben je suis dans ma semaine de vacances
2014-08-11T21:54:08 *** ludvannn s'est connecté
2014-08-11T21:54:14 <ludvannn> wat ?
2014-08-11T21:54:22 <ludvannn> je me sui déco d'un coup...
2014-08-11T21:54:26 <ludvannn> suis*
2014-08-11T21:54:44 <MaCharon> t'es vert maintenant ^^
2014-08-11T21:54:49 <ludvannn> ?
2014-08-11T21:54:58 <ludvannn> je re
2014-08-11T21:55:01 *** ludvannn est parti
2014-08-11T21:55:26 <Bybeez> Je viens juste de finir RWBY hier T.T
2014-08-11T21:55:30 *** ludvannn s'est connecté
2014-08-11T21:55:39 <ludvannn> grumblblblb
2014-08-11T21:55:43 <ludvannn> grumblblblbl*
2014-08-11T21:55:44 <MaCharon> ah le con XD
2014-08-11T21:56:03 <ludvannn> je doit attendre que ludvann timeout...
2014-08-11T21:56:47 <Bybeez> XD
2014-08-11T21:57:36 <ludvannn> tu veux que je te morde les fesses Bybeez ?
2014-08-11T21:57:45 <Bybeez> Non, merci
2014-08-11T21:58:00 <Bybeez> Mais propose moi un anime sympa et pas trop long
2014-08-11T21:58:02 *** ludvann est parti
2014-08-11T21:58:11 <Bybeez> (genre moins de 100 episode)
2014-08-11T21:58:22 *** wildfier est parti
2014-08-11T21:58:26 <ludvannn> yay !
2014-08-11T21:58:43 <ludvann> hum...
2014-08-11T21:59:02 <ludvann> faudrais déjà que je m'intéresse au animé....
2014-08-11T21:59:17 <MaCharon> densetsu no yuusha no densetsu (je sais pas l'orthographe exact)
2014-08-11T21:59:47 <MaCharon> de l'heroic fantasy
2014-08-11T22:00:02 <Bybeez> Merci, je jette un coup d'oeil
2014-08-11T22:00:31 <MaCharon> la fain est nulle mais l'anime est génial je trouve
2014-08-11T22:00:35 <MaCharon> fin*
2014-08-11T22:00:56 <ludvann> sinon
2014-08-11T22:01:02 *** wildfier s'est connecté
2014-08-11T22:01:03 <Bybeez> Ah, perso je viens de finir zetsuen no Tempest, tu connais ?
2014-08-11T22:01:14 <ludvann> je peux te proposer ça même si c'est pas un anime... bit.ly/1r5KDGD
2014-08-11T22:01:16 <MaCharon> ouai, un bon anime
2014-08-11T22:01:31 <Bybeez> Ouaip j'ai adoré perso
2014-08-11T22:02:19 <ludvann> les opérateurs... Tellement absurde comme web série xD
2014-08-11T22:02:36 <ludvann> (tu l'as boucle en même pas 1h...
2014-08-11T22:02:37 <ludvann> )
2014-08-11T22:02:56 <Bybeez> Je jetterai un coup d'oeil aussi ^^
2014-08-11T22:03:04 <ludvann> ok :D
2014-08-11T22:04:13 <ludvann> sinon j'ai Game of Throne ^^
2014-08-11T22:04:34 <MaCharon> :p
2014-08-11T22:04:43 <Bybeez> vu/lu
2014-08-11T22:04:51 <ludvann> 4 saison ; 39Go
2014-08-11T22:04:57 <ludvann> saisons*
2014-08-11T22:05:10 <wildfier> quelqu'un qui connait les opérateurs ... chapeau, je note ^^
2014-08-11T22:05:20 <ludvann> quoi ?
2014-08-11T22:05:32 <ludvann> cépabi1 ?
2014-08-11T22:05:38 <wildfier> au contraire
2014-08-11T22:05:40 <ludvann> bien*
2014-08-11T22:05:42 <wildfier> c'est pas assez connu
2014-08-11T22:05:43 <ludvann> :D
2014-08-11T22:06:23 <ludvann> désolé je peux pas vous payer un café, j'ai un problème de boules
2014-08-11T22:06:24 <ludvann> xD
2014-08-11T22:07:06 <ludvann> tellement epic ces moments xD
2014-08-11T22:07:33 <ludvann> j'ai l'impression de faire un monologue
2014-08-11T22:07:41 <ludvann> vous je sais pas mais moi oui
2014-08-11T22:07:46 <ludvann> enfin bon bref...
2014-08-11T22:08:00 <ludvann> je me sens pas seul comme je suis avec Freud
2014-08-11T22:08:06 <ludvann> :D
2014-08-11T22:08:11 <wildfier> mais elle fait quoi concrètement cette boite ?
2014-08-11T22:08:21 <ludvann> et bien elle opère
2014-08-11T22:08:44 <wildfier> et le mec qui devient "opérateur opérationel"
2014-08-11T22:08:52 *** Ambrocidus s'est connecté
2014-08-11T22:09:13 <ludvann> xD
2014-08-11T22:09:35 *** Ambrocidus est parti
2014-08-11T22:09:56 <ludvann> tu m'as donné envie de regarder à nouveau ^^
2014-08-11T22:11:35 <wildfier> hehe !
2014-08-11T22:17:16 <Letarumavza> @+
2014-08-11T22:17:23 *** Letarumavza est parti
2014-08-11T22:22:57 <wildfier> j'y vais aussi
2014-08-11T22:22:58 <wildfier> bye /)
2014-08-11T22:23:01 <adriens33> bonnenuit
2014-08-11T22:23:11 *** wildfier est parti
2014-08-11T22:32:44 <ludvann> pouin pouin pouiiiiiiiinnn !
2014-08-11T22:33:53 <ludvann> tel le canard glissant sur la banquise pour rejoindre l'océan
2014-08-11T22:35:03 <ludvann> avec les rhinocéros mangeant des cacahouètes au piment
2014-08-11T22:35:43 <ludvann> tout en dansant avec les porc la macaréna sur une byciclette à réaction
2014-08-11T22:36:56 <ludvann> parce que la machine à laver nucléaire à piquée la brebis du disque dur de l'Emira arabe des disquettes
2014-08-11T22:37:10 <adriens33> ludvann, t'as trop bu, va  te coucher.
2014-08-11T22:37:10 <Berry-Punch> Non, c'est même *hic* pas vrai d'abord !
2014-08-11T22:37:25 <adriens33> (c'est là que t'es sensé dire « oui papaaa, bonne nuit !! »)
2014-08-11T22:37:28 <adriens33> (chut toi)
2014-08-11T22:37:38 <ludvann> oui pôpa
2014-08-11T22:37:48 <adriens33> ^^
2014-08-11T22:37:55 <ludvann> et ça fais que commencer :D
2014-08-11T22:39:45 <ludvann> si je prends en comprte le deutérium des bananes, est-ce que les vaches iront sur la lune lors d'une rencontre de mouches en paquebot sur les plages de Dijon ?
2014-08-11T22:40:24 <adriens33> putain mais tu devrais inventer des pitch de jeux vidéo toi… (le pitch c'est l'idée globale du jeu)
2014-08-11T22:40:34 <adriens33> niveau randomness je sais pas  si y'a plus ^^
2014-08-11T22:40:35 <ludvann> ^^
2014-08-11T22:41:15 <ludvann> le meilleur que j'ai vu était:
2014-08-11T22:42:59 <ludvann> Un réacteur de produit vaisselles est-il du à un chimpanzé faisant du skate en chaussures jaunes ? Car il me semble que ma lampe danse en regardant la télévision pour faire des queues de souris sur des pommes de terre
2014-08-11T22:43:12 <adriens33> je…
2014-08-11T22:43:14 <adriens33> what ???
2014-08-11T22:43:18 <Bybeez> Mais oui absolument
2014-08-11T22:43:21 * adriens33 prchit
2014-08-11T22:43:27 * adriens33 rebooting …
2014-08-11T22:43:33 <ludvann> too much drugs !!!!
2014-08-11T22:44:00 <adriens33> nan mais en vrai, ça vient naturellement comme ça, ou t'as pris un truc ??
2014-08-11T22:44:09 <ludvann> merde j'ai oublié des mots ^^'
2014-08-11T22:44:18 <ludvann> euh bah... je sais pas ^^'
2014-08-11T22:44:31 <Bybeez> Moi je peux vous parler de ma théorie sur l'espoir de l'humanité : les méduses !
2014-08-11T22:44:42 <adriens33> c'ta sœur la méduse
2014-08-11T22:45:02 <ludvann> Un réacteur de produit vaisselles est-il UN PROBLEME DE FOIE du à un chimpanzé faisant du skate en chaussures jaunes ? Car il me semble que ma lampe danse en regardant la télévision pour faire des queues de souris sur des pommes de terre
2014-08-11T22:45:03 <adriens33> (désolé, fallait que j'la sorte XD)
2014-08-11T22:45:12 <ludvann> ^^
2014-08-11T22:45:39 <Bybeez> Si on capture les méduse et qu'on s'en sert pour nourrir des tortues dans des fermes, on pourra résoudre les problèmes de méduse et de faim dans le monde !
2014-08-11T22:45:39 <ludvann> c'est quoi c'te théorie ?
2014-08-11T22:45:54 <ludvann> mouais ^^
2014-08-11T22:46:03 <Bybeez> En plus les carapaces font de super saladier
2014-08-11T22:46:08 <ludvann> va récuperer les meduses
2014-08-11T22:46:31 <Bybeez> tu prends des filet ou tu les recupère sur les plages
2014-08-11T22:46:35 <ludvann> je sias pas, j'en ai pas et encore moins en saladier...
2014-08-11T22:46:59 <Bybeez> et les œufs de tortues je suis sur que ça fait de super omelette
2014-08-11T22:47:37 <ludvann> et si un zombie mord un vampire, le vampire se transforme en zombie ?
2014-08-11T22:48:01 <Bybeez> Bonne question
2014-08-11T22:48:22 <ludvann> je sais pas, je me comptante de viser dans le trou
2014-08-11T22:48:45 <Bybeez> et si une méduse mord une tortue, se transforme t'elle en vampire ?
2014-08-11T22:48:58 <ludvann> euh....
2014-08-11T22:49:16 <Bybeez> quoi !
2014-08-11T22:49:34 <ludvann> pourquoi les m=pokemons n'appellent-ils que par leurs nom ?
2014-08-11T22:50:05 <Bybeez> Et les méduses elles ont quoi comme cris ?
2014-08-11T22:50:23 <ludvann> bulup bulup
2014-08-11T22:50:53 <Bybeez> Xd
2014-08-11T22:53:46 <ludvann> mon crayon refuse de faire un calin à l'écran parce qu'il lui a pas envoyer une carte postale depuis pluton parce que Venus a mangé le dernier donuts aux concombres qu'elle a fait importé d'italie qui font face à l'afrique du sud pour faire frire les écureils de Géorgie qui n'avaient pas pris leur foulards pour le match du PSG
2014-08-11T22:54:51 <ludvann> (easter eggs dans la phrase ;) )
2014-08-11T22:55:26 <ludvann> Vous avez 2h
2014-08-11T22:56:05 <ludvann> Bybeez adriens33 ?
2014-08-11T22:56:21 <ludvann> MaCharon TrappyTickles  ValCab33 ?
2014-08-11T22:56:26 <ValCab33> Oui ?
2014-08-11T22:56:38 <Bybeez> importé d'italie qui font face à l'afrique du sud
2014-08-11T22:57:04 <MaCharon> absent :p
2014-08-11T22:57:13 <ludvann> ah dommage...
2014-08-11T23:05:52 <Bybeez> Bon aller moi, je vous laisse, nenuit' !
2014-08-11T23:06:04 *** Bybeez est parti
2014-08-11T23:09:33 <ludvann> bon afk un petit moment, je vais me faire Daenerys Targaryen; oups pardon, Game of Thrones ^^
2014-08-11T23:09:54 <adriens33> ça vaut un ban, ça lud.
2014-08-11T23:10:07 <ludvann|AFK> rho... Sérieux ?
2014-08-11T23:10:12 <adriens33> ouep.
2014-08-11T23:10:13 <adriens33> XD
2014-08-11T23:10:21 <adriens33> mais je suis gentil, je le ferais pas XD
2014-08-11T23:10:23 <ludvann|AFK> mouais c'est c'la ^^
2014-08-11T23:10:29 <ludvann|AFK> ;D
2014-08-11T23:10:50 <ludvann|AFK> Brienne ? En faîtes nan...
2014-08-11T23:11:07 * ludvann|AFK is AFK
2014-08-11T23:12:26 <adriens33> bon, j'suis out
2014-08-11T23:12:28 <adriens33> j'vais dodo
2014-08-11T23:12:30 *** adriens33 est parti
2014-08-11T23:12:34 <ludvann|AFK> @+
2014-08-11T23:54:43 *** ValCab33 est parti
2014-08-11T23:54:55 *** ValCab33 s'est connecté
2014-08-11T23:59:23 *** ValCab33 est parti
