2014-07-14T00:11:30 *** ValCab33 est parti
2014-07-14T00:12:42 *** wildfier s'est connecté
2014-07-14T02:12:38 *** wildfier est parti
2014-07-14T08:40:19 <Berry-Punch> Voilà ce qu'il s'est *hic* passé ces 10 dernières lignes, adriens33
2014-07-14T08:40:20 *** adriens33 s'est connecté
2014-07-14T08:52:33 *** adriens33 est parti
2014-07-14T09:01:08 *** Letarumavza s'est connecté
2014-07-14T09:05:19 <Berry-Punch> Voilà ce qu'il s'est passé ces 10 dernières lignes, *hic* adriens33
2014-07-14T09:05:20 *** adriens33 s'est connecté
2014-07-14T09:23:03 <adriens33> hello
2014-07-14T09:40:00 *** lezarius s'est connecté
2014-07-14T09:40:06 *** lezarius est parti
2014-07-14T11:03:13 *** wildfier s'est connecté
2014-07-14T11:23:37 <wildfier> hi
2014-07-14T11:31:52 *** adriens33 est parti
2014-07-14T11:32:47 <Berry-Punch> Voilà ce qu'il s'est passé ces 10 *hic* dernières lignes, adriens33
2014-07-14T11:32:48 *** adriens33 s'est connecté
2014-07-14T11:34:39 <Letarumavza> re
2014-07-14T11:35:07 <adriens33> re
2014-07-14T11:35:15 <adriens33> pourquoi hexchat a timeout ? oO
2014-07-14T11:36:31 <Letarumavza> aucune fucking idée
2014-07-14T11:37:03 <Letarumavza> Lçà je tourne avec l'ancienne version de skype lancée depuis hier, toujours pas de plantage
2014-07-14T11:37:14 <Letarumavza> Donc apparement le pb vient bien de skype...
2014-07-14T11:37:36 <Letarumavza> (quand on sait le clax que se sont pris les devs de skype par crosoft récement... Ils devraient faire gaffe)
2014-07-14T11:37:47 <adriens33> ok
2014-07-14T11:37:54 <adriens33> de quoi tu parles ?
2014-07-14T11:38:25 <Letarumavza> T'es pas au courrant, à cause d'une connerie de faille ils ont exposé les mots de passe en clair d'une centaine de personnes. (lag dans un changement de clef)
2014-07-14T11:38:33 <adriens33> ouch
2014-07-14T11:38:38 <adriens33> non j'étais pas au courant
2014-07-14T11:39:00 <Letarumavza> Et apparement ils ont une épée de damocless au dessus de la tronche depuis.
2014-07-14T11:39:14 <Letarumavza> Sans compter que skype n'atteint pas les standards de qualité microsoft
2014-07-14T11:39:20 <Letarumavza> (en particulier la version linux)
2014-07-14T11:39:25 <adriens33> ah
2014-07-14T11:40:11 <Letarumavza> Un dev a balancé sur son blog que crosoft avait donné 6 mois au chef de projet pour redresser la barre.
2014-07-14T11:40:11 <adriens33> ok…
2014-07-14T11:40:56 <Letarumavza> ça a foutu un bordel monstre ce post
2014-07-14T11:41:03 <adriens33> ah ben tu m'étonnes… ^^
2014-07-14T11:41:10 <Letarumavza> Le chef en question était furax que ce soit dévoilé ^^
2014-07-14T11:41:40 <adriens33> mais… ils veulent mourrir les devs de skype ou quoi ?
2014-07-14T11:41:43 <Letarumavza> Donc il a démenti, mais son supérieur a eu vent de l'affaire et a confirmé l'averto.
2014-07-14T11:42:11 <adriens33> ouch
2014-07-14T11:42:16 <Letarumavza> Je pense qu'ils se sont dit qu'en étant rachetés par crosoft ils pourraient se la couler douce et avoir l'égémonie.
2014-07-14T11:42:24 <adriens33> oulà…
2014-07-14T11:42:45 <adriens33> monopole, qualité, montrer l'exemple, tout ça
2014-07-14T11:42:46 <adriens33> …
2014-07-14T11:42:47 <adriens33> non ?
2014-07-14T11:42:54 <Letarumavza> Exactement.
2014-07-14T11:43:41 <adriens33> mais du coup ms a prévu de faire quoi si l'équipe de dev de skype redresse pas la barre ?
2014-07-14T11:43:46 <adriens33> ils vont la remplacer ?
2014-07-14T11:45:13 <Letarumavza> D'après les infos que j'ai vu, y'a que le lead qui a l'épée de damocless sur la tronche
2014-07-14T11:45:40 <Letarumavza> Apparement y'aurait ingérence de sa part.
2014-07-14T11:45:55 <adriens33> ça pue pour lui j'ai envie de dire…
2014-07-14T11:48:11 <Letarumavza> Bah d'un autre coté, tu me connais, les gens sans professionalisme j'ai pas trop envie de plaider leur cause...
2014-07-14T11:48:31 <Letarumavza> D'autant plus que crosoft est une bonne boite, tu peux être aussi glandeur que tu veux du moment que tu restes pro.
2014-07-14T11:49:25 <adriens33> ben… s'ils veulent se faire virer c'est leur problème.
2014-07-14T11:49:26 <adriens33> çç
2014-07-14T11:49:28 <adriens33> * ç^
2014-07-14T11:49:30 <adriens33> * ^^
2014-07-14T11:49:31 <adriens33> (gni)
2014-07-14T11:52:46 <Letarumavza> bah le gros problème d'un lead incompétent c'est qu'il peut faire virer des subalternes à sa place.
2014-07-14T11:53:33 <adriens33> ah
2014-07-14T11:53:49 <adriens33> ben si le lead est con et pédant c'est lui qu'il faut changer.
2014-07-14T13:07:11 <Letarumavza> re
2014-07-14T13:07:54 <adriens33> re
2014-07-14T13:08:14 <adriens33> quelqu'un a envie de sortir poru ce soir ?
2014-07-14T13:08:16 <adriens33> *poru
2014-07-14T13:08:17 <adriens33> *pour
2014-07-14T13:10:53 *** ValCab33 s'est connecté
2014-07-14T13:11:07 <ValCab33> Hello
2014-07-14T13:12:20 <adriens33> hello :)
2014-07-14T13:16:13 *** heuzef s'est connecté
2014-07-14T13:16:13 <heuzef> plop
2014-07-14T13:16:17 <Berry-Punch> Voilà ce qu'il s'est passé ces 10 *hic* dernières lignes, heuzef
2014-07-14T13:16:18 <heuzef> !history
2014-07-14T13:16:33 <heuzef> Pour ma part je vais me rendre sur les quais ce soir normalement
2014-07-14T13:16:41 <heuzef> vers 23h pour le feu d'artifesse
2014-07-14T13:17:18 <adriens33> hello heuzef
2014-07-14T13:17:27 <heuzef> prout =)
2014-07-14T13:17:34 <wildfier> salut
2014-07-14T13:17:45 <wildfier> on va voir le feu ensemble ce soir ?
2014-07-14T13:17:59 <adriens33> moi ça me tente bien
2014-07-14T13:18:02 <heuzef> Pourquoi pas
2014-07-14T13:18:23 <heuzef> Je ramène les bieres du coup il m'en reste de la derniere fois lol
2014-07-14T13:18:23 <Berry-Punch> Qu'est-ce *hic* que j'ai soif…
2014-07-14T13:19:19 <adriens33> ^^
2014-07-14T13:46:44 <adriens33> du coup on se retrouve où vers quelle heure ?
2014-07-14T13:57:06 <heuzef> Ba ecoute moi je serais pas loin du pont de pierre vers 23h normalement si tout va bien
2014-07-14T13:57:16 <heuzef> On s'appellera t'en fait pas
2014-07-14T13:58:44 <adriens33> ok
2014-07-14T14:02:36 <wildfier> http://goo.gl/LRLwCr
2014-07-14T14:06:20 <wildfier> non mais ce qu'on trouve serieux ...
2014-07-14T14:06:20 *** Berry-Punch est parti
2014-07-14T14:09:26 <Berry-Punch> Salut tout le monde *hic* !
2014-07-14T14:09:27 *** Berry-Punch s'est connecté
2014-07-14T14:45:20 *** heuzef est parti
2014-07-14T15:26:15 <Letarumavza> Tain je m'fais chier...
2014-07-14T15:26:21 <Letarumavza> Mais d'une force...
2014-07-14T15:26:37 <Letarumavza> Tien je vais DDOS des mecs au hazard, ça m'occupera...
2014-07-14T15:29:46 <wildfier> file nous un coup de main sur la v3 ^^
2014-07-14T15:42:02 *** ValCab33 est parti
2014-07-14T15:48:56 *** Yvan s'est connecté
2014-07-14T15:50:04 <adriens33> hello
2014-07-14T15:51:07 <Yvan> Salut
2014-07-14T15:51:53 <Yvan> Ca te dis de faire un peu connaissance?
2014-07-14T15:52:44 <adriens33> why not
2014-07-14T15:53:42 <Yvan> Well, j'habite sur bordeaux, juste a coté de bègles et pas loin de la gare, et mon vrai nom est... Ivan!
2014-07-14T15:54:09 <adriens33> ^^
2014-07-14T15:54:26 <adriens33> Moi c'est… *roulements de tambour* adrien.
2014-07-14T15:54:29 <adriens33> je suis sur talence
2014-07-14T15:54:41 <adriens33> juste à côté du tram
2014-07-14T15:54:48 <Yvan> lequel?
2014-07-14T15:54:51 <adriens33> le B
2014-07-14T15:55:05 <Yvan> Nan mais quel arrêt? Peixotto?
2014-07-14T15:55:18 <adriens33> Ah
2014-07-14T15:55:21 <adriens33> Béthanie
2014-07-14T15:55:28 <adriens33> (t'étais pas loinà
2014-07-14T15:55:30 <adriens33> *)
2014-07-14T15:55:47 <Yvan> Tu es a Kestler du coup?
2014-07-14T15:56:05 <adriens33> Hmm… nope.
2014-07-14T15:56:18 <adriens33> J'ai emménagé y'a pas longtemps
2014-07-14T15:56:20 <adriens33> et j'ai 22 ans
2014-07-14T15:56:27 <adriens33> donc je suis plus au lycée depuis quelques temps ;)
2014-07-14T15:56:41 <Yvan> Ah ouais. Moi j'ai 19 le 23 et j'ai emmenagé ya 2 ang
2014-07-14T15:56:48 <Yvan> ans*
2014-07-14T15:56:48 <adriens33> (iut info bordeaux I en alternance, à gradignan)
2014-07-14T15:56:55 <adriens33> ok
2014-07-14T15:57:07 <Yvan> Moi PSI a eiffel, près de la victoire
2014-07-14T15:57:42 <Yvan> Tu es en appart?
2014-07-14T15:58:36 <adriens33> yep
2014-07-14T15:58:47 <adriens33> et c'est bien pratique
2014-07-14T15:58:57 <Yvan> D'être a coté du tram? ^^
2014-07-14T15:59:27 <adriens33> aussi
2014-07-14T16:00:03 <Yvan> Moi a coté du 10 qui m'emmene à talence et du 15 qui va a la victoire
2014-07-14T16:00:28 <adriens33> pas mal ça :p
2014-07-14T16:01:00 <Yvan> Yep. Tu travail pour payer ton loyer? Ca se passe comment?
2014-07-14T16:01:15 <adriens33> Ben…je suis en alternance
2014-07-14T16:01:19 <adriens33> donc oui je bosse :p
2014-07-14T16:01:51 <Yvan> Ah, genre 3 semaines de cours,
2014-07-14T16:01:58 <Yvan> 3 de travail?
2014-07-14T16:02:06 <adriens33> hmm… non.
2014-07-14T16:02:12 <adriens33> c'est plus compliqué que ça.
2014-07-14T16:02:25 <adriens33> en fait techniquement c'est un contrat professionnalisant.
2014-07-14T16:02:41 <Yvan> mais...
2014-07-14T16:03:15 <adriens33> donc en gros: Semestre 3 IUT→ 12 mois complets de boulot → Semestre 4 IUT → boulot à la place du stage de fin de dut → soutenance → boulot jusqu'à fin du contrat (20/08)
2014-07-14T16:03:28 <adriens33> (bon ma soutenance est décalée en septembre, mais whatever)
2014-07-14T16:04:00 <Yvan> Ton semestre dure 12 mois?
2014-07-14T16:04:05 <adriens33> …
2014-07-14T16:04:11 <adriens33> Un semestre c'est 6 mois
2014-07-14T16:04:25 <Yvan> Oui c'est pour ca que je comprends pas:
2014-07-14T16:04:34 <adriens33> comprends as quoi ?
2014-07-14T16:04:37 <Yvan> Semestre 3 IUT→ 12 mois complets de boulot
2014-07-14T16:04:44 <adriens33> ben… jai fait un semestre d'iut
2014-07-14T16:04:48 <adriens33> puis 12 mois de taf
2014-07-14T16:04:54 <adriens33> puis un autre semestre d'iut
2014-07-14T16:04:55 <Yvan> Aaaaaaaaaaaaaaaaaaaah
2014-07-14T16:04:56 <adriens33> puis boulot
2014-07-14T16:05:01 <Yvan> Ok
2014-07-14T16:05:02 <adriens33> pas les deux en même temps
2014-07-14T16:05:22 <Yvan> Et la tu es en train de travailler donc?
2014-07-14T16:05:51 <adriens33> yup
2014-07-14T16:05:55 <adriens33> mais pas aujourd'hui
2014-07-14T16:06:00 <adriens33> vu que c'est férié ;)
2014-07-14T16:06:16 <Yvan> Je vois. Et tu fais quoi de tes jours de repos?
2014-07-14T16:06:37 <adriens33> ça dépend… généralement je glande
2014-07-14T16:06:41 <adriens33> mais j'essaie de voir du monde
2014-07-14T16:06:52 <adriens33> sinon j'ai le moral qu'a tendance à pas suivre
2014-07-14T16:07:21 <Yvan> Je vois. Et tu fais quoi en glandant?
2014-07-14T16:07:34 <adriens33> Beuh… ça dépend.
2014-07-14T16:08:46 <Yvan> Moi PS3 et PC généralement
2014-07-14T16:09:13 <adriens33> Regardage de vidéos, lecture d'articles divers et variés, un peu de musique, je code quand j'ai le temps/l'envie/des idées, je joue un peu (je suis pas vraiment un gamer par contre…)
2014-07-14T16:09:23 <adriens33> un peu de dessin & de modélisation 3D
2014-07-14T16:09:24 <adriens33> aussi
2014-07-14T16:09:43 <Yvan> Tu as un esprit un peu créatif non?
2014-07-14T16:10:37 <adriens33> sans doute
2014-07-14T16:11:24 <Yvan> Je vois. Bon bah j'ai apprécié faire ta connaissance adrien, je vais devoir y aller, peut être une prochaine fois alors :)
2014-07-14T16:11:35 <adriens33> ++
2014-07-14T16:11:36 <adriens33> :)
2014-07-14T16:11:42 *** Yvan est parti
2014-07-14T16:32:41 *** Rei s'est connecté
2014-07-14T16:32:42 <Rei> coucou
2014-07-14T16:33:01 <adriens33> salut :)
2014-07-14T16:34:01 <Rei> ca va?
2014-07-14T16:34:40 <adriens33> Ouep
2014-07-14T16:35:53 <adriens33> et toi ?
2014-07-14T16:37:13 <Rei> oui super week end^^
2014-07-14T16:38:13 *** Dawnio s'est connecté
2014-07-14T16:38:22 <adriens33> ^^
2014-07-14T16:38:27 <Dawnio> bonjour
2014-07-14T16:38:48 <adriens33> plop Dawnio
2014-07-14T16:42:14 <Rei> salut dawnio^^
2014-07-14T16:45:53 <Rei> je m'ennui, chui crever, aller je vais finir de regarder buffy
2014-07-14T16:56:58 <Rei> bye^^
2014-07-14T16:57:04 *** Rei est parti
2014-07-14T17:05:56 <adriens33> bon, j'y go
2014-07-14T17:05:57 <adriens33> ++
2014-07-14T17:06:00 *** adriens33 est parti
2014-07-14T18:03:26 *** heuzef s'est connecté
2014-07-14T18:03:32 <Berry-Punch> Voilà *hic* ce qu'il s'est passé ces 10 dernières lignes, heuzef
2014-07-14T18:03:33 <heuzef> !history
2014-07-14T18:03:38 <heuzef> Plop
2014-07-14T18:03:45 <heuzef> Alors kikivien ce soir ? =)
2014-07-14T18:04:07 <heuzef> Dawnio: salut =) Alors tu as réussis pour les SMS ?
2014-07-14T18:04:54 <Dawnio> salut, ouais c'est envoyé
2014-07-14T18:05:30 <heuzef> Des réponses ,
2014-07-14T18:05:31 <heuzef> ?
2014-07-14T18:07:55 <Dawnio> quelques une: j'ai une confirmation de non présence de la part de: mikael, rei, clémence et elvina
2014-07-14T18:08:16 <Dawnio> pas de réponse des autres
2014-07-14T18:08:31 <Dawnio> mais l'information devrait être passée :)
2014-07-14T18:08:55 <heuzef> Intéressant quand même, d'habitude il ne se manifeste pas
2014-07-14T18:09:17 <Dawnio> qui?
2014-07-14T18:09:30 <heuzef> On peux en déduire que le SMS peux atteindre certaine personne que la mailing list n'arrivent pas à senssibiliser
2014-07-14T18:10:17 <Dawnio> ce qui est normal, tu touche plus facilement les gens par sms que par mail (à utiliser avec modération car c'est aussi plus personnel)
2014-07-14T18:10:21 <heuzef> ça me fait super chier mais je suis forcer d'admettre que le SMS, bien que ce soit vraiment un protocole de merde, à encore un impact ...
2014-07-14T18:10:50 <Dawnio> tu te retrouve BEAUCOUP plus facilement sur ton tel que ta boite mail ;)
2014-07-14T18:11:54 <Berry-Punch> Voilà *hic* ce qu'il s'est passé ces 10 dernières lignes, adriens33
2014-07-14T18:11:56 *** adriens33 s'est connecté
2014-07-14T18:12:06 <adriens33> re les gens
2014-07-14T18:12:16 <heuzef> Ca vaudrait le coup de reflechir à l'idée de coupler la ML au SMS, dans la mesure ou 100 % des membres ont également le tel, ça peux marcher
2014-07-14T18:12:17 <Dawnio> re
2014-07-14T18:12:39 <Dawnio> à ça, c'est à toi de gérer hein, moi c'était juste ponctuel :p
2014-07-14T18:12:43 <adriens33> heuzef: perso, je suis pas pour filer les num de tel de tout le monde à Google…
2014-07-14T18:13:21 <heuzef> J’envisageais pas Google ^^
2014-07-14T18:13:22 <adriens33> J'ai déjà assez de spam sur mon mail (sur lequel j'ai pourtant bien fait attention à qui je le filais… j'utilise pleins d'alias exprès)
2014-07-14T18:13:27 <adriens33> ben… la ML c'est quoi ?
2014-07-14T18:14:15 <heuzef> Ba pour tous avouer, je n'ai aucune idée de comment faire un SMS de masse, le protocole SMS est tellement peux flexible et pourave ...
2014-07-14T18:14:36 <adriens33> Ben… à part depuis un téléphone…
2014-07-14T18:15:03 <heuzef> Et puis je pense pas que tous les sujets créer sur la ML ai un interet à etre coupler par SMS
2014-07-14T18:15:07 <heuzef> Depuis un tel ?
2014-07-14T18:15:24 <adriens33> Ben Dawnio t'as fait comment pour envoyer un SMS groupé ? par tel non ?
2014-07-14T18:15:32 <Dawnio> bien sur
2014-07-14T18:15:42 <Dawnio> c'est payant si tu veux le faire via internet
2014-07-14T18:15:53 <Dawnio> c'est réservé aux entreprises le smsing de masse
2014-07-14T18:15:54 <heuzef> Avec une appli android qui tourne en continue sur un tel avec forfait illlimité par exemple ?
2014-07-14T18:16:31 <Dawnio> mon pauvre heuzef, j'ai juste écrit le no de tout le monde et j'ai envoyé le message ^^
2014-07-14T18:16:42 <heuzef> Remarque, si l'appli fait un check disons toutes les 24h, ça eviterais que le tel defonce toute sa batterie
2014-07-14T18:17:29 <heuzef> Dawnio je me doute bien ;) Mais c'est loins d'être une "solution"
2014-07-14T18:17:45 <heuzef> Pour une intervention unique oui
2014-07-14T18:17:53 <Dawnio> ah ça, je te le fais pas dire (comme je disais, c'est bien pour une truc ponctuel)
2014-07-14T18:18:01 <Dawnio> tu m'as devancé ^^
2014-07-14T18:18:11 <heuzef> Mais pour quelque chose de regulier, à moins de trouver un pti chinois à reduire en esclavage pas possible
2014-07-14T18:18:57 <adriens33> ^^
2014-07-14T18:19:05 <Dawnio> gratuitement, non je pense pas que ça soit possible
2014-07-14T18:19:13 <heuzef> http://www.ovhtelecom.fr/sms/envoi-massif.xml
2014-07-14T18:19:48 <Dawnio> comme je te le disais, pas gratuit :p
2014-07-14T18:19:50 <heuzef> 8€ les 100 SMS
2014-07-14T18:20:08 <Dawnio> à toi de voir si tu veux y mettre ton budget
2014-07-14T18:20:13 <heuzef> Donc un pack comme celui la nous permettrait de communiquer 3 fois
2014-07-14T18:20:34 <heuzef> Nous ne somme pas une asso avec tresorerie hélas
2014-07-14T18:20:37 <heuzef> donc pas possible
2014-07-14T18:20:59 <Dawnio> ben vous êtes même pas une asso, techniquement
2014-07-14T18:21:16 <heuzef> C'est bien ce que je dis
2014-07-14T18:21:20 <heuzef> Nous somme un collectif
2014-07-14T18:21:24 <heuzef> Pas une asso
2014-07-14T18:21:31 <heuzef> Donc pas de budget ^^
2014-07-14T18:21:46 <adriens33> Va falloir se mettre à la paperasse ^^
2014-07-14T18:22:02 <Dawnio> t'envoie des lettres comme dans le temps :D
2014-07-14T18:22:12 <Dawnio> ou des pigeons voyageurs
2014-07-14T18:27:27 <heuzef> bon il semblerais qu'il existe peut-être une solution bricolage
2014-07-14T18:27:32 <heuzef> IFTTT
2014-07-14T18:27:33 <heuzef> https://ifttt.com/recipes/1110-send-an-sms-when-a-new-gmail-is-from-a-specific-email-address
2014-07-14T18:28:01 <heuzef> Lors de la réception d'un mail renvoie vers un SMS
2014-07-14T18:28:23 <heuzef> Avec des filtres bien branlé ça doit être jouable
2014-07-14T18:28:48 <Dawnio> ouais mais là j'ai l'impression que c'est aux récepteurs de faire une manip
2014-07-14T18:29:15 <heuzef> ça demande surtout un tel qui tourne avec forfait illimité et une batterie capable d'endurer ça ...
2014-07-14T18:30:18 <heuzef> Putain mais pourquoi les Français utilisent tous des SMS de merde qui pue .... Les japonais ne connaissent même pas le SMS ... ils utilisent tous le mail
2014-07-14T18:30:23 <heuzef> Ils sont pas con eux au moins pffff
2014-07-14T18:30:38 <Dawnio> lol, tant d'agressivité envers les français
2014-07-14T18:31:04 <heuzef> Surtout envers les connards qui invente des techno vraiment merdique et qui arrive à populariser ça
2014-07-14T18:31:14 <heuzef> Merci les SMS et mercie Facebook
2014-07-14T18:31:46 <adriens33> heuzef: le mail c'est pas pratique à lire sur un téléphone…
2014-07-14T18:31:51 <adriens33> et il faut avoir internet.
2014-07-14T18:32:02 <adriens33> et tout le monde ne peut pas se payer la 3G/4G.
2014-07-14T18:32:06 <adriens33> un sms ça coûte 0.10€.
2014-07-14T18:32:08 <Dawnio> sinon, facebook n'est pas une mauvaise idée :)
2014-07-14T18:32:12 <adriens33> voilà pourquoi c'est tant répandu.
2014-07-14T18:32:48 <adriens33> parce que ça coûte quedalle, que c'est simple à utiliser et que c'est dispo avec le moindre téléphone lambda.
2014-07-14T18:32:51 <heuzef> C'est bien pour ça que je dis que les jap ont été bien plus malin sur ce coup la, il on prévu pour que meme leur vieux telephone (pas smartphone) puisse recevoir les mail via leur reseaux tel
2014-07-14T18:32:58 <heuzef> Et c'est tellement mieux
2014-07-14T18:33:32 <adriens33> Oui mais faut faire avec ce qu'on a, pas des hypothèses.
2014-07-14T18:33:48 <adriens33> Ça avancera à rien de dire que les jap's font mieux, même si ce que tu dis est vrai ^^
2014-07-14T18:34:24 <adriens33> Et le téléphone peut être une donnée sensible, tout le monde n'a pas forcément envie de voir son num traîner n'importe où…
2014-07-14T18:34:37 <heuzef> Sauf que bon, j'ai pas non plus envie de me pété le cul à mettre en place une solution qui va popularisé encore plus une techno toute naze
2014-07-14T18:35:13 <heuzef> Pour moi un numero de tel est tous aussi sensible qu'un mail, donc pas du tous
2014-07-14T18:35:41 <adriens33> heuzef:
2014-07-14T18:35:52 <adriens33> un numéro de tel c'est aussi sensible qu'un mail comme tu dis
2014-07-14T18:35:59 <adriens33> mais c'est pas "pas du tout"
2014-07-14T18:36:06 <adriens33> faut faire gaffe à qui tu file ça.
2014-07-14T18:36:23 <adriens33> moi je veux pas que n'importe quel gus me fasse chier.
2014-07-14T18:36:26 <adriens33> par sms ou par mail.
2014-07-14T18:36:34 <heuzef> Les filtres ça existe heuresement
2014-07-14T18:36:37 <adriens33> …
2014-07-14T18:36:39 <adriens33> Et alors ?
2014-07-14T18:36:54 <adriens33> Parce qu'on peut filtrer on s'en branle d'à qui on  file le contact ?
2014-07-14T18:36:58 <adriens33> t'es pas chié toi.
2014-07-14T18:37:05 <adriens33> T'es responsable des données de contact des membres
2014-07-14T18:37:11 <adriens33> à toi d'être responsable.
2014-07-14T18:37:23 <adriens33> ces données SONT confidentielles et tu n'as pas à les refiler à tout le monde.
2014-07-14T18:38:44 <heuzef> A part à Dawnio je ne l'ai ai filé à personne, j'ai bien conscience que ce sont des donnés considéré comme sensible, c'est pas parceque je trouve ce raisonnement complétement débile que je vais pas traité les donnée comme tel
2014-07-14T18:39:08 <adriens33> Donc pour toi tout le monde devrait avoir accès aux données de tout le monde ?
2014-07-14T18:39:23 <adriens33> Tout le monde n'est pas forcément bien intentionné.
2014-07-14T18:39:36 <heuzef> Téléphone : Oui, c'est fait pour ça, être contacté
2014-07-14T18:39:37 <adriens33> C'est un concept qui s'appelle la vie privée…
2014-07-14T18:39:43 <adriens33> Et alors ?
2014-07-14T18:39:50 <adriens33> moi je veux pas être contacté par n'importe qui.
2014-07-14T18:40:17 <heuzef> Ba fait une liste blanche dans ce cas
2014-07-14T18:40:19 <adriens33> …
2014-07-14T18:40:27 <adriens33> sors de ta bulle merde !
2014-07-14T18:40:53 <heuzef> Nop ^^
2014-07-14T18:40:57 <adriens33> …
2014-07-14T18:41:07 <adriens33> t'as de la chance que leta soit pas là…
2014-07-14T18:41:14 <adriens33> moi je suis soft à côté.
2014-07-14T18:41:49 <heuzef> Ca changerais rien je te rassure
2014-07-14T18:42:02 <adriens33> Tu me rassures pas justement…
2014-07-14T18:42:14 <heuzef> Et pas la peine de rager parceque mon raisonnement ne te plaît pas
2014-07-14T18:42:17 <adriens33> …
2014-07-14T18:42:22 <adriens33> C'est pas ton raisonnement qui me plait pas.
2014-07-14T18:42:32 <adriens33> C'est ta fucking incapacité à voir plus loin que le bout de ton nez !
2014-07-14T18:42:47 <adriens33> si toi tu pense de telle manière les autres pensent aussi comme ça.
2014-07-14T18:43:17 <adriens33> eh ben je vais t'apprendre un truc: c'est pas le cas.
2014-07-14T18:43:20 <heuzef> Pas du tous voyons ... j'ai conscience que t'es pas d'accord avec moi et je sais même pourquoi
2014-07-14T18:43:25 <adriens33> …
2014-07-14T18:43:26 *** adriens33 est parti
2014-07-14T18:43:54 <heuzef> Boudage time enclenché ^^
2014-07-14T18:44:12 <Dawnio> on a eu une conversation sur ce sujet hier avec leta
2014-07-14T18:44:29 <heuzef> Sur les donnés "senssibles" ?
2014-07-14T18:45:17 <Dawnio> le fait que tu ais passé les no de tel ne lui a pas plu
2014-07-14T18:45:55 <heuzef> Je me doute bien que mon acte en à fait ragé certain ;)
2014-07-14T18:46:19 <heuzef> Cependant il peuvent venir rager, je les attends, avec les arguments qui vont bien
2014-07-14T18:46:35 <Dawnio> pas la peine de "rager", il y a juste à discuter
2014-07-14T18:46:43 <Berry-Punch> Voilà ce qu'il s'est passé ces 10 dernières lignes, *hic* adriens33
2014-07-14T18:46:45 *** adriens33 s'est connecté
2014-07-14T18:46:45 <heuzef> Je ne demande que ça pour ma part
2014-07-14T18:46:55 <heuzef> mais faut pas rêver ....
2014-07-14T18:47:32 <heuzef> adriens33 toujours en colère ?
2014-07-14T18:47:38 <Dawnio> ya pas de raison
2014-07-14T18:47:51 <heuzef> Dawnio ;)
2014-07-14T18:49:13 <Dawnio> ben écoutes, demande à adri, il était là hier, ya pas eu de rage
2014-07-14T18:49:57 <Dawnio> on a discuté normalement
2014-07-14T18:50:27 <heuzef> Et bien il progresse ou alors tu es doué ^^
2014-07-14T18:50:41 <heuzef> Adri à tendance à avoir le sang qui chauffe très vite
2014-07-14T18:50:46 <adriens33> non.
2014-07-14T18:50:48 <adriens33> je me défends.
2014-07-14T18:51:01 <adriens33> je sais, ça doit faire bizarre de pas me voir m'écraser hein ?
2014-07-14T18:51:10 <heuzef> xD
2014-07-14T18:51:12 <adriens33> ben c'est con
2014-07-14T18:51:20 <adriens33> parce que j'en ai pas l'intention.
2014-07-14T18:51:21 <adriens33> ;)
2014-07-14T18:51:41 <heuzef> C'est toujours mieux de trop ce défendre que pas assez je pense ^^
2014-07-14T18:51:47 <adriens33> "trop" ?
2014-07-14T18:51:54 <adriens33> comment ça ?
2014-07-14T18:52:08 <heuzef> Tu devrais donner ce "trop" à alex tiens, lui il en à besoin
2014-07-14T18:52:13 <adriens33> …
2014-07-14T18:52:48 <adriens33> écoute. j'ai passé 21 ans à me laisser m'écraser. j'ai été habitué à ça. Maintenant j'apprends à dire merde et toi tu viens me sortir que je devrais pas ? Ben merde.
2014-07-14T18:53:02 <adriens33> Ah, et évite de me parler de lui stp.
2014-07-14T18:53:16 <adriens33> je suis encore de bonne humeur ^^
2014-07-14T18:55:45 <heuzef> C'est plutôt cool que tu ne te fasse plus écrasé, c'est même génial :) J'admire les gens qui arrive à faire en sorte d’améliorer leur vie radicalement c'est hyper puissant
2014-07-14T18:56:35 <Dawnio> je devrais pas prendre part à la conversation, mais si tu discute toujours comme ça heuzef, je comprend pourquoi leta s'énerve avec toi
2014-07-14T18:57:30 <heuzef> Par contre il faut faire bien gaffe à une chose, c'est le revers de la médaille ... Tu as tellement peur de te faire écraser que tu écrase toi même les gens à présent, sans t'en rendre compte je pense. Ca me rappel l'ep avec FS et Iron Will ça ^^
2014-07-14T18:58:07 <heuzef> Dawnio pourquoi ? Je ne me suis jamais enervé avec leta de mémoire
2014-07-14T18:58:10 <wildfier> j'ai refait la page membre et index sur la v3 !
2014-07-14T18:58:11 <adriens33> heuzef: je n'écrase pas les gens.
2014-07-14T18:58:24 <adriens33> t'es vraiment un connard de me sortir ce genre de phrase.
2014-07-14T18:58:41 <heuzef> :(
2014-07-14T18:59:09 <heuzef> désolé je voulais pas vexer ...
2014-07-14T18:59:18 <adriens33> Tu vois ce que je disais ?
2014-07-14T19:00:19 <heuzef> hélas non, si j'ai vraiment la capacité de vexer les gens, je m'en rend vraiment pas compte
2014-07-14T19:00:33 <adriens33> Je suis désolé, mais je ne fonctionne pas comme toi. Donc s'il te plaît à l'avenir fait attention à ce que tu dis et fais
2014-07-14T19:00:42 <adriens33> et pas qu'avec moi d'ailleurs.
2014-07-14T19:02:14 <heuzef> Je sais bien que tu fonctionne pas comme moi
2014-07-14T19:02:44 <heuzef> Et je fait déjà attention
2014-07-14T19:03:25 <heuzef> Mais ça semble pas suffire on dirait
2014-07-14T19:07:27 <heuzef> adriens33 ok, merci pour le msg en pv
2014-07-14T19:07:47 <heuzef> On à encore beaucoup de boulot tous les 2 ;)
2014-07-14T19:07:52 <adriens33> ^^
2014-07-14T19:12:52 <heuzef> Bon je file, à ce soir pour ceux qui vont voir les feux
2014-07-14T19:12:56 <heuzef> +++
2014-07-14T19:13:00 *** heuzef est parti
2014-07-14T19:14:54 <wildfier> mince
2014-07-14T19:15:07 <adriens33> quoi ?
2014-07-14T19:15:23 <wildfier> pas eu le temps de lui dire que passer par les conversation privées irc c'est plus safe qu'un mail
2014-07-14T19:15:29 <wildfier> pour envoyer des mdp ...
2014-07-14T19:15:37 <adriens33> si tu passes en ssl uniquement
2014-07-14T19:15:43 <adriens33> mais bon pour le coup oui
2014-07-14T19:15:46 <wildfier> si c'est bien en p2p et ssl
2014-07-14T19:15:55 <wildfier> je sais pas si heuzef utilise le ssl
2014-07-14T19:16:07 <adriens33> ben les mp à ce que m'a dit leta ça passe pas par le serv
2014-07-14T19:16:30 <adriens33> ben… avec un /whois heuzef t'aurais pu le voir (ça te le dit normalementt
2014-07-14T19:16:32 <adriens33> *)
2014-07-14T19:16:35 <adriens33> mais vu qu'il a déco…
2014-07-14T19:17:45 <Dawnio> envoie lui un sms! (lol)
2014-07-14T19:20:14 <wildfier> sa tente qq'un de se retrouver pour manger se soir ?
2014-07-14T19:20:25 <adriens33> moi jdis pas non :p
2014-07-14T19:37:34 <wildfier> personne d'autre ?
2014-07-14T19:37:44 <wildfier> on va pas être que 2
2014-07-14T19:38:13 <wildfier> leta ?
2014-07-14T19:38:14 <Dawnio> ça aurait été avec plaisir (si j'étais à bordeaux)
2014-07-14T19:39:54 <wildfier> oui
2014-07-14T19:40:01 <wildfier> c'est ce que je viens de réaliser
2014-07-14T19:40:08 <wildfier> ya que leta qui peut s'ajouter là XD
2014-07-14T19:40:11 *** Letarumavza est parti
2014-07-14T20:10:12 *** Letarumavza s'est connecté
2014-07-14T20:10:18 <Letarumavza> L'enfoiré !!!!
2014-07-14T20:10:23 <Letarumavza> Le fumier
2014-07-14T20:10:28 <adriens33> qui ?
2014-07-14T20:10:29 <adriens33> quoi ?
2014-07-14T20:10:31 <Letarumavza> L'imonde sac à bouse...
2014-07-14T20:10:31 <adriens33> comment ?
2014-07-14T20:10:33 <adriens33> pourquoi ?
2014-07-14T20:10:34 <adriens33> quand ?
2014-07-14T20:10:42 <wildfier> où ?
2014-07-14T20:10:43 <Letarumavza> Il m'a formaté mon HDD externe !!
2014-07-14T20:10:48 <adriens33> …
2014-07-14T20:10:51 <adriens33> wait…
2014-07-14T20:10:55 <adriens33> pas CE hdd !!
2014-07-14T20:10:58 <Letarumavza> Si...
2014-07-14T20:11:00 <adriens33> non
2014-07-14T20:11:03 <adriens33> tu déconne ??
2014-07-14T20:11:04 <Letarumavza> Si...
2014-07-14T20:11:09 <adriens33> oO
2014-07-14T20:11:12 <adriens33> oo"
2014-07-14T20:11:22 <Letarumavza> Yeah, sept ans de taf au tas...
2014-07-14T20:11:25 <adriens33> non…
2014-07-14T20:11:34 <adriens33> dis moi qu'il a fait qu'un quick format…
2014-07-14T20:11:34 <Letarumavza> Bah c'est pas grave, on repart de 0
2014-07-14T20:11:39 <adriens33> tu déconne…
2014-07-14T20:11:49 <adriens33> t'as pas un backup ?
2014-07-14T20:11:56 <Letarumavza> (Carrément de 0 d'ailleurs, il m'a formaté TOUS MES DISQUES)
2014-07-14T20:11:59 <adriens33> oO
2014-07-14T20:12:07 <adriens33> windows ?
2014-07-14T20:12:11 <adriens33> t'as voulu le réinstaller ?
2014-07-14T20:12:14 <Letarumavza> Nope...
2014-07-14T20:12:19 <adriens33> comment tu t'y es pris alors ?
2014-07-14T20:12:29 <adriens33> mesure de sécu qu'a trigger alors ?
2014-07-14T20:13:15 <Letarumavza> Bah tu savais que la mise à jour firmware des disques western digital créait un crash en série sur le pilote sata qui engendrait un formatage de tout ce qui était connecté ?
2014-07-14T20:13:20 <adriens33> oO
2014-07-14T20:13:32 <Letarumavza> (Enfin, un passage de tous les disques à l'état 0, ce qui est pire)
2014-07-14T20:13:33 <adriens33> heureusement que je fais jamais de maj des firmware de mes hdd…
2014-07-14T20:13:45 <Letarumavza> Donc...
2014-07-14T20:13:47 <Letarumavza> J'ai plus :
2014-07-14T20:13:54 <Letarumavza> ni mes fiches
2014-07-14T20:13:58 <Letarumavza> Ni mes codes sources
2014-07-14T20:14:01 <Letarumavza> Ni mes clefs
2014-07-14T20:14:04 <Letarumavza> Ni mes progs
2014-07-14T20:14:07 <Letarumavza> Ni mon taf
2014-07-14T20:14:11 <Letarumavza> Ni le dossier pour ma boite
2014-07-14T20:14:17 <Letarumavza> Ni...
2014-07-14T20:14:21 <Letarumavza> Ni rien d'autre en fait.
2014-07-14T20:14:31 <adriens33> :(
2014-07-14T20:14:32 <Letarumavza> Mais bon, je peux toujours re dl ma bibliothèque steam.
2014-07-14T20:14:32 <wildfier> et t'as aucun backup ?
2014-07-14T20:14:37 <adriens33> apparemment non.
2014-07-14T20:14:42 <wildfier> damn
2014-07-14T20:14:48 <Letarumavza> ça s'est produit quand je métais à jour le pilote du backup wild
2014-07-14T20:14:58 <wildfier> ouch
2014-07-14T20:15:12 <Letarumavza> Et comme j'étais en RAMDISK avec archlinux, j'ai rien vu...
2014-07-14T20:15:24 <Letarumavza> C'est au reboot que ça a... pas reboot...
2014-07-14T20:16:05 <Letarumavza> ...
2014-07-14T20:16:17 <Letarumavza> Yeah... 14 années de taf delete...
2014-07-14T20:16:24 <Letarumavza> En faisant une sauvegarde...
2014-07-14T20:16:33 <Letarumavza> J'aime l'ironie du truc...
2014-07-14T20:17:20 <Letarumavza> Bon...
2014-07-14T20:17:32 <Letarumavza> Wild, tu fais du C ?
2014-07-14T20:17:48 <wildfier> oui
2014-07-14T20:17:54 <Letarumavza> de la prog orientée machine ?
2014-07-14T20:18:05 <wildfier> pas aussi pas niveau non
2014-07-14T20:18:20 <wildfier> j'ai touché un peu à ffmpeg
2014-07-14T20:18:22 <Letarumavza> Tain en plus il m'a rempli mes disques de 0, donc aucun prog de récup marche...
2014-07-14T20:18:43 <Letarumavza> J'ai du bol que ma clef de boot ait pas été touchée.
2014-07-14T20:18:45 <Letarumavza> (USB)
2014-07-14T20:18:46 <wildfier> pas aussi bas niveau*
2014-07-14T20:19:07 <wildfier> pourquoi ?
2014-07-14T20:20:27 <wildfier> mais c'est vrai que ça pourrait être intéressant de toucher à du niveau kernel
2014-07-14T20:20:43 <wildfier> genre toucher à un module
2014-07-14T20:21:05 <Letarumavza> Là c'est de l'IA en code orienté machine que je vais faire.
2014-07-14T20:21:43 <Letarumavza> avec beacoups d'appels en x86 pur, et quelques uns avec le set d'instructions intel.
2014-07-14T20:22:09 <wildfier> besoin de perf ?
2014-07-14T20:22:26 <Letarumavza> C'est de l'IA, donc forcément...
2014-07-14T20:22:31 <wildfier> yep
2014-07-14T20:22:33 <Letarumavza> Et y'a une part en ASM GPU.
2014-07-14T20:22:44 <wildfier> putain
2014-07-14T20:22:47 <Letarumavza> Bon...
2014-07-14T20:22:48 <wildfier> la violence
2014-07-14T20:22:56 <Letarumavza> Dans un premier temps je vais recoder mes outils de travail.
2014-07-14T20:23:18 <Letarumavza> (Auto correction, scanner modulaire... etc)
2014-07-14T20:23:39 <Letarumavza> En sept ans j'ai affuté mes skills, je vais pouvoir corriger des défauts de conception.
2014-07-14T20:25:41 <Letarumavza> Bon les mecs vous saurez :
2014-07-14T20:25:50 <Letarumavza> Les drivers WD, sous linux, c'est pas ça...
2014-07-14T20:26:09 <wildfier> yep, prudence
2014-07-14T20:26:14 <Letarumavza> Tain, avec 3To de données en moins ça fait de la place pour jouer...
2014-07-14T20:26:33 <Letarumavza> (sur les 3To, 2.5To étaient du taf, et le reste des conneries)
2014-07-14T20:34:20 *** adriens33 est parti
2014-07-14T20:35:35 <wildfier> waaa
2014-07-14T20:35:50 <wildfier> metasigma sur secret of evermore : attempt 6136
2014-07-14T20:36:06 <wildfier> ce type ...
2014-07-14T20:40:19 <Letarumavza> ?
2014-07-14T20:40:28 <wildfier> metasigma
2014-07-14T20:40:34 <wildfier> c'est un runner de secret of evermore
2014-07-14T20:40:37 <wildfier> (et brony btw)
2014-07-14T20:40:49 <wildfier> il en est à 6136 essais sur sa run
2014-07-14T20:41:34 <wildfier> c'est son oc
2014-07-14T20:41:35 <wildfier> http://www.deviantart.com/art/MetaSparkle-and-Luna-gaming-387736015
2014-07-14T20:43:13 <wildfier> je crois qu'on devrait mettre sa photo à côté du mot tenacité dans le dico
2014-07-14T20:43:21 <wildfier> et persévérence aussi ^^
2014-07-14T20:45:54 *** adriens33 s'est connecté
2014-07-14T20:46:10 *** adriens33 est parti
2014-07-14T20:46:30 *** adriens33 s'est connecté
2014-07-14T20:46:44 *** adriens33 est parti
2014-07-14T20:46:56 *** adriens33 s'est connecté
2014-07-14T20:49:47 <wildfier> t'es sur ton tel ? ou t'es pas encore partit ?
2014-07-14T20:50:10 <Letarumavza> ?
2014-07-14T20:50:40 <wildfier> je parle à adriens33 (srry de pas avoir précisé)
2014-07-14T20:50:54 <wildfier> on est censé se retrouver pour manger
2014-07-14T20:51:11 <adriens33> Sur le tel
2014-07-14T20:51:19 <wildfier> ok
2014-07-14T20:52:37 <Letarumavza> Le plus drole dans cette histoire c'est que les seules choses qui ont échapé au massacre sont mes musiques.
2014-07-14T20:52:55 <Letarumavza> Et Des images/vidéo sauvegardées sur mon dédié.
2014-07-14T20:53:09 <Letarumavza> Que des données qui auraient de toutes façons été récupérables.
2014-07-14T20:53:31 <wildfier> c'est déjà ça ...
2014-07-14T20:53:58 <Letarumavza> Bah...
2014-07-14T20:54:05 <Letarumavza> Les musiques c'est parce qu'elles sont sur CD
2014-07-14T20:54:19 <Letarumavza> Et les vidéos c'est parce que je les ai partagées avec quelques potes.
2014-07-14T20:54:39 <Letarumavza> J'aurai préféré garder mes clefs SSH
2014-07-14T20:54:44 <wildfier> clair
2014-07-14T20:54:54 <Letarumavza> Et ma license lophtcrack
2014-07-14T20:54:59 <Letarumavza> Et ma license CS6
2014-07-14T20:55:25 *** adriens33 est parti
2014-07-14T20:58:57 <Letarumavza> Voyons le bon coté des choses !
2014-07-14T20:59:11 <Letarumavza> On a une super activité de groupe possible !
2014-07-14T20:59:27 <Letarumavza> Du brainstorming et la recréation d'une API de codage complete !
2014-07-14T20:59:36 <wildfier> ^^
2014-07-14T20:59:43 <wildfier> comment tu fais pour le prendre aussi bien
2014-07-14T21:00:00 <Letarumavza> Je viens de perdre ce, que je pourrais qualifier de "toute ma vie"
2014-07-14T21:00:15 <Letarumavza> Il peut rien m'arriver ^^
2014-07-14T21:00:36 <wildfier> hmm
2014-07-14T21:00:38 <wildfier> si tu le dis
2014-07-14T21:00:43 *** adriens33 s'est connecté
2014-07-14T21:00:49 <wildfier> je re, je vais chercher la bouffe ^^
2014-07-14T21:00:51 <adriens33> Re…
2014-07-14T21:00:54 <Letarumavza> Mais j'ai récupéré mes disques au moins et ils sont ultra rapides
2014-07-14T21:01:13 <Letarumavza> (Faut dire, avec toutes les cells/clusters sur 0 on peut pas faire mieux...)
2014-07-14T21:01:27 <adriens33> T'as besoin de qqch du coup ?
2014-07-14T21:01:40 <Letarumavza> Baf...
2014-07-14T21:01:57 <Letarumavza> De biere, d'aide pour reprog ce qui a un lien avec ma boite...
2014-07-14T21:01:57 <Berry-Punch> Tu en as pour moi Letarumavza *hic* ?
2014-07-14T21:03:16 <Letarumavza> Et de RE dl ma bibliothèque steam...
2014-07-14T21:03:28 *** adriens33 est parti
2014-07-14T21:03:35 *** adriens33 s'est connecté
2014-07-14T21:03:40 <adriens33> Le premier je tacherai d'y penser si on refait un barbeq cette semaine, et le 2 je ferais ce que je peux
2014-07-14T21:04:05 <Letarumavza> Ah, j'ai perdu mes mods sur skyrim aussi.
2014-07-14T21:04:07 <Letarumavza> Cool
2014-07-14T21:04:28 <Letarumavza> Oh et mass effect ainsi que les sauvegardes liées
2014-07-14T21:04:43 <Letarumavza> Mais c'est génial ça
2014-07-14T21:04:51 <adriens33> T'as la liste en tête au moins ?
2014-07-14T21:04:51 <adriens33> Putain…
2014-07-14T21:05:13 <Letarumavza> Oh et toutes mes libs de compatibilité linux <=> win32
2014-07-14T21:06:38 *** adriens33 est parti
2014-07-14T21:07:14 *** adriens33 s'est connecté
2014-07-14T21:07:16 *** adriens33 est parti
2014-07-14T21:07:51 *** adriens33 s'est connecté
2014-07-14T21:09:10 <adriens33> Putain de 3G de merde
2014-07-14T21:09:33 <Letarumavza> boarf... c'est pas si grave, juste ta co qui saute ^^
2014-07-14T21:09:50 <Letarumavza> Dis toi que t'es branché sur une guirelande ça sera festif
2014-07-14T21:10:06 <adriens33> ^^
2014-07-14T21:18:35 *** adriens33 est parti
2014-07-14T21:26:50 <Letarumavza> Putain le manager de win8 pour les réseaux sociaux est génial
2014-07-14T21:39:03 *** Letarumavza est parti
2014-07-14T21:46:29 *** Letarumavza s'est connecté
2014-07-14T21:46:57 *** Letarumavza est parti
2014-07-14T21:48:40 *** Letarumavza s'est connecté
2014-07-14T21:51:35 *** Rei s'est connecté
2014-07-14T21:52:33 <Rei> coucou
2014-07-14T21:54:01 <Letarumavza> Salut
2014-07-14T21:54:06 <Rei> personne ce soir?
2014-07-14T21:54:12 <Rei> ah si^^
2014-07-14T21:54:15 <Rei> coucou leta
2014-07-14T21:54:16 <Letarumavza> Ils sont partis au feu d'artifice...
2014-07-14T21:54:24 <Rei> ils sont méchant T.T
2014-07-14T21:54:58 <Letarumavza> Je reboot
2014-07-14T21:55:01 *** Letarumavza est parti
2014-07-14T21:55:31 <Rei> ok
2014-07-14T21:57:17 *** Letarumavza s'est connecté
2014-07-14T21:58:12 <Rei> re
2014-07-14T21:58:32 <Letarumavza> re
2014-07-14T21:59:57 <Letarumavza> Dat crash en cascade des ténèbres...
2014-07-14T22:00:40 <Rei> ah..
2014-07-14T22:03:59 <Rei> *calin*
2014-07-14T22:09:07 <Letarumavza> hum...
2014-07-14T22:15:21 <Rei> bon je deco...
2014-07-14T22:15:25 *** Rei est parti
2014-07-14T22:24:53 *** Dawnio est parti
2014-07-14T22:37:28 *** Letarumavza est parti
2014-07-14T22:42:06 *** Letarumavza s'est connecté
2014-07-14T23:03:59 *** adriens33 s'est connecté
2014-07-14T23:04:30 <adriens33> Re
2014-07-14T23:04:40 <adriens33> Tu t'en sors ?
2014-07-14T23:04:47 <Letarumavza> KSP redl
2014-07-14T23:04:59 <Letarumavza> Auto-logins reconfigurés
2014-07-14T23:05:12 <Letarumavza> Je me rapelle de tous mes mdp, y compris de mes clefs publiques ssh
2014-07-14T23:05:32 <Letarumavza> (je me suis un peu surpris en les tapant de tête d'ailleurs...)
2014-07-14T23:07:12 <Letarumavza> Et j'ai retrouvé mes sauvegardes de ME sur mon dédié...
2014-07-14T23:07:29 <Letarumavza> Ceci dit, aucune copie n'existe pour mes fichiers confidentiels...
2014-07-14T23:07:36 <Letarumavza> Tant pis...
2014-07-14T23:09:11 <adriens33> Si je passe demain soir avec de la bière ?
2014-07-14T23:09:11 <Berry-Punch> Tu en as pour *hic* moi adriens33 ?
2014-07-14T23:09:32 <Letarumavza> T'es en vacances quand ?
2014-07-14T23:09:51 <adriens33> Le 24 au soir
2014-07-14T23:10:07 <adriens33> Dans 10 jours
2014-07-14T23:12:25 *** adriens33 est parti
2014-07-14T23:13:28 *** Letarumavza est parti
2014-07-14T23:13:46 *** adriens33 s'est connecté
2014-07-14T23:18:57 *** adriens33 est parti
2014-07-14T23:21:41 *** Letarumavza s'est connecté
2014-07-14T23:21:43 <Letarumavza> Et voila, Fx installé full
2014-07-14T23:24:26 *** adriens33 s'est connecté
2014-07-14T23:25:05 <adriens33> Re
2014-07-14T23:25:16 <Letarumavza> re
2014-07-14T23:26:08 <adriens33> j'aime les guirlandes… ^^
2014-07-14T23:26:36 <Letarumavza> That's FABULOUS !
2014-07-14T23:27:28 *** adriens33 est parti
2014-07-14T23:27:46 *** adriens33 s'est connecté
2014-07-14T23:40:58 *** adriens33 est parti
2014-07-14T23:41:07 *** adriens33 s'est connecté
2014-07-14T23:49:04 *** adriens33 est parti
