2014-07-11T00:01:46 *** adriens33 est parti
2014-07-11T00:32:58 *** BronyCUB-MC est parti
2014-07-11T00:59:42 *** lezarius est parti
2014-07-11T01:17:39 *** ValCab33 s'est connecté
2014-07-11T03:17:47 *** Letarumavza s'est connecté
2014-07-11T03:27:26 *** Letarumavza est parti
2014-07-11T03:27:27 *** ValCab33 est parti
2014-07-11T04:08:45 *** Letarumavza s'est connecté
2014-07-11T04:38:16 <Letarumavza> re berry
2014-07-11T07:12:34 <Berry-Punch> Voilà ce qu'il s'est passé ces *hic* 10 dernières lignes, adriens33
2014-07-11T07:12:35 *** adriens33 s'est connecté
2014-07-11T07:12:44 <Letarumavza> grunt ?
2014-07-11T07:12:50 <adriens33> hello
2014-07-11T07:13:05 <adriens33> pff… les gens qui déménagent à cette heure ça devrait pas être permis…
2014-07-11T07:13:08 <Letarumavza> aujourd'hui dentoche
2014-07-11T07:13:12 <adriens33> arf
2014-07-11T07:13:22 <adriens33> bonne chance !
2014-07-11T07:13:40 <adriens33> punaise en plus le ressort de la porte d'entrée est mal tendu, elle claque de ouf
2014-07-11T07:14:18 <adriens33> ça et l'interphone devant la porte qui se met à bourdonner bien fort dès qu'il a subi une microcoupure de courant…
2014-07-11T07:14:33 <adriens33> (heureusement il est pas chez moi, sinon je pèterai un plomb)
2014-07-11T07:14:48 <adriens33> sinon comment va ?
2014-07-11T07:22:08 <Letarumavza> grumpf
2014-07-11T07:22:16 <Letarumavza> Mal dormi
2014-07-11T07:22:26 <adriens33> ah:/
2014-07-11T07:22:35 <adriens33> moi mal réveillé XD
2014-07-11T07:23:48 <Letarumavza> arf
2014-07-11T07:24:07 <adriens33> …
2014-07-11T07:24:07 <adriens33> http://9gag.com/gag/amXEZmd
2014-07-11T07:29:37 <Letarumavza> ^^
2014-07-11T07:41:34 *** Rei s'est connecté
2014-07-11T07:41:37 <Rei> coucou,
2014-07-11T07:41:41 <Rei> ahh leta!^^
2014-07-11T07:41:46 <adriens33> hello
2014-07-11T07:41:46 <Rei> courage pour ce matin
2014-07-11T07:41:51 <Rei> et dit moi..
2014-07-11T07:42:02 <Letarumavza> ?
2014-07-11T07:42:37 <Rei> a 11h je pourrai t'appeler pour que tu vienne me chercher ou pas?.. (sinon tu dis a olivier que j'arrive a 11h, donc de garder la chienne avec lui, ou alors qu'il réponde a ses appels)
2014-07-11T07:42:53 <Rei> coucou adrien=
2014-07-11T07:42:56 <Rei> =3
2014-07-11T07:43:14 <adriens33> ^^
2014-07-11T07:45:40 <adriens33> Bon, je vous laisse, faut que j'aille prendre mon bus. À tout à l'heure :D
2014-07-11T07:45:57 *** adriens33 est parti
2014-07-11T07:48:02 <Rei> nyuh
2014-07-11T07:50:22 <Rei> tjr la leta?
2014-07-11T07:53:02 <Rei> ok...
2014-07-11T08:03:13 <Rei> ^^"
2014-07-11T08:11:20 *** adriens33 s'est connecté
2014-07-11T08:11:34 <adriens33> Re
2014-07-11T08:12:15 <adriens33> Je suis en 3g donc ça risque de pas être très stable
2014-07-11T08:12:28 <Rei> ok
2014-07-11T08:12:47 <adriens33> ^^
2014-07-11T08:32:13 <adriens33> Heum… C'est moi ou il manque un bot ?
2014-07-11T08:32:21 <Rei> ?
2014-07-11T08:33:08 <adriens33> je vois pas Bronycub-MC…
2014-07-11T08:34:15 <Rei> effectivementy
2014-07-11T08:34:20 <adriens33> (Le bot minecraft)
2014-07-11T08:35:36 <adriens33> De toute façon ça devra attendre, j'ai pas accès à la console là :p
2014-07-11T08:45:38 *** adriens33 est parti
2014-07-11T08:46:42 *** Rei est parti
2014-07-11T09:13:06 <Letarumavza> oaf oaf les ptits zozios
2014-07-11T09:23:20 *** heuzef s'est connecté
2014-07-11T09:23:58 *** lezarius s'est connecté
2014-07-11T09:25:29 <Berry-Punch> Voilà ce qu'il s'est passé ces 10 *hic* dernières lignes, adriens33
2014-07-11T09:25:30 *** adriens33 s'est connecté
2014-07-11T09:25:39 <adriens33> re
2014-07-11T09:26:02 <adriens33> (et salut aussi ^^)
2014-07-11T09:27:04 <adriens33> @Letarumavza: 'oaf oaf les ptits zoziaux' ? XD
2014-07-11T09:27:05 <heuzef> re =)
2014-07-11T09:27:27 <adriens33> (ah, relire le log c'est toujours intéressant… ^^)
2014-07-11T09:27:37 <Letarumavza> Le dentiste c'est trop cool
2014-07-11T09:27:42 <adriens33> ça sera plus drôle tout à l'heure quand il sera def à l'anesthésique
2014-07-11T09:27:49 <adriens33> (si c'est pas déjà fait…)
2014-07-11T09:27:54 <Letarumavza> Déjà le cas !
2014-07-11T09:27:57 <adriens33> ^^
2014-07-11T09:28:11 <Letarumavza> En plus aujourdh'ui il a mis la dose
2014-07-11T09:28:20 <Letarumavza> Je sens plus mon visage et je marche de travers
2014-07-11T09:28:22 <adriens33> Bah forcément, vu comment tu réagis
2014-07-11T09:28:23 <adriens33> XD
2014-07-11T09:28:24 <Letarumavza> Je suis un crabe
2014-07-11T09:28:40 <Letarumavza> Et je bavouille
2014-07-11T09:28:50 *** Gordfang s'est connecté
2014-07-11T09:28:54 <adriens33> M. crabe ? je voudrais un beignet de crabe svp.
2014-07-11T09:28:58 <adriens33> Salut Gordfang :)
2014-07-11T09:29:02 <Letarumavza> Je suis un crabe qui bavouille
2014-07-11T09:29:15 <Letarumavza> ...
2014-07-11T09:29:19 <adriens33> Ça se mange le crabe en plus ?
2014-07-11T09:29:20 <Gordfang> lu
2014-07-11T09:29:35 <Letarumavza> Vous croyez que les crabes se tapent des batonets de surimi pour avoir ce gout ?
2014-07-11T09:29:39 <adriens33> XD
2014-07-11T09:29:56 <Letarumavza> Bah quoi ?
2014-07-11T09:30:06 <Letarumavza> C'est vrai ça se ressemble comme gôut.
2014-07-11T09:30:06 <adriens33> Le surimi c'est du poisson aromatisé au crabe…
2014-07-11T09:30:19 <Letarumavza> Des poissons qui mangent des crabes alors ?
2014-07-11T09:30:26 <adriens33> peut-être
2014-07-11T09:30:27 <adriens33> va savoir
2014-07-11T09:30:27 <Letarumavza> C'est pas des crabes déguisés ?
2014-07-11T09:30:45 <adriens33> je veux pas savoir ce que les poissons et les crabes font ensemble quand ils sont dans le filet. >_<
2014-07-11T09:31:46 <Letarumavza> J'ai trouvé
2014-07-11T09:31:57 <Letarumavza> surimi c'est carrément de la patée de poisson.
2014-07-11T09:32:11 <Letarumavza> Ils prennent des poissons ils les hachent et ça fait ça.
2014-07-11T09:32:21 <adriens33> Okay
2014-07-11T09:32:22 <Letarumavza> Je me demandent ce que les crabe en pensent...
2014-07-11T09:32:38 <adriens33> Ça dépend, avant ou après la fête ?
2014-07-11T09:32:49 <Letarumavza> Quelle fête ?
2014-07-11T09:33:02 <Letarumavza> Tu veux inviter des crabes à l'anniv de bronycub ?
2014-07-11T09:33:14 <Letarumavza> Ah ouais ça serait cool comme idée !
2014-07-11T09:33:17 <adriens33> ^^
2014-07-11T09:33:30 <adriens33> Punaise en plus moi
2014-07-11T09:33:39 <adriens33> mes congés commencent vendredi 25/07
2014-07-11T09:33:46 <adriens33> et finissent mardi 18/08
2014-07-11T09:33:51 <adriens33> et mon contrat finit le 20/08
2014-07-11T09:34:03 <adriens33> je vais pas bosser des masses cet été…
2014-07-11T09:34:08 <adriens33> et je serais payé quand même o/
2014-07-11T09:34:10 <Letarumavza> La gueule de bois que t'auras le 18 ^^
2014-07-11T09:34:12 <adriens33> j'aime les congés payés…
2014-07-11T09:34:40 <adriens33> ah, le 19 pardon. je me suis laissé le lundi pour décuver XD
2014-07-11T09:34:57 <Letarumavza> Excellente idée
2014-07-11T09:35:11 <adriens33> parce que oui si j'arrive au boulot pour l'avant dernier jour complètement def ça va pas le faire… ^^
2014-07-11T09:35:34 <Letarumavza> Arrives avec un crabe
2014-07-11T09:35:36 <adriens33> ^^
2014-07-11T09:35:40 <Letarumavza> ils verront pas que t'es def
2014-07-11T09:35:46 <adriens33> Hmm… T'es chiant à transporter.
2014-07-11T09:35:49 <Letarumavza> (tain mais pourquoi les crabes ?)
2014-07-11T09:36:14 <adriens33> (pourquoi pas ?)
2014-07-11T09:36:18 <adriens33> (c'est marrant un crabe)
2014-07-11T09:36:20 <Letarumavza> Tien... Mais en fait les doigts c'est les jambes des mains.
2014-07-11T09:36:24 <adriens33> XD
2014-07-11T09:36:33 <adriens33> et les orteils c'est les doigts des pieds
2014-07-11T09:36:39 <adriens33> mais en plus courts
2014-07-11T09:36:42 <adriens33> et moins agiles
2014-07-11T09:36:47 <Letarumavza> ctb
2014-07-11T09:36:50 <adriens33> …
2014-07-11T09:37:00 <adriens33> bien placée XD
2014-07-11T09:37:03 <adriens33> (cmb)
2014-07-11T09:37:04 <Letarumavza> cmb
2014-07-11T09:37:09 <adriens33> trop tard
2014-07-11T09:37:09 <Letarumavza> pwnd !
2014-07-11T09:37:33 <adriens33> le pire c'est que moi j'ai juste bu du café XD
2014-07-11T09:37:36 <adriens33> je suis pas def
2014-07-11T09:37:49 <adriens33> (sauf s'il y a autre chose dans le café…)
2014-07-11T09:40:42 <adriens33> Letarumavza: ping ?
2014-07-11T09:40:49 <Letarumavza> pong !
2014-07-11T09:41:05 <adriens33> ^^
2014-07-11T09:41:18 <adriens33> |°     |
2014-07-11T09:41:21 <adriens33> | °    |
2014-07-11T09:41:23 <adriens33> |  °   |
2014-07-11T09:41:27 <adriens33> |   °  |
2014-07-11T09:41:29 <Letarumavza> C'est la vraie origine du terme ping
2014-07-11T09:41:30 <adriens33> |    ° |
2014-07-11T09:41:32 <adriens33> |     °|
2014-07-11T09:41:39 <adriens33> |    ° |
2014-07-11T09:41:53 <Letarumavza> Je me pose une question
2014-07-11T09:41:55 <adriens33> (je sais ^^)
2014-07-11T09:41:58 <adriens33> quoi donc ?
2014-07-11T09:42:08 <Letarumavza> Ah ça marche
2014-07-11T09:43:19 *** wildfier s'est connecté
2014-07-11T09:43:25 <wildfier> yop
2014-07-11T09:43:28 <Letarumavza> ^^
2014-07-11T09:43:40 <Letarumavza> adrien va revenir sous peu
2014-07-11T09:43:49 <Berry-Punch> Letarumavza t'es *hic* pas drôle… ^^
2014-07-11T09:43:53 *** adriens33 s'est connecté
2014-07-11T09:43:55 <Letarumavza> ^^
2014-07-11T09:44:11 <adriens33> En vrai toi comme bêta testeur t'es génial.
2014-07-11T09:44:16 <Letarumavza> ?
2014-07-11T09:44:36 <adriens33> Pour trouver ce qui va pas et les failles des trucs y'a pas mieux ^^
2014-07-11T09:45:03 <Letarumavza> J'aime juste jouer avec des allumettes dans des poudrières.
2014-07-11T09:45:07 <adriens33> ^^
2014-07-11T09:45:43 <Letarumavza> Pourquoi ça a fait bug berry ?
2014-07-11T09:45:47 <adriens33> qué ?
2014-07-11T09:45:49 <adriens33> comment ça ?
2014-07-11T09:46:06 <Berry-Punch> Voilà ce qu'il s'est passé ces *hic* 10 dernières lignes, adriens33
2014-07-11T09:46:08 <Letarumavza> Pourquoi, ça a fait bug berry ?*
2014-07-11T09:46:20 <adriens33> ah
2014-07-11T09:46:21 <adriens33> non
2014-07-11T09:46:30 <adriens33> mais le fait qu'elle puisse me kicker moi c'est un bug en soi
2014-07-11T09:46:31 <adriens33> ^^
2014-07-11T09:46:35 <Letarumavza> ^^
2014-07-11T09:46:41 <adriens33> (ou plutôt une erreur de conception)
2014-07-11T09:46:50 <Letarumavza> C'est principalement ce que j'ai voulu voir.
2014-07-11T09:47:15 <adriens33> T'as lu le code source, t'aurais dû voir ça ^^
2014-07-11T09:47:21 <Letarumavza> sur le bot en C on se mettra tout deux admin, avec possibilité de s'entre-kick
2014-07-11T09:47:25 <adriens33> ^^
2014-07-11T09:47:43 <adriens33> Je sens que sur la période de congés, je vais bien m'amuser…
2014-07-11T09:47:44 <adriens33> ^^
2014-07-11T09:49:26 *** Shinsaber s'est connecté
2014-07-11T09:49:31 <Shinsaber> salut /)
2014-07-11T09:49:42 <adriens33> hellow Shinsaber
2014-07-11T09:51:11 <adriens33> Bon, flemme, je coderai ça plus tard.
2014-07-11T10:15:37 *** heuzef est parti
2014-07-11T10:17:32 *** heuzef s'est connecté
2014-07-11T10:17:41 <heuzef> Re
2014-07-11T10:17:45 <adriens33> re
2014-07-11T10:18:02 <heuzef> J'ai fait un horrible cauchemar cette nuit
2014-07-11T10:18:09 <adriens33> Ah ?
2014-07-11T10:18:12 <adriens33> raconte :p
2014-07-11T10:19:58 <heuzef> Je me faisait haïr par tous les membres du collectif et je n'arrivais pas à en trouver la cause
2014-07-11T10:20:05 <heuzef> Une haine complétement illogique
2014-07-11T10:20:17 <heuzef> Franchement c'été pas cool à vivre :(
2014-07-11T10:21:35 <adriens33> Jme demande de quoi rêve Pinkie Pie la nuit… Si elle rêve ou si elle cauchemarde… Si ça se trouve elle fait le même genre de cauchemards.
2014-07-11T10:21:38 <Letarumavza> Je sais d'ou vient ton cauchemar et pourquoi ils the haissaient !
2014-07-11T10:21:51 <heuzef> Enfin venant de moi c'est pas surprenant comme cauchemar :/
2014-07-11T10:21:56 <Letarumavza> T'as dit de pas amener de bière pour le 17 !
2014-07-11T10:21:56 <Berry-Punch> Qu'est-ce que *hic* j'ai soif…
2014-07-11T10:22:04 <heuzef> ^^
2014-07-11T10:22:09 <adriens33> XD
2014-07-11T10:22:14 <Shinsaber> bien vu Letarumavza
2014-07-11T10:22:17 <Shinsaber> et salut heuzef
2014-07-11T10:22:17 <adriens33> Au pire, de toute façon
2014-07-11T10:22:32 <adriens33> si les gens boivent, c'est de leur propre volonté
2014-07-11T10:22:35 <adriens33> tu pose de l'alcool
2014-07-11T10:22:35 <Berry-Punch> J'aimerais bien en reprendre, mais *hic* Colgate va se fâcher après…
2014-07-11T10:22:37 <adriens33> chez toi
2014-07-11T10:22:44 <adriens33> si les gens boivent tu les as pas forcés
2014-07-11T10:22:52 <heuzef> oui
2014-07-11T10:23:04 <adriens33> au pire tu fais un petit discours au début genre « si t'as psa 18ans faut pas boire c'est pas bien »
2014-07-11T10:23:09 <adriens33> mais chacun fait ce qu'il veut…
2014-07-11T10:23:10 <adriens33> :)
2014-07-11T10:23:14 <heuzef> M'voyez
2014-07-11T10:23:18 <adriens33> ^^
2014-07-11T10:23:26 <Letarumavza> adriens33: interdit de faire picoler ileana.
2014-07-11T10:23:38 <adriens33> rhô t'es pas marrant.
2014-07-11T10:23:46 <adriens33> et moi j'ai le droit ?
2014-07-11T10:23:55 <Letarumavza> Si tu veux
2014-07-11T10:23:58 <adriens33> ^^
2014-07-11T10:24:04 <adriens33> yay
2014-07-11T10:24:13 <Shinsaber> quant tu fais une fête chez toi tu est quant même responsable donc c'est Letarumavza qui prendra XD
2014-07-11T10:24:13 <heuzef> Arf Stan m'à appris qu'ils avaient rompu lui et Ileana
2014-07-11T10:24:24 <heuzef> Ce fut rapide quand même
2014-07-11T10:24:29 <Letarumavza> Mais si t'es trop bourré tu dors chez moi, hors de question que je laisse quelqu'un rentrer chez lui pété.
2014-07-11T10:24:29 <adriens33> Ta femme te l'dit souvent.
2014-07-11T10:24:37 <Letarumavza> Adrien ?
2014-07-11T10:24:40 <adriens33> oui ?
2014-07-11T10:24:41 <adriens33> quoi ?
2014-07-11T10:24:51 <Letarumavza> Je parie que cette nouvelle t'a fait sourire ^^
2014-07-11T10:25:04 * adriens33 se cache
2014-07-11T10:25:08 <adriens33> non pas du tout…
2014-07-11T10:25:11 <adriens33> **siflotte**
2014-07-11T10:25:27 <heuzef> ?? :/
2014-07-11T10:25:40 <Letarumavza> Non rien ^^
2014-07-11T10:25:43 <heuzef> ???
2014-07-11T10:25:53 <Letarumavza> adriens33: elle va pas te bouffer tu sais ^^
2014-07-11T10:26:12 <adriens33> ouais je sais, mais j'ai des blocages je te rappelle.
2014-07-11T10:26:20 <Letarumavza> (ou seulement sans les dents...)
2014-07-11T10:26:27 * Letarumavza sort.
2014-07-11T10:26:28 <heuzef> ?????
2014-07-11T10:26:45 <adriens33> Et le seul truc qui a un tant soi peu d'effet dessus soit ça fait exactement l'effet inverse soit je finis par dormir.
2014-07-11T10:27:03 <adriens33> heuzef qu'est largué… ^^
2014-07-11T10:27:07 <heuzef> ..... ?
2014-07-11T10:27:24 <Letarumavza> Adrien a un crush sur ileana.
2014-07-11T10:27:36 <heuzef> :o
2014-07-11T10:27:48 <Letarumavza> C'est pas comme si c'était discret...
2014-07-11T10:28:01 <Letarumavza> (il m'a fallu 15sec pour le voir)
2014-07-11T10:28:01 <heuzef> Finalement peut-être que l'histoire d'amour by BronyCUB est encore possible alors ! :D
2014-07-11T10:28:41 <adriens33> heuzef: …
2014-07-11T10:28:50 <Letarumavza> broneetic ?
2014-07-11T10:28:58 * Letarumavza sort, encore.
2014-07-11T10:29:12 * adriens33 va chercher une pioche
2014-07-11T10:29:15 <adriens33> Letarumavzaaaaaaaaaa !!
2014-07-11T10:29:23 <heuzef> Ba quoi, ça peut être sympa si ça génère aussi de l'amour moi jdis ^^
2014-07-11T10:29:26 <adriens33> ^^
2014-07-11T10:29:27 * Letarumavza sort son katana.
2014-07-11T10:29:34 * adriens33 sort deux katanas
2014-07-11T10:29:41 * Letarumavza sort sa bite.
2014-07-11T10:29:48 <heuzef> xD
2014-07-11T10:29:51 * adriens33 sort… wait what ?
2014-07-11T10:30:05 <adriens33> mother of me¿
2014-07-11T10:30:08 <adriens33> *…
2014-07-11T10:30:35 <adriens33> heu…
2014-07-11T10:30:36 <Letarumavza> ?
2014-07-11T10:30:38 <adriens33> okay…
2014-07-11T10:30:45 <adriens33> jle voice ? ^^
2014-07-11T10:30:48 <lezarius> Oui
2014-07-11T10:30:49 <Berry-Punch> Flags de lezarius *hic* modifiés : +v
2014-07-11T10:30:50 <adriens33> !voice lezarius
2014-07-11T10:31:26 <Letarumavza> Donc on note, adrien a posé une option sur ileana, si y'en a un qui tente de lui cramer la priorité je le brule.
2014-07-11T10:31:36 <adriens33> Ça, c'est fait…
2014-07-11T10:32:04 <Letarumavza> C'est tellement misogyne... ^^
2014-07-11T10:32:09 <heuzef> Ouais enfin je pense pas qu'elle ai rompu parceque que ça se passais mal avec Stan
2014-07-11T10:32:11 <Letarumavza> bro code.
2014-07-11T10:32:17 <Letarumavza> ?
2014-07-11T10:32:41 <heuzef> Je pense qu'elle est pas encore zen dans sa tete et ses sentiments
2014-07-11T10:33:03 <Letarumavza> J'ai une solution !
2014-07-11T10:33:12 <heuzef> Elle à pas encore compris que c'est son coeur qui va choisir a sa place
2014-07-11T10:33:31 <Letarumavza> ha ha
2014-07-11T10:33:33 <Letarumavza> non.
2014-07-11T10:33:38 <Letarumavza> Carrément pas.
2014-07-11T10:34:19 <Letarumavza> flo, tu devrais regarder 500 days of summer
2014-07-11T10:34:29 <Letarumavza> (500 jours ensemble en VF il me sembleà
2014-07-11T10:34:52 <heuzef> Ce que je veux dire c'est qu'elle se prend trop la tete
2014-07-11T10:35:00 <adriens33> Ça parle de quoi ?
2014-07-11T10:35:52 <Letarumavza> heuzef: en gros coté sentimental ça donne la même chose qu'adrien avec des nichons. De la prise de tête pour des prunes.
2014-07-11T10:36:26 <heuzef> Ba ouais
2014-07-11T10:37:09 <Letarumavza> Bon, on leur refile alcool+ghb et on les enferme dans ma chambre d'amis ?
2014-07-11T10:37:09 <Berry-Punch> Qu'est-ce que j'ai *hic* soif…
2014-07-11T10:37:19 <heuzef> adriens33 si vraiment tu es vraiment amoureux, pas la peine de t'en faire, tu n'auras aucun blocage tu peux en être certain
2014-07-11T10:37:29 <Letarumavza> Hum... non
2014-07-11T10:37:35 <Letarumavza> Là tu dis une connerie flo.
2014-07-11T10:37:38 <adriens33> Ça se voit que tu me connais pas flo…
2014-07-11T10:38:00 <adriens33> J'ai un problème avec les relations sociales.
2014-07-11T10:38:02 <lezarius> Les mec j'était en train de parler taff avec l'irc sur les yeux j'ai pleurais de rire xD
2014-07-11T10:38:04 <Letarumavza> En gros, plus une fille lui plait, plus il perd ses moyens.
2014-07-11T10:38:12 <adriens33> voilà…
2014-07-11T10:38:37 <Letarumavza> Devant ileana y'a de grandes chances de son discours se résume à "cot cot cot"
2014-07-11T10:38:38 <adriens33> Ça et le fait que ça me pète le moral, parce que j'en suis conscient
2014-07-11T10:38:44 <Letarumavza> Ou a lui demander ses papiers...
2014-07-11T10:38:53 <adriens33> …
2014-07-11T10:39:07 <lezarius> Letarumavza: GG
2014-07-11T10:39:11 <Letarumavza> ?
2014-07-11T10:39:23 <lezarius> La blague sur les poulet xD
2014-07-11T10:39:26 <Letarumavza> ^^
2014-07-11T10:39:42 <Letarumavza> Euh... j'ai une idée
2014-07-11T10:39:47 <Letarumavza> Flo !!!
2014-07-11T10:39:59 <Letarumavza> J'ai l'arme ultime !
2014-07-11T10:40:05 <Letarumavza> Le jeu de la bouteille ^^
2014-07-11T10:40:06 <heuzef> Et toi que tu n'as jamais vécu ça. Tu es totalement inhibé par l'amour quand il se présente vraiment, y'a même plus question de perde ses moyens quand ça arrive. A vrais dire le vraie problème, c'est plutôt quand te fait jeté après ... la ça pique
2014-07-11T10:40:16 <adriens33> heuzef: si, crois moi…
2014-07-11T10:40:24 <adriens33> moi ça me bloque.
2014-07-11T10:40:28 <heuzef> Non
2014-07-11T10:40:30 <adriens33> si.
2014-07-11T10:40:40 <adriens33> je l'ai déjà vécu, crois moi.
2014-07-11T10:40:44 <adriens33> ça fait hyper mal.
2014-07-11T10:41:16 <Letarumavza> Flo, adrien, vous pouvez pas vous piger sur ce point, vous êtes aux deux bouts de l'échelle.
2014-07-11T10:41:27 <Letarumavza> Et moi je suis même plus dessus.
2014-07-11T10:41:46 <heuzef> Mouais
2014-07-11T10:41:49 <heuzef> Enfin ceci dis
2014-07-11T10:41:56 <heuzef> Laisse la neige tomber
2014-07-11T10:42:01 <heuzef> Et ça irra tous seul
2014-07-11T10:42:03 <adriens33> …
2014-07-11T10:42:10 <Letarumavza> Flo, l'amour est un catalyseur.
2014-07-11T10:42:37 <heuzef> Un catalyseur d'emmerde ouais :D
2014-07-11T10:42:39 <Letarumavza> Il a tendance à révéler le vrai coté des gens, du fait de l'action très particulière des phéromones sexuelles sur le lobe frontal.
2014-07-11T10:43:09 <Letarumavza> Et c'est là que ça blesse, suivant le réseau de réaction du sujet, la catalyse donne une réaction différente.
2014-07-11T10:43:47 <Letarumavza> (Bonjour, je viens juste de chier sur le romantisme avec un lance-flammes)
2014-07-11T10:43:51 <adriens33> …
2014-07-11T10:43:52 <adriens33> XD
2014-07-11T10:44:11 <heuzef> Ouais ba de ce j'ai pu apprendre de mon côté, c'est que tu sais jamais ce que la vie te réserve demain
2014-07-11T10:44:16 <heuzef> La routine ne dure pas
2014-07-11T10:44:33 <Letarumavza> L'entropie est prévisible, il suffit d'analyser le système.
2014-07-11T10:45:22 <Letarumavza> Ceci dit la quantité de données est terriblement élevée ^^
2014-07-11T10:45:40 <heuzef> Que du coup ça en devient imprevisible
2014-07-11T10:45:54 <Letarumavza> Non
2014-07-11T10:45:56 <adriens33> heuzef: j'aimerais bien avoir ton optimisme…
2014-07-11T10:46:05 <Letarumavza> ça l'est, ça demande juste de la puissance d'analyse.
2014-07-11T10:46:21 <heuzef> adriens33 peux importe va le resultat sera le même
2014-07-11T10:46:34 <Letarumavza> J'aime la triade qu'on représente.
2014-07-11T10:46:48 *** lezarius est parti
2014-07-11T10:46:58 <heuzef> Un jour tu finira par raler parceque ta femme de fait chier, j'en met mes couilles à bouffer
2014-07-11T10:47:04 <Letarumavza> Flo et son ouverture, adrien et son introspection, moi et mon extraction du système.
2014-07-11T10:47:18 <Letarumavza> Adrien, conserves le log
2014-07-11T10:47:26 <heuzef> :D
2014-07-11T10:47:29 <adriens33> je les gardes toujours…
2014-07-11T10:47:32 <adriens33> *garde
2014-07-11T10:48:07 <adriens33> C'était une des raisons de base de ce bot (Berry), avoir la possibilité de savoir ce qu'il s'est dit sur le chat même quand je suis pas là
2014-07-11T10:48:20 <Letarumavza> D'ailleurs flo, en parlant de tes couilles, comment ça va avec ta cop ?
2014-07-11T10:48:46 <Letarumavza> (dat réplique épique)
2014-07-11T10:48:53 <adriens33> XD
2014-07-11T10:49:43 <heuzef> En se moment ça va super
2014-07-11T10:49:49 <Letarumavza> 0o
2014-07-11T10:50:04 <Letarumavza> Et niveau conso, autant que mon pc ?
2014-07-11T10:50:09 <heuzef> J'en profite, ça ne va pas durer xD
2014-07-11T10:50:20 <heuzef> Ouais largement
2014-07-11T10:50:44 * Letarumavza se demande si la vanne est vraiment passée.
2014-07-11T10:50:59 <adriens33> Oui oui, moi j'ai pigé en tout cas XD
2014-07-11T10:54:33 <Letarumavza> Flo, coté chauffe ta cop elle est plutot Geforce 2 ou GTX Titan Black
2014-07-11T10:54:35 <Letarumavza> ?
2014-07-11T10:59:17 <heuzef> pffff
2014-07-11T11:00:09 <Letarumavza> Ha !
2014-07-11T11:00:25 <Letarumavza> en fait c'est un pi sous watercool ^^
2014-07-11T11:00:46 *** lezarius s'est connecté
2014-07-11T11:00:51 <adriens33> XD
2014-07-11T11:00:52 <lezarius> Re
2014-07-11T11:00:58 <adriens33> un RPi sous watercooling…
2014-07-11T11:01:07 <adriens33> Mais tu gèle la carte lç
2014-07-11T11:01:09 <adriens33> *là
2014-07-11T11:01:12 <adriens33> XD
2014-07-11T11:01:53 <Letarumavza> Nop, thermodynamique => ta carte peut pas descendre sous la température du radiateur.
2014-07-11T11:02:15 <adriens33> je sais…
2014-07-11T11:02:19 <adriens33> t'es pas drôle…
2014-07-11T11:02:23 <adriens33> XD
2014-07-11T11:02:37 <Letarumavza> on note que flo ne dément pas.
2014-07-11T11:02:42 <adriens33> pas faux…
2014-07-11T11:02:47 <Letarumavza> On va se cotiser et lui offrir une vaginette ^^
2014-07-11T11:02:56 <adriens33> Oh mais non XD
2014-07-11T11:03:04 <Letarumavza> ^^
2014-07-11T11:03:06 <adriens33> tu vas pas un peu loin ?
2014-07-11T11:03:15 <Letarumavza> Juste un gant alors ?
2014-07-11T11:03:20 <adriens33> XD
2014-07-11T11:03:29 <adriens33> T'es ignoble…
2014-07-11T11:03:30 <adriens33> XD
2014-07-11T11:13:51 <heuzef> Quelqu'un sais comment ça marche les lxc ?
2014-07-11T11:14:05 <adriens33> demande à wildfier, il est en train de tester docker
2014-07-11T11:14:29 <heuzef> wildfier c'est quoi docker ?
2014-07-11T11:14:43 <wildfier> un openvz like
2014-07-11T11:14:48 <Shinsaber> moi je test Proxmox ^^
2014-07-11T11:15:06 <wildfier> mais demande plutôt à Shinsaber
2014-07-11T11:15:26 <heuzef> Shinsaber c'est quoi un openvz like et Proxmox ?
2014-07-11T11:16:32 <heuzef> wildfier pourquoi Shinsaber ne me répond pas ?
2014-07-11T11:16:53 <wildfier> (att il écrit un pavé)
2014-07-11T11:16:53 <heuzef> adriens33 pourquoi wildfier ne me répond pas pour savoir pourquoi Shinsaber ne me répond pas ?
2014-07-11T11:17:00 <adriens33> heuzef…
2014-07-11T11:17:01 <adriens33> calme
2014-07-11T11:17:02 <adriens33> …
2014-07-11T11:17:12 *** wildfier est parti
2014-07-11T11:17:13 <adriens33> les gens sont pas forcément le nez collé sur irc…
2014-07-11T11:17:18 <adriens33> généralement les gens bossent…
2014-07-11T11:17:21 <Shinsaber> LXC : pour faire simple, tu a le noyaux linux hôte, et test vm c'est un peux comme un chroot du système ^^
2014-07-11T11:18:10 <adriens33> C'est à mi chemin entre le chroot et la virtualisation (virtualbox et cie), mais sans avoir besoin d'émuler un système d'exploitation
2014-07-11T11:18:23 <adriens33> tu sépares ton app du reste du système
2014-07-11T11:18:35 <adriens33> mais en utilisant le noyau du système, y'a pas de surcouche.
2014-07-11T11:19:21 <heuzef> C'est à moitié claire en faite
2014-07-11T11:19:32 *** wildfier s'est connecté
2014-07-11T11:19:40 <Shinsaber> donc test vm démar en quelque seconde et tu peux en faire des centaine sur moin de 1Go de ram XD
2014-07-11T11:19:56 <adriens33> parce que justement ce ne sont pas des vm
2014-07-11T11:20:09 <wildfier> c'est des méga chroot
2014-07-11T11:20:17 <adriens33> une machine virtuelle, pour faire simple, c'est un programme qui reproduit le fonctionnement de tes composants (carte mère etc)
2014-07-11T11:20:24 <adriens33> et tu installes un système complet dedans.
2014-07-11T11:20:31 <adriens33> du coup c'est assez lourd à cause de ça.
2014-07-11T11:20:44 <adriens33> là, tu utilise ton système natif parce qu'il reproduit pas le fonctionnement d'un pc
2014-07-11T11:20:57 <adriens33> il ne fait que restreindre ce auquel l'appli a le droit de toucher
2014-07-11T11:21:06 <adriens33> (c'est un conteneur quoi)
2014-07-11T11:21:32 <heuzef> C'est un poile plus claire
2014-07-11T11:21:47 <heuzef> Il me faudrait un bon tuto en fr je pense pour piger correctement
2014-07-11T11:21:54 <adriens33> ^^
2014-07-11T11:23:27 <Shinsaber> l’avantage c'est qu'il y a qu'un seul noyau qui gère toute les ressource, et programme.
2014-07-11T11:26:53 <heuzef> Je vais avoir besoin de schéma et surtout de pratique
2014-07-11T11:27:03 *** wildfier est parti
2014-07-11T11:28:29 <Shinsaber> je sais pas ci sa va te convenir mais tu a sa sur openVZ : http://openvz.org/Features
2014-07-11T11:30:05 *** wildfier s'est connecté
2014-07-11T11:31:54 <heuzef> Merci
2014-07-11T11:32:12 <heuzef> Je dois me forcer à lire en anglais ou y'a l'équivalent en fr ?
2014-07-11T11:33:13 <Shinsaber> je regard ^^
2014-07-11T11:33:29 <Shinsaber> sinon wikipedia XD
2014-07-11T11:33:33 <adriens33> heuzef: je sais pas si t'es au courant, mais en info y'a énormément d'anglais.
2014-07-11T11:33:40 *** wildfier est parti
2014-07-11T11:33:42 <adriens33> donc si t'aimes pas l'anglais t'es un peu mal barré  ^^
2014-07-11T11:34:15 <heuzef> C'est pas que j'aime pas, c'est que quand je lis une doc en anglais ba je comprend que 50%
2014-07-11T11:34:36 <heuzef> Appréhender un truc nouveau en anglais c'est un peu con comme strategie je pense
2014-07-11T11:34:39 <heuzef> A moins d'etre bilingue
2014-07-11T11:34:43 <adriens33> Pas forcément…
2014-07-11T11:34:45 *** wildfier s'est connecté
2014-07-11T11:35:16 <heuzef> Ouais ba si t'es capable de piger un nouveau concept en pigeant que la moitité de la doc
2014-07-11T11:35:20 <heuzef> je veux bien ton secret
2014-07-11T11:35:33 <adriens33> "piger que la moitié de la doc"… t'es si mauvais que ça ?
2014-07-11T11:35:52 <heuzef> Je suis pas mauvais je suis français ....
2014-07-11T11:35:57 <wildfier> PoPoPOOOOoooo
2014-07-11T11:36:06 <wildfier> ça parle mal !
2014-07-11T11:37:11 <Shinsaber> les meilleur doc sont en anglais en général .....
2014-07-11T11:39:30 <Shinsaber> je trouve pas de version fr ^^
2014-07-11T11:39:46 <heuzef> The architecture of OpenVZ is different from the traditional virtual machines architecture because it always runs the same OS kernel as the host system (while still allowing multiple Linux distributions in individual containers). This single-kernel implementation technology enables running containers with a near-zero overhead. Thus, OpenVZ offer an order of magnitude higher efficiency and manageability than traditional virtualization technol
2014-07-11T11:39:46 <heuzef> L'architecture de l'OpenVZ est différent des VM traditionnels parcequ'ils sont toujours lancer sur le même noyaux de l'OS en tant qu'hote (CACA PROUT plusieur distribution linux CACA PROUT contenairs individuelle). Cet implementation de noyeau unique active les containers avec TA MERE. DIAREE AIGUE que les tehcnologie de virtualisation traditionnel.
2014-07-11T11:40:08 <heuzef> ça m'avance vachement ça .....
2014-07-11T11:40:30 <adriens33> "je suis pas mauvais je suis français"…
2014-07-11T11:40:32 <adriens33> et alors ?
2014-07-11T11:40:42 <adriens33> ça t'empêche pas d'etre bon en anglais.
2014-07-11T11:40:56 <adriens33> les deux sont possibles.
2014-07-11T11:41:12 <adriens33> c'est quoi ce cliché à la mord-moi-le-nœud que les français sont nuls en anglais sérieux ?
2014-07-11T11:41:28 <heuzef> Je me considère bon, mais pas bilingue au point de comprendre parfaitement une doc technique
2014-07-11T11:41:30 <adriens33> …
2014-07-11T11:41:38 <adriens33> Ben tu t'entraînes dans ce cas
2014-07-11T11:41:38 <adriens33> :)
2014-07-11T11:41:43 <wildfier> putain t'es moins bon que Shinsaber en anglais oO
2014-07-11T11:41:47 <adriens33> Parce que faire de l'info sans anglais…
2014-07-11T11:41:50 <adriens33> Sérieux…
2014-07-11T11:42:01 <heuzef> Je dis pas le contraire
2014-07-11T11:42:07 <heuzef> Ou alors le problème viens pas de la
2014-07-11T11:42:29 <heuzef> Mais plutot que je n'arrive pas à piger le doc, même en francais
2014-07-11T11:42:37 <adriens33> Hmm…
2014-07-11T11:42:47 <wildfier> cet trad gtrad quand même ...
2014-07-11T11:42:53 <adriens33> C'est clair quand même.
2014-07-11T11:43:05 <adriens33> ou alors c'est moi qu'ai le cerveau trop performant…
2014-07-11T11:43:15 <adriens33> (non j'dec ^^)
2014-07-11T11:43:19 <wildfier> c'est comme une vm sans recréer du matériel virtuel
2014-07-11T11:43:26 <heuzef> Ba je dois etre trop con alors ....
2014-07-11T11:43:33 <adriens33> c'est pas une vm, c'est un cloisonnement justement wildfier
2014-07-11T11:43:35 <wildfier> en faisant tourner sur le même kernel que l'hote
2014-07-11T11:43:56 <adriens33> la vm implique une surcouche de virtualisation
2014-07-11T11:44:04 <adriens33> là y'a peau de balle de virtualisation
2014-07-11T11:44:10 <wildfier> justement
2014-07-11T11:44:22 <wildfier> c'est ce que je dis "sans recréer du matériel virtuel"
2014-07-11T11:44:31 <wildfier> ni faire tourner un autre os d'ailleur
2014-07-11T11:44:37 <adriens33> donc tu c'est c'est une machne virtuelle sans machine virtuelle…
2014-07-11T11:44:40 <adriens33> *tu dis
2014-07-11T11:44:42 <adriens33> *mahcine
2014-07-11T11:44:54 <adriens33> je vois ce que tu veux dire
2014-07-11T11:45:01 <wildfier> adriens ...
2014-07-11T11:45:02 <adriens33> mais les gens qui savent pas faire la différence vm/container
2014-07-11T11:45:08 <adriens33> ça risque d'embrouiller
2014-07-11T11:45:12 <wildfier> je pense pas non
2014-07-11T11:45:23 <wildfier> parce qu'autant il sait ce qu'est une vm
2014-07-11T11:45:27 <wildfier> mais pas un container
2014-07-11T11:45:35 <wildfier> donc autant partir d'un truc qu'il connait
2014-07-11T11:45:40 <heuzef> Bien d'accord
2014-07-11T11:45:46 <wildfier> et décrire le container grace au différences en les deux
2014-07-11T11:45:52 <adriens33> as you veux…
2014-07-11T11:46:07 <heuzef> D'autant plus que les container semble etre très recent comme techno, tracé l'histoire du pourquoi se fut inventer me semble pas mal
2014-07-11T11:46:22 <wildfier> anyway, back to work (I done nothing productiv all morning)
2014-07-11T11:46:32 <wildfier> I've*
2014-07-11T11:46:55 <adriens33> de toute façon jsuis pas bon prof, je sais des trucs mais je sais pas expliquer simplement.
2014-07-11T11:47:11 <wildfier> heuzef: faire plus avec moins
2014-07-11T11:47:27 <heuzef> ok donc c'est mieux que les VM
2014-07-11T11:47:33 <wildfier> ou comment obtenir les avantages des vms sans leurs inconvéniants
2014-07-11T11:47:49 <heuzef> ça pourrais donc totalement remplacer les vm du coup ?
2014-07-11T11:47:57 <wildfier> pas si tu dois changer d'os
2014-07-11T11:48:08 <wildfier> mais sinon ...
2014-07-11T11:48:10 <wildfier> oui
2014-07-11T11:48:12 <adriens33> Tu peux pas faire tourner d'appli windows sous linux
2014-07-11T11:48:23 <adriens33> ou d'appli arm sous x86
2014-07-11T11:49:40 <heuzef> Donc ça se limite quand même à un seul OS : ton hote
2014-07-11T11:49:46 <wildfier> oui
2014-07-11T11:49:49 <wildfier> c'est le principe
2014-07-11T11:49:59 <adriens33> mais l'avantage sous linux
2014-07-11T11:50:06 <adriens33> c'est qu'avec le même kernel (linux donc)
2014-07-11T11:50:06 <wildfier> mais pourquoi tu voudrais faire tourner plusieurs linux sur ton serv ?
2014-07-11T11:50:13 <adriens33> t'as des blindes de distributions différentes
2014-07-11T11:50:29 <wildfier> (et puis rien ne t'empèche de faire tourner des vm à côté de containers ...)
2014-07-11T11:50:39 <adriens33> la limite étant le format de l'exécutable en fait. Si le noyau de l'os peut le faire tourner c'est bon
2014-07-11T11:53:19 <Shinsaber> c'est pour ça que si tu veut faire de la virtualisation légère (containers) avec la possibilité de virtualisée un système complet la solution Proxmox est intéressante ! C'est une distrib basée sur Debian avec la possibilité de créer des VM et aussi des containers avec openVZ, le tous avec une interface web.
2014-07-11T11:53:51 <adriens33> [/pub]
2014-07-11T11:54:22 <Shinsaber> nop c'est pas vrais, je fais pas de pub pour le produit XD
2014-07-11T11:54:27 <adriens33> ^^
2014-07-11T11:54:54 <adriens33> Moi j'dis la pub c'est pour les faibles.
2014-07-11T11:55:00 <adriens33> Un bon produit se vend sans pub.
2014-07-11T11:55:19 <adriens33> Ou à la limite pour débuter.
2014-07-11T11:55:31 <adriens33> Un produit qui a besoin de pub c'est qu'il est pas assez intéressant de base.
2014-07-11T11:56:01 <Shinsaber> ^^
2014-07-11T11:56:15 <adriens33> Exemple: vous avez déjà vu OVH faire de la pub ? Moi pas. Pourtant ça m'étonnerait qu'ils soient en train de faire faillite…
2014-07-11T11:57:43 <Shinsaber> j'ai jamais vus de pub pour proxmox, comparé a OpenStack ( je sais pas ce qu'il fais ^^)
2014-07-11T11:58:40 <Letarumavza> re bande de rats bicubiques
2014-07-11T11:59:59 <adriens33> re ^^
2014-07-11T12:00:13 <adriens33> Ah: blague: heuzef veut faire de l'informatique sans anglais.
2014-07-11T12:00:14 <adriens33> ^^
2014-07-11T12:00:21 <Letarumavza> Oh putain...
2014-07-11T12:00:27 <adriens33> ouep.
2014-07-11T12:00:31 <Letarumavza> J'ai foutu du jus de pomme sur mon écran...
2014-07-11T12:00:33 <adriens33> XD
2014-07-11T12:00:38 <Letarumavza> Putain je venais de le néttoyer...
2014-07-11T12:00:44 <Letarumavza> ...
2014-07-11T12:00:51 <adriens33> (en plus Berry qui hoquette pile au bon moment…)
2014-07-11T12:00:52 <Letarumavza> T'es pas sérieux.
2014-07-11T12:01:57 <adriens33> Ben… regarde le log si tu me crois pas. http://www.art-software.fr/files/lastday_bronycub.php
2014-07-11T12:02:36 <adriens33> Bon, c'est aussi lié au fait qu'il comprenait pas la techno en elle même.
2014-07-11T12:02:40 <Letarumavza> ...
2014-07-11T12:02:58 <adriens33> « 11:34:36 <heuzef> Appréhender un truc nouveau en anglais c'est un peu con comme strategie je pense »
2014-07-11T12:03:07 <adriens33> ça c'est pas sorti de mon cul
2014-07-11T12:03:50 <adriens33> ah
2014-07-11T12:03:50 <adriens33> et
2014-07-11T12:03:59 <adriens33> 11:35:33 <adriens33> "piger que la moitié de la doc"… t'es si mauvais que ça ?
2014-07-11T12:03:59 <adriens33> 11:35:52 <heuzef> Je suis pas mauvais je suis français ....
2014-07-11T12:04:08 <adriens33> ^^
2014-07-11T12:04:28 <adriens33> bon, sur ce, je vais aller acheter à miammer.
2014-07-11T12:04:28 <Berry-Punch> Bon appétit, adriens33 *hic* :D
2014-07-11T12:04:28 <Letarumavza> Bon, va falloir que flo pige qu'il y a une différence entre user friendly et nivèlement pas le bas.
2014-07-11T12:04:29 <adriens33> je re
2014-07-11T12:04:40 <adriens33> y'en a une ?
2014-07-11T12:04:41 <adriens33> ^^
2014-07-11T12:04:52 <adriens33> (oui, je trolle, je sais)
2014-07-11T12:05:02 <Letarumavza> user friendly sans nivellement par le bas ?
2014-07-11T12:05:04 <Letarumavza> code.org
2014-07-11T12:05:45 <heuzef> Stop
2014-07-11T12:06:08 <Letarumavza> ?
2014-07-11T12:06:45 <Letarumavza> Le problème flo, c'est que si tu maches tout le temps le taf, jamais ton user ne progresse et ne sera capable d'utiliser une quelconque fonction complexe.
2014-07-11T12:07:08 <heuzef> Va falloir calmer le jeux concernant mon cas, vous êtes à côté de la plaque les gars
2014-07-11T12:07:08 <Letarumavza> Mieux vaut un prog complexe avec un tutoriel qu'un prog simple clef en main.
2014-07-11T12:07:32 <Letarumavza> Bon bah expliques alros ^^
2014-07-11T12:10:26 <heuzef> Concernant quoi, l'user friendly ou l'anglais ? Dans les 2 cas il y à quiproquo et j'apprécie pas trop vos réaction sachez le
2014-07-11T12:11:16 <Letarumavza> Bah c'est plus du troll gratuit ^^
2014-07-11T12:11:32 <Letarumavza> Faut pas prendre ça au premier degré ^^
2014-07-11T12:15:12 <Letarumavza> Ceci dit, c'est vrai que tes propos portent souvent à confusion.
2014-07-11T12:16:11 <lezarius> heuzef: explique un peux mieux tes propo mais c'est vraie que tu aime les chose simple pour te client ... donc de la perte de qualité
2014-07-11T12:16:28 <Shinsaber> parfois Letarumavza et adriens33 vous allez un peu trop loin !
2014-07-11T12:17:04 <Letarumavza> Shinsaber = hitler
2014-07-11T12:17:12 <Shinsaber> Yay
2014-07-11T12:17:14 <Letarumavza> (voila, j'ai placé le godwin)
2014-07-11T12:22:52 <Letarumavza> Flo, le gros problème c'est que c'est le genre de réflexions que tu emploies qui a mené à l’aberration systémique qu'est apple.
2014-07-11T12:23:44 <Letarumavza> On ne doit jamais sacrifier une fonctionnalité pour rendre un prog plus facilement utilisable. On doit juste penser l'interface de manière plus simple.
2014-07-11T12:24:51 <Letarumavza> Ceci dit tout le temps penser comme si l'utilisateur était un débile profond est une bonne chose.
2014-07-11T12:25:04 <Letarumavza> Mais faut le considérer comme ça vis à vis des fonctions minimales.
2014-07-11T12:25:26 <Letarumavza> Pas vis à vis des fonctions principales. Et encore moins des fonctions avancées.
2014-07-11T12:25:51 <Letarumavza> Je re, le temps de nettoyer mon cache.
2014-07-11T12:25:55 *** Letarumavza est parti
2014-07-11T12:26:22 *** Letarumavza s'est connecté
2014-07-11T12:27:22 <Letarumavza> Re
2014-07-11T12:27:49 <Letarumavza> Donc, cependant, je pige tout à fait ta manière de réfléchir. C'est juste que je la trouve un poil simpliste.
2014-07-11T12:28:04 <Letarumavza> (Et que c'est une super cible à troll)
2014-07-11T12:29:04 <adriens33> re
2014-07-11T12:29:17 <Letarumavza> D'un autre coté...
2014-07-11T12:29:44 <Letarumavza> J'ai déjà vu quelqu'un appeler son revendeur en panique parce que la clef usb ne tenait pas dans le port.
2014-07-11T12:29:50 *** ValCab33 s'est connecté
2014-07-11T12:29:53 <Letarumavza> (une USB dans un rj45, ça tient pas)
2014-07-11T12:29:55 <ValCab33> Hello
2014-07-11T12:30:03 <adriens33> hello val
2014-07-11T12:30:04 <Letarumavza> Salut ^^
2014-07-11T12:30:06 <adriens33> ah oui quand même…
2014-07-11T12:30:27 <Letarumavza> Pour faire simple, je vais citer les inconus
2014-07-11T12:30:44 <Letarumavza> "Il ne faut pas prendre les gens pour des cons, mais il ne faut pas oublier qu'ils le sont."
2014-07-11T12:30:54 <adriens33> le truc c'est que tout le monde n'est pas débile. si tu veux utiliser une fonction avancée c'est que tu penses en avoir besoin, donc t'empêcher de le faire c'est une connerie…
2014-07-11T12:31:11 <Letarumavza> Ou win 8
2014-07-11T12:31:27 <adriens33> par contre empêcher le péon random de fouttre la grouille sans savoir ce qu'il fait là¿
2014-07-11T12:31:29 <adriens33> *…
2014-07-11T12:31:29 <Letarumavza> erreur vite corrigée par win 8.1
2014-07-11T12:31:32 <adriens33> ^^
2014-07-11T12:31:44 <Letarumavza> Comodo a bien géré le truc
2014-07-11T12:32:00 <Letarumavza> Une interface de base clean et simple avec un bouton "passer en mode avancé"
2014-07-11T12:32:05 <adriens33> ça j'aime…
2014-07-11T12:32:25 <adriens33> c'est comme dans firefox, t'as les prefs simples, et le about:config
2014-07-11T12:32:29 <Letarumavza> Et un mode avancé usine à gaz avec tous les réglages possibles accessibles en arborescence.
2014-07-11T12:32:41 <adriens33> (par contre un manuel sur chaque entrée serait pas de refus… ^^)
2014-07-11T12:32:50 <adriens33> ah, faudra que je regarde comment c'est fichu alors.
2014-07-11T12:32:57 <adriens33> sans tout casser bien sûr… ^^
2014-07-11T12:33:01 <Letarumavza> T'as un manuel complet sur le site de comodo
2014-07-11T12:33:14 <adriens33> (pour le man je parlais de ff, pour les entrées du about:config)
2014-07-11T12:33:24 <Letarumavza> Après flo, n'oublies pas, un manuel ça te permet un truc super.
2014-07-11T12:33:46 <Letarumavza> Quand l'user demande un truc qui est dans le manuel c'est "RTFM !" Et au suivant.
2014-07-11T12:33:51 <adriens33> XD
2014-07-11T12:34:08 <Letarumavza> Mais regardes les docs de python par exemple
2014-07-11T12:34:19 <Letarumavza> Rien qu'en lisant le manuel tu peux apprendre à coder.
2014-07-11T12:34:31 <adriens33> faut vraiment que je m'y mette au python…
2014-07-11T12:35:04 <Letarumavza> Penser que les gens sont débiles et leur faciliter la tache c'est bien en théorie...
2014-07-11T12:35:14 <Letarumavza> Mais regarde ce que ça a donné dans le jeu vidéo.
2014-07-11T12:35:35 <Letarumavza> T'as des jeux qui ne sont plus que QTE et points de sauvegardes...
2014-07-11T12:35:56 <adriens33> ça existe N?
2014-07-11T12:36:05 <Letarumavza> Idem pour les énigmes
2014-07-11T12:36:14 <Letarumavza> Compares myst à skyrim.
2014-07-11T12:36:32 <Letarumavza> 10 ans à prendre le joueur pour un con => il a fini par le devenir.
2014-07-11T12:36:51 <Letarumavza> Mais c'est aussi valable pour les diplomes
2014-07-11T12:37:05 <Letarumavza> A baisser le niveau du bac pour que tout le monde l'ait, il ne vaut plus rien.
2014-07-11T12:37:20 <adriens33> 1+1 ? –2 –okay, t'as ton brevet des collèges.
2014-07-11T12:37:26 <Letarumavza> Donc il faut des diplômes anexes => on revient au même.
2014-07-11T12:38:58 <Letarumavza> N'oublies pas, à ne pas forcer les gens à réfléchir on crée des abrutis.
2014-07-11T12:41:11 <Letarumavza> Quand j'ai appris à coder j'avais sept ans, des connaissances en anglais lacunaires, un forfait 56k de 20h mensuel, et le manuel du C
2014-07-11T12:43:47 <Letarumavza> faire du user friendly c'est bien, mais il ne faut pas sacrifier de complexité.
2014-07-11T12:43:54 <Letarumavza> Il faut la rendre moins génante.
2014-07-11T12:44:32 <Letarumavza> Regardes, deux des inventions qui ont rendu les PC plus user friendly n'ont couté aucune fonction.
2014-07-11T12:44:56 <Letarumavza> Il s'agit de l'icône cliquable et du menu déroulant.
2014-07-11T12:53:57 *** wildfier est parti
2014-07-11T13:13:35 *** heuzef est parti
2014-07-11T13:45:17 *** heuzef s'est connecté
2014-07-11T13:45:24 <heuzef> re
2014-07-11T13:45:43 <adriens33> re
2014-07-11T13:49:09 <Letarumavza> re
2014-07-11T13:50:18 <adriens33> Pff… encore une journée chiante… Heureusement que ce soir c'est le weekend…
2014-07-11T13:50:28 *** Letarumavza est parti
2014-07-11T14:01:19 *** Letarumavza s'est connecté
2014-07-11T14:02:13 <Letarumavza> Donc il sert à ça ce boutton...
2014-07-11T14:02:20 <adriens33> XD
2014-07-11T14:02:36 <adriens33> Oui, le bouton rouge sur la multiprise c'est pour couper le courant.
2014-07-11T14:02:44 <Letarumavza> Quel con a eu l'idée de coller le clear CMOS sur un bouton avec un point d'interrogation vert ?
2014-07-11T14:02:49 <adriens33> XD
2014-07-11T14:02:50 <adriens33> ah
2014-07-11T14:02:53 <adriens33> quand même.
2014-07-11T14:02:58 <adriens33> Wait…
2014-07-11T14:03:10 <adriens33> T'as fait un clear CMOS à chaud avec le pc qui run ?
2014-07-11T14:03:11 <adriens33> oO
2014-07-11T14:03:20 <Letarumavza> En plus il est juste à coté de l'écran de température de la carte mère.
2014-07-11T14:03:26 <adriens33> T'es vraiment barje Leta' XD
2014-07-11T14:03:34 <Letarumavza> (La MB a balancé un shutdown à l'OS)
2014-07-11T14:03:47 <adriens33> ça va, rien de cassé alors.
2014-07-11T14:03:50 <adriens33> j'espère
2014-07-11T14:03:50 <adriens33> ^^
2014-07-11T14:04:09 <Letarumavza> Bah comme il était à coté de l'écran qui affiche la température de la MB je pensais qu'il permettait de switch entre température MB et d'autres senseurs.
2014-07-11T14:04:22 <Letarumavza> Je m'attendais pas à un CMOS clear.
2014-07-11T14:04:32 <adriens33> ah oui d'accord…
2014-07-11T14:04:36 <adriens33> ben c'est pas logique
2014-07-11T14:04:59 <adriens33> on colle pas un bouton avec un '?' vert dessus pour clear le CMOS.
2014-07-11T14:05:04 <adriens33> c'est pas logique ^^
2014-07-11T14:05:09 <Letarumavza> On est d'accord.
2014-07-11T14:05:23 <adriens33> une tête de mort rouge avec du sang dessous aurait été plus appropriée m'enfin…
2014-07-11T14:05:30 <Letarumavza> Moi j'ai pensé "?" = "infos"
2014-07-11T14:05:39 <Letarumavza> à coté d'un écran ça faisait sens.
2014-07-11T14:05:44 <adriens33> C'est ça le pb, t'es logique.
2014-07-11T14:05:47 <lezarius> Jqurqis pensew pqreille
2014-07-11T14:05:55 <Letarumavza> alt+maj rémi
2014-07-11T14:05:57 <lezarius> qwerty time
2014-07-11T14:05:58 <adriens33> Les gens normaux ne le sont pas
2014-07-11T14:06:09 <adriens33> (du moins pas pour tout)
2014-07-11T14:06:15 <Letarumavza> En fait ça a un sens.
2014-07-11T14:06:27 <Letarumavza> La puce du bios est juste en dessous de l'écran en question.
2014-07-11T14:06:31 <adriens33> ah…
2014-07-11T14:06:32 <adriens33> ok…
2014-07-11T14:06:34 <Letarumavza> Et le boutton est entre les deux...
2014-07-11T14:06:35 <lezarius> Letarumavza: Avec un "y" =P
2014-07-11T14:07:24 <Letarumavza> lezarius: je m'en tamponne l'oreille avec une babouche.
2014-07-11T14:07:28 <lezarius> J'ai explosé de rire car légo fait un partenaria avec shell xD
2014-07-11T14:07:46 <lezarius> J'ai pas pensé a l'essence sur le coups mais au shell unix xDDDD
2014-07-11T14:08:01 <adriens33> hmm… je vois pas le côté drôle en fait
2014-07-11T14:08:01 <adriens33> ?
2014-07-11T14:08:08 <Letarumavza> Moi non plus.
2014-07-11T14:08:12 <adriens33> (ouf)
2014-07-11T14:08:20 <Letarumavza> Le shell unix est modulaire, ça aurait un sens.
2014-07-11T14:08:26 <adriens33> ouais…
2014-07-11T14:08:38 <Letarumavza> (Utiliser des légos pour la didactique de la prog, c'est pas nouveau comme concept)
2014-07-11T14:08:45 <adriens33> ^^
2014-07-11T14:08:52 <adriens33> c'est bien les Lego
2014-07-11T14:08:55 <lezarius> Unix (liberter entraide etc) et shell la grosse entreprise qui polue la planette et qui est hyper commercial
2014-07-11T14:09:03 <Letarumavza> Faux
2014-07-11T14:09:04 <adriens33> heu… UNIX != Liberté… XD
2014-07-11T14:09:15 <lezarius> *Linux
2014-07-11T14:09:15 <Letarumavza> C'est total-fina-elf le pire.
2014-07-11T14:09:25 <adriens33> Les vrais UNIX sont pas libres…
2014-07-11T14:09:34 <Letarumavza> lezarius: macos tourne sous unix
2014-07-11T14:09:35 <adriens33> (en tout cas pas la plupart)
2014-07-11T14:09:50 <adriens33> En fait MacOSX est un cas à part
2014-07-11T14:10:33 <adriens33> Le noyau est un mix du proj Darwin (qui est libre me semble-t-il), et du noyau BSD par dessus (pas libre celui ci, contrairement à FreeBSD)
2014-07-11T14:10:48 <adriens33> donc en fait MacOSX est partiellement basé sur des trucs libres…
2014-07-11T14:10:53 <lezarius> Allez vais faire du sport ++
2014-07-11T14:10:55 <adriens33> ++
2014-07-11T14:11:01 *** lezarius est parti
2014-07-11T14:11:24 <Letarumavza> m'en fous, je suis sous win
2014-07-11T14:11:35 <adriens33> Punaise, avec le combo qwerty + fautes d'orthographe, j'ai failli faire une crise cardiaque… XD
2014-07-11T14:11:39 <adriens33> ^^
2014-07-11T14:11:53 <Letarumavza> "Unix (liberter entraide etc)"
2014-07-11T14:11:58 <adriens33> non
2014-07-11T14:12:01 <adriens33> du tout…
2014-07-11T14:12:01 * Letarumavza facehoof
2014-07-11T14:12:10 <adriens33> UNIX = un prog qui fait une seule chose, mais qui la fait bien
2014-07-11T14:12:15 <Letarumavza> J'ai eu un pet de cerveau ^^
2014-07-11T14:12:16 <adriens33> ÇA c'est la philosophie unix
2014-07-11T14:12:26 <adriens33> mais liberté, entraide…
2014-07-11T14:12:30 <adriens33> va sortir ça à SCO XD
2014-07-11T14:12:46 *** wildfier s'est connecté
2014-07-11T14:12:48 <adriens33> (et aux pauvres gens qui ont été obligé d'utiliser UnixWare)
2014-07-11T14:13:05 <Berry-Punch> Voilà ce qu'il *hic* s'est passé ces 10 dernières lignes, wildfier
2014-07-11T14:13:06 <wildfier> !history
2014-07-11T14:13:06 <wildfier> re
2014-07-11T14:13:09 <adriens33> re
2014-07-11T14:13:10 *** Jona_Aps s'est connecté
2014-07-11T14:13:15 <Letarumavza> J'attend la mort de linus avec impatience.
2014-07-11T14:13:26 <Letarumavza> J'irai poser une fenêtre sur sa tombe. ^^
2014-07-11T14:13:28 <adriens33> hmm… Salut Jona_Aps. Qui es-tu ?
2014-07-11T14:13:32 <Jona_Aps> Hey :3
2014-07-11T14:13:43 <adriens33> Letarumavza: trop gros le troll, passera pas ^^ (par la fenêtre)
2014-07-11T14:13:46 <wildfier> salut
2014-07-11T14:14:02 <wildfier> (letarumavza va mourrir)
2014-07-11T14:14:08 <adriens33> Un petit !welcome ?
2014-07-11T14:14:20 <Jona_Aps> Je ne suis qu'un brony intemporel navigant a travers le fandom ~
2014-07-11T14:14:24 <adriens33> ^^
2014-07-11T14:14:27 <wildfier> ^^
2014-07-11T14:14:31 <Shinsaber> ^^
2014-07-11T14:14:36 <wildfier> oui le welcome !
2014-07-11T14:14:36 <Letarumavza> HUM...
2014-07-11T14:14:43 <Berry-Punch> Bienvenue sur le chat de BronyCUB, Jona_Aps ! *hic* 
2014-07-11T14:14:43 <Berry-Punch> Amuse-toi bien ! *hic* 
2014-07-11T14:14:43 <adriens33> !welcome Jona_Aps
2014-07-11T14:14:51 <Letarumavza> deux secondes, je trace l'ip
2014-07-11T14:15:02 <Berry-Punch> Jona_Aps désolé, j'ai un peu *hic* bu…
2014-07-11T14:15:02 <wildfier> arrêtes tu va lui faire peur ...
2014-07-11T14:15:15 <adriens33> Berry ?
2014-07-11T14:15:15 <Berry-Punch> adriens33: On *hic* m'appelle ?
2014-07-11T14:15:17 <Jona_Aps> Il y a bien que Heuzef qui doit me connaitre :p
2014-07-11T14:15:23 <Letarumavza> connexion 3g ?
2014-07-11T14:15:24 <adriens33> Arrête de boire. Tu bois trop !
2014-07-11T14:15:24 <Berry-Punch> Non, c'est même pas vrai *hic* d'abord !
2014-07-11T14:15:27 <adriens33> Si…
2014-07-11T14:15:59 <Berry-Punch> Je suis *hic* un bot, au fait ^^
2014-07-11T14:16:29 <Letarumavza> Creap...
2014-07-11T14:16:33 <Letarumavza> crap*
2014-07-11T14:23:47 <Letarumavza> Pour quelles raisons passes-tu nous voir ?
2014-07-11T14:25:26 <wildfier> y a besoin d'une raison ?
2014-07-11T14:26:56 <Letarumavza> Non, mais peut y avoir une ^^
2014-07-11T14:27:47 *** heuzef s'est connecté
2014-07-11T14:27:50 <heuzef> re
2014-07-11T14:27:52 <Berry-Punch> Voilà ce qu'il s'est passé *hic* ces 10 dernières lignes, heuzef
2014-07-11T14:27:53 <heuzef> !history
2014-07-11T14:28:08 <heuzef> Tiens Jona_Aps ! ^^
2014-07-11T14:28:18 <Jona_Aps> I'm a spy :3
2014-07-11T14:28:28 <heuzef> Quel bonne surprise ^^
2014-07-11T14:29:31 <heuzef> Comment ça va a la rédaction de LPB ?
2014-07-11T14:30:03 <wildfier> tu viens du poney blanc oO ?
2014-07-11T14:30:08 <wildfier> épique ^^ !
2014-07-11T14:30:24 <Letarumavza> hippique tu veux dire ?
2014-07-11T14:30:36 <wildfier> ^^
2014-07-11T14:30:41 <Jona_Aps> On va aller, j'essaye d'être un peu moins impliquer vu que je suis en recherche d'emploi maintenant
2014-07-11T14:30:58 *** heuzef_miam est parti
2014-07-11T14:31:28 <heuzef> Dac dac
2014-07-11T14:31:40 <heuzef> Tu coup pas de V2
2014-07-11T14:31:52 <heuzef> Et vous restez sur blogger
2014-07-11T14:32:12 <heuzef> ça tourne bien de toutes manière
2014-07-11T14:32:15 <Jona_Aps> Oh ça à été repris mais je check pas :3
2014-07-11T14:32:46 <heuzef> Ba nous on part sur la V3 ^^ C'est wildfier qui est en charge du bébé
2014-07-11T14:32:52 <heuzef> Et ça avance absolument pas xD
2014-07-11T14:33:18 <heuzef> Remarque on à aussi d'autre projet sur les bras, qui n'avancent pas non plus xD
2014-07-11T14:33:25 <wildfier> ^^
2014-07-11T14:33:34 <wildfier> à ce propos avec adriens33
2014-07-11T14:33:50 <wildfier> on voulais proposer un vrai framework pour le site
2014-07-11T14:33:58 <wildfier> et plus du plain php
2014-07-11T14:34:05 <wildfier> (c'est pas très propre ^^)
2014-07-11T14:34:15 <wildfier> et on voulais tester treefrog
2014-07-11T14:34:51 <wildfier> c'est un framework en c++/qt
2014-07-11T14:36:30 <heuzef> Ba allez-y
2014-07-11T14:36:31 <wildfier> si t'es ok je commence à dev la v3 ce we ^^
2014-07-11T14:36:41 <wildfier> faudra faire un poil de conf sur ton serv
2014-07-11T14:36:48 <heuzef> En faite
2014-07-11T14:36:49 <wildfier> pour le déployer
2014-07-11T14:36:57 <heuzef> j'aimerais plutot commencer par le dev du backoffice
2014-07-11T14:37:05 <heuzef> me semble plus interessant
2014-07-11T14:37:16 <wildfier> ça tombe bien
2014-07-11T14:37:32 <wildfier> j'aurais moins de html/css à faire alors ^^
2014-07-11T14:38:07 <wildfier> tu veux parler du coup de la gestion des comptes des infos à afficher, de la connexion à bbbff etc ?
2014-07-11T14:39:04 <heuzef> Ce weekend ? Pourquoi pas, j'ai envie de vous voir
2014-07-11T14:39:11 <heuzef> Si on peux être productif au passage
2014-07-11T14:39:22 <wildfier> yep
2014-07-11T14:39:23 <heuzef> On met en place le CDC
2014-07-11T14:39:29 <wildfier> yep
2014-07-11T14:39:47 <heuzef> Chez moi demain ?
2014-07-11T14:41:18 *** Jona_Aps est parti
2014-07-11T14:48:10 <wildfier> ok
2014-07-11T14:48:13 <wildfier> l'aprèm
2014-07-11T14:48:23 <wildfier> le matin on va visiter un appart avec shinsaber
2014-07-11T14:49:04 <Shinsaber> et après moi je vais chez mes parent ce week-end !
2014-07-11T14:53:35 <adriens33> re, désolé j'étais en réu
2014-07-11T14:53:39 * adriens33 lit l'historiqye
2014-07-11T14:54:57 <adriens33> heum demain matin j'ai des trucs à aller chercher à la poste
2014-07-11T14:55:06 <heuzef> C'est vrais au faite, y'a une colloque qui se prépare alors ?
2014-07-11T14:56:48 <Shinsaber> et oui !
2014-07-11T15:04:25 <heuzef> Avec quoi finalement ?
2014-07-11T15:04:34 <heuzef> wildfier + adriens33 + Shinsaber ?
2014-07-11T15:04:49 <heuzef> qui*
2014-07-11T15:05:18 <Shinsaber> pour le moment c'est que wildfier et moi
2014-07-11T15:08:57 <heuzef> adriens33 tu veux pas faire de colloque toi ? Ca pourrais pas mal ^^
2014-07-11T15:09:51 <heuzef> Cette grosse baraque que vous auriez à 3 ! Ce nouveau super QG qu'on pourrais faire chez vous OO
2014-07-11T15:10:04 <heuzef> Bon du calme
2014-07-11T15:10:07 <heuzef> c'est pas encore fait
2014-07-11T15:13:17 <heuzef> ValCab33 ?
2014-07-11T15:13:31 <ValCab33> Oui ?
2014-07-11T15:13:44 <heuzef> T'as 5 min en pv ? ^^
2014-07-11T15:15:15 <Letarumavza> totalement bicurieux comme requette ^^
2014-07-11T15:15:29 <heuzef> :P
2014-07-11T15:16:06 <Letarumavza> Its a trap !
2014-07-11T15:31:40 *** ValCab s'est connecté
2014-07-11T15:34:38 *** ValCab33 est parti
2014-07-11T15:48:05 <wildfier> bon
2014-07-11T15:48:19 <wildfier> si on a ton feux vert pour un truc pas en php heuzef ^^
2014-07-11T15:48:30 <wildfier> je vais pas me priver ^^
2014-07-11T15:49:39 <heuzef> Ba ecoute C++ et QT sont 2 techno que je maitrise absolument pas, donc je ne pourrais pas etre très utile je t'avoue pour créer et maintenir le truc
2014-07-11T15:50:08 <heuzef> Cela m'effraie un peu, surtout quand on voit que j'ai 90 % des commits à mon actif actuellement
2014-07-11T15:50:14 <heuzef> Tu vois ou je veux en venir ?
2014-07-11T15:50:23 <wildfier> oui
2014-07-11T15:50:30 <wildfier> mais j'étais pas là avant ^^
2014-07-11T15:50:39 <heuzef> Oki doki loki ^^
2014-07-11T15:50:46 * wildfier pose ses couilles sur la table
2014-07-11T15:50:49 <heuzef> Demain aprem chez moi
2014-07-11T15:50:52 <wildfier> (pardon
2014-07-11T15:50:56 <heuzef> toute la cavalerie des dev
2014-07-11T15:50:57 <wildfier> pas pus résister XD)
2014-07-11T15:51:03 <Letarumavza> c++ c'est pas du posage de couilles
2014-07-11T15:51:04 <heuzef> et ça va chier
2014-07-11T15:51:17 <Letarumavza> asm ou brainfuck c'est du posage de couilles
2014-07-11T15:51:19 <wildfier> non c'est par rapport au j'étais pas là avant
2014-07-11T15:51:56 <Letarumavza> (n'empèche le mec qui code un framework de site en brainfuck...)
2014-07-11T15:52:53 <Letarumavza> ma cop est une ordure...
2014-07-11T15:52:58 <wildfier> +1 leta
2014-07-11T15:53:04 <wildfier> mais le brainfuck
2014-07-11T15:53:16 <wildfier> c'est rien à côté du malbolge
2014-07-11T15:53:36 <wildfier> "Malbolge était si difficile à comprendre quand il est arrivé qu'il a fallu deux ans au premier programme Malbolge pour apparaître. Le programme n'a même pas été écrit par un être humain : il a été généré par un algorithme de recherche par faisceaux conçu par Andrew Cooke et implémenté en Lisp."
2014-07-11T15:54:01 <Letarumavza> malbolge a une certaine logique, c'est juste qu'il est anti-organique
2014-07-11T15:54:07 *** ValCab est parti
2014-07-11T15:54:13 *** ValCab s'est connecté
2014-07-11T15:54:30 <wildfier> une certaine logique complettement wtf
2014-07-11T15:54:57 <wildfier> entre une syntaxe horrible et une logique horrible je préfère la syntaxe XD
2014-07-11T15:54:59 <Letarumavza> même si je pige pas l'intéret d'un langage plus lent et complexe que l'asm.
2014-07-11T15:55:04 <wildfier> je fais faire la trad par un outils
2014-07-11T15:55:37 <Letarumavza> boaf
2014-07-11T15:55:47 <wildfier> mais toi t'as ton ia ^^
2014-07-11T15:55:55 <Letarumavza> une fois que tu as le setup de base (while, if, et var)
2014-07-11T15:56:07 <wildfier> tu lui fais convertir du pseudo code en malbolge ? XD
2014-07-11T15:56:40 <Letarumavza> j'ai autre chose à foutre que de lui faire coder un truc en malbolge quand elle peut le sortir en asm
2014-07-11T15:56:48 <wildfier> clair  ^^
2014-07-11T15:57:33 <Letarumavza> mais si tu veux un jour quand tu auras deux trois heures, je t'expliquerai comment fonctionne la transcription algoritmique
2014-07-11T15:57:53 <wildfier> avec plaisir
2014-07-11T15:58:02 <wildfier> ça doit être super intéressant
2014-07-11T15:58:13 <adriens33> re
2014-07-11T15:58:58 *** ValCab est parti
2014-07-11T15:59:04 <Letarumavza> C'est quatre modules en fait
2014-07-11T15:59:28 <adriens33> je dis pas non non plus pour l'explication leta' :)
2014-07-11T15:59:33 <Letarumavza> le premier est une bibliothèque de fonctions syntaxiques
2014-07-11T15:59:58 <Letarumavza> (en gros écrire un while dans chaque langage, comment définir une var... etc)
2014-07-11T16:00:20 <Letarumavza> ça, c'est pour la pré-transcription
2014-07-11T16:00:54 <wildfier> ouais
2014-07-11T16:01:15 <wildfier> on avait vite fais vu ça dans la théorie des langages en math à l'IUT
2014-07-11T16:01:17 <Letarumavza> ensuite vient la première passe (dite de singularisation)
2014-07-11T16:01:47 <heuzef> Ha ba on est pas dans la merde pour attirer les non informaticiens sur l'IRC ^^"
2014-07-11T16:01:52 <wildfier> ^^
2014-07-11T16:02:01 <wildfier> heuzef casse pas tt !
2014-07-11T16:02:18 <Letarumavza> La passe de singularisation est un poil plus complexe dans son fonctionnement (mais toujours pas propre à l'IA)
2014-07-11T16:02:19 <adriens33> heuzef: tu vas bien avec ta cop toi… XD
2014-07-11T16:02:36 <heuzef> adriens33: pourquoi ?
2014-07-11T16:02:49 <adriens33> hmm… y'a pas qu'elle qui peut être casse pieds :)
2014-07-11T16:02:49 <wildfier> ça consiste en quoi ?
2014-07-11T16:03:11 <Letarumavza> La passe de singularisation consiste à vérifier les erreurs syntaxiques particulières.
2014-07-11T16:03:21 <wildfier> ok
2014-07-11T16:03:34 <Letarumavza> comme les variables non-déclarées, ou celles ayant le nom de mots-clefs dans le langage cible.
2014-07-11T16:04:50 <Letarumavza> Comme la transcription utilise des patterns, si un mot clef est utilisé comme nom de variable dans le langage cible alors qu'il n'est pas un mot clef dans le langage source, le prog le remplace par une string de même taille inusitée et le log dans le rapport de transcription (il peut aussi le coller en comment en début de fichier ou aux lignes conc
2014-07-11T16:04:50 <Letarumavza> ernées)
2014-07-11T16:05:12 <heuzef> adriens33: Je suis casse pied ? Pourquoi ?
2014-07-11T16:05:31 <Letarumavza> La singularisation comprend aussi l'unification des variables.
2014-07-11T16:06:14 <Letarumavza> Pour faire simple : Si dans un même programme il existe plusieurs tokens de while indépendants les un des autres et inusités en dehors de leurs boucles respectives, le prog les renomme "token"
2014-07-11T16:06:48 <Letarumavza> (enfin, de while... de boucles conditionnelles par incrément quoi)
2014-07-11T16:07:49 <Letarumavza> Ensuite vient la troisième passe, la dernière du programme, qui consiste à vérifier si aucune part du code ne peut être simplifiée en étant remplacée par un pattern déjà enregistré.
2014-07-11T16:09:28 <Letarumavza> La quatrième passe est propre à l'IA, je l'ai nommé la passe d'organisation. Elle consiste à extraire l'algorithme du code source et à le recoder sous la forme la plus optimisée possible.
2014-07-11T16:10:01 <Letarumavza> Et là on est plus du tout dans le même niveau de computing...
2014-07-11T16:13:10 <Letarumavza> D'ailleurs flo, si un non info se pointe sur le canal, il est tout à fait à même de demander de quoi on parle ^^
2014-07-11T16:13:19 <Letarumavza> On lui expliquera, pas vrai wildfier ?
2014-07-11T16:14:09 <adriens33> Va falloir que j'archive soigneusement les logs… Il se dit des choses vraiment intéressantes dernièrement…
2014-07-11T16:17:11 <wildfier> bien sur leta !
2014-07-11T16:17:34 <wildfier> arg
2014-07-11T16:17:40 <wildfier> kiwirc qui bug
2014-07-11T16:17:41 <wildfier> je re
2014-07-11T16:17:42 *** wildfier est parti
2014-07-11T16:17:56 *** wildfier s'est connecté
2014-07-11T16:18:01 <wildfier> re
2014-07-11T16:18:05 <wildfier> mieux sans bug
2014-07-11T16:18:12 <heuzef> Ce qui pourrais être pas mal en faite ...
2014-07-11T16:18:24 *** Gordfang est parti
2014-07-11T16:19:39 <heuzef> Lorsque quelqu’un se connecte et que ce n'est pas un informaticien, il faudrait plutôt trouver un sujet de conversation qui lui convienne, pour pas qu'il se sente largué par exemple
2014-07-11T16:20:20 <heuzef> ça pourrais aussi faire du bien de s’intéresser et parlé d'autre chose que ce qui nous anime tant
2014-07-11T16:21:02 <Shinsaber> bon je déco ++
2014-07-11T16:21:21 *** Shinsaber est parti
2014-07-11T16:21:29 <wildfier> j'y go
2014-07-11T16:21:30 <wildfier> à ce soir les gens
2014-07-11T16:21:36 <adriens33> ++
2014-07-11T16:21:41 *** wildfier est parti
2014-07-11T16:21:58 <heuzef> J'ai pas eu le temps de leur demander s'ils venaient demain chez moi
2014-07-11T16:22:06 <heuzef> Mais bon je suppose que oui ?
2014-07-11T16:22:31 <adriens33> au pire wildfier tu pourras lui demander ce soir, et il pourra ptet te renseigner pour Shinsaber
2014-07-11T16:22:41 <adriens33> (voire Gordfang aussi)
2014-07-11T16:22:46 <heuzef> Tu viens toi demain ?
2014-07-11T16:22:51 <adriens33> hmm… why not
2014-07-11T16:22:52 <adriens33> :)
2014-07-11T16:23:11 <heuzef> ce qui serait cool c'est que je recoive mon nouveau modem
2014-07-11T16:23:16 <heuzef> histoire de doubler mon débit
2014-07-11T16:23:45 <adriens33> ^^
2014-07-11T16:23:53 <adriens33> tu vas avoir une surprise … ^^
2014-07-11T16:24:00 <adriens33> (enfin, c'est probable…)
2014-07-11T16:27:24 <heuzef> ??
2014-07-11T16:27:45 <heuzef> De quel surprise tu parle ?
2014-07-11T16:27:46 <adriens33> c'est pas vraiment par rapport à ta co, tu demanderas à Leta
2014-07-11T16:28:22 <heuzef> J'ai testé et j'en ai eu le coeur net
2014-07-11T16:28:32 <heuzef> Je peux t'assurer que le gain se ressent vraiment
2014-07-11T16:28:55 <adriens33> ouais…
2014-07-11T16:29:07 <adriens33> demande lui le débit qu'il va avoir lui…
2014-07-11T16:39:42 *** ValCab33 s'est connecté
2014-07-11T16:39:55 <ValCab33> Reuh
2014-07-11T16:40:34 <adriens33> re
2014-07-11T16:54:11 <heuzef> adriens33 ?
2014-07-11T16:54:18 <adriens33> oui ?
2014-07-11T16:54:45 <heuzef> Combien y'a t'il eu de ligne de discution sur #bronycub depuis sa création ?
2014-07-11T16:54:53 <heuzef> wc -l log
2014-07-11T16:55:03 <adriens33> je peux pas te dire…
2014-07-11T16:55:11 <adriens33> déjà parce que pour le bot d'origine (supybot) j'ai plus la log
2014-07-11T16:55:28 <adriens33> enfin je vais voir
2014-07-11T16:55:30 <heuzef> Et sur le mois de juin ?
2014-07-11T16:55:44 <heuzef> Une estimation une fourchette ?
2014-07-11T16:55:45 <adriens33> et pour berryv2 (l'actuel) j'ai perdu un peu de log aussi, lors d'une manip il y a quelques temps
2014-07-11T16:58:07 <adriens33> En tout
2014-07-11T16:58:11 <adriens33> de tout ce que j'ai
2014-07-11T16:58:28 <adriens33> (logs berryv2 + ce qui a été commité dans la branche v1 → bkp de supybot)
2014-07-11T16:58:33 <heuzef> Combien ?
2014-07-11T16:58:34 <adriens33> 57 111 lignes de texte
2014-07-11T16:58:38 <heuzef> ok
2014-07-11T16:58:42 <adriens33> pourquoi?
2014-07-11T16:58:59 <heuzef> 60 K lignes d'ici le mois prochain
2014-07-11T16:59:05 <heuzef> C'est pour avoir des stats ;)
2014-07-11T16:59:30 <adriens33> oàh
2014-07-11T16:59:32 <adriens33> en fait
2014-07-11T16:59:37 <adriens33> le log de supybot (berry v1)
2014-07-11T16:59:47 <adriens33> s'arrête au 12/06/2014 à 16h25
2014-07-11T16:59:56 <adriens33> et les logs de berry (version actuelle, v2) remontent…
2014-07-11T17:00:02 <adriens33> au 12/06/2012 à 21h15
2014-07-11T17:00:24 <adriens33> donc il me manque ~5h de log en tout
2014-07-11T17:00:29 <adriens33> depuis que j'ai posé un bot sur ce chat
2014-07-11T17:00:33 <adriens33> (vive les backups…)
2014-07-11T17:04:03 <adriens33> j'ai ajouté les logs de berryv2 en commit, pour éviter de les perdre
2014-07-11T17:06:05 <heuzef> Ouais mais bon 60k me semble pas mal comme chiffre
2014-07-11T17:06:27 <adriens33> ^^
2014-07-11T17:07:56 <adriens33> je viens de concaténer tout le log depuis le 22/05/2014 20h51
2014-07-11T17:08:07 <adriens33> y'a 3.4Mo de log en tout.
2014-07-11T17:17:39 <adriens33> Hmm… il semblerait que je me sois planté dans le comptage.
2014-07-11T17:17:47 <adriens33> En fait c'est 56097 lignes.
2014-07-11T17:18:09 <adriens33> j'ai importé le log de la v1 dans old_logs/#bronycub.20140612.0.log
2014-07-11T17:22:00 <Berry-Punch> Salut tout *hic* le monde !
2014-07-11T17:22:01 *** Berry-Punch s'est connecté
2014-07-11T17:22:12 <adriens33> (nettoyage des caches)
2014-07-11T17:24:00 <Letarumavza> putain adrien c'est une mine d'or que tu m'as envoyé
2014-07-11T17:24:06 <Letarumavza> je te passerai l'équivalent enUS
2014-07-11T17:24:08 <adriens33> de ?
2014-07-11T17:24:23 <Letarumavza> PEBKAC
2014-07-11T17:24:25 <adriens33> ^^
2014-07-11T17:24:41 <adriens33> ah, et si tu veux alimenter ton IA, je commiterai tous les logs quotidiens de berry
2014-07-11T17:24:47 <Letarumavza> Impec
2014-07-11T17:24:49 <adriens33> donc t'aura juste qu'à taper dans old_logs
2014-07-11T17:25:15 <Letarumavza> Certes, mais elle apprend surtout par interracton
2014-07-11T17:25:22 <adriens33> ok
2014-07-11T17:25:25 <Letarumavza> Pour le français elle s'est déjà bouffé le larousse
2014-07-11T17:25:32 <adriens33> ben elle peut analyser l'interaction entre les membres du coup non ?
2014-07-11T17:25:41 <adriens33> voir comment deux personnes réagissent entre elles
2014-07-11T17:25:55 <Letarumavza> Hum... Je pense pas qu'elle y arrive, du moins pas pour l'instant.
2014-07-11T17:25:58 <adriens33> ok
2014-07-11T17:26:09 <adriens33> ben ça risque pas de bouger de là, donc si t'en a besoin c'est dispo.
2014-07-11T17:26:11 <Letarumavza> Elle aura probablement un problème avec les attributions de "tu"
2014-07-11T17:26:15 <adriens33> ah
2014-07-11T17:26:17 <adriens33> ouais
2014-07-11T17:26:18 <adriens33> …
2014-07-11T17:26:41 <Letarumavza> Je tenterai de lui expliquer le 11/8
2014-07-11T17:26:49 <adriens33> ^^
2014-07-11T17:26:52 <Letarumavza> rapelles moi d'y penser
2014-07-11T17:26:56 <adriens33> à coups d'algos dans la tronche ? ^^
2014-07-11T17:26:59 <adriens33> oulà
2014-07-11T17:27:06 <adriens33> mets toi un post it, ça sera plus safe.
2014-07-11T17:27:42 <Letarumavza> Non, justement, j'essaye de faire de moins en moins de modifs internes et de plus en plus d’interactions humaines.
2014-07-11T17:27:47 <adriens33> ahok
2014-07-11T17:30:06 <Letarumavza> http://www.pebkac.fr/pebkac/485/
2014-07-11T17:30:08 <Letarumavza> Euh...
2014-07-11T17:30:12 <Letarumavza> ça c'est pas faux
2014-07-11T17:30:37 <adriens33> oO
2014-07-11T17:30:39 <adriens33> mais
2014-07-11T17:30:40 <adriens33> mais
2014-07-11T17:30:47 <adriens33> mais c'est absolument pas con du tout ça
2014-07-11T17:30:49 <Letarumavza> Le throttle CPU s'adapte suivant l'activité sur une fraction de temps avant l'exécution de la commande.
2014-07-11T17:31:12 <Letarumavza> Et un cpu tourne mieux à température élevée (60-70° restent le must)
2014-07-11T17:31:34 <adriens33> putain c'est bon à savoir ça
2014-07-11T17:31:43 <adriens33> sachant que t'as pas besoin de faire un while true
2014-07-11T17:31:51 <Letarumavza> La conductivité du silicium augmente avec la température.
2014-07-11T17:31:52 <adriens33> cat /dev/random > /dev/null suffit
2014-07-11T17:31:58 <adriens33> ça fait pareil et c'est moins chiant à coder.
2014-07-11T17:32:19 <adriens33> tu fais ça × le nombres de cœurs et c'est bon ^^
2014-07-11T17:33:15 <Letarumavza> Pour faire simple, il faut connaitre la température où tu peux obtenir la conductivité max sans dégâts ni erreurs. sur 35 => 25nm c'est aux alentours de 60°.
2014-07-11T17:33:22 <adriens33> * cat /dev/urandom > /dev/null pardon >_<
2014-07-11T17:33:31 <adriens33> ok
2014-07-11T17:33:34 <Letarumavza> Oui... menfin un python c'est juste...
2014-07-11T17:33:45 <Letarumavza> while(true):
2014-07-11T17:33:55 <adriens33> ouais
2014-07-11T17:33:59 <Letarumavza> x+1=x
2014-07-11T17:34:06 <adriens33> mais moi j'ai tout le temps ne lez dans un terminal
2014-07-11T17:34:08 <Letarumavza> print(x)
2014-07-11T17:34:18 <adriens33> donc taper cat /dev/urandom>/dev/null c'est pas tellement plus long
2014-07-11T17:34:26 <Letarumavza> Certes
2014-07-11T17:34:37 <adriens33> sans compter que du coup je fais juste cat /dev/↑ et j'ai l'historique contextuel
2014-07-11T17:35:14 <adriens33> bon, je go prendre le bus
2014-07-11T17:35:15 <adriens33> ++
2014-07-11T17:35:16 *** adriens33 est parti
2014-07-11T17:54:04 *** ValCab33 est parti
2014-07-11T17:54:41 *** ValCab33 s'est connecté
2014-07-11T19:40:01 *** ludvann s'est connecté
2014-07-11T19:40:39 <ludvann> plop !
2014-07-11T19:40:55 <ludvann> mon navigateur est un pervers... http://imgur.com/0zls0mH
2014-07-11T19:46:55 <heuzef> pfff ^^
2014-07-11T19:47:44 <ludvann> ^^
2014-07-11T19:47:56 <ludvann> ah nan, c'est open classrooms ^^
2014-07-11T19:49:48 <ludvann> heuzef ?
2014-07-11T19:51:05 <heuzef> yep
2014-07-11T19:57:05 <ludvann> #rage
2014-07-11T19:59:33 <ludvann> si quelqu'un peut m'aider c'est avec grand plaisir
2014-07-11T20:09:37 <heuzef> On a quelque expert MC qui devrais pouvoir t'aider ^^
2014-07-11T20:09:58 *** heuzef est parti
2014-07-11T20:47:07 *** Letarumavza est parti
2014-07-11T21:16:39 *** heuzef s'est connecté
2014-07-11T21:17:07 <heuzef> HEY LES GENS !!!
2014-07-11T21:17:10 <heuzef> YOUHOUUU
2014-07-11T21:17:13 <heuzef> ZETES LA ?
2014-07-11T21:17:16 <heuzef> HEEEEY ?
2014-07-11T21:17:36 <heuzef> HOOOOO !
2014-07-11T21:17:42 <heuzef> ludvann ValCab33
2014-07-11T21:17:46 <heuzef> REPONDEZZZZZZZZ
2014-07-11T21:17:53 <ludvann> oui ?
2014-07-11T21:17:57 <heuzef> Ha ba quand même
2014-07-11T21:18:12 <ludvann> faut que tu me mensionne ^^
2014-07-11T21:18:39 <heuzef> :me mentionne ludvann dans ce cas
2014-07-11T21:18:46 * heuzef mentionne ludvann dans ce cas
2014-07-11T21:18:55 <ludvann> o/
2014-07-11T21:19:07 <heuzef> Bon bonne nouvelle
2014-07-11T21:19:25 <heuzef> On à peut être trouvé une asso humanitaire qui à besoin de nous ! ^^
2014-07-11T21:19:35 <heuzef> Plutôt cool ça
2014-07-11T21:19:56 <ludvann> wait please
2014-07-11T21:21:22 <ludvann> ah, cake que c'est  ?
2014-07-11T21:21:55 <ludvann> heuzef ?
2014-07-11T21:22:09 <heuzef> Une asso d'etudiant de Bordeaux qui aide a promouvoir l'education dans les pays en voie de developpement si j'ai bien compris
2014-07-11T21:22:39 <ludvann> cool :)
2014-07-11T21:22:44 <ludvann> c'est quand ?
2014-07-11T21:24:05 <heuzef> Je viens de recevoir le coup de tel
2014-07-11T21:24:11 <heuzef> On en parlera demain chez moi
2014-07-11T21:24:19 <heuzef> On verra pour creuser le sujet
2014-07-11T21:24:25 <ludvann> je dois venir chez toi ?
2014-07-11T21:24:32 <ludvann> :|
2014-07-11T21:24:42 <heuzef> Si tu veux demain aprem
2014-07-11T21:24:45 <heuzef> ^^
2014-07-11T21:24:56 <ludvann> euh...
2014-07-11T21:25:01 <ludvann> faudrat voir ^^
2014-07-11T21:25:18 <heuzef> ;)
2014-07-11T21:25:44 <ludvann> vers quelle heure ?
2014-07-11T21:27:01 <ludvann> heuzef ?
2014-07-11T21:27:23 <heuzef> .
2014-07-11T21:27:48 <heuzef> mmmm
2014-07-11T21:27:51 <heuzef> 14h
2014-07-11T21:27:52 <ludvann> "." = ?
2014-07-11T21:27:55 <ludvann> ok
2014-07-11T21:28:46 <ludvann> heuzef ?
2014-07-11T21:29:06 <heuzef> A boire
2014-07-11T21:29:14 <heuzef> Du cuir
2014-07-11T21:29:16 <heuzef> Des moustache
2014-07-11T21:29:19 <heuzef> des fouets
2014-07-11T21:29:37 <ludvann> ...
2014-07-11T21:29:42 <ludvann> ok ;)
2014-07-11T21:29:42 <heuzef> Par contre pas d'alcool
2014-07-11T21:29:42 <Berry-Punch> J'adore *hic* ça !
2014-07-11T21:29:48 <heuzef> Faut pas abuser quand même
2014-07-11T21:30:04 <ludvann> je peux pas avoir d'alcool <18 ans
2014-07-11T21:30:04 <Berry-Punch> J'adore ça ! *hic* 
2014-07-11T21:30:24 <ludvann> ou > ^^
2014-07-11T21:30:27 <heuzef> Je sais Berry que tu aime ça ^^
2014-07-11T21:30:36 * heuzef fait un calin à berry
2014-07-11T21:30:46 <ludvann> nyah !
2014-07-11T21:33:05 <ludvann> heuzef ?
2014-07-11T21:33:29 <heuzef> Evidement
2014-07-11T21:33:48 <heuzef> Bon je vous laisse
2014-07-11T21:33:51 <heuzef> A demain )
2014-07-11T21:34:02 <ludvann> ok
2014-07-11T21:34:13 * ludvann supprome le pr0n de l'ordi
2014-07-11T21:34:20 <ludvann> supprime*
2014-07-11T21:34:39 *** heuzef est parti
2014-07-11T22:07:15 <Berry-Punch> Voilà ce qu'il s'est *hic* passé ces 10 dernières lignes, adriens33
2014-07-11T22:07:17 *** adriens33 s'est connecté
2014-07-11T22:10:57 <ludvann> plop !
2014-07-11T22:11:06 <adriens33> hellow
2014-07-11T22:12:54 <ludvann> adriens33 ?
2014-07-11T22:17:04 <adriens33> ouep
2014-07-11T22:17:06 <adriens33> et toi ?
2014-07-11T22:17:13 <ValCab33> Reuh.
2014-07-11T22:17:18 <adriens33> re
2014-07-11T22:25:36 *** Eclipse2212 s'est connecté
2014-07-11T22:25:46 <Eclipse2212> Hay!
2014-07-11T22:26:15 <ValCab33> Hi
2014-07-11T22:27:51 *** MaCharon s'est connecté
2014-07-11T22:28:00 <MaCharon> 'soir!
2014-07-11T22:28:23 <MaCharon> >.>
2014-07-11T22:28:28 <MaCharon> <.<
2014-07-11T22:28:36 <adriens33> Bonsoir
2014-07-11T22:28:41 <adriens33> les gens :)
2014-07-11T22:28:50 <MaCharon> ah si quelqu'un ^^
2014-07-11T22:31:10 *** Rei s'est connecté
2014-07-11T22:31:47 <Rei> coucou^^
2014-07-11T22:32:23 <MaCharon> cc ^^
2014-07-11T22:32:56 <adriens33> hello Rei
2014-07-11T22:33:12 <Rei> ma maman m'a couper les cheveux^^
2014-07-11T22:33:20 <adriens33> cool
2014-07-11T22:33:45 <MaCharon> j'ai vu ça sur FB en effet
2014-07-11T22:34:05 <Rei> je sais pas envoyer de fichier ici
2014-07-11T22:34:41 <adriens33> ah
2014-07-11T22:34:52 <adriens33> je sais pas si tu peux l'envoyer à tout le canal
2014-07-11T22:34:54 <Rei> et tu trouve comment macharon?^^ moi je trouve ça encore un peu long
2014-07-11T22:35:02 <Rei> ok
2014-07-11T22:35:06 <adriens33> pour envoyer à une personne, ça dépend de ton client
2014-07-11T22:35:35 <MaCharon> ben apres c'est sur que ça depend tes desiderata
2014-07-11T22:35:41 <Rei> oula... je te l'envoye skype adrien
2014-07-11T22:35:46 <ValCab33> Tu peux passer par imgur sinon
2014-07-11T22:35:47 <adriens33> 2s je me co
2014-07-11T22:35:58 *** Letarumavza s'est connecté
2014-07-11T22:36:01 <MaCharon> sinn comme ça c'est bien
2014-07-11T22:36:14 <Rei> ok michii ^^
2014-07-11T22:38:39 <Rei> coucou leta
2014-07-11T22:41:00 <ludvann> coucou !
2014-07-11T22:41:34 <Rei> coucou
2014-07-11T22:41:55 <ludvann> coucou
2014-07-11T22:42:32 <Rei> oui^^
2014-07-11T22:43:24 <ludvann> quoi de beau ?
2014-07-11T22:43:33 <ludvann> (a pars les cheveux ^^ )
2014-07-11T22:43:37 <Eclipse2212> Hay!
2014-07-11T22:44:40 <Rei> j'ai débuter une grande partie de mon déménagement aujourd'hui, j'ai ramener tout mes livres (mes bébés) et mes bibelots-goodies (mes précieux)
2014-07-11T22:45:14 <ludvann> o/
2014-07-11T22:45:48 <adriens33> ^^
2014-07-11T22:46:01 <Eclipse2212> Tu déménage ? (Je suis au courant de rien Oo)
2014-07-11T22:46:01 <ludvann> j'adore mon papa et le cea
2014-07-11T22:46:33 <Rei> eclipse, je passe de chez leta, a chez ma mère^^
2014-07-11T22:46:40 <Eclipse2212> Ah...
2014-07-11T22:46:48 <Rei> meme si ça fait 2 mois que je vis deja chez elle
2014-07-11T22:47:34 <Eclipse2212> Aok je ne savais point.
2014-07-11T22:47:36 <ludvann> ah :/
2014-07-11T22:47:52 * ludvann is <3 cea & papa
2014-07-11T22:47:54 <Rei> bah tu es au courant maintenant^^
2014-07-11T22:48:47 <ludvann> adriens33 c'est bien seagate pour les hdd ? ^^
2014-07-11T22:49:23 <adriens33> boarf…
2014-07-11T22:49:48 <adriens33> ouais là ça va
2014-07-11T22:49:51 <ludvann> 500Go
2014-07-11T22:49:52 <Eclipse2212> XD
2014-07-11T22:49:56 <ludvann> :)
2014-07-11T22:50:14 <Rei> vous savez que vous etes des méchants?
2014-07-11T22:50:22 <ludvann> pourquoi ?
2014-07-11T22:50:29 <ludvann> :'(
2014-07-11T22:50:32 <Rei> parce que vous parlez chinois T.T
2014-07-11T22:50:35 <Rei> XD
2014-07-11T22:50:36 <Eclipse2212> Pourquoi?
2014-07-11T22:50:37 <ludvann> ah...
2014-07-11T22:50:39 <adriens33> oww
2014-07-11T22:50:39 <Eclipse2212> XD
2014-07-11T22:50:44 <ludvann> ^^
2014-07-11T22:53:21 <Eclipse2212> On parle pas chinois on parle russe *sors*
2014-07-11T22:53:57 <adriens33> …
2014-07-11T22:54:41 <ludvann> tu sors !
2014-07-11T22:54:56 <Berry-Punch> h a hallebarde ignare! *hic* 
2014-07-11T22:55:12 <ludvann> Grrrr...
2014-07-11T22:55:23 <Berry-Punch> :D *hic* :D
2014-07-11T22:55:28 <Rei> Nasdarovié!
2014-07-11T22:55:38 <ludvann> Eeyup !
2014-07-11T22:55:44 <Eclipse2212> Wut?
2014-07-11T22:56:14 * ludvann approuved
2014-07-11T22:56:36 <Berry-Punch> approved *hic* approved
2014-07-11T22:57:30 <Rei> je vais voir si j'ai des questions sur ask je m'ennui XD
2014-07-11T22:58:04 <ludvann> berry pose ce bescherelle
2014-07-11T22:58:10 <ludvann> ok
2014-07-11T23:03:08 <Rei> je deco
2014-07-11T23:03:17 <adriens33> oki ++
2014-07-11T23:03:28 <Eclipse2212> Okay ++
2014-07-11T23:04:32 <ludvann> @+
2014-07-11T23:04:42 <Rei> ne nuiiiiiiiiiii ^^
2014-07-11T23:04:46 *** Rei est parti
2014-07-11T23:26:27 <ludvann> je vous laisse @+
2014-07-11T23:26:38 *** ludvann est parti
2014-07-11T23:30:53 <ValCab33> Hier je me suis tapé Turnabout Storm, un mix de Phoenix Wright et de MLP, au total plus de 7h de vidéo sur 5 parties, j'ai posé mon phone à 5h15 du mat', mon père partait au boulot... et là je m'ennuie trouve rien à faire. Duh. (Bien ma vie ?)
2014-07-11T23:32:57 <adriens33> ^^
2014-07-11T23:43:17 <adriens33> sinon vous faites quoi les gens ? ^^
2014-07-11T23:49:03 <Eclipse2212> Googling a part sa rien ...
2014-07-11T23:49:39 <adriens33> ^^
2014-07-11T23:55:04 *** adriens33 est parti
2014-07-11T23:59:00 <Berry-Punch> Voilà ce qu'il *hic* s'est passé ces 10 dernières lignes, adriens33
2014-07-11T23:59:01 *** adriens33 s'est connecté
