2014-10-13T00:32:58 *** TrappyTickles_ s'est connecté
2014-10-13T00:33:13 <TrappyTickles_> bon ça y est à peine 2h et je commence a détester linux
2014-10-13T00:33:20 <adriens33> pourquoi ?
2014-10-13T00:33:27 <adriens33> t'as installé ubuntu ? :p
2014-10-13T00:34:18 <TrappyTickles_> j'ai une instance de hexchat ouverte mais j'ai aucune fenêtre pour la controller
2014-10-13T00:34:33 <adriens33> hmm… t'as regardé dans la barre d'icones ?
2014-10-13T00:34:38 <TrappyTickles_> résultat j'ai une fenetre de hexchat ouverte mais DEUX instances
2014-10-13T00:34:42 <TrappyTickles_> .......................
2014-10-13T00:34:44 <adriens33> ..
2014-10-13T00:34:47 <TrappyTickles_> non mais banane quoi
2014-10-13T00:34:54 <TrappyTickles_> tu croiis que je cherche ou?
2014-10-13T00:35:00 <adriens33> ho
2014-10-13T00:35:01 <adriens33> hey
2014-10-13T00:35:04 <adriens33> tu te calmes steuplé
2014-10-13T00:35:05 <adriens33> ><
2014-10-13T00:35:09 <TrappyTickles_> y a qu'un seul icone dans la barre
2014-10-13T00:35:25 <adriens33> bah j'y suis pour rien st'es tombé sur un bureau pourrave ><
2014-10-13T00:37:28 <TrappyTickles_> linux ne sera jamais prêt pour du desktop, et c'est pas l'arrivée de steam sur linux qui changera kekchose
2014-10-13T00:37:36 <adriens33> ta gueule…
2014-10-13T00:37:40 <adriens33> on lui demande pas ça…
2014-10-13T00:37:48 <adriens33> l'intéret de linux c'est que t'en fais ce que TU veux
2014-10-13T00:37:55 <adriens33> c'est pas de concurrencer windows
2014-10-13T00:38:10 <adriens33> et c'est pas une entreprise de merde comme canonical qui se fait du fric sur le dos des commus opensource
2014-10-13T00:38:16 <adriens33> qui prouvera le contraire.
2014-10-13T00:38:21 <TrappyTickles_> ben moi je lui demande de remplacer windows.. et il fait ça comme une buse
2014-10-13T00:38:28 <adriens33> BEN C'EST PAS SON BUT !!
2014-10-13T00:38:37 <adriens33> t'utilise quoi comme distro ?
2014-10-13T00:38:40 <adriens33> comme de ?
2014-10-13T00:39:16 *** TrappyTickles_ est parti
2014-10-13T00:39:27 <adriens33> eh ben prend la mouche, j'en ai rien à foutre.
2014-10-13T00:40:59 *** TrappyTickles est parti
2014-10-13T00:50:46 <Tsumenokage> bon moi je vais dormir
2014-10-13T00:50:50 <Tsumenokage> a plus les gens
2014-10-13T00:51:20 *** Tsumenokage est parti
2014-10-13T01:10:42 *** adriens33 est parti
2014-10-13T01:27:15 *** MaCharon est parti
2014-10-13T07:10:01 *** Adolphe s'est connecté
2014-10-13T07:27:05 *** Silou s'est connecté
2014-10-13T07:46:01 *** Adolphe est parti
2014-10-13T07:48:53 *** Silou est parti
2014-10-13T07:58:08 <Berry-Punch> Voilà ce *hic* qu'il s'est passé ces 10 dernières lignes, adriens33
2014-10-13T07:58:10 *** adriens33 s'est connecté
2014-10-13T08:29:11 *** adriens33 est parti
2014-10-13T09:14:14 <Berry-Punch> Voilà ce *hic* qu'il s'est passé ces 10 dernières lignes, adriens33
2014-10-13T09:14:15 *** adriens33 s'est connecté
2014-10-13T09:20:49 *** Gordfang s'est connecté
2014-10-13T09:21:18 <Gordfang> yo adriend
2014-10-13T09:21:21 <Gordfang> adrien*
2014-10-13T09:21:26 <adriens33> salut
2014-10-13T09:21:33 <Gordfang> sa va?
2014-10-13T09:21:37 <adriens33> bof
2014-10-13T09:21:41 <adriens33> j'ai un peu la creve
2014-10-13T09:21:48 <adriens33> la je sors aller laver mes fringues
2014-10-13T09:21:52 <adriens33> sur les deux laveries dans le coin
2014-10-13T09:22:00 <adriens33> y'en a une qui m'a bouffé mon fric sans me donner de lessive
2014-10-13T09:22:05 <adriens33> et l'autre qui veut pas de mes sous… T.T
2014-10-13T09:22:15 <adriens33> j'ai vu mieux. ^^
2014-10-13T09:22:20 <Gordfang> i don't know what went wrong?
2014-10-13T09:22:44 <Gordfang> http://i.imgur.com/00g1f.png
2014-10-13T09:22:52 <adriens33> ^^
2014-10-13T09:23:39 <Gordfang> j'ai raté quoi ce week end?
2014-10-13T09:23:59 <adriens33> heuuuu
2014-10-13T09:24:06 <adriens33> y'avait quelque chose à rater ??
2014-10-13T09:24:09 <adriens33> *?
2014-10-13T09:24:23 <Gordfang> non je veut dire sur le chat
2014-10-13T09:24:29 <adriens33> ah
2014-10-13T09:24:36 <Gordfang> y a rien eu de prevu ce week end
2014-10-13T09:24:40 <adriens33> je sais pas
2014-10-13T09:24:49 <adriens33> mais il me semble pas
2014-10-13T09:25:24 <Gordfang> ok
2014-10-13T11:27:06 *** TrappyTickles s'est connecté
2014-10-13T11:31:54 <adriens33> salut trappy
2014-10-13T11:31:58 <adriens33> désolé pour hier soir --"
2014-10-13T11:32:03 <adriens33> j'étais un peu énervé aussi
2014-10-13T11:32:08 <adriens33> tu m'en veux pas ?
2014-10-13T11:32:21 <TrappyTickles> jpeux comprendre. désolé aussi
2014-10-13T11:32:25 <adriens33> :3
2014-10-13T11:32:28 <TrappyTickles> j'étais vraiment furax hier
2014-10-13T11:32:31 <TrappyTickles> :)
2014-10-13T11:32:32 <adriens33> ouai j'ai vu
2014-10-13T11:32:38 <adriens33> t'utilisais quoi comme distro ?
2014-10-13T11:33:07 <TrappyTickles> linux mint 17
2014-10-13T11:33:26 <TrappyTickles> et avant ça j'ai testé ubuntu 14.04... et je confirme, il est merdique, surtout pour l'interface
2014-10-13T11:33:46 <TrappyTickles> elle est attrayante mais ces cons ont enlevé la barre de notifications en hard depuis la 13.10
2014-10-13T11:34:02 <TrappyTickles> et pour la remettre il faut une sorte de hack que j'ai pas réussi à mettre
2014-10-13T11:34:10 <TrappyTickles> maintenant j'ai linux mint qui marche nickel,
2014-10-13T11:34:17 <adriens33> linux mint c'est une base ubuntu me semble
2014-10-13T11:34:20 <TrappyTickles> mais tous les jeux que j'avais avant marchent plus
2014-10-13T11:34:20 <adriens33> mais bon bref
2014-10-13T11:34:22 <adriens33> arf
2014-10-13T11:34:32 <TrappyTickles> oui mais mint utilise cinnamon, une interface maison
2014-10-13T11:34:38 <TrappyTickles> qui est mieux foutu
2014-10-13T11:34:43 *** Gordfang est parti
2014-10-13T11:34:43 <adriens33> (l'ui de ubuntu est horrible, et perso je supporte pas apt, trop chiant à utiliser, vive archlinux et pacman o/)
2014-10-13T11:34:46 <TrappyTickles> (et qui a des thèmes pony en passant :p)
2014-10-13T11:34:48 <adriens33> ^^
2014-10-13T11:35:13 <TrappyTickles> bof, jpréfère apt à... euh merde c'est quoi déjà l'équivalent d'apt pour redhat?
2014-10-13T11:35:16 <TrappyTickles> enfin bref :p
2014-10-13T11:35:22 <adriens33> yum
2014-10-13T11:35:26 <TrappyTickles> celui là est bien pire :p
2014-10-13T11:35:28 <TrappyTickles> oui voila
2014-10-13T11:35:48 <adriens33> (sachant que sous debian/ubuntu, dessous apt t'as dpkg, qui est l'outil "bas niveau", et l'équivalent sous redhat c'est rpm)
2014-10-13T11:36:04 <adriens33> pacman quand tu as un cycle de dépendances
2014-10-13T11:36:15 <adriens33> il te fait fuck la dépendance, toi tu sera installé avant toi épicétout.
2014-10-13T11:36:25 <TrappyTickles> pacman? jamais testé celui là
2014-10-13T11:36:26 <adriens33> et si y'a un paquet qui en a un autre en dépendance et que ça bloque une maj
2014-10-13T11:36:36 <adriens33> tu peut lui dire "fuck la dépendance, tu vire ça quand même!"
2014-10-13T11:36:45 <adriens33> pacman c'est op
2014-10-13T11:36:50 <adriens33> (comme archlinux du reste)
2014-10-13T11:36:52 <TrappyTickles> jvois.. mais ça va pas faire des conflits éventuels, ça?
2014-10-13T11:36:56 <adriens33> mais faut aimer conf les trucs toi même
2014-10-13T11:37:03 <adriens33> bah c'est pas conseillé, et en général pas utile.
2014-10-13T11:37:09 <TrappyTickles> oki
2014-10-13T11:37:19 <adriens33> mais sous arch t'auras jamais de conflit de dépendance qui bloque toutes les maj systèmes
2014-10-13T11:37:32 <adriens33> comme 90% du temps quand tu fais un dist-upgrade sous ubuntu. XD
2014-10-13T11:37:53 <TrappyTickles> pas faux ça
2014-10-13T11:38:21 <TrappyTickles> en plus jvais surement me manger ça bientot avec le prochain mint le mois prochain :p
2014-10-13T11:38:29 <adriens33> ^w^
2014-10-13T11:38:36 <adriens33> archlinux y'a pas de version, c'est une version continue
2014-10-13T11:38:41 <TrappyTickles> euh question, t'as déjà utilisé virtualbox?
2014-10-13T11:38:44 <adriens33> vouai
2014-10-13T11:38:53 <adriens33> (nan, je fais pas de la pub pour archlinux, c'pas vrai)
2014-10-13T11:38:53 <TrappyTickles> y a un mint special debian qui fait ça aussi, mais il bug trop pour l'instnat
2014-10-13T11:39:13 <TrappyTickles> y a un truc pour mettre une date et heure différente que pour le host sur un guest?
2014-10-13T11:39:16 <adriens33> bah arch a tjrs été en rolling release, et parfois y'a quelques couacs mais jamais rien de bien méchant
2014-10-13T11:39:20 <adriens33> heuuu
2014-10-13T11:39:40 <TrappyTickles> (boarf y a des chances que jle virtualise pour l'apprendre ^^)
2014-10-13T11:40:02 <adriens33> pour vbox je sais pas, essaie de changer l'heure dans le guest, ça touche pas à l'horloge du host normalement
2014-10-13T11:40:12 <adriens33> et le wiki de archlinux est bien foutu :)
2014-10-13T11:40:25 <TrappyTickles> on va voir ^^
2014-10-13T11:40:30 <adriens33> (le en est plus fourni que le fr par contre, ce qui est un peu narmol :p)
2014-10-13T11:40:41 <TrappyTickles> en fait je retest en virtuel mon windaube piraté pour tenter de reproduire cqui s'est passé
2014-10-13T11:40:49 *** Gordfang s'est connecté
2014-10-13T11:41:07 <adriens33> TrappyTickles: oké :p
2014-10-13T11:41:10 <adriens33> plop Gordfang
2014-10-13T11:41:37 <TrappyTickles> oi
2014-10-13T11:41:49 <TrappyTickles> merd saloperie, l'heure se remet à celle de l'host tout seul :s
2014-10-13T11:42:14 <TrappyTickles> ah arf j'ai oublié la sync horloge avec le net :p
2014-10-13T11:42:35 <adriens33> arf
2014-10-13T11:42:39 <TrappyTickles> taiiiin ça change rien
2014-10-13T11:42:54 <TrappyTickles> ils auraient pu penser à ça quand même chez oracle
2014-10-13T11:43:44 <TrappyTickles> (tiens, on peut faire des vidéos des sessions guest dans vbox, maintenant ^)
2014-10-13T11:44:10 <TrappyTickles> jvais regarder sur googoole
2014-10-13T11:59:19 <TrappyTickles> ptet trouvé mais c'est un casse tête... jcomprends pas pourquoi c'est pas plus simple
2014-10-13T12:02:09 <TrappyTickles> yes, ça a marché ^
2014-10-13T12:02:14 <adriens33> ^^
2014-10-13T12:03:03 <TrappyTickles> j'essaie de voir si la désactivation de windows n'a pas été causée par le temps
2014-10-13T12:03:18 <TrappyTickles> chai pas si ce truc fonctionne mais on verra
2014-10-13T12:03:45 <TrappyTickles> raaaah bordel, il a remis l'heure du host en rebootant
2014-10-13T12:04:29 <TrappyTickles> yes, j'ai réussi
2014-10-13T12:04:35 <TrappyTickles> c'est bien le temps qui cause ça
2014-10-13T12:04:43 <TrappyTickles> le watermark est revenu
2014-10-13T12:06:54 <TrappyTickles> bon ben c'est la merde :D
2014-10-13T12:07:23 <TrappyTickles> a moins que je trouve un outil de hack qui arrange ça en permanence, je suis coincé
2014-10-13T12:07:56 <TrappyTickles> ou que je retourne sous seven, qui est méga lourd et qui fera ramer sl
2014-10-13T12:08:14 <TrappyTickles> ou rester sur linux et rester privé de jeux :p
2014-10-13T12:10:35 <TrappyTickles> jvais quand même laisser tester longtemps, pcq j'entend des légendes sur la non activation
2014-10-13T12:10:59 <TrappyTickles> y en a une qui dit que la désactivation empêche juste de changer le lock screen et l'avatar et qu'il y a le watermark sur le bureau et c'est tout,
2014-10-13T12:11:14 <TrappyTickles> et l'autre qui dit que un windaube désactivé s'éteint tout seul après 2h
2014-10-13T12:11:27 <TrappyTickles> où est le vrai? :p
2014-10-13T12:14:36 <adriens33> sais pas
2014-10-13T12:14:40 <adriens33> j'ai jamais eu ce souci perso :p
2014-10-13T12:14:54 <adriens33> (j'ai un win craqué, mais mon crack lui il marche :p)
2014-10-13T12:15:00 <adriens33> (enfin là de suite j'ai pu de win)
2014-10-13T12:15:07 <TrappyTickles> et c'est un windows 8.1?
2014-10-13T12:15:12 <adriens33> ah
2014-10-13T12:15:14 <adriens33> nan
2014-10-13T12:15:15 <adriens33> c'est seven
2014-10-13T12:15:19 <TrappyTickles> ben voila :p
2014-10-13T12:15:21 <adriens33> j'abhorre windows 8
2014-10-13T12:15:23 <TrappyTickles> seven il est facilement crackable
2014-10-13T12:15:33 <TrappyTickles> mais seven est plus lourd que 8
2014-10-13T12:15:37 <adriens33> et son ui plus plate que les idées de notre gouvernement.
2014-10-13T12:15:57 <TrappyTickles> si tu mets classic shell, tu peux te passer totalement du start screen de 8 :p
2014-10-13T12:16:06 <TrappyTickles> c'était inclus dans mon hack
2014-10-13T12:17:58 <TrappyTickles> mmm une source de softpedia dit que on peut pas changer le fond d'écran non plus... mais je peux encore le changer
2014-10-13T12:18:10 <adriens33> boarf
2014-10-13T12:18:25 <TrappyTickles> est-ce que c'est le hack qui est juste mal foutu et n'arrive plus à bloquer une partie de la désactivation?
2014-10-13T12:18:30 <adriens33> de toute manière win8 j'ai pas trouvé de crack digne de ce nom. ^^
2014-10-13T12:18:32 <TrappyTickles> dur à dire
2014-10-13T12:18:43 <TrappyTickles> moi non plus, cela dit, pour l'instant
2014-10-13T12:18:47 <adriens33> et j'ai eu à le supporter une semaine quand j'ai voulu le tester…
2014-10-13T12:18:58 <adriens33> (mon backup qu'était trop lent à remettre T.T)
2014-10-13T12:19:03 <adriens33> donc bon
2014-10-13T12:19:12 <adriens33> qu'on vienne pas me dire que je l'ai pas testé cette m*%$!
2014-10-13T12:19:13 <TrappyTickles> t'aurais du installer classic shell dessus, t'aurais eu l'impression d'être sur un win7 pimpé :p
2014-10-13T12:19:17 <adriens33> ouai
2014-10-13T12:19:26 <adriens33> mais de toute manière win7 me sort par les yeux aussi.
2014-10-13T12:19:29 <adriens33> moins que win8
2014-10-13T12:19:32 <adriens33> mais un peu quand même.
2014-10-13T12:19:40 <adriens33> donc ça change rien :p
2014-10-13T12:19:53 <TrappyTickles> j'aime pas windows non plus, j'admets... enfin, j'aime pas le mercantilisme et la fermeture derrière
2014-10-13T12:19:55 <adriens33> et c'est pas uniquement le start screen qui me gêne
2014-10-13T12:20:04 <adriens33> c'est toute l'ui en flat design que je supporte pas en fait
2014-10-13T12:20:11 <adriens33> tu regarde un snapshot de windows 3.1
2014-10-13T12:20:13 <TrappyTickles> malheureusement, wine est loin d'être parfait et ça me gene pour en tirer le 100% de mon pc :p
2014-10-13T12:20:16 <adriens33> les fenêtres ont plus de détails et de couleurs…
2014-10-13T12:20:27 <TrappyTickles> c'est vrai que ça fait baclé :p
2014-10-13T12:20:32 <TrappyTickles> et on va dire que c'est la mode :p
2014-10-13T12:20:39 <TrappyTickles> la fainéantise oui :p
2014-10-13T12:20:43 <adriens33> c'est pas bâclé, c'est ultra moche et tellement contrasté que ça te fait saigner la rétine.
2014-10-13T12:21:01 <TrappyTickles> cela dit, mon hack incluait aussi un hack pour changer l'UI a volonté
2014-10-13T12:21:25 <TrappyTickles> donc potentiellement on aurait pu remettre l'interface avec une belle tronche
2014-10-13T12:21:43 <adriens33> mouai.
2014-10-13T12:22:18 <adriens33> met de la merde de chien dans un pot de nutella vide, ça reste de la merde de chien. c'est tout :p
2014-10-13T12:23:31 <TrappyTickles> n'empêche que saints row 3 et 4 tournent pas sur linux.. malheureusement :p
2014-10-13T12:23:39 <adriens33> bah… bah… tant pis. ^^
2014-10-13T12:23:44 <TrappyTickles> ainsi que 96% des jeux sur steam alors que steam existe sur linux
2014-10-13T12:23:57 <TrappyTickles> on se demande vraiment pourquoi valve s'est fatigué :p
2014-10-13T12:24:31 <adriens33> …
2014-10-13T12:24:40 <adriens33> parce qu'ils sont en train de bosser dessus
2014-10-13T12:24:49 <adriens33> le portage, ça se  fait pas en claquant des doigts, hein.
2014-10-13T12:24:54 <TrappyTickles> eux oui peut être
2014-10-13T12:25:01 <adriens33> ('fin tu peux, mais ça fera pas grand chose)
2014-10-13T12:25:05 <TrappyTickles> mais pas les développeurs qui utilisent steam pour leurs jeux
2014-10-13T12:25:24 <TrappyTickles> voliton par exemple, j'suis pratiquement sur qu'ils feront jamais de version linux
2014-10-13T12:25:40 <TrappyTickles> et je doute mêem que valve fasse une version linux de son hl2 engine
2014-10-13T12:25:53 <TrappyTickles> (s'ils le font, c'est mes nouveaux héros :D)
2014-10-13T12:31:04 *** Tsumenokage s'est connecté
2014-10-13T12:31:14 <Tsumenokage> Salut les gens
2014-10-13T12:31:18 <TrappyTickles> oi
2014-10-13T12:31:19 <adriens33> salut Tsumenokage
2014-10-13T12:31:35 <TrappyTickles> ça y est j'ai ptet une réponse http://superuser.com/questions/498714/is-windows-8-pro-usable-without-activation
2014-10-13T12:31:47 <Tsumenokage> ca va ?
2014-10-13T12:32:24 <adriens33> ouai, ça peut aller..^^ et toi ?
2014-10-13T12:33:21 <Tsumenokage> ca va bien ^^, toujours ta crève pour toi?
2014-10-13T12:33:26 <adriens33> bawi…
2014-10-13T12:34:49 <Tsumenokage> Au faite, merci de m'avoir conseillé Archlinux adriens33 je l'ai installé ce week-end ça marche nickel :)
2014-10-13T12:34:57 <adriens33> tant mieux si ça te plait :)
2014-10-13T12:34:58 *** Adolphe s'est connecté
2014-10-13T12:35:28 <Tsumenokage> Salut Adolphe
2014-10-13T12:35:42 <adriens33> nan
2014-10-13T12:35:44 <adriens33> pas salut
2014-10-13T12:35:45 <adriens33> Heil
2014-10-13T12:35:50 <adriens33> tu connais pas tes classiques toi. ^^
2014-10-13T12:36:00 <Tsumenokage> ...XD
2014-10-13T12:36:26 <Tsumenokage> j'ai pas osé
2014-10-13T12:36:42 <adriens33> (btw tu peux pas mettre hitler comme pseudo, ça te dit qu'il est invalide)
2014-10-13T12:40:36 <TrappyTickles> lol
2014-10-13T12:41:33 <TrappyTickles> jferai pareil, wuand j'aurai mon windaube revenu jmettrai un archlinux en virtuel pour tester
2014-10-13T12:41:58 <Tsumenokage> ^^
2014-10-13T12:53:46 *** Gordfang est parti
2014-10-13T12:54:03 *** Gordfang s'est connecté
2014-10-13T13:07:06 <Tsumenokage> bon allez c'est arti pour 3h00 de TP info où on reprend tout ce qu'on a déjà fait en DUT -_-
2014-10-13T13:07:34 <adriens33> arf
2014-10-13T13:07:52 <Tsumenokage> et bien sur c'est en C#
2014-10-13T13:17:52 *** Adolphe est parti
2014-10-13T13:28:35 *** TrappyTickles est parti
2014-10-13T13:33:35 *** Gordfang est parti
2014-10-13T13:40:49 *** Gordfang s'est connecté
2014-10-13T13:42:47 *** Gordfang est parti
2014-10-13T13:51:21 *** Gordfang s'est connecté
2014-10-13T14:19:33 *** TrappyTickles s'est connecté
2014-10-13T14:37:25 *** TrappyTickles est parti
2014-10-13T14:39:01 *** TrappyTickles s'est connecté
2014-10-13T14:43:08 *** Gordfang est parti
2014-10-13T15:20:02 *** Gordfang s'est connecté
2014-10-13T15:23:56 *** TrappyTickles est parti
2014-10-13T15:27:17 *** TrappyTickles s'est connecté
2014-10-13T15:37:12 *** Gordfang est parti
2014-10-13T15:39:07 *** Gordfang s'est connecté
2014-10-13T16:08:17 *** Tsumenokage est parti
2014-10-13T16:21:27 *** Gordfang est parti
2014-10-13T16:22:19 *** Gordfang s'est connecté
2014-10-13T16:23:48 *** Tsumenokage s'est connecté
2014-10-13T16:23:50 <Tsumenokage> re
2014-10-13T16:24:01 <adriens33> re
2014-10-13T16:27:29 *** Tsumenokage est parti
2014-10-13T16:35:22 *** adriens33 est parti
2014-10-13T16:38:02 <Gordfang> tiens?
2014-10-13T17:33:25 *** Gordfang est parti
2014-10-13T17:39:15 *** Adolphe s'est connecté
2014-10-13T18:50:59 *** Silou s'est connecté
2014-10-13T19:05:32 *** Adolphe est parti
2014-10-13T19:46:41 *** Letarumavza s'est connecté
2014-10-13T19:47:01 <Letarumavza> salut les filles ^^
2014-10-13T19:47:11 <Letarumavza> tain je me tiens une de ces patates !
2014-10-13T19:48:31 <TrappyTickles> oi
2014-10-13T19:48:44 <Letarumavza> C'est grace à toi...
2014-10-13T19:48:57 <Letarumavza> Et à une putain de chaine de causalité. ^^
2014-10-13T19:49:14 <Letarumavza> Pas vraiment...
2014-10-13T19:49:18 <TrappyTickles> ah :)
2014-10-13T19:49:20 <Letarumavza> (sauf pour les biscuits du tardis)
2014-10-13T19:49:30 <Letarumavza> là je garantis rien ^^'
2014-10-13T19:49:48 <Letarumavza> raf, j'en ai bouffé quand même ^^
2014-10-13T19:49:58 <Letarumavza> Et si il en reste je veux bien les finir ^^
2014-10-13T19:50:11 <TrappyTickles> on t'en garde alors, il reste un paquet :p
2014-10-13T19:50:35 <Letarumavza> !
2014-10-13T19:50:46 <Letarumavza> Gaffe je risque de venir taper l'incruste ^^
2014-10-13T19:50:59 <Letarumavza> Quand mon vélo sera réparé.
2014-10-13T19:51:22 <Letarumavza> à pied c'est un peu long, et comme je suis pas sorti pendant longtemps, j'ai très vite mal aux jambes.
2014-10-13T19:51:37 <Letarumavza> Bah là...
2014-10-13T19:51:41 <Letarumavza> Comment te dire...
2014-10-13T19:52:06 <Letarumavza> Mieux vaut se relever que de n'avoir jamais cherché à avancer.
2014-10-13T19:52:24 <Letarumavza> ^^
2014-10-13T19:52:37 <Letarumavza> je ramènerai à crouter quand même je pense.
2014-10-13T19:53:02 <Letarumavza> Bah justement, je pensais à ça.
2014-10-13T19:53:17 <Letarumavza> Perso je vais me chercher un taf pour m'occuper à l'arrache.
2014-10-13T19:54:11 <Letarumavza> Hum... Certaines rencontres peuvent avoir un effet extrèment profond, et vu à quel point je réagis vite, autant continuer sur cette lancée.
2014-10-13T19:56:00 <TrappyTickles> ^
2014-10-13T19:56:36 <Letarumavza> Tu me connais, je sais faire preuve d'une chance inouie par moment ^^
2014-10-13T19:57:09 <Letarumavza> Oh et je prépare le bac S en candidat libre pour la fin de l'année.
2014-10-13T20:03:46 *** Tsumenokage s'est connecté
2014-10-13T20:03:56 <Tsumenokage> Salut
2014-10-13T20:04:12 <Letarumavza> salut
2014-10-13T20:05:26 <Berry-Punch> Voilà ce qu'il s'est passé ces 10 dernières lignes, *hic* adriens33
2014-10-13T20:05:27 *** adriens33 s'est connecté
2014-10-13T20:08:38 <TrappyTickles> t'y arriveras surement, te conaissant ^
2014-10-13T20:08:47 <adriens33> hello tout le monde
2014-10-13T20:08:54 <Tsumenokage> yop adriens33
2014-10-13T20:09:24 <Letarumavza> Probablement, mais maintenant mon objectif est bien moins d'arriver à destination que de parcourir le chemin qui y mène.
2014-10-13T20:09:32 <adriens33> tiens, salut leta
2014-10-13T20:09:35 <adriens33> quéquit'arrive ?
2014-10-13T20:09:38 <Letarumavza> Salut adrien ^^
2014-10-13T20:10:01 <Letarumavza> Rien, je sors de chez moi, je parle à des gens irl, j'écoute de l'électro...
2014-10-13T20:10:08 <adriens33> oulà
2014-10-13T20:10:17 <Letarumavza> J'ai pas pris un seul cacheton depuis deux jours.
2014-10-13T20:10:27 <Letarumavza> (enfin, un jour et demi)
2014-10-13T20:10:31 <adriens33> eh bé… félicitations alors :)
2014-10-13T20:10:48 <Letarumavza> Et là je fais du sport tout en étant sur le PC
2014-10-13T20:10:54 <Letarumavza> (vive le vélo d'appartement)
2014-10-13T20:10:54 <adriens33> huh ?
2014-10-13T20:10:58 <adriens33> ah.
2014-10-13T20:10:59 <adriens33> XD
2014-10-13T20:11:24 <Letarumavza> TrappyTickles, c'est juste redevenir ce que je suis vraiment.
2014-10-13T20:11:35 <Letarumavza> Ce que j'avais oublié au fil du temps.
2014-10-13T20:11:39 <TrappyTickles> ^^
2014-10-13T20:12:46 <Letarumavza> Un cyber-goth transhumaniste sataniste laveyen, avec un goût prononcé pour la technologie de pointe, la science, l'alcool et les filles.
2014-10-13T20:12:46 <Berry-Punch> Qu'est-ce que *hic* j'ai soif…
2014-10-13T20:13:26 <Letarumavza> Bah c'est en passant la soirée chez toi et en me rendant compte de l'effet que ça avait sur moi que j'ai percuté.
2014-10-13T20:14:23 <TrappyTickles> tu viens de citer mon genre de pote ^
2014-10-13T20:14:30 <Letarumavza> ^^
2014-10-13T20:15:10 <Letarumavza> Tain faut que je m'intéresse aux endroits potentiels pour aller danser sur bordeaux, je connais plus grand chose.
2014-10-13T20:15:38 <TrappyTickles> elfe elle doit en connaitre jpense ^^
2014-10-13T20:15:44 <Letarumavza> Et va falloir que je prenne adriens33 dans mon sac ^^
2014-10-13T20:15:52 <Letarumavza> demain soir je vais justement diner avec elle ^^
2014-10-13T20:15:58 <TrappyTickles> ok ^
2014-10-13T20:16:02 <adriens33> *sort la tête, la bouche pleine de frites* eh ? on parle de moi ?
2014-10-13T20:16:16 <Letarumavza> adriens33 : khebab/pizza
2014-10-13T20:16:24 <adriens33> om nom nom nom
2014-10-13T20:16:30 <adriens33> ou quand ? :p
2014-10-13T20:16:43 <Letarumavza> Aucune idée
2014-10-13T20:16:55 <TrappyTickles> adriens33 est un omnomnomivore aussi on dirait :p
2014-10-13T20:17:01 <adriens33> ^^
2014-10-13T20:17:11 <Letarumavza> Mais je vais te sortir mon pote, ça va mal tourner, et on va finir dans la merde, mais on va passer une soirée inoubliable promis ^^
2014-10-13T20:17:22 <adriens33> pourquo dans la merde ?
2014-10-13T20:17:24 <TrappyTickles> au fait, j'ai une blague con pour brony french, faite par jade
2014-10-13T20:18:06 <Letarumavza> Les gars, vous voulez pas vous cotiser pour m'offrir une perruque rose de pinkie pour noël ? ^^
2014-10-13T20:18:22 <adriens33> oh, pourquoi pas. ça peut être fun.
2014-10-13T20:18:33 <TrappyTickles> lol chiche
2014-10-13T20:18:43 <Letarumavza> Moitié jinx, moitié pinkie, Bebert est de retour les filles ^^
2014-10-13T20:18:48 <adriens33> ^^
2014-10-13T20:18:55 <Tsumenokage> ^^
2014-10-13T20:19:02 <TrappyTickles> jinxie pie?
2014-10-13T20:19:11 <adriens33> xD
2014-10-13T20:19:17 <Letarumavza> DESSINES MOI CA !!!!!!!!!!!!!!
2014-10-13T20:19:44 <Letarumavza> Mais carrément
2014-10-13T20:21:11 <Letarumavza> YEah
2014-10-13T20:21:35 <adriens33> :3
2014-10-13T20:21:48 <JinxiePie> y'a un petit coté pewdiepie en plus, c'est top ^^
2014-10-13T20:21:48 <Tsumenokage> :)
2014-10-13T20:22:00 <TrappyTickles> vui :p
2014-10-13T20:22:09 <TrappyTickles> il parait que la doubleuse de rarity, tabitha st germain a une fille, au fait
2014-10-13T20:22:27 * TrappyTickles sort
2014-10-13T20:22:35 <adriens33> ._.
2014-10-13T20:23:01 <adriens33> ta femme te le dit souvent.
2014-10-13T20:24:35 <TrappyTickles> lol :p
2014-10-13T20:25:55 <JinxiePie> adriens33, cette riposte n'a pas de sens.
2014-10-13T20:26:02 <adriens33> ben si
2014-10-13T20:26:07 <JinxiePie> btw, tu veux le code source de zecora ?
2014-10-13T20:26:10 *** Moimaime s'est connecté
2014-10-13T20:26:23 <adriens33> sa femme lui dit souvent qu'elle est pas de lui → si on parle d'un gamin ça marche. ^^
2014-10-13T20:26:25 <Tsumenokage> Salut Moimaime
2014-10-13T20:26:31 <Moimaime> Bonsoir
2014-10-13T20:26:50 <JinxiePie> Trappy et jade veulent pas de gosses => ça marche pas ^^
2014-10-13T20:26:54 <TrappyTickles> oi
2014-10-13T20:27:04 <TrappyTickles> ouaip lol
2014-10-13T20:27:05 <Moimaime> Salut
2014-10-13T20:27:10 <JinxiePie> salut
2014-10-13T20:27:25 <TrappyTickles> nouveau venu? ^^
2014-10-13T20:27:29 <Moimaime> exact
2014-10-13T20:27:38 <Moimaime> exact aussi
2014-10-13T20:27:44 <Moimaime> ^^
2014-10-13T20:28:07 <Moimaime> ouai c'pas évident d'en parler quand t'est pas sur de la réaction des autres
2014-10-13T20:28:13 <TrappyTickles> best pony?
2014-10-13T20:28:22 <Tsumenokage> Rainbow pour moi
2014-10-13T20:29:27 <Tsumenokage> et pour vous ?
2014-10-13T20:29:37 <Moimaime> vinyl scratch
2014-10-13T20:29:44 <TrappyTickles> ^^ fluttershy principalement, mais j'ai aussi sweetie belle, derpy et rarity... ah et aria et sunset pour les humaines :p
2014-10-13T20:30:13 <Moimaime> humaine ou pony c'est la meme pour moi ^^
2014-10-13T20:30:17 <JinxiePie> Zecora best zebra, sinon pinkie ^^
2014-10-13T20:30:33 <TrappyTickles> +1 Moimaime
2014-10-13T20:30:57 <TrappyTickles> faut dire, depuis rainbow rocks, sunset me rend dingue <3 et jlai pas vu venir :p
2014-10-13T20:33:57 <TrappyTickles> j'ai hate ce weekend, qu'on l'ait en hd ^^
2014-10-13T20:34:18 <Tsumenokage> ^ aperrement il a deja leake en 1080p
2014-10-13T20:34:35 <TrappyTickles> hein? le vrai de vrai? pas en camrip?
2014-10-13T20:34:51 <adriens33> tout doux Trappy :p
2014-10-13T20:35:12 *** Tsumenokage_ s'est connecté
2014-10-13T20:35:20 <Berry-Punch> Flags de TrappyTickles modifiés *hic* : +v
2014-10-13T20:35:20 <adriens33> !voice TrappyTickles
2014-10-13T20:35:23 <adriens33> (raté)
2014-10-13T20:35:27 <Berry-Punch> Flags de Tsumenokage_ *hic* modifiés : +v
2014-10-13T20:35:27 <adriens33> !voice Tsumenokage_
2014-10-13T20:35:28 <TrappyTickles> non mais jle veux s'il est sorti :p je bosse pour MLPSubtitles :p
2014-10-13T20:35:32 <TrappyTickles> mdr adriens33
2014-10-13T20:35:42 <TrappyTickles> tellement l'habitude de me voir clignoter, hein :p
2014-10-13T20:35:54 <adriens33> non
2014-10-13T20:36:03 <adriens33> juste que quand tu fais tab ton pseudo apparait avant le sien
2014-10-13T20:36:10 <JinxiePie> Putain les mec j'ai la pèche !
2014-10-13T20:36:14 <TrappyTickles> ah lol
2014-10-13T20:36:15 <adriens33> et je suis allé trop vite pour m'en aperçevoir
2014-10-13T20:36:23 <adriens33> (ceux qui disent ta femme te l'dit souvent chut)
2014-10-13T20:36:48 <adriens33> JinxiePie: bah c'est cool, profite pour voir encore plus de monde !
2014-10-13T20:36:56 <JinxiePie> C'est le but !
2014-10-13T20:37:19 <JinxiePie> Anyway, qui a envie de jouer à lol en squatant mon TS ?
2014-10-13T20:37:25 <TrappyTickles> inviterais
2014-10-13T20:37:45 <JinxiePie> TrappyTickles si tu veux faire une soirée, demandes moi.
2014-10-13T20:37:57 <JinxiePie> Je suis toujours partant, et ma chaine hi-fi est pas trop mal ^^
2014-10-13T20:38:38 <JinxiePie> Dac dac ^^
2014-10-13T20:39:06 *** Tsumenokage est parti
2014-10-13T20:39:49 *** Tsumenokage_ est parti
2014-10-13T20:39:55 <TrappyTickles> sur ce, jva tester unturned en beta :p
2014-10-13T20:40:12 <JinxiePie> Si tu veux ^^
2014-10-13T20:40:40 <TrappyTickles> au fait Moimaime t'es sur bdx?
2014-10-13T20:41:32 <Moimaime> oui
2014-10-13T20:41:41 <JinxiePie> Alcool ?
2014-10-13T20:41:41 <Berry-Punch> Tu en as *hic* pour moi JinxiePie ?
2014-10-13T20:42:10 <TrappyTickles> ok ^^
2014-10-13T20:42:10 <Moimaime> nan moi jbois pas
2014-10-13T20:42:13 <Moimaime> ^^
2014-10-13T20:46:03 <JinxiePie> Trappy, j'ai encore du clop sur mon pc, tu le voudra ?
2014-10-13T20:47:23 <TrappyTickles> pkoi pas ^^
2014-10-13T20:47:30 <JinxiePie> ^^
2014-10-13T21:16:54 *** JinxiePie est parti
2014-10-13T21:17:36 *** Tsumenokage s'est connecté
2014-10-13T21:18:02 <TrappyTickles> cte merde... mon windaube frais fait que des conneries
2014-10-13T21:18:18 <Tsumenokage> ah que se passe t'il TrappyTickles ?
2014-10-13T21:18:20 <TrappyTickles> windows update qui veut pas marcher, unturned qui veut pas se lancer...
2014-10-13T21:18:31 <TrappyTickles> pour windows update l'a fallu que je fase une manip en powershell
2014-10-13T21:19:47 <TrappyTickles> jcomprends rien
2014-10-13T21:24:54 *** Bybeez s'est connecté
2014-10-13T21:24:54 <Bybeez> Patate !
2014-10-13T21:28:03 <adriens33> bonsoir Bybeez
2014-10-13T21:28:14 <Bybeez> Bonsoir !
2014-10-13T21:29:19 <Moimaime> Bonsoir
2014-10-13T21:39:43 *** Reblochon s'est connecté
2014-10-13T21:39:45 <Reblochon> http://i.imgur.com/Of0b9eX.png?1 sérieusement
2014-10-13T21:39:54 <Reblochon> bon, bonsoir, ici bite
2014-10-13T21:47:13 <adriens33> bonsoir
2014-10-13T21:51:20 <adriens33> lol
2014-10-13T21:51:27 <adriens33> Sauce Tomate: pseudo déjà utilisé
2014-10-13T21:51:51 <adriens33> sinon les _ et les - ça sert à ça… ^^
2014-10-13T21:52:15 <sauce-tomate> (et btw normalement on peut pas mettre d'espace dans un pseudo sur irc, ça doit plutot venir de la je pense)
2014-10-13T21:52:56 <adriens33> et voici venu l'homme aux milles pseudonymes. ^^
2014-10-13T21:53:34 <sauce-samourail> c'est vous qui m'avez dis de pas garder "bite"
2014-10-13T21:53:38 <adriens33> bah→…
2014-10-13T21:53:44 <adriens33> un pseudo pareil sur un chat public
2014-10-13T21:53:50 <adriens33> pour un regroupement de bronies…
2014-10-13T21:54:00 <adriens33> ça risque de faire tâche, si j'ose dire. ^^
2014-10-13T21:54:32 <sauce-samourail> la sauce samourail aussi ça tache
2014-10-13T21:54:42 <adriens33> ouai, mais c'est moins embarrassant.
2014-10-13T21:54:58 <adriens33> (I see what you did there… ^^)
2014-10-13T21:55:18 <sauce-samourail> 'tain, ça me fais penser
2014-10-13T21:55:24 <sauce-samourail> samedi j'ai bouffé un kebab
2014-10-13T21:55:37 <adriens33> et moi hier je me suis assis.
2014-10-13T21:55:41 <sauce-samourail> mais attention, c'est pas un kebab avec juste de la viande kebab
2014-10-13T21:55:43 <adriens33> [/3615 mavie] XD
2014-10-13T21:55:51 <adriens33> ah ?
2014-10-13T21:55:56 <adriens33> c'est un kebab avec de la viande de cheval ,
2014-10-13T21:55:57 <adriens33> ?
2014-10-13T21:56:02 <sauce-samourail> ce truc contenais deux steaks hachés et deux cordons bleu
2014-10-13T21:56:08 <sauce-samourail> plus la garniture habituelle
2014-10-13T21:56:09 <adriens33> ouache le truc
2014-10-13T21:57:16 <sauce-samourail> j'étais bien pour le concert de métal juste après
2014-10-13T21:58:22 *** Bybeez est parti
2014-10-13T22:24:57 *** TrappyTickles est parti
2014-10-13T22:32:08 *** TrappyTickles s'est connecté
2014-10-13T22:51:50 *** sauce-samourail est parti
2014-10-13T22:57:55 *** TrappyTickles est parti
2014-10-13T23:02:42 *** TrappyTickles s'est connecté
2014-10-13T23:45:07 *** Moimaime est parti
2014-10-13T23:46:26 *** Tsumenokage est parti
