2014-07-12T00:12:41 *** lezarius s'est connecté
2014-07-12T00:12:50 <lezarius> Salut
2014-07-12T00:13:23 <MaCharon> bonsoir *baille*
2014-07-12T00:14:24 <lezarius> Demain dev time
2014-07-12T00:14:35 <MaCharon> ?
2014-07-12T00:14:39 <lezarius> Mais qu'esse qui as motivé flo
2014-07-12T00:22:20 <adriens33> bonne question……
2014-07-12T00:23:55 <lezarius> Tu la harcelle adriens33 ? xD
2014-07-12T00:24:08 <lezarius> Parcque je sens que demain on vas bien rire xD
2014-07-12T00:24:20 <lezarius> Letarumavza: tu ramenne tes fesse ou pas ?
2014-07-12T00:24:55 *** MaCharon est parti
2014-07-12T00:56:23 *** adriens33 est parti
2014-07-12T01:01:08 <Eclipse2212> Y'a encore quelqu'un?
2014-07-12T01:04:56 <lezarius> Ouais
2014-07-12T01:06:09 <lezarius> Eclipse2212: tu es dev ? Vue ton pseudo est ta PP xD
2014-07-12T01:06:16 *** Eclipse s'est connecté
2014-07-12T01:06:55 <Eclipse> Re j'ai planté
2014-07-12T01:07:26 <lezarius> Eclipse dev ?
2014-07-12T01:07:34 <Eclipse> ?
2014-07-12T01:07:38 <lezarius> Je peux pas kick ton autre compte dsl
2014-07-12T01:07:50 <lezarius> Non pour s'avoir si tu sera la demain au Dev de la v3
2014-07-12T01:08:01 <Berry-Punch> Je suis désolé lezarius, *hic* mais je n'ai pas le droit de te laisser faire ça.
2014-07-12T01:08:01 <lezarius> !kick Eclipse2212
2014-07-12T01:08:07 <Eclipse> Physiquement nan
2014-07-12T01:08:18 <lezarius> Eclipse mince alors =S
2014-07-12T01:08:26 <Eclipse> Mais je vais essayer d'être en ligne
2014-07-12T01:08:37 *** Eclipse2212 est parti
2014-07-12T01:09:02 <Eclipse> Level=hard cause : soeur chiante
2014-07-12T01:09:35 <Eclipse> Ouais!! Un timeout!
2014-07-12T01:10:22 <Eclipse> J'aimerais bien aider ^^
2014-07-12T01:10:32 <lezarius> J'espere que tu pourra etre la =P
2014-07-12T01:10:54 <Eclipse> Bah a la limite via un truc comme skype
2014-07-12T01:11:06 <Eclipse> +mon PC en carton
2014-07-12T01:11:09 <lezarius> Je ferais si sans doute la gestion des ressource j'ai 2/3 sys sympa que je vais mettre en prod sur mon serv se soire xD
2014-07-12T01:11:19 <lezarius> Eclipse: on as un systeme de visio
2014-07-12T01:11:29 <Eclipse> Okay
2014-07-12T01:11:38 <Eclipse> Sa passe sur Android?
2014-07-12T01:12:07 <lezarius> Aw i don't know go test this
2014-07-12T01:12:50 <Eclipse> Je viens de test, sa passe
2014-07-12T01:12:54 <lezarius> https://vroom.im/bronycub
2014-07-12T01:13:35 <Eclipse> Mais bon a l'heure qu'il est tu verrait tien d'autre que un roux dans son lit
2014-07-12T01:13:44 <Eclipse> *rien
2014-07-12T01:13:55 <lezarius> Et toi un lezarius au trone
2014-07-12T01:13:59 <lezarius> Et pas le trone de fer xD
2014-07-12T01:14:03 <Eclipse> XD
2014-07-12T01:14:10 <Eclipse> J'avais compris
2014-07-12T01:14:18 <Eclipse> En céramique ?
2014-07-12T01:14:20 <lezarius> Ouais ça vas etre drole seux qui me connaise pas demain xD
2014-07-12T01:14:29 <Eclipse> Avec une cuvette?
2014-07-12T01:14:32 <lezarius> Je dev non stop et n'importe ou
2014-07-12T01:14:34 <Eclipse> Ouaip
2014-07-12T01:14:40 <Eclipse> XD
2014-07-12T01:14:58 <lezarius> Même au WC =D Pour la v2 j'ai passez 40 minute enfermer la bas (pas a faire caca mais bon)
2014-07-12T01:15:18 <Eclipse> J'ai pas de 3g pour dev n'importe où.
2014-07-12T01:15:34 <Eclipse> =D
2014-07-12T01:16:17 <lezarius> Moi non plus pas encore ='( des que je peux me prendre un forfait 50g chez B
2014-07-12T01:16:19 <Eclipse> Sa fait quoi si je lance routerpwn(dsploit Android) sur mon routeur
2014-07-12T01:16:31 <Eclipse> ?
2014-07-12T01:16:33 <Eclipse> ?
2014-07-12T01:16:57 <Berry-Punch> Je suis désolé Eclipse, mais je n'ai pas le droit de te laisser faire ça. *hic* 
2014-07-12T01:16:57 <Eclipse> !flag Eclipse
2014-07-12T01:17:04 <Eclipse> Mais heu!
2014-07-12T01:17:20 *** Eclipse est parti
2014-07-12T01:17:32 *** Eclipse2212 s'est connecté
2014-07-12T01:17:56 <Eclipse2212> Ha mais merde! J'ai juste voulu fermer un onglet
2014-07-12T01:18:02 <Eclipse2212> :'(
2014-07-12T01:20:05 <Eclipse2212> Par contre dev sur Android n'est pas des plus pratique
2014-07-12T01:20:16 <Eclipse2212> Et encore j'ai une tablette
2014-07-12T01:20:23 <Eclipse2212> 7'
2014-07-12T01:23:48 <Eclipse2212> T'est toujours là?
2014-07-12T01:24:50 *** lezarius est parti
2014-07-12T01:32:51 *** Eclipse2212 est parti
2014-07-12T01:33:39 *** lezarius s'est connecté
2014-07-12T01:33:46 <lezarius> Reuh
2014-07-12T02:11:24 <Berry-Punch> Voilà ce qu'il s'est passé ces 10 *hic* dernières lignes, adriens33
2014-07-12T02:11:25 *** adriens33 s'est connecté
2014-07-12T02:27:22 <lezarius> Salut adriens33
2014-07-12T02:27:54 <adriens33> hello
2014-07-12T02:27:55 <lezarius> Tu as prévue d'ammener quoi demain ? perso pate et légume
2014-07-12T02:28:17 <lezarius> Jpense que je cuisinerais des pate au légume avec de la creme pénard
2014-07-12T02:28:22 <adriens33> gné ?
2014-07-12T02:28:52 <lezarius> Demain tu vient dev la v3 nan ?
2014-07-12T02:30:14 <adriens33> et ?  faut amener à miam ?
2014-07-12T02:30:27 <adriens33> c'est l'aprem donc limite tu manges avant de te pointer…
2014-07-12T02:30:42 <lezarius> Jpense que on mangera ensemble le soire
2014-07-12T02:31:33 <adriens33> mouais… à St Nicolas y'a des kebabs ^^
2014-07-12T02:31:40 <adriens33> plus simple.
2014-07-12T02:31:56 <lezarius> Ouais pas tord (enfin mange pas de viande moi mais =P)
2014-07-12T03:24:00 *** adriens33 est parti
2014-07-12T03:57:03 *** ValCab33 est parti
2014-07-12T04:02:21 *** lezarius est parti
2014-07-12T05:07:50 *** Letarumavza est parti
2014-07-12T05:34:02 <Berry-Punch> Voilà ce *hic* qu'il s'est passé ces 10 dernières lignes, adriens33
2014-07-12T05:34:03 *** adriens33 s'est connecté
2014-07-12T05:34:59 *** BronyCUB-MC s'est connecté
2014-07-12T06:23:37 <BronyCUB-MC> adrien_s has joined the server!
2014-07-12T06:26:57 <BronyCUB-MC> adrien_s has quit the server!
2014-07-12T06:28:37 *** Letarumavza s'est connecté
2014-07-12T06:29:42 <Letarumavza> http://computercraft.info/wiki/Category:APIs
2014-07-12T06:29:48 <Letarumavza> http://www.lua.org/manual/5.2/
2014-07-12T08:06:08 *** Rei s'est connecté
2014-07-12T08:09:15 <adriens33> Hello
2014-07-12T08:16:01 <Rei> shadow?
2014-07-12T08:16:10 <Rei> sinon coucou
2014-07-12T08:16:18 <Rei> dit moi que tu es reveiller ><
2014-07-12T08:17:05 <adriens33> oui il est réveillé
2014-07-12T08:17:10 <adriens33> il est sur minecraft
2014-07-12T08:17:16 <Letarumavza> Gné ?
2014-07-12T08:18:14 <Letarumavza> kékitariv ?
2014-07-12T08:18:53 <Rei> tout a l'heure j'arrive chez toi, mais au portail, pourra tu me porter, ma carte de bus, mon porte monnaie et ma ma mini trousse stitch (ya mes medocs dedans) tout a l'heure quand je t'appel? ça sera génial
2014-07-12T08:20:32 <Letarumavza> ok ^^
2014-07-12T08:21:00 <Rei> merci <3
2014-07-12T08:21:10 <Rei> bon jy go me préparer^^
2014-07-12T08:21:15 <Rei> bisouuuuuuuu
2014-07-12T08:21:19 *** Rei est parti
2014-07-12T09:19:45 *** adriens33 est parti
2014-07-12T10:22:29 *** Eclipse2212 s'est connecté
2014-07-12T10:22:40 <Eclipse2212> Chalut
2014-07-12T10:25:21 *** heuzef s'est connecté
2014-07-12T10:25:21 *** heuzef est parti
2014-07-12T11:12:41 *** wildfier s'est connecté
2014-07-12T11:13:04 <wildfier> yop
2014-07-12T11:41:56 *** lezarius s'est connecté
2014-07-12T11:42:08 <lezarius> Salut
2014-07-12T11:48:21 *** Letarumavza est parti
2014-07-12T11:54:50 <Berry-Punch> Voilà ce qu'il s'est passé ces *hic* 10 dernières lignes, adriens33
2014-07-12T11:54:51 *** adriens33 s'est connecté
2014-07-12T11:55:06 <wildfier> comment faut pas habiter au luxembour pour internet ...
2014-07-12T11:55:11 <wildfier> "
2014-07-12T11:55:12 <wildfier> Débit: 100 Mbps / 5 Mbps
2014-07-12T11:55:14 <wildfier> Quota de téléchargement: 100 GB
2014-07-12T11:55:19 <adriens33> hellow
2014-07-12T11:55:33 <wildfier> il y a encore des quota oO !
2014-07-12T11:55:40 <wildfier> (pour 40/mois)
2014-07-12T11:56:05 <adriens33> oulà
2014-07-12T11:56:12 <wildfier> chez numéricable
2014-07-12T11:56:13 <adriens33> de l'internet pas illimité
2014-07-12T11:56:14 <adriens33> ?
2014-07-12T11:56:15 <adriens33> ça existe ?
2014-07-12T11:56:16 <wildfier> yep
2014-07-12T11:56:18 <adriens33> ôO
2014-07-12T11:56:21 <wildfier> j'ai alluciné
2014-07-12T11:56:41 <wildfier> et puis je me suis rendu compte que l'adresse était numericable.lu et pas numericable.fr
2014-07-12T11:57:03 <adriens33> oO
2014-07-12T12:00:51 <wildfier> bon
2014-07-12T12:01:06 <wildfier> j'ai une chance sur 6 d'avoir un nouvel super appart apparement
2014-07-12T12:01:14 <adriens33> cool :D
2014-07-12T12:01:22 <wildfier> on est 6 à visiter
2014-07-12T12:01:25 <wildfier> on était les 2nd
2014-07-12T12:01:37 <wildfier> et je vois pas comment on peut ne pas être à fond dessus
2014-07-12T12:01:41 <wildfier> ^^
2014-07-12T12:04:55 <wildfier> d'ailleurs
2014-07-12T12:05:05 <wildfier> t'as vu petit mail adriens33 ?
2014-07-12T12:06:32 <wildfier> 1ère release de libressl
2014-07-12T12:06:42 <wildfier> sans surprise c'est déjà sur aur
2014-07-12T12:07:29 <adriens33> oui, 'ai vu passer
2014-07-12T12:08:14 <wildfier> faut que je vois si y a déjà moyen de remplacer openssl par ça
2014-07-12T12:09:53 <adriens33> ^^
2014-07-12T12:10:41 <wildfier> bas le paquet aur inclut la ligne conflicts
2014-07-12T12:10:51 <wildfier> mais pas provides('openssl')
2014-07-12T12:11:00 <wildfier> donc pour le moment tu peux pas l'installer
2014-07-12T12:11:32 <wildfier> est ce fait exprès parce que ça remplace pas encore ?
2014-07-12T12:12:34 <adriens33> ou alors parce que c'est pas testé
2014-07-12T12:12:42 <wildfier> yep
2014-07-12T12:14:25 <wildfier> par contre
2014-07-12T12:14:44 <wildfier> on risque de devoir recompiler ce qui dépend d'openssl
2014-07-12T12:15:15 <wildfier> faut voir si l'api à pas bougé
2014-07-12T12:15:18 <adriens33> c'est pas tu risque
2014-07-12T12:15:24 <adriens33> normalement openbsd
2014-07-12T12:15:46 <adriens33> a fait de sorte que l'api n'ait normalement pas bougé
2014-07-12T12:15:51 <adriens33> mais t'auras à compiler quand même
2014-07-12T12:15:55 <adriens33> (symboles et tout)
2014-07-12T12:16:18 <wildfier> si l'api à pas bougé normalement y a pas à recompiler
2014-07-12T12:16:46 <adriens33> mouais…
2014-07-12T12:16:50 <adriens33> sans doute
2014-07-12T12:17:07 <wildfier> je vais essayer de faire installer dans un /usr/local/ au lieu de /usr
2014-07-12T12:17:20 <wildfier> et essayer de lancer avec un LD_LIBRARY_PATH pour voir
2014-07-12T12:17:21 <adriens33> ^^
2014-07-12T12:17:56 <wildfier> ça m'évitera de tout casser
2014-07-12T12:18:01 <wildfier> ou alors chroot ?
2014-07-12T12:18:17 <wildfier> bas
2014-07-12T12:18:25 <wildfier> on testera tt à l'heure chez heuzef
2014-07-12T12:20:49 <wildfier> je re
2014-07-12T12:20:55 <wildfier> je vais faire un peu de dark souls
2014-07-12T12:21:01 <wildfier> on se retrouve chez heuzef ?
2014-07-12T12:21:10 <wildfier> 2h à st nicolas ?
2014-07-12T12:21:49 *** Eclipse2212 est parti
2014-07-12T12:22:00 *** Eclipse2212 s'est connecté
2014-07-12T12:22:54 *** wildfier est parti
2014-07-12T12:25:34 *** ValCab33 s'est connecté
2014-07-12T12:25:39 <ValCab33> Hello
2014-07-12T12:25:58 <adriens33> hello
2014-07-12T12:30:07 <lezarius> Salut
2014-07-12T12:53:17 *** lezarius est parti
2014-07-12T12:54:39 <Eclipse2212> Saalut
2014-07-12T12:55:04 *** adriens33 est parti
2014-07-12T12:55:43 <Eclipse2212> Bon du coup pour cet après midi?
2014-07-12T12:56:12 <Eclipse2212> Je fé comment? J'suis a 1k de kms de bordeaux :'(
2014-07-12T12:56:37 <Berry-Punch> Voilà ce qu'il s'est passé ces 10 *hic* dernières lignes, Eclipse2212
2014-07-12T12:56:39 <Eclipse2212> !history
2014-07-12T13:04:13 <Eclipse2212> Merde il pleut...
2014-07-12T13:14:54 *** heuzef s'est connecté
2014-07-12T13:15:08 <Berry-Punch> Voilà ce *hic* qu'il s'est passé ces 10 dernières lignes, heuzef
2014-07-12T13:15:09 <heuzef> !history
2014-07-12T13:15:36 <heuzef> Je sais pas si ça viens de moi mais Kiwiirc refuse de m'ouvrir le tchat
2014-07-12T13:15:52 <Eclipse2212> XD
2014-07-12T13:16:01 <Eclipse2212> Moi sa passe
2014-07-12T13:16:08 <Eclipse2212> +salut
2014-07-12T13:38:39 <heuzef> Bon si ça passe chez toi c'est bon alors =)
2014-07-12T13:41:16 <Eclipse2212> XD
2014-07-12T13:41:48 <Berry-Punch> Voilà ce qu'il s'est passé ces 10 dernières lignes, *hic* adriens33
2014-07-12T13:41:49 *** adriens33 s'est connecté
2014-07-12T13:41:52 <Eclipse2212> Pour cet aprem y'a possibilité que je sois en ligne pour aider?
2014-07-12T13:42:17 <heuzef> Visio ? =)
2014-07-12T13:42:37 <heuzef> Pour le brainstorming ça risque d'être compliqué
2014-07-12T13:42:46 <heuzef> Sinon si on à une tâche précise à te faire faire
2014-07-12T13:42:51 <heuzef> On te la communique
2014-07-12T13:47:27 <Eclipse2212> Okay je mo log sur la visio
2014-07-12T13:48:29 <Eclipse2212> Logged in
2014-07-12T13:58:57 <Eclipse2212> Désolé j'ai bug
2014-07-12T14:01:45 <Eclipse2212> Et une soeur chiants, une!
2014-07-12T14:05:45 <heuzef> Bon laisse tombé
2014-07-12T14:05:48 <heuzef> Tu bug trop
2014-07-12T14:05:52 <heuzef> On reste sur IRC ;)
2014-07-12T14:06:33 *** heuzef est parti
2014-07-12T14:06:34 *** ValCab33 est parti
2014-07-12T14:06:58 <Eclipse2212> Okay
2014-07-12T14:07:22 *** heuzef s'est connecté
2014-07-12T14:07:22 *** ValCab33 s'est connecté
2014-07-12T14:07:24 <heuzef> adriens33: ??
2014-07-12T14:07:27 <Eclipse2212> Re
2014-07-12T14:08:05 *** wildfier s'est connecté
2014-07-12T14:08:08 <wildfier> re
2014-07-12T14:08:10 <heuzef> adriens33: je suis pas sur que rester dans ton coin tous seul va t'aider à te sentir mieux. On t'attend d'accord ?
2014-07-12T14:08:18 <Eclipse2212> J'ai eu un petit problème d'ordre familial mais la je devrais être tranquille
2014-07-12T14:08:35 <Eclipse2212> J'ai pas bug cette fois, j'ai fermé
2014-07-12T14:08:48 <Eclipse2212> Bref...
2014-07-12T14:10:06 <Eclipse2212> Gné?
2014-07-12T14:10:12 <Eclipse2212> Aok
2014-07-12T14:10:15 <heuzef> Eclipse2212: ok =)
2014-07-12T14:10:31 <Eclipse2212> Je relance la visio?
2014-07-12T14:11:41 <heuzef> Bof pas la peine va
2014-07-12T14:11:49 <Eclipse2212> K
2014-07-12T14:26:05 <Eclipse2212> Vous en êtes ou?
2014-07-12T15:05:23 *** ValCab33 est parti
2014-07-12T15:16:36 *** lezarius s'est connecté
2014-07-12T15:16:45 <lezarius> Hey hey hey
2014-07-12T15:17:01 <lezarius> En direct de chez heuzef
2014-07-12T15:17:05 <wildfier> Stay outta my shed okay ?
2014-07-12T15:22:21 *** Eclipse2212 est parti
2014-07-12T15:24:13 *** ValCab33 s'est connecté
2014-07-12T15:24:31 *** ValCab33 est parti
2014-07-12T15:24:48 *** ValCab33 s'est connecté
2014-07-12T15:24:56 *** adriens33 est parti
2014-07-12T17:23:38 *** Letarumavza s'est connecté
2014-07-12T17:24:21 <Berry-Punch> Voilà ce qu'il *hic* s'est passé ces 10 dernières lignes, adriens33
2014-07-12T17:24:22 *** adriens33 s'est connecté
2014-07-12T18:08:58 <lezarius> adriens33: lacheur =P
2014-07-12T18:09:09 <lezarius> Berry-Punch: APÉRO CHEZ heuzef
2014-07-12T18:09:42 <Berry-Punch> Apéro Chez Heuzef *hic* 
2014-07-12T18:09:42 <wildfier> !say Apéro Chez Heuzef
2014-07-12T18:11:49 <Berry-Punch> #bronycub Apéro *hic* Chez Heuzef
2014-07-12T18:24:13 *** lezarius est parti
2014-07-12T18:28:03 *** wildfier est parti
2014-07-12T19:24:10 *** wildfier s'est connecté
2014-07-12T19:32:07 *** lezarius s'est connecté
2014-07-12T19:32:47 <lezarius> CHALUUUUU
2014-07-12T19:47:32 *** Eclipse2212 s'est connecté
2014-07-12T19:47:36 <Eclipse2212> Le!
2014-07-12T19:47:50 <Eclipse2212> Re
2014-07-12T19:50:38 <lezarius> Eclipse2212: ta rien loupé =P on fait les con on mange des pizza et boit de la bierre
2014-07-12T19:50:51 <Eclipse2212> Ah...
2014-07-12T19:50:58 <Eclipse2212> Bah dis donc...
2014-07-12T19:51:07 <Eclipse2212> C'est pas sérieux sa!
2014-07-12T19:55:33 *** lezarius est parti
2014-07-12T20:04:00 *** wildfier est parti
2014-07-12T20:17:19 *** ludvann s'est connecté
2014-07-12T20:17:32 <ludvann> Salut tout le monde !
2014-07-12T20:17:53 <adriens33> hello
2014-07-12T20:18:08 <ludvann> Ça va ?
2014-07-12T20:18:18 <adriens33> ouep
2014-07-12T20:18:21 <adriens33> et ti ?
2014-07-12T20:18:33 <ludvann> Bien ^^
2014-07-12T20:18:53 <ludvann> M'ennuie dans le tram :(
2014-07-12T20:19:33 <ludvann> Tu fais quoi de beau ?
2014-07-12T20:19:44 <adriens33> pas grand chose
2014-07-12T20:19:54 <ludvann> Tout et rien ^^
2014-07-12T20:19:57 <adriens33> voilà
2014-07-12T20:20:21 <ludvann> Au moins avec toi c'est simple xD
2014-07-12T20:20:50 <adriens33> oui et non
2014-07-12T20:20:57 <ludvann> ?
2014-07-12T20:21:04 <ludvann> :|
2014-07-12T20:21:22 <Letarumavza> Bon les deux couilles vous jouez à qui va dire le truc le plus banal ?
2014-07-12T20:21:29 <adriens33> banal
2014-07-12T20:21:39 <ludvann> ...
2014-07-12T20:21:48 <Letarumavza> "le truc le plus banal ?"
2014-07-12T20:21:59 <adriens33> bien joué
2014-07-12T20:22:00 <adriens33> ^^
2014-07-12T20:22:38 <ludvann> Je suis sans voix..
2014-07-12T20:23:53 <ludvann> Quoi de neuf Letarumavza ?
2014-07-12T20:24:19 <Letarumavza> Moins que dix
2014-07-12T20:24:22 <Letarumavza> Mais plus que huit
2014-07-12T20:24:30 <ludvann> Ah :)
2014-07-12T20:24:38 <ValCab33> ...
2014-07-12T20:24:45 * ludvann s'enfuit
2014-07-12T20:26:00 * ludvann se prend un bus
2014-07-12T20:26:12 <adriens33> à toi tout seul ? t'es costaud :o
2014-07-12T20:26:24 <ludvann> Eeyup
2014-07-12T20:26:30 <ludvann> ;)
2014-07-12T20:26:45 <Letarumavza> non, il le prend juste en pleine tête. ^^
2014-07-12T20:27:04 <ludvann> :'(
2014-07-12T20:27:11 <adriens33> Depuis quand un bus a une tête ? oO
2014-07-12T20:28:16 <ludvann> ...
2014-07-12T20:29:12 <adriens33> ah, bah ludvann dit plus rien, il doit être fatigué.
2014-07-12T20:29:34 <Letarumavza> a force de porter le bus sans doute
2014-07-12T20:29:48 <Letarumavza> (je note qu'il y a approx 60cm entre adrien et moi là ^^)
2014-07-12T20:29:48 <ludvann> Ça m'énerve, j'ai défonce la prise jack casque de mon pc... :'(
2014-07-12T20:30:01 <Letarumavza> Ah reuh feuh
2014-07-12T20:30:02 <adriens33> tu te défonce à la prise jack ?
2014-07-12T20:30:08 <adriens33> mais…
2014-07-12T20:30:13 <adriens33> ça se fume pas, tu sais ?
2014-07-12T20:30:15 <Letarumavza> La ferme bender !
2014-07-12T20:30:39 <ludvann> #pasdrole
2014-07-12T20:31:03 <Letarumavza> ludvann : #petitebite
2014-07-12T20:31:06 <adriens33> XD
2014-07-12T20:31:16 <ludvann> Adrien est chez toi leta ?
2014-07-12T20:31:17 <adriens33> on avait dit de pas l'humilier en public…
2014-07-12T20:31:24 <Letarumavza> #impuissance #viagra #lopette
2014-07-12T20:31:24 <ludvann> ...
2014-07-12T20:31:41 <Letarumavza> (je supporte pas les #)
2014-07-12T20:31:45 <adriens33> ah
2014-07-12T20:31:50 <adriens33> je me sens moins seul…
2014-07-12T20:32:30 <ludvann> Sauf en si b Majeur
2014-07-12T20:32:36 <adriens33> ?
2014-07-12T20:32:50 <ludvann> (C'est de la musique...)
2014-07-12T20:32:56 <adriens33> (gnééé)
2014-07-12T20:32:59 <adriens33> (je sais dugland)
2014-07-12T20:33:04 <ludvann> Si bémol Majeur
2014-07-12T20:33:12 <adriens33> je comprends juste pas ta blague
2014-07-12T20:33:19 <Letarumavza> Stoi qui en a une mole majeure
2014-07-12T20:33:22 <adriens33> XD
2014-07-12T20:34:01 <ludvann> J'arrete de luter...
2014-07-12T20:34:20 <adriens33> *lutter
2014-07-12T20:34:21 * ludvann boude
2014-07-12T20:34:22 * Berry-Punch Donne un verre de rhum à ludvann
2014-07-12T20:34:22 <Berry-Punch> Tiens *hic* ludvann, pour te consoler :)
2014-07-12T20:34:23 <adriens33> *arrête
2014-07-12T20:35:25 * ludvann re-boude
2014-07-12T20:35:25 * Berry-Punch Donne un verre de whisky à ludvann
2014-07-12T20:35:25 <Berry-Punch> Tiens ludvann, pour te *hic* consoler :)
2014-07-12T20:36:01 <adriens33> Berry, doucement, il a que 15ans, il est pas sensé être bourré…
2014-07-12T20:36:13 <ludvann> 16
2014-07-12T20:36:21 <adriens33> c'pareil
2014-07-12T20:36:22 <ludvann> 16-0,5
2014-07-12T20:36:27 <ludvann> ^^
2014-07-12T20:36:32 <adriens33> ouais donc 15.
2014-07-12T20:36:40 <ludvann> :(
2014-07-12T20:36:44 * adriens33 aime pinailler
2014-07-12T20:37:06 <ludvann> :)
2014-07-12T20:38:16 <ludvann> 'Tain j'ai la main droite sensible comme un clit'... :|
2014-07-12T20:38:20 <adriens33> …
2014-07-12T20:38:22 <adriens33> …
2014-07-12T20:38:24 <adriens33> …
2014-07-12T20:38:24 <Letarumavza> ...
2014-07-12T20:38:26 <adriens33> …
2014-07-12T20:38:31 <adriens33> KWA ?!
2014-07-12T20:38:40 <adriens33> KEWOUA ??
2014-07-12T20:38:42 <ludvann> ?
2014-07-12T20:39:11 <ludvann> Keskelia ?
2014-07-12T20:39:49 <ludvann> Rho...
2014-07-12T20:39:57 *** ludvann s'est connecté
2014-07-12T20:40:08 <ludvann> Un peu de compasion...
2014-07-12T20:40:17 <adriens33> hmm…
2014-07-12T20:40:18 <ludvann> Ssion
2014-07-12T20:40:19 <adriens33> non.
2014-07-12T20:40:20 <Letarumavza> Là t'es surtout passionément con
2014-07-12T20:40:23 <adriens33> XD
2014-07-12T20:40:29 <ludvann> ^^
2014-07-12T20:41:15 <ludvann> Faut bien faire de la conversation, il se passe rien...
2014-07-12T20:41:37 <Letarumavza> Go te look du pr0n, ça t'occupera.
2014-07-12T20:42:00 <Letarumavza> Le temps que tu passes à faire du feu avec ton bambou tu t'ennuiera pas.
2014-07-12T20:42:04 <ludvann> Pas assez de 3G ^^
2014-07-12T20:42:52 <Letarumavza> Oh... terrible
2014-07-12T20:43:10 <ludvann> :')
2014-07-12T20:43:11 <adriens33> Oh… Les dieux ADSL ne t'ont pas atteint de leurs bonnes grâces
2014-07-12T20:43:18 <ludvann> XD
2014-07-12T20:43:20 <Letarumavza> http://img3.sankakucomplex.com/wp-content/gallery/cache/130665__468x_ero-ascii-art-gallery-002.jpg
2014-07-12T20:44:03 <ludvann> :)
2014-07-12T20:46:49 <ludvann> Je re ptèt
2014-07-12T20:46:52 *** ludvann est parti
2014-07-12T20:49:18 *** lezarius s'est connecté
2014-07-12T20:49:29 <lezarius> Re
2014-07-12T20:54:51 *** wildfier s'est connecté
2014-07-12T20:58:50 <lezarius> Mon amour te voila =P
2014-07-12T21:14:29 *** Eclipse2212 est parti
2014-07-12T21:19:17 <Letarumavza> so gay...
2014-07-12T21:24:35 <wildfier> what
2014-07-12T21:24:45 <wildfier> je lis le chat
2014-07-12T21:24:50 <wildfier> et je tombe sur
2014-07-12T21:24:54 <wildfier> "so gay"
2014-07-12T21:25:16 <wildfier> hey re leza ^^
2014-07-12T21:25:19 <wildfier> salut leta !
2014-07-12T21:31:02 <adriens33> ben… tu reco et lezarius qui sort "Mon amour te voilà =p"
2014-07-12T21:31:04 <adriens33> …
2014-07-12T21:31:24 <wildfier> oh
2014-07-12T21:31:28 <lezarius> Fallait etre la today =D
2014-07-12T21:31:34 <wildfier> c'est ce que j'allais dire
2014-07-12T21:31:36 <lezarius> xD
2014-07-12T21:31:51 <adriens33> ?
2014-07-12T21:31:53 <adriens33> comment ça ?
2014-07-12T21:31:57 <adriens33> vous avez fait des trucs
2014-07-12T21:31:58 <adriens33> ?
2014-07-12T21:31:59 <adriens33> oO
2014-07-12T21:32:07 <wildfier> il faisait chaud chez heuzef ...
2014-07-12T21:32:13 <wildfier> heureusement qu'on avait la clim ...
2014-07-12T21:32:15 <wildfier> XD
2014-07-12T21:32:16 <adriens33> …
2014-07-12T21:32:19 <adriens33> …
2014-07-12T21:32:21 <adriens33> …
2014-07-12T21:32:31 <lezarius> Oui c'était assez toride ... Puis wildfier ma payé
2014-07-12T21:32:54 <wildfier> techniquement je t'ai pas payé
2014-07-12T21:33:07 <wildfier> je t'ai ...
2014-07-12T21:33:09 <wildfier> dédomagé
2014-07-12T21:33:16 <adriens33> …
2014-07-12T21:33:20 <Letarumavza> ...
2014-07-12T21:33:33 <adriens33> …
2014-07-12T21:33:47 <wildfier> et pas en liquide
2014-07-12T21:33:55 <Letarumavza> ...
2014-07-12T21:33:56 <adriens33> wildfier, tu t'enfonces…
2014-07-12T21:34:04 <wildfier> quoi que la bière c'est un liquide
2014-07-12T21:34:04 <Berry-Punch> J'adore ça ! *hic* 
2014-07-12T21:34:14 <Letarumavza> ...
2014-07-12T21:34:20 <wildfier> XD
2014-07-12T21:34:26 <wildfier> berry qui aurait voulu être là
2014-07-12T21:34:40 <adriens33> vous… avez juste bu rassurez moi
2014-07-12T21:34:50 <wildfier> bu quoi ..
2014-07-12T21:34:52 <wildfier> XD
2014-07-12T21:34:57 <wildfier> bière je te rassure
2014-07-12T21:34:57 <Berry-Punch> Qu'est-ce que j'ai *hic* soif…
2014-07-12T21:35:06 <adriens33> Ben…
2014-07-12T21:35:18 <adriens33> relisez vous les mecs…
2014-07-12T21:36:08 <wildfier> http://feedproxy.google.com/~r/MyLittleBrony/~3/iEKxAnrQfjw/8250752000
2014-07-12T21:36:30 <wildfier> non mais je sais très bien ce que je dis adriens33 ^^
2014-07-12T21:36:38 <adriens33> ?
2014-07-12T21:36:49 <wildfier> ah damn
2014-07-12T21:36:51 <wildfier> fail c/c
2014-07-12T21:36:57 <lezarius> Mais vous ete pas au courant on sort ensemble avec wildfier =P
2014-07-12T21:36:59 <wildfier> http://9gag.com/gag/a44D1Xw
2014-07-12T21:37:18 <wildfier> on sort ensemble, chez heuzef XD
2014-07-12T21:39:52 <lezarius> Pfpfpfpfpfpfppf
2014-07-12T21:48:06 <wildfier> arg
2014-07-12T21:48:08 <wildfier> par contre
2014-07-12T21:48:12 <wildfier> faut qu'on m'explique
2014-07-12T21:48:15 <wildfier> pourquoi
2014-07-12T21:48:20 <wildfier> y a google analytics
2014-07-12T21:48:24 <wildfier> dans le footer
2014-07-12T21:48:26 <wildfier> de bronycub
2014-07-12T21:48:38 <wildfier> why ?
2014-07-12T21:50:28 <wildfier> les gens faut arrêter de sucer google ...
2014-07-12T21:50:42 <adriens33> …
2014-07-12T21:50:56 <wildfier> oui je suis moins vulgaire que linus
2014-07-12T21:51:47 <adriens33> Eh, dites les mecs, vous faites souvent des partouzes à plusieurs comme ça ?
2014-07-12T21:52:04 <adriens33> heuzef, je suis pas sur que ta cop apprécie ce que tu fais en son absence…
2014-07-12T21:52:05 <adriens33> ^^
2014-07-12T22:49:38 *** ludvann s'est connecté
2014-07-12T22:56:38 *** ludvann est parti
2014-07-12T22:58:11 <wildfier> j'y go
2014-07-12T22:58:14 <wildfier> ++ les gens
2014-07-12T22:58:24 *** wildfier est parti
2014-07-12T22:59:22 *** adriens33 est parti
2014-07-12T23:18:06 *** ludvann s'est connecté
2014-07-12T23:22:40 <ValCab33> Astéroide redirigé, yay ! ^^
2014-07-12T23:32:38 *** ludvann est parti
