2014-11-20T00:10:46 *** MaCharon est parti
2014-11-20T00:14:48 *** TrappyTickles est parti
2014-11-20T01:04:48 *** Yvan33 est parti
2014-11-20T08:58:39 *** heuzef s'est connecté
2014-11-20T09:07:54 *** Lenile s'est connecté
2014-11-20T09:15:18 *** Lenile est parti
2014-11-20T10:13:29 *** TrappyTickles s'est connecté
2014-11-20T10:47:28 *** heuzef est parti
2014-11-20T10:47:45 *** heuzef s'est connecté
2014-11-20T12:32:03 *** heuzef est parti
2014-11-20T13:28:20 *** heuzef s'est connecté
2014-11-20T13:38:10 *** Gordfang s'est connecté
2014-11-20T13:38:14 <Gordfang> yo les gens
2014-11-20T13:46:54 <heuzef> yo
2014-11-20T13:47:09 <Gordfang> ca va?
2014-11-20T13:47:45 <heuzef> Ouaip débordé
2014-11-20T13:48:03 <heuzef> Tu pourrais t'occuper d'accueillir Polfor ? (ticket 31)
2014-11-20T13:48:15 <heuzef> Le pauvre attend depuis un moment
2014-11-20T13:49:29 <heuzef> De manière général il faudrait vraiment mettre un coup de fouet dans les inscriptions
2014-11-20T13:49:30 <Gordfang> yep je m'en occupe
2014-11-20T13:49:34 <Gordfang> ?
2014-11-20T13:50:08 <heuzef> 8 tickets rien que pour les inscriptions :(
2014-11-20T13:50:17 <Gordfang> ath
2014-11-20T13:50:19 <heuzef> Sans compter le projet de bybeez que j'avance pas
2014-11-20T13:50:21 <Gordfang> atch*
2014-11-20T13:52:17 <Gordfang> je m'occupe de l'ajouter et après je fait un texte bidon pour lui dire bonjour?
2014-11-20T14:05:21 <Gordfang> j'ai fait un pull request heuzef faudrai l'accepter
2014-11-20T14:05:38 <heuzef> Bizard quand même
2014-11-20T14:05:45 <Gordfang> ?
2014-11-20T14:05:47 <heuzef> tu es censé avoir les droits sur le dépot
2014-11-20T14:06:12 <Gordfang> ouai mais je passe toujour par un fork me semble
2014-11-20T14:06:19 <Gordfang> je vais checker ça si je peut changer
2014-11-20T14:08:16 <heuzef> invatation to Gordfang aleready sent
2014-11-20T14:08:25 <heuzef> Tu doit juste confirmer
2014-11-20T14:08:28 <heuzef> pour etre owner
2014-11-20T14:08:32 <Gordfang> ok je m'en occupe
2014-11-20T14:09:09 <heuzef> You've invited Baptiste Cazaubon to BronyCUB! They'll be receiving an email shortly. They can also visit https://github.com/bronycub to accept the invitation.
2014-11-20T14:09:09 <Gordfang> ou on voit si on as les droit?
2014-11-20T14:09:38 <Gordfang> bon je testerai la prochaine fois qu'il faudra jouter un truc
2014-11-20T14:09:47 <Gordfang> tu aurai un mail que tu as déja envoyer au nouveau?
2014-11-20T14:10:15 <heuzef> J'en est a la pelle
2014-11-20T14:10:51 <Gordfang> :D file en un que je regarde comment tu fait
2014-11-20T14:11:50 <heuzef> Je t'en ai transférer quelque un
2014-11-20T14:12:00 <heuzef> Et pour info : https://github.com/orgs/bronycub/people
2014-11-20T14:12:06 <heuzef> Tu n'est toujours pas dans la liste
2014-11-20T14:12:24 <Gordfang> :/ zarb j'ai pas recus d'invit pourtant
2014-11-20T14:12:38 <heuzef> spam ?
2014-11-20T14:12:45 <Gordfang> ah si
2014-11-20T14:12:48 <Gordfang> tu vient de me reinvité
2014-11-20T14:13:08 <heuzef> Invitations are sent via email and can be accepted at https://github.com/bronycub
2014-11-20T14:13:21 <heuzef> yes validé
2014-11-20T14:13:22 <Gordfang> done j'y suis
2014-11-20T14:13:32 <heuzef> Donc maintenant tu peu push directement ;)
2014-11-20T14:14:00 <Gordfang> yep
2014-11-20T14:15:01 <heuzef> T'es push ne sont pas bon, je corrigerais ça et je t'enverrais le commit de correction pour que tu vois quoi exactement
2014-11-20T14:15:26 <heuzef> Faut que je me concentre sur le taff
2014-11-20T14:15:48 <Gordfang> quel push est pas bon?
2014-11-20T14:23:36 <Gordfang> au passage nous faut quoi pour polfor?
2014-11-20T14:28:52 <heuzef> https://bronycub.freshdesk.com/solution/categories/5000059919/folders/5000093556/articles/5000359953-procedure-d-inscription
2014-11-20T14:32:56 <Gordfang> comment on inscrit a la map?
2014-11-20T14:33:06 <Gordfang> et il nous manque toujour son gravatar si je me trompe pas
2014-11-20T14:43:51 <Gordfang> je t'envoi le mail que je vais envoyer a polfor pour verif?
2014-11-20T14:44:07 <heuzef> Non met moi juste en copie
2014-11-20T14:45:44 <Gordfang> tu me fait confiance Oo ok
2014-11-20T14:47:30 <Gordfang> au passage je lui est parler du groupe
2014-11-20T14:47:38 <Gordfang> ou du moins de l'idée de groupe de musique
2014-11-20T14:47:43 <Gordfang> vu qu'il semble faire de la batterie
2014-11-20T15:00:13 <Gordfang> dommage pour cdpp :(
2014-11-20T15:01:48 <heuzef> Oui mais bon
2014-11-20T15:02:02 <heuzef> Notre participation leur sera profitable
2014-11-20T15:02:08 <heuzef> Sur toutes leurs prochaines actions
2014-11-20T15:02:38 <Gordfang> yep
2014-11-20T15:02:59 <Gordfang> sinon pour revenir a profor tu en pense quoi de parler du groupe?
2014-11-20T15:03:56 <heuzef> Voir avec Wildfier ? C'est son groupe =)
2014-11-20T15:04:04 <heuzef> Night Mare
2014-11-20T15:04:24 <Gordfang> ouai je vais juste le mentioner et lui demender si il veut plus d'info
2014-11-20T15:04:52 <heuzef> ;)
2014-11-20T15:05:12 <Gordfang> mail sent
2014-11-20T15:06:06 <heuzef> Vu
2014-11-20T15:06:22 <heuzef> ça vaut eu etre le coup de faire une exeption pour Polfor, une fois n'est pas coutume
2014-11-20T15:06:30 <heuzef> lui envoyer ça aussi par SMS
2014-11-20T15:07:04 <heuzef> Comme j'ai pas eu de réponse de sa par la dernière fois, j'ai comme sentiment qu'il ne lis pas trop ses mails
2014-11-20T15:07:09 <Gordfang> hmmm la dernière fois que j'ai envoyer un sms ca fesais stalker donc euh
2014-11-20T15:07:15 <heuzef> ok
2014-11-20T15:07:31 <heuzef> Juste "Email envoyé concernant inscription BronyCUB"
2014-11-20T15:07:34 <heuzef> Histoire de
2014-11-20T15:08:08 <heuzef> Et sinon concernant IRC
2014-11-20T15:08:21 <heuzef> On est les derniers blaireaux à être encore sur Freenode
2014-11-20T15:08:34 <heuzef> Tous le monde switch sur Canternet, l'IRC des brony
2014-11-20T15:08:43 <heuzef> Faut vraiment qu'on cause à Adrien
2014-11-20T15:10:37 <TrappyTickles> attends quoi???
2014-11-20T15:10:50 <TrappyTickles> on change de channel IRC et personne nous met au courant??
2014-11-20T15:11:43 <Gordfang> car nous on bouge pas justement XD
2014-11-20T15:12:17 <TrappyTickles> de toutes façons, j'arrive pas à m'y connecter, ça met unable to verify the first certificate.? (21)
2014-11-20T15:12:43 <TrappyTickles> de plus, il existe déjà une série de serveurs irc spécial pony, je comprends même pas pourquoi on s'en sert pas, sachant qu'ils marchent nikel
2014-11-20T15:13:05 <TrappyTickles> ponychat
2014-11-20T15:13:38 <TrappyTickles> https://ponychat.net/ j'allais beaucoup dans ce coin, avant de connaitre bronycub
2014-11-20T15:20:18 <TrappyTickles> bon j'y suis mais je vois pas de chan bronycub
2014-11-20T15:20:54 <TrappyTickles> connaissais pas canternet.. ça fait donc ceux grids IRC spécial pony alors? :o
2014-11-20T15:20:58 <TrappyTickles> deux*
2014-11-20T15:22:19 <TrappyTickles> wow y a du beau monde entk... le poney blanc, NLR,...
2014-11-20T15:22:34 <TrappyTickles> radiobrony :o
2014-11-20T15:23:08 <TrappyTickles> canterlotcorner que je connaissais pas...
2014-11-20T15:23:45 <TrappyTickles> pis canternet a le mérite d'être listé direct dans hexchat
2014-11-20T15:23:56 <heuzef> Ouais, rien qu'à l’échelle FR ont été déjà largué en terme d'IRC
2014-11-20T15:24:06 <TrappyTickles> par contre, le certif SSL, faut préciser qu'il faut l'accepter même si non valide, sinon on peut pas y entrer...
2014-11-20T15:24:07 <heuzef> Par contre on à le meilleur bot qui soit à ma connaissance
2014-11-20T15:24:14 <heuzef> Pas vraie Berry-Punch ^^ ?
2014-11-20T15:24:21 <heuzef> Berry ?
2014-11-20T15:24:24 <heuzef> Ha
2014-11-20T15:24:27 <TrappyTickles> boh on peut ptet le foutre sur canternet ou ponychat aussi, non?
2014-11-20T15:24:57 <heuzef> Possible je sais pas
2014-11-20T15:26:56 <TrappyTickles> on pourrait essayer... Autant ponyfier au possible lol
2014-11-20T15:30:56 <heuzef> TrappyTickles:
2014-11-20T15:31:02 <heuzef> Vu que tu es la
2014-11-20T15:31:17 <TrappyTickles> jpars dans 15min alors vite fait lol
2014-11-20T15:31:22 <heuzef> Si tous va bien je vais te communiquer sous peu des identifiants FTP
2014-11-20T15:31:29 <TrappyTickles> ui?
2014-11-20T15:31:39 <heuzef> pour que tu upload l'intégralité de ta précieuses collection
2014-11-20T15:31:54 <heuzef> projet BBBFF commence à emmerger
2014-11-20T15:31:58 <TrappyTickles> ça amrche
2014-11-20T15:32:10 <heuzef> ;)
2014-11-20T15:32:45 <TrappyTickles> de plus, si jremarque que des subs sont offsync, jpourrai ptet même envoyer la correc direct à la volée :p
2014-11-20T15:33:13 <heuzef> On en discutera ;)
2014-11-20T15:33:15 <heuzef> Au passage
2014-11-20T15:33:16 <heuzef> http://needforponies.fr/
2014-11-20T15:33:31 <heuzef> Les nouvelles alternatives à la NLR pleuvent
2014-11-20T15:34:06 <heuzef> https://mlp.sandpox.org/
2014-11-20T15:34:11 <heuzef> http://testing.mlp-france.fr/
2014-11-20T15:34:32 <TrappyTickles> lol
2014-11-20T15:34:40 <heuzef> ça fait chaud au coeur de voir que même les brony FR sont capables de se relever après un coup dur =)
2014-11-20T15:35:07 <TrappyTickles> Nopony can stop bronies. not even hasbro.
2014-11-20T15:35:10 <TrappyTickles> je l'ai toujours dit
2014-11-20T15:43:15 *** adriens33 s'est connecté
2014-11-20T15:45:12 *** adriens33|AFK est parti
2014-11-20T16:02:22 *** adriens33 s'est connecté
2014-11-20T16:33:13 <adriens33> hello les gens
2014-11-20T16:34:59 <heuzef> yo =)
2014-11-20T16:55:52 *** ludvann s'est connecté
2014-11-20T16:56:01 <ludvann> helloz .-
2014-11-20T16:56:15 <ludvann> hellow :) *
2014-11-20T16:57:02 <ludvann> ...
2014-11-20T16:59:06 <heuzef> yo =)
2014-11-20T17:00:34 <ludvann> ça va ?
2014-11-20T17:02:14 <heuzef> Vi vi
2014-11-20T17:02:20 <heuzef> Débordé
2014-11-20T17:02:36 <heuzef> Et les trucs à faire pour le collectif s'amoncèle
2014-11-20T17:02:57 <heuzef> Il nous faut plus d'aide
2014-11-20T17:03:13 <ludvann> ah ^^
2014-11-20T17:03:29 <heuzef> encore faut t'il la trouver
2014-11-20T17:03:45 <ludvann> je vois ton message x)
2014-11-20T17:03:57 <ludvann> tu veux quoi comme aide ?
2014-11-20T17:04:14 <heuzef> Haaa !
2014-11-20T17:04:19 <heuzef> Enfin un vaillant ^^
2014-11-20T17:04:25 <ludvann> nah j'blague !
2014-11-20T17:04:27 <heuzef> Mon pti ludvann d'amour en sucre
2014-11-20T17:04:30 <heuzef> :D
2014-11-20T17:04:38 <ludvann> #troll4ever
2014-11-20T17:04:53 <ludvann> que veux tu donc ?
2014-11-20T17:05:03 * heuzef recupére l'enorme liste de truc a faire
2014-11-20T17:05:07 <heuzef> voyons voyons ....
2014-11-20T17:05:15 <ludvann> trucs*
2014-11-20T17:05:22 <ludvann> oups
2014-11-20T17:05:32 <ludvann> anyway
2014-11-20T17:05:42 <ludvann> ^^'
2014-11-20T17:06:24 <heuzef> On à bien membres à épauler concernant ces putain de gravatar
2014-11-20T17:06:30 <heuzef> 8 membres
2014-11-20T17:06:36 <ludvann> 8)
2014-11-20T17:06:44 <heuzef> donc 8 tickets potentiellements clos si tu t'en charge
2014-11-20T17:06:51 <heuzef> Ce qui serait un GROS soulagement
2014-11-20T17:07:05 <ludvann> tu m'expliqueras via skype ?
2014-11-20T17:07:08 <ludvann> xD
2014-11-20T17:07:28 <heuzef> ajoute moi alors
2014-11-20T17:07:32 <heuzef> => heuzef.com
2014-11-20T17:07:35 <ludvann> comment je fais pour voir les tickets stp ?
2014-11-20T17:08:07 <heuzef> Hélas, la version qu'on utilise n'accepte que 2 agents :( au dela ça coute des €€€
2014-11-20T17:08:34 <ludvann> 007 & 008 ?
2014-11-20T17:09:37 <heuzef> ?
2014-11-20T17:09:51 <ludvann> btw comment je peux savoir qui il faut contacter pour le gravatar ?
2014-11-20T17:10:25 <heuzef> Comme tu veux si ça t'arrange par skype
2014-11-20T17:14:03 *** MaCharon s'est connecté
2014-11-20T17:14:15 <MaCharon> salut
2014-11-20T17:14:44 <ludvann> hello
2014-11-20T17:15:19 <heuzef> MaCharon tu as les remerciment de CDPP pour ton programme
2014-11-20T17:15:26 <heuzef> Bien ouej ;)
2014-11-20T17:15:33 <MaCharon> ok cool ^^
2014-11-20T17:15:43 <MaCharon> pour une premiere
2014-11-20T17:15:57 <heuzef> Excellente première si je peux me permettre
2014-11-20T17:16:37 <MaCharon> ben t'etait la pour me dire me conseiller et me dire ce qu'il fallait donc ça va
2014-11-20T17:16:44 <heuzef> ;)
2014-11-20T17:16:47 <MaCharon> fail dans ma phrase
2014-11-20T17:17:09 *** heuzef est parti
2014-11-20T17:18:37 *** heuzef s'est connecté
2014-11-20T17:46:43 *** adriens31 s'est connecté
2014-11-20T17:48:07 <adriens33> putaiiin
2014-11-20T17:48:09 *** adriens33 est parti
2014-11-20T17:48:16 *** adriens33 s'est connecté
2014-11-20T17:48:34 <MaCharon> ^^
2014-11-20T17:48:40 <ludvann> 'lo adriens33
2014-11-20T17:48:42 <adriens33> c'est pas drole MaCharon ...
2014-11-20T17:48:51 <ludvann> ça va ?
2014-11-20T17:49:01 <MaCharon> je sens que tu galere un peu...
2014-11-20T17:49:01 <adriens33> j'en ai marre de déco comme ça T.T
2014-11-20T17:49:08 <adriens33> c'est ma co
2014-11-20T17:49:14 <adriens33> soit j'ai un bon débit
2014-11-20T17:49:19 <adriens33> mais c'est pas super stable
2014-11-20T17:49:31 <adriens33> soit j'ai une co stable, mais un débit pourri
2014-11-20T17:49:38 <adriens33> par rapport à ce que je paie
2014-11-20T17:49:47 <adriens33> parce que le cable cuivré est naze
2014-11-20T17:49:50 <ludvann> ah
2014-11-20T17:49:54 <adriens33> et que FT veut pas réparer
2014-11-20T17:50:16 <adriens33> j'ai déja fait venir un techos il a meme pas voulu toucher, il est venu et reparti aussitot... T.T
2014-11-20T17:50:57 <adriens33> salut au passage ^^"
2014-11-20T17:51:40 <ludvann> ^^
2014-11-20T17:51:57 <heuzef> Gordfang ?
2014-11-20T17:51:59 <ludvann> moi j'ai free et j'ai tou *pam*
2014-11-20T17:52:03 <Gordfang> oui?
2014-11-20T17:52:06 <adriens33> *baf*
2014-11-20T17:52:10 <adriens33> tg ludvann
2014-11-20T17:52:22 <ludvann> aïeuuh
2014-11-20T17:52:26 <heuzef> Certain membres refuse d'utiliser gravatar
2014-11-20T17:52:32 <heuzef> J'avais pas prévu ça en faite :/
2014-11-20T17:52:40 <heuzef> ça fait chier mais bon
2014-11-20T17:52:45 <ludvann> le fusil ou le couteau ?
2014-11-20T17:52:48 <adriens33> ils t'ont dit pourquoi ?
2014-11-20T17:52:54 <adriens33> ludvann: wat ?
2014-11-20T17:52:58 <adriens33> ludvann: wat ?
2014-11-20T17:53:02 <heuzef> obliger d'attendre la V3 et de laisser le gravatar de berry + cloture ticket ? :(
2014-11-20T17:53:04 <adriens33> (ousp)
2014-11-20T17:53:11 <ludvann> (nah rien)
2014-11-20T17:53:46 <ludvann> on peut pas faire une V2.5 ? (pataper si je suis au courant de rien)
2014-11-20T17:54:05 <adriens33> ouai encore plus de taf !
2014-11-20T17:54:10 <heuzef> Bonjour l'energie déployer pour 8 putains de gravatar
2014-11-20T17:54:13 <adriens33> parce que ça avance as assez lentement XD
2014-11-20T17:54:16 <adriens33> *pas
2014-11-20T17:54:21 <ludvann> x)
2014-11-20T17:54:31 <heuzef> Autre chose à branler
2014-11-20T17:54:37 <heuzef> Tant pis on fait comme ça
2014-11-20T17:54:41 <ludvann> *fap fap fap*
2014-11-20T17:54:47 <adriens33> ludvann...
2014-11-20T17:54:51 <heuzef> Si confirmation membre = je veux pas
2014-11-20T17:54:53 <ludvann> donc je fais quoi ?
2014-11-20T17:54:59 <heuzef> Alors gravatar de berry + cloture ticket
2014-11-20T17:55:04 <ludvann> oky
2014-11-20T17:57:32 <Gordfang> re
2014-11-20T17:57:42 <ludvann> re
2014-11-20T17:57:49 <adriens33> re
2014-11-20T17:57:49 <Gordfang> ouai je pense que ce sera plus simple et on se fera moins chier
2014-11-20T17:57:58 <heuzef> Pas le choix non plus
2014-11-20T17:58:05 <Gordfang> evite par contre de le dire a tous les membres car il y en as qui vont gueuller XD
2014-11-20T17:58:18 <adriens33> heuzef: si, avec le couteau sous la gorge ça marche souvent >:)
2014-11-20T17:58:35 <ludvann> :D
2014-11-20T17:58:44 <adriens33> (oups.. pas moi ^^")
2014-11-20T17:59:48 <heuzef> adriens33 t'as 10 minutes pour traiter une petite modif sur la V2 ?
2014-11-20T17:59:54 <heuzef> super simple promis
2014-11-20T18:00:07 <adriens33> ça dépend, faut faire quoi ?
2014-11-20T18:01:08 <heuzef> Modifier le titre du mail envoyé dans le formulaire join.php
2014-11-20T18:01:08 <heuzef> De [BronyCUB] INSCRIPTION en [Inscription] - $pseudo
2014-11-20T18:01:08 <heuzef> Puis réaliser une inscription bidon pour test
2014-11-20T18:01:31 <heuzef> Enfin non le test je m'en occuperais du coup puisque pas en prod
2014-11-20T18:01:51 <adriens33> pourquoi tu le fais pas si c'est simple ? ^^"
2014-11-20T18:01:58 <Gordfang> c'est une feignasse
2014-11-20T18:02:07 <adriens33> Gordfang: lui ou moi ?
2014-11-20T18:02:11 <TrappyTickles> re
2014-11-20T18:02:11 <Gordfang> lui
2014-11-20T18:02:16 <adriens33> ah Xd
2014-11-20T18:02:18 <adriens33> hello TrappyTickles
2014-11-20T18:02:19 <heuzef> pas grave merci quand même ;)
2014-11-20T18:02:27 <TrappyTickles> tain ça m'énerve, au code sur une question ils ont fait le coup des deux juifs sur le toit
2014-11-20T18:02:31 <TrappyTickles> oi
2014-11-20T18:02:36 <adriens33> désolé mais j'ai pas la tête à ça heuzef
2014-11-20T18:02:42 <heuzef> no souci
2014-11-20T18:02:50 <adriens33> TrappyTickles: comment ça ?
2014-11-20T18:03:15 <TrappyTickles> ben la question c'est , t'es sur la voie de gauche sur l'autoroute. c'est quoi la vitesse limite, 130 ou 110?
2014-11-20T18:03:56 <TrappyTickles> réponse, aucune des deux parce que t'as pas le droit de rouler sur la voie de gauche s'il y a personne a dépasser
2014-11-20T18:04:29 <adriens33> XD
2014-11-20T18:04:35 <adriens33> ah ouais c'est tordu XD
2014-11-20T18:05:13 <TrappyTickles> et l'histoire des deux juifs sur le toi en fait c'est: deux juifs sont sur un toit. ils passent par la cheminée pour entrer dans une maison. en y sortant, l'un est tout blanc et l'autre tout noir. qui va se laver en premier?
2014-11-20T18:05:34 <adriens33> je sens le piège..
2014-11-20T18:05:43 <TrappyTickles> vasy dis une réponse :p
2014-11-20T18:06:11 <adriens33> hmmm.. la réponse c'est forcément aucun des deux
2014-11-20T18:06:16 <adriens33> mais la justification..
2014-11-20T18:06:17 <TrappyTickles> et pourquoi?
2014-11-20T18:06:24 <adriens33> j'en sais feutre rien XD
2014-11-20T18:06:27 <adriens33> *foutre
2014-11-20T18:06:30 <TrappyTickles> ben aprce que les juifs ne marchent pas sur les toits, l'histoire ne tient pas debout :p
2014-11-20T18:06:42 <adriens33> (tain censuré par mes propres doigts XD)
2014-11-20T18:06:45 <TrappyTickles> lol
2014-11-20T18:06:49 <adriens33> XD
2014-11-20T18:07:13 <adriens33> (oui le e est à côté du o sur mon clavier)
2014-11-20T18:07:19 <adriens33> (je suis en bépo)
2014-11-20T18:07:24 <TrappyTickles> enfin bon, le coup des deux juifs sur le toit, c'est rendre caduque une question par une réponse qui n'a rien à voir ou peu avec cette dernière
2014-11-20T18:07:34 <adriens33> d'accord
2014-11-20T18:07:46 <TrappyTickles> c'est cadeau, tu peux le ramener chez toi :p
2014-11-20T18:08:03 <adriens33> bah merci. XD
2014-11-20T18:08:11 <adriens33> yay plus de culture gé o//
2014-11-20T18:08:23 <TrappyTickles> sinon content de voir du monde ici enfin, jme demandais si vous aviez pas tous déménagés sur ponychat ou canternet
2014-11-20T18:10:25 <adriens33> (tain vous avez quoi tous avec canternet ? T.T)
2014-11-20T18:15:10 <ludvann> x)
2014-11-20T18:15:14 <TrappyTickles> ben jlai découvert aujourd'hui.. mais jpréfère ponychat lol
2014-11-20T18:15:39 <ludvann> adriens33: pourquoi tu es en bepo ? .-.
2014-11-20T18:15:53 <adriens33> bah parce que
2014-11-20T18:16:07 <adriens33> le azerty les touches sont disposée
2014-11-20T18:16:21 <adriens33> de facon à ce que les marteaux des machines à écrire s'entrechoquent pas
2014-11-20T18:16:33 <adriens33> on est sur des pc, c'est totalement obsolète
2014-11-20T18:16:53 <ludvann> ouaip 'fin bon
2014-11-20T18:17:01 <adriens33> le bépo c'est plus adapté au niveau des fréquences d'apparition des caracs en fr+ang+dev etc
2014-11-20T18:17:25 <adriens33> tes doigts ont moins de distance à parcourir c'est le pied
2014-11-20T18:17:40 <ludvann> dit comme ça ^^
2014-11-20T18:17:52 <adriens33> http://bepo.fr
2014-11-20T18:19:22 <ludvann> il y a des claviers... chelou... http://forum.bepo.fr/viewtopic.php?pid=7582
2014-11-20T18:19:58 <TrappyTickles> bepo? wow :|
2014-11-20T18:20:17 <TrappyTickles> je sais pas, déjà que je galère à m'habituer au qwerty, des fois...
2014-11-20T18:20:44 <ludvann> c'est une question d'habitude je pense ^^
2014-11-20T18:20:53 <adriens33> le azerty & qwerty ça date du temps des machines à écrire ;)
2014-11-20T18:20:58 <adriens33> ludvann: je confirme
2014-11-20T18:21:07 <adriens33> je suis en full bépo depuis le 28/10
2014-11-20T18:21:26 <adriens33> des que je retourne sur un clavier azerty j'ai presque l'impression d'être un autiste XD
2014-11-20T18:21:27 <ludvann> tu confirmes pour les claviers ou l'habitude ?
2014-11-20T18:21:31 <ludvann> xD
2014-11-20T18:22:20 <TrappyTickles> mais du coup pour le gaming, c'est plus ZQSD mais éAUI ? :p
2014-11-20T18:22:35 <adriens33> TrappyTickles: ouai
2014-11-20T18:22:48 <TrappyTickles> jvois :p
2014-11-20T18:23:03 <adriens33> mais t'es pas obligé, au moins sous kde tu peux lui dire de passer en azerty pour telle appli en particulier
2014-11-20T18:23:04 <ludvann> de toutes façons,
2014-11-20T18:23:18 <TrappyTickles> c'est ingénieux entk. mais le plus dur va être d'imposer ça au public
2014-11-20T18:23:20 <ludvann> rien ne vaux le clavier virtuel de windows
2014-11-20T18:23:25 <ludvann> vaut*
2014-11-20T18:23:53 <adriens33> TrappyTickles: bah tu impose rien ^^
2014-11-20T18:24:00 <adriens33> le bépo c'est une dispo libre
2014-11-20T18:24:39 <TrappyTickles> oui mais si on veut des claviers bepo en vente à boulanger darty ou electro dépot et que les pilotes soient direct sur windows et linux rien qu'au branchement, y a du taf
2014-11-20T18:24:43 <adriens33> et tu peux aller la https://catalogue-ca.beaujoie.com/produits/21-Changer_la_langue_d_un_clavier_d_ordinateur/96-BEPO/781-01171-Bepo_integral_blanc_sur_noir.html pour avoir des autocollants à mettre sur ton clavier
2014-11-20T18:25:04 <TrappyTickles> oh pas mal ^^ et pas cher en plus ^^
2014-11-20T18:25:05 <adriens33> linux c'est de base avec les dispositions X11
2014-11-20T18:25:12 <adriens33> (oss, latin9 etc)
2014-11-20T18:25:12 <TrappyTickles> ah, bien ça ^^
2014-11-20T18:25:16 <TrappyTickles> et pas étonnant d'ailleurs: p
2014-11-20T18:25:33 <adriens33> j'en ai pris 2, pour mon desktop et le laptop :p
2014-11-20T18:25:39 <TrappyTickles> ^^
2014-11-20T18:25:44 <ludvann> ^^
2014-11-20T18:25:51 <adriens33> le seul point - c'est pour les claviers rétroéclairés XD
2014-11-20T18:25:58 <TrappyTickles> arf oui mais moi jpourrai pas m'en servir a long trme, vu que j'écris bcp en fr et aussi en anglais
2014-11-20T18:26:44 <TrappyTickles> surtout pour des jeux genre legends of equestria qui n'aiment paas les accents
2014-11-20T18:26:54 <ludvann> x)
2014-11-20T18:26:56 <TrappyTickles> (alors que le cyrillique passe nikel -_-)
2014-11-20T18:27:02 <ludvann> xD
2014-11-20T18:27:11 <TrappyTickles> true story
2014-11-20T18:27:20 <TrappyTickles> attends et tu sais le pire?
2014-11-20T18:27:24 <ludvann> nah ?
2014-11-20T18:27:26 <adriens33> TrappyTickles: justement c'est adapté pour le fr + en
2014-11-20T18:27:40 <TrappyTickles> une fois par heure environ, y a un modérateur qui disait "english only please" aux russes qui parlaient russe
2014-11-20T18:27:45 <TrappyTickles> ah?
2014-11-20T18:27:46 <ludvann> ...
2014-11-20T18:28:10 <TrappyTickles> c'set clair, ils avaient qu'à pas mettre le cyrillique dispo s'il veulent que de l'anglais lol
2014-11-20T18:28:10 <adriens33> (bien plus que le azerty/qwerty
2014-11-20T18:28:23 <TrappyTickles> mmm jvais ptet y réfléchir
2014-11-20T18:29:16 <adriens33> les touches sont disposées pour que les lettres les plus utilisées (auie ctsrnm) soient sur la « home row » (la ligne de lettres du milieu, là où t'as tes doigts en position repos)
2014-11-20T18:29:51 <ludvann> intéressant...
2014-11-20T18:29:55 <TrappyTickles> bon voila jlai mis dans ma liste de noel :p
2014-11-20T18:30:03 <adriens33> ^^
2014-11-20T18:30:04 <TrappyTickles> on sait jamais lol
2014-11-20T18:30:38 <ludvann> c'est facile à changer les touches des laptops ?
2014-11-20T18:31:16 <adriens33> ludvann: pas besoin..
2014-11-20T18:31:25 <TrappyTickles> entk avec cette dispo, plus d'emmerdements avec les accents en maj sur windaube
2014-11-20T18:31:32 <adriens33> tu commandes les autocollants sur le lien que j'ai donné y'a 30secondes
2014-11-20T18:31:40 <adriens33> TrappyTickles: ouep :p
2014-11-20T18:31:43 <TrappyTickles> (je comprends toujours pas pourquoi c'est si dur avec windaube alors que sur linux c'est simple
2014-11-20T18:31:44 <ludvann> j'ai des touches blanches x)
2014-11-20T18:32:00 <adriens33> parce que win est pas fait pour être utile
2014-11-20T18:32:05 <adriens33> il est fait pour être vendu
2014-11-20T18:32:23 <adriens33> l'utilité/praticité m$ s'en bat les steaks
2014-11-20T18:32:57 <TrappyTickles> lol +1
2014-11-20T18:32:59 <TrappyTickles> pouce vert
2014-11-20T18:33:01 <TrappyTickles> j'aime
2014-11-20T18:33:03 <adriens33> XD
2014-11-20T18:33:14 <adriens33> vade retro satanas
2014-11-20T18:33:29 <TrappyTickles> cela dit, content de mon linux sur laptop
2014-11-20T18:33:40 <adriens33> ^^
2014-11-20T18:33:47 <TrappyTickles> dommage que je sois forcé d'avoir windaube sur mon desktop, j'aurais linux là aussi, si je pouvais
2014-11-20T18:34:11 <ludvann> j'ia la flemme de m'enbêter avec linux... -_-
2014-11-20T18:34:16 <adriens33> pourquoi ? un prog win-only imposé pour les cours/boulot ?
2014-11-20T18:34:21 <adriens33> ou un jou pet ?
2014-11-20T18:34:24 <adriens33> *jeu
2014-11-20T18:34:26 <adriens33> *ptet
2014-11-20T18:34:44 <adriens33> (faut que je désactive ce touchpad, il me casse les c***lles ><)
2014-11-20T18:36:55 <adriens33> (n'empêche.. rien ne vaut un vrai clavier.. les claviers à touches plates des laptops c'est hyper-pas pratique ><)
2014-11-20T18:37:27 <ludvann> c'est ce que j'ai
2014-11-20T18:37:29 <ludvann> ...
2014-11-20T18:37:34 <adriens33> bah moi itou
2014-11-20T18:37:44 <adriens33> mon desktop est trop loin de mes mimines
2014-11-20T18:37:49 <adriens33> et y'a un film dessus
2014-11-20T18:37:55 <adriens33> donc skype+irc etc
2014-11-20T18:37:58 <ludvann> why ?
2014-11-20T18:37:59 <adriens33> sur le laptop
2014-11-20T18:38:03 <ludvann> wutt ?
2014-11-20T18:38:16 <ludvann> je suit pas tous...
2014-11-20T18:38:31 <ludvann> ayé
2014-11-20T18:38:42 <adriens33> je look un film sur men desktop face à mon lit, posé sur mon lit avec mon laptop à côté de moi avec skype/irc pour discy avec les gens
2014-11-20T18:38:51 <adriens33> *discu
2014-11-20T18:38:58 <ludvann> j'ai compris ^^
2014-11-20T18:43:13 <ludvann> j'ai trouvé le bonheur http://www.sol.dti.ne.jp/~cdrcarco/kb_float_op27_240.jpg
2014-11-20T18:44:40 <heuzef> Cool le concept
2014-11-20T18:44:46 <ludvann> ^^
2014-11-20T18:45:00 <heuzef> Dans le même style j'ai toujours voulu avoir un vrais système me permet d'utiliser mon PC debout
2014-11-20T18:45:15 <heuzef> PC portable
2014-11-20T18:45:29 <heuzef> Y'a rien de credible éonnament
2014-11-20T18:45:30 <ludvann> tu fais comment pour l'écran ?
2014-11-20T18:47:01 *** heuzef est parti
2014-11-20T19:00:32 <ludvann> bon je vous laisse pour le moment. @+
2014-11-20T19:00:37 <adriens33> ++ ludvann
2014-11-20T19:00:45 *** ludvann est parti
2014-11-20T19:11:54 <TrappyTickles> ben plusieurs de ces raisons oui
2014-11-20T19:12:07 <TrappyTickles> beaucoup de jeux qui refusent linux mêem avec wine
2014-11-20T19:12:26 <adriens33> bah ça.. ^^"
2014-11-20T19:12:34 <adriens33> si t'as des jeux win only
2014-11-20T19:12:39 <adriens33> le mieux reste le dual boot
2014-11-20T19:12:59 <TrappyTickles> j'ai pas envie de m'emmerder a rebooter la machine dès que j'ai une envie de jeux soudaine
2014-11-20T19:13:06 <adriens33> (de préférence sur 2 hdd différents, ça évite les soucis du genre "grub écrasé par windows etc)
2014-11-20T19:13:09 <TrappyTickles> quand j'ai une envie, c'est pour de suite
2014-11-20T19:13:28 <TrappyTickles> (et réinstaller grub me fait plus peur, je l'ai fait des centaines de fois déjà lol)
2014-11-20T19:13:31 <adriens33> t'as une envie de fraises ? :P
2014-11-20T19:13:39 <TrappyTickles> en gros ça marche pareil oui
2014-11-20T19:13:42 <adriens33> ouai mais quand win fait ça c'est chiant..
2014-11-20T19:14:05 <TrappyTickles> rien que ce matin, j'ai eu envie de jouer a bully scholarship edition, alors qu'hier j'y pensais même pas
2014-11-20T19:14:15 <adriens33> (bon en même temps win *est* chiant)
2014-11-20T19:14:44 <adriens33> ouai t'es une femme enceinte en fait =P
2014-11-20T19:14:52 <TrappyTickles> mais franchement, y aurait pas eu ces problèmes, je serais sur linux, juste pour faire chier microsuck
2014-11-20T19:14:55 <adriens33> ta femme est au courant ? XD
2014-11-20T19:15:04 <TrappyTickles> lol
2014-11-20T19:15:08 <adriens33> nan pas microsuck.
2014-11-20T19:15:13 <adriens33> M$T c'est plus mieux.
2014-11-20T19:15:16 <TrappyTickles> ma femme a le même problème, sauf que ça fait ça que sur un seul jeu pc:
2014-11-20T19:15:17 <TrappyTickles> les sims
2014-11-20T19:15:27 <TrappyTickles> mais elle a gouté à du linux, cela dit
2014-11-20T19:15:43 <TrappyTickles> entre le moment ou son winxp foirait et son nouveau pc
2014-11-20T19:15:59 <TrappyTickles> et a part pour les sims elle en était contente
2014-11-20T19:16:08 <adriens33> donc toi t'as des envies comme une femme enceinte et ta femme mange des OS ? vous êtes bizarres XD
2014-11-20T19:16:17 <adriens33> (patapé)
2014-11-20T19:16:19 <TrappyTickles> (par contre les trucs durs a gérer sur linux c'est moi qui le faisait :p)
2014-11-20T19:16:28 <adriens33> ctb
2014-11-20T19:16:39 <TrappyTickles> j'ai toujours eu des envies de femme enceinte :p
2014-11-20T19:17:01 <adriens33> ah XD
2014-11-20T19:17:09 <TrappyTickles> rigole pas avec le sex et ma femme stp, j'ai déjà du mal à le supporter, et elle aussi -_-
2014-11-20T19:17:48 <adriens33> ah, désolé..
2014-11-20T19:17:50 <adriens33> :/
2014-11-20T19:18:07 <TrappyTickles> pas de mal, c'est pas un truc qui se voit, alors..
2014-11-20T19:18:12 <TrappyTickles> enfin bon
2014-11-20T20:12:33 <TrappyTickles> C'est dingue vlc quand même. tu peux faire un gros paquet de connerie avec les effets, mais il fait pas un truc aussi simple que stretch une vidéo comme pour faire un effet 16/9 sur du 4/3
2014-11-20T20:29:18 <adriens33> si..
2014-11-20T20:29:36 <adriens33> vidéo > proportions > 16:9
2014-11-20T20:29:50 <adriens33> tu sais pas chercher :p
2014-11-20T20:31:34 <adriens33> TrappyTickles ?
2014-11-20T20:32:51 <TrappyTickles> pff bien sur c'est évident, on se sert de ça tous les jours alors foutons le dans un endroit bien bien visible -_-
2014-11-20T20:33:03 <TrappyTickles> merci du tuyau :p
2014-11-20T20:33:13 <adriens33> bas c'est logique ^^
2014-11-20T20:33:26 <adriens33> (le placement)
2014-11-20T20:33:45 <adriens33> et tu peux l'avoir en fullscreen en cliquant droit sur la vid
2014-11-20T20:33:52 <adriens33> *le menu
2014-11-20T21:24:04 *** MaCharon est parti
2014-11-20T22:47:53 *** Gordfang est parti
2014-11-20T22:54:13 *** adriens31 s'est connecté
2014-11-20T22:57:21 *** adriens33 est parti
2014-11-20T23:01:05 <adriens31> ...
2014-11-20T23:01:53 *** adriens33 est parti
2014-11-20T23:01:58 *** adriens33 s'est connecté
2014-11-20T23:02:06 <adriens33> GRR ><
2014-11-20T23:02:43 <adriens33> entre la déco et les voisins qui font un barouf pas possible et qui foutent leurs vélos PRESQUE SUR MA PORTE.. y'en a marre ><
2014-11-20T23:03:20 <TrappyTickles> parle m'en des voisins. Chez nous y a le dingue au dessus qui fait je sais pas quoi mais qui cogne comme s'il avait une batterie ou un gros subwoofer
2014-11-20T23:03:25 <TrappyTickles> et ça tous les jours
2014-11-20T23:04:42 <adriens33> j'ai passé 5 ans dans un immeuble avec une voisine qui tapait tous les soirs sur les tuyaux du chauffage en hurlannt.
2014-11-20T23:04:50 <adriens33> j'étais gamin.
2014-11-20T23:05:02 <adriens33> (on a déménagé j'avais 6 ans)
2014-11-20T23:05:38 <adriens33> question voisins dérangeant j'ai été marqué ^^"
2014-11-20T23:10:41 *** adriens33 est parti
2014-11-20T23:20:04 *** adriens33 s'est connecté
2014-11-20T23:21:36 *** Gordfang s'est connecté
2014-11-20T23:21:49 <Gordfang> rieuh
2014-11-20T23:23:06 <adriens33> reuh Gordfang =5
2014-11-20T23:23:09 <adriens33> *=)
