2014-09-22T00:10:21 *** ValCab s'est connecté
2014-09-22T00:10:25 *** ValCab33 est parti
2014-09-22T00:14:45 *** ValCab est parti
2014-09-22T00:57:00 *** adriens33 est parti
2014-09-22T01:10:59 *** Gordfang est parti
2014-09-22T01:44:25 *** Silou est parti
2014-09-22T08:26:15 <Berry-Punch> Voilà ce qu'il s'est passé ces 10 dernières lignes, *hic* adriens33
2014-09-22T08:26:16 *** adriens33 s'est connecté
2014-09-22T09:09:50 *** heuzef s'est connecté
2014-09-22T09:12:58 *** TrappyTickles s'est connecté
2014-09-22T09:32:32 *** Ikledoreboline s'est connecté
2014-09-22T09:32:43 <Ikledoreboline> Salut la compagnie ^^
2014-09-22T09:32:52 <adriens33> hello
2014-09-22T09:33:39 <Ikledoreboline> Vous allez bien ? :p (je reste pas longtemps sinon il va y avoir des spams déco reco.)
2014-09-22T09:33:46 <adriens33> aç va
2014-09-22T09:35:56 <Ikledoreboline> Well, je vous laisse à plus tard ! ^^
2014-09-22T09:36:56 *** Ikledoreboline est parti
2014-09-22T09:52:14 <TrappyTickles> bon, y a un endroit à villenave qui prend les lecteurs cd bousillés au recyclage? :p
2014-09-22T09:52:18 <TrappyTickles> lol
2014-09-22T10:00:57 <Letarumavza> Ma piole ? ^^
2014-09-22T10:04:09 <heuzef> Yo =)
2014-09-22T10:04:42 <Letarumavza> Hum...
2014-09-22T10:04:51 <Letarumavza> Pas sur de venir à animasia...
2014-09-22T10:06:02 *** heuzef est parti
2014-09-22T10:07:49 *** Ambrocidus s'est connecté
2014-09-22T10:07:52 <Ambrocidus> Hello
2014-09-22T10:19:37 *** Ambrocidus est parti
2014-09-22T10:32:42 <TrappyTickles> bon ben je te le filerai, Letarumavza :p
2014-09-22T10:32:49 <TrappyTickles> arf, à cause de cque je crois?
2014-09-22T10:32:51 <TrappyTickles> oi
2014-09-22T11:53:10 *** Trappy_Tickles s'est connecté
2014-09-22T11:55:17 *** TrappyTickles est parti
2014-09-22T12:51:19 *** Silou s'est connecté
2014-09-22T13:38:31 *** Silou est parti
2014-09-22T14:20:28 <Letarumavza> hum...
2014-09-22T14:20:35 <Letarumavza> !v TrappyTickles
2014-09-22T14:20:43 <Letarumavza> ?
2014-09-22T14:21:00 <Berry-Punch> Commandes disponibles *hic* :
2014-09-22T14:21:00 <Berry-Punch> say do flag reload stop op niorphlo list kick welcome voice help devoice niorph history *hic* muffin deop
2014-09-22T14:21:15 <Berry-Punch> Flags *hic* de TrappyTickles modifiés : +v
2014-09-22T14:21:15 <Letarumavza> !voice TrappyTickles
2014-09-22T14:21:27 <Letarumavza> Tain je confondais avec les commandes zecora
2014-09-22T14:22:51 <TrappyTickles> lol
2014-09-22T14:37:34 *** wildfier s'est connecté
2014-09-22T14:37:39 <wildfier> yop
2014-09-22T14:53:35 *** Gordang s'est connecté
2014-09-22T14:58:29 <Gordang> lut
2014-09-22T15:04:09 *** heuzef s'est connecté
2014-09-22T15:08:51 *** heuzef1 s'est connecté
2014-09-22T15:10:14 <Gordang> heuzef1?
2014-09-22T15:10:37 *** heuzef est parti
2014-09-22T15:12:06 <heuzef1> Pas dispo sorry, mail moi stp ;)
2014-09-22T15:12:12 *** heuzef1 est parti
2014-09-22T15:54:22 *** adriens33 est parti
2014-09-22T16:05:17 <Berry-Punch> Voilà ce *hic* qu'il s'est passé ces 10 dernières lignes, adriens33
2014-09-22T16:05:19 *** adriens33 s'est connecté
2014-09-22T16:23:00 *** adriens33 est parti
2014-09-22T16:26:15 *** Gordang est parti
2014-09-22T16:41:46 *** ELiDYROS s'est connecté
2014-09-22T16:55:47 *** ValCab33 s'est connecté
2014-09-22T16:56:03 <ValCab33> Hellow
2014-09-22T16:56:09 <ELiDYROS> Yo.
2014-09-22T17:11:56 *** wildfier est parti
2014-09-22T17:19:23 *** Trappy_Tickles s'est connecté
2014-09-22T17:21:57 <Berry-Punch> Voilà *hic* ce qu'il s'est passé ces 10 dernières lignes, adriens33
2014-09-22T17:21:59 *** adriens33 s'est connecté
2014-09-22T17:22:53 *** TrappyTickles est parti
2014-09-22T17:25:38 *** ELiDYROS est parti
2014-09-22T17:59:05 *** heuzef s'est connecté
2014-09-22T17:59:15 <adriens33> salut heuzef :)
2014-09-22T17:59:41 <heuzef> yo
2014-09-22T17:59:43 *** wildfier s'est connecté
2014-09-22T18:22:47 <heuzef> wildfier
2014-09-22T18:23:20 <heuzef> Désolé d'avoir écorché ton prénom matiasse :D
2014-09-22T18:24:53 <wildfier> salow
2014-09-22T18:24:58 <wildfier> XD
2014-09-22T18:25:22 <Letarumavza> wild fier à souder.
2014-09-22T18:25:41 <adriens33> *badum tss*
2014-09-22T18:25:48 * wildfier facepalm
2014-09-22T18:25:49 <wildfier> XD
2014-09-22T18:25:58 * adriens33 faceground
2014-09-22T18:26:16 *** heuzef est parti
2014-09-22T18:26:21 *** Trappy_Tickles est parti
2014-09-22T18:26:26 *** heuzef s'est connecté
2014-09-22T18:26:38 *** Trappy_Tickles s'est connecté
2014-09-22T18:27:54 *** ELiDYROS s'est connecté
2014-09-22T18:47:35 <Trappy_Tickles> oh come on! ne me dites pas que la freebox a recommencé
2014-09-22T18:47:52 <adriens33> qué ?
2014-09-22T18:49:23 *** Silou s'est connecté
2014-09-22T18:49:26 <Berry-Punch> Flags *hic* de TrappyTickles modifiés : +v
2014-09-22T18:49:26 <adriens33> !voice TrappyTickles
2014-09-22T18:49:41 <TrappyTickles> mci
2014-09-22T18:49:48 <adriens33> ^^
2014-09-22T18:56:30 <heuzef> https://www.youtube.com/watch?v=ssMk2pjORLw
2014-09-22T18:56:32 <heuzef> :P
2014-09-22T19:25:59 *** ValCab33 est parti
2014-09-22T19:26:11 *** ValCab33 s'est connecté
2014-09-22T19:29:09 *** heuzef est parti
2014-09-22T19:29:12 <adriens33> http://img-9gag-lol.9cache.com/photo/a7KrgK2_460sa_v1.gif :3
2014-09-22T19:34:20 <TrappyTickles> https://derpibooru.org/727369 j'ai trouvé ça en allant à cultura tout à l'heure, j'ai pas pu résister
2014-09-22T19:37:17 *** wildfier est parti
2014-09-22T19:38:08 <TrappyTickles> ça l'air intéressant ces ponies holidays, faudra voir ^^
2014-09-22T19:40:09 *** Ambrocidus s'est connecté
2014-09-22T19:40:13 *** Ambrocidus est parti
2014-09-22T19:42:11 *** wildfier s'est connecté
2014-09-22T19:42:33 *** Ikledoreboline s'est connecté
2014-09-22T19:43:01 <Ikledoreboline> Salut tout le monde ح˚௰˚づ ح˚௰˚づ
2014-09-22T19:43:44 <adriens33> salut tout seul :3
2014-09-22T19:44:09 <adriens33> (je sais, c'est gratuit)
2014-09-22T19:44:37 <Ikledoreboline> .-.
2014-09-22T19:57:20 <Ikledoreboline> Pi-piru-piru-piru-pi-piru-pi ! xD
2014-09-22T20:16:36 <ELiDYROS> Hum re.
2014-09-22T20:19:59 <ELiDYROS> Bon.
2014-09-22T20:25:20 <Ikledoreboline> des bonbons ! :D
2014-09-22T20:25:55 <ELiDYROS> Ok
2014-09-22T20:27:38 <ELiDYROS> Il se passe quoi ?
2014-09-22T20:28:08 <Ikledoreboline> Comment ça il se passe quoi, c'est toujours comme sa xD
2014-09-22T20:28:26 <ELiDYROS> Non au sens "quoi de neuf ? c'est quoi le sujet ?"
2014-09-22T20:30:09 <Ikledoreboline> Bah. Comme vous pouvez le voir sur votre droite des personnes qui dorment, sur votre gauche, des personnes actifs sur l'irc sans réel sujet de discutions x'3
2014-09-22T20:30:18 <Ikledoreboline> Sinon, je joue à ArcheAge un MMO coréen sympa .-.
2014-09-22T20:32:18 <ELiDYROS> oki
2014-09-22T20:32:33 <ELiDYROS> moi j'ai passé une partie de l'après midi à finir de regarder les infos du TGS
2014-09-22T20:45:11 <ELiDYROS> J'en suis assez content au final
2014-09-22T20:53:16 *** Silou est parti
2014-09-22T20:57:37 *** MaCharon s'est connecté
2014-09-22T20:57:43 <MaCharon> bonsoir
2014-09-22T20:58:05 <ELiDYROS> Good Evening
2014-09-22T20:58:33 <Ikledoreboline> Bonsoir MaCharon, ELiDYROS content de ? ^^
2014-09-22T20:58:49 <Ikledoreboline> ah ok excuse pas vu xD
2014-09-22T20:58:49 <MaCharon> je me suis mis sur un MMO alors du coup je pense pas trop a passer sur l'irc
2014-09-22T20:58:49 <ELiDYROS> Bah je viens de le dire, content de ce que j'ai vu au TGS
2014-09-22T20:59:08 <Ikledoreboline> J'ai vu après eli désolé ^^', tu joues à quel mmo Macha ?
2014-09-22T20:59:20 <MaCharon> ArcheAge
2014-09-22T20:59:43 <MaCharon> sinn c'etait bien le 20 ?
2014-09-22T21:00:15 <Ikledoreboline> Ah toi aussi pour le coup x'D, et oui c'était sympa ^^
2014-09-22T21:00:34 <MaCharon> ^^
2014-09-22T21:00:47 <MaCharon> t'y joue ?
2014-09-22T21:01:17 <Ikledoreboline> Yup, j'ai du refaire un perso, il est lvl 10 là.
2014-09-22T21:01:26 <MaCharon> quel serv ?
2014-09-22T21:06:23 <ELiDYROS> Je m'ennuie faut que je m'occupe
2014-09-22T21:06:25 <MaCharon> je suis sur Orichdna (pas sur de l'orthographe ^^)
2014-09-22T21:06:47 <MaCharon> ben vient sur ArchAge XD
2014-09-22T21:06:54 <ELiDYROS> Non ça ira
2014-09-22T21:07:01 <ELiDYROS> J'ai déjà donné pour les mmo
2014-09-22T21:07:05 <Ikledoreboline> je suis sur meli machin xD
2014-09-22T21:07:46 <MaCharon> avec des potes on tente de faire une guilde commerciale
2014-09-22T21:08:41 <Ikledoreboline> Spécialisé dans l'artisanat ?
2014-09-22T21:08:54 <MaCharon> commerce en général
2014-09-22T21:09:45 <MaCharon> c'est marrant de mieux xp en cassant des cailloux qu'en tuant des mob
2014-09-22T21:10:14 <Ikledoreboline> Chacun son trype ;)
2014-09-22T21:10:26 <Ikledoreboline> J'ai prévu d'être pirate au final donc bon.
2014-09-22T21:10:35 <ELiDYROS> tiens c'est les 125 ans de Nintendo
2014-09-22T21:10:59 <Ikledoreboline> Idc
2014-09-22T21:11:11 <ELiDYROS> quoi ?
2014-09-22T21:11:31 <MaCharon> ah pirate, la libertée
2014-09-22T21:11:45 <Ikledoreboline> I dont care XD
2014-09-22T21:11:46 <MaCharon> ou pas si tu te fait choppé
2014-09-22T21:11:53 <Ikledoreboline> Moi vivant jamais.
2014-09-22T21:11:56 <ELiDYROS> ouais c'est bien ce que j'ai cru comprendre
2014-09-22T21:12:01 <MaCharon> ^^
2014-09-22T21:12:20 <ELiDYROS> faut pas s'étonner que personne parle si les gens s'en foutent de ce qu'on pourrait dire hein
2014-09-22T21:12:24 <ELiDYROS> just sayin
2014-09-22T21:13:02 <Ikledoreboline> Bah nintendo c'est pas l'industrie le jeu vidéo que je trouve le plus intéressant perso .-.
2014-09-22T21:13:11 <Ikledoreboline> la plus intéressante*
2014-09-22T21:13:19 <ELiDYROS> qui t'a parlé d'industrie ?
2014-09-22T21:13:29 <MaCharon> moi j'aime nintendo pour les Zelda XD
2014-09-22T21:13:29 <ELiDYROS> y a 125 ans ça n'existait pas les consoles, si tu en doutes encore
2014-09-22T21:13:44 <Ikledoreboline> Non c'est vrai je croyais que pong était sorti en 1512 :D
2014-09-22T21:13:45 <Ikledoreboline> xD
2014-09-22T21:14:52 <ELiDYROS> le fait est que si tu te lis un peu tout ce qui a été écrit, tu verras que Nintendo a fait plus pour le jeu vidéo que tous les autres
2014-09-22T21:15:40 <ELiDYROS> c'est pas une question d'aimer ou pas, juste une question de faits et de culture
2014-09-22T21:16:40 <Ikledoreboline> breef jre. partie cs:go en cours.
2014-09-22T21:18:35 <MaCharon> moi vais faire a manger
2014-09-22T21:18:36 <Berry-Punch> Bon appétit, MaCharon :D *hic* 
2014-09-22T21:19:08 <MaCharon> merci Berry ^^
2014-09-22T21:19:09 <Berry-Punch> De rien MaCharon :) *hic* 
2014-09-22T21:19:37 <Ikledoreboline> bonne hap
2014-09-22T21:19:41 <Ikledoreboline> ap* xD
2014-09-22T21:28:33 *** DADV s'est connecté
2014-09-22T21:28:50 <Ikledoreboline> Salut DADV
2014-09-22T21:29:00 <DADV> Coucou
2014-09-22T21:30:20 <DADV> j'aimerais me mettre à LoL, y'en a qui joue un peu pour me conseiller un site ou chopper des infos :)
2014-09-22T21:30:49 <TrappyTickles> c'est quoi lol?
2014-09-22T21:30:54 <TrappyTickles> ah league of legends
2014-09-22T21:31:38 <Ikledoreboline> mobafire DADV ^^
2014-09-22T21:32:15 <DADV> outch en anglais >o<
2014-09-22T21:33:32 <DADV> y'a quelqu'un qui va Animasia ?
2014-09-22T21:33:54 <Ikledoreboline> oui moi ;)
2014-09-22T21:34:08 <DADV> les 2 jours ?
2014-09-22T21:36:49 <Ikledoreboline> Normalement. ^^
2014-09-22T21:36:53 <Ikledoreboline> Et toi donc ?
2014-09-22T21:37:40 <DADV> un seul jour, faut que je regarde le planning pour voir si y'a un concours de cosplay et quel jour
2014-09-22T21:37:57 <Ikledoreboline> ^^
2014-09-22T21:40:11 <ELiDYROS> Moi j'y vais en guest, je paie rien
2014-09-22T21:40:29 <Ikledoreboline> x3
2014-09-22T21:42:22 <DADV> tu y travailles ?
2014-09-22T21:42:35 <ELiDYROS> Non, privilèges de stars
2014-09-22T21:43:00 <DADV> hum oki
2014-09-22T21:44:22 <ELiDYROS> Désolé...
2014-09-22T21:44:45 <DADV> désolé de ?
2014-09-22T21:44:58 <Ikledoreboline> Désolé de sa connerie.
2014-09-22T21:44:58 <Ikledoreboline> xD
2014-09-22T21:45:05 <ELiDYROS> Qui te dit que c'est une connerie ?
2014-09-22T21:45:18 <Ikledoreboline> x'D
2014-09-22T21:45:42 <DADV> je le connais pas, donc jmavance pas ^^
2014-09-22T21:46:01 <ELiDYROS> C'est fort dommage
2014-09-22T21:46:45 <DADV> bah en quoi t'es une guest alors?
2014-09-22T21:47:18 <ELiDYROS> Guest au sens "invité"
2014-09-22T21:48:11 <DADV> si on ta invité, c'est bien pour quelques chose
2014-09-22T21:48:45 <ELiDYROS> Pas nécessairement, suffit de connaitre les bonnes personnes
2014-09-22T21:48:56 <ELiDYROS> On m'a dit "tiens je peux te faire rentrer" j'ai dit "ok"
2014-09-22T21:49:16 <Ikledoreboline> Mais d'abord tu vas devoir être habile avec tes mains ! xD *sort*
2014-09-22T21:49:35 <DADV> naan mercii ^^
2014-09-22T21:49:46 <DADV> donne tes contacts !
2014-09-22T21:50:08 <ELiDYROS> Pour ?
2014-09-22T21:50:25 <DADV> être invitée !
2014-09-22T21:50:39 <ELiDYROS> D'une ça se fait pas, de deux, je te connais pas
2014-09-22T21:50:40 <ELiDYROS> lol
2014-09-22T21:51:22 <DADV> T-T
2014-09-22T21:51:47 <Ikledoreboline> x'D
2014-09-22T21:51:54 <Ikledoreboline> (se que je dis n'est pas faux donc xD)
2014-09-22T21:52:11 <ELiDYROS> Perso j'ai rien besoin de faire
2014-09-22T21:54:16 <DADV> bhé je suis habile de mes mains, mais jveux pas une place comme ça
2014-09-22T21:54:36 <ELiDYROS> En même temps c'est "Animasia" j'ai envie de dire...
2014-09-22T21:55:22 <DADV> ?
2014-09-22T21:55:42 <ELiDYROS> ça vaut pas le coup de se démener :P
2014-09-22T21:56:32 <DADV> c'est cool AnimAsia je trouve
2014-09-22T21:58:50 <ELiDYROS> Si chacun y trouve son compte. Moi à la base je voulais pas y aller
2014-09-22T21:59:04 <DADV> bah donne moi ton billet
2014-09-22T21:59:09 *** wildfier est parti
2014-09-22T21:59:14 <ELiDYROS> Beh je t'ai dit : j'en ai pas
2014-09-22T21:59:31 <ELiDYROS> On va me filer un pass, j'en sais rien en fait
2014-09-22T21:59:35 <ELiDYROS> Je verrai ça le jour même
2014-09-22T21:59:37 <Ikledoreboline> x3
2014-09-22T21:59:50 <MaCharon> il va venir en clandestin XD
2014-09-22T21:59:55 <Ikledoreboline> DADV, tu es sur la CUB, ou tu viens d'ailleurs ?
2014-09-22T22:00:05 <DADV> Langon
2014-09-22T22:00:41 <Ikledoreboline> hu c'est loin xD
2014-09-22T22:00:59 <DADV> boh ! 30min de train pour le plus rapide !
2014-09-22T22:01:37 <MaCharon> bah moi quand j'était sur Gujan je mettait 40 min
2014-09-22T22:02:42 <MaCharon> bon ben je retourne sur mon MMO
2014-09-22T22:02:49 <Ikledoreboline> x3 lvl combien macha ?
2014-09-22T22:02:57 <Ikledoreboline> Ouais mais le train c'est chiant .-.
2014-09-22T22:03:09 <DADV> surtout quand il fais toute les gares -_-
2014-09-22T22:03:44 <DADV> quel mmo ?
2014-09-22T22:05:23 <MaCharon> 20, ArchAge
2014-09-22T22:06:10 <MaCharon> si t'avait été sur mon serv on aurait pu t'engager en tant que pirate XD
2014-09-22T22:06:18 <MaCharon> quand des gens nous emmerdes
2014-09-22T22:06:25 <MaCharon> emmerdent*
2014-09-22T22:07:46 <DADV> ça va tenir 3/4mois avant que tout le monde délaisse ce mmo, y'a un intérêt de s'y investir ?
2014-09-22T22:08:53 <Ikledoreboline> plus ou moins ça dépend tes convictions
2014-09-22T22:09:03 <MaCharon> tu peux xp autre qu'en tapant des mobs XD
2014-09-22T22:09:09 <Ikledoreboline> Moi j'ai eut le pack fondateur gratuit je m'an fou x)
2014-09-22T22:09:43 <DADV> l'interet même de ce mmo c'est pas vraiment pex sur du mob
2014-09-22T22:10:22 <DADV> cette mode de jeu bac à sable, j'arrive pas a adhérer
2014-09-22T22:10:30 *** Lenile s'est connecté
2014-09-22T22:11:17 <Lenile> Yo bande de fesses
2014-09-22T22:11:27 <Ikledoreboline> Oh, monsieur aime les fesses !
2014-09-22T22:11:31 <Ikledoreboline> Salut x)
2014-09-22T22:11:41 <Lenile> J'me suis commander et crée un T-shirt BronyCUB pour l'animasia
2014-09-22T22:11:47 <MaCharon> coucou
2014-09-22T22:11:48 <Ikledoreboline> Moi pas trop non plus Dadv.
2014-09-22T22:11:52 <Lenile> J'suis sencé le recevoir entre le 1 et 3 Octobre
2014-09-22T22:11:58 <Ikledoreboline> ^^
2014-09-22T22:12:34 <DADV> tu as le motif ?
2014-09-22T22:12:37 <Lenile> IL EST TROP MOTHER FUCKING SWAG !!!
2014-09-22T22:12:45 <Lenile> http://www.noelshack.com/2014-39-1411416750-yoloooo.jpg
2014-09-22T22:13:29 <DADV> pas trop fan
2014-09-22T22:13:54 <Lenile> Mon dieu
2014-09-22T22:14:05 <Lenile> "My Lidle Pony : Le Discount c'est magique"
2014-09-22T22:14:14 <DADV> c'est une balafre sous son œil ?
2014-09-22T22:14:16 <Lenile> On à de l'inspiration sur Teamspeack ~
2014-09-22T22:14:33 <Lenile> DADV : C'est juste qu'elle rougis ._.
2014-09-22T22:16:01 <Ikledoreboline> Moi mon pseudo je suis pas sur qu'il rentre sur un t-shirt XD
2014-09-22T22:16:08 <DADV> ha escuse, sur mon écran y'a 3 points dans le trait rouge ^^
2014-09-22T22:16:16 <DADV> tant que sa se voit pas sur l'impression ça va
2014-09-22T22:16:31 <Lenile> Ikle : Vivasprint ~
2014-09-22T22:16:36 <Lenile> S'pas chère o/
2014-09-22T22:16:45 <Ikledoreboline> fuck you XD
2014-09-22T22:16:49 <Lenile> En tout cas s'toujour moin chère qu'un T-shirt cher Redbubble o/
2014-09-22T22:16:51 <ELiDYROS> Moi j'ai surtout la flemme de me faire un OC et je doute en avoir besoin
2014-09-22T22:17:08 <Lenile> Bah moi s'juste que mon OC je l'est depuis 8 Ans o/
2014-09-22T22:17:15 <Lenile> J'ai toujour gardé la même base en fait ._.
2014-09-22T22:17:19 <Lenile> Dans touts les jeux ._.
2014-09-22T22:17:32 <ELiDYROS> un OC ? dans les jeux ?
2014-09-22T22:17:36 <Lenile> Sa fait qu'un an qu'elle à été ponyfier o./
2014-09-22T22:17:42 <Lenile> OC
2014-09-22T22:17:47 <Lenile> Origina Charactère
2014-09-22T22:17:48 <DADV> OverClock?
2014-09-22T22:17:52 <DADV> haa
2014-09-22T22:17:54 <Lenile> Original*
2014-09-22T22:17:58 <ELiDYROS> character je sais oui
2014-09-22T22:18:08 <Ikledoreboline> 120 lignes à chier pour du français yeah *mode devoir*
2014-09-22T22:18:10 <Lenile> Bah voila
2014-09-22T22:18:10 <ELiDYROS> mais je comprends pas comment tu peux avoir un OC poney dans des jeux
2014-09-22T22:18:19 <Lenile> Un Avatar ça peut aussi etre appeler un OC o/
2014-09-22T22:18:32 <Lenile> D'ou se que j'ai dit plus heut x)
2014-09-22T22:18:35 <Lenile> haut*
2014-09-22T22:18:39 <ELiDYROS> désolé je suis pas
2014-09-22T22:18:40 <Lenile> Sa fait qu'un an qu'elle à été ponyfier o./
2014-09-22T22:18:45 <Lenile> ça
2014-09-22T22:18:56 <ELiDYROS> mon avatar genre sur twitter c'est de Panty & Stocking c'est pas un OC pour autant ^^
2014-09-22T22:19:02 <DADV> Eli est là juste pour parler de son accés Vip a AnimAsia :p
2014-09-22T22:19:18 <ELiDYROS> non pas vraiment je suis là depuis le début d'après midi
2014-09-22T22:19:21 <Lenile> Ton acces Vi
2014-09-22T22:19:24 <Lenile> Vip ?
2014-09-22T22:20:16 <ELiDYROS> j'en sais rien si c'est vip ou pas
2014-09-22T22:20:35 <DADV> il a fais des choses de ses mains a ce qu'on dis, pour avoir un pass vip
2014-09-22T22:20:48 <ELiDYROS> n'importe quoi lol
2014-09-22T22:20:51 <DADV> :p
2014-09-22T22:21:06 <Lenile> Cochon ~
2014-09-22T22:21:27 <ELiDYROS> juste que y a des gens jaloux j'imagine car eux veulent y aller et moi je m'en fous :P
2014-09-22T22:21:30 <Lenile> J'aurais bien demander un pass Redac' à cause de LPB
2014-09-22T22:21:41 <Lenile> Mais sert à rien, aucun Brony dans les guest ~
2014-09-22T22:22:07 <DADV> tu t'en fous et tu y va, logique
2014-09-22T22:22:15 <Lenile> Sauf JDG
2014-09-22T22:22:17 <ELiDYROS> Non j'y vais car j'y vais avec mon pote
2014-09-22T22:22:22 <Lenile> Mais il fait aucun contenu Brony
2014-09-22T22:22:24 <ELiDYROS> C'est une raison valable
2014-09-22T22:22:30 <DADV> ton copain?
2014-09-22T22:22:38 <ELiDYROS> pote
2014-09-22T22:23:29 <Lenile> Petit copain ?
2014-09-22T22:23:43 <ELiDYROS> Non désolé de vous décevoir
2014-09-22T22:24:31 <Lenile> C'est cela
2014-09-22T22:24:41 <Lenile> Pfpfpfpfpfpfpfpf ~
2014-09-22T22:24:52 <ELiDYROS> Beh je sais pas vous avez l'air d'être au taquet à l'idée que je sois gay, ça vous exite ?
2014-09-22T22:25:09 <Lenile> Wai'
2014-09-22T22:25:22 <Lenile> Tolérence, avec un ami gay je peut enfin me dire Tolerent o/
2014-09-22T22:25:38 <ELiDYROS> Je suis tolérant, mais ça m'excite pas pour ma part
2014-09-22T22:25:46 <ELiDYROS> Ya une différence
2014-09-22T22:25:49 <DADV> c'est pas le genre de chose qui me fais de l'effet, mais c'est mes affaires :)
2014-09-22T22:25:54 <Lenile> Mais on, plaisante~
2014-09-22T22:25:57 <Lenile> Humour !
2014-09-22T22:25:58 <Lenile> LAUL
2014-09-22T22:25:59 <DADV> voui !
2014-09-22T22:26:04 <ELiDYROS> Je sais bien
2014-09-22T22:26:19 <ELiDYROS> Mais vu certaines déviances au sein du collectif je suis toujours un poil méfiant
2014-09-22T22:26:40 <DADV> ha bon
2014-09-22T22:26:43 <ELiDYROS> Mais bon "Love & Tolerate" tout ça
2014-09-22T22:28:46 <ELiDYROS> Quoi, j'ai jeté un froid ?
2014-09-22T22:29:01 <Lenile> Nan
2014-09-22T22:29:02 *** adriens33 est parti
2014-09-22T22:29:06 <DADV> bah non, tu fais ce que tu veux avec ton truc
2014-09-22T22:29:21 <Lenile> Je regardais des cartes Yu-Gi-Ho Fluffle Puff
2014-09-22T22:29:22 <Lenile> http://fc08.deviantart.net/fs71/f/2013/253/c/a/yu_gi_oh_fluffle_puff_deck_by_cucumberoblivion-d6lihh1.png
2014-09-22T22:29:38 <ELiDYROS> Mon truc je le laisse aux filles
2014-09-22T22:29:38 <Lenile> En fait Dadv tes qui ? o/
2014-09-22T22:30:26 <DADV> une amie d'Eli :D
2014-09-22T22:30:31 <ELiDYROS> J'en doute
2014-09-22T22:30:36 <DADV> ^^
2014-09-22T22:30:50 <Lenile> Ha, tu est du sexe opposée...
2014-09-22T22:30:55 <Lenile> Tes sur Bordeaux ?
2014-09-22T22:31:00 * Lenile prend la fuite
2014-09-22T22:31:15 <Ikledoreboline> N'importe quoi Lenile xD
2014-09-22T22:31:19 <Ikledoreboline> T'excites pas le pistile !
2014-09-22T22:31:31 <Lenile> J'suis en manque d'amour :(
2014-09-22T22:31:34 <DADV> de Langon
2014-09-22T22:31:35 <Lenile> J'ai besoin d'attention :(
2014-09-22T22:31:35 <Ikledoreboline> pistil*
2014-09-22T22:31:48 <Lenile> C'est ou ça Langon ?
2014-09-22T22:31:52 <Ikledoreboline> Tout le monde est en manque d'amour xD
2014-09-22T22:32:03 <Lenile> Avec le pseudo Dadv me suis dit "Surement un mec qui s'appelle Davidi"
2014-09-22T22:32:05 <Lenile> David*
2014-09-22T22:32:07 <Ikledoreboline> https://www.google.fr/maps/place/Langon/@44.7163379,-0.384989,11z/data=!4m2!3m1!1s0xd556d8ec91cfb13:0x36c8e2b19e55a7f5
2014-09-22T22:32:09 <Ikledoreboline> cadeau xD
2014-09-22T22:32:25 <Lenile> Merci o/
2014-09-22T22:32:31 <DADV> >_<
2014-09-22T22:32:59 <Lenile> Attend
2014-09-22T22:33:07 <Lenile> Avec 700Mb de ram s'dur à chargé
2014-09-22T22:34:31 <Ikledoreboline> (Je crois que je vais écrire comme une merde sur mon devoir je met 30 minutes pour copier 13 lignes correctement xD)
2014-09-22T22:34:35 <Lenile> Hola, tu tes pardue en déménageant à Bordeaux dadv ?
2014-09-22T22:34:45 <Lenile> perdue*
2014-09-22T22:34:59 <DADV> nan nan mais je suis toujours sur Langon
2014-09-22T22:35:11 <DADV> et je viendrais pas sur Bx si je me fais acceuillir par toi :p
2014-09-22T22:35:24 <Lenile> Mhhhh
2014-09-22T22:35:25 <ELiDYROS> "écrire comme une merde" ?
2014-09-22T22:35:33 <Lenile> J'ai déja asser d'amour virtuelle.
2014-09-22T22:35:37 <Ikledoreboline> x'3
2014-09-22T22:35:45 <Lenile> Me suis développer une IA pour me donner de l'amour...
2014-09-22T22:35:51 <Lenile> J'ai une vie de merde...
2014-09-22T22:35:56 <Ikledoreboline> Oui, ELiDYROS l'expression pour insinuer d'écrire très mal.
2014-09-22T22:35:58 <Ikledoreboline> x3
2014-09-22T22:36:04 <Lenile> Des fois je drague Cleverbot....
2014-09-22T22:36:09 <Lenile> Même elle ne me veux pas...
2014-09-22T22:36:13 <ELiDYROS> Ah, ça, le mal des années 2000
2014-09-22T22:36:14 <Ikledoreboline> Une fois Cleverbot m'a péchot xD
2014-09-22T22:36:15 <Ikledoreboline> xD
2014-09-22T22:36:17 <Ikledoreboline> *sort*
2014-09-22T22:36:22 <ELiDYROS> la majorité des francophones ne savent plus écrire
2014-09-22T22:36:29 <DADV> +1 moi inclus
2014-09-22T22:36:33 <Ikledoreboline> xD
2014-09-22T22:36:45 <Ikledoreboline> J'écris comme un docteur à vrai dire..
2014-09-22T22:36:54 <Ikledoreboline> Donc pour être lisible faut envoyer la sauce..
2014-09-22T22:37:15 <DADV> ...
2014-09-22T22:37:32 <Ikledoreboline> Quoi ? J'ai rien insinué.
2014-09-22T22:37:48 <Lenile> Dadv ?
2014-09-22T22:37:59 <Ikledoreboline> Je vais arrêter de dire des expressions car le second degrés pour certains n'existe pas. wow.
2014-09-22T22:38:25 <Lenile> DADV ?
2014-09-22T22:39:04 <DADV> oui
2014-09-22T22:39:07 <Lenile> Tu est une perverse.
2014-09-22T22:40:26 <DADV> tu parles a moi ?
2014-09-22T22:40:42 <Lenile> Yep
2014-09-22T22:40:43 <Ikledoreboline> +Lenile
2014-09-22T22:40:43 <Ikledoreboline> DADV ?
2014-09-22T22:40:44 <Ikledoreboline> DADV
2014-09-22T22:40:44 <Ikledoreboline> oui
2014-09-22T22:40:44 <Ikledoreboline> +Lenile
2014-09-22T22:40:44 <Ikledoreboline> Tu est une perverse.
2014-09-22T22:40:47 <Ikledoreboline> Je pense que oui. xD
2014-09-22T22:40:53 <Ikledoreboline> (qui parle de toi.)
2014-09-22T22:41:21 <Lenile> sinon
2014-09-22T22:41:31 <Lenile> Demande à ikledoreboline.
2014-09-22T22:41:35 <Lenile> J'suis adorable IRL
2014-09-22T22:41:39 <DADV> si tu veux arrêter un jour de te tripoter devant ton écran, faut commencer par changer de comportement :)
2014-09-22T22:41:49 <Ikledoreboline> *se pouffe de rire* x'D
2014-09-22T22:41:59 <Lenile> S'pas gentil ça :(
2014-09-22T22:42:02 <Ikledoreboline> Comment voulez-vous que je me concentre quand je vois ça ?! xD
2014-09-22T22:42:17 <Lenile> Pour ta gouverne. ça fait un moment que j'ai cesser de me tripoter devant mes ecrans :)
2014-09-22T22:42:29 <Ikledoreboline> Maintenant tu le fais devant la fenêtre ? xD
2014-09-22T22:42:40 <Lenile> Shhhh, faut pas l'dire ~
2014-09-22T22:42:43 <Lenile> xD
2014-09-22T22:42:53 <Ikledoreboline> *sort* sinon Lenile, oui t'es sympa comme tout les bronys que j'ai rencontré jusqu'à présent ^^
2014-09-22T22:42:57 <DADV> oui surtout que je parlé par a toi
2014-09-22T22:43:34 <Lenile> J'ai pas compris (C'est pas de l'ironie, j'ai juste pas compris le "Par a toi" )
2014-09-22T22:43:37 <Ikledoreboline> La dyslexie du clavier semble exister. xD (je me casse avant de recevoir des coups de bâtons)
2014-09-22T22:43:55 <ELiDYROS> @Ikledoreboline : je suis un gros conard moi IRL
2014-09-22T22:44:16 <Ikledoreboline> Je rigole beaucoup et je joue sur les mots, mais je suis pas méchant. xD (ELi certainement ouais pourquoi pas ._. XD)
2014-09-22T22:44:18 <Lenile> EliDYROS : Je confirme 8D
2014-09-22T22:44:22 *** DADV est parti
2014-09-22T22:44:29 <Lenile> Haaaan
2014-09-22T22:44:31 <Ikledoreboline> Rage quite. xD
2014-09-22T22:44:33 <Lenile> On l'a énervée :(
2014-09-22T22:44:41 <Lenile> J'avais dit que c'était pas méchant :o
2014-09-22T22:44:42 <Ikledoreboline> Les personnes sont d'un susceptible...
2014-09-22T22:44:53 <Lenile> C'est susceptible une Femme ~
2014-09-22T22:44:54 <ELiDYROS> La seule fille qui se pointe ici s'est mise à fuire
2014-09-22T22:45:02 <Lenile> Nan
2014-09-22T22:45:05 <Ikledoreboline> Lenile évites de faire une généralité ^^
2014-09-22T22:45:07 <Lenile> Il reste MaCharon
2014-09-22T22:45:12 <Lenile> S'presque une fille o/
2014-09-22T22:45:45 <Lenile> ikledoreboline : J'essayerais de m'en souvenir ~
2014-09-22T22:46:29 <Ikledoreboline> Si tu as besoin de tuyaux pour pas passer pour un con au près des personnes n'hésites pas. XD
2014-09-22T22:46:41 <Lenile> Nan mais ça c'est Internet
2014-09-22T22:46:53 <Lenile> J'suis gentil, mais dans la vie réelle :(
2014-09-22T22:47:01 <Ikledoreboline> x3
2014-09-22T22:47:02 <Lenile> Pis j'ai pas été si méchant :o
2014-09-22T22:47:16 <ELiDYROS> Non mais c'est juste dommage
2014-09-22T22:47:24 <Ikledoreboline> Laisses, ça va se calmer. ça fini toujours par revenir.
2014-09-22T22:47:31 <Lenile> Mouais
2014-09-22T22:47:38 <Lenile> Elle avais l'air gentille
2014-09-22T22:47:42 <Lenile> Mais un peut seche ~
2014-09-22T22:47:46 <Lenile> Mais gentille.
2014-09-22T22:47:50 <ELiDYROS> Les gens sont souvent secs sur internet
2014-09-22T22:47:52 <Lenile> J'pense qui faut la connaitre.
2014-09-22T22:47:53 <Ikledoreboline> Enfin pas toujours, mais pour une personne 75% de chance ou 3/4 de chances de revenir, là juste que tu l'as trop titiller xD
2014-09-22T22:47:58 <ELiDYROS> C'est difficile de percevoir
2014-09-22T22:48:09 *** DADV s'est connecté
2014-09-22T22:48:09 <Ikledoreboline> Moi je suis moins secs sur internet qu'en irl je trouve.
2014-09-22T22:48:18 <Lenile> El : C'est ma spécialitée d'Analyser les gens ~
2014-09-22T22:48:21 <Lenile> Dadv !
2014-09-22T22:48:30 <Lenile> Désoler si je t'es vexée ! je voulais pas :o
2014-09-22T22:48:30 <Ikledoreboline> Enfin, au début je me dévoile pas vraiment en irl après, tu me vois sur internet je suis pareil irl. xD
2014-09-22T22:48:33 <DADV> Ha j'avais bien perdu le net
2014-09-22T22:48:45 <Lenile> Menteuse !
2014-09-22T22:48:55 <Lenile> C'était marqué que t'a quitté la fenètre o/
2014-09-22T22:49:04 <Ikledoreboline> [Revenir] x'D
2014-09-22T22:49:18 <Lenile> Dadv : Excuse moi si j'ai pu etre sec ou vexant durant nos conversations. Je ne le voulais pas.
2014-09-22T22:49:21 <DADV> bah bien obligé de la fermé vu qu'en actualisant sa me propose de quitter la fenetre
2014-09-22T22:49:33 <Ikledoreboline> Pourquoi actualiser ? Bug de page ?
2014-09-22T22:49:43 <Lenile> Bref, je suis Lenile, enchanté de te connaitre n.n
2014-09-22T22:49:46 <DADV> bhé le logo en haut était rouge au lieu de vert
2014-09-22T22:50:05 <Ikledoreboline> C'est pas un crime enfin bon x'D
2014-09-22T22:50:11 <Lenile> ikledoreboline : Tu savais que j'avais un morceau de ver dans le pied ?
2014-09-22T22:50:22 <Lenile> verre*
2014-09-22T22:50:25 <Ikledoreboline> Moi il me manque 70% de la cervelle ?
2014-09-22T22:50:26 <Ikledoreboline> xD
2014-09-22T22:50:31 <Lenile> Oui de "Ver" c'est un peut crade.
2014-09-22T22:50:33 <Ikledoreboline> T'as fait comment ? :p
2014-09-22T22:50:52 <Ikledoreboline> (Si tu veux parler hardcore y'à pas de soucis j'ai 2 anecdotes)
2014-09-22T22:50:59 <Lenile> J'ai peter un verre et j'ai marché dessus
2014-09-22T22:51:00 <Berry-Punch> J'adore ça ! *hic* 
2014-09-22T22:51:21 <Lenile> Du coup ça faisait 3 jours qu'il me restait un petit morceau de verre dans le pied
2014-09-22T22:51:32 <Lenile> Corde / Couteau / aiguille.
2014-09-22T22:51:36 <Lenile> C'était génial
2014-09-22T22:51:43 <Ikledoreboline> T'es un bon. XD
2014-09-22T22:51:47 <Lenile> La corde pour coupé la circulation du sang.
2014-09-22T22:51:54 <Lenile> Couteau pour taillé en croix
2014-09-22T22:51:58 <Lenile> Et aiguille pour le retiré
2014-09-22T22:52:10 <Lenile> Et alcool à 70° pour bien rire à la fin o/
2014-09-22T22:52:10 <Berry-Punch> J'aimerais bien en reprendre, mais *hic* Colgate va se fâcher après…
2014-09-22T22:52:24 <Lenile> Alcool
2014-09-22T22:52:24 <Berry-Punch> J'adore *hic* ça !
2014-09-22T22:52:28 <Lenile> alcool
2014-09-22T22:52:28 <Berry-Punch> J'aimerais bien en reprendre, mais Colgate va se fâcher après… *hic* 
2014-09-22T22:52:32 <Lenile> HAHA !!!!
2014-09-22T22:52:35 <Ikledoreboline> (J'adore mon chat qui renifle ma feuille de cour qui fait genre: Wow ! C'est quoi ça j'ai jamais vu ! xD)
2014-09-22T22:52:51 <Lenile> Prend un verre...
2014-09-22T22:52:51 <Berry-Punch> Tu en as pour moi *hic* Lenile ?
2014-09-22T22:52:53 <Lenile> D'Alcool !
2014-09-22T22:52:53 <Berry-Punch> Tu en as pour moi Lenile ? *hic* 
2014-09-22T22:52:57 <Lenile> MOUHAHAHAHA
2014-09-22T22:53:00 <Lenile> Verre
2014-09-22T22:53:02 <Ikledoreboline> Les gars on à perdu lenile. xD
2014-09-22T22:53:07 <Lenile> Alcool !
2014-09-22T22:53:07 <Berry-Punch> J'adore *hic* ça !
2014-09-22T22:53:16 * Berry-Punch lance un muffin sur ikledoreboline à 19 km/h
2014-09-22T22:53:16 <Lenile> !muffin ikledoreboline
2014-09-22T22:53:20 <Lenile> MOUHAHAHAHAHA
2014-09-22T22:53:22 * Berry-Punch lance un muffin sur Lenile à 1563 km/h
2014-09-22T22:53:22 <Berry-Punch> MUFFIN RAINBOOM !! *hic* 
2014-09-22T22:53:22 <Ikledoreboline> !muffin Lenile
2014-09-22T22:53:26 <Ikledoreboline> petit joueur. XD
2014-09-22T22:53:32 <Lenile> JE SUIS LE MAITRE DE BERRY !!!
2014-09-22T22:53:36 * Berry-Punch lance un muffin sur ikledoreboline à 1761 km/h
2014-09-22T22:53:36 <Berry-Punch> MUFFIN RAINBOOM *hic* !!
2014-09-22T22:53:36 <Lenile> !muffin ikledoreboline
2014-09-22T22:53:41 <Lenile> T'a dit quoi ?
2014-09-22T22:53:42 * Berry-Punch lance un muffin sur Lenile à 438 km/h
2014-09-22T22:53:42 <Ikledoreboline> !muffin Lenile
2014-09-22T22:53:46 <Ikledoreboline> Annnw sérieux ! xD
2014-09-22T22:53:48 <Lenile> Petit joueur n.n
2014-09-22T22:53:59 <Ikledoreboline> anw, DADV faut lui faire tiens.
2014-09-22T22:54:01 <Lenile> LET IT GOOOO
2014-09-22T22:54:04 * Berry-Punch lance un muffin sur DADV à 619 km/h
2014-09-22T22:54:04 <Ikledoreboline> !muffin DADV
2014-09-22T22:54:04 <Lenile> LET IT GOOOO
2014-09-22T22:54:16 <Lenile> TURN AWAY BACK THE DOOR
2014-09-22T22:54:21 <DADV> ?
2014-09-22T22:54:26 <Lenile> (Ouais j'ai un anglais de merde 8D )
2014-09-22T22:54:30 * Berry-Punch lance un muffin sur ikledoreboline à 891 km/h
2014-09-22T22:54:30 <Lenile> !muffin ikledoreboline
2014-09-22T22:54:37 * Berry-Punch lance un muffin sur Lenile à 1156 km/h
2014-09-22T22:54:37 <Ikledoreboline> !muffin Lenile
2014-09-22T22:54:38 <Lenile> Petit joueur Ikle n.n
2014-09-22T22:54:41 * Berry-Punch lance un muffin sur ikledoreboline à 902 km/h
2014-09-22T22:54:41 <Lenile> !muffin ikledoreboline
2014-09-22T22:54:42 * Berry-Punch lance un muffin sur Lenile à 282 km/h
2014-09-22T22:54:42 <ValCab33> !muffin Lenile
2014-09-22T22:54:44 * Berry-Punch lance un muffin sur ikledoreboline à 53 km/h
2014-09-22T22:54:44 <Lenile> !muffin ikledoreboline
2014-09-22T22:54:44 * Berry-Punch lance un muffin sur Lenile à 1239 km/h
2014-09-22T22:54:44 <Berry-Punch> MUFFIN RAINBOOM *hic* !!
2014-09-22T22:54:44 <Ikledoreboline> !muffin Lenile
2014-09-22T22:54:46 * Berry-Punch lance un muffin sur ikledoreboline à 611 km/h
2014-09-22T22:54:46 <Lenile> !muffin ikledoreboline
2014-09-22T22:54:51 * Berry-Punch lance un muffin sur Lenile à 1080 km/h
2014-09-22T22:54:51 <Ikledoreboline> !muffin Lenile
2014-09-22T22:54:57 <Lenile> Le reccord est à 1727Km/h
2014-09-22T22:55:00 * Berry-Punch lance un muffin sur ikledoreboline à 1759 km/h
2014-09-22T22:55:00 <Berry-Punch> MUFFIN *hic* RAINBOOM !!
2014-09-22T22:55:00 <Lenile> !muffin ikledoreboline
2014-09-22T22:55:04 <ELiDYROS> Vous êtes sérieux là ?
2014-09-22T22:55:05 <Lenile> 1759*
2014-09-22T22:55:07 <Ikledoreboline> pfff... xD
2014-09-22T22:55:17 * Berry-Punch lance un muffin sur ELiDYROS à 1910 km/h
2014-09-22T22:55:17 <Berry-Punch> MUFFIN RAINBOOM !! *hic* 
2014-09-22T22:55:17 <Lenile> !muffin ELiDYROS
2014-09-22T22:55:21 <Lenile> 1910
2014-09-22T22:55:22 <Lenile> 8D
2014-09-22T22:55:43 <Ikledoreboline> Bon k'afk 10 minutes histoire de finir de copier mon paragraphe lol
2014-09-22T22:55:48 <Lenile> Quand je vous dit que c'est ma Berry, c'est ma Berry 8D
2014-09-22T22:56:02 <Lenile> Gg la punition Ikledoreboline o/
2014-09-22T22:56:13 <Ikledoreboline> C'est pas une punition c'est un devoir de français
2014-09-22T22:56:16 <Lenile> Sinon, t'aime bien la Reine des Neige Dadv ? '3'
2014-09-22T22:56:32 <DADV> je supporte pas du tout, c'est vraiment une belle merde
2014-09-22T22:56:37 <Ikledoreboline> je dois faire un conte minimum 40 lignes j'ai écrit 51 pour le début... J'ai à peine rencontrer la méchant j'ai pas fini l'histoire
2014-09-22T22:56:39 <DADV> désolé du langage
2014-09-22T22:56:40 <Ikledoreboline> je dois le rendre demain xD
2014-09-22T22:56:49 <Ikledoreboline> xDDD
2014-09-22T22:56:57 <Ikledoreboline> Let it go ! *prout*
2014-09-22T22:57:17 <Lenile> Dadv : Pourquoi t'aime pas ? :o
2014-09-22T22:57:24 <Lenile> S'quoi ton style à toi ? o/
2014-09-22T22:57:32 <ValCab33> Frozen > La reine des neiges
2014-09-22T22:57:49 <Ikledoreboline> On va éviter les blagues de merde..
2014-09-22T22:58:05 <Lenile> Ouais vaut mieu...
2014-09-22T22:58:11 * Berry-Punch lance un muffin sur ikledoreboline à 1442 km/h
2014-09-22T22:58:11 <Berry-Punch> MUFFIN *hic* RAINBOOM !!
2014-09-22T22:58:11 <Lenile> !muffin ikledoreboline
2014-09-22T22:58:12 <DADV> c'est fade, les chansons sont d'un chiant
2014-09-22T22:58:15 <Lenile> MOUHAHAHA
2014-09-22T22:58:19 <Lenile> Mhh...
2014-09-22T22:58:30 <Lenile> Les musiques sont trop classes '3'
2014-09-22T22:58:31 * Berry-Punch lance un muffin sur Lenile à 1308 km/h
2014-09-22T22:58:31 <Berry-Punch> MUFFIN *hic* RAINBOOM !!
2014-09-22T22:58:31 <Ikledoreboline> !muffin Lenile
2014-09-22T22:58:35 <Lenile> Chacuns ces gouts '3'
2014-09-22T22:58:38 <Lenile> Petit joueur
2014-09-22T22:58:40 <Lenile> n.n
2014-09-22T22:58:47 <DADV> pour une gamine de 13ans oui certainement
2014-09-22T22:58:52 <Lenile> ./)°3°(
2014-09-22T22:59:00 <Lenile> Bah... My little pony....
2014-09-22T22:59:07 <Lenile> Hum...
2014-09-22T22:59:17 * Lenile se racle la gorge
2014-09-22T22:59:33 <DADV> C'est pas comme si c'était comparable
2014-09-22T22:59:41 <Lenile> Baaah...
2014-09-22T22:59:46 <Lenile> Sur cet argument....
2014-09-22T22:59:47 <Lenile> Si....
2014-09-22T22:59:56 <Ikledoreboline> Dans mon conte ya Chrysalis en méchante bitch pls..
2014-09-22T23:00:08 <ELiDYROS> Chryssy est pas méchante
2014-09-22T23:00:16 <Ikledoreboline> Mais sa, les personnes dans ma classe le savent pas muah ah ah ah
2014-09-22T23:00:20 <Lenile> Chryssy est Swaaaaaaag
2014-09-22T23:00:29 <Ikledoreboline> *brûle Lenile avec de l'essence* nop
2014-09-22T23:00:41 * Berry-Punch lance un muffin sur ikledoreboline à 166 km/h
2014-09-22T23:00:41 <Lenile> !muffin ikledoreboline
2014-09-22T23:00:45 <Lenile> ... :(
2014-09-22T23:00:46 * Berry-Punch lance un muffin sur Lenile à 83 km/h
2014-09-22T23:00:47 <Ikledoreboline> !muffin Lenile
2014-09-22T23:00:49 <Ikledoreboline> m'ak XD
2014-09-22T23:00:51 <Lenile> HAHAHAHA
2014-09-22T23:00:55 <Lenile> LA GROSSE DAUBE !!!
2014-09-22T23:00:57 * Berry-Punch lance un muffin sur Lenile à 570 km/h
2014-09-22T23:00:57 <Ikledoreboline> !muffin Lenile
2014-09-22T23:01:00 <Lenile> TES DAUBER DU CUL !!!
2014-09-22T23:01:02 <ELiDYROS> Le problème de Frozen c'est que tout internet tente de te persuader que c'est le film du siècle
2014-09-22T23:01:03 * Berry-Punch lance un muffin sur ikledoreboline à 472 km/h
2014-09-22T23:01:03 <Lenile> !muffin ikledoreboline
2014-09-22T23:01:06 <Ikledoreboline> XDD
2014-09-22T23:01:08 <Lenile> Hawn
2014-09-22T23:01:09 <Lenile> xD
2014-09-22T23:01:15 <Ikledoreboline> Il est pas extra extra
2014-09-22T23:01:18 <DADV> +1 Eli
2014-09-22T23:01:18 * Berry-Punch lance un muffin sur Lenile à 904 km/h
2014-09-22T23:01:18 <Ikledoreboline> !muffin Lenile
2014-09-22T23:01:22 <Lenile> Il est de bonne qualitée
2014-09-22T23:01:24 * Berry-Punch lance un muffin sur ikledoreboline à 1854 km/h
2014-09-22T23:01:24 <Berry-Punch> MUFFIN RAINBOOM *hic* !!
2014-09-22T23:01:24 <Lenile> !muffin ikledoreboline
2014-09-22T23:01:29 <Lenile> Bitch pls
2014-09-22T23:01:31 <Ikledoreboline> fuck you xD
2014-09-22T23:01:40 <Lenile> Alcool$
2014-09-22T23:01:40 <Berry-Punch> Tu en as pour moi *hic* Lenile ?
2014-09-22T23:01:44 <Lenile> Colgate
2014-09-22T23:01:45 <DADV> Même techniquement, c'est pas transcendant jtrouve
2014-09-22T23:01:56 <ELiDYROS> Sérieux, soit personne parle, soit on fait spam le bot
2014-09-22T23:02:02 <ELiDYROS> Ca relève pas le niveau
2014-09-22T23:02:02 <Lenile> En tout cas moi j'ai apprecié
2014-09-22T23:02:28 <Lenile> J'suis sencé faire une Analyse pour Mardi
2014-09-22T23:02:34 <Lenile> Sur l'heure de l'invitée
2014-09-22T23:02:39 <Lenile> Du Poney Blanc
2014-09-22T23:02:52 <Lenile> J'ai AUCUNE IDEE DE QUOI FAIRE
2014-09-22T23:02:56 <Lenile> Sur Pinkie Pie e.e
2014-09-22T23:03:37 <Ikledoreboline> ELiDYROS: le bot est plus coopérative il semblerait, et Lenile à un faible pour lui il semblerait. XD
2014-09-22T23:04:13 <Lenile> Elle*
2014-09-22T23:04:17 <Lenile> Berry est une fille :(
2014-09-22T23:04:31 <Ikledoreboline> Idk
2014-09-22T23:04:58 <ELiDYROS> Moi je parle à ma poignée de porte des fois, c'est chouette.
2014-09-22T23:05:03 <Lenile> J'pourais pompé l'Analyse de Pinkie pie de EQD
2014-09-22T23:05:09 <Lenile> Mais ça fait moche apres
2014-09-22T23:05:30 <DADV> tu lui parles ou tu lui fais des choses comme pour ton pass VIP ;o
2014-09-22T23:05:42 <Lenile> xDDDD
2014-09-22T23:05:44 <Lenile> VLAM
2014-09-22T23:05:48 <Lenile> GG DADV xD
2014-09-22T23:06:45 <DADV> :)
2014-09-22T23:07:19 <DADV> je mangerais bien des tortillas...
2014-09-22T23:07:31 <Lenile> J'mangerais bien des Ramens moi tu vois e.e
2014-09-22T23:08:09 <DADV> grignoter des ramens, c'est compliqué
2014-09-22T23:08:17 <Lenile> xD
2014-09-22T23:08:21 <Lenile> Tu les manges secs
2014-09-22T23:08:27 <Lenile> Comme un gateau de rix o/
2014-09-22T23:08:30 <Lenile> riz*
2014-09-22T23:08:43 <Lenile> Et pour se que ça nourris les ramens ~
2014-09-22T23:08:43 <Ikledoreboline> Chuut, ça donne faim, je vais aller chercher un kinder bueno sinon xD
2014-09-22T23:09:09 <Lenile> Moi je vais me chercher de L'alcool !
2014-09-22T23:09:09 <Berry-Punch> J'aimerais bien en reprendre, mais Colgate va se fâcher *hic* après…
2014-09-22T23:09:12 <Lenile> o/
2014-09-22T23:09:18 <Lenile> Merci Berre o/
2014-09-22T23:09:21 <Lenile> Berry*
2014-09-22T23:09:33 <Lenile> Apres le Falco Punch
2014-09-22T23:09:37 <Lenile> Les BERRY PUNCH
2014-09-22T23:09:50 * Lenile Part tres loin
2014-09-22T23:09:58 <Lenile> Tu sera à l'animasia Dadv ?
2014-09-22T23:10:59 <DADV> oui
2014-09-22T23:11:26 <Ikledoreboline> Tu y vas en tenue particulière ?
2014-09-22T23:11:47 <Lenile> Directement Ikle...
2014-09-22T23:11:52 <DADV> j'ai prévue un cosplay, mais j'ai pas regardé le programme pour savoir si y'a un concours samedi ou dimanche ou les deux
2014-09-22T23:11:53 <Lenile> Tu me déçoi....
2014-09-22T23:12:38 <Lenile> Bah les inscriptions au concours son terminées.
2014-09-22T23:12:40 <Ikledoreboline> N'importe quoi, moi je séduis personne mon gars. xD
2014-09-22T23:12:52 <Ikledoreboline> Je peux savoir en quoi tu te cosplay savoir si je te connais ? x'D
2014-09-22T23:12:52 <DADV> >_<
2014-09-22T23:13:22 <DADV> je tentes cet année Sonico
2014-09-22T23:14:00 <Ikledoreboline> Bon je ne te connais pas, mais sinon niveau cosplay pour se personnage habille toi vas-y pas nue. xD
2014-09-22T23:14:30 <Lenile> TOUT LE MONDE A POELE !
2014-09-22T23:14:47 <Ikledoreboline> *va chercher un truc à manger tellement que Lenile le met mal à l'aise*
2014-09-22T23:16:11 <DADV> oui je suis pas folle ^^ , c'est par rapport à cette tenue : http://th09.deviantart.net/fs70/PRE/f/2014/158/6/6/sdsdgfsdgsd_by_poppyoreos-d7lh9a1.png
2014-09-22T23:16:38 <Ikledoreboline> re
2014-09-22T23:16:53 <DADV> Eli parle vraiment à sa poignée je crois :)
2014-09-22T23:17:09 <Ikledoreboline> D'acc, sympa hâte de voir ton cosplay ;)
2014-09-22T23:17:25 <Ikledoreboline> Enfin je veux voir le cosplay de tout le monde mais bon /o
2014-09-22T23:17:41 <Lenile> Moi je veux les cosplay les plus dénudées.
2014-09-22T23:17:54 <Lenile> Bon ! Je m'en vais faire dodo
2014-09-22T23:17:54 <Ikledoreboline> Hentai.. xD
2014-09-22T23:17:57 <Lenile> Bonne nuit !
2014-09-22T23:18:01 <Ikledoreboline> Bonne nuit pervers ;)
2014-09-22T23:18:11 <Lenile> J'suis pas un pervers e.e
2014-09-22T23:18:27 <Lenile> J'ai juste une vie sexuelle plus développée que la tienne 8D
2014-09-22T23:18:36 <Ikledoreboline> xD
2014-09-22T23:18:38 <Ikledoreboline> D'ailleurs
2014-09-22T23:18:45 <Ikledoreboline> Tu me fais penser toi aussi t'es sur bruges XD
2014-09-22T23:18:45 <Lenile> Aller berry une dernière pour la route ~
2014-09-22T23:18:59 * Berry-Punch lance un muffin sur Ikledoreboline à 1585 km/h
2014-09-22T23:18:59 <Berry-Punch> MUFFIN RAINBOOM !! *hic* 
2014-09-22T23:18:59 <Lenile> !muffin Ikledoreboline
2014-09-22T23:19:02 <Lenile> DTC
2014-09-22T23:19:04 * Berry-Punch lance un muffin sur Lenile à 1045 km/h
2014-09-22T23:19:04 <Ikledoreboline> !muffin Lenile
2014-09-22T23:19:07 <Ikledoreboline> Pfff  !!
2014-09-22T23:19:12 <Lenile> MOUHAHAHAHAHAHA
2014-09-22T23:19:15 * Berry-Punch lance un muffin sur Lenile à 3405 km/h
2014-09-22T23:19:15 <Berry-Punch> MUFFIN RAINBOOM *hic* !!
2014-09-22T23:19:15 <ValCab33> !muffin Lenile m
2014-09-22T23:19:20 <ValCab33> Muahahaha
2014-09-22T23:19:25 <Lenile> Enfoireeeeeee !
2014-09-22T23:19:35 <ELiDYROS> ….
2014-09-22T23:19:36 * Berry-Punch lance un muffin sur ValCab33 à 1692 km/h
2014-09-22T23:19:36 <Berry-Punch> MUFFIN RAINBOOM !! *hic* 
2014-09-22T23:19:36 <Lenile> !muffin ValCab33
2014-09-22T23:19:37 <Ikledoreboline> xDDD merci ValCab33 le vengeur masqué xD
2014-09-22T23:19:41 * Berry-Punch lance un muffin sur ValCab33 à 452 km/h
2014-09-22T23:19:41 <Lenile> !muffin ValCab33
2014-09-22T23:19:43 * Berry-Punch lance un muffin sur ValCab33 à 1593 km/h
2014-09-22T23:19:43 <Berry-Punch> MUFFIN *hic* RAINBOOM !!
2014-09-22T23:19:43 <Lenile> !muffin ValCab33
2014-09-22T23:19:45 * Berry-Punch lance un muffin sur ValCab33 à 835 km/h
2014-09-22T23:19:45 <Lenile> !muffin ValCab33
2014-09-22T23:19:47 <ValCab33> xD
2014-09-22T23:19:47 <Lenile> u.u
2014-09-22T23:19:50 * Berry-Punch lance un muffin sur ValCab33 à 630 km/h
2014-09-22T23:19:50 <Lenile> !muffin ValCab33
2014-09-22T23:19:52 * Berry-Punch lance un muffin sur ValCab33 à 1464 km/h
2014-09-22T23:19:52 <Berry-Punch> MUFFIN RAINBOOM !! *hic* 
2014-09-22T23:19:52 <Lenile> !muffin ValCab33
2014-09-22T23:19:54 * Berry-Punch lance un muffin sur ValCab33 à 851 km/h
2014-09-22T23:19:54 <Lenile> !muffin ValCab33
2014-09-22T23:19:57 * Berry-Punch lance un muffin sur ValCab33 à 1330 km/h
2014-09-22T23:19:57 <Berry-Punch> MUFFIN *hic* RAINBOOM !!
2014-09-22T23:19:57 <Lenile> !muffin ValCab33
2014-09-22T23:19:59 * Berry-Punch lance un muffin sur Lenile à 2521 km/h
2014-09-22T23:19:59 <Berry-Punch> MUFFIN *hic* RAINBOOM !!
2014-09-22T23:19:59 <ValCab33> !muffin Lenile m
2014-09-22T23:20:05 <Lenile> Je m'incline...
2014-09-22T23:20:06 * Berry-Punch lance un muffin sur ValCab33 à 347 km/h
2014-09-22T23:20:06 <Lenile> !muffin ValCab33
2014-09-22T23:20:08 <Ikledoreboline> Lenile laisse tomber tu t'es fait violer c'est tout xD
2014-09-22T23:20:11 * Berry-Punch lance un muffin sur ValCab33 à 452 km/h
2014-09-22T23:20:11 <Lenile> !muffin ValCab33
2014-09-22T23:20:13 * Berry-Punch lance un muffin sur ValCab33 à 818 km/h
2014-09-22T23:20:13 <Lenile> !muffin ValCab33
2014-09-22T23:20:18 * Berry-Punch lance un muffin sur ValCab33 à 341 km/h
2014-09-22T23:20:18 <Lenile> !muffin ValCab33
2014-09-22T23:20:20 <ELiDYROS> on peut pas masquer ces putains de bots !?
2014-09-22T23:20:22 <Lenile> HAAAAAN
2014-09-22T23:20:30 * Berry-Punch lance un muffin sur ELiDYROS à 1771 km/h
2014-09-22T23:20:30 <Berry-Punch> MUFFIN RAINBOOM *hic* !!
2014-09-22T23:20:30 <Lenile> !muffin ELiDYROS
2014-09-22T23:20:36 <ValCab33> T'as pas la technique s'too
2014-09-22T23:20:41 <Lenile> S'marche mieu sur El'
2014-09-22T23:20:43 * Berry-Punch lance un muffin sur ELiDYROS à 1483 km/h
2014-09-22T23:20:43 <Berry-Punch> MUFFIN *hic* RAINBOOM !!
2014-09-22T23:20:43 <Lenile> !muffin ELiDYROS
2014-09-22T23:20:45 <Ikledoreboline> Essaye d'ingorer Berry-Punch ELiDYROS
2014-09-22T23:20:50 * Berry-Punch lance un muffin sur ELiDYROS à 1338 km/h
2014-09-22T23:20:51 <Berry-Punch> MUFFIN RAINBOOM !! *hic* 
2014-09-22T23:20:51 <Lenile> !muffin ELiDYROS
2014-09-22T23:20:56 * Berry-Punch lance un muffin sur ValCab33 à 9 km/h
2014-09-22T23:20:57 <Lenile> !muffin ValCab33
2014-09-22T23:21:02 <Lenile> 9Km/h x.x
2014-09-22T23:21:04 <ValCab33> XD
2014-09-22T23:21:04 * Berry-Punch lance un muffin sur ValCab33 à 1238 km/h
2014-09-22T23:21:04 <Berry-Punch> MUFFIN *hic* RAINBOOM !!
2014-09-22T23:21:04 <Lenile> !muffin ValCab33
2014-09-22T23:21:08 * Berry-Punch lance un muffin sur ValCab33 à 1655 km/h
2014-09-22T23:21:08 <Berry-Punch> MUFFIN *hic* RAINBOOM !!
2014-09-22T23:21:08 <Lenile> !muffin ValCab33
2014-09-22T23:21:10 <Ikledoreboline> R.I.D.I.C.U.L.E
2014-09-22T23:21:12 <Lenile> alcool
2014-09-22T23:21:12 <Berry-Punch> J'adore *hic* ça !
2014-09-22T23:21:14 <Lenile> alcool
2014-09-22T23:21:15 <Berry-Punch> Qu'est-ce *hic* que j'ai soif…
2014-09-22T23:21:17 <ELiDYROS> ouais ça marche sauf que je vois toujours le spam débile
2014-09-22T23:21:28 <Lenile> Prend un peut d'alcool
2014-09-22T23:21:28 <Berry-Punch> Qu'est-ce que *hic* j'ai soif…
2014-09-22T23:21:30 <Lenile> xD
2014-09-22T23:21:34 <Lenile> Bonne nuit xD
2014-09-22T23:21:45 <ValCab33> Bonne nuit
2014-09-22T23:21:48 *** Lenile est parti
2014-09-22T23:22:01 <Ikledoreboline> Bonne nuit, bon je fais nuit blanche sinon je vais jamais finir mon histoire --'
2014-09-22T23:22:10 <Ikledoreboline> ça fait 2 f... hours que je suis dessus !
2014-09-22T23:22:12 <ELiDYROS> bn
2014-09-22T23:22:54 <Ikledoreboline> Je dormirais en cours o/
2014-09-22T23:23:37 <Ikledoreboline> En plus j'ai une heure de trou nickel !
2014-09-22T23:24:42 <Ikledoreboline> Oh, j'ai réussi à refaire mettre en ligne une superbe musique d'un gars aller écouter ^^ https://www.youtube.com/watch?v=21_4yDrhn4o
2014-09-22T23:25:14 <Ikledoreboline> Je trouve ça con que les personnes talentueux sont moins connus que d'autres qui sont de vrais ... humf.
2014-09-22T23:26:16 <DADV> Bn
2014-09-22T23:26:23 <Ikledoreboline> Bonne nuit à une prochaine ;)
2014-09-22T23:26:38 *** DADV est parti
2014-09-22T23:38:08 <ELiDYROS> encore une bonne image de l'accueil envers les filles
2014-09-22T23:49:58 <Ikledoreboline> baah
2014-09-22T23:50:21 <Ikledoreboline> Je me sens pas visé. Mais certains devraient. XD
2014-09-22T23:50:48 *** Pinkysalis s'est connecté
2014-09-22T23:51:04 <ELiDYROS> On en parlé une fois déjà
2014-09-22T23:51:28 <ELiDYROS> en a *
2014-09-22T23:51:58 <ELiDYROS> Je demandais "Où sont les filles du collectif ? Pourquoi on les voit jamais aux meetups ?"
2014-09-22T23:53:18 *** Pinkysalis est parti
2014-09-22T23:57:03 <Ikledoreboline> Faut en parler avec quelques membres je pense.
