2014-09-16T00:12:41 *** ValCab s'est connecté
2014-09-16T00:12:42 *** ValCab33 est parti
2014-09-16T00:13:41 <Ikledoreboline> Oh yeah dance du onche onche, 12,50 sur un truc que j'ai jamais révisé l'année dernière et cette année que nous allons réutilisé et qu'on à déjà re-eut le contrôle onche onche x'D
2014-09-16T00:14:27 <Ikledoreboline> Sinon les gens quoi de beau de votre journée du Lundi 15 Septembre 2014 ? xD
2014-09-16T00:15:40 *** ValCab33 s'est connecté
2014-09-16T00:15:41 *** ValCab est parti
2014-09-16T00:25:43 <Ikledoreboline> ValCab33: en mode galérien ce soir ? ^^
2014-09-16T00:26:28 <ValCab33> Ca déco-reco tout seul, je capte pas super bien le wifi dans ma chambre
2014-09-16T00:27:43 <Ikledoreboline> Ah ok connexion wi-fi tout s'explique x_x
2014-09-16T00:29:32 <ValCab33> Bawé, le wifi ca passe pas très bien dans des murs en pierre de 50cm d'epaisseur...
2014-09-16T00:29:45 <Ikledoreboline> x'DDD
2014-09-16T00:29:57 <Ikledoreboline> T'as du bol ya pas de l'aluminium dans les murs x')
2014-09-16T00:30:38 <ValCab33> La maison est trop vieille, y connaissaient pas a l'epoque :p
2014-09-16T00:31:12 <Ikledoreboline> ^^
2014-09-16T00:31:35 <Ikledoreboline> ça serait un truc d'enfoiré quand même dans les futurs bâtiment pour pas se faire voler la clé wi-fi
2014-09-16T00:33:40 *** MaCharon est parti
2014-09-16T00:35:02 *** ValCab s'est connecté
2014-09-16T00:35:02 *** ValCab33 est parti
2014-09-16T00:58:57 <Ikledoreboline> https://www.youtube.com/watch?v=0AoyiZ0JFLM x'D un bon vieux star wars déconne. ^^ j'ai pas vue la saison 2 je l'attendais ya longtemps :o
2014-09-16T01:06:32 <Ikledoreboline> http://www.dailymotion.com/video/x3epxp_star-wars-deconne-n-19-dago-bad-boy_fun celui-ci est plus fun x'3
2014-09-16T01:13:44 *** ValCab est parti
2014-09-16T01:21:36 *** adriens33 est parti
2014-09-16T01:23:32 <Berry-Punch> Voilà ce qu'il s'est passé *hic* ces 10 dernières lignes, adriens33
2014-09-16T01:23:35 *** adriens33 s'est connecté
2014-09-16T01:24:55 <Ikledoreboline> "Pour aller danser le Jerk sur da la music pop" ♪ xD
2014-09-16T01:34:50 <Ikledoreboline> Bonne nuit all !
2014-09-16T01:34:53 *** Ikledoreboline est parti
2014-09-16T01:41:04 *** adriens33 est parti
2014-09-16T01:43:02 <Berry-Punch> Voilà ce qu'il *hic* s'est passé ces 10 dernières lignes, adriens33
2014-09-16T01:43:07 *** adriens33 s'est connecté
2014-09-16T02:03:45 *** Silou est parti
2014-09-16T02:18:00 *** adriens33 est parti
2014-09-16T04:04:43 *** Gordfang est parti
2014-09-16T07:45:16 <Berry-Punch> Voilà ce qu'il *hic* s'est passé ces 10 dernières lignes, adriens33
2014-09-16T07:45:17 *** adriens33 s'est connecté
2014-09-16T07:57:12 *** Ikledoreboline s'est connecté
2014-09-16T07:57:18 <adriens33> hello :)
2014-09-16T07:57:46 <Ikledoreboline> Yo Adrien t'es bien matinal ^^
2014-09-16T07:57:56 <Ikledoreboline> Ça va ? :p
2014-09-16T07:57:59 <adriens33> voui
2014-09-16T07:58:00 <adriens33> et toi N?
2014-09-16T07:58:59 <Ikledoreboline> Oui niquel même si je suis un peu vénère à cause du bus
2014-09-16T07:59:04 <adriens33> ah ?
2014-09-16T07:59:12 <adriens33> bus en retard ? :p
2014-09-16T07:59:52 <Ikledoreboline> Trop de monde dedans et les personnes trop connes pour s'asseoir et se pousser pas le bus en lui même pour une fois XD
2014-09-16T08:00:05 <adriens33> ah, ok… ^^
2014-09-16T08:01:16 <Ikledoreboline> Et dis-moi, tu as cours ou autre aujourd'hui ou ? x3
2014-09-16T08:01:22 <adriens33> nope
2014-09-16T08:02:59 <Ikledoreboline> T'as pas dormi ou très matinal ? XD
2014-09-16T08:03:13 <adriens33> nan, vient de me lever ^^
2014-09-16T08:03:47 <Ikledoreboline> Ah ok moi j'y go à tal
2014-09-16T08:03:50 <adriens33> ++
2014-09-16T08:04:07 *** Ikledoreboline est parti
2014-09-16T08:25:15 *** adriens33 est parti
2014-09-16T08:40:57 <Berry-Punch> Voilà *hic* ce qu'il s'est passé ces 10 dernières lignes, adriens33
2014-09-16T08:40:59 *** adriens33 s'est connecté
2014-09-16T09:30:05 *** Silou s'est connecté
2014-09-16T09:47:48 <adriens33> Salut Silou :3
2014-09-16T09:47:52 <Silou> plop
2014-09-16T10:07:17 *** TrappyTickles s'est connecté
2014-09-16T10:12:28 <adriens33> salut
2014-09-16T10:16:15 *** Ikledoreboline s'est connecté
2014-09-16T10:16:32 <Ikledoreboline> Yo et le :p !
2014-09-16T10:16:36 <Ikledoreboline> Re*
2014-09-16T10:24:30 *** Ikledoreboline est parti
2014-09-16T10:27:34 *** Ikledoreboline s'est connecté
2014-09-16T10:27:49 <Ikledoreboline> Sorry la déco mobil ^^
2014-09-16T10:41:09 *** Ikledoreboline est parti
2014-09-16T10:43:35 *** Ikledoreboline s'est connecté
2014-09-16T10:49:21 *** Ikledoreboline est parti
2014-09-16T11:03:08 *** Ikledoreboline s'est connecté
2014-09-16T11:03:19 *** Ikledoreboline est parti
2014-09-16T11:32:38 *** Letarumavza s'est connecté
2014-09-16T12:24:03 *** MaCharon s'est connecté
2014-09-16T12:24:12 <MaCharon> slt
2014-09-16T12:29:39 <adriens33> saluche
2014-09-16T12:46:09 *** wildfier s'est connecté
2014-09-16T12:46:12 <adriens33> hi
2014-09-16T12:46:20 <adriens33> (c'est plus court à dire :p
2014-09-16T12:46:21 <adriens33> )
2014-09-16T12:46:29 <wildfier> salut
2014-09-16T12:49:57 <adriens33> quoi de neuf ? :p
2014-09-16T12:54:22 <wildfier> j'ai un stage alterné pour cette année
2014-09-16T12:54:25 <wildfier> sinon rien de spécial
2014-09-16T12:54:32 <wildfier> et toi ?
2014-09-16T13:03:00 <Silou> Re
2014-09-16T13:03:31 <adriens33> pas grand chose pour le moment
2014-09-16T13:05:31 <adriens33> lol ^^ "msieu, j'ai oublié mon mot de passe... -encore ? quelle tête en l'air, tu vas finir prof !"
2014-09-16T13:06:08 <adriens33> http://www.luc-damas.fr/humeurs/ca-va-mal-finir/
2014-09-16T13:07:24 <wildfier> yep, je l'ai vu celle là :p
2014-09-16T13:10:30 *** ELiDYROS s'est connecté
2014-09-16T13:48:14 <adriens33> salut ELiDYROS
2014-09-16T13:49:59 <ELiDYROS> Salut.
2014-09-16T13:50:05 <adriens33> comment va ?
2014-09-16T13:50:21 <wildfier> yop
2014-09-16T13:50:26 <ELiDYROS> ça va
2014-09-16T14:44:06 <ELiDYROS> Quoi de neuf à part ça?
2014-09-16T14:44:28 <adriens33> pas grand chose de mon côté… ^^
2014-09-16T14:44:40 <adriens33> wildfier ?
2014-09-16T14:44:43 <wildfier> oui ?
2014-09-16T14:44:45 <adriens33> tu fais quoi d'intéressant ? :)
2014-09-16T14:44:49 <wildfier> je bosse XD
2014-09-16T14:44:53 <wildfier> très intéressant
2014-09-16T14:45:22 <adriens33> mais genre tu fais quoi ? :p
2014-09-16T14:49:25 <wildfier> je dois brancher notre appli à une web api existante de la mairie de Bdx
2014-09-16T14:49:40 <wildfier> et comme ils ont pas fait de doc
2014-09-16T14:50:01 <wildfier> il m'a fillé le code de l'app pour laquelle cette web api a été faite ...
2014-09-16T14:51:17 <wildfier> giroll ce soir ?
2014-09-16T15:05:43 <adriens33> okwé
2014-09-16T15:05:44 <adriens33> heu
2014-09-16T15:05:45 <adriens33> bah…
2014-09-16T15:05:49 <adriens33> why not :p
2014-09-16T15:05:54 <adriens33> j'ai rien de mieux à faire XD
2014-09-16T15:06:02 <adriens33> pis ça fait un moment que je suis pas viendu donc bon
2014-09-16T15:06:41 <ELiDYROS> C'est censé être quoi, un champignon ?
2014-09-16T15:11:09 <adriens33> giroll ?
2014-09-16T15:11:15 <adriens33> GIRonde Logiciels Libre
2014-09-16T15:11:25 <ELiDYROS> Ah
2014-09-16T15:11:30 <wildfier> ^^
2014-09-16T15:11:43 <ELiDYROS> Chez moi c'est un champignon jaune, très bon d'ailleurs
2014-09-16T15:11:58 <adriens33> ^^
2014-09-16T15:21:26 <ELiDYROS> Y a vraiment des trucs douteux sur les pages de fans MLP
2014-09-16T15:21:34 <adriens33> du genre ?
2014-09-16T15:21:36 <wildfier> facebook ?
2014-09-16T15:21:37 <ELiDYROS> ils arrivent à voir des trucs sexualisés dans n'importe quoi
2014-09-16T15:21:41 <ELiDYROS> ouais par exemple
2014-09-16T15:22:28 <ELiDYROS> Chais pas y en a qui devrait clairement calmer leur testostérone quoi
2014-09-16T15:22:45 <ELiDYROS> Surtout que c'est juste des dessins de poneys, enfin chais pas
2014-09-16T15:23:21 *** Ikledoreboline s'est connecté
2014-09-16T15:23:25 <Ikledoreboline> Re et yo bande de champignons !
2014-09-16T15:23:54 <wildfier> mais heu, j'suis pas un champi ...
2014-09-16T15:24:02 <wildfier> salut
2014-09-16T15:25:29 <Ikledoreboline> Vous allez bien ? (et wildfier tu galères pas trop avec ton truc à la mairie ? xD)
2014-09-16T15:25:38 <ELiDYROS> Pareil non, je fantasme pas sur le cul de Luna
2014-09-16T15:25:39 <ELiDYROS> meh
2014-09-16T15:25:49 <wildfier> houla
2014-09-16T15:25:51 <wildfier> XD
2014-09-16T15:26:11 <wildfier> j'imagine Ikledoreboline qui lis cette phrase sans contexte XD
2014-09-16T15:26:55 <Ikledoreboline> Semble t-il xD, omg sur steam un gars m'à écrit ça sur mon profil: "The beat goes on fearing fun" je suis allé voir et... T-T
2014-09-16T15:27:10 <ELiDYROS> Le contexte c'est que je suis un peu lassé de voir qu'autant de bronies voient un caractère sexuel dans chaque image de poney
2014-09-16T15:27:32 <Ikledoreboline> Surtout que c'est bizarre comme fantasme srx xD
2014-09-16T15:28:15 <ELiDYROS> Non je balancerai pas de noms de gens qui ont ce genre de fantasmes
2014-09-16T15:28:44 <Ikledoreboline> Je pense en connaître certains déjà ? xD
2014-09-16T15:28:49 <ELiDYROS> lol
2014-09-16T15:29:23 <Ikledoreboline> Mais je citerais pas non plus :')
2014-09-16T15:29:35 <ELiDYROS> Je re dans un moment, je dois aller chercher ma 3DS qui revient du SAV
2014-09-16T15:29:56 <Ikledoreboline> Okey à toute amuses-toi bien xD
2014-09-16T15:30:12 <ELiDYROS> Vu le prix que j'ai payé pour la réparation, ça m'amuse pas vraiment à vrai dire
2014-09-16T15:30:14 <ELiDYROS> Mais bob
2014-09-16T15:30:16 <ELiDYROS> bon*
2014-09-16T15:30:44 <wildfier> heu dans ma grande connerie, hmm je veux dire curiosité, je viens de chercher ton truc là Ikledoreboline, et je tombe sur un torrent ...
2014-09-16T15:30:48 <ELiDYROS> Sans 3DS je peux pas faire de sessions Monster Hunter en dehors de chez moi
2014-09-16T15:31:10 <Ikledoreboline> att wildfier... Je te l'envois en privé, et lol ELiDYROS xD
2014-09-16T15:31:28 <wildfier> ok
2014-09-16T15:32:10 <Ikledoreboline> ELiDYROS: si t'es pas parti comment t'as fait pour "détruire" ta ds ? x)
2014-09-16T15:33:14 <ELiDYROS> Je l'ai mise à charger un soir, le lendemain elle ne démarrait plus
2014-09-16T15:33:24 <ELiDYROS> Le témoin de charge ne s'allumait plus non plus
2014-09-16T15:33:46 <Ikledoreboline> Ta prise qui a merdé peut-être et qui à fait foiré ton chargeur et ta ds nop ?
2014-09-16T15:33:55 <ELiDYROS> Je sais pas
2014-09-16T15:34:14 <ELiDYROS> Mais étant donné comme je prends soin de mes affaires je doute que ce soit moi qui aie causé le problème
2014-09-16T15:34:24 <Ikledoreboline> ^^
2014-09-16T15:34:44 <adriens33> la batterie qu'a rendu l'âme sans doute
2014-09-16T15:35:08 <adriens33> j'ai eu exactement ce souci avec une gba sp
2014-09-16T15:35:32 <adriens33> batterie à plat, et quand j'essaie de charger le témoin s'allume pas
2014-09-16T15:35:39 <adriens33> et j'ai testé le chargeur et il a aucun souci
2014-09-16T15:35:46 <adriens33> c'est la batterie qu'est dead ^^
2014-09-16T15:36:49 <Ikledoreboline> ^^ bon jre !
2014-09-16T15:36:53 <adriens33> owké
2014-09-16T15:36:55 <adriens33> à pluche
2014-09-16T15:37:13 <wildfier> bye
2014-09-16T15:38:44 *** Pinkysalis s'est connecté
2014-09-16T15:40:31 *** Pinkysalis est parti
2014-09-16T15:40:45 *** Pinkysalis s'est connecté
2014-09-16T15:41:04 *** Pinkysalis est parti
2014-09-16T15:42:27 <Ikledoreboline> re
2014-09-16T15:42:42 <Ikledoreboline> Quelqu'un qui tente désespérément de se co ? xD
2014-09-16T15:47:38 <adriens33> bonne question :p
2014-09-16T16:15:09 *** Pinkysalis s'est connecté
2014-09-16T16:15:48 <Pinkysalis> Party changeling
2014-09-16T16:15:56 *** Pinkysalis est parti
2014-09-16T16:18:24 <Silou> lol
2014-09-16T16:22:01 <Ikledoreboline> d.a.f.u.q
2014-09-16T16:22:08 <adriens33> c'toi le fuq
2014-09-16T16:22:33 <Ikledoreboline> :'(
2014-09-16T16:22:49 <adriens33> mouhahahaha.
2014-09-16T16:25:07 <Ikledoreboline> T'es trop méchant D: ! espèce de Da !
2014-09-16T16:25:33 <adriens33> méheu :'(
2014-09-16T16:25:51 <Ikledoreboline> Omfg ce truc de gamin xD
2014-09-16T16:25:52 * adriens33 boude
2014-09-16T16:25:52 * Berry-Punch Donne un verre de vodka à adriens33
2014-09-16T16:25:52 <Berry-Punch> Tiens adriens33, pour *hic* te consoler :)
2014-09-16T16:25:59 <adriens33> z'en veut pas ! ze boude !
2014-09-16T16:26:00 * Berry-Punch Donne un verre de bière à adriens33
2014-09-16T16:26:00 <Berry-Punch> Tiens adriens33, pour te *hic* consoler :)
2014-09-16T16:26:06 * adriens33 jette le verre de vodka sur la tête de berry
2014-09-16T16:26:06 <Berry-Punch> J'aimerais bien *hic* en reprendre, mais Colgate va se fâcher après…
2014-09-16T16:26:10 <Ikledoreboline> xD
2014-09-16T16:26:19 * Berry-Punch est assommée par le verre
2014-09-16T16:27:12 * Berry-Punch se réveille
2014-09-16T16:27:19 <Berry-Punch> t'es pas sympa adriens33 *hic* :'(
2014-09-16T16:27:28 <Ikledoreboline> *s'envole dans une autre dimension*
2014-09-16T16:27:36 <Berry-Punch> nan reviens *hic* T.T
2014-09-16T16:27:50 <adriens33> héhé..
2014-09-16T16:29:01 <ELiDYROS> Re
2014-09-16T16:29:05 <adriens33> re :)
2014-09-16T16:31:22 <Ikledoreboline> re
2014-09-16T16:31:47 <Ikledoreboline> Faudrait qu'on me dise les commandes annexes de l'irc !
2014-09-16T16:31:57 <adriens33> hmm ? c'est pas des commandes d'irc ça
2014-09-16T16:32:02 <adriens33> c'est des commandes du bot ^^
2014-09-16T16:32:10 <adriens33> que tu peux envoyer en mp pour pas qu'on les voie
2014-09-16T16:32:11 <adriens33> genre
2014-09-16T16:32:15 * Berry-Punch lance un muffin sur Ikledoreboline à 1709 km/h
2014-09-16T16:32:15 <Berry-Punch> MUFFIN RAINBOOM !! *hic* 
2014-09-16T16:32:15 <adriens33> !muffin Ikledoreboline
2014-09-16T16:32:22 * Berry-Punch dormir profondément
2014-09-16T16:32:22 <adriens33> !do dormir profondément
2014-09-16T16:32:25 <Berry-Punch> booo *hic* !!
2014-09-16T16:32:25 <adriens33> !say booo !!
2014-09-16T16:32:35 <Berry-Punch> Bienvenue sur le chat *hic* de BronyCUB, Ikledoreboline !
2014-09-16T16:32:35 <Berry-Punch> Amuse-toi *hic* bien !
2014-09-16T16:32:35 <adriens33> !welcome Ikledoreboline
2014-09-16T16:32:35 <ELiDYROS> C'est quoi la commande pour que les gens parlent ?
2014-09-16T16:32:46 <adriens33> ELiDYROS: lancer des discutions ^^
2014-09-16T16:33:04 <adriens33> pis les gens ont pas forcément les yeux rivés sur le chat ^^
2014-09-16T16:33:22 <Ikledoreboline> Et comment vous cachez les commandes comme tu fais adrien ?
2014-09-16T16:33:30 <adriens33> ben tu l'envoie en mp au bot ^^
2014-09-16T16:33:34 <ELiDYROS> Beh les seuls moments où ça répond c'est lorsqu'il s'agit d'informatiquez
2014-09-16T16:33:37 <adriens33> /msg Berry-Punch ton texte
2014-09-16T16:33:46 <Ikledoreboline> okey thx
2014-09-16T16:34:16 <adriens33> ELiDYROS: bah.. essaie de parler de trucs, tu verras bien..
2014-09-16T16:34:31 <adriens33> au lieu de juste t'en aller quand ça parle pas ou de rouspéter ^^
2014-09-16T16:34:36 <adriens33> parce que ça donne pas envie de parler
2014-09-16T16:34:40 <adriens33> t'es pas le seul, hein
2014-09-16T16:34:43 <ELiDYROS> Si ça parle d'info ouais je reste pas
2014-09-16T16:34:44 <adriens33> mais bon voilà quoi
2014-09-16T16:34:49 * Berry-Punch m'ak
2014-09-16T16:35:04 <ELiDYROS> Mais si déjà quand je dis "bonjour ça va ?" personne ne répond bah ça incite pas à la discussion
2014-09-16T16:35:08 <adriens33> bah oui mais bon chacun parle de ce qu'il veut ^^ on a pas tous les mêmes centres d'intéret.
2014-09-16T16:35:33 <adriens33> mouais.
2014-09-16T16:35:49 <Ikledoreboline> Bah ELiDYROS moi je répondrais toujours, bon parfois en retard mais bon :p
2014-09-16T16:35:58 <ELiDYROS> Je fais pas l'amalgame
2014-09-16T16:36:13 <adriens33> moi j'ai trente mille fenêtres et plein de bureaux, et généralement quand je suis d'humeur et dispo j'essaie de répondre présent
2014-09-16T16:36:19 <ELiDYROS> Mais quand y a 25 personnes de connectées et qu'une seule répond à "bonjour" je me dis que les gens sont pas là
2014-09-16T16:36:24 <adriens33> mais bon y'a des moments ou je vois pas la notif ^^
2014-09-16T16:36:36 <adriens33> bah irc c'est souvent ça, hein, c'est  normal ^^
2014-09-16T16:36:37 <ELiDYROS> Le prenez pas personnellement hein
2014-09-16T16:36:46 <adriens33> mais bon râler parce que personne parle ça aide pas ;)
2014-09-16T16:37:01 <ELiDYROS> J'ai arrêté de raler, maintenant j'utilise le sarcasme
2014-09-16T16:37:16 <Ikledoreboline> adriens33: curieux de savoir tu travailles dans quoi exactement ^^ ?
2014-09-16T16:37:22 <adriens33> pff
2014-09-16T16:39:57 <Ikledoreboline> dafuq https://fbcdn-sphotos-f-a.akamaihd.net/hphotos-ak-xap1/v/t1.0-9/10610892_542343269244394_8627680923294717639_n.jpg?oh=e3848ad1450626fefc76354139a8bfa9&oe=54C986B2&__gda__=1418344558_90ea2e1652669cbba7815c2a844e6123
2014-09-16T16:40:07 <adriens33> oO
2014-09-16T16:40:43 <_gollum_> gollum aimer macdonalds…
2014-09-16T16:40:45 <ELiDYROS> Après peut être que je m'énerve car je vois ça partout, y compris sur Skype ou Facebook
2014-09-16T16:40:58 <_gollum_> eux pas me voler mon précieux…
2014-09-16T16:41:13 <_gollum_> sinon moi tuer vilains hobbits…
2014-09-16T16:41:45 <adriens33> ELiDYROS: bah le souci c'est que c'est un cercle vicieux ^^ plus tu t'en plains et moins ça donne envie de discuter.
2014-09-16T16:42:01 <ELiDYROS> Je sais
2014-09-16T16:42:52 <Ikledoreboline> xD
2014-09-16T16:42:54 <ELiDYROS> Mais c'est pas grave, les gens te diront que mes sujets de conversation ne sont pas intéressants ou trop "ciblés"
2014-09-16T16:43:04 <Ikledoreboline> Moi j'adore discuter mais parfois je préfère être dans mon coin ^^
2014-09-16T16:43:05 <adriens33> bah c'est pas que c'est pas intéressant
2014-09-16T16:43:26 <adriens33> c'est que t'as tes gouts à toi et que y'a des gens à qui ça intéresse pas
2014-09-16T16:43:29 <adriens33> genre comme toi avec l'info ^^
2014-09-16T16:43:33 <ELiDYROS> Encore heureux
2014-09-16T16:44:31 <ELiDYROS> Bah disons que c'est comme si je venais te parler en Japonais me disant que t'allais comprendre ce que je dis
2014-09-16T16:45:20 <adriens33> baheu… comment dire… moi j'en ai marre que quand je parle on me dise h24 "sors pas ta science" ou "ça intéresse personne c'que tu dis". donc bon...
2014-09-16T16:46:48 <ELiDYROS> Moi ça me dérange pas la science des autres, c'est juste qu'à bronycub tout le monde ne fait pas de l'info contrairement aux apparence ^^
2014-09-16T16:48:49 <Ikledoreboline> Vive la science yououh !
2014-09-16T16:48:57 <adriens33> hé oui jamy !
2014-09-16T16:49:03 <ELiDYROS> Puis moi je vais pas parler de graphisme, car j'ai du mal à me sortir de l'idée que les programmeurs détestent les graphistes
2014-09-16T16:49:14 <adriens33> c'est quoi ce cliché de merde oO
2014-09-16T16:49:20 <ELiDYROS> Du vécu
2014-09-16T16:49:24 <adriens33> c'est bien les graphistes
2014-09-16T16:49:37 <adriens33> c'est complémentaire avec les devs ^^
2014-09-16T16:49:45 <adriens33> le dev fait le fond, et le graphiste la forme ^^
2014-09-16T16:49:56 <adriens33> bon apres chacun doit rester à sa place :p
2014-09-16T16:50:00 <ELiDYROS> Sauf que certains programmeurs estiment que ce sont juste des branleurs qui font mumuse avec Photoshop, qui sabotent les projets
2014-09-16T16:50:26 <adriens33> bah les programmeurs en france sont considérés comme des merdes, alors que bah dans le logiciel c'est un peu la partie la plus importante
2014-09-16T16:50:35 <adriens33> et ça c'est faux, c'est juste un cliché.
2014-09-16T16:50:39 <adriens33> comme celui que je viens de dire…
2014-09-16T16:51:05 <ELiDYROS> En France tout ce qui est artistique ou technologique c'est considéré comme de la merde
2014-09-16T16:51:15 <adriens33> voui…
2014-09-16T16:51:32 <ELiDYROS> Si tu veux faire du cinéma ou lancer une startup qui ferait du logiciel … c'est mal barré
2014-09-16T16:51:50 <adriens33> et si tu veux faire dev, on te dit "non, en vrai, tu vas finir chef de projet donc ?"
2014-09-16T16:51:56 <adriens33> "non, je veux programmer bordel !"
2014-09-16T16:52:00 <adriens33> "mais c'est pas un vrai métier ça."
2014-09-16T16:52:28 <Ikledoreboline> +1 ELiDYROS
2014-09-16T16:52:43 <ELiDYROS> J'attends le jour où je me pointrai à pôle emploi en disant "j'ai un master en création de jeux vidéo"
2014-09-16T16:52:48 <ELiDYROS> Pour voir la réaction
2014-09-16T16:52:55 <adriens33> oui apres pole emploi…
2014-09-16T16:52:57 <adriens33> comment dire…
2014-09-16T16:52:58 <Ikledoreboline> "Informaticien c'est un métier ?" à ton avis connard ! xD
2014-09-16T16:52:58 <adriens33> lol ?
2014-09-16T16:53:19 <Ikledoreboline> rien un truc qu'on m'a dit une fois.
2014-09-16T16:53:34 <Ikledoreboline> J'ai très mal réagis xD
2014-09-16T16:53:53 <ELiDYROS> La vérité c'est que ce genre de personnes fuient la France
2014-09-16T16:54:02 <adriens33> et quand t'es sur ton pc à taffer,  que ta mère chaque fois qu'elle passe derrière et voit l'écran allumé (sur un ton méprisant) "ah, t'es encore en train de jouer !"
2014-09-16T16:54:08 <ELiDYROS> Les dev vont aux US et les mecs qui veulent faire du jeu au Canada
2014-09-16T16:54:13 <adriens33> (genre comme si jouer quand t'es gamin c'est mal… ><)
2014-09-16T16:54:26 <adriens33> (anyway)
2014-09-16T16:54:37 <Ikledoreboline> ELiDYROS: je pense m'installer à la frontière alors XD
2014-09-16T16:56:48 <ELiDYROS> Pour en revenir à ce que je disais, j'ai découvert à la haine anti graphiste dans mon école
2014-09-16T16:57:19 <Ikledoreboline> sont con les gens c'est tout, on aura toujours besoin de graphiste et c'est loin d'être du glandage se qu'ils font.
2014-09-16T17:00:29 <ELiDYROS> Et imagine comme c'est pire quand tu es graphiste et qu'en plus tu as un mac
2014-09-16T17:00:39 <adriens33> hmmm… ^^'
2014-09-16T17:00:45 <adriens33> (nan je dec)
2014-09-16T17:00:57 <adriens33> (ne pas troller, ne pas troller, ne pas troller…)
2014-09-16T17:01:11 <adriens33> râ Letarumavza fait chier à dormir au mauvais moment XD
2014-09-16T17:01:36 <ELiDYROS> Bah ouais j'ai un mac, j'ai aussi un Alienware sous Windows et un portable HP sous Linux
2014-09-16T17:02:04 <adriens33> mac ça coute trop cher pour ce que c'est et c'est hyper fermé, sinon niveau parc logiciel je comprends le choix pour un graphiste
2014-09-16T17:02:12 <adriens33> windows = caca (sauf pour les jeux…)
2014-09-16T17:02:21 <adriens33> portable HP = vade retro satanas !
2014-09-16T17:02:36 <ELiDYROS> Bah hyper fermé tu t'en rends pas compte si t'en as pas besoin
2014-09-16T17:02:41 <adriens33> hmm…
2014-09-16T17:02:55 <adriens33> ouauis donc en gros on t'encule bien profond, mais comme tu le sens pas trop tu t'en fous. XD
2014-09-16T17:03:12 <adriens33> perso ça me dérange, mais ça doit être moi. ^^
2014-09-16T17:03:25 <ELiDYROS> bah ma machine rempli les fonctions que je lui demande
2014-09-16T17:03:41 <adriens33> bah écoute si toi ça te convient, tant mieux  ^^
2014-09-16T17:04:02 <ELiDYROS> Après je comprends pas, ça a l'air à la mode de détester Apple, Facebook, Twitter, Sony etc
2014-09-16T17:04:04 <adriens33> moi j'aime juste un peu le design de l'os, sinon apres je pourrais pas en avoir un parce que je pèterai vite un câble :p
2014-09-16T17:05:01 <adriens33> perso je "déteste" pas apple juste pour le plaisir de détester apple, ce que j'aime pas c'est la fermeture et forcer les users à certains choix. perso souder la batterie et la ram ça n'a aucune explication raisonnable sinon empêcher l'upgrade (pour seul exemple).
2014-09-16T17:05:15 <Ikledoreboline> Bah apple encore ya des raisons xD
2014-09-16T17:05:37 <Ikledoreboline> Et facebook pas vraiment, quand je vois certains râlé pour le rachat de l'occulus rift bitch pls ça fait des fonds pour son développement.
2014-09-16T17:05:46 <ELiDYROS> Tu serais étonné du nombre de gens qui n'ont aucune raison d'hair telle ou telle marque
2014-09-16T17:06:02 <adriens33> ouais…
2014-09-16T17:06:05 <adriens33> mais bon
2014-09-16T17:06:32 <adriens33> moi c'est pas: "j'aime pas apple", c'est: "j'aime pas la *fermeture* d'apple". différence :p
2014-09-16T17:07:06 <adriens33> windows eest bien aussi quand tu veux pas te prendre la tête et utiliser un pc sans savoir comment ça marche derrière, ie quand tu veux consommer un produit plutot que de vraiment faire de l'informatique
2014-09-16T17:07:16 <adriens33> ce qui se comprend, chacun ses intérêts et envies.
2014-09-16T17:08:01 <adriens33> apres microsoft a un certain passif qui fait que je les porte pas trop dans mon cœur. ^^
2014-09-16T17:08:20 <adriens33> j'ai rien contre sony, ils font des smartphones très bien et pas trop chers ^^
2014-09-16T17:08:50 <ELiDYROS> C'est surtout la haine anti-playstation
2014-09-16T17:09:00 <ELiDYROS> Qui va souvent avec le délire "pc master race"
2014-09-16T17:09:00 <adriens33> boarf c'est bien la ps, pourquoi la haïr ?
2014-09-16T17:09:37 <adriens33> j'ai jamais eu de console, et perso je m'en fiche un peu. après pour certains jeux un clavier/souris c'est plus confortable, et des fois c'est une manette.
2014-09-16T17:09:54 <adriens33> et comme j'aime bien les trucs modulables et personnalisables à l'envie, forcément je suis plus pc que console :p
2014-09-16T17:10:12 <adriens33> encore une fois c'est soit tu aimes bidouiller, soit tu préfère juste consommer. chacun sa vision ^^
2014-09-16T17:10:23 <ELiDYROS> Bah moi je suis un joueur, j'aime jouer
2014-09-16T17:10:32 <ELiDYROS> J'ai des gouts précis et je collectionne
2014-09-16T17:10:45 <adriens33> ba libre à toi de préférer la console ^^
2014-09-16T17:11:15 <ELiDYROS> Tu vois les mecs leur seul argument c'est "la console c'est pour les enfants, et les graphismes sont mieux sur PC"
2014-09-16T17:11:27 <adriens33> bah… pour les graphismes c'est un peu faux
2014-09-16T17:11:37 <adriens33> parce que la console a l'avantage de son inconvénient :
2014-09-16T17:11:40 <adriens33> comme c'est pas modulable
2014-09-16T17:11:53 <adriens33> les devs peuvent optimiser pour le matos, vu qu'ils ont les specs absolues.
2014-09-16T17:12:14 <adriens33> et pis "la console c'est pour les enfants" → lol.
2014-09-16T17:12:26 <Ikledoreboline> loool
2014-09-16T17:12:29 <Ikledoreboline> Mega ultra mega lol
2014-09-16T17:12:31 <ELiDYROS> Chais pas je me dis qu'un jeu, y a aussi l'importance du gameplay, du scénario, de la musique, du design
2014-09-16T17:12:53 <ELiDYROS> Puis j'ai envie de dire, j'ai commencé à jouer sur NES
2014-09-16T17:12:57 <ELiDYROS> et niveau graphisme… voilà
2014-09-16T17:13:00 <adriens33> ^^
2014-09-16T17:18:00 <ELiDYROS> Moi quand on me fait chier avec ça je rétorque souvent que le jeu PC le plus joué c'est LoL...
2014-09-16T17:18:03 <ELiDYROS> à partir de là
2014-09-16T17:19:01 <Ikledoreboline> x)
2014-09-16T17:19:04 <Ikledoreboline> berk
2014-09-16T17:19:07 <Ikledoreboline> berk berk berk berk
2014-09-16T17:19:08 <Ikledoreboline> xD
2014-09-16T17:19:15 <ELiDYROS> Mais étrangement les pro-PC disent plus rien quand ils voient que GTA est une exclu console
2014-09-16T17:19:27 <ELiDYROS> Et ils deviennent fous lors du portage
2014-09-16T17:19:38 <adriens33> bah en même temps le portage pc est fait à la pisse.
2014-09-16T17:19:50 <Ikledoreboline> +1
2014-09-16T17:19:54 <ELiDYROS> c'est surtout l'hypocrisie
2014-09-16T17:20:06 <ELiDYROS> ils pleurent quand ils l'ont pas et quand ils l'ont c'est eux les meilleurs
2014-09-16T17:20:11 <Ikledoreboline> enfin moi je comprends pas pourquoi les mecs ils développent des jeux pour console, c'est programmé sur pc et ils sortent pas sur pc dafuq
2014-09-16T17:20:31 <Ikledoreboline> car c'est pas ergonomique soit disant à la sourie ou une connerie comme ça gros lol.
2014-09-16T17:20:47 <adriens33> c'est surtout une histoire de gros sous :p
2014-09-16T17:20:51 <ELiDYROS> Disons qu'un jeu de combat ou un beat'em up à la souris, bah non
2014-09-16T17:21:16 <adriens33> microsoft touche pas de sous si tu achete un pc au lieu d'une xbox( quoique…) et sony pareil avec la ps×
2014-09-16T17:21:18 <Ikledoreboline> ouais nan mais regarde Destiny, ils l'ont même pas sortie sur pc alors que c'est un GROS coypright de halo, en même temps ya bungie dedans enfin bon.
2014-09-16T17:21:43 <ELiDYROS> Halo était une exclue console  l'origine
2014-09-16T17:22:01 <adriens33> bah l'histoire des exclus console c'est pour forcer les gens à en acheter une^^
2014-09-16T17:22:03 <Ikledoreboline> ça me dégoutte un peu de la part de bungie vu qu'ils ont fait le jeu avec activision, et je sais très bien ELiDYROS j'ai joué à tout les halo.
2014-09-16T17:22:22 <ELiDYROS> Moi à aucun
2014-09-16T17:22:23 <adriens33> rien de tel pour booster les ventes que de faire un jeu super attendu qui marche que sur la nouvelle console qui vient de sortir et que personne n'a encore acheté…
2014-09-16T17:22:24 <Ikledoreboline> adriens33: si je devais acheter une console pour chaque exclu qui vaut le coup j'aurais pas fini. --'
2014-09-16T17:22:46 <Ikledoreboline> ça m'énerve à un point >_<
2014-09-16T17:22:56 <adriens33> bah c'est pour forcer les gens à acheter les consoles ^^
2014-09-16T17:22:59 <ELiDYROS> C'est un peu ça depuis la SNES hein
2014-09-16T17:23:16 <adriens33> le pc c'est le mal, tu achète ce que tu veux,  tu le fais comme tu veux, et tu peux même le controler et faire ce que tu veux dessus.
2014-09-16T17:23:23 <adriens33> même autre chose que jouer à certains jeux...
2014-09-16T17:23:26 <Ikledoreboline> Tu prends les développeurs j'en prends un pour taper sur l'autres et écrase le directeur sous mon pied sérieux. x)
2014-09-16T17:23:41 <adriens33> et comble du comble: c'est plus dur de te forcer à en changer pour avoir tel jeu
2014-09-16T17:23:52 <adriens33> tu peux changer juste la gpu si elle est un peu à bout de souffle !
2014-09-16T17:23:54 <adriens33> impensable !
2014-09-16T17:24:04 <Ikledoreboline> Mais non adrien non, pas la gpu !!! :'( xD
2014-09-16T17:24:19 <Ikledoreboline> cpu plus tôt nop ? xD
2014-09-16T17:24:22 <adriens33> nan
2014-09-16T17:24:22 <adriens33> gpu
2014-09-16T17:24:31 <adriens33> gpu=Graphical Processing Unit
2014-09-16T17:24:40 <adriens33> (le cœur de la carte graphique quoi)
2014-09-16T17:24:44 <Ikledoreboline> Ah ok xD
2014-09-16T17:24:48 <adriens33> (c'est bien plus court à écrire que "carte graphique"
2014-09-16T17:24:49 <adriens33> )
2014-09-16T17:24:59 <Ikledoreboline> ouais effectivement
2014-09-16T17:25:19 <adriens33> 'fin le cpu c'pareil, s'il te plait pas t'en change.
2014-09-16T17:25:21 <Ikledoreboline> Je crois que la saison de mlp va être retardé... https://scontent-b-lhr.xx.fbcdn.net/hphotos-xfp1/v/t1.0-9/10590659_838488262850987_5251362343289907211_n.png?oh=781fc6f0e3e384e06d3d40e343d4961d&oe=548A14D0
2014-09-16T17:25:23 <adriens33> va faire ça sur une xbox…
2014-09-16T17:25:29 <Ikledoreboline> x)
2014-09-16T17:25:34 <adriens33> huh ?
2014-09-16T17:25:35 <adriens33> XD
2014-09-16T17:26:01 <ELiDYROS> Chais pas moi je demande quand j'arrive chez moi, j'ouvre le boitier du jeu et je peux y jouer
2014-09-16T17:26:05 <adriens33> ^^
2014-09-16T17:26:26 <adriens33> ouais, maintenant sur les xbox et cie tu dois attendre les majs avant, comme sur pc ^^
2014-09-16T17:26:29 <adriens33> comme ça pas de jaloux ^^
2014-09-16T17:26:36 <ELiDYROS> Nan
2014-09-16T17:26:39 <ELiDYROS> Si je débranche ma console
2014-09-16T17:26:41 <ELiDYROS> pas de maj
2014-09-16T17:26:55 <Ikledoreboline> x3
2014-09-16T17:27:04 <adriens33> si y'a des maj os à la sortie de certains jeux
2014-09-16T17:27:08 <adriens33> c'est pas juste pour faire chier les gens
2014-09-16T17:27:18 <ELiDYROS> Ca m'est jamais arrivé sur PS3 par exemple
2014-09-16T17:27:27 <adriens33> c'est pour les patchs pour faire marcher des trucs qui devraient pas parce que c'est pas fini de coder à temps ^^
2014-09-16T17:27:36 <Ikledoreboline> ^^
2014-09-16T17:27:39 <Ikledoreboline> "patch" xD
2014-09-16T17:27:48 <adriens33> (et que en fait t'achète un jeu pas fini… comment ça c'est courant ? :p)
2014-09-16T17:27:56 <ELiDYROS> Enfin bon en général si y a une update, je vais me faire un café et quand je suis revenu c'est fini
2014-09-16T17:28:03 <Ikledoreboline> Je trouve que dans les patchs y'à un côté d'ironie un peu comme les kickstarter
2014-09-16T17:28:25 <Ikledoreboline> ELiDYROS: fait pas les maj de gta5 alors XDDD
2014-09-16T17:28:40 <ELiDYROS> C'est pas le genre de jeux auxquels je joue en fait
2014-09-16T17:29:07 <adriens33> c'est pas la ps4 qu'à reçu une grosse maj des sa sortie et que si tu la faisais pas pratiquement aucun jeu ne pouvait fonctionner ? :p
2014-09-16T17:29:07 <Ikledoreboline> ^^ tu joues à quel jeux ?
2014-09-16T17:29:11 <ELiDYROS> Même si je me suis bien marré sur Saints Raw
2014-09-16T17:29:22 <ELiDYROS> Je joue à trop de jeux
2014-09-16T17:29:26 <ELiDYROS> Beaucoup trop
2014-09-16T17:29:34 <adriens33> bon, plus simple: à quoi tu joues pas ? :)
2014-09-16T17:29:49 <ELiDYROS> à LoL, à Minecraft, à CoD
2014-09-16T17:29:54 <adriens33> ^^
2014-09-16T17:29:58 <Ikledoreboline> Faut le modder minecraft nom de zeus !
2014-09-16T17:30:00 <Ikledoreboline> xD
2014-09-16T17:30:12 <ELiDYROS> Bah disons que je m'emmerde sur Minecraft
2014-09-16T17:30:16 <Ikledoreboline> Disgaea ? (j'espère bien l'écrire)
2014-09-16T17:30:31 <ELiDYROS> Disgaea j'ai joué au premier sur PS2 y a un moment
2014-09-16T17:30:36 <Ikledoreboline> Bah moi aussi si je joue sans mod, je suis obligé de jouer avec un modpack car sinon le jeu est trop simple.
2014-09-16T17:30:44 <Ikledoreboline> Disgaea 3 tuerie :3
2014-09-16T17:32:03 <ELiDYROS> Mais cette année j'ai décidé d'arrêter d'acheter 20-25 jeux par an
2014-09-16T17:32:26 <ELiDYROS> et de me concentrer sur les jeux qui demandent un réel investissement, ou certains jeux indés que j'attends
2014-09-16T17:33:26 <Ikledoreboline> ^^
2014-09-16T17:33:27 <ELiDYROS> je dis "certains" mais y en a que deux en fait...
2014-09-16T17:34:43 <ELiDYROS> y aura peut être un ou deux jeux casual dans le lot
2014-09-16T17:34:44 <ELiDYROS> on verra
2014-09-16T17:35:00 <Ikledoreboline> Yup, bon j'afk à ce soir je pense !
2014-09-16T17:35:08 <ELiDYROS> cho
2014-09-16T17:35:22 <Ikledoreboline|A> -.-
2014-09-16T17:35:32 <adriens33> pseudo trop long :p
2014-09-16T17:35:39 <Ikledoreboline|A> ouais
2014-09-16T17:35:39 <Ikledoreboline|A> xD
2014-09-16T17:35:48 <Ikledoreboline|A> bon aller !
2014-09-16T17:35:56 <ELiDYROS> tain le factory reset de la 3DS ça soule un peu
2014-09-16T17:36:03 <adriens33> pourqué ?
2014-09-16T17:36:05 <ELiDYROS> plus aucun streetpasses, liste d'amis vide
2014-09-16T17:36:09 <adriens33> arf
2014-09-16T17:36:32 <ELiDYROS> je dois relancer tous les jeux un par un pour que leur streetpasses s'activent
2014-09-16T17:36:47 <ELiDYROS> bon c'est pas si chiant
2014-09-16T17:37:10 <ELiDYROS> mais j'avais completé la carte des US et du Japon en streetpass c'est dommage ^^
2014-09-16T17:37:51 <adriens33> mais pourquoi un factory reset ? t'as fait une connerie sur ta 3DS ?
2014-09-16T17:38:08 <ELiDYROS> bah non ils ont changé une pièce au sav donc j'imagine qu'ils ont fait un reset après
2014-09-16T17:38:13 <adriens33> ah… ok
2014-09-16T17:42:42 *** Shinsaber s'est connecté
2014-09-16T17:42:47 <Silou> Les gars
2014-09-16T17:42:55 <Silou> Top Achat ils sont très forts
2014-09-16T17:42:56 <Silou> http://pic.silouatien.fr/vfshm.jpg
2014-09-16T17:43:23 <Shinsaber> Salut le peuple !
2014-09-16T17:45:08 <Silou> plop
2014-09-16T17:45:14 <ELiDYROS> Yo
2014-09-16T17:45:57 <adriens33> salut shinsaber :)
2014-09-16T17:57:23 *** ELiDYROS est parti
2014-09-16T18:00:42 <adriens33> re
2014-09-16T18:02:08 *** adriens33 est parti
2014-09-16T18:08:16 <Shinsaber> bon je déco a plus
2014-09-16T18:08:20 *** Shinsaber est parti
2014-09-16T18:18:07 *** wildfier est parti
2014-09-16T18:18:21 <Berry-Punch> Voilà ce qu'il s'est passé *hic* ces 10 dernières lignes, adriens33
2014-09-16T18:18:23 *** adriens33 s'est connecté
2014-09-16T18:22:51 <adriens33> bon, bah vu le monde dans le tram… giroll c'est niet pour moi ^^{
2014-09-16T18:22:54 <adriens33> * ^^'
2014-09-16T18:37:22 *** wildfier s'est connecté
2014-09-16T18:40:48 <Berry-Punch> Voilà ce qu'il *hic* s'est passé ces 10 dernières lignes, wildfier
2014-09-16T18:40:49 <wildfier> !history
2014-09-16T18:41:06 <wildfier> Oh ... (envoyé depuis le giroll)
2014-09-16T18:41:11 <adriens33> j'avais pigé…
2014-09-16T18:41:32 <adriens33> bah en même temps mon arrêt est devant la fac de bx1 donc bon…
2014-09-16T18:41:39 <adriens33> (et il était un peu 18h)
2014-09-16T19:16:14 *** ELiDYROS s'est connecté
2014-09-16T19:20:15 *** ELiDYROS est parti
2014-09-16T19:48:17 *** ValCab33 s'est connecté
2014-09-16T19:48:35 <ValCab33> Plop
2014-09-16T19:50:21 <adriens33> hello
2014-09-16T19:53:55 *** ValCab s'est connecté
2014-09-16T19:53:55 *** ValCab33 est parti
2014-09-16T20:05:25 *** ValCab est parti
2014-09-16T20:16:43 *** ValCab s'est connecté
2014-09-16T20:22:26 <Ikledoreboline|A> Re hello ! (j'ai fait un dodo de 2h xD)
2014-09-16T20:22:29 <adriens33> ^^
2014-09-16T20:22:42 <adriens33> beh si ça t'a fait du bien c'est le principal.
2014-09-16T20:23:00 <Ikledoreboline> J'étais tellement creuvé que oui ça m'a fait pas mal de bien x)
2014-09-16T20:23:02 <adriens33> (quelle idée d'avoir un si long pseudo quand même… ^^)
2014-09-16T20:23:23 <Ikledoreboline> Il pète mon pseudo ça fait un peu allemand russe xD
2014-09-16T20:23:41 <Letarumavza> ...
2014-09-16T20:23:52 * Letarumavza facehoof. *
2014-09-16T20:23:56 <Ikledoreboline> x)
2014-09-16T20:23:57 <adriens33> haha leta est jaloux
2014-09-16T20:24:00 <adriens33> le sien est plus court
2014-09-16T20:24:03 <adriens33> (ctb)
2014-09-16T20:24:10 <Ikledoreboline> Il à pas eut sa choucroute Leta xD
2014-09-16T20:24:36 <Letarumavza> Je vous préviens les mecs, je suis pas d'humeur.
2014-09-16T20:24:57 <adriens33> qu'est-ce qu'il t'arrive Letarumavza  ?
2014-09-16T20:25:40 <Ikledoreboline> anw ?
2014-09-16T20:27:43 <Ikledoreboline> "Depardieu commence le matin avec du champagne, du vin, puis à nouveau du champagne, du pastis, de la bière... pour finir à la vodka ou au whisky" ah ouais gros porc xD
2014-09-16T20:27:44 <Berry-Punch> J'adore ça ! *hic* 
2014-09-16T20:30:22 *** wildfier est parti
2014-09-16T20:30:48 <Ikledoreboline> So quiet.
2014-09-16T20:30:56 <adriens33> yep.
2014-09-16T20:31:13 <Ikledoreboline> j'ai le temps de laver mon clavier xD
2014-09-16T20:32:31 <adriens33> je… je veux même pas savoir ce qu'il y a dessus.
2014-09-16T20:32:34 *** ELiDYROS s'est connecté
2014-09-16T20:32:59 <adriens33> plope
2014-09-16T20:33:16 <Ikledoreboline> du gel adriens33 de cheveux xD
2014-09-16T20:36:14 <Ikledoreboline> touche normal enfin *o* <3 xD
2014-09-16T20:38:02 <Ikledoreboline> Maintenant... Minecraft. xD
2014-09-16T20:38:44 <ELiDYROS> wut...
2014-09-16T20:38:54 <Ikledoreboline> Bah je vais jouer quoi... x)
2014-09-16T20:43:03 *** ValCab est parti
2014-09-16T20:48:16 <Ikledoreboline> Oh oui j'avais trouvé un bug d'animation moi aussi sur un épisode de mlp... wait
2014-09-16T20:48:36 <Ikledoreboline> https://www.filepicker.io/api/file/rjnle45MTS6EG7qUkX3W
2014-09-16T20:54:33 *** ELiDYROS est parti
2014-09-16T21:09:54 *** Lenile s'est connecté
2014-09-16T21:10:16 <Lenile> Yoooow
2014-09-16T21:11:08 <Letarumavza> http://bit.ly/18Eq63e
2014-09-16T21:11:59 <Lenile> Tesune mere Letarumavza
2014-09-16T21:12:00 <Lenile> 8D
2014-09-16T21:12:03 <Lenile> Merde*
2014-09-16T21:12:14 <Letarumavza> Oui je sais
2014-09-16T21:21:47 *** Lenile est parti
2014-09-16T21:34:25 *** wildfier s'est connecté
2014-09-16T21:46:52 *** adriens33 est parti
2014-09-16T21:47:43 <Berry-Punch> Voilà ce qu'il s'est passé ces 10 dernières *hic* lignes, adriens33
2014-09-16T21:47:45 *** adriens33 s'est connecté
2014-09-16T22:21:32 <Ikledoreboline> ricroll !
2014-09-16T22:22:11 <Ikledoreboline> J'ai un truc qui va remonter le moral à Letar https://www.youtube.com/watch?v=XuqU4c4cssE x'D
2014-09-16T22:27:10 <adriens33> bon, moi je dodote
2014-09-16T22:30:08 <Ikledoreboline> Bonne nuit !
2014-09-16T22:30:11 <Ikledoreboline> x')
2014-09-16T22:46:13 *** ValCab33 s'est connecté
2014-09-16T22:46:42 <ValCab33> Hai
2014-09-16T23:09:53 <TrappyTickles> j'ai une profonde haine pour electronic arts d'un coup
2014-09-16T23:10:34 <TrappyTickles> le lecteur dvd de ma femme a laché, résultat, à cause de leur putain de protection par cd, elle peut plus jouer,
2014-09-16T23:10:49 <Ikledoreboline> La haine
2014-09-16T23:10:55 <TrappyTickles> donc je clonecd le cd en iso et lui monte, ça veut aps du cd parce qu'il ne serait "plus legit",
2014-09-16T23:11:03 <TrappyTickles> j'essaie un patch nocd, il marche pas,
2014-09-16T23:11:20 <TrappyTickles> je trouve enfin une solution, utiliser origin le steam-like d'EA,
2014-09-16T23:11:34 <TrappyTickles> qui permet d'avoir le jeu gratos avec le code produit,
2014-09-16T23:11:40 <TrappyTickles> sauf qu'évidemment ça le retélécharge,
2014-09-16T23:11:48 <Ikledoreboline> Usine à sous ils sont pas con.
2014-09-16T23:11:57 <TrappyTickles> le lien pour download l'install sur le site officiel n'est pas le bon,
2014-09-16T23:12:05 <Ikledoreboline> Trappy vous avez tenter de changer l'emplacement des fichiers et faire une vérification pour pas le rdl ?
2014-09-16T23:12:06 <TrappyTickles> je finis d'installer le bon, il est pas à jour,
2014-09-16T23:12:33 <TrappyTickles> le programme n'est pas détécté par windows comme un programme ok pour le web donc faut le mettre en exception dans le firewall manuellement,
2014-09-16T23:12:49 <TrappyTickles> et l'email d'activation arrive dans les spams de hotmail, ce qui en dit long sur le truc
2014-09-16T23:13:21 <TrappyTickles> ben je sais pas comment on fait ça sur origin, j'ai jamais utilisé ce truc
2014-09-16T23:13:27 <TrappyTickles> je sais juste que ça marche comme steam
2014-09-16T23:13:36 <TrappyTickles> mais en merdique
2014-09-16T23:14:31 <Ikledoreboline> Je t'aurais bien dit, mais le temps que origin se lance t'aura fini de dl xD
2014-09-16T23:17:43 *** wildfier est parti
2014-09-16T23:18:18 <Ikledoreboline> http://hitek.fr/actualite/actrice-porno-japonaise-livre-maths_3759 rrooooh !
2014-09-16T23:18:20 <Ikledoreboline> xD
2014-09-16T23:22:26 <TrappyTickles> lol narmol cela dit... y a tellement de porn japonais, on a pu déterminer qu'une japonaise sur 5 a déjà fait du porn
2014-09-16T23:22:39 <TrappyTickles> 150 millions / 5,
2014-09-16T23:22:55 <TrappyTickles> ça fait des coincidences comme ça courantes :p
2014-09-16T23:23:04 <Ikledoreboline> O.O je sais pas d'où tu tiens c'est statistique mais c'est probable XD
2014-09-16T23:23:07 <TrappyTickles> elle est juste moins discrète, quoi :p
2014-09-16T23:23:23 <TrappyTickles> je sais plus non plus. mais d'experience, je pense que c'est legit ^^
2014-09-16T23:24:10 <Letarumavza> euh...
2014-09-16T23:24:20 <Letarumavza> TrappyTickles, il a quoi le lecteur dvd ?
2014-09-16T23:24:24 <Ikledoreboline> x'D
2014-09-16T23:24:55 <TrappyTickles> il a laché, tout simplement. il lit plus aucun disque. ça tourne mais windows fait rien. et quand je double clique, il s'ouvre en demandant de mettre un disque
2014-09-16T23:25:17 <Letarumavza> Hum...
2014-09-16T23:25:26 <Letarumavza> Je vais prendre ma trousse de matos demain
2014-09-16T23:25:49 <TrappyTickles> lol nah te fatigue pas, il a fait son temps.. 4 ans c'est balèze déjà pour un lecteur dvd
2014-09-16T23:26:03 <Ikledoreboline> pas la lentille qui à foiré ?
2014-09-16T23:26:18 <TrappyTickles> ben surement, ça foire en général à cause de ça
2014-09-16T23:26:37 <TrappyTickles> pas grave, Letarumavza, y a plus important a focus :p
2014-09-16T23:27:09 <TrappyTickles> c'est pas une dizaine d'€ qui va me ruiner pour l'instant lol en plus jlai déjà commandé :p
2014-09-16T23:29:32 <Ikledoreboline> bon j'afk à tal !
2014-09-16T23:30:16 <TrappyTickles> un truc que j'ai jamais compris avec steam, c'est pourquoi il affiche pas les jeux gratuits dans la liste des jeux :/
2014-09-16T23:32:27 <Letarumavza> bah...
2014-09-16T23:32:30 <Letarumavza> Moi il le fait
2014-09-16T23:32:34 <Letarumavza> Strange...
2014-09-16T23:32:42 <TrappyTickles> t'as fait comment? y a surement un paramètre a changer, non?
2014-09-16T23:33:17 <TrappyTickles> jviens de me le réinstaller, et jvois que terraria dans ma liste (le seul payant que j'ai)
2014-09-16T23:33:41 <Letarumavza> étrange.
2014-09-16T23:34:13 <Ikledoreboline|a> Moi il le fait pas ^^
2014-09-16T23:47:16 <TrappyTickles> bon de mieux en mieux origins
2014-09-16T23:47:26 <Letarumavza> ?
2014-09-16T23:47:30 <TrappyTickles> il a essayé de désinstaller l'install qui était là
2014-09-16T23:47:45 <TrappyTickles> j'ai fait annulé et du coup toujours pas jouable
2014-09-16T23:47:52 <TrappyTickles> quelle merde :/
2014-09-16T23:47:54 <Letarumavza> ...
2014-09-16T23:47:59 <Letarumavza> Bon...
2014-09-16T23:48:09 <Letarumavza> Et si tu prenais une version crackée sur tpb ?
2014-09-16T23:48:15 <Letarumavza> Tu as payé la license de toute façon...
2014-09-16T23:48:24 <Letarumavza> Alors autant prendre une version qui marche.
2014-09-16T23:48:47 <TrappyTickles> ben attends, j'suis presque au bout avec ça
2014-09-16T23:48:56 <TrappyTickles> on verra si ça marche toujours pas après ça
2014-09-16T23:49:40 <Letarumavza> en revanche je vais certainement passer la nuit sur une dll pour un render opengl compatible SLI (pour alchemy)
2014-09-16T23:49:55 <Letarumavza> Donc demain... je serai pas contre un ptit café ^^'
2014-09-16T23:50:24 <TrappyTickles> arf on en a pas chez nous :s
2014-09-16T23:50:37 <Letarumavza> Bon bah je m'en prendrais un avant de partir ^^
2014-09-16T23:50:49 <TrappyTickles> vui prends en plein :p
2014-09-16T23:50:57 <TrappyTickles> t'as pris alchemy viewer finalement? :p
2014-09-16T23:51:11 <Letarumavza> Yep, j'ai les sources sous le nez
2014-09-16T23:51:24 <Letarumavza> Bon, y'a des petites erreurs par ci par là, mais sinon ça va.
2014-09-16T23:51:49 <TrappyTickles> alchemy a l'air assez récent ^^
2014-09-16T23:52:52 <Letarumavza> yep
2014-09-16T23:53:04 <Letarumavza> Mais il semble en grande partie amateur sans son codage.
2014-09-16T23:53:10 <Letarumavza> C'est pas désagréable à voir.
2014-09-16T23:53:26 <Letarumavza> C'est pas ultra optimisé entre les parts de code, mais c'est plutot propre.
2014-09-16T23:54:17 <TrappyTickles> en même temps, vu le truc, avec la 3d a gérer et tout ça, vaut mieux que ça soit propre :p
2014-09-16T23:55:20 <Letarumavza> Yep, mais les mec ne font pas de "think outside the box" y'a pas d'astuce, pas de ruse dans le code.
2014-09-16T23:55:49 <Letarumavza> Donc loin d'être optimisé, ça fait ce que ça fait, ça le fait bien, mais ça pourrait le faire mieux.
2014-09-16T23:56:02 <Letarumavza> oh et btw flutter est super sympa.
2014-09-16T23:56:16 <Letarumavza> un poil stréssée.
2014-09-16T23:56:28 <TrappyTickles> stressée? comment ça?
2014-09-16T23:56:50 <Letarumavza> Grosse peur que je la juge d'après ce que j'ai pu sentir.
2014-09-16T23:57:39 <TrappyTickles> ah
2014-09-16T23:57:47 <TrappyTickles> jla rassurerai :)
2014-09-16T23:57:54 <Letarumavza> Déjà fait
2014-09-16T23:58:01 <TrappyTickles> ah? :p
2014-09-16T23:58:26 <Letarumavza> Aussi étrange que ça puisse parraitre je sais mieux choisir mes mots en anglais qu'en français. ^^
2014-09-16T23:59:09 <TrappyTickles> moi c'est le contraire, une chance que j'arrive à me faire comprendre en général :p
2014-09-16T23:59:41 <Letarumavza> Moi je joue sur les mots, je fais de l'humour, je joue sur les finesses des temps...
2014-09-16T23:59:42 <Ikledoreboline> M'ouais sa dépend de la situation je pense XD
