2014-10-25T00:07:23 *** adriens33 est parti
2014-10-25T00:13:10 *** TrappyTickles est parti
2014-10-25T04:13:38 *** MaCharon est parti
2014-10-25T07:59:17 <Berry-Punch> Voilà ce qu'il s'est passé ces 10 dernières lignes, adriens33 *hic* 
2014-10-25T07:59:17 *** adriens33 s'est connecté
2014-10-25T09:54:03 *** adriens33 est parti
2014-10-25T10:24:46 <Berry-Punch> Voilà ce *hic* qu'il s'est passé ces 10 dernières lignes, adriens33
2014-10-25T10:24:47 *** adriens33 s'est connecté
2014-10-25T11:14:51 *** TrappyTickles s'est connecté
2014-10-25T11:14:57 <adriens33> hello TrappyTickles
2014-10-25T11:15:13 <TrappyTickles> oi
2014-10-25T11:24:22 <adriens33> comment ça ?
2014-10-25T11:24:36 <TrappyTickles> en camrip et tvrip,
2014-10-25T11:25:01 <TrappyTickles> :p
2014-10-25T11:25:03 <adriens33> ah, bah ça…
2014-10-25T11:25:04 <adriens33> XD
2014-10-25T11:25:16 <adriens33> faudrait faire une section news sur le site
2014-10-25T11:25:53 <adriens33> genre là comme ça toi tu mettrai un encart avec "rainbow rocks sous titres fr dispo!! télécharger ici <lien>"
2014-10-25T11:25:54 <adriens33> ^^
2014-10-25T11:26:25 <adriens33> (n'empêche c'est pas sympa pour la contrebasse d'Octavia c'que tu fais XD)
2014-10-25T11:27:02 <TrappyTickles> jl'ai pas fait lol
2014-10-25T11:30:30 <adriens33> http://www.numerama.com/magazine/31045-les-cartouches-d-encre-coutent-trop-cher-fleur-pellerin-veut-les-taxer.html
2014-10-25T11:30:33 * adriens33 faceground *
2014-10-25T11:30:41 <adriens33> genre comme si les cartouches d'encre coutaient pas assez cher
2014-10-25T11:30:49 <adriens33> ils veulent ajouter une taxe dessus pour…
2014-10-25T11:30:54 <adriens33> financer l'impression des livres…
2014-10-25T11:31:11 <adriens33> parce que quand t'as une imprimante tu peux imprimer tes propres docs tu comprends, pauvres imprimeurs…
2014-10-25T11:31:15 <adriens33> sérieusement…
2014-10-25T11:31:36 <adriens33> j'ai des envie de meurtre quand je vois ce genre de news…
2014-10-25T11:34:00 <adriens33> c'comme la redevance télé qu'elle veut élargir à tout ce qui a un écran
2014-10-25T11:34:14 <adriens33> sous prétexte qu'un écran ça sert forcément à regarder fr3 n'est ce pas…
2014-10-25T11:34:21 <TrappyTickles> les cartouches de mon imprimante coutent plus cher qu'un jeu sur Wii U !
2014-10-25T11:34:22 <adriens33> putain de merde…
2014-10-25T11:34:36 <adriens33> moi c'est une laser, les cartouches de toner c'est 60€/l'unité
2014-10-25T11:34:45 <adriens33> mais comme ça fait 2200 pages d'autonomie ça va
2014-10-25T11:34:48 <adriens33> mais quand même
2014-10-25T11:34:50 <adriens33> merde quoi
2014-10-25T11:34:55 <adriens33> ouai c'est fait exprès ça
2014-10-25T11:35:03 <adriens33> (vive Brother !! vive le laser !!)
2014-10-25T11:35:12 <adriens33> les multifonctions à jet d'encre ça pue!!
2014-10-25T11:35:22 <adriens33> faut nettoyer les têtes tout le temps, tu perds gavé d'encre
2014-10-25T11:35:26 <TrappyTickles> ptet mais j'ai besoin d'un scanner aussi :p
2014-10-25T11:35:31 <adriens33> et ça coute plus cher que du parfum hors de prix…
2014-10-25T11:35:36 <TrappyTickles> vrai
2014-10-25T11:35:38 <adriens33> beh les scanners plats ça existe ;)
2014-10-25T11:35:52 <adriens33> mais de manière générale maintenant les laser ça coute plus rien
2014-10-25T11:36:12 <adriens33> la mienne fait 2400 dpi de résolution (déjà va atteindre ça en jet d'encre… XD)
2014-10-25T11:36:15 <TrappyTickles> vui mais j'ai besoin d'imprimante aussi :p
2014-10-25T11:36:16 <adriens33> elle est couleur
2014-10-25T11:36:23 <adriens33> 16 pages/minutes
2014-10-25T11:36:30 <adriens33> et surtout elle m'a couté 120€
2014-10-25T11:36:40 <adriens33> et le support linux ?
2014-10-25T11:36:45 <adriens33> tu vas sur leur site, t'as les drivers.
2014-10-25T11:36:50 *** Reblochon s'est connecté
2014-10-25T11:36:51 <adriens33> brother c'est des bons :3
2014-10-25T11:36:53 <adriens33> salut Reblochon
2014-10-25T11:36:57 <TrappyTickles> oi
2014-10-25T11:37:12 <TrappyTickles> vui faudrait voir s'il en fotn des multifonctions chez brother
2014-10-25T11:37:15 <adriens33> franchement, tu t'achete une imprimante laser + un scanner plat
2014-10-25T11:37:21 <adriens33> ça te coute un tout petit poil plus cher
2014-10-25T11:37:24 <TrappyTickles> j'ai pas la place pour les deux
2014-10-25T11:37:28 <adriens33> heuu
2014-10-25T11:37:37 <adriens33> tu pose le scanner sur l'imprimante et basta :p
2014-10-25T11:37:47 <adriens33> l'imprimante tu peux la foutre par terre sous le bureau
2014-10-25T11:37:55 <TrappyTickles> j'ai pas la place sous le bureau :p
2014-10-25T11:37:58 <adriens33> (vu la taille que ça fait de toute manière t'as pas trop le choix en fait :p)
2014-10-25T11:38:05 <adriens33> sauf si t'as une grande table
2014-10-25T11:38:11 <TrappyTickles> y a l'uc, les cables, le switch pour passer du pc au mac,
2014-10-25T11:38:17 <TrappyTickles> non j'ai pas :p
2014-10-25T11:38:22 <adriens33> beh dans un coin pof voilà ^^
2014-10-25T11:38:34 <TrappyTickles> y a aucun coin exploitable chez moi :p
2014-10-25T11:38:38 <adriens33> le scanner limite tu le cale sur l'uc
2014-10-25T11:38:57 <adriens33> bah sinon l'imprimante tu peux la foutre dans une autre pièce
2014-10-25T11:39:03 <adriens33> elle fait réseau :))
2014-10-25T11:39:10 <adriens33> tu la branche sur la box et basta ^
2014-10-25T11:39:12 <adriens33> *^^
2014-10-25T11:39:30 <adriens33> nan
2014-10-25T11:39:35 <TrappyTickles> pcq jpeux pas faire d'install filaire chez moi
2014-10-25T11:39:42 <adriens33> bah tu la cale a coté de la box…
2014-10-25T11:39:48 <adriens33> ou mieux: tu pose la box dessus :p
2014-10-25T11:40:29 <adriens33> putain mais chez moi ça fait 20m² et j'ai la place pour mon gros pc+mon imprimante qui pèse quand même 18kg XD
2014-10-25T11:40:43 <TrappyTickles> oui mais toi t'as pas une femme qui crise sur le bordel :p
2014-10-25T11:41:01 <adriens33> (en taille, c'est grosso modo 50cm × 50cm × ~30cm de hauteur)
2014-10-25T11:41:04 <adriens33> XD
2014-10-25T11:41:21 <TrappyTickles> enfin je verrai quand mon epson sera en rade
2014-10-25T11:41:28 <adriens33> tu lui colle trois tonnes de papier, tu remplis les bacs de toner
2014-10-25T11:41:33 <adriens33> et t'es tranquille pour très longtemps
2014-10-25T11:41:46 <adriens33> le toner c'est de la poudre, donc t'as pas besoin d'avoir peur que ça sèche…
2014-10-25T11:41:48 <adriens33> ça l'est déjà XD
2014-10-25T11:41:53 <adriens33> ouai
2014-10-25T11:42:02 <adriens33> la résolution d'une jet d'encre
2014-10-25T11:42:09 <adriens33> c'est 300dpi normalement
2014-10-25T11:42:14 <adriens33> ma laser fait 2400 dpi…
2014-10-25T11:42:28 <adriens33> bah t'es pas obligé de tout changer
2014-10-25T11:42:32 <adriens33> si t'as plus de toner noir
2014-10-25T11:42:36 <adriens33> tu remplis le bac de toner noir.
2014-10-25T11:42:44 <adriens33> si la courroie pete
2014-10-25T11:42:46 <adriens33> tu changes que ça
2014-10-25T11:43:00 <adriens33> basiquement c'est un truc destiné à l'origine pour les pros
2014-10-25T11:43:14 <adriens33> donc si un truc est à changer tu peux, pas besion d'en racheter une neuve
2014-10-25T11:43:29 <adriens33> et 60€ ppour 2200 feuilles
2014-10-25T11:43:34 <adriens33> * 60€ × 4
2014-10-25T11:43:37 <adriens33> avec le cout du papier
2014-10-25T11:43:47 <adriens33> ça te revient à 0.0369€ / feuille imprimée…
2014-10-25T11:43:52 <adriens33> c'est très cher n'est ce pas :)
2014-10-25T11:44:00 <adriens33> oaui XD
2014-10-25T11:44:14 <adriens33> nan j'en suis très content de mon imprimante moi. ^w^
2014-10-25T11:44:52 <adriens33> (j'ose même pas calculer le cout d'impression sur une jet d'encre epson, et encore moins les hp dont les cartouches coutent la peau du gland…)
2014-10-25T11:45:10 *** MaCharon s'est connecté
2014-10-25T11:45:23 <adriens33> salut MaCharon :)
2014-10-25T11:45:32 <MaCharon> salut :D
2014-10-25T11:46:56 <adriens33> quoi de neuf ?
2014-10-25T11:47:35 <MaCharon> bah aujourd'hui c'est la zombie walk
2014-10-25T11:48:17 <adriens33> ah?
2014-10-25T11:48:54 <MaCharon> et bien evidemment j'y participe
2014-10-25T11:49:18 <adriens33> ^^
2014-10-25T11:49:36 <MaCharon> troisieme année
2014-10-25T11:51:46 <TrappyTickles> ah c'est vrai c'est aujourd'hui
2014-10-25T11:53:14 <MaCharon> bah a la base c'est pas trop mon truc mais c'est marrant et puis je revois generalement pas mal de monde d'Animasia
2014-10-25T12:06:43 <adriens33> j'y go, ++ tout le monde :)
2014-10-25T12:06:46 *** adriens33 est parti
2014-10-25T13:35:33 *** Reblochon est parti
2014-10-25T13:38:02 <Berry-Punch> Voilà ce qu'il s'est passé ces *hic* 10 dernières lignes, adriens33
2014-10-25T13:38:03 *** adriens33 s'est connecté
2014-10-25T13:38:38 <adriens33> re
2014-10-25T14:52:20 *** Gordfang s'est connecté
2014-10-25T14:52:24 <Gordfang> yo
2014-10-25T14:52:57 <adriens33> hello Gordfang
2014-10-25T15:22:21 *** heuzef s'est connecté
2014-10-25T15:23:54 <adriens33> salut heuzef
2014-10-25T15:32:11 <heuzef> Yop
2014-10-25T15:33:19 <heuzef> Je suis a Giroll =)
2014-10-25T15:33:31 <adriens33> ah ? ^^
2014-10-25T15:33:38 *** heuzef1 s'est connecté
2014-10-25T15:37:12 *** heuzef1 est parti
2014-10-25T15:37:51 *** heuzef est parti
2014-10-25T16:12:23 *** Silou s'est connecté
2014-10-25T17:52:03 <MaCharon> re
2014-10-25T17:53:31 *** Lenile s'est connecté
2014-10-25T17:53:57 <Lenile> SALOUTE
2014-10-25T17:54:09 <Lenile> des gens vont à la tgs ,
2014-10-25T17:54:13 <MaCharon> salut
2014-10-25T17:55:51 <Lenile> Salut MaCharon
2014-10-25T17:55:58 <Lenile> Bienvenu strycore
2014-10-25T17:56:54 <adriens33> hello Lenile
2014-10-25T17:58:19 <Lenile> adriens33
2014-10-25T17:58:28 <Lenile> S'quoi le collectif Brony de toulouse ?
2014-10-25T17:59:15 <adriens33> je sais pas
2014-10-25T17:59:19 <adriens33> demande à heuzef :)
2014-10-25T17:59:40 <adriens33> ah mais il est parti zut
2014-10-25T18:06:58 *** Lenile est parti
2014-10-25T18:53:49 *** Tsumenokage s'est connecté
2014-10-25T18:54:00 <Tsumenokage> Salut
2014-10-25T18:54:27 <adriens33> hello
2014-10-25T18:54:30 <adriens33> comment va ?
2014-10-25T18:55:00 <Tsumenokage> et toi ?
2014-10-25T18:55:13 <adriens33> ça va ^^
2014-10-25T20:04:59 *** Jinxypie s'est connecté
2014-10-25T20:05:07 <Jinxypie> YEEEEEEEEEEEEEEha !
2014-10-25T20:05:14 <Jinxypie> Hello everypony !
2014-10-25T20:05:22 <Jinxypie> ...
2014-10-25T20:05:28 <Jinxypie> Zetes pas tendus les mecs.
2014-10-25T20:05:30 <Tsumenokage> salut Jinxypie
2014-10-25T20:05:31 <Jinxypie> On dirait des suisses
2014-10-25T20:06:17 <Jinxypie> Salut Tsumenokage.
2014-10-25T20:06:24 <Tsumenokage> ca va ?
2014-10-25T20:06:29 <Jinxypie> Yep
2014-10-25T20:15:21 <adriens33> salut Jinxypie :)
2014-10-25T20:15:44 <Jinxypie> Salut ma couille, alors toujours khebab/pizza ?
2014-10-25T20:16:17 <adriens33> quand ça ?
2014-10-25T20:16:48 <Jinxypie> Je sais pas, c'est la base de ton allimentation habituellement ^^
2014-10-25T20:16:54 <adriens33> ah! XD
2014-10-25T20:17:03 <adriens33> beuh oui, mais là je suis chez wildfier
2014-10-25T20:17:49 <Jinxypie> Tain je suis chez moi, sinon j'aurai ramené des bieres... Et la flemme de traverser bx à cette heure.
2014-10-25T20:17:49 <Berry-Punch> Tu en *hic* as pour moi Jinxypie ?
2014-10-25T20:17:57 <adriens33> XD
2014-10-25T20:18:30 <adriens33> wildfier en a plein son frigo des bières ;)
2014-10-25T20:18:30 <Berry-Punch> Qu'est-ce que j'ai soif… *hic* 
2014-10-25T20:18:34 <adriens33> chut toi >
2014-10-25T20:18:36 <adriens33> * ><
2014-10-25T20:18:40 <Tsumenokage> ^^
2014-10-25T20:18:43 <Jinxypie> ^^
2014-10-25T20:26:04 <adriens33> quoi de neuf sinon ? :)
2014-10-25T20:43:09 <adriens33> et c'est moi qu'est pas tendu. XD
2014-10-25T20:49:27 <Jinxypie> Moi je suis sur wow
2014-10-25T20:49:29 <Jinxypie> et eve
2014-10-25T20:49:32 <Jinxypie> Et minecraft
2014-10-25T20:49:33 <Jinxypie> et lol
2014-10-25T20:49:34 <adriens33> ah
2014-10-25T20:49:38 <Jinxypie> en même temps...
2014-10-25T20:49:39 <adriens33> en même temps ? o.O
2014-10-25T20:50:02 <Jinxypie> Hum... qui a dit hardcore gamer ?
2014-10-25T20:50:21 <adriens33> toi y'a 20 secondes
2014-10-25T20:50:30 <Jinxypie> (je fais du hauling sur eve, tout en faisant de l'industrie sur minecraft, en attente d'un donjon wow et pendant une partie de lol.
2014-10-25T20:50:36 <adriens33> pff…
2014-10-25T20:50:37 <adriens33> XD
2014-10-25T20:59:31 <strycore> http://www.giroll.org/pages/radiogiroll
2014-10-25T21:15:52 *** Bybeez s'est connecté
2014-10-25T21:15:54 <Bybeez> Yo les gens
2014-10-25T21:16:14 <MaCharon> re
2014-10-25T21:18:31 <adriens33> salut Bybeez
2014-10-25T21:18:34 <adriens33> comment v ?
2014-10-25T21:18:35 <adriens33> *va
2014-10-25T21:18:48 <Bybeez> Très bien, crevé mais très bien
2014-10-25T21:19:34 <MaCharon> normal ^^
2014-10-25T21:19:49 <Bybeez> Ouaip, surtout mal au dos ^^
2014-10-25T21:20:13 <MaCharon> ahah
2014-10-25T21:22:52 <adriens33> ^
2014-10-25T21:22:54 <adriens33> * ^^
2014-10-25T21:57:07 *** Yvan33 s'est connecté
2014-10-25T21:57:08 <Yvan33> Salut les gens
2014-10-25T21:57:17 <Bybeez> Yo !
2014-10-25T21:57:18 <Yvan33> Dit moi bybeez
2014-10-25T21:57:19 <adriens33> salut Yvan33 :)
2014-10-25T21:57:25 <Bybeez> Oui ?!
2014-10-25T21:57:31 <Yvan33> Tu viens pas demain pour ecomonde, si?
2014-10-25T21:57:40 <Yvan33> Coucou adriens33 ;)
2014-10-25T21:57:44 <Bybeez> Si
2014-10-25T21:57:51 <Bybeez> pourquoi ?
2014-10-25T21:57:53 <Yvan33> C'est toi josué sur les mails?
2014-10-25T21:58:01 <Bybeez> Oui
2014-10-25T21:58:30 <Yvan33> Ouah ok, je pensais ça allait être un gars que je connaissais pas du tout
2014-10-25T21:58:40 <Yvan33> Bon bah ok c'est cool
2014-10-25T21:58:41 <Bybeez> XD , bah non c'est que moi
2014-10-25T21:58:47 <Yvan33> Comment allez vous sinon?
2014-10-25T21:59:02 <Bybeez> Fatigué, je viens de guérir de ma zombification
2014-10-25T21:59:02 <adriens33> ça ga
2014-10-25T21:59:03 <adriens33> *va
2014-10-25T21:59:06 <adriens33> ^^
2014-10-25T21:59:16 <Yvan33> Oh adriens33 on est allé à la fnac mais yavait pas de superbe peluches
2014-10-25T21:59:22 <adriens33> ah ? :/
2014-10-25T21:59:26 <adriens33> pas de chance ^^'
2014-10-25T22:00:01 <MaCharon> perso j'ai jamais vu de belles peluches a la fnac
2014-10-25T22:00:06 <Yvan33> Et juste, clément c'est pas celui qui avait la pinky rose a la japan?
2014-10-25T22:00:13 <Bybeez> nope
2014-10-25T22:00:19 <Bybeez> C'est un mec de ma classe
2014-10-25T22:00:25 <MaCharon> shinsaber ?
2014-10-25T22:00:28 <Yvan33> Un brony aussi?
2014-10-25T22:00:33 <Bybeez> Clement c'est makhai
2014-10-25T22:00:38 <Bybeez> ouaip c'est un brony
2014-10-25T22:00:39 <Yvan33> Je vois
2014-10-25T22:00:43 <Bybeez> (grâce amoi)
2014-10-25T22:00:52 <Yvan33> Ok donc c'est le seul je connais pas il me semble
2014-10-25T22:01:04 <Bybeez> Surement
2014-10-25T22:01:21 <Yvan33> Ah oui c'est vrai, qui était à la zombiewalk?
2014-10-25T22:01:31 <Bybeez> Moi
2014-10-25T22:01:35 <MaCharon> moi
2014-10-25T22:01:38 <Bybeez> Clement y était
2014-10-25T22:01:46 <Bybeez> Lezarius aussi
2014-10-25T22:01:51 <Yvan33> Alors c'était comment?
2014-10-25T22:02:05 <Bybeez> Bruyant et épuisant mais cool
2014-10-25T22:02:12 <MaCharon> pas vu lezarius Oo
2014-10-25T22:02:18 <MaCharon> ah si je dit des conneries
2014-10-25T22:02:28 <Yvan33> Vous avez effrayé les passants?
2014-10-25T22:02:59 <MaCharon> bah normal
2014-10-25T22:03:11 <Bybeez> Oui, en rentrant chez moi j'ai fais flippé deux gamin qui pensait que j'étais un vrai zombie
2014-10-25T22:03:17 <Bybeez> c'était hilarant
2014-10-25T22:03:19 <MaCharon> lol
2014-10-25T22:03:31 <adriens33> XD
2014-10-25T22:03:44 <Yvan33> m day ayre
2014-10-25T22:04:10 <Bybeez> Je suis arrivé il ont fait demi-tour et m'on éviter avant de me demander si c'était un costume
2014-10-25T22:04:25 <Bybeez> (j'aurais tu dire que c'était ebola mais j'y ai pas penser)
2014-10-25T22:04:41 <Yvan33> tu aurais du l'attraper et le manger
2014-10-25T22:05:13 <Bybeez> XD bonne idée
2014-10-25T22:05:42 <Yvan33> Bon, moi je vais faire mon scénario, c'est pas qu'il est vide mais un peu
2014-10-25T22:06:08 <Bybeez> XD
2014-10-25T22:06:17 <Bybeez> Toujours bien se preparer en avance
2014-10-25T22:06:29 <Yvan33> MaCharon tu as montré le wiki a Mr. Coloc?
2014-10-25T22:06:58 <MaCharon> euh.....non >.>.... on se regarde un anime
2014-10-25T22:07:05 <MaCharon> mais pg
2014-10-25T22:07:16 <Yvan33> Ouais tant pis
2014-10-25T22:07:22 <Yvan33> Freestyle
2014-10-25T22:07:32 <Yvan33> Moi je vais finir la saison 2 de Horizon
2014-10-25T22:07:32 <MaCharon> moi même j'y vais au feeling
2014-10-25T22:07:46 <Yvan33> Ouais moi aussi
2014-10-25T22:07:51 <Yvan33> Oh wait
2014-10-25T22:08:02 <MaCharon> la soeur du heros est ma préférée dans horizon
2014-10-25T22:08:33 <Yvan33> La chevalière est pas mal placé dans mon classement
2014-10-25T22:08:49 <MaCharon> je l'avais sur ma pancarte Animasia d'ailleur ^^
2014-10-25T22:09:00 <MaCharon> ouai elle est marrante aussi
2014-10-25T22:09:03 <Yvan33> Respect +10
2014-10-25T22:09:16 <MaCharon> comme l'archere
2014-10-25T22:09:23 <Yvan33> Respect +5
2014-10-25T22:09:31 <MaCharon> XD
2014-10-25T22:09:37 <Yvan33> ^^
2014-10-25T22:10:03 <Yvan33> Moi ce qui me fait délire c'est les noms donné qui colent pas au physique
2014-10-25T22:10:13 <Yvan33> Comme Drake et Shakespear
2014-10-25T22:10:23 <Yvan33> Juste Nawak
2014-10-25T22:10:31 <MaCharon> ouai c'est epique
2014-10-25T22:10:44 <MaCharon> et les styles de combat surtout
2014-10-25T22:11:09 <Yvan33> Le "annule ce qui est contre la justice anglaise"
2014-10-25T22:11:17 <Yvan33> Est relativement pété
2014-10-25T22:11:30 <MaCharon> la pauvre sorciere
2014-10-25T22:11:41 <Yvan33> Le loup psychopate
2014-10-25T22:11:51 <Yvan33> Marié à une psychopate
2014-10-25T22:11:59 <Yvan33> Tout en étant gentleman
2014-10-25T22:12:07 <MaCharon> "musume Tombokiri !" :p
2014-10-25T22:12:30 <Yvan33> C'est laquelle qui dit ca?
2014-10-25T22:12:39 <MaCharon> la lanciere
2014-10-25T22:13:26 <MaCharon> trad : "lie libellule tranchante" il me semble
2014-10-25T22:13:42 <MaCharon> j'aime son arme
2014-10-25T22:13:48 <Yvan33> Moi ce qui ma fait délirer c'est la lancière qui sort à la meuf "oui j'ai fais l'amour a ton mari. Hum il y avait du sang, c'était peut être pas éthique. On a du le faire 50 fois. C'est moi qui l'ai percé"
2014-10-25T22:14:03 <MaCharon> XD
2014-10-25T22:14:09 <MaCharon> ah oui putain
2014-10-25T22:14:24 <Yvan33> Je me suis arreté la
2014-10-25T22:14:25 <MaCharon> elle comprend pas le sens des ses paroles
2014-10-25T22:14:29 <Yvan33> Oui
2014-10-25T22:14:40 <Yvan33> A cause de la sorcière lesbienne brune
2014-10-25T22:14:47 <Yvan33> incestieuse aussi
2014-10-25T22:15:22 <MaCharon> elles sont géniales
2014-10-25T22:15:38 <Yvan33> Ouais.
2014-10-25T22:15:46 <Yvan33> Par contre ce que j'ai pas compris
2014-10-25T22:16:15 <Yvan33> C'est pourquoi ils ont lancés les duels dans des dimensions différentes pour ensuite défier tori?
2014-10-25T22:17:44 <MaCharon> ils l'expliquent mais c'est pas evident, en gros c'est pour prouver leurs force en gros, difficile a expliquer, c'est politique aussi
2014-10-25T22:18:24 <Yvan33> Faut vraiment refaire les saisons pour comprendre tout bien
2014-10-25T22:18:33 <Yvan33> Un anime
2014-10-25T22:18:43 <Yvan33> Kyoukai Senjou no Horizon
2014-10-25T22:18:48 <Tsumenokage> aaah
2014-10-25T22:18:53 <Tsumenokage> faudra que je regarde alors
2014-10-25T22:18:59 <MaCharon> tendu a expliquer
2014-10-25T22:19:01 <Yvan33> Ouais c'est terrible
2014-10-25T22:19:09 <Yvan33> Ok et dernier truc
2014-10-25T22:19:16 <Yvan33> La saison 2 a combien d'épisode?
2014-10-25T22:19:18 <Yvan33> 13?
2014-10-25T22:19:33 <MaCharon> att je verifie
2014-10-25T22:21:10 <MaCharon> oui apparement
2014-10-25T22:21:34 <Yvan33> oki alors je go regarder le dernier. Ya combien de saison?
2014-10-25T22:21:58 <MaCharon> 2 malheureusement
2014-10-25T22:22:01 <MaCharon> :/
2014-10-25T22:22:07 <Yvan33> Nooooooooooooooooooooooooooooooooooooooooooooooooooooooooooooooooooooooooooooooooooooooooo
2014-10-25T22:22:14 <MaCharon> helas
2014-10-25T22:22:26 <Yvan33> Et le reste est au japon je parie?
2014-10-25T22:22:42 <MaCharon> le reste ? c'est a dire ?
2014-10-25T22:22:56 <Yvan33> bah je go regarder le dernier épisode et on en reparle
2014-10-25T22:23:00 <Yvan33> a toute
2014-10-25T22:23:01 <MaCharon> ok
2014-10-25T22:55:10 <Yvan33> Donc ya pas d'anime a la suite mais il y a les mangas si j'ai bien compri
2014-10-25T23:01:40 *** adriens33 est parti
2014-10-25T23:01:44 <MaCharon> les mangas si tu trouve
2014-10-25T23:03:17 *** TrappyTickles est parti
2014-10-25T23:04:57 <Yvan33> je vois. C'est triste
2014-10-25T23:05:21 <MaCharon> comme pour Densetsu
2014-10-25T23:05:46 <MaCharon> et certains autre
2014-10-25T23:05:56 <Bybeez> Bon je regarde l'ep un de BlackRock Shooter et je vais me coucher alors bonne nuit !
2014-10-25T23:06:11 <Tsumenokage> bonne nuit Bybeez
2014-10-25T23:06:11 *** Bybeez est parti
2014-10-25T23:06:26 <MaCharon> bonne nuit
2014-10-25T23:06:41 <Berry-Punch> Voilà ce qu'il *hic* s'est passé ces 10 dernières lignes, adriens33
2014-10-25T23:06:42 *** adriens33 s'est connecté
2014-10-25T23:09:07 *** Yvan33 est parti
2014-10-25T23:48:17 *** adriens33 est parti
