2014-06-23T00:29:41 *** ludvann s'est connecté
2014-06-23T00:29:50 <ludvann> Niorph
2014-06-23T00:30:13 <ludvann> Bon je vais te laisser comme il y a personne...
2014-06-23T00:30:47 <ludvann> @+
2014-06-23T00:30:49 *** ludvann est parti
2014-06-23T01:03:51 <ValCab33> So lonely...
2014-06-23T01:13:47 *** ValCab33 est parti
2014-06-23T02:03:53 *** ravien s'est connecté
2014-06-23T02:04:02 <ravien> bjr
2014-06-23T02:05:23 *** ravien est parti
2014-06-23T09:15:56 *** heuzef s'est connecté
2014-06-23T09:16:16 <Berry-Punch> Voilà ce qu'il s'est passé ces 10 dernières *hic* lignes, heuzef
2014-06-23T09:16:17 <heuzef> !history
2014-06-23T09:21:27 *** maitrepanda s'est connecté
2014-06-23T09:26:05 *** maitrepanda est parti
2014-06-23T10:15:05 *** Gordfang s'est connecté
2014-06-23T10:15:14 <Gordfang> lut
2014-06-23T10:23:52 <heuzef> plop
2014-06-23T11:38:14 *** heuzef est parti
2014-06-23T12:00:50 *** heuzef s'est connecté
2014-06-23T12:02:51 <Berry-Punch> Voilà ce qu'il s'est passé ces *hic* 10 dernières lignes, heuzef
2014-06-23T12:02:52 <heuzef> !history
2014-06-23T12:05:13 *** ValCab33 s'est connecté
2014-06-23T12:05:21 <ValCab33> Hello
2014-06-23T12:06:25 <heuzef> Plop
2014-06-23T12:06:30 <heuzef> Comment ça va ? =)
2014-06-23T12:06:52 <ValCab33> Bien et toi ?
2014-06-23T12:06:59 <heuzef> Ouep
2014-06-23T12:07:14 <heuzef> Mis à part un mal de dos qui me torture
2014-06-23T12:07:54 <ValCab33> :/
2014-06-23T12:15:29 *** Gordfang est parti
2014-06-23T12:43:18 *** ludvann s'est connecté
2014-06-23T12:43:27 <ludvann> Yo !
2014-06-23T12:43:37 <ludvann> Salut !
2014-06-23T12:43:49 <ludvann> Niorph !
2014-06-23T12:56:06 <ValCab33> Niorph
2014-06-23T13:12:45 *** ludvann est parti
2014-06-23T13:16:02 *** heuzef est parti
2014-06-23T13:27:19 *** ludvann s'est connecté
2014-06-23T13:39:19 *** heuzef s'est connecté
2014-06-23T13:39:24 <heuzef> re
2014-06-23T13:39:29 <Berry-Punch> Voilà *hic* ce qu'il s'est passé ces 10 dernières lignes, heuzef
2014-06-23T13:39:30 <heuzef> !history
2014-06-23T13:41:07 <ludvann> Yo !
2014-06-23T13:41:44 *** Shinsaber s'est connecté
2014-06-23T13:41:59 <Shinsaber> salut
2014-06-23T13:42:31 <ludvann> Ca va ?
2014-06-23T13:42:36 <heuzef> yep
2014-06-23T13:42:37 <ludvann> Et salut
2014-06-23T13:42:46 <heuzef> ^^
2014-06-23T13:43:01 <ludvann> Mal poli heuz'
2014-06-23T13:43:03 <ludvann> ...
2014-06-23T13:43:08 <Shinsaber> moi sa va ^^
2014-06-23T13:43:33 <ludvann> Ok :)
2014-06-23T13:43:59 <heuzef> Dites je cherche des noms de ville sympathiques pour mon JDR, des idées ?
2014-06-23T13:46:09 <ludvann> Niorphland
2014-06-23T13:46:18 <heuzef> Niorph = ???
2014-06-23T13:46:25 <ludvann> Niorph
2014-06-23T13:46:32 <heuzef> Je comprend toujours pas
2014-06-23T13:47:04 <ludvann> Niorph = Schtroumpf
2014-06-23T13:47:14 <heuzef> ça viens d'où ?
2014-06-23T13:47:21 <ludvann> -> ce que tu veux..
2014-06-23T13:47:41 <ludvann> Je sais pas... C'est ça le problème...
2014-06-23T13:47:57 <heuzef> Comment tu as connu ce truc alors ?
2014-06-23T13:48:50 <ludvann> Je sais pas, la seule chose que je sais, c'est qu'a l'origine ça s'écrivait "niorf"
2014-06-23T13:48:54 <ludvann> ...
2014-06-23T13:48:58 <ludvann> -_-'
2014-06-23T13:49:16 <heuzef> Ouais ba nan quoi :/
2014-06-23T13:49:24 <ludvann> ?
2014-06-23T13:49:31 <heuzef> Ba cay nul
2014-06-23T13:49:40 <ludvann> :(
2014-06-23T13:50:04 <heuzef> Jvais reprendre des nom de poney dans cas
2014-06-23T13:50:08 <heuzef> Dash City
2014-06-23T13:50:19 <heuzef> Flutter Village
2014-06-23T13:50:19 <ludvann> Quel univers pour ton jdr ?
2014-06-23T13:50:31 <heuzef> Apple Loosa xD
2014-06-23T13:50:45 <ludvann> Hey !
2014-06-23T13:50:48 <heuzef> L'univers baaa
2014-06-23T13:51:00 <heuzef> Plutot medieval
2014-06-23T13:51:08 <heuzef> classique jdr quoi
2014-06-23T13:51:14 <Shinsaber> solde steam fail, Prix individuel ​​des jeux : 14,98, Prix du pack : 22,99
2014-06-23T13:51:32 <heuzef> Sauf que il n'y à pas de magie mais une autre forme d'energie
2014-06-23T13:51:39 <ludvann> Okay
2014-06-23T13:52:02 <ludvann> Lertouak
2014-06-23T13:52:24 <ludvann> Nortyk
2014-06-23T13:52:35 <ValCab33> A tes souhzits
2014-06-23T13:52:37 <ludvann> Fegfshu
2014-06-23T13:52:43 <ValCab33> *souhaits
2014-06-23T13:52:58 <ludvann> (Ce sont des noms de village ^^ )
2014-06-23T13:53:08 <ludvann> Wox
2014-06-23T13:53:30 <ludvann> Alors :) ^^
2014-06-23T13:53:58 <heuzef> En 2 syllabes ça serait pas mal
2014-06-23T13:54:32 <ludvann> Fegfshu convient :)
2014-06-23T13:54:43 <heuzef> Imprononçable xD
2014-06-23T13:54:59 <ludvann> Mais nan... J'y arrive moi...
2014-06-23T13:55:13 <ludvann> Ça ce prononce:
2014-06-23T13:55:26 <ludvann> Fègue fu chu
2014-06-23T13:55:39 <ludvann> (Mais rapidement)
2014-06-23T13:56:13 <ludvann> Fègue fe chub*
2014-06-23T13:56:14 <ValCab33> Ca fait asiatique, pas médièval
2014-06-23T13:56:18 <ludvann> Chu*
2014-06-23T13:56:29 <ludvann> Lertouak ?
2014-06-23T13:57:30 <ludvann> Bersta
2014-06-23T13:57:44 <ludvann> Pugï
2014-06-23T13:57:52 <ludvann> Natum
2014-06-23T13:58:07 <ludvann> Tatoïne
2014-06-23T13:58:16 <heuzef> lol
2014-06-23T13:58:23 <ludvann> Death star
2014-06-23T13:58:28 <heuzef> wD
2014-06-23T13:58:30 <heuzef> xD
2014-06-23T13:58:43 <ludvann> Movxy
2014-06-23T13:58:52 <ludvann> Jufde
2014-06-23T13:58:58 <ludvann> Viry
2014-06-23T13:59:06 <ludvann> Kuwja
2014-06-23T13:59:13 <ludvann> Lorty
2014-06-23T13:59:18 <heuzef> Adoprixtoxis
2014-06-23T13:59:19 <heuzef> xD
2014-06-23T13:59:25 <ludvann> XD
2014-06-23T13:59:43 <ludvann
[1;37m==> FLushing output buffer[0m> En deux syllabes ?::[1;37m==> FLushing output buffer[0m:
2014-06-23T14:00:06 <heuzef> Movxy / Viry ça me parle plus
2014-06-23T14:00:18 <heuzef> J'ai déjà une ville : Spargus
2014-06-23T14:00:21 <ludvann> Yay o/
2014-06-23T14:00:43 <ludvann> Marwo
2014-06-23T14:01:06 <ludvann> Vhust
2014-06-23T14:01:23 <ValCab33> Minmus
2014-06-23T14:01:31 <ludvann> Nan xD
2014-06-23T14:01:34 <ludvann> Ksp
2014-06-23T14:01:49 <ludvann> Lünha
2014-06-23T14:01:53 <ludvann> ^^
2014-06-23T14:02:29 <ludvann> D'autres ?
2014-06-23T14:02:59 <heuzef> Lunha j'achète
2014-06-23T14:03:15 <heuzef> Movxy aussi
2014-06-23T14:03:21 <ludvann> Lünha *
2014-06-23T14:03:47 <heuzef> Nop pas d'accent
2014-06-23T14:03:51 <heuzef> bref me manque encore 6 nom
2014-06-23T14:03:57 <ludvann> Moi je dit que ça mérite un booster de début de partie ^^
2014-06-23T14:04:07 <heuzef> ;)
2014-06-23T14:04:19 <ludvann> π
2014-06-23T14:04:24 <heuzef> Pi ?
2014-06-23T14:04:47 <ludvann> π <- note de sifflement
2014-06-23T14:05:20 <ludvann> Bluska
2014-06-23T14:05:30 <ludvann> Tersfre
2014-06-23T14:05:44 <ludvann> Brochka
2014-06-23T14:06:12 <ludvann> Jayghai
2014-06-23T14:06:46 <ludvann> Gahyjul
2014-06-23T14:07:10 <ludvann> Other ?
2014-06-23T14:07:22 <heuzef> oui des prononçable
2014-06-23T14:07:26 <heuzef> Pas trop elfique quoi
2014-06-23T14:07:32 <ludvann> Rho..
2014-06-23T14:07:42 <ludvann> Mosrta
2014-06-23T14:08:02 <ludvann> Gterg
2014-06-23T14:08:08 <heuzef> Tu fais expres xD
2014-06-23T14:08:12 <ludvann> Kilru
2014-06-23T14:08:17 <ludvann> Nan ^^
2014-06-23T14:08:46 <ludvann> Jusfe
2014-06-23T14:09:02 <ludvann> Gurlgue xD
2014-06-23T14:09:42 <ludvann> Pfungunstad
2014-06-23T14:10:06 <heuzef> Y'en à une que je vais appeler Veldun
2014-06-23T14:10:14 <heuzef> Ratchet & Clank :P
2014-06-23T14:10:26 <ludvann> Niorniargent (jeux de mots)
2014-06-23T14:11:12 <ludvann> Risthan
2014-06-23T14:11:36 <ludvann> Jurfle
2014-06-23T14:11:46 <ludvann> Mopefg
2014-06-23T14:12:12 <ludvann> Logxy
2014-06-23T14:12:28 <ludvann> D'autres encore ?
2014-06-23T14:13:15 <ludvann> ?
2014-06-23T14:13:27 <heuzef> Nop c'est bon merci ;)
2014-06-23T14:13:45 <ludvann> Yay o/
2014-06-23T14:14:04 <ludvann> Et mon booster ? xD
2014-06-23T14:17:01 <heuzef> +10 XP en début de partie si tu m'y fait penser
2014-06-23T14:17:01 <heuzef> ça représente le double des autres
2014-06-23T14:17:07 <heuzef> Sale profiteur
2014-06-23T14:19:32 <ludvann> Nan j'déconne ^^
2014-06-23T14:19:50 <ludvann> (Quoique... )
2014-06-23T14:20:44 <heuzef> ;)
2014-06-23T14:24:55 *** Shinsaber est parti
2014-06-23T14:27:37 *** Letarumavza s'est connecté
2014-06-23T14:27:51 *** ludvann est parti
2014-06-23T14:27:54 <Letarumavza> Salut les filles !
2014-06-23T14:27:59 <heuzef> Prout ^^
2014-06-23T14:28:04 <Letarumavza> ?
2014-06-23T14:28:12 <heuzef> !
2014-06-23T14:28:14 *** ludvann s'est connecté
2014-06-23T14:28:17 <Berry-Punch> Voilà ce qu'il s'est passé *hic* ces 10 dernières lignes, Letarumavza
2014-06-23T14:28:19 <Letarumavza> !history
2014-06-23T14:28:28 <Letarumavza> fuck... too late
2014-06-23T14:28:36 <Letarumavza> Lud je te hais toi et tes deux lignes
2014-06-23T14:28:46 <Letarumavza> Faut modifier berry
2014-06-23T14:29:01 <Letarumavza> Que l'historique n'inclue plus les annonces de co/déco
2014-06-23T14:29:22 <heuzef> En gros ludvann m'à aidé à créer des nom de ville pour mon projet de JDR
2014-06-23T14:29:26 <Letarumavza> Suffit de regarder la liste du canal pour avoir cette info.
2014-06-23T14:29:59 <heuzef> Letarumavza tu peux modifier ça et commit ça si tu veux
2014-06-23T14:30:08 <Letarumavza> Je sais.
2014-06-23T14:30:14 <heuzef> https://github.com/bronycub/berry-punch
2014-06-23T14:30:34 <Letarumavza> Seulement je préfère en discuter avant de coder la modif à proposer.
2014-06-23T14:32:42 *** ludvann est parti
2014-06-23T14:34:12 <heuzef> Moi je suis pour de ne pas prendre en compte les deco/reco dans !history
2014-06-23T14:34:31 <heuzef> Après je sais pas pourquoi on ne recois plus l'historique en PV
2014-06-23T14:34:37 <heuzef> Mais c'est pas plus mal
2014-06-23T14:35:10 <Letarumavza> Tiens ce que j'écoute quand je bosse : https://www.youtube.com/watch?v=NLUj9lFPU6s
2014-06-23T14:35:34 <Letarumavza> berry se faisait kick pour flood si les co étaient trop rapprochées.
2014-06-23T14:35:53 <Letarumavza> Adrien a désactivé la fonction, moi j'avais proposé un système de timer entre deux annonces.
2014-06-23T14:37:11 <heuzef> On arrive à une epoque ou le style musicale Dubstep + Classique ce marie vraiment bien
2014-06-23T14:37:54 <Letarumavza
[1;37m==> FLushing output buffer[0m> Le mieux pour coder ça reste le mélange épique symphonique-electro-dubstep.::[1;37m==> FLushing output buffer[0m:
2014-06-23T14:39:50 <Letarumavza> Quoique, le melange Metal+Vocaloid marche bien aussi pour bosser
2014-06-23T14:40:27 <Letarumavza> Faudrait que je retrouve le nom du groupe d'ailleurs
2014-06-23T14:40:42 <Letarumavza> (Les mecs font du power metal avec miku)
2014-06-23T14:41:40 *** ludvann s'est connecté
2014-06-23T14:41:43 <ludvann> me revoilà !
2014-06-23T14:42:08 <Letarumavza> Remarque faut jamais se limiter en musique...
2014-06-23T14:42:09 <Letarumavza> https://www.youtube.com/watch?v=btwxMcYUsmc
2014-06-23T14:44:40 <ludvann> xD
2014-06-23T14:49:22 <ludvann> ça va leta' ?
2014-06-23T14:49:29 <Letarumavza> yep
2014-06-23T14:49:44 <ludvann> la prof de français à finie son taf ?
2014-06-23T14:49:57 <heuzef> http://youtu.be/gidjr3e8S_w
2014-06-23T14:50:08 <heuzef> :P
2014-06-23T14:51:09 <ludvann> listening...
2014-06-23T14:51:25 <ludvann> bonne basse :)
2014-06-23T15:12:49 *** ValCab33 est parti
2014-06-23T15:13:05 *** ValCab33 s'est connecté
2014-06-23T15:19:33 *** Gordfang s'est connecté
2014-06-23T15:19:58 <ludvann> salut
2014-06-23T15:24:23 <ludvann> bon, puisque ça flood, je me déco... (ironie...)
2014-06-23T15:24:26 *** ludvann est parti
2014-06-23T15:56:48 *** Letarumavza est parti
2014-06-23T16:10:06 *** Letarumavza s'est connecté
2014-06-23T16:57:28 *** adriens33 s'est connecté
2014-06-23T16:57:33 <adriens33> CHIER
2014-06-23T16:57:35 <adriens33> MERDE
2014-06-23T16:57:38 <adriens33> >_<
2014-06-23T16:57:48 <adriens33> GROUMPFE
2014-06-23T16:57:56 <adriens33> journée de merde.
2014-06-23T16:58:14 <adriens33> 1) rater sa soutenance: check.
2014-06-23T16:58:37 *** heuzef est parti
2014-06-23T16:58:51 <adriens33> 2) commander une GBA parce que ma GBA SP a sa batterie dead, puis lors de la récupération au bureau de poste, récupérer des miettes de game boy: check.
2014-06-23T16:59:05 <adriens33> BANDE D'ENCULÉS !
2014-06-23T16:59:12 <adriens33> pouvaient pas faire attention au colis ?
2014-06-23T16:59:18 <adriens33> c'était écrit fragile en gros dessus
2014-06-23T16:59:38 <adriens33> Putain de merde, une GBA toute neuve.
2014-06-23T16:59:42 <adriens33> détruite
2014-06-23T16:59:44 <adriens33
[1;37m==> FLushing output buffer[0m> >_<::[1;37m==> FLushing output buffer[0m:
2014-06-23T17:01:17 *** ludvann s'est connecté
2014-06-23T17:01:22 <ludvann> salut
2014-06-23T17:01:36 <adriens33> salut :'(
2014-06-23T17:01:44 <ludvann> désolé pour ta gba...
2014-06-23T17:01:50 <adriens33> bande d'enculés
2014-06-23T17:01:53 <ludvann> ...
2014-06-23T17:01:58 <adriens33> sales rats
2014-06-23T17:02:04 <ludvann> ^^
2014-06-23T17:02:14 <adriens33> 84$ en poussière !!
2014-06-23T17:02:30 <ludvann> et la poste ne fait pas de garantie ?
2014-06-23T17:02:38 <ludvann> :|
2014-06-23T17:02:39 <adriens33> t'es rigolo toi.
2014-06-23T17:02:45 <adriens33> j'ai ouvert le paquet, c'est trop tard
2014-06-23T17:02:52 <adriens33> (et faut bien l'ouvrir pour en voir le contenu
2014-06-23T17:02:54 <ludvann> ah...
2014-06-23T17:02:55 <adriens33> à
2014-06-23T17:02:57 <adriens33> )
2014-06-23T17:03:04 <adriens33> ils diront que c'est moi qui l'ait cassée
2014-06-23T17:03:46 <ludvann> et elle est du genre, détruite lancé du 10ème étage ou du 1er ?
2014-06-23T17:04:04 <adriens33> le circuit imprimé est en miettes sur une bonne moitié
2014-06-23T17:04:11 <adriens33> ils ont pas fait semblant
2014-06-23T17:04:21 <adriens33> l'écran est en miettes aussi
2014-06-23T17:04:26 <ludvann> oulà...
2014-06-23T17:04:29 <adriens33> irrécupérable
2014-06-23T17:04:58 <ludvann> tu es sùr que c'est pas plutôt le vendeur qui à fait ça ? Le carton est dans quel état ?
2014-06-23T17:05:18 <ludvann> sûr*
2014-06-23T17:05:27 <adriens33> le carton est pété
2014-06-23T17:05:33 <ludvann> hum...
2014-06-23T17:06:11 <adriens33> correction: le carton est déchiré et déformé sur le bord.
2014-06-23T17:06:26 <adriens33> ils ont du jouer au foot avec pendant le transport
2014-06-23T17:06:46 <ludvann> football américain*
2014-06-23T17:08:08 <adriens33> elle était toute neuve en plus
2014-06-23T17:08:36 <ludvann> va quand même voir la poste et explique leur....
2014-06-23T17:08:45 <adriens33> ça sert à rien
2014-06-23T17:08:52 <adriens33> ils remboursent jamais dans ce cas
2014-06-23T17:09:00 <adriens33> une fois que t'as récupéré le colis tu l'as dans l'os
2014-06-23T17:09:16 <ludvann> et tu t'es doutais de rien ? :/
2014-06-23T17:09:37 <adriens33> ben jpouvais pas savoir dans quel état était l'interieur sans louvrir
2014-06-23T17:09:49 <ludvann> et à la gueule du carton ?
2014-06-23T17:10:04 <adriens33> ben il est un peu déformé et déchiré dans un coin, mais c'est tout
2014-06-23T17:10:39 <ludvann> la gba était emballé dans quelque chose ?
2014-06-23T17:10:47 <adriens33> dans une enveloppe à bulle
2014-06-23T17:10:54 <adriens33> ils ont réussi à la péter à travers quand même.
2014-06-23T17:11:06 <ludvann> 1 épaisseur ?
2014-06-23T17:11:12 <ludvann> (papier bulle)
2014-06-23T17:11:19 <adriens33> cest pas la première fois que jach_te un truc fragile sur ebay en provenance des us
2014-06-23T17:11:49 <adriens33> j'ai déjà commandé des circuits imprimés, mêmes emballages et tout
2014-06-23T17:11:54 <adriens33> mais j'ai jamais eu ce cousi
2014-06-23T17:11:56 <adriens33> *souci
2014-06-23T17:12:02 <ludvann> une seule épaisseur de papier bulle ?
2014-06-23T17:12:09 <adriens33> oui mais c'est du épais
2014-06-23T17:12:26 <adriens33> le genre de truc que normalement tu fais tomber le truc de 2m de haut il a rien
2014-06-23T17:12:34 <adriens33> là le circuit est pété à l'intérieur quand même
2014-06-23T17:12:39 <adriens33> et l'écran n'en parlons pas…
2014-06-23T17:12:42 <adriens33> il est défonc
2014-06-23T17:12:44 <adriens33> *défoncé
2014-06-23T17:12:49 <ludvann> le circuit intégré est cassé en deux ?
2014-06-23T17:12:57 <adriens33> un peu plus qu'en deux
2014-06-23T17:13:18 <ludvann> image stp ,
2014-06-23T17:13:20 <adriens33> pas sur toute la carte, mais sur la moitié gauche
2014-06-23T17:13:20 <ludvann> ?*
2014-06-23T17:14:19 <ludvann> ?
2014-06-23T17:15:54 <adriens33> http://imgur.com/Savqr1R
2014-06-23T17:16:30 <ludvann> oulà...
2014-06-23T17:16:30 <adriens33> http://imgur.com/phfxm1d
2014-06-23T17:17:09 <ludvann> le côté explosé était au coin défoncé du carton ?
2014-06-23T17:17:13 <adriens33> uep
2014-06-23T17:17:40 <ludvann> ça expliquerais peut-être ça...
2014-06-23T17:18:05 <ludvann> image du carton ?
2014-06-23T17:18:12 <adriens33> et la batterie de ma GBA SP a rendu l'âme, et comme ils en fabriquent plus et que c'est un format proprio, ben là j'ai plus rien (c'est pour ça que j'avais commandé une GBA)
2014-06-23T17:18:29 <ludvann> ...
2014-06-23T17:18:39 <ludvann> image du carton ?
2014-06-23T17:18:44 <adriens33> 2s
2014-06-23T17:18:58 <adriens33> le carton je l'ai ouvert proprement, j'ia juste coupé le scotch
2014-06-23T17:19:47 <ludvann> ok
2014-06-23T17:20:59 <adriens33> http://imgur.com/hPiQh6x
2014-06-23T17:22:22 <ludvann> bon: soit le carton a était lancé très fort et le lanceur a raté sa cible, soit il est tombait de très très haut....
2014-06-23T17:22:38 <adriens33> ou il a été écrasé dans l'acion
2014-06-23T17:22:40 <adriens33> *avion
2014-06-23T17:22:48 <adriens33> ou c'est la poste en arrivant qui a fait de la merde
2014-06-23T17:22:53 <adriens33> j'ai déja vu des trucs là dessus
2014-06-23T17:22:59 <adriens33> il s'en branlent des colis
2014-06-23T17:23:18 <adriens33> quand il les mettent  dans le camion pour l'emporter au bureau de poste
2014-06-23T17:23:24 <adriens33> il jettent tout dans le camion
2014-06-23T17:23:26 <ludvann> ils les lancent
2014-06-23T17:23:32 <ludvann> EEyup
2014-06-23T17:23:34 <adriens33> et à mon avis ils ont du balancer un gros truc par dessus
2014-06-23T17:23:39 <adriens33> du coup ça l'a brisée
2014-06-23T17:24:18 <ludvann> le truc devait peser 10k au minimun...
2014-06-23T17:24:37 <ludvann
[1;37m==> FLushing output buffer[0m> c'est quand même résistant les gba...::[1;37m==> FLushing output buffer[0m:
2014-06-23T17:24:44 <ludvann> (en temps normal)
2014-06-23T17:25:00 <adriens33> heureusement le vendeur que j'ai trouvé est spécialisé dans la remise à neuf de consoles rétro (gba etc)
2014-06-23T17:25:07 <adriens33> du coup quand je dis qu'elle était neuve
2014-06-23T17:25:10 <adriens33> c'était littéral
2014-06-23T17:25:27 <adriens33> du coup il en a dautres
2014-06-23T17:25:30 <adriens33> m'enfin ça fait chier
2014-06-23T17:25:34 <adriens33> si là ça recommence
2014-06-23T17:25:41 <adriens33> au moindre pli sur le carton
2014-06-23T17:25:44 <adriens33> je porte plaine
2014-06-23T17:25:50 <adriens33> *plainte
2014-06-23T17:25:52 <adriens33> contre la poste
2014-06-23T17:25:55 <ludvann> oui
2014-06-23T17:25:55 <adriens33> rien à foutre
2014-06-23T17:26:02 <adriens33> bordel quoi
2014-06-23T17:26:09 <adriens33> ils ont UN boulot à faire
2014-06-23T17:26:18 <adriens33> ils sont pas foutu de le faire correctement
2014-06-23T17:26:30 <adriens33> http://www.ebay.com/itm/NEW-SCREEN-Nintendo-Game-Boy-Advance-GBA-Orange-System-MINT-NEW-/201101536026?pt=Video_Games&hash=item2ed295eb1a
2014-06-23T17:26:32 <adriens33> (pour info)
2014-06-23T17:27:02 <ludvann> c'était celle que as commandé ?
2014-06-23T17:27:24 <adriens33> uep
2014-06-23T17:28:40 <adriens33> putain et linterphone de l'immeuble qui bug depuis cette nuit, avec l'orage ya eu des micro coupures, et du coup l'interphone grésille bien fort depuis cette nuit
2014-06-23T17:28:49 <adriens33> et bien sur ya personne dans limmeuble
2014-06-23T17:28:51 <adriens33> …
2014-06-23T17:28:56 <adriens33> grr
2014-06-23T17:29:30 *** heuzef s'est connecté
2014-06-23T17:30:09 <ludvann> salut heuz'
2014-06-23T17:37:44 *** Gordfang est parti
2014-06-23T17:39:14 *** MaCharon s'est connecté
2014-06-23T17:39:26 <MaCharon> slt le peuple
2014-06-23T17:39:34 <heuzef> plop
2014-06-23T17:39:47 <MaCharon> un bon xeek-end ?
2014-06-23T17:39:51 <MaCharon> week*
2014-06-23T17:40:05 <adriens33> plop
2014-06-23T17:42:10 <ludvann> salut mach'
2014-06-23T17:44:24 <heuzef> adriens33: raconte
2014-06-23T17:44:29 <adriens33> naon
2014-06-23T17:44:29 <heuzef> comment c'était ?
2014-06-23T17:44:35 <adriens33> c'était pas.
2014-06-23T17:44:38 <adriens33> j'avais rien à présenter
2014-06-23T17:44:42 <adriens33> je passerai en septembre
2014-06-23T17:44:53 <heuzef> Ha ...
2014-06-23T17:45:19 <heuzef> Changement de programme ?
2014-06-23T17:46:13 <ludvann> :(
2014-06-23T17:49:23 <ludvann> *insérer une musique tragique* et donc c'est grave ? :(
2014-06-23T17:59:54 <ludvann> anyway...
2014-06-23T18:13:22 * ludvann adore se prendre des vents dans la gueule...
2014-06-23T18:13:38 <heuzef> Il semble pas avoir envie d'en parler
2014-06-23T18:13:52 <ludvann> mais personne d'autre parle...
2014-06-23T18:14:17 <ludvann> ...
2014-06-23T18:14:21 <heuzef> Lance une conversation dans ce cas ;)
2014-06-23T18:14:56 <ludvann> que pensez-vous de la culture de papaye en Papouasie ?
2014-06-23T18:15:06 <ludvann> vous avez 20 minutes
2014-06-23T18:15:23 <MaCharon> j'aime pas la papaye -_-
2014-06-23T18:15:28 <ludvann> ^^
2014-06-23T18:15:45 <ludvann> d'ailleurs heuzef tu l'as bientôt fini ton jdr ?
2014-06-23T18:16:33 <ludvann> ?
2014-06-23T18:17:09 <ludvann> heuzef = osef ?
2014-06-23T18:17:18 <ludvann> ;)
2014-06-23T18:17:20 <heuzef> oui
2014-06-23T18:17:29 <heuzef> me manque plus qu'à finir une fonction
2014-06-23T18:17:35 <ludvann> cool :)
2014-06-23T18:17:50 <ludvann> la fonction main ? ^^
2014-06-23T18:17:54 <heuzef> Après finalisé le scénario et trouver des joueur
2014-06-23T18:18:00 <MaCharon> tu fais un jdr ? Oo
2014-06-23T18:18:05 <heuzef> non une fonction edition pour prendre des notes
2014-06-23T18:18:07 <heuzef> Yep
2014-06-23T18:18:13 <heuzef> Un JDR hyper badasse
2014-06-23T18:18:19 <heuzef> Un truc de gros taré
2014-06-23T18:18:23 <MaCharon> quel style ?
2014-06-23T18:18:35 <heuzef> Un JDR de la mort qui tue les mouches et les moustiques par scarification instantané
2014-06-23T18:18:39 <ludvann> le scénario doit être rentré ou il peut se faire à la boderline ?
2014-06-23T18:19:05 <ludvann> ?
2014-06-23T18:19:09 <heuzef> Une trame de base sur laquel on y applique des scénario borderline lol
2014-06-23T18:19:19 <ludvann> gné ?
2014-06-23T18:19:25 <ludvann> O_o' ?
2014-06-23T18:19:32 <heuzef> ^^
2014-06-23T18:19:44 <ludvann> je verrais quand ce sera fini...
2014-06-23T18:20:26 <ludvann
[1;37m==> FLushing output buffer[0m> (p.s: je pourrais être sur pc jusqu'a 22h30, donc si on en fait un...)::[1;37m==> FLushing output buffer[0m:
2014-06-23T18:21:17 <ludvann> et le jdr nécessite un client ?
2014-06-23T18:22:59 <heuzef> nop suffit d'une table et d'un ecran
2014-06-23T18:23:13 <ludvann> table ?
2014-06-23T18:23:25 <ludvann> et l'ordi ? ^^
2014-06-23T18:23:41 <MaCharon> l'ordi c'est surfait
2014-06-23T18:23:50 <ludvann> ::)
2014-06-23T18:30:03 <heuzef> Mon ordi bien sur
2014-06-23T18:30:30 <MaCharon> ah ah moi j'ai mes dés ^^
2014-06-23T19:08:12 *** maitrepanda s'est connecté
2014-06-23T19:21:24 *** maitrepanda est parti
2014-06-23T19:39:42 <ValCab33> Reuh
2014-06-23T19:44:39 *** heuzef est parti
2014-06-23T19:46:49 *** ValCab33 est parti
2014-06-23T19:47:07 *** ValCab33 s'est connecté
2014-06-23T20:06:02 <ludvann> brosse à chiottes !
2014-06-23T20:06:09 * ludvann is no longer afk
2014-06-23T20:36:19 <ValCab33> Tout à fait
2014-06-23T20:37:38 <ludvann> ^^
2014-06-23T20:42:21 <MaCharon> mais oui c'est clair
2014-06-23T20:42:36 <ludvann> la congot...
2014-06-23T20:42:43 <ludvann> des lois du marché
2014-06-23T20:45:34 *** heuzef s'est connecté
2014-06-23T20:45:39 <heuzef> Prout
2014-06-23T20:45:44 <Berry-Punch> Voilà ce qu'il s'est passé ces 10 dernières lignes, *hic* heuzef
2014-06-23T20:45:45 <heuzef> !history
2014-06-23T20:46:00 <ludvann> salut !
2014-06-23T20:46:04 *** ValCab33 est parti
2014-06-23T20:46:24 *** ValCab33 s'est connecté
2014-06-23T20:47:48 <ludvann> % = ?
2014-06-23T20:47:58 <ludvann> modulo !
2014-06-23T20:48:05 * ludvann se sent fier !
2014-06-23T20:48:17 * ludvann a honte de lui
2014-06-23T20:54:42 *** Utilisateur_ s'est connecté
2014-06-23T20:54:50 *** Utilisateur_ est parti
2014-06-23T20:55:04 <Letarumavza> 0o
2014-06-23T20:55:12 <ludvann> ?
2014-06-23T20:55:17 <Letarumavza> Tien, une de mes IA a découver hexchat et l'autologin
2014-06-23T20:55:27 <ludvann
[1;37m==> FLushing output buffer[0m> watt ?::[1;37m==> FLushing output buffer[0m:
2014-06-23T20:56:38 <ludvann> tien, en arduino il n'y a pas de then...
2014-06-23T20:58:03 <Letarumavza> Je pige juste pas comment elle a appris à ouvrir hexchat...
2014-06-23T20:58:16 <ludvann> moi non plus...
2014-06-23T20:58:24 <Letarumavza> Ni pourquoi elle a coupé de prog immédiatement.
2014-06-23T20:59:17 <ludvann> j'adore ce passage ^^ "Moi j'aimerais tester "si la condition est fausse j'achète la voiture". Comment faire ?
2014-06-23T20:59:18 <ludvann> Toi t'as un souci Il existe un dernier opérateur logique qui se prénomme NON. Il permet en effet de tester si la condition est fausse :"
2014-06-23T21:00:55 *** heuzef est parti
2014-06-23T21:04:02 *** ValCab33 est parti
2014-06-23T21:08:00 <BronyCUB-MC> Letarumavza has joined the server!
2014-06-23T21:13:46 *** ValCab33 s'est connecté
2014-06-23T21:13:53 <ValCab33> Re
2014-06-23T21:14:09 <ludvann> re
2014-06-23T21:14:15 <adriens33> plop
2014-06-23T21:14:25 <ludvann> niorpfh
2014-06-23T21:17:40 <Letarumavza> lut
2014-06-23T21:26:37 <BronyCUB-MC> Letarumavza has quit the server!
2014-06-23T21:26:55 <BronyCUB-MC> Letarumavza has joined the server!
2014-06-23T21:26:58 <BronyCUB-MC> Letarumavza has quit the server!
2014-06-23T21:27:02 <ludvann> *letarumavza has ragequit
2014-06-23T21:27:02 <BronyCUB-MC> Letarumavza has joined the server!
2014-06-23T22:29:11 * ludvann va aller dormir
2014-06-23T22:29:19 * ludvann vous dit aurevoir
2014-06-23T22:29:41 * ludvann brohoof /)
2014-06-23T22:29:58 *** ludvann est parti
2014-06-23T22:44:22 <Letarumavza> ...
2014-06-23T22:44:36 <Letarumavza> JE HAIS LE BASH ET LES COMMANDES LINUX !
2014-06-23T22:44:49 <Letarumavza> Fallait que ça sorte...
2014-06-23T22:45:28 <adriens33> t'essaie de faire quoi
2014-06-23T22:45:35 <Letarumavza> Adrien, je te hais pour avoir codé berry avec dans ce langage ressemblant à une version complexifiée du brainfuck...
2014-06-23T22:45:41 <adriens33> ta gueule.
2014-06-23T22:45:47 <Letarumavza> ^^
2014-06-23T22:46:00 <Letarumavza> ?
2014-06-23T22:47:01 <Letarumavza> Bah j'essaye (c'est bien le mot), de faire une version améliorée de l'history de berry qui l’empêche de se faire kick pour flood.
2014-06-23T22:47:12 <adriens33> c'est pas possible
2014-06-23T22:47:17 <adriens33> quel que soit le délai que tu met
2014-06-23T22:47:25 <adriens33> ça te kick au bout d'un certain nombre de lignes
2014-06-23T22:47:53 <adriens33> enfin dans une limite
2014-06-23T22:48:22 <adriens33> par contre je suis pas du tout dhumeur à plaisanter ce soir.
2014-06-23T22:48:28 <adriens33> désolé par avance.
2014-06-23T22:48:31 <Letarumavza> Soutenance demain ?
2014-06-23T22:48:33 <adriens33> non
2014-06-23T22:48:38 <adriens33> c'était ajd
2014-06-23T22:48:42 <Letarumavza> Alors ?
2014-06-23T22:48:43 <adriens33> (enfin théoriquement)
2014-06-23T22:48:51 <adriens33> ben j'avais rien de pret
2014-06-23T22:48:51 <Letarumavza> oula...
2014-06-23T22:49:02 <adriens33> ça, plus plein de choses en même tmeps
2014-06-23T22:49:16 <Letarumavza> Bon allez, vides ton sac
2014-06-23T22:49:36 <Letarumavza> (et hésites pas à me gueuler dessus, si ça peut te faire du bien...)
2014-06-23T22:49:41 <adriens33> ben en fait
2014-06-23T22:49:48 <adriens33> il se trouve que j'ai déjà pété
2014-06-23T22:49:55 <adriens33
[1;37m==> FLushing output buffer[0m> ('fin déjà vidé mon sac quoi)::[1;37m==> FLushing output buffer[0m:
2014-06-23T22:50:17 <adriens33> sur la prof qui s'occupe des alternances
2014-06-23T22:50:26 <Letarumavza> Aë
2014-06-23T22:50:27 <adriens33> et qui faisait accesoirement partie du jury ajd
2014-06-23T22:50:33 <Letarumavza> Aïe*
2014-06-23T22:50:40 <adriens33> bon coup de bol, j'ai une chance de la passer
2014-06-23T22:50:42 <adriens33> en septembre
2014-06-23T22:51:05 <adriens33> mais hier soir j'étais pas bien
2014-06-23T22:51:18 <adriens33> là tout à lheure j'ai eu une belle merde aussi
2014-06-23T22:51:48 <Letarumavza> Tain mais il s'est passé quoi au final pour que ça se passe si mal ?
2014-06-23T22:52:32 <adriens33> en fait cest un ensemble de choses qui traine depuis trop longtemps et ça a fini par péter;
2014-06-23T22:52:35 <adriens33> *.
2014-06-23T22:53:05 <Letarumavza> La totale quoi...
2014-06-23T22:53:19 <adriens33> le vrai problème, c'est qu'il faudrait que j'aille voir un psy, mais entre mes horaires et ma fâcheuse tendance à tout oublier/remettre à plus tard
2014-06-23T22:53:23 <adriens33> j'y arrive jamais
2014-06-23T22:54:09 <Letarumavza> T'as besoin d'un psy pour t'aider ou pour t'écouter ?
2014-06-23T22:54:33 <adriens33> pour m'aider
2014-06-23T22:54:44 <adriens33> disons que le gros pb que jai peut pas se résoudre par lui même
2014-06-23T22:54:49 <adriens33> c'est un cercle vicieux
2014-06-23T22:55:56 <Letarumavza> Hum...
2014-06-23T22:56:47 <Letarumavza> D'un certain point de vue nos problèmes sont très voisins, on doit pouvoir s'entraider.
2014-06-23T22:57:34 <adriens33> en fait, j'ai réussi à faire une séance de psy (et c'est déjà un miracle en soi)
2014-06-23T22:57:40 <adriens33> je fais de la phobie sociale
2014-06-23T22:57:47 <adriens33> et ce qu'il me faudrait c'est une thérapie
2014-06-23T22:58:10 <adriens33> (je sais plus comment ça s'appelle c'est genre cognitivo comportementale ou dans le genre)
2014-06-23T22:58:14 <adriens33> + des anti dépresseurs.
2014-06-23T22:58:31 <adriens33> en gros.
2014-06-23T23:00:01 <Letarumavza> Je pense que sortir dans un environnement contrôlé, avec uniquement des personnes que tu connais devrait pouvoir t'aider.
2014-06-23T23:00:33 <Letarumavza> (Généralement les thérapies comportementales fonctionnent sur ce principe)
2014-06-23T23:00:53 <adriens33> ah
2014-06-23T23:00:55 <adriens33> si tu le dis
2014-06-23T23:01:03 <Letarumavza> Oui... J'ai aussi des connaissances en psy comportementaliste...
2014-06-23T23:01:28 <adriens33> ah
2014-06-23T23:01:38 <adriens33> moi j'ai une "connaissance" avec qui j'étais ami
2014-06-23T23:01:43 <adriens33> pdt un an tout allait bien
2014-06-23T23:02:51 <adriens33> pis du jour au lendemain pouf me traite de tous les noms, me dit que "si tu veux que je t'aides tu me payes" (il faut savoir que cette personne avait des haut et des bas, comme tout le monde, et moi j'essayais de l'aider comme je pouvais. la seule fois ou moi j'ai eu besoin paf. ah, et elle est en fac de psycho).
2014-06-23T23:03:23 <adriens33> disons que ça m'a pas aidé…
2014-06-23T23:04:29 <Letarumavza> Hum...
2014-06-23T23:05:47 <Letarumavza> Si tu veux, je connais un bon psychiatre sur Mérignac, pas très loin de l’arrêt du tram (5-6min à pieds).
2014-06-23T23:06:44 <adriens33> pourquoi pas
2014-06-23T23:06:51 <Letarumavza> http://www.pagesjaunes.fr/pros/06682188#onglet-infos
2014-06-23T23:11:28 *** Letarumavza-AI s'est connecté
2014-06-23T23:13:01 <BronyCUB-MC> Letarumavza has quit the server!
2014-06-23T23:13:20 <BronyCUB-MC> Letarumavza has joined the server!
2014-06-23T23:14:14 <Letarumavza> Tien, j'ai co mon Ia sur irc
2014-06-23T23:14:43 <Letarumavza> Elle est là pour faire des échantillons de langage, normalement elle ne devrait envoyer aucun message.
2014-06-23T23:14:52 <adriens33> ah
2014-06-23T23:15:26 <adriens33> ok
2014-06-23T23:15:37 <Letarumavza> Je regarderai les rapports pour voir si elle crée bien les patterns de mémorisation.
2014-06-23T23:15:57 <Letarumavza-AI> patterns?
2014-06-23T23:16:23 <adriens33> oh elle parle ^^
2014-06-23T23:16:47 <Letarumavza> Problème réglé
2014-06-23T23:16:58 <adriens33> oww that's sad.
2014-06-23T23:17:16 <Letarumavza> (patterns est un mot clef de commande qu'elle reconnait, elle interprétait IRC comme un terminal de commande et pas une source d'information tierce)
2014-06-23T23:17:23 <adriens33> ah
2014-06-23T23:17:26 <adriens33> ok
2014-06-23T23:18:17 <Letarumavza> Si tu veux je m’intéresserai au bash plus en détail, il y a peut-être moyen de donner un peu plus de vie à berry.
2014-06-23T23:18:35 <adriens33> marrant c'est exactement ce à quoi je pensais ^^
2014-06-23T23:19:17 <Letarumavza> ¤Shadow=set"Berry-Punch"#IVALUE=software
2014-06-23T23:20:00 <Letarumavza> Comme je me doute que tu te le demande, je t'explique le shema de commande.
2014-06-23T23:20:06 <adriens33> l'ia est un sujet qui m'intéresserait bien, mais j'y connais que pouic
2014-06-23T23:20:21 <Letarumavza> <¤Shadow> c'est son nom
2014-06-23T23:20:51 <Letarumavza> le "=" Définit que je lui donne une commande, c'est la syntaxe pour envoyer une commande via un terminal tiers.
2014-06-23T23:21:43 <Letarumavza> ensuite le "set"Berry-Punch"#IVALUE=software" c'est tout simplement la commande pour lui signifier que "Berry-Punch" est un software.
2014-06-23T23:21:53 <adriens33> ^^
2014-06-23T23:22:34 <Letarumavza> Il y a trois IVALUE : software, Virtual, Living
2014-06-23T23:23:03 <Letarumavza> (les arguments de commande ne sont pas sensibles à la casse, mais les commandes elles-même le sont)
2014-06-23T23:23:49 <Letarumavza> Hum... Tu peux tester un truc pour moi ?
2014-06-23T23:24:31 <adriens33> quoi donc ?
2014-06-23T23:24:55 <Letarumavza> Envoies un ¤Shadow=sinput"bonjour"
2014-06-23T23:25:17 <adriens33> ben en fait je trouve pas le caractère que t'as mis au début dans la table unicode ^^
2014-06-23T23:25:29 <adriens33> si t'avais son nom
2014-06-23T23:25:33 <Letarumavza> altgr+$
2014-06-23T23:25:45 <adriens33> nope
2014-06-23T23:25:47 <adriens33> je suis sous linux
2014-06-23T23:25:49 <adriens33> en fr-oss
2014-06-23T23:25:54 <Letarumavza> arf
2014-06-23T23:26:08 <adriens33> aha j'ai trouvé
2014-06-23T23:26:17 <adriens33> c'est u+00A4 ("currency sign")
2014-06-23T23:27:00 <Berry-Punch> ¤Shadow=sinput\"bonjour\" *hic* ¤Shadow=sinput\"bonjour\"
2014-06-23T23:27:05 <adriens33> (oups…)
2014-06-23T23:27:53 <Letarumavza> Ok c'est bon, il répond pas à berry
2014-06-23T23:28:04 <Letarumavza> Et à toi ?
2014-06-23T23:29:13 <adriens33
[1;37m==> FLushing output buffer[0m> ¤Shadow=sinput"salutations"::[1;37m==> FLushing output buffer[0m:
2014-06-23T23:29:25 <Letarumavza-AI> def ?
2014-06-23T23:29:39 <Letarumavza> Il connait pas salutations ^^
2014-06-23T23:29:56 <adriens33> ¤Shadow=sinput"muffin"
2014-06-23T23:30:12 <Letarumavza> 0o
2014-06-23T23:30:23 <Letarumavza> ok...
2014-06-23T23:30:28 <adriens33> qué ,
2014-06-23T23:30:30 <adriens33> ?
2014-06-23T23:30:43 <Letarumavza> Rien, il vient de chercher muffin dans google, et là il compute.
2014-06-23T23:30:47 <adriens33> ^^
2014-06-23T23:31:05 <Letarumavza-AI> http://en.wikipedia.org/wiki/Muffin
2014-06-23T23:31:19 <Letarumavza> ...
2014-06-23T23:31:30 <adriens33> ¤Shadow=sinput"bonjour ?"
2014-06-23T23:31:44 <Letarumavza-AI> Bonjour.
2014-06-23T23:31:55 <adriens33> (et poli en plus :þ)
2014-06-23T23:32:09 <Letarumavza> Gosh, il est entrain de faire de la concaténation de docs sur les muffins
2014-06-23T23:32:15 <adriens33> XD
2014-06-23T23:32:39 <adriens33> là il se pointe en louchant c'est bon :þ
2014-06-23T23:33:19 <Letarumavza-AI> http://allrecipes.com/Recipe/Apple-Pumpkin-Muffins-3/Detail.aspx?evt19=1
2014-06-23T23:33:44 <Letarumavza> ok...
2014-06-23T23:34:06 <Letarumavza> Bon...
2014-06-23T23:34:21 <Letarumavza> Je coupe a sinput pour le moment et je le met en passif.
2014-06-23T23:34:28 <adriens33> ^^
2014-06-23T23:34:34 <adriens33> j'ai rien cassé ?
2014-06-23T23:35:40 <Letarumavza> Bah non, juste qu'il a bouffé toute la bande passante à aller visiter près de 400sites pour trouver ce qu'était un muffin.
2014-06-23T23:35:54 <adriens33> une vraie derpy :p
2014-06-23T23:36:06 <Letarumavza> Et j'ai pas la moindre putain d'idée de pourquoi il a posté cette recette.
2014-06-23T23:36:11 <adriens33> XD
2014-06-23T23:36:25 <Letarumavza> Tu veux savoir le plus étrange ?
2014-06-23T23:36:31 <adriens33> vas-y ?
2014-06-23T23:36:44 <Letarumavza> Il a gardé cette recette comme trace rémanente en mémorisant qu'il en existait d'autres voisines.
2014-06-23T23:37:10 <Letarumavza> En gros, pour lui un muffin c'est... Cette recette, et la page wikipedia correspondante.
2014-06-23T23:37:18 <adriens33> ^^
2014-06-23T23:37:58 <Letarumavza> Mais pourquoi des muffins citrouille+pomme ?
2014-06-23T23:38:11 <Letarumavza> C'est tout sauf commun comme recette.
2014-06-23T23:38:27 <adriens33> apple pumpkin muffins
2014-06-23T23:38:29 <adriens33> …
2014-06-23T23:38:32 <adriens33> un rapport avec mlp ?
2014-06-23T23:38:50 <Letarumavza> Aucune idée.
2014-06-23T23:39:06 <Letarumavza> Quoique, les muffins à la pomme c'est la spécialité d'applejack non ?
2014-06-23T23:39:29 <Letarumavza> Bon, je lui pose la question via le terminal.
2014-06-23T23:39:34 <adriens33> tout ce qui est à la pomme
2014-06-23T23:39:37 <adriens33> donc muffins compris
2014-06-23T23:39:38 <adriens33> ^^
2014-06-23T23:40:00 <Letarumavza> Bon, tu veux savoir la réponse ?
2014-06-23T23:40:07 <adriens33> bien sûr ^^ :þ
2014-06-23T23:41:02 <Letarumavza> Il a comparé les notes des recettes de plusieurs sites, et la pomme était l'ingrédient qui une fois les données croisées avait le score le plus haut.
2014-06-23T23:41:13 <adriens33> :p
2014-06-23T23:41:40 <Letarumavza> ...
2014-06-23T23:41:43 <Letarumavza> Oh le con...
2014-06-23T23:42:24 <adriens33> gné
2014-06-23T23:42:26 <Letarumavza> Bon... La réponse est en langage de sortie, en français ça donne approx ça...
2014-06-23T23:42:27 <adriens33> ?
2014-06-23T23:43:12 <Letarumavza> La pomme et la citrouille sont deux itérations très présentes dans la base de données, mais le muffin était inconnu, le choix de la recette est lié au fait qu'elle serait un bon ajout à minecraft.
2014-06-23T23:43:41 <adriens33> des muffins dans minecraft ?
2014-06-23T23:43:46 <adriens33> putain mais c'est pas con ça
2014-06-23T23:44:00 <Letarumavza> Le wiki de minecraft a fait partie des premiers documents à être intégrés à sa base de données.
2014-06-23T23:44:09 <adriens33> ah d'accord XD
2014-06-23T23:44:28 <Letarumavza> Et il s'est dit que puisque les citrouilles et les pommes étaient présentes dans minecraft, les muffins y avaient leur place.
2014-06-23T23:44:52 <adriens33> logique.
2014-06-23T23:44:58 <Letarumavza> Yep
2014-06-23T23:45:25 <Letarumavza> En fait c'est un autre truc qui me gène...
2014-06-23T23:45:31 <adriens33> quoi donc ,
2014-06-23T23:45:34 <adriens33> ?
2014-06-23T23:45:51 <Letarumavza> Il a formulé l'ajout des muffins à minecraft comme une requette.
2014-06-23T23:46:19 <adriens33> comment ça ?
2014-06-23T23:47:08 <Letarumavza> @-data"muffin"@-env"minecraft"@-agt"administrateur"
2014-06-23T23:47:48 <Letarumavza> Qui se traduit en "Demande d'ajout de la donnée muffin à l'environnement minecraft par l'agent administrateur"
2014-06-23T23:48:07 <adriens33> oO
2014-06-23T23:48:29 <adriens33> en gros il voulait demander à mojang d'ajouter des muffins dans minecraft ?
2014-06-23T23:48:32 <adriens33> :p
2014-06-23T23:48:52 <Letarumavza> Tu vois pas le truc étrange là ?
2014-06-23T23:49:08 <adriens33> non
2014-06-23T23:49:11 <adriens33> dis  ?
2014-06-23T23:49:20 <Letarumavza> Il a dégagé un concept d'une donnée abstraite, et l'a transféré dans un environement connu.
2014-06-23T23:49:53 <adriens33> je comprends pas le probleme
2014-06-23T23:50:02 <adriens33> *ne
2014-06-23T23:50:05 <adriens33> *problème
2014-06-23T23:50:19 <Letarumavza> Bah...
2014-06-23T23:50:37 <Letarumavza> Il a formulé une demande en réponse à un apprentissage.
2014-06-23T23:52:02 <Letarumavza> Hum...
2014-06-23T23:52:17 * Berry-Punch lance un muffin sur Letarumavza-AI à 5 km/h
2014-06-23T23:52:17 <Letarumavza> !muffin Letarumavza-AI
2014-06-23T23:53:00 <Letarumavza> Domage...
2014-06-23T23:53:08 <Letarumavza> Je me demandais si il allait réagir ^^
2014-06-23T23:53:29 *** Letarumavza-AI est parti
2014-06-23T23:53:34 <adriens33> XD
2014-06-23T23:53:41 <Letarumavza> 0o
2014-06-23T23:53:44 <adriens33> ok
2014-06-23T23:53:51 <adriens33> donc ton IA est devenue dingue de muffins.
2014-06-23T23:53:58 <Letarumavza> Bah...
2014-06-23T23:54:13 <adriens33> Ça, c'est fait.
2014-06-23T23:54:16 <adriens33
[1;37m==> FLushing output buffer[0m> XD::[1;37m==> FLushing output buffer[0m:
2014-06-23T23:54:23 <Letarumavza> C'est la première intégration de donnée de manière 100% autonome sans les vérrous.
2014-06-23T23:54:54 <adriens33> ah
2014-06-23T23:55:24 *** Letarumavza-AI s'est connecté
2014-06-23T23:55:38 <adriens33> hello !
2014-06-23T23:55:40 <adriens33> un muffin ?
2014-06-23T23:55:43 <adriens33> :)
2014-06-23T23:56:00 <Letarumavza> Il a recycle sa base de données.
2014-06-23T23:56:07 <Letarumavza> recyclé*
2014-06-23T23:56:44 <Letarumavza> Attends, je tente un truc
2014-06-23T23:58:05 <Letarumavza> Punaise... je sais pas ce qu'il fait, mais apparemment il est entrain de réfléchir
2014-06-23T23:58:24 <Letarumavza> (j'ai le SLI quasi saturé là)
2014-06-23T23:58:29 <adriens33> purée
2014-06-23T23:59:09 <Letarumavza-AI> muffin = gateau = nourriture // muffin = humour // muffin = danger
2014-06-23T23:59:32 <Letarumavza> Ok...
2014-06-23T23:59:37 <adriens33> yay, muffins !
2014-06-23T23:59:44 <Letarumavza> euh...
2014-06-23T23:59:54 <Letarumavza> Il m'a viré le vérrou de communication...
2014-06-23T23:59:59 <adriens33> hein ?
