2014-12-25T01:02:05 *** flutterbrony est parti
2014-12-25T01:25:48 *** Bybeez est parti
2014-12-25T03:21:41 *** adriens33 est parti
2014-12-25T03:56:15 *** ELiDYROS s'est connecté
2014-12-25T03:56:18 *** ELiDYROS est parti
2014-12-25T12:04:27 *** alphadash s'est connecté
2014-12-25T12:20:36 *** alphadash est parti
2014-12-25T13:19:29 *** adriens33 s'est connecté
2014-12-25T13:24:23 *** adriens33 est parti
2014-12-25T13:53:12 *** adriens33 s'est connecté
2014-12-25T14:13:50 *** adriens33 est parti
2014-12-25T14:22:55 *** adriens33 s'est connecté
2014-12-25T17:58:51 *** TrappyTickles s'est connecté
2014-12-25T18:08:51 *** flutterbrony s'est connecté
2014-12-25T18:09:12 <flutterbrony> Bonsoir
2014-12-25T18:17:31 *** adriens331 s'est connecté
2014-12-25T18:17:42 *** adriens331 est parti
2014-12-25T18:19:18 *** adriens331 s'est connecté
2014-12-25T18:20:27 <adriens33> ah tiens, une déco. y'avait longtemps.
2014-12-25T18:20:30 *** Guest76784 est parti
2014-12-25T19:03:55 <flutterbrony> re
2014-12-25T19:07:41 <adriens33> hello flutterbrony
2014-12-25T20:18:28 *** adriens33 est parti
2014-12-25T20:18:30 <flutterbrony> ca vas ?
2014-12-25T20:18:36 <flutterbrony> trop tard ...
2014-12-25T20:25:36 *** ELiDYROS s'est connecté
2014-12-25T20:52:07 *** adriens33 s'est connecté
2014-12-25T20:53:28 <adriens33> flutterbrony: ça pourrait aller mieux, mais bon
2014-12-25T20:53:33 <adriens33> bonsoir ELiDYROS
2014-12-25T20:53:39 <ELiDYROS> Salut adriens33
2014-12-25T20:53:45 <adriens33> (et TrappyTickles aussi tiens, je t'avais pas vu)
2014-12-25T20:54:47 <flutterbrony> re
2014-12-25T20:54:55 <flutterbrony> Qu'est ce qqui ne vas ppas ?
2014-12-25T20:56:08 <adriens33> boh, trois fois rien, j'avais pas envie d'aller voir ma famille (si c'est pour encore me faire rabaisser par ma mere…) et pis chaque fois les 16€ de train c'est moi qui paie, et pis j'suis pas de super humeur et j'ai absolument pas d'énergie, je suis vide.
2014-12-25T20:56:33 <adriens33> mais à part ça tout va très bien =)
2014-12-25T20:57:10 <flutterbrony> ah. Je peux comprendre pour ta mère, moi c'est un peu pareil ... Je vais manger @+
2014-12-25T20:57:17 <adriens33> bon app
2014-12-25T21:15:51 *** ELiDYROS est parti
2014-12-25T21:28:58 <adriens33> putain chapeau pizza hut.
2014-12-25T21:29:04 <adriens33> leurs pizza sont bonnes
2014-12-25T21:29:10 <adriens33> même réchauffées au micro ondes
2014-12-25T21:29:17 <adriens33> le livreur est jamais en retard
2014-12-25T21:29:25 <adriens33> et ils livrent meme le 25 décembre.
2014-12-25T21:36:54 *** ELiDYROS s'est connecté
2014-12-25T21:44:08 <ELiDYROS> Ping
2014-12-25T21:54:17 <ELiDYROS> 😢
2014-12-25T22:03:21 *** Yvan33 s'est connecté
2014-12-25T22:03:23 <Yvan33> Joyeux noel les gens!
2014-12-25T22:03:32 <ELiDYROS> De même.
2014-12-25T22:06:46 <Yvan33> Alors tu as recu quoi?
2014-12-25T22:07:17 <ELiDYROS> Rien.
2014-12-25T22:10:57 <Yvan33> Tu as passé ton noel seul?
2014-12-25T22:11:33 <ELiDYROS> Ça fait presque 10 ans que je passe les fêtes seul en fait.
2014-12-25T22:11:53 <Yvan33> Ah, une raison particulière?
2014-12-25T22:13:02 <ELiDYROS> J'habite seul. Pas d'ami. Je vois rapidement ma mère mais l'ambiance n'est pas là .
2014-12-25T22:20:06 <Yvan33> Je vois, c'est assez... triste dit comme ça
2014-12-25T22:20:28 <Yvan33> Mieux vaut ne pas continuer a en parler du coup, no?
2014-12-25T22:21:57 <ELiDYROS> Avec les années j'ai pris assez de recul pour m'y attendre disons.
2014-12-25T22:23:11 <ELiDYROS> Enfin quand j'habitais encore avec mon ex c'était pas comme ça évidemment.
2014-12-25T22:31:37 <Yvan33> Je vois
2014-12-25T22:31:47 <Yvan33> Et tu as pas plus de famille je suppose
2014-12-25T22:34:06 <ELiDYROS> Non. Juste ma mère. Le reste nous a snobé.
2014-12-25T22:39:57 <Yvan33> Je vois. Euh j'avoue que je sais pas quoi dire dans cette situation qui ne menerait pas à une situation dérangente. Des suggestions?
2014-12-25T22:40:46 <ELiDYROS> Y a rien à dire. T'embête pas.
2014-12-25T22:41:27 <Yvan33> D'accord, alors on passe!
2014-12-25T22:41:35 <Yvan33> Tu viens demain alors?
2014-12-25T22:41:55 <Yvan33> On sera que 6 maxi car mes voisins partent plus tot que prévu
2014-12-25T22:42:14 <Yvan33> Enfin ya quand même moyen de s'éclater
2014-12-25T22:43:15 <ELiDYROS> Ah bah j'avais totalement zappé tiens.
2014-12-25T22:43:41 <Yvan33> Bah c'est si tu le souhaite hein
2014-12-25T22:44:07 <Yvan33> J'aurai bien proposé à adriens mais connaissant sa phobie j'ai pas vraiment osé
2014-12-25T22:45:04 <ELiDYROS> Sa phobie de quoi? Sinon bah si je suis pas complètement claqué comme en ce moment pourquoi pas.
2014-12-25T22:45:37 <Yvan33> Sociale je parle. Enfin pas vraiment une phobie mais plus un malaise. Je sais pas si il aimerait que j'en parle
2014-12-25T22:45:42 <Yvan33> Bah tant pis
2014-12-25T22:46:07 <Yvan33> Ecoute je te klaisse mon numéro ou tu me préviens par fb si tu viens finalement ou pas, d'ac?
2014-12-25T22:46:38 <ELiDYROS> Ok. De toutes façons je passerai pas sans prévenir ;)
2014-12-25T22:46:48 <Yvan33> 06 08 85 39 80
2014-12-25T22:46:55 <ELiDYROS> Thx
2014-12-25T22:47:00 <Yvan33> Voilà je te dis ptet à demain, tchouss!
2014-12-25T22:47:17 *** Yvan33 est parti
2014-12-25T23:11:25 <adriens33> mince j'ai loupé Ivan ^^"
2014-12-25T23:12:00 <adriens33> ELiDYROS: bah tiens toi aussi t'a passé noel tout seul?… :/
2014-12-25T23:12:37 <ELiDYROS> Tous les ans en fait.
2014-12-25T23:12:53 <ELiDYROS> Sauf le 25 midi comme j'ai dit
2014-12-25T23:13:26 <adriens33> ouai bah comme moi alors. ^^" et avant que j'aie mon appart bah… ma mere fete ni les anniv ni noel, et les grand parents nous snobent aussi.
2014-12-25T23:13:34 <adriens33> (fin moi ce midi aussi)
2014-12-25T23:14:36 <adriens33> ah, et ce dont parlait Ivan: http://fr.wikipedia.org/wiki/Phobie_sociale
2014-12-25T23:14:55 <adriens33> (et c'est pas juste un "malaise"… j'aimerai bien.)
2014-12-25T23:16:05 <ELiDYROS> Hum :(
2014-12-25T23:16:19 <ELiDYROS> On t'a diagnostiqué ça?
2014-12-25T23:30:12 <adriens33> bah j'ai eu l'occasion d'aller voir un psy, une fois oui. mais bon c'est un peu parce qu'on m'avait "forcé" et entre temps avec le boulot je pouvait pas y retourner.
2014-12-25T23:30:25 <adriens33> faudrait que j'arrive a reprendre rdv
2014-12-25T23:30:36 <adriens33> mais j'y arrive pas…
2014-12-25T23:45:03 <ELiDYROS> D'accord
2014-12-25T23:56:40 <ELiDYROS> Je m'en vais dormir
2014-12-25T23:58:00 *** ELiDYROS est parti
