2014-08-22T00:08:54 <ValCab33> Gohd
2014-08-22T00:09:40 <ValCab33> Je vient de voir que j'ai fait une faute dans le titre d'un de mes screenshots de ksp...
2014-08-22T00:14:40 <ludvann> Watt ? xD
2014-08-22T00:16:00 <ValCab33> J'ai mi "spacial" au lieu de "spatial"
2014-08-22T00:16:43 <ludvann> xD
2014-08-22T00:17:03 <ValCab33> Et ca fait 15 jours que c'est comme ca et j'avait jamais remarqué...
2014-08-22T00:17:18 <ludvann> ...
2014-08-22T00:17:47 <ValCab33> *j'avais
2014-08-22T00:18:44 <ValCab33>  ...
2014-08-22T00:18:49 <ValCab33> Anyway
2014-08-22T00:19:46 <ludvann> Ontatoi
2014-08-22T00:20:14 <ValCab33> Toutafait
2014-08-22T00:27:43 <ELiDYROS> re
2014-08-22T00:30:19 *** Ambrocidus est parti
2014-08-22T00:37:45 *** MaCharon est parti
2014-08-22T01:37:55 <ELiDYROS> Y a des gens graves sur internet
2014-08-22T01:45:30 *** ludvann est parti
2014-08-22T01:59:45 *** ELiDYROS est parti
2014-08-22T02:02:16 *** ValCab33 est parti
2014-08-22T02:48:12 *** Gordfang est parti
2014-08-22T09:24:05 *** Bybeez s'est connecté
2014-08-22T09:24:12 *** Bybeez est parti
2014-08-22T09:28:58 *** heuzef s'est connecté
2014-08-22T09:37:24 *** Rei s'est connecté
2014-08-22T09:38:35 <Rei> Hello
2014-08-22T09:43:25 <Rei> T.T
2014-08-22T09:47:10 <heuzef> ;)
2014-08-22T09:48:49 <Rei> chaluttt^^
2014-08-22T09:55:33 <heuzef> Comment va ?
2014-08-22T10:00:30 <Rei> un peu crever, hier j'ai eu une journée de ouf et toi?
2014-08-22T10:03:17 <heuzef> ça roule
2014-08-22T10:03:19 <heuzef> Plutôt content
2014-08-22T10:03:28 <heuzef> mon pti projet de JDR avance bien
2014-08-22T10:03:34 <heuzef> J'ai ouvert une beta
2014-08-22T10:03:44 <heuzef> Si tu veux voir : www.ecomone.land
2014-08-22T10:03:51 <heuzef> Oups raté
2014-08-22T10:03:56 <heuzef> www.ecomonde.land
2014-08-22T10:04:58 <Rei> j'irai voir^^
2014-08-22T10:10:14 <Berry-Punch> Voilà *hic* ce qu'il s'est passé ces 10 dernières lignes, adriens33
2014-08-22T10:10:15 *** adriens33 s'est connecté
2014-08-22T10:10:27 <adriens33> salut les gens
2014-08-22T10:11:48 <Rei> chalu
2014-08-22T10:14:39 *** Rei est parti
2014-08-22T10:15:04 *** Rei s'est connecté
2014-08-22T10:15:10 <heuzef> Salut adriens33
2014-08-22T10:15:44 <adriens33> y'a du monde ce matin ^^
2014-08-22T10:16:17 <heuzef> T'as finit ton boulot alors ?
2014-08-22T10:16:21 <adriens33> ouiw
2014-08-22T10:16:26 <adriens33> * wip
2014-08-22T10:17:00 <heuzef> Ok donc repos bien mérité pour toi =)
2014-08-22T10:17:06 <adriens33> ^^
2014-08-22T10:17:14 <heuzef> Tu as envie de faire quoi maintenant ?
2014-08-22T10:23:20 *** ludvann s'est connecté
2014-08-22T10:23:39 <ludvann> 'llo !
2014-08-22T10:24:00 <adriens33> heuzef: sais pas
2014-08-22T10:24:09 <adriens33> ludvann: salut
2014-08-22T10:24:31 <ludvann> Ça va ?
2014-08-22T10:24:38 <adriens33> ouep
2014-08-22T10:24:40 <adriens33> et toi ?
2014-08-22T10:25:21 <ludvann> Bien :)
2014-08-22T10:28:04 <Rei> salut lud
2014-08-22T10:29:07 <ludvann> Ça va rei ?
2014-08-22T10:31:13 <Rei> oui ca va
2014-08-22T10:31:58 <ludvann> Ok :)
2014-08-22T10:32:20 <ludvann> Content de te voir :D
2014-08-22T10:32:48 <Rei> bah j'ai un peu de temps
2014-08-22T10:36:02 <Rei> faut que je mette a jour mon deviantart XD
2014-08-22T10:36:07 <Rei> mais j'ai la flemme
2014-08-22T10:36:30 <ludvann> ^^
2014-08-22T10:39:43 <ludvann> Le barbeuq hier était spécial ^^
2014-08-22T10:40:13 <Rei> ah c'est vrai c'était jeudi hier XD
2014-08-22T10:40:22 <ludvann> Ouep
2014-08-22T10:40:25 <ludvann> :)
2014-08-22T10:40:52 <ludvann> On était que deux, bertrand et moi  xD
2014-08-22T10:40:56 <Rei> bah pas grave, y'en aura d'autre et j'ai passer une bonne soirée hier XD
2014-08-22T10:42:52 <ludvann> On a mangé que du gâteau...
2014-08-22T10:43:22 <adriens33> barbeuc au gâteau ?
2014-08-22T10:43:28 <adriens33> gâteau grillé ? XD
2014-08-22T10:43:34 <ludvann> Ouep et nope ^^
2014-08-22T10:45:02 <ludvann> C'était une soirée très sympa :D
2014-08-22T10:47:31 <Rei> XDbah nous des burger XD
2014-08-22T10:47:39 <adriens33> om nom nom nom
2014-08-22T10:48:25 <Rei> cuisiner par Gro d'ailleurs, je croyais que c'était Nounours le cuisinier, bah apparamment pas ou alors je les confond
2014-08-22T10:48:50 <ludvann> Euh...
2014-08-22T10:48:59 <ludvann> Tu parles de quoi ?
2014-08-22T10:49:12 <ludvann> La drogue c'est pas bien...
2014-08-22T10:49:16 <ludvann> ^^'
2014-08-22T10:51:58 <Rei> je parle a adrien........... Gro et Nounours c'est les patrons du bar ou ont été hier soir pour manger les burger...
2014-08-22T10:52:29 <Rei> et puis aussi a vous XD
2014-08-22T10:52:41 <Rei> mais bon et non j'ai pas prit de drogue --'
2014-08-22T10:53:28 <adriens33> ludvann t'es pas sympa ce matin
2014-08-22T10:54:05 <adriens33> Rei: oui, bah ce que tu m'as dit hier soir me semble.
2014-08-22T10:54:27 <ludvann> :(
2014-08-22T10:54:35 <ludvann> Je rigolais...
2014-08-22T10:54:55 <adriens33> …
2014-08-22T10:54:56 * ludvann est triste
2014-08-22T10:54:56 * Berry-Punch Donne un verre de saké à ludvann
2014-08-22T10:54:56 <Berry-Punch> Tiens ludvann, pour te consoler :) *hic* 
2014-08-22T10:55:19 <Rei> adrien
2014-08-22T10:55:30 <adriens33> wii ?
2014-08-22T10:55:30 <Rei> toi aussi tu pense que nounours c'est le patron?
2014-08-22T10:55:34 <Rei> je sais plus
2014-08-22T10:55:36 <ludvann> Nan pasle kick...
2014-08-22T10:55:36 <adriens33> j'en sais rien XD
2014-08-22T10:55:47 <adriens33> je sais même pas qui est qui XD
2014-08-22T10:55:52 <adriens33> (j'ai du mal avec les noms…)
2014-08-22T10:57:19 <Rei> ah XD boarf je demanderai a Charles XDDD
2014-08-22T10:57:27 <adriens33> ouaip, bonne idée :p
2014-08-22T10:58:36 <ludvann> Faites quoi ?
2014-08-22T10:58:53 <Rei> bon je met a jour mon deviantart, sinon la prochaine fois que je vais aux runes je fais comme charles adrien, 1l de biere *w*
2014-08-22T10:58:54 <Berry-Punch> J'aimerais bien en reprendre, mais Colgate va *hic* se fâcher après…
2014-08-22T10:59:03 <adriens33> Rei: gââ
2014-08-22T10:59:54 <ludvann> Bon je dois vous laisser, j'ai du boulot à faire :(
2014-08-22T10:59:55 <Rei> Tu m'accompagnera et on se le boira a deux XD
2014-08-22T10:59:58 <ludvann> @+
2014-08-22T10:59:59 <Rei> ciao
2014-08-22T11:00:00 <adriens33> viiii
2014-08-22T11:00:08 *** ludvann est parti
2014-08-22T11:06:17 *** Rei est parti
2014-08-22T11:06:38 *** Rei s'est connecté
2014-08-22T11:07:09 <Rei> *
2014-08-22T11:11:21 *** Rei est parti
2014-08-22T11:14:18 *** ValCab33 s'est connecté
2014-08-22T11:14:25 <ValCab33> Hello
2014-08-22T11:19:57 *** adriens33 est parti
2014-08-22T11:22:27 *** ludvann s'est connecté
2014-08-22T11:30:53 *** heuzef est parti
2014-08-22T11:32:13 *** heuzef s'est connecté
2014-08-22T11:42:42 *** ludvann est parti
2014-08-22T11:51:11 *** ludvann s'est connecté
2014-08-22T11:54:41 *** ludvannn s'est connecté
2014-08-22T11:54:49 <ludvannn> plop
2014-08-22T11:55:00 *** ludvann est parti
2014-08-22T11:55:07 <ludvannn> je re
2014-08-22T11:55:10 *** ludvannn est parti
2014-08-22T11:55:34 *** ludvannn s'est connecté
2014-08-22T11:55:39 <ludvannn> re
2014-08-22T11:55:53 <ludvann> plop
2014-08-22T11:56:54 <ludvann> heuzef ?
2014-08-22T11:57:10 <ludvann> le gâteau était très bon hier ^^
2014-08-22T11:58:22 <ludvann> mais euh...
2014-08-22T11:58:29 <ludvann> pourquoi personne répond :'(
2014-08-22T11:59:17 <ValCab33> Bouh
2014-08-22T11:59:23 <ludvann> yay :D
2014-08-22T11:59:46 <ludvann> maj de steam qui dure trois ans...
2014-08-22T12:00:10 <ludvann> done !
2014-08-22T12:07:11 *** Bybeez s'est connecté
2014-08-22T12:08:22 <Bybeez> Bande de patates !
2014-08-22T12:09:17 <Bybeez> Heuzef ! Je vais continuer mon travail de beta-testeur du site !
2014-08-22T12:11:25 <Bybeez> Alors, on peut commencer une partie sans joueurs c'est un peu embêtant sans plus, pour l'instant il y a que une partie par MJ, peut être voir pour pouvoir en faire plusieurs
2014-08-22T12:12:38 <Bybeez> Je propose aussi l'ajout d'une banque d'image (quelques une de base, et possibilité au MJ, d'en creer une soit avec les image deja présentes soit avec des image qu'il importe)
2014-08-22T12:13:09 <Bybeez> Possibilité d'associé au Personnage une ou plusieurs images
2014-08-22T12:13:36 <Bybeez> Je pense que pour l'immersion ça peut être sympa
2014-08-22T12:15:42 <Bybeez> Possibilité d'associer le scénario au site via une Check-liste (j'y réfléchi encore, c'est juste une idée en progrès pour l'instant)
2014-08-22T12:28:17 <ludvann> plop
2014-08-22T12:31:48 <Bybeez> JE go miam
2014-08-22T12:31:48 <Berry-Punch> Bon appétit, Bybeez *hic* :D
2014-08-22T12:31:52 <Bybeez> Thx
2014-08-22T12:50:34 *** heuzef est parti
2014-08-22T12:55:09 *** Eclipse2212 s'est connecté
2014-08-22T12:55:15 <Eclipse2212> Coucou!
2014-08-22T13:26:15 <ludvann> niorph
2014-08-22T14:17:04 *** Gordfang s'est connecté
2014-08-22T14:17:19 <Gordfang> lu
2014-08-22T14:21:56 <ludvann> hello
2014-08-22T14:29:23 *** heuzef s'est connecté
2014-08-22T14:34:58 <ludvann> yay !
2014-08-22T14:35:05 <ludvann> salut heuzef :D
2014-08-22T14:37:52 <ludvann> je peux envoyer des sms deûis mon ordi ö/
2014-08-22T14:38:00 <ludvann> *insert a viking dance*
2014-08-22T14:38:42 <ludvann> et aussi depuis ma tablette !
2014-08-22T14:40:52 <ludvann> et il y a les logs dans le téléphone ! (messages envoyé depuis l'ordi intégré dans la conv du tel)
2014-08-22T14:41:43 <heuzef> Va falloir que tu me montre ça, la seul méthode que j'ai utiliser jusqu'à présent me bouffe toute ma batterie
2014-08-22T14:41:49 <heuzef> je re
2014-08-22T14:41:53 *** heuzef est parti
2014-08-22T14:42:21 *** heuzef s'est connecté
2014-08-22T14:43:25 <Bybeez> Heuzef ! Comment ça va ?
2014-08-22T14:45:40 <ludvann> re
2014-08-22T14:46:41 <ludvann> heuzef: faudra que je fasse des tests appronfondis mais c'est ça http://mightytext.net/
2014-08-22T14:46:43 <ludvann> :D
2014-08-22T14:49:00 *** MaCharon s'est connecté
2014-08-22T14:49:14 <MaCharon> slt
2014-08-22T14:49:52 <ludvann> coucou
2014-08-22T14:50:17 <heuzef> hmm
2014-08-22T14:50:24 <heuzef> En attendant que Hangout ce bouge le cul
2014-08-22T14:50:28 <heuzef> ça peux être pas mal
2014-08-22T14:50:43 <heuzef> Unqiuement si ça ne bouffe pas toute la batterie comme avec IFTTT
2014-08-22T14:50:51 <heuzef> Je vais tester aussi
2014-08-22T14:52:36 <ludvann> ok
2014-08-22T14:53:00 <ludvann> j'attends moi aussi que hangouts ce mette à faire ça :D
2014-08-22T14:54:15 <ludvann> le jour où ça se fera
2014-08-22T14:54:25 * ludvann kiki toudur
2014-08-22T14:54:26 <heuzef> Ok au finale ça reprend le même principe que AirDroid
2014-08-22T14:54:32 <Bybeez> Heuzef, as tu lus mes message de tout à l'heure sur EcoMonde ?
2014-08-22T14:54:32 <ludvann> ?
2014-08-22T14:54:37 <heuzef> Sauf que c'est uniquement pour les sms
2014-08-22T14:54:49 <ludvann> caypasbien ?
2014-08-22T14:55:02 <heuzef> Bybeez vite fait en faite j'aimerais qu'on en discute à tête reposer ensemble
2014-08-22T14:55:17 <Bybeez> ok, dit moi quand tu peux ;)
2014-08-22T14:55:27 <heuzef> ;)
2014-08-22T15:02:07 <heuzef> Bybeez tu peux cependant commencer à mettre à plat tes idées sur le wiki ;)
2014-08-22T15:02:19 <heuzef> wiki.ecomonde.land
2014-08-22T15:04:40 <Bybeez> Avant, je préférerai faire une partie pour comprendre mieux le jeu et commencer a refléchir a des idées plus précises
2014-08-22T15:07:22 *** flutterbrony s'est connecté
2014-08-22T15:07:32 <flutterbrony> Salut tout le monde
2014-08-22T15:10:10 <heuzef> Salut flutterbrony  =)
2014-08-22T15:10:44 *** heuzef est parti
2014-08-22T15:11:13 *** heuzef s'est connecté
2014-08-22T15:11:44 <flutterbrony> Le 6 septembre, je sais pas si je pourrais être là :/
2014-08-22T15:12:47 <ludvann> salut flutterbrony
2014-08-22T15:13:41 <flutterbrony> Tiens je viens de voir le nom de la future version d'Ubuntu et une partie me plaît ^^
2014-08-22T15:14:17 <ludvann> ah ^^
2014-08-22T15:14:19 <flutterbrony> Ils vont l'appeller Ubuntu 14.10 Utoic Unicorn !
2014-08-22T15:14:38 <ludvann> et ma b*te sur ton front ça fait...
2014-08-22T15:14:44 <ludvann> UNE LICORNE !
2014-08-22T15:14:50 * ludvann is proud
2014-08-22T15:15:56 *** RainboDash_ s'est connecté
2014-08-22T15:15:59 <RainboDash_> louder
2014-08-22T15:16:06 <ludvann> licorne
2014-08-22T15:16:10 <RainboDash_> louder
2014-08-22T15:16:16 <ludvann> LICORNEEEEEE
2014-08-22T15:16:22 <RainboDash_> ...
2014-08-22T15:16:27 <ludvann> yay
2014-08-22T15:16:31 *** RainboDash_ est parti
2014-08-22T15:17:15 <Gordfang> XD
2014-08-22T15:17:16 <ludvann> quelqu'un joue à tee worlds
2014-08-22T15:17:18 <ludvann> ?
2014-08-22T15:17:28 <ludvann> teeworlds*
2014-08-22T15:17:35 <heuzef> J'y ai jouer
2014-08-22T15:17:36 <Gordfang> je tourne la tête 5 seconde et je vois ton echange avec RD
2014-08-22T15:17:44 <ludvann> ^^'
2014-08-22T15:17:49 <ludvann> ;D
2014-08-22T15:19:09 <ludvann> bon je vais teeworlder :D
2014-08-22T15:21:17 <Eclipse2212> re les gens!
2014-08-22T15:21:21 <Gordfang> re
2014-08-22T15:22:26 <Eclipse2212> j'ai pas tout pigé a propos du JDR mais ça a l'air intéressant ^^
2014-08-22T15:22:56 <heuzef> ;)
2014-08-22T15:23:04 <heuzef> Eclipse2212: www.ecomonde.land
2014-08-22T15:23:19 <Eclipse2212> j'ai vu :D
2014-08-22T15:23:42 <Eclipse2212> mais j'ai pas pigé la manière dont ça allait fonctionner
2014-08-22T15:25:05 *** heuzef est parti
2014-08-22T15:26:48 <Eclipse2212> hmmm
2014-08-22T15:27:12 <Eclipse2212> il semblerait qu'il y aurait des références MLPesques dans ce jdr :)
2014-08-22T15:32:25 *** heuzef s'est connecté
2014-08-22T15:36:54 *** heuzef est parti
2014-08-22T15:37:04 *** heuzef s'est connecté
2014-08-22T15:37:43 <Eclipse2212> re
2014-08-22T15:39:02 *** heuzef1 s'est connecté
2014-08-22T15:39:09 *** heuzef1 est parti
2014-08-22T15:41:41 *** heuzef est parti
2014-08-22T15:41:54 <Eclipse2212> ??
2014-08-22T15:43:42 *** heuzef s'est connecté
2014-08-22T15:45:23 <Eclipse2212> beaucoup de deco/reco xD
2014-08-22T15:47:04 *** heuzef est parti
2014-08-22T15:47:13 *** heuzef s'est connecté
2014-08-22T15:49:46 *** flutterbrony est parti
2014-08-22T15:55:27 *** heuzef est parti
2014-08-22T16:40:18 *** heuzef s'est connecté
2014-08-22T16:40:28 <heuzef> re
2014-08-22T16:41:05 <heuzef> ludvann je reco à cause de mes déco fréquente
2014-08-22T16:41:12 <heuzef> du VPN du taff
2014-08-22T16:41:15 <heuzef> narmole
2014-08-22T16:44:10 <Eclipse2212> aok
2014-08-22T16:45:17 <Eclipse2212> mais j'ai jeté un oeil au wiki de ecomonde et je truve qu'il y a quelques références MLPesques :)
2014-08-22T16:50:36 <heuzef> Même pas vraie xD
2014-08-22T16:56:51 <ludvann> heuzef, tu t'es trompé de personne ^^
2014-08-22T16:57:01 <heuzef> ?
2014-08-22T16:57:39 <ludvann> c'est pas moi qui est dit que tu déco/reco beaucoup :)
2014-08-22T16:58:52 <ludvann> me gusta d'avoir 8 écrans :D
2014-08-22T16:59:19 <ludvann> et je peux en mettre un max de 20 :O
2014-08-22T16:59:26 <ludvann> Eclipse2212 ?
2014-08-22T16:59:52 <Eclipse2212> oui?
2014-08-22T17:00:29 <ludvann> ça va ?
2014-08-22T17:01:08 <Eclipse2212> bien et toi?
2014-08-22T17:01:23 <ludvann> bien, j'aurais une pensée le ùardi 2 septembre ;)
2014-08-22T17:01:30 <ludvann> mardi*
2014-08-22T17:01:46 <Eclipse2212> ah moi c'est le 4
2014-08-22T17:01:52 <Eclipse2212> 9h
2014-08-22T17:02:01 <ludvann> nope c'est le 2 pour toi...
2014-08-22T17:02:33 <Eclipse2212> ah oui pardon :)
2014-08-22T17:02:40 <Eclipse2212> et toi?
2014-08-22T17:03:01 <ludvann> le mercredi ^^
2014-08-22T17:03:04 <ludvann> 9h
2014-08-22T17:03:40 <Eclipse2212> whaat ils disent "secondes" pour ce créneau là
2014-08-22T17:03:49 <ludvann> ?
2014-08-22T17:03:49 <Eclipse2212> t'as redoublé ?? Oo
2014-08-22T17:03:58 <ludvann> bah ouais...
2014-08-22T17:04:04 <ludvann> tu le savais pas ?
2014-08-22T17:04:09 <Eclipse2212> nope
2014-08-22T17:04:21 <ludvann> je te l'ai dit pourtant...
2014-08-22T17:04:26 <Eclipse2212> ah...
2014-08-22T17:04:36 <Eclipse2212> je croyais que tu passais en pro
2014-08-22T17:04:37 <ludvann> serais-tu un poisson rouge ?
2014-08-22T17:04:40 <ludvann> nope
2014-08-22T17:04:43 <Eclipse2212> nope
2014-08-22T17:04:50 <ludvann> combo !
2014-08-22T17:04:56 <Eclipse2212> xD
2014-08-22T17:05:27 <Eclipse2212> au fait lors de la rentrée, j'aurais des trucs pas mal a te montrer :)
2014-08-22T17:05:40 * ludvann is scared
2014-08-22T17:05:45 <ludvann> quoi par exemple ?
2014-08-22T17:05:47 <Eclipse2212> no X
2014-08-22T17:05:51 <ludvann> :'(
2014-08-22T17:05:55 <Eclipse2212> xD
2014-08-22T17:05:58 <Eclipse2212> tékon
2014-08-22T17:05:58 <ludvann> j'en veux pas dans ce cas
2014-08-22T17:06:04 <Eclipse2212> tétrokon
2014-08-22T17:06:15 <ludvann> merci merci...
2014-08-22T17:06:32 <Eclipse2212> de rien :)
2014-08-22T17:17:35 *** Silou s'est connecté
2014-08-22T17:24:03 <ludvann> plop
2014-08-22T17:25:36 <Silou> plop
2014-08-22T17:27:16 <ludvann> ça va ?
2014-08-22T17:27:30 <ludvann> êtes ?
2014-08-22T17:27:33 <ludvann> silou ?
2014-08-22T17:27:40 <ludvann> Silou êtes ?
2014-08-22T17:27:44 <Silou> Silou Atien :)
2014-08-22T17:28:03 <ludvann> ^^
2014-08-22T17:28:24 <ludvann> tu es nouveau/nouvelle ?
2014-08-22T17:28:49 <Silou> Yep, mais juste de passage sur le chan
2014-08-22T17:28:57 <ludvann> ok
2014-08-22T17:29:13 <ludvann> tu es à la fois nouveau et nouvelle ? O_o'
2014-08-22T17:29:39 <Silou> Tu m'embrouille :p
2014-08-22T17:30:01 <ludvann> brony ou pegasis ? (better ?)
2014-08-22T17:30:59 <ludvann> je vois...
2014-08-22T17:31:05 <Bybeez> ?
2014-08-22T17:31:21 <heuzef> Laisse tomber, moi je dis on conclu sur un muffin et puis voila
2014-08-22T17:31:29 <ludvann> yay o/
2014-08-22T17:31:30 <heuzef> C'est toujours efficace
2014-08-22T17:31:39 * Berry-Punch lance un muffin sur Silou à 1110 km/h
2014-08-22T17:31:39 <ludvann> !muffin Silou
2014-08-22T17:31:54 <heuzef> Pas trop mal ^^
2014-08-22T17:31:58 <heuzef> Mais peu mieux faire
2014-08-22T17:32:01 <ludvann> ouep
2014-08-22T17:32:09 * Berry-Punch lance un muffin sur heuzef à 658 km/h
2014-08-22T17:32:09 <ludvann> !muffin heuzef
2014-08-22T17:32:12 <heuzef> :P
2014-08-22T17:32:12 <ludvann> :(
2014-08-22T17:32:29 * Berry-Punch lance un muffin sur Bybeez à 983 km/h
2014-08-22T17:32:29 <ludvann> !muffin Bybeez
2014-08-22T17:32:34 * Berry-Punch lance un muffin sur ludvann à 1331 km/h
2014-08-22T17:32:34 <Berry-Punch> MUFFIN *hic* RAINBOOM !!
2014-08-22T17:32:34 <Bybeez> !muffin ludvann
2014-08-22T17:32:34 <ludvann> ouinnnnn
2014-08-22T17:32:41 <Bybeez> Oui !
2014-08-22T17:32:42 <Silou> What xD
2014-08-22T17:32:54 * Berry-Punch lance un muffin sur Silou à 814 km/h
2014-08-22T17:32:54 <ludvann> !muffin Silou
2014-08-22T17:33:54 <Berry-Punch> Have you niorphed today, heuzef ? *hic* 
2014-08-22T17:33:54 <ludvann> !niorph heuzef
2014-08-22T17:35:45 <Silou> Mais pourquoi avoir choisi Berry Punch en OC ?
2014-08-22T17:36:43 <heuzef> !histoire
2014-08-22T17:36:51 <heuzef> Zut je me souvient plus de la commande
2014-08-22T17:37:08 <Bybeez> !patate
2014-08-22T17:37:28 <Berry-Punch> Commandes disponibles *hic* :
2014-08-22T17:37:28 <Berry-Punch> say do flag reload stop op niorphlo list kick welcome voice help *hic* devoice niorph history muffin deop
2014-08-22T17:37:28 <heuzef> !list
2014-08-22T17:38:11 <heuzef> Bon pas grave
2014-08-22T17:38:45 <heuzef> Silou:  Berry-Puch devait avoir comme petit nom à la base Pinot Noire (par lauren Faust) un vin connu du coin
2014-08-22T17:39:04 <heuzef> Pinot Noire, Vins, Fête? etc ...
2014-08-22T17:39:15 <heuzef> C'été la mascotte toute désignée pour notre collectif
2014-08-22T17:39:29 <Silou> Je vois xD
2014-08-22T17:39:44 <Silou> Pinot Noire, ca sonne mal pour un poney ^^
2014-08-22T17:45:44 <heuzef> C'est aussi pour ça que Faust aime bien berry Punch ^^
2014-08-22T17:45:58 <heuzef> hein Berry-Punch ? ^^
2014-08-22T17:46:07 <heuzef> Elle dort ou quoi
2014-08-22T17:46:16 <heuzef> Berry ?
2014-08-22T17:46:16 <Berry-Punch> heuzef: Tu as *hic* besoin de moi ?
2014-08-22T17:46:21 <heuzef> Ha quand même
2014-08-22T17:46:27 <heuzef> Tu bois trop Berry
2014-08-22T17:46:28 <Berry-Punch> Non, c'est même pas vrai *hic* d'abord !
2014-08-22T17:46:48 <heuzef> Trop d'alcool je te dis !
2014-08-22T17:46:48 <Berry-Punch> Qu'est-ce *hic* que j'ai soif…
2014-08-22T17:47:16 <heuzef> Une petite bière ? xD
2014-08-22T17:47:16 <Berry-Punch> Qu'est-ce que j'ai *hic* soif…
2014-08-22T17:47:20 <heuzef> Du came
2014-08-22T17:47:29 <Bybeez> Sans Berry, je serai triste
2014-08-22T17:47:40 <Bybeez> très triste
2014-08-22T17:47:52 <Bybeez> je suis triste
2014-08-22T17:47:52 * Berry-Punch Donne un verre de vodka à Bybeez
2014-08-22T17:47:52 <Berry-Punch> Tiens Bybeez, pour te consoler :) *hic* 
2014-08-22T17:47:55 <Bybeez> merci
2014-08-22T17:47:57 *** Yvan33 s'est connecté
2014-08-22T17:48:07 <Yvan33> Hello les gens
2014-08-22T17:48:32 <Bybeez> Yo
2014-08-22T17:48:36 <Eclipse2212> yop'
2014-08-22T17:48:50 <Yvan33> D'près l'historique, heuzef parle tout seul un peu
2014-08-22T17:48:56 <heuzef> :P
2014-08-22T17:49:00 <heuzef> Yvan33 au faite
2014-08-22T17:49:06 <Eclipse2212> :D
2014-08-22T17:49:07 <heuzef> Beta ouverte pour ecomonde :D
2014-08-22T17:49:14 <Eclipse2212> ah
2014-08-22T17:49:23 <Yvan33> Ah cool
2014-08-22T17:49:34 <Yvan33> Tu as rajouté des trucs sur ton site?
2014-08-22T17:50:47 <Bybeez> Ah oui, juste au passage, on peut supprimer tout les persos et on ne peut pas en creer... (non ça sent pas le vecu c'est pas vrai)
2014-08-22T17:50:56 <Eclipse2212> xD
2014-08-22T17:51:07 <Eclipse2212> mais i servent a quoi les persos??
2014-08-22T17:51:15 *** ludvann est parti
2014-08-22T17:51:30 <Yvan33> Ah je veux bien l'adresse pour aller m'en faire uin
2014-08-22T17:51:31 <Bybeez> Bah c'est les fiches de persos des joueur
2014-08-22T17:51:38 <heuzef> www.ecomonde.land
2014-08-22T17:51:39 <Bybeez> ecomonde.land
2014-08-22T17:51:49 <Yvan33> Oh mais tu es un roliste aussi bybeez
2014-08-22T17:52:06 <Bybeez> Bien moins que je ne le voudrais hélas ^^ mais oui
2014-08-22T17:52:45 <Yvan33> C'est à dire
2014-08-22T17:52:51 <Yvan33> je look heuzef
2014-08-22T17:52:54 <heuzef> ;)
2014-08-22T17:53:10 <heuzef> Je suis actuellement en train de dev la fonction "créer un joueur"
2014-08-22T17:53:17 <Eclipse2212> xD
2014-08-22T17:53:33 <Yvan33> ah bah oui, je peux rien créer mais je peux suprimer les players 1 2 et 3 ^^
2014-08-22T17:53:45 <Bybeez> J'ai pas pu trop faire de JdR, je suis allé une fois a TmT et j'ai fait une ou deux partie avec des mecs aux lycée c'est tout
2014-08-22T17:54:01 <Bybeez> Oui, ne le fait pas (fait pas comme moi XD)
2014-08-22T17:54:02 <Yvan33> Tu as joué a quoi?
2014-08-22T17:54:42 <Bybeez> J'ai fais une partie de Dreamgate, de naheulbeuk, et une de my heroic life
2014-08-22T17:57:28 <Yvan33> Oh, j'ai le neheulbeuk
2014-08-22T17:57:40 <Yvan33> Enfin tu parle du jeu plateau ou papier?
2014-08-22T17:57:45 <Bybeez> Papier
2014-08-22T17:58:08 <Yvan33> Tu étais là a l'anniv dimanche?
2014-08-22T17:58:27 <Bybeez> le plateau j'ai fais des partie de naheulbeuk (dimanche) et de Reflet d'acide ( avec JBX !!!!)
2014-08-22T17:58:34 <Bybeez> et oui j'étais la dimanche^^
2014-08-22T17:58:46 <Bybeez> le mec avec le T-shirt a wild derpy appeared
2014-08-22T17:58:53 <Yvan33> Hum
2014-08-22T17:58:53 <Yvan33> *
2014-08-22T17:59:09 <Yvan33> Tu jouais quel personnage?
2014-08-22T17:59:15 <Bybeez> La magotte
2014-08-22T17:59:43 <Yvan33> Ahhhhhhhhhhhhhhhhhhhhhhhhhh
2014-08-22T17:59:47 <Yvan33> Ok je vois
2014-08-22T17:59:56 <Bybeez> XD
2014-08-22T18:00:06 <Yvan33> Euh bah content de me rapeler de toi?
2014-08-22T18:00:22 <Yvan33> rappeler*
2014-08-22T18:00:42 <Bybeez> Hein, c'est une question ?
2014-08-22T18:00:55 <Yvan33> Euh non
2014-08-22T18:01:11 <Bybeez> XD
2014-08-22T18:01:19 <Yvan33> Juste histoire de marquer l'hésitation
2014-08-22T18:01:40 <Bybeez> Ok
2014-08-22T18:01:52 <Yvan33> Et c'est marrant, sur écomonde l'image change de couleur entre bleu jaune rouge et violet
2014-08-22T18:02:36 <Bybeez> Oui c'est assez drôle surtout que dès que change un truc sur une des fiches de perso il change de couleur
2014-08-22T18:03:06 <Yvan33> C'est a chaque raffraichissement je pense
2014-08-22T18:03:32 <Bybeez> Oui je pense aussi, toi tu as pas souci avec les cadre qui sont trop clair ?
2014-08-22T18:03:54 <Bybeez> (c'est surement moi qui avais l'écran trop claire)
2014-08-22T18:04:21 <heuzef> Je confirme c'est toi
2014-08-22T18:04:39 <Bybeez> Pas de souci ^^
2014-08-22T18:04:50 <Yvan33> Guh?
2014-08-22T18:05:00 <heuzef> (j'ai test sur plusieurs ecrans)
2014-08-22T18:05:05 <Yvan33> Tu veux dire "je confirme c'est moi?"
2014-08-22T18:05:23 <heuzef> Et oui le logo change en focntion des 4+2 types d'écos
2014-08-22T18:05:38 <heuzef> Je trouve ça rigolo
2014-08-22T18:05:41 <heuzef> :P
2014-08-22T18:05:43 <Bybeez> ouaip
2014-08-22T18:05:45 <Yvan33> Ouais yen a 6
2014-08-22T18:05:57 <heuzef> D'ailleur il faut les créer sur le wiki
2014-08-22T18:06:01 <Yvan33> Pas mal les personnages humanoides avec des ailes
2014-08-22T18:06:11 <Yvan33> Ce seront nos ennemis?
2014-08-22T18:06:23 <heuzef> Non
2014-08-22T18:06:32 <heuzef> Pour faire simple il existe 4 ecos
2014-08-22T18:06:36 <heuzef> Verte
2014-08-22T18:06:38 <heuzef> Bleue
2014-08-22T18:06:39 <heuzef> Jaune
2014-08-22T18:06:41 <heuzef> Et rouge
2014-08-22T18:06:46 <Yvan33> Oui j'ai lus
2014-08-22T18:06:48 <heuzef> Mais il existe aussi 2 éco sacré
2014-08-22T18:06:52 <heuzef> Blanche et Noire
2014-08-22T18:06:58 <Yvan33> Et les lutins c'est les écos sacré?
2014-08-22T18:07:09 <heuzef> En cas d'utilisation d'une éco blanche ou noire, et bien y'a transformation
2014-08-22T18:07:12 <heuzef> Et ça pique
2014-08-22T18:07:38 <Yvan33> Ah, donc on se transforme en un truc de ce genre quoi. Hum hum je vois
2014-08-22T18:07:39 <Bybeez> oh !!! ça c'est classe
2014-08-22T18:07:44 <heuzef> C'est tiré de l'univers de Jak & Daxter
2014-08-22T18:07:56 <heuzef> Par exemple
2014-08-22T18:08:07 <heuzef> Si Bybeez utilise de l'éco noir
2014-08-22T18:08:07 <Yvan33> Je ne connais pas
2014-08-22T18:08:21 <Yvan33> Ils devient dark lutin?
2014-08-22T18:08:22 * Bybeez utilise de l'éco noir
2014-08-22T18:08:26 <heuzef> En tant que Dark Bybeez il dispose de 3 pouvoir qui sont très violent
2014-08-22T18:08:34 <heuzef> En plus d'une forte agressivité de base
2014-08-22T18:08:37 * Bybeez est trow dark
2014-08-22T18:08:40 <Yvan33> Mais ya un contre coup j'imagine
2014-08-22T18:08:56 * Bybeez utilise Dark Bomb sur Yvan33
2014-08-22T18:09:18 * Yvan33 meurt dans d'atroce souffrances
2014-08-22T18:09:24 <heuzef> 1 EV + 1 EB + EJ + 1 ER = 1 EN = 1 transformation
2014-08-22T18:09:30 <heuzef> 1 EV + 1 EB + EJ + 1 ER = 1 EN = 1 pouvoir noire
2014-08-22T18:09:39 <heuzef> En gros c'est très chère
2014-08-22T18:10:01 <Eclipse2212> ah...
2014-08-22T18:10:29 <heuzef> Une Dark Bomb c'est un peu comme une bombe nucléaire mais charger d'éco noire
2014-08-22T18:10:35 <Yvan33> Ah ok, c'est un de chaque par sorts, sachant que tu dois en avoir utilisé un de chaque pour te transformer déjà
2014-08-22T18:10:45 <heuzef> De quoi nettoyer toutes présence y compris les alliées :/
2014-08-22T18:10:53 <Yvan33> Sympa
2014-08-22T18:11:09 <Eclipse2212> très sympa
2014-08-22T18:11:10 <heuzef> Et le contre coup de l'éco noir, c'est que tu perd aussi la boule
2014-08-22T18:11:17 <Eclipse2212> ne pas me donner ça
2014-08-22T18:11:23 <Bybeez> Ah oui, je vois, d'ailleurs comme évolution du personnage je vois encore trois possibilité, le stuff, les possibilité d'utilisation de l'éco, la quantité d'éco stockable
2014-08-22T18:11:28 <Yvan33> Hummmmm, power...
2014-08-22T18:11:30 * Bybeez devient berserk
2014-08-22T18:11:48 * Yvan33 fuis
2014-08-22T18:11:59 <heuzef> En faite sur toutes les partie déjà faite l'éco est plutot bien gérer et utilisé, c'est surtout qu'il manque cruellement une gestion de stuff
2014-08-22T18:12:08 <Eclipse2212> si on lance une partie, ya d'autres joueurs qui peuvent join?
2014-08-22T18:12:18 <Eclipse2212> (non bot)
2014-08-22T18:12:23 <heuzef> Les joueurs ramasse presque tous le temps des morceau des bosses qu'ils ont éclaté, j'ai pas du tous pris ça en compte
2014-08-22T18:12:30 <Yvan33> Et on est bligé d'avoir une tronche de lutin?
2014-08-22T18:12:40 <heuzef> Eclipse2212 difficilement puisque c'est du one shoot
2014-08-22T18:12:40 <Bybeez> Bah voila evolution du stuff ça peut faire une super évolution du personnage
2014-08-22T18:12:55 <Eclipse2212> gné?
2014-08-22T18:13:04 <Yvan33> C'est des parties rapide
2014-08-22T18:13:11 <heuzef> Bybeez tu met le doit sur ce que j'attend pour ce jeu
2014-08-22T18:13:21 <heuzef> Evolution des joueurs avec stuuf
2014-08-22T18:13:27 <Eclipse2212> aok
2014-08-22T18:13:43 <Yvan33> Et tu as une idée de comment le faire?
2014-08-22T18:13:49 <Bybeez> Bah, pour l'instant c'est du one shot, mais si on arrive a développer un coté "evolution du personnage" les partie pourront durer plus d'une fois
2014-08-22T18:14:02 <Eclipse2212> mais ce que je voulais dire, c'est est-ce qu'on peut jouer sans bots, avec des vrai joueurs dirrière leur écran
2014-08-22T18:14:08 <heuzef> Actuellement l'utilisation d'un eco ne nécessite pas de lancer de dés, c'est réussite critique, l'éco c'est vraiment cheaté
2014-08-22T18:14:19 <Yvan33> Bah voilà
2014-08-22T18:14:33 <Yvan33> Pour enchanter du stuff tu dois dépenser de l'éco
2014-08-22T18:14:41 <Eclipse2212> :D
2014-08-22T18:14:50 <Bybeez> Ouais, là soit tu rajoute des carac' a la manière d'un JdR classique soit tu centre tout sur le stuff
2014-08-22T18:14:54 <Eclipse2212> économie
2014-08-22T18:15:03 <heuzef> J'ai quelqu'un qui c'est amusé à faire ça sur plusieurs tour avec de l'éco jaune et rouge en gros à la fin il à obtenue
2014-08-22T18:15:05 <Yvan33> Et ça va rendre les gens hyper parano sur leur quantité d'éco
2014-08-22T18:15:05 * Eclipse2212 sors
2014-08-22T18:15:17 <heuzef> Une ULTRA CLAYMORE DE FEU AVEC UN COEUR DE DIAMANT
2014-08-22T18:15:26 <heuzef> Véridique
2014-08-22T18:15:28 <Eclipse2212> et?
2014-08-22T18:15:37 <heuzef> En gros au début il à pas piger
2014-08-22T18:15:44 <Bybeez> Après aussi l'utilisation de l'éco se serait bien d'en faire un critique automatique mais avec une chance de te chier
2014-08-22T18:15:48 <heuzef> Il voulais donner un coup à un garde
2014-08-22T18:15:50 <heuzef> Ok
2014-08-22T18:15:55 <heuzef> Voila sa strategie :
2014-08-22T18:16:09 <Yvan33> Comment il utilise des cobayes le mec
2014-08-22T18:16:23 <heuzef> Je me jette sur le garde et je lui afflige un coup d'épée MAIS avant je me charge en eco rouge
2014-08-22T18:16:25 <heuzef> Résultat :
2014-08-22T18:16:41 <heuzef> Le garde est réduit en bouillie, et son épée est en miète
2014-08-22T18:16:58 <Bybeez> et si tu te chie en utilisant de l'éco bah echec critique bien violent
2014-08-22T18:17:01 <heuzef> Du coup il à changer de stratégie et à injecter de l'éco pour obtenir des armes résistante
2014-08-22T18:17:03 <heuzef> Pas con
2014-08-22T18:17:26 <Bybeez> bah sa reéquilibre un peu je pense
2014-08-22T18:17:57 <heuzef> On pourrais par exemple gérer des armes comme ça
2014-08-22T18:18:15 <heuzef> Pour obtenir une épée indestructible, lui injecter de l'éco verte
2014-08-22T18:18:21 <Yvan33> Tu instaure un métal spécial qui réagit a l'éco qui tu lui insulfe
2014-08-22T18:18:26 <heuzef> Un épée de feu qui tranche tous avec de l'éco jaune
2014-08-22T18:18:27 <heuzef> etc ...
2014-08-22T18:18:40 <heuzef> Un métal spécial ?
2014-08-22T18:18:55 <Bybeez> c'est un peu compliqué vu le background
2014-08-22T18:19:09 <Bybeez> car si les gens sont méfiant...
2014-08-22T18:19:21 <Bybeez> le travail d'un tel métal les rendrait suspicieux
2014-08-22T18:19:31 <heuzef> Dans tous les cas il faut que je finisse d'écrire le scénario et que je vous explique plus en détails le jeu, y'a encore plein de chose importe à savoir
2014-08-22T18:19:49 <Yvan33> Ca s'achète au marché noir
2014-08-22T18:19:53 <heuzef> Je retourne developper le bouton "créer un joueur"
2014-08-22T18:19:54 <Eclipse2212> xD
2014-08-22T18:20:07 <Bybeez> Ah ouais, ou alors artéfact ancien
2014-08-22T18:20:16 <Bybeez> comme ça c'est plus rare et précieux
2014-08-22T18:20:20 <Yvan33> Genre c'est un métal résistant illégal
2014-08-22T18:20:28 <Bybeez> et même pas que des armes
2014-08-22T18:20:31 <Bybeez> des armure
2014-08-22T18:20:32 <Yvan33> Et il a une propriété inconnue du grand publique
2014-08-22T18:20:48 <Bybeez> avec une apparence d'acier classique
2014-08-22T18:21:24 <Bybeez> mais je sais pas comment il gère les combats si tu utilise pas d'éco (genre coup d'épée classuque
2014-08-22T18:21:28 <Yvan33> Quand tu le charge avec un type d'éco, il obtient un pouvoir, sois illimité mais pas très fort, genre repousse la flore de ton chemin
2014-08-22T18:21:48 <Bybeez> Ah pas mal
2014-08-22T18:22:00 <Yvan33> Sois une fois par jour/semaine/mois/année/milénaire
2014-08-22T18:22:10 <Yvan33> Un truc plus balèze
2014-08-22T18:22:25 <Bybeez> Bah sinon il est juste momentanné (genre 5 minutes) et te coute de l'éco
2014-08-22T18:22:28 <Yvan33> Genre charme les animaux
2014-08-22T18:22:57 <Bybeez> oui des trucs plus "passif" pour les mage et les prêtre (ou persos equivalent)
2014-08-22T18:23:19 <Bybeez> avec des accèssoire pour ses truc là
2014-08-22T18:23:35 <Bybeez> et des armure/arme pour les truc offensif ou de combat
2014-08-22T18:23:45 <heuzef> Pas mal ^^ , mais pour que le joueur resente son evolution, ça pourrais être pas mal de pouvoir enchanter de manière infinie une arme par exemple, plus on la charge d'éco plus elle est power
2014-08-22T18:23:47 <Yvan33> Ouais un champ de force qui reppousse le gars quand il t'attaque
2014-08-22T18:24:01 <Yvan33> Dans Donjons et dragons
2014-08-22T18:24:11 <Yvan33> Les pouvoirs sont par jours
2014-08-22T18:24:20 <Bybeez> Oui ou alors tu augment la quantité d'éco qu'il peut utiliser d'un coup
2014-08-22T18:24:27 <Yvan33> Genre le druide peux se transformer de base une fois par jour
2014-08-22T18:24:29 <heuzef> Bouclier d'energie serait donc généré avec l'Eco Bleue
2014-08-22T18:24:30 <Yvan33> en aimal
2014-08-22T18:24:55 <Yvan33> Bah pour chaque éco que tu utilise, tu augmente le nombre de transformations/utilisations par jour
2014-08-22T18:25:06 <Yvan33> Mieux! Ca dépend de l'éco utilisé
2014-08-22T18:25:10 <Bybeez> genre au début 2-3 points et après de plus en plus (et tu fais évoluer la quantité stockable par le joueur soit par niveau soit via du stuff))
2014-08-22T18:25:27 <Yvan33> Genre éco vert= +1 utilisation journalière
2014-08-22T18:25:34 <heuzef> Putain une épée d'éco blanche je me demande ce que ça peut offrir ça
2014-08-22T18:25:38 <Yvan33> Eco rouge = upgrade de puissance
2014-08-22T18:25:42 <Bybeez> des objets qui stockent un type d'éco
2014-08-22T18:25:43 <heuzef> Truc de ouf
2014-08-22T18:25:54 <Bybeez> ça peut être super sympa
2014-08-22T18:25:58 <Yvan33> Un pouvoir unique et utilisable une fois, genre résurection
2014-08-22T18:26:17 <heuzef> C'est le Light Heal ça
2014-08-22T18:26:17 <Bybeez> ça sur un pendantif remplis d'éco blanche
2014-08-22T18:26:22 <Yvan33> Clonage pour éco blanche
2014-08-22T18:26:40 <Bybeez> LIGHT heal ça veut pas dire résuréction chez moi XD
2014-08-22T18:26:51 <Yvan33> Ouais, l'effet dépend de si l'objet est utilisé de manière offensive, défensive ou passie
2014-08-22T18:27:19 <Yvan33> passive
2014-08-22T18:27:29 <Bybeez> Bah un objet a une fonction et un type d'éco (ou plusieurs pour les plus puissant)
2014-08-22T18:27:33 <heuzef> Light Heal : c'est une manière de remonter dans le temps pour guérir : Exemple, quelqu'un qui s'est fait décapité, remonte dans le temps jusqu'à ce que ça tête soit bien sur ses épaules ;)
2014-08-22T18:27:44 *** TrappyTickles s'est connecté
2014-08-22T18:27:46 <heuzef> En faites c'est unquement une modification du temps
2014-08-22T18:27:55 <Yvan33> Mec je sais pas d'où tu sors ton éco mais il y a tant de possibilités
2014-08-22T18:28:01 <Bybeez> genre de base tu peut avoir une épée avec un pouvoir offenssif lié a l'eco rouge
2014-08-22T18:28:03 <heuzef> Je sais :D
2014-08-22T18:28:24 <Yvan33> Oh, eco noir tu tranche dans le temps
2014-08-22T18:28:33 <Bybeez> ouais mais change le nom XD, Light c'est léger donc soin leger qui peut réssuscité .. voila quoi ^^
2014-08-22T18:28:40 <heuzef> Eco Rouge = Puissance, un peu comme superman tu défonce les mur à poing s nue
2014-08-22T18:28:49 <Yvan33> Genre si le gars il esquive, il morfle la lame car dans un temps passé, il était a cet endroit
2014-08-22T18:28:54 <heuzef> Bybeez non Light = Lumineux en faite
2014-08-22T18:29:04 <Bybeez> ouais sa me va
2014-08-22T18:29:09 <Bybeez> XD
2014-08-22T18:29:15 <heuzef> Dark / Light
2014-08-22T18:29:41 <heuzef> C'est lié aux precursseurs, encore un truc qu'il me faut vous expliqué
2014-08-22T18:29:49 <heuzef> Mais j'ai un background très riche
2014-08-22T18:30:00 <Bybeez> Après tu peux avoir une méga épée avec un pouvoir offensif et un pouvoir défensif lié a l'éco jaune et a l'éco blanc
2014-08-22T18:30:08 <Yvan33> Ouah je sais pas ce que tu as prévue heuzef, mais si tu as besoin de remplir les trou de gameplay je suis volontaire
2014-08-22T18:30:35 <Yvan33> Et genre tu peux pas avoir une arme avec Eco blanc+ noire
2014-08-22T18:30:41 <Yvan33> Car c'est incompatible
2014-08-22T18:30:51 <Bybeez> Le mieux c'est d'organniser une partie pour vraiment doser le jeu et réfléchir avec des idée plus clair
2014-08-22T18:30:57 <Bybeez> et oui c'est clair
2014-08-22T18:30:58 <Yvan33> O alors ça fait eco ultime ou du genre, mais ce serait trop je pense
2014-08-22T18:31:05 <Bybeez> ouais
2014-08-22T18:31:21 <Bybeez> mais tu peux avoir des boss qui font ça
2014-08-22T18:31:47 <Yvan33> Le boss, si il a de l'éco blanc et noir moi je m'en vais
2014-08-22T18:31:56 <Bybeez> C'est clair
2014-08-22T18:32:25 <Bybeez> Après si le boss il est là c'est que tu peux le vaicre
2014-08-22T18:32:30 <Bybeez> vaincre*
2014-08-22T18:32:52 <Yvan33> On peux s'échanger de l'éco tu pense?
2014-08-22T18:32:57 <Eclipse2212> mais tu doit en chier :D
2014-08-22T18:33:06 <heuzef> Oula ok bon
2014-08-22T18:33:15 <heuzef> Trop d'impatience donc voila ce qu'on va faire
2014-08-22T18:33:23 <Eclipse2212> ?
2014-08-22T18:33:26 <heuzef> Il faut trouver un lieux eton organise une partie demain
2014-08-22T18:33:30 <heuzef> Si vous êtes chaud
2014-08-22T18:33:44 <Bybeez> Demain je peux pas j'ai un lit a monter dans l'aprem
2014-08-22T18:33:52 <Bybeez> T.T
2014-08-22T18:33:55 <Eclipse2212> xD j'aurais aimé mais je suis pas a Bx :(
2014-08-22T18:33:56 <heuzef> Un lit ? T.T
2014-08-22T18:34:04 <heuzef> Pas à Bdx
2014-08-22T18:34:06 <heuzef> ....
2014-08-22T18:34:13 <Bybeez> ouais ma soeur se fait livré un lit et je doit le monter
2014-08-22T18:34:18 <Eclipse2212> Strasbourg
2014-08-22T18:34:21 <Eclipse2212> xD
2014-08-22T18:34:32 <Yvan33> Demain c'est mon anniversaire, ceci dit on le fête après demain donc je pourrais peut être venir
2014-08-22T18:34:32 <Eclipse2212> le bricolage c'est pas mon truc
2014-08-22T18:34:41 <Yvan33> Moi je suis plutot bon
2014-08-22T18:34:51 <heuzef> Un Lit qui livre sa soeur à Strasbourg pour fêter son anniv
2014-08-22T18:34:53 <heuzef> Nawak
2014-08-22T18:34:58 <Yvan33> XD
2014-08-22T18:35:04 <Eclipse2212> tékon
2014-08-22T18:35:05 <Bybeez> Exactement !
2014-08-22T18:35:08 <Yvan33> Avec de l'éco blanc
2014-08-22T18:35:17 <heuzef> Ok Yvan33
2014-08-22T18:35:25 <heuzef> Alors ou quand comment ?
2014-08-22T18:35:31 <Bybeez> XD
2014-08-22T18:35:34 <heuzef> Il me faut un écran + Internet
2014-08-22T18:35:41 <Yvan33> Bah attends je demande a ma mère si elle est ok
2014-08-22T18:35:47 <Bybeez> Dans le macdo du coin XD
2014-08-22T18:36:00 <Eclipse2212> bah moi devant mon écran, sur internet
2014-08-22T18:36:04 <Yvan33> Elle est ok
2014-08-22T18:36:22 <heuzef> Ok je pense qu'on peux déjà bien avancer à 2
2014-08-22T18:37:10 <Yvan33> Donc chez toi c'est peut être mieux
2014-08-22T18:37:37 <Bybeez> Bientôt le QG sera là pour ça
2014-08-22T18:37:40 <Bybeez> ^^
2014-08-22T18:37:43 <Bybeez> enfin bientôt
2014-08-22T18:37:51 <Yvan33> Bientôt est peut être
2014-08-22T18:37:55 <Yvan33> présomptieux
2014-08-22T18:38:03 <heuzef> Si MaCharon se motiv ouais
2014-08-22T18:38:05 <heuzef> lol
2014-08-22T18:38:08 <Yvan33> heuzef, chez toi ça te vas?
2014-08-22T18:38:15 <heuzef> Yvan33 ça dépend si on est que 2
2014-08-22T18:38:19 <Bybeez> Bah il peut pas tout faire tout seul en même temps
2014-08-22T18:38:23 <heuzef> Mais je me tate à organiser un event
2014-08-22T18:38:46 <Yvan33> Moi de mon coté mes parents pouront organiser mon anniv et tu as pas a te déplacer toi et tes données
2014-08-22T18:39:03 <Yvan33> Ouais un event "Raise vis farm... QG"
2014-08-22T18:39:11 <heuzef> Ha c'est mieux pour tes parent que tu soit absent
2014-08-22T18:39:18 <heuzef> Ok dans ce cas
2014-08-22T18:39:18 <Yvan33> "Raise this QG"
2014-08-22T18:39:21 <MaCharon> faudrait que je vois ça avec Lenile
2014-08-22T18:39:24 <heuzef> Demain aprem
2014-08-22T18:39:25 <Bybeez> Moi c'est une semaien sans mes parents !!!
2014-08-22T18:39:29 <Bybeez> Joie !
2014-08-22T18:39:48 <heuzef> Quelqu'un d'autre motiv pour venir chez moi pour EcoMonde demain sinon ?
2014-08-22T18:39:54 <Yvan33> Heuzf, si tu pensais que je planifiais de venir le matin, tu as tout faux ^^
2014-08-22T18:40:11 <MaCharon> je suis dispo
2014-08-22T18:40:32 <heuzef> Ok comme ça on sera 3, et c'est cool surtout que MaCharon à déjà jouer
2014-08-22T18:40:38 <heuzef> Il à l'experience du joueur
2014-08-22T18:40:44 <Bybeez> Je viens d'avoir une pub en allemand sur YT
2014-08-22T18:40:48 <Bybeez> O.o
2014-08-22T18:40:56 <MaCharon> quelle heure ?
2014-08-22T18:41:12 <heuzef> 14h me semble pas mal
2014-08-22T18:41:12 <Bybeez> Je verrai selon l'heur a laquelle je fini et l'heure a laquelle vous le faites
2014-08-22T18:41:26 <Yvan33> Tu veux que je ramène genre des truc d'autres jeu de roles pour piocher des idées ou tu penses ça devrait aller
2014-08-22T18:41:54 <heuzef> Ramène surtout des softs :D
2014-08-22T18:42:02 <Yvan33> Des?
2014-08-22T18:42:07 <Bybeez> Le lit doit arriver entre 12h et 14h alors bon ,j'imagine que c'est mort pour moi T.T
2014-08-22T18:42:17 <heuzef> A boaaare
2014-08-22T18:42:28 <Yvan33> Bah rien ne t'empêche de passer après si tu es pas trop loin
2014-08-22T18:42:37 <Yvan33> Oki doki Loki
2014-08-22T18:42:43 <heuzef> Bybeez
2014-08-22T18:42:47 <Bybeez> oui ?
2014-08-22T18:42:53 <heuzef> Sinon on passe chez toi avant pour monter le lit ensemble
2014-08-22T18:42:54 <heuzef> zou
2014-08-22T18:43:16 <Yvan33> Avec ou sans les boissons?
2014-08-22T18:43:17 <Eclipse2212> xD l'association des poneys monteurs de meubles
2014-08-22T18:43:40 <Bybeez> XD, si il arrive a 14h, je pourrai pas être là a 14h même si vous venez m'aider ^^
2014-08-22T18:43:59 <Bybeez> Mais je passerai surement
2014-08-22T18:44:12 <Bybeez> d'ailleur chez toi c'est vers ou ?
2014-08-22T18:44:21 <Yvan33> Mais tu sais, si tu arrive pas a 14h pile on va pas fermer la porte a double tour pour pas que tu viennes
2014-08-22T18:44:26 <Yvan33> Près de la victoire
2014-08-22T18:44:30 <Yvan33> Il me semble
2014-08-22T18:44:45 <Bybeez> il me semble aussi (en plsu c'est pratique pour moi)
2014-08-22T18:45:15 <heuzef> 35 rue millière
2014-08-22T18:45:17 <Yvan33> Ouais, je dirais 5-10 minutes a pied de la victoire
2014-08-22T18:45:21 <heuzef> Residence Millière
2014-08-22T18:45:28 <heuzef> Digicode : 2340
2014-08-22T18:45:34 <heuzef> Assenceur 3 ème etage
2014-08-22T18:45:42 <Bybeez> ok je note
2014-08-22T18:45:48 <Yvan33> Ouais moi aussi ^^
2014-08-22T18:45:48 <heuzef> 2ème porte à gauche (N°35)
2014-08-22T18:46:01 <heuzef> Tu toc un peu, et tu enleve tes chaussure
2014-08-22T18:46:04 <Yvan33> spammer ppas le temps que je prenne un stylo
2014-08-22T18:46:06 <heuzef> Voila
2014-08-22T18:46:07 <heuzef> xD
2014-08-22T18:47:01 <heuzef> https://www.google.com/maps/@44.82965,-0.576693,3a,31y,280.78h,86.3t/data=!3m4!1e1!3m2!1sAdRvmvsDsLVcDYFLYNB80w!2e0!6m1!1e1?hl=fr-FR
2014-08-22T18:47:33 <heuzef> Désolé pour le manque de précision les gars
2014-08-22T18:47:38 <heuzef> :P
2014-08-22T18:47:54 <Yvan33> Résidence milière, digicode:3ème étage N°35, je toque 2340 fois et j'enlève mes chaussures
2014-08-22T18:48:10 <heuzef> Mais bon eTu toque 2340 fois t'as pas finit xD
2014-08-22T18:48:15 <Bybeez> non tu enlève le digicode
2014-08-22T18:48:19 <Bybeez> je crois
2014-08-22T18:48:32 <Yvan33> Lol, ya même le nom de la rue... sur la rue!
2014-08-22T18:48:47 <Yvan33> Si je me perds je vais vraiment avoir l'air con
2014-08-22T18:48:52 <heuzef> Essayez d'être la pour 14:02:24 heure de paris
2014-08-22T18:48:57 <heuzef> Mais après on est pas aux pèce
2014-08-22T18:50:08 <heuzef> Ok donc je suis pas drole
2014-08-22T18:50:15 <heuzef> :/
2014-08-22T18:50:20 <heuzef> Bref
2014-08-22T18:50:28 <Yvan33> Si, mais je prennais note
2014-08-22T18:50:35 <Yvan33> Donc pas eus le temps de rire
2014-08-22T18:50:37 <heuzef> Oui sinon de quoi prendre l'apéro pour motiv
2014-08-22T18:50:50 <heuzef> Puis voila
2014-08-22T18:50:52 <Yvan33> Ok donc chips/gateuax/boissons
2014-08-22T18:51:02 <heuzef> ;)
2014-08-22T18:51:21 <heuzef> Bon je file j'ai encore un peu de boulot
2014-08-22T18:51:27 <heuzef> A demain les gens !
2014-08-22T18:51:29 <heuzef> +++
2014-08-22T18:51:31 <Yvan33> Ok a +
2014-08-22T18:51:33 *** heuzef est parti
2014-08-22T18:53:31 <Bybeez> http://fc03.deviantart.net/fs71/f/2011/324/4/b/my_little_toaster_by_cassanadra-d4gsn0p.png
2014-08-22T18:53:32 <Yvan33> Bybeez, donc tu veux pas d'aide pour le lit?
2014-08-22T18:53:55 <Yvan33> Jay sourriay
2014-08-22T18:53:58 <Bybeez> Non, ça ira c'est un meuble ikéa ça se monte rapidment
2014-08-22T18:54:24 <Yvan33> ok. Tu as le numéro de heuzef?
2014-08-22T18:55:16 <Yvan33> genre pour savoir si finalement tu viens, dans combien de temps, ect
2014-08-22T18:56:58 <Bybeez> Non je lui demanderai tout a l'heure
2014-08-22T18:57:21 <Yvan33> Je te passe le miens si tu veux
2014-08-22T18:58:00 <Bybeez> ouaip ça me va
2014-08-22T18:58:56 <Yvan33> 06 08 85 39 80
2014-08-22T18:59:43 <Bybeez> et voila
2014-08-22T19:00:28 <Yvan33> J'ai pas mon tel sur moi, mais j'irais check après
2014-08-22T19:00:45 <Bybeez> ok^^
2014-08-22T19:01:25 *** MaCharon est parti
2014-08-22T19:03:17 *** Yvan33 est parti
2014-08-22T19:15:37 *** ludvann s'est connecté
2014-08-22T19:15:42 <ludvann> niorph !
2014-08-22T19:16:05 <ludvann> bonjour*
2014-08-22T19:16:11 <ludvann> (miss-key)
2014-08-22T19:17:13 <ludvann> Bybeez ?
2014-08-22T19:18:52 *** Eclipse s'est connecté
2014-08-22T19:18:57 <Eclipse> re
2014-08-22T19:19:47 <ludvann> plop
2014-08-22T19:20:06 <ludvann> tu es doublement présent Eclipse & Eclipse2212
2014-08-22T19:20:35 <Eclipse> bah j'ai crash
2014-08-22T19:20:50 <ludvann> ferme androirc et rouvre le
2014-08-22T19:21:05 <Eclipse> c'est pas androirc
2014-08-22T19:21:10 <ludvann> (si tu as androirc)
2014-08-22T19:21:15 <Eclipse> c'est And chat
2014-08-22T19:21:24 <ludvann> ferme quand même l'app ^^
2014-08-22T19:21:31 *** Eclipse est parti
2014-08-22T19:21:32 <ludvann> et come back
2014-08-22T19:21:38 <ludvann> :/
2014-08-22T19:21:57 *** Eclipse2212 est parti
2014-08-22T19:21:59 *** Eclipse s'est connecté
2014-08-22T19:22:07 <Eclipse> et maintenant?
2014-08-22T19:22:08 <ludvann> cake que c'est que ce beans...
2014-08-22T19:22:22 <Eclipse> bah j'ai crash android
2014-08-22T19:22:27 <ludvann> le 2212 vient juste de time out xD
2014-08-22T19:22:36 <Eclipse> du coup il a pas tilt qu'il fallait le logout
2014-08-22T19:22:38 *** Eclipse est parti
2014-08-22T19:22:43 <ludvann> fait un /nick
2014-08-22T19:22:46 *** Eclipse2212 s'est connecté
2014-08-22T19:22:53 <Eclipse2212> aaah enfin :)
2014-08-22T19:22:59 <ludvann> un /nick aurait suffit ^^
2014-08-22T19:23:14 <Eclipse2212> boarf
2014-08-22T19:23:34 <ludvann> c'est pas bon le champagne...
2014-08-22T19:23:43 <ludvann> y a trop de bulles.
2014-08-22T19:24:04 <Eclipse2212> gné?
2014-08-22T19:24:06 <Eclipse2212> xD
2014-08-22T19:24:17 <ludvann> D:
2014-08-22T19:25:25 <ludvann> watt the fu...
2014-08-22T19:25:35 <ludvann> j'ai du lag interne dans MC
2014-08-22T19:26:21 <Eclipse2212> xD
2014-08-22T19:28:11 <ludvann> bon bah je jouerais plus tard... :/
2014-08-22T19:28:18 <ludvann> une prochaine fois
2014-08-22T19:29:10 <ludvann> je vais redémarrer mon ordi
2014-08-22T19:29:13 <ludvann> later
2014-08-22T19:29:20 <ludvann> avant 2017
2014-08-22T19:34:01 *** ValCab33 est parti
2014-08-22T19:34:22 *** ValCab33 s'est connecté
2014-08-22T19:34:53 <Batman> I'm Batman !
2014-08-22T19:35:07 <ValCab33> Si tu le dis
2014-08-22T19:50:17 <Bybeez> http://choualbox.com/Img/136888632763.jpeg
2014-08-22T20:07:01 <ludvann> I'm Niorph !
2014-08-22T20:08:05 *** ValCab33 est parti
2014-08-22T20:20:10 <ludvann> find the dude
2014-08-22T20:20:11 <ludvann> bit.ly/1zdlyrz
2014-08-22T20:21:16 <ludvann> Selfie ! bit.ly/VLxzYd
2014-08-22T20:22:28 <ludvann> weird... bit.ly/1tt2cxW
2014-08-22T20:22:43 <ludvann> Bybeez la patate ?
2014-08-22T20:23:40 <ludvann> Headshot ! bit.ly/1l1mRZB
2014-08-22T20:33:32 <ludvann> Gordfang ?
2014-08-22T20:35:01 <ludvann> Gordfang est demandé à l'accueil...
2014-08-22T20:39:17 <Gordfang> oui
2014-08-22T20:39:33 <ludvann> Si trois nains vont à la mine, oui j'ai bien dit trois, donc si ils vont à la mine, lequel va se faire tuer le plus vite ?
2014-08-22T20:40:16 <Berry-Punch> oh, toi ludvann, j'tai vu t'm'as r'gardé *hic* d'travers
2014-08-22T20:40:34 * Berry-Punch fout une droite a ludvann
2014-08-22T20:41:00 <ludvann> maieuh...
2014-08-22T20:41:18 <Berry-Punch> me r'garde pas comm' ça chuis pas *hic* d'humeur
2014-08-22T20:41:22 <ludvann> Gordfang je t''es vu donner de l'argent à Berry-Punch...
2014-08-22T20:41:47 <Gordfang> euh
2014-08-22T20:42:01 <Berry-Punch> chuis pas une peripa... *hic* peripaté.. enfin une pute quoi
2014-08-22T20:42:20 <ludvann> péripatétitienne ?
2014-08-22T20:42:21 <Berry-Punch> on *hic* me paye pas moi
2014-08-22T20:42:27 <ludvann> xD
2014-08-22T20:42:34 <Gordfang> je dirai le 2eme nain
2014-08-22T20:42:36 <Berry-Punch> ouais *hic* ce truc là
2014-08-22T20:42:44 <ludvann> ok :D
2014-08-22T20:44:13 <Berry-Punch> Trois nain vont à la taverne, le *hic* premier prend une Guiliness, le deuxième une Heinainken, que prend le troisième ?
2014-08-22T20:49:26 <ludvann> hum...
2014-08-22T20:49:32 <ludvann> une kro
2014-08-22T20:49:42 <ludvann> parce qu'il a faim
2014-08-22T20:50:03 <ludvann> (il a faim donc il a les crocs (kro))
2014-08-22T20:50:05 <ludvann> :D
2014-08-22T20:53:33 <ludvann> Eclipse2212 ?
2014-08-22T21:05:14 <Berry-Punch> Trois nain vont à la taverne, le premier prend une *hic* Guiliness, le deuxième une Heinainken, que prend le troisième ?
2014-08-22T21:46:36 *** Appledreamer s'est connecté
2014-08-22T21:46:48 <Eclipse2212> oui ludvann?
2014-08-22T21:48:13 <Eclipse2212> une Desperados :)
2014-08-22T21:48:47 <ludvann> ^^
2014-08-22T21:55:20 <Berry-Punch> Trois nain vont à la taverne, le premier prend une Guiliness, le deuxième *hic* une Heinainken, que prend le troisième ?
2014-08-22T21:56:03 <ludvann> la tête :D
2014-08-22T21:59:30 <Appledreamer> *Toc toc toc* Il y a quelqu’un ici ? C'est le livreur de pizza !
2014-08-22T22:00:01 <ludvann> myum
2014-08-22T22:00:04 <ludvann> :D
2014-08-22T22:00:34 <Appledreamer> A la carotte et au betterave :)
2014-08-22T22:03:22 <Appledreamer> Bon soyons sérieux. Je suis lapour parler de Brony IDF. Il y a quelqu’un ici pour en parler ?
2014-08-22T22:07:49 <TrappyTickles> tiens un nouveau?
2014-08-22T22:08:16 <Berry-Punch> Trois poney vont à la taverne, le premier prend une Guiliness, le deuxième une Heinainken, que prend le troisième ? *hic* 
2014-08-22T22:08:24 <ludvann> brony idf ?
2014-08-22T22:08:28 <Appledreamer> yes
2014-08-22T22:08:36 <ludvann> késaco ?
2014-08-22T22:08:43 <Appledreamer> Brony Ile de France
2014-08-22T22:08:45 <ludvann> ceux du nord/bretagne ,
2014-08-22T22:08:49 <ludvann> aoké
2014-08-22T22:08:56 <ludvann> que veux-tu :D
2014-08-22T22:09:00 <ludvann> ?*
2014-08-22T22:09:01 <Appledreamer> Parler
2014-08-22T22:09:09 <ludvann> de... ? ^^
2014-08-22T22:09:10 <Appledreamer> etre aider
2014-08-22T22:09:18 <Appledreamer> et m'orienter
2014-08-22T22:09:26 <ludvann> --->
2014-08-22T22:09:30 <Bybeez> Ah, le créateur du colléctif n'est pas là
2014-08-22T22:09:31 <ludvann> par là ;)
2014-08-22T22:09:33 <Appledreamer> merci
2014-08-22T22:10:00 <ludvann> mais nous sommes là
2014-08-22T22:10:18 <Appledreamer> j'ai contacté heuzef et BronyCAT. On devait discuter a ce sujet
2014-08-22T22:10:19 <Bybeez> Oui, mais pour la création je saurait pas trop quoi conseiller
2014-08-22T22:11:03 <ludvann> Appledreamer tu veux savoir quoi précisément ? ^^
2014-08-22T22:11:19 <Appledreamer> Je veut savoir qui a fait votre site
2014-08-22T22:11:26 <Appledreamer> comment
2014-08-22T22:12:04 <Bybeez> Déjà, connait tu d'autre Brony sur l'idf si oui, combien
2014-08-22T22:12:16 <Bybeez> donc le site c'est Heuzef il me semble
2014-08-22T22:12:53 <Appledreamer> Okai. Donc oui je connais quelques autre Brony de Ile de france
2014-08-22T22:13:07 <ludvann> le site c'est plusieurs personnes qui l'entretienne...
2014-08-22T22:13:18 <ludvann> c'est déjà un début
2014-08-22T22:13:18 <Appledreamer> combien ?
2014-08-22T22:13:22 <ludvann> :D
2014-08-22T22:13:24 <ludvann> euh...
2014-08-22T22:13:37 <ludvann> 4/5 je dirais...
2014-08-22T22:13:49 <Appledreamer> et que font il ?
2014-08-22T22:14:24 <ludvann> les nouvelles versions, enregistrements des nouveaux menbres, etc
2014-08-22T22:14:25 <ludvann> ...
2014-08-22T22:14:26 <Bybeez> Ils gèrent les inscription
2014-08-22T22:14:36 <ludvann> le ménages, la vaiselle...
2014-08-22T22:14:41 <Appledreamer> j'aijamais entretenue un site
2014-08-22T22:15:01 <ludvann> tu connais des personnes qui peuvent le faire ou t'apprendre ?
2014-08-22T22:15:16 <Appledreamer> pas vraiment
2014-08-22T22:15:35 <ludvann> tu a des bases en programmations, etc ?
2014-08-22T22:16:14 <Bybeez> Important !!! BronyCUB, n'est PAS un site
2014-08-22T22:16:20 <Appledreamer> non plus. Mais heuzef dit qu'il créerait le site, je pense
2014-08-22T22:16:21 <Bybeez> Le prblème ce sera pas ça
2014-08-22T22:16:24 <Appledreamer> ah bon ?
2014-08-22T22:16:32 <Bybeez> Non, c'est un collectif
2014-08-22T22:16:39 <Appledreamer> oui bien sur
2014-08-22T22:16:42 <Bybeez> un rassemblement d'être humain
2014-08-22T22:16:49 <Appledreamer> :D
2014-08-22T22:16:53 <Bybeez> c'est ça qui est un peu plus complexe a gerer
2014-08-22T22:17:00 <Berry-Punch> manger... *hic* manger...
2014-08-22T22:17:02 <Appledreamer> les evenements
2014-08-22T22:17:38 <Appledreamer> Donc pour commencer a créer ce collectif par quoi dois je commencer ?
2014-08-22T22:17:51 <Bybeez> Oui, garder les membre actifs, creer des event, donner aux gens l'envie de se retrouver
2014-08-22T22:17:52 <ludvann> avoir des personnes
2014-08-22T22:18:05 <Bybeez> Non au début a 4/5 ça suffit
2014-08-22T22:18:27 <Appledreamer> rechercher des gens competent pour le site
2014-08-22T22:18:31 <Bybeez> dès que tu aura le site, tu en parle a tes potes brony pour qu'ils en parlent a leurs potes brony etc
2014-08-22T22:18:44 <ludvann> oui mais tu commences pas une guerres (par exemple) avec un trombone et un élastique...
2014-08-22T22:18:57 <Appledreamer> hun ?
2014-08-22T22:19:06 <ludvann> nah rien ^^
2014-08-22T22:19:08 <Bybeez> Un site comme le notre, ça se gère pas trop difficilement
2014-08-22T22:19:16 <Appledreamer> j'espere
2014-08-22T22:19:19 <ludvann> tu t'en occupe Bybeez ?
2014-08-22T22:19:34 <Bybeez> Non, mais je suis admin sur un serv' avec un site
2014-08-22T22:19:48 <Bybeez> Et donc c'est des admissions a gerer principalement
2014-08-22T22:19:49 <ludvann> c'est pas comparable ^^
2014-08-22T22:19:53 *** heuzef s'est connecté
2014-08-22T22:20:04 <Berry-Punch> Voilà ce qu'il s'est passé ces 10 dernières lignes, heuzef *hic* 
2014-08-22T22:20:05 <heuzef> !history
2014-08-22T22:20:07 <ludvann> le sms fonctionne o/
2014-08-22T22:20:11 <ludvann> le sms fonctionne o/
2014-08-22T22:20:12 <Appledreamer> donc j'attend d'avoir le site pour engager des personnes pour s'en occuper ou j'engage avant ?
2014-08-22T22:20:20 <Gordfang> tiens des nouveau?
2014-08-22T22:20:25 <Appledreamer> yep
2014-08-22T22:20:39 <heuzef> ludvann: c'est bien parceque je fais joujou avec ton appli ;)
2014-08-22T22:20:43 <heuzef> Salut Appledreamer
2014-08-22T22:20:47 <Appledreamer> hello
2014-08-22T22:20:56 <Gordfang> Silou aussi je pari? (est nouveau)
2014-08-22T22:21:05 * ludvann takes the popcorns
2014-08-22T22:21:13 <heuzef> Non Silou c'est un Toulonais
2014-08-22T22:21:17 <Gordfang> ok
2014-08-22T22:21:24 <heuzef> Je vais chercher ambro sur #bronycat
2014-08-22T22:21:24 <Silou> Meme pas
2014-08-22T22:21:32 <ludvann> po po pooooo
2014-08-22T22:21:40 <Appledreamer> On parlais de l'orga de Brony IDF
2014-08-22T22:21:49 <heuzef> Silou = breton pardon
2014-08-22T22:21:50 <heuzef> rooo
2014-08-22T22:22:13 *** Ambrocidus s'est connecté
2014-08-22T22:22:21 <Ambrocidus> Bonsoir
2014-08-22T22:22:32 <ludvann> bisoir :D
2014-08-22T22:22:34 <Appledreamer> salut
2014-08-22T22:22:39 <Berry-Punch> Trois poney vont à la taverne, le premier prend une Guiliness, le *hic* deuxième une Heinainken, que prend le troisième ?
2014-08-22T22:22:55 <heuzef> Berry une bière ?
2014-08-22T22:22:55 <Berry-Punch> Qu'est-ce *hic* que j'ai soif…
2014-08-22T22:22:56 <Gordfang> du cidre
2014-08-22T22:23:13 <heuzef> Enfin bref
2014-08-22T22:23:41 <ludvann> on peut pas mute Berry- ?
2014-08-22T22:23:55 <heuzef> non ! Sacrilège !
2014-08-22T22:24:19 <heuzef> J'ai pas beaucoup de temps hélas
2014-08-22T22:24:48 <heuzef> Appledreamer nous avons discuter un peu de ton projet
2014-08-22T22:25:00 <Appledreamer> comment ça ?
2014-08-22T22:25:05 <ludvann> c'est refusé
2014-08-22T22:25:08 <ludvann> xD
2014-08-22T22:25:09 <Appledreamer> shit
2014-08-22T22:25:10 <ludvann> ;)
2014-08-22T22:25:15 <ludvann> j'blague !
2014-08-22T22:25:19 <ludvann> xD
2014-08-22T22:25:19 <Appledreamer> :D
2014-08-22T22:25:23 <heuzef> Le truc c'est que l'IDF c'est plus de 12 M d'habitant, soit environs 10 fois plus que dans nos regions
2014-08-22T22:25:33 <Appledreamer> je comprend
2014-08-22T22:25:43 <ludvann> = bordel
2014-08-22T22:25:47 <Appledreamer> donc plus a organiser
2014-08-22T22:25:52 <heuzef> On peux estimer que BronyIDF pourais théoriquement atteindre les 500 membres en 1 an, je trouve que c'est trop
2014-08-22T22:26:02 <heuzef> Donc on à eu une "idée"
2014-08-22T22:26:08 <Appledreamer> vas y
2014-08-22T22:26:09 <ludvann> :O
2014-08-22T22:26:15 <ludvann> toi avoir une idée ?
2014-08-22T22:26:21 <heuzef> Faire un collectif par arrondissement de paris
2014-08-22T22:26:32 <heuzef> BronyIDF10 BronyIDF11 etc ...
2014-08-22T22:26:39 <Appledreamer> ah oui j'en ais parler aussi
2014-08-22T22:26:39 <ludvann> #mauvaise_idée
2014-08-22T22:26:47 <heuzef> Mais comme on ne connais pas bien paris
2014-08-22T22:27:06 <heuzef> Qu'en pense tu ?
2014-08-22T22:27:14 <Appledreamer> sa risque de faire trop éparpiller
2014-08-22T22:27:32 <Appledreamer> les collectifs vont fusioner un moment ou l'autre
2014-08-22T22:27:38 <ludvann> vous élissez un roi et vous faîtes une révolution :D
2014-08-22T22:27:45 <Appledreamer> exact
2014-08-22T22:28:20 <Ambrocidus> Re
2014-08-22T22:28:23 <ludvann> re
2014-08-22T22:28:26 <Appledreamer> rerere
2014-08-22T22:28:32 <heuzef> Hmmm
2014-08-22T22:28:40 <heuzef> Compliquer cette histoire en faite
2014-08-22T22:29:03 <Appledreamer> je ne crois pas que ça soit si mal un seule collectif
2014-08-22T22:29:14 <Bybeez> Oui car des gens vont venir aux evenement d'autres collectifs et tout assez facilement
2014-08-22T22:29:20 <heuzef> Franchement il ne faudrait pas trop de membre sinon la gestion va devenir impossible
2014-08-22T22:29:30 <Appledreamer> mais il faut des paersonnes plus competente
2014-08-22T22:29:38 <ludvann> s'il y a un irc est 50% des gens y vont... l'bordel xD
2014-08-22T22:29:59 <Appledreamer> c'est sur
2014-08-22T22:30:01 <ludvann> 250 perso sur un irc...
2014-08-22T22:30:17 <Ambrocidus> Donc, moi, j'aurai voulu que Appledreamer soit le fondateur du collectif de Paris. Mais que pour chaque arrondissement, il choisit un "fondateur" qui représente le département. Donc il a une grosse responsabilité, il n'y a que lui qui aura accees au ftp et compte admin. Et les membres classer par arrondissement et un irc par arrondissement
2014-08-22T22:30:47 <Appledreamer> le roi et ses prefets :D
2014-08-22T22:30:53 <Appledreamer> amusant
2014-08-22T22:30:54 <ludvann> xD
2014-08-22T22:30:55 <Ambrocidus> En gros.
2014-08-22T22:31:00 <ludvann> j'allais le dire :(
2014-08-22T22:31:06 <heuzef> Ouais pas tord, ça risque de créer une sorte de monarchie malsaine
2014-08-22T22:31:08 <Ambrocidus> Sauf que c'est pas les mêmes responsabilités.
2014-08-22T22:31:22 <Ambrocidus> Euh... Ça dépend comment tu organises ça :)
2014-08-22T22:31:29 <Bybeez> Le problème c'est que si clampin A vit dans le 13 eme mais a plein de pote dans le 11eme bah il va vouloir être avec ses potes du 11eme
2014-08-22T22:31:46 <heuzef> Pas faux non plus
2014-08-22T22:31:51 <Ambrocidus> Mais pour les meets-ups rien nempeche de se mélanger au contraire
2014-08-22T22:32:03 <Appledreamer> il faudrait peut etre un site plus performant pour acceuillir plus de monde
2014-08-22T22:32:07 <ludvann> melting potes !
2014-08-22T22:32:14 <heuzef> Appledreamer tu te sens vraiment les épaules de gérer un collectif pareil ?
2014-08-22T22:32:16 <Ambrocidus> C'est juste pour classer les différents arrondissmeent avec un "fondateur" par arrondissement pour gerer le recrutement ect
2014-08-22T22:32:22 <heuzef> On est en train de mettre au point la V3
2014-08-22T22:32:25 <heuzef> Mais quand même
2014-08-22T22:32:32 <ludvann> (qui est nulle ;D)
2014-08-22T22:32:54 <heuzef> Trop d'amis ça perd en interet je trouve
2014-08-22T22:32:54 <Ambrocidus> heuzef , si tu me laisse carte blanche avec Appledreamer je te promet un travail de qualité, pour mon collectif, il est fait, ya juste a faire des meets up et comme je ne fais que jouer à League of Legends en ce moment, je peux l'aider.
2014-08-22T22:32:55 <Appledreamer> franchement il faudrait m'initier. Me montrer comment sa marche vraiment
2014-08-22T22:33:07 <ludvann> skype ?#troll
2014-08-22T22:33:17 <Bybeez> XD
2014-08-22T22:33:19 * Berry-Punch lance un muffin sur ludvann à 1954 km/h
2014-08-22T22:33:19 <Berry-Punch> MUFFIN *hic* RAINBOOM !!
2014-08-22T22:33:19 <heuzef> !muffin ludvann
2014-08-22T22:33:24 <heuzef> Couché toi
2014-08-22T22:33:30 <Appledreamer> aie
2014-08-22T22:33:35 <Ambrocidus> Merci des troll à répétition, sache que je ne suis pas favorable à Skype...
2014-08-22T22:33:35 <ludvann> MUFFIN POWAAAAAAAA
2014-08-22T22:34:01 <Berry-Punch> Tu en as pour *hic* moi Bybeez ?
2014-08-22T22:34:05 <ludvann> Ambrocidus c'est le but des trolls ;)
2014-08-22T22:34:13 <heuzef> Appledreamer l'interet d'un collectif de proxemité comme les notres c'est de pouvoir réellement créer des liens fort
2014-08-22T22:34:22 <Appledreamer> Donc il faut choisir. Soit c'est plusieurs collectif ou un seul
2014-08-22T22:34:30 <heuzef> Impossible dans un collectif avec 500 personnes de faire ça
2014-08-22T22:34:38 <ludvann> heuzef vient faire un calin à tonton ludvann !
2014-08-22T22:34:39 <heuzef> Tu imagine les BronyDays tous les jours ?
2014-08-22T22:34:43 <Ambrocidus> -> Donc faire un par arrondissement, avec des conditions spéciales.
2014-08-22T22:34:43 <heuzef> Tu te perd dans la masse
2014-08-22T22:34:48 <Berry-Punch> J'adore les muffins *hic* à la bière
2014-08-22T22:34:48 <Berry-Punch> Tu en as pour moi Bybeez *hic* ?
2014-08-22T22:34:48 <heuzef> Pas terrible :(
2014-08-22T22:34:57 <Ambrocidus> Laisse moi l'aider heuzef , je met de côté le petit pari du forum :)
2014-08-22T22:35:07 <Appledreamer> Il faudrait faire un test
2014-08-22T22:35:12 <Ambrocidus> Et je m’attèle à ça avec mon équipe de dev.
2014-08-22T22:35:14 <Bybeez> Oui mais au début ça va être compliqué a gerer
2014-08-22T22:35:21 <heuzef> Ou sinon on lance un mouvement, dans quel arrondissement habite tu Appledreamer ?
2014-08-22T22:35:31 <Appledreamer> Seine et marne
2014-08-22T22:35:35 <Ambrocidus> Non, mauvaise idée, autant faire un collectif.
2014-08-22T22:35:36 <Appledreamer> la campagne
2014-08-22T22:36:00 <heuzef> Grrrmmfff
2014-08-22T22:36:02 <ludvann> la caaaaaaampaggnnne !
2014-08-22T22:36:05 <Appledreamer> un test
2014-08-22T22:36:10 <heuzef> J'ai franchement peur
2014-08-22T22:36:20 <heuzef> Si tu reçoit 50 inscirption dans le mois
2014-08-22T22:36:23 <Appledreamer> moi aussi je te le cache pas
2014-08-22T22:36:25 <Ambrocidus> heuzef , laisse moi faire ça. Comme je t'ai dis, j'ai rien à faire moi
2014-08-22T22:36:30 <heuzef> comment tu va gérer avec la V2 ? Pas possible ....
2014-08-22T22:36:32 <Ambrocidus> Heuzef pas la peine de s'affoler
2014-08-22T22:36:33 <Ambrocidus> Si
2014-08-22T22:36:35 <Ambrocidus> Laisse moi faire
2014-08-22T22:36:42 <Ambrocidus> thrust me
2014-08-22T22:36:49 <ludvann> TOUS AU ABRIS !!!!!
2014-08-22T22:36:50 <Appledreamer> si tu peut m'aider c'est cool
2014-08-22T22:37:03 * ludvann is going to hide himself
2014-08-22T22:37:04 <heuzef> Ambrocidus quel serais ta strategie dans ce cas ?
2014-08-22T22:37:19 <Ambrocidus> Heuzef, balance moi un http://bornyidf.bronycat.org avec la copie du BronyCUB
2014-08-22T22:37:27 <Ambrocidus> Avec le ftp et je te monte ça
2014-08-22T22:37:37 <Ambrocidus> D'abord, ne pas se précipité, travailler le site.
2014-08-22T22:37:51 <Appledreamer> ouais je pense aussi
2014-08-22T22:37:57 <heuzef> Euuu tu veux lancer BronyIDF avec la V2 ... t'es pas sérieux ?
2014-08-22T22:38:03 <Ambrocidus> Si :O
2014-08-22T22:38:06 <heuzef> Déjà pour gérer 50 membres c'est hyper galère
2014-08-22T22:38:14 <Appledreamer> il faut s'attendre a du lourd
2014-08-22T22:38:24 <ludvann> comme ma b*te
2014-08-22T22:38:31 <Appledreamer> rooooooooooh
2014-08-22T22:38:44 <heuzef> Franchement j'ai un autre plan peut être plus sage et réaliste
2014-08-22T22:38:51 <Appledreamer> dit
2014-08-22T22:38:51 <Ambrocidus> Qui t'as dis qu'il y aura 50 membres ? Pas la peine de se presser, heuzef , le mouvement Brony existe déjà depuis 4 ans, laisser moi gérer ça avec lui.
2014-08-22T22:38:53 <Berry-Punch> parle *hic* pas de ce que tu n'as pas Ludvann
2014-08-22T22:39:27 <ludvann> adriens33 t's cramé...
2014-08-22T22:39:29 <Bybeez> 4 ans sur toute l'idf ça veut dire énromément de brony
2014-08-22T22:39:32 <ludvann> t'es*
2014-08-22T22:39:39 <heuzef> Ambrocidus je pense que tu sous estime le nombre de brony à Paris, c'est assez enorme
2014-08-22T22:39:47 <Appledreamer> en effet
2014-08-22T22:40:15 <heuzef> Bref voici une autre idée, ce servir de l'asso AROBD
2014-08-22T22:40:22 <ludvann> autant que de décimales de pi
2014-08-22T22:40:25 <heuzef> Pour mettre en place quelque chose de plus régulier
2014-08-22T22:40:31 <heuzef> Comme des mini bronydays
2014-08-22T22:40:33 <heuzef> Plus souvent
2014-08-22T22:40:36 <Ambrocidus> Je sous-estimes pas, mais pas la peine de se presser heuzef , pour la BronyCAT, j'ai attendu le 10 août pour l'ouvrir officiellement et lancer les partenariats, donc pas la peine de s'affoler...
2014-08-22T22:40:42 <Appledreamer> mais si l'on regarde bien il y a pas plus de 50 a 60 personnes dans les gros meet up a Paris
2014-08-22T22:40:57 <ludvann> c'est déjà pas mal...
2014-08-22T22:41:07 <Appledreamer> c'est sur mais c'est rare
2014-08-22T22:41:12 <Silou> 80 au WWU, dont des gens de toute la france
2014-08-22T22:41:20 <Appledreamer> yep
2014-08-22T22:41:22 <ludvann> nous c'est... 14 ?
2014-08-22T22:41:22 <Ambrocidus> Sauf que tant que rien est lancer ya pas ces 60 personnes, mais une fois tout régler, ca sera du gâteau
2014-08-22T22:41:28 <ludvann> le plus gros max
2014-08-22T22:41:41 <Silou> Après je ne suis pas sur que tout le monde veuille s'inscrire sur ton site
2014-08-22T22:41:59 <Appledreamer> pas d’inquiétude
2014-08-22T22:42:01 <heuzef> .... la masse de boulot en perspective me fait franchement peur
2014-08-22T22:42:06 <ludvann> c'est pas un site, une organisation...
2014-08-22T22:42:06 <Silou> Je connais quelques bronies qui en ont rien à cirer des communautés irl
2014-08-22T22:42:10 <Ambrocidus> heuzef: tu t'inquiète pour rien
2014-08-22T22:42:19 <Appledreamer> mais oui
2014-08-22T22:42:22 <Ambrocidus> Pour une fois, c'est toi qui est stresser
2014-08-22T22:42:34 <Appledreamer> et moi je suis motiver
2014-08-22T22:42:54 <heuzef> Tu as du temps aussi ?
2014-08-22T22:42:59 <Appledreamer> plein
2014-08-22T22:43:05 <heuzef> hmmm
2014-08-22T22:43:06 <ludvann> toute sa vie ^^
2014-08-22T22:43:13 <Appledreamer> yep yep
2014-08-22T22:43:21 <Ambrocidus> heuzef: arrête de t’inquiète :/
2014-08-22T22:43:27 <ludvann> tiens mon skype: ludvann
2014-08-22T22:43:29 <heuzef> Qu'es-ce que tu attend de ce collectif ?
2014-08-22T22:43:44 <heuzef> Je t'es déjà posé la question, je sais, mais c'est important
2014-08-22T22:43:47 * Berry-Punch lance un muffin sur ludvann à 572 km/h
2014-08-22T22:43:47 <Ambrocidus> !muffin ludvann
2014-08-22T22:43:58 <Appledreamer> des meet up des aides humanitaire des rencontres
2014-08-22T22:43:58 <ludvann> mouahahahahahaha..
2014-08-22T22:44:05 * ludvann s'étouffe
2014-08-22T22:44:18 * Ambrocidus réanime le con qui s'est étouffer.
2014-08-22T22:44:23 <heuzef> Tu va devoir apprendre à délégué assez vite le travail
2014-08-22T22:44:30 <ludvann> le meilleur c'est que c'est pas mon vrai pseudo skype ^^
2014-08-22T22:44:33 <Appledreamer> ce que les brony font le mieux
2014-08-22T22:44:39 <heuzef> L'avantage d'être à paris c'est que presque pas besoin de com
2014-08-22T22:44:42 <ludvann> merci Ambrocidus :D
2014-08-22T22:44:43 <Ambrocidus> heuzef:  c'est pour ca que j'ai dis, des "fondateurs" par arrondissement
2014-08-22T22:44:47 <Ambrocidus> Tu m'ecoute pas !!!
2014-08-22T22:45:16 <heuzef> ça semble pas être une bonne idée
2014-08-22T22:45:17 <ludvann> +1
2014-08-22T22:45:21 <Ambrocidus> chaque fonda par arrondissement gere ses membres, mais les meets ups sont en communs (idem act , action humanitaire ect)
2014-08-22T22:45:23 <ludvann> pour ambro
2014-08-22T22:45:28 <heuzef> laisson des pti groupe se former naturellement plutôt
2014-08-22T22:45:35 <Ambrocidus> ..
2014-08-22T22:45:35 <Eclipse2212> fallait pas le réanimer :(
2014-08-22T22:45:37 <Bybeez> Oui mieux
2014-08-22T22:45:40 <Eclipse2212> + re
2014-08-22T22:45:42 <Ambrocidus> Mauvaise idée heuzef
2014-08-22T22:45:44 <Bybeez> Heuzef a raison !
2014-08-22T22:45:47 <Bybeez> Par affinité
2014-08-22T22:45:51 <Appledreamer> je pense aussi
2014-08-22T22:45:53 <ludvann> Eclipse2212: u goin' 2 di...
2014-08-22T22:45:53 <Bybeez> on parle d'être humain ici
2014-08-22T22:46:04 <Bybeez> C'est un point important !
2014-08-22T22:46:15 <Ambrocidus> laisson des pti groupe se former naturellement plutôt
2014-08-22T22:46:20 <Eclipse2212> @ludbann yu 2
2014-08-22T22:46:29 <Appledreamer> il faut créer un collectif. Les choses evolueront au fur et a mesure
2014-08-22T22:46:31 <Ambrocidus> Certes, mais en gardant l'objectif de faire un gros collectif pour paris
2014-08-22T22:46:35 <ludvann> Eclipse2212: fail...
2014-08-22T22:46:41 <heuzef> Appledreamer dans tous les cas il va te falloir une petite "formation" ^^
2014-08-22T22:46:43 <Ambrocidus> Paris c'est une GROSSE ville, pas pareil que toulon ou bordeaux
2014-08-22T22:46:50 <Eclipse2212> @ludvann nop c'est voulu
2014-08-22T22:46:53 <Appledreamer> yep X)
2014-08-22T22:47:14 <heuzef> Dans un 1er temps je vais te laisser entre les mains du brulant Ambrocidus qui en meurt d'envie
2014-08-22T22:47:26 <Appledreamer> ok
2014-08-22T22:47:26 <heuzef> Mais ne passe pas trop vite à l'action
2014-08-22T22:47:30 <heuzef> Surtout PAS DE COM
2014-08-22T22:47:40 <Ambrocidus> Oh oui, plus d’opportunité, je suis un dictateur né !
2014-08-22T22:47:48 <ludvann> et les QR codes heuzef ?
2014-08-22T22:47:50 <heuzef> lol
2014-08-22T22:47:52 <Ambrocidus> Surtout PAS DE COM  | c'est a dire ?
2014-08-22T22:48:09 <Ambrocidus> Com-munication ?
2014-08-22T22:48:13 <heuzef> On ne cris pas sur les toîts l'ouverture de ce collectif
2014-08-22T22:48:14 <Ambrocidus> Com-ission ?
2014-08-22T22:48:23 <Ambrocidus> évidemment, j'suis pas con ^^
2014-08-22T22:48:38 <Appledreamer> j'attend m'a formation avec impatience. Mais j'aime fignoler les choses aussi
2014-08-22T22:48:39 <Eclipse2212> com-mutation
2014-08-22T22:48:50 <Ambrocidus> Donc du coup, tu peux me faire un sous domaine avec la copie d'un BronyCUB v.2 s'il te plait ?!
2014-08-22T22:48:52 <Ambrocidus> En attendant
2014-08-22T22:49:00 <Appledreamer> aucun mot bien sur
2014-08-22T22:49:04 <Ambrocidus> avec ftp et tout le bazar, je m'occupe de tout
2014-08-22T22:49:06 <ludvann> com-ta maman Eclipse2212 ^^'
2014-08-22T22:49:14 <heuzef> Ensuite Appledreamer tu va poursuivre l'aventure avec le grand Dawnio qui est actuellement en traind de fonder BronyOISE
2014-08-22T22:49:23 <Eclipse2212> com-ton-papa @ludvann
2014-08-22T22:49:29 <Appledreamer> je le contacterait
2014-08-22T22:49:33 <Ambrocidus> bronyoise ? pas plutot BronyCRP ?
2014-08-22T22:49:34 <heuzef> Et pour finir je ferais un suivit avec toi
2014-08-22T22:49:39 <Ambrocidus> Ou BronyCUO ?
2014-08-22T22:49:43 <Appledreamer> ok dac
2014-08-22T22:49:43 <ludvann> hey les gens j'ai une nouvelles ! il y a un groupe de brony qui s'ouvre sur Paris !
2014-08-22T22:49:51 <Appledreamer> mince
2014-08-22T22:49:54 <Eclipse2212> tékon
2014-08-22T22:50:07 <Ambrocidus> Au fait, IDF = ?
2014-08-22T22:50:09 <heuzef> Ambrocidus contrairement à paris, l'Oise à justement le problème inversse, pas assez de monde, donc obliger de s'étendre à l'Oise entière hélas
2014-08-22T22:50:11 <Appledreamer> on a etait decouvert
2014-08-22T22:50:26 <heuzef> IDF = Île de France
2014-08-22T22:50:31 <Appledreamer> exact
2014-08-22T22:50:32 <Ambrocidus> ah
2014-08-22T22:50:32 <Ambrocidus> nvm
2014-08-22T22:50:44 <Eclipse2212> i parais que dans les environts de strasbourg, i son pas sympas
2014-08-22T22:51:04 <Appledreamer> donc j'attend en premier le site d'entainement pour me former
2014-08-22T22:51:16 <heuzef> Les "i parais" ça vaut ce que ça vaut Eclipse2212 ;)
2014-08-22T22:51:16 <Appledreamer> ensuite je contacterait dawnio
2014-08-22T22:51:21 <Ambrocidus> Non
2014-08-22T22:51:31 <Ambrocidus> Pas la peine, il va tout nous mettre en ligne et je t'explique tout
2014-08-22T22:51:37 <Ambrocidus> regarde je t'ai envoyé un mp
2014-08-22T22:51:47 <Eclipse2212> je sais, actuellement je vais "essayer de prendre contact"
2014-08-22T22:51:48 <heuzef> Héhé ^^ Tu va apprendre que Ambrocidus et la patience ça fait 2
2014-08-22T22:51:58 <Ambrocidus> Holala.
2014-08-22T22:52:03 <heuzef> C'est pour ça qu'il te harcèle un peu, il veux tous maintenant la
2014-08-22T22:52:13 <Ambrocidus> c'est pas vrai -.-
2014-08-22T22:52:17 <heuzef> Zeeeeeeen
2014-08-22T22:52:19 <heuzef> ^^
2014-08-22T22:52:24 <Appledreamer> je suis patien :)
2014-08-22T22:52:29 <Bybeez> https://www.youtube.com/watch?v=875FAy2uOeM
2014-08-22T22:52:33 <Bybeez> JAPON
2014-08-22T22:52:49 <Appledreamer> kesako un mp ?
2014-08-22T22:52:55 <Bybeez> Message privé
2014-08-22T22:52:56 <Ambrocidus> en haut de l'irc
2014-08-22T22:53:04 <Ambrocidus> ya une fenêtre avec mon pseudo
2014-08-22T22:53:27 <heuzef> Bon je file, a demain pour ce qui vienne chez moi ;)
2014-08-22T22:53:34 <Ambrocidus> Bon, pour la suite des opérations, tu penses me mettre tout ça en ligne heuzef ?
2014-08-22T22:53:49 <Bybeez> Peut être a demain !
2014-08-22T22:54:20 <heuzef> Ambrocidus nop ^^ Désolé va pas falloir compter sur moi pour la partie tech
2014-08-22T22:54:33 <Ambrocidus> Tu peux pas me faire un sous domaine ?
2014-08-22T22:54:43 <Ambrocidus> bronyidf.bronycat.org ?
2014-08-22T22:54:57 <Ambrocidus> avec la copie de la v2 bronycub ?
2014-08-22T22:55:02 *** Gordfang est parti
2014-08-22T22:55:14 <Eclipse2212> ya que des gense éprarpillés en alsace :(
2014-08-22T22:55:31 <Bybeez> Mais non !
2014-08-22T22:55:37 <Eclipse2212> ?
2014-08-22T22:55:43 <Bybeez> Il faut creer un collectif et tu verra
2014-08-22T22:55:51 <Bybeez> Les gens viendront !
2014-08-22T22:56:12 <Bybeez> Les brony recouvre deja la planete entière !
2014-08-22T22:56:25 <Ambrocidus> heuzef:  bronyidf.bronycat.org ?
2014-08-22T22:56:25 <Ambrocidus> Ambrocidus
2014-08-22T22:56:25 <Ambrocidus> avec la copie de la v2 bronycub ?
2014-08-22T22:57:53 <Ambrocidus> Et pour quand tu peux me préparé tout ça ?
2014-08-22T22:58:18 <Eclipse2212> mouais
2014-08-22T22:58:31 <Eclipse2212> mais faut trouver un gérant pour l'alsace
2014-08-22T22:58:54 <heuzef> Am
2014-08-22T22:59:08 <heuzef> Ambrocidus nop désolé ^^
2014-08-22T22:59:09 <Eclipse2212> ya un petit groupe sur french-brony (6-7 personnes) et c'est tout ce que j'ai trouvé
2014-08-22T22:59:20 <Ambrocidus> Et je fais comment pour pondre un site ?
2014-08-22T22:59:21 <Silou> Mulhouse c'est en Alsace ?
2014-08-22T22:59:26 <Eclipse2212> Yup
2014-08-22T22:59:29 <heuzef> Ambrocidus bonne question :D
2014-08-22T22:59:31 <Silou> Vous avez Diego et Rail
2014-08-22T22:59:38 <Eclipse2212> une demi-heure de bagnole de chez moi
2014-08-22T22:59:40 <Bybeez> 6-7 c'est plus que BronyCub au début il me semble !
2014-08-22T22:59:41 <Ambrocidus> -.- j'ai pas de serveur, j'ai rien
2014-08-22T22:59:48 <heuzef> Ambrocidus et alors ?
2014-08-22T22:59:56 <Ambrocidus> même wamp ne marche pas chez moi
2014-08-22T23:00:18 <Silou> Han vous avez pas de dédié sur lequel vous hébergez tous vos sites oO ?
2014-08-22T23:00:19 <Eclipse2212> tu veut un serv web?
2014-08-22T23:00:28 <heuzef> Tu peux eventuellement discuter de sa pour que Appledreamer reserve le NDDet l'hebergement pour bronyidf.org
2014-08-22T23:01:37 <heuzef> Bon aller, @peluche tous le monde
2014-08-22T23:01:42 *** heuzef est parti
2014-08-22T23:02:03 <Berry-Punch> Trois poney vont à la taverne, le premier prend une Guiliness, le deuxième une Heinainken, que *hic* prend le troisième ?
2014-08-22T23:02:17 <ludvann> chut Berry-Punch !
2014-08-22T23:02:36 <Berry-Punch> je *hic* me tais!
2014-08-22T23:02:48 <Eclipse2212> c'est mieux :)
2014-08-22T23:02:53 <ludvann> et une bonne chose de faîtes...
2014-08-22T23:03:17 *** Ambrocidus est parti
2014-08-22T23:03:35 <ludvann> bon je vais vous laisser...
2014-08-22T23:03:38 * Berry-Punch fout une tarte a Eclipse et Ludvann
2014-08-22T23:03:54 <Silou> Mais dites moi, dans votre réseau la, vous avez des dev ou sys admin ?
2014-08-22T23:04:01 *** Appledreamer est parti
2014-08-22T23:04:11 * Eclipse2212 fout une tarte à la personne qui fait parler Berry-Punch
2014-08-22T23:04:12 *** Ambrocidus s'est connecté
2014-08-22T23:04:16 *** Ambrocidus est parti
2014-08-22T23:04:21 *** Ambrocidus s'est connecté
2014-08-22T23:04:43 <ludvann> Silou: tu veux dire des personnes auquel c'est leur métier ?
2014-08-22T23:04:52 <Silou> Non pas forcément
2014-08-22T23:05:50 <Bybeez> mais oui on a des devs
2014-08-22T23:05:50 <Eclipse2212> dans ce cas, tou
2014-08-22T23:05:56 <Eclipse2212> (faaail!)
2014-08-22T23:06:25 <Ambrocidus> Bah, acheter un nom de domaine et payer l'hébergement ?
2014-08-22T23:06:25 <Ambrocidus> ← Appledreamer a quitté (Quit: http://www.kiwiirc.com/ - A hand crafted IRC client)
2014-08-22T23:06:32 <Ambrocidus> J'ai peur de l'avoir démoraliser
2014-08-22T23:06:41 <Berry-Punch> Eclipse, tu veut *hic* une corde et un tabouret?
2014-08-22T23:06:46 <Silou> Ambrocidus : https://www.olympe.in/
2014-08-22T23:06:55 <Silou> Perso j'ai un serveur dédié :)
2014-08-22T23:07:06 <ludvann> $$
2014-08-22T23:07:09 <Ambrocidus> Olympe? Ce truc ? Sérieux ?
2014-08-22T23:07:12 <ludvann> *ùlkpoik bhbh fuyjhnj_
2014-08-22T23:07:13 <ludvann> $$
2014-08-22T23:08:36 <ludvann> les serveurs de lol c'est un peu comme la sncf, c'est assuré dans 60% des cas...
2014-08-22T23:09:07 <Eclipse2212> têkon
2014-08-22T23:09:57 <Eclipse2212> t'as un plan gratos ou payant?
2014-08-22T23:10:06 <ludvann> ?
2014-08-22T23:11:03 <Eclipse2212> bah ya des offre gratuites et d'autres payantes
2014-08-22T23:11:24 <ludvann> de quoi ?
2014-08-22T23:11:27 <ludvann> sncf ?
2014-08-22T23:12:38 <Ambrocidus> -> Être militaire -75% sur les trains.
2014-08-22T23:12:59 <Eclipse2212> +1 mon père as cette réduc
2014-08-22T23:13:19 <Eclipse2212> voyager pour 15€, c'et top!
2014-08-22T23:13:20 <Silou> Moi je dis : etre citoyen français -> -75%, leurs tarifs sont trop élevés
2014-08-22T23:14:05 <Ambrocidus> + vaseline ouais.
2014-08-22T23:14:08 <ludvann> ...
2014-08-22T23:14:36 <Ambrocidus> C'est du vol le train
2014-08-22T23:14:49 <Ambrocidus> Je voulais venir à bordeaux 100€ l'allée
2014-08-22T23:16:11 <ludvann> 100:€
2014-08-22T23:16:14 <ludvann> :O
2014-08-22T23:16:21 <ludvann> O_o'
2014-08-22T23:16:34 <Ambrocidus> Donc le retour 100€ donc 200€ l'allée retour.... Sans la bouffe, l'hébergement ect
2014-08-22T23:16:46 <Ambrocidus> J'ai le droit de parler de vaseline maintenant ?
2014-08-22T23:16:54 <ludvann> xD
2014-08-22T23:17:12 <ludvann> il va t'en faloir beaucoup ^^
2014-08-22T23:17:27 <Bybeez> Je vais me coucher moi
2014-08-22T23:17:27 <ludvann> sinon c'est à sec avec du gravier...
2014-08-22T23:17:31 <ludvann> ok @+
2014-08-22T23:17:34 <ludvann> potatoes
2014-08-22T23:17:44 *** Bybeez est parti
2014-08-22T23:17:58 <Ambrocidus> +
2014-08-22T23:18:04 <ludvann> too late
2014-08-22T23:18:18 <ludvann> ^^
2014-08-22T23:18:24 *** Appledreamer s'est connecté
2014-08-22T23:18:32 <ludvann> Ambrocidus, à la limite
2014-08-22T23:18:36 <Ambrocidus> Halluja
2014-08-22T23:18:53 <Appledreamer> mais ou suis je ?
2014-08-22T23:19:03 <ludvann> si tu vien à bordeaux essais de t'arrenger pour te faire héberger par certain des menbres Ambrocidus ^^
2014-08-22T23:19:08 <ludvann> viens*
2014-08-22T23:19:14 <Ambrocidus> Donc, je te disais, il faut que tu prennes un nom de domaine et un hébergement web Appledreamer
2014-08-22T23:19:32 <Ambrocidus> Par exemple chez heuzef #AHQUELESTBONNECETTEBLAGUE
2014-08-22T23:19:33 <Appledreamer> a quel site pense tu pour que j'achete
2014-08-22T23:19:51 <Ambrocidus> Un nom de domaine soit "BronyIDF" et un hébergement web
2014-08-22T23:20:14 <Appledreamer> mais il faut paier pour l'hébergement
2014-08-22T23:20:23 <ludvann> Eclipse2212 ?
2014-08-22T23:20:24 <Ambrocidus> Idem pour le nom de domaine
2014-08-22T23:20:53 <Appledreamer> et ou veut tu que j'achete l'hebergement et le domaine ?
2014-08-22T23:20:59 <ludvann>  et avec un serveur perso ?
2014-08-22T23:21:10 <Eclipse2212> oii ludvann?
2014-08-22T23:21:21 <Ambrocidus> Bah oui, Après un serv perso ca passe aussi, mais pour les 200 perosnnes le trafic...
2014-08-22T23:21:32 <ludvann> ouep
2014-08-22T23:21:36 <Ambrocidus> Appledreamer: donc oui tu dois payer
2014-08-22T23:21:59 <Appledreamer> mais sur quelle les prix sont les mieux ?
2014-08-22T23:22:05 <Eclipse2212> tu m'as appelé?
2014-08-22T23:22:10 <ludvann> Eclipse2212: toi qui sait plein de choses inutile, tu connais les dates de la faite foraine à Bordeaux ?
2014-08-22T23:22:21 <Eclipse2212> non
2014-08-22T23:22:28 <Eclipse2212> (je sers a rien)
2014-08-22T23:22:33 <ludvann> ^^
2014-08-22T23:22:37 <Eclipse2212> (je meuble)
2014-08-22T23:22:41 <ludvann> tien un tabouret ;)
2014-08-22T23:22:50 <Eclipse2212> la liste des connectés
2014-08-22T23:22:52 <ludvann> oh, une corde !
2014-08-22T23:22:53 <Ambrocidus> Hush now, quiet now It's time to lay your sleepy head! Said hush now! Quiet now! It's time to go to bed!
2014-08-22T23:23:04 * ludvann donne une corde et un tabouret à Eclipse2212
2014-08-22T23:23:17 <ludvann> ZZZzzzzzz
2014-08-22T23:23:21 <Ambrocidus> Mais faut tout installer après
2014-08-22T23:23:25 * ludvann is sleeping
2014-08-22T23:23:28 <Ambrocidus> Ça sert à rien de lui donner
2014-08-22T23:23:32 * Ambrocidus donne la notice.
2014-08-22T23:23:33 <Ambrocidus> Voilà
2014-08-22T23:23:35 <Eclipse2212> j'aime pas bricoler :(
2014-08-22T23:23:47 * Eclipse2212 mange la corde
2014-08-22T23:23:49 <ludvann> et le vélo ? Zzzz
2014-08-22T23:23:54 *** Appledreamer est parti
2014-08-22T23:23:54 <Ambrocidus> Évidemment il manque un pied au tabouret, merci Iké...
2014-08-22T23:24:47 *** Appledreamer s'est connecté
2014-08-22T23:25:33 <Eclipse2212> finallent c'est bien d'avoir piqué les codes le login de 1fichier.com de ma mayre :)
2014-08-22T23:26:06 <Ambrocidus> Bon, je vais jouer, j'ai que ça a foutre de ma vie, je suis trop stresser
2014-08-22T23:26:22 <ludvann> xD
2014-08-22T23:26:26 <ludvann> @+
2014-08-22T23:26:45 <Appledreamer> je te contacterais par e-mail
2014-08-22T23:27:11 <Ambrocidus> Bah je t'ai dis  le début deja
2014-08-22T23:27:21 <Ambrocidus> il faut un nom de domaine et un serveur pour héberger le site ^^
2014-08-22T23:27:24 <Appledreamer> sur quel site heuzef a acheté son hébergement ?
2014-08-22T23:27:37 <ludvann> c'est son dédier
2014-08-22T23:27:49 <ludvann> (c'est son serveur perso)
2014-08-22T23:27:58 <ludvann> (il me semble que c'est ça)
2014-08-22T23:28:07 <Ambrocidus> Demande à quelqsu'un pour ça, je connais pas trop les serv web (a part ovh)
2014-08-22T23:28:38 <Eclipse2212> je crois que c'est une dédibox
2014-08-22T23:28:49 *** Appledreamer est parti
2014-08-22T23:28:54 <Eclipse2212> mais chuis pas sur
2014-08-22T23:29:05 <Ambrocidus> je re
2014-08-22T23:29:09 <Eclipse2212> ok
2014-08-22T23:29:22 *** Appledreamer s'est connecté
2014-08-22T23:29:27 <Ambrocidus> ou pas, je suis sur lol
2014-08-22T23:29:37 <ludvann> loooool
2014-08-22T23:29:51 <Appledreamer> online.net   c'est ça ?
2014-08-22T23:29:58 <ludvann> bon bah neunuit...
2014-08-22T23:30:08 <ludvann> (je rerais peut être)
2014-08-22T23:30:10 <ludvann> @+
2014-08-22T23:30:16 <Appledreamer> salut
2014-08-22T23:30:17 *** ludvann est parti
2014-08-22T23:30:23 <Eclipse2212> yup
2014-08-22T23:30:40 <Appledreamer> tres bien, je verrais sur ce site
2014-08-22T23:31:05 <Eclipse2212> c'est des servs tout en un, une serv linux/windows et tu te démerde :D
2014-08-22T23:31:14 <Eclipse2212> mais t'en fait ce que tu veut
2014-08-22T23:31:40 <Appledreamer> bon tres bien, je proviendrais quand je l'aurais acheté
2014-08-22T23:31:53 <Eclipse2212> c'est ton os en ligne, en quelque sorte
2014-08-22T23:32:17 <Eclipse2212> je compte peut être un acquérir un pour le pentest
2014-08-22T23:32:54 <Appledreamer> mais il n'y a pas de .org
2014-08-22T23:33:27 <Silou> Pour les ndd, allez chez OVH. Pour les dédiés, aller voir sur online.net
2014-08-22T23:33:47 <Silou> Eclipse2212 : non faire du pentest la dessus n'est pas du tout une bonne idée
2014-08-22T23:34:06 <Eclipse2212> au moins, je le saurais :D
2014-08-22T23:34:28 <Appledreamer> ovh ou online.net ?
2014-08-22T23:34:42 <Eclipse2212> les deux
2014-08-22T23:35:09 <Appledreamer> mais lequel est mieux pour un debutant ?
2014-08-22T23:35:16 <Eclipse2212> tu réserve le nom de domaine chez ovh et tu mets son serv web de online.net dessus
2014-08-22T23:35:33 <Eclipse2212> cépascompliké
2014-08-22T23:35:38 <Silou> Appledreamer : tu veux louer un dédié ?
2014-08-22T23:36:04 <Appledreamer> j'sais meme pas ce que sait ?
2014-08-22T23:36:11 <Appledreamer> :(
2014-08-22T23:36:20 <Silou> Un serveur sur lequel tu fais ce que tu veux ^^'
2014-08-22T23:36:56 <Appledreamer> pour combien tu loue ?
2014-08-22T23:37:19 <Silou> 15€/mois
2014-08-22T23:37:28 <Silou> Mais tu en a à 10€ chez online
2014-08-22T23:37:34 <Eclipse2212> ah bon?
2014-08-22T23:37:36 <Silou> Et si tu t'y met à plusieurs tu divise
2014-08-22T23:37:42 <Eclipse2212> c'est nouveau?
2014-08-22T23:37:50 <Silou> Perso je paye le serveur à 4 personnes, comme ca on réduit les couts
2014-08-22T23:38:09 <Silou> http://www.online.net/fr/serveur-dedie/dedibox-scg2
2014-08-22T23:39:10 *** Appledreamer est parti
2014-08-22T23:39:39 <Eclipse2212> et la au-revoir ?
2014-08-22T23:39:50 <Silou> Bordel prenez un vrai client irc ><
2014-08-22T23:39:51 <Eclipse2212> *le
2014-08-22T23:40:01 <Eclipse2212> moi j'ai andchat
2014-08-22T23:40:08 <Eclipse2212> pour Android
2014-08-22T23:40:17 <Eclipse2212> logique non ?
2014-08-22T23:41:57 <Silou> Mieux que kiwirc ^^
