2014-08-23T00:02:24 <Eclipse2212> ^^
2014-08-23T00:08:29 *** MaCharon s'est connecté
2014-08-23T00:09:31 <Eclipse2212> coucou!
2014-08-23T00:09:56 <MaCharon> bonsoir
2014-08-23T00:11:56 <Eclipse2212> cha va?
2014-08-23T00:12:17 <MaCharon> tranquilou je vient de rentrer
2014-08-23T00:12:42 *** TrappyTickles est parti
2014-08-23T00:24:02 *** Ambrocidus est parti
2014-08-23T00:26:41 *** Eclipse2212 est parti
2014-08-23T00:33:49 *** Gordfang s'est connecté
2014-08-23T01:26:11 *** Ambrocidus s'est connecté
2014-08-23T01:26:43 <Ambrocidus> Décidément, la création d'un collectif en Bretagne doit vite se créer Silou.
2014-08-23T01:26:44 <Ambrocidus> http://puu.sh/b3O1e/1cacc2286e.png
2014-08-23T01:26:59 <Silou> Non mais ca c'est Loan
2014-08-23T01:27:45 <Ambrocidus> Fondateur L.P.B. ?
2014-08-23T01:28:29 <Ambrocidus> Bon, je vais sombrer dans le sommeil, bonne nuit à tous et muffin!
2014-08-23T01:28:34 * Berry-Punch lance un muffin sur Ambrocidus à 1548 km/h
2014-08-23T01:28:34 <Berry-Punch> MUFFIN *hic* RAINBOOM !!
2014-08-23T01:28:34 <Ambrocidus> !muffin Ambrocidus
2014-08-23T01:28:46 *** Ambrocidus est parti
2014-08-23T01:39:50 *** MaCharon est parti
2014-08-23T02:45:41 *** ELiDYROS s'est connecté
2014-08-23T03:01:27 *** ELiDYROS est parti
2014-08-23T04:30:38 *** Gordfang est parti
2014-08-23T05:03:33 *** Silou est parti
2014-08-23T07:35:47 <Berry-Punch> Voilà ce qu'il s'est *hic* passé ces 10 dernières lignes, adriens33
2014-08-23T07:35:49 *** adriens33 s'est connecté
2014-08-23T09:48:08 <BronyCUB-MC> Letarumavza has joined the server!
2014-08-23T09:58:57 <BronyCUB-MC> Letarumavza: non ! non ! non ! à la solitude !
2014-08-23T10:05:24 <BronyCUB-MC> Letarumavza has quit the server!
2014-08-23T10:05:34 <BronyCUB-MC> Letarumavza has joined the server!
2014-08-23T10:08:18 <BronyCUB-MC> Letarumavza has quit the server!
2014-08-23T10:11:56 *** adriens33 est parti
2014-08-23T10:17:52 *** TrappyTickles s'est connecté
2014-08-23T10:25:31 <Berry-Punch> Voilà ce qu'il s'est passé ces 10 dernières lignes, *hic* adriens33
2014-08-23T10:25:33 *** adriens33 s'est connecté
2014-08-23T10:43:58 *** Ambrocidus s'est connecté
2014-08-23T10:44:07 <Ambrocidus> Bonjour :)
2014-08-23T10:44:53 <adriens33> hello
2014-08-23T10:46:11 <Ambrocidus> Je m'absente, je vais jouer à League of Legends, a tout à l'heure ^^
2014-08-23T10:46:19 <adriens33> okay :)
2014-08-23T11:30:53 <BronyCUB-MC> adrien_s has joined the server!
2014-08-23T11:33:39 <BronyCUB-MC> adrien_s has quit the server!
2014-08-23T11:50:10 *** ludvann s'est connecté
2014-08-23T11:50:17 <ludvann> plop !
2014-08-23T11:50:23 <adriens33> salut
2014-08-23T11:50:28 <ludvann> ça va ?
2014-08-23T11:51:56 <adriens33> ça va
2014-08-23T11:51:57 <adriens33> et ti ?
2014-08-23T11:52:04 <ludvann> bien
2014-08-23T11:52:23 <ludvann> a par une personne qui veux me faire raquer sur skype...
2014-08-23T11:52:32 <adriens33> gné ? o.O
2014-08-23T11:52:59 <Ambrocidus> Un ivoirien ?
2014-08-23T11:53:44 <ludvann> demande d'ajout contact et elle me promet se fo*tree à poil (pas la ville) si je m'inscris sur un site auquel il faut mettre sa CB...
2014-08-23T11:53:56 <Ambrocidus> N'accepte pas ^^
2014-08-23T11:53:56 <ludvann> ...
2014-08-23T11:54:02 <ludvann> merde...
2014-08-23T11:54:03 <Ambrocidus> C'est un ivoirien
2014-08-23T11:54:03 <ludvann> xD
2014-08-23T11:54:20 <Ambrocidus> Tu va rien y voir (ivoirien, haha, blague de merde)
2014-08-23T11:54:21 <ludvann> elle est pas aveugle
2014-08-23T11:54:23 <adriens33> ou un bot.
2014-08-23T11:54:27 <ludvann> ouep
2014-08-23T11:54:50 <ludvann> plus un bot parce qu'il évite des questions...
2014-08-23T11:54:56 <Ambrocidus> -> clique droit / supprimer / signaler / bloquer
2014-08-23T11:55:02 <ludvann> (de répondre à des questions)
2014-08-23T11:55:08 <ludvann> done
2014-08-23T11:56:11 <ludvann> au moins j'ai pu rigoler pendant 5 minutes ^^
2014-08-23T11:58:27 <ludvann> vous faîtes quoi ?
2014-08-23T11:58:35 <adriens33> là pas grand chose
2014-08-23T11:58:43 <ludvann> comme d'hab ^^
2014-08-23T11:59:02 <ludvann> (dans le sens où tu dit jamais ce que tu fais)
2014-08-23T12:00:32 <ludvann> TrappyTickles où est ce que tu as acheté tes figurines mlp ? :D
2014-08-23T12:00:45 <TrappyTickles> lesquelles?
2014-08-23T12:00:51 <adriens33> mais j't'emmerde ludvann ! XD
2014-08-23T12:00:54 <ludvann> les petites
2014-08-23T12:01:00 <ludvann> adriens33: :P
2014-08-23T12:01:12 <adriens33> TrappyTickles: y'en a en blind bag à auchan mériadeck
2014-08-23T12:01:19 <TrappyTickles> dans les supermarchés. j'en ai trouvé au casino du pont de la maye et au leclerc de pessac
2014-08-23T12:01:21 <adriens33> (au 1er étage)
2014-08-23T12:01:30 <ludvann> ok :)
2014-08-23T12:01:37 <adriens33> ah c'est lud qu'a posé la question jsuis con :p
2014-08-23T12:01:44 <TrappyTickles> au rayon jouets dans la partie mlp (y en a une normalement)
2014-08-23T12:01:50 <ludvann> thx quand même le perroquet ;)
2014-08-23T12:01:56 <adriens33> mais ta gueule toi
2014-08-23T12:02:07 <ludvann> :P
2014-08-23T12:02:29 <adriens33> (désolé Trappy :S)
2014-08-23T12:02:48 <TrappyTickles> -_-
2014-08-23T12:03:26 <ludvann> comment ça parle bien :D
2014-08-23T12:03:52 <adriens33> ludvann, t'es sympa mais des fois t'es un petit peu lourd…
2014-08-23T12:04:13 <ludvann> ...
2014-08-23T12:04:14 <ludvann> ok
2014-08-23T12:05:18 * ludvann ferme sa bouche avec une clée, creuse et enterre la clée, rebouche, construit une maison par dessus et vie dedans
2014-08-23T12:06:18 <ludvann> (ref)
2014-08-23T12:07:03 <ludvann> (j'allais pas faire les mimes par l'irc quand même ^^ )
2014-08-23T12:10:36 <BronyCUB-MC> adrien_s has joined the server!
2014-08-23T12:11:48 *** TrappyTickles est parti
2014-08-23T12:14:05 <BronyCUB-MC> adrien_s has quit the server!
2014-08-23T12:14:26 <BronyCUB-MC> adrien_s has joined the server!
2014-08-23T12:15:14 <BronyCUB-MC> adrien_s has quit the server!
2014-08-23T12:37:16 <BronyCUB-MC> adrien_s has joined the server!
2014-08-23T12:39:52 *** MaCharon s'est connecté
2014-08-23T12:39:58 <MaCharon> slt
2014-08-23T12:40:01 <BronyCUB-MC> adrien_s: hellow
2014-08-23T12:44:12 <BronyCUB-MC> adrien_s has quit the server!
2014-08-23T13:08:08 *** ValCab33 s'est connecté
2014-08-23T13:08:16 <adriens33> salut valcab33 :)
2014-08-23T13:08:22 <ValCab33> Hellow
2014-08-23T13:39:23 *** ValCab33 est parti
2014-08-23T14:01:23 *** MaCharon est parti
2014-08-23T14:02:11 *** Silou s'est connecté
2014-08-23T14:03:00 *** heuzef s'est connecté
2014-08-23T14:06:12 <adriens33> salut heuzef :)
2014-08-23T14:07:19 *** ValCab33 s'est connecté
2014-08-23T14:12:23 *** ValCab33 est parti
2014-08-23T14:19:37 <ludvann> plop powaaa
2014-08-23T14:27:24 *** heuzef est parti
2014-08-23T14:53:25 *** ValCab33 s'est connecté
2014-08-23T14:59:16 *** ValCab33 est parti
2014-08-23T15:08:48 *** ValCab33 s'est connecté
2014-08-23T15:12:12 *** ValCab s'est connecté
2014-08-23T15:12:12 *** ValCab33 est parti
2014-08-23T15:12:48 <Berry-Punch> Flags de ValCab33 modifiés : +v *hic* 
2014-08-23T15:12:57 <ValCab33> Yay j'ai ma moto ^^ :D
2014-08-23T15:13:08 <Silou> :yay:
2014-08-23T15:18:53 *** ValCab s'est connecté
2014-08-23T15:18:53 *** ValCab est parti
2014-08-23T15:18:53 *** ValCab33 est parti
2014-08-23T15:19:07 *** ValCab33 s'est connecté
2014-08-23T15:19:13 <ValCab33> Grrr
2014-08-23T15:28:54 *** Ambrocidus est parti
2014-08-23T15:29:40 *** Ambrocidus s'est connecté
2014-08-23T15:40:28 <ludvann> ValCab33 GG
2014-08-23T15:40:47 <ludvann> (btw j'ai FAR et reentry 2 ^^)
2014-08-23T15:41:17 *** Ambrocidus est parti
2014-08-23T15:44:21 <ludvann> Avez-vous déjà vu... un avion sans ailes ? http://steamcommunity.com/profiles/76561198081786798/home
2014-08-23T15:54:42 <ValCab33> Oui :p
2014-08-23T15:59:46 <ludvann> ^^
2014-08-23T16:07:46 <ludvann> ValCab33 j'ai peur pour mon avion en mettant le pilote automatique de mechjeb...
2014-08-23T16:08:23 <ValCab33> Mechjeb :s
2014-08-23T16:08:57 <ludvann> il tangue et a les moteurs coupé...
2014-08-23T16:09:12 <ludvann> (et il y a FAR et reentry...)
2014-08-23T16:09:17 <ludvann> je le sens mal...
2014-08-23T16:09:23 <ludvann> très mal...
2014-08-23T16:09:28 <ValCab33> Anyway, hier j'ai recommencé un mode Science (avec le flag d'Aperture :p )
2014-08-23T16:09:40 <ValCab33> Ton avion va se crasher.
2014-08-23T16:09:45 <ValCab33> ^^
2014-08-23T16:10:56 <ludvann> :(
2014-08-23T16:11:15 <ludvann> j'ai du faire une manip pour éviter qu'il brûle ^^
2014-08-23T16:11:25 <ValCab33> B9 5.0 va être... :bave:
2014-08-23T16:11:33 <ludvann> et j'ai limité le trust 75%
2014-08-23T16:11:39 <ludvann> cake ki aura ?
2014-08-23T16:12:52 <ludvann> mech jeb me fait monter mon avion (cargo) à 64° O_o'
2014-08-23T16:13:59 <ValCab33> http://forum.kerbalspaceprogram.com/threads/73621-B9-5-0-pre-release-updates/page1
2014-08-23T16:14:18 <ValCab33> Those IVAs :bave:
2014-08-23T16:14:39 <ValCab33> Le fuselage HX :bave:
2014-08-23T16:19:26 <ludvann> mouais ^^
2014-08-23T16:21:39 <ValCab33> Quoi "mouais" ?
2014-08-23T16:25:06 <ludvann> nan rien :)
2014-08-23T16:25:10 <ludvann> sympa ^^
2014-08-23T16:25:35 <ludvann> il y a bien une chose patrick avec mechjeb, c'est empécher le flame-out :D
2014-08-23T16:27:51 <ValCab33> C ki flamout ?
2014-08-23T16:29:12 <ludvann> ...
2014-08-23T16:29:14 <ludvann> xD
2014-08-23T16:29:19 <ludvann> taykon
2014-08-23T16:30:37 <Silou> Plop
2014-08-23T16:30:51 <Silou> Je voudrais savoir, pourquoi avoir fait un channel irc sur freenode au lieu de canternet svp ?
2014-08-23T16:31:09 <ludvann> bonne question...
2014-08-23T16:31:26 <ludvann> c'est à adriens33 qu'il faut demander ça...
2014-08-23T16:31:41 <ludvann> sinon plop ^^
2014-08-23T16:40:50 <Silou> Qui a fait le truc pour se connecter à l'irc depuis le site svp ?
2014-08-23T16:42:35 *** ValCab33 est parti
2014-08-23T16:46:01 <ludvann> kiwiirc
2014-08-23T16:46:05 <ludvann> kiwiirc.com
2014-08-23T16:46:28 <adriens33> http://kiwiirc.com/client/#nomducanal/
2014-08-23T16:46:35 <Silou> Merci :)
2014-08-23T17:19:21 *** ValCab33 s'est connecté
2014-08-23T17:21:21 * Berry-Punch lance un muffin sur  à 1110 km/h
2014-08-23T17:21:21 <Silou> !muffin
2014-08-23T17:21:25 <Silou> !biere
2014-08-23T17:21:26 <Berry-Punch> J'aimerais bien en reprendre, mais Colgate *hic* va se fâcher après…
2014-08-23T17:21:35 <Silou> !boire
2014-08-23T17:21:44 <Silou> !vin
2014-08-23T17:21:53 <adriens33> Berry, t'as soif ?
2014-08-23T17:21:55 <adriens33> Berry
2014-08-23T17:21:55 <Berry-Punch> adriens33: *hic* Tu as besoin de moi ?
2014-08-23T17:21:59 <adriens33> Tu veux boire ?
2014-08-23T17:22:07 <adriens33> Alcool ?
2014-08-23T17:22:07 <Berry-Punch> J'aimerais bien en reprendre, mais *hic* Colgate va se fâcher après…
2014-08-23T17:22:20 <adriens33> Tu bois trop, toi…
2014-08-23T17:22:20 <Berry-Punch> Non, c'est même pas *hic* vrai d'abord !
2014-08-23T18:09:54 *** ValCab33 est parti
2014-08-23T18:11:09 <Berry-Punch> Have you niorphed today, Silou ? *hic* 
2014-08-23T18:11:09 <ludvann> !niorph Silou
2014-08-23T18:27:07 *** ValCab33 s'est connecté
2014-08-23T18:27:21 <Silou> Qu'est ce que ce niorph ludvann :p ?
2014-08-23T18:27:45 <ludvann> bqh<<< niorph
2014-08-23T18:27:59 <ludvann> bah niorph... *
2014-08-23T18:30:22 <Silou> o_o
2014-08-23T19:10:17 *** ValCab33 est parti
2014-08-23T19:26:54 *** Letarumavza s'est connecté
2014-08-23T19:35:37 <ludvann> salut Letarumavza !
2014-08-23T19:53:10 *** ValCab33 s'est connecté
2014-08-23T19:53:20 <ValCab33> Reuh
2014-08-23T19:56:15 <adriens33> re val :)
2014-08-23T19:59:03 <Silou> !heuzef
2014-08-23T20:10:29 <ludvann> plop
2014-08-23T20:10:38 <ludvann> Silou: fait !list
2014-08-23T20:10:42 <ludvann> fais*
2014-08-23T20:15:22 <Berry-Punch> Commandes *hic* disponibles :
2014-08-23T20:15:22 <Berry-Punch> say *hic* do flag reload stop op niorphlo list kick welcome voice help devoice niorph history muffin deop
2014-08-23T20:15:22 <Silou> !list
2014-08-23T20:15:37 <Berry-Punch> Je suis désolé Silou, mais je n'ai pas le droit *hic* de te laisser faire ça.
2014-08-23T20:15:37 <Silou> !op me
2014-08-23T20:15:41 <Silou> :D
2014-08-23T20:15:44 <Berry-Punch> Bienvenue sur le chat *hic* de BronyCUB,  !
2014-08-23T20:15:44 <Berry-Punch> Amuse-toi *hic* bien !
2014-08-23T20:15:44 <Silou> !welcome
2014-08-23T20:16:06 <Berry-Punch> N'insiste pas, s'il *hic* te plaît, Silou…
2014-08-23T20:16:06 <Silou> !voice Silou
2014-08-23T20:16:12 <Silou> !biere
2014-08-23T20:16:12 <Berry-Punch> Qu'est-ce que j'ai soif… *hic* 
2014-08-23T20:16:30 <Silou> Je te file une bière et tu me voice Berry, ok ?
2014-08-23T20:16:30 <Berry-Punch> Tu en *hic* as pour moi Silou ?
2014-08-23T20:16:34 <Silou> Oui
2014-08-23T20:16:34 <adriens33> Loool
2014-08-23T20:16:41 <Silou> !oui
2014-08-23T20:16:53 <Silou> !vodka
2014-08-23T20:16:53 <Berry-Punch> Tu en *hic* as pour moi Silou ?
2014-08-23T20:17:00 <adriens33> (sinon pour les commandes y'a que ce qu'il y a dans !list)
2014-08-23T20:17:06 <adriens33> (donc !biere etc ça sert à rien :p)
2014-08-23T20:17:06 <Berry-Punch> J'adore ça *hic* !
2014-08-23T20:28:04 *** MaCharon s'est connecté
2014-08-23T20:28:11 <MaCharon> bonsoir
2014-08-23T20:28:14 <adriens33> salut MaCharon
2014-08-23T20:34:11 <ludvann> plop
2014-08-23T20:34:44 *** ValCab33 est parti
2014-08-23T20:44:52 *** Zecora_bot s'est connecté
2014-08-23T20:46:05 *** ValCab33 s'est connecté
2014-08-23T22:33:42 *** Bybeez s'est connecté
2014-08-23T22:34:05 <Bybeez> Yo, les pommes de terre !
2014-08-23T22:34:41 <adriens33> salut la carotte !
2014-08-23T22:36:41 <Berry-Punch> Trois nain vont à la Taverne, *hic* le première prend une Guiliness, le deuxième une Kronainbourg, que prend le troisième ?
2014-08-23T22:36:52 <adriens33> la tête ? ^^
2014-08-23T22:36:58 <adriens33> le troisième prend la tête ^^
2014-08-23T22:37:19 <Berry-Punch> Il prend une *hic* Heinainken
2014-08-23T22:37:25 <adriens33> …
2014-08-23T22:37:33 * adriens33 faceground
2014-08-23T22:37:35 <Berry-Punch> c'est drôle ! *hic* 
2014-08-23T22:45:49 <ludvann> ...
2014-08-23T22:50:26 <Berry-Punch> Drôle *hic* !
2014-08-23T22:52:49 <ludvann> ...
2014-08-23T22:52:51 <ludvann> nan
2014-08-23T23:12:17 <Letarumavza> gné ?
2014-08-23T23:46:58 <Silou> Vous savez quand Heuzef va repasser svp ?
2014-08-23T23:47:18 <adriens33> nope
2014-08-23T23:47:19 <adriens33> désolé
2014-08-23T23:47:22 <Bybeez> No sais
2014-08-23T23:47:38 <Silou> C'est bien lui le créateur du site de bronycub ?
2014-08-23T23:48:20 <adriens33> entre autres oui (avec Lezarius), même s'il y a plusieurs personnes qui ont apporté des modifications
2014-08-23T23:55:00 <ludvann> ouep
