2014-07-13T00:51:27 *** heuzef est parti
2014-07-13T01:01:27 *** Eclipse2212 s'est connecté
2014-07-13T01:01:46 <Eclipse2212> Re les gens!
2014-07-13T01:12:27 *** heuzef s'est connecté
2014-07-13T01:15:00 *** heuzef est parti
2014-07-13T01:49:34 *** Eclipse2212 est parti
2014-07-13T02:13:42 *** ValCab33 est parti
2014-07-13T03:04:37 *** lezarius est parti
2014-07-13T05:29:21 *** Letarumavza est parti
2014-07-13T06:02:23 <Berry-Punch> Voilà ce qu'il s'est passé ces 10 *hic* dernières lignes, adriens33
2014-07-13T06:02:24 *** adriens33 s'est connecté
2014-07-13T07:59:18 *** Letarumavza s'est connecté
2014-07-13T08:05:56 *** adriens33 est parti
2014-07-13T08:39:45 <Berry-Punch> Voilà ce qu'il s'est passé ces 10 dernières lignes, *hic* adriens33
2014-07-13T08:39:46 *** adriens33 s'est connecté
2014-07-13T11:20:26 *** ValCab33 s'est connecté
2014-07-13T11:20:42 <ValCab33> Hellow
2014-07-13T11:20:47 <adriens33> salut
2014-07-13T14:07:16 *** wildfier s'est connecté
2014-07-13T14:23:23 *** wildfier est parti
2014-07-13T14:23:43 *** wildfier s'est connecté
2014-07-13T14:27:58 *** wildfier est parti
2014-07-13T14:28:06 *** wildfier s'est connecté
2014-07-13T14:28:27 <wildfier> yop
2014-07-13T14:29:09 <adriens33> plop
2014-07-13T14:31:03 <wildfier> http://cheezburger.com/62405889?utm_source=feedburner&utm_medium=feed&utm_campaign=Feed%3A+MyLittleBrony+%28My+Little+Brony%29
2014-07-13T14:31:05 <wildfier> nice
2014-07-13T14:32:29 <wildfier> si tous les fanfic reading pouvaient être de cette qualité
2014-07-13T14:32:44 <wildfier> (et par john de lancie histoire de XD)
2014-07-13T14:34:08 <adriens33> nice :)
2014-07-13T15:09:59 *** adriens33 est parti
2014-07-13T16:01:17 <Berry-Punch> Voilà ce qu'il s'est passé ces *hic* 10 dernières lignes, adriens33
2014-07-13T16:01:18 *** adriens33 s'est connecté
2014-07-13T16:03:13 <adriens33> plop
2014-07-13T16:04:31 * Berry-Punch lance un muffin sur wildfier à 356 km/h
2014-07-13T16:04:31 <adriens33> !muffin wildfier
2014-07-13T16:36:23 *** Dawnio s'est connecté
2014-07-13T16:36:32 <Dawnio> Bonjouur
2014-07-13T16:37:23 <adriens33> hello
2014-07-13T16:38:52 <Dawnio> je viens d'arriver dans votre jolie région ;)
2014-07-13T16:39:53 <Letarumavza> Tain j'arrives plus à mettre la main sur cupcakes
2014-07-13T16:40:08 <Letarumavza> salut dawnio (et bienvenue)
2014-07-13T16:40:42 <Dawnio> merci ^^ oula direct j'arrive et ça parle déjà de cupcakes
2014-07-13T16:41:37 <Letarumavza> Sauf que cupcakes est un module d'un de mes progs ^^
2014-07-13T16:42:06 <adriens33> Dawnio: pauvre de toi… ^^
2014-07-13T16:42:08 <Letarumavza> (chocolate, cookie, cupcakes, et pie)
2014-07-13T16:42:15 <Dawnio> ah bon, ça me rassure (un peu)
2014-07-13T16:42:15 <adriens33> Hmm
2014-07-13T16:42:26 <adriens33> Letarumavza: tu me donnes faim… :p
2014-07-13T16:43:07 <Letarumavza> Ceci dit, de toutes façons cupcakes a été retiré de la liste des fanfics.
2014-07-13T16:43:19 <adriens33> Ah bon ?
2014-07-13T16:43:24 <Dawnio> ah c'est nouveau ça
2014-07-13T16:43:39 <Letarumavza> Elle est plus sur Equestria daily.
2014-07-13T16:43:49 <Dawnio> pourtant ça reste quand même un "classique"
2014-07-13T16:44:02 <Letarumavza> yep, bah elle fait un 404
2014-07-13T16:44:19 <adriens33> carrément
2014-07-13T16:44:31 <Letarumavza> (domage, c'était ma ref quand quelqu'un disait que les bronies sont juste des bisounours)
2014-07-13T16:44:38 <Dawnio> j'ai même pas eu le temps de la lire en entier
2014-07-13T16:45:02 <Letarumavza> Je dois l'avoir en snapshot de 4chan
2014-07-13T16:45:07 <adriens33> Donc t'as lu qu'un bout de cupcakes ?
2014-07-13T16:45:34 <Letarumavza> Yes !
2014-07-13T16:45:34 <Letarumavza> https://docs.google.com/document/d/1qTTzMqlRTHeHIarZZhwQhADc-1aff9fkHKWx-kn0wMk/edit?pli=1
2014-07-13T16:45:41 <Letarumavza> Cadeau tu peux la finir
2014-07-13T16:45:45 <Dawnio> disons que je connais l'histoire générale mais pas les détails
2014-07-13T16:46:16 <Dawnio> et merci du lien, mais non merci :p
2014-07-13T16:46:17 <Letarumavza> Cupcakes n'est qu'un crossover MLP / silence des agnaux.
2014-07-13T16:46:35 <Dawnio> je tiens à garder une bonne image de mlp moi ^^
2014-07-13T16:46:50 <Dawnio> pas comme le jour où j'ai découvert SMILE HD
2014-07-13T16:46:52 <Letarumavza> Boaf...
2014-07-13T16:47:03 <Letarumavza> Petite nature ^^
2014-07-13T16:47:14 <adriens33> Letarumavza: tu triches toi XD
2014-07-13T16:47:19 <Letarumavza> ?
2014-07-13T16:47:27 <adriens33> T'es déjà blindé ^^
2014-07-13T16:47:35 <Letarumavza> J'ai lu le ask de ragator, ça va cupcakes c'est tout doux ^^
2014-07-13T16:47:39 <adriens33> XD
2014-07-13T16:47:45 * Letarumavza trolldance.
2014-07-13T16:48:05 <Dawnio> j'au aucun problème avec le gore ou autre, mais pas touche à mlp
2014-07-13T16:48:24 <Letarumavza> D'un autre coté Pinkie a un léger problème...
2014-07-13T16:48:43 <Dawnio> ben qu'elle le garde pour elle ^^
2014-07-13T16:48:50 <Letarumavza> Perso je fais pas de fêtes avec des cailloux et de la farine...
2014-07-13T16:48:55 <Letarumavza> enfin, sauf le jeudi...
2014-07-13T16:49:02 <adriens33> wut oO
2014-07-13T16:49:14 <Letarumavza> ^^
2014-07-13T16:49:47 <Letarumavza> Bah si on remplace cailloux par pringles et farine par barbeque...
2014-07-13T16:49:55 <Letarumavza> C'est accurate.
2014-07-13T16:50:09 <adriens33> ouais, là jsuis d'accord :)
2014-07-13T16:50:55 <Dawnio> marrant, j'ai pas pensé à BBQ en premier pour "farine"
2014-07-13T16:51:25 <Letarumavza> nop, les rails de méchantox c'est que le week-end.
2014-07-13T16:51:46 <adriens33> ouais, la semaine il se fait des rails de trollox.
2014-07-13T16:51:50 <Letarumavza> D'ailleurs t'as un gros cul. (j'avais oublié qu'on était dimanche)
2014-07-13T16:53:10 <Dawnio> et quand c'est lundi férié, ça donne quoi?
2014-07-13T16:53:26 <Letarumavza> ...
2014-07-13T16:53:46 <Letarumavza> adrien, je peux le kick ? il pose des questions à la con...
2014-07-13T16:54:29 <Letarumavza> quoique, techniquement c'est un lundi => donc semaine.
2014-07-13T16:54:51 <adriens33> ^^
2014-07-13T16:55:10 <adriens33> évite de le kicker, il est nouveau, sois sympa…
2014-07-13T16:55:17 <Letarumavza> Dac...
2014-07-13T16:55:21 <Letarumavza> Mias quand même...
2014-07-13T16:55:33 <Dawnio> de toute façon je suis que de passage
2014-07-13T16:55:34 <Letarumavza> C'est rien qu'un hareng trigonocéphale à la purée de groseilles.
2014-07-13T16:55:42 <Letarumavza> Et je ne reviendrai pas sur ces propos.
2014-07-13T16:55:55 <adriens33> wut
2014-07-13T16:55:59 <adriens33> dat expression :p
2014-07-13T16:56:22 <Letarumavza> Boaf, elle est soft
2014-07-13T16:56:26 <Letarumavza> (selon mes standards)
2014-07-13T16:56:33 <Letarumavza> Btw de passage pour quelle raison ?
2014-07-13T16:56:56 <Dawnio> ben parceque je suis simplement en vacance dans le coin
2014-07-13T16:57:04 <Letarumavza> Certes
2014-07-13T16:57:10 <Dawnio> et oui
2014-07-13T16:57:37 <Letarumavza> adrien: comme c'est un toutriste je peux au moins lui lacher mes radis carnivores aux miches ?
2014-07-13T16:57:46 <adriens33> un toutriste ?
2014-07-13T16:57:54 <adriens33> heu… non. XD
2014-07-13T16:58:24 <Letarumavza> Boarf...
2014-07-13T16:58:27 <Dawnio> mais sinon, je peux pas avoir ce que tout le monde s'attend à recevoir en gironde, du vin et des cannelés?
2014-07-13T16:58:35 <adriens33> Berry ?
2014-07-13T16:58:35 <Berry-Punch> adriens33: Qu'est-ce qu'il *hic* y a ?
2014-07-13T16:58:39 <adriens33> Un verre ?
2014-07-13T16:58:39 <Berry-Punch> Tu en as pour moi adriens33 *hic* ?
2014-07-13T16:58:43 <adriens33> >_<
2014-07-13T16:58:49 <adriens33> Donne à boire à Dawnio
2014-07-13T16:58:54 <Berry-Punch> Tiens, *hic* Dawnio
2014-07-13T16:59:02 * Berry-Punch donne un verre de vin à Dawnio
2014-07-13T16:59:02 <Berry-Punch> Tu en as pour moi adriens33 ? *hic* 
2014-07-13T16:59:10 <Letarumavza> Faut vraiment qu'on attaque la V3
2014-07-13T16:59:14 <adriens33> ouep…
2014-07-13T16:59:20 <Dawnio> lol
2014-07-13T16:59:20 <Letarumavza> Vu comme on est feignants...
2014-07-13T16:59:29 <Letarumavza> Deadline fin aout ?
2014-07-13T16:59:31 <Letarumavza> 2017
2014-07-13T16:59:36 <Dawnio> merci mais j'attend toujours mon cannelé
2014-07-13T16:59:38 <adriens33> Ben… moi c'est surtout que j'arrive pas à me lancer…
2014-07-13T16:59:48 * Berry-Punch Attends, je le cuit
2014-07-13T17:00:01 <Letarumavza> nb : adrien est un geek diesel.
2014-07-13T17:00:06 <adriens33> ?
2014-07-13T17:00:07 <Letarumavza> Modèle rare.
2014-07-13T17:00:20 <adriens33> beh gné ?
2014-07-13T17:00:32 <Dawnio> impatient de l'étudier alors
2014-07-13T17:00:43 <Letarumavza> D'ailleurs le 17 faut penser à trouver quelqu'un avec de la biere.
2014-07-13T17:00:43 <Berry-Punch> Qu'est-ce que j'ai *hic* soif…
2014-07-13T17:00:49 <Letarumavza> Histoire de faire les niveaux ^^
2014-07-13T17:00:54 <adriens33> oO
2014-07-13T17:01:01 <adriens33> on veut m'étudier ?
2014-07-13T17:01:05 <adriens33> Oo
2014-07-13T17:01:23 <Dawnio> ou examiner au moins
2014-07-13T17:01:34 <Dawnio> ou alors observer de manière lubrique
2014-07-13T17:01:39 <Letarumavza> Laisses tomber c'est pas une fille ^^
2014-07-13T17:01:58 <Dawnio> who cares >=D
2014-07-13T17:02:14 <adriens33> Dawnio: T'es pas Badwolf, donc laisse tomber.
2014-07-13T17:02:15 <adriens33> =D
2014-07-13T17:02:18 <Letarumavza> ^^
2014-07-13T17:02:27 <Letarumavza> Badwolf > all
2014-07-13T17:02:35 <Dawnio> de toute façon, on est brony, on est tous des homo, où est le problème?
2014-07-13T17:02:35 <Letarumavza> sauf lou.
2014-07-13T17:02:39 <adriens33> non
2014-07-13T17:02:43 <Letarumavza> non
2014-07-13T17:02:54 <Letarumavza> Dat cliché...
2014-07-13T17:02:56 <Dawnio> ah, c'est ce qu'on m'a dit pourtant
2014-07-13T17:03:13 <adriens33> tu connais un truc qui s'appelle des clichés ?
2014-07-13T17:03:24 <adriens33> généralement on fait ça avec un appareil photo.
2014-07-13T17:03:50 <Dawnio> soit pas si négatif (cliché, négatif)
2014-07-13T17:03:54 <adriens33> …
2014-07-13T17:03:55 <adriens33> XD
2014-07-13T17:04:05 <Letarumavza> Pour faire ça avec un appareil photo faut vraiment être désespéré...
2014-07-13T17:04:08 <Letarumavza> Ou ragator...
2014-07-13T17:04:22 <adriens33> mais non >_<
2014-07-13T17:05:02 <Dawnio> vous êtes combien dans le collectif?
2014-07-13T17:05:10 <adriens33> 30 et quelques
2014-07-13T17:05:31 <Letarumavza> Yep... Et d'ailleurs là que j'y pense, y'a pas un seul gay non ?
2014-07-13T17:05:36 <Dawnio> ok, que de bordeaux ou aussi des alentours?
2014-07-13T17:06:13 <adriens33> Heu… de la cub, y'a même des gens vers arcachon et qui n'ont pas encore pu venir
2014-07-13T17:06:28 <adriens33> Dawnio: on est 36 inscrits à l'heure actuelle.
2014-07-13T17:07:01 <Dawnio> d'accord, il y en a aussi d'arcachon, interressant???
2014-07-13T17:07:03 <Dawnio> ...
2014-07-13T17:07:06 <adriens33> je crois
2014-07-13T17:07:19 <Dawnio> (non je voulais mette ... pas ???)
2014-07-13T17:08:20 <adriens33> hmm ?
2014-07-13T17:08:26 <adriens33> Plaît-il ?
2014-07-13T17:08:37 <Dawnio> non rien
2014-07-13T17:08:46 <adriens33> Ok.
2014-07-13T17:08:47 <adriens33> ^^
2014-07-13T17:09:03 <Letarumavza> Rah...
2014-07-13T17:09:09 <adriens33> Quoi ?
2014-07-13T17:09:24 <Letarumavza> Fuck l'autre enfoiré de gregtech
2014-07-13T17:09:32 <adriens33> qui ça ?
2014-07-13T17:09:34 <Letarumavza> Il a encore foutu du killcode dans son mod
2014-07-13T17:09:41 <Letarumavza> Pour pas que tinker puisse marcher
2014-07-13T17:09:41 <adriens33> arf
2014-07-13T17:09:48 <Letarumavza> Il em gonfle cet abruti...
2014-07-13T17:09:50 <adriens33> ça c'est pas sympa…
2014-07-13T17:09:59 <Letarumavza> Vivement qu'eloram revienne et qu'on ait plus besoinde ce con là...
2014-07-13T17:10:25 <Dawnio> ça va il y a de l'amour entre vous
2014-07-13T17:11:16 <adriens33> Dawnio: il parle de mods sur minecraft, on est en train de faire un serveur moddé (Feed The Beast - Monster pack), mais y'a des soucis de conf
2014-07-13T17:11:37 <Letarumavza> Je sais que ce mec est bénévole, mais putain la conscience pro c'est un minimum
2014-07-13T17:11:46 <Letarumavza> Je vais encore passer deux heures à virer ces merdes...
2014-07-13T17:11:56 <adriens33> :/
2014-07-13T17:12:03 <Letarumavza> Heureusement que le java est décompilable (même si ce fumier obfusque)
2014-07-13T17:12:38 <adriens33> Pense à faire une clé ssh, comme ça tu pourras te co pour faire la modif directement (ou update toi même ;) )
2014-07-13T17:17:34 <Letarumavza> http://i3.kym-cdn.com/photos/images/original/000/123/715/130540790867.jpg
2014-07-13T17:19:46 <adriens33> what the actual fuck ? oO
2014-07-13T17:20:25 <Dawnio> juste un spike dans la merde
2014-07-13T17:20:28 <Letarumavza> Je sais pas, perso je l'ai trouvé fun ^^
2014-07-13T17:21:36 <Dawnio> vous allez sur les meme de cheezburger?
2014-07-13T17:22:58 <wildfier> salut dawino
2014-07-13T17:23:07 <wildfier> et oui pour ta quesiton
2014-07-13T17:23:11 <Dawnio> bonjour
2014-07-13T17:23:45 <Dawnio> du coup, tu connais d'autres sites de ce genre?
2014-07-13T17:29:55 <Letarumavza> https://www.youtube.com/watch?v=MOAbvdzHX3c
2014-07-13T17:33:26 <Letarumavza> Non mais franchement, après relecture, je vois pas en quoi cupcakes est si hardcore...
2014-07-13T17:33:52 <Letarumavza> Un poil gore mais pas plus qu'autre chose...
2014-07-13T17:33:59 <Dawnio> je sais pas, faudrait que je le lise pour te le dire
2014-07-13T17:33:59 <adriens33> ^^
2014-07-13T17:34:12 <adriens33> c'est au niveau psychologique que ça joue.
2014-07-13T17:34:14 <adriens33> ça dérange.
2014-07-13T17:34:40 <Letarumavza> Bah t'es face à pinkie qui est en rupture avec la réalité.
2014-07-13T17:34:43 <Dawnio> c'est plus interessant dans ce cas
2014-07-13T17:34:50 <Dawnio> peut être que je vais m'y mettre
2014-07-13T17:35:16 <Letarumavza> C'est un comportement schizophrenique à tendance psychotique.
2014-07-13T17:35:30 <adriens33> Jutement c'est pour ça que ça dérange.
2014-07-13T17:35:34 <Letarumavza> Ah
2014-07-13T17:36:06 <Letarumavza> Je dois manquer un truc essentiel, parce que perso je vois juste une erreur d'interprétation de la réalité par un personnage en rupture.
2014-07-13T17:36:16 <Letarumavza> (Sancahnt que pinkie pie est toujours en rupture)
2014-07-13T17:36:21 <adriens33> c'est normal.
2014-07-13T17:36:28 <adriens33> (que tu saisisses pas)
2014-07-13T17:36:32 <Letarumavza> ah
2014-07-13T17:36:42 <Letarumavza> M4en fout, je pigerai...
2014-07-13T17:36:44 <adriens33> ^^
2014-07-13T17:36:49 <Letarumavza> J'ai du café, et je pigerai
2014-07-13T17:36:51 <adriens33> ^^
2014-07-13T17:37:36 <Letarumavza> En plus l'histoire est relativement bien écrite, le profil de pinkie est bien marqué.
2014-07-13T17:37:43 <Dawnio> de toute façon, elle a le droit, c'est pinkie
2014-07-13T17:38:13 <Letarumavza> Avec la rupture nette volontée/réalité.
2014-07-13T17:39:32 <Letarumavza> Avec la réalité des choses dans le paradigme de l'histoire et sa vision radicalement opposée. Franchement coté bad fanfic j'ai vu bien pire...
2014-07-13T17:39:40 <Letarumavza> Du genre my immortal...
2014-07-13T17:39:50 <Letarumavza> Et coté gore aussi... vive rotten...
2014-07-13T17:40:17 <Letarumavza> Et pour le mélange des deux, outlast est bien pire que ça ^^
2014-07-13T17:40:36 <Letarumavza> (menfin perso j'ai passé mon temps à me marer dans outlast...)
2014-07-13T17:41:34 <Letarumavza> Btw, j'espère que jamais les parents d'éclipse ne tomberont là dessus...
2014-07-13T17:41:41 <adriens33> sur ?
2014-07-13T17:41:43 <adriens33> ces fics ?
2014-07-13T17:41:46 <adriens33> ou la discu ?
2014-07-13T17:42:03 <Letarumavza> Déjà que c'est pas des flèches y'a de fortes chances qu'ils prennent ça pour du texte canon/canon-like
2014-07-13T17:42:08 <Letarumavza> les fics
2014-07-13T17:42:13 <Letarumavza> enfin... ce genre de fics
2014-07-13T17:42:41 <adriens33> :/
2014-07-13T17:42:50 <Letarumavza> Parce que je doute qu'une fic du genre de http://www.fimfiction.net/story/54062/1/Wonderbolt/Speaking-in-Silence pose problème.
2014-07-13T18:18:51 *** wildfier est parti
2014-07-13T18:26:26 <Letarumavza> Hum..
2014-07-13T18:26:53 <Dawnio> j'allai le dire
2014-07-13T18:26:59 <Letarumavza> Soit j'ai une résistance absolue aux trucs tordus, soit 90% de la population est constituée de lavettes.
2014-07-13T18:27:13 <Letarumavza> Je penche pour le second.
2014-07-13T18:28:58 <Dawnio> donc tu remettrais en question 90% de la population plutôt qu'une personne (toi)? :p
2014-07-13T18:34:28 *** heuzef s'est connecté
2014-07-13T18:34:41 <heuzef> Plop =)
2014-07-13T18:34:46 <heuzef> Salut les gens ^^
2014-07-13T18:35:03 <heuzef> Dawnio ;) ça roule ?
2014-07-13T18:35:42 <adriens33> Letarumavza: espèce d'enfoiré ! XD
2014-07-13T18:35:49 <Dawnio> salut, ça va et toi?
2014-07-13T18:35:55 <Letarumavza> hein ?
2014-07-13T18:35:59 <adriens33> heuzef: plop
2014-07-13T18:36:08 <Letarumavza> Pourquoi enfoiré ?
2014-07-13T18:36:12 <adriens33> (ce que t'as écrit à 18h26-27)
2014-07-13T18:36:44 <heuzef> Je vais relancer tous le monde concernant le 19/07
2014-07-13T18:36:56 <heuzef> Je voulais justement pofiner le programme avec toi
2014-07-13T18:37:09 <Letarumavza> Certes
2014-07-13T18:37:10 <Dawnio> ouais ça peut être cool, du coté de french brony ça n'a pas bougé des masses
2014-07-13T18:37:31 <heuzef> Ba si vous êtes 3 déjà c'est cool
2014-07-13T18:38:09 <Dawnio> je viens d'arriver en gironde et il pleut chez vous, GG
2014-07-13T18:38:22 <heuzef> M'en parle pas ^^
2014-07-13T18:38:24 <heuzef> Les boules
2014-07-13T18:38:25 <adriens33> ouais…
2014-07-13T18:38:30 <adriens33> on est en juillet…
2014-07-13T18:38:30 <adriens33> grr
2014-07-13T18:38:41 <heuzef> Bon si je reprend le programme
2014-07-13T18:38:42 <Dawnio> ah? jme croyais en novembre x)
2014-07-13T18:38:46 <Dawnio> oui
2014-07-13T18:39:20 <heuzef> 9h30: RDV à l’hôtel de ville, station de tram HOTEL DE VILLE ->plan<-
2014-07-13T18:39:20 <heuzef> 9h30: RDV à l’hôtel de ville, station de tram HOTEL DE VILLE ->plan<-
2014-07-13T18:39:21 <heuzef> 9h30: RDV à l’hôtel de ville, station de tram HOTEL DE VILLE ->plan<-
2014-07-13T18:39:21 <heuzef> 9h30: RDV à l’hôtel de ville, station de tram HOTEL DE VILLE ->plan<-
2014-07-13T18:39:21 <heuzef> 9h30: RDV à l’hôtel de ville, station de tram HOTEL DE VILLE : Je pense que c'est assez précis, mais va falloir bien communiquer nos numéro
2014-07-13T18:39:28 <Dawnio> ouch
2014-07-13T18:39:29 <heuzef> Wtf ce bug sur irc oO
2014-07-13T18:39:33 <Dawnio> nice fail
2014-07-13T18:39:37 <heuzef> ouais
2014-07-13T18:39:47 <adriens33> heuzef: t'as tenté quoi ? oO
2014-07-13T18:39:51 <heuzef> 9h30: RDV à l’hôtel de ville, station de tram HOTEL DE VILLE : Je pense que c'est assez précis, mais va falloir bien communiquer nos numéro
2014-07-13T18:40:02 <heuzef> Un copier/coller, je suis un fou dans ma tête quoi
2014-07-13T18:40:08 <Dawnio> x)
2014-07-13T18:40:13 <adriens33> ah bon ^^
2014-07-13T18:40:14 <adriens33> ah bon ^^
2014-07-13T18:40:14 <adriens33> ah bon ^^
2014-07-13T18:40:15 <adriens33> ah bon ^^ah bon ^^
2014-07-13T18:40:19 <adriens33> :þ
2014-07-13T18:40:29 <Dawnio> doublé, triplé, quadruplé! légendaiiire
2014-07-13T18:40:56 <heuzef> 10h00: On se pose dans un parc, et on fait ce que tout le monde fait lors d'un meet up: on joue aux cartes, on discute, etc... : Ca me va, ça peux être cool de prévoir du matos des jeux mais je vais faire passer le mot
2014-07-13T18:41:14 <Dawnio> tu es en train de me relire le mail et le post là
2014-07-13T18:41:35 <Dawnio> sachant que j'ai que des cartes magic perso
2014-07-13T18:41:56 <heuzef> 12h30: On se fait un petit picnique comme on les aime! Aller au snack / mcdo sera aussi possible : Je vais aussi précisé aux gens de prendre de quoi faire pic/nic s'il prefere, après en effet on peu miamer dans le parc .... s'il pleut pas :S
2014-07-13T18:41:56 <Berry-Punch> Bon appétit, heuzef *hic* :D
2014-07-13T18:42:03 <heuzef> merci Berry
2014-07-13T18:42:31 <Dawnio> ça me semble ok pour le midi
2014-07-13T18:42:51 <heuzef> 14h00: Séance shopping dans la rue sainte Catherine: Fnac, Album, Pulps, les magasins de goodies MLP et autre ne manquent pas! : Euuu lol, moi je trouve que ça manque horriblement mais bon, y'a une chose interessante à savoir aussi :
2014-07-13T18:43:10 <heuzef> Il va avoir lieu une grosse braderie dans la rue St catherine ce jour la
2014-07-13T18:43:15 <heuzef> Donc PLEIN de monde
2014-07-13T18:43:19 <Dawnio> ah.
2014-07-13T18:43:27 <adriens33> sachant qu'habituellement
2014-07-13T18:43:30 <adriens33> rue ste catherine
2014-07-13T18:43:32 <adriens33> en journée
2014-07-13T18:43:38 <heuzef> le samedi en été ....
2014-07-13T18:43:41 <adriens33> c'est ~35 personnes par cm²
2014-07-13T18:43:46 <Dawnio> ouais j'y ai déjà gouté, je sais
2014-07-13T18:43:52 <heuzef> Donc la tu double
2014-07-13T18:43:57 <heuzef> Sainte derpy ....
2014-07-13T18:44:01 <Dawnio> à la limite, on peut reporter ça au matin nan?
2014-07-13T18:44:06 <Dawnio> ça sera plus calme
2014-07-13T18:44:16 <adriens33> là tu prends un plongeoir, et tu piques une tête. ^^
2014-07-13T18:44:27 <heuzef> Mmmm ba je pense qu'on verra ça sur le moment
2014-07-13T18:44:40 <Dawnio> mouais
2014-07-13T18:44:57 <adriens33> Dawnio: tu ne sembles pas con ni vaincu…
2014-07-13T18:45:11 <Dawnio> j'aime pas trop les "on verra" ^^
2014-07-13T18:45:17 <heuzef> 16h00: On se repose dans le parc : Ba pour le coup on verra aussi selon l'humeur des gens mais j'été plus partie pour ça : http://www.bordeaux.fr/ebx/pgFicheEvt.psml?_nfpb=true&_pageLabel=pgFicheEvt&classofcontent=evenement&id=106597
2014-07-13T18:46:16 <Dawnio> euh ouais, mais je connais pas l'avis des autres, mais pour le coup je préfèrerais les activités du matin plutôt que celles de l'après midi
2014-07-13T18:46:32 <heuzef> ok
2014-07-13T18:46:35 <Dawnio> (sauf massage si c'est nous qui nous faisons masser)
2014-07-13T18:46:53 <heuzef> Le massage me tente bien aussi xD
2014-07-13T18:46:59 <Dawnio> :p
2014-07-13T18:47:08 <ValCab33> Ca parle de quoi ?
2014-07-13T18:47:16 <heuzef> Donc on pose une option dessus si on se fait chier dans le parc
2014-07-13T18:47:21 <heuzef> ValCab33 du 19/07 ;)
2014-07-13T18:47:30 <Dawnio> oui je susi d'accord
2014-07-13T18:47:30 <heuzef> 17h30: Bowling au Mériadeck! Venez montrer vos talents avec des grosses boules, ou au pire rigoler un bon coup! Des bornes d'arcade et billard seront dispo pour les allergiques au bowling!
2014-07-13T18:47:36 <heuzef> C'est adriens33 qui va être content
2014-07-13T18:47:38 <heuzef> :D
2014-07-13T18:47:46 <ValCab33> Ya un meetup samedi prochain ?
2014-07-13T18:47:50 <Dawnio> dans le bon ou mauvais sens du terme?
2014-07-13T18:47:50 <adriens33> mais c'est que c'est en train de partir bicurieux là$
2014-07-13T18:47:51 <adriens33> XD
2014-07-13T18:48:12 <adriens33> où est lezarius ?
2014-07-13T18:48:13 <adriens33> ^^
2014-07-13T18:48:18 <heuzef> ValCab33: oui, relis la ML :D
2014-07-13T18:48:38 <heuzef> Dawnio: dans le mauvais sens vu la derniere experience de adriens33 avec les grosse boules
2014-07-13T18:48:46 <heuzef> adriens33 gros degeu
2014-07-13T18:48:52 <adriens33> heuzef: ben avec toi ça risque pas… XD
2014-07-13T18:48:57 <heuzef> x)
2014-07-13T18:49:04 <Dawnio> je préfère pas imaginer
2014-07-13T18:49:14 <heuzef> Une soirée sera peut être prévue par des membres du BronyCUB, à confirmer.
2014-07-13T18:49:32 <heuzef> Je tente d'appeler valentin pour voir si on peux faire un after chez lui
2014-07-13T18:49:35 * heuzef afk
2014-07-13T18:49:44 <adriens33> ^^
2014-07-13T18:49:45 <adriens33> why not
2014-07-13T18:50:56 <heuzef> Rep pas, il est hyper dur à joindre
2014-07-13T18:51:04 <ValCab33> Ookaaay ben je pense que je serai là ;)
2014-07-13T18:51:29 <heuzef> Dommage j'adore son mega appart il est décoré avec des poney partout partout
2014-07-13T18:51:31 <Dawnio> PAR CONTRE si je suis présent à une soirée, il va falloir me loger pour la nuit
2014-07-13T18:51:32 <heuzef> C'est magique
2014-07-13T18:52:10 <Dawnio> moi et mon frère au passage, puisqu'il vient aussi
2014-07-13T18:52:19 <heuzef> Hmmmm chez moi ça risque de pas le faire à cause de "Madame Heuzef" :/
2014-07-13T18:52:54 <heuzef> Kicéki pourrait t'heberger ...
2014-07-13T18:53:31 <Dawnio> si vraiment ça bloque à ce niveau là, je peux me trouver un hotel au pire
2014-07-13T18:53:49 <Letarumavza> re
2014-07-13T18:53:56 <Letarumavza> https://www.youtube.com/watch?v=suUxA3sS2zg
2014-07-13T18:54:07 <Letarumavza> adapté à la situation, je trouve ^^
2014-07-13T18:54:15 <heuzef> Bof, ça serait con
2014-07-13T18:55:05 <Dawnio> je reprend pas la voiture bourré en tout cas
2014-07-13T18:55:42 <Dawnio> ah et btw, ça risque plus d'être le bus, ça sera plus simple pour moi
2014-07-13T18:55:58 <adriens33> sauf si le conducteur est bourré aussi ^^
2014-07-13T18:56:22 <Dawnio> là sa serait pas du cul ^^
2014-07-13T18:56:30 <Dawnio> ça*
2014-07-13T18:56:32 <heuzef> Ba au finale si tu rentre en bus ça roule ?
2014-07-13T18:56:36 <heuzef> Même bourré
2014-07-13T18:56:51 <Dawnio> euh...... ils y a des bus tard chez vous?
2014-07-13T18:57:02 <heuzef> ça dépend de la ligne
2014-07-13T18:57:05 <adriens33> y'a les bus de nuit passé une certiane heure
2014-07-13T18:57:10 <adriens33> faut voir les lignes
2014-07-13T18:57:12 <heuzef> infotbc.com
2014-07-13T18:57:34 <adriens33> et le samedi les trams circulent jusqu'à 1h min
2014-07-13T18:57:42 <Dawnio> je vais me renseigner, mais perso, je préfèrerais limite l'hotel
2014-07-13T18:58:21 <heuzef> Ba les hotels manque pas au pire, mais tu trouvera peux être quelqu'un pour vous heberger
2014-07-13T18:59:01 <Dawnio> en tout cas, si la soirée se fait, va falloir aussi passer par un market pour la boisson ;)
2014-07-13T18:59:24 <adriens33> ouep
2014-07-13T18:59:26 <heuzef> ça manque pas non plus, puis on est rodé de ce coté la
2014-07-13T18:59:36 <heuzef> Rien que hier par exemple
2014-07-13T19:00:01 <Dawnio> j'ai une règle, à chaque soirée, j'amène forcément quelque chose, donc on IRA à un market
2014-07-13T19:00:34 <heuzef> ;)
2014-07-13T19:00:56 <heuzef> Bon ba pour le coup pour l'after ba .... on verra ? :/
2014-07-13T19:01:15 <Dawnio> ben là ça dépend de tes collègues pour le coup
2014-07-13T19:01:34 <heuzef> Je sais ça fait beaucoup de "on verra" mais c'est toujours un merdier pour organiser des trucs avec des gens qui répondent pas
2014-07-13T19:01:49 <heuzef> Et ça on peux rien y faire
2014-07-13T19:01:59 <Dawnio> https://forums.oneplus.net/attachments/i-know-that-feel-png.11226/
2014-07-13T19:02:12 <heuzef> Enfin bon, je relance sur la ML et je te met en copie ;)
2014-07-13T19:02:28 <Dawnio> ça marche
2014-07-13T19:02:40 <Dawnio> tu as leur no? tu peux pas faire un sms groupé sinon?
2014-07-13T19:03:04 <heuzef> J'ai les cordonnés complètes de tous les membres
2014-07-13T19:03:07 <heuzef> Pire que Google
2014-07-13T19:03:47 <Dawnio> un sms groupé risque d'être efficace dans ce cas (jbelive me, j'ai eu mon bts communication)
2014-07-13T19:03:58 <heuzef> Mais SMS Groupé je sais pas trop j'ai jamais osé avant
2014-07-13T19:04:21 <Dawnio> bon ben files moi les coordonnées, je m'occupe du sms si tu veux
2014-07-13T19:04:45 <heuzef> T'es sur que c'est une bonne stratégie ? ^^
2014-07-13T19:04:50 <Dawnio> certain
2014-07-13T19:04:50 <heuzef> Tu va leur dire quoi ?
2014-07-13T19:05:12 <Dawnio> que je vais aller chez eux, les surveiller, les observer et les bouffer
2014-07-13T19:05:20 <heuzef> J'ai un peu peur du "cékilui komen il à u mn num"
2014-07-13T19:05:28 <heuzef> Tu vois le genre
2014-07-13T19:05:41 <Dawnio> non non tkt pas pour ça , je vais bien rédigé le truc
2014-07-13T19:05:46 <adriens33> ben tu déclines ton identité au début… --"
2014-07-13T19:05:49 <Dawnio> rédiger*
2014-07-13T19:06:10 <Dawnio> je vais dire que ça viens de toi, et les assurer que je vais pas les harceler (de trop)
2014-07-13T19:06:24 <Dawnio> et que tu osais pas leur parler aussi
2014-07-13T19:06:30 <Dawnio> :p
2014-07-13T19:07:36 <heuzef> Euuu si tu pouvais évité ces 3 points
2014-07-13T19:07:44 <heuzef> ça me rassurerais plus en faite
2014-07-13T19:07:46 <heuzef> lol
2014-07-13T19:08:03 <Dawnio> non, sérieusement heuzef, t'en fais pas je vais faire ça bien
2014-07-13T19:08:06 <adriens33> heuzef: t'es plus angoissé que moi en fait ôO
2014-07-13T19:08:26 <Dawnio> best pony is fluttershy
2014-07-13T19:08:26 <heuzef> Ok ok ! Je t'envoie ça ...
2014-07-13T19:08:50 <heuzef> C'est juste que c'est pas le but de donner des infos sensible n'importe comment non plus
2014-07-13T19:08:57 <Dawnio> j'en ai déjà fait plus d'un d'évènement, crois moi
2014-07-13T19:09:14 <heuzef> D'ailleur on en parlera samedi prochain de ça
2014-07-13T19:09:22 <heuzef> j'ai une idée en tete ;)
2014-07-13T19:09:27 <Dawnio> de quoi?
2014-07-13T19:09:35 <heuzef> Spoiler :P
2014-07-13T19:09:39 <Dawnio> ah ok
2014-07-13T19:09:59 <Dawnio> aussi, si ça t'intéresse: http://www.french-brony.com/t6804-ponies-holidays-vacances-camping-2015
2014-07-13T19:11:12 <heuzef> Ho ho dis donc
2014-07-13T19:11:29 <heuzef> Tu n'à rien à envie aux orga des bronyDays toi
2014-07-13T19:12:11 <Dawnio> lol stop it you, n'exagerons rien ^^
2014-07-13T19:14:04 <heuzef> Mais si mais si ^_^
2014-07-13T19:14:56 <Dawnio> http://img2.wikia.nocookie.net/__cb20140702230738/sailormoon/images/3/30/919px-Happy-oh-stop-it-you-l.png
2014-07-13T19:16:10 <Dawnio> en plus ça n'en est qu'aux prémices de l'organisation, il n'y a encore rien de fait
2014-07-13T19:16:21 <Dawnio> et je serais pas tout seul sur le coup$
2014-07-13T19:32:10 <adriens33> *hac* !
2014-07-13T19:35:00 <heuzef> Tiens j'ai pas le tel de Grégoire
2014-07-13T19:35:13 <heuzef> Grmmf y'en à un qui m'a echapé
2014-07-13T19:35:18 <heuzef> Enfin bon
2014-07-13T19:36:23 <heuzef> Dawnio: tu as tous reçus ?
2014-07-13T19:36:32 <heuzef> Le mail et les tels ?
2014-07-13T19:40:29 * Berry-Punch lance un muffin sur Dawnio à 270 km/h
2014-07-13T19:40:29 <heuzef> !muffin Dawnio
2014-07-13T19:41:40 * Berry-Punch lance un muffin sur heuzef à 3365 km/h
2014-07-13T19:41:40 <Berry-Punch> MUFFIN RAINBOOM *hic* !!
2014-07-13T19:46:33 <heuzef> Bon je suppose que ça devrais aller, au pire contact moi ;)
2014-07-13T19:53:54 <adriens33> Y'a pas quelqu'un pour troller un peu ? C'est trop calme…
2014-07-13T19:54:21 <Letarumavza> http://i0.kym-cdn.com/photos/images/newsfeed/000/166/194/131321401197.jpg
2014-07-13T19:54:28 <Letarumavza> à ton service elvis
2014-07-13T19:55:12 <adriens33> ^^
2014-07-13T19:55:32 <adriens33> Donc Pinkie est folle. C'est nouveau tiens, je savais pas ;)
2014-07-13T19:57:46 <Letarumavza> Boaf
2014-07-13T19:58:14 <adriens33> ^^
2014-07-13T20:04:19 *** ludvann s'est connecté
2014-07-13T20:04:24 <ludvann> hellow
2014-07-13T20:04:46 * ludvann is waiting an answer
2014-07-13T20:05:55 <ludvann> salut adriens33 heuzef letarumavza ValCab33 Dawnio
2014-07-13T20:06:01 <ludvann> ...
2014-07-13T20:06:42 <ludvann> 3
2014-07-13T20:06:49 <ludvann> 2
2014-07-13T20:06:54 <adriens33> hello
2014-07-13T20:06:58 <ludvann> ah
2014-07-13T20:07:02 <ludvann> enfin...
2014-07-13T20:07:05 <Letarumavza> ?
2014-07-13T20:07:07 <ludvann> o/
2014-07-13T20:07:17 <adriens33> ludvann, on n'a pas forcément le nez collé sur l'irc…
2014-07-13T20:07:21 <ludvann> ^^
2014-07-13T20:07:27 <adriens33> tu sais, ce truc qui s'appelle une vie ? ^^
2014-07-13T20:07:34 <ludvann> euh...
2014-07-13T20:07:45 <adriens33> (cet irrespect !)
2014-07-13T20:07:54 <ludvann> j'ai perdu la mienne dans un donjon ^^'
2014-07-13T20:08:09 <adriens33> XD
2014-07-13T20:09:00 <ludvann> (pas taper) tu t'y connais en langage arduino adriens ?
2014-07-13T20:09:05 <adriens33> nop
2014-07-13T20:09:08 <Letarumavza> Moi oui
2014-07-13T20:09:10 <ludvann> :/
2014-07-13T20:09:14 <ludvann> :)
2014-07-13T20:09:17 <Letarumavza> Assembly > arduino
2014-07-13T20:09:21 <adriens33> ouep
2014-07-13T20:09:28 <ludvann> i know...
2014-07-13T20:10:13 <ludvann> pourrais-tu avoir la gentillesse de me debug mon programme ? :D
2014-07-13T20:10:24 <ludvann> (pas la chaussure !)
2014-07-13T20:10:31 <Letarumavza> ...
2014-07-13T20:10:41 <Letarumavza> T'as pas un debugger ?
2014-07-13T20:11:23 <ludvann> correction*
2014-07-13T20:11:34 <ludvann> en gros:
2014-07-13T20:14:35 <ludvann> (toutes les del fonctionnes, le poten' aussi, mais je sais pas si c'est le cablage ou le prog qui m'emmerde)
2014-07-13T20:14:41 *** heuzef est parti
2014-07-13T20:29:33 *** ludvann est parti
2014-07-13T20:54:15 *** lezarius s'est connecté
2014-07-13T20:54:21 <lezarius> Salut
2014-07-13T20:55:16 <lezarius> !historique
2014-07-13T20:55:24 <Berry-Punch> Entrez help <commande> pour avoir *hic* de l'aide sur cette commande.
2014-07-13T20:55:24 <lezarius> !help
2014-07-13T20:55:55 <lezarius> Berry-Punch: je peux avoire les dernier méssage envoyer ?
2014-07-13T21:00:42 <Letarumavza> Question à 500 balles
2014-07-13T21:00:56 <Letarumavza> Ais-je spécifié que mon numéro était une donnée publique ?
2014-07-13T21:01:19 <lezarius> Non.
2014-07-13T21:01:31 <lezarius> Pourquoi ?
2014-07-13T21:01:51 <Letarumavza> Si je cravete celui qui l'a divulgé à une tierce personne, je me fais un collier de dents.
2014-07-13T21:01:54 <Letarumavza> Clair ?
2014-07-13T21:02:11 <lezarius> Oui =P Sinon demain tu sort de ta grotte ?
2014-07-13T21:04:20 <Dawnio> Ton numéro ne sera jamais divulgué, je suis quelqu'un de sérieux
2014-07-13T21:04:27 <lezarius> Enfiant ton numéro est pas dans le mail d'évent ?
2014-07-13T21:05:15 <lezarius> Dawnio: juste ton pseudo met dit qu'elle que chose xD Et vue que tu n'est pas voice c'est que tu n'est pas membre =P
2014-07-13T21:06:40 <Dawnio> finement observé :D
2014-07-13T21:07:35 <lezarius> Est un info sur toi ne me donne rien de sympa (a part que tu utilise kiwi irc et ton ip)
2014-07-13T21:08:48 <lezarius> http://www.ip-adress.com/ip_tracer/90.38.201.146 Par contre tu es sur bordeaux.
2014-07-13T21:09:27 <lezarius> Mais c'est pas toi le mec du chnord ? WHut comprend plus rien ~
2014-07-13T21:13:43 <Letarumavza> Dawnio, qui t'as laché mon numéro ?
2014-07-13T21:14:10 <Letarumavza> Je vais lui faire regretter son gout pour les failles sécuritaires.
2014-07-13T21:20:44 <adriens33> Qu'est-ce qu'il se passe ?
2014-07-13T21:21:06 * adriens33 remonte l'historique
2014-07-13T21:21:07 <adriens33> ah…
2014-07-13T21:21:10 <adriens33> d'accord.
2014-07-13T21:21:18 <adriens33> Bon, déjà c'est pas moi.
2014-07-13T21:21:29 <adriens33> (je dormais y'a 5mn)
2014-07-13T21:21:51 <Letarumavza> J'ai trouvé la faille.
2014-07-13T21:21:55 <adriens33> ah
2014-07-13T21:22:25 <Letarumavza> Technique du tapis de bombe
2014-07-13T21:22:40 <Letarumavza> => Taper toutes les possibilités, y'a forcément la bonne dans le tas.
2014-07-13T21:22:45 <adriens33> Ah ok
2014-07-13T21:22:46 <adriens33> ^^
2014-07-13T21:23:37 <adriens33> Normalement, flo a le num de tout le monde. Apres ce qu'il en fait ça j'en sais que pouic
2014-07-13T21:23:42 <Dawnio> ben à ton avis, qui peut bien avoir le fichier de la BronyCUB selon toi?
2014-07-13T21:23:51 <Dawnio> voila
2014-07-13T21:24:40 <Letarumavza> Bah c'est aussi le seul sur ma liste
2014-07-13T21:24:57 <Letarumavza> Le mec qui m'a fait un cirque pour surtout pas que je scane les ports de son serveur
2014-07-13T21:25:12 <Letarumavza> Et il divulgue une info que j'ai spécifié confidentielle.
2014-07-13T21:25:13 <adriens33> Déjà rien que ça, ça sent mauvais?
2014-07-13T21:25:16 <adriens33> *…
2014-07-13T21:25:39 <Dawnio> c'est juste professionnel, j'engage toutes les rresponsabilités
2014-07-13T21:25:56 <adriens33> …
2014-07-13T21:26:14 <adriens33> flo ?
2014-07-13T21:26:26 <Letarumavza> T'as pas à le faire, il a divulgé une info que j'avais spécifié confidentielle.
2014-07-13T21:26:32 <Letarumavza> Il est fautif.
2014-07-13T21:27:30 <Dawnio> pas la peine de monter sur ses grands poneys, ton numéro sortiras pas de mon tel, je te l'assure
2014-07-13T21:28:19 <Letarumavza> Déjà il a intéret à en sortir le plus vite possible.
2014-07-13T21:28:36 <Dawnio> il est même pas enregistré lol
2014-07-13T21:28:47 <adriens33> Dawnio: fais gaffe…
2014-07-13T21:28:47 <Letarumavza> Et en plus je vais lui faire comprendre mon point de vue sur l'hypocrisie vis à vis de la sécurité.
2014-07-13T21:29:01 <adriens33> Déjà pour énever leta faut y aller
2014-07-13T21:29:07 <adriens33> mais quand il est énervé t'es mort…
2014-07-13T21:29:07 <Dawnio> nous nous connaissons même pas, j'ai aucune raison de garder ton num ;)
2014-07-13T21:29:38 <Letarumavza> Le problème que flo ne connaissait pas, c'est que j'ai plusieurs num, et la liste d'à qui je les donne.
2014-07-13T21:29:48 <adriens33> AH.
2014-07-13T21:29:50 <adriens33> *Ah
2014-07-13T21:30:01 <adriens33> Forcément si ça cafte tu sais d'où.
2014-07-13T21:30:12 <adriens33> T'aurais ptet pas du dire ça ici non ?
2014-07-13T21:30:26 <Letarumavza> Je vois pas où est le lezard
2014-07-13T21:30:32 <Letarumavza> au contraire, c'est dissuasif.
2014-07-13T21:30:36 <adriens33> ok
2014-07-13T21:30:55 <Dawnio> ben écoutes, il y a eu une bourde certes, mais il y aura pas plus de conséquence que ça donc le problème est réglé
2014-07-13T21:31:07 <Letarumavza> Le problème c'est pas les conséquences.
2014-07-13T21:31:26 <Letarumavza> Le problème c'est la "bourde" qui tient bien plus de la "faute".
2014-07-13T21:32:05 <Letarumavza> Si tu avais besoin de mon numéro je te l'aurais peut-être donné (suivant le motif)
2014-07-13T21:32:33 <Dawnio> dis toi que je ne sais même pas quel est ton numéro dans la liste, tu pourrais être n'importe lequel, j'ai aucun moyen de t'identifier
2014-07-13T21:32:37 <Letarumavza> Mais c'est une donnée cofidentielle dont je n'autorise aucune divulgation.
2014-07-13T21:32:58 <Letarumavza> ah carrément... Il divulge les nums par liste...
2014-07-13T21:33:08 <Letarumavza> Je vais me chercher une tisane.
2014-07-13T21:33:49 <lezarius> Il est ici le lézard =D
2014-07-13T21:34:33 <Dawnio> à la limite ils sont fais pour ça les no non? pour rassembler les gens lors de meet up, ce que je tente de faire quoi
2014-07-13T21:34:53 <Dawnio> sinon tu n'aurais jamais donné ton numéro à la source même
2014-07-13T21:35:06 <lezarius> SInon Letarumavza tu m'apprend ah analiser un serveur (que je le fasse sur le mien =P ) Pour vérifié qui est mieux sécu que celui de flo (enfin ça c'est déjà sur mais bon xD)
2014-07-13T21:35:31 <Letarumavza> Merci lezarius, tu viens de me faire éclater de rire.
2014-07-13T21:35:46 <lezarius> Pour qu'elle raison Letarumavza ?
2014-07-13T21:35:54 <Letarumavza> Dawnio : Je lui ai transmis mon numero pour qu'il puisse me contacter, pas pour qu'il le refile sans mon accord.
2014-07-13T21:36:11 <Letarumavza> Et je lui ai explicitement spécifié de ne pas le faire.
2014-07-13T21:36:40 <Dawnio> j'en suis navré, mais le but était louable, c'est pas comme si j'étais un témoin de jéhova
2014-07-13T21:36:52 <Letarumavza> lezarius, commences par coller tes ports inutilisés en drop et coller une sandbox sur les autres, et on en reparlera.
2014-07-13T21:37:25 <Letarumavza> Dans l'état actuel des choses ton serveur peut se faire DOS, DDOS, et exploit.
2014-07-13T21:37:55 <lezarius> Mmmm je parle pas de la pasoire de flo xD
2014-07-13T21:38:19 <Letarumavza> Je parle de ton serv là.
2014-07-13T21:38:29 <Letarumavza> Et vérifie que tes drivers sont à jour.
2014-07-13T21:38:31 <lezarius> Théoriquement tout mes port sont bloqué par Fail2ban =P Biensur
2014-07-13T21:38:41 <adriens33> lezarius: il parle de iptables là…
2014-07-13T21:38:53 <adriens33> fail2ban monitor pas tous les ports
2014-07-13T21:38:59 <adriens33> sauf si t'as configuré des jails pour ça…
2014-07-13T21:39:25 <Letarumavza> Fail2ban est surtout doté de failles.
2014-07-13T21:39:33 <Letarumavza> Comme l'exploitation de la trace mémoire.
2014-07-13T21:39:48 <lezarius> Pas moi qui est config mon serveur mais une ex a moi qui s'occupe de resseaux de RadioBrony
2014-07-13T21:39:48 <Letarumavza> Tu peux carrément utiliser les réponses de F2B pour dos la machine.
2014-07-13T21:40:10 <Letarumavza> T'as fait setup une sécu sans la vérifier ?
2014-07-13T21:40:27 <Letarumavza> Putain je vais me chercher des chips là...
2014-07-13T21:40:32 <adriens33> ^^
2014-07-13T21:40:39 <lezarius> Non elle à sétup la même sécu que sur les serveur de RadioBrony
2014-07-13T21:40:55 <adriens33> ce qui est pas forcément une bonne nouvelle pour RadioBrony…
2014-07-13T21:41:12 <Letarumavza> attends...
2014-07-13T21:41:20 <Letarumavza> radio brony utilise la même sécu que ton serv ?
2014-07-13T21:41:43 <lezarius> Théoriquement oui. Après il on peux etre changer mais ça métonerais
2014-07-13T21:41:45 <Letarumavza> Berry ! Il me faut une vodka !
2014-07-13T21:41:45 <Berry-Punch> J'aimerais bien en reprendre, mais Colgate va se *hic* fâcher après…
2014-07-13T21:42:22 <lezarius> SInon qui bouge sont culs demain ? genre pour voire le feux d'artifice ?
2014-07-13T21:52:31 *** lezarius est parti
2014-07-13T21:54:43 <Letarumavza> quelqu'un a prévu un plan pour demain ?
2014-07-13T21:56:01 <adriens33> pas moi, mais j'aurais bien fait un truc demain avec des gens possiblement…
2014-07-13T21:56:16 <adriens33> donc si y'a des gens qui veulent sortir demain…
2014-07-13T21:56:17 <adriens33> :)
2014-07-13T22:11:14 <Dawnio> les gens, je vous souhaite une bonne soirée, à bientot /)
2014-07-13T22:11:20 <adriens33> ++
2014-07-13T22:11:27 *** Dawnio est parti
2014-07-13T22:19:10 *** ValCab33 est parti
2014-07-13T22:19:27 *** ValCab33 s'est connecté
2014-07-13T23:17:56 *** adriens33 est parti
2014-07-13T23:40:35 *** Letarumavza est parti
