2014-08-24T00:04:15 <ludvann> xD bit.ly/1twBsg7
2014-08-24T00:12:11 <Silou> Je voudrais surtout le voir pour son systeme d'agenda
2014-08-24T00:18:58 <Bybeez> Bonne nuit les patates !
2014-08-24T00:19:12 *** Bybeez est parti
2014-08-24T00:46:18 <adriens33> bonne nuit all
2014-08-24T00:46:19 *** adriens33 est parti
2014-08-24T01:05:13 <ludvann> bon je vais vous laisser... (je rerais peut être)
2014-08-24T01:05:16 <ludvann> @+
2014-08-24T01:05:38 *** ludvann est parti
2014-08-24T01:24:08 *** ValCab33 est parti
2014-08-24T01:29:21 *** MaCharon est parti
2014-08-24T01:48:26 *** ELiDYROS s'est connecté
2014-08-24T01:49:30 *** ELiDYROS est parti
2014-08-24T02:17:10 *** Letarumavza est parti
2014-08-24T03:05:22 *** Silou est parti
2014-08-24T07:27:34 *** Rei s'est connecté
2014-08-24T07:27:47 <Rei> chalu
2014-08-24T07:30:13 *** Rei est parti
2014-08-24T09:09:29 *** TrappyTickles s'est connecté
2014-08-24T09:20:51 <Berry-Punch> Voilà ce qu'il s'est passé ces 10 dernières *hic* lignes, adriens33
2014-08-24T09:20:52 *** adriens33 s'est connecté
2014-08-24T09:27:46 *** BYbeez s'est connecté
2014-08-24T09:27:47 *** BYbeez est parti
2014-08-24T09:27:58 *** Bybeez s'est connecté
2014-08-24T09:29:08 <Bybeez> Yo yo yo !
2014-08-24T09:29:13 <adriens33> salut la patate
2014-08-24T09:59:57 <TrappyTickles> OI
2014-08-24T10:00:17 <adriens33> salut Trappy ^^
2014-08-24T11:47:50 *** Letarumavza s'est connecté
2014-08-24T11:48:47 <Letarumavza> beurp!
2014-08-24T11:50:28 <adriens33> à tes souhaits…
2014-08-24T11:58:16 *** ValCab33 s'est connecté
2014-08-24T11:58:22 <ValCab33> Hello
2014-08-24T11:58:34 <adriens33> ehlo
2014-08-24T12:05:27 <TrappyTickles> oi ^^
2014-08-24T15:12:34 *** Gordfang s'est connecté
2014-08-24T15:13:08 <Gordfang> lut
2014-08-24T15:15:02 <Gordfang> dite moi
2014-08-24T15:15:21 <Gordfang> vous auriez le site des ressource de bronycub?
2014-08-24T15:17:51 <Bybeez> c'est à dire ?
2014-08-24T15:18:44 <Gordfang> la page ou y a tous nos logo et tous le reste
2014-08-24T15:18:55 <Gordfang> je sait qu'elle est sur le site mais j'ai perdu l'URL
2014-08-24T15:20:19 <Bybeez> http://bronycub.org/ressources/
2014-08-24T15:20:21 <Bybeez> ça ?
2014-08-24T15:33:12 <Gordfang> yup merci
2014-08-24T15:39:57 <Bybeez> de rien
2014-08-24T16:09:00 *** Yvan33 s'est connecté
2014-08-24T16:09:10 <Yvan33> Hello
2014-08-24T16:09:32 <Bybeez> yo
2014-08-24T16:09:56 <Yvan33> Devinne c'était quoi mon gateau d'anniversaire
2014-08-24T16:10:07 <Bybeez> Un gateau
2014-08-24T16:10:17 <Yvan33> Ouaaaaaaaaah
2014-08-24T16:10:22 <Bybeez> avec des bougies dessus !
2014-08-24T16:10:23 <Yvan33> trop fort
2014-08-24T16:10:39 <Bybeez> non, serieux aucune idée
2014-08-24T16:11:10 <Yvan33> Un chapeau avec un poney en pâte d'amande dessus
2014-08-24T16:11:20 <Bybeez> Classe
2014-08-24T16:11:46 <Bybeez> Un poney en pâte d'amande comme ceux pour l'anniv' de BronycUB ?
2014-08-24T16:12:14 <Yvan33> Euh
2014-08-24T16:12:26 <Yvan33> Nan
2014-08-24T16:12:34 <Yvan33> Devienne lequel c'était
2014-08-24T16:14:43 <Bybeez> Rainbow ?
2014-08-24T16:14:52 <Yvan33> nope
2014-08-24T16:15:00 <Bybeez> Quoique avec un chapeau ça peu être Daring Doo
2014-08-24T16:15:28 <Yvan33> Nan ^^
2014-08-24T16:15:33 <Bybeez> Luna ?
2014-08-24T16:15:39 <Yvan33> Oui!
2014-08-24T16:15:46 <Yvan33> TU as gagné un muffin
2014-08-24T16:15:49 <Bybeez> Photo ?
2014-08-24T16:16:10 <Yvan33> Je vais essayer, j'ai pommer le cable Samsung/ordi
2014-08-24T16:16:17 <Bybeez> XD
2014-08-24T16:17:44 <Yvan33> Mais, euh, faut genre, regarder de loin
2014-08-24T16:17:58 <Yvan33> Au fait on peut écrire sur le wiki de heuzef?
2014-08-24T16:19:32 <Bybeez> Oui, j'ai commencé ^^
2014-08-24T16:20:04 <Bybeez> J'ai rajouté une liste pour le background et pour mon scénrio
2014-08-24T16:20:39 <Yvan33> Ouais j'ai vu, je vais m'y mettre alors
2014-08-24T16:20:54 <Yvan33> Le temps de comprendre le language
2014-08-24T16:26:18 *** Silou s'est connecté
2014-08-24T16:26:22 <Silou> o/
2014-08-24T16:26:30 <Yvan33> Yop
2014-08-24T16:26:55 <Bybeez> Yo ! /)
2014-08-24T16:27:50 <Silou> Toujours pas de traces de Heuref
2014-08-24T16:27:56 <Silou> Heuzef ?*
2014-08-24T16:28:04 <Bybeez> Nope
2014-08-24T16:29:49 * Yvan33 acquiesce
2014-08-24T16:48:30 <TrappyTickles> oi ^^
2014-08-24T16:49:08 <TrappyTickles> hem tite question, y a un moyen infaillible de savoir si mon pc peut bosser en x64?
2014-08-24T16:49:32 <TrappyTickles> http://www.pcastuces.com/pratique/astuces/2531.htm j'ai suivi cette méthode pour savoir si mon pc peut et il dit que oui... mais j'ai des doutes encore
2014-08-24T16:50:12 <Silou> Trouver la ref de ton proc
2014-08-24T16:51:22 <TrappyTickles> j'ai un intel i3-530
2014-08-24T16:51:38 <TrappyTickles> double coeur mais 4 coeurs logiques
2014-08-24T16:51:49 <Silou> http://ark.intel.com/fr/products/46472/Intel-Core-i3-530-Processor-4M-Cache-2_93-GHz
2014-08-24T16:52:09 <Silou> "Jeux d'instructions	64-bit"
2014-08-24T16:52:19 <TrappyTickles> donc c'est bon, il gère alors? ^^
2014-08-24T16:52:28 <Silou> Yep :)
2014-08-24T16:52:32 <TrappyTickles> cool :D
2014-08-24T16:52:51 <TrappyTickles> je pensais me prendre un process 64bits pcq je pensais que le mien était 32, il a toujours tourné en 32 :p
2014-08-24T16:53:08 <TrappyTickles> bon ben j'ai plus qu'à formatter mon windaube en 64 :p
2014-08-24T17:00:21 *** Trappy_Tickles s'est connecté
2014-08-24T17:03:37 *** TrappyTickles est parti
2014-08-24T17:04:06 <Berry-Punch> Flags de TrappyTickles *hic* modifiés : +v
2014-08-24T17:04:06 <adriens33> !voice TrappyTickles
2014-08-24T17:04:12 <TrappyTickles> mci
2014-08-24T17:04:18 <TrappyTickles> purée de connexion à la noix
2014-08-24T17:05:25 *** Lenile s'est connecté
2014-08-24T17:05:45 <Lenile> Yop
2014-08-24T17:05:55 <TrappyTickles> oi
2014-08-24T17:06:00 <Silou> Plop
2014-08-24T17:06:10 <Bybeez> Yo !
2014-08-24T17:06:25 <Lenile> Letar tes la ?$
2014-08-24T17:06:47 <Lenile> Letarumavza
2014-08-24T17:08:11 <adriens33> (à mon avis soit il dort soit il joue et a pas vu la fenêtre du chat :p)
2014-08-24T17:08:49 <Lenile> u.U
2014-08-24T17:08:59 <Lenile> Moi qu'avais besoin d'un Hacker e.E
2014-08-24T17:09:10 <Lenile> Un mec s'ammuse à me fouttre la misère sur ma box e.e
2014-08-24T17:09:14 <adriens33> ouch
2014-08-24T17:09:17 <Silou> lol
2014-08-24T17:09:19 <Silou> Un DDOS ?
2014-08-24T17:09:33 <Lenile> Nope
2014-08-24T17:09:38 <Lenile> Pire
2014-08-24T17:09:52 <Lenile> Il me baisse ma connection s'batard T-T
2014-08-24T17:09:58 <Silou> Bah avec du ddos quoi
2014-08-24T17:10:00 <adriens33> ouche
2014-08-24T17:10:05 <Lenile> La j'attend qu'il revienne.
2014-08-24T17:10:07 <Silou> Et un hacker ne peu pas t'aider
2014-08-24T17:10:10 <Lenile> J'suis à l'interieur de ma box
2014-08-24T17:10:11 <adriens33> si si…
2014-08-24T17:10:13 <Lenile> Je l'attend
2014-08-24T17:10:19 <Lenile> Bah Silou
2014-08-24T17:10:22 <Silou> Vu que les infos de connexion ext ne sont pas accessibles
2014-08-24T17:10:24 <Lenile> T'fou quoi ici ? :o
2014-08-24T17:10:25 <adriens33> XD
2014-08-24T17:10:31 <Silou> J'attend Heuzef :)
2014-08-24T17:10:32 <adriens33> que tu crois
2014-08-24T17:10:50 <Lenile> Fait gaffe Silou
2014-08-24T17:10:59 <Lenile> Cher BronyCUB t'a pas mal d'informatitien
2014-08-24T17:11:03 <Silou> Lenile : et aussi je suis spécialisé en sécurité informatique, c'est même ce que j'étudie
2014-08-24T17:11:07 <Lenile> Moi j'ai arreter de faire mon malin o/
2014-08-24T17:11:16 <Lenile> Putain encore un x.x
2014-08-24T17:11:20 <adriens33> Silou: Leta peut rentrer où il veut ^^
2014-08-24T17:11:39 <Bybeez> Xd je ferai pas de commentaire
2014-08-24T17:11:41 <adriens33> et remonter la connexion du con qui fait chier Lenile doit pas être super dur pour lui
2014-08-24T17:11:50 <Silou> Bah bien sur
2014-08-24T17:11:51 <adriens33> (et lui foutre la misère à son tour aussi XD)
2014-08-24T17:12:17 <Lenile> xD
2014-08-24T17:12:21 <Lenile> Pour ça que je l'attend
2014-08-24T17:12:22 <Silou> A moins de rerouter le port sur lequel le mec ddos, pas moyen
2014-08-24T17:12:28 <Lenile> Silou
2014-08-24T17:12:33 <Lenile> Letar peut aller nimporte ou.
2014-08-24T17:12:38 <Silou> Oui oui
2014-08-24T17:12:43 <Silou> Comme tous les kikoo de 15 ans
2014-08-24T17:12:45 <Silou> xD
2014-08-24T17:13:03 <Lenile> adrien33 : Il aura le temps de voir Heuzef ? o/
2014-08-24T17:13:11 <adriens33> gné ?
2014-08-24T17:13:26 <Lenile> Silou, il aura le temps de voir Heuzef avant le reveille de Leta ? x)
2014-08-24T17:13:41 <Lenile> Bref.
2014-08-24T17:13:51 <adriens33> de qui que tu parles ?
2014-08-24T17:13:56 <Lenile> quand Leta se co j'vais lui ouvrir un port pour rentré voir tout ça
2014-08-24T17:14:16 <Lenile> Silou : Comme tous les kikoo de 15 ans
2014-08-24T17:14:20 <Lenile> Je parle de ça ._.
2014-08-24T17:14:36 <adriens33> nan mais… *qui* aura le temps de voir heuzef
2014-08-24T17:14:39 <adriens33> c'est ça ma question
2014-08-24T17:15:11 <Bybeez> Silou
2014-08-24T17:15:26 <Bybeez> C'est lui qui veut voir Heuzef
2014-08-24T17:17:18 <Lenile> Adrien ?
2014-08-24T17:17:33 <Lenile> T'sais comment on à l'historique des connections IP sur sa box ?
2014-08-24T17:17:37 <adriens33> kwak ?
2014-08-24T17:17:41 <adriens33> oulà
2014-08-24T17:17:42 <adriens33> nope
2014-08-24T17:17:48 <Lenile> Deuxième question
2014-08-24T17:17:49 <Silou> Lenile : appel ton FAI
2014-08-24T17:17:52 <Silou> On ne peux pas
2014-08-24T17:18:05 <Lenile> 100Mb/s sur une TV c'est normal ?
2014-08-24T17:19:16 <adriens33> heuuu
2014-08-24T17:24:23 *** Ponyskrall s'est connecté
2014-08-24T17:24:34 <Ponyskrall> PONAY ! /o/
2014-08-24T17:25:27 <Yvan33> Ouais! /=
2014-08-24T17:25:35 <Yvan33> */)
2014-08-24T17:25:42 <Silou> yay Ponyskrall
2014-08-24T17:25:50 *** Lenile est parti
2014-08-24T17:25:52 <Ponyskrall> Comment ça va bien ? ^^
2014-08-24T17:27:10 <Yvan33> Ca va ca va, j'aide a faire le jeu de role de heuzef
2014-08-24T17:27:25 <Ponyskrall> Ah ?
2014-08-24T17:29:13 <Bybeez> Ouaip enregistre un coup que je jette un oeil ^^
2014-08-24T17:29:54 <Silou> Yvan33 : tu es avec Heuzef la ?
2014-08-24T17:31:06 <Yvan33> Non ^^
2014-08-24T17:31:16 <Yvan33> Mais je suis sur son site
2014-08-24T17:33:33 <Silou> Moi je veux une partie de son site :D
2014-08-24T17:34:07 <Yvan33> Hein?
2014-08-24T17:34:29 <Silou> Voir si je peux avoir son code pour membre et agenda ^^'
2014-08-24T17:34:39 <Bybeez> Yvan parle du site du jeu Ecomonde, pas du site BronyCUB
2014-08-24T17:34:43 <Silou> Faut que je négocie ca avec lui
2014-08-24T17:34:47 <Silou> Ah
2014-08-24T17:35:41 <Silou> My bad alors :p
2014-08-24T17:35:53 <Yvan33> Oui ^^
2014-08-24T17:36:04 <Yvan33> Enfin tu peux aider aussi si tu veux hein
2014-08-24T17:36:18 <Silou> Non je suis déja occupé sur 2 sites :/
2014-08-24T17:37:14 <Bybeez> Pas mal, juste problème dans l'url car "P" c'est pas super comme titre ^^
2014-08-24T17:37:33 <Yvan33> Bah change le
2014-08-24T17:37:38 <Yvan33> Ah oui
2014-08-24T17:37:47 <Yvan33> Ouais mais c'est pas grave ^^
2014-08-24T17:37:59 <TrappyTickles> http://www.geocities.jp/lledoece/nanaca-crash.html tain je veux coder ça en version pony avec le lancer de cadance :p
2014-08-24T17:37:59 <Bybeez> Oui ça se change vite fait ça
2014-08-24T17:39:06 *** Bybeez est parti
2014-08-24T17:39:21 <Yvan33> Avec Shinig lançant Cadance?
2014-08-24T17:40:17 <Yvan33> D'ailleurs, je sais pas si c'est une référence, mais dans les indéstructibles, Mr Indestructibles lance sa femme pour rattraper JackJack a la toute fin.
2014-08-24T17:40:27 <TrappyTickles> ui ^^
2014-08-24T17:40:34 *** Bybeez s'est connecté
2014-08-24T17:40:35 <TrappyTickles> et les autres ponettes pour faire les bonus et tout
2014-08-24T17:40:56 <Letarumavza> ?
2014-08-24T17:41:36 <TrappyTickles> après, j'ai construct 2 qui pourrait faciliter le développement mais bon :p
2014-08-24T17:51:25 <Yvan33> ByBeez, tu es là?
2014-08-24T17:51:35 <Bybeez> Oui
2014-08-24T17:51:58 <Bybeez> Et je trouve que l'armure noire est inspiré de Picsou
2014-08-24T17:51:59 <Yvan33> J'ai fini ma page, comment je change le nom du truc
2014-08-24T17:52:13 <Yvan33> Je ne connais pas
2014-08-24T17:52:26 <Yvan33> Mais t'es rapide toi ^^
2014-08-24T17:53:36 <Bybeez> Tu va dans modifier, tu copie toute ta page (ctr+a, ctr-c) puis tu enregistre, tu modifie l'url de la page (tu remplace le P par le nom que tu veux) tu fais entrée et tu modifie la nouvelle page en copiant le tout
2014-08-24T17:53:51 <Bybeez> et tu supprime l'ancienne en supprimant tout ce qu'elle contient
2014-08-24T17:54:59 <Yvan33> Oki je vais essayer
2014-08-24T17:57:39 <Yvan33> Ok voilà
2014-08-24T17:57:54 <Yvan33> Tu en penses quoi alors?
2014-08-24T17:58:39 <Bybeez> Très bien, et super complet
2014-08-24T17:59:17 <Bybeez> il se laisse lire facilement et n'est pas du tout rébarbatif (ce qui est souvent le risque d'un Wiki)
2014-08-24T17:59:26 <Yvan33> J'ai un exemple de chaque, mais je vais essayer d'étoffer
2014-08-24T17:59:43 <Yvan33> Ouais, je me suis dis les blagues détendraient les esprits
2014-08-24T18:00:35 <Letarumavza> re
2014-08-24T18:00:48 <Yvan33> re
2014-08-24T18:10:53 <TrappyTickles> sale boulet d'android
2014-08-24T18:11:17 <TrappyTickles> l'apk fait 20Mo et il refuse de me l'installer parce que y a plus de palce, et il reste 200Mo
2014-08-24T18:32:05 <Bybeez> Je vais miam a toute
2014-08-24T18:32:05 <Berry-Punch> Bon appétit, Bybeez *hic* :D
2014-08-24T18:57:43 *** MaCharon s'est connecté
2014-08-24T18:57:48 <MaCharon> slt
2014-08-24T18:58:59 <adriens33> salut MaCharon :)
2014-08-24T18:59:24 <MaCharon> ^^
2014-08-24T19:00:36 *** Ponyskrall est parti
2014-08-24T19:11:02 *** Silou est parti
2014-08-24T19:12:38 <Yvan33> MaCharon!
2014-08-24T19:12:46 <MaCharon> voui ?
2014-08-24T19:13:54 <Yvan33> J'ai amélioreé le wiki de heuzef
2014-08-24T19:14:16 <Yvan33> Si tu veux bien aller jeter un coup d'oeil et me donner ton impression
2014-08-24T19:15:05 <MaCharon> laisse moi un peu de temps je suis occupé pour le moment ;)
2014-08-24T19:15:49 <Yvan33> Bien évidemment, je vais pas t'obliger a quoi que ce soit ^^
2014-08-24T19:21:18 *** yake s'est connecté
2014-08-24T19:21:36 *** yake est parti
2014-08-24T19:23:02 <TrappyTickles> tain ça fait bizarre
2014-08-24T19:23:29 <TrappyTickles> vous savez, la dernière chanson mlp qu'est sortie, my little pony friends, elle était sorti d'abord avec une erreur de calage des paroles
2014-08-24T19:23:50 <Yvan33> AhN
2014-08-24T19:23:54 <Yvan33> Ah?
2014-08-24T19:23:54 <TrappyTickles> ils ont rectifié ça depuis, mais entre temps je l'avais convertie en mp3 et je me l'étais écouté en boucle
2014-08-24T19:24:07 <TrappyTickles> du coup je me suis habitué à la version pourrite, ça fait bizarre XD
2014-08-24T19:24:27 <Yvan33> Je peux écouter la musique,
2014-08-24T19:24:28 <Yvan33> ?
2014-08-24T19:24:52 <TrappyTickles> https://www.youtube.com/watch?v=9aJyDsL2wMU
2014-08-24T19:25:05 <TrappyTickles> et jvais mettre le mp3 sur mediafire pour vous tous en qualité maxi ^^
2014-08-24T19:26:22 <Yvan33> Bah le malaise passera ;)
2014-08-24T19:26:37 <TrappyTickles> par contre j'ai plus la version pourrite, je l'ai jetée forcément :p
2014-08-24T19:26:59 <TrappyTickles> http://www.mediafire.com/listen/xk63sz3dt286bhq/My_Little_Pony_-_My_Little_Pony_Friends.mp3 voila cadeau ^^
2014-08-24T19:27:09 <Yvan33> Ca m'interesse pas de toute façon XD
2014-08-24T19:28:24 <TrappyTickles> et pinkie toute seule qui chante le générique? :p https://www.youtube.com/watch?v=lO71ifHPSgM
2014-08-24T19:28:43 <MaCharon> Yvan t'as modifié quoi exactement que je sache ?
2014-08-24T19:29:17 <Yvan33> http://wiki.ecomonde.land/doku.php?id=wiki:background:enchantement
2014-08-24T19:29:36 <Yvan33> On entend pas vraiment la différence je trouve
2014-08-24T19:30:32 <MaCharon> "l'ancien enchantement est remplacé par l'ancien" : fail ^^
2014-08-24T19:32:03 <MaCharon> ahah la tarte au pommes XD
2014-08-24T19:32:21 <Yvan33> Lis bien dans l'éco verte, il y a une surprise
2014-08-24T19:34:10 <MaCharon> un bouclier de bois de feu....paradoxe
2014-08-24T19:34:41 <Yvan33> Fais exprès, "ta gueule c'est l'éco"
2014-08-24T19:36:41 <MaCharon> "victime de quolibets" putain c'est génial XD
2014-08-24T19:37:08 <MaCharon> kaamelot quand tu nous tiens
2014-08-24T19:37:42 <Yvan33> Ouais c'est pas faux
2014-08-24T19:38:02 <MaCharon> ;)
2014-08-24T19:41:04 <MaCharon> dans l'ensemble j'aime beaucoup, au niveau du lance pierre et du baton en eco vert j'ai un doute mais sinon c'est bien trouvé. Par contre faut revoir certaines tournures de phrases et fautes d'orthographe
2014-08-24T19:41:20 <MaCharon> mais gg
2014-08-24T19:43:00 <Yvan33> Ouais mais une arme d'éco vert, merci mais je trouve pas comment faire
2014-08-24T19:43:24 <Yvan33> Une arme remplie d'esence de soin, paradoxale ^^
2014-08-24T19:43:27 <MaCharon> oui nn mais je comprend le probleme tkt
2014-08-24T19:43:42 <Yvan33> Si tu pense a un truc dis le/ ajoute le
2014-08-24T19:44:20 <Yvan33> Et ouais je checkerai l'orthographe après
2014-08-24T19:44:46 <MaCharon> ok
2014-08-24T19:47:21 *** TrappyTickles est parti
2014-08-24T19:58:24 *** Silou s'est connecté
2014-08-24T20:06:33 <Bybeez> Reuh !
2014-08-24T20:08:28 <Yvan33> J'ai modifié mes enchantements si ça t'interesse
2014-08-24T20:08:36 <Bybeez> MaCharon , Yvan33 , Vous pouvez me dire ce que vous pensez du BG que j'ai fais ?
2014-08-24T20:09:13 <MaCharon> ben la en fait je vais manger a l'exterieur donc ça va pas etre possible ^^"
2014-08-24T20:09:13 <Berry-Punch> Bon appétit, MaCharon *hic* :D
2014-08-24T20:09:25 <MaCharon> thx Berry
2014-08-24T20:09:26 *** ELiDYROS s'est connecté
2014-08-24T20:09:55 <adriens33> salut
2014-08-24T20:10:01 <ELiDYROS> Bonsoir.
2014-08-24T20:10:03 <Yvan33> lol
2014-08-24T20:10:12 <Yvan33> Euh bonsoir
2014-08-24T20:10:25 *** MaCharon est parti
2014-08-24T20:11:29 <Bybeez> Whaou je lui ai fait peur
2014-08-24T20:14:22 <Bybeez> Pas mal, je trouve les trucs que t'as rajouté
2014-08-24T20:15:38 <Bybeez> Juste l'amulette-bouclier ça rappelle un peu le light shield, après je sais pas si c'est plus ou moins efficace
2014-08-24T20:17:10 <Yvan33> Bah avec le shield tu peux attaquer les autres, pas avec l'amulette
2014-08-24T20:17:18 <Yvan33> Tu as vu le tout tput dernier?
2014-08-24T20:17:27 *** TrappyTickles s'est connecté
2014-08-24T20:17:31 <Bybeez> Oui, j'aime bien ^^
2014-08-24T20:17:34 <Bybeez> Re trappy
2014-08-24T20:17:42 <TrappyTickles> purée je vais péter un plomb
2014-08-24T20:17:42 <TrappyTickles> re
2014-08-24T20:17:53 <adriens33> Qu'est-ce qu'il se passe ?
2014-08-24T20:18:11 <TrappyTickles> c'est déjà arrivé à quelqu'un d'avoir le bsod irql not less or equal... avec le windows 7 d'install en usb?
2014-08-24T20:18:20 <adriens33> nope
2014-08-24T20:18:59 <TrappyTickles> putain j'espère que c'est juste l'iso qui s'est mal mise sur l'usb, sinon je suis foutu et forcé de rester sur un win7 en 32bits... ou passer à linux ce qui m'arrange pas trop
2014-08-24T20:21:59 <TrappyTickles> dire que c'est l'outil officiel de microsuck qui met l'iso sur l'usb, ben bravo...
2014-08-24T20:22:12 <TrappyTickles> et que l'iso est legit aussi
2014-08-24T20:22:40 <Yvan33> Je comprend rien du tout ^^
2014-08-24T20:23:12 <adriens33> bah apparemment il a utilisé un outil officiel de Microsoft pour mettre l'install officielle de windows 7 sur une clé usb pour pouvoir réinstaller sur son pc
2014-08-24T20:23:12 <Yvan33> D'ailleurs je dois y aller, allez salut all!
2014-08-24T20:23:22 <adriens33> (probablement parce que son lecteur marche po ou il en a pas)
2014-08-24T20:23:25 <adriens33> et ça marche pas ^^
2014-08-24T20:23:27 <Yvan33> Ah oui merde
2014-08-24T20:23:34 <TrappyTickles> j'ai aps de dvd a graver sous la main donc oui
2014-08-24T20:23:39 <adriens33> ahok
2014-08-24T20:23:40 *** Yvan33 est parti
2014-08-24T20:23:48 <TrappyTickles> alors qu'avant ça marchait, je me servais de cette clé là avant pour ça
2014-08-24T20:24:14 <adriens33> hmm… mauvaise copie peut être
2014-08-24T20:24:18 <adriens33> ou clé USB foireuse
2014-08-24T20:24:27 <adriens33> ou alors rayon cosmique qui passait par là…
2014-08-24T20:24:37 <adriens33> (on sait jamais XD)
2014-08-24T20:25:16 <TrappyTickles> ma clé était branché sur une ralonge c'est ptet lié.. là je réessaie en branchant direct et en forçant un formatage plus profond
2014-08-24T20:25:52 <adriens33> oui, peut-être
2014-08-24T20:25:56 <TrappyTickles> pis mêem s'il a fallu que je la redl sur mega, mon iso est la même que celle que j'ai pris pour mon install précédente
2014-08-24T20:26:32 <TrappyTickles> après, avec cque j'ai lu sur google, j'ai peur que ça soit lié à ma nouvelle ram
2014-08-24T20:26:49 <adriens33> hmm… pour un problème d'irq ça m'étonnerait…
2014-08-24T20:26:53 <adriens33> je suis pas spécialiste
2014-08-24T20:27:00 <adriens33> mais les irq c'est utilisé pour les périphs…
2014-08-24T20:27:07 <adriens33> pas la ram
2014-08-24T20:27:07 <TrappyTickles> la clé est faite, je re dans 1h ou deux.... ou dans 5min -_-
2014-08-24T20:27:20 *** TrappyTickles est parti
2014-08-24T20:27:22 <adriens33> (ou alors un pilote mal chargé en ram ?)
2014-08-24T20:27:29 <adriens33> (zut)
2014-08-24T20:36:33 *** TrappyTickles s'est connecté
2014-08-24T20:36:41 <TrappyTickles> BORDEL
2014-08-24T20:36:52 <TrappyTickles> c'est pas la clé, le probleme
2014-08-24T20:37:16 <TrappyTickles> ça continue encore, et j'ai réessayé avec un vieux dvd de win7 pro que j'avais, même erreur!!
2014-08-24T20:37:29 <TrappyTickles> si c'est pas la ram ça vient forcément de ma geforce
2014-08-24T20:39:12 <TrappyTickles> et bien sur google dit que dalle
2014-08-24T20:41:35 <TrappyTickles> putain j'en viens à vouloir installer windows 8!!!
2014-08-24T20:44:05 *** ELiDYROS est parti
2014-08-24T20:53:21 *** ludvann s'est connecté
2014-08-24T20:53:30 <ludvann> plop tout le monde
2014-08-24T20:53:34 <ludvann> :D
2014-08-24T20:53:53 <TrappyTickles> oi
2014-08-24T20:54:04 <ludvann> ça va ?
2014-08-24T20:54:14 <TrappyTickles> qqn a une iso de win7 qui soit récente genre de cette année?
2014-08-24T20:54:22 <ludvann> euh...
2014-08-24T20:54:41 <ludvann> moi je sais pas si elle est récente mais bon...
2014-08-24T20:54:49 <TrappyTickles> pcq là le seul problème que je vois c'est que mon iso est trop vieille et qu'elle reconnait pas ma gpu
2014-08-24T20:54:58 <ludvann> win7 64bits pro
2014-08-24T20:55:08 <ludvann> (version us)
2014-08-24T20:55:13 <TrappyTickles> ça me va... tu te rappelles de quand tu l'as eu?
2014-08-24T20:55:22 <ludvann> nope
2014-08-24T20:55:24 <TrappyTickles> euh, y a moyen de la mettre en french après?
2014-08-24T20:55:35 <ludvann> cd gravé (mais win officiel)
2014-08-24T20:55:37 <TrappyTickles> bon ben j'attendrai que TPB finisse son job
2014-08-24T20:56:00 <ludvann> tpb ?
2014-08-24T20:56:09 <TrappyTickles> piratebay
2014-08-24T20:56:16 <ludvann> ah ^^
2014-08-24T20:56:27 <ludvann> 2011
2014-08-24T20:56:34 <ludvann> (la version)
2014-08-24T20:56:38 <TrappyTickles> purée 6h de download pour un truc que pleins de gens ont et en plus j'ai mis la priorité maxi
2014-08-24T20:56:44 <TrappyTickles> mouais laisse tomber alors
2014-08-24T20:56:53 <TrappyTickles> ma carte doit être de 2013 a tout casser
2014-08-24T20:57:00 <ludvann> ok ^^
2014-08-24T20:57:11 <TrappyTickles> mais j'ai trouvé une iso pré-activée qui daterait de ce mois ci
2014-08-24T20:57:47 <ludvann> mais ton win7 n'est pas à jour ?
2014-08-24T20:57:56 <ludvann> >:|
2014-08-24T20:58:05 <TrappyTickles> non... c'est un 32 bits... et j'ai découvert que mon pc est compatible 64
2014-08-24T20:58:17 <ludvann> toi aussi ? xD
2014-08-24T20:58:24 <TrappyTickles> ouaip :|
2014-08-24T20:58:41 <TrappyTickles> le problème c'est qu'entre temps j'ai changé ma gpu
2014-08-24T20:58:48 <ludvann> et ?
2014-08-24T20:58:52 <TrappyTickles> autant ma gpu de 512 qui datait de 2010 elle passait,
2014-08-24T20:59:00 <TrappyTickles> autant celle de 2013, l'iso la reconnait plus
2014-08-24T20:59:10 <TrappyTickles> trop récente
2014-08-24T20:59:10 <ludvann> donc écran noir ?
2014-08-24T20:59:19 <TrappyTickles> bleu
2014-08-24T20:59:29 <TrappyTickles> avec erreur irql
2014-08-24T20:59:31 <ludvann> BSOD ^^
2014-08-24T20:59:38 <TrappyTickles> d'après google c'est lié aux periphs
2014-08-24T20:59:56 <TrappyTickles> je croyais que j'avais mal formatté ma clé usb, mais ça me fait ça aussi avec un vieux dvd de win7
2014-08-24T21:00:09 <ludvann> ah...
2014-08-24T21:03:43 <ludvann> bon je vais prier pour que mon HDD externe ne me lache pas avant d'avoir réinstaller win...
2014-08-24T21:09:22 <ludvann> quelqu'un sait où sont stocké les mdp réseaux sous win7 ?
2014-08-24T21:11:52 <ludvann> Letarumavza ?
2014-08-24T21:12:05 <Letarumavza> ?
2014-08-24T21:12:36 <ludvann> tu sais où sont stocké les mdp réseaux sous won stp ? :)
2014-08-24T21:12:39 <Letarumavza> Me souviens plus, pas le moral, fais pas chier.
2014-08-24T21:12:49 <adriens33> kékitarive ?
2014-08-24T21:13:03 <Letarumavza> Envie de faire chier ^^
2014-08-24T21:13:06 <ludvann> ok
2014-08-24T21:13:16 <Letarumavza> Normalement les mdp sont pas stockés en clair
2014-08-24T21:13:18 <ludvann> adriens33: je passe en 64bits
2014-08-24T21:13:28 <Letarumavza> 64bits avec 3Go de ram ?
2014-08-24T21:13:44 <ludvann> 3 ?
2014-08-24T21:14:01 <Letarumavza> Bah t'as combien ?
2014-08-24T21:16:32 <ludvann> narmolement 4...
2014-08-24T21:17:52 <Bybeez> J'ai plsu d'anime et Macharon est pas là NOOOOON !!!
2014-08-24T21:17:55 <Bybeez> plus*
2014-08-24T21:18:49 <Letarumavza> arf
2014-08-24T21:19:07 <ludvann> ouais...
2014-08-24T21:19:18 <ludvann> si je change la ram (un jour...)
2014-08-24T21:22:12 <ludvann> bon bah je ferais sur l'autre ordi...
2014-08-24T21:22:26 <ludvann> ça m'a permis de faire le tri sur mon ordi xD
2014-08-24T21:25:51 <ludvann> vous faîtes quoi ?
2014-08-24T21:29:17 *** MaCharon s'est connecté
2014-08-24T21:29:21 <MaCharon> re
2014-08-24T21:29:54 <ludvann> re
2014-08-24T21:30:30 <ludvann> Bybeez ?
2014-08-24T21:30:40 <Bybeez> oui !!!
2014-08-24T21:30:45 <Bybeez> Re Macha !
2014-08-24T21:30:50 <ludvann> il y a MaCharon ^^
2014-08-24T21:30:58 <MaCharon> ?
2014-08-24T21:31:20 <Bybeez> S'il te plait, aurais tu un animé pour moi, je viens de finir Log Horizon est tu es de bon conseil ^^
2014-08-24T21:31:32 <MaCharon> XD
2014-08-24T21:31:46 <ludvann> ^^
2014-08-24T21:31:46 <MaCharon> att je look ma liste
2014-08-24T21:32:09 <Bybeez> merci
2014-08-24T21:32:22 <MaCharon> "Suzumiya Haruhi no Yuuutsu" tu connais?
2014-08-24T21:32:34 <MaCharon> c'est un peu particulier
2014-08-24T21:32:37 * TrappyTickles est un ancien haruhiiste :p
2014-08-24T21:33:00 <TrappyTickles> je recommande, donc, oui
2014-08-24T21:33:03 <MaCharon> mais c'est pour moi un classique incontournable
2014-08-24T21:33:16 <TrappyTickles> et dans le même style, steins;gate est pas mal non plus
2014-08-24T21:33:20 <Bybeez> Ok ça me va merci !!
2014-08-24T21:33:46 <MaCharon> apres tu peux soit le regarder dans l'ordre de sorti original soit dans l'ordre chronologique
2014-08-24T21:34:21 <MaCharon> pour info
2014-08-24T21:34:47 <MaCharon> je recommande le premier pour le fun
2014-08-24T21:36:12 <MaCharon> super anime avec la best boucle temporelle EVER !!! XD
2014-08-24T21:36:28 <TrappyTickles> euh si tu parles de endless eight je te tue
2014-08-24T21:36:30 <TrappyTickles> lol
2014-08-24T21:36:48 <TrappyTickles> je me rappelle m'être fait royalement troller avec les japonais à ce moment là
2014-08-24T21:36:57 <TrappyTickles> putain 8 fois de suite le MEME episode
2014-08-24T21:37:14 <MaCharon> moi je dit RESPECT pour l'avoir fait
2014-08-24T21:37:19 <TrappyTickles> juste 3 ou 4 fois on aurait compris le truc mais non, l'a fallu qu'ils le fassent 8 FOIS
2014-08-24T21:37:24 <MaCharon> ^^
2014-08-24T21:37:30 <TrappyTickles> respect??? ah c'est clair, personne ne l'a jamais fait
2014-08-24T21:37:37 <TrappyTickles> y avait une raison cela dit
2014-08-24T21:37:47 <TrappyTickles> pcq y a rien de mieux pour faire CHIER son audience :p
2014-08-24T21:38:27 <ludvann> admirez les clusters de mon HDD http://imgur.com/HvQCNnE
2014-08-24T21:38:27 <MaCharon> ah oui Bybeez, sache qu'apres les 2 saisons il y a le film a voir absolument
2014-08-24T21:38:38 <Bybeez> Ok !
2014-08-24T21:38:41 <MaCharon> Oo
2014-08-24T21:38:57 <TrappyTickles> très bon le film aussi
2014-08-24T21:39:02 <ludvann> cake ki a macha ?
2014-08-24T21:39:04 <MaCharon> epic même
2014-08-24T21:39:07 <TrappyTickles> mais après si tu lis le japonais, y a les bouquins
2014-08-24T21:39:13 <MaCharon> ton lien
2014-08-24T21:39:19 <TrappyTickles> qui vont un peu plus loin après le film
2014-08-24T21:39:29 <MaCharon> les bouquins sont hard il parait
2014-08-24T21:39:32 <ludvann> c'est mon HDD après avoir virer plein de merdes ^^
2014-08-24T21:39:39 <MaCharon> ^^
2014-08-24T21:40:24 <ludvann> que je vais remettre pour les mettre sur le dédié ^^
2014-08-24T21:40:40 <MaCharon> :D
2014-08-24T22:06:52 *** Lezarius est parti
2014-08-24T22:21:56 *** AlphaDash s'est connecté
2014-08-24T22:22:10 <adriens33> salut AlphaDash
2014-08-24T22:22:18 <AlphaDash> hey salut vous allez bien?
2014-08-24T22:22:26 <adriens33> ouep
2014-08-24T22:22:29 <adriens33> tranquille
2014-08-24T22:23:21 <AlphaDash> du peuple de co
2014-08-24T22:23:32 <adriens33> oui ^^
2014-08-24T22:24:30 <Bybeez> Je vous abandonne, mon lit m’appelle et je n'arrive pas a lui resister
2014-08-24T22:24:36 <AlphaDash> a+
2014-08-24T22:24:36 <Bybeez> Bonne nuit
2014-08-24T22:24:48 *** Bybeez est parti
2014-08-24T22:31:24 *** AlphaDash est parti
2014-08-24T22:46:32 *** Yvan33 s'est connecté
2014-08-24T22:46:59 <Yvan33> Re
2014-08-24T22:47:29 <Yvan33> MaCharon, heuzef il a massacré mon travail! Tout est ruiné!!!
2014-08-24T22:47:50 * Yvan33 pleure comme Rarity
2014-08-24T22:48:02 <MaCharon> ah mince :/
2014-08-24T22:48:20 <Yvan33> http://wiki.ecomonde.land/doku.php?id=wiki:enchantements
2014-08-24T22:48:44 <Yvan33> Bon en même temps j'ai peuuuuuuuuuuuuuuut être fais un peu de zèle
2014-08-24T22:49:03 <MaCharon> dommage quand même il y avait des trucs marrants
2014-08-24T22:49:09 <Yvan33> Mais il a enlevé toute mes super blagues!
2014-08-24T22:49:20 <Yvan33> J'en avait même rajouté une!
2014-08-24T22:50:04 <Yvan33> Mais bon ça a l'avantage d'être beaucoup plus lisible
2014-08-24T22:50:23 <MaCharon> oui je pense que c'etait le but
2014-08-24T22:50:54 <Yvan33> Bah manquerait plus qu'il ait tout changé juste pour le fun XD
2014-08-24T22:51:58 <MaCharon> mouahahah
2014-08-24T22:53:25 <Yvan33> Bah tfaçon c'était pour lui donner les bases. j'avais eus une super idée pour l'éco noir en plus
2014-08-24T22:53:38 <MaCharon> ^^
2014-08-24T22:54:01 <Yvan33> Bah, je garderai toutee mes idées pour moi muhahaha
2014-08-24T22:54:11 <TrappyTickles> omg je viens de capter un truc dans la dernière chanson mlp en date
2014-08-24T22:54:27 <TrappyTickles> y a "love and tolerate" dans un des vers
2014-08-24T22:54:34 <TrappyTickles> love and tolerate is now canon :o
2014-08-24T22:54:48 <Yvan33> La dernière de quoi? Des saisons ou rainbow rock?
2014-08-24T22:55:12 <TrappyTickles> https://www.youtube.com/watch?v=9aJyDsL2wMU <--- là
2014-08-24T22:55:15 <ludvann> bon je vais vous laisser
2014-08-24T22:55:17 <ludvann> @+
2014-08-24T22:55:23 <adriens33> ++
2014-08-24T22:55:24 <Yvan33> ++
2014-08-24T22:55:25 *** ludvann est parti
2014-08-24T23:00:33 <Yvan33> Je vais y aller aussi je pense, bonne nuit all too
2014-08-24T23:00:37 *** Yvan33 est parti
2014-08-24T23:08:32 *** Lenile s'est connecté
2014-08-24T23:10:58 <adriens33> bonsoir Lenile :)
2014-08-24T23:14:03 <Lenile> Bonsoir adriens33
2014-08-24T23:14:18 <Lenile> ça vous déranges si je vous affiches sur un articles sur Le Poney Blanc ?
2014-08-24T23:14:33 <MaCharon> slt Lenile
2014-08-24T23:14:55 <adriens33> Lenile: ça dépend comment tu en parles ;)
2014-08-24T23:15:02 <MaCharon> t'as bien reçu les photos ?
2014-08-24T23:15:21 <adriens33> mais sinon dans le principe perso ça va (apres faut voir ce que répondront les autres ^^)
2014-08-24T23:15:36 <MaCharon> moi np a priori
2014-08-24T23:16:33 <TrappyTickles> en parlant de photo, on a celles de la semaine dernière? ^^
2014-08-24T23:17:20 <MaCharon> celles de l'anniv ?
2014-08-24T23:18:32 <TrappyTickles> ui
2014-08-24T23:19:17 <MaCharon> ouai, moi et Lenile on en a pris avec mon appareil photo, ces justement de ces photos que je parlait
2014-08-24T23:19:24 <Lenile> yEP
2014-08-24T23:19:29 <Lenile> jE LES AI EU
2014-08-24T23:19:35 <Lenile> Fail
2014-08-24T23:19:38 <adriens33> ^^
2014-08-24T23:19:44 <adriens33> les joies de la touche caps lock… ^^
2014-08-24T23:19:51 <adriens33> (elle sert tellement à rien cette touche)
2014-08-24T23:19:54 <MaCharon> elles te vont ?
2014-08-24T23:20:24 <TrappyTickles> c'est la voix royale de canterlot
2014-08-24T23:20:42 <TrappyTickles> IN CANTERLOT WE USE THE ROYAL WII :p
2014-08-24T23:20:50 <TrappyTickles> parce que tout le monde sait que luna est une gameuse :p
2014-08-24T23:20:54 <adriens33> XD
2014-08-24T23:20:57 <MaCharon> :D
2014-08-24T23:21:00 <adriens33> The Royal Nintendo Wii
2014-08-24T23:21:16 <TrappyTickles> c'est une Wii dorée avec le sceau d'Equestria dessus :p
2014-08-24T23:21:34 <TrappyTickles> et avec, tu peux jouer que les princesses dans smash bros :p
2014-08-24T23:23:36 *** Makhai s'est connecté
2014-08-24T23:23:47 <adriens33> salut Makhai :)
2014-08-24T23:23:48 <Makhai> Yop
2014-08-24T23:24:01 <MaCharon> slt
2014-08-24T23:24:18 <TrappyTickles> oi
2014-08-24T23:26:53 <Lenile> VOICI VENU LE TEMPS DES CATHEDRALES !
2014-08-24T23:27:03 <Lenile> :')
2014-08-24T23:27:14 <adriens33> Lenile: dafuq ¿?
2014-08-24T23:27:20 <Makhai> ?
2014-08-24T23:28:46 <TrappyTickles> il est en mode voix royale de canterlot :p
2014-08-24T23:28:59 <adriens33> ah
2014-08-24T23:29:00 <adriens33> d'accord :p
2014-08-24T23:29:08 <Makhai> ça explique tout
2014-08-24T23:29:15 <Makhai> sauf la cathédrale '____'
2014-08-24T23:29:26 <TrappyTickles> faut bien gueuler un truc avec cette voix là :p
2014-08-24T23:29:37 <TrappyTickles> LENILE PASSE MOI LE SEL !
2014-08-24T23:29:42 <Makhai> pakon
2014-08-24T23:30:00 <Lenile> xD
2014-08-24T23:30:08 * Makhai lui lance le sel à toute vitesse
2014-08-24T23:30:14 <Lenile> Nan mais vous connaissez pas cette musique ? xD
2014-08-24T23:30:20 <Makhai> ha heu.. nop
2014-08-24T23:30:24 <TrappyTickles> (là c'est le moment où tu dois me lancer la salière en pleine gueule :p)
2014-08-24T23:30:27 <Silou> Lenile : Pas mal ton enguelade sur fb :D
2014-08-24T23:30:32 <Lenile> https://www.youtube.com/watch?v=tFibgbSW-Mo
2014-08-24T23:30:36 <Lenile> Silou : Merci o/
2014-08-24T23:30:43 <Lenile> Je m'amméliorre de jours en jours o/
2014-08-24T23:30:49 <Silou> Mais comment le mec a, on suppose, eu ton ip ?
2014-08-24T23:31:27 * Makhai joue avec la salière *
2014-08-24T23:31:40 <Makhai> Engueulade?
2014-08-24T23:32:03 <Silou> Et je reconnais l'image de ton oc, tout a l'heure tu étais sur TS avec Loan, je me souviens avoir vu l'image ;)
2014-08-24T23:34:41 <Lenile> VOIIICIIIII VENUUUU LE TEMPS DE FAAAIIIIRE LE MAAAAAAALEUH
2014-08-24T23:34:45 <Lenile> DE SEMER LE CHAOOOOOOOS
2014-08-24T23:34:54 <adriens33> Lenile, y va pleuvoir… XD
2014-08-24T23:34:55 <Lenile> JE VAIS M'EN MEEETTRE PLEIN LE JUUUUUS
2014-08-24T23:35:09 <ValCab33> Calme toi Discord.
2014-08-24T23:35:15 <Lenile> :(
2014-08-24T23:35:18 <adriens33> XD
2014-08-24T23:35:19 <Makhai> Jus / pluie
2014-08-24T23:35:30 * TrappyTickles avec la voix de Rainbow Dash: T'ES CON FLUTTERSHY C'EST JUSTE UN ECUREUIL!
2014-08-24T23:36:08 *** ValCab33 est parti
2014-08-24T23:36:17 <TrappyTickles> oups :p
2014-08-24T23:36:19 <Lenile> xD
2014-08-24T23:36:23 *** ValCab33 s'est connecté
2014-08-24T23:36:24 <Makhai> Puissant Oo
2014-08-24T23:36:49 <TrappyTickles> je retiendra, Dashie en CRV est un peu trop balèze :p
2014-08-24T23:36:57 <ValCab33> ??
2014-08-24T23:37:08 <TrappyTickles> CRV = Canterlot Royal Voice, je viens de l'inventer :p
2014-08-24T23:37:18 <ValCab33> Aaahhh okaaaayy
2014-08-24T23:37:21 <Lenile> ON A VAINCU BRISER CHANTAL CONNAAAAAAAASSEUH
2014-08-24T23:37:29 <Lenile> LA FLANDERS EST A MOAAAAAA
2014-08-24T23:37:37 <Lenile> J'SUQUA LA FIN DES MILLEEEENNNAAIIIIIIRE
2014-08-24T23:37:44 <Lenile> MOUHAHAHAHAHAH HAHA HAHA Hum.
2014-08-24T23:38:06 <TrappyTickles> LA NUIT DURERA... JUSQU'A DEMAIN!
2014-08-24T23:38:10 <ValCab33> ...
2014-08-24T23:38:18 <Makhai> pas sur, pas sur
2014-08-24T23:38:46 <Lenile> IL M'SOULE !
2014-08-24T23:38:49 <Lenile> ELLE M'GONFLE
2014-08-24T23:38:57 <Lenile> J'EN PEUT PLUS d'SA SALE TRONCHEUH
2014-08-24T23:39:07 <Lenile> LE SOIR JE REVE QUE J'LUI FAIT BOUFFER CES COUETTES
2014-08-24T23:39:12 <adriens33> à qui ?
2014-08-24T23:39:22 <Lenile> C'est une musique :(
2014-08-24T23:39:32 <Lenile> PUTAIN FLANDERS COMPAGNY PERSONNE CONNAIS ?!?
2014-08-24T23:39:51 <Lenile> IL PUE D'LA BOUCHEUH
2014-08-24T23:39:59 <Lenile> ELLE A L'QI D'UNE MOUCHE
2014-08-24T23:40:04 <ValCab33> Elle est bizarre ta musique...
2014-08-24T23:40:08 <Lenile> SON PENIS A LA TAILLE D'UNE KNAKIE BALL §
2014-08-24T23:40:14 <Lenile> TU SAAAAAAIIIIIIIIIS
2014-08-24T23:40:21 <Lenile> J'PEUT PAS TE BLAIREEEEEER
2014-08-24T23:40:30 <Lenile> C'EST VRAI C'EST UNE AVERSION TOTAL !
2014-08-24T23:40:39 <Lenile> SI SE N'ETAIT PAS LA FILLE DU PATRON
2014-08-24T23:40:45 <Lenile> SI JE NE RISQUERAIS PAS DE FINIR EN PRISON §
2014-08-24T23:40:51 <Lenile> :D
2014-08-24T23:40:53 <Lenile> 8D
2014-08-24T23:40:59 <ValCab33> ...
2014-08-24T23:41:10 <Lenile> Meuh nan elle est pas etragne ma musique 8D
2014-08-24T23:41:17 <ValCab33> Ur weird bro
2014-08-24T23:41:48 <Lenile> https://www.youtube.com/watch?v=OBb16OrX2gc
2014-08-24T23:41:51 <adriens33> bonne nuit les gens
2014-08-24T23:41:55 <adriens33> j'vais dodo
2014-08-24T23:41:58 <Lenile> Tellement nostalgique cette musique :')
2014-08-24T23:42:05 <Lenile> Bone nuit adriens33
2014-08-24T23:42:09 <Lenile> Bonne
2014-08-24T23:42:21 *** adriens33 est parti
2014-08-24T23:43:11 <Makhai> idem go dodo
2014-08-24T23:43:36 <ValCab33> Neunuit
2014-08-24T23:44:02 *** Makhai est parti
2014-08-24T23:44:43 <Lenile> BONNE NUIT MAKHAI !!
2014-08-24T23:53:51 *** TrappyTickles est parti
2014-08-24T23:57:06 <Lenile> MOSKAU MOSKAU !
2014-08-24T23:57:09 <Lenile> HEY HEY HEY HEY
2014-08-24T23:58:33 <Lenile> Vous me croyez si je vous dit que j'ai trouvé LA bonne raison d'acheter Just Dance 2014 ? :D
