2014-11-01T12:13:17 <Berry-Punch> Salut tout le *hic* monde !
2014-11-01T12:13:17 *** Berry-Punch s'est connecté
2014-11-01T12:13:49 <Lenile> Salut
2014-11-01T12:13:53 <Lenile> Berry-Punch:
2014-11-01T13:05:40 *** Lenile est parti
2014-11-01T14:24:30 *** TrappyMobile s'est connecté
2014-11-01T14:24:46 *** TrappyMobile est parti
2014-11-01T15:34:18 *** MaCharon s'est connecté
2014-11-01T15:34:33 <MaCharon> waaa ya du monde...
2014-11-01T16:12:29 *** Gordfang s'est connecté
2014-11-01T16:12:39 <Gordfang> uyo
2014-11-01T18:36:49 *** Reblochon s'est connecté
2014-11-01T18:37:02 <Reblochon> bonsoir.
2014-11-01T18:37:44 *** Boushi s'est connecté
2014-11-01T18:37:50 <Boushi> Chocolatine
2014-11-01T18:37:55 <Boushi> gavé
2014-11-01T18:37:55 <Boushi> poche
2014-11-01T18:47:38 <Boushi> non?
2014-11-01T18:47:59 <MaCharon> wut ?
2014-11-01T18:49:11 <Reblochon> cherche pas, c'est toujours de sa faute
2014-11-01T18:49:28 <MaCharon> j'ai rien compris XD
2014-11-01T18:50:06 *** Gordfang est parti
2014-11-01T18:51:05 <Boushi> cannelé
2014-11-01T18:52:08 *** iwtcird s'est connecté
2014-11-01T18:52:18 <iwtcird> bien le bondoir
2014-11-01T18:52:29 <MaCharon> bonsoir
2014-11-01T18:52:30 <Boushi> je suis la seule a pas venir déguisée ici?
2014-11-01T18:53:08 <iwtcird> de quoi est ce que tu parles ?
2014-11-01T18:53:17 <Boushi> que de faux pseudos
2014-11-01T18:53:30 <iwtcird> mon pseudo est authentique
2014-11-01T18:53:50 <MaCharon> non mais Halloween je l'ai fêté hier moi
2014-11-01T18:54:08 <Boushi> je parle des pseudo
2014-11-01T18:54:08 <iwtcird> je suis sur des tonnes de forum, même sur pone franse
2014-11-01T18:54:21 <Boushi> mais y'a pas de iwtcird sur Pone franse
2014-11-01T18:54:57 <iwtcird> c'est parce que je suis arrivé peu avant sa destruction
2014-11-01T18:55:14 <Boushi> avoue que c'est de ta faute
2014-11-01T18:55:36 <iwtcird> J'avoue
2014-11-01T18:55:39 <iwtcird> C'est de ma faute
2014-11-01T18:55:53 <iwtcird> mais aussi de la tienne
2014-11-01T18:56:01 <Boushi> tout mon porn que je stockait dedans :'
2014-11-01T18:56:31 <iwtcird> Toutes ces pertes
2014-11-01T18:56:36 <iwtcird> que des pleurs
2014-11-01T18:57:02 <Reblochon> ok
2014-11-01T18:57:39 <Berry-Punch> Voilà ce *hic* qu'il s'est passé ces 10 dernières lignes, adriens33
2014-11-01T18:58:06 *** adriens33 s'est connecté
2014-11-01T18:58:55 <Berry-Punch> Flags de TrappyTickles modifiés *hic* : +v
2014-11-01T18:59:05 <iwtcird> Que des barres ici à ce que je vois.
2014-11-01T18:59:16 <adriens33> bonchoir
2014-11-01T18:59:18 <Boushi> adriens33 quoi
2014-11-01T18:59:33 <adriens33> gné ?
2014-11-01T18:59:38 <Boushi> attend
2014-11-01T18:59:41 <Reblochon> à tes souhaits
2014-11-01T18:59:43 <MaCharon> bonsoir
2014-11-01T19:00:16 <iwtcird> sthap vous moquer de mon pseudo
2014-11-01T19:00:23 <iwtcird> bande de noob
2014-11-01T19:01:14 <adriens33> Boushidu33 t'es bordelais ? :p
2014-11-01T19:01:27 <Boushidu33> je suis une fille
2014-11-01T19:01:38 <adriens33> *bordelaise pardon ><
2014-11-01T19:01:40 <Boushidu33> je suis pas Bordelaise vu que j'habite a une ville a côté
2014-11-01T19:01:53 <Boushidu33> Loubésienne
2014-11-01T19:01:57 <adriens33> ok
2014-11-01T19:02:31 <Boushidu33> Vous connaissez Ragator?
2014-11-01T19:02:34 <iwtcird> J'ai lu lesbienne
2014-11-01T19:02:35 <Saint-Nectaire> inb4 Yuri
2014-11-01T19:02:38 <adriens33> iwtcird xD
2014-11-01T19:02:45 <Boushidu33> iwt pls
2014-11-01T19:02:59 <iwtcird> Fuck mon âme pervertie
2014-11-01T19:03:04 <iwtcird> :creep:
2014-11-01T19:03:10 <adriens33> Boushidu33 heuu… un peu (même si perso je lui ai pratiquement jamais parlé) pk ?
2014-11-01T19:03:21 <Saint-Nectaire> sacré Raga
2014-11-01T19:03:25 <Boushidu33> Parce que je le connais aussi c'est tout, il est cool
2014-11-01T19:03:30 <adriens33> ok
2014-11-01T19:04:13 <Boushidu33> Mais ça veut dire qu'il vient la?
2014-11-01T19:04:20 <adriens33> sur irc ?
2014-11-01T19:04:21 <adriens33> nan
2014-11-01T19:04:26 <adriens33> il est venu une fois
2014-11-01T19:04:42 <adriens33> il préfère rester sur son twitter :p
2014-11-01T19:04:51 <Boushidu33> Il a un twitter? Je peux l'avoir?
2014-11-01T19:05:04 <adriens33> http://twitter.com/RagatorStilwell/
2014-11-01T19:05:17 <Boushidu33> Sanks
2014-11-01T19:05:57 <Boushidu33> Il croit que Twitter c'est une discussion instantanée ou bien?
2014-11-01T19:06:20 <adriens33> je sais pas, il doit pas être trop à l'aise avec le chat irc certainemet
2014-11-01T19:10:41 <Boushidu33> Me casse.
2014-11-01T19:10:49 <Boushidu33> Je suis même pas une brony de toute façon
2014-11-01T19:11:33 *** Boushidu33 est parti
2014-11-01T19:11:51 <adriens33> ok…
2014-11-01T19:17:22 <adriens33> ah ok j'viens de piger. j'arrive et elle s'est foutue de mon pseudo. nice.
2014-11-01T19:21:52 <adriens33> sinon les gens quoi de neuf ?
2014-11-01T19:23:24 <MaCharon> ben perso j'ai passé une super soirée d'Halloween où j'ai même pu gouté a de l'absinthe
2014-11-01T19:23:50 <MaCharon> c'est pas génial
2014-11-01T19:26:13 <iwtcird> k
2014-11-01T19:30:26 <iwtcird33yoloswa> wsh, le g passe pas
2014-11-01T19:30:27 <iwtcird33yoloswa> batar
2014-11-01T19:31:39 <adriens33> ..
2014-11-01T19:32:37 <iwtcird33yoloswa> hue hue hue hue hue hue hue
2014-11-01T19:32:52 <adriens33> iwtcird33yoloswa tu joues à quoi ?
2014-11-01T19:33:03 <iwtcird33yoloswa> à passer le temps
2014-11-01T19:33:10 <adriens33> mais encore ?..
2014-11-01T19:33:24 <iwtcird33yoloswa> Du flou
2014-11-01T19:33:27 <iwtcird33yoloswa> Que de flou
2014-11-01T19:33:37 <iwtcird33yoloswa> Et un peu de masturbation aussi, ça fait du bien
2014-11-01T19:33:52 <adriens33> (il est un peu tôt pour ça…)
2014-11-01T19:34:26 <iwtcird33yoloswa> Parce que I wan't to cum inside RD quoi
2014-11-01T19:34:30 <adriens33> ><
2014-11-01T19:34:49 <iwtcird33yoloswa> wsh wsh
2014-11-01T19:35:07 <iwtcird33yoloswa> J'vais me nourrir wsh
2014-11-01T19:35:12 <iwtcird33yoloswa> à plus tard peut être wsh
2014-11-01T19:35:14 *** iwtcird33yoloswa est parti
2014-11-01T19:36:54 <adriens33> j'sais pas si j'ai bien fait de me pointer ici ce soir moi.
2014-11-01T19:37:28 <adriens33> pis vu que la plupart des gens doivent être chez rag à l'heure actuelle…
2014-11-01T20:12:27 *** Gordfang s'est connecté
2014-11-01T20:15:29 *** adriens33 est parti
2014-11-01T20:27:54 *** adriens33 s'est connecté
2014-11-01T20:34:24 <Gordfang> tiens c'est qui Saint-Nectaire?
2014-11-01T20:34:39 <Saint-Nectaire> un ami de Reblochon
2014-11-01T20:35:11 <Gordfang> ok
2014-11-01T20:35:26 <Gordfang> tu est membre de BronyCUB?
2014-11-01T20:35:41 <Saint-Nectaire> non, je ne suis pas bordelais
2014-11-01T20:35:59 <Gordfang> ok tu est de quel grande ville?
2014-11-01T20:36:09 <Saint-Nectaire> Dijon
2014-11-01T20:36:48 <Gordfang> ok
2014-11-01T20:36:59 <Gordfang> (y a un collectif partenaire sur dijon?)
2014-11-01T20:37:28 <Saint-Nectaire> aucune idée
2014-11-01T20:37:34 <Gordfang> k
2014-11-01T20:38:17 *** Saint-Nectaire est parti
