2014-10-19T00:00:02 <Yvan33> Je vois, c'est une sorte d'état de stress qui provoque des impulsions pas controlable
2014-10-19T00:01:00 <Yvan33> Bah dis toi qu'en parler comme ça c'est déjà un pas en avant ;)
2014-10-19T00:01:34 <adriens33> beh… en parler ça change rien…
2014-10-19T00:01:38 <adriens33> mais bon merci quand même…
2014-10-19T00:02:17 <Yvan33> Bien sur que si, c'est comme admettre, légèrement certe, que tu as une difficulté.
2014-10-19T00:02:26 <adriens33> ben ça je le sais déjà --"
2014-10-19T00:02:29 <Yvan33> Dis toi que tu joue la vie en mode hardcore
2014-10-19T00:02:30 <adriens33> ça fait partie du problème…
2014-10-19T00:02:58 <adriens33> genre tu te noies, tu sais que tu te noies, du coup ça te fait paniquer parce que tu sais que tu vas finir par clamser au bout à force de te noyer, du coup tu te noies encore plus.
2014-10-19T00:03:10 <MaCharon> la vie c'est moyen, les graphismes sont beaux mais le gameplay est pourri
2014-10-19T00:03:19 <adriens33> et le mj c'est un gros enculé
2014-10-19T00:03:23 <adriens33> qui se prend pour dieu
2014-10-19T00:03:39 <MaCharon> nn nn il EST dieux
2014-10-19T00:03:40 <Yvan33> Et tu sais si il y a certaines situations ou tu es moins enclin a subir ça?
2014-10-19T00:04:00 <MaCharon> enfin techniquement il est même au dessus
2014-10-19T00:04:04 <adriens33> ben déjà par texte ça bloque un tout petit peu moins… pour discuter un peu…
2014-10-19T00:05:00 <Yvan33> Ca doit venir du fait que ça te donne un répit indeterminé pour répondre, du coup ca enlève le besoin de répondre d tac au tac
2014-10-19T00:05:13 <adriens33> nan… c'est surtout que t'as pas vraiment la personne en face…
2014-10-19T00:05:42 <Yvan33> Quand tu parle à quelqu'un cela t'oppresse?
2014-10-19T00:06:06 <adriens33> ça dépend du sujet, de la personne et de la situation…
2014-10-19T00:06:09 <adriens33> c'est compliqué
2014-10-19T00:06:12 <MaCharon> ça me fait penser au fait que j'aime pas ragarder les personnes dans les yeux
2014-10-19T00:06:18 <Yvan33> Oui j'imagine
2014-10-19T00:06:21 <MaCharon> du coup je parrait con
2014-10-19T00:06:26 <Yvan33> Oh ça, personne ne le fait
2014-10-19T00:06:45 <MaCharon> enfin j'aime pas et j'y arrive pas
2014-10-19T00:06:54 <Yvan33> J'ai remarqué que peu de personne te regarde continuelement dans les yeux lorsqu'il te parle
2014-10-19T00:07:25 <adriens33> (encore heureux sinon je saurais plus ou me mettre moi…)
2014-10-19T00:07:37 <MaCharon> quand je ragarde quelqu'un dans les yeux plus d'un seconde j'ai l'impression de le stalker
2014-10-19T00:07:55 <adriens33> MaCharon: parce que t'es pas forcément dans le bon contexte pour le faire
2014-10-19T00:08:11 <Yvan33> Et bien moi je me force a regarder les gens dans les yeux, c'est un pas hors de la timidité
2014-10-19T00:08:21 <MaCharon> ouai nn mais ça le contexte c'est encore pire
2014-10-19T00:08:40 <Yvan33> Et tu as regardé si il y a des moyens d'adoucir cette phobie comme tu dis adriens ?
2014-10-19T00:09:08 <MaCharon> genre devenir bronie ? :D
2014-10-19T00:09:19 <MaCharon> *sort*
2014-10-19T00:09:20 <adriens33> nan… c'est pas le genre de truc dont tu peux te sortir tout seul…
2014-10-19T00:10:07 <Yvan33> Oh, tu veux de l'aide?
2014-10-19T00:10:41 <adriens33> beuh… nan… 'fin vous y pouvez pas grand chose… faut juste que j'aille voir un psy…
2014-10-19T00:11:05 <Yvan33> Peut être, mais au moins tu serais moins seul
2014-10-19T00:11:31 <adriens33> (ben… rien que d'en parler là… ça me met  mal à l'aise… --")
2014-10-19T00:11:35 <MaCharon> ah les psy.... j'ai bien envie de dire que c'est quand même des gros con
2014-10-19T00:11:57 <MaCharon> enfin ne faisons pas une généralité nn plus
2014-10-19T00:12:22 <Yvan33> Bah ecoute si jamais tu as besoin de moi je serai là, toujours ready pour les amis ;)
2014-10-19T00:12:35 <Yvan33> Enfin sauf quand le lendemain ya un DS
2014-10-19T00:13:04 <Yvan33> Faut passer les concours quand même
2014-10-19T00:13:09 <adriens33> pis le probleme c'est que si je commence à sortir tout ce qui va pas dès que ça va pas, comme ça revient souvent… les gens finissent par en avoir marre… et c'est compréhensible. mais moi j'y peux rien… du coup je dis rien… et pis je me vexe super facilement… et ça c'est chiant…
2014-10-19T00:13:28 <adriens33> les gens comprennent pas, du coup ils se barrent aussi
2014-10-19T00:13:54 <adriens33> genre moi j'essaie de blaguer et tout, et quand on me vanne je prends la mouche. je sais c'est naze, mais moi je peux pas trop y faire grand chose
2014-10-19T00:13:57 <Yvan33> Ha, je suis une personne hyper chiante d'après certains, je comprend un peu ce que tu ressens
2014-10-19T00:14:25 <Yvan33> Bah t'es suceptible, suffit que les gens le save et ils feront gaffe
2014-10-19T00:14:49 <adriens33> c'est pas une histoire d'être susceptible… c'est que je suis facilement blessable… de par ma phobie…
2014-10-19T00:14:49 <Yvan33> Enfin moi j'essairai
2014-10-19T00:14:57 <Yvan33> Oui je comprends
2014-10-19T00:15:00 <adriens33> (peur du regard et du jugement des autres en très gros)
2014-10-19T00:16:04 <Yvan33> En fait a mon avis il faudrait que tu arrives a forger un lien d'amitié avec quelqu'un suffisament fort pour que tu es confiance en lui
2014-10-19T00:16:55 <MaCharon> why not et puis ce qui ne te tue pas te rand plus fort !
2014-10-19T00:17:01 <MaCharon> rend*
2014-10-19T00:17:13 <adriens33> ou te tue à petit feu…
2014-10-19T00:17:22 <Yvan33> Bah nan
2014-10-19T00:17:29 <Yvan33> Te tue pas = te laisse en vie
2014-10-19T00:17:31 <MaCharon> nan ça c'est dans la tête
2014-10-19T00:17:44 <adriens33> bawi c'est dans la tête, c'est une phobie --"
2014-10-19T00:17:48 <adriens33> mais bon ça aide pas
2014-10-19T00:17:49 <adriens33> de dire ça
2014-10-19T00:17:51 <Yvan33> Or tuer à petit feu= finit par te tuer = t'es plus en vie
2014-10-19T00:17:58 <MaCharon> c'est agricole
2014-10-19T00:17:59 <adriens33> joue pas sur les mots…
2014-10-19T00:18:18 <Yvan33> Haha, et ouais raisonnement de prépa mon gars
2014-10-19T00:18:25 <adriens33> ...
2014-10-19T00:18:31 <Yvan33> Psychologique tu veux dire?
2014-10-19T00:18:41 <Yvan33> Tu connais kaamelot adriens?
2014-10-19T00:18:45 <adriens33> oui, pourquoi ?
2014-10-19T00:18:47 <MaCharon> faut aller prépa pour savoir ça ? ben j'ai rien louper alors
2014-10-19T00:18:57 <Yvan33> Batard ^^
2014-10-19T00:19:05 <adriens33> hey ><
2014-10-19T00:19:12 <MaCharon> <(^_^)>
2014-10-19T00:19:16 <Yvan33> Bah je sais pas si tu as vu la référence de Kevin
2014-10-19T00:19:25 <Yvan33> Tu as fais prépa aussi adriens?
2014-10-19T00:19:27 <adriens33> non
2014-10-19T00:19:49 <Yvan33> Ah, mais je traitais Kevin de batard, il dit que mes études servent à rien
2014-10-19T00:20:23 <MaCharon> ben je suis désolé mais c'est super compliqué nn plus quoi
2014-10-19T00:20:26 <adriens33> je vois pas en quoi le fait d'être sans père est une insulte…
2014-10-19T00:20:54 <MaCharon> mécréant !!!
2014-10-19T00:21:02 <Yvan33> Je crois que c'est devenu une insulte dans le language courrant
2014-10-19T00:21:16 <Yvan33> Que ça a perdu sa signification
2014-10-19T00:21:16 <MaCharon> Oo
2014-10-19T00:22:12 <Yvan33> Enfin a part dans game of throne j'ai jamais entendu quelqu'un dire "batard" pour qualifié le fait qu'il est de mauvaise naissance
2014-10-19T00:22:24 <adriens33> ben c'est sa signification T.T
2014-10-19T00:22:33 <MaCharon> ah la belle époque :/
2014-10-19T00:22:50 <Yvan33> Oui mais elle s'est perdue à mon avis
2014-10-19T00:23:16 <MaCharon> comme ta bite >.>
2014-10-19T00:23:19 <Yvan33> Ceci dit c'est une bonne remarque. Moi par exemple je l'utilise plus pour dire "connard" ou "enfoiré"
2014-10-19T00:23:25 <Yvan33> pfff
2014-10-19T00:23:49 <Yvan33> Tu en a plein des comme ça?
2014-10-19T00:24:59 <Yvan33> En fait non je ne veux pas savoir
2014-10-19T00:26:09 <Yvan33> Bah tiens, vu qu'on parle de peur et phobie et de truc qui nous dérange, ce qui me met mal à l'aise c'est quand je monopolise la conversation comme ça, j'ai l'impression que j'ennuie mon auditoire et ça me refroidit
2014-10-19T00:26:30 <Yvan33> Et du coup sous la gène j'arrête de parler
2014-10-19T00:26:44 <Yvan33> Ce que je vais faire incessamment sous peu
2014-10-19T00:27:14 <adriens33> (ça me le fait aussi, ça…)
2014-10-19T00:31:24 <Yvan33> Heureux de savoir que je ne suis pas seul
2014-10-19T00:31:44 <adriens33> (désolé… ^^')
2014-10-19T00:34:01 <Yvan33> (pourquoi tu parle entre parenthèse? C'est censé être secret?)
2014-10-19T00:34:29 <adriens33> nan… juste je me sens pas trop à l'aise c'est tout…
2014-10-19T00:35:02 <MaCharon> dsl j'etait parti ^^
2014-10-19T00:35:14 <Yvan33> Je ne t'excuse pas ^^
2014-10-19T00:35:35 <MaCharon> comme ma femme ( meme si j'en ai pas)
2014-10-19T00:35:52 <MaCharon> ->[]
2014-10-19T00:36:02 <MaCharon> ->[ ]
2014-10-19T00:36:07 <Yvan33> Ca aussi ça m'a toujours fait sourir, les gens disent souvent désolé par reflexe et ne se rendent pas compte que parfois la situation est un peu absurde
2014-10-19T00:36:25 <MaCharon> je me suis pas excusé
2014-10-19T00:36:25 <adriens33> .
2014-10-19T00:36:26 <adriens33> .
2014-10-19T00:36:29 <adriens33> *?
2014-10-19T00:36:38 <Yvan33> Genre
2014-10-19T00:36:47 <Yvan33> Tu me prête un stylo
2014-10-19T00:36:50 <Yvan33> J'écris
2014-10-19T00:36:54 <Yvan33> Je te le rend
2014-10-19T00:36:57 <MaCharon> bravo
2014-10-19T00:36:58 <Yvan33> Tu dis merci
2014-10-19T00:37:22 <Yvan33> Ou alors le gars il te touche avec son genou
2014-10-19T00:37:26 <Yvan33> Et il te dis pardon
2014-10-19T00:37:44 <adriens33> c'est pas absurde…
2014-10-19T00:37:47 <MaCharon> ah le salop il te touche
2014-10-19T00:37:55 <MaCharon> moi j'excuse pas
2014-10-19T00:38:02 <MaCharon> perso
2014-10-19T00:38:28 <Yvan33> Bah je sais pas, moi je ne vois pas de raison de m'excuser pour un contact physique si bref
2014-10-19T00:38:41 <Yvan33> Tu en penses quoi adriens?
2014-10-19T00:38:42 <adriens33> ben parce que c'est pas voulu et que ça peut gêner T.T
2014-10-19T00:39:01 <MaCharon> bah c'est reflexe
2014-10-19T00:39:42 <Yvan33> Oui c'est ça
2014-10-19T00:39:46 <Yvan33> Plus un reflexe
2014-10-19T00:40:15 <Yvan33> Parce que le concept de rentrer dans la bulle des gens est un peu devenu hyper sensible
2014-10-19T00:40:56 <Yvan33> Moi perso quand on me dit ça je regarde le gars et je lui sors "je te pardonne"
2014-10-19T00:41:08 <MaCharon> LOL
2014-10-19T00:41:28 <Yvan33> Oui, et généralement le gars sourris
2014-10-19T00:41:41 <Yvan33> Ou la meuf, pas de discrimination
2014-10-19T00:41:59 <Yvan33> D'ailleurs, d'où ça sort "meuf"
2014-10-19T00:42:09 <adriens33> c'est femme en verlan…
2014-10-19T00:42:25 <Yvan33> Wah
2014-10-19T00:42:38 <Yvan33> TU viens de m'apprendre un truc
2014-10-19T00:42:44 <adriens33> ah… ._.
2014-10-19T00:42:49 <Yvan33> Du coup tout prend un sens a présent!
2014-10-19T00:42:52 <adriens33> (c'est comme teub)
2014-10-19T00:43:03 <Yvan33> beut
2014-10-19T00:43:06 <adriens33> nan
2014-10-19T00:43:08 <Yvan33> Gné?
2014-10-19T00:43:12 <adriens33> teub, abbrégé de teubi
2014-10-19T00:43:13 <MaCharon> XD
2014-10-19T00:43:18 <adriens33> verlan de bite
2014-10-19T00:43:22 <Yvan33> Ah ouais
2014-10-19T00:43:32 <Yvan33> C'est fin quand même
2014-10-19T00:43:37 <adriens33> ctb
2014-10-19T00:43:44 <Yvan33> hein?
2014-10-19T00:43:47 <MaCharon> po po pooo
2014-10-19T00:43:48 <adriens33> ctb=comme ta bite
2014-10-19T00:44:13 <MaCharon> et ouai c'est du lourd
2014-10-19T00:44:16 <MaCharon> cmb
2014-10-19T00:44:23 <MaCharon> :D
2014-10-19T00:44:28 <Yvan33> Vasy je comprend rien et on se fout de maggle
2014-10-19T00:44:36 <adriens33> nan… ._.
2014-10-19T00:44:47 <MaCharon> bah c'est comme dtc quoi
2014-10-19T00:44:51 <Yvan33> Bon, alors Kevin se fout de maggle
2014-10-19T00:44:59 <Yvan33> ouais je connais lui
2014-10-19T00:45:53 <Yvan33> J'ai jamais réussi a me sentir à l'aise avec ce genre d'expression
2014-10-19T00:46:02 <adriens33> ah...
2014-10-19T00:46:18 <Yvan33> Je trouve ça un peu vulgaire, fin chsais pas
2014-10-19T00:46:28 <Yvan33> C'est bizarre
2014-10-19T00:46:34 <adriens33> voilà qui illustre exactement ce dont je parlais tout à l'heure
2014-10-19T00:46:50 <MaCharon> mais c'est vulgaire
2014-10-19T00:47:02 <adriens33> j'essaie de blaguer pour masquer le fait que bah en fait je suis pas à l'aise et que je suis un peu (trop) sensible
2014-10-19T00:47:17 <Yvan33> Bah c'est la bonne chose a faire
2014-10-19T00:47:19 <MaCharon> la même je pense
2014-10-19T00:47:30 <Yvan33> Mieux vaut en rire que pleurer comme ils disent
2014-10-19T00:47:31 <MaCharon> bien qu'il y ai du reflexe aussi
2014-10-19T00:47:41 <adriens33> te mentir à toi même en te faisant croire que tout va bien et tout accumuller ?
2014-10-19T00:47:46 <adriens33> bizarrement j'ai pas l'impression…
2014-10-19T00:47:59 <Yvan33> Hum je suis pas d'accord avec ça
2014-10-19T00:48:06 <adriens33> bah toi tu le vis pas, désolé…
2014-10-19T00:48:22 <Yvan33> Par exemple, quand j'étais au collège j'étais gros
2014-10-19T00:48:32 <Yvan33> Et bah forcément j'étais la cible
2014-10-19T00:48:46 <adriens33> bah moi je suis maigre (mais vraiment, je fais 47Kg pour 1m63) et j'ai toujours été super blanc
2014-10-19T00:48:57 <Yvan33> Et donc limite j'avais eus peur de me regarder dans la glace pendant un moment
2014-10-19T00:49:03 <Yvan33> Pas cool
2014-10-19T00:49:15 <adriens33> donc bon…
2014-10-19T00:49:27 <adriens33> bouai pas cool non plus
2014-10-19T00:49:32 <Yvan33> Et au bout d'un moment j'ai commencé à me moquer de moi même
2014-10-19T00:49:54 <Yvan33> Et bah ça blessait un peu mais ça me donnais un peu de courrage
2014-10-19T00:50:04 <Yvan33> Je sais pas si tu arrives à visualiser
2014-10-19T00:50:44 <Yvan33> Et au bout d'un moment j'y accordai moins d'importance et j'ai pu outrepasser le problème
2014-10-19T00:51:02 <Yvan33> Bon je doute que dans ton cas ça soit si facile que ça mais bon
2014-10-19T00:51:10 <adriens33> c'est pas juste que c'est pas facile¿
2014-10-19T00:51:11 <adriens33> …
2014-10-19T00:51:32 <adriens33> c'est que c'est un putain de cercle vicieux… donc ça marche pas pour moi ça…
2014-10-19T00:52:09 <Yvan33> Mouais
2014-10-19T00:52:13 <Yvan33> Pas convaincu
2014-10-19T00:52:25 <adriens33> bah que tu me croies ou pas de toute manière ça changera rien…
2014-10-19T00:52:52 <Yvan33> Tu dois pas être le seul dans ton cas, je penses que il y en a qui ontréussi à sortir de cet état, ne serait ce que partielement
2014-10-19T00:52:57 <adriens33> …
2014-10-19T00:53:00 <adriens33> NON.
2014-10-19T00:53:09 <adriens33> parce que c'est un cercle vicieux
2014-10-19T00:53:14 <adriens33> qui finit par provoquer une dépression
2014-10-19T00:53:22 <adriens33> et si tu reçois pas une aide extérieure
2014-10-19T00:53:26 <adriens33> tu peux pas t'en sortir tout seul
2014-10-19T00:53:35 <adriens33> et je te laisse deviner la fin…
2014-10-19T00:53:59 <Yvan33> Et bien cherche de l'aide exterieur alors si il ne suffit ue de ça
2014-10-19T00:54:08 <adriens33> ._.
2014-10-19T00:54:31 <adriens33> tu crois que je me tournes les pouces ? c'est pas facile d'arriver a le faire hein T.T
2014-10-19T00:54:48 <Yvan33> Il y a pas de psy à Bordeaux? o.O
2014-10-19T00:54:50 <adriens33> …
2014-10-19T00:55:01 <Yvan33> Ou aucun assez qualifié?
2014-10-19T00:55:01 <adriens33> putain mais tu m'écoute quand je parle ou pas ?
2014-10-19T00:55:09 <adriens33> j'ai aps dit qu'y y'en a pas
2014-10-19T00:55:16 <adriens33> «  c'est pas facile d'arriver a le faire hein T.T »
2014-10-19T00:55:35 <Yvan33> Oui faut trouver le courrrage pour y aller
2014-10-19T00:55:47 <adriens33> désolé ._.
2014-10-19T00:56:00 <Yvan33> C'est sur que c'est pas sympa psychlogiquement
2014-10-19T00:56:03 <Yvan33> Houla
2014-10-19T00:56:11 <Yvan33> Comment je sais pas parler la France
2014-10-19T00:56:50 <Yvan33> ca apparait un peu comme une défaite le psy, non?
2014-10-19T00:57:03 <adriens33> pourquoi une défaite ?..
2014-10-19T00:57:39 <Yvan33> Hum, moi j'ai failli y aller, mais y aller c'est un peu comme admettre que tu es différent et un cas désespéré
2014-10-19T00:57:43 <MaCharon> nn pour moi la defaite c'est si prise de medocs
2014-10-19T00:58:04 <adriens33> c'est pas une défaite… au contraire… admettre que tu as besoin d'aide…
2014-10-19T00:58:06 <MaCharon> le psy encore ça peut etre interressant
2014-10-19T00:58:06 <Yvan33> Je pense que le plus extrême c'est les centre
2014-10-19T00:58:17 <MaCharon> j'y suis allé
2014-10-19T00:58:23 <MaCharon> en centre
2014-10-19T00:58:27 <Yvan33> Oui, bah ça tout le monde veut pas le faire. Moi je sais que j'y suis pas allé pour ca
2014-10-19T00:58:36 <MaCharon> c'etait un cas particulier
2014-10-19T00:58:44 <Yvan33> En fait on est tout les trois des paria de la société, chaud
2014-10-19T00:58:58 <adriens33> heu… ouais, non.
2014-10-19T00:59:23 <MaCharon> eh oh je suis pas comme toi moi XD
2014-10-19T00:59:23 <Yvan33> Allez steuplait, sinon je vais être seul
2014-10-19T00:59:30 <MaCharon> je suis pire
2014-10-19T00:59:31 <Yvan33> sniff
2014-10-19T01:00:34 <Yvan33> En fait je crois je suis déjà allé en voir un de psy
2014-10-19T01:00:39 <Yvan33> Je me rapelle plus
2014-10-19T01:00:48 <Yvan33> Une fois je crois
2014-10-19T01:01:11 <MaCharon> bah perso mon background : tentative de suicide suivi d'un moins dans ce que que je vais appeler un centre
2014-10-19T01:01:18 <MaCharon> un mois*
2014-10-19T01:01:24 <MaCharon> ça va c'est cool
2014-10-19T01:01:31 <MaCharon> :D
2014-10-19T01:01:50 <Yvan33> J'ai déjà pensé au suicide au collège
2014-10-19T01:02:02 <Yvan33> Mais j'ai jamais rien fais
2014-10-19T01:02:10 <MaCharon> bah c'est marrant c'est la que je l'ai fait
2014-10-19T01:02:24 <adriens33> je vois pas en quoi c'est marrant…
2014-10-19T01:02:37 <Yvan33> La raison et le fait de penser à la réaction de mon entourrage m'a arreté
2014-10-19T01:02:56 <adriens33> bah t'as bien de la chance d'avoir un entourage qui en a quelque chose à foutre.
2014-10-19T01:03:08 <Yvan33> Ah, ce n'est pas ton cas?
2014-10-19T01:03:26 <MaCharon> bah a part mes deux trois potes le reste je m'en foutais pas mal
2014-10-19T01:03:33 <adriens33> (actuellement si, enfin je crois, mais… ça ne l'a pas toujours été…)
2014-10-19T01:03:38 <Yvan33> Je vois
2014-10-19T01:04:01 <Yvan33> Moi j'ai la chance d'avoir des parents qui sont très attentionné
2014-10-19T01:04:12 <adriens33> t'as de la chance…
2014-10-19T01:04:18 <MaCharon> j'ai passé une journée entiere a mon college totalement defoncé (prise de medocs)
2014-10-19T01:04:21 <adriens33> mon père m'a abandonné avant même que je naisse
2014-10-19T01:04:27 <Yvan33> Et puis mon intelligence aurait été gaché sinon
2014-10-19T01:04:30 <adriens33> et ma mère m'a toujours détesté, et elle s'en est jamais cachée
2014-10-19T01:04:44 <Yvan33> Ah oui, tu es vraiment pas aidé
2014-10-19T01:04:45 <MaCharon> oh l'autre il se la pete XD
2014-10-19T01:04:47 <adriens33> jusqu'à me répéter continuellement qu'elle regrettait que je sois né…
2014-10-19T01:05:00 <adriens33> (et c'est pas le pire…)
2014-10-19T01:05:13 <Yvan33> Huh, j'ai du mal à imaginer
2014-10-19T01:05:17 <adriens33> tant mieux.
2014-10-19T01:05:21 <adriens33> parce que ça fait pas du bien.
2014-10-19T01:05:26 <Yvan33> J'imagine
2014-10-19T01:05:38 <MaCharon> le truc qui fout bien les boules
2014-10-19T01:05:40 <adriens33> j'ai jamais eu de marque d'affection.
2014-10-19T01:05:45 <adriens33> jamais de je t'aime
2014-10-19T01:05:48 <adriens33> je suis fier(e) de toi
2014-10-19T01:05:56 <adriens33> jamais de calin
2014-10-19T01:06:06 <adriens33> de personne…
2014-10-19T01:06:16 <adriens33> jusqu'à y'a pas très longtemps… mais bon bref.
2014-10-19T01:06:41 <MaCharon> genre animasia avec les free hugs ? >.>
2014-10-19T01:06:47 <MaCharon> ....
2014-10-19T01:06:47 <adriens33> hmm… ouais, aussi…
2014-10-19T01:07:07 <Yvan33> Tiens d'ailleurs tu étais là avec la meuf et ses free boobs?
2014-10-19T01:07:12 <adriens33> ?
2014-10-19T01:07:13 <Yvan33> enfin vous?
2014-10-19T01:07:14 <adriens33> ça me dit rien
2014-10-19T01:07:18 <MaCharon> ouai
2014-10-19T01:07:26 <Yvan33> C'était au stand karaoké
2014-10-19T01:07:27 <MaCharon> celle au karaoké
2014-10-19T01:07:54 <Yvan33> Genre narmol elle arrive et elle fait à Bertrand puis à moi "etouffe toi dans mes seins"
2014-10-19T01:08:06 <Yvan33> La meuf tranquille
2014-10-19T01:08:07 <adriens33> ben c'est cool pour vous
2014-10-19T01:08:12 <Jinxypie> yep, particulièrement doux ses seins
2014-10-19T01:08:20 <MaCharon> ahah ^^
2014-10-19T01:08:20 <adriens33> tant mieux… ._.
2014-10-19T01:08:21 <Jinxypie> Mais j'aurai bien aimé avoir son numero...
2014-10-19T01:08:34 <Yvan33> J'aurai pu l'avoir mais j'ai pas voulu
2014-10-19T01:08:50 <MaCharon> sympa mais je un peu trop timide pour ça
2014-10-19T01:08:55 <MaCharon> je suis*
2014-10-19T01:09:38 <Yvan33> D'ailleurs Bertrand il est partit tellement il était timide
2014-10-19T01:10:14 <Jinxypie> J'avais ma mère qui m'attendait...
2014-10-19T01:10:17 <Jinxypie> La loose
2014-10-19T01:10:18 <Yvan33> Il lui a fait un bisou et il est partit, et après il arrête pas de se morfondre
2014-10-19T01:10:25 <adriens33> ._.
2014-10-19T01:10:27 <Yvan33> Wait waaat?
2014-10-19T01:10:34 <MaCharon> lol
2014-10-19T01:10:38 <Yvan33> Pourquoi tu changes de pseudo comme ça,
2014-10-19T01:10:42 <Jinxypie> J'avais pas trop envie d'en prendre une...
2014-10-19T01:11:02 <Yvan33> Vasy je savais trop pas c'était toi
2014-10-19T01:11:08 <MaCharon> xd
2014-10-19T01:11:16 <adriens33> Ouais Jinxypie = Letarumavza = Bertrand.
2014-10-19T01:11:36 <Yvan33> Fiou heureusement j'ai pas dis que t'étais un connard. Wait...
2014-10-19T01:12:06 <Yvan33> D'ailleurs pourquoi ce besoin de changement de pseudo?
2014-10-19T01:12:17 <MaCharon> ouai moi je prefere dire Leta
2014-10-19T01:12:52 <Yvan33> Ah d'eilleurs Leta
2014-10-19T01:12:59 <Yvan33> Ou Jin
2014-10-19T01:13:13 <Jinxypie> osef ^^
2014-10-19T01:13:14 <Yvan33> Ou l'homme torse nue
2014-10-19T01:13:17 <adriens33> ou Ji<Tab>
2014-10-19T01:13:19 <Jinxypie> Yeah !
2014-10-19T01:13:21 <Yvan33> Lol
2014-10-19T01:13:28 <Yvan33> bref
2014-10-19T01:13:44 <Yvan33> Tu es dispo quand si je t'invite pour une partie d'EcoMonde?
2014-10-19T01:13:52 <adriens33> qui ?
2014-10-19T01:13:58 <Jinxypie> Euh, yep, si j'ai pas un rdv avec elfe
2014-10-19T01:14:00 <Yvan33> Euh bah Bertrand
2014-10-19T01:14:03 <adriens33> ok
2014-10-19T01:14:07 <adriens33> désolé ._.
2014-10-19T01:14:10 <Yvan33> C'est qui elfe
2014-10-19T01:14:17 <adriens33> sa bite
2014-10-19T01:14:19 <adriens33> ?
2014-10-19T01:14:22 <MaCharon> tain Bertrand ça me fait trop bizarre
2014-10-19T01:14:25 <Yvan33> ^^
2014-10-19T01:14:33 <MaCharon> >.<
2014-10-19T01:14:41 <adriens33> (ok c'était naze)
2014-10-19T01:14:43 <Jinxypie> elfe est une fille
2014-10-19T01:14:48 <adriens33> c'est cool
2014-10-19T01:14:50 <Yvan33> adriens je te demande pas puisque tu risque de trop te sentir mal à l'aise
2014-10-19T01:14:55 <MaCharon> une elfe quoi
2014-10-19T01:14:59 <Yvan33> de sang?
2014-10-19T01:15:04 <Yvan33> sylvain?
2014-10-19T01:15:10 <MaCharon> de la nuit ?
2014-10-19T01:15:15 <MaCharon> >.>
2014-10-19T01:15:20 <Jinxypie> Yep, une elfe de la nuit ^^'
2014-10-19T01:15:24 <Yvan33> (nan, ils s'appellent juste tous Sylvain")
2014-10-19T01:15:25 <MaCharon> lol
2014-10-19T01:15:26 <Jinxypie> On peut dire ça comme ça.
2014-10-19T01:15:47 <Yvan33> C'est celle de l'animasia avec les cornes?
2014-10-19T01:15:51 <Jinxypie> nop
2014-10-19T01:15:55 <Jinxypie> Une mignone
2014-10-19T01:16:09 <adriens33> *pan*
2014-10-19T01:16:29 <Yvan33> *meurt*
2014-10-19T01:17:28 <Yvan33> Et donc le week end bertrand tu serais là?
2014-10-19T01:18:08 <Jinxypie> en théorie oui.
2014-10-19T01:18:13 <adriens33> désolé les gens, je vais vous abandonner…
2014-10-19T01:18:17 <adriens33> vais dod
2014-10-19T01:18:20 <adriens33> *dodo
2014-10-19T01:18:27 <Yvan33> ouais je vais pas tarder
2014-10-19T01:18:29 <Yvan33> a +
2014-10-19T01:18:33 <MaCharon> bonne nuit
2014-10-19T01:20:17 <Yvan33> Bah je vais y aller aussi, finir mon épisode et aller dodo
2014-10-19T01:20:32 <Yvan33> Juste avant: Bertrand, tu joue encore a HerthStone?
2014-10-19T01:20:44 <MaCharon> Magic c'est mieux
2014-10-19T01:20:59 <Yvan33> la ferme toi
2014-10-19T01:21:05 <Yvan33> Yu Gi Oh c'est mieux
2014-10-19T01:21:08 <MaCharon> >.<
2014-10-19T01:21:25 <Jinxypie> Biensur
2014-10-19T01:21:25 <Yvan33> Et le jeux de carte mlp c'est encore plus badass
2014-10-19T01:21:46 <Jinxypie> Hearthstone c'est bon ^^
2014-10-19T01:22:00 <Yvan33> J'aimerai bien ton pseudo, histoire de t'appeller pour une petite partie si je m'ennui
2014-10-19T01:23:15 *** adriens33 est parti
2014-10-19T01:24:08 <Yvan33> ?
2014-10-19T01:25:56 <Yvan33> bah je te harcelerai une autre fois, tchouss les gens
2014-10-19T01:25:59 *** Yvan33 est parti
2014-10-19T01:51:58 *** MaCharon est parti
2014-10-19T08:36:12 *** TrappyTickles s'est connecté
2014-10-19T09:49:07 <Berry-Punch> Voilà ce *hic* qu'il s'est passé ces 10 dernières lignes, adriens33
2014-10-19T09:49:08 *** adriens33 s'est connecté
2014-10-19T10:22:47 <adriens33> salut tout le monde
2014-10-19T12:30:22 *** adriens33 est parti
2014-10-19T12:36:52 *** flutterbrony s'est connecté
2014-10-19T13:19:58 *** MaCharon s'est connecté
2014-10-19T13:20:03 <MaCharon> salut
2014-10-19T13:27:02 <flutterbrony> salut
2014-10-19T14:10:15 <Berry-Punch> Voilà *hic* ce qu'il s'est passé ces 10 dernières lignes, adriens33
2014-10-19T14:10:17 *** adriens33 s'est connecté
2014-10-19T14:50:04 *** adriens33 est parti
2014-10-19T14:57:17 <Berry-Punch> Voilà ce qu'il s'est passé ces 10 dernières *hic* lignes, adriens33
2014-10-19T14:57:18 *** adriens33 s'est connecté
2014-10-19T14:57:29 <adriens33> hello
2014-10-19T14:58:45 <flutterbrony> holla
2014-10-19T14:58:50 <flutterbrony> hola *
2014-10-19T15:01:10 <Berry-Punch> Voilà ce qu'il *hic* s'est passé ces 10 dernières lignes, go_to_die
2014-10-19T15:01:11 *** go_to_die s'est connecté
2014-10-19T15:01:18 *** adriens33 est parti
2014-10-19T15:01:34 <Berry-Punch> Flags de adriens33 modifiés *hic* : +v
2014-10-19T15:01:34 <adriens33> !voice adriens33
2014-10-19T15:01:37 <adriens33> ><
2014-10-19T15:02:04 <flutterbrony> ahlala
2014-10-19T16:30:31 *** Ikledoreboline s'est connecté
2014-10-19T16:30:33 <Ikledoreboline> Bonjour all ^^
2014-10-19T16:30:36 *** adriens33 est parti
2014-10-19T16:30:46 <Ikledoreboline> (bah j'ai fait rager adriens, le pauvre...)
2014-10-19T16:31:03 <flutterbrony> XD
2014-10-19T16:31:15 <flutterbrony> salut Ikledoreboline
2014-10-19T16:32:05 <Ikledoreboline> bien ? ^^
2014-10-19T16:33:05 <flutterbrony> ouais et toi ?
2014-10-19T16:34:07 <flutterbrony> J'essaie de voir si il n'y as pas une faille sur cette adresse 82.228.229.1:20
2014-10-19T16:38:41 <Ikledoreboline> m'oui, ah pourquoi tu essais de voir ça ? ^^
2014-10-19T16:39:15 <flutterbrony> parce qu'apperament quelqu'un qui n'avais pas le droit s'y connecté
2014-10-19T16:39:58 <flutterbrony> et comme je suis connecté dessus, j'en profite pour faire un peu de trie dedans vu qu'il arrête pas de me dire que le disque est presque plein
2014-10-19T16:40:34 <Ikledoreboline> Oh, ok.
2014-10-19T16:54:54 *** Tsumenokage s'est connecté
2014-10-19T16:55:08 <Tsumenokage> Salut
2014-10-19T16:57:30 <Ikledoreboline> yup
2014-10-19T16:57:40 <Tsumenokage> ca va ?
2014-10-19T16:58:13 <Ikledoreboline> m'oui et toi ? ^^
2014-10-19T16:58:22 <Tsumenokage> ca va aussi ^^
2014-10-19T17:00:59 <Ikledoreboline> Tiens question, quelqu'un sait comment partager un site web via son ip ?
2014-10-19T17:43:37 <flutterbrony> tu passe juste l'ip ?
2014-10-19T17:43:50 <flutterbrony> exemple : 37.187.107.63
2014-10-19T17:43:53 <Ikledoreboline> Oui
2014-10-19T17:44:16 <Ikledoreboline> Je sais qu'avec wamp ya moyen me semble ?
2014-10-19T17:44:55 <flutterbrony> tu remplace le nom de domaine par l'ip et c'est tout normalement
2014-10-19T17:45:19 <flutterbrony> 37.187.107.
2014-10-19T17:45:41 <flutterbrony> 37.187.107.63/denis (le site web de test de mon père ^^
2014-10-19T17:46:09 <Ikledoreboline> je fou juste mon ip avec le chemin de destination, mais je suis sensé ouvrir un port nan ?
2014-10-19T17:46:31 <flutterbrony> nope, il sais tout seul chez moi en tout cas
2014-10-19T17:46:53 <Ikledoreboline> Hum, ok ok, merci ^^
2014-10-19T17:46:57 <flutterbrony> quoique, le site existe déjà ou pas ?
2014-10-19T17:47:08 <Ikledoreboline> bah le fichier html est existant donc logiquement oui
2014-10-19T17:47:30 <Ikledoreboline> Après je sais pas si je dois le foutre dans un répertoire spécial ?
2014-10-19T17:48:03 <flutterbrony> sur mon serveur dédié, il est dans /var/www/index.html
2014-10-19T17:48:23 *** Jinxypie est parti
2014-10-19T17:48:49 <Ikledoreboline> J'look ça rapido je te dis si ça fonctionne
2014-10-19T17:49:30 <Ikledoreboline> Ouais niquel, il à l'air de trouver merci, c'est con enfaîte arf. x)
2014-10-19T17:50:08 <flutterbrony> j'ai pas de nom de domaine encore, alors je fait toujours comme ca ^^
2014-10-19T17:50:37 <flutterbrony> ah quoique si, j'ai ca : ns326350.ip-37-187-107.eu
2014-10-19T17:50:50 <Ikledoreboline> pète le nom de domaine
2014-10-19T17:50:51 <Ikledoreboline> XD
2014-10-19T17:51:50 <flutterbrony> au faite, on peu faire des sous nom de domaines avec des domaines de ce type : mon-nom-de-domaine.fl.oz ?
2014-10-19T17:52:29 <Ikledoreboline> Hum, j'aurais du mal à te renseigner sur les ndd.
2014-10-19T17:53:57 <flutterbrony> bon, pas grave, faut que je trouve une idée de nom de domaine pour que ca fasse : sous-nom-de-domaine-de-mon-père.nom-de-domaine.fr et sous-nom-de-domaine-a-moi.nom-de-domaine.fr
2014-10-19T17:54:12 <flutterbrony> avec mon ndd qui soit assez court
2014-10-19T17:55:19 <flutterbrony> au faite adrien33 m'avais dit de m'adresser a quelqu'un pour m'aider a tester la sécurité de ca 82.228.229.1:20, il est pas ici ? ^^
2014-10-19T17:55:40 <flutterbrony> quelqu'un de bronycub bien sur ^^
2014-10-19T17:59:54 *** Tsumenokage_ s'est connecté
2014-10-19T18:03:16 *** Tsumenokage est parti
2014-10-19T18:04:36 <Berry-Punch> Voilà ce qu'il s'est *hic* passé ces 10 dernières lignes, adriens33
2014-10-19T18:04:37 *** adriens33 s'est connecté
2014-10-19T18:08:52 <adriens33> bonsoir les gens
2014-10-19T18:08:54 <Berry-Punch> Flags de Tsumenokage_ modifiés : +v *hic* 
2014-10-19T18:08:54 <adriens33> !voice Tsumenokage_
2014-10-19T18:08:59 <Berry-Punch> Flags de Tsumenokage_ modifiés en *hic* +v
2014-10-19T18:08:59 <adriens33> !flag set +v Tsumenokage_
2014-10-19T18:09:11 <flutterbrony> Bonsoir adrien33
2014-10-19T18:09:12 <Tsumenokage_> Merci et Salut adriens33
2014-10-19T18:09:20 <adriens33> (de rien ^^)
2014-10-19T18:09:41 <adriens33> (pour info: la deuxième commande a enregistré ce pseudo auprès du bot, comme ça quand t'as ce nom ci elle te voice quand même ^^)
2014-10-19T18:10:00 <Berry-Punch> Tsumenokage_ a le(s) flag(s) : *hic* +v
2014-10-19T18:10:00 <adriens33> !flag get Tsumenokage_
2014-10-19T18:10:04 <adriens33> !flag get Tsumenokage_2
2014-10-19T18:10:10 <Berry-Punch> Zecora_bot a le(s) flag(s) : *hic* +o
2014-10-19T18:10:10 <adriens33> !flag get Zecora_bot
2014-10-19T18:10:20 <Tsumenokage_> aah ok
2014-10-19T18:10:34 <adriens33> (zecora_bot c'est le bot de Letarumavza, alias Jinxypie)
2014-10-19T18:11:02 <Tsumenokage_> yep je me rapelle qu'il l'avait mis sur le chat y'a aps longtemps (enfin il me semble)
2014-10-19T18:11:15 <adriens33> ouais, mais ça fait un ptit moment qu'il a commencé à le coder :)
2014-10-19T18:11:25 <Tsumenokage_> ^^
2014-10-19T18:11:25 <adriens33> avant que tu n'arrives il l'avait déjà fait venir sur le chat
2014-10-19T18:11:35 <adriens33> (en cherchant dans les logs sur le github tu dois pouvoir trouver çça normalement)
2014-10-19T18:15:36 <Ikledoreboline> bonsoir adriens !
2014-10-19T18:15:41 <adriens33> bonsoir Ikle :)
2014-10-19T18:16:12 <adriens33> Y'a du monde pour un dimanche soir. ^^
2014-10-19T18:16:31 <Ikledoreboline> Moins que dans la semaine quasiment. XD
2014-10-19T18:16:44 <Ikledoreboline> (m'enfin ça dépend bien des jours)
2014-10-19T18:16:52 <adriens33> bah là ça discute :)
2014-10-19T18:16:57 <flutterbrony> Tiens adrien33 , c'étais qui que tu m'avais dit qui pouvais m'aider a checker la sécurité de 82.228.229.1 déjà ?
2014-10-19T18:17:11 <flutterbrony> bien sûr, j'ai oublié le "s" ...
2014-10-19T18:17:11 <adriens33> Letarumavza ^^
2014-10-19T18:17:17 <adriens33> (pas grave ^^)
2014-10-19T18:17:26 <adriens33> (ou en l'occurence Jinxypie)
2014-10-19T18:17:39 <adriens33> (qui est pas là)
2014-10-19T18:18:32 <adriens33> t'as pas forcément besoin de mettre mon pseudo en entier, je suis toujours la conv' quand je suis connecté, même si je réponds pas forcément ^^ (la joie d'avoir plusieurs espaces de travail virtuels… ^^)
2014-10-19T18:19:14 <adriens33> en fait la seule qui est plus souvent connectée que moi en ce moment c'est berry parce que elle, elle a pas besoin de dormir la nuit et elle sort pas faire les courses XD
2014-10-19T18:19:23 <flutterbrony> J'ai fais ce que je voulais sur mon serveur en attendant, plus qu'a faire la sécurité, le site, le serveur LoE et c'est bon ^^
2014-10-19T18:19:39 <adriens33> bah ça avance bien dis-moi :)
2014-10-19T18:19:44 <flutterbrony> XD Elle se laisse vivre celle là ^^
2014-10-19T18:19:58 <adriens33> beh elle fait ce que je lui demande donc bon ^^
2014-10-19T18:20:03 <flutterbrony> ouais, lentement mais ca avance
2014-10-19T18:20:17 <adriens33> ^^
2014-10-19T18:20:26 <flutterbrony> mon père a commencé a mettre quelque chose 37.187.107.63/denis
2014-10-19T18:20:39 <adriens33> c'est un dédié  ovh ça non ? :p
2014-10-19T18:20:44 <flutterbrony> ah oui, il faut que je me choisisse un nom de domaine aussi
2014-10-19T18:20:48 <flutterbrony> eeyup
2014-10-19T18:20:51 <adriens33> (ouai ça peut serviir)
2014-10-19T18:21:14 <adriens33> j'ai reconnu la plage d'ip, vu que j'en ai un ^^ (homer.art-software.fr, aussi connu sous le nom de 37.187.19.8)
2014-10-19T18:22:27 <adriens33> (non, je sortirai pas l'ipv6, flemme)
2014-10-19T18:22:52 *** tenoricat s'est connecté
2014-10-19T18:22:56 <flutterbrony> mon non plus ^^
2014-10-19T18:23:25 <Ikledoreboline> ipv6 le truc que tout le monde veut mais que personne veut configurer.
2014-10-19T18:23:25 <Ikledoreboline> xD
2014-10-19T18:23:41 <flutterbrony> J'ai installé le nmap dessus (*sifflotte)
2014-10-19T18:23:51 <adriens33> c'est bien nmap ^^
2014-10-19T18:24:01 <flutterbrony> ouais, j'adore xp
2014-10-19T18:24:12 <adriens33> (ça sort plein d'infos utiles en tout cas… ^^)
2014-10-19T18:24:35 <flutterbrony> port ouvert, nom de l'os et plein d'autres trucs en vrac
2014-10-19T18:24:41 <adriens33> ouai
2014-10-19T18:24:46 <adriens33> je connais, merci ^^
2014-10-19T18:25:16 <flutterbrony> sur microsoft, apple, youtube, google, facebook, j'ai a chaque fois reçu du linux comme os :/
2014-10-19T18:25:18 <adriens33> (dans le genre, wireshark est bien aussi… pour stalker  des paquets >:) )
2014-10-19T18:25:26 <adriens33> hmm…
2014-10-19T18:25:32 <Ikledoreboline> bande de stalker
2014-10-19T18:25:35 <adriens33> chez m$, du linux en serveur ça m'étonnerai
2014-10-19T18:25:39 <Ikledoreboline> vous êtes comme ma prof de français uesh xD
2014-10-19T18:25:52 <flutterbrony> ca a été prouvé pour le site Anglais XD
2014-10-19T18:25:55 <adriens33> sans doute un faux positif
2014-10-19T18:25:56 <adriens33> nan
2014-10-19T18:26:00 <adriens33> vu que leur site est en asp
2014-10-19T18:26:04 <adriens33> ça tourne sous .net
2014-10-19T18:26:15 <adriens33> (pas mono donc, vu qu'ils aiment pas mono déjà… ^^)
2014-10-19T18:26:17 <adriens33> donc sous IIS
2014-10-19T18:26:24 <adriens33> qui est un truc qui marche que sous windows.
2014-10-19T18:26:45 <flutterbrony> avec wine ? (Soyons fous ! )
2014-10-19T18:26:49 <adriens33> AH AH AH
2014-10-19T18:26:50 <adriens33> no.
2014-10-19T18:27:04 <flutterbrony> M'enfin, ca serais hyper marrant n'empêche
2014-10-19T18:27:12 <adriens33> ça serait surtout pas possible. XD
2014-10-19T18:27:24 <flutterbrony> Et pourquoi pas ?
2014-10-19T18:27:53 <adriens33> apple ça parait évident, mac os x est un unix, donc c'est pas du linux( c'est pas pareil, hein, svp), mais c'est un unix donc la "confusion" est moins grave
2014-10-19T18:28:02 <adriens33> (en tout cas le résultat est compréhensible)
2014-10-19T18:28:29 <flutterbrony> macos est vraiment pourri en tant que serveur en tout cas
2014-10-19T18:28:42 <adriens33> beh c'est trop fermé comme plateforme de toute manière.
2014-10-19T18:28:51 <adriens33> jusqu'à y'a pas longtemps leur ui était bien designée
2014-10-19T18:29:07 <adriens33> (le dock j'aime bien, l'apparence des fenêtres et du design graphique global aussi)
2014-10-19T18:29:45 <adriens33> (mais leur politique et leur fermeture… j'ai envie de vomir)
2014-10-19T18:30:23 <flutterbrony> Ouais, c'est pas mal, c'est leur politique qui est vraiment pourrie, sinon, je me laisserais peut-être tenter
2014-10-19T18:30:26 <Ikledoreboline> *metlamusiqued'x-fiveenlisanttoutelaconversationsansriencomprendre*
2014-10-19T18:30:38 <adriens33> désolé je dois vous abandonner par contre ^^'
2014-10-19T18:30:42 <adriens33> bonne soirée touut le monde
2014-10-19T18:30:50 <flutterbrony> bon bah a@+
2014-10-19T18:30:52 *** adriens33 est parti
2014-10-19T18:30:54 <Ikledoreboline> +
2014-10-19T18:32:08 <Ikledoreboline> J'adore le Japppooon <3 ils arrivent à faire marcher des chats debout à reculons :D
2014-10-19T18:32:12 <tenoricat> :3
2014-10-19T18:32:52 <Tsumenokage_> ^^
2014-10-19T18:37:25 <Ikledoreboline> http://www.metronews.fr/info/l-infirmiere-tue-38-patients-parce-qu-elle-les-trouve-ennuyeux/mnjn!4sGMg34tE9FwM/ bah, je la comprends, c'est toujours relou ! xD
2014-10-19T18:39:08 <Ikledoreboline> "L’infirmière se serait prise en photo le pouce levé, aux côtés d’un patient décédé..." ça me fait penser à south park avec Cartman et Butters x'D
2014-10-19T18:43:02 <tenoricat> sympathique
2014-10-19T18:49:06 *** Silou s'est connecté
2014-10-19T18:52:02 <Ikledoreboline> Yop Silou, bon j'afk
2014-10-19T18:52:07 <Silou> plop
2014-10-19T18:52:59 <Tsumenokage_> yop Silou
2014-10-19T19:17:47 *** Jinxypie s'est connecté
2014-10-19T19:43:09 *** tenoricat est parti
2014-10-19T19:51:34 <Ikledoreboline> Re / Yop, je la trouve trop badass la musique qu'il y à dans coca cola zero (si vous l'avez-vu, j'ai le titre bien-sûr xD)
2014-10-19T19:52:57 <flutterbrony> ah toi aussi t'as les pubs juste a coté de toi ?
2014-10-19T19:53:40 <Ikledoreboline> Heu non, j'ai juste allumé la télé vendredi pour voir rapido koh-lanta, j'ai vu la pub j'ai éteint la télé, je suis aller chercher la chanson sur le net et j'ai pas rallumer la télé et j'ai aucune pub sur l'ordinateur. XD
2014-10-19T20:07:12 <Ikledoreboline> Puah, je viens de me rencontre qu'une musique dans ma playlist c'est de la bullshit =____="
2014-10-19T20:07:22 <Ikledoreboline> rendre compte* désolé fatigué :'3
2014-10-19T20:33:30 *** tenoricat s'est connecté
2014-10-19T20:37:27 *** tenoricat est parti
2014-10-19T21:45:06 <TrappyTickles> Jinxypie, c'est toujours ok pour demain? ^^
2014-10-19T21:48:16 <Jinxypie> Euh...
2014-10-19T21:48:21 <Jinxypie> Pour quoi déjà ?
2014-10-19T21:48:23 <Jinxypie> ^^'
2014-10-19T21:48:48 <Jinxypie> Ah...
2014-10-19T21:49:42 <TrappyTickles> :p
2014-10-19T21:52:42 <flutterbrony> ah salut
2014-10-19T21:52:51 <TrappyTickles> oi
2014-10-19T21:52:57 <Tsumenokage> salut
2014-10-19T21:53:10 <Ikledoreboline> yop trappy
2014-10-19T21:53:55 <flutterbrony> TrappyTickles, tu peux tester la sécurité d'un site web ?
2014-10-19T21:54:29 <TrappyTickles> mmm pas vraiment, je suis pas hacker :p
2014-10-19T21:54:46 <flutterbrony> ah dommage :p
2014-10-19T21:55:24 <flutterbrony> et Jinxypie ?
2014-10-19T21:56:01 <Silou> Ce site est-il à toi ?
2014-10-19T21:56:03 <Jinxypie> Pas le temps ce soir
2014-10-19T21:56:15 <Jinxypie> Et même question que silou.
2014-10-19T21:56:24 <flutterbrony> Bah, c'est un site généré par ma box
2014-10-19T21:56:24 <Jinxypie> Ou alors je te le facture bobon
2014-10-19T21:56:37 <Silou> Généré par ta box ?
2014-10-19T21:56:37 <Jinxypie> w00t ?
2014-10-19T21:56:48 <Silou> L'interface officielle de ton FAI ?
2014-10-19T21:56:56 <flutterbrony> ouais
2014-10-19T21:57:05 <Silou> Sert à rien alors ~
2014-10-19T21:57:06 <flutterbrony> elle est a 82.228.229.1:20
2014-10-19T21:57:43 <flutterbrony> Mais j'ai eu une connexion de l'exterieur dessus par quelqu'un qui n'étais pas cencé s'y connecter
2014-10-19T21:58:22 <Silou> C'est un port FTP
2014-10-19T21:58:29 <Silou> Pourquoi il serait ouvert ?
2014-10-19T21:58:55 <flutterbrony> parce que c'est pas un ftp justement
2014-10-19T21:59:11 <flutterbrony> C'est du http
2014-10-19T21:59:24 <Silou> Il se peut que la page Web à l'adresse http://82.228.229.1:20/ soit temporairement inaccessible ou qu'elle ait été déplacée de façon permanente à une autre adresse Web.
2014-10-19T21:59:25 <Silou> Code d'erreur : ERR_UNSAFE_PORT.
2014-10-19T21:59:51 <Jinxypie> Silou, rappelles moi ton taf ?
2014-10-19T21:59:58 <Silou> Etudiant
2014-10-19T22:02:21 <Ikledoreboline> x3
2014-10-19T22:02:34 * Ikledoreboline s'incruste discrètement.
2014-10-19T22:02:47 <Silou> En fait c'est surtout que je suis occupé
2014-10-19T22:02:59 <Silou> Et que ma kali n'est pas connectable au net depuis chez moi ~
2014-10-19T22:03:54 <Jinxypie> ça t'intéresse une license de L0phtCrack ?
2014-10-19T22:04:03 <Jinxypie> (J'en ai deux en rab)
2014-10-19T22:04:33 <Silou> Pourquoi pas :)
2014-10-19T22:05:17 <Silou> Sa gui me fait penser à celle de Maltego
2014-10-19T22:35:11 *** tenoricat s'est connecté
2014-10-19T22:50:01 *** tenoricat est parti
2014-10-19T23:04:51 *** Tsumenokage est parti
2014-10-19T23:12:11 <Ikledoreboline> Bon je vous laisse, bonne soirée ;)
2014-10-19T23:12:15 *** Ikledoreboline est parti
2014-10-19T23:12:29 <flutterbrony> pareil bonne nuit
2014-10-19T23:12:35 *** flutterbrony est parti
2014-10-19T23:58:05 *** TrappyTickles est parti
