2014-10-22T00:16:51 *** TrappyTickles est parti
2014-10-22T00:23:08 *** MaCharon est parti
2014-10-22T02:11:18 *** Jinxypie est parti
2014-10-22T05:09:09 *** Silou est parti
2014-10-22T05:23:44 *** Jinxypie s'est connecté
2014-10-22T06:22:33 <Berry-Punch> Voilà ce qu'il s'est passé *hic* ces 10 dernières lignes, adriens33
2014-10-22T06:22:34 *** adriens33 s'est connecté
2014-10-22T08:49:04 *** heuzef s'est connecté
2014-10-22T08:57:44 *** Bybeez s'est connecté
2014-10-22T08:57:52 <Bybeez> Salut les chocolatines
2014-10-22T08:58:05 <heuzef> Pains au chocolat*
2014-10-22T08:58:12 <adriens33> salut Bybeez
2014-10-22T08:58:15 <adriens33> *chocolatine
2014-10-22T08:58:16 <Bybeez> Chocolatine
2014-10-22T08:58:18 <adriens33> un pain au chocolat
2014-10-22T08:58:24 <heuzef> Pains au chocolat
2014-10-22T08:58:27 * Berry-Punch lance un muffin sur Bybeez à 441 km/h
2014-10-22T08:58:27 <heuzef> !muffin Bybeez
2014-10-22T08:58:29 <adriens33> c'est un bout de pain avec un morceau de chocolat dedans.
2014-10-22T08:58:36 <adriens33> une chocolatine c'est pas la même pâte.
2014-10-22T08:58:38 * Berry-Punch lance un muffin sur heuzef à 1567 km/h
2014-10-22T08:58:38 <Berry-Punch> MUFFIN RAINBOOM *hic* !!
2014-10-22T08:58:38 <Bybeez> !muffin heuzef
2014-10-22T08:58:40 <adriens33> c'pas du pain
2014-10-22T08:58:50 <Bybeez> exactement !
2014-10-22T08:58:57 * Berry-Punch lance un muffin sur heuzef à 2963 km/h
2014-10-22T08:58:57 <Berry-Punch> MUFFIN RAINBOOM *hic* !!
2014-10-22T08:59:12 <heuzef> Et comment t'appelle le pains avec du raisin dedans ?
2014-10-22T08:59:17 <adriens33> ._.
2014-10-22T08:59:19 *** Gordfang s'est connecté
2014-10-22T08:59:22 <heuzef> Une "raisintine" ?
2014-10-22T08:59:22 <adriens33> salut Gordfang
2014-10-22T08:59:32 <adriens33> cherche pas… ici on dit chocolatine point.
2014-10-22T08:59:36 <adriens33> on est pas à paris XD
2014-10-22T08:59:47 <Bybeez> Ici on est intelligent !
2014-10-22T08:59:52 <adriens33> Po PO POOOOOOOO
2014-10-22T08:59:53 <Gordfang> yo
2014-10-22T08:59:59 <Bybeez> Salut !
2014-10-22T09:00:07 <Gordfang> encore le débat débile sur les chocolatine?
2014-10-22T09:00:11 <adriens33> c'est heuzef
2014-10-22T09:00:19 <adriens33> bybeez dit salut les chocolatines
2014-10-22T09:00:27 <adriens33> heuzef corrige en "*pains au chocolat"
2014-10-22T09:00:28 <adriens33> XD
2014-10-22T09:00:43 <Bybeez> C'est un attaque personnelle !
2014-10-22T09:00:49 <adriens33> farpaitement !
2014-10-22T09:00:54 <heuzef> On est français pas anglais
2014-10-22T09:00:59 <adriens33> et alors ?
2014-10-22T09:01:04 <adriens33> chocolatine c'pas anglais
2014-10-22T09:01:08 <heuzef> si
2014-10-22T09:01:10 <adriens33> nan
2014-10-22T09:01:21 <Gordfang> je comprendrai jamais ca
2014-10-22T09:01:33 <heuzef> "Piece of breast with Chocolate in"
2014-10-22T09:01:34 <Gordfang> esque ta vie va changer car on utilise le mot chocolatine?
2014-10-22T09:01:44 <adriens33> bah pour lui oui… ^^
2014-10-22T09:01:49 <heuzef> Les sudiste me gonfle avec ça c'est tous xD
2014-10-22T09:01:59 <adriens33> t'es dans le sud s'ta pas remarqué.
2014-10-22T09:02:04 <Gordfang> car bon on dirai le débat sur l'homosexualité
2014-10-22T09:02:07 <adriens33> XD
2014-10-22T09:02:17 <Gordfang> "ca va rien changr a ma vie mais je gueule quand même"
2014-10-22T09:02:27 <adriens33> c'est un peu ça ouais…
2014-10-22T09:02:34 <Bybeez> Guerre de sécession française entre les chocolatines et les pains au chocolat
2014-10-22T09:02:40 <adriens33> mais bon moi perso dans mon coin tout seul je dis chocolatine.
2014-10-22T09:02:47 <adriens33> heuzef dit pain au chocolat s'il veut
2014-10-22T09:03:03 <adriens33> mais moi pas.
2014-10-22T09:03:04 <adriens33> :)
2014-10-22T09:03:05 <Gordfang> oui, déja au sud on fait la fêtes et ça déja tu comprend pas
2014-10-22T09:03:07 <adriens33> vala, débat réglé
2014-10-22T09:03:46 <adriens33> Gordfang t'y met pas non plus XD
2014-10-22T09:03:52 <Gordfang> :D
2014-10-22T09:04:01 <adriens33> sinon on va pas s'en sortir XD
2014-10-22T09:04:28 <Bybeez> XD
2014-10-22T09:04:34 <Gordfang> mais si
2014-10-22T09:05:00 <Gordfang> -> venez pas nous faire chier dans le sud-ouest bande de nornique!
2014-10-22T09:05:06 <adriens33> haaaan
2014-10-22T09:05:11 <heuzef> Mdr ce truc de dingue : http://www.chocolatineoupainauchocolat.fr/
2014-10-22T09:05:54 <Bybeez> Faut il piquer les merguez ?
2014-10-22T09:05:58 <adriens33> hmm…
2014-10-22T09:07:05 <Gordfang> donc c'est bien dans le sud ouest qu'on le dit
2014-10-22T09:07:14 <adriens33> et on est dans le sud ouest.
2014-10-22T09:07:16 <adriens33> cqfd
2014-10-22T09:07:25 <Bybeez> efld
2014-10-22T09:08:48 <heuzef> C'est de la responsabilité des autres régions d'apprendre au sud-ouest à employer mots correct
2014-10-22T09:08:56 <heuzef> Pauvre sud-ouest
2014-10-22T09:08:59 <adriens33> non mais écoutez le ce parigot!
2014-10-22T09:09:05 <adriens33> "faut civiliser le sud ouest"
2014-10-22T09:09:07 <heuzef> Normand
2014-10-22T09:09:13 <adriens33> on dirait un conquistador espagnol!
2014-10-22T09:09:15 <heuzef> pas parisien faut pas déconner non plus
2014-10-22T09:09:17 <adriens33> non mais ho!
2014-10-22T09:09:21 <heuzef> :D
2014-10-22T09:09:25 <Bybeez> Alors le mont sain-michel il est a qui ?
2014-10-22T09:09:31 <heuzef> Normandie
2014-10-22T09:09:33 <adriens33> à mon cul !
2014-10-22T09:09:34 <heuzef> Bien sûr
2014-10-22T09:09:53 <Bybeez> Bratagne (moitié breton par me mere et j'y tiens !)
2014-10-22T09:10:01 <Bybeez> Bretagne*
2014-10-22T09:10:06 <adriens33> *Britagne
2014-10-22T09:10:10 <adriens33> *Brotagne
2014-10-22T09:10:14 <adriens33> *Brutagne
2014-10-22T09:10:19 <Gordfang> salaud d'envahisseur nordiste! vous aurai jamais le sud ouest!
2014-10-22T09:10:22 <adriens33> XD
2014-10-22T09:10:33 * adriens33 sort les gros flingues et en passe a Gordfang
2014-10-22T09:10:44 <Bybeez> Hey, je suis métisse mais je suis né dans le saint sud-ouest !
2014-10-22T09:10:52 * adriens33 en passe a Bybeez aussi
2014-10-22T09:11:00 <Bybeez> Yay !
2014-10-22T09:11:00 <heuzef> T'as mère aurais du t'apprendre : "Viens mon chérie, on va en Normandie gouter les bons pain aux chocolat sur le Mt St Michel"
2014-10-22T09:11:09 <heuzef> xD
2014-10-22T09:11:11 <adriens33> *pan*
2014-10-22T09:11:19 <Bybeez> Non vu que le mont saint-michel est breton !
2014-10-22T09:11:38 * Bybeez charge son fusil a pompe
2014-10-22T09:12:19 <Gordfang> non désolé je suis patriote de ma région
2014-10-22T09:12:34 <Gordfang> vive les landes! vive les fêtes! et vive les chocolatines!
2014-10-22T09:12:52 <heuzef> Pas de bol quand même d'être né dans le sud-ouest
2014-10-22T09:13:03 <Gordfang> et pourquoi?
2014-10-22T09:13:06 <heuzef> xD
2014-10-22T09:13:22 <heuzef> Ba parceque quoi ... pas de bol
2014-10-22T09:13:32 <Gordfang> mais sinon?
2014-10-22T09:13:39 <heuzef> :P
2014-10-22T09:13:43 <Gordfang> développe ton argument?
2014-10-22T09:14:03 <Gordfang> car bon je peut dire pareil, c'est con d'être né a bordeaux, c'est con d'être né dans le nord
2014-10-22T09:14:17 <adriens33> sinon tu peux raccourcir.
2014-10-22T09:14:27 <adriens33> « c'est con d'être né » marche aussi. ^^
2014-10-22T09:14:37 <Gordfang> na
2014-10-22T09:14:39 <adriens33> (mais bon c'est un peu méchant XD)
2014-10-22T09:14:46 <Gordfang> y a la vodka et dragon age (et mlp)
2014-10-22T09:14:46 <Berry-Punch> J'adore *hic* ça !
2014-10-22T09:14:54 <adriens33> tiens, elle se réveille elle.
2014-10-22T09:16:51 <heuzef> Berry est née à Ponyville, elle s'en fou elle de tous ça
2014-10-22T09:17:11 <Gordfang> tant qu'elle peut boire
2014-10-22T09:17:18 <Gordfang> (elle à des origines landaise)
2014-10-22T09:17:24 <heuzef> Et manger des pain aux chocolat au sugar cub corner
2014-10-22T09:17:45 <Gordfang> je suis pas sur qu'il en fasse
2014-10-22T09:23:02 <heuzef> ;)
2014-10-22T09:23:11 <heuzef> C'est marrant quand même
2014-10-22T09:23:18 <heuzef> Quelque débats pourave de bon matin
2014-10-22T09:23:27 <heuzef> ça réveil l'IRC
2014-10-22T09:23:30 <Gordfang> et en plus je sait même pas comment les américain appelle ça
2014-10-22T09:24:17 <Bybeez> Aucune idée
2014-10-22T09:37:15 *** TrappyTickles s'est connecté
2014-10-22T09:40:54 <Gordfang> yo trappy
2014-10-22T09:42:15 <TrappyTickles> oi
2014-10-22T09:44:42 *** heuzef1 s'est connecté
2014-10-22T09:46:55 *** heuzef est parti
2014-10-22T11:24:46 *** Gordfang est parti
2014-10-22T11:31:23 *** Gordfang s'est connecté
2014-10-22T11:36:40 *** heuzef est parti
2014-10-22T12:13:00 *** Gordfang est parti
2014-10-22T12:20:29 *** heuzef s'est connecté
2014-10-22T12:24:57 *** Lenile s'est connecté
2014-10-22T12:25:00 <Lenile> Yow bande de fesses
2014-10-22T12:25:09 <heuzef> yo
2014-10-22T12:25:24 <heuzef> J'attend toujours de tes nouvelles toi
2014-10-22T12:25:40 <Lenile> Heuzef; tu sais pas ou je peut trouvé le logiciel outlook ?*
2014-10-22T12:25:53 <Lenile> J'ai plus de telephon
2014-10-22T12:26:00 <Lenile> Et je suis en Alsace pour le moment ^^
2014-10-22T12:26:06 <Lenile> telephone*
2014-10-22T12:26:08 <adriens33> salut Lenile
2014-10-22T12:26:16 <Lenile> Salut adriens33
2014-10-22T12:26:19 <adriens33> à mon avis outlook tu cherches sur le site de microsoft tu devrais trouver XD
2014-10-22T12:26:49 <adriens33> (ou alors si tu veux une version… plus ouverte, tu vas sur thepiratebay ^^)
2014-10-22T12:26:56 <Lenile> Trouvé !
2014-10-22T12:26:58 <adriens33> (me souviens plus s'il est payant)
2014-10-22T12:27:05 <Lenile> J'vais aller sur TPB je pense xD
2014-10-22T12:27:13 <adriens33> ^^
2014-10-22T12:27:51 *** Yvan33 s'est connecté
2014-10-22T12:27:53 <Bybeez> yo yo yo
2014-10-22T12:27:57 <adriens33> salut Yvan33
2014-10-22T12:29:22 <Lenile> Salut yvan33
2014-10-22T12:29:30 <Lenile> TOUS SUR LA VISIOCONFERENCE 8D
2014-10-22T12:29:37 <adriens33> Hmmm… nope.
2014-10-22T12:30:00 <Lenile> Aller je veux voir ma petite tête blonde d'heuzef o/
2014-10-22T12:30:06 <adriens33> ça marche bien que sous chrome et ça bouffe masse de bande passante… XD
2014-10-22T12:30:27 <Yvan33> salut salut
2014-10-22T12:30:29 <heuzef> adriens33 plus maintenant ;)
2014-10-22T12:30:30 <Lenile> xD
2014-10-22T12:30:34 <adriens33> ah ?
2014-10-22T12:30:38 <Lenile> J'ai pas de cam moi
2014-10-22T12:30:43 <Lenile> Seulement la téléen à une xD
2014-10-22T12:30:51 <Yvan33> Moi jai que un micro
2014-10-22T12:30:59 <adriens33> en fait lenile c'est parce qu'il fait du nudisme XD
2014-10-22T12:31:02 <heuzef> Suffit de rajouter ?video=false a la fin du lien dans ce cas
2014-10-22T12:31:18 <Yvan33> ah, je vois que certains suivent boblenon actuelement
2014-10-22T12:31:26 <adriens33> non, c'pas vrai. XD
2014-10-22T12:31:46 <Yvan33> Sous le pagne mon précieux
2014-10-22T12:31:52 <adriens33> owiiii le pagne !
2014-10-22T12:31:59 <Yvan33> nous le voulons
2014-10-22T12:32:10 <adriens33> sous notre paaagne :)
2014-10-22T12:32:36 <adriens33> (et là tout le monde s'enfuit. XD)
2014-10-22T12:32:42 <Yvan33> il est énorme quand il s'y met, il le fait trop bien
2014-10-22T12:32:49 <adriens33> j'avoue… ^^
2014-10-22T12:33:53 <adriens33> oh! ça crashe…
2014-10-22T12:33:57 <adriens33> comme d'habitude…
2014-10-22T12:34:10 <adriens33> en fait c'est à cause de pulseaudio
2014-10-22T12:34:17 <adriens33> le souci c'est que si je vire pulseaudio… plus de skype.
2014-10-22T12:34:24 <adriens33> (il marche plus sans)
2014-10-22T12:34:25 <Lenile> adriens33 faut pas le dire
2014-10-22T12:34:39 <Yvan33> Je suis pas sur skype avec vous d'ailleurs
2014-10-22T12:34:52 <adriens33> j'ai mis mon skype sur le site pour qui le veut^^
2014-10-22T12:35:02 <Lenile> J'ai un gros sexe donc _a va
2014-10-22T12:35:03 <Lenile> :D
2014-10-22T12:35:14 <adriens33> ?
2014-10-22T12:35:18 <Yvan33> well, that escaladate fast
2014-10-22T12:35:51 <adriens33> *escalated
2014-10-22T12:36:14 <Yvan33> moui, c'est la même chose
2014-10-22T12:36:31 <Lenile> Tu veux Escalader mon sexe ? :D
2014-10-22T12:37:21 <Yvan33> Nan, la discussion est passé de skype a ton sexe
2014-10-22T12:37:34 <Yvan33> Ce qui fut assez rapide si tu veux mon avis
2014-10-22T12:37:44 <adriens33> (sa femme lui dit souvent)
2014-10-22T12:38:00 <Yvan33> Haaaaaaaaaaaan ce mal parler de l'amour!
2014-10-22T12:38:03 *** Lenile est parti
2014-10-22T12:38:08 <adriens33> ah.
2014-10-22T12:38:09 <adriens33> merde.
2014-10-22T12:38:09 <adriens33> XD
2014-10-22T12:38:21 <adriens33> il est parti faire du nudisme plus loin.
2014-10-22T12:38:21 <adriens33> XD
2014-10-22T12:39:20 <Yvan33> XD
2014-10-22T12:47:29 *** Lenile s'est connecté
2014-10-22T12:47:39 <Lenile> Desoler ça ma redeùarer le network
2014-10-22T12:47:51 <Lenile> يبلالىلاتب ععغيااؤلالا قفثبلبلان
2014-10-22T12:47:51 <Yvan33> genre
2014-10-22T12:48:04 <Lenile> Le clavier de mon papa ecris arabe o/
2014-10-22T12:48:16 <Lenile> adriens33
2014-10-22T12:48:30 <Lenile> Outlook me demande d'instaler un module complémentaire appeler 30.
2014-10-22T12:48:31 <heuzef> C'est marrant tu viens d'écire
2014-10-22T12:48:32 <heuzef> Blalylatb Aagiaaalala Agaftbulbulan
2014-10-22T12:48:35 <Lenile> Mais je l'instale avec quoi ? xD
2014-10-22T12:48:54 <Lenile> heuzef tu sais lire l'arabe ? xD
2014-10-22T12:49:10 <heuzef> Lenile c'est pourquoi Outlook ?
2014-10-22T12:49:20 <Lenile> Pour mo, papa
2014-10-22T12:49:32 <Lenile> Il à des fichier outlook à DL mais y arrive pas
2014-10-22T12:49:36 <Lenile> Donc j'instale outlook
2014-10-22T12:49:44 <adriens33> je sais même pas de quoi tu cause là… module 30 ? oO ton install à l'air foireuse XD
2014-10-22T12:49:45 <heuzef> Le mieux c'est de télécharger à cette adresse plutot : https://www.mozilla.org/fr/thunderbird/
2014-10-22T12:50:02 <adriens33> heuzef: ça dépend, s'il veut outlook pour du mail en exchange
2014-10-22T12:50:07 <adriens33> il pourra pas utiliser thunderbird.
2014-10-22T12:50:09 <heuzef> Pffff
2014-10-22T12:50:24 <adriens33> (ouais, je sais, le exchange ça pue… mais y'a plein de boites ou t'as pas trop beaucoup le choix en fait.)
2014-10-22T12:50:28 <Lenile> Bah s'pour un mail oui qu'il veux outlook
2014-10-22T12:50:40 <heuzef> Un mail quel format ?
2014-10-22T12:50:42 <adriens33> nan mais… si c'est un mail normal thunderbird ça marche
2014-10-22T12:51:00 <adriens33> si c'est du exchange (=pas du mail "normal", le protocole Microsoft qui casse les couilles)
2014-10-22T12:51:05 <heuzef> Oui, au pire tu fait un cat dessus soit doit afficher le contenu brut
2014-10-22T12:51:05 <adriens33> là c'est outlook point.
2014-10-22T12:51:53 <adriens33> tu fais un cat sur une adresse toi.*
2014-10-22T12:52:16 <heuzef> un fichier pas une adresse
2014-10-22T12:52:37 <adriens33> Lenile: c'est pour une boite mail ou pour lire des fichiers emails ?
2014-10-22T12:52:39 <adriens33> en local
2014-10-22T12:52:41 <adriens33> ?
2014-10-22T12:52:47 <Lenile> Boite mail me semble
2014-10-22T12:52:50 <adriens33> ah.
2014-10-22T12:52:54 <Lenile> Je lui demande des qu'il à fini
2014-10-22T12:52:59 <adriens33> donc heuzef c'était bien une adresse ;)
2014-10-22T12:53:21 <heuzef> "il me emble"
2014-10-22T12:53:38 <Lenile> Il a enregistré sur un disque dur des mails qu'il doit juste ouvrir
2014-10-22T12:53:49 <heuzef> Voila, donc fichier
2014-10-22T12:53:50 <Lenile> Thunderbird ?
2014-10-22T12:53:57 <Lenile> ou Outlook .
2014-10-22T12:53:59 <Lenile> ?
2014-10-22T12:54:04 <heuzef> Ni l'un ni l'autre
2014-10-22T12:54:25 <heuzef> Tu devrais etre en mesure de lire le contenu des fichiers directement
2014-10-22T12:54:30 <heuzef> ça dépend du format
2014-10-22T12:54:33 <Lenile> u.u
2014-10-22T12:54:38 <adriens33> ouais, mais si c'est un mail en html
2014-10-22T12:54:43 <heuzef> Ba firefox
2014-10-22T12:54:43 <adriens33> un client email serait plus pratique.
2014-10-22T12:54:43 <heuzef> go
2014-10-22T12:54:44 <adriens33> ^^
2014-10-22T12:54:45 <adriens33> nan
2014-10-22T12:54:54 <adriens33> firefox lit pas les .eml
2014-10-22T12:54:58 <Lenile> J'vous laisse vous battre x)
2014-10-22T12:55:00 <adriens33> (thunderbird oui par contre)
2014-10-22T12:55:14 <heuzef> De toute manière sans infos complémentaire
2014-10-22T12:55:20 <heuzef> peu pas savoir
2014-10-22T12:55:28 <adriens33> (si ça se trouve c'est un screenshot d'une page gmail… XD)
2014-10-22T12:55:35 <adriens33> (et on s'emmerde pour quedal XD°
2014-10-22T12:55:37 <adriens33> * )
2014-10-22T12:55:39 <heuzef> ouais
2014-10-22T12:57:42 <heuzef> Et au passage, si c'est du .eml
2014-10-22T12:58:01 <heuzef> Suffit de rajouter .html à la fin, l'ouvrir avec Firefox, c'est à peut prêt lisible
2014-10-22T12:58:04 <Lenile> Ouaiiiiiiis ?
2014-10-22T12:58:11 <heuzef> Pas les images par contre
2014-10-22T12:58:15 <heuzef> ni PJ
2014-10-22T12:58:21 <heuzef> juste le texte
2014-10-22T12:58:27 <adriens33> cherche pas compliqué… installe thunderbird et tu ouvres ton mail avec.
2014-10-22T12:58:37 <adriens33> t'auras le html, les pj, les images.
2014-10-22T12:58:42 <adriens33> (et les champs d'en tête bien formatés)
2014-10-22T12:58:44 <adriens33> ^^
2014-10-22T12:59:37 <heuzef> Y'a du monde qui va à la Giroll Party Samedi ?
2014-10-22T12:59:50 <heuzef> http://cloud.giroll.org/apps/files_sharing/get.php?token=d3cd9dcf5797467525ca0aeea252c63a8dec6ae0&path=/utopic.pdf
2014-10-22T12:59:54 <Lenile> la quoi ? o.o
2014-10-22T13:00:00 <Lenile> giroll party ? o.o
2014-10-22T13:00:43 <adriens33> GIROLL: Gironde Logiciels Libres. Un collectif qui promeut l'usage des logiciels libres.
2014-10-22T13:00:45 <heuzef> C'est une endroit on on mange des champignons hallucinogène pour finir en partouse
2014-10-22T13:00:47 <adriens33> Party: fête en anglais.
2014-10-22T13:00:54 <heuzef> Ouais ou ça aussi
2014-10-22T13:00:54 <adriens33> plus de précisions ?
2014-10-22T13:00:58 <heuzef> mais c'est kiff kiff
2014-10-22T13:04:31 *** TrappyTickles est parti
2014-10-22T13:08:49 *** TrappyTickles s'est connecté
2014-10-22T13:11:24 *** Gordfang s'est connecté
2014-10-22T13:12:42 <heuzef> Putain la blague chez numéricable/SFR
2014-10-22T13:12:52 <heuzef> Je viens de recevoir un vieux SMS
2014-10-22T13:13:08 <heuzef> Alerte conso NUMERICABLE: Vos appels depuis le 0631326654 dépasseront bientot la durée raisonnable prévue au contrat. Vous risquez une restriction de ligne.
2014-10-22T13:13:20 <heuzef> ça pue l'embrouille a mort xD
2014-10-22T13:13:30 *** MaCharon s'est connecté
2014-10-22T13:13:42 <MaCharon> salut Oo il y a du monde
2014-10-22T13:14:00 <heuzef> Je suis comme chuck norris en faite, Numéricable veut susprendre mon tel parceque j'ai dépasser mon forfait illimité
2014-10-22T13:14:31 <MaCharon> quel rapport avec chuck norris ?
2014-10-22T13:14:43 <MaCharon> ah ok j'ai compris :p
2014-10-22T13:14:53 <MaCharon> ben....GG
2014-10-22T13:15:13 <adriens33> salut MaCharon
2014-10-22T13:15:24 <MaCharon> cc
2014-10-22T13:15:47 <adriens33> heuzef: j'aime le concept de "fair use" sur un truc illimité…
2014-10-22T13:16:00 <adriens33> genre c'est illimité, mais si tu dépasses la limite pan pan cul cul…
2014-10-22T13:16:22 <MaCharon> c'est assez...paradoxal
2014-10-22T13:16:28 <adriens33> nan, c'est exprès.
2014-10-22T13:16:38 <adriens33> on te dit que c'est illimité comme ça tu as tendance à consommer à mort.
2014-10-22T13:16:52 <adriens33> puis quand t'as dépassé la limite on te met devant le fait accompli et tu raques encore plus.
2014-10-22T13:17:10 <adriens33> c'est juste fourbe. ^^
2014-10-22T13:17:15 <MaCharon> ben soit c'est illimité soit t'as oublié de lire les petites closes :p
2014-10-22T13:17:42 <adriens33> beh si c'est pas illimité techniquement ils n'ont pas le droit de dire que ça l'est…
2014-10-22T13:18:01 <adriens33> mais  bon personne va aller leur dire, ils s'en foutent il le feront quand même.
2014-10-22T13:18:23 <MaCharon> de la pure enculade et foutage de gueule
2014-10-22T13:18:29 <adriens33> ouaip. :)
2014-10-22T13:18:33 <adriens33> t'a tout compris.
2014-10-22T13:19:37 <MaCharon> j'aime pas le principe de dire un truc alors que ça l'est pas, que tu te fasse avoir parce que t'as pas tout lu dans le contrat ok mais la....
2014-10-22T13:19:37 <heuzef> Puis entre ça et le reseaux qui ram à mort .....
2014-10-22T13:20:41 <adriens33> MaCharon: c'est le principe même du marketing et de la publicité. bonne chance.
2014-10-22T13:21:00 <heuzef> 3.8 Conditions d’utilisation des offres de
2014-10-22T13:21:00 <heuzef> téléphonie
2014-10-22T13:21:00 <heuzef> Les offres de téléphonie fixe, mobile et
2014-10-22T13:21:00 <heuzef> services attachés sont valables pour une
2014-10-22T13:21:01 <heuzef> durée continue des appels de deux (2) heures ;
2014-10-22T13:21:01 <heuzef> au-delà la communication du Client peut être
2014-10-22T13:21:01 <heuzef> interrompue par la Société afin d’assurer la
2014-10-22T13:21:01 <heuzef> fluidité nécessaire sur le réseau au bénéfice
2014-10-22T13:21:02 <heuzef> de l’ensemble des clients.
2014-10-22T13:21:03 <heuzef> Ha !
2014-10-22T13:21:14 <adriens33> c'est pas ça qu'il te disent…
2014-10-22T13:21:32 <adriens33> ils t'enverraient pas un warning parce que tu appelles plus de 2h
2014-10-22T13:21:39 <adriens33> vu qu'ils coupent au bout de 2h l'appel;
2014-10-22T13:21:46 <adriens33> ça doit être en durée cumulée
2014-10-22T13:21:51 <adriens33> (genre plus de x heures dans le mois)
2014-10-22T13:23:32 <heuzef> 3.8 Conditions d’utilisation des offres de
2014-10-22T13:23:32 <heuzef> téléphonie
2014-10-22T13:23:32 <heuzef> Les offres de téléphonie fixe, mobile et
2014-10-22T13:23:32 <heuzef> services attachés sont valables pour une
2014-10-22T13:23:32 <heuzef> durée continue des appels de deux (2) heures ;
2014-10-22T13:23:33 <heuzef> au-delà la communication du Client peut être
2014-10-22T13:23:33 <heuzef> interrompue par la Société afin d’assurer la
2014-10-22T13:23:33 <heuzef> fluidité nécessaire sur le réseau au bénéfice
2014-10-22T13:23:33 <heuzef> de l’ensemble des clients.
2014-10-22T13:23:45 <heuzef> Même leur CGV semble fourbe
2014-10-22T13:23:49 <adriens33> nan mais… ça sert à rien de le recoller là, je sais lire. ^^
2014-10-22T13:24:23 <heuzef> Nan mauvais c/c
2014-10-22T13:24:27 <adriens33> mais il manque un bout  à mon avis… l'histoire du fair use c'est pas sur la durée d'un seul appel
2014-10-22T13:24:28 <adriens33> ah
2014-10-22T13:24:47 <adriens33> c'est comme genre si en 4G illimité tu dépasses 2Go t'es bridé en débit
2014-10-22T13:24:52 <adriens33> (par exemple)
2014-10-22T13:25:10 <heuzef> www.numericable.fr/pdf/tarifs.pdf
2014-10-22T13:26:07 <heuzef> 3.8.1
2014-10-22T13:26:53 <adriens33> tain la limite de 160 caractères pour les sms me fera toujours marrer…
2014-10-22T13:27:04 <adriens33> c'pas comme si la voix ça prenait vachement plus de bande passante. XD
2014-10-22T13:27:21 <adriens33> (bon cela dit twitter et sa limite à 140 c'est encore plus con XD)
2014-10-22T13:28:39 <Yvan33> Ouah plein de truc a rattraper
2014-10-22T13:28:49 <MaCharon> ?
2014-10-22T13:29:02 <adriens33> déjà t'as pas le droit d'envoyer de sms à plus de 99 personnes dans le même mois.
2014-10-22T13:29:11 <adriens33> première limitation débile. yay !
2014-10-22T13:29:42 <adriens33> « pour la navigation en mobilité, un volume
2014-10-22T13:29:42 <adriens33> d’échange de données par mois (variable
2014-10-22T13:29:42 <adriens33> selon les offres) au-delà duquel le débit
2014-10-22T13:29:43 <adriens33> maximum de connexion est réduit jusqu’à la prochaine date de facturation.  »
2014-10-22T13:31:52 <Yvan33> Ah ok ça parle de forfait, nothing to do here!
2014-10-22T13:33:14 <adriens33> « l’utilisation de l’offre pour effectuer des envois en masse de messages de façon automatisée ou non »
2014-10-22T13:33:26 <adriens33> techniquement là ça te dit que t'as pas le droit de souhaiter de bonne année en faisant un sms groupé.
2014-10-22T13:33:31 <adriens33> (automatisé ou NON)
2014-10-22T13:33:43 <adriens33> ça commence bien.
2014-10-22T13:34:10 <heuzef> C'est bien drôle de lire les CGV en faite
2014-10-22T13:35:03 <adriens33> mais trop !
2014-10-22T13:35:13 <adriens33> tu t'aperçois à quel point on te la met profond !
2014-10-22T13:36:06 <adriens33> « La suppression à l’initiative du Client du bouquet de télévision souscrit dans le cadre
2014-10-22T13:36:06 <adriens33> d’un pack entraînera, compte tenu de la modification des Services, un réengagement au(x) Service(s) pour une période minimale de douze (12) mois.»
2014-10-22T13:36:15 <adriens33> tu veux plus de la télé ? vlan, t'es reparti pour un an.
2014-10-22T13:39:28 <adriens33> oh les enfoirés XD
2014-10-22T13:39:38 <adriens33> « entre 16 et 200 Mb/s IP minimum pour une offre jusqu’à 200 Mb/s »
2014-10-22T13:39:49 <adriens33> t'as un accès fibre garanti à 200Mbps
2014-10-22T13:39:53 <adriens33> t'en a que 16
2014-10-22T13:39:56 <adriens33> ben tu peux rien dire.
2014-10-22T13:39:57 <adriens33> XD
2014-10-22T13:40:32 <adriens33> (16M c'est bien… mais pas quand t'en paie 200.XD)
2014-10-22T13:43:01 <heuzef> Je suis deg
2014-10-22T13:43:03 <heuzef> Mas bon
2014-10-22T13:43:13 <heuzef> Peut importe quel opérateur tu prend
2014-10-22T13:43:20 <heuzef> tous les même connards
2014-10-22T13:43:45 *** heuzef est parti
2014-10-22T13:44:48 *** heuzef s'est connecté
2014-10-22T13:59:44 *** Yvan33 est parti
2014-10-22T14:03:35 *** Lenile est parti
2014-10-22T14:15:21 *** Silou s'est connecté
2014-10-22T14:54:12 *** TrappyTickles est parti
2014-10-22T15:56:30 *** Gordfang est parti
2014-10-22T16:31:13 *** Lenile s'est connecté
2014-10-22T16:31:50 <Lenile> Moi je connais un endroit ou Silou ne peut pas scuatter :D
2014-10-22T16:32:11 <adriens33> re Lenile
2014-10-22T16:32:13 <adriens33> ^^
2014-10-22T16:32:15 <heuzef> Quoi avec Silou encore ?
2014-10-22T16:32:27 <adriens33> (tain avec toutes ces déco reco de tout le monde j'arrive plus à suivre qui fait quoi XD)
2014-10-22T16:32:40 <Lenile> HUMOU HEUZEF
2014-10-22T16:32:42 <Lenile> u.u
2014-10-22T16:32:42 <MaCharon> re
2014-10-22T16:32:49 <heuzef> Humou toi même
2014-10-22T16:33:01 <Lenile> J'vais t'enfoncer mon humour tu va kiffer 8D
2014-10-22T16:33:06 <adriens33> heum…
2014-10-22T16:33:10 <adriens33> pas en public. XD
2014-10-22T16:33:17 <adriens33> (pis je pense pas que sa  cop soit d'accord ;) )
2014-10-22T16:33:20 <Lenile> Une bonne dose d'humour !
2014-10-22T16:33:30 <Lenile> Finnalement c'est qui Jinxypie ?
2014-10-22T16:33:35 <adriens33> c'est Leta T.T
2014-10-22T16:33:42 <Lenile> Haaaaa ok
2014-10-22T16:33:48 <adriens33> tu dois être le seul pas au courant encore. XD
2014-10-22T16:33:53 <Lenile> Me disait bien il était plus la
2014-10-22T16:34:02 <Lenile> Bah en même temps je suis en Alsace...
2014-10-22T16:34:10 <adriens33> questu fous là bas ? o.O
2014-10-22T16:34:15 <Lenile> Vacances
2014-10-22T16:34:19 <adriens33> oké.
2014-10-22T16:34:24 <adriens33> t'es loin dis donc :p
2014-10-22T16:34:54 <adriens33> y'fait pas trop moche là haut ? :p
2014-10-22T16:35:12 <Lenile> Si xD
2014-10-22T16:35:19 <Lenile> Fait beau en bas ?
2014-10-22T16:35:21 <adriens33> Bé nous il fait beau :p
2014-10-22T16:35:26 * adriens33 tire la langue *
2014-10-22T16:35:55 <Lenile> Doit faire 10 degres dehors e.e
2014-10-22T16:36:04 <adriens33> ah, beh c'est le Nord, hein.
2014-10-22T16:36:07 <Lenile> PAR CONTRE
2014-10-22T16:36:24 <Lenile> Je vais prendre rendez vous avec mon ami Diego. Un brony d'alsace pour qu'il crée un collectif la haut !
2014-10-22T16:36:35 <adriens33> plus de bronies !
2014-10-22T16:37:24 <Lenile> Nan mais il à une 10ene d'(ami bronies dans son entourages
2014-10-22T16:37:28 <Lenile> Juste dans son entourage
2014-10-22T16:37:33 <adriens33> ah ouais o.O
2014-10-22T16:37:37 <adriens33> y'a de quoi faire là
2014-10-22T16:37:39 <adriens33> déjà
2014-10-22T16:37:40 <heuzef> Héhé ^^
2014-10-22T16:37:58 <adriens33> bonjour, on est déjà en troupeau !
2014-10-22T16:38:02 <adriens33> on fait un collectif ?
2014-10-22T16:38:04 <adriens33> — Allez.
2014-10-22T16:38:25 <Lenile> C'est  ça xD
2014-10-22T16:38:38 <Lenile> Bon je vous laisse
2014-10-22T16:38:41 <adriens33> ok
2014-10-22T16:38:43 <adriens33> @+
2014-10-22T16:38:44 <Lenile> Vais me ballader avec mon papa !
2014-10-22T16:38:46 <Lenile> a plus !
2014-10-22T16:38:50 *** Lenile est parti
2014-10-22T16:39:18 <heuzef> ça me plait bien l'idée d'un collectif alsacien
2014-10-22T16:39:24 <heuzef> Sympathique
2014-10-22T17:00:09 *** heuzef est parti
2014-10-22T17:00:37 *** heuzef s'est connecté
2014-10-22T17:26:21 <Bybeez> Me revoila !
2014-10-22T17:26:27 <adriens33> re Bybeez
2014-10-22T17:26:28 <adriens33> :)
2014-10-22T17:43:21 <heuzef> Bybeez ?
2014-10-22T17:43:30 <Bybeez> oui ?
2014-10-22T17:43:35 <heuzef> PV ;)
2014-10-22T17:55:26 <Silou> Plop
2014-10-22T17:56:40 <Jinxypie> Beuarp
2014-10-22T17:56:51 <adriens33> tiens, salut Jinxypie
2014-10-22T17:56:52 <adriens33> ^^
2014-10-22T17:56:56 <adriens33> comment tu te sens ajd ?
2014-10-22T17:58:18 <Jinxypie> euh...
2014-10-22T17:58:22 <Jinxypie> Un poil fatigué
2014-10-22T17:58:27 <Jinxypie> Tu te mets à lol quand ?
2014-10-22T17:59:09 <adriens33> je sais pas…
2014-10-22T17:59:14 <adriens33> faut que je réinstalle un windows d'abord…
2014-10-22T17:59:22 <adriens33> XD
2014-10-22T18:28:10 *** Lenile s'est connecté
2014-10-22T18:28:14 <Lenile> Reuh
2014-10-22T18:28:17 <adriens33> re
2014-10-22T18:28:27 <Lenile> Du coup ces fameux ails c'est des fichiers .MSG
2014-10-22T18:28:33 <Lenile> Comment on ouvre ça ? xD
2014-10-22T18:29:00 <adriens33> essaie avec un truc du genre notepad++ voir à quoi ça ressemble… des fois que ça soit au format texte ^^'
2014-10-22T18:30:58 <Lenile> ça fait des null de partout xD
2014-10-22T18:31:02 <adriens33> ah…
2014-10-22T18:31:11 <adriens33> donc c'est pas au format mail standard…
2014-10-22T18:31:23 <Lenile> Thunderbird ?
2014-10-22T18:31:24 <adriens33> tu sais avec quoi ça a été enregistré au moins ? :/
2014-10-22T18:31:33 <Lenile> Outloook
2014-10-22T18:31:36 <adriens33> ah…
2014-10-22T18:31:38 <Lenile> Mais s'chiant
2014-10-22T18:31:39 <adriens33> beh cherche pas alors…
2014-10-22T18:31:43 <Lenile> Thunderbird marcherais ?
2014-10-22T18:31:44 <adriens33> faut l'ouvrir avec outlook.
2014-10-22T18:31:57 <Lenile> Bah du .mdg avec Thunderbird nan ?
2014-10-22T18:32:06 <adriens33> beh si c'est au format outlook nan
2014-10-22T18:32:08 <Lenile> msg*
2014-10-22T18:32:09 <adriens33> 'fin ça serait étonnant
2014-10-22T18:32:37 <adriens33> (si les fichiers word s'affichent mal dans libreoffice c'est pas par plaisir, c'est parce que le format microsoft est dégueulasse et mal documenté *exprès*)
2014-10-22T18:33:48 *** Shinsaber s'est connecté
2014-10-22T18:33:52 <adriens33> tiens
2014-10-22T18:33:53 <adriens33> salut Shinsaber
2014-10-22T18:33:56 <adriens33> comment va ?
2014-10-22T18:34:03 <Shinsaber> salut le peuple ^^
2014-10-22T18:34:06 <heuzef> Yop
2014-10-22T18:34:23 <heuzef> Shinsaber: je pense avoir trouver une solution concernant le backup de BBBFF
2014-10-22T18:34:30 <Shinsaber> moi sa va bien, je me délire avec mon IPTables ^^
2014-10-22T18:34:50 <Shinsaber> heuzef: ???
2014-10-22T18:35:01 <Lenile> Salut Shinsaber
2014-10-22T18:35:25 <heuzef> Je peux dédié dans les 500 Go sur mon disque de 1TO (déjà dédié au backup) de mon NAS chez moi
2014-10-22T18:35:34 <heuzef> J'ai la connexion suffisante
2014-10-22T18:36:21 <Lenile> Je peut faire Serveur aussi si vous le voulez
2014-10-22T18:36:27 <Lenile> Avec ma nouvelle connection o/
2014-10-22T18:36:36 <Lenile> Branché dirrectement sous fibre à mon pc
2014-10-22T18:37:07 <Shinsaber> sa peu ètre une solution heuzef ^^
2014-10-22T18:37:22 <heuzef> Lenile dis m'en plus ? =)
2014-10-22T18:37:47 <Lenile> Heuzef : J'ai branché ma box numericable par Coaxiale dans ma chambre et mes 2 PC sont branchées en Ethernet
2014-10-22T18:37:56 <Lenile> Je touche du 10 / 15 MO Secondes
2014-10-22T18:38:26 <Shinsaber> après tous le conon je suis pas sur que sa sois utile de le backup !!
2014-10-22T18:38:51 <heuzef> tes 2 pc c'est des serveur ?
2014-10-22T18:39:02 <heuzef> Combien tu aurais d'espace à dédié ?
2014-10-22T18:40:20 <Lenile> J'peut avoir 500 Gb environs
2014-10-22T18:40:24 <Lenile> On en reparle plus tard
2014-10-22T18:40:36 <Lenile> Plus plus bisous bisous
2014-10-22T18:40:48 <Lenile> Je peut mettre mon PC fixe en mode serveur
2014-10-22T18:40:49 <Lenile> :)
2014-10-22T18:44:58 <heuzef> Quel OS ?
2014-10-22T18:45:49 <Lenile> windaube
2014-10-22T18:46:06 <heuzef> Ok c'est mort
2014-10-22T18:46:43 <heuzef> J'allais hésiter entre une base debian et red hate
2014-10-22T18:46:49 <heuzef> Et tu me parle de windows
2014-10-22T18:46:53 <heuzef> haha
2014-10-22T18:47:53 *** Shinsaber est parti
2014-10-22T18:48:04 *** Shinsaber s'est connecté
2014-10-22T18:52:39 *** Shinsaber est parti
2014-10-22T18:52:51 *** Shinsaber s'est connecté
2014-10-22T18:54:48 <Shinsaber> putin de co qui décroche .....
2014-10-22T18:58:22 <Bybeez> Salut !
2014-10-22T18:58:31 <adriens33> re shinsaber
2014-10-22T18:58:35 <adriens33> et encore re shinsaber
2014-10-22T18:58:36 <adriens33> :)
2014-10-22T18:58:53 <adriens33> les joies de l'adsl… XD
2014-10-22T19:05:04 *** Shinsaber est parti
2014-10-22T19:18:24 *** Lenile est parti
2014-10-22T19:22:46 *** heuzef est parti
2014-10-22T19:23:01 <adriens33> oua, tout le monde se barre XD
2014-10-22T21:59:33 <Bybeez> MaCharon, on se retrouve demain ou après demain finalement ?
2014-10-22T21:59:51 <MaCharon> vendredi serait le meiux apparement
2014-10-22T22:00:04 <Bybeez> Ok pour moi aussi tant mieux
2014-10-22T22:00:10 <MaCharon> ok
2014-10-22T22:04:34 *** MaCharon est parti
2014-10-22T22:04:34 *** Bybeez est parti
2014-10-22T22:56:38 *** Reblochon s'est connecté
2014-10-22T22:56:43 <Reblochon> yo
2014-10-22T22:58:53 <adriens33> oi
2014-10-22T23:23:16 *** Reblochon est parti
2014-10-22T23:51:39 *** Lenile s'est connecté
2014-10-22T23:51:40 <Lenile> Putain les mecs ! o.o
2014-10-22T23:51:46 <Silou> Nope
2014-10-22T23:51:46 <Lenile> adriens33 !
2014-10-22T23:51:53 <Silou> Bijour Lenile
2014-10-22T23:51:55 <Lenile> Nan mais j'aime l'alsace xD
2014-10-22T23:52:13 <Lenile> Salut Silou
2014-10-22T23:52:14 <Lenile> En se moment en alsace il y a sociation de Clown qui agressent les gens. Ils sont tres dangeureux et recherchées par la police xD
2014-10-22T23:52:22 <Lenile> ENOOOOORME XD
2014-10-22T23:54:50 <Silou> ^^
2014-10-22T23:55:23 *** Lenile est parti
