2015-01-05T00:39:33 *** adriens33 est parti
2015-01-05T01:03:11 *** Gordfang est parti
2015-01-05T02:12:40 *** ELiDYROS s'est connecté
2015-01-05T02:12:43 *** ELiDYROS est parti
2015-01-05T08:01:42 *** adriens33 s'est connecté
2015-01-05T09:51:58 *** TrappyTickles s'est connecté
2015-01-05T11:57:50 *** adriens33 est parti
2015-01-05T14:04:48 *** adriens33 s'est connecté
2015-01-05T14:36:05 *** ELiDYROS s'est connecté
2015-01-05T14:36:42 <ELiDYROS> Hello
2015-01-05T14:39:32 <adriens33> salut ELiDYROS :)@
2015-01-05T14:39:42 <adriens33> (tiens hello TrappyTickles aussi, je t'avais pas vu ^^@
2015-01-05T14:39:44 <adriens33> *)
2015-01-05T15:07:47 <ELiDYROS> Pour le @ ?
2015-01-05T15:11:56 <ELiDYROS> pourquoi*
2015-01-05T15:11:57 <ELiDYROS> erf
2015-01-05T16:37:55 *** Fizzy s'est connecté
2015-01-05T16:37:58 *** Fizzy est parti
2015-01-05T16:42:14 *** adriens33 est parti
2015-01-05T17:05:23 *** ELiDYROS est parti
2015-01-05T17:55:11 *** MaCharon s'est connecté
2015-01-05T19:14:54 *** adriens33 s'est connecté
2015-01-05T20:44:39 *** ELiDYROS s'est connecté
2015-01-05T20:44:47 <ELiDYROS> re
2015-01-05T20:46:49 <ELiDYROS> J'ai encore passé ma journée à tout reranger
2015-01-05T20:46:58 <ELiDYROS> Je crois que je deviens un poil maniaque
2015-01-05T21:22:01 *** ELiDYROS est parti
2015-01-05T22:50:38 *** ludvann s'est connecté
2015-01-05T22:50:51 <adriens33> salut ludvann :)
2015-01-05T22:50:53 <ludvann> yo les pwnies ^^
2015-01-05T22:50:56 <ludvann> ça va ?
2015-01-05T22:51:01 <adriens33> ouai :D
2015-01-05T22:51:03 <adriens33> et toi ?
2015-01-05T22:51:07 <ludvann> bueno :-)
2015-01-05T22:51:15 <adriens33> (enfin de quoi mettre un peu d'animation XD)
2015-01-05T22:51:42 <ludvann> tu sous-entent que je suis une animation ?
2015-01-05T22:51:43 <ludvann> xD
2015-01-05T22:51:50 <adriens33> non
2015-01-05T22:51:54 <adriens33> je le sous entend pas.
2015-01-05T22:51:57 <adriens33> je le dis XD
2015-01-05T22:51:58 <ludvann> j'rigole ;-)
2015-01-05T22:52:00 <ludvann> xD
2015-01-05T22:52:03 <ludvann> foiré xD
2015-01-05T22:52:06 <adriens33> ouaip
2015-01-05T22:52:11 <adriens33> et alors ? =D
2015-01-05T22:52:21 <ludvann> rien ^^
2015-01-05T22:52:25 <ludvann> (pakiké)
2015-01-05T22:52:31 <ludvann> (nibané)
2015-01-05T22:52:32 <adriens33> tkt
2015-01-05T22:52:36 <ludvann> ;-)
2015-01-05T22:52:50 <ludvann> btw j'aurais besoin d'aide
2015-01-05T22:52:55 <adriens33> pour ?
2015-01-05T22:53:01 <ludvann> j'explique ^^
2015-01-05T22:53:07 <adriens33> bah oui ça serait bien.
2015-01-05T22:53:17 <ludvann> Je dois faire un apologue pour le français,
2015-01-05T22:53:28 <adriens33> (déjà je sais pas ce que c'est. XD
2015-01-05T22:53:28 <adriens33> )
2015-01-05T22:53:52 <ludvann> et j'ai choisi comme moral "la persévérance est toujours récompensée"
2015-01-05T22:54:08 <adriens33> /moral/morale
2015-01-05T22:54:21 <ludvann> et mon personnage principal est rainbow dash qui veut rentrer parmi les wonderbolts
2015-01-05T22:54:23 <adriens33> et t'as besoin d'aide pour 'uoi ?
2015-01-05T22:54:31 <adriens33> /'uoi/quoi/
2015-01-05T22:55:08 <ludvann> j'ai besoin d'aide pour trouver un prénom qui a une ressemble à RD pour ne pas mettre RD dans ma copie
2015-01-05T22:55:26 <ludvann> (même si je garde le nom des wonderbolts)
2015-01-05T22:55:40 <ludvann> (et je suis à l'époque contemporaine)
2015-01-05T22:55:44 <ludvann> :-|
2015-01-05T22:55:53 <adriens33> (*ressemblance) hmm.... Rainbow Flash ?
2015-01-05T22:56:04 <ludvann> mouais
2015-01-05T22:56:19 <ludvann> un prénom qu'on pourrait trouver :-/
2015-01-05T22:56:58 <adriens33> sais pas
2015-01-05T22:57:07 <adriens33> cherche un dictionnaire de prénoms :P
2015-01-05T22:57:19 <ludvann> trop lourd
2015-01-05T22:57:20 <ludvann> ^^'
2015-01-05T22:57:37 <ludvann> et casse bonbons
2015-01-05T22:58:04 <adriens33> bah je sais pas moi ^^"
2015-01-05T22:59:01 <ludvann> Rennes-jow Daft ?
2015-01-05T22:59:04 <ludvann> xD
2015-01-05T22:59:43 <adriens33> Rain Bow Crash
2015-01-05T23:00:02 <ludvann> x)
2015-01-05T23:01:07 <adriens33> (ouai, un arc-en-ciel en anglais c'est un arc de pluie =D )
2015-01-05T23:01:28 <ludvann> ouip
2015-01-05T23:01:40 <adriens33> c'est plus poétique
2015-01-05T23:01:44 <adriens33> XD
2015-01-05T23:02:35 <ludvann> ^^
2015-01-05T23:11:59 <ludvann> MaCharon, lis ce message quand tu veux mais, je te promet que la prochaine qu'on se voit je t'offrirai ton cadeau d'anniv' + nowel et en plus, ils seront customisés ^^ (je sais pas encore quoi mais ils le seront)
2015-01-05T23:12:19 <MaCharon> euh ok si tu veux
2015-01-05T23:12:26 <ludvann> ^^
2015-01-05T23:12:30 <ludvann> ;-)
2015-01-05T23:12:36 <MaCharon> XD
2015-01-05T23:12:49 <ludvann> ça m'enbète de ne âs pouvoir te l'offir...
2015-01-05T23:13:08 <ludvann> embète*
2015-01-05T23:13:14 <ludvann> ê*
2015-01-05T23:13:15 <MaCharon> bah pas grave
2015-01-05T23:13:39 <ludvann> t'aimes les vocaloids ?
2015-01-05T23:14:18 <MaCharon> moui
2015-01-05T23:15:25 <MaCharon> disons que j'aime bcp black rock shooter qui est tirée de miku
2015-01-05T23:15:37 <ludvann> oky
2015-01-05T23:15:46 <ludvann> (c'est un manga ou anime ?)
2015-01-05T23:15:55 <MaCharon> les 2
2015-01-05T23:16:03 <ludvann> l'anime est bien ?
2015-01-05T23:16:25 <MaCharon> pas trop mauvais, mais c'est surtout du fendom a la base
2015-01-05T23:16:39 <ludvann> ah
2015-01-05T23:18:08 <MaCharon> sinn chez les vocaloid en tant que tel mes préférées sont Luka,Gumi et Meiko
2015-01-05T23:18:15 <ludvann> j'essaierais de te faire un bô truc que tu vas ultra-mega-adorer-de-la-mort-qui-tue et que tu vas afficher ^^ (de préférence pas dans la cheminée)
2015-01-05T23:18:51 <MaCharon> j'ai pas de cheminé et puis les cadeaux ça se garde
2015-01-05T23:19:13 <ludvann> ^^
2015-01-05T23:19:42 <MaCharon> question de principe même si on aime pas
2015-01-05T23:20:00 <ludvann> oui :)
2015-01-05T23:20:16 <MaCharon> :)
2015-01-05T23:21:07 <ludvann> d'ailleurs des fois j'ai même envie de garder le paquet cadeau xD
2015-01-05T23:21:22 <MaCharon> O.O
2015-01-05T23:21:41 <ludvann> quand c'est un truc que j'adore énormément
2015-01-05T23:21:43 <ludvann> ^^
2015-01-05T23:21:45 <ludvann> x)
2015-01-05T23:21:59 <MaCharon> je comprend ^^
2015-01-05T23:24:23 <ludvann> bon je vais dormir
2015-01-05T23:24:28 <ludvann> neunuit ^^
2015-01-05T23:24:41 <MaCharon> bn
2015-01-05T23:24:45 <ludvann> @+
2015-01-05T23:25:09 *** ludvann est parti
2015-01-05T23:42:49 *** adriens33 est parti
