2014-12-13T00:08:05 *** Berry-Punch est parti
2014-12-13T00:09:17 *** Berry-Punch s'est connecté
2014-12-13T00:12:17 *** MaCharon s'est connecté
2014-12-13T00:15:40 *** MaCharon est parti
2014-12-13T01:11:03 *** ELiDYROS s'est connecté
2014-12-13T02:32:17 *** ELiDYROS est parti
2014-12-13T03:07:22 *** adriens33 est parti
2014-12-13T03:20:24 *** adriens33 s'est connecté
2014-12-13T04:13:33 *** adriens33 est parti
2014-12-13T10:59:40 *** Yvan33 s'est connecté
2014-12-13T11:16:36 *** Yvan33 est parti
2014-12-13T11:18:17 *** Yvan33 s'est connecté
2014-12-13T11:21:00 *** Yvan33 est parti
2014-12-13T11:54:42 *** adriens33 s'est connecté
2014-12-13T12:09:10 *** MaCharon s'est connecté
2014-12-13T12:09:17 <MaCharon> salut
2014-12-13T12:16:19 *** Yvan33 s'est connecté
2014-12-13T12:16:39 <adriens33> hello
2014-12-13T12:16:40 <Yvan33> Salut Kevin!
2014-12-13T12:16:45 <Yvan33> Bon anniversaire!
2014-12-13T12:16:50 <Yvan33> Salut adriens!
2014-12-13T12:16:54 <adriens33> oh
2014-12-13T12:16:55 <adriens33> ah oui
2014-12-13T12:16:59 <Yvan33> Bon non-anniversaire!
2014-12-13T12:16:59 <MaCharon> htx ^^
2014-12-13T12:17:01 <adriens33> bon anniv MaCharon :3
2014-12-13T12:17:06 <MaCharon> thx*
2014-12-13T12:17:08 <adriens33> Yvan33: XD
2014-12-13T12:17:47 <Yvan33> Alors tu as enfin choisi le programme de la journée entière?
2014-12-13T12:18:07 <MaCharon> ça a été indiqué dans les mails
2014-12-13T12:18:36 <Yvan33> Ok donc c'est officiel
2014-12-13T12:20:36 <Yvan33> Tu sais c'est combien le bowling ou pas?
2014-12-13T12:20:56 <MaCharon> 4 euros la partie il me semble
2014-12-13T12:21:10 <MaCharon> et 3 euros le bar
2014-12-13T12:21:25 <Yvan33> Ok, ils acceptent la carte ou non?
2014-12-13T12:21:50 <MaCharon> le bowling ou le bar ?
2014-12-13T12:21:56 <Yvan33> les 2
2014-12-13T12:22:05 <MaCharon> faut leur demander ^^
2014-12-13T12:22:18 <Yvan33> donc tu sais pas, okay
2014-12-13T12:22:50 <Yvan33> et 14h30 devant le bowling c'est ça,
2014-12-13T12:22:57 <Yvan33> adriens33 tu viens?
2014-12-13T12:23:05 <MaCharon> 14h45
2014-12-13T12:23:11 <adriens33> heu..
2014-12-13T12:23:17 <adriens33> pourquoi pas
2014-12-13T12:24:18 <Yvan33> tu sais combien on sera?
2014-12-13T12:24:34 <MaCharon> une petite quinzaine si tout le monde vient
2014-12-13T12:26:49 <Yvan33> Et yaura du magic
2014-12-13T12:27:10 <MaCharon> a priori je crois
2014-12-13T12:30:50 <adriens33> gnééé...
2014-12-13T12:31:06 <adriens33> et qui c'est qu'est enrhumé parce qu'il a osé sortir une heure hier ? c'est moiii
2014-12-13T12:33:28 <Yvan33> un rhume?
2014-12-13T12:33:46 <adriens33> ouep ^^"
2014-12-13T12:34:01 <adriens33> mais bon je m'enrhume facilement donc bon… XD
2014-12-13T12:34:27 <Yvan33> Moi a chaque hiver j'ai forcément 3 angine et le nez bouché la plupart du temps
2014-12-13T12:35:03 <adriens33> arf
2014-12-13T12:36:30 <Yvan33> Mais bon c'est pas trop grave quoi.
2014-12-13T12:36:57 <adriens33> ouai
2014-12-13T12:37:02 <adriens33> c'est juste chiant :p
2014-12-13T12:37:34 <Yvan33> Exactement
2014-12-13T12:37:51 <Yvan33> Aj:"Eeeeeexactly!"
2014-12-13T13:02:38 *** Yvan33 est parti
2014-12-13T13:09:48 *** MaCharon est parti
2014-12-13T13:30:13 *** MaCharon s'est connecté
2014-12-13T13:54:35 *** Bybeez s'est connecté
2014-12-13T13:54:49 <adriens33> hello Bybeez
2014-12-13T13:55:05 <Bybeez> Salut, et noyeux janniversaire MaCharon !
2014-12-13T13:58:32 <MaCharon> mici
2014-12-13T13:58:38 *** MaCharon est parti
2014-12-13T14:02:49 *** Bybeez est parti
2014-12-13T15:22:02 *** Makhai s'est connecté
2014-12-13T15:26:23 *** Makhai est parti
2014-12-13T15:26:39 *** Makhai s'est connecté
2014-12-13T15:27:40 *** Makhai est parti
2014-12-13T15:27:51 *** Makhai s'est connecté
2014-12-13T15:31:29 *** Makhai est parti
2014-12-13T15:31:39 *** Makhai s'est connecté
2014-12-13T15:32:39 *** Makhai est parti
2014-12-13T15:32:48 *** Makhai s'est connecté
2014-12-13T15:32:53 <adriens33> hello Makhai
2014-12-13T15:33:54 *** Makhai est parti
2014-12-13T15:34:12 *** Makhai s'est connecté
2014-12-13T15:35:13 *** Makhai est parti
2014-12-13T15:35:37 *** Makhai s'est connecté
2014-12-13T15:38:16 *** Makhai est parti
2014-12-13T15:38:33 *** Makhai s'est connecté
2014-12-13T15:39:33 *** Makhai est parti
2014-12-13T15:39:50 *** Makhai s'est connecté
2014-12-13T15:40:51 *** Makhai est parti
2014-12-13T15:41:07 *** Makhai s'est connecté
2014-12-13T15:42:08 *** Makhai est parti
2014-12-13T15:42:18 *** Makhai s'est connecté
2014-12-13T15:43:18 *** Makhai est parti
2014-12-13T15:43:42 *** Makhai s'est connecté
2014-12-13T15:43:54 <adriens33> tu clignottes Makhai ;)
2014-12-13T15:44:54 *** Makhai est parti
2014-12-13T15:45:06 *** Makhai s'est connecté
2014-12-13T15:46:07 *** Makhai est parti
2014-12-13T15:46:26 *** Makhai s'est connecté
2014-12-13T15:47:26 *** Makhai est parti
2014-12-13T17:16:57 *** adriens33 est parti
2014-12-13T17:20:19 *** Bybeez s'est connecté
2014-12-13T17:20:19 *** Bybeez est parti
2014-12-13T17:49:14 *** ELiDYROS s'est connecté
2014-12-13T17:49:25 *** ELiDYROS est parti
2014-12-13T17:52:04 *** adriens33 s'est connecté
2014-12-13T18:31:55 *** ELiDYROS s'est connecté
2014-12-13T19:46:10 *** adriens331 s'est connecté
2014-12-13T19:46:28 *** Guest45246 est parti
2014-12-13T19:52:37 *** ELiDYROS est parti
2014-12-13T20:14:02 *** ELiDYROS s'est connecté
2014-12-13T20:14:18 <ELiDYROS> Salut adriens33
2014-12-13T20:14:24 <adriens33> hello
2014-12-13T20:16:00 <adriens33> comment va ?
2014-12-13T20:16:27 <ELiDYROS> On fait aller, et toi ?
2014-12-13T20:20:00 <adriens33> enrhumé ^^""
2014-12-13T20:20:04 <adriens33> *^^"
2014-12-13T20:20:19 <adriens33> donc nez qui joue aux fontaines et j'arrete pas d'éternuer.
2014-12-13T20:23:30 <ELiDYROS> Erf
2014-12-13T20:24:13 <adriens33> c'est quoi le souci ?
2014-12-13T20:24:28 <ELiDYROS> Rien de spécial.
2014-12-13T20:24:34 <adriens33> ok ^^"
2014-12-13T20:24:36 <ELiDYROS> Rien de nouveau du moins. ^^
2014-12-13T20:26:22 <ELiDYROS> Tu fais quoi de beau ?
2014-12-13T20:27:44 <adriens33> pas grand chose, je sais qu'il y avait l'anniv de MaCharon aujourd'hui mais bon sortir avec le temps qu'il fait dans mon état actuel était pas trop une bonne idée XD
2014-12-13T20:27:55 <adriens33> donc je suis resté bien au chaud
2014-12-13T20:30:04 <ELiDYROS> Ok. Je n'y suis pas allé non plus.
2014-12-13T20:30:50 <adriens33> ah
2014-12-13T20:31:05 <adriens33> t'avais pas envie de sortir ? :p
2014-12-13T20:58:08 *** ELiDYROS est parti
2014-12-13T23:18:59 *** __fred__ s'est connecté
2014-12-13T23:24:04 *** __fred__ est parti
2014-12-13T23:27:17 *** adriens33_2 s'est connecté
2014-12-13T23:28:25 *** adriens33_2 est parti
