2015-01-07T00:21:06 *** ELiDYROS est parti
2015-01-07T00:21:45 *** TrappyTickles est parti
2015-01-07T00:23:03 *** TrappyTickles s'est connecté
2015-01-07T00:23:04 *** ELiDYROS s'est connecté
2015-01-07T00:30:17 *** TrappyTickles est parti
2015-01-07T01:49:26 *** ELiDYROS est parti
2015-01-07T02:32:09 *** ELiDYROS s'est connecté
2015-01-07T02:40:31 *** ELiDYROS est parti
2015-01-07T09:19:38 *** Gordfang s'est connecté
2015-01-07T09:26:43 <Gordfang> yo
2015-01-07T10:38:37 *** TrappyTickles s'est connecté
2015-01-07T11:27:18 *** Gordfang est parti
2015-01-07T11:28:28 *** Gordfang s'est connecté
2015-01-07T11:32:19 <Gordfang> reuh
2015-01-07T12:31:53 *** Gordfang est parti
2015-01-07T13:34:42 *** Gordfang s'est connecté
2015-01-07T13:51:19 *** ELiDYROS s'est connecté
2015-01-07T13:58:30 *** Gordfang est parti
2015-01-07T13:59:35 *** ELiDYROS est parti
2015-01-07T18:24:36 *** adriens33 s'est connecté
2015-01-07T18:40:23 *** ELiDYROS s'est connecté
2015-01-07T18:42:06 <ELiDYROS> Bonsoir
2015-01-07T18:55:12 <adriens33> salut
2015-01-07T18:55:31 <ELiDYROS> Sale ambiance aujourd'hui hein
2015-01-07T18:56:07 <adriens33> pourquoi?
2015-01-07T18:56:16 <ELiDYROS> T'as pas suivi la presse ?
2015-01-07T18:56:39 <adriens33> non, j'avais plus intéressant à faire, désolé. et puis la presse pour ce qu'elle raconte de vrain, hein..
2015-01-07T18:56:49 <adriens33> *vrai
2015-01-07T18:57:17 <ELiDYROS> Un attentat suicide au sein du journal Charlie Hebdo
2015-01-07T18:57:21 <ELiDYROS> 11 morts
2015-01-07T18:57:45 <ELiDYROS> Donc plusieurs des dessinateurs qui avaient fait polémiques en se moquant de l'islam
2015-01-07T18:58:18 <adriens33> c'est triste
2015-01-07T18:58:34 <adriens33> mais on aide les pays terroristes alors faut pas aller se plaindre apros.
2015-01-07T18:58:36 <adriens33> *apres
2015-01-07T18:58:38 <ELiDYROS> C'est surtout que ça va avoir de grosses conséquences
2015-01-07T18:58:52 <ELiDYROS> C'est une attaque directe envers la liberté d'expression
2015-01-07T18:58:58 <adriens33> lol
2015-01-07T18:59:26 <ELiDYROS> Enfin moi je dis ça je dis rien
2015-01-07T18:59:39 <adriens33> et le flicage sur le net, le dpi et tout c'en es aussi, mais tout le monde s'en branle.
2015-01-07T18:59:45 <ELiDYROS> Bien sur
2015-01-07T19:00:05 <adriens33> chui désolé, mais j'suis pas d'humeur.
2015-01-07T19:00:13 <ELiDYROS> Ca arrive
2015-01-07T19:00:19 <ELiDYROS> Moi ma journée a mal commencé aussi
2015-01-07T19:00:28 <ELiDYROS> J'ai plus d'internet
2015-01-07T19:00:31 <ELiDYROS> Enfin plus officiellement
2015-01-07T19:00:39 <ELiDYROS> Et un vendeur eBay m'a entubé
2015-01-07T19:00:40 <adriens33> pourquoi donc ?
2015-01-07T19:00:56 <ELiDYROS> Bah, cette nuit j'ai éteint mon routeur
2015-01-07T19:01:03 <ELiDYROS> Ce matin j'ai rallumé, impossible de se connecter
2015-01-07T19:01:20 <ELiDYROS> J'ai changé de profile, et donc je passe de 50MBs à 9Mbs
2015-01-07T19:01:32 <ELiDYROS> Et le profile que tu m'avais mis l'autre fois ne marche plus
2015-01-07T19:01:46 <ELiDYROS> Le modem n'arrive pas à s'y connecter
2015-01-07T19:01:46 <adriens33> bah parce que ta ligne a du péter quelque part
2015-01-07T19:01:55 <adriens33> y'a pas des travaux dans le coin?
2015-01-07T19:02:02 <ELiDYROS> Pas que je sache
2015-01-07T19:02:24 <ELiDYROS> Tu te souviens d'où est le log d'OVH concernant leurs travaux à eux ?
2015-01-07T19:02:35 <adriens33> bah tu va sur l'interf ovh et tu demande a un tech. pour qu'il voie ça avec orange.
2015-01-07T19:02:44 <adriens33> (dans "support technique")
2015-01-07T19:02:45 <ELiDYROS> Yep oui j'ai fait un ticket ce matin
2015-01-07T19:03:17 <adriens33> bah y'a plus qu'a attendre alors.
2015-01-07T19:03:39 <ELiDYROS> Et sinon le vendeur eBay, je lui achète un truc, et 4 jours plus tard il me message "ah bah j'en ai plus en fait"
2015-01-07T19:03:47 <ELiDYROS> Sauf que j'avais déjà pay
2015-01-07T19:03:48 <ELiDYROS> é
2015-01-07T19:04:11 <adriens33> faut jamais prendre de vendeur ebay si t'a pas d'assurance sur le produit
2015-01-07T19:04:23 <ELiDYROS> Beh il m'envoie une autre version en fait
2015-01-07T19:04:33 <ELiDYROS> La réédition que je voulais moins car la cover est laide
2015-01-07T19:04:56 <ELiDYROS> Mais bon c'est pas grave c'était 3€ et le jeu est le même
2015-01-07T19:09:57 <ELiDYROS> Et sinon bah je suis sorti voir les soldes à la Fnac, parce qu'apparemment y avait des jeux qui me plaisent soldés
2015-01-07T19:10:03 <ELiDYROS> Mais non, pas à Bordeaux
2015-01-07T19:23:54 *** ELiDYROS est parti
2015-01-07T20:22:24 *** ludvann s'est connecté
2015-01-07T20:22:24 <ludvann> yop !
2015-01-07T20:22:28 <ludvann> wow
2015-01-07T20:22:33 <ludvann> le monde x)
2015-01-07T21:01:10 <adriens33> bonsoir ludvann
2015-01-07T21:01:15 <ludvann> yo !
2015-01-07T21:01:21 <ludvann> :)
2015-01-07T21:01:37 <ludvann> (même si je suis un peu déprimé...)
2015-01-07T21:01:55 <ludvann> ça va ?
2015-01-07T21:01:59 <adriens33> non
2015-01-07T21:02:08 <adriens33> mais c'est pas par rapport aux newsk
2015-01-07T21:02:12 <adriens33> *news.
2015-01-07T21:02:45 <ludvann> si
2015-01-07T21:02:55 <ludvann> ah
2015-01-07T21:03:01 <ludvann> qu'est ce qui t'arrive ?
2015-01-07T21:03:07 <ludvann> (si tu veux le dire)
2015-01-07T21:03:23 <adriens33> rien de tres particulier, j'ai pas le moral c'est tout.
2015-01-07T21:03:50 <ludvann> un coup de baisse de moral passagère ?
2015-01-07T21:04:15 <ludvann> passager*
2015-01-07T21:04:44 <adriens33> non, j'ai pas trop envie d'en discuter désolé.
2015-01-07T21:05:50 <ludvann> t'inquiètes :-)
2015-01-07T21:06:04 <ludvann> je vais pas te forcer le clavier ;-)
2015-01-07T21:10:08 <ludvann> tu veux que je te fasse une blague au jus de chaussettes ?
2015-01-07T21:31:15 *** TrappyTickles_ s'est connecté
2015-01-07T21:31:15 *** TrappyTickles est parti
2015-01-07T21:51:23 <ludvann> @+
2015-01-07T21:51:26 *** ludvann est parti
2015-01-07T22:43:30 *** adriens33 est parti
2015-01-07T22:44:04 *** ELiDYROS s'est connecté
2015-01-07T23:22:39 *** flutterbrony s'est connecté
2015-01-07T23:22:50 <flutterbrony> bonsoir
2015-01-07T23:25:59 <ELiDYROS> Yo.
2015-01-07T23:34:46 *** ELiDYROS est parti
