2014-11-06T00:07:14 *** MaCharon est parti
2014-11-06T00:35:12 *** TrappyTickles est parti
2014-11-06T07:51:21 *** adriens33 s'est connecté
2014-11-06T09:21:54 *** Ikledoreboline s'est connecté
2014-11-06T09:22:05 <Ikledoreboline> Yop
2014-11-06T09:27:06 *** Ikledoreboline est parti
2014-11-06T10:31:31 *** TrappyTickles s'est connecté
2014-11-06T12:44:01 *** adriens33 est parti
2014-11-06T13:24:58 *** Jinxypie est parti
2014-11-06T13:25:30 *** MaCharon s'est connecté
2014-11-06T13:25:35 <MaCharon> salut
2014-11-06T13:36:09 <TrappyTickles> oi
2014-11-06T13:48:39 *** Jinxypie s'est connecté
2014-11-06T15:49:27 *** Gordfang s'est connecté
2014-11-06T15:50:32 <Gordfang> yo
2014-11-06T15:54:53 <MaCharon> salut
2014-11-06T16:01:49 *** adriens33 s'est connecté
2014-11-06T17:29:18 <Gordfang> dite moi
2014-11-06T17:29:29 <Gordfang> y en as qui ont le jeux mlp gameloft?
2014-11-06T17:31:34 <MaCharon> nope
2014-11-06T17:31:50 <Gordfang> k
2014-11-06T17:32:33 <TrappyTickles> nous on l'a sur notre pad android
2014-11-06T17:33:25 <Gordfang> bas c'est un idle game après :D
2014-11-06T17:37:08 <Gordfang> hmmm j'avoue
2014-11-06T18:00:02 *** heuzef s'est connecté
2014-11-06T18:00:10 *** adriens33 est parti
2014-11-06T18:42:44 *** heuzef est parti
2014-11-06T20:06:48 *** MaCharon est parti
2014-11-06T20:10:58 *** adriens33 s'est connecté
2014-11-06T20:14:58 *** Ikledoreboline s'est connecté
2014-11-06T20:15:01 <Ikledoreboline> Salut tout le monde ^^
2014-11-06T20:16:36 <adriens33> hello ikle
2014-11-06T20:17:20 <Ikledoreboline> Ça va ?
2014-11-06T20:17:32 <adriens33> oui et toi ? ^^
2014-11-06T20:20:53 <Ikledoreboline> Oui, j'ai dessiné une vinyl scratch avec une sale tronche sur snapchat à cause du tactile aussi .-. x3
2014-11-06T20:21:08 <adriens33> ouai ouai il a bon dos le tactile xD
2014-11-06T20:22:26 <Ikledoreboline> https://www.filepicker.io/api/file/qVTIIhPOROCDBaNeP1lT j'ai honte mais impossible de faire mieux xD
2014-11-06T20:23:18 <adriens33> ah ouai ^^
2014-11-06T20:23:28 <adriens33> essaie en vectoriel c'est plus adapté
2014-11-06T20:23:44 <adriens33> (adobe illustrator ou inkscape)
2014-11-06T20:23:47 <Ikledoreboline> Comment tu fais hu ?
2014-11-06T20:24:15 <Ikledoreboline> Ah oui, mais après je l'envoi sur snapchat à des amis x3 c'est par téléphone là xD
2014-11-06T20:24:55 <adriens33> ah
2014-11-06T20:25:13 <adriens33> bah un tel c'est pas fait pour dessiner en même temps --"
2014-11-06T20:25:27 <Ikledoreboline> Par photoshop c'est autre chose bien heureusement ^^
2014-11-06T20:25:40 <adriens33> c'est comme si tu utilisais une trotinnette pour tranporter toute une classe en sortie scolaire… XD
2014-11-06T20:25:52 <Ikledoreboline> Ouais non, mais j'ai fait ça vers 16h j'étais pas chez moi xD
2014-11-06T20:26:02 <adriens33> nan, pour der poneys en vectoriel c'est mieux ^^
2014-11-06T20:26:06 <adriens33> *des
2014-11-06T20:26:17 <Ikledoreboline> Adriens, il est où le problème pour amener une classe en trottinette ? x3
2014-11-06T20:26:23 <adriens33> donc adobe illustrator ou inkscape
2014-11-06T20:26:35 <adriens33> ou alors adobe flash
2014-11-06T20:26:44 <adriens33> si tu veux faire une animation
2014-11-06T20:26:54 <adriens33> (c'est ce qu'ils utilisent il me semble)
2014-11-06T20:27:20 <Ikledoreboline> Je suis nul en dessin donc :<
2014-11-06T20:28:12 <adriens33> bah si t'aime dessiner en t'entraînant ça peut auder.
2014-11-06T20:28:14 <adriens33> *aider
2014-11-06T20:28:27 <adriens33> sinon s'tu t'en fous fais  butre hose ;)
2014-11-06T20:28:31 <adriens33> *autre
2014-11-06T20:28:34 <adriens33> *chose
2014-11-06T20:29:16 <Ikledoreboline> Je dessine que quand je m'ennuis et mes dessins sont à la limite d'un cm2 si j'ai pas de model. XD
2014-11-06T20:29:29 <adriens33> parce que t'as pas la main
2014-11-06T20:29:35 <adriens33> le cerveau est un muscle
2014-11-06T20:29:53 <adriens33> pour l'améliorer faut refaire les  choses 35 mille fois :3
2014-11-06T20:30:09 <adriens33> (c'est le principe de l'apprentissage non ? xD)
2014-11-06T20:30:16 <Ikledoreboline> Je tâcherai de m'en souvenir ^^
2014-11-06T20:30:58 <Ikledoreboline> adriens, j'ai une mémoire visuelle et auditif, alors apprendre les leçons parfois inutile, je m'embrouille plus qu'autre chose xD
2014-11-06T20:31:04 <adriens33> ah xD
2014-11-06T20:32:24 <Ikledoreboline> D'ailleurs c'est relou car de ma 6eme à ma 3eme quand j'apprenais j'oubliais tout et quand j'etais interrogé la prof me croyait pas et mot dans le carnet :|
2014-11-06T20:32:41 <adriens33> ah merde :/
2014-11-06T20:32:58 <adriens33> c'est pas cool ça…
2014-11-06T20:33:25 *** Ikledoreboline est parti
2014-11-06T20:33:47 *** Ikledoreboline s'est connecté
2014-11-06T20:33:53 <Ikledoreboline> Nan, pas vraiment cool effectivement ^^'
2014-11-06T20:34:46 <Ikledoreboline> Puis sachant qu'ils voulaient que du par cœur en majorité vas-y pour faire la leçon, j'ai réussi qu'une fois à apprendre un truc par cœur c'était de la géographie pour prouver à mon prof que j'étais pas con comme il le pensait et j'ai eut un 20. x)
2014-11-06T20:34:55 <adriens33> ^^
2014-11-06T20:35:58 <Ikledoreboline> Mais, bizarrement, j'ai l'impression que j'ai juste la réelle envie de travailler si ça m'apporte vraiment quelque chose au final ou que je me sens défier, c'est... Spécial x)
2014-11-06T20:36:51 <adriens33> ouais, t'es rainbow dash quoi.
2014-11-06T20:37:05 <adriens33> xD
2014-11-06T20:37:50 <Ikledoreboline> J'ai fait le test, je suis plus Twilight, ensuite RD, et Fluttershy, paye la tête de guignol xD
2014-11-06T20:38:01 *** MaCharon s'est connecté
2014-11-06T20:38:04 <adriens33> ^w^
2014-11-06T20:38:08 <adriens33> bonchoir MaCharon
2014-11-06T20:38:47 <Ikledoreboline> Salut Macharon ^^
2014-11-06T20:39:05 <MaCharon> salut
2014-11-06T20:40:39 <Ikledoreboline> Ouah, j'ai fait une bonne action pour un camarade de classe pour la première fois de ma vie, j'ai scanné un cour pour pas qu'il soit dans... pour demain en vu d'un contrôle que j'ai même pas eut connaissance et que le prof nous a dit à part car il était absent et qu'on l'aurait donc x)
2014-11-06T20:40:50 <Ikledoreboline> Ma phrase n'est pas totalement française. hu, sinon ça va Macha ?
2014-11-06T20:41:18 <MaCharon> ouai ouai tranquille ^^
2014-11-06T20:41:32 *** Bybeez s'est connecté
2014-11-06T20:41:35 <Bybeez> Yo
2014-11-06T20:41:40 <Ikledoreboline> Plop
2014-11-06T20:41:43 <MaCharon> salut
2014-11-06T20:53:49 <Ikledoreboline> Bon, excusez-moi je tire ma révérence je pars me coucher, bonne nuit, bonne soirée et à une prochaine ;) !
2014-11-06T20:54:00 *** Ikledoreboline est parti
2014-11-06T21:13:02 *** Yvan33 s'est connecté
2014-11-06T21:13:21 <Yvan33> Hello les gens
2014-11-06T21:13:38 <MaCharon> re
2014-11-06T21:13:52 <Yvan33> Alors adriens il ma dit que pour l'historique c'est
2014-11-06T21:14:00 <adriens33> hello
2014-11-06T21:14:05 <adriens33> dans le titre…
2014-11-06T21:14:13 <adriens33> http://www.art-software.fr/files/lastday_bronycub.php
2014-11-06T21:14:23 <Yvan33> Ah oui
2014-11-06T21:14:29 <adriens33> ou alors !history pour les 1* dernières lignes
2014-11-06T21:14:32 <adriens33> *10
2014-11-06T21:14:44 <Yvan33> Bon bah c'est devenu useless la commande ^^
2014-11-06T21:15:29 <Yvan33> adriens tu viens chez leta demain?
2014-11-06T21:15:40 <adriens33> heuuuu
2014-11-06T21:15:58 <adriens33> bah en fait j'avais rien de la semaine
2014-11-06T21:16:12 <adriens33> mais demain aprem j'ai un truc donc je sais pas
2014-11-06T21:16:54 <Yvan33> Je vois. Ca commence à 19h son truc je crois non?
2014-11-06T21:17:02 <adriens33> de tête oui
2014-11-06T21:20:07 <Yvan33> Je vois. Bah moi j'y serai en tout cas
2014-11-06T21:27:01 <Yvan33> Il sort d'où l'onglet DJ?
2014-11-06T21:29:34 <adriens33> gné ?
2014-11-06T21:29:56 <Yvan33> En haut a droite de la page d'acceuil de BronyCUB
2014-11-06T21:30:33 <adriens33> ah oui tiens
2014-11-06T21:32:18 <Bybeez> Traduction d'un truc en Allemand par reverso : Des langues m'ont fait le plaisir pendant ma toute période scolaire
2014-11-06T21:32:23 <Bybeez> Merci Reverso
2014-11-06T21:32:34 <Bybeez> C'est de la traduction de malade
2014-11-06T21:32:51 <adriens33> Yvan33: modif faite par heuzef en tout cas ^^
2014-11-06T21:32:51 <Yvan33> Ma question est
2014-11-06T21:32:59 <adriens33> )merci git log ^^)
2014-11-06T21:33:02 <adriens33> *(
2014-11-06T21:33:13 <Yvan33> Pourquoi tu travail pas plutot que d'aller sur reverso?
2014-11-06T21:33:33 <Yvan33> Ah ouais, tu as la liste de ce que dit tout ce qui est modifié
2014-11-06T21:33:51 <Yvan33> L'historique des modif, on en avait parlé il me semble
2014-11-06T21:33:53 *** Jinxypie est parti
2014-11-06T21:34:02 <Bybeez> Bah je bosse, je fais mon allemand !
2014-11-06T21:34:14 <Bybeez> Et l'allemand sans aide je suis fichu
2014-11-06T21:34:18 <adriens33> en l'occurence
2014-11-06T21:34:53 <adriens33> git log --histogram -p header.php
2014-11-06T21:36:13 <Yvan33> Hum, tu parle un dialecte étrange de quelques contrés qui me sont inconnus
2014-11-06T21:36:21 <Yvan33> ^^
2014-11-06T21:37:06 <adriens33> bah c'est la commande que j'ai utilisé ^^
2014-11-06T21:37:14 <adriens33> sinon tu vas sur le gitub
2014-11-06T21:37:17 <adriens33> *github
2014-11-06T21:37:35 <adriens33> et tu clique sur chaque commit voir où est la modif.
2014-11-06T21:37:51 <Yvan33> D'accord donc tu n'est pas seul a pouvoir voir ça, tout le monde le peu
2014-11-06T21:37:55 <adriens33> ce qui risque de te prendre bien plus de temps et est beaucoup moins pratique :p
2014-11-06T21:38:17 <adriens33> bah c'est le principe d'un dépôt opensource, oui xD
2014-11-06T21:39:35 <Yvan33> Bah je ne sais pas je n'ai pas de connaissance en la matière
2014-11-06T21:39:50 <Yvan33> Ceci dit je suis 1er de ma classe en informatique, trop fort
2014-11-06T21:40:54 <adriens33> ^^
2014-11-06T21:42:37 <Yvan33> Sur ce j'y vais, tcho adriens
2014-11-06T21:42:44 <adriens33> ++
2014-11-06T21:42:51 *** Yvan33 est parti
2014-11-06T21:43:02 <adriens33> yvan faire dodo
2014-11-06T21:45:40 <Bybeez> Yvan du sable
2014-11-06T21:45:59 <Bybeez> (marchand de sable)
2014-11-06T21:46:08 <adriens33> j'avais pigé tkt xD
2014-11-06T21:46:48 <Bybeez> XD, J'ai perdu au fait
2014-11-06T21:47:08 <adriens33> ^^
2014-11-06T21:47:17 <adriens33> (t'es un enfoiré xD)
2014-11-06T21:47:36 <Bybeez> (Je sais Mouhahahaha)
2014-11-06T21:49:18 *** Jinxypie s'est connecté
2014-11-06T22:31:46 *** Bybeez est parti
2014-11-06T22:38:23 *** adriens33 est parti
2014-11-06T23:19:39 *** adriens33 s'est connecté
2014-11-06T23:55:52 *** MaCharon est parti
