2014-10-23T00:08:50 *** Silou est parti
2014-10-23T03:54:25 *** adriens33 est parti
2014-10-23T07:25:58 *** Silou s'est connecté
2014-10-23T07:46:25 *** Silou est parti
2014-10-23T08:36:52 *** heuzef s'est connecté
2014-10-23T09:35:13 <Berry-Punch> Voilà ce qu'il s'est passé ces 10 dernières lignes, adriens33 *hic* 
2014-10-23T09:35:14 *** adriens33 s'est connecté
2014-10-23T11:14:52 *** TrappyTickles s'est connecté
2014-10-23T11:16:57 *** Lenile s'est connecté
2014-10-23T11:17:27 <Lenile> Yow
2014-10-23T11:17:43 <heuzef> Plop
2014-10-23T11:17:54 <Lenile> J'peut venir scuatter cher quelqun pour voir EQG:RR sur Gulli le 30 Octobre ? o/
2014-10-23T11:18:06 <heuzef> Télécharge le sinon ?
2014-10-23T11:18:30 <heuzef> En plus tu sera pas obliger de supporter la VF =)
2014-10-23T11:18:50 <Lenile> S'justement la VF que je veux voir sur Gulli e.e
2014-10-23T11:18:55 <adriens33> pas forcément, sur la tnt t'as du multilingue tu sais heuzef
2014-10-23T11:19:04 <adriens33> ça dépend de la chaine et du programme apres
2014-10-23T11:19:12 <adriens33> (bonjour au passage)
2014-10-23T11:19:23 <heuzef> Oula
2014-10-23T11:19:33 <heuzef> ça existe encore les chaines tv alors
2014-10-23T11:19:40 <adriens33> ben…
2014-10-23T11:19:45 <heuzef> et en plus ils font du multi languages
2014-10-23T11:19:47 <adriens33> gulli c'est une chaine télé il parait T.T
2014-10-23T11:19:48 <heuzef> Dingue
2014-10-23T11:19:59 <adriens33> bah oui, sur la tnt t'as du multilingue…
2014-10-23T11:20:15 <Lenile> . . .
2014-10-23T11:20:17 <heuzef> On peux toujours pas mettre pause je suppose ? xD
2014-10-23T11:20:18 <adriens33> quoi ?
2014-10-23T11:20:22 <Lenile> J'viendrais scuatter cher toi heuzef
2014-10-23T11:20:28 <Lenile> Je verrais ta petite femme comme ça
2014-10-23T11:20:32 <adriens33> heuzef: bah… si t'as de quoi bufferiser le flux oui
2014-10-23T11:20:35 <adriens33> sinon… non ^^
2014-10-23T11:20:43 <adriens33> ça dépend de ton récepteur
2014-10-23T11:20:45 <TrappyTickles> oi
2014-10-23T11:20:48 <adriens33> io
2014-10-23T11:20:52 <Lenile> ioi
2014-10-23T11:20:57 <heuzef> Lenile j'ai pas les chaines TV moi
2014-10-23T11:21:03 <adriens33> oiooiooioiooiooi ← ceci est du binaire
2014-10-23T11:21:05 <Lenile> C'est la TNT
2014-10-23T11:21:10 <heuzef> J'ai pas
2014-10-23T11:21:21 <Lenile> T'a pas la tnt ?
2014-10-23T11:21:25 <Lenile> Naméhaloquoi
2014-10-23T11:21:35 <adriens33> ça mérite un kick ça XD
2014-10-23T11:21:35 <heuzef> Par contre j'ai un débit féroce et j'ai Rainbox Rock en HD VO
2014-10-23T11:21:46 <adriens33> (le nanméhaloquoi, pas heuzef)
2014-10-23T11:21:48 <Lenile> Je veux la vostfr e.e
2014-10-23T11:22:05 <heuzef> Les seul sous-titre que j'ai chopé sont pas bien calé
2014-10-23T11:22:10 <heuzef> un peu chiant
2014-10-23T11:22:38 <heuzef> D'ailleur j'ai analysé les sous-titre, apparement le fichier que j'ai il manque des scenes
2014-10-23T11:23:01 <heuzef> J'aimerais choper la version hyper longue avec bon sous-titre et tous
2014-10-23T11:23:10 <heuzef> Je vais être honnete avec vous
2014-10-23T11:23:19 <heuzef> j'ai surkiffer rainbow rock
2014-10-23T11:23:22 <Lenile> Je veux la VF pardon e.E
2014-10-23T11:23:28 <Lenile> Normal
2014-10-23T11:23:31 <heuzef> Bien meilleur que le premier
2014-10-23T11:23:44 <heuzef> Et ces putain de musique reste dans le crane
2014-10-23T11:24:03 <Lenile> xD
2014-10-23T11:24:10 <Lenile> Awesome Wanna be
2014-10-23T11:24:14 <Lenile> Elle est cool :D
2014-10-23T11:24:27 <heuzef> Les effets sont franchement magnifique, rien à envier à Wakfu par exemple
2014-10-23T11:24:43 <heuzef> Le scenar est correct
2014-10-23T11:24:47 <Lenile> En même temps
2014-10-23T11:24:58 <heuzef> et les acteurs sont fantastique, sans surprise
2014-10-23T11:25:03 <Lenile> Mieux que Wakfu tu à ça en te secouant légèrement les miches
2014-10-23T11:25:42 <Lenile> BAH WAKFU C'EST BIEN MAIS FACILE A FAIRE
2014-10-23T11:25:48 <heuzef> Sur la qualité d'animation pas facile de faire mieux que Wakfu
2014-10-23T11:26:00 <Lenile> heuzef : si nuance
2014-10-23T11:26:08 <heuzef> D'ailleur j'ai pas conaissance d'un animé en flash mieux réalisé, à part MLP peut être
2014-10-23T11:26:32 <Lenile> heuzef : Ankama utilise un flux de petites animations pour en faire des grosses. S'simple à faire en se bougant légèrement les miches
2014-10-23T11:26:58 <heuzef> "simple" ? mdr
2014-10-23T11:27:43 <Lenile> heuzef
2014-10-23T11:27:49 <Lenile> Sinon demain je suis saoul
2014-10-23T11:27:53 <Lenile> Tradition alsacienne
2014-10-23T11:27:58 <heuzef> Genre j'ai vu un making of ou le mec explique qu'il à passer 3 jour pour réaliser un seul effet de quelques seconde
2014-10-23T11:28:07 <heuzef> Ep : Grougal vs Nox
2014-10-23T11:28:18 <Lenile> Regle numéro 1 du mec qui est de puis 10 ans cher Ankama
2014-10-23T11:28:22 <Lenile> Ne jamais croire Ankama
2014-10-23T11:28:35 <Lenile> ça fait 10 ans que je suis cher Ankama
2014-10-23T11:28:42 <Lenile> J4ai les produits dérivées
2014-10-23T11:28:44 <Lenile> LEs magasine
2014-10-23T11:28:46 <Lenile> Les jeux
2014-10-23T11:28:50 <Lenile> Touts les jeux
2014-10-23T11:28:56 <Lenile> Les dvd
2014-10-23T11:28:59 <Lenile> Les peluches
2014-10-23T11:29:07 <Lenile> J4ai été aux conventions
2014-10-23T11:29:10 <Lenile> :D
2014-10-23T11:29:17 <heuzef> Ba t'es un mauvais fan alors si tu les dénigres
2014-10-23T11:29:18 <Lenile> Ils sont géniaux
2014-10-23T11:29:24 <Lenile> Mais un peut menteur :D
2014-10-23T11:29:31 <Lenile> Nan j'suis pas un mauvais fanb
2014-10-23T11:29:39 <Lenile> Juste que à force je les connais :D
2014-10-23T11:29:49 <Lenile> J'ai même été dans leur locaux à Roubaix :D
2014-10-23T11:30:07 <Lenile> avec un petit groupe
2014-10-23T11:30:13 <heuzef> Ba après je constate que Wakfu est sans doute, en terme d'animation, un must
2014-10-23T11:30:21 <Lenile> ça c'est sur
2014-10-23T11:30:28 <Lenile> Mais les animations ne sont pas si compliquées
2014-10-23T11:30:33 <Lenile> Je te les dit
2014-10-23T11:30:46 <Lenile> Il font un assemblage de plusieurs petites animations pour ne faire des grosses
2014-10-23T11:30:47 *** Bbeez s'est connecté
2014-10-23T11:30:50 <Lenile> Le plus souvent ça se vois pas
2014-10-23T11:30:56 <Bybeez> Salut !
2014-10-23T11:30:57 <Berry-Punch> Flags de Bybeez modifiés *hic* : +v
2014-10-23T11:30:57 <adriens33> !voice Bybeez
2014-10-23T11:31:00 <adriens33> hello
2014-10-23T11:31:04 <Bybeez> merci !
2014-10-23T11:31:04 <Lenile> Salut
2014-10-23T11:31:11 <Lenile> Bbybeez
2014-10-23T11:31:15 <Lenile> Bybeez
2014-10-23T11:31:17 <Lenile> :D
2014-10-23T11:31:26 <Lenile> Bon sinon
2014-10-23T11:31:29 <Lenile> Demain je suis saoul !
2014-10-23T11:31:31 <Bybeez> Comment ça va ?
2014-10-23T11:31:38 <Lenile> DEMAIN JE ME BOURRE LA GUEULE A COUP DE BIERES !
2014-10-23T11:31:38 <Berry-Punch> Qu'est-ce *hic* que j'ai soif…
2014-10-23T11:31:44 <Lenile> PLEIN DE BIERES
2014-10-23T11:31:44 <Berry-Punch> Qu'est-ce que j'ai soif… *hic* 
2014-10-23T11:31:50 <Lenile> TA GUEULE BERRY !
2014-10-23T11:31:57 <Bybeez> Mais elle a soif
2014-10-23T11:31:59 <Lenile> MOUHAHAHAHAHAHAHA
2014-10-23T11:32:09 <Lenile> Je lui donnerais pas ma biere
2014-10-23T11:32:09 <Berry-Punch> Tu en *hic* as pour moi Lenile ?
2014-10-23T11:32:12 <Lenile> NON
2014-10-23T11:32:18 <heuzef> Putain l'autre comment il est méchant avec Berry quoi :o
2014-10-23T11:32:27 <Lenile> !muffins Berry-Punch
2014-10-23T11:32:31 * Berry-Punch lance un muffin sur Lenile à 1043 km/h
2014-10-23T11:32:31 <heuzef> !muffin Lenile
2014-10-23T11:32:32 * Berry-Punch lance un muffin sur Berry-Punch à 1727 km/h
2014-10-23T11:32:32 <Berry-Punch> MUFFIN RAINBOOM *hic* !!
2014-10-23T11:32:32 <Lenile> !muffin Berry-Punch
2014-10-23T11:32:48 * Berry-Punch lance un muffin sur m à 456 km/h
2014-10-23T11:32:48 <Lenile> !muffin m heuzef
2014-10-23T11:32:59 * Berry-Punch lance un muffin sur heuzef à 2024 km/h
2014-10-23T11:32:59 <Berry-Punch> MUFFIN RAINBOOM !! *hic* 
2014-10-23T11:32:59 <Lenile> !muffin heuzef m
2014-10-23T11:33:15 * Berry-Punch lance un muffin sur lenile à 526 km/h
2014-10-23T11:33:20 <Lenile> o/
2014-10-23T11:33:23 <Lenile> heuzef ?
2014-10-23T11:33:30 <heuzef> non ?
2014-10-23T11:33:30 * Berry-Punch lance un muffin sur lenile à 542 km/h
2014-10-23T11:33:36 <Lenile> S'quand que l'on va se boire une biere enssemble ?
2014-10-23T11:33:36 <Berry-Punch> Tu en *hic* as pour moi Lenile ?
2014-10-23T11:33:38 <Lenile> 8D
2014-10-23T11:36:04 <Lenile> C'est qui Bybeez de nouveau ? 8D
2014-10-23T11:36:18 <Bybeez> Hein ?
2014-10-23T11:36:20 <Lenile> Chaque fosi j'ai des souvenirs de vous genre
2014-10-23T11:36:31 <Lenile> adriens33 c'est le petit roux aux os de verres
2014-10-23T11:36:41 <Lenile> heuzef c'est le blond aux yeux bleu !
2014-10-23T11:36:55 <Lenile> TrappyTickles c'est le deuxième scuatteur de cher Mathias
2014-10-23T11:37:04 <adriens33> j'ai pas des os de verre ><
2014-10-23T11:37:05 <Lenile> Mais Bybeez je me souvient plus :D
2014-10-23T11:37:10 <adriens33> et jsuis roux que d'la barbe
2014-10-23T11:37:14 <adriens33> sinon j'suis brun
2014-10-23T11:37:23 <Lenile> Barbe rousse 8D
2014-10-23T11:37:43 <Bybeez> Je sais pas comment me decrire, genre j'ai des yeux des oreilles, un nez une bouche et des cheveux
2014-10-23T11:37:54 <Bybeez> des bras, des jambe
2014-10-23T11:38:04 <Lenile> Whaaaaou
2014-10-23T11:38:16 <Bybeez> et t'as grugé la file d'attente a Animasia en me rejoignant
2014-10-23T11:38:19 <Lenile> On à des éclopées dans le collectif ?
2014-10-23T11:38:24 <Lenile> Genre 1 seul bras
2014-10-23T11:38:38 <adriens33> 1 seul neurone ? :p
2014-10-23T11:38:50 <Bybeez> On a un végétarien ça compte ?
2014-10-23T11:39:25 <Lenile> Ouais !
2014-10-23T11:39:33 <Lenile> Bybeez c''est Remy ? xD
2014-10-23T11:39:39 <Bybeez> ouais
2014-10-23T11:39:42 <Bybeez> XD
2014-10-23T11:39:59 <Lenile> HA LE CON
2014-10-23T11:40:13 <Lenile> Bon ben Bybeez c'est le petit vegetarien aux cheuveux long :D
2014-10-23T11:40:27 <Bybeez> Ha mais non
2014-10-23T11:40:28 <adriens33> nan
2014-10-23T11:40:35 <adriens33> bybeez != rémy
2014-10-23T11:40:38 <Bybeez> J'avais pas pigé ta qiestion
2014-10-23T11:40:40 <Bybeez> XD
2014-10-23T11:40:42 <adriens33> c'est rémy = végétarien en fait
2014-10-23T11:40:51 <Bybeez> Je suis pas Rémy moi
2014-10-23T11:41:00 <Bybeez> Je bouffe de la viande
2014-10-23T11:41:10 <adriens33> rémy son pseudo c'est lezarius
2014-10-23T11:41:22 <adriens33> (ou xxl33270 aussi…)
2014-10-23T11:41:38 <Lenile> Merde xD
2014-10-23T11:41:46 <Lenile> xxl...
2014-10-23T11:41:46 <Lenile> xD
2014-10-23T11:41:50 <Bybeez> XD
2014-10-23T11:42:08 <Lenile> XXL...
2014-10-23T11:42:14 <Lenile> J4en rie interieurement :O
2014-10-23T11:43:38 <Bybeez> Alors, sinon on était revenu de l'anniv' bronyCub ensemble
2014-10-23T11:43:57 <Lenile> . . .
2014-10-23T11:44:08 <Lenile> Je tes deja dit que j'ai 0 mémoire ? :D$
2014-10-23T11:45:14 <Bybeez> J'étais a la formation Astrée
2014-10-23T11:46:01 <Lenile> . . .
2014-10-23T11:46:05 <Lenile> e.e
2014-10-23T11:46:10 <Lenile> Quelle place ? :D
2014-10-23T11:46:50 <Bybeez> A Droite
2014-10-23T11:47:14 <Lenile> . . .
2014-10-23T11:47:20 <Lenile> Je me souvient que de la gauche /D
2014-10-23T11:47:22 <Lenile> :D
2014-10-23T11:47:24 <Bybeez> XD
2014-10-23T11:47:39 <Lenile> e.e
2014-10-23T11:47:43 <Lenile> Tu est roux ?
2014-10-23T11:47:52 <Bybeez> non
2014-10-23T11:47:55 <Lenile> . . .
2014-10-23T11:48:07 * Lenile dessend des visages
2014-10-23T11:48:13 <Lenile> Est-ce que tu à des lunettes ?
2014-10-23T11:48:19 <Bybeez> non
2014-10-23T11:48:25 * Lenile clap clap clap
2014-10-23T11:48:30 <Lenile> Est-ce que tu ets grand ?
2014-10-23T11:48:56 <Bybeez> ça dépend, je suis plutôt grand mais dans le collectif il y en a quelques un qui sont plus grand
2014-10-23T11:49:08 <Lenile> ...
2014-10-23T11:49:12 <Lenile> Plus grand que moi ?
2014-10-23T11:51:11 <Lenile> J'aime décidement pas les gosses
2014-10-23T11:51:20 <Lenile> J'ai envie de jetée ma petite soeur dans la benne à ordure
2014-10-23T11:51:22 <Lenile> u.u
2014-10-23T11:52:03 <Bybeez> XD et oui je suis plus grand que toi
2014-10-23T11:52:18 <Lenile> Mhhh...
2014-10-23T11:52:23 <Lenile> Ton prénom .
2014-10-23T11:52:24 <Lenile> .
2014-10-23T11:52:26 <Lenile> ?
2014-10-23T11:52:31 <Lenile> Saloperie de Querty
2014-10-23T11:52:32 <Bybeez> Josué
2014-10-23T11:52:35 <Lenile> JOSUEEEEE
2014-10-23T11:52:38 <Lenile> MAH SI TE ROUX
2014-10-23T11:52:40 <Lenile> xD
2014-10-23T11:52:45 <Lenile> Menteur va !
2014-10-23T11:53:05 <Lenile> Je te connais par prénom toi pas par pseudo xD
2014-10-23T11:53:06 <Bybeez> Mais je me vois pas roux, je sais pas d'ou les gens me voient roux
2014-10-23T11:53:11 <Lenile> Un peut comme Mathias xD
2014-10-23T11:53:16 <Lenile> xD
2014-10-23T11:53:23 <Bybeez> Mouais
2014-10-23T11:53:46 <Lenile> Math je pourrais jamais l'appeler pas son pseudo xD
2014-10-23T11:53:57 <Lenile> Par contre moi ej vous force à m'appeler Lenile donc ça paaaaaasse :D
2014-10-23T11:54:22 <Bybeez> Mouais c'est ça Raphaël
2014-10-23T11:54:35 <Lenile> Shhhhh
2014-10-23T11:54:40 <Bybeez> XD
2014-10-23T11:54:41 <Lenile> Si tu veux pas que je te frappe 8D
2014-10-23T11:54:44 <adriens33> Au coin, monsieur Chammah !
2014-10-23T11:55:30 <Lenile> JE VAIS VOUS DEFONCERS !!
2014-10-23T11:55:32 <Lenile> è."
2014-10-23T11:55:37 <adriens33> héhéhé >:)
2014-10-23T11:56:55 <Lenile> u.U
2014-10-23T11:57:01 <Lenile> J'vais rage quit
2014-10-23T11:57:07 <adriens33> si ça t'amuse
2014-10-23T11:58:51 <Lenile> PD VA !
2014-10-23T11:58:58 * Lenile 
2014-10-23T11:59:03 * Lenile fuis
2014-10-23T12:00:46 <adriens33> ?
2014-10-23T12:00:57 <adriens33> pourquoi cette attaque gratuite ?…
2014-10-23T12:01:49 <Lenile> Excuse moi :(
2014-10-23T12:01:53 <Lenile> J4susi désoler :(
2014-10-23T12:02:06 <Lenile> Je.... Je sais pas se qui m'a pris... :(
2014-10-23T12:02:17 <Lenile> Je t'offrirais une biere.
2014-10-23T12:02:17 <Berry-Punch> Tu en *hic* as pour moi Lenile ?
2014-10-23T12:07:06 <Lenile> Dailleur
2014-10-23T12:07:18 <Lenile> Attention la France est en Alerte Orange
2014-10-23T12:07:28 <Lenile> Invasion de Clown Psychopathes partouts en France
2014-10-23T12:07:33 <Lenile> C'est même pas une Blague
2014-10-23T12:07:51 <Lenile> On est en Alerte Orange à cause de Clown Psychopates. Il est deconseiller de sortir le soir.
2014-10-23T12:20:15 *** adriens33 est parti
2014-10-23T12:48:49 *** heuzef est parti
2014-10-23T12:52:40 *** MaCharon s'est connecté
2014-10-23T12:52:47 <MaCharon> salut
2014-10-23T12:59:20 *** Jinxypie est parti
2014-10-23T13:02:36 *** Jinxypie s'est connecté
2014-10-23T13:04:53 <Lenile> Salut MaCharon
2014-10-23T13:05:04 <MaCharon> cc ^^
2014-10-23T13:26:54 *** Gordfang s'est connecté
2014-10-23T13:28:26 <Gordfang> lut
2014-10-23T13:31:15 *** MaCharon est parti
2014-10-23T13:33:27 *** MaCharon s'est connecté
2014-10-23T13:46:14 *** heuzef s'est connecté
2014-10-23T13:54:00 *** Gordfang est parti
2014-10-23T13:54:16 *** Gordfang s'est connecté
2014-10-23T13:55:09 <Bybeez> Yo les gens
2014-10-23T13:55:49 <MaCharon> salut
2014-10-23T13:57:22 <MaCharon> Bybeez, pour le MacDo demain on ferra ça vers 13h si ça te va, tu prefere celui de Sinte Catherine ou de la victoire ?
2014-10-23T13:57:44 <heuzef> Demain ?
2014-10-23T13:58:10 <heuzef> Vous vous faite makdeau tous le WK ?
2014-10-23T13:58:30 <MaCharon> nn je fais que demain moi, je suis pas au courant pour le reste
2014-10-23T13:58:46 <Lenile> ces rats ils préviennent même pas !
2014-10-23T13:58:50 <Lenile> Teh
2014-10-23T13:58:55 <Lenile> Allez au diable !
2014-10-23T13:58:59 <heuzef> Euu si t'es au courrant
2014-10-23T13:59:19 <Lenile> HUMOUR HEUZEF
2014-10-23T13:59:19 <heuzef>  21 octobre 2014 22:21 par Ivan Alt : "Bon et MaCharon viens de me confirmer aussi (ce timing dégeulasse)
2014-10-23T13:59:19 <heuzef> Donc une place!"
2014-10-23T13:59:26 <Lenile> JE SUIS EN ALSACE DE TOUTE FACON !
2014-10-23T13:59:59 <Lenile> ça serais bien de TOUT marqué sur l'agenda, c'est se que je regarde le plus souvent
2014-10-23T14:00:34 <heuzef> C'est le cas
2014-10-23T14:00:43 <MaCharon> ben la MacDo c'est un petit truc alors un peu la flemme
2014-10-23T14:00:46 <heuzef> OCT 26
2014-10-23T14:00:46 <heuzef> JDR : EcoMonde
2014-10-23T14:01:02 <Bybeez> Sinon ouais MaCharon ça me va, et pour moi celui de sainte-catherine me va mieux
2014-10-23T14:01:31 <MaCharon> ok reste plus a ce que je vois ça avec Yvan
2014-10-23T14:01:49 <MaCharon> si tu le vois dit lui au cas ou je le choppe pas
2014-10-23T14:02:11 <MaCharon> j'amene un pote pour info
2014-10-23T14:02:15 <Bybeez> Ok,pas de souci
2014-10-23T14:04:45 <Lenile> Bah même les petites choses faut les marquées :D$
2014-10-23T14:05:40 <heuzef> Bof
2014-10-23T14:05:48 <heuzef> Faut pas non plus saturer l'agenda
2014-10-23T14:05:59 <heuzef> IRC suffit largement pour ça
2014-10-23T14:55:17 *** heuzef est parti
2014-10-23T14:57:19 *** heuzef s'est connecté
2014-10-23T15:01:50 *** Lenile est parti
2014-10-23T15:24:00 *** heuzef est parti
2014-10-23T15:46:08 *** heuzef s'est connecté
2014-10-23T17:10:41 *** heuzef est parti
2014-10-23T18:09:11 *** Silou s'est connecté
2014-10-23T18:34:59 *** Gordfang est parti
2014-10-23T19:00:27 *** Gordfang s'est connecté
2014-10-23T19:00:52 <Gordfang> re
2014-10-23T19:04:25 <Bybeez> re
2014-10-23T19:15:45 *** Gordfang est parti
2014-10-23T19:17:50 *** Gordfang s'est connecté
2014-10-23T19:17:59 <Gordfang> j'ai des deco sauvage c'est chelou
2014-10-23T19:31:21 *** MaCharon est parti
2014-10-23T19:31:47 *** MaCharon s'est connecté
2014-10-23T19:59:09 <Berry-Punch> Voilà ce qu'il s'est passé ces 10 dernières *hic* lignes, adriens33
2014-10-23T19:59:11 *** adriens33 s'est connecté
2014-10-23T20:05:22 *** Scootaloo s'est connecté
2014-10-23T20:05:23 *** Silou est parti
2014-10-23T20:09:58 <adriens33> bonsoir tout le monde :)
2014-10-23T20:12:33 <MaCharon> salut
2014-10-23T20:30:47 <Bybeez> Yo !
2014-10-23T21:24:39 *** Lenile s'est connecté
2014-10-23T21:24:58 <Lenile> Saloute !
2014-10-23T21:25:03 <Lenile> C'est qui Guest32398 ? :D
2014-10-23T21:25:11 <Guest32398> Rofl
2014-10-23T21:25:15 <Guest32398> C'est ma connexion Free
2014-10-23T21:25:31 * Guest32398 FreeHater
2014-10-23T21:25:38 <Lenile> Bonjour monsieur la connection Free o/
2014-10-23T21:25:43 <adriens33> bonsoir Lenile
2014-10-23T21:25:53 <Lenile> Ha c'était que Silou o/
2014-10-23T21:25:58 <Lenile> Salut adriens33
2014-10-23T21:26:05 <Lenile> Salut Gordfang
2014-10-23T21:26:07 <adriens33> 'soir Silou
2014-10-23T21:26:13 <Lenile> JE me souvient plus de qui tu est 8D
2014-10-23T21:26:22 <Silou> Plop *
2014-10-23T21:26:23 <adriens33> qui ? Silou ? C'est un espion breton XD
2014-10-23T21:26:36 <adriens33> (mais chut, faut pas l'dire)
2014-10-23T21:26:47 <Lenile> Nan m'en tape de Silou o/
2014-10-23T21:26:54 <adriens33> de qui tu cause alors ? :p
2014-10-23T21:26:56 <Lenile> Je parle de Gordfang o.
2014-10-23T21:26:59 <adriens33> (ce manque de respect :p)
2014-10-23T21:27:01 <adriens33> Baptiste
2014-10-23T21:27:10 <adriens33> un collègue de wildfier & Shinsaber
2014-10-23T21:27:18 <adriens33> (il est aussi à ingésup)
2014-10-23T21:27:20 <Gordfang> re
2014-10-23T21:27:21 <Silou> :o
2014-10-23T21:27:34 <Lenile> Wooohooo encore un geek o/
2014-10-23T21:27:41 <adriens33> ^w^
2014-10-23T21:27:41 <Lenile> Me semble que je les deja vu Gordfang
2014-10-23T21:27:44 <Lenile> Je sais plus e.e$
2014-10-23T21:27:55 <Gordfang> oui on c'est déja vu
2014-10-23T21:27:56 <adriens33> ptet ben qu'oui
2014-10-23T21:27:57 <Gordfang> le barbu
2014-10-23T21:27:59 <adriens33> ptet ben qu'non
2014-10-23T21:28:03 <Lenile> J'sais plus
2014-10-23T21:28:04 <Lenile> Bref
2014-10-23T21:28:08 <Lenile> Question les mecs
2014-10-23T21:28:16 <Lenile> C'est mieux de s'acheter un nouveau PC
2014-10-23T21:28:31 <Lenile> Ou de nettoyer completement le mien avec air Sec, Pate thermique et nouveau clavier ?
2014-10-23T21:28:51 <Gordfang> dépend le prix je dirai
2014-10-23T21:29:07 <Lenile> J'en est pour 30 euro total pour nettoyer
2014-10-23T21:29:12 <adriens33> boah
2014-10-23T21:29:22 <adriens33> nettoie le de temps à autre, ça lui fera pas de mal ^^
2014-10-23T21:29:42 <Silou> Entretient le sur la durée, c'est gratuit x)
2014-10-23T21:29:47 <Lenile> C'est un portable adri hein...
2014-10-23T21:29:47 <adriens33> quand t'as une tour, l'ouvrir genre une fois par mois faire la poussière dedans, nettoyer toutes les cartes & fans est une bonne idée déjà
2014-10-23T21:29:49 <adriens33> (je le fais moià
2014-10-23T21:29:52 <Lenile> Il est pas maivais
2014-10-23T21:29:55 <adriens33> pour un laptop aussi ^^
2014-10-23T21:29:56 <Lenile> hyste SALE
2014-10-23T21:30:06 <Lenile> JUSTE SALE !
2014-10-23T21:30:19 <adriens33> la pâte thermique t'as pas forcément besoin de la changer si le laptop est pas trop vieux et que le cpu semble pas trop chauffer
2014-10-23T21:30:24 <Lenile> Bah mon laptop est tres chiant à oucrir e.E
2014-10-23T21:30:37 <adriens33> bah essaie à la massue, ça marche toujours ^^
2014-10-23T21:30:39 <Lenile> J'vais faire un gros nettoyage air sec / coton tige
2014-10-23T21:30:44 <Lenile> Acheter un nouveau clavier
2014-10-23T21:30:47 <adriens33> par contre tu risques de légèrement écorner une vis ou deux. ^^
2014-10-23T21:31:29 <Lenile> xD
2014-10-23T21:32:57 *** TrappyTickles est parti
2014-10-23T21:35:46 <Lenile> adriens33:
2014-10-23T21:36:06 <Lenile> adriens33 t'a pas le tableau de perf des processeurs sur toi ? xD
2014-10-23T21:36:20 <Lenile> Et celle des CG aussi :D
2014-10-23T21:45:25 <adriens33> heuuu…
2014-10-23T21:45:25 <adriens33> non…
2014-10-23T21:45:35 <adriens33> tu cherches quoi ?
2014-10-23T21:45:47 <adriens33> (parce que au pire, si tu cherches un cpu en particulier tu google sa référence :p)
2014-10-23T21:49:59 *** alphadash s'est connecté
2014-10-23T21:50:05 <adriens33> tiens, salut alphadash :)
2014-10-23T21:50:11 <alphadash> hey salut :)
2014-10-23T21:50:12 <adriens33> qu'est-ce que tu deviens ? :)
2014-10-23T21:50:36 <alphadash> bah, j'ai enfin mon permis, je viens tout juste aujourd'hui d'assurer ma voiture
2014-10-23T21:50:43 <adriens33> ah
2014-10-23T21:50:46 <adriens33> grand moment alors: )
2014-10-23T21:50:48 <adriens33> * :)
2014-10-23T21:50:48 <alphadash> enfin les choses commencent
2014-10-23T21:51:20 <alphadash> je vais enfin pouvoir bouger et vous rencontrer haha, c'est pas parceque je viens pas que j'ai oublié x)
2014-10-23T21:51:33 <adriens33> tu vas enfin pouvoir goûter aux joies des bouchons, des réparations continuelles, des pleins tout le temps, des pneus crevés et/ou dégonflés… ^w^
2014-10-23T21:51:43 <adriens33> (eh eh >:) )
2014-10-23T21:51:59 <alphadash> pour les réparations, bah je suis mécanicien ça tombe bien
2014-10-23T21:52:09 <adriens33> ah bah ça te fera la main comme ça ^^
2014-10-23T21:52:15 <alphadash> muais x)
2014-10-23T21:52:26 <alphadash> je préfère me faire la mains ailleurs
2014-10-23T21:52:32 <adriens33> gné ?
2014-10-23T21:52:44 <Lenile> Whaaaaa
2014-10-23T21:52:47 <Lenile> S'qui ça ? :o
2014-10-23T21:52:49 <alphadash> bah sur d'autres voiture, la mienne quand même c'est moins cool.
2014-10-23T21:52:52 <adriens33> ah
2014-10-23T21:52:53 <adriens33> ouais
2014-10-23T21:52:55 <adriens33> d'accord.
2014-10-23T21:52:57 <alphadash> rofl
2014-10-23T21:53:21 <alphadash> salut lenile
2014-10-23T21:53:23 <Lenile> C'est qui alphadash ? :D
2014-10-23T21:53:29 <Lenile> Tes qui alphadash ? :D
2014-10-23T21:53:33 <Lenile> Hein hein ? :D
2014-10-23T21:53:37 <adriens33> une récente recrue qui est pas venu sur irc depuis quelques temps :)
2014-10-23T21:53:38 <Lenile> C'est qui alphadash ? :D :D
2014-10-23T21:53:50 <adriens33> pinkie lenile pie, on se calme. XD
2014-10-23T21:53:51 <Lenile> Un mec que j'a irecruter à l'Animasia ? :D
2014-10-23T21:53:57 <alphadash> Un mec inscrit depuis quelques mois qui n'est pas encore actif ici, mais les choses changent, surement
2014-10-23T21:54:06 <Lenile> Okay !
2014-10-23T21:54:09 <alphadash> mmh, dommage non x)
2014-10-23T21:54:13 <Lenile> J'ai hate de te voler ta voiture :D
2014-10-23T21:54:20 <alphadash> mmh bon courrage
2014-10-23T21:54:27 <adriens33> XD
2014-10-23T21:54:30 <adriens33> ah le chacal XD
2014-10-23T21:54:37 <Lenile> Tes pas le mec qui habite à coter de la garonne  mais genre hyper loin ?
2014-10-23T21:54:46 <alphadash> wtf
2014-10-23T21:54:49 <adriens33> hmm mais oui c'est clair !
2014-10-23T21:54:54 <adriens33> je suis eddy malou !
2014-10-23T21:54:54 <alphadash> carrément
2014-10-23T21:55:08 <alphadash> je suis à caudéran en ce moment
2014-10-23T21:55:13 <alphadash> parfois pessac
2014-10-23T21:55:24 <alphadash> et bientot bruges x)
2014-10-23T21:55:26 <Lenile> Tzs pas genre le mec qui à decongolexicomatisé les lois du marché ?
2014-10-23T21:55:48 <Lenile> Ha beh ça va Bruges
2014-10-23T21:55:59 <alphadash> à coté de la ou je bosse ouais
2014-10-23T21:55:59 <Lenile> ça sera encore plus pres pour te voler ta voiture :D
2014-10-23T21:56:09 <adriens33> Lenile du calme. ^^
2014-10-23T21:56:14 <alphadash> naon
2014-10-23T21:56:16 <adriens33> couché le Lenile !
2014-10-23T21:56:17 <alphadash> personne
2014-10-23T21:56:19 <adriens33> pas bouger !
2014-10-23T21:56:23 <adriens33> sage !
2014-10-23T21:56:26 <adriens33> nanmého ><
2014-10-23T21:56:28 <alphadash> j'ai posé des poignée electrique
2014-10-23T21:56:38 <adriens33> mouhahahaha >:)
2014-10-23T21:56:41 <alphadash> non, mais ça vaudrait-il le coup x)
2014-10-23T21:57:08 <Lenile> Un meuble avec une glace et un cadenas pour rangé des produits de beautées comment ça s'appelle ?
2014-10-23T21:57:17 <Lenile> enfin pas un cadenas mais une fermeture à clef
2014-10-23T21:57:18 <Lenile> clé
2014-10-23T21:57:26 <alphadash> mmmh
2014-10-23T21:57:35 <Lenile> #bronycub
2014-10-23T21:57:38 <alphadash> une armoire à glace?
2014-10-23T21:57:56 <Lenile> T'a beaucoup d'humour
2014-10-23T21:58:01 <Lenile> C'est une coiffeuse xD
2014-10-23T21:58:13 <alphadash> oh.
2014-10-23T21:58:32 <adriens33> donc c'est un meuble, qui réfléchit, et rempli de maquillage, c'est bien ça ?
2014-10-23T21:58:37 <adriens33> hmm…
2014-10-23T21:58:40 <adriens33> let me think…
2014-10-23T21:58:43 <alphadash> bahh
2014-10-23T21:59:00 <Lenile> C'est une coiffeuse j'vous dit xD$
2014-10-23T21:59:07 <Lenile> ATTENTON
2014-10-23T21:59:08 <Lenile> TOP
2014-10-23T21:59:17 <adriens33> c'toi le top
2014-10-23T21:59:18 <Lenile> JE SUIS DE FORME SPHERIQUE
2014-10-23T21:59:24 <alphadash> la terre
2014-10-23T21:59:25 <Lenile> ON ME FRAPPE SOUVENT QUAND JE SUIS DE SORTIT$
2014-10-23T21:59:30 <adriens33> un ballon ?
2014-10-23T21:59:44 <alphadash> heu
2014-10-23T21:59:48 <Lenile> JE NE SUIS PAS LA MAMAN DE alphadash mais je suis tout aussi aimé quand je rentre à la maison !
2014-10-23T21:59:53 <Lenile> UN BALLON !
2014-10-23T21:59:57 <adriens33> yayy
2014-10-23T21:59:58 <Lenile> Un poit pour adriens33
2014-10-23T22:00:02 <Lenile> point**
2014-10-23T22:00:07 <alphadash> mdr. je vais trop vite avec ma terre x)
2014-10-23T22:00:15 <adriens33> ta femme te le dit souvent.
2014-10-23T22:00:22 <adriens33> mais pas avec ta terre.
2014-10-23T22:00:35 <alphadash> merci tu fais bien au cas ou si j'avais pas capté
2014-10-23T22:00:38 <alphadash> xà
2014-10-23T22:00:39 <alphadash> x)
2014-10-23T22:00:41 <adriens33> ^^
2014-10-23T22:00:56 <alphadash> allez julien une autre
2014-10-23T22:01:01 <Lenile> Ok
2014-10-23T22:01:03 <adriens33> allez julien pampers !!
2014-10-23T22:01:15 <Lenile> JE SUIS COMPOSER A 90% DE J***F
2014-10-23T22:01:25 <Lenile> JE SERT ENTRE AUTRE A BRONZER OU A SE NOURRIR
2014-10-23T22:01:37 <Lenile> JE FONCTIONNE TOTU AUSSI BIEN L'HIVERT QUE L'ETE
2014-10-23T22:01:40 <Lenile> JE SUIS
2014-10-23T22:01:42 <Lenile> JE SUIS
2014-10-23T22:01:43 <MaCharon> creme ?
2014-10-23T22:01:46 <alphadash> ohh
2014-10-23T22:01:56 <alphadash> putin je cherche les trucs compliqué pour rien hahaha
2014-10-23T22:02:12 <Lenile> c'est pas de la creme
2014-10-23T22:02:20 <alphadash> de j***f ? whut
2014-10-23T22:02:32 <adriens33> [troll] y'a pas une étoile en trop ? :p[/troll]
2014-10-23T22:02:48 <alphadash> dieudonné
2014-10-23T22:02:51 <adriens33> XD
2014-10-23T22:02:54 <MaCharon> XD
2014-10-23T22:02:57 <Lenile> Une etoile en trop pardon
2014-10-23T22:03:06 <alphadash> ahah x)
2014-10-23T22:03:24 <Bybeez> c'est l'étoile de david
2014-10-23T22:03:30 <adriens33> un four ? :')
2014-10-23T22:03:36 <MaCharon> sable ?
2014-10-23T22:03:49 <adriens33> (je suis ignoble… XD)
2014-10-23T22:03:53 <alphadash> oh oui..
2014-10-23T22:03:54 <Lenile> bravo adriens33
2014-10-23T22:03:55 <alphadash> l'enfoiré mdr
2014-10-23T22:03:57 <Lenile> C'est ça !
2014-10-23T22:03:59 <adriens33> sérieux ? xD
2014-10-23T22:04:02 <alphadash> c'est ça en plus
2014-10-23T22:04:03 <Lenile> Oui ! xD
2014-10-23T22:04:06 <alphadash> mdrrrr
2014-10-23T22:04:08 <MaCharon> je comprend pas
2014-10-23T22:04:08 <adriens33> XD
2014-10-23T22:04:11 <Bybeez> XD
2014-10-23T22:04:14 <adriens33> l'enculéééé !
2014-10-23T22:04:23 <adriens33> allez une autre :')
2014-10-23T22:04:26 <Lenile> xD
2014-10-23T22:04:27 <alphadash> ouais.
2014-10-23T22:04:29 <Bybeez> Il avait mis l'étoile de David en trop dans J**f
2014-10-23T22:04:39 <alphadash> Mais ouais..
2014-10-23T22:04:41 <adriens33> Bybeez: c'est ce que j'ai pensé au moment ou je me suis relu
2014-10-23T22:04:43 <MaCharon> je comprend a peu pres le rapport avec les juifs et encore mais le reste...
2014-10-23T22:04:47 <adriens33> quand j'ai dit qu'il y avait une étoile en trop
2014-10-23T22:04:48 <Bybeez> XD
2014-10-23T22:04:52 <Bybeez> Je suis fier
2014-10-23T22:05:11 <adriens33> allez Lenile !
2014-10-23T22:05:12 <adriens33> une autre !
2014-10-23T22:05:25 <Bybeez> Le RPG auquel je jouer a planté... après 2h de jeu... sans sauvegardes... avec que des quetes secondaires chiante (beaucoup de marche)
2014-10-23T22:05:29 <adriens33> arf
2014-10-23T22:05:31 <Bybeez> et sans sauvegarde
2014-10-23T22:05:36 <adriens33> ça c'est pas cool :/
2014-10-23T22:05:38 <Bybeez> pendant les deux heures
2014-10-23T22:05:41 <alphadash> ah ouais merde.
2014-10-23T22:05:43 <Bybeez> je rage un poil
2014-10-23T22:05:57 <adriens33> tu rages sur un poële ? :p
2014-10-23T22:06:06 <Bybeez> oui ça brule
2014-10-23T22:06:13 <Bybeez> il est allumé
2014-10-23T22:06:15 <adriens33> ctb
2014-10-23T22:06:23 <Bybeez> XD
2014-10-23T22:06:47 <Lenile> Bon je m'en vais !
2014-10-23T22:06:58 <Lenile> Je vais regarder un film
2014-10-23T22:07:01 <Lenile> BISOUS !
2014-10-23T22:07:07 <adriens33> oooooh
2014-10-23T22:07:08 *** Lenile est parti
2014-10-23T22:07:09 <alphadash> Qui range une poële ?
2014-10-23T22:07:36 <adriens33> bon allez
2014-10-23T22:07:37 <adriens33> à moi
2014-10-23T22:07:40 <alphadash> OKOK
2014-10-23T22:07:57 <adriens33> JE SUIS DE FORME RECTILIGNE
2014-10-23T22:08:08 <adriens33> ON m'agite souvent d'avant en arrière
2014-10-23T22:08:08 <Bybeez> ctb
2014-10-23T22:08:11 <adriens33> je suis blanc au bout
2014-10-23T22:08:12 <Bybeez> ctb
2014-10-23T22:08:17 <adriens33> je suis plein de poils
2014-10-23T22:08:20 <alphadash> un zob
2014-10-23T22:08:20 <adriens33> je suis je suis ??
2014-10-23T22:08:21 <MaCharon> bonne reponse !XD
2014-10-23T22:08:23 <adriens33> nan
2014-10-23T22:08:28 <alphadash> ah merde.
2014-10-23T22:08:32 <adriens33> ^^
2014-10-23T22:08:35 <Bybeez> un balais a chiotte
2014-10-23T22:08:36 <adriens33> nan
2014-10-23T22:08:37 <alphadash> C'était tellement obligé
2014-10-23T22:08:39 <alphadash> x)
2014-10-23T22:08:40 <Bybeez> une brosse a dent
2014-10-23T22:08:42 <adriens33> ouiiiii
2014-10-23T22:08:45 <alphadash> ohhh
2014-10-23T22:08:46 <adriens33> bravo Bybeez
2014-10-23T22:08:59 <adriens33> (oui, c'était tourné exprès pour faire penser à une teub :') )
2014-10-23T22:09:06 <alphadash> oui bien sur x)
2014-10-23T22:09:25 <adriens33> à qui ? :)
2014-10-23T22:09:29 <alphadash> moi je tombe dedans que j'aurais pas trouvé de toute façon
2014-10-23T22:09:30 <alphadash> mdr
2014-10-23T22:23:29 <Bybeez> bonnuit
2014-10-23T22:23:35 <adriens33> bonne nuit Bybeez
2014-10-23T22:23:36 <adriens33> :)
2014-10-23T22:23:41 *** Bybeez est parti
2014-10-23T22:44:28 <alphadash> allez ciao
2014-10-23T22:44:33 *** alphadash est parti
