2014-09-01T00:04:55 *** adriens33 est parti
2014-09-01T00:09:54 *** ValCab33 s'est connecté
2014-09-01T00:10:34 <ValCab33> Plop
2014-09-01T00:10:47 <Ikledoreboline> Plop ValCab
2014-09-01T00:17:09 *** ValCab33 est parti
2014-09-01T00:20:53 *** TrappyTickles est parti
2014-09-01T00:34:09 *** Ikledoreboline est parti
2014-09-01T00:49:04 *** ValCab33 s'est connecté
2014-09-01T01:40:59 *** MaCharon est parti
2014-09-01T01:41:00 *** ValCab33 est parti
2014-09-01T01:41:06 *** ValCab33 s'est connecté
2014-09-01T01:59:11 *** ValCab33 est parti
2014-09-01T03:30:26 *** ELiDYROS s'est connecté
2014-09-01T03:36:36 *** ELiDYROS est parti
2014-09-01T04:56:58 *** Lenile s'est connecté
2014-09-01T04:57:13 <Lenile> Letarumavza qui éttein jamais son pc ~
2014-09-01T05:11:23 *** Lenile est parti
2014-09-01T08:13:02 <Berry-Punch> Voilà ce qu'il s'est passé ces 10 dernières lignes, adriens33 *hic* 
2014-09-01T08:13:04 *** adriens33 s'est connecté
2014-09-01T08:31:57 *** ELiDYROS s'est connecté
2014-09-01T09:13:03 *** heuzef s'est connecté
2014-09-01T10:12:39 *** TrappyTickles s'est connecté
2014-09-01T10:32:05 *** Bybeez s'est connecté
2014-09-01T10:38:42 <Bybeez> Patate !
2014-09-01T10:45:14 <heuzef> Frite ^^
2014-09-01T10:46:49 <TrappyTickles> potatoes
2014-09-01T10:47:16 <TrappyTickles> POH-TAY-TOEZ boil'em mash'em stick'em in a stew
2014-09-01T10:47:40 <Bybeez> XD
2014-09-01T10:47:47 *** heuzef est parti
2014-09-01T10:48:48 *** heuzef s'est connecté
2014-09-01T10:50:38 <ELiDYROS> Eh ben putain...
2014-09-01T10:55:45 <TrappyTickles> mh?
2014-09-01T11:09:01 <heuzef> adriens33: ?
2014-09-01T11:46:06 <ELiDYROS> Oui ?
2014-09-01T11:46:57 *** Letarumavza est parti
2014-09-01T11:49:21 <ELiDYROS> Non ? Tant pis alors.
2014-09-01T12:01:02 *** heuzef est parti
2014-09-01T12:06:53 <ELiDYROS> WAOUWAAH
2014-09-01T12:06:55 *** ELiDYROS est parti
2014-09-01T12:15:41 *** ludvann s'est connecté
2014-09-01T12:15:51 <ludvann> hellow tout le monde :D
2014-09-01T12:30:34 *** ELiDYROS s'est connecté
2014-09-01T12:30:38 <ELiDYROS> WAOUWAAH
2014-09-01T12:34:16 * ELiDYROS s'étouffe avec un BN.
2014-09-01T12:35:42 * ELiDYROS prend un second BN pour faire passer l'autre et s'étouffe encore plus.
2014-09-01T12:36:09 * ELiDYROS en prend un troisième.
2014-09-01T12:36:40 * ELiDYROS meurt tel le Jimmy Hendrix du BN.
2014-09-01T12:38:03 *** ELiDYROS est parti
2014-09-01T12:43:32 *** adriens33 est parti
2014-09-01T13:03:52 *** Gordfang s'est connecté
2014-09-01T13:18:21 <ludvann> blop
2014-09-01T13:19:08 <Gordfang> lut
2014-09-01T13:41:05 *** MaCharon s'est connecté
2014-09-01T13:41:10 <MaCharon> slt
2014-09-01T13:51:19 *** Yvan33 s'est connecté
2014-09-01T13:51:35 <Yvan33> Hellall!
2014-09-01T14:07:43 *** ELiDYROS s'est connecté
2014-09-01T14:08:06 * ELiDYROS tousse.
2014-09-01T14:09:41 * Yvan33 entend un toussement
2014-09-01T14:14:41 * ELiDYROS vomit.
2014-09-01T14:21:51 <ELiDYROS> Adieu.
2014-09-01T14:21:54 *** ELiDYROS est parti
2014-09-01T14:36:39 *** MaCharon est parti
2014-09-01T14:42:46 *** Silou s'est connecté
2014-09-01T15:11:22 *** heuzef s'est connecté
2014-09-01T15:11:34 *** heuzef est parti
2014-09-01T15:13:30 *** heuzef s'est connecté
2014-09-01T15:17:40 *** Silou est parti
2014-09-01T15:26:09 *** Yvan33 est parti
2014-09-01T15:34:07 *** Letarumavza s'est connecté
2014-09-01T15:38:37 *** heuzef est parti
2014-09-01T15:40:12 *** heuzef s'est connecté
2014-09-01T15:48:40 *** Bybeez est parti
2014-09-01T15:55:15 <ludvann> niorph ? :/
2014-09-01T15:55:38 <heuzef> Gordfang ?
2014-09-01T16:08:19 <heuzef> ludvann: ?
2014-09-01T16:36:33 *** Yvan33 s'est connecté
2014-09-01T16:36:47 <Yvan33> Ey, ya quelqu'un?
2014-09-01T16:40:43 <heuzef> yep
2014-09-01T16:40:52 <heuzef> Au boulot mais je suis la =)
2014-09-01T16:41:01 <Yvan33> Tu vas a l'animazia?
2014-09-01T16:43:10 <heuzef> J'ai pas encore eu le temps de lire mes mails, mais j'ai vue que ça en parle
2014-09-01T16:43:36 <heuzef> Et ça dépend
2014-09-01T16:43:41 <Yvan33> bah je pense y aller, avec qui je sais pas mais je devrai bien pouvoir taper l'incruste quelque part
2014-09-01T16:44:18 <heuzef> L'animasia baisse dans mon estime pour ma part, donc je vais moins m'investir dans cette asso, mais en générale y'a pas mal de monde qui y a
2014-09-01T16:44:35 <heuzef> Tu n'as donc aucune chance de te retrouver seul
2014-09-01T16:45:47 <heuzef> Par contre, je "recommande" aux membres du collectif de ne pas faire de bénévolat cette année
2014-09-01T16:46:10 <Yvan33> Ah? Pourquoi, quoi de spécial?
2014-09-01T16:46:55 <heuzef> ça ne tiens qu'à mon jugement personnel, mais je pense que l'Animasia commence à ce la jouer Japan Expo sans vraiment assumer
2014-09-01T16:47:36 <heuzef> Quand on commence à ce la jouer comme ça, on est pas en mesure de réclamer du bénévolat, surtout vu comment on est traité
2014-09-01T16:48:30 <heuzef> Alors si le staff vous repère avec vos t-shirt BronyCUB vous laissez pas faire, vous êtes pas leur esclaves
2014-09-01T16:48:33 <heuzef> C'est tout
2014-09-01T16:48:56 <Yvan33> Ah, parce que c'est ce qui s'est passé les dèrnières fois?
2014-09-01T16:50:10 <heuzef> Hélas, j'ai le sentiment que c'est un peu avec tous le monde qu'il commence à prendre la mauvaise route.
2014-09-01T16:50:24 <heuzef> On en discutera plus tard si tu veux ;)
2014-09-01T16:50:28 <Yvan33> Ok np
2014-09-01T16:50:46 <Yvan33> Au passage j'ai mis des images pour les artefacts du wiki
2014-09-01T16:51:02 <heuzef> Bien ouej
2014-09-01T16:51:37 <heuzef> Il va falloir aborder un jour la questions des images, driits auteur, licences etc ...
2014-09-01T16:52:59 <Yvan33> Oui, d'ailleurs tu as breveté ton contenu intelectuel?
2014-09-01T16:53:09 <heuzef> Il faut faire attention, être un projet à but non lucratif n'offre pas le droit de voler des images n'importe comment
2014-09-01T16:53:10 <heuzef> oui
2014-09-01T16:53:41 <heuzef> http://wiki.ecomonde.land/doku.php?id=wiki:a_propos#evolutions
2014-09-01T16:53:43 <Yvan33> Bof, au pire on les enlèves. Je peux les retrouver facilement
2014-09-01T16:54:03 <Yvan33> Donc retrouver la webographie
2014-09-01T16:55:27 <heuzef> Il faudrait qu'on fasse un point complet ensemble pour commencer à fixer la date de la prochaine partie
2014-09-01T16:55:43 <heuzef> Et voir avec vous si ça ne vous dérange pas de jouer sur le scenario principale bien que spoilé
2014-09-01T16:57:58 <Yvan33> Bah moi ce week end ya un machin, et après je vais à l'animasia
2014-09-01T16:59:25 <Yvan33> Donc j'ai 2 week end de battements
2014-09-01T16:59:42 <Yvan33> Tu as le temps de revoir le système d'xp entre temps ^^
2014-09-01T17:04:04 <heuzef> De toute manière la partie se fera chez TMT ou DTC normalement, à voir avec eux si Wifi
2014-09-01T17:07:02 <Yvan33> Oh, je peux héberger si tu as besoin. Ma maison est assez grande pour qu'on joue sans être dérangé par le reste de ma famille
2014-09-01T17:07:53 <heuzef> ou déjà ?
2014-09-01T17:08:08 <Yvan33> bah je suis sur la carte
2014-09-01T17:08:51 <heuzef> Ok bègle
2014-09-01T17:08:59 <heuzef> La gare
2014-09-01T17:09:07 <Yvan33> Ouais pas loin
2014-09-01T17:09:16 <heuzef> Sinon niveau connexion internet ? Correct ?
2014-09-01T17:09:19 <Yvan33> Mais tu prends le 15 a la victoire et tu es chez moi
2014-09-01T17:09:51 <heuzef> Et surtout, as-tu un bon ecran HDMI ?
2014-09-01T17:09:55 <Yvan33> Bah à part si tout le monde se met à télécharger 10 Go de connexion, ouais elle tient
2014-09-01T17:10:05 <Yvan33> Oui
2014-09-01T17:10:12 <Yvan33> On peut même utiliser ma télé
2014-09-01T17:10:18 <heuzef> Ok c'est décider dans ce cas
2014-09-01T17:10:55 <Yvan33> Je créer un event ou je demande juste à MaCharon et Bybeez?
2014-09-01T17:10:59 <heuzef> Je vais partir sur 5/6 joueurs je pense
2014-09-01T17:11:06 <heuzef> Oula attend
2014-09-01T17:11:09 <heuzef> Je suis pas prêt
2014-09-01T17:11:15 <heuzef> Je vais m'en occuper t'en fait pas
2014-09-01T17:11:31 <Yvan33> Ok bah tiens moi au courant alors
2014-09-01T17:16:37 <heuzef> Yep ;)
2014-09-01T17:22:44 *** wildfier s'est connecté
2014-09-01T17:22:49 <wildfier> yop
2014-09-01T17:22:51 <wildfier> https://www.youtube.com/watch?v=aHAgeOx1cBM
2014-09-01T17:22:59 <wildfier> dls je viens de craquer en voyant ça ...
2014-09-01T17:23:03 <wildfier> dsl*
2014-09-01T17:24:06 <Yvan33> Je me demande comment tu es ammené à poster ça sur youtube
2014-09-01T17:24:18 <heuzef> lol
2014-09-01T17:24:21 <heuzef> Nawak
2014-09-01T17:24:23 <wildfier> je suis trop fan XD
2014-09-01T17:33:18 *** Trappy_Tickles s'est connecté
2014-09-01T17:36:25 *** TrappyTickles est parti
2014-09-01T17:41:31 <wildfier> bon je suis content
2014-09-01T17:41:57 <wildfier> je viens de remplacer gmap par osm sur le site sur lequel je bosse pour mon stage
2014-09-01T17:42:06 <wildfier> bien plus fluide :)
2014-09-01T17:42:41 <Yvan33> tu boss sur quoi?
2014-09-01T17:42:52 <wildfier> http://maville2-0.fr/
2014-09-01T17:43:29 <wildfier> le principe c'est de récupérer un max de données sous open data
2014-09-01T17:43:40 <wildfier> et de les afficher sur le site
2014-09-01T17:44:22 <Yvan33> Je vois
2014-09-01T17:44:44 <wildfier> c'est cool
2014-09-01T17:44:48 <Yvan33> C'est vrai que c'est plus rapide
2014-09-01T17:44:56 <wildfier> j'aurai pas de pb pour afficher les membres de bc sur la v3
2014-09-01T17:44:58 <wildfier> :)
2014-09-01T17:45:02 <wildfier> je sais faire maintenant ^^
2014-09-01T17:45:11 <Yvan33> Mais du coup tu as pas la street view
2014-09-01T17:45:19 <wildfier> nope
2014-09-01T17:45:20 <Yvan33> Oh wait, on s'en fout
2014-09-01T17:45:32 <wildfier> mais elle est pas utilisé anyway sur l'ancienne version
2014-09-01T17:45:48 <wildfier> (ce que je t'ai passé c'est le lien du site en production, y a pas encore ma modif)
2014-09-01T17:46:32 <Yvan33> Humhum
2014-09-01T17:46:40 <wildfier> donc encore gmap :(
2014-09-01T17:46:59 <Yvan33> En fait tout les pseudos vert peuvent modifier le site, non?
2014-09-01T17:47:12 <wildfier> ...
2014-09-01T17:47:15 <wildfier> heu
2014-09-01T17:47:17 <wildfier> je sais pas
2014-09-01T17:47:32 <Yvan33> Bah tu as des droits supplémentaires
2014-09-01T17:47:39 <wildfier> j'avais fait attention
2014-09-01T17:48:13 <wildfier> bas j'ai l'accès au github et au serveur hostant le site, mais sur l'irc j'ai pas fait attention
2014-09-01T17:49:10 <Yvan33> Okay ^^
2014-09-01T17:49:39 <wildfier> http://lehollandaisvolant.net/?d=2014/09/01/16/42/38-pour-le-pdg-de-sacd-ouvrir-un-blog-cest-etre-un-pirate
2014-09-01T17:49:42 <wildfier> Pour lui, le problème c’est que : « chaque internaute peut devenir diffuseur et dès lors qu’il devient diffuseur, il porte atteinte naturellement aux droits de propriété intellectuelle ».
2014-09-01T17:49:45 <wildfier> damn
2014-09-01T17:49:54 <wildfier> je suis au delà du facepalm là ...
2014-09-01T17:50:20 <Yvan33> humhum
2014-09-01T17:50:53 <heuzef> wildfier bien ouej pour OSM =)
2014-09-01T17:50:59 <heuzef> Content de voir que ça avance
2014-09-01T17:51:12 <wildfier> je te dirais quand ça sera en prod
2014-09-01T17:51:19 <wildfier> pour voir ce que ça donne
2014-09-01T17:51:23 <heuzef> Surtout que la demande concernant la V3 commence à devenir international
2014-09-01T17:51:29 <heuzef> Tu va pouvoir te la pété grave
2014-09-01T17:51:32 <heuzef> ;)
2014-09-01T17:51:46 <wildfier> mais en tout cas quand tu déplace la carte avec leaflet c'est bcp plus fluide qu'avec gmap
2014-09-01T17:51:51 <wildfier> hehe !
2014-09-01T17:52:23 <Yvan33> Tu devrais vendre ton projet si tout le monde en a autant besoin
2014-09-01T17:52:30 <heuzef> Limite si ça rencontre un lourd succès, ce que j'espère, te pourra mettre ça a l'aise dans ton CV :)
2014-09-01T17:53:05 <wildfier> tkt ^^
2014-09-01T17:53:08 <wildfier> c'est prévu
2014-09-01T17:53:20 <Yvan33> La vente?
2014-09-01T17:53:24 <heuzef> Yvan33 l'objectif ici c'est plutôt de diffuser un CMS pour aider les collectifs brony
2014-09-01T17:53:25 <wildfier> le cv
2014-09-01T17:53:45 <wildfier> la vente c'est à l'opposé de l'objectif si tu parles de bc
2014-09-01T17:53:52 <wildfier> et si tu parles de maville2
2014-09-01T17:54:00 <wildfier> je suis que stagiaire sur le projet
2014-09-01T17:54:10 <wildfier> je me moque un peu du devenir de ce truc ^^
2014-09-01T17:54:20 <heuzef> Et wildfier se retrouve par un heureux hasard de circonstance dans la ligne de mire de nombreux brony à cause de la V3
2014-09-01T17:54:35 <heuzef> La "légendaire" V3 bientôt xD
2014-09-01T17:54:39 <wildfier> XD
2014-09-01T17:54:49 <Yvan33> C'est à dire, ya une entreprise qui développe ça, tu les aides et en échange ils te laissent l'utiliser?
2014-09-01T17:54:50 <wildfier> arrêtes tu vas me faire rougir ...
2014-09-01T17:54:52 <wildfier> XD
2014-09-01T17:55:04 <wildfier> tu parles d'open street map ?
2014-09-01T17:55:07 <heuzef> wildfier: sérieusement, tu es au courrant aussi pour bronyIDF ?
2014-09-01T17:55:26 <wildfier> heuzef: non, sérieux encore un ?
2014-09-01T17:55:33 <wildfier> c'est un google map libre
2014-09-01T17:55:40 <heuzef> wildfier non encore 3
2014-09-01T17:55:49 <wildfier> ok !
2014-09-01T17:55:57 <wildfier> toujours plus !
2014-09-01T17:55:57 <heuzef> Et BronyIDF c'est du mega lourd, c'est Île de France
2014-09-01T17:56:06 <Yvan33> Ah oui, Paris
2014-09-01T17:56:09 <wildfier> oh yeah
2014-09-01T17:56:10 <heuzef> Estimation : environ 500 membres en 1 an
2014-09-01T17:56:17 <heuzef> La V2 n'à aucune chance :(
2014-09-01T17:56:19 <wildfier> XD
2014-09-01T17:56:33 <wildfier> faut que je m'applique alors ^^
2014-09-01T17:56:53 <Yvan33> Bah je veux pas te mettre la pression mais ta Renommé internationale est en jeux
2014-09-01T17:57:14 <wildfier> ^^
2014-09-01T17:57:17 <heuzef> Oui, part sur le principe que ce CMS doit super une charge de 5000 membres sur le très long terme et s'adapter à tous les collectif locaux
2014-09-01T17:57:23 <wildfier> et j'aime pas le dev web en plus ...
2014-09-01T17:58:00 <heuzef> wildfier: franchement, je suis certain que tu peux avoir de l'aide très facilement sur ce projet
2014-09-01T17:58:10 <heuzef> T'es pas obliger de tous faire seul ;)
2014-09-01T17:58:30 <wildfier> j'espère bien !
2014-09-01T17:58:43 <heuzef> C'st juste qu'on communique genre ... hyper mal sur la V3 :/
2014-09-01T17:58:58 <wildfier> c'est aussi que je fais ça sur mon temps libre
2014-09-01T17:59:06 <wildfier> donc pas souvent et pas longtemps ^^
2014-09-01T17:59:42 <heuzef> wildfier pas de pression de délais, c'est un projet libre, tant que ça avance c'est tous ce qui compte
2014-09-01T18:00:03 <heuzef> Par contre si y'en à bien un qui presse plus, c'est le BBBFF :/
2014-09-01T18:00:33 <heuzef> [pendant ce temps la à Londre, Shinsaber fait le boulet devant le Tardis]
2014-09-01T18:01:36 <wildfier> tu sais qu'il est rentré de Londre y a une semaine ...
2014-09-01T18:02:11 *** Yvan33 est parti
2014-09-01T18:03:13 *** Yvan33 s'est connecté
2014-09-01T18:03:20 <Yvan33> Pardon, pitit bug
2014-09-01T18:05:18 <Yvan33> Mais je dois y aller, donc à +
2014-09-01T18:05:23 *** Yvan33 est parti
2014-09-01T18:05:24 <wildfier> ++
2014-09-01T18:07:02 <heuzef> wildfier: ha ... bon .... :/ J'espère qu'on peux compter sur lui
2014-09-01T18:07:50 <heuzef> dernier commit Updated on 17 Jun
2014-09-01T18:07:55 <heuzef> Pas rassurant
2014-09-01T18:08:21 <Gordfang> re
2014-09-01T18:08:32 <heuzef> Gordfang re =)
2014-09-01T18:08:36 <heuzef> Tous ce passe comme tu veux ?
2014-09-01T18:09:07 <wildfier> yop
2014-09-01T18:09:21 <Gordfang> moi? ouai ouai pas de soucis je vais voir les gardien de la galaxy ce soir
2014-09-01T18:09:24 <Gordfang> enfin revoir :D
2014-09-01T18:09:35 <wildfier> heu Gordfang, la map du site est passé sous osm ^^
2014-09-01T18:09:44 <Gordfang> osm?
2014-09-01T18:09:44 <wildfier> VO, VF ?
2014-09-01T18:09:47 <Gordfang> vf
2014-09-01T18:09:49 <wildfier> damn
2014-09-01T18:09:58 <Gordfang> dans mon petit cinoch de ville on as pas de vo
2014-09-01T18:10:07 <wildfier> t'es pas sur bdx ?
2014-09-01T18:10:31 <Gordfang> non
2014-09-01T18:10:35 <Gordfang> sur saint sever
2014-09-01T18:10:38 <wildfier> ok, je t'aurai proposé de t'accompagner pour aller le voir sinon ^^
2014-09-01T18:11:45 <heuzef> Gordfang: par rapport à l'Astrée, on va pouvoir envoyé les docs ce soir ?
2014-09-01T18:12:10 <Gordfang> je fini de check mes mails
2014-09-01T18:12:33 <Gordfang> ouai en théorie c'est bon
2014-09-01T18:13:11 <wildfier> mince, je crois que j'ai pas complété ton doc pour astrée ...
2014-09-01T18:13:29 <Gordfang> tien moi non plus :D
2014-09-01T18:13:34 <wildfier> XD
2014-09-01T18:15:18 <Gordfang> c'est quand animasia au fait?
2014-09-01T18:16:07 *** heuzef est parti
2014-09-01T18:18:06 *** heuzef s'est connecté
2014-09-01T18:20:30 *** MaCharon s'est connecté
2014-09-01T18:20:36 <MaCharon> slt
2014-09-01T18:21:27 <wildfier> salut
2014-09-01T18:21:57 <wildfier> 4&5 octobre Gordfang
2014-09-01T18:22:19 <wildfier> le 1er week end d'octobre quoi
2014-09-01T18:22:22 <Gordfang> ah ok je suis large
2014-09-01T18:22:27 <Gordfang> faut commander en avance je parie?
2014-09-01T18:22:57 <wildfier> j'imagine
2014-09-01T18:23:36 <wildfier> faudrait poster un event sur notre site
2014-09-01T18:23:37 <heuzef> Gordfang: ok ça marche, envoie moi ça directement ;)
2014-09-01T18:25:41 <wildfier> sinon vous regardez dr who ?
2014-09-01T18:29:26 <heuzef> wildfier je suis bien content perso
2014-09-01T18:29:41 <heuzef> Le 13 ème docteur est plutôt à la hauteur
2014-09-01T18:30:00 <heuzef> Peut-être même meilleur que le 12 ème je pense
2014-09-01T18:30:00 <wildfier> j'ai adoré le nouveau générique
2014-09-01T18:30:04 <heuzef> idem
2014-09-01T18:30:23 <wildfier> faut que je m'habitue au nouveau style / nouvelle personnalité
2014-09-01T18:30:30 <wildfier> pour le moment j'ai du mal
2014-09-01T18:30:53 <wildfier> (et j'ai trouvé l'écriture du dernier ep un poil paresseuse)
2014-09-01T18:31:07 <wildfier> mais bon, c'est pas avec 2 ep sur la saison que je peux juger ^^
2014-09-01T18:32:50 <heuzef> Moi pour le moment je suis pas déçus
2014-09-01T18:33:13 <heuzef> C'est pas le meilleur episode mais bon
2014-09-01T18:33:27 <heuzef> c'est pas evident d'integrer un nouvel acteur à chaque fois
2014-09-01T18:33:37 <wildfier> bas quand tu devines des trucs avant le dr
2014-09-01T18:33:51 <wildfier> c'est que c'est assez feignant ou mal écrit ^^
2014-09-01T18:34:12 <heuzef> héhé
2014-09-01T18:34:20 <heuzef> Au faite wildfier ça fait un moment que je t'es as vu
2014-09-01T18:34:38 <heuzef> Je pense que t'es pas au courrant pour mon dernier pti projet :)
2014-09-01T18:34:45 <wildfier> mais bon, j'imagine que les auteurs doivent avoir du mal à se renouveler dans le scénar toujours plus tordu / wtf
2014-09-01T18:34:56 <wildfier> ah ?
2014-09-01T18:34:59 <heuzef> Ouais
2014-09-01T18:35:03 <wildfier> tu m'intéresses, dis m'en plus
2014-09-01T18:35:04 <heuzef> T'es assis ?
2014-09-01T18:35:08 <wildfier> oui
2014-09-01T18:35:16 <heuzef> T'es prêt à avoir le choc de ta vie ?
2014-09-01T18:35:38 <wildfier> (je suis pas linus torvalds qui à un tappis de course comme chaise de bureau)
2014-09-01T18:35:41 <wildfier> (véridique)
2014-09-01T18:35:41 <wildfier> oui
2014-09-01T18:35:45 <wildfier> vasy !
2014-09-01T18:35:46 <heuzef> Tu as un défibrillateur à côté de toi en cas d'arrêt du coeur !! ??
2014-09-01T18:35:50 <wildfier> XD
2014-09-01T18:35:55 <heuzef> xD
2014-09-01T18:36:02 <wildfier> accouche !
2014-09-01T18:36:04 <heuzef> (roulement de tambour)
2014-09-01T18:36:11 <heuzef> www.ecomonde.land
2014-09-01T18:36:13 <wildfier> pause for dramatic effect
2014-09-01T18:36:15 <heuzef> Tadaaam :D
2014-09-01T18:36:44 <wildfier> damn it mais qu'est ce qu'elle à ma co se soir !
2014-09-01T18:37:00 <wildfier> (j'espère que t'es patient ^^)
2014-09-01T18:37:22 <heuzef> Le site va pas s'enfuir ;)
2014-09-01T18:37:46 <wildfier> non mais ma réaction est retardée ^^
2014-09-01T18:39:08 <wildfier> nice ^^
2014-09-01T18:39:21 <heuzef> Grosse amélioration du machin !
2014-09-01T18:39:24 *** Bybeez s'est connecté
2014-09-01T18:39:39 <Bybeez> Patates !
2014-09-01T18:39:46 <heuzef> Et muffin sur le gateau ! Y'a un Wiki maintenue par une communauté géniale ^^
2014-09-01T18:39:48 <wildfier> je re
2014-09-01T18:39:59 <heuzef> Tiens en parlant de ça, Bybeez est un gros contributeur
2014-09-01T18:40:08 <Bybeez> C'est qui le gros ?!
2014-09-01T18:40:50 *** Yvan33 s'est connecté
2014-09-01T18:40:50 <Yvan33> Z
2014-09-01T18:40:56 <heuzef> Z
2014-09-01T18:41:07 <Yvan33> En parlant de Muffin, devine la référence du muffin
2014-09-01T18:41:15 <Yvan33> Sur le wiki
2014-09-01T18:41:15 *** wildfier est parti
2014-09-01T18:41:26 *** wildfier s'est connecté
2014-09-01T18:41:41 <heuzef> Woaw ! Le Muffin Mystique ! Trop fort xD
2014-09-01T18:42:16 <Bybeez> hooooo J'ai eu un éclair d'inspiration !!!
2014-09-01T18:42:32 <Yvan33> Oooooooooohj, grace a mon Muffin?
2014-09-01T18:42:53 <heuzef> J'ai une idée d'optimisation pour ton muffin !
2014-09-01T18:44:56 <heuzef> Au lieu de rendre uste de la vie, celui qui mange Un Muffin Mystique (usage unique) regéne 100 % de sa vie et devient même invicible pour quelque tour. Mais la contrepartie est de taille : le mec est obliger de faire des bétises durant ce temps, par exemple il frappe ses alliées sans faire expret etc
2014-09-01T18:45:03 <heuzef> Plutôt cool non ? xD
2014-09-01T18:45:24 <Bybeez> Classe
2014-09-01T18:45:40 <Yvan33> Bah du moment que ça reste un Muffin
2014-09-01T18:45:44 <Bybeez> Il y a une partie contributions sur le wiki alors a toi de jouer
2014-09-01T18:45:59 <Yvan33> A toi d'jouer!
2014-09-01T18:46:08 <Yvan33> *générique yu-gi-oh*
2014-09-01T18:46:14 <Bybeez> J'allais le dire
2014-09-01T18:46:24 <heuzef> Pour l'instant la partie contribution ce remplis plus vite que ce que je ne peut valider, donc c'est nickel
2014-09-01T18:46:41 <Yvan33> Bah je vais alentir moi avec la rentré
2014-09-01T18:47:07 <Yvan33> Et en plus tu dois optimiser l'xp gagné
2014-09-01T18:47:19 <Yvan33> Ou alors personne montera lv 2 ^^
2014-09-01T18:47:32 <heuzef> Il nous faut encore un guide et une description exemple pour le système de combat
2014-09-01T18:47:48 <heuzef> Pour l'XP j'hésite encore
2014-09-01T18:47:50 <Yvan33> Ah oui, le pvp X)
2014-09-01T18:48:00 <heuzef> Je pense que déjà y'a la monnaie à prendre en compte
2014-09-01T18:48:15 <heuzef> Donc pas d'XP gagnable sauf DDR
2014-09-01T18:48:19 <heuzef> Donc
2014-09-01T18:48:29 <heuzef> Il faut que je reduise les level up
2014-09-01T18:48:45 <Yvan33> Bah boss vaincu = Argent trésors et expériences, non?
2014-09-01T18:49:10 <Yvan33> Argent = Orbes, trésors = artefacts
2014-09-01T18:49:31 <heuzef> Yvan33: non, boss vaincu = Orbres et/ou Artefacts + DDR
2014-09-01T18:49:33 <Yvan33> Donc quand tu tue un boss tu peux obtenir soit des orbes soit de l'xp soit un artefact
2014-09-01T18:49:43 <Yvan33> Ah ok pas 'xp
2014-09-01T18:49:52 <heuzef> Non, à cause de la monaie
2014-09-01T18:49:59 <Yvan33> Bah danc ce cas là reste à 100 xp par level
2014-09-01T18:50:05 <heuzef> Sinon le MJ doit gérer les orbres + XP + DDR
2014-09-01T18:50:10 <heuzef> C'est beaucoup trop
2014-09-01T18:50:19 <heuzef> D'ailleur j'ai encore un souci de taille
2014-09-01T18:50:24 <heuzef> Comment quantifier les DDR
2014-09-01T18:50:36 <Yvan33> Qaund en donner?
2014-09-01T18:50:37 <heuzef> J'ai plus de place sur les fiche perso
2014-09-01T18:50:44 <heuzef> Non
2014-09-01T18:50:55 <Yvan33> Les oeufs c'est quoi alors?
2014-09-01T18:51:00 <heuzef> Genre quand quelqu'un mérite une recompense => +1 DDR
2014-09-01T18:51:12 <Yvan33> Tu aimes bien mon abréviation
2014-09-01T18:51:18 <Bybeez> DDR ?
2014-09-01T18:51:35 <heuzef> Les orbres c'est juste du frics, d'ailleur je vais remplacer le 1 DRR par un lancer d'orbe
2014-09-01T18:51:44 <heuzef> Dés De Récompenses
2014-09-01T18:51:45 <Bybeez> C'est quoi un DDR ?
2014-09-01T18:51:48 <Bybeez> Ah ok
2014-09-01T18:52:18 <Yvan33> Hein, what?
2014-09-01T18:52:18 <heuzef> l'idéale serait un sceau de dés, chaque fois le MJ en donne un au joueur qui mérite un DDR
2014-09-01T18:52:29 <heuzef> Sauf que pas possible ici :P
2014-09-01T18:52:37 <Yvan33> Gnu?
2014-09-01T18:52:46 <Bybeez> Je crois qu'en essayant de simplifier tu complexifie a mort le truc
2014-09-01T18:52:56 <heuzef> Oui donc prudence
2014-09-01T18:53:03 <Yvan33> Moi je suis perdu, tu veux remplacer quoi?
2014-09-01T18:53:10 <heuzef> Attend
2014-09-01T18:53:27 <Yvan33> Si tu veux tu peux mettre le gain d'orbes sur le "1" du DDR
2014-09-01T18:53:35 <Yvan33> A place de "rien du tout"
2014-09-01T18:54:32 <Yvan33> Ok j'attend ton pavé
2014-09-01T18:55:09 <Yvan33> Jerry a ton artefact bybeez
2014-09-01T18:55:18 <Yvan33> :noel:
2014-09-01T18:55:28 <Bybeez> Il est cool ! Best artefact ever !
2014-09-01T18:55:51 <heuzef> http://wiki.ecomonde.land/doku.php?id=wiki:recompenses
2014-09-01T18:55:59 <heuzef> Voila
2014-09-01T18:57:08 <heuzef> Cependant, j'aimerais intégrer sur les fiches perso une jauge DDR, pour savoir combien le joueur possède de DDR à dépenser
2014-09-01T18:57:09 <Yvan33> Donc tu gagne 1/6 à 6/6 orbes par jet de dés en moyenne
2014-09-01T18:57:23 <heuzef> oui
2014-09-01T18:57:24 <Bybeez> Ouais
2014-09-01T18:57:42 <heuzef> En faite, j'aimerais éviter de surcharger les fiche persos plus que ça
2014-09-01T18:57:44 <Yvan33> donc chaque jets te donne une orbe ou moins
2014-09-01T18:57:46 <heuzef> Alors je suis coincé
2014-09-01T18:57:51 <heuzef> coment gérer les DDR ?
2014-09-01T18:58:02 <Yvan33> Bah c'est pas les oeufs?
2014-09-01T18:58:34 <heuzef> Si pour toi Oeufs = Orbes la réponse est non
2014-09-01T18:58:50 <Yvan33> Nan moi oeuf=DDR
2014-09-01T18:58:56 <Yvan33> Genre une surprise tu vois
2014-09-01T18:58:59 <heuzef> non
2014-09-01T18:59:10 <heuzef> ça c'est le nombres d'orbes du joueur
2014-09-01T18:59:13 <heuzef> Tous simplement
2014-09-01T18:59:36 <Yvan33> Bah tu écris dans les notes son nombre de DDR
2014-09-01T18:59:38 <Bybeez> XD J'adore ton explication foireuse Yvan "Oeuf = suprise"
2014-09-01T18:59:39 <heuzef> Pour les DDR j'aurais plutot mit un paquet cadeau, sauf que plus de place
2014-09-01T19:00:00 <heuzef> Ou alors je met ça en dessous des notes ...
2014-09-01T19:00:05 <heuzef> bof
2014-09-01T19:00:29 <Yvan33> Ou alors ils les encaissent diretement
2014-09-01T19:00:35 <heuzef> Bof aussi
2014-09-01T19:00:42 <heuzef> casse le rythme
2014-09-01T19:00:43 <Yvan33> Bah tu trouve de la place
2014-09-01T19:01:27 <heuzef> L'idéale en faite serais un pti sceau remplis de D6 de couleur unique
2014-09-01T19:01:28 <Bybeez> Tu peux les mettre a droite de l'xp en décallant l'xp
2014-09-01T19:01:36 <heuzef> Comme ça le MJ les distribue direct
2014-09-01T19:01:57 <Yvan33> Ou alors
2014-09-01T19:02:05 <Bybeez> Le principe pas trop de matos etait pas important a la base ?
2014-09-01T19:02:10 <Yvan33> Tu mets les DDR a la place du niveau
2014-09-01T19:02:11 <heuzef> Si justement
2014-09-01T19:02:36 <Yvan33> Et tu met un thème pour la fiche pour chaque niveau atteint
2014-09-01T19:02:50 <Bybeez> C'étais un sarcasme de ma part ^^
2014-09-01T19:03:08 *** ludvann est parti
2014-09-01T19:03:13 <Yvan33> Genre lv 0 => Un
2014-09-01T19:03:19 <Yvan33> Zut
2014-09-01T19:03:19 <heuzef> Pas con, mais il faut quand même les boutons pour level up
2014-09-01T19:03:29 <Yvan33> Hum
2014-09-01T19:03:39 <heuzef> Et puis je trouve l'idée d'avoir les DDR physiquement plutôt exitant
2014-09-01T19:03:49 <Yvan33> Houla
2014-09-01T19:03:56 <heuzef> Genre le mec il peut avoir une grosse poigné de DDR et tous jetter d'un coup
2014-09-01T19:04:00 <Bybeez> Ouais mais un seau de dé coloré....
2014-09-01T19:04:00 <heuzef> ça fait briller les yeux
2014-09-01T19:04:37 <heuzef> Franchement c'est gérable, on limite le jeux à des D6, les plus répendu
2014-09-01T19:05:04 <Bybeez> Ouais mais si le gars il en a 6 et celui d'a coté aussi etc ça fait beaucoup
2014-09-01T19:05:11 <Yvan33> Bah sinon tu mets une fenêtre à part où tu attribu les DDR
2014-09-01T19:05:18 <heuzef> On ne franchit pas la limite sacrée de un PC + internet + D6
2014-09-01T19:05:41 <Yvan33> Comme ça les joueurs sont pas forcément avertit par chaque DDR qu'ils choppent
2014-09-01T19:06:30 <heuzef> Mouais, dans ce cas pas besoin de coder quoi que ce soit
2014-09-01T19:06:38 <heuzef> Je laisse le MJ faire ça à sa manière
2014-09-01T19:06:42 <Yvan33> Et en plus tu évites de mélanger les dés
2014-09-01T19:07:33 <heuzef> hmm
2014-09-01T19:07:45 <heuzef> c'est que j'aime beaucoup l'idée de jetter des poignés de DDR
2014-09-01T19:07:52 <heuzef> C'est plutôt fun, rapide, simple
2014-09-01T19:08:04 <heuzef> Tu regroupe les dé identique le MJ gagne du temps aussi
2014-09-01T19:08:13 <Bybeez> Oui mais Tout le monde a pas une poigné de dé
2014-09-01T19:08:27 <Yvan33> Tu comprend ce que je sis ou osef totalement?
2014-09-01T19:08:53 <heuzef> Oui, mais quel fenetre à part en faite ?
2014-09-01T19:09:03 <Bybeez> genre 4-5 dé identiques ça fais deja beaucoup pour une personne lanbda
2014-09-01T19:09:13 <Bybeez> lambda*
2014-09-01T19:09:28 <Yvan33> Bah entre la fenêtre "ECO" et "ACTION"
2014-09-01T19:09:51 <Yvan33> Ouais mais pour un roliste, 4-5 d6 il en a dans chaque poche
2014-09-01T19:09:55 <heuzef> Ha ba oui tiens, j'avais oublier ça
2014-09-01T19:10:04 <Yvan33> Donc t'en amène 2 et c'est bon
2014-09-01T19:10:17 <heuzef> Ha ouais mais pas possible techniquement
2014-09-01T19:10:32 <Yvan33> Pfff, nul
2014-09-01T19:10:37 <heuzef> Si je doit créer un compteur de surprise
2014-09-01T19:10:44 <Bybeez> oui mais le principe même du jeu c'est d'être "casu" pas forcement pour des rollistes
2014-09-01T19:10:46 <heuzef> Il faut qu'il soit obligatoirement inscrit dans la fiche perso
2014-09-01T19:11:03 <Yvan33> Ah, c'est pas éditable en pleine partie?
2014-09-01T19:11:24 <heuzef> Si, c'est inscrit dans la fiche perso (XML)
2014-09-01T19:12:02 <Gordfang> bon aller j'y go moi
2014-09-01T19:12:03 <Gordfang> ++
2014-09-01T19:12:05 <heuzef> ++
2014-09-01T19:12:06 <Yvan33> +
2014-09-01T19:12:13 <Bybeez> +
2014-09-01T19:12:16 *** Gordfang est parti
2014-09-01T19:12:20 <Yvan33> Cette dextérité heuzef
2014-09-01T19:13:03 <heuzef> Bon ba va falloir que j’édite a nouveau les fiche perso pour integrer les DDR
2014-09-01T19:13:11 <heuzef> Je vois pas d'autre solution
2014-09-01T19:13:33 <Yvan33> Bah sinon tu demandes aux joueurs d'amener leurs d6
2014-09-01T19:14:06 <heuzef> C'est pas vraiment le problème les D6, même avec un D6, pas confortable mais gérable
2014-09-01T19:14:20 <heuzef> C'est surtout, comment le MJ va quantifier les DDR des joueurs
2014-09-01T19:14:46 <Yvan33> Bah il colle les dés sur la tête du joueur, il se démerde!
2014-09-01T19:15:02 <heuzef> Ou alors y'a une solution autre
2014-09-01T19:15:10 <heuzef> par un tour de passe passe technique
2014-09-01T19:15:10 <Yvan33> Ton MJ c'est pas forcément un bras cassé!
2014-09-01T19:15:24 <Yvan33> Une solution alternative
2014-09-01T19:15:47 <heuzef> Je met jusque un pti bouton "cadeau" sur les fiches perso qui attribue un DDR automatiquement manière aléatoire
2014-09-01T19:16:00 <heuzef> C'est trsè pratique et efficace, mais ça nique le plaisir de lancer un DDR
2014-09-01T19:16:23 <Yvan33> Nan nul, après on a plus de D6
2014-09-01T19:16:58 <Bybeez> oui et ça nique aussi l'espace de travail du MJ, si jamais il veut jouer avec un autre système il peut pas
2014-09-01T19:17:07 <heuzef> ok
2014-09-01T19:17:23 <heuzef> Bon ba je suis bon pour integrer un compteur de DDR
2014-09-01T19:17:41 <heuzef> Je vais voir si possible de mettre ç à droite des notes
2014-09-01T19:17:56 <Yvan33> Brohoof bybeez, on a réussi!
2014-09-01T19:18:09 <Bybeez> Brohoof !
2014-09-01T19:18:14 <heuzef> ^^
2014-09-01T19:18:21 <Yvan33> Ey
2014-09-01T19:18:29 <Yvan33> Brohoof /)
2014-09-01T19:18:53 <Yvan33> Hum, je peux pas mettre le "/)" tout seul
2014-09-01T19:19:07 <heuzef> Si tu commence pas slash c'est une commande
2014-09-01T19:19:10 <Yvan33> Il faut le précéder de quelque chose
2014-09-01T19:19:14 <Yvan33> Ahhhhhhhh
2014-09-01T19:19:21 <Bybeez> Ah oui c'est vrai ^^
2014-09-01T19:19:23 <Yvan33> Alors intégrez cette commande
2014-09-01T19:19:32 <Bybeez> ( Brohoof !
2014-09-01T19:19:39 <wildfier> pascon Yvan33
2014-09-01T19:19:42 <wildfier> pas con*
2014-09-01T19:19:44 <heuzef> Faut faire la demande à adrien de créer la commande !brohoof
2014-09-01T19:19:49 <Yvan33> Ouah il était là lui
2014-09-01T19:20:07 <Bybeez> il nous surveille depuis le début !
2014-09-01T19:20:08 <Yvan33> Comment il écoutait aux aguets et tout
2014-09-01T19:20:17 * Berry-Punch lance un muffin sur wildfier à 919 km/h
2014-09-01T19:20:17 <Bybeez> !muffin wildfier
2014-09-01T19:20:52 <Yvan33> Un Muffin mystique?
2014-09-01T19:20:55 <Berry-Punch> Voilà ce qu'il s'est passé ces 10 *hic* dernières lignes, adriens33
2014-09-01T19:20:56 *** adriens33 s'est connecté
2014-09-01T19:21:03 <Yvan33> Adriens!
2014-09-01T19:21:23 <wildfier> hey salut !
2014-09-01T19:21:25 <Yvan33> You MUST create something
2014-09-01T19:21:29 <Bybeez> Je repasse plus tard !
2014-09-01T19:21:34 *** Bybeez est parti
2014-09-01T19:21:47 <Yvan33> La commande    "/)"  !!!
2014-09-01T19:21:53 <Yvan33> Pleeeeeeeeeeeeeeeease?
2014-09-01T19:22:36 <adriens33> hellow
2014-09-01T19:22:45 <Yvan33> well, if you don't mind
2014-09-01T19:23:08 <adriens33> 2mn, je rentre juste là…
2014-09-01T19:24:30 <Yvan33> Oui bien sur, je parlais pas de là maintenant, un simple projet qui a été approuvé par 3 de nos membre, lequel nous serions reconnaissant que tu prenne en charge notre demande
2014-09-01T19:26:18 <wildfier> hey, t'as vu le dernier dr who ?
2014-09-01T19:26:50 <adriens33> yup
2014-09-01T19:27:09 <wildfier> ce nouveau générique de l'amour
2014-09-01T19:27:46 <heuzef> wildfier au faite
2014-09-01T19:27:54 <wildfier> oui ?
2014-09-01T19:28:03 <heuzef> De quand date tes dernières nouvelles concernant Lezarius ?
2014-09-01T19:28:17 <wildfier> un petit bout de temps
2014-09-01T19:28:31 <wildfier> plus d'une semaine je dirais
2014-09-01T19:28:38 <heuzef> :(
2014-09-01T19:28:41 <wildfier> yep
2014-09-01T19:29:00 <heuzef> Sa mère est morte d'inquiétude, personne ne la vue depuis 1 semaine
2014-09-01T19:29:19 <wildfier> et évidement on peut pas l'appeler ...
2014-09-01T19:29:23 <heuzef> Je suis sur qu'il est à la rue, on peux suivre sa trace que Twitter ...
2014-09-01T19:29:24 <wildfier> et sa copine ?
2014-09-01T19:29:42 <wildfier> elle sait pas non plus ?
2014-09-01T19:29:52 <heuzef> https://twitter.com/lezarius
2014-09-01T19:29:53 <heuzef> Non
2014-09-01T19:30:01 <heuzef> Personne au dernière nouvelle
2014-09-01T19:31:43 <wildfier> damn
2014-09-01T19:35:35 <wildfier> damn, je viens de voir la page cosplay du site de l'animasia
2014-09-01T19:35:46 <wildfier> et ya pas mal de mlp ^^
2014-09-01T19:38:02 <wildfier> oh ! y aura le mec de reflet d'acide dans les invités ...
2014-09-01T19:38:04 <wildfier> nice
2014-09-01T19:39:31 <heuzef> Golgota va peut-être ce pointé aussi
2014-09-01T19:39:31 <Yvan33> Il a l'habitude de disparaitre comme ça?
2014-09-01T19:39:45 <heuzef> D'ailleur si elle vient
2014-09-01T19:39:56 <heuzef> On prévois quoi avec elle ?
2014-09-01T19:40:01 <Yvan33> Euh
2014-09-01T19:40:15 <Yvan33> Vous parlez de la Golgota de NOOB ou de quelqu'un d'autre?
2014-09-01T19:40:27 <heuzef> Oui c'est bien elle
2014-09-01T19:40:37 <heuzef> C'est une Brony qui apprécie fortement BronyCUB ^^
2014-09-01T19:40:46 <Yvan33> ...
2014-09-01T19:40:54 <Yvan33> Mais c'est géééééénial
2014-09-01T19:40:55 <wildfier> prestige bonycub
2014-09-01T19:41:03 <wildfier> non mais qu'est ce que tu crois
2014-09-01T19:41:12 <Yvan33> BronyCub => Golgota approuved
2014-09-01T19:41:44 <wildfier> golgota seal of approval
2014-09-01T19:42:02 <heuzef> Ouais enfin bon l'année dernière la pauvre et rester à faire des dessins de poney toute la journée pour ses fans ... tu parle d'un weekend la pauvre
2014-09-01T19:42:24 <wildfier> je veux une référence à bc faite par golgota dans le film noob
2014-09-01T19:42:25 <wildfier> na
2014-09-01T19:42:27 <heuzef> Je serais pas étonné si elle revient pas cette année
2014-09-01T19:42:48 <Yvan33> Bah pourquoi vous l'avez harcelés?
2014-09-01T19:43:03 <wildfier> faut qu'elle se cosplay pour pas être reconnue pour être pénard ...
2014-09-01T19:43:03 <heuzef> Pas nous non mais bon elle à pas beaucou dormis
2014-09-01T19:43:05 <wildfier> triste
2014-09-01T19:43:13 <Yvan33> Si elle revient je reste pas avec vous, trop de risque elle passe en mode berserk
2014-09-01T19:43:34 <wildfier> ^^ pas fou le Yvan33
2014-09-01T19:43:52 <Yvan33> Friendship is magic, but Survie avant tout
2014-09-01T19:44:39 <wildfier> XD
2014-09-01T19:45:20 <heuzef> Jvais demander à Seb de lui envoyer un message sur FB
2014-09-01T19:45:36 <wildfier> bon, je vais me faire à manger
2014-09-01T19:45:36 <Berry-Punch> Bon appétit, wildfier :D *hic* 
2014-09-01T19:45:36 <wildfier> re
2014-09-01T19:46:05 <wildfier> (au fait tu peux dire à seb que j'ai les quelques cartes de pony garou qui sont resté chez leta ?)
2014-09-01T19:46:36 <wildfier> en partant on à retrouvé 5 villageois
2014-09-01T19:47:50 <heuzef> xD
2014-09-01T19:48:38 <heuzef> trasnmit
2014-09-01T19:49:00 <heuzef> Bon je vais décoller moi, je repredn l'aikido ! ^^
2014-09-01T19:49:03 <heuzef> Enfin !
2014-09-01T19:50:26 <Yvan33> Okay, note a soi même: si un conflit violent éclate avec heuzef, utiliser une arme non légale
2014-09-01T19:51:20 <heuzef> PS : une arme à feu, sinon complètement inutile, voir plus dangereux
2014-09-01T19:51:23 <heuzef> gniark gniark
2014-09-01T19:51:49 <Yvan33> Non, arme bactériologique ça marche aussi
2014-09-01T19:52:42 <Yvan33> Et j'ai assez d'entrainement en judo pour pas me faire désarmer si je suis contraint a utiliser un objet comme ame improvisé
2014-09-01T19:53:15 <Yvan33> J'éspère
2014-09-01T19:53:44 <heuzef> La renté pour les nouveau c'est la semaine prochaine
2014-09-01T19:54:01 <heuzef> Hésitez pas à venir pratiquer avec moi, Samy et Ludvann ;)
2014-09-01T19:54:26 <heuzef> campus-aikido.fr
2014-09-01T19:54:33 <heuzef> @pluch
2014-09-01T19:54:42 *** heuzef est parti
2014-09-01T19:56:11 *** Yvan33 est parti
2014-09-01T20:27:34 <Letarumavza> soirée grillades chez moi vendredi prochain oubliez pas, chacun amène une part de bouffe, et ce coups ci prenez des boites pour qu'on partage les restes !
2014-09-01T21:04:01 *** ELiDYROS s'est connecté
2014-09-01T21:04:10 <ELiDYROS> re
2014-09-01T21:07:04 <wildfier> yop !
2014-09-01T21:07:11 <adriens33> hellow
2014-09-01T21:10:34 <ELiDYROS> ça va ?
2014-09-01T21:12:18 <adriens33> yup
2014-09-01T21:12:20 <adriens33> et toi ?
2014-09-01T21:12:30 <ELiDYROS> Je crois
2014-09-01T21:14:54 *** wildfier est parti
2014-09-01T21:18:53 <ELiDYROS> disons que je suis un peu emmerdé pour samedi
2014-09-01T21:42:27 <BronyCUB-MC> adrien_s has joined the server!
2014-09-01T21:42:40 *** ELiDYROS est parti
2014-09-01T21:43:31 <BronyCUB-MC> adrien_s has quit the server!
2014-09-01T21:44:58 *** Lezarius s'est connecté
2014-09-01T21:45:04 <Lezarius> Chalu
2014-09-01T21:47:33 <Lezarius> ... Im alone in the dark
2014-09-01T21:49:05 *** ludvann s'est connecté
2014-09-01T21:49:11 <ludvann> Yo !
2014-09-01T21:49:49 <ludvann> adriens33 peut tu me renseigner sur un point stp :) ?
2014-09-01T21:52:08 <adriens33> hmm…
2014-09-01T21:52:12 <adriens33> (hello)
2014-09-01T21:52:15 <adriens33> ça dépend lequel
2014-09-01T21:52:19 <adriens33> le gauche ou le droit ?
2014-09-01T21:52:28 <adriens33> hello Lezarius
2014-09-01T21:52:31 <ludvann> T'inquiète ^^
2014-09-01T21:52:32 <adriens33> ah ben t'es là toi
2014-09-01T21:52:34 <ludvann> xD
2014-09-01T21:52:47 <adriens33> Lezarius: ça fait une semaine que personne a de tes news apparemment, les gens s'inquiètent
2014-09-01T21:52:50 <Lezarius> Le droit et le gauche
2014-09-01T21:53:05 <Lezarius> Ow well desoler vole de tel + plein de merde
2014-09-01T21:53:14 <Lezarius> Mais aussi que du bonheur
2014-09-01T21:54:46 <ludvann> Est ce que on peut envoyer un mail avec un site en renplissant des cases (nom-prénom-etc) et que ça mette les infos à des lignes différentes dans le mail
2014-09-01T21:56:58 *** Bybeez s'est connecté
2014-09-01T21:57:02 <Bybeez> Patates !
2014-09-01T21:57:08 <ludvann> Niorph
2014-09-01T21:57:10 <adriens33> Carotte !
2014-09-01T21:57:55 <Lezarius> Donc adriens33 dit moi qui veux de mes new ?
2014-09-01T21:58:17 <ludvann> Mowa :D
2014-09-01T21:58:35 <adriens33> <heuzef> wildfier au faite
2014-09-01T21:58:35 <adriens33> <wildfier> oui ?
2014-09-01T21:58:35 <adriens33> <heuzef> De quand date tes dernières nouvelles concernant Lezarius ?
2014-09-01T21:58:35 <adriens33> <wildfier> un petit bout de temps
2014-09-01T21:58:36 <adriens33> <wildfier> plus d'une semaine je dirais
2014-09-01T21:58:37 <adriens33> <heuzef> :(
2014-09-01T21:58:38 <adriens33> <wildfier> yep
2014-09-01T21:58:40 <adriens33> <heuzef> Sa mère est morte d'inquiétude, personne ne la vue depuis 1 semaine
2014-09-01T21:58:42 <adriens33> <wildfier> et évidement on peut pas l'appeler ...
2014-09-01T21:58:44 <adriens33> <heuzef> Je suis sur qu'il est à la rue, on peux suivre sa trace que Twitter ...
2014-09-01T21:58:46 <adriens33> <wildfier> et sa copine ?
2014-09-01T21:58:48 <adriens33> <wildfier> elle sait pas non plus ?
2014-09-01T21:58:52 <adriens33> <heuzef> https://twitter.com/lezarius
2014-09-01T21:58:55 <adriens33> <heuzef> Non
2014-09-01T21:58:57 <adriens33> <heuzef> Personne au dernière nouvelle
2014-09-01T21:58:58 <adriens33> <wildfier> damn
2014-09-01T21:59:51 <Lezarius> Oui me suis fait "aggresser" + vire par mon oncle car j ai merder ... j ai fait 2-3 soire en prime et jeme "drogue" donc voila ...
2014-09-01T22:00:03 <Lezarius> DOnc plus de tel ni de velo ...
2014-09-01T22:02:47 <ludvann> Ah :(
2014-09-01T22:18:16 *** Bybeez est parti
2014-09-01T22:19:54 *** maitrepanda s'est connecté
2014-09-01T22:20:09 <maitrepanda> t'es encore vivant Rémy ?
2014-09-01T22:21:49 *** maitrepanda est parti
2014-09-01T22:22:54 <Lezarius> oui
2014-09-01T22:27:13 *** ludvann est parti
2014-09-01T22:27:27 *** ludvann s'est connecté
2014-09-01T22:27:52 <ludvann> Bon dois vous laisser :(
2014-09-01T22:28:02 <ludvann> @+ les bro :D
2014-09-01T22:28:12 *** ludvann est parti
2014-09-01T22:34:04 *** ludvann s'est connecté
2014-09-01T22:34:15 *** ludvann est parti
2014-09-01T23:03:42 *** Pinkysalis s'est connecté
2014-09-01T23:39:05 *** Pinkysalis est parti
