2014-09-06T00:06:10 <ludvann> :O
2014-09-06T00:06:18 <ludvann> bon je vais dormir. @+
2014-09-06T00:06:34 *** ludvann est parti
2014-09-06T00:07:14 *** ValCab33 est parti
2014-09-06T00:52:37 *** Letarumavza s'est connecté
2014-09-06T00:52:43 <Letarumavza> Raaaaaaaaaaaaaaaaaaaaaaah
2014-09-06T00:52:49 <Letarumavza> Si près du but...
2014-09-06T00:52:54 <Letarumavza> Fuck this shit !!!
2014-09-06T05:09:10 *** Gordfang est parti
2014-09-06T09:01:37 *** rainbow s'est connecté
2014-09-06T09:01:57 *** rainbow est parti
2014-09-06T10:47:35 *** maitrepanda s'est connecté
2014-09-06T10:47:47 *** maitrepanda est parti
2014-09-06T10:50:28 *** Lezarius s'est connecté
2014-09-06T11:15:06 *** heuzef s'est connecté
2014-09-06T11:15:12 <heuzef> Plop
2014-09-06T11:31:36 *** Bybeez s'est connecté
2014-09-06T11:31:38 <Bybeez> Patate !
2014-09-06T11:36:57 <heuzef> =)
2014-09-06T11:37:35 <heuzef> Salut Bybeez, comment tu trouve la nouvelle organisation du wiki ?
2014-09-06T11:37:43 <Bybeez> sympa
2014-09-06T11:40:05 *** heuzef est parti
2014-09-06T11:40:18 *** heuzef s'est connecté
2014-09-06T11:40:51 <Lezarius> plop
2014-09-06T11:40:58 <heuzef> yo
2014-09-06T11:41:56 *** ludvann s'est connecté
2014-09-06T11:42:05 <ludvann> plop tout les ponnies :D
2014-09-06T11:42:42 <heuzef> ha ça y est tous le monde sort du lit
2014-09-06T11:42:47 <heuzef> C'est l'heure de la bouffe
2014-09-06T11:45:14 <ludvann> nope
2014-09-06T11:45:18 <Lezarius> Tu fait ta tourner xD
2014-09-06T11:45:31 <ludvann> ^^'
2014-09-06T11:45:35 <ludvann> nah ;)
2014-09-06T11:45:51 <Lezarius> Pffff =P
2014-09-06T11:45:58 <ludvann> je viens justte de me rappeler que je me suis déco de l'irc pour la nuit ^^
2014-09-06T11:46:09 <ludvann> venais*
2014-09-06T11:46:14 <ludvann> juste*
2014-09-06T11:46:50 <ludvann> ça va Lezarius ?
2014-09-06T11:48:23 <Lezarius> Pas trop mais bon sa peux allez
2014-09-06T11:48:34 <ludvann> ok ^^
2014-09-06T12:01:18 <Lezarius> J y go +++
2014-09-06T12:01:25 *** Lezarius est parti
2014-09-06T12:50:33 <ludvann> que c'est calme...
2014-09-06T13:16:22 <ludvann> je vais miam
2014-09-06T13:16:22 <Berry-Punch> Bon *hic* appétit, ludvann :D
2014-09-06T13:30:03 <ludvann> re
2014-09-06T13:31:17 *** ValCab33 s'est connecté
2014-09-06T13:31:23 <ValCab33> Hellow
2014-09-06T13:48:45 <ludvann> hellow
2014-09-06T13:58:28 *** Bybeez est parti
2014-09-06T14:54:14 *** Gordfang s'est connecté
2014-09-06T14:56:40 <Gordfang> lut
2014-09-06T14:56:55 <heuzef> plop =)
2014-09-06T15:39:10 <Berry-Punch> Voilà *hic* ce qu'il s'est passé ces 10 dernières lignes, adriens33
2014-09-06T15:39:12 *** adriens33 s'est connecté
2014-09-06T15:41:29 <adriens33> hello all
2014-09-06T15:41:43 <adriens33> désolé pour hier de pas être venu sans avoir préviendu avant pour le barbeuc :S
2014-09-06T15:52:15 <heuzef> Comment ça ce passe au faite ces pti rdv hebdomadaire ? =)
2014-09-06T15:56:28 *** Yvan33 s'est connecté
2014-09-06T15:56:43 <Yvan33> Ya que moi qui suis allé chez Leta hier, mais c'était cool ^^
2014-09-06T15:56:50 <Yvan33> + salut all
2014-09-06T15:57:23 <Yvan33> heuzef , je te conseil de jeter un coup d'oeil dans le bestiaire, les dragons ils sont prêt
2014-09-06T16:00:52 *** Yvan33 est parti
2014-09-06T16:02:43 <heuzef> Ok :)
2014-09-06T16:02:49 <heuzef> Kameo
2014-09-06T16:04:41 *** ValCab33 est parti
2014-09-06T16:27:42 <adriens33> zavez vu le dernier hardcorner ? avec maclesggy qui explique les consoles…
2014-09-06T16:28:05 <adriens33> « le nombre  de bits (8bit, 16bit, 32bit) c'est tout simplement la puissance de calcul du microprocesseur de la console ! »
2014-09-06T16:28:07 <adriens33> non
2014-09-06T16:28:08 <adriens33> non
2014-09-06T16:28:11 <adriens33> et non !!!
2014-09-06T16:28:27 <adriens33> encore la fréquence du proc je veux bien
2014-09-06T16:28:30 <adriens33> mais ça non !
2014-09-06T16:29:42 <adriens33> « le joystick, ou littérallement baton de joie… »
2014-09-06T16:29:49 <adriens33> (ça sonne tellement bicurieux…)
2014-09-06T16:33:27 <adriens33> XD
2014-09-06T16:33:35 <heuzef> respect à maclesggy hein :p c'est lui qui m'à fait aimer les sciences malgrès sa tendance à trop simplifier
2014-09-06T16:33:37 <adriens33> Bob Lennon qui dit qu'il préfère le cinoche aux jeux vidéos…
2014-09-06T16:33:45 <adriens33> c'est tellement pas crédible… XD
2014-09-06T16:33:46 <heuzef> lol
2014-09-06T16:34:10 <adriens33> MacLesggy c'est pas un scientifique, c'est qu'un journaleux ;)
2014-09-06T16:34:21 <adriens33> et pis si on va par là…
2014-09-06T16:34:26 <adriens33> Jamy >>> macLesggy
2014-09-06T16:39:52 <adriens33> lol
2014-09-06T16:40:25 <adriens33> « a eux deux, sega et nintendo font 115% de parts du marché » euh… en expliquant que des gens achètent parfois deux consoles ça serait passé, mais là comme ça…
2014-09-06T16:40:26 <adriens33> lol ,
2014-09-06T16:40:27 <adriens33> ?
2014-09-06T16:45:57 <heuzef> Je suis d'accord avec toi sur ce point la ^^
2014-09-06T16:46:02 <heuzef> Jamy >>> macLesggy
2014-09-06T17:13:26 <ludvann> ne plus jamais essayer de faire un milk shake maison au chocolat blanc..
2014-09-06T17:13:59 <heuzef> x)
2014-09-06T17:15:13 <ludvann> le chocolat n'a même pas fondu, le lait est écoeurant...
2014-09-06T17:15:55 * ludvann jette le "milkShake"
2014-09-06T17:16:42 <heuzef> En même temps du chocolat blanc
2014-09-06T17:16:46 <heuzef> baaark !
2014-09-06T17:16:59 <ludvann> ^^'
2014-09-06T17:17:16 <ludvann> ça écoeure rapidement...
2014-09-06T17:21:11 <heuzef> ludvann au faite je cherche un grammar nazi
2014-09-06T17:21:19 <heuzef> T'es tous désigné :D
2014-09-06T17:28:32 <ludvann> pourquoi ? ^^
2014-09-06T17:28:48 <ludvann> heuzef*
2014-09-06T17:29:12 <heuzef> http://wiki.ecomonde.land est envahie de fautes :( (seul la partie wiki est importante, la partie contributions pas grave les fautes)
2014-09-06T17:29:28 <ludvann> ok
2014-09-06T17:29:32 <ludvann> et ? ^^'
2014-09-06T17:29:40 <ludvann> ;)
2014-09-06T17:29:51 <ludvann> tu veux que je cherche les fauttes ?
2014-09-06T17:29:55 <ludvann> fautes*
2014-09-06T17:30:14 <heuzef> Si tu as envie d'aider il te suffi de créer un compte pour directement corriger ;)
2014-09-06T17:30:26 <heuzef> C'est super pratique
2014-09-06T17:30:39 <ludvann> un compte...
2014-09-06T17:30:56 <ludvann> bon ok je vais jeter un coup d'oeil ^^
2014-09-06T17:31:13 <heuzef> Super merci ^^
2014-09-06T17:33:37 *** ValCab33 s'est connecté
2014-09-06T17:33:43 <ValCab33> Reuh
2014-09-06T17:34:47 <heuzef> Re =)
2014-09-06T17:35:23 <heuzef> Tiens ValCab33 dis moi, tes bon en aurtaugrafe toi ?
2014-09-06T17:35:41 <ValCab33> Ouais pourquoi ?
2014-09-06T17:35:46 <heuzef> Tu sé écrir sen fote ?
2014-09-06T17:35:53 <ValCab33> Oué
2014-09-06T17:36:01 <heuzef> Tu veux m'aider ? :D
2014-09-06T17:36:02 <ValCab33> Jénéraleman
2014-09-06T17:36:59 <heuzef> http://wiki.ecomonde.land est envahie de fautes :( (seul la partie wiki est importante, la partie contributions pas grave les fautes)
2014-09-06T17:37:17 <heuzef> Si t'es motiver pour corriger ça serais chouette ^^
2014-09-06T17:37:49 <ValCab33> Je vais voir ca.
2014-09-06T17:38:17 <heuzef> Thanks ^^
2014-09-06T17:38:27 <ludvann> heuzef ?
2014-09-06T17:38:55 <ludvann> je me suis créé un compte, mais comment je défii mon MDP ?
2014-09-06T17:39:21 <heuzef> Email ;)
2014-09-06T17:40:01 <ludvann> scrogneugneu
2014-09-06T17:40:27 <heuzef> Tu n'as rien reçu ?
2014-09-06T17:40:30 <ludvann> c'est bien parce que c'est toi
2014-09-06T17:40:33 <ludvann> si
2014-09-06T17:40:37 <ludvann> c'est reçu
2014-09-06T17:40:40 <heuzef> ha ouf
2014-09-06T17:45:23 <ludvann> heuzef,
2014-09-06T17:45:40 <ludvann> L'Eco est une forme d'energie très ancienne, sans doute la plus vielle de toute. bit.ly/1qDTEDp
2014-09-06T17:46:42 <ludvann> heuzef "eco" est un nom propre ?
2014-09-06T17:46:54 <heuzef> Moque toi tu as bien le droit ;)
2014-09-06T17:47:12 <ludvann> heuzef "eco" est un nom propre ?
2014-09-06T17:47:25 <heuzef> Nom commun
2014-09-06T17:47:28 <heuzef> Une Eco
2014-09-06T17:47:31 <heuzef> Des Ecos
2014-09-06T17:47:32 <ludvann> ok
2014-09-06T17:48:14 <heuzef> Derpy utilisa une Eco Bleue pour accomplir un "Muffin Rainboom"
2014-09-06T17:48:25 <heuzef> Attention à la casse
2014-09-06T17:49:20 <ludvann> au lieu de faire l'andouille tu peux aussi relire ta passoire ;)
2014-09-06T17:50:54 <heuzef> Je relis mais il commence à y avoir beaucoup de texte maintenant
2014-09-06T17:51:46 <ludvann> rwaison de plous ;)
2014-09-06T17:53:53 <ludvann> heuzef tu as problème avec les accents ? xD
2014-09-06T17:56:57 <heuzef> Les accents, les "S" et les "tous vs tout"
2014-09-06T17:58:30 *** ValCab33 est parti
2014-09-06T17:58:44 <ludvann> ouais faire déjà les accents c'est un boulot ^^
2014-09-06T17:59:24 <ludvann> bon j'ai fais: a propos, Eco et Système de combat
2014-09-06T17:59:50 <ludvann> l'interface de correction n'est pas très agréable... :/
2014-09-06T18:02:17 <heuzef> Ha ouais dis donc, un paquet de faute dans le système de combat
2014-09-06T18:02:26 <heuzef> merci =)
2014-09-06T18:02:27 <ludvann> ^^
2014-09-06T18:02:51 <ludvann> tu vois toutes les corrections ,
2014-09-06T18:02:53 <ludvann> ?*
2014-09-06T18:03:08 <heuzef> http://wiki.ecomonde.land/doku.php?id=wiki:combats&do=diff
2014-09-06T18:09:32 <ludvann> je peux pas modifier "l'interface" heuzef, tu me blocque ^^
2014-09-06T18:09:51 <heuzef> Oui je suis en train d'editer ;)
2014-09-06T18:10:15 <ludvann> ok
2014-09-06T18:10:40 <ludvann> je pense avoir enlevé une partie plutôt correcte des fautes ^^
2014-09-06T18:11:39 <heuzef> Tu as checké tous ça http://wiki.ecomonde.land/doku.php?id=wiki ?
2014-09-06T18:11:49 <heuzef> Rapide :O
2014-09-06T18:12:36 <ludvann> j'ai pas fais les eco bleu rouge verte et ...
2014-09-06T18:12:40 <ludvann> jaune*
2014-09-06T18:14:01 <heuzef> Et les villes du scenario original non pus
2014-09-06T18:14:29 <heuzef> ça presse pas tu sais, j'aimerais plutot qu'un grammar nazi veille sur le wiki de temps en temps
2014-09-06T18:14:36 <heuzef> pour corriger des fautes par ci par là
2014-09-06T18:14:40 <heuzef> Pour qu'il reste propre
2014-09-06T18:14:55 <heuzef> Pour ça l'option abonnement peux être utile
2014-09-06T18:15:05 <heuzef> (mail à chaque modif du wiki)
2014-09-06T18:16:45 <ludvann> je préfère que ce soit toi qui me rappelle de faire la surveillance du wiki ^^'
2014-09-06T18:17:33 <ludvann> heuzef, comprends pas cette phrase
2014-09-06T18:17:35 <ludvann> "le MJ devant rester totalement maître de son pouvoir. "
2014-09-06T18:18:15 <ludvann> je propose "le MJ doit rester..."
2014-09-06T18:19:12 <heuzef> "le Maître du Jeu doit pouvoir contrôler la situation."
2014-09-06T18:19:22 <ludvann> ok
2014-09-06T18:21:27 *** ELiDYROS s'est connecté
2014-09-06T18:21:58 <heuzef> Plop Nico ^^
2014-09-06T18:22:02 <ELiDYROS> Yo.
2014-09-06T18:22:20 <heuzef> C'est jusqu'à quel heure le Gameat ?
2014-09-06T18:22:51 <ELiDYROS> Je n'en sais rien je n'y vais pas.
2014-09-06T18:23:14 <heuzef> Moi non plus je pense
2014-09-06T18:23:40 <ELiDYROS> Ça m'emmerde de ne pas y aller ceci-dit.
2014-09-06T18:23:44 <heuzef> Tu semblais bien partant la dernière fois, t'as changer d'avis ou tu ne peux pas y aller ?
2014-09-06T18:23:50 <heuzef> ok
2014-09-06T18:23:56 <ELiDYROS> J'ai changé d'avis oui.
2014-09-06T18:24:04 <heuzef> ?
2014-09-06T18:24:27 <heuzef> Un contre temps ?
2014-09-06T18:25:18 <ELiDYROS> Non.
2014-09-06T18:25:31 *** Lezarius s'est connecté
2014-09-06T18:25:38 <Lezarius> Salut
2014-09-06T18:25:57 <heuzef> plop =)
2014-09-06T18:26:03 <ludvann> plop
2014-09-06T18:26:15 <ludvann> salut Lezarius et ELiDYROS
2014-09-06T18:26:40 <ludvann> heuzef, c'est bon j'ai tout corrigé
2014-09-06T18:26:58 <Lezarius> ELiDYROS: tu vient se soir toi ?
2014-09-06T18:27:05 <ludvann> ce*
2014-09-06T18:27:30 * ludvann switch on grammar nazi
2014-09-06T18:27:54 <ELiDYROS> Non je ne viens pas.
2014-09-06T18:28:08 <ludvann> ça va ELiDYROS ? :D
2014-09-06T18:29:40 <ludvann> si tu veux pas parler... ^^
2014-09-06T18:32:23 <ELiDYROS> Oui ça va pourquoi ?
2014-09-06T18:36:04 *** ValCab33 s'est connecté
2014-09-06T18:36:07 <ludvann> pour prendre des nouvelles :) (j'ai pas le droit ?)
2014-09-06T18:36:15 <ludvann> yo ValCab33
2014-09-06T18:36:21 *** Ambrocidus s'est connecté
2014-09-06T18:36:25 <Ambrocidus> Bonjour
2014-09-06T18:36:33 <heuzef> ludvann c'est bon pour la page interface si tu veux ;)
2014-09-06T18:36:35 <heuzef> Yo Ambrocidus
2014-09-06T18:36:45 <ludvann> la flemme xD
2014-09-06T18:36:49 <heuzef> Comment ça roule à Toulon ?
2014-09-06T18:36:57 <ludvann> hellow Ambrocidus
2014-09-06T18:37:17 <Ambrocidus> Bah... Pour tout dire, j'en ai ras-le-cul.
2014-09-06T18:37:33 <heuzef> Et bien et bien ^^
2014-09-06T18:37:42 <heuzef> Raconte tous à Tonton Heuzef
2014-09-06T18:38:15 *** ValCab33 est parti
2014-09-06T18:38:21 *** ValCab33 s'est connecté
2014-09-06T18:38:41 <Ambrocidus> Non, mais c'est une accumulation, les gens qui s'inscrivent dans le collectif et qui ne viennent jamais aux rencontres, d'autres qui troll... Aucun soutiens...
2014-09-06T18:38:43 <Ambrocidus> Bref...
2014-09-06T18:39:23 * ludvann sort un violon
2014-09-06T18:39:30 <ludvann> ^^'
2014-09-06T18:39:39 *** ValCab33 est parti
2014-09-06T18:39:47 <heuzef> Ambrocidus rien d'anormal la dedans ^^
2014-09-06T18:39:48 *** ValCab33 s'est connecté
2014-09-06T18:39:50 <Ambrocidus> ...
2014-09-06T18:40:05 <Ambrocidus> Qu'ont me trolls ? Qu'ont ne me soutiennes pas ?
2014-09-06T18:40:08 <ludvann> déjà tu as notre soutien :D
2014-09-06T18:40:27 <heuzef> Et toi qui flanche à la moindre contrariété ça aide pas :/ Il faut te ressaisir
2014-09-06T18:40:42 <ludvann> resaisir*
2014-09-06T18:40:51 <Ambrocidus> Ça n'arriverai qu'une ou deux fois OK, mais là c'est constamment.
2014-09-06T18:41:41 <ludvann> tu as parlé au gens qui se pointent pas ?
2014-09-06T18:41:44 <heuzef> Il faut trouver pourquoi
2014-09-06T18:42:02 <heuzef> Et tu sais même à bordeaux il me font pété les plombs constament xD
2014-09-06T18:42:21 <heuzef> Mais bon il faut savoir laisser couler
2014-09-06T18:42:37 * ludvann approuved
2014-09-06T18:42:57 <ludvann> heuzef, c'en ai où le BBBFF et la v3 ? xD
2014-09-06T18:43:04 <ludvann> est*
2014-09-06T18:45:01 <heuzef> M'en parle pas -_-
2014-09-06T18:45:17 <heuzef> Va falloir être paaatient
2014-09-06T18:45:28 <Ambrocidus> D’ailleurs, je voulais intégrer un bouton langage FR/EN
2014-09-06T18:45:48 <heuzef> Pas la peine c'est exclusivement FR
2014-09-06T18:45:57 <heuzef> Par contre tu devrais prendre soin de l'agenda
2014-09-06T18:46:07 <heuzef> C'est pas très jolie jolie
2014-09-06T18:46:09 <Ambrocidus> J'ai un partenaire qui n'est pas FR ^^ Et l'agenda poubelle, personnes ne le regarde.
2014-09-06T18:46:17 <Ambrocidus> C'est aussi pour ca que ca me gave
2014-09-06T18:46:32 <Ambrocidus> Si j'envois pas de msg skype ou tel, perosnnes ne viens
2014-09-06T18:46:56 <ludvann> et les mails ?
2014-09-06T18:47:13 <Ambrocidus> De toute façon, une fois que je monterai BronyCAT en association ça ne sera plus la même chose. Et les mails ont peux se torcher le cul avec, ils ne lisent pas non plus.
2014-09-06T18:47:27 <heuzef> Je suis inscrit à la ML de BronyCAT, y'a eu un echange d'à peu prêt 0 mails :/
2014-09-06T18:48:00 <heuzef> Tu te prend trop la tête ^^ Laisse les gens venir aussi
2014-09-06T18:48:05 <ludvann> ah... :/
2014-09-06T18:48:47 <heuzef> Pour ma part j'ai bien prévenu que les gens devais faire preuve d'un peu plus de courage car je vais plus me faire chier pour leur courrir après
2014-09-06T18:48:54 <Ambrocidus> Il suffit que je mette un truc dans l'agenda, je vais au lieu de rendez vous, personnes ne viendra
2014-09-06T18:48:56 <heuzef> Et ça marche, y'a des choses qui se structure
2014-09-06T18:49:16 <heuzef> Ambrocidus et puis quoi aussi
2014-09-06T18:49:21 <heuzef> ça fonctionne pas par magie hein
2014-09-06T18:49:26 <heuzef> C'est du social
2014-09-06T18:49:32 <heuzef> Tu as des humains en face
2014-09-06T18:49:47 <heuzef> Avec leur responssabilité, leur propre agenda et leur propre sentiment
2014-09-06T18:49:57 <heuzef> C'est incrontrolable, il faut t'y faire
2014-09-06T18:50:12 <heuzef> Et surfer sur la vague plutôt que de te noyer
2014-09-06T18:50:17 <Ambrocidus> Met un compteur de visite sur le site, tu va voir 0
2014-09-06T18:50:38 <ludvann> nah je viens d'y aller ^^'
2014-09-06T18:50:41 <heuzef> Mais on s'en branle de ça ....
2014-09-06T18:50:58 <Ambrocidus> C'est pour te dire que les mecs s'en branle aussi du site, et du collectif.
2014-09-06T18:51:50 <Ambrocidus> Dois y'en avoir deux trois maximums qui me suivrai en cas de projet
2014-09-06T18:52:07 <Ambrocidus> Les mecs ils me disent, je viens dans le collectif, mais je viens pas au meets up MAIS BARREZ VOUS PUTAINS
2014-09-06T18:52:12 <Ambrocidus> Ouais je pête un câble.
2014-09-06T18:52:51 <heuzef> C'est frustrant je te l'accord, mais si j'avais pris le problème de la même façon que toi ça serais pas jolie jolie aujourd'hui :/
2014-09-06T18:53:13 <heuzef> Encore une fois, tu veux tous instantanément et tu ne pense pas sur le très long terme
2014-09-06T18:53:54 <heuzef> Je peux t'aider à analyser la situation, mais va falloir que tu respire et te détende un peu
2014-09-06T18:54:02 <heuzef> Tu met pas ta vie en jeu non plus ;)
2014-09-06T18:54:05 <Ambrocidus> Oui et que les gens se foutent de ma gueule
2014-09-06T18:54:26 <heuzef> C'est à dire ?
2014-09-06T18:54:51 <Ambrocidus> J'ai annoncé le partenariat, tout l'monde s'en branle, j'ai annoncé le court métrage et avoir finis l'écriture de la premiere scene tout le monde s'en branle bah maintenant c'est moi qui m'en branle.
2014-09-06T18:55:25 <Ambrocidus> D'ailleurs comment tu fais la mailist ?
2014-09-06T18:59:28 <Ambrocidus> Sur ceux, je me casse, je vais work un release sur mon autre disque dur,bonne soirée
2014-09-06T18:59:46 <heuzef> https://groups.google.com/forum/#!pendingmsg/bronycat
2014-09-06T19:00:09 *** Ambrocidus est parti
2014-09-06T19:00:17 <heuzef> Ok, a bientôt, on en rediscutera ;)
2014-09-06T19:00:19 <heuzef> arf
2014-09-06T19:00:24 <heuzef> pfffff
2014-09-06T19:00:31 <ludvann> ...
2014-09-06T19:01:06 <heuzef> Tu vois ludvann, t'es confonté ici à la partie pas marrante
2014-09-06T19:01:19 <ludvann> ouep j'ai vu ça...
2014-09-06T19:01:24 <heuzef> T'es toujours motivé pour agir dans le social ? ^^
2014-09-06T19:01:48 <ludvann> xD
2014-09-06T19:01:55 <ludvann> plus tard ?
2014-09-06T19:01:56 <ludvann> ^^'
2014-09-06T19:04:15 <heuzef> Y'a pas vraiment de notion de temps dans ce domaine
2014-09-06T19:04:27 <heuzef> Tu y est confronté de ta naissance à ta mort
2014-09-06T19:04:41 <heuzef> Dans tous les domaines et toutes circonstances
2014-09-06T19:04:59 <heuzef> Le but ici est de comprendre les sentiments des autres
2014-09-06T19:05:01 <ludvann> ...
2014-09-06T19:05:08 *** Yvan33 s'est connecté
2014-09-06T19:05:10 <Yvan33> Hello hello
2014-09-06T19:05:11 <heuzef> C'est dur, c'est long, c'est ingrat
2014-09-06T19:05:31 <ludvann> comme ma bit...
2014-09-06T19:05:53 <heuzef> Mais au bout du compte, la récompense est bien la et elle est de taille ;)
2014-09-06T19:05:59 <heuzef> Comme ma bit .....
2014-09-06T19:06:09 <Yvan33> Ambro c'est celui qui veut organiser le truc a Paris?
2014-09-06T19:06:16 <heuzef> Yvan33 hello et non
2014-09-06T19:06:24 <heuzef> C'est le fondateur de bronyCat
2014-09-06T19:06:34 <Yvan33> Ah
2014-09-06T19:06:44 <heuzef> Qui n'arrive pas à gérer le stresse emotionnelle d'être un fondateur xD
2014-09-06T19:06:44 <Yvan33> J'étais pas loi
2014-09-06T19:07:09 <Yvan33> C'est pour ça que je veux pas organiser mais seconder
2014-09-06T19:07:37 <Yvan33> Et ludvann, tu es passé corriger l'orthographe du wiki j'ai vu
2014-09-06T19:08:02 <ludvann> yay ^^
2014-09-06T19:08:12 <ludvann> bon je dois afk...
2014-09-06T19:08:14 <ludvann> je re
2014-09-06T19:08:25 <Yvan33> ok
2014-09-06T19:08:47 <Yvan33> Ouais vous faites des carnages sur le français, surtout shadow
2014-09-06T19:09:13 <ELiDYROS> les mecs sont pas polis sérieux
2014-09-06T19:09:14 <heuzef> Gniagniagnia ^^
2014-09-06T19:09:33 <heuzef> Que pensez vous des nouveautés du wiki pour le moment ?
2014-09-06T19:09:44 <Yvan33> C'est plus propre
2014-09-06T19:09:45 *** Ambrocidus s'est connecté
2014-09-06T19:09:51 <ELiDYROS> je me connecte dans une room, on fait une quete, le gars disband
2014-09-06T19:09:52 <ELiDYROS> sans raison
2014-09-06T19:09:56 <heuzef> ELiDYROS d'ailleur on à mis l'accent sur pas mal de trucs que tu m'avais dis
2014-09-06T19:10:06 <Ambrocidus> Je suis sur mon autre disque dur, c'est bon.
2014-09-06T19:10:31 <Yvan33> Oh leta m'a dis qu'il voudrait bien tester Ecomonde
2014-09-06T19:11:06 <heuzef> Franchement j'hesite à poster sur l'agenda, la dernière fois que j'a fait ça on été 8
2014-09-06T19:11:10 <heuzef> c'est trop :s
2014-09-06T19:11:26 <Yvan33> Bof
2014-09-06T19:11:27 <heuzef> Il faut 4/5 joueurs en gros
2014-09-06T19:11:37 <Ambrocidus> Quelqu'un peux me passer un ISO de Windows 7 pas bugger ? (Voir Windows 8)
2014-09-06T19:11:40 <Yvan33> Si ya plein de joueur tu mets des boss plus fort
2014-09-06T19:11:58 <Yvan33> Oula je sais pas de quoi tu parles Ambro XD
2014-09-06T19:12:00 <heuzef> Le truc c'est que ça ralentit le jeux
2014-09-06T19:12:28 <Yvan33> Bah là tu as 4 joueurs potentiel
2014-09-06T19:12:41 <Ambrocidus> Bah... Je parle d'un iso, c'est en gros windows complet pour le réinstaller
2014-09-06T19:12:57 <Yvan33> Ah ok, pourquoi tu as quel version?
2014-09-06T19:13:13 <Ambrocidus> Windows 7, mais je peux pas installer certains logiciels comme wamp
2014-09-06T19:13:38 <heuzef> http://heuzef.co:5000/fbsharing/dPpYy4l0
2014-09-06T19:13:50 <Yvan33> heuzef => je pense que à nous 4 c'est faisable, on a tous déjà jouer à un jeu de role, et on est 3/4 a connaitre les règles
2014-09-06T19:14:04 <heuzef> Hmm
2014-09-06T19:14:26 <Ambrocidus> heuzef: c'est ton windows ? il faut que je DL tout le dossier, il est bootable sur une USB, MERCI !
2014-09-06T19:15:22 <heuzef> ça risque d'être très facile
2014-09-06T19:15:26 <heuzef> de trouver max de joueur
2014-09-06T19:15:38 <Yvan33> Et puis j'ai officiellement terminé la Section Dragon. Sauf peut être le trésor si je dois moi même le rédiger pour le MJ.
2014-09-06T19:15:44 <heuzef> Je vais donc faire une communication legère dessus pour pas être en surnombre
2014-09-06T19:15:54 <Yvan33> D'ailleurs maintenant il y a un nouveau livre
2014-09-06T19:16:07 <heuzef> Y'a encore plein de boulot, toutes les villes :/
2014-09-06T19:16:09 <Yvan33> Le Compendium Draconique
2014-09-06T19:16:16 <Yvan33> J'ai fait celle de la neig
2014-09-06T19:16:18 <Yvan33> Hoven
2014-09-06T19:16:23 <heuzef> oui
2014-09-06T19:16:40 <heuzef> Y'a que Veldin de finit
2014-09-06T19:16:43 <heuzef> Jowai presque
2014-09-06T19:17:00 <heuzef> http://wiki.ecomonde.land/doku.php?id=wiki:scenarios:scenario_original:jowai
2014-09-06T19:17:03 <Yvan33> Et en plus grace aux dragons, le background des lieux has been doubled!
2014-09-06T19:17:14 <Ambrocidus> Heuzef ?
2014-09-06T19:17:14 <heuzef> Manque plus que les commerces pour jowaï
2014-09-06T19:17:18 <heuzef> Ambrocidus: ?
2014-09-06T19:17:25 <Yvan33> Ok je vais m'en occuper
2014-09-06T19:17:27 <Ambrocidus> Je dois DL quoi sur le liens que tu m'a envoyé ?
2014-09-06T19:17:39 <heuzef> Euuu ça dépend ce que tu veux
2014-09-06T19:18:03 <Ambrocidus> Un windows seven qui ne soit pas bugger et avec un minimum de droit genre changer le wallpaper x)
2014-09-06T19:18:07 *** Lezarius est parti
2014-09-06T19:18:18 <heuzef> 32 ou 64 bits ?
2014-09-06T19:18:36 <Ambrocidus> 32 ?
2014-09-06T19:18:41 <Ambrocidus> Je ne sais jamais la différence
2014-09-06T19:18:47 <Ambrocidus> Mais j'ai toujours été en 32
2014-09-06T19:18:49 <heuzef> Combien tu as de RAM ?
2014-09-06T19:18:53 <Ambrocidus> 3GO
2014-09-06T19:19:08 <heuzef> ok c'est le max que peux gérer un 32 bits
2014-09-06T19:19:19 <heuzef> Si un jour tu passe à plus il te faudrat du 64 bits
2014-09-06T19:19:36 <Ambrocidus> Ah d'accord x)
2014-09-06T19:19:45 <Yvan33> Euh, elle s'appelle comment la mer qu'il faut traverser pour aller à l'île brumeuse?
2014-09-06T19:19:54 <heuzef> Je te recommande de télécharger tous le dossier dark_deluxe
2014-09-06T19:20:00 <heuzef> Y'a les crack fournit avec
2014-09-06T19:20:10 <heuzef> C'est ce qu'il te faut
2014-09-06T19:20:47 <Ambrocidus> Je clique dessus et je DL tout le dossier (avec les deux dossiers + l'iso?)
2014-09-06T19:20:57 <heuzef> oui
2014-09-06T19:21:11 <heuzef> Mais je t'encourage à migrer sur un Linux quand même
2014-09-06T19:21:27 <heuzef> Windows c'est caca
2014-09-06T19:21:31 <Ambrocidus> Je n'y connais rien
2014-09-06T19:21:35 <Ambrocidus> Ya une alternative de wamp
2014-09-06T19:21:37 <Ambrocidus> ?
2014-09-06T19:21:50 <heuzef> LAMP
2014-09-06T19:22:37 <Ambrocidus> Et antivirus ect...
2014-09-06T19:22:42 <Ambrocidus> C'est pas compliqué a avoir ?
2014-09-06T19:23:03 <heuzef> Pour LAMP il faut executer une ligne de commande : sudo apt-get install apache2 php5 mysql-server libapache2-mod-php5 php5-mysql
2014-09-06T19:23:08 <heuzef> Et c'est tous
2014-09-06T19:23:26 <heuzef> Pour l'anti-virus : pas besoin sur Linux ça crain pas les virus classique
2014-09-06T19:23:40 <Ambrocidus> Et tu as un Linux bootable en USB a me passer x)
2014-09-06T19:23:42 <Ambrocidus> xD
2014-09-06T19:23:59 <heuzef> Si c'est ton premier Linux prend du Ubuntu c'est hyper simple
2014-09-06T19:24:21 <heuzef> ça va te couter chère par contre c'est pas possible à cracker :/
2014-09-06T19:24:35 <heuzef> 0 € + l'obligation de le partager à un maximum de monde
2014-09-06T19:24:44 <Ambrocidus> hein?
2014-09-06T19:24:50 * heuzef switch troll off
2014-09-06T19:25:01 <Ambrocidus> Je sais que l'OS est gratuit
2014-09-06T19:25:06 <Ambrocidus> Mais ou le trouver bootable en usb
2014-09-06T19:25:17 <heuzef> http://www.ubuntu.com/download/desktop
2014-09-06T19:25:23 <heuzef> Ha plus simple encore
2014-09-06T19:25:32 <heuzef> Tu chope unetbootin
2014-09-06T19:25:45 <heuzef> Il te télécharge Ubuntu et rend bootable ta clès USB direct
2014-09-06T19:25:58 <heuzef> http://unetbootin.sourceforge.net/
2014-09-06T19:26:13 <ELiDYROS> re désolé, tu disais quoi heuzef ?
2014-09-06T19:26:43 <heuzef> ELiDYROS je disais que EcoMonde à sacrément évoluer, en partie grĉes à quelques remarques que tu as faite lors de la dernière partie ;)
2014-09-06T19:28:15 <ELiDYROS> je me souviens plus trop de ce que j'ai dit lol
2014-09-06T19:28:43 <heuzef> Hésite pas à donner ton avis :  http://wiki.ecomonde.land
2014-09-06T19:28:46 <heuzef> Bon allez ... c'est leur d'affronter la montagne de vaisselle ><
2014-09-06T19:29:17 <Yvan33> Eli, hésite pas a me dire ce que tu penses de mes Dragons :)
2014-09-06T19:30:01 * heuzef est AFK
2014-09-06T19:32:14 <Ambrocidus> Merde, j'ai loupé heuzef
2014-09-06T19:32:35 <Ambrocidus> qui s'y connais sur Linux?
2014-09-06T19:33:52 <ELiDYROS> La dernière fois que j'ai utilisé Linux j'ai cassé la distro
2014-09-06T19:35:34 <adriens33> soir les gens
2014-09-06T19:35:45 <adriens33> ELi: c'est quoi le souci ? c'est une des caractéristiques de linux
2014-09-06T19:35:54 <adriens33> si t'as envie de faire joujou juusqu'à tout casser tu peux
2014-09-06T19:36:07 <ELiDYROS> j'ai fait joujou, j'ai cassé les drivers
2014-09-06T19:36:07 <adriens33> si l'os t'en empêche c'est que c'est de la merde
2014-09-06T19:36:19 <ELiDYROS> l'os n'a plus redémarrer, j'ai du réinstaller en ligne de commandes
2014-09-06T19:36:22 <adriens33> gn ?
2014-09-06T19:36:32 <adriens33> ta viré le kernel ? ^^
2014-09-06T19:36:57 *** Ambrocidus est parti
2014-09-06T19:37:09 <adriens33> ah, bah j'ai fait fuir ambrocidus --"
2014-09-06T19:37:12 <ELiDYROS> je sais pas ça remonte à plusieurs années
2014-09-06T19:37:27 <adriens33> baha si tu passe par le gestionnaire de paquets normalement tu casse rien
2014-09-06T19:37:36 <adriens33> sauf si t'es sous ubuntu, mais elle est spéciale…
2014-09-06T19:37:45 <adriens33> c'est un truc aussi fermé que mac os x
2014-09-06T19:37:48 <ELiDYROS> j'étais sous ubuntu de mémoire
2014-09-06T19:37:51 <adriens33> aussi stable que windows
2014-09-06T19:38:05 <ELiDYROS> j'ai voulu faire un bureau tout en 3D et j'ai cassé les drivers graphiques
2014-09-06T19:38:06 <adriens33> et aussi compliqué à modifier en profondeur que les trucs style gentoo ou archlinux
2014-09-06T19:38:27 <adriens33> apres si t'as une ATI comme carte graphique c'normal
2014-09-06T19:38:33 <adriens33> ATI code des drivers de merde
2014-09-06T19:38:41 <adriens33> (et c'est vrai aussi pour la version windows)
2014-09-06T19:38:47 <ELiDYROS> ça remonte à 10 ans
2014-09-06T19:38:48 <adriens33> (même is ça se voit un peu moins)
2014-09-06T19:39:17 *** Ambrocidus s'est connecté
2014-09-06T19:39:19 <Ambrocidus> Re
2014-09-06T19:39:21 *** ValCab33 est parti
2014-09-06T19:39:45 <adriens33> hi
2014-09-06T19:39:49 *** maitrepanda s'est connecté
2014-09-06T19:39:57 <maitrepanda> hellow
2014-09-06T19:40:01 <adriens33> salut
2014-09-06T19:40:08 <Ambrocidus> Bonjour
2014-09-06T19:40:11 <maitrepanda> Bonsoir
2014-09-06T19:40:21 *** Gordfang est parti
2014-09-06T19:40:30 <Ambrocidus> Merde, j'ai plus le lien >.> Yvan33 ?
2014-09-06T19:46:48 <ELiDYROS> Du coup maintenant j'utilise 3 OS différents en même temps
2014-09-06T19:50:48 <Ambrocidus> Moi du coup, je vais me mettre sur Linux, mais ya Skype ?
2014-09-06T19:50:50 <Ambrocidus> Ya Firefox,
2014-09-06T19:50:52 <Ambrocidus> ?
2014-09-06T19:51:01 <ELiDYROS> Firefox oui
2014-09-06T19:51:04 <adriens33> firefox: c't'un logiciel libre, donc oui y'a sur linux
2014-09-06T19:51:07 <adriens33> skype aussi
2014-09-06T19:51:07 <ELiDYROS> Skype un pote me dit que oui
2014-09-06T19:51:15 <adriens33> (bah je suis dessus là donc bon…)
2014-09-06T19:51:27 <adriens33> ah
2014-09-06T19:51:35 <adriens33> y'a pas encore de pub sur la version linux de skype o/
2014-09-06T19:52:00 <Ambrocidus> Ya FIREFOX ? ou PAS ?!!!
2014-09-06T19:52:03 <adriens33> mais oUIIIIIIIIIIIIIII
2014-09-06T19:52:10 <adriens33> c'est un soft linux à la base !!!!!!!!!!!!
2014-09-06T19:52:18 <adriens33> bordel ><
2014-09-06T19:52:29 <adriens33> « <ELiDYROS> Firefox oui
2014-09-06T19:52:30 <adriens33> <adriens33> firefox: c't'un logiciel libre, donc oui y'a sur linux »
2014-09-06T19:53:03 <ELiDYROS> y a même des navigateurs que tu trouveras pas ailleurs alors bon...
2014-09-06T19:53:11 <Yvan33> Re
2014-09-06T19:53:19 <Yvan33> Désolé j'étais AFK
2014-09-06T19:53:21 <ELiDYROS> moi du coup maintenant je suis passé à CrunchBang
2014-09-06T19:53:26 <Ambrocidus> Ouf
2014-09-06T19:53:29 <adriens33> à la base, webkit qui sert de base pour safari & chrome
2014-09-06T19:53:30 <Ambrocidus> Ça va alors
2014-09-06T19:53:32 <adriens33> ça vient de khtml
2014-09-06T19:53:38 <adriens33> qui est le moteur html de KDE…
2014-09-06T19:53:41 <ELiDYROS> enfin, je l'utilise rarement, je tourne plus sous OS X et Windows si je dois bosser la 3D
2014-09-06T19:53:41 <Ambrocidus> Parce que moi, j'suis d'Mozilla
2014-09-06T19:53:55 <adriens33> (mais bon gecko ftw)
2014-09-06T19:54:06 <Ambrocidus> J'ai un Firefox OS, j'utilise Thunderbird, Lightbeam et Firefox!
2014-09-06T19:54:09 <adriens33> ^w^
2014-09-06T19:54:32 <Yvan33> Ambro tu veux quel lien?
2014-09-06T19:54:53 <Ambrocidus> C'est bon, merci x) je l'ai retrouvé dans l'histo des pages de dl
2014-09-06T19:54:56 <Ambrocidus> Merci Firefox x)
2014-09-06T19:55:07 <Yvan33> ^^
2014-09-06T19:55:19 <maitrepanda> rah les logiciels libres
2014-09-06T19:55:21 <maitrepanda> pfff
2014-09-06T19:55:49 <maitrepanda> j'utilise que Canary, Transmission, VLC et Thunderbird
2014-09-06T19:55:55 <Yvan33> tiens bonjours maitrepanda
2014-09-06T19:55:59 <adriens33> chrome çapu
2014-09-06T19:56:01 <maitrepanda> sous OS X
2014-09-06T19:56:04 <maitrepanda> coucou
2014-09-06T19:56:05 <Yvan33> Je ne ne penses pas te connaitre
2014-09-06T19:56:09 <maitrepanda> si
2014-09-06T19:56:13 <maitrepanda> enfin quoique
2014-09-06T19:56:25 <adriens33> mais sérieusement, chrome est en train de joueur à IE6 avec son envie de monopoliser ><
2014-09-06T19:56:26 <maitrepanda> j'ai du te dire bonjour quand même
2014-09-06T19:56:29 <Yvan33> Tu étais là à l'anniv du 17 Aout?
2014-09-06T19:56:38 <maitrepanda> nope TwT
2014-09-06T19:56:40 <adriens33> et on sait ce que ça fait un browser unique sans concurrent…
2014-09-06T19:56:45 <maitrepanda> je serai là à Animasia
2014-09-06T19:56:58 <Yvan33> Ah bah j'y serai aussi, quand?
2014-09-06T19:56:59 <maitrepanda> d'ailleurs faudra que j'échange un Apple Honey contre un pinkie pie
2014-09-06T19:57:03 <Ambrocidus> J'ai unetbootin-linux-608
2014-09-06T19:57:05 <Ambrocidus> mais...
2014-09-06T19:57:05 <maitrepanda> les 2 jours normalement
2014-09-06T19:57:08 <Ambrocidus> Comment je l'utilise?
2014-09-06T19:57:42 <adriens33> c'est quoi ?
2014-09-06T19:57:56 <Ambrocidus> Bah un truc pour rendre bootable un USB
2014-09-06T19:57:58 <Yvan33> Moi j'ai pris 2 jours mais je pense que je pourrai venir que 1 seul
2014-09-06T19:58:14 <maitrepanda> c'est déjà ça
2014-09-06T19:58:22 <adriens33> hmm… te faut le .iso et une clé usb sans data importante dessus
2014-09-06T19:58:39 <Ambrocidus> J'ai un clef usb formaté
2014-09-06T19:58:39 <adriens33> apres le reste si tu regarde bien l'ui du logiciel normalement ça doit pas être tres compliqué à comprendre.
2014-09-06T19:58:50 <adriens33> sinon tu dois avoir des walkthrough sur le ternet
2014-09-06T19:58:51 <adriens33> ^^
2014-09-06T19:59:15 <Ambrocidus> j'ai l'iso linux
2014-09-06T19:59:34 <Ambrocidus> enfin ubuntu, sauf qu'il faut qu'il soit bootable sur mon usb
2014-09-06T20:00:03 <adriens33> heu… le but de l'op c'est de pouvoir avoir l'install sur la clé usb
2014-09-06T20:00:11 <adriens33> pas d'avoir un linux "normal" sur la clé
2014-09-06T20:00:21 <adriens33> enfin… tu peux *installer* linux sur une clé usb
2014-09-06T20:00:28 <adriens33> mais faut pas utiliser un outil tel que unetbootin
2014-09-06T20:00:47 <Ambrocidus> Je fais comment alors
2014-09-06T20:00:49 <Ambrocidus> J'ai l'iso
2014-09-06T20:00:53 <Ambrocidus> et la clef usb
2014-09-06T20:00:56 <Ambrocidus> iso ubuntu
2014-09-06T20:01:24 <adriens33> bah… tu prends ton .iso, tu le graves sur un cd, tu boote dessus, tu fais l'install en sélectionnant ta clé comme destination pour l'installation.
2014-09-06T20:01:36 <adriens33> pis c'est pas comme si l'install d'ubuntu c'était suivant suivant suivant terminer
2014-09-06T20:01:49 <Ambrocidus> Non, mais je veux installer depuis une clef sur sur mon PC
2014-09-06T20:01:49 <adriens33> ah: et si tu clique sur formater le disque ça formate le disque.
2014-09-06T20:02:05 <adriens33> (on sait jamais, des fois des gens se plaignent de pas avoir été prévenius)
2014-09-06T20:02:09 <adriens33> wait…
2014-09-06T20:02:27 <adriens33> tu veux un linux normal ou l'iso d'install sur la clé ?
2014-09-06T20:02:31 <adriens33> jsuis perdu là.
2014-09-06T20:02:58 <Ambrocidus> Alors
2014-09-06T20:03:19 <Ambrocidus> Je veux installer UBUNTU sur mon PC, mais je n'ai pas de CD, j'ai juste un clef USB
2014-09-06T20:03:25 <adriens33> aww
2014-09-06T20:03:50 <adriens33> bah tu met ta clé dans le pc, tu lance unetbootin et tu suis ce qu'il est écrit sur la fenêtre. ^^
2014-09-06T20:04:10 <Ambrocidus> Le soucis c'est que lorsque j'ai télécharger unetbootin
2014-09-06T20:04:28 <Ambrocidus> Envois moi un lien de Dl s'il te plait ^^ comme ca j'aurai pas de soucis
2014-09-06T20:04:32 *** Yvan33 est parti
2014-09-06T20:04:44 <adriens33> bah kékila ton unetbootin ?
2014-09-06T20:05:07 <Ambrocidus> bah
2014-09-06T20:05:09 <Ambrocidus> unetbootin-linux-608
2014-09-06T20:05:11 <Ambrocidus> sans format
2014-09-06T20:05:13 <Ambrocidus> sans rien
2014-09-06T20:05:25 <adriens33> quoi ?
2014-09-06T20:05:30 <adriens33> je pige pas le souci en fait…
2014-09-06T20:06:08 <Ambrocidus> Non rien, c'est bon, je vais me demerde tout seul...
2014-09-06T20:06:13 *** ValCab33 s'est connecté
2014-09-06T20:06:13 <Ambrocidus> Merci quand même
2014-09-06T20:06:28 <adriens33> http://unetbootin.sourceforge.net/
2014-09-06T20:06:42 <adriens33> comme tu veux…
2014-09-06T20:06:46 *** ValCab33 est parti
2014-09-06T20:07:03 *** ValCab33 s'est connecté
2014-09-06T20:07:18 <adriens33> 'soir valcab ^^
2014-09-06T20:07:42 <maitrepanda> y a des gens qu'ont FB et qui pourraient m'aider :3
2014-09-06T20:08:56 <Ambrocidus> Par contre adriens33, la dernière fois que j'ai utiliser unetbootin j'avais un bug dans mon BIOS, au pire il y a pas un autre software pour rendre sa clef USB bootable?
2014-09-06T20:09:06 <adriens33> heuuuuuuuuuuuuuuuuuuuuuu
2014-09-06T20:09:19 <adriens33> je suis désolé, je suis un peu à la masse là…
2014-09-06T20:10:12 <adriens33> tiens, y'a ça, mais je sais pas ce que ça vaut
2014-09-06T20:10:12 <adriens33> http://www.linuxliveusb.com/
2014-09-06T20:10:53 <Ambrocidus> Merci :)
2014-09-06T20:10:57 <Ambrocidus> C'est juste au cas ou
2014-09-06T20:12:58 *** Ambrocidus est parti
2014-09-06T20:14:18 <maitrepanda> allo ?
2014-09-06T20:14:26 <adriens33> fb caca :p
2014-09-06T20:14:32 <adriens33> c'est quoi ton souci ?
2014-09-06T20:14:44 *** heuzef est parti
2014-09-06T20:15:16 <maitrepanda> J'ai besoin de likes :'(
2014-09-06T20:15:17 <maitrepanda> on.fb.me/1pTcyrW
2014-09-06T20:15:18 <adriens33> (et désolé si je réponds pas "de suite", je suis un peu à la masse et pas vraiment d'humeur là ^^)
2014-09-06T20:15:20 <maitrepanda> pour un concours
2014-09-06T20:16:07 <adriens33> comprendrai jamais cette course au "veuillez aimer s'il vous plait", mais bon ^^
2014-09-06T20:16:18 <adriens33> comment peut on demander à quelqu'un d'aimer quelque chose ?
2014-09-06T20:16:31 <adriens33> le principe d'aimer c'est justement que ça se commande pas…
2014-09-06T20:16:55 <adriens33> ça sonne tellement… dictature
2014-09-06T20:17:08 <ELiDYROS> Aimez-moi !
2014-09-06T20:17:28 <adriens33> ça et les gens qu'ont 847 "amis" et en connaissent 3 IRL.
2014-09-06T20:17:29 <adriens33> ah
2014-09-06T20:17:41 <adriens33> et tu peux pas bloquer mark zuckerberg sur facebook
2014-09-06T20:17:55 <adriens33> s'il te parle mais qu'il te fait chier bah tant pis pour toi ^^
2014-09-06T20:17:55 <maitrepanda> Bah
2014-09-06T20:18:00 <maitrepanda> je m'en dispenserais bien
2014-09-06T20:18:02 <adriens33> et si tu veux lui envoyer un mp faut payer
2014-09-06T20:18:05 <maitrepanda> mais les likes comptent comme des vote
2014-09-06T20:18:06 <maitrepanda> s
2014-09-06T20:18:21 <maitrepanda> donc ça revient à "votez pour moi"
2014-09-06T20:18:28 <adriens33> voui mais le terme est choisi minutieusement et l'esprit qui est en dessous j'aime pas.
2014-09-06T20:18:42 <maitrepanda> ELiDYROS: je devais pas échanger un blind bag avec toi ?
2014-09-06T20:18:44 <adriens33> c'est pas "comme un vote", c'est bien une demande d'aimer quelque chose
2014-09-06T20:19:04 <ELiDYROS> C'est possible, je sais que j'ai une Flutter pour quelqu'un mais je me souviens pas de qui
2014-09-06T20:19:43 <maitrepanda> Il me semblait que c'était un pinkie
2014-09-06T20:19:48 <maitrepanda> enfin je prends quan dmême
2014-09-06T20:20:00 <maitrepanda> c'est une demande d'aimer car aimer revient à voter
2014-09-06T20:20:05 <adriens33> non…
2014-09-06T20:20:19 <adriens33> voter veut dire donner son avis.
2014-09-06T20:20:25 <ELiDYROS> Mais sinon je connais des gens qui sont obsédés par leur nombre d'amis ou de followers twitter...
2014-09-06T20:20:28 <adriens33> là demander d'aimer quelque chose c'est un ordre…
2014-09-06T20:20:38 <adriens33> c'est précisément l'inverse d'un vote.
2014-09-06T20:22:37 <maitrepanda> ELiDYROS:le nmbre de followers Twitter c'est normal
2014-09-06T20:23:07 <maitrepanda> Quand t'as eu une élection de délégué, ton camarade t'a jamais demandé si tu pouvais voter pour lui ?
2014-09-06T20:23:16 <adriens33> ELiDYROS: bah je suis pas psy mais me semble que c'est qu'ils ont besoin de reconnaissance, parce qu'en vrai ils ont du mal avec l'image qu'ils renvoient aux gens (en tout cas ils s'en préoccuppent beaucoup), ou se sentent super seuls pour une raison x ou y
2014-09-06T20:23:22 <ELiDYROS> S'en vanter tout le temps, et se vanter d'avoir 15 000 tweets je ne suis pas sûr que ce soit totalement normal.
2014-09-06T20:24:01 <ELiDYROS> Après ouais adriens c'est ce que je me disais
2014-09-06T20:24:04 <maitrepanda> c'est rien 15000 tweets
2014-09-06T20:24:43 <adriens33> ah, et sur facebook s'il y a pas de bouton "j'aime pas" c'est fait expres
2014-09-06T20:24:46 <adriens33> et il y sera jamais
2014-09-06T20:24:55 <adriens33> voir que les avis positifs ça influence les gens.
2014-09-06T20:24:57 <maitrepanda> bah oui
2014-09-06T20:24:59 <ELiDYROS> Moi je veux un bouton "on s'en branle"
2014-09-06T20:25:04 <maitrepanda> inutile
2014-09-06T20:25:07 <maitrepanda> c'est vexant
2014-09-06T20:25:12 <adriens33> bah si on te demande ton avis sur le fait que tu aimes ou pas
2014-09-06T20:25:23 <adriens33> si tu veux être objectif il te faut les deux.
2014-09-06T20:25:40 <ELiDYROS> Non mais adriens33 tu sais bien que sur Internet il est absolument interdit de ne pas aimer quelque chose
2014-09-06T20:25:42 <maitrepanda> FB te demande pas ton avis
2014-09-06T20:25:48 <ELiDYROS> Surtout si c'est populaire
2014-09-06T20:25:51 <adriens33> que je sache le compteur youtube est pas uniquement constitué de pouces verts…
2014-09-06T20:25:59 <adriens33> ELi: c'est pas internet qui veut ça…
2014-09-06T20:26:10 <adriens33> c'est les êtres humains qui sont dessus…
2014-09-06T20:26:27 <ELiDYROS> Sur Youtube si tu as le malheur de dire que tu trouves quelques choses n'est pas "génial" comme tout le monde le pense, tu te fais insulter de tout bord
2014-09-06T20:27:05 <adriens33> parce que tu oses donner ton avis plutot que de suivre bêtement
2014-09-06T20:27:10 <adriens33> c'est pas d'internet que ça vient ça
2014-09-06T20:27:16 <adriens33> c'est de la société tout court
2014-09-06T20:27:33 <adriens33> (non, je ne vise absolument pas les gouvernements, c'pas vrai… XD)
2014-09-06T20:27:54 <adriens33> que je sache, la télé est pire qu'internet…
2014-09-06T20:27:58 <adriens33> tu peux pas ne pas aimer
2014-09-06T20:28:01 <ELiDYROS> Sauf que sur internet les gens se sentent surpuissants derrière leur écran
2014-09-06T20:28:02 <adriens33> on te demande pas ton avis.
2014-09-06T20:28:07 <adriens33> on te gave
2014-09-06T20:28:10 <adriens33> et tu dois payer.
2014-09-06T20:28:24 <maitrepanda> je t'ai pas vu aimer là
2014-09-06T20:28:29 <adriens33> parce que pour une fois on leur demande leur avis…
2014-09-06T20:28:56 <adriens33> ils ont la possibilité de changer quelque chose, d'avoir une signification, même si c'est un parmi un million c'est toujours quelque chose.
2014-09-06T20:29:23 <adriens33> plutot que d'etre une bête masse informe qui bouffe bêtement ce qu'on lui envoie sur l'écran sans réagir
2014-09-06T20:32:13 <ELiDYROS> En tout cas faut jamais sur internet dire que tu n'aimes pas Game of Thrones, Dr Who ou Frozen ahah
2014-09-06T20:32:19 <adriens33> ^^
2014-09-06T20:32:28 <adriens33> GoT j'ai pas vu moi
2014-09-06T20:32:45 <ELiDYROS> j'ai vu aucun des 3
2014-09-06T20:32:54 <ELiDYROS> mais le tapage autour de Frozen m'a coupé l'envie de le voir
2014-09-06T20:33:08 <adriens33> Doctor Who c'est de l'humour anglais, faut aimer la SF et avoir le cerveau qui fond a force d'essayer de comprendre tout.
2014-09-06T20:33:21 <adriens33> et contrairement à lost, y'a une certaine logique derriere.
2014-09-06T20:33:27 <adriens33> totalement wtf mais elle est là
2014-09-06T20:33:31 <adriens33> c'est pas juste du random
2014-09-06T20:33:34 <ELiDYROS> Dr Who je regarderai à l'occasion, je dois avoir tous les épisodes sur Netflix ou Hulu
2014-09-06T20:33:40 <adriens33> ^^
2014-09-06T20:35:24 <Letarumavza> re
2014-09-06T20:35:29 <adriens33> hi
2014-09-06T20:35:33 <adriens33> désolé pour hier
2014-09-06T20:35:40 <adriens33> ^^'
2014-09-06T20:35:51 <Letarumavza> Dites les mecs, normal que je sois entrain de danser sur caramelldansen ?
2014-09-06T20:36:09 <ELiDYROS> C'est so 200X
2014-09-06T20:36:11 <ELiDYROS> :P
2014-09-06T20:37:07 <Letarumavza> Si t'as mieux contre la déprime...
2014-09-06T20:37:23 <ELiDYROS> J'ai plein d'idées contre la déprime.
2014-09-06T20:37:27 <ELiDYROS> Tout dépend de tes gouts
2014-09-06T20:38:00 <Letarumavza> Bah... j'ai pas de boobs sous la main...
2014-09-06T20:49:39 <ELiDYROS> Je trouve déjà personne moi, alors t'aider...
2014-09-06T20:50:05 <adriens33> vous me faites rire là…
2014-09-06T20:50:48 <maitrepanda> pas moi
2014-09-06T20:51:12 <adriens33> désolé, mais déprimer parce que t'arrives pas à choper une certaine personne en particulier…
2014-09-06T20:51:14 <adriens33> ahem…
2014-09-06T20:51:23 <adriens33> c'est compréhensible hein, je dis pas.
2014-09-06T20:51:37 <maitrepanda> Moi j'arrive pas à chopper des likes :'(
2014-09-06T20:52:03 <adriens33> ben… si les gens aiment pas, ptet que c'est dû au fait qu'ils aiment pas ?
2014-09-06T20:52:11 <adriens33> comme je l'ai dit…
2014-09-06T20:52:18 <adriens33> on peut pas forcer qqn à aimer quelque chose.
2014-09-06T20:52:42 <maitrepanda> on peut forcer qqn à voter pour lui
2014-09-06T20:52:47 <adriens33> …
2014-09-06T20:52:53 <adriens33> j'ai pas lu cette phrase.
2014-09-06T20:53:30 <adriens33> donc toi tu veux juste que les gens aiment ton post, sans prendre en considération leur avis, et s'il aiment pas c'est "fuck you, tu aimera parce que c'est mooi qui décide"
2014-09-06T20:53:38 <adriens33> bah non.
2014-09-06T20:53:42 <adriens33> ça marche pas comme ça.
2014-09-06T20:53:52 <maitrepanda> ='(
2014-09-06T20:53:53 <maitrepanda> je re
2014-09-06T20:53:55 <ELiDYROS> Au pire tu les payes
2014-09-06T20:54:06 <adriens33> payer pour qu'on t'aime…
2014-09-06T20:54:18 <ELiDYROS> J'ai pas dit que c'était une bonne éthique
2014-09-06T20:54:19 <adriens33> voilà ce qu'est devenu un truc qu'est censé rapprocher les gens…
2014-09-06T20:54:27 <adriens33> c'est même pas une histoire d'éthique
2014-09-06T20:54:30 <adriens33> c'est juste…
2014-09-06T20:54:31 <adriens33> triste
2014-09-06T20:54:43 <ELiDYROS> Ça l'est oui
2014-09-06T20:54:51 <adriens33> si t'en arrives là c'est que tu dois te sentir vachement seul dans ta vie quoi…
2014-09-06T20:55:05 <ELiDYROS> Sûrement
2014-09-06T20:56:41 <ELiDYROS> Moi perso je demande rien ni sur Facebook ni sur Twitter
2014-09-06T20:57:06 <ELiDYROS> Car je sais que les gens ne lisent que rarement ce que je poste, et sont plus concentrés sur la popularité de leurs propres posts
2014-09-06T20:57:23 <adriens33> ça dépend des gens apres.
2014-09-06T20:57:28 <adriens33> moi sur facebook je poste rien ^^
2014-09-06T20:57:41 <ludvann> re
2014-09-06T20:57:45 <ludvann> pareil ^^
2014-09-06T20:57:46 <adriens33> je lis plus que je n'écris. ^^
2014-09-06T20:57:58 <ELiDYROS> Je traine plutôt sur Twitter en général, où je RT pas mal de choses
2014-09-06T20:58:08 <ELiDYROS> mais mes contacts n'ayant pas les mêmes gouts que moi ...
2014-09-06T20:58:15 <ludvann> ah ^^
2014-09-06T20:58:26 <adriens33> bah au moins t'as une TL originale ^^
2014-09-06T20:58:32 <adriens33> ton twitter c'est pas un copié collé
2014-09-06T20:58:39 <adriens33> des gouts des autres
2014-09-06T20:59:20 <ELiDYROS> ouais mais tu vois j'ai que 2300 tweets et que 77 followers, je suis un loser e-socialement parlant xD
2014-09-06T20:59:24 *** ValCab33 est parti
2014-09-06T20:59:25 <adriens33> mais non…
2014-09-06T20:59:36 <ELiDYROS> C'est du sarcasme, je m'en fiche au fond
2014-09-06T20:59:39 <adriens33> moi j'ai 3 tweets. ^^
2014-09-06T20:59:51 <adriens33> donc bon…
2014-09-06T20:59:51 <adriens33> XD
2014-09-06T21:00:09 <ludvann> xD
2014-09-06T21:00:12 <adriens33> c'est un peu le cœur de mon problème en fait…
2014-09-06T21:00:19 <ludvann> comme moi sur youtube ^^
2014-09-06T21:00:37 <ludvann> je comprendrai jamais mes + de 200 abo xD
2014-09-06T21:01:44 <adriens33> c'est pas que j'aime pas écrire, c'est que je sais jamais quoi dire, j'ai du mal à parler, aller vers les gens… bon apres ça dépend du sujet concerné et de la manière de réagir de la personne en face de moi.
2014-09-06T21:03:22 <ludvann> adriens33: c'est quoi le wap ? ^^
2014-09-06T21:03:31 <adriens33> l'ancêtre de la 3G…
2014-09-06T21:03:48 <adriens33> en fait plus précisément un réseau un peu comme internet
2014-09-06T21:03:57 <adriens33> mais pour les téléphones mobiles d'avant les smartphones
2014-09-06T21:04:03 <adriens33> et connecté à Internet
2014-09-06T21:04:14 <ludvann> ok :)
2014-09-06T21:04:15 <ludvann> thx
2014-09-06T21:04:24 <adriens33> mais bon niveau débit faut aimer le sm
2014-09-06T21:04:29 <ludvann> xD
2014-09-06T21:04:32 <adriens33> les écrans illisibles
2014-09-06T21:04:46 <adriens33> et comme pour les modems 56k ça coute cher
2014-09-06T21:05:00 <ludvann> :o
2014-09-06T21:05:27 <adriens33> les anciens modems internet passaient par une connexion téléphone normale, du coup c'est pour ça que tu payais au temps d'utilisation)
2014-09-06T21:05:48 <ELiDYROS> moi à l'époque j'ai joué online en 33k avec la Dreamcast
2014-09-06T21:05:51 <adriens33> ^^
2014-09-06T21:05:51 <ludvann> oui ça je sais :D
2014-09-06T21:05:53 <ELiDYROS> tu payais à la minute
2014-09-06T21:06:49 <ELiDYROS> j'avais joué à Quake 3 Arena et Phantasy Star Online… en 33k :|
2014-09-06T21:08:28 <ELiDYROS> ma mère était loin d'être contente lorsqu'elle a vu la facture à ce moment là
2014-09-06T21:08:39 <adriens33> ah bah voui tu m'étonnes… XD
2014-09-06T21:08:53 <ludvann> xD
2014-09-06T21:11:26 <ELiDYROS> brb je vais chercher à manger
2014-09-06T21:11:27 <Berry-Punch> Bon appétit, ELiDYROS :D *hic* 
2014-09-06T21:11:40 <ELiDYROS> Berry qui répond à la frame :o
2014-09-06T21:12:01 <adriens33> bah c'est un bot, toujours au taquet, jamais fatigué ^^
2014-09-06T21:12:13 <ELiDYROS> Je l'avais oublié en fait
2014-09-06T21:12:14 <adriens33> même avec 3g de sang par litre d'alcool
2014-09-06T21:12:14 <Berry-Punch> Qu'est-ce que j'ai soif… *hic* 
2014-09-06T21:12:15 <ELiDYROS> c'est pour ça
2014-09-06T21:16:48 *** Letarumavza est parti
2014-09-06T21:29:23 *** Letarumavza s'est connecté
2014-09-06T21:30:11 *** maitrepanda est parti
2014-09-06T21:31:48 <ELiDYROS> re
2014-09-06T21:31:59 *** Ambrocidus s'est connecté
2014-09-06T21:32:07 <Ambrocidus> Bon, je suis sur ubuntu;;;
2014-09-06T21:32:25 <ELiDYROS> Burger quadruple steaks ça va le faire
2014-09-06T21:32:35 <Ambrocidus> Premier soucis, quand je télécharge un fichier, j'ai la fenetre "ouverture"  en plein milieu de firefox et rien ne se passe
2014-09-06T21:32:39 *** Yvan33 s'est connecté
2014-09-06T21:33:10 <Ambrocidus> Je ne peux pas non plus cliquer ou je veux, ca ne marche pas
2014-09-06T21:33:28 <ludvann> je peux pas t'aider pour ça Ambrocidus :/
2014-09-06T21:33:50 <Ambrocidus> Ah bah putain, ça y est, ca s'est mis à jours
2014-09-06T21:33:55 <Yvan33> Encore à parler de linux?
2014-09-06T21:34:11 <Ambrocidus> Les gens disent, c'est mieu Linux, c'est mieu linux, en attendant j'ai que des probelemes
2014-09-06T21:34:15 <adriens33> …
2014-09-06T21:34:48 <adriens33> c'est mieux quand tu aimes te sortir les doigts du cul, chercher par toi même et comprendre ce que fait ta machine.
2014-09-06T21:34:50 <ELiDYROS> Tu sais c'est pas instantané le changement d'OS
2014-09-06T21:35:03 <ELiDYROS> Il y a un temps d'adaptation
2014-09-06T21:35:07 <adriens33> pas quand tu veux être un assisté qui fait que "consommer" de l'informatique comme homer simpson ses donut's
2014-09-06T21:35:23 <adriens33> pour ça linux est clairement pas adapté et le sera jamais, c'est pas son but.
2014-09-06T21:35:36 <Ambrocidus> Sauf que quand ta la fenêtre de downloads qui reste en plein milieu sans bouger genre ca a bugger voila
2014-09-06T21:35:53 <adriens33> tu sais que ce que tu as sur le pc là
2014-09-06T21:36:04 <adriens33> c'est fait par des gens qui codent parce qu'il aiment ça
2014-09-06T21:36:12 <adriens33> ils le font sur leur temps libre
2014-09-06T21:36:17 <Ambrocidus> Merci, je suis au courant.
2014-09-06T21:36:17 <ELiDYROS> Pourtant Ubuntu niveau ergonomie c'est pas trop dur c'est bizarre
2014-09-06T21:36:18 <adriens33> parfois ils ent font leur métier
2014-09-06T21:36:44 <adriens33> c'est comme de cracher sur la gueule des gens dans les forums parce qu'ils trouvent pas la soluce à ton probleme.
2014-09-06T21:36:54 <adriens33> ils sont là sans rien te demander à part un peu de respect
2014-09-06T21:37:14 <adriens33> donc le "linux çaynul, ya rien qui marche tout seul comme ça devrait"
2014-09-06T21:37:36 <Ambrocidus> "Les gens disent, c'est mieu Linux, c'est mieu linux, en attendant j'ai que des probelemes" J'ai manquer de respect peut être ,
2014-09-06T21:37:57 <adriens33> bah cette phrase montre clairement une non envie de vouloir comprendre.
2014-09-06T21:38:02 <adriens33> je l'ai lu je sais pas combien de fois
2014-09-06T21:38:04 <Ambrocidus> -.-
2014-09-06T21:38:07 <adriens33> c'est pas
2014-09-06T21:38:14 <adriens33> linux>windows ou je ne sais quoi
2014-09-06T21:38:25 <adriens33> windows c'est bien quand tu veux juste consommer un produit.
2014-09-06T21:38:30 <adriens33> linux c'est bien pour faire de l'informatique.
2014-09-06T21:38:31 <adriens33> point.
2014-09-06T21:38:38 <adriens33> parcee qu'il y a du travail
2014-09-06T21:38:41 <adriens33> de la réflexion
2014-09-06T21:38:43 <adriens33> de la recherche
2014-09-06T21:38:46 <adriens33> de la compréhension.
2014-09-06T21:39:00 <adriens33> pas juste du "brancher, ça marche tout seul"
2014-09-06T21:39:04 <Ambrocidus> J'ai jamais dis ça putain, stop transformer
2014-09-06T21:39:09 *** Ambrocidus est parti
2014-09-06T21:39:18 <adriens33> bah ragequit s'tu veux, j'men fous…
2014-09-06T21:41:18 <adriens33> de toute façon quand je parle c'est toujours pareil, c'est "stop on comprend rien", ou "on s'en fout de ce que tu dis", ou que sais je encore…
2014-09-06T21:42:04 <ELiDYROS> Ceci dit ça aurait pu être pire
2014-09-06T21:42:15 <ELiDYROS> Moi quand j'ai installé CrunchBang la première fois j'ai eu un choc
2014-09-06T21:42:35 <ELiDYROS> Niveau interface c'est le désert ahah
2014-09-06T21:43:12 <adriens33> ^^
2014-09-06T21:44:45 *** Silou s'est connecté
2014-09-06T21:45:40 <Yvan33> Nan mais Ambro il a plein de bug
2014-09-06T21:47:12 <adriens33> bah entre ubuntu et sa machine ça arrive…^^
2014-09-06T21:47:36 <Yvan33> Nan je dis ça parce qu'il a pas forcément rage quit quoi
2014-09-06T21:47:41 <adriens33> moi sur mon desktop j'ai un i7 980x, une nVidia GTX 660 (et sa ptite sœur que je peux pas encore brancher)
2014-09-06T21:47:49 <adriens33> et mon linux il bug quedalle. ^^
2014-09-06T21:47:54 <Yvan33> Ca a l'air balèze
2014-09-06T21:47:57 <adriens33> ça tourne comme une horloge suisse
2014-09-06T21:48:14 <Yvan33> Tu a vu le PC de Leta?
2014-09-06T21:48:16 <adriens33> voui
2014-09-06T21:48:34 <Yvan33> Et comparé à lui le tien c'est environ où tu penses?
2014-09-06T21:48:52 <adriens33> entre son 4960x et ses deux GTX Titan, un peu loin :p
2014-09-06T21:48:58 <adriens33> (ah, et ses 64Go de ram … ^^)
2014-09-06T21:49:09 <Yvan33> Ses 30 Tera de mémoire
2014-09-06T21:49:22 <adriens33> moi j'en ai "que" 12, mais c'est 6 barrettes en parallèle, donc paie ton temps d'accès ^^
2014-09-06T21:49:43 <adriens33> il a pas 30To de disque dur
2014-09-06T21:49:45 *** Ikledoreboline s'est connecté
2014-09-06T21:49:47 <adriens33> c'est pas possible :p
2014-09-06T21:49:52 <Ikledoreboline> Salut tout le monde ;)
2014-09-06T21:49:54 <Yvan33> Moi j'en ai 1 et je suis loin d'avoir tout completer
2014-09-06T21:49:55 <adriens33> hello
2014-09-06T21:49:57 <Yvan33> Salut
2014-09-06T21:50:08 <adriens33> nan le seul truc dont le chiffre ressemble à 30 sur le pc de leta
2014-09-06T21:50:14 <adriens33> c'est sa puissance de calcul brute
2014-09-06T21:50:17 <adriens33> 30TFlops
2014-09-06T21:50:26 <Yvan33> Genre je vois pas avec quoi tu remplie avec autant d'espace
2014-09-06T21:50:30 <Ikledoreboline> Wow quelqu'un m'explique le topo de la soirée ? x)
2014-09-06T21:50:40 <adriens33> (30 mille milliards de calculs sur nombre à virgule flottante par seconde)
2014-09-06T21:50:41 <Yvan33> Oui mais il a 20 ou 30 Tera de donné
2014-09-06T21:50:44 <adriens33> nope
2014-09-06T21:50:50 <Yvan33> On parle de PC!
2014-09-06T21:50:53 <adriens33> 30Téraflops
2014-09-06T21:50:54 <ELiDYROS> Tu peux rapidement remplir ça si tu fais du montage vidéo...
2014-09-06T21:51:01 <adriens33> c'est une puissance de calcul
2014-09-06T21:51:05 <adriens33> pas un espace de stockage
2014-09-06T21:51:29 <Yvan33> Bah quand j'aditionnais tout ses disques, ça faisait plus de 20
2014-09-06T21:51:43 <Ikledoreboline> Hardware je préfère laisser un pote sur Paris se charger de sa pour moi xD
2014-09-06T21:52:13 <ludvann> bon je vais dormir
2014-09-06T21:52:16 <ludvann> neunuit
2014-09-06T21:52:23 <Yvan33> ++
2014-09-06T21:52:31 <ELiDYROS> bye
2014-09-06T21:52:33 <adriens33> ++
2014-09-06T21:52:43 <Ikledoreboline> Encore bonne nuit XD
2014-09-06T21:52:51 <Yvan33> Bah moi j'y connais très peu aussi, mais le sujet m'interesse donc j'essaie de comprendre
2014-09-06T21:52:53 *** ludvann est parti
2014-09-06T21:54:59 <ELiDYROS> Moi je fuis ce genre de sujets.
2014-09-06T21:55:10 <adriens33> t'es pas le seul…
2014-09-06T21:55:28 <ELiDYROS> Et pourtant je m'intéresse à des centaines de choses
2014-09-06T21:55:32 <adriens33> moi en général quand j'arrive à parler de trucs qui m'intéressent les gens s'enfuient en général
2014-09-06T21:55:44 <adriens33> (ou me font bien comprendre que ce que je dis ça n'intéresse personne)
2014-09-06T21:55:56 <Yvan33> Bah tu parle de quoi pour que tout le monde se barre?
2014-09-06T21:56:12 <Ikledoreboline> Tu me l'avais déjà dit ELi x'D, perso. les ordinateurs, la programmation j'adore ça. Mais en vrai quand j'en parle si je suis pas sur un projet ou autre ça me donne mal à la tête. x)
2014-09-06T21:56:42 <adriens33> bah d'info, de technos, et pis j'aime bien sortir des random facts ou des explications scientifiques random un peu à la Jamy donc bon :p
2014-09-06T21:56:52 <adriens33> mais les gens n'aiment pas comprendre le monde qui les entoure
2014-09-06T21:57:00 <adriens33> ça demande de réfléchir
2014-09-06T21:57:07 <adriens33> de se poser des questions sur soi
2014-09-06T21:57:08 <ELiDYROS> Moi j'aime bien
2014-09-06T21:57:26 <ELiDYROS> mais quand je parle de psychologie, de neuro sciences, de sociologie, d'entomologie, ça emmerde
2014-09-06T21:57:27 <Ikledoreboline> Moi je m'intéresse à se qui à en dehors de notre monde. Notre planète je m'en ballec un peu.. x)
2014-09-06T21:57:49 <adriens33> ELi: moi ça m'emmerderai pas ^^
2014-09-06T21:57:53 <Yvan33> Oh, tu connais beaucoup de rage comics?
2014-09-06T21:57:56 <adriens33> je suis curieux de nature donc bon faut dire aussi… ^^
2014-09-06T21:58:01 <Ikledoreboline> ça par contre c'est cool ELi mais j'ai jamais parler de ça sans trop m'y intéresser ^^
2014-09-06T21:58:47 <Yvan33> La neuroscience c'est génial
2014-09-06T21:59:07 <Ikledoreboline> L'avenir ^^
2014-09-06T21:59:34 <Yvan33> genre pourquoi le sentiment de déjà vue, d'où viennent les douleurs fantomes alors que t'as plus de bras
2014-09-06T21:59:57 <Yvan33> Et comment enlever ces douleurs avec une boite à chaussure et un mirroir
2014-09-06T22:00:00 <ELiDYROS> ça me rappelle exactement une vidéo que j'ai vu sur youtube
2014-09-06T22:00:05 <ELiDYROS> on suit surement le même mec
2014-09-06T22:00:06 <Yvan33> de e-penser?
2014-09-06T22:00:08 <adriens33> ^w^
2014-09-06T22:00:09 <ELiDYROS> oui
2014-09-06T22:00:12 <Yvan33> Yeauh
2014-09-06T22:00:27 <Yvan33> Je l'aime bien le gars
2014-09-06T22:00:40 <Ikledoreboline> faut que je regarde ._.
2014-09-06T22:00:52 <adriens33> pis il a un certain peps qui fait que quand il t'explique un truc c'est pas barbant du tout :p
2014-09-06T22:01:51 <Yvan33> Ouais, ya juste le sujet du temps où c'était un peu chaud à suivre
2014-09-06T22:01:59 <adriens33> ^^
2014-09-06T22:02:09 <Yvan33> et la relativité
2014-09-06T22:03:25 <Yvan33> Ey, t'as réussi à parler et on est pas partie
2014-09-06T22:03:36 <Yvan33> on doit faire partie de l'élite
2014-09-06T22:05:43 <Yvan33> Tiens oh faite, qui est rôliste ici?
2014-09-06T22:05:49 <Yvan33> *au fait
2014-09-06T22:07:57 <Ikledoreboline> J'en ai jamais fait ça serait dur ._
2014-09-06T22:09:31 <Yvan33> Comment ça "ça serait dur"?
2014-09-06T22:10:12 <Ikledoreboline> D'être un rôliste sans en avoir fait ^^
2014-09-06T22:14:37 *** Ambrocidus s'est connecté
2014-09-06T22:14:48 <Ambrocidus> heuzef?
2014-09-06T22:15:00 <Ikledoreboline> Welcome Ambrocidus, bonsoir ^^
2014-09-06T22:15:15 <Ambrocidus> Bonsoir, résolu le bug qui m'a énervé, adriens33
2014-09-06T22:25:44 *** Bybeez s'est connecté
2014-09-06T22:29:25 <Ikledoreboline> J'arrive à voir le son :3
2014-09-06T22:29:44 <ELiDYROS> Si tu as pris du LSD c'est probable oui.
2014-09-06T22:30:12 <adriens33> ou sinon avec un oscilloscope :p
2014-09-06T22:30:12 <adriens33> (et un micro)
2014-09-06T22:30:32 <Ikledoreboline> x'D adriens j'ai pas d'oscilloscope chez moi x'3 et non ELi à force d'écouter de la musique x)
2014-09-06T22:32:54 <ELiDYROS> Sinon il existe une sorte de trouble psychologique qui fait que certains peuvent littéralement voir le son
2014-09-06T22:33:07 <adriens33> hmm
2014-09-06T22:33:13 <adriens33> y'a un truc qui s'appelle la synesthésie
2014-09-06T22:33:15 <adriens33> qui peut faire ça
2014-09-06T22:33:20 <adriens33> mais c'est pas psychologique.
2014-09-06T22:33:25 <adriens33> c'est neurologique, nuance.
2014-09-06T22:33:37 <ELiDYROS> Oui pardon c'est ce que je souhaitais dire
2014-09-06T22:33:40 <adriens33> ^^
2014-09-06T22:34:10 <adriens33> les bizarreries du cerveau… ^^
2014-09-06T22:36:04 *** Bybeez est parti
2014-09-06T22:48:45 *** ValCab33 s'est connecté
2014-09-06T23:10:06 *** Yvan33 est parti
2014-09-06T23:23:01 <Ikledoreboline> Personnellement quand j'écoute de la musique j'ai toujours une image du son, enfin après c'est pas pareil mais bon .-.
2014-09-06T23:30:56 *** ValCab33 est parti
