2014-11-16T00:19:20 <Bybeez> Bonne nuit !
2014-11-16T00:19:23 *** Bybeez est parti
2014-11-16T00:34:26 *** MaCharon est parti
2014-11-16T00:48:05 *** adriens33 s'est connecté
2014-11-16T01:09:39 *** TrappyTickles est parti
2014-11-16T01:44:15 *** adriens33 est parti
2014-11-16T02:28:58 *** Gordfang est parti
2014-11-16T09:32:40 *** adriens33 s'est connecté
2014-11-16T09:56:54 *** TrappyTickles s'est connecté
2014-11-16T13:12:10 *** MaCharon s'est connecté
2014-11-16T13:12:15 <MaCharon> salut
2014-11-16T13:22:36 *** Bybeez s'est connecté
2014-11-16T13:23:23 <Bybeez> Yo
2014-11-16T13:23:34 <MaCharon> coucou
2014-11-16T14:05:11 *** adriens31 s'est connecté
2014-11-16T14:08:12 *** adriens33 est parti
2014-11-16T14:19:32 *** adriens31 est parti
2014-11-16T14:27:32 *** Bybeez est parti
2014-11-16T15:31:56 *** adriens31 s'est connecté
2014-11-16T15:40:27 *** adriens31 est parti
2014-11-16T18:46:58 *** Bybeez s'est connecté
2014-11-16T20:05:31 *** Yvan33 s'est connecté
2014-11-16T20:25:56 *** Yvan33 est parti
2014-11-16T21:21:18 *** Bybeez est parti
