2014-09-04T00:23:26 *** MaCharon est parti
2014-09-04T00:29:47 *** TrappyTickles est parti
2014-09-04T01:27:43 *** Lezarius s'est connecté
2014-09-04T01:28:04 <Lezarius> Coucou
2014-09-04T01:28:07 <Lezarius> Letarumavza:
2014-09-04T01:28:13 <Letarumavza> oui ?
2014-09-04T01:28:17 <Lezarius> depuis quand tu attack google xD
2014-09-04T01:28:24 <Letarumavza> Moi ?
2014-09-04T01:28:28 <Letarumavza> J'ai rien fait.
2014-09-04T01:28:37 <Lezarius> Je sais pas si tu as vue mais les USA prenne bagdadeuuuuh
2014-09-04T01:29:29 <Letarumavza> Monsieur le juge, je puis vous assurer n'avoir aucun lien avec la regrétable affaire qui a le malheur d'entacher mon nom.
2014-09-04T01:29:39 <Letarumavza> (désolé, réflexe)
2014-09-04T01:35:25 <Letarumavza> http://www.rtl.fr/culture/web-high-tech/youtube-integre-le-financement-par-les-fans-7774088217
2014-09-04T01:37:46 <Letarumavza> Sauf si tu parles de l'affaire Icloud...
2014-09-04T01:38:19 <Letarumavza> Qui peut, peut être, utiliser une technologie que j'ai peut être ou peut être pas mise au point.
2014-09-04T01:53:27 <Lezarius> Desoler je suis a moitier HS
2014-09-04T01:53:28 <Lezarius> http://map.ipviking.com/
2014-09-04T01:53:54 <Lezarius> les usa se font dos depuis 3-4 h sa a commencer par FB et la il attack les data direct
2014-09-04T02:40:22 *** Lezarius est parti
2014-09-04T03:18:21 *** ELiDYROS est parti
2014-09-04T04:52:09 *** Letarumavza est parti
2014-09-04T06:21:58 *** Letarumavza s'est connecté
2014-09-04T06:31:23 <Silou> o/
2014-09-04T06:50:26 *** Silou est parti
2014-09-04T06:50:44 *** Silou s'est connecté
2014-09-04T09:10:17 *** heuzef s'est connecté
2014-09-04T09:41:19 <Berry-Punch> Voilà ce qu'il *hic* s'est passé ces 10 dernières lignes, adriens33
2014-09-04T09:41:21 *** adriens33 s'est connecté
2014-09-04T09:45:03 *** TrappyTickles s'est connecté
2014-09-04T09:45:10 <adriens33> hi everypony
2014-09-04T09:47:18 <TrappyTickles> oi
2014-09-04T10:07:21 *** Silou est parti
2014-09-04T10:11:13 <heuzef> Comment que ça t'y les gens ?
2014-09-04T10:11:22 <adriens33> il manque un dans cette phrase !
2014-09-04T10:11:43 <adriens33> mais sinon perso ça.
2014-09-04T10:11:48 <heuzef> ^^
2014-09-04T10:12:04 <heuzef> ça fait un moment que j'ai vu personne :(
2014-09-04T10:12:47 <heuzef> Vous commencez à me manquer, va falloir résoudre ça
2014-09-04T10:47:56 *** adriens33 est parti
2014-09-04T10:52:15 <TrappyTickles> bah dis donc ma partie de artificial academy 2 ça rend le collège des wondercolts bizarre :p
2014-09-04T10:52:24 *** Shinsaber s'est connecté
2014-09-04T10:52:34 <Shinsaber> salut le peuple
2014-09-04T10:53:34 <TrappyTickles> je sors avec fluttershy derpy et sweetie belle, qui elle est sortie avec deux autres gars, pinkie et rdash clopent comme des lapins, pareil pour la prof céléstia et le prince blueblood, aj s'engueule tout le temps avec rarity,...
2014-09-04T10:54:05 <TrappyTickles> et snips sort avec twilight oO
2014-09-04T10:54:53 <Shinsaber> j'ai rater un truc O_O
2014-09-04T10:55:06 <heuzef> Nawak
2014-09-04T11:07:58 *** Shinsaber est parti
2014-09-04T11:11:47 <Berry-Punch> Voilà ce qu'il s'est passé ces 10 dernières lignes, *hic* adriens33
2014-09-04T11:11:49 *** adriens33 s'est connecté
2014-09-04T11:12:30 *** Shinsaber s'est connecté
2014-09-04T11:13:27 <TrappyTickles> je cause de ce jeu depuis hier.. c'est un jeu hentai qui fait simulation d'école japonaise et où tu peux créer toi même les persos.. et j'ai fait presque tout le cast de mlp :p
2014-09-04T11:13:46 <TrappyTickles> et ça donne carrément un écosystème en fait :p
2014-09-04T11:23:50 <heuzef> Ok ok
2014-09-04T11:23:52 <heuzef> Mais bon
2014-09-04T11:24:03 <heuzef> Snips et Twilight
2014-09-04T11:24:12 <heuzef> la faut pas déconner non plus
2014-09-04T11:26:14 *** heuzef est parti
2014-09-04T11:45:23 *** Bybeez s'est connecté
2014-09-04T11:45:34 <Bybeez> Patate
2014-09-04T11:47:36 <Shinsaber> carotte !
2014-09-04T11:48:01 <Bybeez> Comment ça va ?
2014-09-04T11:48:09 <adriens33> Navet !
2014-09-04T11:48:34 <adriens33> hello Shinsaber & Bybeez
2014-09-04T11:48:50 <adriens33> rhââ j'aime le café.
2014-09-04T11:48:56 <adriens33> et résoudre les problèmes.
2014-09-04T11:49:02 <adriens33> ça fait tellement du bien !
2014-09-04T11:49:16 <adriens33> je pète le feu didiou
2014-09-04T11:49:27 <Bybeez> XD
2014-09-04T11:49:59 <adriens33> pas littérallement, ça serait dangereux vu que j'ai le poum posé sur une chaise en bois… ^^
2014-09-04T11:50:13 <Bybeez> effectivement
2014-09-04T11:55:09 *** heuzef s'est connecté
2014-09-04T12:01:36 *** heuzef est parti
2014-09-04T12:02:49 *** heuzef s'est connecté
2014-09-04T12:07:50 *** Bybeez est parti
2014-09-04T12:15:34 *** MaCharon s'est connecté
2014-09-04T12:15:38 <MaCharon> slt
2014-09-04T12:20:33 <heuzef> yo
2014-09-04T12:42:30 *** Shinsaber est parti
2014-09-04T12:48:28 *** Shinsaber s'est connecté
2014-09-04T12:50:09 *** heuzef est parti
2014-09-04T12:53:22 <TrappyTickles> and now for soemthing completely different https://derpibooru.org/714795
2014-09-04T12:56:04 *** heuzef s'est connecté
2014-09-04T13:12:00 *** Shinsaber est parti
2014-09-04T13:12:21 <TrappyTickles> et son dérivé, pour exprimer mon état blasé en apprenant la nouvelle sur Hello Kitty http://tumblr.maxlefou.com/post/96611992330 :p
2014-09-04T13:41:46 *** MaCharon est parti
2014-09-04T14:00:09 *** Gordfang s'est connecté
2014-09-04T14:00:37 *** heuzef est parti
2014-09-04T14:02:01 *** heuzef s'est connecté
2014-09-04T14:02:05 <Gordfang> lut
2014-09-04T14:12:17 *** heuzef est parti
2014-09-04T14:13:50 *** heuzef s'est connecté
2014-09-04T14:40:12 *** Gordfang est parti
2014-09-04T15:22:42 *** heuzef est parti
2014-09-04T16:17:03 *** adriens33 est parti
2014-09-04T16:22:32 <Berry-Punch> Voilà ce qu'il s'est passé ces *hic* 10 dernières lignes, adriens33
2014-09-04T16:22:33 *** adriens33 s'est connecté
2014-09-04T16:33:57 *** MaCharon s'est connecté
2014-09-04T16:46:49 *** Silou s'est connecté
2014-09-04T17:49:29 *** MaCharon est parti
2014-09-04T17:50:03 *** MaCharon s'est connecté
2014-09-04T18:03:22 *** heuzef s'est connecté
2014-09-04T18:03:22 *** heuzef est parti
2014-09-04T18:43:47 *** ValCab33 s'est connecté
2014-09-04T18:44:00 <ValCab33> Hellow
2014-09-04T18:45:51 <MaCharon> http://askflufflepuff.tumblr.com/go_fast ...omg
2014-09-04T19:16:06 *** adriens33 est parti
2014-09-04T19:19:03 <Letarumavza> Le viagra est une invention du démon !
2014-09-04T19:19:08 <Letarumavza> Santan l'habite !
2014-09-04T19:19:59 <MaCharon> -_-
2014-09-04T19:21:09 <Letarumavza> TrappyTickles, tu as toujours pas fait shining...
2014-09-04T19:21:35 <Letarumavza> (et c'est bon, je bouge pas ce weekend finalement... fuck it... Enfin, pas fuck it... c'est justement le problème...
2014-09-04T19:24:59 <TrappyTickles> jme repose un peu, j'ai un peu trop fait du jeu XD
2014-09-04T19:25:18 <TrappyTickles> j'ai fini par coucher avec sweetie belle, mais maintenant, elles savent toutes que je les trompe XD
2014-09-04T19:25:31 <TrappyTickles> et j'ai réussi a avoir céléstia au lit avant de dormir XD
2014-09-04T19:26:58 <Silou> xD
2014-09-04T19:27:32 <Silou> Tu me choques en disant ca, regarde mon whois ;)
2014-09-04T19:35:50 *** Lezarius s'est connecté
2014-09-04T19:43:05 <Berry-Punch> Voilà ce *hic* qu'il s'est passé ces 10 dernières lignes, adriens33
2014-09-04T19:43:07 *** adriens33 s'est connecté
2014-09-04T20:47:32 *** wildfier s'est connecté
2014-09-04T20:48:00 <wildfier> salut
2014-09-04T20:48:07 <wildfier> mince heuzef est pas là ...
2014-09-04T20:48:38 <adriens33> chat lu
2014-09-04T20:48:40 <adriens33> nope
2014-09-04T20:48:45 <adriens33> il est plus de 20h30
2014-09-04T20:48:48 <wildfier> ^^
2014-09-04T20:48:50 <adriens33> sa cop serait pas d'accord XD
2014-09-04T20:49:09 <wildfier> j'aurai eu besoin d'accéder au logs de son serveur pour mettre en ligne la v3
2014-09-04T20:49:34 <wildfier> j'ai une erreur là, et sans accès au logs pas évident de déboguer
2014-09-04T20:49:43 <wildfier> j'ai pas envie de jouer au devinettes là ^^
2014-09-04T20:49:48 <wildfier> aux*
2014-09-04T20:50:13 <adriens33> oulà
2014-09-04T20:50:16 <adriens33> çaymort XD
2014-09-04T20:50:26 <adriens33> si j'ai mis le serv mc sur mon serveur à moi c'est pas pour rien…
2014-09-04T20:51:04 <adriens33> (sans déconner, un accès en readonly au minimum aux logs ça tuerait pas son serveur…)
2014-09-04T20:51:08 <wildfier> bas s'il veut pas voir les avancées c'est son pb
2014-09-04T20:51:26 <adriens33> (mais bon ça je lui ait déjà demandé, et pour iptables tu peux te toucher aussi)
2014-09-04T20:51:34 <wildfier> parce qu'en attendant il verra une jolie erreur 500 et pis c'est tout
2014-09-04T20:51:45 <adriens33> XD
2014-09-04T20:51:49 <adriens33> au pire:
2014-09-04T20:51:52 <adriens33> osef heuzef :)
2014-09-04T20:52:03 <wildfier> badum-tss
2014-09-04T20:52:07 <adriens33> ^w^
2014-09-04T20:52:16 <wildfier> mais bon c'est aussi cool pour les autres
2014-09-04T20:53:36 <adriens33> voy…
2014-09-04T21:29:23 *** ludvann s'est connecté
2014-09-04T21:29:30 <ludvann> Plop
2014-09-04T21:29:39 <ludvann> :D
2014-09-04T21:29:43 <wildfier> yop
2014-09-04T21:29:50 <ludvann> Chat va ?
2014-09-04T21:29:53 <wildfier> yep
2014-09-04T21:30:10 <ludvann> J'ai remarqué quelque chose:
2014-09-04T21:30:24 <wildfier> yes ?
2014-09-04T21:30:35 <ludvann> Regarder la lune et le ciel la nuit rend de bonne humeur :D
2014-09-04T21:30:42 <ludvann> (Thx luna)
2014-09-04T21:30:45 <wildfier> XD
2014-09-04T21:31:16 <ludvann> En tout cas ça me rends content et heureux :)
2014-09-04T21:31:46 <wildfier> fait gaffe, c'est un piège, elle veut juste ton amour
2014-09-04T21:31:54 <ludvann> Ah :/
2014-09-04T21:32:03 <ludvann> Qu'elle le prenne <3
2014-09-04T21:32:08 <ludvann> ^^
2014-09-04T21:32:19 <adriens33> ta femme me le dit souvent.
2014-09-04T21:32:20 <adriens33> XD
2014-09-04T21:32:22 <wildfier> oui parce que chrysalis est en fait luna !
2014-09-04T21:32:45 <ludvann> Gné O_o' ?
2014-09-04T21:32:51 <wildfier> pourquoi on la voit pas de l'épisode à ton avis
2014-09-04T21:32:52 <ludvann> xD
2014-09-04T21:32:58 <wildfier> ça se tient comme théorie !
2014-09-04T21:33:01 <wildfier> ^^
2014-09-04T21:33:10 <ludvann> Taykon xD
2014-09-04T21:33:16 <wildfier> mais non
2014-09-04T21:33:19 <wildfier> elle dort le jour
2014-09-04T21:33:29 <ludvann> Elle boit la nuit
2014-09-04T21:33:38 <ludvann> (Comme berry)
2014-09-04T21:33:52 <wildfier> donc dans un élant de somnembulisme (je suis vraiment pas sur de l'orthographe là ^^)
2014-09-04T21:34:15 <wildfier> elle à réutilisé ses pouvoirs de nightmare moon pour changer de forme et attaquer canterlot !
2014-09-04T21:34:16 <ludvann> Il y a une faille il me semble...
2014-09-04T21:34:34 <wildfier> ?
2014-09-04T21:34:35 <ludvann> On la voit pas au début ?
2014-09-04T21:34:50 <adriens33> *somnambulisme
2014-09-04T21:34:56 <ludvann> (Je confond peut être avec la saison 4...)
2014-09-04T21:35:05 <wildfier> heu nope
2014-09-04T21:35:06 <adriens33> ludvann: Berry boit le jour aussi
2014-09-04T21:35:08 <wildfier> que à la fin
2014-09-04T21:35:23 <adriens33> c'est une boit-sans-soif :p
2014-09-04T21:35:25 <ludvann> Où elle rassure celestia qu'il y a rien qui se passe...
2014-09-04T21:35:42 <ludvann> adriens33: ^^
2014-09-04T21:36:18 <ludvann> Nah j'me trompe (d'après mes souvenirs...)
2014-09-04T21:36:54 <wildfier> mais j'aime bien cette théorie
2014-09-04T21:37:04 <ludvann> Sympathique ^^
2014-09-04T21:37:15 <wildfier> comme quoi nightmare moon revient en chrysalis
2014-09-04T21:38:03 <ludvann> Bon je vais voir si mon wifi se débouche le rec. tum(yum) pour youtube...
2014-09-04T21:38:19 <wildfier> j'avais vu ça dans une vidéo montée exprès comme une vidéo conspirationniste
2014-09-04T21:38:23 <wildfier> trop drôle
2014-09-04T21:38:38 <ludvann> xD
2014-09-04T21:38:45 <adriens33> ludvann: t'as  qui comme FAI ?
2014-09-04T21:39:04 <adriens33> (pour faire simple: y'a écrit quoi sur la boite en plastique qui te branche Alain Ternet ?)
2014-09-04T21:39:07 <ludvann> Free
2014-09-04T21:39:09 <adriens33> ah
2014-09-04T21:39:11 <wildfier> hehe
2014-09-04T21:39:16 <adriens33> tu essaie donc d'aller sur youtube
2014-09-04T21:39:19 <ludvann> ^^
2014-09-04T21:39:19 <adriens33> le soir après 20h
2014-09-04T21:39:21 <adriens33> chez free.
2014-09-04T21:39:26 <wildfier> oui
2014-09-04T21:39:28 <adriens33> tu… sais que c'est impossible ?
2014-09-04T21:39:28 <wildfier> c'est ça
2014-09-04T21:39:30 <wildfier> il essais
2014-09-04T21:39:32 <ludvann> Nope
2014-09-04T21:39:35 <adriens33> si youtube a ajouté un mode "144p"
2014-09-04T21:39:38 <wildfier> il va pas plus loin qu'essayer
2014-09-04T21:39:39 <adriens33> c'est pas juste pour faire joli.
2014-09-04T21:39:44 <adriens33> c'est pour les freenautes
2014-09-04T21:39:55 <adriens33> (véridique)
2014-09-04T21:40:17 <ludvann> Ça marche tout le temps (720p) et ce soir chez moi le wifi merde...
2014-09-04T21:40:23 <adriens33> bon.
2014-09-04T21:40:24 <adriens33> alors
2014-09-04T21:40:35 <adriens33> free+youtube si heure > 20h = nope.$
2014-09-04T21:40:37 <adriens33> okay ?
2014-09-04T21:40:42 <adriens33> heure<20h => ok
2014-09-04T21:40:48 <ludvann> Nope
2014-09-04T21:40:48 <adriens33> heure ≥ 20h = nope
2014-09-04T21:41:05 <adriens33> …
2014-09-04T21:41:05 <ValCab33> Bouh
2014-09-04T21:41:09 <adriens33> aaah !
2014-09-04T21:41:10 <ludvann> Heure x == yes
2014-09-04T21:41:14 <adriens33> un valcab sauvage !
2014-09-04T21:41:16 <ludvann> Ah
2014-09-04T21:41:30 <wildfier> j'ai peur
2014-09-04T21:41:30 <adriens33> c'toi l'heure x !
2014-09-04T21:41:41 <ValCab33> Comment va ?
2014-09-04T21:41:50 <wildfier> super et toi ?
2014-09-04T21:42:36 <ValCab33> Ca pourrait aller mieux
2014-09-04T21:42:39 <adriens33> ah
2014-09-04T21:42:42 <adriens33> quéquit'arrive ?
2014-09-04T21:43:31 <ludvann> Niorph
2014-09-04T21:43:34 <ludvann> ?*
2014-09-04T21:44:11 <ValCab33> Beh j'ai pas trouvé d'école pour la rentrée, ca me fait chier, du coup je vais devoir chercher un boulot
2014-09-04T21:44:20 <adriens33> ouche
2014-09-04T21:44:59 <ValCab33> Et en attendant j'aide un peu a la boucherie de mes parents
2014-09-04T21:45:46 <ludvann> Ah :/
2014-09-04T21:46:02 * adriens33 sort une hache et commence à courir
2014-09-04T21:46:04 <adriens33> Boucherie !!!!!!
2014-09-04T21:46:08 <adriens33> pardon. XD
2014-09-04T21:46:08 <ludvann> xD
2014-09-04T21:46:19 <adriens33> (flander's company pour les incultes)
2014-09-04T21:46:47 <ludvann> Val: école de quoi ? Aéro ?
2014-09-04T21:49:11 <ValCab33> Umad
2014-09-04T21:49:11 *** ValCab33 est parti
2014-09-04T21:49:32 <wildfier> what ?
2014-09-04T21:49:52 <adriens33> XD
2014-09-04T21:50:21 <ludvann> ?
2014-09-04T21:50:21 *** ValCab33 s'est connecté
2014-09-04T21:50:26 <ValCab33> Ok...
2014-09-04T21:50:34 <ludvann> :|
2014-09-04T21:50:51 <ValCab33> Je me suis fait kick pour flood...
2014-09-04T21:50:55 <ludvann> C'est l'app youtube android qui merde...
2014-09-04T21:50:59 <adriens33> vi, on sait lire. ^^
2014-09-04T21:51:01 <ludvann> On a vu ^^
2014-09-04T21:51:03 <ValCab33> Alors que je disait rien
2014-09-04T21:51:10 <adriens33> (généralement ça veut dire que ton client a envoyé trop de data trop vite)
2014-09-04T21:51:29 *** Ikledoreboline s'est connecté
2014-09-04T21:51:44 <Ikledoreboline> Bonsoir tout le monde, comment allez-vous ? ^^
2014-09-04T21:51:46 <ludvann> Salut ikle !
2014-09-04T21:51:48 <ValCab33> Salut
2014-09-04T21:51:51 <ludvann> Bueno
2014-09-04T21:51:53 <wildfier> salut !
2014-09-04T21:52:26 <adriens33> ¡ Buenas tarde, Ikledoreboline !
2014-09-04T21:52:34 <adriens33> (bordel… que c'est loin l'espagnol…)
2014-09-04T21:53:31 <ludvann> ^^
2014-09-04T21:53:41 <ValCab33> +1
2014-09-04T21:56:28 <ludvann> Crêpe jambon cantal beure !
2014-09-04T21:56:37 <adriens33> whut ?
2014-09-04T21:56:44 <ludvann> Les tutos ^^
2014-09-04T21:56:47 <adriens33> ah !
2014-09-04T21:56:50 <adriens33> (bé)
2014-09-04T21:56:59 <wildfier> c'est ?
2014-09-04T21:57:03 <adriens33> dés ?
2014-09-04T21:57:05 <ludvann> C'est ?
2014-09-04T21:57:16 <wildfier> (désolé je connais mais c'était pour la blague)
2014-09-04T21:57:25 <adriens33> euh
2014-09-04T21:57:30 <ludvann> ...
2014-09-04T21:57:47 <Ikledoreboline> Dites-moi, vous qui êtes sur Bordeaux (je m'adresse particulièrement aux personnes majeurs), vous connaîtrez pas des personnes susceptible de pistonner ? [Si questions venez en privé je me vois mal écrire ça sur le chat ^^ ]
2014-09-04T21:57:52 <wildfier> la ça deviens dur ^^
2014-09-04T21:58:02 <adriens33> wildfier: ta femme me l'dit souvent.
2014-09-04T21:58:03 <wildfier> merci pour la distraction Ikledoreboline ^^
2014-09-04T21:58:16 <ludvann> Pistonner à quel niveau ? ^^
2014-09-04T21:58:24 <Ikledoreboline> Hmmmm, je suppose de rien ? x)
2014-09-04T21:58:37 <Ikledoreboline> Au niveau d'un poste de travail. :p
2014-09-04T21:58:40 <ludvann> Bouleu
2014-09-04T21:58:42 <adriens33> (désolé, l'occasion était trop belle XD)
2014-09-04T21:58:45 <wildfier> yep
2014-09-04T21:58:46 <wildfier> heu
2014-09-04T21:58:52 <wildfier> je pense pas perso
2014-09-04T21:59:08 <wildfier> tu cherche dans un domaine préçis ?
2014-09-04T21:59:41 <Ikledoreboline> Non, pas particulièrement, enfin il ne faut pas de chaleur étouffante car elle à une santé fragile, après elle est plus spécialisé dans la couture mais bon.
2014-09-04T22:00:00 <adriens33> tu… cherches à pistonner qui ?
2014-09-04T22:00:06 <adriens33> ta grand mère ?
2014-09-04T22:00:13 <ludvann> Tu parles de qui ? Ta teu...
2014-09-04T22:00:15 <ludvann> XD
2014-09-04T22:00:19 <ValCab33> xD
2014-09-04T22:00:27 <adriens33> ludvann: Get out !!
2014-09-04T22:00:29 <adriens33> XD
2014-09-04T22:00:39 <Ikledoreboline> adriens que t'es con x'D , juste une personne avec 2-3 problèmes de santé. x)
2014-09-04T22:00:43 <adriens33> ah
2014-09-04T22:00:43 <adriens33> ok
2014-09-04T22:00:55 <adriens33> bah t'avais pas précisé, avoue que ça prêtait à confusion.
2014-09-04T22:01:00 <Ikledoreboline> à 18 ans, grand mère xD
2014-09-04T22:01:01 <wildfier> faut pas demander du serieux ici :p
2014-09-04T22:01:09 <ludvann> ^^
2014-09-04T22:01:11 <wildfier> les gens répondent par des trolls !
2014-09-04T22:01:17 <adriens33> wildfier: surtout quand je viens de m'enfiler une grosse tasse de café. XD
2014-09-04T22:01:27 <adriens33> y'a pas pire que moi cafféiné.
2014-09-04T22:01:34 <adriens33> (enfin… ptet Letarumavza)
2014-09-04T22:01:42 <adriens33> (lui niveau troll c'est de la compèt'))
2014-09-04T22:01:45 <ludvann> J'ai pas beaucoup de contacts majeurs malheuresement... :/ (not yet)
2014-09-04T22:01:51 <Ikledoreboline> Ouais wildfier, bon en tout cas merci de 2-3 réponses, c'est dommage je continuerais de faire des recherches ^^
2014-09-04T22:02:18 <adriens33> Ikledoreboline: pour être sérieux 3s, je connais pas de piston non plus, sorry :/
2014-09-04T22:02:18 <Ikledoreboline> Sinon bande de glandeur quoi de beau ? x)
2014-09-04T22:02:27 <adriens33> ludvann: t'es mineur c'est normal !
2014-09-04T22:02:42 <adriens33> les mineurs sont isolés des autres.
2014-09-04T22:02:50 <wildfier> ...
2014-09-04T22:02:52 <ludvann> adriens33: ça n'empêche rien ^^'
2014-09-04T22:02:53 <adriens33> rester dans une gallerie tout la journée c'est pas cool socialement
2014-09-04T22:02:58 <ValCab33> ...
2014-09-04T22:03:01 <adriens33> (okay, elle était débile celle ci)
2014-09-04T22:03:15 <wildfier> j'ai pas osé la finir à ta place adriens33
2014-09-04T22:03:17 <adriens33> XD
2014-09-04T22:03:18 <ludvann> ...
2014-09-04T22:03:22 <Ikledoreboline> Est-ce que j'ai un putain de casque et une pioche ?! xD
2014-09-04T22:03:29 <adriens33> je parlais à ludvann hein
2014-09-04T22:03:30 <wildfier> mais mon "..." témoigne de ma réaction XD
2014-09-04T22:03:32 <ludvann> Yep
2014-09-04T22:04:03 <adriens33> wildfier: "j'ai pas osé la finir à ta place" → c'est de ta femme que tu causes ? ^^
2014-09-04T22:04:27 <ludvann> xD
2014-09-04T22:04:34 <ludvann> Popopo pooooooo
2014-09-04T22:04:39 <wildfier> what ...
2014-09-04T22:04:42 <adriens33> (faut avouer que tu me tends la perche aussi…)
2014-09-04T22:04:46 <wildfier> j'ai même pas envie de comprendre là
2014-09-04T22:05:07 <wildfier> adriens33, ton mec te le dis souvent ?
2014-09-04T22:05:15 <ValCab33> :o
2014-09-04T22:05:16 <adriens33> heuum… nope.
2014-09-04T22:05:22 <adriens33> je mange pas de ça moi ^^
2014-09-04T22:05:31 <adriens33> (si tu cherchais à me faire des avances, c'est raté XD)
2014-09-04T22:05:37 <wildfier> ah, petite vengance ^^
2014-09-04T22:05:45 <wildfier> heu nope ^^
2014-09-04T22:05:59 <adriens33> ouais ouais. j't'ai vu venir ;)
2014-09-04T22:06:26 <ludvann> Pour ça il y a les chat privés...
2014-09-04T22:06:50 <adriens33> ah parce qu'il y a des chats publics ? pauvres matous…
2014-09-04T22:06:58 <ludvann> xD
2014-09-04T22:07:25 <wildfier> je sais même plus quoi dire XD
2014-09-04T22:07:26 <ValCab33> En parlant de chats... https://derpicdn.net/img/view/2014/9/4/714988__safe_pinkie+pie_photo_meme_image+macro_irl_plushie_hug_merchandise_cat.jpg
2014-09-04T22:07:42 <adriens33> wildfier: bah dis rien, ça vaudra mieux XD
2014-09-04T22:07:46 <wildfier> no escape !
2014-09-04T22:07:56 <wildfier> don't try to resist the herd ^^
2014-09-04T22:08:20 <ludvann> Aww :O
2014-09-04T22:08:39 <adriens33> wildfier: because if you protest, you won't be « herd » !
2014-09-04T22:08:49 <adriens33> (putain, j'en fait même en anglais… jsuis grave)
2014-09-04T22:08:56 <ValCab33> Badum tssss...
2014-09-04T22:09:47 <ludvann> Ça mérite un applaudissement: clap
2014-09-04T22:09:58 <wildfier> oui en anglais c'est déjà plus dur ^^
2014-09-04T22:10:09 <Ikledoreboline> *plouf* une blague de merde enplus au fond des chiottes ._.
2014-09-04T22:10:09 <adriens33> comme ma b…
2014-09-04T22:10:13 <wildfier> mais ça veut dire que j'ai plus de change de trouver un taf du coup ? ^^
2014-09-04T22:10:19 <wildfier> cool
2014-09-04T22:10:31 <adriens33> XD
2014-09-04T22:10:46 <ludvann> Concurrence...
2014-09-04T22:10:49 <ludvann> ^^
2014-09-04T22:12:04 <Ikledoreboline> x3
2014-09-04T22:22:45 <Letarumavza> re
2014-09-04T22:22:50 <Letarumavza> kéisspass ?
2014-09-04T22:23:09 <adriens33> rien, j'ai juste pris un peu de café parce que dans l'aprem ça allait pas fort.
2014-09-04T22:23:13 <adriens33> et du coup je pète le feu
2014-09-04T22:23:22 <adriens33> (et je fais des blagues de merde)
2014-09-04T22:23:34 <adriens33> (mais bon c'est ça d'avoir des gouts de chiotte :p)
2014-09-04T22:23:52 <adriens33> ça va toi ?
2014-09-04T22:23:59 <wildfier> salut Letarumavza
2014-09-04T22:24:07 <ludvann> Yop
2014-09-04T22:24:07 <adriens33> mon dieu ! il l'a bien écrit !
2014-09-04T22:24:13 <adriens33> il a triché !
2014-09-04T22:24:16 <adriens33> olalalala
2014-09-04T22:24:25 <ludvann> (Thx la touche tab ^^)
2014-09-04T22:24:28 <wildfier> ça va j'ai eu le temps de l'apprendre son pseudo
2014-09-04T22:24:28 <adriens33> XD
2014-09-04T22:24:32 <wildfier> (chut ludvann)
2014-09-04T22:24:34 <adriens33> XD
2014-09-04T22:24:37 <adriens33> trop taaaard
2014-09-04T22:25:15 <wildfier> ça va ?
2014-09-04T22:27:05 <ludvann> Me gusta :D http://imgur.com/XlwheBg
2014-09-04T22:27:14 <adriens33> http://img-9gag-lol.9cache.com/photo/aypd09V_460sa_v1.gif
2014-09-04T22:27:29 <adriens33> (http://9gag.com/gag/aypd09V)
2014-09-04T22:29:05 <ludvann> J'adore mon fon d'écran :)
2014-09-04T22:29:18 <ludvann> ValCab33: http://imgur.com/XlwheBg
2014-09-04T22:29:44 <Ikledoreboline> http://img-9gag-lol.9cache.com/photo/aLQ2LM5_460sa_v1.gif en première de couverture sur 9gag mais il est tellement épique x)
2014-09-04T22:30:03 <adriens33> that's so evil !!!
2014-09-04T22:30:07 <adriens33> I LOVE IT !!
2014-09-04T22:30:14 <wildfier> hehe
2014-09-04T22:30:34 <wildfier> bon, je vais faire un poil d'entrainement sur ma run de dks2
2014-09-04T22:30:36 <wildfier> bonne nuit
2014-09-04T22:30:40 <adriens33> owkay
2014-09-04T22:30:40 <ludvann> Me gusta !!!!
2014-09-04T22:30:43 <adriens33> bonnénouit
2014-09-04T22:30:49 <ludvann> Neunuit
2014-09-04T22:30:59 <adriens33> ludvan: ¿ Que te gusta ?
2014-09-04T22:31:11 <adriens33> * ludvann
2014-09-04T22:31:40 <ludvann> Le gif et mon fond d'écran ^^
2014-09-04T22:31:44 <adriens33> ^^
2014-09-04T22:32:25 *** wildfier est parti
2014-09-04T22:32:44 <Ikledoreboline> lolilol
2014-09-04T22:32:44 <ludvann> Wild est allemand ?
2014-09-04T22:32:48 <adriens33> nop
2014-09-04T22:32:56 <adriens33> pourquoi cette question ?
2014-09-04T22:33:05 <adriens33> 'konversation' ?
2014-09-04T22:33:06 <ludvann> KonVersation Termineé
2014-09-04T22:33:08 <Ikledoreboline> Ich bin moustachue...
2014-09-04T22:33:12 <adriens33> c'est un logiciel de la suite KDE
2014-09-04T22:33:23 <adriens33> dans toutes les applis de kde (ou presque) t'as un k dans le nom.
2014-09-04T22:33:32 <ludvann> On dirait un allemand c'est tout ^^
2014-09-04T22:33:57 <ludvann> Du moment qu'il est pas médic ^^ (tf2)
2014-09-04T22:34:01 <adriens33> (et pour l'anecdote: à la base, KDE c'est allemand, mais maintenant c'est dev par des gens à travers le monde entier)
2014-09-04T22:34:13 <ludvann> Ok
2014-09-04T22:34:29 <Ikledoreboline> kde ?
2014-09-04T22:34:49 <adriens33> une suite de logiciels sous GNU/Linux, UNIX (et y'a même uune version windows)
2014-09-04T22:34:54 <ludvann> J'adore dans le wiki tf2 ils disent que c'est un médic allemand à l'éthique douteuse xD
2014-09-04T22:34:55 <adriens33> à la base c'était juste un gestionnaire de bureaux
2014-09-04T22:35:07 <adriens33> mais c'est plus une suite complete de logiciels maintenant
2014-09-04T22:35:16 <adriens33> (d'ou le terme KDE Software Compilation)
2014-09-04T22:35:21 <adriens33> (ou KDE SC)
2014-09-04T22:36:16 <ludvann> Pépare fore youre examinacshuene !
2014-09-04T22:36:25 <ludvann> Prépare*
2014-09-04T22:36:51 <ludvann> *bruit de clacquement de gant*
2014-09-04T22:36:57 <adriens33> Sie werden ausgerottet werden!
2014-09-04T22:37:11 <ludvann> ? ^^
2014-09-04T22:37:11 <adriens33> (merci google trad… ^^)
2014-09-04T22:37:18 <ludvann> Ok XD
2014-09-04T22:37:39 <adriens33> (j'ai jamais fait d'allemand pour info)
2014-09-04T22:37:50 <ludvann> Et moi donc...
2014-09-04T22:38:19 <adriens33> bah… https://translate.google.com/#de/fr/ ^^
2014-09-04T22:38:25 <ludvann> Adriens33 tu joues à tf2 ?
2014-09-04T22:38:29 <adriens33> nope
2014-09-04T22:38:34 <ludvann> :(
2014-09-04T22:38:41 <adriens33> point encore.
2014-09-04T22:38:48 <ludvann> :D
2014-09-04T22:39:20 <ludvann> Ce WE je vais y jouer comme un cochon ^^
2014-09-04T22:39:30 <ludvann> (J'ai l'ordi que en WE...)
2014-09-04T22:40:05 <ludvann> Donc si tu veux que je t'apprenne à jouer ^^
2014-09-04T22:40:24 *** ValCab33 est parti
2014-09-04T22:40:40 <ludvann> adriens33 ?
2014-09-04T22:40:50 <Letarumavza> euh les filles ?
2014-09-04T22:40:57 <ludvann> Eyup ?
2014-09-04T22:41:00 <adriens33> ludvann: ptet plus tard
2014-09-04T22:41:12 <ludvann> Adriens33: ok
2014-09-04T22:41:21 <adriens33> Letarumavza: quéquitarrive ?
2014-09-04T22:41:29 <ludvann> Qué pasta leta?
2014-09-04T22:41:36 <adriens33> t'es tombé sur une photo de nu qui t'as pas plus sur iCloud ? ^^
2014-09-04T22:41:48 <ludvann> XD
2014-09-04T22:41:50 <Letarumavza> C'est pas les nudes que j'aime sur icloud
2014-09-04T22:41:56 <Letarumavza> C'est les comptes personnels
2014-09-04T22:41:58 <adriens33> ^^
2014-09-04T22:42:03 <ludvann> ^^
2014-09-04T22:42:06 <Letarumavza> Et les gens qui font leur compta avec les n° complets
2014-09-04T22:42:09 <adriens33> de toute façon ils l'ont bien mérité
2014-09-04T22:42:16 <Letarumavza> Apple
2014-09-04T22:42:16 <adriens33> z'ont qu'à pas avoir de compte chez Apple
2014-09-04T22:42:22 <adriens33> ou d'iSaloperie
2014-09-04T22:42:26 * Letarumavza danse*
2014-09-04T22:42:31 <ludvann> Imixeur
2014-09-04T22:42:37 <adriens33> iPouffiasse
2014-09-04T22:42:46 <ludvann> inioroh
2014-09-04T22:42:52 <adriens33> pour révolutionner l'iBranlette !
2014-09-04T22:42:55 <Berry-Punch> Have *hic* you niorphed today,  ?
2014-09-04T22:42:55 <ludvann> !niorph
2014-09-04T22:43:21 <Ikledoreboline> wtf xD
2014-09-04T22:43:23 <ludvann> Anyway...
2014-09-04T22:43:41 <ludvann> Cake ki a letarumavza ?
2014-09-04T22:43:57 <Letarumavza> Hum...
2014-09-04T22:44:08 <ludvann> (D'ailleurs faut que te rende un couteau)
2014-09-04T22:44:20 <Ikledoreboline> On peux dire que je suis.... Ipommer. x)
2014-09-04T22:44:45 <ludvann> (Celui du gateau lors du barbeuq)
2014-09-04T22:44:58 *** Lezarius est parti
2014-09-04T22:45:07 <Letarumavza> Rien, je peux pas aller là où je veux samedi, je vais devoir attendre une semaine.
2014-09-04T22:45:30 <ludvann> Samedi ? ^^'
2014-09-04T22:45:36 <adriens33> ouais, tu vas devoir te contenter de ta main droite quoi.
2014-09-04T22:45:46 <ludvann> Aoke...
2014-09-04T22:46:07 <Letarumavza> vtff adrien
2014-09-04T22:46:18 <Letarumavza> Greuh
2014-09-04T22:46:27 <adriens33> ^w^
2014-09-04T22:46:28 <adriens33> touché
2014-09-04T22:46:29 <Letarumavza> M'en fous demain on miam des grillades ^^
2014-09-04T22:46:35 <ludvann> La gauche ¿ ^^'
2014-09-04T22:46:43 <adriens33> (en même temps avec l'intégralité des logs irc en accès direct c'est facile ^^)
2014-09-04T22:47:15 <adriens33> awi les grillades
2014-09-04T22:47:21 <Ikledoreboline> Perso demain... Cafet. du lycée à chier T-T
2014-09-04T22:47:21 <adriens33> javais zappé
2014-09-04T22:47:33 <ludvann> Ah ah ^^
2014-09-04T22:47:37 <ludvann> Pareil....
2014-09-04T22:47:49 <ludvann> Tu veux tf
2014-09-04T22:47:57 <ludvann> 2ce we ikle ?
2014-09-04T22:48:03 <ludvann> Grrr...
2014-09-04T22:48:15 <ludvann> Tablette qui merde...
2014-09-04T22:48:28 <Ikledoreboline> je sais pas ludvann à vrai dire j'ai un devoir rapide à faire, je dois oragniser un classeur pour demain --', et je regarde un épisode d'anime .-.
2014-09-04T22:48:46 <Ikledoreboline> Et vue que sur facebook je parle à 3-4 personnes en même temps je pense pas excuse-moi dans le week-end ?
2014-09-04T22:48:59 <ludvann> Ok :)
2014-09-04T22:49:16 <ludvann> (Je peux ordi que le we donc c'est pour ça ^^
2014-09-04T22:49:20 <ludvann> )
2014-09-04T22:49:29 <ludvann> *
2014-09-04T22:49:35 <Ikledoreboline> Ah ok, par contre dimanche je suis dans ma grotte je dois commencer Doctor Who. x)
2014-09-04T22:49:44 <adriens33> oulà
2014-09-04T22:49:45 <ludvann> Ok xD
2014-09-04T22:49:47 <adriens33> depuis où ?
2014-09-04T22:49:54 <Ikledoreboline> Depuis genre le début ? x'D
2014-09-04T22:49:58 <ludvann> Btg ?
2014-09-04T22:50:02 <adriens33> parce que si tu veux du début… t'as 34 saison à rattrapper
2014-09-04T22:50:12 <ludvann> :O
2014-09-04T22:50:16 <Ikledoreboline> Non mais pas le TOUT TOUT TOUT DEBUT x'D
2014-09-04T22:50:16 <adriens33> (50 - 16 ans d'épisodes ^^)
2014-09-04T22:50:27 <adriens33> (plus de 700 ^^)
2014-09-04T22:50:51 <Ikledoreboline> Tu sais que en 1 semaine j'ai fini 6 anime avec 2 saisons ? .-.
2014-09-04T22:50:52 <adriens33> doctor who, la série qu'est aussi wtf que ce qu'il s'y passe dedans
2014-09-04T22:51:16 <adriens33> (et qui a pourtant plus de sens que Lost)
2014-09-04T22:51:21 <Ikledoreboline> Bon après c'était les vacances j'ai fait des nuits blanches mais bon. x)
2014-09-04T22:51:22 <ludvann> xD
2014-09-04T22:51:38 <Letarumavza> Toujours est-il que : Apple = merde, nana = animé/manga triste, les chirurgiens font chier (profondément), les portables aussi, et la meuleuse comme réveil ça sux.
2014-09-04T22:51:44 <ludvann> Rien ne vaut mirrai nikki dans le wtf...
2014-09-04T22:52:06 <Ikledoreboline> Je comprends pas ton délire Letarumavza ._.
2014-09-04T22:52:30 <Letarumavza> Tu cherches à comprendre ?
2014-09-04T22:52:36 <Letarumavza> Mauvais plans...
2014-09-04T22:52:47 <adriens33> Letarumavza: quéque c'est passé niveau chirurgien/portable ? oO
2014-09-04T22:52:48 <ludvann> Boobsman  ( o
2014-09-04T22:52:54 <adriens33> (le reste je pige mais ça…)
2014-09-04T22:53:00 <ludvann> (    Y    )
2014-09-04T22:53:07 <Ikledoreboline> dat Y
2014-09-04T22:53:08 <Ikledoreboline> xD
2014-09-04T22:53:15 <ludvann> XD
2014-09-04T22:53:20 <adriens33> ludvann, le mec qui peut même pas avoir des boobs en smiley
2014-09-04T22:53:29 <ludvann> Désolé...
2014-09-04T22:53:31 <adriens33> XD
2014-09-04T22:53:47 <Ikledoreboline> Je me sens sale, mais se midi j'ai eut une conversation bizarre très drôle et j'ai choqué l'amie d'une pote x'D
2014-09-04T22:54:04 <ludvann> Ah bin ?
2014-09-04T22:54:15 <adriens33> du genre ?
2014-09-04T22:54:20 <adriens33> (raconte !! :þ)
2014-09-04T22:54:22 <ludvann> (Adriens:pas
2014-09-04T22:54:26 <Letarumavza> Chirurgien parce qu'à cause d'un de ces cons, je peux pas bouger samedi.
2014-09-04T22:54:32 <adriens33> arf
2014-09-04T22:54:33 <ludvann> Pas comprs la phrase)
2014-09-04T22:54:34 <Letarumavza> Portable parce que le mien fait chier.
2014-09-04T22:54:40 <adriens33> ah ?
2014-09-04T22:54:45 <Letarumavza> Fait péter Ikledoreboline
2014-09-04T22:54:46 <adriens33> qu'est-ce qu'il s'est passé ?
2014-09-04T22:55:10 <Ikledoreboline> Ouais, photos de moi à poil contre elle dans une tenue de cosplay n'importe la quelle, évidement je préfère les femmes nues hihi :3 , j'ai demander son carnet de santé, si elle était vierge, etc... Et elle a été choquer, je voulais la vendre au marché noir en vrai ._.
2014-09-04T22:55:35 <Letarumavza> Euh...
2014-09-04T22:55:37 <adriens33> genre toi à poil contre elle en vrai ou via photoshop ? ^^
2014-09-04T22:55:42 <ludvann> Watt ? O_o'
2014-09-04T22:55:48 <adriens33> Volt
2014-09-04T22:55:50 <adriens33> Ampère
2014-09-04T22:55:52 <adriens33> Joule
2014-09-04T22:55:55 <Ikledoreboline> x'D
2014-09-04T22:55:56 <Letarumavza> Coulomb ?
2014-09-04T22:55:58 <ludvann> Tu sors
2014-09-04T22:56:02 <adriens33> fais chier leta j'allais le dire
2014-09-04T22:56:12 <Letarumavza> Joules
2014-09-04T22:56:16 <adriens33> déjà dit
2014-09-04T22:56:19 <Ikledoreboline> adriens s'il te plait, les cours d’électronique asser en 1 journée j'ai mes neurones qui ont griller toute la journée.
2014-09-04T22:56:24 <adriens33> XD
2014-09-04T22:56:25 <Letarumavza> Euh, non.
2014-09-04T22:56:27 <adriens33> si
2014-09-04T22:56:31 <Ikledoreboline> adriens33 en vrai, attends ta cru quoi ? x'D
2014-09-04T22:56:33 <adriens33> <ludvann> Watt ? O_o'
2014-09-04T22:56:33 <adriens33> <adriens33> Volt
2014-09-04T22:56:33 <adriens33> <adriens33> Ampère
2014-09-04T22:56:33 <adriens33> <adriens33> Joule
2014-09-04T22:56:33 <adriens33> <Ikledoreboline> x'D
2014-09-04T22:56:46 <Letarumavza> 0o
2014-09-04T22:57:02 <Letarumavza> Hexchat fait de la merde, j'ai pas la ligne.
2014-09-04T22:57:02 <adriens33> à défaut de sauter une nana, Leta saute des lignes.
2014-09-04T22:57:08 <adriens33> ^w^
2014-09-04T22:57:11 <Letarumavza> VAS TE FAIRE METTRE !!!!!!!!!
2014-09-04T22:57:13 <ludvann> ...
2014-09-04T22:57:13 <adriens33> XD
2014-09-04T22:57:18 <adriens33> je me venge !
2014-09-04T22:57:25 <adriens33> de toutes les fois où tu m'as fait chier !!
2014-09-04T22:57:25 <adriens33> XD
2014-09-04T22:57:35 <ludvann> -1
2014-09-04T22:57:37 <adriens33> Moi aussi je sais troller !!
2014-09-04T22:57:37 <Ikledoreboline> lolilol
2014-09-04T22:57:39 <Letarumavza> DEUX ANS D'ABSTINENCE espèce de puceau de mes deux.
2014-09-04T22:57:47 <adriens33> J'm'en fous de tes deux moi !
2014-09-04T22:57:56 <ludvann> Deux quoi ?
2014-09-04T22:57:57 <Letarumavza> Respecte mon autorité ! (système)
2014-09-04T22:57:59 <adriens33> non.
2014-09-04T22:58:03 <adriens33> y'a aucun respect !
2014-09-04T22:58:08 <adriens33> ça respecte pas !
2014-09-04T22:58:10 <adriens33> ça parle mal !
2014-09-04T22:58:12 <adriens33> Popo pooooooooo
2014-09-04T22:58:17 <Letarumavza> ...
2014-09-04T22:58:23 <adriens33> ^^
2014-09-04T22:58:27 * ludvann prends les popcorns
2014-09-04T22:58:45 <Letarumavza> Ma pensée sur toi, t'es mon égal après un "sudo rm -rf /*"
2014-09-04T22:58:55 <Ikledoreboline> Sinon pas mal mon anécdote ?
2014-09-04T22:59:03 <Letarumavza> Détails ?
2014-09-04T22:59:18 <ludvann> :O
2014-09-04T22:59:21 <ludvann> :D
2014-09-04T22:59:23 <Ikledoreboline> anecdote* et aussi aujourd'hui j'ai entendu un mec qui s’appelait "Sam Luluthe", Sam Luluthe le cul x3
2014-09-04T22:59:27 <adriens33> Letarumavza: c'est très drole.
2014-09-04T22:59:30 <Letarumavza> ...
2014-09-04T22:59:38 <adriens33> (non je déconne, c'était nul)
2014-09-04T22:59:45 <Letarumavza> adriens33, bah t'es vierge
2014-09-04T22:59:48 <adriens33> ouais
2014-09-04T22:59:49 <adriens33> et ?
2014-09-04T22:59:54 <adriens33> tu cherches à faire quoi ?
2014-09-04T22:59:57 <adriens33> à me faire rager ?
2014-09-04T22:59:58 <Letarumavza> Bah la commande correspond approx
2014-09-04T23:00:06 <adriens33> tu vas avoir du mal ce soir. ^^
2014-09-04T23:00:10 <Letarumavza> (je me rapelle plus du flush cluster)
2014-09-04T23:00:15 <adriens33> hmm…
2014-09-04T23:00:24 <adriens33> sinon y'a aussi dd if=/dev/zero of=/dev/sd×
2014-09-04T23:00:26 * ludvann donne des pop corns à Ikledoreboline
2014-09-04T23:00:38 <adriens33> lent mais super efficace.
2014-09-04T23:00:41 <Letarumavza> Yep, plus adapté pour le coups.
2014-09-04T23:00:49 <Ikledoreboline> Merci *mange des pop corns*
2014-09-04T23:00:59 <Letarumavza> Vu qu'on peut vraiment comparer à des secteurs vierges de toute écriture.
2014-09-04T23:01:01 <Letarumavza> ...
2014-09-04T23:01:09 * adriens33 slowly claps
2014-09-04T23:01:11 <Letarumavza> On arrivera jamais à s'engueuler durablement ^^
2014-09-04T23:01:24 <adriens33> Good ! This things still works.
2014-09-04T23:01:29 <adriens33> *thing
2014-09-04T23:01:31 * ludvann clap clap
2014-09-04T23:01:41 <Letarumavza> Mouais...
2014-09-04T23:01:44 <Ikledoreboline> Comme un couple, mais d'homosexuel ._. x'D
2014-09-04T23:01:50 <ludvann> xD
2014-09-04T23:01:52 <adriens33> o.O
2014-09-04T23:01:55 <Letarumavza> Dire qu'un truc lié à moi marche... C'est un peu présomptueux non ?
2014-09-04T23:02:05 <Letarumavza> Ikledoreboline, regardes scrubs
2014-09-04T23:02:09 <Ikledoreboline> Bah quoi, je me met aussi à troll roooh xD
2014-09-04T23:02:13 <adriens33> référence à GLaDOS quand elle est dans sa patate !!
2014-09-04T23:02:15 <adriens33> inculte !!
2014-09-04T23:02:21 <adriens33> nanmého
2014-09-04T23:02:30 <Ikledoreboline> OmG Letarumavza
2014-09-04T23:02:37 <Letarumavza> ?
2014-09-04T23:02:48 <adriens33> le processeur de sarcasmes
2014-09-04T23:02:53 <ludvann> C'est OMC et non pas OMG...
2014-09-04T23:03:10 <adriens33> ludvann: nan, pas pour « Oh my God ! »
2014-09-04T23:03:18 <adriens33> éventuellement OmD pour Oh my Dick !
2014-09-04T23:03:23 <ludvann> Oh my celestia
2014-09-04T23:03:25 <adriens33> ah.
2014-09-04T23:03:29 <Letarumavza> ah
2014-09-04T23:03:31 <adriens33> ouais, c'est valide.
2014-09-04T23:03:33 <Letarumavza> béééééh
2014-09-04T23:03:39 <adriens33> *badum tss*
2014-09-04T23:03:41 <adriens33> leta tu sors.
2014-09-04T23:03:45 <ludvann> Orchestra maneuvred in the dark ?
2014-09-04T23:03:47 <adriens33> j'ai fait cette vanne tout à l'heure
2014-09-04T23:03:50 <Letarumavza> clop clop clop
2014-09-04T23:03:52 <adriens33> ludvann: o_O
2014-09-04T23:03:59 <adriens33> toi tu connais ça ?
2014-09-04T23:04:01 *** ValCab33 s'est connecté
2014-09-04T23:04:09 <adriens33> Oh ! ValCab est entré dans le chat !
2014-09-04T23:04:12 <ludvann> Bah ui ^^
2014-09-04T23:04:15 <ValCab33> Reuh
2014-09-04T23:04:16 <Ikledoreboline> Ok, si vous me cherchez je suis parti me toucher le gland que j'ai trouvé dehors... x)
2014-09-04T23:04:21 <adriens33> …
2014-09-04T23:04:21 <ludvann> Yay :D
2014-09-04T23:04:22 <adriens33> XD
2014-09-04T23:04:30 <ludvann> ...
2014-09-04T23:04:36 <adriens33> ludvann sounds so gay…
2014-09-04T23:04:51 <ludvann> Enola gay...
2014-09-04T23:04:52 <Letarumavza> Like a rainbow unicorn...
2014-09-04T23:05:03 <adriens33> et ma bite sur ton front, ça fait une licorne ??
2014-09-04T23:05:09 <ludvann> Pink fluffy unicorn...
2014-09-04T23:05:10 <Letarumavza> Laisse ma machine en dehors de ça, sinon je te doss
2014-09-04T23:05:21 <ValCab33> DANCING ON RAINBOWS
2014-09-04T23:05:21 <adriens33> il parle de la chanson dugland
2014-09-04T23:05:28 <adriens33> (du groupe OMD)
2014-09-04T23:05:34 <adriens33> (mais ça date des années 80)
2014-09-04T23:05:39 <adriens33> (me demande comment il connait ça)
2014-09-04T23:05:54 <Letarumavza> Parents .
2014-09-04T23:06:00 <ludvann> Adriens3 je connais mes classiques ^^
2014-09-04T23:06:04 <ludvann> Eeyup
2014-09-04T23:06:07 <adriens33> ok ^^
2014-09-04T23:06:36 <ludvann> Ma mère avez pleins de 33/45 tours...
2014-09-04T23:06:42 <ludvann> Maman*
2014-09-04T23:06:45 <adriens33> dans la rue ?
2014-09-04T23:06:53 <adriens33> elle doit avoir froid à force de tourner autant…
2014-09-04T23:06:54 <ludvann> ?
2014-09-04T23:06:59 <ludvann> ...
2014-09-04T23:07:00 <adriens33> XD
2014-09-04T23:07:02 <Letarumavza> en parlant de musique : https://www.youtube.com/watch?v=eb6_J1dq1hk
2014-09-04T23:07:58 <ludvann> adriens33
2014-09-04T23:08:24 <ludvann> Tu veux pas revenir quand tu auras moins de caféine stp ?  :D
2014-09-04T23:08:36 <adriens33> nope
2014-09-04T23:08:41 <adriens33> je dormirai à ce moment là
2014-09-04T23:08:43 <ludvann> Ok
2014-09-04T23:08:51 <Letarumavza> Putain je veux que ça remplace la marche nuptiale à mon marriage.
2014-09-04T23:09:02 <ludvann> ^^
2014-09-04T23:09:05 <Letarumavza> (en mode absolute badass)
2014-09-04T23:09:17 <ludvann> Fuxk with it !!!
2014-09-04T23:09:25 <ludvann> Fuck*
2014-09-04T23:09:25 <Letarumavza> Et après je fais sauter l'église
2014-09-04T23:09:30 <ludvann> xD
2014-09-04T23:09:33 <Letarumavza> (la mairie plutot remarque)
2014-09-04T23:09:44 <adriens33> donc tu sautes l'église et après ta femme ? ou dans l'autre sens ?
2014-09-04T23:09:52 <ludvann> RAB !
2014-09-04T23:09:57 <Letarumavza> En même temps
2014-09-04T23:10:03 <Letarumavza> Full charisme !
2014-09-04T23:10:05 <ludvann> (Rien A Branler)
2014-09-04T23:10:10 <ludvann> ^^
2014-09-04T23:10:30 <ludvann> Tu m'inviteras ? (Que pour l'explosion)
2014-09-04T23:10:33 <Letarumavza> Le mélange du batiment entrain de s'éffondrer, les sensation, rien n'est plus magnifique que la destruction.
2014-09-04T23:10:34 <adriens33> ça c'est sur que t'as rien à branler ludvann XD
2014-09-04T23:10:38 <ludvann> ^^'
2014-09-04T23:10:41 <Letarumavza> Exact adrien ^^
2014-09-04T23:10:43 <ludvann> ...
2014-09-04T23:10:43 <adriens33> troooooool
2014-09-04T23:10:46 <Letarumavza> Owned !
2014-09-04T23:11:00 <Ikledoreboline> Letarumavza: un peu dans le style je pense: https://www.youtube.com/watch?feature=player_embedded&v=KGbAbQxHt-g
2014-09-04T23:11:40 <Letarumavza> https://www.youtube.com/watch?v=BQMpRWuT6hk est mieux
2014-09-04T23:12:00 <Letarumavza> (menfin bon... two steps from hell... forcément...)
2014-09-04T23:12:45 <Letarumavza> Et la meilleure musique pour une destruction de bâtiment ça reste le final de 1812 ouverture, de tchaikovsky.
2014-09-04T23:13:25 <ludvann> (+Letarumavza) Le mélange du batiment entrain de s'éffondrer, les sensation, rien n'est plus magnifique que la destruction. (La destruction de quoi ? ^^' patapé)
2014-09-04T23:13:29 <Letarumavza> (qu'on entend dans la scène finale de V for vendetta nortament)
2014-09-04T23:13:38 <ludvann> Pas vu
2014-09-04T23:13:45 <ludvann> :/
2014-09-04T23:14:06 <Letarumavza> ...
2014-09-04T23:14:20 <ludvann> Bon je vais dormir ^^'
2014-09-04T23:14:40 <ValCab33> Neunuit
2014-09-04T23:14:48 <ludvann> (Dat power de dissuasion)
2014-09-04T23:14:51 <Letarumavza> Tu as jamais pris plaisir à semer la destruction et le chaos ?
2014-09-04T23:14:59 <ludvann> Neunuit :)
2014-09-04T23:15:03 <adriens33> si,
2014-09-04T23:15:03 <Letarumavza> Du genre tout péter quelque part ?
2014-09-04T23:15:09 <adriens33> moi quand je copie un serv minecraft
2014-09-04T23:15:12 <ludvann> Not yet
2014-09-04T23:15:13 <adriens33> pour déconner ^^
2014-09-04T23:15:17 <Letarumavza> Non, mais physiquement.
2014-09-04T23:15:20 <adriens33> briquet+tnt
2014-09-04T23:15:22 <adriens33> mouhahaha
2014-09-04T23:15:24 <adriens33> ah en vrai
2014-09-04T23:15:29 <Letarumavza> Comme attaquer un batiment abandoné à coups de masse
2014-09-04T23:15:35 <adriens33> bah… y'aurait ctrl+z là…
2014-09-04T23:15:40 <ludvann> O_o'
2014-09-04T23:15:43 <ValCab33> ...
2014-09-04T23:15:46 <adriens33> mouhahahaha
2014-09-04T23:15:53 * adriens33 tousse *
2014-09-04T23:15:56 <adriens33> … hahahaha.
2014-09-04T23:15:58 <ludvann> Adri chut
2014-09-04T23:16:01 <Ikledoreboline> Moi aussi je vais dormir, bonne nuit all !
2014-09-04T23:16:08 <adriens33> neunuit
2014-09-04T23:16:10 <ludvann> De même.
2014-09-04T23:16:15 <ludvann> @+
2014-09-04T23:16:18 <ValCab33> Good night
2014-09-04T23:16:32 *** Ikledoreboline est parti
2014-09-04T23:16:40 *** ludvann est parti
2014-09-04T23:17:07 <Letarumavza> Je me rapelle y'a deux trois ans, avant qu'ils démolissent certains batiments du coté des docks j'étais allé m'éclater à faire une petite scéance de saccage en règle.
2014-09-04T23:17:14 <adriens33> ^^
2014-09-04T23:17:16 <Letarumavza> Le pied intégral ^^
2014-09-04T23:17:21 <adriens33> tu m'étonne…
2014-09-04T23:17:39 <Letarumavza> Le plus cool c'était les vitres
2014-09-04T23:18:04 <Letarumavza> Le bruit, les éclats qui tombent, le son qui résonne dans la structure métalique...
2014-09-04T23:19:04 <Letarumavza> C'est cool les trucs qui vont être détruits, tu peux tout péter dedans, les mecs sont d'accord (ça leur fait moins de taf)
2014-09-04T23:20:33 <Letarumavza> N'empèche, un truc qui doit être super fun à saccager, c'est une cristallerie ^^
2014-09-04T23:20:38 <adriens33> ^^
2014-09-04T23:28:47 *** ludvann s'est connecté
2014-09-04T23:30:46 <Letarumavza> Bon qui vient demain ?
2014-09-04T23:31:03 <adriens33> heum… moi sans doute déjà
2014-09-04T23:32:41 <Letarumavza> J'ai déjà la dalle ^^
2014-09-04T23:32:45 <adriens33> ^^
2014-09-04T23:32:50 *** ludvann est parti
2014-09-04T23:33:10 <adriens33> ah, ludvann a peur de toi ^^
2014-09-04T23:33:31 <adriens33> (tu dis que t'as faim et il se barre…)
2014-09-04T23:34:04 <Letarumavza> ^^
2014-09-04T23:48:54 *** ValCab33 est parti
