2014-10-03T00:15:22 *** TrappyTickles est parti
2014-10-03T00:33:53 *** Silou est parti
2014-10-03T00:36:15 *** adriens33 est parti
2014-10-03T00:41:04 *** ValCab33 est parti
2014-10-03T01:16:07 *** MaCharon est parti
2014-10-03T07:24:03 <Berry-Punch> Voilà ce qu'il s'est passé ces 10 dernières lignes, adriens33 *hic* 
2014-10-03T07:24:04 *** adriens33 s'est connecté
2014-10-03T08:24:39 *** adriens33 est parti
2014-10-03T08:51:49 <Berry-Punch> Voilà ce qu'il s'est passé ces 10 dernières *hic* lignes, adriens33
2014-10-03T08:51:51 *** adriens33 s'est connecté
2014-10-03T08:58:43 *** Gordfang s'est connecté
2014-10-03T09:01:44 <Gordfang> lut
2014-10-03T09:10:05 *** Gordfang est parti
2014-10-03T09:11:33 *** Gordfang s'est connecté
2014-10-03T09:14:32 *** heuzef s'est connecté
2014-10-03T09:17:37 *** Gordfang est parti
2014-10-03T09:17:52 *** Gordfang s'est connecté
2014-10-03T09:30:11 <Gordfang> yo heuzef j'ai reussi a choper un des gravatar!
2014-10-03T09:38:19 <heuzef> GG !
2014-10-03T09:38:21 <heuzef> ^^
2014-10-03T09:38:38 <heuzef> Je suis désolé j'ai vraiment pas eu le temps de m'occuper de tous ça
2014-10-03T09:38:42 <Gordfang> je te les marquer dans les ticket c'est celui de sami hunter me semble
2014-10-03T09:38:44 *** TrappyTickles s'est connecté
2014-10-03T09:38:47 <heuzef> Pour le coup je prend ma journée demain
2014-10-03T09:38:47 <Gordfang> pas de soucis
2014-10-03T09:38:55 <Gordfang> tu va pas a animasia?
2014-10-03T09:38:57 <heuzef> je vais pas a l'animasia
2014-10-03T09:38:59 <Gordfang> XD
2014-10-03T09:39:02 <heuzef> Dimanche seulement
2014-10-03T09:39:15 <Gordfang> faut que je chope un ticket perso...
2014-10-03T09:39:43 <heuzef> Samedi du coup je vais carburer pour avancer tous mes projet
2014-10-03T09:39:48 <heuzef> ratraper mon retard
2014-10-03T09:39:51 <heuzef> et m'occuper de BC
2014-10-03T09:39:57 <Gordfang> bonne chance
2014-10-03T09:42:13 <heuzef> ;)
2014-10-03T09:46:38 *** heuzef1 s'est connecté
2014-10-03T09:46:47 *** Silou s'est connecté
2014-10-03T09:48:03 *** heuzef est parti
2014-10-03T10:19:04 *** heuzef1 est parti
2014-10-03T10:19:10 *** heuzef s'est connecté
2014-10-03T11:38:14 *** heuzef est parti
2014-10-03T12:01:42 *** MaCharon s'est connecté
2014-10-03T12:01:48 <MaCharon> plop
2014-10-03T12:05:26 <adriens33> salut
2014-10-03T12:25:21 *** Ikledoreboline s'est connecté
2014-10-03T12:25:37 <Ikledoreboline> Yo
2014-10-03T12:25:47 <MaCharon> slt
2014-10-03T12:25:57 <Letarumavza> foiré de velspar concentré...
2014-10-03T12:26:10 <Ikledoreboline> Bien la 6 ème compagnie ?
2014-10-03T12:27:36 * Ikledoreboline se sent forever alone.
2014-10-03T12:28:00 <Letarumavza> Désolé, j'ai la tronche à coté de la plaque...
2014-10-03T12:28:08 <Letarumavza> Vive le fucking velspar !
2014-10-03T12:28:16 <Ikledoreboline> Boooon, qui va à animasia demain ?
2014-10-03T12:28:18 <Letarumavza> (enfin... velspar concentré e l'occurence)
2014-10-03T12:28:20 <Letarumavza> Moi
2014-10-03T12:29:35 <Ikledoreboline> T'as commandé ton billet ou tu fais la queue ? ( à, à, à la queue le le yuhu)
2014-10-03T12:30:50 <MaCharon> moi
2014-10-03T12:31:59 <Ikledoreboline> Vous*
2014-10-03T12:32:27 <MaCharon> nous*
2014-10-03T12:32:35 <MaCharon> :p
2014-10-03T12:32:57 <Ikledoreboline> En principe ^^
2014-10-03T12:33:55 <MaCharon> samedi j'ai entrée gratuite grâce a mon coloc qui est bénévole (je sais pas encore si ça me permet d'entrer a 10h) et dimanche j'ai commandé mon billet
2014-10-03T12:34:42 <Ikledoreboline> ^^
2014-10-03T12:35:55 <Letarumavza> Perso je vais faire la queue.
2014-10-03T12:36:12 <MaCharon> ben moi j'espere pas
2014-10-03T12:36:46 <Ikledoreboline> Moi j'ai pris pass week-end, mais je sais pas si je vais être seul, j'ai 2 personnes différentes avec qui je pourrqis rester mqis j'aurqis l'impression de gener, et les brony idk. X3
2014-10-03T12:38:47 *** Ikledoreboline est parti
2014-10-03T12:39:00 *** Ikledoreboline s'est connecté
2014-10-03T12:39:32 <Ikledoreboline> Grrr
2014-10-03T12:40:06 <Letarumavza> http://img-9gag-lol.9cache.com/photo/anX9qAn_460s.jpg
2014-10-03T12:41:24 <Ikledoreboline> x3
2014-10-03T12:41:41 <Ikledoreboline> C'est ton cosplay leta ? x'3
2014-10-03T12:42:30 <Letarumavza> C'est patrick stewart dans le costume...
2014-10-03T12:42:37 *** Gordfang est parti
2014-10-03T12:43:16 <Letarumavza> Sir Patrick Stewart déguisé en homard dans une baignoire.
2014-10-03T12:43:22 <Ikledoreboline> Idk, idc
2014-10-03T12:43:28 <Letarumavza> Enough internet for today...
2014-10-03T12:43:58 <Ikledoreboline> Je suis crevé bordel de dieu !
2014-10-03T12:47:33 <Ikledoreboline> Réveillé 7 fois cette nuit, pour levé à 6h40, dans le lit à 1h00 du matin 7 ème levé à 5h j'ai pété un cable je me suis levé x3
2014-10-03T12:51:29 *** heuzef s'est connecté
2014-10-03T12:52:57 <Ikledoreboline> Yup
2014-10-03T12:54:02 <MaCharon> slt
2014-10-03T12:55:13 <Ikledoreboline> .
2014-10-03T13:03:00 *** Ikledoreboline est parti
2014-10-03T13:04:59 *** Ikledoreboline s'est connecté
2014-10-03T13:05:50 <Ikledoreboline> Que c'est bon de se sentie utile pour quelqu'un qu'on apprécie beaucoup *o*
2014-10-03T13:06:06 <adriens33> qu'est ce qu'il t'arrive ?
2014-10-03T13:06:14 <Ikledoreboline> J'en ai marre d'écrire comme un nazi nom d'une choucroute..
2014-10-03T13:08:45 *** Ikledoreboline est parti
2014-10-03T13:09:02 *** Ikledoreboline s'est connecté
2014-10-03T13:10:11 <Ikledoreboline> Adriens33 désolé bug de chat, je vais conseiller du matériel hardware et vu que je m'informe pas mal et que je connais des personnes qui font du hardware pure est dur c'est benef hihihi
2014-10-03T13:10:22 <adriens33> ok
2014-10-03T13:10:46 <Ikledoreboline> Désolé excité comme un gamin de 6 ans qui va à disneyland. XD
2014-10-03T13:20:02 *** Letarumavza est parti
2014-10-03T13:22:50 <Ikledoreboline> Bon je déco ciao
2014-10-03T13:22:56 *** Ikledoreboline est parti
2014-10-03T13:52:10 *** heuzef1 s'est connecté
2014-10-03T13:54:16 *** heuzef est parti
2014-10-03T14:25:03 *** ValCab33 s'est connecté
2014-10-03T14:25:09 <ValCab33> Plop
2014-10-03T14:25:44 *** Gordfang s'est connecté
2014-10-03T14:29:09 <heuzef1> plop
2014-10-03T14:31:24 <Gordfang> re
2014-10-03T14:43:45 *** Gordfang est parti
2014-10-03T16:06:08 *** Gordfang s'est connecté
2014-10-03T16:43:35 <Gordfang> eh valcab33?
2014-10-03T16:44:21 <ValCab33> Oui
2014-10-03T16:45:12 <Gordfang> alors cet accueil des nouveaux?
2014-10-03T16:45:40 *** heuzef s'est connecté
2014-10-03T16:47:29 *** heuzef1 est parti
2014-10-03T16:48:28 <ValCab33> Je suis un peu occuppé en ce moment (plus le fait que j'apprenne a coder, ca m'absorbe completement), j'ai pas trop eu le temps d'y toucher, sorry :/
2014-10-03T16:48:50 <heuzef> Re
2014-10-03T16:48:59 *** flutterbrony s'est connecté
2014-10-03T16:49:19 <heuzef> ValCab33 la question est est-ce que tu veux toujours t'en occuper aussi ?
2014-10-03T16:49:25 <Gordfang> ok pas de soucis, si tu veut de l'aide tu peut me demender
2014-10-03T16:51:06 <ValCab33> @heuzef, oui bien sur, c'est juste que j'ai pas bcp le temps... et que j'oublie quand je l'ai.
2014-10-03T16:51:42 <heuzef> Je viens de jetter un oeil  http://lite4.framapad.org/p/k3N9wl3wG9
2014-10-03T16:52:07 <ValCab33> Je v'ai m'ecrire un postit avec marqué en gros "Faire l'acceuil des nouveaux" que je vais coller sur mon ordi.
2014-10-03T16:52:12 <heuzef> Je pense qu'il te manque une démarche d'analyse un peu plus approfondie
2014-10-03T16:52:36 <heuzef> Tu entame directement la réalisation d'un document explicatif ici
2014-10-03T16:52:53 <Gordfang> je lui est deja fait un petit rapporrt heuzef
2014-10-03T16:52:58 <heuzef> Mais est-tu certain que c'est ce dont nous avons besoin ici ?
2014-10-03T16:53:01 <Gordfang> tu l'as noté non valcab?
2014-10-03T16:53:01 <heuzef> Ha ?
2014-10-03T16:53:10 <Gordfang> ouai mais si tu veut dire des truc
2014-10-03T16:53:25 <Gordfang> je lui est aussi rappeler de rajouter les nom des "responsables"
2014-10-03T16:53:43 <heuzef> J'ai plutôt le sentiment qu'on grille des étape la
2014-10-03T16:53:56 <heuzef> Il faudrait d'abord ce poser la question de ce nous avons vraiment besoin
2014-10-03T16:54:22 <heuzef> Accueil des nouveau ça veux dire beaucoup de chose sinon
2014-10-03T16:55:29 <heuzef> Le besoin véritable besoin ici est : "Accueil et accompagnement complet d'un nouvel inscrit dans le collectif de manière optimal et automatique".
2014-10-03T16:56:12 <heuzef> A partir de la on peux essayer de développer et détailler ce besoin et si necessaire le transformer
2014-10-03T16:56:18 <Gordfang> faire un tru plus simple et cours du coup
2014-10-03T16:56:22 <heuzef> Ensuite seulement on va chercher des solution
2014-10-03T16:56:44 <heuzef> Et une fois qu'on est décidé, enfin on dévloppe et on met en place une solution
2014-10-03T16:56:54 <ValCab33> Ben je m'était basé sur ca: http://imgur.com/nfp0EXi
2014-10-03T16:56:55 <heuzef> La, de ce que je vois, c'est direct la dernière étape
2014-10-03T16:57:29 <heuzef> CF 13:41 justement
2014-10-03T16:58:12 <heuzef> Il te faut commencer par te poser la question "qu'est-ce que nous avons réellement besoin".
2014-10-03T16:58:40 <heuzef> Sinon on risque de partir dans une mauvaise direction et mettre en place un outil pour rien
2014-10-03T16:58:57 <heuzef> Ou pire, qui va amener de nouveau problème
2014-10-03T17:00:07 <heuzef> Compris ? Pas compris ?
2014-10-03T17:00:17 <Gordfang> comprit, cause all the problem!
2014-10-03T17:00:27 <ValCab33> Compris moyen
2014-10-03T17:00:35 <heuzef> Ok
2014-10-03T17:00:40 <Gordfang> :D
2014-10-03T17:00:46 <heuzef> Alors procède pour commencer à un CQQCOQP
2014-10-03T17:00:51 <heuzef> Pour dégrossir
2014-10-03T17:01:02 <ValCab33> Wat
2014-10-03T17:01:13 <heuzef> Comment ? Qui ? Quoi ? Où ? etc ...
2014-10-03T17:01:25 <heuzef> Ensuite tu détails
2014-10-03T17:03:21 *** adriens33 est parti
2014-10-03T17:09:40 <Gordfang> on l'a perdu
2014-10-03T17:12:56 <heuzef> http://lite4.framapad.org/p/k3N9wl3wG9
2014-10-03T17:13:12 <heuzef> Je viens de remplir une trame pour t'aider
2014-10-03T17:14:14 <heuzef> ValCab33: on va donc procéder en 3 étape
2014-10-03T17:14:27 <heuzef> 1) Analyse du problème
2014-10-03T17:14:27 <heuzef> 2)  Redaction d'un CDCF
2014-10-03T17:14:27 <heuzef> 3) Solution
2014-10-03T17:14:47 <ValCab33> J'ai vu je suis sur le pad la.
2014-10-03T17:14:49 <heuzef> Simple : interdiction de passer à 'étape solution avant d'avoir un CDCF
2014-10-03T17:14:53 <heuzef> Et pareil
2014-10-03T17:15:00 <heuzef> Pas de CDCF sans Analyse
2014-10-03T17:15:05 <heuzef> c'est impossible
2014-10-03T17:15:38 <heuzef> Donc on commence par le 1
2014-10-03T17:16:03 <ValCab33> C'est noté.
2014-10-03T17:16:29 <heuzef> Tu dégrossis la situation, pas besoin de trop détailler non plus, on est pas sur une vraie analyse fonctionnelle
2014-10-03T17:17:03 <heuzef> Une fois le CQQCOQP bien complet tu liste toutes les contraintes et élément externe
2014-10-03T17:17:15 <heuzef> Ici on parle donc du nouvel inscrit, du site, du membre actuel etc
2014-10-03T17:17:23 <heuzef> Il faut prendre tous ça en compte
2014-10-03T17:17:37 <heuzef> sinon tu risque d'oublier un truc super important
2014-10-03T17:18:06 <heuzef> par exemple, ta solution actuelle est t'elle compatible avec le site ?
2014-10-03T17:18:28 <heuzef> Tu peux pas le savoir si tu à pas eu cette demarche d'analyse en amont
2014-10-03T17:18:46 <heuzef> Il faut penser à tous
2014-10-03T17:19:12 <heuzef> Une fois que tu en sera la tu pourra donc mettre tous ça à plat : c'est la redaction d'un CDCF
2014-10-03T17:19:43 <heuzef> Le CDCF est le VRAIE besoin qui va permettre de trouver une solution
2014-10-03T17:20:06 <heuzef> C'est plus claire pour toi maintenant ?
2014-10-03T17:20:13 <ValCab33> Oui
2014-10-03T17:20:43 <heuzef> Nice
2014-10-03T17:21:26 <heuzef> Bon et une dernière chose, tiens nous au jus un peu, c'est toujours nous qui venons te harceler de question, alors que ça devrais être l'inverse logiquement ^^
2014-10-03T17:22:19 <Gordfang> faudrai lui donner la liste complete des responsable
2014-10-03T17:23:23 <heuzef> Ba j'espère plutot qu'il viendra nous la réclamer, c'est un point parmis tant d'autre
2014-10-03T17:23:33 <Gordfang> ^^
2014-10-03T17:24:18 <heuzef> J'ai la tête en compote
2014-10-03T17:24:34 <heuzef> j'ai passé la journée a faire des vérif de backup
2014-10-03T17:24:50 <heuzef> Fastidieux, bien content d'être en weekend
2014-10-03T17:25:15 <heuzef> j'ai un episode de naruto et south park au chaud
2014-10-03T17:25:25 <heuzef> va faire du bien tiens
2014-10-03T17:26:43 <heuzef> Au faite, j'ai jamais fait avant sur irc donc
2014-10-03T17:26:55 <heuzef> je me la pète avec mes statistiques de dinguo
2014-10-03T17:26:56 <heuzef> http://www.betaseries.com/membre/heuzef
2014-10-03T17:27:14 <heuzef> Objectif, rattraper Ragator, qui lui n'à pas de vie, donc difficile xD
2014-10-03T17:28:34 <Gordfang> squoi ca?
2014-10-03T17:29:12 <heuzef> Reseau social pour les sérievore
2014-10-03T17:29:42 <heuzef> Indispenssable si tu regarde des films & séries
2014-10-03T17:29:49 <Gordfang> (ou pas)
2014-10-03T17:29:56 <Gordfang> ok, j'ai vu qu'il y a mlp
2014-10-03T17:31:52 <Gordfang> et wakfu :3
2014-10-03T17:32:22 <Silou> :)
2014-10-03T17:32:53 <Gordfang> faut que je regarde ou il en sont d'ailleur avec la saison 3
2014-10-03T17:33:01 <Silou> De Wakfu ?
2014-10-03T17:33:30 <Gordfang> ui
2014-10-03T17:33:42 <Silou> Normalement il n'y en a pas
2014-10-03T17:33:47 <Silou> J'ai de mandé à Tot
2014-10-03T17:33:55 <Silou> Ils vont faire des mini films à la place
2014-10-03T17:34:01 <Gordfang> ouai de 45 minute
2014-10-03T17:34:07 <Gordfang> mais c'est ce que j'apelle saison 3 :D
2014-10-03T17:34:10 <heuzef> Mais ça va être une suite ou pas ?
2014-10-03T17:34:10 <Silou> Mouai x)
2014-10-03T17:34:14 <Gordfang> après il on était bien crownfunder aussi :D
2014-10-03T17:34:19 <Gordfang> oui une suite
2014-10-03T17:34:22 <heuzef> Tu m'étonne
2014-10-03T17:34:29 <Silou> Franchement c'est tellement con que ca se soit arreté
2014-10-03T17:34:33 <heuzef> J'ai pleurer à l'annonce
2014-10-03T17:34:34 <Silou> Cette série était géniale
2014-10-03T17:34:52 <Gordfang> il on demender 80k il on recu 500k
2014-10-03T17:35:11 <Silou> Wow
2014-10-03T17:35:24 <Silou> J'avais pas vu pour le crowfunding, c'est incroyable
2014-10-03T17:35:35 <Gordfang> il ont beaucoup de succes a l'étranger c'est impressionant
2014-10-03T17:35:46 <heuzef> Honnêtement j'été pas aux courrant
2014-10-03T17:35:52 <heuzef> mais j'aurais donné sans hésiter
2014-10-03T17:36:01 <heuzef> C'est une de mes série préféré
2014-10-03T17:36:14 <Silou> https://www.kickstarter.com/projects/1836563008/wakfu-the-animated-series
2014-10-03T17:36:28 <heuzef> <3
2014-10-03T17:36:47 <Gordfang> c'est vrai qu'elle est bien
2014-10-03T17:37:00 <Gordfang> faut que je me ramette quelque combat ^^
2014-10-03T17:37:09 <Gordfang> remate*
2014-10-03T17:41:50 <heuzef> Franchement c'est une giga bonne news
2014-10-03T17:42:18 <heuzef> Avec quasiment 500 K€ il vont enfin plus être géné par le fric
2014-10-03T17:42:30 <Gordfang> le MMMMMMMMMMMMMMMMMMPORG!
2014-10-03T17:42:33 <heuzef> Et sa marque le retour d'un des meilleur manga
2014-10-03T17:42:42 <heuzef> Français, s'il vous plaît
2014-10-03T17:42:49 <Silou> Mouai, je ne comprends pas trop perso pourquoi ils ont demandé un crowfunding
2014-10-03T17:43:14 <Berry-Punch> Voilà *hic* ce qu'il s'est passé ces 10 dernières lignes, adriens33
2014-10-03T17:43:16 <Silou> Ankama a plein de fric, ils vendent plein de produits dérivés de Wakfu, ils ont exporté la série dans le monde entier
2014-10-03T17:43:27 <Gordfang> la serie coute cher tiens :D
2014-10-03T17:43:38 <Gordfang> et justement elle était pas officiellement exporter dans le monde
2014-10-03T17:43:43 <Silou> Ouai mais demander 80k, c'est pas grand chouse pour eux
2014-10-03T17:43:45 <Gordfang> elle était traduite par des fan
2014-10-03T17:44:03 <Gordfang> et le crownfunding c'était justement pour exporter avec des sous titre officiel et si possible des voix anglaise
2014-10-03T17:44:16 <Gordfang> y a surement plusieur branche pour la serie animé
2014-10-03T17:44:53 *** Ikledoreboline s'est connecté
2014-10-03T17:44:55 <Ikledoreboline> Yup
2014-10-03T17:45:12 <Silou> plop
2014-10-03T17:45:37 <Ikledoreboline> Comment vous allez ?
2014-10-03T17:45:51 <adriens33> hello
2014-10-03T17:45:56 <Gordfang> bon aller moi je me casse de l'école a +
2014-10-03T17:45:59 <adriens33> (à toi et au reste, je viens darriver aussi)
2014-10-03T17:45:59 *** Gordfang est parti
2014-10-03T17:46:06 <adriens33> moi ça va pas trop mal
2014-10-03T17:46:08 <adriens33> et oti
2014-10-03T17:46:10 <adriens33> *toi
2014-10-03T17:47:18 <Ikledoreboline> + gord, moi, bien mais crevé, pas dormi de la nuit ^^'
2014-10-03T17:47:33 <heuzef> yo
2014-10-03T17:47:41 <adriens33> arf
2014-10-03T17:47:42 <heuzef> Ikledoreboline tu passe ce soir ?
2014-10-03T17:47:45 <adriens33> faut dormir la nuit. ^^
2014-10-03T17:48:26 <Ikledoreboline> Idk heuzef, demain il y à animasia, j'ai pas dormi cette nuit j'aimerais récupéré, puis si je peux avoir ma tenue, etc... la semaine prochaine ça sera mieux qu'un truc pas à ma taille. xD
2014-10-03T17:48:36 <heuzef> ;)
2014-10-03T17:49:04 <Ikledoreboline> adriens, je fais de l'insomnie, et quand il y à un truc que j'aime proche, je dors pas de la nuit, je me suis levé 7 fois toute les 10 minutes cette nuit j'ai pété un câble je me suis pas recouché. --'
2014-10-03T17:49:23 <Ikledoreboline> Cette nuit je sais pas si je vais la passer correctement u_u"
2014-10-03T17:49:39 <Ikledoreboline> Vais prendre 1 ou 2 somnifères ^^
2014-10-03T17:50:54 <flutterbrony> ah, toi non plus tu dors pas  ...
2014-10-03T17:51:08 <flutterbrony> bonsoir tout le monde [mode spy off]
2014-10-03T17:52:45 <Ikledoreboline> Bah, en général je dors 6-7h max, mais cette nuit rien du tout.
2014-10-03T17:53:03 <adriens33> 'soir flutterbrony
2014-10-03T17:54:04 <flutterbrony> moi, je me reveil entre 3H45 et 5H30
2014-10-03T17:54:13 <flutterbrony> tout le temps en sursaut
2014-10-03T17:54:37 <adriens33> ça doit être Silou, il est pas discret quand il fait ça aux gens qui dorment.
2014-10-03T17:54:49 <adriens33> eh eh >:)
2014-10-03T17:54:53 <Silou> xD
2014-10-03T17:55:50 <flutterbrony> C'est qui Silou ?
2014-10-03T17:55:58 <adriens33> un infiltré
2014-10-03T17:56:00 <adriens33> :p
2014-10-03T17:56:07 <adriens33> (il est breton si je ne m'abuse)
2014-10-03T17:56:11 * Silou se cache dans les bush
2014-10-03T17:56:20 <flutterbrony> x) C'est commande inconnue
2014-10-03T17:56:23 <adriens33> tu te caches dans Georges Busj ?
2014-10-03T17:56:25 <adriens33> zarb.
2014-10-03T17:56:27 <adriens33> *Bush
2014-10-03T17:57:07 <flutterbrony> je travaille sur un serveur ssh en parrallèle et je me suis planté d'endroit pour ma question ^^
2014-10-03T17:57:26 <adriens33> ok xD
2014-10-03T17:58:10 <flutterbrony> forcément, Debian ne doit pas connaître la commande "C'est qui Silou ?"
2014-10-03T17:58:19 <Silou> J'en doute x)
2014-10-03T17:58:21 <adriens33> xD
2014-10-03T17:58:23 <adriens33> ouais
2014-10-03T17:58:25 <adriens33> forcément.
2014-10-03T17:58:44 <flutterbrony> Et c'est là qu'il me met absolument tout sur lui x)
2014-10-03T17:58:48 <adriens33>  -bash: Silou: Commande inconnue
2014-10-03T17:59:56 <flutterbrony> J'essaie d'y installer wordpress là après avoir passé ma fin de journée a résoudre les problèmes d'un ami avec un problème sur des plugins wordpress ...
2014-10-03T18:04:53 <Silou> Quelqu'un connait Valentin Lorentz / ProgVal ?
2014-10-03T18:07:30 <adriens33> nnnope. cest qui ?
2014-10-03T18:07:38 <Silou> Jsais pas justement x)
2014-10-03T18:07:49 <Silou> Il a un domaine que j'ai essayé de choper hier :p
2014-10-03T18:07:54 <Silou> Il a été plus rapide que moi xD
2014-10-03T18:09:01 <Silou> http://t.co/QHYsblMJLw
2014-10-03T18:09:12 <Silou> Par contre il se sait peut etre pas pour le whois
2014-10-03T18:09:17 <Silou> (donc je l'ai tweeté)
2014-10-03T18:11:34 <Ikledoreboline> xd
2014-10-03T18:17:25 <adriens33> ah.
2014-10-03T18:17:27 <adriens33> ok.
2014-10-03T18:20:15 <Ikledoreboline> Aïe, une personne voulez changer la config de son pc pour faire tourner skyrim en ultra sauf que... Cette personne est sur ordinateur portable. XD
2014-10-03T18:20:23 <adriens33> AH AH AH
2014-10-03T18:20:27 <adriens33> pardon.
2014-10-03T18:20:35 <Ikledoreboline> T'inquiète même réaction x)
2014-10-03T18:20:45 <adriens33> "hmm je voudrais changer ma carte graphique, tu peux me mettre une GTX Titan black ?"
2014-10-03T18:20:50 <adriens33> "tas quoi comme pc ?"
2014-10-03T18:20:55 <adriens33> "un asus eeepc"
2014-10-03T18:20:58 <Ikledoreboline> xDDD
2014-10-03T18:21:00 <adriens33> t'imagines ? :p
2014-10-03T18:21:04 <adriens33> "heuuuuuuuuuuu"
2014-10-03T18:21:18 <Ikledoreboline> Bah, elle m'a envoyé sa config, je regarde tout, je vois pas la carte graphique actuel marqué.
2014-10-03T18:21:33 <Ikledoreboline> Et là je fais, c'est quoi ta carte graphique ? Et là je relis je vois: HP Pavilion 15 Notebook PC
2014-10-03T18:21:33 <adriens33> bah ça doit être un truc intégré dans le cpu, genre intel hd graphics
2014-10-03T18:21:34 <Ikledoreboline> xD
2014-10-03T18:21:38 <adriens33> Yurk
2014-10-03T18:21:41 <adriens33> Laptop HP
2014-10-03T18:21:43 <adriens33> ça pue
2014-10-03T18:21:47 <adriens33> çapu fort
2014-10-03T18:22:04 <Ikledoreboline> oui
2014-10-03T18:22:06 <Ikledoreboline> xD
2014-10-03T18:22:24 <adriens33> (j'en ai eu un, et au vu des centaines de retours que j'ai trouvé sur google c'est... )
2014-10-03T18:22:27 <adriens33> (bref)
2014-10-03T18:22:29 <Ikledoreboline> La personne à l'air un peu dégouté de se que je lui dit .-. mais j'y peux pas grand chose xD
2014-10-03T18:22:50 <adriens33> bah.... comment tu changes la carte graphique d'un pc dont la boite t'as quedal de place
2014-10-03T18:22:54 <adriens33> t'as pas de port pcie
2014-10-03T18:23:04 <adriens33> et ladite carte est pire que soudée
2014-10-03T18:23:12 <adriens33> elle est intégrée dans le circuit de la carte mère
2014-10-03T18:23:15 <adriens33> tu changes ça comment ? :p
2014-10-03T18:23:32 <adriens33> pour ça un laptop çaynul
2014-10-03T18:23:37 <adriens33> pour bosser loin de chez toi c'est iben
2014-10-03T18:23:50 <Ikledoreboline> Puis même, si tu démontes le pc ya plus de garantie ou autre.
2014-10-03T18:23:52 <adriens33> mais pour jouer et pour avoir un truc évolutif et qui dure longtempms c'est 0.
2014-10-03T18:24:13 <adriens33> (alors que le principe même d'un pc c'est que c'est Personnel donc tu dois pouvoir le démonter et changer ce qu'il y a dedans à l'envie)
2014-10-03T18:24:50 <Ikledoreboline> bah, un ordinateur portable c'est pas fait pour jouer logiquement donc bon. ^^
2014-10-03T18:24:57 <adriens33> bah voilà
2014-10-03T18:25:08 <adriens33> c'est pas fait pour être modulable et durable non plus. ^^
2014-10-03T18:25:18 <Ikledoreboline> J'allais l'écrire mais tu as été plus rapide ^^
2014-10-03T18:25:25 <adriens33> (ta femme te le dit souvent)
2014-10-03T18:26:06 <Ikledoreboline> ouais :3 elle à pas le temps de capter que...
2014-10-03T18:26:06 <Ikledoreboline> xD
2014-10-03T18:26:17 <adriens33> tais toi tu t'enfonces tout seul x
2014-10-03T18:26:19 <adriens33> *XD
2014-10-03T18:26:44 <Ikledoreboline> .-.
2014-10-03T18:29:37 <Ikledoreboline> https://fbcdn-sphotos-g-a.akamaihd.net/hphotos-ak-xfa1/v/t1.0-9/10378071_936169166411639_6923119161245733631_n.jpg?oh=8a342104e7e55e75a65b284c79c2b2d8&oe=54D01B92&__gda__=1422864804_b35fa50fe8d38452b0d55dec7f9c307d hé hé hé hé
2014-10-03T18:30:30 <Ikledoreboline> Mince il est pas là Leta je voulais lui link un lien :/
2014-10-03T18:30:42 <adriens33> ooohh c'est....
2014-10-03T18:30:43 <adriens33> triste..
2014-10-03T18:31:06 <Ikledoreboline> Ouais, il aurait aimé xD
2014-10-03T18:31:15 <adriens33> [voix d'Homer Simpson] *pleure en mangeant le burger* pauvre pauvre vache... snif... *mange un autre bout* pauvre cochon...
2014-10-03T18:31:29 <adriens33> ils sont tellement délicieux... snif
2014-10-03T18:31:44 <Ikledoreboline> je confirme :'(
2014-10-03T18:32:03 * Ikledoreboline mange un hamburger, NOM NOM NOM !
2014-10-03T18:32:04 <Ikledoreboline> xD
2014-10-03T18:32:08 <adriens33> :é:é
2014-10-03T18:32:09 <adriens33> * héhé
2014-10-03T18:32:32 <adriens33> Pourquoi je suis pas voice ? oO
2014-10-03T18:32:34 <Berry-Punch> Flags de *hic* adriens33 modifiés : +v
2014-10-03T18:32:34 <adriens33> !voice adriens33
2014-10-03T18:32:41 <adriens33> Berry faudra que t'arrêtes de boire.
2014-10-03T18:32:45 <adriens33> tu bois trop !!
2014-10-03T18:32:45 <Berry-Punch> Non, *hic* c'est même pas vrai d'abord !
2014-10-03T18:32:48 <adriens33> si ><
2014-10-03T18:33:37 <flutterbrony> XD
2014-10-03T18:33:40 <Ikledoreboline> idk, je me suis posé la même question.
2014-10-03T18:34:00 <Ikledoreboline> Mon dieu .-.
2014-10-03T18:34:17 <adriens33> oui ? pourquoi tu m'invoques ? :p
2014-10-03T18:35:04 <Ikledoreboline> Non, NON, c'est moi qui dit ça hey, stop prendre mes phrases cultes ! xD
2014-10-03T18:35:14 <adriens33> héhé >:)
2014-10-03T18:35:27 <adriens33> je fais ce que je veux, ici dieu c'est moi nanmého ><
2014-10-03T18:36:07 <Ikledoreboline> https://www.filepicker.io/api/file/sBCZIRHCSiR7B4qmiuaz nop.
2014-10-03T18:36:34 <adriens33> onparie ? à coup de kick ? :p
2014-10-03T18:36:53 <Ikledoreboline> Tricheur :p
2014-10-03T18:36:57 <adriens33> je triche pas.
2014-10-03T18:37:03 <adriens33> j'utilise mes pouvoirs. ^^
2014-10-03T18:37:31 <Berry-Punch> Je suis désolé *hic* Ikledoreboline, mais je n'ai pas le droit de te laisser faire ça.
2014-10-03T18:37:31 <Ikledoreboline> !kick adriens33
2014-10-03T18:37:34 <Ikledoreboline> annnw. XD
2014-10-03T18:37:35 <adriens33> AH AH AH
2014-10-03T18:37:43 <adriens33> (fais gaffe, elle s'énerve vite:p
2014-10-03T18:37:44 <adriens33> )
2014-10-03T18:37:49 <Ikledoreboline> Je sais .-.
2014-10-03T18:37:49 <adriens33> (si tu recommences)
2014-10-03T18:38:01 <adriens33> ça sent le vécu. XD
2014-10-03T18:38:02 <Ikledoreboline> La dernière fois je sais plus qui l'a fait, il à faillit se faire violer. XD
2014-10-03T18:38:11 <adriens33> bah au bout de trois fois elle te kick.
2014-10-03T18:38:17 <adriens33> c'tout. ^^
2014-10-03T18:38:25 <Ikledoreboline> =p
2014-10-03T18:38:43 *** __adriens33__ s'est connecté
2014-10-03T18:38:48 <__adriens33__> keukou
2014-10-03T18:38:57 <Berry-Punch> Je suis désolé __adriens33__, mais je n'ai pas le droit de te *hic* laisser faire ça.
2014-10-03T18:38:57 <__adriens33__> !kick
2014-10-03T18:39:07 <Berry-Punch> N'insiste pas, s'il *hic* te plaît, __adriens33__…
2014-10-03T18:39:07 <__adriens33__> !kick
2014-10-03T18:39:19 <Berry-Punch> Bon. __adriens33__, prochaine tentative, je te vire. *hic* OKAY ??
2014-10-03T18:39:19 <__adriens33__> !kick
2014-10-03T18:39:25 <Ikledoreboline> .-.
2014-10-03T18:39:31 <Berry-Punch> PRIVMSG #bronycub: Désolé, je t'avais prévenu *hic* __adriens33__ .
2014-10-03T18:39:31 <__adriens33__> !kick Ikledoreboline
2014-10-03T18:39:35 <Silou> lol
2014-10-03T18:39:39 <Ikledoreboline> xD
2014-10-03T18:39:41 *** __adriens33__ s'est connecté
2014-10-03T18:39:41 <flutterbrony> ^^
2014-10-03T18:39:50 <__adriens33__> Démo gratuite :p
2014-10-03T18:40:03 <Ikledoreboline> Encore heureux que c'est gratuit non mais ho !
2014-10-03T18:40:19 <__adriens33__> Nan, en fait faut payer. ._. c'est 200€
2014-10-03T18:40:35 * Berry-Punch lance un muffin sur __adriens33__ à 468 km/h
2014-10-03T18:40:42 <Ikledoreboline> Mon nom c'est Jean Henry Michel .-.
2014-10-03T18:40:53 <__adriens33__> Lawl c'est lent (ctb)
2014-10-03T18:41:17 <Ikledoreboline> clt
2014-10-03T18:41:17 <adriens33> !kick __adriens33__ Bouuuum
2014-10-03T18:41:26 <Ikledoreboline> dat motif
2014-10-03T18:41:42 <flutterbrony> J'adore ce motif ^^
2014-10-03T18:41:52 <adriens33> héhé
2014-10-03T18:42:15 <flutterbrony> kick Berry-Punch, c'est possible ? :p
2014-10-03T18:42:30 <adriens33> heuu normalement j'ai mis une protection.
2014-10-03T18:42:40 <adriens33> mais de toute façon tu peux pas essayer donc j'm'en fous :p
2014-10-03T18:42:49 <flutterbrony> je sais xp
2014-10-03T18:42:52 <adriens33> héhé
2014-10-03T18:43:44 <flutterbrony> et si j'essaye de lui demander de se kicker, elle s'énerve comme tout a l'heure ou t'as prévu autre chose ?
2014-10-03T18:44:05 <adriens33> bah elle repart depuis la première réplique une fois qu'elle t'a kick. ^^
2014-10-03T18:44:17 <adriens33> donc elle t'enverra juste chier
2014-10-03T18:44:25 <adriens33> puis elle te kickera
2014-10-03T18:44:26 <adriens33> etc
2014-10-03T18:45:19 <flutterbrony> par contre, ca ca m'énerve ... http://37.187.107.63/wp/wp-admin/install.php
2014-10-03T18:45:31 <adriens33> c'est un dédié ?
2014-10-03T18:45:32 <Ikledoreboline> Dit donc
2014-10-03T18:45:34 <Ikledoreboline> ça marche bien ! xD
2014-10-03T18:45:37 <flutterbrony> je galère avec ca depuis tout a l'heure
2014-10-03T18:45:39 <flutterbrony> oui
2014-10-03T18:45:44 <adriens33> t'as installé php ?
2014-10-03T18:46:01 <flutterbrony> oui
2014-10-03T18:46:01 <adriens33> si c'est apache t'as bien pensé à le conf pour qu'il reconnaisse les pages en php ?
2014-10-03T18:46:07 <flutterbrony> aussi
2014-10-03T18:46:10 <adriens33> bah....
2014-10-03T18:46:19 <adriens33> apparemment non. ^^'
2014-10-03T18:46:31 <flutterbrony> d'après cette page ...
2014-10-03T18:46:43 <adriens33> bah y'a même les balises <?php donc il est même pas interprété.
2014-10-03T18:47:28 <Ikledoreboline> ctb
2014-10-03T18:47:50 <adriens33> heu.. nan
2014-10-03T18:47:53 <adriens33> nan ça marche pas.
2014-10-03T18:48:00 <adriens33> une bite ça s'interprète pas .___.
2014-10-03T18:48:09 <adriens33> fail XD
2014-10-03T18:48:11 <Ikledoreboline> Bah... Si t'as une tête de gland.. SI.
2014-10-03T18:48:11 <Ikledoreboline> XD
2014-10-03T18:48:14 <adriens33> nan
2014-10-03T18:48:18 <adriens33> désolé c'est pourri
2014-10-03T18:48:23 <Ikledoreboline> Ouais je sais.
2014-10-03T18:48:24 <adriens33> théoriquement ça mérite un kick
2014-10-03T18:48:28 <Ikledoreboline> Syndrome de la mauvaise blague.
2014-10-03T18:48:43 <flutterbrony> Tu peux faire mieux, j'en suis sur
2014-10-03T18:48:49 <adriens33> (ta femme te le dit souvent)
2014-10-03T18:48:59 <adriens33> là ça marche.
2014-10-03T18:49:01 <adriens33> là y'a respect.
2014-10-03T18:49:04 <adriens33> voilà. :p
2014-10-03T18:49:25 <Ikledoreboline> Ouais je peux faire mieux, mais j'ai la flemme et le cerveau et en compote un peu comme adriens quand il se touche trop la nouille.
2014-10-03T18:49:28 <Ikledoreboline> .-.
2014-10-03T18:49:57 <flutterbrony> Je pense que je vais faire une réinstallation du serveur et tout reprendre a 0 ...
2014-10-03T18:50:32 <adriens33> Ikledoreboline: je te l'permets pas gamin. nanmého ><
2014-10-03T18:50:40 <adriens33> flutterbrony: heu... c't'un peu excessif.
2014-10-03T18:50:45 <adriens33> si tu regardais le log d'apache déjà :p
2014-10-03T18:50:46 <adriens33> ?
2014-10-03T18:50:49 <Ikledoreboline> Tu sais qu'est-ce qu'il te dit le gamin è_é
2014-10-03T18:51:03 <adriens33> Ikledoreboline: que tu veux ta tétine ? :p
2014-10-03T18:51:23 <adriens33> viens voir papa, il en a une grosse o/
2014-10-03T18:51:25 <adriens33> (oups
2014-10-03T18:51:30 <adriens33> pourquoi j'ai fait entrée .____.)
2014-10-03T18:51:35 <adriens33> oups
2014-10-03T18:51:35 <adriens33> oups
2014-10-03T18:51:36 <adriens33> oups
2014-10-03T18:51:39 <adriens33> zut
2014-10-03T18:51:44 <adriens33> aha
2014-10-03T18:51:45 <Ikledoreboline> Nan, il va t'envoyer faire le trottoir comme une catain !
2014-10-03T18:51:47 <flutterbrony> Mais ca m'énerve de galèrer là-dessus puis de toute façon il n'y a rien et ...
2014-10-03T18:52:10 <adriens33> Ikledoreboline: hmm.. je voudrais bien voir ça.
2014-10-03T18:52:11 <adriens33> :p
2014-10-03T18:52:23 <adriens33> flutterbrony:et.. ? illumination ? :p
2014-10-03T18:52:30 <flutterbrony> et je vois ca : root@ns326350:/#
2014-10-03T18:53:10 <flutterbrony> alors que j'étais sûr d'avoir bloqué le login root et de mêtre connecté sous un autre nom ...
2014-10-03T18:53:43 <adriens33> ptet t'es pas sur le bon serveur ?
2014-10-03T18:54:01 <adriens33> (et là t'as pété le serveur d'un pauvre mec lambda qu'a rien demandé à personne... xD)
2014-10-03T18:54:15 <flutterbrony> c'est Berry-Punch qui m'a forcé a boire pour me faire oublier que j'ai bu
2014-10-03T18:54:23 <adriens33> ooookkayy..
2014-10-03T18:54:29 <flutterbrony> ah ? bah, je vais faire rm-f / alors
2014-10-03T18:54:37 <adriens33> y'a mieux
2014-10-03T18:54:37 <flutterbrony> rm -f/
2014-10-03T18:54:41 <flutterbrony> rm -f /
2014-10-03T18:54:42 <adriens33> dd if=/dev/zero of=/dev/sda
2014-10-03T18:54:47 <flutterbrony> j'y arrive ^^
2014-10-03T18:54:48 <adriens33> ça marche même si t'es pas root
2014-10-03T18:54:54 <adriens33> tant que t'as un acces en écriture au disque
2014-10-03T18:54:58 <adriens33> et ça pardonne moins que rm
2014-10-03T18:55:04 <adriens33> rm laisse les fichiers, il les unlink
2014-10-03T18:55:09 <adriens33> dd vide le disque o/.
2014-10-03T18:55:14 <flutterbrony> Ouqi, je sais j'ai testé
2014-10-03T18:55:27 <adriens33> donc si tu veux faire une crasse à quelqu'un .... ^^
2014-10-03T18:55:37 <flutterbrony> rm -f /
2014-10-03T18:55:41 <adriens33> rm -rf /*
2014-10-03T18:55:44 <flutterbrony> par contre ca marche pas sur les mac
2014-10-03T18:55:53 <flutterbrony> j'ai testé sur le mac d'un pote aussi
2014-10-03T18:55:55 <adriens33> sans le -r ça parcourt pas les sous dossiers
2014-10-03T18:56:10 <adriens33> et usr mac ça marche comme sur n'importe quel unix si t'e en root.
2014-10-03T18:56:15 <adriens33> mais c'est rm -rf
2014-10-03T18:56:18 <adriens33> pas rm -f
2014-10-03T18:56:44 <flutterbrony> Je lui ai fait tu peux me prêter ton pc pour tester quelque chose ?
2014-10-03T18:56:45 *** TrappyTickles est parti
2014-10-03T18:56:49 <adriens33> héhé
2014-10-03T18:56:52 <adriens33> l'enflure :p
2014-10-03T18:57:02 <flutterbrony> et il m'a fait : "j'ai pas de pc, par contre j'ai un mac"
2014-10-03T18:57:07 <adriens33> bah
2014-10-03T18:57:09 <adriens33> s'il a un mac
2014-10-03T18:57:12 <adriens33> techniqmenet c't'un pc
2014-10-03T18:57:14 <adriens33> proco intel
2014-10-03T18:57:19 <adriens33> architecture x86
2014-10-03T18:57:21 <adriens33> ram ddr
2014-10-03T18:57:26 <adriens33> disque dur en sata
2014-10-03T18:57:27 *** TrappyTickles s'est connecté
2014-10-03T18:57:31 <flutterbrony> C'est juste un peu la même chose ^^ mais, je lui ai emprunté pour tester
2014-10-03T18:57:32 <adriens33> carte graphique ati ou nvidia
2014-10-03T18:57:36 <adriens33> c'est un pc.
2014-10-03T18:57:39 <adriens33> avec mac os x dessus.
2014-10-03T18:57:46 <adriens33> (c'est le principe des hackintosh d'ailleurs)
2014-10-03T18:57:51 <flutterbrony> le prochaine fois, je testerais avec rm -rf alors
2014-10-03T18:57:55 <adriens33> ^^
2014-10-03T18:58:15 <adriens33> bah sous gnu/linux, ou n'importe quel unix, si tu fais rm -rf /* en root ça delete tout ce qui est monté. ^^
2014-10-03T18:58:26 <adriens33> (si t'es pas root t'as des souci de permissions)
2014-10-03T18:58:41 <adriens33> (et sans le --recursive forcément il parcourt pas les sous dossiers)
2014-10-03T18:58:54 <flutterbrony> je lui demanderais son mot de passe pour me passer en root alors ^^
2014-10-03T18:58:57 <adriens33> ^^
2014-10-03T19:01:31 *** heuzef est parti
2014-10-03T19:03:29 <flutterbrony> Bon, je vais voir pour mon serveur mais bon ...
2014-10-03T19:06:34 <flutterbrony> je pense quand même tout réinstaller pour repartir a zero et en profiter pour virer ... bah rien a part apache, mysql, php, QT5.2 (ne me demande pas ce qu'il fait là), fail2ban etc ... (en fait, il y as pas mal mine de rien)
2014-10-03T19:11:05 *** Shinsaber s'est connecté
2014-10-03T19:12:51 <Shinsaber> salut
2014-10-03T19:13:08 <flutterbrony> ah salut shinsaber
2014-10-03T19:14:26 <adriens33> hello
2014-10-03T19:14:33 <Shinsaber> près pour l'animasia ??
2014-10-03T19:14:53 <flutterbrony> moi oui
2014-10-03T19:15:19 <flutterbrony> enfin, faut encore que je retrouve mon billet mais bon, il seras là le jour j
2014-10-03T19:15:57 <MaCharon> vous me trouverez déguisé en chat :3
2014-10-03T19:16:26 <Shinsaber> j'ai perdu mon attache pour accrocher ma peluche pinkie pie T-T
2014-10-03T19:19:22 <flutterbrony> ah j'aime ca ^^ : http://hpics.li/42d006f
2014-10-03T19:21:19 *** Yvan33 s'est connecté
2014-10-03T19:21:37 <Yvan33> C'est moi ou c'est animé la veille de l'animazia?
2014-10-03T19:23:46 *** flutterbrony est parti
2014-10-03T19:33:48 <Yvan33> Ah non c'est juste moi
2014-10-03T19:37:59 *** Yvan33 est parti
2014-10-03T19:39:35 *** Bybeez s'est connecté
2014-10-03T19:39:46 <Bybeez> Wesh, les patates !
2014-10-03T19:39:52 <Bybeez> Bien ou bien !
2014-10-03T19:39:54 <TrappyTickles> tiens, ma femme a vu des gourdes mlp à claire's, pratique pour demain, ça :p
2014-10-03T19:40:21 <Bybeez> Mon T-shirt derpy est pas lavé je suis la tristesse !! (je l'aurais dimanche j'espère)
2014-10-03T19:40:21 * Berry-Punch Donne un verre de bière à Bybeez
2014-10-03T19:40:22 <Berry-Punch> Tiens Bybeez, pour te *hic* consoler :)
2014-10-03T19:40:34 <Bybeez> Merci Berry !
2014-10-03T19:40:35 <Berry-Punch> De rien Bybeez :) *hic* 
2014-10-03T19:48:11 <Bybeez> https://www.youtube.com/watch?v=crHqgShbhbQ#t=150
2014-10-03T19:48:17 <Bybeez> trop d'amouvance
2014-10-03T19:48:24 <Bybeez> *emouvance
2014-10-03T19:49:59 <Shinsaber> waaa pas de pitier pour mes timpant
2014-10-03T19:50:12 <adriens33> ^^
2014-10-03T19:50:18 <Shinsaber> je sais pas écrir la franse
2014-10-03T19:50:20 <adriens33> pauvres tympans..
2014-10-03T19:50:26 <Bybeez> Xd
2014-10-03T19:50:28 <adriens33> attention aux grammar  nazis :p
2014-10-03T19:50:38 <Bybeez> Mais ses paroles sont magnifiques !
2014-10-03T19:50:50 <Shinsaber> j'ai pas fais atention ^^
2014-10-03T19:50:55 <Bybeez> Elle dit tout fort ce que chacun de nous pense en secret
2014-10-03T19:51:33 <Shinsaber> perso je préfaire le font décrant que j'ai mis pour les cours : http://skyshek.deviantart.com/art/mlp-Human-summer-476689383
2014-10-03T19:51:41 *** __gramarnazi__ s'est connecté
2014-10-03T19:51:57 <__gramarnazi__> Arch! Bonchoure
2014-10-03T19:52:14 <Bybeez> Guten tag ! Whie geht es dir ?
2014-10-03T19:52:19 <Bybeez> Wie*
2014-10-03T19:52:19 <Shinsaber> Bonchoure lami !
2014-10-03T19:52:20 <__gramarnazi__> *préfère *d'écran
2014-10-03T19:52:41 <__gramarnazi__> Bybeez: Che parle pas allemand, che fais juste semblant
2014-10-03T19:52:58 <Bybeez> je me doute ^^
2014-10-03T19:53:10 <Shinsaber> bonne chochise
2014-10-03T19:53:10 <__gramarnazi__> Héhé
2014-10-03T19:53:27 <__gramarnazi__> *chauchiche
2014-10-03T19:53:36 <Bybeez> Arh, October Fest !
2014-10-03T19:53:45 <Shinsaber> XD
2014-10-03T19:53:47 <__gramarnazi__> Arh, bonne bière !
2014-10-03T19:53:47 <Berry-Punch> Tu en as pour moi __gramarnazi__ ? *hic* 
2014-10-03T19:53:48 <Ikledoreboline> Re, j'ai voulu mettre Hitler dans mon pseudo ça voulait pas .-.
2014-10-03T19:53:54 <adriens33> XD
2014-10-03T19:53:59 <Bybeez> Xd
2014-10-03T19:54:13 <adriens33> merde t'as raison en plus oO
2014-10-03T19:54:17 <IkledoHimler> .-. XD
2014-10-03T19:54:19 <adriens33> ça veut pas XD
2014-10-03T19:54:23 <adriens33> Lawlz
2014-10-03T19:54:26 <adriens33> je vais cheat
2014-10-03T19:54:26 <Bybeez> Ich bin ein klei kartofel !
2014-10-03T19:54:32 <Bybeez> Kleine*
2014-10-03T19:54:35 <IkledoHimler> Ich bin grosse choucroute !
2014-10-03T19:54:43 <Bybeez> XD
2014-10-03T19:54:46 <_h1tl3r_> Chaime le l33t
2014-10-03T19:54:51 <IkledoHimler> x3
2014-10-03T19:55:04 <adriens33> Ikle: nice ta modif de pseudo :3
2014-10-03T19:55:18 <Ikledoreboline> Toujours trouvé que ce pseudo avait une allure allemande !
2014-10-03T19:55:35 <_GramarNazi_> Parce qu'il est super long et imbitable :p
2014-10-03T19:55:50 <adriens33> AH AH AH
2014-10-03T19:55:50 <_GramarJew_> Désolé
2014-10-03T19:55:53 <Ikledoreboline> xD
2014-10-03T19:56:13 <_GramarOven_> point godwiiiin
2014-10-03T19:56:17 <Ikledoreboline> bref j'afk 15 minutes, faut que je mange .-.
2014-10-03T19:56:21 <_GramarJew_> Its super effective
2014-10-03T19:56:24 <adriens33> ^^
2014-10-03T19:56:50 <_GramarNazi_> _GramarJew_:*it's
2014-10-03T19:57:12 <_GramarNazi_> Bybeez:rhâ tu fais chier à changer de pseudo si vite :p
2014-10-03T19:57:30 <Bybeez> Arrr Arrrr Arhh !
2014-10-03T19:58:40 <shnisabre> plus de faute XD
2014-10-03T19:58:46 <Bybeez> https://www.youtube.com/watch?v=2yVRYN7zrws
2014-10-03T19:58:50 <_GramarNazi_> shnisabre:*fautes
2014-10-03T19:58:55 <Bybeez> Ma vie est complète a présent
2014-10-03T19:58:59 <_GramarNazi_> shnisabre:*shinsaber
2014-10-03T19:59:12 <shnisabre> pluse de fôte
2014-10-03T19:59:14 <_GramarNazi_> Bybeez: *à
2014-10-03T19:59:28 <_GramarNazi_> shnisabre:*fautes
2014-10-03T19:59:59 <GramarNazi> Mieux sans les _
2014-10-03T20:00:05 <Bybeez> 2 tte fasson jaicry bi1 o liçé donk cé bon
2014-10-03T20:00:17 <GramarNazi> Je m'incline.
2014-10-03T20:00:49 * GramarNazi test
2014-10-03T20:00:55 <GramarNazi> yay
2014-10-03T20:01:01 * shnisabre tust
2014-10-03T20:01:18 * GramarNazi prend le portable de Bybeez
2014-10-03T20:01:29 <GramarNazi> Pas de téléphone en cours arh ja !
2014-10-03T20:02:04 * Bybeez récupère son téléphone céllulaire
2014-10-03T20:02:17 <GramarNazi> *cellulaire
2014-10-03T20:02:20 <GramarNazi> pas de é
2014-10-03T20:02:35 * GramarNazi le reprend et le brûle
2014-10-03T20:02:47 * Berry-Punch lance un muffin sur GramarNazi à 1526 km/h
2014-10-03T20:02:47 <Berry-Punch> MUFFIN RAINBOOM !! *hic* 
2014-10-03T20:02:47 <Bybeez> !muffin GramarNazi
2014-10-03T20:02:52 <shnisabre> roooo je voulais faire une blague de dev mais je peus pas mètre !GramarNazi comme psedo TT
2014-10-03T20:02:56 * GramarNazi l'évite
2014-10-03T20:03:07 <GramarNazi> Ah AH ah :p
2014-10-03T20:03:10 <GramarNazi> C'est con
2014-10-03T20:03:12 <Bybeez> *Lévite
2014-10-03T20:03:22 <GramarNazi> *l'évite
2014-10-03T20:03:28 <GramarNazi> du verbe éviter
2014-10-03T20:03:30 <Bybeez> *lévite
2014-10-03T20:03:32 <GramarNazi> Ce que ta femme te fait souvent
2014-10-03T20:03:36 <shnisabre> laivite*
2014-10-03T20:03:42 <GramarNazi> *laite vite
2014-10-03T20:03:43 <Bybeez> du verbe léviter
2014-10-03T20:03:50 <GramarNazi> (pardon :p)
2014-10-03T20:04:04 <shnisabre> laitre vide*
2014-10-03T20:04:13 <GramarNazi> C'est toi qu'est vide :3
2014-10-03T20:04:28 <shnisabre> XD
2014-10-03T20:04:37 <GramarNazi> Lawlz
2014-10-03T20:04:52 <Bybeez> Je vais nom nom nom
2014-10-03T20:04:57 <Bybeez> a toute
2014-10-03T20:05:03 <shnisabre> ++
2014-10-03T20:05:33 <GramarNazi> Bon appétit Bybeez_NomNomNom (quel pseudo chiant ><)
2014-10-03T20:06:23 <GramarNazi> Tiens ça parle pu trop. quelqu'un pour troller ? :p
2014-10-03T20:06:29 <GramarNazi> *plus
2014-10-03T20:06:34 <shnisabre> bon moi il va falloir que je rentre chez moi quant même ^^
2014-10-03T20:06:42 <GramarNazi> pourquoi t'es pas chez toi ?
2014-10-03T20:07:08 <shnisabre> nn je suis en mod scouat chez mathias
2014-10-03T20:07:13 <GramarNazi> ah xD
2014-10-03T20:07:29 <GramarNazi> *mode
2014-10-03T20:07:35 <GramarNazi> *squat
2014-10-03T20:07:42 <GramarNazi> xD
2014-10-03T20:07:43 <GramarJew> J'ai enfin mon argent pour Animasia !
2014-10-03T20:07:48 <GramarNazi> Ben... tant mieux.
2014-10-03T20:07:57 <shnisabre> son apart a une meilleur connexion XD
2014-10-03T20:08:15 <GramarNazi> Bah avec de la fibre.. ^^
2014-10-03T20:08:19 <Bybeez_OmNomNom> (il y a une blague raciste sur les juifs dans les messages précédents)
2014-10-03T20:08:27 <GramarNazi> ...
2014-10-03T20:08:34 <GramarNazi> j'avais pas fait gaff.
2014-10-03T20:08:53 <GramarNazi> (il a mis juif dans son pseudo pour parler d'argent pour les lents)
2014-10-03T20:09:00 <GramarNazi> *gaffe
2014-10-03T20:09:02 <shnisabre> Glass : http://skyshek.deviantart.com/art/MLP-Rainbow-Human-Waiter-and-Rarity-icecream-374788931
2014-10-03T20:10:26 <Berry-Punch> Voilà *hic* ce qu'il s'est passé ces 10 dernières lignes, arthur33
2014-10-03T20:10:27 *** arthur33 s'est connecté
2014-10-03T20:10:33 <Berry-Punch> Je suis désolé arthur33, mais je n'ai *hic* pas le droit de te laisser faire ça.
2014-10-03T20:10:33 <arthur33> !deop
2014-10-03T20:10:37 <Berry-Punch> N'insiste pas, s'il *hic* te plaît, arthur33…
2014-10-03T20:10:37 <arthur33> !deop arthur33
2014-10-03T20:10:42 <arthur33> mais la ferme ><
2014-10-03T20:10:48 <Berry-Punch> Flags de arthur33 modifiés : *hic* -o
2014-10-03T20:10:48 <adriens33> !deop arthur33
2014-10-03T20:10:55 <Berry-Punch> Flags de *hic* arthur33 modifiés : +v
2014-10-03T20:10:55 <adriens33> !voice arthur33
2014-10-03T20:11:03 <Berry-Punch> Flags de GramarNazi *hic* modifiés : +v
2014-10-03T20:11:03 <adriens33> !voice GramarNazi
2014-10-03T20:11:07 <GramarNazi> merci
2014-10-03T20:11:19 <shnisabre> comment quitter un irc, se faire kick : http://skyshek.deviantart.com/art/MLP-Rarity-Human-BunnyGirl-and-Twilight-Cocktail-375048880
2014-10-03T20:11:31 <adriens33> ^^
2014-10-03T20:11:59 <shnisabre> bon sur ce je vous abandonne ^^
2014-10-03T20:12:03 <_Fred_> ok
2014-10-03T20:12:03 <shnisabre> a plus
2014-10-03T20:12:05 <_Fred_> ++
2014-10-03T20:12:07 *** _Fred_ est parti
2014-10-03T20:12:12 *** shnisabre est parti
2014-10-03T20:12:34 *** __fred__ s'est connecté
2014-10-03T20:12:53 <__fred__> hmm... non chanserv. t'es gentil mais non. XD
2014-10-03T20:13:07 <Berry-Punch> Flags *hic* de __fred__ modifiés : +v
2014-10-03T20:13:07 <adriens33> !voice __fred__
2014-10-03T20:13:49 <GramarNazi> Bon je go, ça me fait trop de clients. xD
2014-10-03T20:14:05 *** GramarNazi est parti
2014-10-03T20:14:39 <adriens33> sinon les autres gens, quoi de neuf ?
2014-10-03T20:16:00 <__fred__> tiens, petite question: qui ici ne vas *pas* à l'animasia ? :p
2014-10-03T20:16:30 <Ikledoreboline> o/ et qui y va x'3
2014-10-03T20:16:38 <adriens33> bah moi j'y vai
2014-10-03T20:16:40 <adriens33> *vais
2014-10-03T20:16:52 <Ikledoreboline> me too
2014-10-03T20:17:05 <__fred__> les autres dorment.^^
2014-10-03T20:17:10 <adriens33> ouais sans doute xD
2014-10-03T20:21:56 *** flutterbrony s'est connecté
2014-10-03T20:22:00 <adriens33> hello
2014-10-03T20:22:12 <flutterbrony> re
2014-10-03T20:22:25 <Ikledoreboline> Leta il y va
2014-10-03T20:22:30 <Ikledoreboline> Heuzef que le Dimanche
2014-10-03T20:22:38 <adriens33> okay
2014-10-03T20:22:40 <Ikledoreboline> Si j'ai bien compris pour Leta en tout cas ^^
2014-10-03T20:22:45 <flutterbrony> au faite pour l'animasia de demain, on vas toujours se donner rendez-vous ?
2014-10-03T20:22:54 <Ikledoreboline> macharon sera là samedi sur, et dimanche idk
2014-10-03T20:23:09 <Ikledoreboline> Moi je suis ok, mais faudrait trouver un lieu de rendez-vous ^^
2014-10-03T20:24:30 <flutterbrony> Bon au pire qui y vas les 2 jours ? qui y vas un jour et lequel ? et qui n'y vas pas ?
2014-10-03T20:25:29 <adriens33> moi j'y serais les deux jours normalement, mais pas toute la journée
2014-10-03T20:26:06 <Ikledoreboline> les 2 toute la journée perso
2014-10-03T20:26:09 <flutterbrony> moi aussi, j'y serais les 2 jours normalement
2014-10-03T20:26:19 <flutterbrony> et j'espere toute la journée
2014-10-03T20:27:04 <Ikledoreboline> ça se termine à 19-20h si je n'mabuse ?
2014-10-03T20:27:38 <flutterbrony> 22H au plus tard
2014-10-03T20:27:48 <flutterbrony> http://animasia.org/wp-content/uploads/2014/10/progsamedi.fw_.png
2014-10-03T20:28:17 <flutterbrony> http://animasia.org/wp-content/uploads/2014/10/progdimanche02.fw_.png
2014-10-03T20:31:51 <Ikledoreboline> *o*
2014-10-03T20:31:53 <Ikledoreboline> niquel. XD
2014-10-03T20:36:13 *** flutterbrony est parti
2014-10-03T20:41:36 <Bybeez_OmNomNom> Moi animasia j'y serai de 10h a 22h et de 10h a 18h !
2014-10-03T20:41:49 <Ikledoreboline> ^^
2014-10-03T20:41:55 <adriens33> donc entre 10h et 18h tu seras deux
2014-10-03T20:42:01 <adriens33> et a 18h tu pars et tu reste.
2014-10-03T20:42:08 <adriens33> et tu pars ensuite aussi à 22h.
2014-10-03T20:42:11 <adriens33> j'ai bon ? :p
2014-10-03T20:42:14 <Bybeez> Exactement
2014-10-03T20:42:25 <Bybeez> C'est mieux pour visiter d'être deux moi même
2014-10-03T20:42:29 <adriens33> ^^
2014-10-03T20:42:35 <adriens33> t'as bien raison.
2014-10-03T20:42:41 * adriens33 s'en va en tardis pour faire de même
2014-10-03T20:43:05 *** __fred__ est parti
2014-10-03T20:43:15 * Ikledoreboline regarde le double partir.
2014-10-03T20:43:21 <adriens33> shit
2014-10-03T20:43:40 <adriens33> pourquoi j'ai foutu mon nom dans les paramètres T.T
2014-10-03T20:45:44 <Bybeez> Idée de fou ! Le bruit du Tardis quand je reçois un SMS
2014-10-03T20:46:01 <Ikledoreboline> hum..
2014-10-03T20:46:02 <adriens33> y'en a un qui l'a déjà fait il me semble
2014-10-03T20:46:06 <Ikledoreboline> nan. xD
2014-10-03T20:46:14 <Bybeez> Et alors !
2014-10-03T20:46:40 <Bybeez> Si j'invote une sorte de brosse a dent mais pour les cheveux bah ce sera quand même mon invention !
2014-10-03T20:46:47 <Bybeez> *j'invente
2014-10-03T20:46:55 <adriens33> hmm'okay
2014-10-03T20:59:56 <Ikledoreboline> (j'achèterais certainement pas sa brosse) m'oui..
2014-10-03T21:01:36 <Ikledoreboline> Niveau 7 sur plug.dj :3
2014-10-03T21:03:41 <Ikledoreboline> http://youtu.be/00zWyjbu4Ds *p*
2014-10-03T21:12:13 <Ikledoreboline> J'adore la musique, c'est tellement humm... ♪
2014-10-03T21:20:21 *** adriens33 est parti
2014-10-03T21:23:36 <Berry-Punch> Voilà ce qu'il s'est *hic* passé ces 10 dernières lignes, adriens33
2014-10-03T21:23:37 *** adriens33 s'est connecté
2014-10-03T21:58:53 *** ValCab s'est connecté
2014-10-03T21:58:55 *** ValCab33 est parti
2014-10-03T21:59:46 <Bybeez> Nenui'
2014-10-03T22:00:01 *** Bybeez est parti
2014-10-03T22:04:40 *** adriens33 est parti
2014-10-03T22:19:03 <Ikledoreboline> Bon, sinon pour animasia pour retrouver les brony je suis toujours dans quelque chose de sombre -_-
2014-10-03T22:19:25 <MaCharon> c'est a dire ?
2014-10-03T22:19:51 <Ikledoreboline> Hum, pour se retrouver demain, avec le monde qu'il va avoir. >_<
2014-10-03T22:20:33 <Ikledoreboline> Je re check les mails, mais avec les absents et les présents ça va être 300 --'
2014-10-03T22:20:41 <MaCharon> de la chance ? :)
2014-10-03T22:21:04 <Ikledoreboline> Je me rappelle de quelque tête mais je ne connais pas tout le monde :3
2014-10-03T22:21:09 <Ikledoreboline> quelques* têtes*
2014-10-03T22:21:35 <MaCharon> ben moi je l'ai dit, je serai en chat avec une pancarte autour du coup
2014-10-03T22:21:45 <MaCharon> cou*
2014-10-03T22:21:56 <Ikledoreboline> Okay .-.
2014-10-03T22:22:08 <Ikledoreboline> Bon, déjà toi pour te reconnaître, ça sera simple XD
2014-10-03T22:22:17 <MaCharon> j'espere ^^
2014-10-03T22:22:55 <Ikledoreboline> Moi j'espère qu'il y aura pas trop de monde .-.
2014-10-03T22:23:09 <Ikledoreboline> J'ai 2 personnes à voir .-.
2014-10-03T22:24:04 <MaCharon> ah
2014-10-03T22:24:31 <Ikledoreboline> Je parle d'amis, jdg, etc... je m'en... lol
2014-10-03T22:24:54 <MaCharon> c'est ce que j'avais compris
2014-10-03T22:25:01 <Ikledoreboline> ^^
2014-10-03T22:26:10 <MaCharon> perso j'aimerai quand même bien avoir un autographe du JDG mais sinn c'est tout
2014-10-03T22:29:43 <Ikledoreboline> Pareil, mais la file d'attente non merci
2014-10-03T22:29:55 <Ikledoreboline> même si j'ai commandé ma place, j'ai vraiment pas envie d'attendre ^^
2014-10-03T23:16:05 *** ValCab est parti
2014-10-03T23:16:22 *** ValCab33 s'est connecté
2014-10-03T23:18:39 <Ikledoreboline> re ? yup ?
2014-10-03T23:20:27 <ValCab33> Re.
2014-10-03T23:24:56 <Ikledoreboline> Bon, demain au talent pour croiser les brony >_^
2014-10-03T23:37:25 *** Letarumavza s'est connecté
2014-10-03T23:37:35 *** TrappyTickles est parti
2014-10-03T23:43:36 <Ikledoreboline> Yop LEta*
