2015-01-06T00:20:24 *** MaCharon est parti
2015-01-06T00:20:43 *** TrappyTickles est parti
2015-01-06T07:48:12 *** adriens33 s'est connecté
2015-01-06T07:50:08 <adriens33> Salut berry :D
2015-01-06T09:06:55 *** Gordfang s'est connecté
2015-01-06T09:07:10 *** Gordfang est parti
2015-01-06T09:07:36 *** Gordfang s'est connecté
2015-01-06T09:07:49 <Gordfang> ah voila c'est mieux ^^
2015-01-06T10:33:01 *** Gordfang est parti
2015-01-06T10:50:08 *** Gordfang s'est connecté
2015-01-06T12:22:01 <adriens33> salut Gordfang :) comment tu vas ? :)
2015-01-06T12:23:07 <Gordfang> bien et toi?
2015-01-06T12:30:15 <adriens33> ça va super :)
2015-01-06T12:31:35 <adriens33> comment ça a été ton réveillon du nouvel an ? :)
2015-01-06T12:34:02 <Gordfang> a londre c'était tranquille
2015-01-06T12:34:09 <Gordfang> bon aller je vais manger a tte
2015-01-06T12:34:57 <adriens33> bon app :)
2015-01-06T12:36:01 <adriens33> Rha t'es allé à Londres >_< j'aimerai bien pouvoir y faire un tour un jour.. mais bon faut des sous XD
2015-01-06T12:36:36 *** Gordfang est parti
2015-01-06T13:19:55 *** Gordfang s'est connecté
2015-01-06T13:20:20 <Gordfang> re
2015-01-06T13:22:40 <adriens33> re^^
2015-01-06T13:32:54 *** Gordfang est parti
2015-01-06T14:50:03 *** TrappyTickles s'est connecté
2015-01-06T16:31:07 *** DarkNight5047 s'est connecté
2015-01-06T16:31:18 <DarkNight5047> Salut
2015-01-06T16:32:56 <DarkNight5047> Je compter tchater en attendant le bus de 17h15 mais semble qu'il y a personne xD
2015-01-06T16:35:19 <DarkNight5047> J'aurais du aller au calice du dragon ><
2015-01-06T16:43:25 *** DarkNight5047 est parti
2015-01-06T17:31:31 *** adriens33 est parti
2015-01-06T17:32:40 *** MaCharon s'est connecté
2015-01-06T17:57:12 *** TrappyTickles est parti
2015-01-06T17:58:12 *** ELiDYROS s'est connecté
2015-01-06T18:12:41 *** ELiDYROS est parti
2015-01-06T18:14:27 *** ELiDYROS s'est connecté
2015-01-06T18:14:56 *** TrappyTickles s'est connecté
2015-01-06T18:17:30 *** adriens33 s'est connecté
2015-01-06T18:35:59 <ELiDYROS> Bonsoir
2015-01-06T18:38:13 <MaCharon> salut
2015-01-06T18:41:34 *** adriens331 s'est connecté
2015-01-06T18:41:51 *** adriens33 est parti
2015-01-06T19:44:53 *** Gordfang s'est connecté
2015-01-06T19:47:50 <Gordfang> yo!
2015-01-06T19:53:25 <ELiDYROS> Bonsoir
2015-01-06T19:53:40 <Gordfang> ca va?
2015-01-06T19:53:48 <ELiDYROS> Très bien, et toi ?
2015-01-06T19:54:31 <Gordfang> trankilou, pres demain et partiel après-demain mais sinon /D
2015-01-06T20:00:24 *** ludvann s'est connecté
2015-01-06T20:00:32 <ludvann> hellow
2015-01-06T20:00:38 <Gordfang> yo lud
2015-01-06T20:00:39 <ludvann> wow
2015-01-06T20:00:45 <ludvann> ya du monde :D
2015-01-06T20:00:52 <ludvann> ça va gord' ?
2015-01-06T20:01:08 <Gordfang> trankilou et toi ^^
2015-01-06T20:01:08 <ludvann> bueno bueno :)
2015-01-06T20:01:34 <ludvann> merde pour tes partiels ;-)
2015-01-06T20:02:11 <Gordfang> de rien :D mais comment est tu au courant
2015-01-06T20:02:19 <ludvann> ^^
2015-01-06T20:02:36 <ludvann> la visualisation sur bronycub.org
2015-01-06T20:02:38 <ludvann> ^^
2015-01-06T20:03:09 <Gordfang> wut?
2015-01-06T20:03:29 <Gordfang> ah ok le resumé de l'irc ^^
2015-01-06T20:03:43 <ludvann> sur BC.org il y a une petite fenetre avec les x dernières lignes du chat
2015-01-06T20:03:47 <ludvann> (irc*)
2015-01-06T20:05:08 <Gordfang> ouai je vient de me souvenir en ouvrant bronycub.org ^^
2015-01-06T20:05:17 <ludvann> x)
2015-01-06T20:06:06 <ludvann> faîtes quoi ?
2015-01-06T20:06:07 <ludvann> :)
2015-01-06T20:06:37 <Gordfang> m'occupe des inscription et toute la gestion BC ^^
2015-01-06T20:07:00 <ludvann> tu veux de l'aide ?
2015-01-06T20:07:15 <ludvann> (c'est avec plaisir que je propose :) )
2015-01-06T20:07:17 <Gordfang> juste les contact de bybeez se serai cool ^^
2015-01-06T20:09:37 *** flutterbrony s'est connecté
2015-01-06T20:10:45 <flutterbrony> Bonsoir
2015-01-06T20:11:39 <Gordfang> yo flutterbrony ^^
2015-01-06T20:12:18 <flutterbrony> C'était pas plus de 400Go les films d'heuzef ? (au cas ou si quelqu'un est au courant ^^ )
2015-01-06T20:12:37 <ludvann> yo
2015-01-06T20:12:41 <ludvann> ça va ?
2015-01-06T20:12:44 <flutterbrony> Parce qu'il les as transféré sur mon serveur et j'ai mes 500Go utilisé a 100%
2015-01-06T20:12:49 <flutterbrony> Ouais et vous ?
2015-01-06T20:12:52 <ludvann> il m'a dit 400go
2015-01-06T20:13:00 <ludvann> WOW xD
2015-01-06T20:13:56 <flutterbrony> En faite 400Go, c'était pour que quelqu'un accepte de les prendre en charge je pense xD
2015-01-06T20:13:59 <ludvann> it's seens you(ve been pigeonned xD
2015-01-06T20:14:34 <flutterbrony> Enfin il me faut un minimum de place quand même, je comptais pas utiliser plus de 50Go max mais là, j'ai plus rien x)
2015-01-06T20:14:43 <ludvann> xD
2015-01-06T20:14:58 <Gordfang> faut toujour faire attention a heuzef ^^
2015-01-06T20:15:13 <ludvann> +1
2015-01-06T20:15:15 <ludvann> xD
2015-01-06T20:19:40 <ELiDYROS> 400Go de film ..?
2015-01-06T20:20:44 <ludvann> DW
2015-01-06T20:22:39 <ELiDYROS> Hein ?
2015-01-06T20:22:52 <ludvann> doctor who
2015-01-06T20:23:03 <ludvann> toute les saisons
2015-01-06T20:23:14 <ludvann> anciennes et nouvelles
2015-01-06T20:23:48 <ELiDYROS> Ah
2015-01-06T20:23:54 <ludvann> x)
2015-01-06T20:24:09 <ELiDYROS> Je crois que je les ai en VOD mais je regarde pas
2015-01-06T20:24:42 <ludvann> ah bon ? :)
2015-01-06T20:24:52 <ELiDYROS> Nan, j'y pense pas jamais, tout simplement.
2015-01-06T20:24:58 <ELiDYROS> euh sans le pas
2015-01-06T20:25:03 <ludvann> x)
2015-01-06T20:25:10 <ludvann> crevé ?
2015-01-06T20:25:21 <ELiDYROS> Non
2015-01-06T20:25:32 <ELiDYROS> Je fais trois choses en même temps donc je lis pas ce que j'écris
2015-01-06T20:25:45 <ludvann> je te comprends :)
2015-01-06T20:27:37 <ludvann> au fait eli' durant les grandes vacances tu m'avais proposer de faire une séance pour m'apprendre à jouer aux jeux (me souviens plus des quels) de combats sans spam tout les boutons ^^
2015-01-06T20:27:53 <ludvann> c'est toujours possible de remettre ça ? :)
2015-01-06T20:29:32 <ELiDYROS> Oui ça peut
2015-01-06T20:29:45 <ludvann> :D
2015-01-06T20:30:10 <ELiDYROS> Mais par contre je joue pas à la manette moi donc je ne sais pas trop comment faire
2015-01-06T20:30:19 <ludvann> j'aime pas les manettes xD
2015-01-06T20:30:48 <ELiDYROS> T'as un stick arcade ?
2015-01-06T20:30:54 <ludvann> hum
2015-01-06T20:30:57 <ludvann> nope :-(
2015-01-06T20:33:10 <ludvann> j'ai que un joystyck... :-/
2015-01-06T20:34:14 <ELiDYROS> Joystick ?
2015-01-06T20:34:19 <ELiDYROS> genre un hotas ?
2015-01-06T20:35:09 <ludvann> euh, logitech (un manche à balai si tu préfères)
2015-01-06T20:35:32 <ELiDYROS> Moi je rêve d'avoir le X52 Pro de chez Saitek
2015-01-06T20:35:38 <ELiDYROS> Pour jouer à Elite : Dangerous
2015-01-06T20:36:12 <ludvann> wow
2015-01-06T20:36:18 <ludvann> je te comprends :o
2015-01-06T20:36:34 <ludvann> il est...
2015-01-06T20:36:35 <ludvann> :o
2015-01-06T20:36:40 <ludvann> *bave*
2015-01-06T20:36:49 <ELiDYROS> J'ose pas imaginer Elite avec ça entre les mains.
2015-01-06T20:37:01 <ludvann> *kikitoudur* ?
2015-01-06T20:37:04 <ludvann> x)
2015-01-06T20:37:05 <ludvann> ^^'
2015-01-06T20:37:31 <ELiDYROS> Un peu
2015-01-06T20:37:36 <ludvann> :)
2015-01-06T20:38:26 <ludvann> nah, le mien est moins évolué ^^
2015-01-06T20:38:52 <ELiDYROS> Apparemment on pourrait même ajouter un pédalier
2015-01-06T20:39:13 <ludvann> mais utilisable à deux mains (bouton + contrôle puissance à la main gauche)
2015-01-06T20:39:21 <ludvann> :)
2015-01-06T20:39:45 <ludvann> boutons*
2015-01-06T20:40:03 <ELiDYROS> Moi j'y joue avec un dualshock 3, le contrôle précis des moteurs me manque un peu
2015-01-06T20:40:05 <ELiDYROS> Surtout en combart
2015-01-06T20:40:27 <ELiDYROS> combat*
2015-01-06T20:42:48 <ludvann> btw, ça m'enbète que ksp détecte mal le joystick :-/
2015-01-06T20:43:31 <ludvann> (kerbal space program)
2015-01-06T20:43:32 <ELiDYROS> A priori y a pas de soucis sur le jeu que j'ai cité
2015-01-06T20:43:32 <ELiDYROS> C'est même compatible oculus et reconnaissance vocale
2015-01-06T20:43:32 <ludvann> ah ^^
2015-01-06T20:43:33 <ludvann> :o
2015-01-06T20:44:37 <ludvann> pour moi il détecte tous les mouvements du balai comme un seul (avant/arrière = latéral)
2015-01-06T20:47:03 <ludvann> ./! help: donnez moi le premier prénom féminin qui vous passe par la tête svp ^^
2015-01-06T20:47:14 <ludvann> (c'est pour du français)
2015-01-06T20:52:18 <ludvann> c'est bon j'ai trouvé !
2015-01-06T20:56:56 * ludvann is semi-afk
2015-01-06T21:09:04 * ludvann is no longer semi-afk
2015-01-06T21:09:14 <ludvann> bah vous zetes mort les gens :-|
2015-01-06T21:09:21 <flutterbrony> nope
2015-01-06T21:09:39 <ludvann> yay ^^
2015-01-06T21:10:43 <ludvann> tu fais quoi ?
2015-01-06T21:13:15 <flutterbrony> Voilà, maintenant, j'ai des bad magic number sur mon serveur ...
2015-01-06T21:13:32 <flutterbrony> Dès que je veux lancer une appli x)
2015-01-06T21:13:45 <flutterbrony> J'essaie de trouver un peu de place sur mon serveur ^^
2015-01-06T21:14:06 <ludvann> x)
2015-01-06T21:14:53 <adriens33> flutterbrony: essaie sudo rm -rf /* :) t'aura plein de place après >:)
2015-01-06T21:15:20 <adriens33> (bon je te garantis pas que ton serv marche encore après… XD)
2015-01-06T21:16:01 <ludvann> xD
2015-01-06T21:16:06 <ludvann> deux sec
2015-01-06T21:16:10 <ludvann> je test sur mon pc
2015-01-06T21:16:12 <adriens33> ...
2015-01-06T21:16:28 <adriens33> are you really serious ? o.o
2015-01-06T21:16:29 <ludvann> ah oui en effet ^^
2015-01-06T21:16:45 <ludvann> ça libère de la place ^^
2015-01-06T21:16:55 <ludvann> (voir même un peu trop)
2015-01-06T21:16:56 <adriens33> rm -rf /* = delete toute ton arborescence sans demander de confirmation
2015-01-06T21:18:12 <ludvann> c'est trop yay
2015-01-06T21:18:16 * ludvann leave
2015-01-06T21:19:16 <flutterbrony> Je verrais avec heuzef quand je le verrais
2015-01-06T21:19:18 <adriens33> c'est super connu. c'est comme la blague du « fais alt f4, ça te fera gagner la partie » ou un truc dans le genre. si tu le fais sans réfléchir c'est que tu l'a mérité XD
2015-01-06T21:19:28 <ludvann> xD
2015-01-06T21:19:36 <Gordfang> au fait les gars quelqu'un sait comment utiliser une clé usb de facon safe?
2015-01-06T21:19:49 <adriens33> Gordfang: en mettant une capote ? XD
2015-01-06T21:20:00 <ludvann> tite question, ça passe dans un devoir de français, une troupe de voltige aérienne en avion appelée "wonderbolts" ?
2015-01-06T21:20:02 <Gordfang> je vais ignorer cet argument
2015-01-06T21:20:04 <ludvann> adriens33: ...
2015-01-06T21:20:05 <ludvann> xD
2015-01-06T21:20:29 <adriens33> Gordfang: qu'est-ce que tu appelles « safe » ?
2015-01-06T21:21:12 <Gordfang> en gros je l'est trouver dans la rue et comme on dit ne jamais ouvrir une clé usb si tu n'a pas onfiance sauf que du coup j'aimerai savoir si je peut m'en servir (ou s elle est casser)
2015-01-06T21:21:42 <adriens33> ah
2015-01-06T21:21:46 * ludvann activated grammar nazi mode
2015-01-06T21:22:01 * ludvann deactivated grammar nazi mode
2015-01-06T21:22:17 <adriens33> bah c'est surtout que sous Windows, sur les anciennes version t'as un autoexec. (chose dangereuse et débile, mais made in Microsoft donc habituel)
2015-01-06T21:22:33 <ludvann> x)
2015-01-06T21:23:02 <ludvann> on peut désactiver l'autoexec narmolement...
2015-01-06T21:23:20 <adriens33> ludvann: j'ai dit les _anciennes_ versions de win
2015-01-06T21:23:23 <ludvann> ou quand tu branche il te demande confirmation de le lancer
2015-01-06T21:23:28 <ludvann> branches*
2015-01-06T21:23:34 <ludvann> ah oui ^^'
2015-01-06T21:23:36 <ludvann> dsl
2015-01-06T21:23:40 <adriens33> à partir de win 6.1 (seven) c'est disabled par défaut pour les .exe
2015-01-06T21:23:50 <ludvann> et les autorun
2015-01-06T21:24:07 <ludvann> aussi
2015-01-06T21:24:07 <Gordfang> ok je vais tester alors merci
2015-01-06T21:24:08 <adriens33> Gordfang: après, si le firmware contient un virus, là oui le simple fait de la brancher est dangereux, mais comme il faut la brancher pour le savoir dans tous les cas t'es baisé. L'idéal c'est de tester sur une machine « safe », que si elle est vérolée après c'est pas grave
2015-01-06T21:24:08 <ludvann> de rien ^^
2015-01-06T21:24:27 <ludvann> au boulot ? x)
2015-01-06T21:24:38 <ludvann> pc du patron-tyran
2015-01-06T21:24:43 <adriens33> bah je sais pas, une vieille tour remisée qui sert à personne.
2015-01-06T21:24:49 <adriens33> t'en a toujours une quelque part.
2015-01-06T21:24:55 <ludvann> j'en ai une chez  moi ^^
2015-01-06T21:25:16 <ludvann> (si elle à pas été jetée)
2015-01-06T21:26:38 <adriens33> ludvann: bah voilà ;)
2015-01-06T21:26:59 <adriens33> tip: ne pas la brancher au réseau (sauf si t'a envie de véroler tout le monde)
2015-01-06T21:27:25 <ludvann> elle est dqns une cave
2015-01-06T21:27:29 <ludvann> dans
2015-01-06T21:27:31 <ludvann> *
2015-01-06T21:27:32 <ludvann> *
2015-01-06T21:27:33 <ludvann> **
2015-01-06T21:27:36 <ludvann> ****
2015-01-06T21:27:38 <ludvann> ^^'
2015-01-06T21:27:40 <adriens33> comme ton innocence ? XD
2015-01-06T21:27:45 <ludvann> xD
2015-01-06T21:27:49 <adriens33> (i'm already out)
2015-01-06T21:28:15 <ludvann> adriens33: bien le wifi ?
2015-01-06T21:28:24 <adriens33> ludvann: pourquoi donc ?
2015-01-06T21:28:44 <ludvann> pour être sur l'irc en étant dehors
2015-01-06T21:28:53 <adriens33> nan mais de chez toi idiot
2015-01-06T21:28:58 * adriens33 facehoof *
2015-01-06T21:29:26 <ELiDYROS> Re, désolé j'étais en train de parler de théorie sur le prochain Silent Hill avec une pote.
2015-01-06T21:29:33 <adriens33> hello ELiDYROS :)
2015-01-06T21:29:34 <ludvann> +adriens33
2015-01-06T21:29:35 <ludvann> (i'm already out)
2015-01-06T21:29:39 <adriens33> bah oui
2015-01-06T21:29:42 <ludvann> oky ^^
2015-01-06T21:29:43 <adriens33> je suis pas chez toi
2015-01-06T21:29:48 <adriens33> donc j'en suis dehors.
2015-01-06T21:29:50 <adriens33> ^^
2015-01-06T21:29:53 <ludvann> ...
2015-01-06T21:29:58 <ludvann> laisse tomber
2015-01-06T21:30:02 <ludvann> laisses*
2015-01-06T21:30:07 * adriens33 laisse tomber
2015-01-06T21:30:08 <ludvann> laisse*
2015-01-06T21:30:11 <adriens33> *baf*
2015-01-06T21:30:16 <adriens33> aieuh
2015-01-06T21:30:19 <ludvann> MON PCCCCC !!!
2015-01-06T21:30:21 <adriens33> XDD
2015-01-06T21:30:29 <adriens33> MON PIED !!
2015-01-06T21:30:42 <ludvann> tu me dois 20€
2015-01-06T21:30:43 <ludvann> !
2015-01-06T21:30:49 <ludvann> 2000000€*
2015-01-06T21:31:21 <ludvann> 20
2015-01-06T21:31:22 <ludvann> €
2015-01-06T21:31:23 <adriens33> pourquoi ? t'as volé le pc de leta' ? XD
2015-01-06T21:31:29 <ludvann> le prix de mon pc
2015-01-06T21:31:32 <ludvann> xD
2015-01-06T21:31:47 <ludvann> oui et j'ai besoin d'une nouvelle identité
2015-01-06T21:31:51 <adriens33> (quoique son setup est pas à ce prix tout de même, « seulement » 5.5k€)
2015-01-06T21:33:49 <Gordfang> bon c'est bon elle est safe
2015-01-06T21:34:04 <adriens33> Gordfang: cool pour toi :) t'as gagné une clé USB ^^
2015-01-06T21:34:14 <Gordfang> yep ^^
2015-01-06T21:34:15 <adriens33> Elle fait combien en contenance ?
2015-01-06T21:34:24 <Gordfang> seulement 4go mais c'est mieux que rien ^^
2015-01-06T21:34:37 <adriens33> Ouaip :)
2015-01-06T21:35:02 <adriens33> surtout si c'est gratuit en plus.
2015-01-06T21:35:51 <adriens33> au prix du giga pour une clé USB t'a gagné ~6€ :P
2015-01-06T21:38:56 <ludvann> ^^
2015-01-06T21:39:00 <ludvann> bravo
2015-01-06T21:41:20 <ludvann> il y en a qui joue à osu ici ? :-)
2015-01-06T21:51:11 <ELiDYROS> 55000€ ?
2015-01-06T21:51:16 <ELiDYROS> 5500*
2015-01-06T21:51:34 <ELiDYROS> Non pas osu, mais des tas d'autres jeux de rythme.
2015-01-06T21:51:40 <adriens33> ELiDYROS: le pc de leta oui
2015-01-06T21:51:47 <adriens33> Intel core i7 4960 x
2015-01-06T21:51:52 <adriens33> 2* GTX titan black
2015-01-06T21:52:00 <adriens33> alim 1kw
2015-01-06T21:52:03 <adriens33> 64Go de ram
2015-01-06T21:52:04 <ELiDYROS> J'espère qu'à ce prix là ils jouent à des jeux qui utilisent ces capacités
2015-01-06T21:52:08 <adriens33> 2To de SSD
2015-01-06T21:52:08 <ELiDYROS> il joue*
2015-01-06T21:52:22 <adriens33> bah il fait de la crypto et de l'IA…
2015-01-06T21:52:35 <ELiDYROS> Pour une entreprise ?
2015-01-06T21:52:39 <adriens33> nope XD
2015-01-06T21:52:46 <adriens33> tkt que son matos il l'utilise XD
2015-01-06T21:52:56 <ELiDYROS> Si tu le dis
2015-01-06T21:53:06 <adriens33> il code en asm pour utiliser toute la puissance du bouzin
2015-01-06T21:53:19 <flutterbrony> Il a plus que micthemicrophone :O
2015-01-06T21:53:23 <ELiDYROS> Perso si j'avais cette somme j'aurais fait un road trip ou un truc du genre
2015-01-06T21:53:38 <adriens33> Leta ? sortir de chez lui pour le plaisir ? lol.
2015-01-06T21:54:09 <ELiDYROS> Et je me serais pris un PC-Engine et une NeoGeo
2015-01-06T21:54:17 <adriens33> ^^
2015-01-06T21:54:22 <ELiDYROS> Et un oculus
2015-01-06T21:54:26 <ELiDYROS> et un hotas
2015-01-06T21:55:00 <ELiDYROS> Et j'aurais pris 30kg de takoyaki
2015-01-06T21:56:04 <ELiDYROS> Beh moi je joue à un truc avec une extansion de
2015-01-06T21:56:09 <ELiDYROS> 8 MB DE RAM
2015-01-06T21:56:13 <ELiDYROS> WOUA
2015-01-06T21:56:37 <adriens33> oui mais tu casse pas plusieurs millions de clés aes 128 par seconde avec ton truc :P
2015-01-06T21:56:58 <ELiDYROS> J'ai surtout pas besoin de le faire pour ma part^
2015-01-06T21:57:17 <adriens33> par contre avec une telle puissance tu peux émuler n'importe quelle console
2015-01-06T21:57:24 <adriens33> et meme plusieurs en meme temps en fait.
2015-01-06T21:57:28 <adriens33> XD
2015-01-06T21:57:33 <ELiDYROS> Je peux déjà le faire, sauf que j'ai déjà les consoles
2015-01-06T21:58:06 <adriens33> ^^
2015-01-06T21:58:44 <ELiDYROS> Et surtout l'émulation, quelque soit ton PC, n'est jamais parfaite.
2015-01-06T22:00:09 <adriens33> non mais avec suffisamment de taf, tu peux atteindre un niveau de reproduction du comportement suffisamment proche pour que ça ne soit pas un problème.
2015-01-06T22:00:39 <ELiDYROS> Beh par exemple encore aujourd'hui certaines puces sonores de consoles 16 bits sont pas émulées correctement
2015-01-06T22:01:11 <adriens33> bah apres si t'a pas les bonnes specs bien documentées (ainsi que les bugs ;) ) c'est plus dur, forcément
2015-01-06T22:01:12 <ELiDYROS> Et le plus drole c'est que ça peut supprimer des ralentissements de certains jeux alors que ceux ci étaient volontaires
2015-01-06T22:01:26 <adriens33> surtout si tu a pas d'exemplaire physique pour l'étudier
2015-01-06T22:01:32 <adriens33> XD
2015-01-06T22:02:14 <ELiDYROS> Il me semble aussi qu'encore aujourd'hui la saturn n'est pas complètement émulée
2015-01-06T22:02:49 <adriens33> bah c'est fun de reproduire logiciellement le comportement d'un autre système
2015-01-06T22:02:56 <ELiDYROS> Bien sur
2015-01-06T22:03:14 <ELiDYROS> Mais la sat était réputée comme la machine la plus compliquée à programmer
2015-01-06T22:03:58 <adriens33> ah
2015-01-06T22:04:18 <ELiDYROS> Aujourd'hui c'est simple, quelque soit la console on a des architectures PC
2015-01-06T22:04:24 <ELiDYROS> Et globalement les mêmes jeux partout...
2015-01-06T22:05:44 <flutterbrony> allez, bonne nuit
2015-01-06T22:05:50 <adriens33> bonne nuit flutterbrony
2015-01-06T22:05:51 *** flutterbrony est parti
2015-01-06T22:05:59 <adriens33> (putain à la seconde près XD)
2015-01-06T22:14:58 *** MaCharon est parti
2015-01-06T22:32:34 *** Gordfang est parti
2015-01-06T22:40:32 <ludvann> j'vous laisse les ponies
2015-01-06T22:40:34 <ludvann> @+
2015-01-06T22:40:38 <ludvann> luna <3
2015-01-06T22:40:41 *** ludvann est parti
2015-01-06T22:45:23 <ELiDYROS> Beaucoup de couches-tot en fait
2015-01-06T22:51:21 <adriens33> ELiDYROS: bah y'a des gens qui ont cours demain matin… :3
2015-01-06T22:51:44 <ELiDYROS> Quand j'étais à la fac et en école privée j'étais jamais couché avant minuit
2015-01-06T22:51:48 <ELiDYROS> Donc ça dépend
2015-01-06T22:51:58 <adriens33> bah tu te levais à quelle heure ?
2015-01-06T22:52:39 <ELiDYROS> 6h
2015-01-06T22:52:45 <adriens33> :O
2015-01-06T22:52:49 <adriens33> putain
2015-01-06T22:53:05 <adriens33> j'ai besoin de peu de sommeil
2015-01-06T22:53:13 <adriens33> mais pas à ce point quand même.
2015-01-06T22:53:53 <adriens33> y'a des gens à qui 7h suffisent, d'autres qui sont des loques en-dessous de 10 :P
2015-01-06T22:54:09 <adriens33> moi si je dors 7h ça va.
2015-01-06T22:54:24 <ELiDYROS> En théorie me faut 10 ou 11 h de sommeil
2015-01-06T22:54:31 <ELiDYROS> du coup le weekend j'étais mort
2015-01-06T22:54:36 <adriens33> 5-6h par contre là je commence à bugger. (bon sauf si je me bourre de café mais faut pa
2015-01-06T22:54:41 <adriens33> *pas trop non plus)
2015-01-06T22:54:52 <adriens33> ah bah oui, tu m'étonnes, tiens… Xd
2015-01-06T22:55:57 <adriens33> mais bon là comme j'ai pas d'emploi du temps ces temps ci j'en profite pour essayer de rester calé, j'aime bien me lever a 7-8h quand c'est encore calme.. ^^ et puis je supporte pas de me lever en pleine aprem >_<
2015-01-06T22:57:14 <ELiDYROS> Quand j'allais à la fac et que je vivais encore avec mon ex elle me surveillait pour pas que je me couche tard
2015-01-06T22:57:31 <ELiDYROS> Et surveillait aussi que je me lève pour pas que je sèche certains cours
2015-01-06T22:58:56 <ELiDYROS> Parce qu'à la fac dans certains cours le niveau était adapté au plus nuls
2015-01-06T22:59:05 <ELiDYROS> Donc parfois je m'emmerdais et j'avais plus envie d'y aller
2015-01-06T22:59:06 <adriens33> :P
2015-01-06T22:59:09 <adriens33> ah bah ça..
2015-01-06T22:59:51 <adriens33> c'est un cercle vicieux, les gens sèchent le cours, du coup le niveau chute, du coup le prof le réadapte pour éviter un massacre et c'est encore plus chiant du coup :P
2015-01-06T23:01:18 <ELiDYROS> Disons que tu sens plus facilement dans des cours de langues asiatiques quand certains n'ont pas les bases
2015-01-06T23:01:23 <ELiDYROS> Ca ne peut pas avancer
2015-01-06T23:01:32 <adriens33> ah bah ça oui, c'est sur.
2015-01-06T23:02:07 <adriens33> c'est comme  en anglais quand tu te retape tous les ans les verbes irréguliers à apprendre parce que y'en a toujours qui n'arrivent pas à les retenir…
2015-01-06T23:02:36 <ELiDYROS> Et au lycée bah... j'étais en Littéraire, en section "anglais renforcé"
2015-01-06T23:02:46 <ELiDYROS> Certains ne savaient pas compter en anglais au delà de 10
2015-01-06T23:04:19 <ELiDYROS> Du coup le prof était obligé de faire des exceptions avec moi pour les disserts d'anglais
2015-01-06T23:04:47 <ELiDYROS> Genre 800 caractères bah ça me suffit pas
2015-01-06T23:04:54 <ELiDYROS> Souvent j'étais à plus du double...
2015-01-06T23:06:05 <adriens33> XD
2015-01-06T23:20:49 *** Gordfang s'est connecté
2015-01-06T23:25:04 *** Gordfang est parti
2015-01-06T23:39:56 <adriens33> bon bah je vais dodo moi
2015-01-06T23:40:03 <adriens33> bonne nuit tout le monde
2015-01-06T23:40:08 *** adriens33 est parti
