2014-10-28T01:10:28 *** Jinxypie est parti
2014-10-28T01:52:46 *** Zecora_bot est parti
2014-10-28T08:27:56 <Berry-Punch> Voilà ce qu'il s'est passé ces 10 dernières lignes, arthur33 *hic* 
2014-10-28T08:34:36 *** heuzef s'est connecté
2014-10-28T08:51:43 *** Gordfang s'est connecté
2014-10-28T09:46:28 <Berry-Punch> Je suis désolé arthur33, mais je n'ai pas le droit de *hic* te laisser faire ça.
2014-10-28T09:47:44 <Berry-Punch> Voilà ce qu'il s'est passé ces 10 dernières lignes, *hic* arthur33
2014-10-28T10:00:54 *** TrappyTickles s'est connecté
2014-10-28T10:03:18 <Gordfang> yo trappy
2014-10-28T10:04:33 <TrappyTickles> oi
2014-10-28T10:06:12 <TrappyTickles> le ituines de rainbow rocks est released
2014-10-28T10:06:20 <TrappyTickles> et il est dispo sur yayponies of course
2014-10-28T10:07:27 <Gordfang> faut que je me les mates les deux films ><
2014-10-28T10:07:35 <Gordfang> mais avec bayonetta j'ai pas le temps de m'y coller
2014-10-28T10:13:47 <Gordfang> ouai pourquoi pas par contre je sait pas si c'est moi mais j'ai un souçis d'encodage on dirai
2014-10-28T10:13:59 <Gordfang> d'ailleur elle en est ou cette soirée?
2014-10-28T10:14:40 <Gordfang> ok faudrai penser a relancer
2014-10-28T10:15:15 <Gordfang> (et c'est toi qui as les souçis d'encodage on dirai)
2014-10-28T10:15:29 <TrappyTickles> ???
2014-10-28T10:15:34 <TrappyTickles> impossible, je suis sur windaube
2014-10-28T10:15:43 <Gordfang> j'ai des ? sur tes accents en tous cas
2014-10-28T10:16:28 <Gordfang> hmmm bizare faudrai que quelqu'un d'autre teste pour voir
2014-10-28T10:16:36 <Gordfang> après c'est peut être un souçis irc donc bon
2014-10-28T10:16:45 *** Ambrocidus s'est connecté
2014-10-28T10:16:51 <Ambrocidus> Bonjour
2014-10-28T10:16:54 <Gordfang> yo
2014-10-28T10:16:58 <TrappyTickles> oi
2014-10-28T10:17:04 <Gordfang> sa va?
2014-10-28T10:17:16 <TrappyTickles> Ambrocidus, tu peux dire quelques trucs avec des accents plz? pour voir un truc
2014-10-28T10:17:16 <Ambrocidus> J'ai pensé à un truc pour les sites, peut être ajouté un lien Plug.DJ?
2014-10-28T10:17:26 <TrappyTickles> (entk moi aucun prob, je les vois)
2014-10-28T10:17:39 <Gordfang> non y a pas de souçis avec lui
2014-10-28T10:17:42 <Ambrocidus> (éèàÉÀÈ)
2014-10-28T10:17:47 <Gordfang> c'est quoi plug.DJ?
2014-10-28T10:17:56 <TrappyTickles> Gordfang, tu vois ses accents?
2014-10-28T10:17:58 <Gordfang> et ceux de Trappy tu les vois?
2014-10-28T10:18:01 <Ambrocidus> https://plug.dj/bronycat
2014-10-28T10:18:18 <Ambrocidus> Par exemple, chacun met une musique de son choix, tour par tour, ect...
2014-10-28T10:18:24 <Gordfang> ah oui c'est vrai
2014-10-28T10:18:31 <Gordfang> spas con en effet
2014-10-28T10:18:48 <Gordfang> je vais en parler avec ceux qui travaille sur la V3 de bronyCUB
2014-10-28T10:20:25 <Ambrocidus> Ça peut être un outil de divertissement intéressent.
2014-10-28T10:20:54 <Gordfang> yep
2014-10-28T10:21:43 <Gordfang> ambro tu est de bronyCAT c'est ca?
2014-10-28T10:22:51 <Ambrocidus> Ouaip!
2014-10-28T10:22:59 <Gordfang> okey
2014-10-28T10:23:10 <Ambrocidus> Donc si vous passez par là, n'hésitez pas à m'appeler!
2014-10-28T10:23:16 <Gordfang> pas de soucis
2014-10-28T10:23:34 <Ambrocidus> Déjà, grosse fête prévue cet hiver
2014-10-28T10:23:55 <Gordfang> tiens on a rien nous de prevu encore
2014-10-28T10:24:13 <Ambrocidus> Haha!!!
2014-10-28T10:24:21 <Ambrocidus> Nan, un brunch, avec pleins d'activités
2014-10-28T10:33:12 <Ambrocidus> heuzef c'est un feignant c'est ça? avouez!
2014-10-28T10:34:24 <heuzef> Pas vraiment
2014-10-28T10:34:47 <heuzef> c'est juste que j'ai pris la décision de laisser les gens nourir eux même le collectif
2014-10-28T10:34:53 <Gordfang> bon je re
2014-10-28T10:35:05 <heuzef> Noel dernier on à fait une mega Chrismas Party, mais c'est moi qui ai tous organisé
2014-10-28T10:35:20 <heuzef> J'espère très fort que quelqu'un d'autre va avoir la bonne idée de le faire cette année ;)
2014-10-28T10:35:36 <Ambrocidus> Et pour notre discussion d'hier heuzef?
2014-10-28T10:35:42 <heuzef> Je t'es envoyé un mail
2014-10-28T10:35:44 <Ambrocidus> Tu as eus le temps de réfléchir?
2014-10-28T10:35:47 <Ambrocidus> rah >.>
2014-10-28T10:35:54 <Ambrocidus> envois le sur bronytoulo
2014-10-28T10:35:57 <Ambrocidus> srsly ><
2014-10-28T10:36:21 <Ambrocidus> thunderbird est pas réglé là
2014-10-28T10:36:34 <heuzef> c'est transféré
2014-10-28T10:37:04 <Ambrocidus> k
2014-10-28T10:37:23 <Ambrocidus> C'est simple
2014-10-28T10:37:31 <Ambrocidus> soit le ambrocidus@derpymail.org soit le bronytoulon
2014-10-28T10:39:07 <Ambrocidus> C'est une accumulation, heuzef, rien à voir avec tes histoires banales
2014-10-28T10:39:15 <Ambrocidus> ça arrive par tout ce genre d'histoires
2014-10-28T10:39:18 <Ambrocidus> Moi c'est autre
2014-10-28T10:39:58 <heuzef> Bof
2014-10-28T10:40:09 <heuzef> J'ai eu ton message par SMS
2014-10-28T10:40:13 <heuzef> De ce que j'ai compris
2014-10-28T10:40:27 <heuzef> C'est pas glop ton histoire avec Seveen
2014-10-28T10:40:38 <Ambrocidus> Privé >
2014-10-28T10:40:43 <heuzef> Surtout après tous ce qu'il à fournit comme ernergie pour BronyCAT
2014-10-28T10:41:07 <Gordfang> re
2014-10-28T10:41:31 <heuzef> Vous êtes marrant les gens ^^
2014-10-28T10:41:39 <heuzef> Et je travail quand moi dans l'histoire ? xD
2014-10-28T10:41:51 <heuzef> Y'en à qui sont pas en vacances à glander pour info
2014-10-28T10:43:31 <Ambrocidus> > mail
2014-10-28T10:43:56 <heuzef> Ba voila
2014-10-28T10:44:17 <heuzef> Comme quoi j'arrive à bien éduquer les gens ^^
2014-10-28T10:48:32 <Ambrocidus> Au fait, les z'amis: http://www.themlpsource.com/
2014-10-28T10:49:08 <Ambrocidus> Site très intéressant
2014-10-28T11:04:33 *** heuzef1 s'est connecté
2014-10-28T11:06:23 *** heuzef est parti
2014-10-28T11:19:31 <Ambrocidus> J'arrive pas à les faire décrochés de Skype...
2014-10-28T11:20:31 <Gordfang> ?
2014-10-28T11:20:38 <Gordfang> les gars de bronyCAT?
2014-10-28T11:22:18 <heuzef1> Pas que à Toulon ce problème
2014-10-28T11:22:46 <heuzef1> En même temps on est pas foutu de donner les argument qui piquent
2014-10-28T11:23:03 <heuzef1> Ou du moins : on ne sais pas les formulers
2014-10-28T11:23:20 <heuzef1> Du coup les mecs s'en battent royalement les couilles
2014-10-28T11:23:24 <heuzef1> et reste sur Skype
2014-10-28T11:26:14 <strycore> surveille ton langage heuzef1
2014-10-28T11:26:49 <Ambrocidus> euh..
2014-10-28T11:26:57 <Ambrocidus> bien résumé
2014-10-28T11:27:24 <heuzef1> Strycore si t'es si malin, donne les arguments qu'il faut pour les accros à Skype
2014-10-28T11:27:41 <strycore> allez sur Hangouts!
2014-10-28T11:27:45 <heuzef> Loool !
2014-10-28T11:27:52 <heuzef> Mieux mais bon
2014-10-28T11:27:56 <heuzef> Peu faire mieux
2014-10-28T11:28:02 <strycore> bof
2014-10-28T11:28:18 <strycore> Tox est encore en Alpha
2014-10-28T11:28:25 <heuzef> Vroom est en beta
2014-10-28T11:28:35 <heuzef> marche plutot bien
2014-10-28T11:28:54 <heuzef> Mais bon au dela du technique, a la limite on s'en fou
2014-10-28T11:29:08 <heuzef> C'est surtout le pourquoi
2014-10-28T11:31:18 <strycore> si t'as pas une alternative fonctionnelle, tu peux avoir les meilleurs idéaux du monde, t'ira pas très loin
2014-10-28T11:31:57 <heuzef> Venant de toi, ce discours me surprend
2014-10-28T11:32:13 <heuzef> J'ai toujours cru que tu avait foie en l'humanité :D
2014-10-28T11:32:23 <strycore> haha moi?
2014-10-28T11:32:28 <heuzef> Ouais t'as raison
2014-10-28T11:32:34 <heuzef> complétement con comme raisonnement
2014-10-28T11:32:43 <heuzef> L'humanité est déjà en plein délire
2014-10-28T11:33:01 <heuzef> parais même qu'y a des gens qui aimes les petits poney maintenant
2014-10-28T11:33:19 <heuzef> Bref on est tous foutu
2014-10-28T11:33:29 <strycore> ouais, n'importe quoi…
2014-10-28T11:59:38 *** heuzef est parti
2014-10-28T12:09:06 *** Ambrocidus est parti
2014-10-28T12:33:18 <Gordfang> bon aller je vais manger a plus tard
2014-10-28T12:33:18 <Berry-Punch> Bon appétit, Gordfang :D *hic* 
2014-10-28T12:33:36 *** Gordfang est parti
2014-10-28T12:49:09 *** Lenile s'est connecté
2014-10-28T12:49:37 <Lenile> Salut TrappyTickles
2014-10-28T12:50:51 <Lenile> Salut strycore
2014-10-28T12:51:00 <Lenile> Salut Berry-Punch
2014-10-28T12:51:04 <Lenile> 8D
2014-10-28T12:51:09 <strycore> hmrf
2014-10-28T12:51:21 <Lenile> Comment va ?
2014-10-28T12:52:10 <strycore> mal
2014-10-28T12:52:25 <Lenile> Mal, pourquoi ?
2014-10-28T12:52:56 <TrappyTickles> oi
2014-10-28T12:53:00 <strycore> le monde va mal, l'humanité est en déclin, et les gens ne contribuent pas assez aux logiciels libres
2014-10-28T12:53:16 <Lenile> Mhhhhh
2014-10-28T12:53:35 <Lenile> Le monde crack les logiciels payants, donc au final ils sont gratuits
2014-10-28T12:53:40 <Lenile> ça te remonte pas le moral ?
2014-10-28T12:53:56 <strycore> ಠ_ಠ
2014-10-28T12:54:33 <Lenile> Demain je rentre à Bordeaux o/
2014-10-28T13:02:51 *** Bybeez s'est connecté
2014-10-28T13:02:52 <Bybeez> Yo les gens !
2014-10-28T13:08:38 *** heuzef s'est connecté
2014-10-28T13:11:13 <Lenile> Salut Bybeez salu heuzef
2014-10-28T13:24:18 <Bybeez> Yo !
2014-10-28T13:31:36 <strycore> step to the rhythm of the Brooklyn beat
2014-10-28T13:36:34 <Lenile> J'ai trouvé un super anime o/
2014-10-28T13:36:51 <Lenile> Yahari Ore no Seishun Love Comedy wa Machigatteiru.
2014-10-28T13:36:59 <Lenile> J'aime les titres à ralonge o/
2014-10-28T13:42:20 <Berry-Punch> Voilà ce qu'il s'est passé *hic* ces 10 dernières lignes, adriens33
2014-10-28T13:56:22 *** Lenile est parti
2014-10-28T13:56:56 *** Lenile s'est connecté
2014-10-28T13:58:40 <strycore> heuzef, j'ai aimé une vidéo sur @Youtube https://www.youtube.com/watch?v=sFqeWTfVi3I
2014-10-28T14:20:55 <heuzef> scouic ! :D
2014-10-28T14:44:27 *** Lenile est parti
2014-10-28T15:01:55 *** Jinxypie s'est connecté
2014-10-28T16:11:27 <Bybeez> Salut
2014-10-28T16:17:37 <heuzef> Yo
2014-10-28T16:17:58 <heuzef> Baïbise ? :D
2014-10-28T16:20:43 <Bybeez> oui ?
2014-10-28T16:20:54 <heuzef> Du neuf ? =)
2014-10-28T16:21:17 <Bybeez> Pas vraiment, je cherche mais j'ai du mal a trouver
2014-10-28T16:21:59 <heuzef> Il te manque peu être le contexte de la situation ?
2014-10-28T16:22:26 <Bybeez> Non c'est un nouveau qui vient tout juste de s'inscrire
2014-10-28T16:23:00 <heuzef> Met ça à plat alors https://lite4.framapad.org/p/k3N9wl3wG9
2014-10-28T16:23:05 <heuzef> Etude du contexte :
2014-10-28T16:23:06 <heuzef>     
2014-10-28T16:23:06 <heuzef> Comment ?
2014-10-28T16:23:06 <heuzef> Qui ?
2014-10-28T16:23:06 <heuzef> Quoi ?
2014-10-28T16:23:06 <heuzef> Combien ?
2014-10-28T16:23:07 <heuzef> Où ?
2014-10-28T16:23:07 <heuzef> Quand ?
2014-10-28T16:23:07 <heuzef> Pourquoi ?
2014-10-28T16:29:24 <heuzef> Concernant les éléments à prendre en compte dans cette situation
2014-10-28T16:29:26 <heuzef> j'ai noté
2014-10-28T16:29:33 <heuzef> Collectif
2014-10-28T16:29:33 <heuzef> Site du collectif
2014-10-28T16:29:33 <heuzef> Membres
2014-10-28T16:29:33 <heuzef> Visiteur (souhaitant devenir membre)
2014-10-28T16:29:34 <heuzef> Outils du collectif
2014-10-28T16:29:48 <heuzef> J'ai oublié quelque chose ?
2014-10-28T16:30:05 <Bybeez> Non je crois pas
2014-10-28T16:30:30 <heuzef> ok
2014-10-28T16:30:36 <heuzef> il faut surtout rien oublier ici
2014-10-28T16:30:53 <Bybeez> Oui c'est sur
2014-10-28T16:31:04 <heuzef> Je note quand même "email"
2014-10-28T16:31:19 <Bybeez> Bonne idée
2014-10-28T16:37:40 <heuzef> ptin je me fait déco du pad tous seul
2014-10-28T16:37:41 <heuzef> :/
2014-10-28T16:40:47 <heuzef> Bybeez: j'ai complété la Fonction N°1
2014-10-28T16:40:56 <Bybeez> J'ai vu
2014-10-28T16:41:05 <heuzef> A valider bien sur
2014-10-28T16:41:12 <heuzef> Mais ça me semble pas mal
2014-10-28T16:41:32 <Bybeez> Oui moi ça me va
2014-10-28T16:42:46 <heuzef> Voila tu pense pouvoir faire les autres fonctions ? =)
2014-10-28T16:43:08 <Bybeez> Je vais essayer
2014-10-28T16:44:53 <heuzef> Normalement, lorsque toutes les fonctions seront écrite, la totalité des elements que nous avons listé seront inclus ici
2014-10-28T16:44:57 <heuzef> Donc les 6*
2014-10-28T16:45:19 <heuzef> Fonction 1 traite déjà des nouveaux inscrits
2014-10-28T16:45:29 <heuzef> Il en manque 5 donc
2014-10-28T16:46:16 <heuzef> Il faut ce poser toutes les questions vis à vis des 6 elements
2014-10-28T16:46:51 <Bybeez> Je vois
2014-10-28T16:47:04 <heuzef> Qu'est ce que les membres ont à voir avec le systeme
2014-10-28T16:47:04 <heuzef> Qu'est ce que les email ont a voir avec le system
2014-10-28T16:47:04 <heuzef> Qu'est ce les outils du collectifs ont à voir avec le system
2014-10-28T16:47:05 <heuzef> etc
2014-10-28T16:47:20 <heuzef> Et de ces question tu va générer les Fonctions
2014-10-28T16:47:26 <Bybeez> Les membres pour l'accompagnement ça me semble évident
2014-10-28T16:48:23 <heuzef> Commence toujours tes fonctions par "Le système doit permettre de ..."
2014-10-28T16:48:43 <Bybeez> Oui je comprends le patern
2014-10-28T16:49:16 <heuzef> Cette analyse fonctionnelle à pour but ci de faire en sorte qu'on oublie aucun point
2014-10-28T16:49:39 <Bybeez> c'est pas faux
2014-10-28T16:49:39 <heuzef> C'est pas la peine de chier une solution qui va résoudre que la moitié du problème
2014-10-28T17:00:03 *** reblochon s'est connecté
2014-10-28T17:01:57 <strycore> surveilles ton langage heuzef
2014-10-28T17:02:00 <Bybeez> Salut Reblechon
2014-10-28T17:02:11 <reblochon> salut
2014-10-28T17:03:34 <heuzef> reblochon plop =)
2014-10-28T17:03:44 <heuzef> Nouveau ici ?
2014-10-28T17:07:07 <reblochon> non
2014-10-28T17:07:13 <reblochon> je passe juste pas souvent
2014-10-28T17:07:21 <strycore> ( ͡° ͜ʖ ͡°)
2014-10-28T17:07:25 <heuzef> T'es de bordeaux ? =)
2014-10-28T17:07:33 <reblochon> mais au début j'avais un autre pseudo
2014-10-28T17:07:46 <bite> et non, je suis pas bordelais c:
2014-10-28T17:07:52 <Bybeez> XD Adriens t'avais dit de plus l'utiliser
2014-10-28T17:08:00 <bite> roh
2014-10-28T17:08:36 <Bybeez> Est tu de savoie ?
2014-10-28T17:09:12 <reblochon> non plus
2014-10-28T17:09:36 <reblochon> Mais j'aime bien le reblochon quand même
2014-10-28T17:09:36 <Bybeez> Tu n'es pas un roblechon de savoie ?
2014-10-28T17:09:50 <Bybeez> XD tu es de où alors ?
2014-10-28T17:10:12 <reblochon> je suis de pakistanie
2014-10-28T17:10:38 <Bybeez> Ah bon ? et tu habite dans quelle ville en ce moment
2014-10-28T17:11:06 <reblochon> Roubaix
2014-10-28T17:11:43 * Bybeez ne va absolument pas sur google map car il sait exactement ou cette ville se situe
2014-10-28T17:11:56 <strycore> C'est a coté de Clermont-Ferrand
2014-10-28T17:12:25 <Bybeez> Pas d'après mes connaissances colossales !
2014-10-28T17:12:26 <reblochon> ouais, entre Clermont et Pau
2014-10-28T17:12:44 <Bybeez> Moi on me dit que c'est a coté de lille
2014-10-28T17:13:00 <reblochon> c'est du bullshit, Lille c'est vers Quimper
2014-10-28T17:13:02 <strycore> c'est l'autre Roubaix
2014-10-28T17:13:23 <Bybeez> C'est compliqué
2014-10-28T17:20:58 *** heuzef1 s'est connecté
2014-10-28T17:22:41 *** heuzef est parti
2014-10-28T17:23:01 *** Gordfang s'est connecté
2014-10-28T17:23:10 <Gordfang> yo
2014-10-28T17:23:20 <heuzef1> yo
2014-10-28T17:23:37 <reblochon> yo
2014-10-28T17:23:37 <Bybeez> Yo
2014-10-28T17:24:41 <strycore> heuzef1, http://strycore.com/images/yeah.png
2014-10-28T17:27:57 *** MaCharon s'est connecté
2014-10-28T17:28:04 <MaCharon> salut
2014-10-28T17:28:15 <Bybeez> yo
2014-10-28T17:42:37 *** heuzef s'est connecté
2014-10-28T17:44:23 *** heuzef1 est parti
2014-10-28T17:51:47 *** Gordfang est parti
2014-10-28T17:52:15 *** reblochon est parti
2014-10-28T17:57:35 *** Lenile s'est connecté
2014-10-28T17:57:41 <Lenile> Saloute
2014-10-28T17:58:01 <MaCharon> slt
2014-10-28T17:58:50 <Lenile> Salut MaCharon
2014-10-28T17:58:55 <Lenile> Comment va ?
2014-10-28T17:59:54 <MaCharon> bien, toujours en train de glander ^^
2014-10-28T18:06:00 *** __fred__ s'est connecté
2014-10-28T18:09:14 <__fred__> bonjour.
2014-10-28T18:09:31 <MaCharon> bonsoir
2014-10-28T18:12:19 <Bybeez> Yo
2014-10-28T18:12:21 *** Jona_Aps s'est connecté
2014-10-28T18:12:28 <Jona_Aps> Hellow :3
2014-10-28T18:12:46 <__fred__> bonsoir :)
2014-10-28T18:12:49 <Bybeez> Yo
2014-10-28T18:12:57 <TrappyTickles> oi
2014-10-28T18:13:25 <Lenile> JORE Jona_Aps
2014-10-28T18:13:34 <Jona_Aps> Ewi
2014-10-28T18:13:36 <Lenile> Stalker
2014-10-28T18:13:50 <Lenile> !muffins Jona_Aps m
2014-10-28T18:13:58 * Berry-Punch lance un muffin sur Jona_Aps à 3260 km/h
2014-10-28T18:13:58 <Berry-Punch> MUFFIN RAINBOOM !! *hic* 
2014-10-28T18:13:58 <Lenile> !muffin Jona_Aps m
2014-10-28T18:14:09 <Jona_Aps> Hey, je suis a Bordeaux le 11 novembre :3
2014-10-28T18:14:13 <Lenile> OSEF
2014-10-28T18:14:17 <Lenile> VEUX PAS TE VOIR !!!
2014-10-28T18:14:23 <Jona_Aps> Moi si :p
2014-10-28T18:14:24 <Lenile> FUYEZ BANDE DE FOUS
2014-10-28T18:14:46 <Bybeez> C'toi le fou
2014-10-28T18:14:47 <Lenile> Le 11 novembre
2014-10-28T18:14:56 <Lenile> Kestuvienfoutreabordole11novenbr
2014-10-28T18:14:56 *** Reblochon s'est connecté
2014-10-28T18:15:00 <Reblochon> yo
2014-10-28T18:15:03 <Bybeez> Oué C les atentas du 11 novambr
2014-10-28T18:15:08 <Bybeez> (je m'excuse)
2014-10-28T18:15:13 <Lenile> xD
2014-10-28T18:15:19 <Jona_Aps> J'ai visite médical et test psyco pour la sncf le 12 :3
2014-10-28T18:15:21 <Lenile> Silence sale roux  ! xd
2014-10-28T18:15:27 <Lenile> Jore
2014-10-28T18:15:37 <Lenile> Tellement mal aimé qu'il va devenir controleur des trains
2014-10-28T18:15:42 <Lenile> Pour etre encore moin aimé :(
2014-10-28T18:15:55 <Jona_Aps> Technicien de signalisation électrique plz
2014-10-28T18:16:03 <MaCharon> un roux ?! BURN XD
2014-10-28T18:16:34 <Jona_Aps> Bref, si vous voulez qu'on aille boire un coup ~
2014-10-28T18:16:34 <__fred__> Qu'est-ce qu'il se passe ? xD
2014-10-28T18:16:44 <MaCharon> faut voir
2014-10-28T18:16:54 <Lenile> MaCharon c'est Bybeez qui est roux o/
2014-10-28T18:16:54 <__fred__> Porquoi tant de N ? :p
2014-10-28T18:17:00 <Lenile> NNNNNNNNNNNNNNNNNNNNNNNN
2014-10-28T18:17:06 <__fred__> Pourquoi *
2014-10-28T18:17:14 <Bybeez> Je suis pas roux Raphael !
2014-10-28T18:17:19 <__fred__> Lenile mdr
2014-10-28T18:17:41 <MaCharon> ben ouai il est pas roux bybeez
2014-10-28T18:17:59 <Bybeez> Booya !
2014-10-28T18:18:06 <Lenile> Si il est roux Bybeez :-
2014-10-28T18:18:11 <Bybeez> Non !
2014-10-28T18:18:12 <__fred__> Vous avez quoi contre les roux ? :p
2014-10-28T18:18:18 <MaCharon> parle pas mal !
2014-10-28T18:18:30 <Lenile> Vous voulez voir un truc classe ?
2014-10-28T18:18:34 <Lenile> Je vais miam
2014-10-28T18:18:34 <Berry-Punch> Bon appétit, *hic* Lenile :D
2014-10-28T18:18:37 <Jona_Aps> Les roux c'est le mal m'voyez ~
2014-10-28T18:18:38 <Lenile> Merci berry
2014-10-28T18:18:38 <Berry-Punch> De rien Lenile *hic* :)
2014-10-28T18:18:41 <heuzef> TrappyTickles ?
2014-10-28T18:18:41 <Lenile> 8D
2014-10-28T18:18:47 <TrappyTickles> mh?
2014-10-28T18:18:55 <heuzef> Tu sais pas comment plannifier un event ?
2014-10-28T18:18:56 <Lenile> Tu va bien Berry ?
2014-10-28T18:19:04 <Lenile> Tu veux une biere BErry ?
2014-10-28T18:19:04 <Berry-Punch> J'aimerais bien en reprendre, mais Colgate va se *hic* fâcher après…
2014-10-28T18:19:04 <heuzef> Suffi de remplir le formulaire en faite
2014-10-28T18:19:07 <TrappyTickles> ben non, pas vraiment. je me suis jamais servi de ce truc
2014-10-28T18:19:11 <__fred__> Tu m'as l'air bien polie Berry :)
2014-10-28T18:19:18 <Jona_Aps> Heuzef :3
2014-10-28T18:19:23 <Bybeez> Bière ?
2014-10-28T18:19:23 <Berry-Punch> J'adore ça ! *hic* 
2014-10-28T18:19:27 <heuzef> Bon :/
2014-10-28T18:19:29 <Lenile> J'ai une liscence de maitrise de Berry-Punch xD
2014-10-28T18:19:31 <Bybeez> Je sais Berry
2014-10-28T18:19:40 <Lenile> miam
2014-10-28T18:19:50 * Berry-Punch lance un muffin sur lenile à 314 km/h
2014-10-28T18:19:53 <heuzef> Salut Jona =)
2014-10-28T18:20:04 <heuzef> J'ai pas eu beaucoup de nouvelle de LPB concernant brony.fr
2014-10-28T18:20:18 * Berry-Punch lance un muffin sur lenile à 1633 km/h
2014-10-28T18:20:18 <Berry-Punch> MUFFIN *hic* RAINBOOM !!
2014-10-28T18:20:24 <Jona_Aps> Je ne suis plus dedans depuis juillet ;3
2014-10-28T18:20:29 <Berry-Punch> Mieux ! *hic* 
2014-10-28T18:21:02 <Jona_Aps> Il y en a qui vont a la 3PS ?
2014-10-28T18:21:04 <heuzef> Je file @++ tous le monde
2014-10-28T18:21:09 *** heuzef est parti
2014-10-28T18:21:41 <Lenile> ça pue la 3PS
2014-10-28T18:21:52 <Jona_Aps> Stoi qui pue
2014-10-28T18:21:57 <Lenile> LEs festiv Français ça pue
2014-10-28T18:22:04 <Lenile> Autant aller aux Meet up c'est gratuit
2014-10-28T18:22:17 <Jona_Aps> Meet up =/= conv ~
2014-10-28T18:22:25 <Reblochon> coucou Jonachou
2014-10-28T18:22:53 <Jona_Aps> Vla le fromage :3
2014-10-28T18:23:05 *** __fred__ est parti
2014-10-28T18:23:08 <Lenile> Jona_Aps  Je sais tu va pas m'apprendre
2014-10-28T18:29:14 *** Jona_Aps est parti
2014-10-28T18:47:14 <Reblochon> fgthyuiolpmù^$*
2014-10-28T18:47:18 <Reblochon> gru
2014-10-28T18:47:22 <Reblochon> ennuie
2014-10-28T18:52:29 <Lenile> Moi je look mon anime avec u ntitre à ralonge ~~
2014-10-28T18:52:50 <MaCharon> lequel ?
2014-10-28T19:14:42 <Lenile> MaCharon
2014-10-28T19:14:43 <Lenile> Yahari Ore no Seishun Love Comedy wa Machigatteiru.
2014-10-28T19:14:53 <Lenile> Etrangement les titres à ralonges sont de bons manga
2014-10-28T19:14:59 <Lenile> Juste le fruit du hasard surement
2014-10-28T19:15:12 <MaCharon> d'ailleur la saison 2 est pour 2015
2014-10-28T19:15:24 <Lenile> Ouaip j'sais
2014-10-28T19:19:59 <strycore> https://lutris.net/downloads/
2014-10-28T20:55:10 <Bybeez> Re
2014-10-28T20:55:46 *** Lenile est parti
2014-10-28T21:36:23 <MaCharon> nope
2014-10-28T21:53:04 <Bybeez> nope
2014-10-28T21:54:47 <Reblochon> nope
2014-10-28T21:56:25 <Bybeez> Combo !
2014-10-28T21:56:37 <Bybeez> Pourquoi au fait ?
2014-10-28T22:04:04 <TrappyTickles> il me fait un peu peur ce brony
2014-10-28T22:09:54 *** Ambrocidus s'est connecté
2014-10-28T22:10:10 <Ambrocidus> Bonsoir Bordeaux!
2014-10-28T22:10:24 <Bybeez> Salut
2014-10-28T22:10:50 <Bybeez> SAO c'est trop d'emotion pour moi
2014-10-28T22:11:14 <MaCharon> serieux ?
2014-10-28T22:12:03 <Reblochon> Salaison Assistée par Ordinateur ?
2014-10-28T22:12:18 <MaCharon> sword art online
2014-10-28T22:13:53 <Bybeez> C'est beau et triste et joyeux, en même temps
2014-10-28T22:14:27 <MaCharon> ouai mais quand même, t'es pire qu'une femme la ^^
2014-10-28T22:14:40 <Ambrocidus> Je te conseil Legend of Korra, si tu es en manque d'animé (la suite d'Avatar: the last Airbender)
2014-10-28T22:15:10 <MaCharon> bien meme si je prefere avec Aang
2014-10-28T22:15:15 <Bybeez> J'en pleure pas mais c'est rare qu'un anima me fasse autant reagir
2014-10-28T22:34:12 *** Lenile s'est connecté
2014-10-28T22:35:31 <Lenile> Salut bande de fesses
2014-10-28T22:36:02 <Ambrocidus> Hello
2014-10-28T22:39:23 <Lenile> #bronycub lolol
2014-10-28T22:41:17 *** Ambrocidus est parti
2014-10-28T22:44:03 <Bybeez> Bon je vais vous laisser bande de gens
2014-10-28T22:44:15 *** Bybeez est parti
2014-10-28T22:49:08 <Lenile> TIN MAIS YA DES MECS SUR LES MODS MC
2014-10-28T22:49:15 <Lenile> J'AI JUSTE ENVIE DE LEUR ESFH GESRHGDSJGH SDXTH RDtgh
2014-10-28T22:49:17 <Lenile> ><
2014-10-28T22:49:24 <Lenile> CONNARD
2014-10-28T22:49:26 <Lenile> u.U
2014-10-28T23:14:54 *** Reblochon est parti
2014-10-28T23:15:38 *** Lenile est parti
2014-10-28T23:36:31 *** TrappyTickles est parti
2014-10-28T23:47:44 *** Reblochon s'est connecté
