2014-12-11T01:15:41 *** adriens33 est parti
2014-12-11T01:28:40 *** adriens33 s'est connecté
2014-12-11T02:21:54 *** adriens33 est parti
2014-12-11T10:35:44 *** adriens33 s'est connecté
2014-12-11T13:10:40 *** Gordfang s'est connecté
2014-12-11T13:10:42 <Gordfang> yo!
2014-12-11T13:17:10 *** Jinxypie s'est connecté
2014-12-11T13:23:12 <adriens33> hello Gordfang & Jinxypie
2014-12-11T13:34:27 *** Jinxypie est parti
2014-12-11T13:35:14 *** Jinxypie s'est connecté
2014-12-11T14:47:59 *** strycore est parti
2014-12-11T16:41:27 *** ELiDYROS s'est connecté
2014-12-11T16:41:49 <ELiDYROS> Salut.
2014-12-11T16:56:22 <Gordfang> yo
2014-12-11T16:56:35 <adriens33> hello
2014-12-11T17:17:20 *** ELiDYROS_ s'est connecté
2014-12-11T17:17:40 *** ELiDYROS_ est parti
2014-12-11T17:19:12 *** ELiDYROS est parti
2014-12-11T17:42:45 *** ELiDYROS s'est connecté
2014-12-11T17:42:54 *** Jinxypie est parti
2014-12-11T18:26:15 <ELiDYROS> Bon. A plus.
2014-12-11T18:26:20 *** ELiDYROS est parti
2014-12-11T18:46:36 *** Gordfang est parti
2014-12-11T19:00:03 *** Gordfang s'est connecté
2014-12-11T19:17:31 *** flutterbrony s'est connecté
2014-12-11T19:18:01 *** flutterbrony est parti
2014-12-11T20:04:50 *** ELiDYROS s'est connecté
2014-12-11T23:05:06 *** adriens33 est parti
2014-12-11T23:32:44 *** adriens33 s'est connecté
