2014-11-10T00:22:32 *** TrappyTickles est parti
2014-11-10T00:27:19 *** adriens33 est parti
2014-11-10T01:35:12 <Jinxypie> Hey !
2014-11-10T01:35:40 <Ikledoreboline> Yop
2014-11-10T01:39:38 *** Ikledoreboline est parti
2014-11-10T02:20:08 *** MaCharon est parti
2014-11-10T04:19:21 *** Jinxypie est parti
2014-11-10T08:03:56 *** adriens33 s'est connecté
2014-11-10T09:38:37 *** Gordfang s'est connecté
2014-11-10T09:38:44 <Gordfang> yo!
2014-11-10T09:48:52 <adriens33> oi
2014-11-10T09:55:27 *** TrappyTickles s'est connecté
2014-11-10T12:00:24 *** adriens33 est parti
2014-11-10T12:02:56 *** adriens33 s'est connecté
2014-11-10T12:33:08 *** Gordfang est parti
2014-11-10T13:01:12 *** Ikledoreboline s'est connecté
2014-11-10T13:01:12 <Ikledoreboline> Ohayo !
2014-11-10T13:04:27 <adriens33> hello
2014-11-10T13:06:11 <TrappyTickles> oi
2014-11-10T13:20:29 *** ludvann s'est connecté
2014-11-10T13:20:40 <ludvann> Plop :-)
2014-11-10T13:21:34 <Ikledoreboline> Salut ludvann ^^
2014-11-10T13:22:21 <ludvann> Ça va ?
2014-11-10T13:24:06 <Ikledoreboline> bien et toi ?
2014-11-10T13:24:55 <ludvann> Bien, quoi de neuf ?
2014-11-10T13:25:25 <Ikledoreboline> Hmmm, plusieurs choses, et toi ? ^^
2014-11-10T13:28:14 <ludvann> Hum, pas trop de choses ^¢
2014-11-10T13:28:19 <ludvann> ^^*
2014-11-10T13:44:39 *** adriens33 est parti
2014-11-10T13:45:19 *** adriens33 s'est connecté
2014-11-10T15:02:35 *** Ikledoreboline est parti
2014-11-10T15:03:19 *** Ikledoreboline s'est connecté
2014-11-10T15:17:36 *** Ikledoreboline est parti
2014-11-10T15:29:52 *** ludvannn s'est connecté
2014-11-10T15:32:49 *** ludvann est parti
2014-11-10T15:34:16 <ludvannn> ...
2014-11-10T15:34:23 *** ludvannn est parti
2014-11-10T15:37:14 *** Ikledoreboline s'est connecté
2014-11-10T15:37:31 <Ikledoreboline> Je pense avoir des soucis internet car on pose la fibre chez moi hiii
2014-11-10T16:00:51 *** adriens33 est parti
2014-11-10T16:37:50 *** Ambrocidus s'est connecté
2014-11-10T16:38:00 <Ambrocidus> Salut
2014-11-10T16:40:42 *** Ambrocidus est parti
2014-11-10T18:40:36 *** Jona_Aps s'est connecté
2014-11-10T18:41:14 *** Jona_Aps est parti
2014-11-10T18:46:20 *** MaCharon s'est connecté
2014-11-10T18:46:36 <MaCharon> salut
2014-11-10T18:53:19 <Ikledorepasla> yop
2014-11-10T19:31:36 *** adriens33 s'est connecté
2014-11-10T21:04:17 *** heuzef s'est connecté
2014-11-10T21:04:17 *** heuzef est parti
2014-11-10T21:29:15 *** ludvann s'est connecté
2014-11-10T21:29:21 <ludvann> yop :)
2014-11-10T21:31:14 <ludvann> :(
2014-11-10T21:31:25 <MaCharon> salut
2014-11-10T21:31:29 <ludvann> ça va ?
2014-11-10T21:31:51 <MaCharon> tranquille tranquille ^^
2014-11-10T21:42:23 *** Bybeez s'est connecté
2014-11-10T21:42:24 <Bybeez> Salut
2014-11-10T22:01:19 <MaCharon> salut
2014-11-10T22:01:36 <Bybeez> Comment va ?
2014-11-10T22:01:57 <MaCharon> tranquilou
2014-11-10T22:14:24 <ludvann> hellow
2014-11-10T22:14:42 <ludvann> dsl j'étais occupé avec ma sis ^^'
2014-11-10T22:15:07 <ludvann> (elle me corrigé une de trad')
2014-11-10T22:15:13 <ludvann> ça va Bybeez ?
2014-11-10T22:19:03 *** Jona_Aps s'est connecté
2014-11-10T22:19:08 <Jona_Aps> Plop :3
2014-11-10T22:21:39 *** Jona_Aps est parti
2014-11-10T22:22:10 *** Jona_Aps s'est connecté
2014-11-10T22:23:01 <ludvann> yop
2014-11-10T22:23:06 <ludvann> ça va ?
2014-11-10T22:23:10 <ludvann> :)
2014-11-10T22:23:54 <Jona_Aps> On fait aller, je passe plus ou moins en coup de vent. Il y a du monde de motivé pour boire un coup demain soir ? :3
2014-11-10T22:24:07 <ludvann> hum
2014-11-10T22:24:11 <ludvann> euh
2014-11-10T22:24:23 <ludvann> faudra voir quand et ou surtout ^^
2014-11-10T22:24:28 <MaCharon> où ?
2014-11-10T22:25:12 <Jona_Aps> J'arrive à la gare de Bordeaux a 18h40
2014-11-10T22:25:29 <Jona_Aps> Après je connais rien aux lieux :3
2014-11-10T22:26:12 <ludvann> x)
2014-11-10T22:26:37 <ludvann> xD
2014-11-10T22:26:50 <ludvann> MaCharon, tu connais des bars ?
2014-11-10T22:27:18 <Jona_Aps> (Je suis Orléanais aussi :3)
2014-11-10T22:27:52 *** Bybeez est parti
2014-11-10T22:27:55 *** Ikledoreboline est parti
2014-11-10T22:27:56 *** MaCharon est parti
2014-11-10T22:28:51 *** MaCharon s'est connecté
2014-11-10T22:29:40 *** Ikledoreboline s'est connecté
2014-11-10T22:30:12 <ludvann> je peux toujours proposer le choix de buscharon mais bon... ^^
2014-11-10T22:30:19 <ludvann> (ref)
2014-11-10T22:31:40 *** Bybeez s'est connecté
2014-11-10T22:32:12 <Jona_Aps> :3
2014-11-10T22:32:41 <Bybeez> Vous avez vu mon message juste avant ?
2014-11-10T22:33:17 <MaCharon> lequel ?
2014-11-10T22:33:29 <ludvann> nope
2014-11-10T22:33:34 <Jona_Aps> nada
2014-11-10T22:33:49 <Bybeez> Bah le lucifer sera ouvert je pense (après c'est pas a coté de lBah je disais qu'il y a le lucifer qui devrait être ouvert
2014-11-10T22:34:03 <Bybeez> Bah je disais qu'il y a le lucifer qui devrait être ouvert
2014-11-10T22:34:15 <ludvann> ouais why not ^^
2014-11-10T22:34:16 <Bybeez> Et que je pourrai pas venir, je vais chez mon grand pere
2014-11-10T22:34:24 <Bybeez> (Oh ! Joie !)
2014-11-10T22:34:26 <ludvann> ah :-/
2014-11-10T22:35:19 <ludvann> Jona_Aps tu arrives à Pessac ou la gare St-Jean ?
2014-11-10T22:35:31 <Jona_Aps> Gare St Jean
2014-11-10T22:35:38 <ludvann> oky :)
2014-11-10T22:35:59 <Jona_Aps> Après je squatte le Ibis Budget ~
2014-11-10T22:37:35 <ludvann> ^^
2014-11-10T22:38:02 <Jona_Aps> J'aime bien les tarifs qui varient, genre de 55€ a 35€ ~
2014-11-10T22:38:11 <Jona_Aps> Je Fu les hotels
2014-11-10T22:38:43 <ludvann> x)
2014-11-10T22:38:47 <ludvann> Bybeez,
2014-11-10T22:38:57 <ludvann> le lucifer est loin de la gare st-jean ?
2014-11-10T22:39:12 <Bybeez> Un peu il est rue de Pessac
2014-11-10T22:39:23 <Bybeez> Mais en bus c'est tranquille
2014-11-10T22:39:30 <Bybeez> Il faut juste prendre le 15
2014-11-10T22:40:09 <Jona_Aps> http://puu.sh/cLupE/0cec3f5478.jpg
2014-11-10T22:40:36 <Bybeez> Voila
2014-11-10T22:40:47 <ludvann> ok
2014-11-10T22:43:16 <ludvann> Jona_Aps narmolement c'est ok pour moi ^^
2014-11-10T22:44:15 <Jona_Aps> Tu veux qu'on se retrouve ou ?
2014-11-10T22:44:47 <ludvann> l'ideal serait pour moi à la gare st-jean ^^
2014-11-10T22:44:56 <ludvann> btw qui vient a par moi ?
2014-11-10T22:45:00 <ludvann> .-.
2014-11-10T22:45:09 <Jona_Aps> J'en sais rien xd
2014-11-10T22:45:34 <Jona_Aps> Si t'arrives a poke les bordelais
2014-11-10T22:45:37 <ludvann> ...
2014-11-10T22:45:38 <ludvann> xD
2014-11-10T22:48:41 <Bybeez> Envoie un message au groupe mail du collectif pour rappeller
2014-11-10T22:51:18 <ludvann> done
2014-11-10T22:52:05 <Jona_Aps> ouki :3
2014-11-10T22:52:17 <Bybeez> ça devrai marcher
2014-11-10T22:52:38 <ludvann> ^^
2014-11-10T22:52:57 <Bybeez> (je deteste Makhai, il est au concert de Lindsey Stirling, il a pris la place de quelqu'un qui se desister au dernier moment, il a eu la place pour 8 Euros)
2014-11-10T22:53:08 <ludvann> :O
2014-11-10T22:53:31 <Bybeez> Je rage
2014-11-10T22:57:01 <Jona_Aps> Je vous laisse, je repasserai ici demain matin et jusqu’à 14h. J'arrive a Bordeaux à 18h37. Skype : jona.aps Twitter : @Jona_Aps
2014-11-10T22:57:32 <ludvann> dispo ce soir sur twitter ?
2014-11-10T22:57:49 <Jona_Aps> ya
2014-11-10T22:57:55 <ludvann> okay ^^
2014-11-10T22:58:15 <Jona_Aps> ++
2014-11-10T22:58:27 *** Jona_Aps est parti
2014-11-10T23:48:24 *** Bybeez est parti
2014-11-10T23:58:01 <ludvann> @+
2014-11-10T23:58:14 *** ludvann est parti
