2014-12-29T00:00:06 <adriens33> s'pèce de nolife :P
2014-12-29T00:00:31 <Bybeez> mais je veux mon charme chroma et tout plein de shiny
2014-12-29T00:00:38 <Bybeez> c'est pas ma faute
2014-12-29T00:00:46 <adriens33> j'ai pas dit ça
2014-12-29T00:00:54 <adriens33> c'est zoli les shiny.
2014-12-29T00:01:16 <adriens33> si t'en  a tout plein apres c'ton pokédex qui devient shiny
2014-12-29T00:01:30 <Bybeez> ah bon ?!
2014-12-29T00:01:50 <adriens33> j'en sais rien hein ^^ j'hypotétise juste
2014-12-29T00:02:22 <adriens33> j'ai fait que pokémon jaune et or avant la y.
2014-12-29T00:02:57 <Bybeez> Ah oui ^^ j'ai fini toute les génération a part pokemon noir 2 et blanc 2)
2014-12-29T00:03:46 <Bybeez> et la deuxieme, je l'ai jamais fini aussi même si je l'aime beaucoup
2014-12-29T00:04:08 <adriens33> ok
2014-12-29T00:04:28 <adriens33> moi or la pile a laché, j'ai perdu ma save.
2014-12-29T00:04:52 <adriens33> mes pokémons étaient lvl 75 et j'avais un putain d'elektor qui foudroyait tout sur son passage.
2014-12-29T00:05:00 <Bybeez> Bah j'ai une version argent avec la pile qui a laché, ça me saoule bien
2014-12-29T00:05:04 <adriens33> (pis va kill un oiseau électrique…)
2014-12-29T00:05:15 <Bybeez> XD c'est pas faux
2014-12-29T00:05:37 <adriens33> hmm.. tiens je vais te griller en vol!
2014-12-29T00:05:38 <adriens33> -jsuis électrique lol
2014-12-29T00:05:57 <Bybeez> XD
2014-12-29T00:06:00 <adriens33> -hmm je vais te taper dess.. bah il est ou?
2014-12-29T00:06:00 <adriens33> -regarde en haut! *baf*
2014-12-29T00:06:45 <Bybeez> C'est clair que c'est bien violent ^^
2014-12-29T00:07:27 <adriens33> sur y goupelin il envoie du bois  aussix
2014-12-29T00:07:35 <adriens33> *aussi.
2014-12-29T00:07:52 <adriens33> quand t'attaque y'a de quoi se prendre pour bob lennon le pyrobarbare XD
2014-12-29T00:07:59 <adriens33> tu brule tout.
2014-12-29T00:08:07 <Bybeez> C'est clair qu'il est sympa, c'est mon starter sur X
2014-12-29T00:08:16 <adriens33> me too
2014-12-29T00:08:17 <Bybeez> Et il est super violent
2014-12-29T00:08:26 <adriens33> ouai
2014-12-29T00:09:02 <adriens33> j'ai appris que sur y/x tu pouvait avoir elektor si t'a pris feunnec en starten
2014-12-29T00:09:04 <adriens33> *starter
2014-12-29T00:09:11 <adriens33> j'aimerai bien m'en rechoper un..
2014-12-29T00:09:20 <Bybeez> Après là, j'ai mon gardevoir, type psy/fée (bien violent) avec des attaques psy,fée,combat,spectre il se solote le conseil des 4 de saphir ^^)
2014-12-29T00:09:26 <adriens33> ouch
2014-12-29T00:09:29 <adriens33> bobo
2014-12-29T00:09:32 <Bybeez> Ah oui ça me dit quelque chose
2014-12-29T00:09:49 <Bybeez> Je sais plus comment on le choppe
2014-12-29T00:10:17 <adriens33> bah faut le croiser une 10aine de fois avant de le choper (c'est un pokémon voyageur je crois ou une connerie du genre)
2014-12-29T00:15:01 <Bybeez> Ah oui c'est fort possible
2014-12-29T00:15:27 <Bybeez> Bon, je te laisse je regarde une vidéo et je vis me coucher
2014-12-29T00:15:31 <adriens33> ok
2014-12-29T00:15:33 <adriens33> bonne nuit
2014-12-29T00:15:44 *** Bybeez est parti
2014-12-29T00:22:07 *** TrappyTickles est parti
2014-12-29T02:27:14 *** adriens33 est parti
2014-12-29T08:45:51 *** heuzef s'est connecté
2014-12-29T09:13:20 *** heuzef est parti
2014-12-29T09:17:09 *** heuzef1 s'est connecté
2014-12-29T10:28:02 *** heuzef s'est connecté
2014-12-29T10:29:37 *** heuzef1 est parti
2014-12-29T10:37:49 *** adriens33 s'est connecté
2014-12-29T10:49:36 *** heuzef1 s'est connecté
2014-12-29T10:51:04 *** heuzef est parti
2014-12-29T10:54:04 *** TrappyTickles s'est connecté
2014-12-29T10:56:45 *** heuzef s'est connecté
2014-12-29T10:57:44 *** heuzef1 est parti
2014-12-29T11:05:24 *** adriens33 est parti
2014-12-29T11:11:22 *** adriens33 s'est connecté
2014-12-29T12:47:41 *** adriens33 est parti
2014-12-29T13:29:30 *** adriens33 s'est connecté
2014-12-29T14:12:34 *** heuzef1 s'est connecté
2014-12-29T14:13:59 *** heuzef est parti
2014-12-29T16:27:11 *** heuzef s'est connecté
2014-12-29T16:28:37 *** heuzef1 est parti
2014-12-29T18:52:16 *** ELiDYROS s'est connecté
2014-12-29T18:53:41 <ELiDYROS> Hey adriens33 ?
2014-12-29T18:53:45 <adriens33> ouep?
2014-12-29T18:53:55 <ELiDYROS> T'as vu passé ça ? http://www.les-crises.fr/le-cadeau-de-noel-de-manuel-valls-aux-internautes-la-surveillance/
2014-12-29T18:54:58 *** heuzef1 s'est connecté
2014-12-29T18:55:06 <adriens33> c'est…
2014-12-29T18:55:12 <adriens33> c'est une blague.
2014-12-29T18:55:20 <adriens33> c'est une foutue blague.
2014-12-29T18:55:28 <adriens33> ou alors j'me suis /tp en chine.
2014-12-29T18:55:42 *** heuzef est parti
2014-12-29T18:55:55 <adriens33> mais BORDEL quoi.
2014-12-29T18:56:46 <ELiDYROS> Joyeux noel
2014-12-29T18:57:20 <adriens33> ...
2014-12-29T18:57:47 <adriens33> pff.... merci du cadeau..
2014-12-29T18:57:51 <adriens33> bande d'enflures.
2014-12-29T18:57:55 <ELiDYROS> Je sais pas si c'est le même délire que la loi sur le terrorisme
2014-12-29T18:58:05 <ELiDYROS> Genre si tu cryptes ta connexion on te considère suspect
2014-12-29T18:58:16 <adriens33> c'est pas t'es considéré suspect
2014-12-29T18:58:21 <adriens33> le chiffrement était illégal
2014-12-29T18:58:27 <adriens33> jusqu'a y'a pas longtemps.
2014-12-29T18:58:38 <adriens33> ta gueule toi.
2014-12-29T18:59:10 <ELiDYROS> Du coup tout ça c'est passé en scrèd
2014-12-29T18:59:11 <adriens33> et encore, c'est autorisé mais que jusqu'a un certain niveau de sécurité, au dessus tu es hors la loi.
2014-12-29T18:59:34 <adriens33> oui, comme d'hab..
2014-12-29T18:59:41 <adriens33> ils nous fourrent par derrière.
2014-12-29T19:00:07 <ELiDYROS> Déjà on a la chance de pas être chez Orange là, c'est déjà un premier point
2014-12-29T19:00:39 <adriens33> ouai.
2014-12-29T19:01:04 <ELiDYROS> Pareil j'ai vu des conférence sur le déploiment de la fibre là
2014-12-29T19:02:07 <ELiDYROS> En gros y a pas de loi dessus, et c'est tout frais. Donc orange fait ce qu'il veut avec
2014-12-29T19:02:20 <ELiDYROS> Il peut décider d'être le seul FAI donnant la fibre s'il le veut
2014-12-29T19:02:26 <adriens33> autant dine qu'on peut toujours courrir…
2014-12-29T19:02:48 <adriens33> /courrir/courir/
2014-12-29T19:03:13 <ELiDYROS> Donc ouais je suis beaucoup moins chaloux des fibreux d'un coup là
2014-12-29T19:05:31 <adriens33> tu m'étonne..
2014-12-29T19:05:38 <ELiDYROS> Orange sera bien content de filer des infos sur ses abonnés
2014-12-29T19:06:01 <adriens33> bah ça.. ils pourraient nous enfiler le gode eux meme dans le cul ils le feraient.
2014-12-29T19:06:59 <ELiDYROS> Donc ouais en gros pour résumer le France tente de faire sa petite NSA maison
2014-12-29T19:07:25 <adriens33> (ça y est, je me rapelle pourquoi j'avais enlevé ce trigger: il est chiant.)
2014-12-29T19:07:30 <adriens33> ta gueule.
2014-12-29T19:07:33 <heuzef1> :D
2014-12-29T19:07:45 <heuzef> chiant ?
2014-12-29T19:07:47 <heuzef> chiant
2014-12-29T19:07:51 <heuzef> chiant :D
2014-12-29T19:07:56 <heuzef> Chiant chiant chiant !
2014-12-29T19:09:08 *** Berry-Punch s'est connecté
2014-12-29T19:09:17 <heuzef> C'est moin chiant maintenant ?
2014-12-29T19:09:21 <heuzef> Ouais
2014-12-29T19:09:30 <heuzef> !hug
2014-12-29T19:09:35 <adriens33> XD
2014-12-29T19:09:42 * heuzef fait un câlin à Berry-Punch 
2014-12-29T19:09:44 <adriens33> ah, c'pas bete ça.
2014-12-29T19:10:11 <adriens33> genre chanserv est plus lent a trigger que berry pour les flags XDD
2014-12-29T19:10:20 <adriens33> faut dire qu'il a un peu tous les chans de freenode à gérer.
2014-12-29T19:11:00 <ELiDYROS> sudo killall Berry-Punch
2014-12-29T19:11:03 <ELiDYROS> *****
2014-12-29T19:11:12 <heuzef> Berry-Punch kill them all !
2014-12-29T19:12:03 <heuzef> ELiDYROS: Alors t'as prévu un truc pour le nouvel an avec Gabriel ?
2014-12-29T19:12:09 <ELiDYROS> Non
2014-12-29T19:12:22 <ELiDYROS> Tu serais au courant si ça avait été le cas
2014-12-29T19:12:28 <heuzef> Pas chaud ?
2014-12-29T19:13:10 <ELiDYROS> Comme je t'ai dit j'ai pas les bons trucs pour animer ce genre de choses
2014-12-29T19:13:21 <heuzef> bons trucs = ?
2014-12-29T19:13:29 *** heuzef est parti
2014-12-29T19:15:01 *** heuzef s'est connecté
2014-12-29T19:15:08 <ELiDYROS> Les jeux accessibles et tout public
2014-12-29T19:15:32 <ELiDYROS> Et pis c'est risqué de ramener certains matériels sans garantie
2014-12-29T19:16:44 <heuzef> Pas evident oui
2014-12-29T19:17:39 <ELiDYROS> En plus je me dis que ma mère sera toute seule ce soir là :|
2014-12-29T19:18:05 <heuzef> Elle peux pas venir ?
2014-12-29T19:18:29 <ELiDYROS> J'en sais rien
2014-12-29T19:18:45 <heuzef> Propose et au pire reste avec elle
2014-12-29T19:19:08 <ELiDYROS> Après pour organiser des sessios jeux ça n'urge pas
2014-12-29T19:19:25 <ELiDYROS> Mais plus simple de faire des trucs à thèmes selon les gouts
2014-12-29T19:19:32 <ELiDYROS> un jour du rétro, un jour du party game
2014-12-29T19:19:33 <ELiDYROS> etc
2014-12-29T19:19:54 <heuzef> Tu peux organiser ça tous les vendredi soir à 20h
2014-12-29T19:29:09 <adriens33> quoi de neuf heuzef sinon ?
2014-12-29T19:29:09 *** adriens33 est parti
2014-12-29T19:29:11 <heuzef> Ba pas mal de chose, mais je doit filer la ;) On papotera jeudi au pire.
2014-12-29T19:29:13 <heuzef> (il va lire l'historique je pense)
2014-12-29T19:29:17 <heuzef> ++++
2014-12-29T19:29:30 *** heuzef est parti
2014-12-29T19:30:25 *** adriens33 s'est connecté
2014-12-29T19:31:01 <adriens33> ok, le serv irc qu'a netsplit XD j'ai vu tout le monde déco de tous les chan ou j'étais en meme temps… XD
2014-12-29T19:32:26 <ELiDYROS> Rien n'a bougé chez moi
2014-12-29T19:32:42 <adriens33> ca a marqué quoi comme raison quand j'ai déco  ?
2014-12-29T19:33:14 <adriens33> (y'a plusieurs servs irc, on est pas forcément sur le meme, ils communiquent entre eux)
2014-12-29T19:37:33 <ELiDYROS> net split
2014-12-29T19:37:46 <adriens33> ouai donc c'est bien le serv sur lequel j'étais qui a déco
2014-12-29T19:38:05 <adriens33> (en gros j'me suis retrouvé tout seul sur tous lus canaux XD)
2014-12-29T20:34:09 *** Bybeez s'est connecté
2014-12-29T20:34:19 <Bybeez> Hey les gens !
2014-12-29T20:34:30 <adriens33> hey
2014-12-29T20:44:26 <ELiDYROS> Yo.
2014-12-29T20:46:46 <adriens33> tiens on est pas des patates ce soir ? XD
2014-12-29T21:10:21 <ELiDYROS> Y a pas un moyen de transformer son pc en préampli pour platine vinyle ?
2014-12-29T21:10:43 <adriens33> heuhhhh
2014-12-29T21:10:56 <adriens33> essai d'utiliser l'entrée micro?
2014-12-29T21:11:05 <ELiDYROS> Line-In plutot
2014-12-29T21:11:13 <ELiDYROS> Mais après j'ai pas de soft pour jouer le role de l'ampli
2014-12-29T21:11:15 <adriens33> par contre sous win je sais pas faire de routage audio XD sous linux j'utilise Jack
2014-12-29T21:11:20 <adriens33> bah justement…
2014-12-29T21:11:29 <adriens33> sur l'entrée micro t'a eun ampli…
2014-12-29T21:11:31 <adriens33> *un
2014-12-29T21:11:37 <ELiDYROS> Oui mais des pertes en terme de qualité
2014-12-29T21:11:46 <adriens33> mouai.
2014-12-29T21:11:55 <adriens33> ça c'est parce que 'a pas de carte son :P
2014-12-29T21:12:58 <adriens33> normalement sur une carte son avec un bon ampli le rapport signal bruit doit pas trop descendre
2014-12-29T21:13:20 <adriens33> apres tests moi j'ai ~90-100dB avec l'ampli micro donc bon…
2014-12-29T21:14:07 <adriens33> (de rapport, pas d'amplification XD)
2014-12-29T21:14:18 <adriens33> j'arrive a capter le souffle de ma vmc…
2014-12-29T21:15:19 <ELiDYROS> Mon pc de bureau est débranché
2014-12-29T21:15:29 <adriens33> ah t'es sur portable?
2014-12-29T21:15:33 <ELiDYROS> Ca m'emmerde de tout réinstallé pour écouter un disquer
2014-12-29T21:15:37 <ELiDYROS> Oui
2014-12-29T21:15:41 <adriens33> ouai je cemprend
2014-12-29T21:15:41 <ELiDYROS> laptop
2014-12-29T21:16:05 <ELiDYROS> J'ai bien un préampli mais pas d'alim
2014-12-29T21:16:59 <adriens33> arf
2014-12-29T21:17:36 <ELiDYROS> Et comme c'est de la merde je peux pas remplacer par un bloc d'alim au piff
2014-12-29T21:17:40 <ELiDYROS> Faut un modele précis
2014-12-29T21:17:49 <adriens33> bah ouai sinon c'est pas drole.
2014-12-29T21:17:52 <adriens33> >_<
2014-12-29T21:19:59 <ELiDYROS> Dans un registre qui n'a rien à voir je me tate à commander les 28 blu rays de Godzilla
2014-12-29T21:20:12 <ELiDYROS> Mais les blu rays jap ça coute un organe
2014-12-29T21:20:16 <adriens33> bah fais ce que tu veux, c'est tes sous XD
2014-12-29T21:20:39 <ELiDYROS> Beh dis toi qu'un BR là bas ça peut aller jusqu'à 70€
2014-12-29T21:20:49 <adriens33> ouch
2014-12-29T21:20:54 <adriens33> en effet_
2014-12-29T21:21:18 <ELiDYROS> Et les séries anime, ils sortent des BR avec un, ou parfois 2 épisodes uniquement, dessus
2014-12-29T21:21:29 <ELiDYROS> C'est du luxe là bas les films
2014-12-29T21:21:55 <adriens33> ah ouais…
2014-12-29T21:22:05 <adriens33> 70€ l'épisode ça fait cher…
2014-12-29T21:22:12 <ELiDYROS> Ouais
2014-12-29T21:22:45 <ELiDYROS> Peut être que c'est pas populaire donc les prix sont élevés
2014-12-29T21:23:03 <adriens33> mouai.
2014-12-29T21:23:42 <ELiDYROS> Bon je re je vais tenter des alims sur l'ampli
2014-12-29T21:23:48 <adriens33> ok^^
2014-12-29T21:23:48 <ELiDYROS> Au pire, ça explose et je serai fixé
2014-12-29T21:24:09 <adriens33> ouai bah évite :p ton plafond est déja en sale état, va pas y faire un trou non plus :P
2014-12-29T23:02:05 *** ELiDYROS est parti
2014-12-29T23:15:06 *** Bybeez est parti
2014-12-29T23:20:54 *** ELiDYROS s'est connecté
2014-12-29T23:21:06 <adriens33> re :)
2014-12-29T23:21:10 <ELiDYROS> re
2014-12-29T23:21:15 <adriens33> t'as pas fait péter la baraque alors ? XD
2014-12-29T23:25:35 *** Ikledoreboline s'est connecté
2014-12-29T23:25:36 <Ikledoreboline> Bien le bonsoir tout le monde ! ^^
2014-12-29T23:25:45 <adriens33> tiens, salut Ikledoreboline :)
2014-12-29T23:25:50 <adriens33> comment tu vas ? :)
2014-12-29T23:26:03 <Ikledoreboline> Bien et vous ? ;)
2014-12-29T23:26:03 <adriens33> le papa nowel il a été gentil avec toi ? :)
2014-12-29T23:26:06 <adriens33> ça va
2014-12-29T23:26:43 <Ikledoreboline> Plutôt, plutôt et vous ? ^^
2014-12-29T23:26:56 <adriens33> ça va
2014-12-29T23:29:29 <Ikledoreboline> nice, du nouveau par ici ? :)
2014-12-29T23:32:15 <adriens33> pas grand chose de mon côté
2014-12-29T23:42:27 <ELiDYROS> Beh j'ai essayé divers alim, rien ne se passe
