2014-12-08T00:07:41 *** adriens33 est parti
2014-12-08T00:23:53 *** TrappyTickles est parti
2014-12-08T00:32:06 *** Gordfang est parti
2014-12-08T07:10:46 *** adriens33 s'est connecté
2014-12-08T08:57:55 *** Gordfang s'est connecté
2014-12-08T08:58:08 <Gordfang> yo les gens$
2014-12-08T08:58:29 <adriens33> salut
2014-12-08T10:46:57 *** TrappyTickles s'est connecté
2014-12-08T10:47:12 <TrappyTickles> oi
2014-12-08T10:47:14 <TrappyTickles> il est trop fort filezilla
2014-12-08T10:47:32 <TrappyTickles> can't open file blabla.truc (error0: l'opération a réussi)...
2014-12-08T10:48:34 <Gordfang> XD
2014-12-08T12:25:37 *** Gordfang est parti
2014-12-08T12:49:22 *** strycore s'est connecté
2014-12-08T12:50:42 <strycore> https://www.youtube.com/watch?v=UidSriRb6eo
2014-12-08T12:59:34 *** Gordfang s'est connecté
2014-12-08T13:06:10 *** Tsumenokage s'est connecté
2014-12-08T13:06:29 <Tsumenokage> Salut les gens
2014-12-08T13:06:56 <Tsumenokage> ça va ?
2014-12-08T13:07:53 <TrappyTickles> oi
2014-12-08T13:09:19 <Gordfang> yo!
2014-12-08T13:16:10 <TrappyTickles> j'suis fier de moi, j'ai réussi à faire deux mkv qui ont les pistes audio en fr et en VO + les subs en fr et en vo ^^
2014-12-08T13:16:23 <TrappyTickles> (tron et tron legacy pour info :p)
2014-12-08T13:18:09 <TrappyTickles> le plus dur étant pour tron pour que la piste audio passe de pal à ntsc et qu'elle soit sync :p
2014-12-08T13:33:31 *** Gordfang est parti
2014-12-08T15:11:03 *** elidyros s'est connecté
2014-12-08T16:07:34 *** elidyros est parti
2014-12-08T16:42:27 *** Tsumenokage est parti
2014-12-08T17:01:32 *** ludvann s'est connecté
2014-12-08T17:01:51 <ludvann> hellow
2014-12-08T17:32:40 *** Elidyros s'est connecté
2014-12-08T17:37:25 <Elidyros> Bonsoir.
2014-12-08T17:48:19 <Elidyros> Bye.
2014-12-08T17:48:22 *** Elidyros est parti
2014-12-08T17:48:34 *** Yvan33 s'est connecté
2014-12-08T17:48:54 <Yvan33> Salut salut
2014-12-08T17:50:14 *** Yvan33 est parti
2014-12-08T18:00:56 *** strycore est parti
2014-12-08T18:06:21 *** ELiDYROS s'est connecté
2014-12-08T18:10:42 *** ELiDYROS est parti
2014-12-08T21:50:32 *** ELiDYROS s'est connecté
2014-12-08T21:51:49 *** ELiDYROS est parti
2014-12-08T21:52:01 <ludvann> bon je vais dodo
2014-12-08T21:52:04 <ludvann> @+
2014-12-08T21:52:13 *** ludvann est parti
2014-12-08T21:52:30 *** ELiDYROS s'est connecté
2014-12-08T21:54:44 *** ELiDYROS est parti
2014-12-08T21:56:38 *** ELiDYROS s'est connecté
2014-12-08T22:08:34 *** ELiDYROS est parti
2014-12-08T22:08:55 *** ELiDYROS s'est connecté
2014-12-08T22:13:34 *** ELiDYROS est parti
2014-12-08T22:14:21 *** ELiDYROS s'est connecté
2014-12-08T22:35:07 <ELiDYROS> Re ?
2014-12-08T22:38:20 <adriens33> hello
2014-12-08T22:39:16 <ELiDYROS> Comment va ?
2014-12-08T22:39:55 <adriens33> ça va
2014-12-08T22:39:58 <adriens33> ^^
2014-12-08T22:39:59 <adriens33> et toi ?
2014-12-08T22:40:29 <ELiDYROS> Nickel.
2014-12-08T22:43:22 <ELiDYROS> Quoi de beau ?
2014-12-08T22:53:04 <adriens33> pas grand chose
2014-12-08T22:53:10 <adriens33> comme d'hab  XD
2014-12-08T22:53:16 <adriens33> et toi alors ?
2014-12-08T22:53:17 <ELiDYROS> Oki
2014-12-08T22:53:29 <ELiDYROS> Moi j'ai installé un client irc pour twitch du coup
2014-12-08T22:53:34 <adriens33> oh.
2014-12-08T22:53:43 <ELiDYROS> J'en ai profitép our ajouté freenode et les autres serveurs où je vais
2014-12-08T22:53:47 <ELiDYROS> ajouter*
2014-12-08T22:53:52 <adriens33> le chat twitch c'est de l'irc ?
2014-12-08T22:53:56 <adriens33> bon à savoir.
2014-12-08T22:54:06 <ELiDYROS> Je ne sais pas si c'en est mais là j'y suis connecté avec mon client
2014-12-08T22:54:10 <ELiDYROS> Et j'ai mes droits d'admins
2014-12-08T22:54:17 <adriens33> bah c'est que c'en est un alors :)
2014-12-08T22:54:21 <adriens33> c'est quoi ton client ?
2014-12-08T22:54:27 <ELiDYROS> HexChat
2014-12-08T22:54:30 <adriens33> ouai
2014-12-08T22:54:36 <adriens33> donc c'est bien de l'irc alors
2014-12-08T22:54:42 <adriens33> (hexchat fait que ça :P)
2014-12-08T23:07:12 *** heuzef s'est connecté
2014-12-08T23:12:01 *** heuzef est parti
