2014-11-14T00:15:15 *** TrappyTickles est parti
2014-11-14T00:51:41 *** adriens33 est parti
2014-11-14T03:16:02 *** Jinxypie est parti
2014-11-14T08:35:59 *** adriens33 s'est connecté
2014-11-14T08:50:47 *** heuzef s'est connecté
2014-11-14T08:54:52 *** heuzef est parti
2014-11-14T08:55:10 *** heuzef s'est connecté
2014-11-14T08:59:33 <adriens33> hello heuzef ^^
2014-11-14T09:00:13 <heuzef> plop =)
2014-11-14T09:00:17 <heuzef> La forme ?
2014-11-14T09:03:04 <adriens33> ça va ^^
2014-11-14T09:03:06 <adriens33> et toi ?
2014-11-14T09:03:13 <heuzef> Mauvaise nouvelle, j'ai cédé a la pression et j'ai vendu mon âme à Skype
2014-11-14T09:03:20 <adriens33> ah
2014-11-14T09:03:23 <heuzef> :'(
2014-11-14T09:03:27 <adriens33> bah quand tox sera stable
2014-11-14T09:03:34 <adriens33> on pourra jeter skype au feu
2014-11-14T09:03:45 <adriens33> en attendant skype est bien pratique…
2014-11-14T09:03:59 <heuzef> Tu parle, c'est pas avec un meilleur outil que les gens vont changer de mentalité
2014-11-14T09:04:10 <heuzef> Sinon plus personne n'utiliserais Facebook
2014-11-14T09:05:04 <adriens33> bah avec un outil simple à installr et à utiliser pour faire passer les proches dessus c'est plus simple
2014-11-14T09:05:57 <adriens33> apres avoir des fct avancées derriere ça permet d'attirer les bidouilleurs aussi :p
2014-11-14T09:06:16 <adriens33> mais si tu peut utiliser aussi le machin sans te prendre la tete ça aide c'est sur
2014-11-14T09:06:35 <adriens33> et skype et facebook ont cet énorme avantage d'etre très srimple à utiliser
2014-11-14T09:06:39 <adriens33> *simple
2014-11-14T09:06:49 <adriens33> et pratique
2014-11-14T09:06:57 <adriens33> c'est pour ça que c'est aussi répandu
2014-11-14T09:07:30 <heuzef> Facebook simple ?
2014-11-14T09:07:32 <heuzef> lol
2014-11-14T09:07:38 <heuzef> C'est tellement pas ergonomique
2014-11-14T09:07:43 <heuzef> Twitter c'est simple
2014-11-14T09:07:45 <adriens33> jsuis d'accord
2014-11-14T09:07:47 <heuzef> G+ c'est simple
2014-11-14T09:08:21 <adriens33> mais c'est relativement « simple » à utiliser de premier abord
2014-11-14T09:08:37 <adriens33> ouai mais g+ a pas une bonne réput xD
2014-11-14T09:09:15 <adriens33> bon apres c'est peut etre très bien comme outil
2014-11-14T09:09:26 <adriens33> (mais c'est google donc pour moi à éviter :p)
2014-11-14T10:14:34 *** TrappyTickles s'est connecté
2014-11-14T10:35:25 *** adriens33 est parti
2014-11-14T12:29:31 *** heuzef est parti
2014-11-14T13:08:55 *** heuzef s'est connecté
2014-11-14T14:05:37 *** MaCharon s'est connecté
2014-11-14T14:05:47 <MaCharon> slt
2014-11-14T14:07:22 *** heuzef est parti
2014-11-14T14:13:10 *** adriens33 s'est connecté
2014-11-14T14:28:33 *** adriens31 s'est connecté
2014-11-14T14:32:01 *** adriens33 est parti
2014-11-14T14:44:33 *** Gordfang s'est connecté
2014-11-14T14:44:48 <Gordfang> yo
2014-11-14T14:45:01 <MaCharon> salut
2014-11-14T14:45:25 <Gordfang> j-4 :p
2014-11-14T14:45:50 <MaCharon> for what ?
2014-11-14T14:47:20 <Gordfang> dragon age inquisition :D
2014-11-14T14:47:34 <MaCharon> Oo
2014-11-14T14:48:25 <MaCharon> mouais j'ai vu un pote jouer a dragon age mais j'ai pas accroché
2014-11-14T14:48:51 <Gordfang> auquel? le 1 ou le 2
2014-11-14T14:48:53 <Gordfang> ?
2014-11-14T14:48:58 <MaCharon> les 2
2014-11-14T14:49:07 <Gordfang> k
2014-11-14T14:49:27 <Gordfang> tu aime les rpg?
2014-11-14T14:50:01 <MaCharon> ben en fait ça depend (de je sais pas trop quoi d'ailleur) ^^"
2014-11-14T14:50:29 <Gordfang> lol
2014-11-14T14:50:56 <Gordfang> hmm toi tes personnage féminin n'ont pas assez de bonnet
2014-11-14T14:51:04 <Gordfang> toi 'est trop
2014-11-14T14:51:11 <Gordfang> toi tes trop clair :D
2014-11-14T14:51:14 <MaCharon> flat is justice ! XD
2014-11-14T15:38:24 *** heuzef s'est connecté
2014-11-14T16:31:09 *** strycore s'est connecté
2014-11-14T16:31:19 <strycore> c'est ton chien heuzef ? http://media-cache-ec0.pinimg.com/736x/cc/b1/1f/ccb11f66dde47e9736f1f09afd5d5275.jpg
2014-11-14T16:33:29 *** adriens31 est parti
2014-11-14T16:36:51 *** heuzef est parti
2014-11-14T16:37:10 *** heuzef s'est connecté
2014-11-14T16:59:55 *** heuzef est parti
2014-11-14T18:08:15 <TrappyTickles> putain mais win7 est devenu une grosse merde quoi
2014-11-14T18:08:32 <TrappyTickles> ça fait plusieurs jours que ma femme a un truc sur le sien, j'ai jamais vu ça
2014-11-14T18:10:11 <TrappyTickles> d'un seul coup, après un certain temps, firefox ne veut plus charger de page web "conenxion réinitialisé" alors que le réseau marche très bien dessus, et le pc entier se met a ramer avec le cpu a 100%... et y a rien qui se passe pourtant
2014-11-14T18:27:16 <Gordfang> ta pas un virus ou une connerie?
2014-11-14T18:28:22 <TrappyTickles> avast a fait le vide, spybot a fait le vide et adwcleaner afait le vide, mais ça continue
2014-11-14T18:29:26 <Gordfang> google it?
2014-11-14T18:29:34 <TrappyTickles> google trouve rien
2014-11-14T18:29:41 <TrappyTickles> ou tu crois que j'suis allé voir en premier -_-
2014-11-14T18:30:02 <TrappyTickles> apparemment, je suis le seuil couillon a avoir ça sur la planète
2014-11-14T18:32:50 <TrappyTickles> ok maintenant c'est radicalement mieux:
2014-11-14T18:33:08 <TrappyTickles> elle avait deux touches coincées dans son clavier, j'ai fait un gros nettoyage dessus,
2014-11-14T18:33:11 <TrappyTickles> ça lag plus,
2014-11-14T18:33:18 *** adriens31 s'est connecté
2014-11-14T18:33:23 <TrappyTickles> mais toujorus pas de connexion sur ses navigateurs
2014-11-14T18:33:35 <TrappyTickles> alors que le réseau passe, y a skype et vnc qui passent
2014-11-14T18:34:14 <TrappyTickles> genre il reste 3 plombes sur "en attente de facebook", il te fait bien poireauter pendant 3min pour finalement dire "connexion réinitialisée
2014-11-14T18:34:39 <TrappyTickles> putain si elle jouait pas aux sims 3 je t'aurais foutu ça sur linux
2014-11-14T18:36:15 <TrappyTickles> putain mais ça n'a aucun sens.. y a aucun process au dessus de 10% à prendre le cpu, et là y a le cpu qui est à 100% en permanence!!
2014-11-14T18:48:05 *** Ambrocidus s'est connecté
2014-11-14T18:48:05 *** heuzef s'est connecté
2014-11-14T18:48:13 <Ambrocidus> Bonsoir!
2014-11-14T18:48:31 <heuzef> Yo =)
2014-11-14T18:48:36 <heuzef> Quel bon vent t'amène :D
2014-11-14T18:48:46 <heuzef> !muffin Ambrocidus
2014-11-14T18:48:49 <Ambrocidus> je suis au téléphone avec toi -_-
2014-11-14T18:48:53 <TrappyTickles> oi
2014-11-14T18:49:17 <Ambrocidus> Vous voulez un gros dossier sur heuzef?
2014-11-14T18:49:29 <MaCharon> balance totu !
2014-11-14T18:49:33 <MaCharon> tout*
2014-11-14T18:49:35 <Ambrocidus> Des*
2014-11-14T18:49:38 <Ambrocidus> En plus
2014-11-14T18:49:51 <Ambrocidus> Vous savez que heuzef va se marrier?
2014-11-14T18:50:03 <heuzef> :/
2014-11-14T18:50:05 <MaCharon> pas surpris
2014-11-14T18:50:17 <Ambrocidus> Mais vous saviez aussi que...
2014-11-14T18:50:36 <Gordfang> re
2014-11-14T18:50:37 <Ambrocidus> Alors? heuzef je balance tout ou tu m'envois un t shirt bronycub?
2014-11-14T18:50:45 <heuzef> Batard X)
2014-11-14T18:50:53 <Ambrocidus> :p
2014-11-14T18:50:59 <Gordfang> m'en faudrai un tiens
2014-11-14T18:51:00 <MaCharon> lol, ça c'est de la negociation XD
2014-11-14T18:51:00 <Ambrocidus> Tu as raison pour Applejack
2014-11-14T18:51:08 <Ambrocidus> Très honnete :D
2014-11-14T18:51:35 <Ambrocidus> Et je suis tellement généreux que je vais partager le dossier ;)
2014-11-14T18:51:50 <MaCharon> ouai !!!
2014-11-14T18:51:57 <Ambrocidus> Alors heuzef ?
2014-11-14T18:52:03 <heuzef> Bon sinon Stan nous à fait un super plan pour Toulouse :D
2014-11-14T18:52:08 <Ambrocidus> On fait le carton et on m'envois le t shirt?
2014-11-14T18:52:10 <heuzef> 8 hebergemen sur place dis donc
2014-11-14T18:52:13 <Ambrocidus> CHANGE PAS DE SUJET!
2014-11-14T18:52:18 <heuzef> C'est tentant
2014-11-14T18:53:01 <Ambrocidus> Déjà qu'il me demande une pute pour son anniv mais en plus pour le dossier, haaaaan
2014-11-14T18:53:18 <Ambrocidus> Alors heuzef ^^
2014-11-14T19:00:37 *** Bybeez s'est connecté
2014-11-14T19:00:44 <Bybeez> Salut
2014-11-14T19:01:45 <MaCharon> salut
2014-11-14T19:02:04 <Ambrocidus> Et apres tu dis que je ne suis pas gentil heuzef ?! je lache l'éponge
2014-11-14T19:02:10 *** Ambrocidus est parti
2014-11-14T19:06:29 <Bybeez> Comment ça va ?
2014-11-14T19:08:30 <MaCharon> ben perso je suis encore en mode grosse feignasse devant mon ordi
2014-11-14T19:09:08 <Bybeez> Xd, moi pareil (Je passe mon temps sur the binding of Isaac rebirth !!)
2014-11-14T19:14:20 <heuzef> Y'en à qui vont se laisser tenter pour aller à Toulouse du coup ? =)
2014-11-14T19:14:39 <Gordfang> pas moi désolé :(
2014-11-14T19:14:56 <MaCharon> moi a priori ça me dit rien
2014-11-14T19:21:10 *** adriens31 s'est connecté
2014-11-14T19:23:18 *** adriens33 est parti
2014-11-14T19:46:48 *** adriens31 est parti
2014-11-14T19:47:57 *** adriens33 s'est connecté
2014-11-14T19:48:22 *** heuzef est parti
2014-11-14T20:37:13 *** Yvan33 s'est connecté
2014-11-14T20:37:21 <Yvan33> Hello world
2014-11-14T20:37:31 <MaCharon> slt
2014-11-14T20:37:48 <Yvan33> Je créé des sorts pour Eco monde
2014-11-14T20:37:59 <Yvan33> Où il faut combiner des Eco pour y arriver
2014-11-14T20:38:05 <Yvan33> Classe non?
2014-11-14T20:39:02 <MaCharon> why not ^^
2014-11-14T20:41:56 <Yvan33> tu veux que j'entre un truc en particulier?
2014-11-14T20:43:13 <MaCharon> ben la j'ai pas trop d'idées
2014-11-14T20:43:22 <Yvan33> Tiens je te passe un qui devrait te plaire
2014-11-14T20:43:46 <Yvan33> __**Transcendance**__ //Eco Blanche + Eco Noire + 30 xp//
2014-11-14T20:43:47 <Yvan33> **Art interdit**
2014-11-14T20:43:47 <Yvan33> Les théoricien ont réussi à trouver par delà d’innombrable calcul terriblement complexe qu'il était possible d'atteindre un état temporaire qui dépassait l'entendement humain, car le magicien pourrait alors acquérir l'état de Dieu pendant un instant.\
2014-11-14T20:43:47 <Yvan33> Le lanceur peut connaitre n'importe quel information comme si il possédait 3 livres de connaissances, ou bien il peut lancer n'importe quel sort disponible comme si il était de niveau 3 \
2014-11-14T20:43:47 <Yvan33> Cependant, la personne utilisant ce pouvoir perd de l'expérience. Si il n'en a pas assez il perd un niveau avec 0 xp et ne peut rien faire le tour prochain (si le combat n'est pas déjà fini).
2014-11-14T20:44:36 <Gordfang> wtf?
2014-11-14T20:44:42 <Yvan33> Salut
2014-11-14T20:45:07 <Yvan33> C'est un jdr que Heuzef a créé
2014-11-14T20:45:22 <Yvan33> Et je suis le chinois qui fait tout le travail
2014-11-14T20:45:56 <MaCharon> ^^
2014-11-14T20:45:59 <Gordfang> oh
2014-11-14T20:46:05 <Gordfang> heuzef style quoi
2014-11-14T20:46:13 <Yvan33> Oui voila
2014-11-14T20:46:23 <Yvan33> Et comme je sis fier de mon travail
2014-11-14T20:46:28 <Yvan33> Je partage
2014-11-14T20:58:09 *** Yvan33 est parti
2014-11-14T23:40:44 *** Bybeez est parti
2014-11-14T23:47:08 *** Jinxypie s'est connecté
2014-11-14T23:47:11 <Jinxypie> http://img-9gag-ftw.9cache.com/photo/azLdn9m_460s.jpg
2014-11-14T23:47:57 <MaCharon> ouai je l'avais vu il est pas mal foutu
2014-11-14T23:53:18 <adriens33> c'est immonde T.T
2014-11-14T23:54:58 *** TrappyTickles est parti
