2014-12-24T00:12:01 *** Sworky s'est connecté
2014-12-24T00:12:10 <Sworky> Salut
2014-12-24T00:12:54 *** Sworky est parti
2014-12-24T00:23:06 *** adriens33 est parti
2014-12-24T00:25:07 *** ELiDYROS s'est connecté
2014-12-24T00:27:23 *** adriens33 s'est connecté
2014-12-24T01:04:46 *** MaCharon est parti
2014-12-24T04:31:09 *** ELiDYROS est parti
2014-12-24T08:37:31 *** heuzef s'est connecté
2014-12-24T09:16:11 *** heuzef est parti
2014-12-24T09:16:23 *** heuzef s'est connecté
2014-12-24T09:21:24 *** TrappyTickles s'est connecté
2014-12-24T10:44:08 <adriens33> bonjour les gens :)
2014-12-24T11:05:28 <TrappyTickles> oi
2014-12-24T11:11:41 <heuzef> Yo
2014-12-24T11:11:55 <heuzef> Mdr finalement ils ont lancer leur Forum les toulonais j'y crois pas !
2014-12-24T11:12:16 <heuzef> brony-crusaders.fr
2014-12-24T11:12:30 <heuzef> Je lui donne pas 6 mois à vivre :D
2014-12-24T11:29:21 *** TrappyTickles est parti
2014-12-24T13:26:55 *** MaCharon s'est connecté
2014-12-24T13:27:05 <MaCharon> salut
2014-12-24T13:30:37 <heuzef> yosh
2014-12-24T14:06:38 *** flutterbrony s'est connecté
2014-12-24T14:09:20 *** heuzef1 s'est connecté
2014-12-24T14:10:38 *** heuzef est parti
2014-12-24T15:24:01 *** Gordfang s'est connecté
2014-12-24T15:24:14 <Gordfang> yo!
2014-12-24T15:24:25 <MaCharon> salut
2014-12-24T16:02:04 *** Bybeez s'est connecté
2014-12-24T16:02:10 <Bybeez> Salut bande de chocolatines !
2014-12-24T16:02:30 <MaCharon> salut le pain au chocolat
2014-12-24T16:02:37 <heuzef1> Pain aux chocolat*
2014-12-24T16:02:40 <Bybeez> Hey !
2014-12-24T16:03:20 <Bybeez> Je suis pas un pain au chocolat, je suis une chocolatine moi, c'est heuzef le pain au chocolat !!
2014-12-24T16:03:24 <heuzef> Tu t'es cru dans le sud de la france pour dire n'importe quoi ? :D
2014-12-24T16:03:47 <MaCharon> j'aime bien casser les couilles
2014-12-24T16:04:00 <Gordfang> c'est chocolatine maintenant fermé vos gueulle
2014-12-24T16:04:08 <Bybeez> BronyCUB, Communauté Urbaine de Bordeaux !! (Bordeaux, ville du Sud de la France)
2014-12-24T16:04:16 <Bybeez> ;p
2014-12-24T16:04:39 <heuzef> Non, Bordeaux c'est la limite pile poile du nord de la france, donc => pain au chocolat
2014-12-24T16:04:54 <Bybeez> Absolument pas
2014-12-24T16:05:01 <Gordfang> sauf que c'est la limite du sud aussi du coup
2014-12-24T16:05:06 <Gordfang> donc chocolatine
2014-12-24T16:05:31 <heuzef> Bybeez alors t'avance bien sur l'accueil ?
2014-12-24T16:05:39 <heuzef> On peux voir ? :D
2014-12-24T16:06:11 <Bybeez> Tranquillement, je vais bosser plus après noël (entre l'achat des cadeau etc..)
2014-12-24T16:06:16 <Gordfang> ce changement de sujet XD
2014-12-24T16:06:33 <heuzef> Gordfang: je t'es filé l'accès : https://docs.google.com/document/d/1ykzf3YsXzOTiAbpWen4tu-xy9Jlg0Z99CBgdb8-woyU/edit
2014-12-24T16:06:53 *** ELiDYROS s'est connecté
2014-12-24T16:07:21 <Bybeez> Il faut que je vvois avec Tsume, comment exactement il comptait faire pour utiliser Berry et tout
2014-12-24T16:07:30 <Bybeez> Salut EliDYROS
2014-12-24T16:08:01 <heuzef> D’ailleurs petite question technique
2014-12-24T16:08:16 <heuzef> le mini-site on va le branler comment ?
2014-12-24T16:08:20 <heuzef> Plusieurs pages ?
2014-12-24T16:08:32 <heuzef> Une seul mega page en style one-page ?
2014-12-24T16:08:39 <Bybeez> C'est pour ça, je vais voir avec lui exactement son idée
2014-12-24T16:11:11 <heuzef> On fait ça comme un diaporama ou plus comme une navigation ?
2014-12-24T16:11:28 <heuzef> La navigation a du bon, mais j'aimerais éviter l'effet tl;dr
2014-12-24T16:11:45 <Bybeez> C'est son idée, pas la mienne, j'attend qu'il me réponde, qu'on puisse voir comment on le gère
2014-12-24T16:14:24 <ELiDYROS> Salut Bybeez
2014-12-24T16:15:07 <heuzef> Bybeez: que pense tu d'un truc comme ça http://tympanus.net/Development/DraggableDualViewSlideshow/
2014-12-24T16:15:44 <heuzef> Comme ça y'a le gros titre, et on appuie sur BAS pour avoir les détails
2014-12-24T16:16:28 <Bybeez> C'est sympa, après je sais pas exactement ce que veut faire Tsume je peux pas être sur que ce soit parfait, mais j'aime bien il y a moyen de faire un truc bien
2014-12-24T16:18:46 <heuzef> J'ai juste peur que ce soit trop compliqué pour les gens :( Du coup on pourrais partir sur un truc plus simple : http://tympanus.net/Development/WobblySlideshowEffect/
2014-12-24T16:18:53 <heuzef> Slide classique
2014-12-24T16:20:09 <Bybeez> Faut voir, l'avantage du premier et que ça peremet d'avoir les textes en bas, mais c'est vrai que si on ne le sait pas ...
2014-12-24T16:20:29 <heuzef> Ne pas faire confiance à l'utilisateur ;)
2014-12-24T16:20:39 <Bybeez> Jamais !
2014-12-24T16:52:56 *** MaCharon est parti
2014-12-24T17:10:07 <heuzef> Faut réserver pour le repas du nouvel an ! Faite signe =)
2014-12-24T17:20:13 <adriens33> ah, vais ptet venir moi.. ^^
2014-12-24T17:20:50 <heuzef> A la bonne heure ;) Fait lui une réponse sur la ML (il est abonné)
2014-12-24T17:23:12 *** ELiDYROS est parti
2014-12-24T17:36:33 *** adriens33 est parti
2014-12-24T17:49:55 *** adriens33 s'est connecté
2014-12-24T17:59:10 *** heuzef est parti
2014-12-24T17:59:47 *** Gordfang est parti
2014-12-24T18:08:42 *** adriens33 est parti
2014-12-24T18:26:15 *** adriens33 s'est connecté
2014-12-24T18:37:11 *** ELiDYROS s'est connecté
2014-12-24T21:08:14 *** ELiDYROS est parti
