2014-06-30T00:00:02 <Rei> ok lud'
2014-06-30T00:00:10 <ludvann> This one to yiung
2014-06-30T00:00:14 <ludvann> Young*
2014-06-30T00:00:35 <adriens33> *too
2014-06-30T00:00:35 <ValCab33> Pardon, c'est "One tou really make her heart soar"
2014-06-30T00:00:40 <adriens33> *to
2014-06-30T00:00:43 <ValCab33> *too
2014-06-30T00:00:48 <ValCab33> *to
2014-06-30T00:00:50 <ludvann> ^^
2014-06-30T00:00:51 <adriens33> ^^
2014-06-30T00:00:52 <ValCab33> Dangit
2014-06-30T00:00:53 <ludvann> XD
2014-06-30T00:01:12 <ValCab33> This one's too old
2014-06-30T00:01:28 <ValCab33> He clearly has a terrible cold
2014-06-30T00:01:44 <ludvann> Suis sur mobile :'(
2014-06-30T00:01:55 <ValCab33> Me too
2014-06-30T00:02:00 *** flutterbrony est parti
2014-06-30T00:02:15 <ludvann> Et j'ai un mauvais karma...
2014-06-30T00:02:41 <Rei> nyuh
2014-06-30T00:02:59 <adriens33> je vais aller dodo
2014-06-30T00:03:04 <adriens33> bonne nuit tout le monde :)
2014-06-30T00:03:09 <ludvann> Nyan nyan nyan nyan, mi a mo nyan
2014-06-30T00:03:10 <ValCab33> Neunuit
2014-06-30T00:03:19 <ludvann> Go detch mi a mo nyan
2014-06-30T00:03:19 <Rei> bye adrien^^
2014-06-30T00:03:22 <adriens33> bye
2014-06-30T00:03:23 <ludvann> @+
2014-06-30T00:03:27 *** adriens33 est parti
2014-06-30T00:03:43 <ludvann> (Derpy nyan dance)
2014-06-30T00:03:53 <ValCab33> Wait a minute, are ya talkin' about ma brother ?
2014-06-30T00:04:00 <ludvann> ?
2014-06-30T00:04:05 <ludvann> Derpy ?
2014-06-30T00:04:20 <ludvann> Ah ok xD
2014-06-30T00:04:25 <ValCab33> C'est la fin de 'The perfect Stallion'
2014-06-30T00:04:32 <ludvann> ^^
2014-06-30T00:04:36 <ludvann> Eeyup
2014-06-30T00:04:50 <ValCab33> J'avais la flemme te mettre le reste x)
2014-06-30T00:05:36 *** BadWolf est parti
2014-06-30T00:05:37 <ludvann> :)
2014-06-30T00:05:39 <ValCab33> Bon, prenons une chanson au pif dans le répertoire mlp...
2014-06-30T00:05:56 <ludvann> Badwolf bug ?
2014-06-30T00:06:11 *** flutterbrony s'est connecté
2014-06-30T00:06:22 <ludvann> My name is pinkie pie...
2014-06-30T00:06:34 <flutterbrony> re
2014-06-30T00:06:39 <ludvann> Re
2014-06-30T00:06:49 <ValCab33> And I am here to say
2014-06-30T00:07:03 <ludvann> Hello !
2014-06-30T00:07:21 <ludvann> How you doin' ?
2014-06-30T00:07:32 <Rei> bon je vous laisse je vais essayer d'aller dormir.. si j'y arrive..
2014-06-30T00:07:38 <ludvann> Smile smile !
2014-06-30T00:07:44 <ValCab33> Im gonna make you smile and I will brighten up your daay
2014-06-30T00:07:44 <ludvann> ^^
2014-06-30T00:07:53 <ludvann> Dors bien rei
2014-06-30T00:07:59 <ValCab33> Neunuit
2014-06-30T00:08:07 <ludvann> Bizou ô rat ?
2014-06-30T00:08:15 <ValCab33> It doesnt matter now
2014-06-30T00:08:30 <ValCab33> If you are sad or bloom
2014-06-30T00:08:34 <Rei> thankuu les gens^^ oui, j'ai fait un bisou a dedenne pour toi Ludvann^^
2014-06-30T00:08:47 <ludvann> Yay
2014-06-30T00:09:00 *** Rei est parti
2014-06-30T00:09:13 <ValCab33> As cheering up my friends is just whats pinkie's here to do...
2014-06-30T00:09:26 <ludvann> Tu as les paroles ?
2014-06-30T00:09:40 <ValCab33> Cause I love to make you smile smile smile
2014-06-30T00:09:52 <ValCab33> Non je le fait à l'oreille ^^
2014-06-30T00:09:58 <ludvann> ^^
2014-06-30T00:10:17 *** MaCharon est parti
2014-06-30T00:10:42 <ludvann> Stop the bat,  stop the bat, let them go never come back *bis
2014-06-30T00:11:38 <ValCab33> Those vampire  bats will give you a fright, eatin' apple both day and night
2014-06-30T00:11:54 <ludvann> En vf please...
2014-06-30T00:12:21 <ValCab33> They rest for a minute, maybe three then they're eatin' every apple in your apple tree
2014-06-30T00:12:35 <ValCab33> VF :s
2014-06-30T00:12:43 <ludvann> XD
2014-06-30T00:12:54 <ValCab33> VO >>>>> VF
2014-06-30T00:13:21 <ludvann> x1000^990447946842479
2014-06-30T00:13:29 <ValCab33> They dont care about nada, no zilch, no nothin'
2014-06-30T00:14:40 <ValCab33> -Fluttershy- Now wait just a minute, there's another side to this
2014-06-30T00:15:07 <ValCab33> And if I do not defend them, then I would be remiss
2014-06-30T00:15:44 <ValCab33> Ahem, jecrois que je vais m'arreter là, ca part un peu trop loin x)
2014-06-30T00:17:01 <ValCab33> Bon allez, une autre au pif
2014-06-30T00:17:05 <ludvann> Meuh nan ^^
2014-06-30T00:17:19 <ValCab33> A little glass of water pliz
2014-06-30T00:17:30 <ludvann> My little pony
2014-06-30T00:17:41 <ludvann> My little
2014-06-30T00:17:41 <ValCab33> A fresh pressed hanky if I sneeze
2014-06-30T00:18:01 <ValCab33> Some tea with honey from the bees
2014-06-30T00:18:17 <ValCab33> Whenever you can brew it
2014-06-30T00:18:38 <ValCab33> And while I get a little rest
2014-06-30T00:18:51 <ValCab33> A teeny tiny small request
2014-06-30T00:19:06 <ValCab33> Some codfish oil, for my chest
2014-06-30T00:19:17 <ValCab33> Poured from a crystal cruet
2014-06-30T00:19:37 <ludvann> 3, 2, 1
2014-06-30T00:19:42 <ludvann> My name is Pinkie Pie (Hello!)
2014-06-30T00:19:42 *** ludvann est parti
2014-06-30T00:19:58 <ValCab33> *blabla rapide et incompréhensible*
2014-06-30T00:20:39 <ValCab33> Wait what ?
2014-06-30T00:20:45 *** ludvann s'est connecté
2014-06-30T00:20:48 <ludvann> Re
2014-06-30T00:21:05 <ludvann> ^^
2014-06-30T00:21:06 <ValCab33> Comment t'as pu te faire kick pour flood ? x)
2014-06-30T00:21:19 <ludvann> Flood
2014-06-30T00:21:26 <ludvann> Big text...
2014-06-30T00:21:35 <ValCab33> Oh
2014-06-30T00:21:49 <ludvann> ?
2014-06-30T00:21:58 <ValCab33> Ok
2014-06-30T00:22:03 <ValCab33> *
2014-06-30T00:22:05 <ludvann> ?
2014-06-30T00:23:08 <ludvann> Je sens que cette nuit va être une onche party, réveiller les gens, faire du bruits, bela bela bela
2014-06-30T00:23:27 <ludvann> Courage it's morphit et choco
2014-06-30T00:23:53 <ValCab33> Tiens, la suivante n'es pas de mlp
2014-06-30T00:24:00 <ludvann> ^^
2014-06-30T00:24:06 <ludvann> o
2014-06-30T00:24:21 <ValCab33> Living tombstone
2014-06-30T00:24:27 <ludvann> Comme t'es moche, comme t'es moche
2014-06-30T00:24:41 <ludvann> Comme t'es les dents jaunes
2014-06-30T00:24:44 <ValCab33> ??
2014-06-30T00:24:55 <ludvann> Comme t'es insouciant
2014-06-30T00:25:06 <ludvann> Comle t'es incompétant
2014-06-30T00:25:15 <ValCab33> I can't sit idly no I can't move at all...
2014-06-30T00:25:25 <ludvann> Comme il est décontracté...
2014-06-30T00:25:33 <ValCab33> I curse the name the one behind it all....
2014-06-30T00:25:40 <ludvann> Discord !
2014-06-30T00:25:44 <ValCab33> Discord, I'm howlin' at the moon, and sleeping in the middle of a summer afternoon...
2014-06-30T00:26:22 <ValCab33> Discord! Whatever did we do to make you take our world awaaay ?
2014-06-30T00:27:08 <ValCab33> Discord! Are we your prey alone, or are we just a stepping stone for taking back the throne
2014-06-30T00:27:46 <ValCab33> Discord! We wont take it anymore, so take your tyranny awaaayy !
2014-06-30T00:28:57 <ValCab33> Im fine with changing status quo, but not with letting go, now the world is being torn apart
2014-06-30T00:29:27 <ValCab33> A terrible catastrophe played by your symphony
2014-06-30T00:29:42 <ValCab33> What a terrifying work of art
2014-06-30T00:30:14 <ValCab33> I can't sit idly no I can't move at all...
2014-06-30T00:30:30 <ValCab33> I curse the name the one behind it all....
2014-06-30T00:30:41 <ValCab33> [Refrain]
2014-06-30T00:30:52 <ValCab33> Bon je stop flood.
2014-06-30T00:30:58 <ludvann> Tu vas sur le 15-18 et tu connais pas la onche party ?
2014-06-30T00:31:15 <ludvann> ^^
2014-06-30T00:31:33 <ValCab33> Je vais pas sur le 15-18
2014-06-30T00:31:38 <ludvann> ^^
2014-06-30T00:31:42 <ludvann> https://m.youtube.com/watch?v=XHdNS1Q_vVc
2014-06-30T00:31:49 <ValCab33> C'est des fous là bas
2014-06-30T00:31:54 <ludvann> XD
2014-06-30T00:31:59 <ludvann> +1
2014-06-30T00:32:47 <ValCab33> Je reste sur un petit forum privé
2014-06-30T00:32:57 <ludvann> :)
2014-06-30T00:32:59 <ValCab33> Et sur celui de ACJA
2014-06-30T00:33:27 <ValCab33> :hap:
2014-06-30T00:34:20 <ludvann> Onche
2014-06-30T00:34:36 <ValCab33> Tu veux du ponche ?
2014-06-30T00:34:53 <ludvann> Onche ^^
2014-06-30T00:35:07 <ValCab33> Need a song in my headphones
2014-06-30T00:35:15 <ludvann> https://m.youtube.com/watch?v=XHdNS1Q_vVc
2014-06-30T00:35:20 <ValCab33> Nothx
2014-06-30T00:35:51 <ValCab33> Je m'attendais à ce que tu rebalances le lien xD
2014-06-30T00:36:31 <ValCab33> http://youtu.be/t_bTiNqPWXQ
2014-06-30T00:36:37 <ludvann> ^^
2014-06-30T00:38:35 <ludvann> XD
2014-06-30T00:39:15 <ludvann> C'est un missile de corée du nord ?
2014-06-30T00:40:14 <ValCab33> Idk
2014-06-30T00:40:31 <Letarumavza> Punaise, j'ai tellement la tête dans le cul que je vois mes dents...
2014-06-30T00:40:41 <ludvann> XD
2014-06-30T00:40:52 <ludvann> Pink...
2014-06-30T00:40:57 <ludvann> Fluffy
2014-06-30T00:41:17 * ludvann regarde une video et regarde plus l'irc
2014-06-30T00:41:35 <ValCab33> FPMV: "PFUDOR" : http://youtu.be/qRC4Vk6kisY
2014-06-30T00:42:16 <ValCab33> Dangit, j'ai oublié d'enlever le titre :c
2014-06-30T01:06:28 <Letarumavza> Tien flo n'a toujours pas adapté les modifs, sur le site.
2014-06-30T01:11:11 *** Eclipse2212 s'est connecté
2014-06-30T01:11:16 <Eclipse2212> Coucou!
2014-06-30T01:12:46 <ValCab33> Hi
2014-06-30T01:15:15 <Eclipse2212> Y sont tous afk?
2014-06-30T01:23:05 <Eclipse2212> Ou y'a que toi?
2014-06-30T01:26:26 *** Eclipse2212 est parti
2014-06-30T01:34:55 <Letarumavza> ZZZzzzz
2014-06-30T01:35:51 *** Gordfang est parti
2014-06-30T01:46:09 * Berry-Punch lance des muffins sur tout le monde
2014-06-30T01:51:41 <ludvann> Neuh nuit
2014-06-30T01:51:43 <ludvann> @+
2014-06-30T01:51:46 *** ludvann est parti
2014-06-30T01:51:52 <ValCab33> Neunuit
2014-06-30T01:51:56 *** ValCab33 est parti
2014-06-30T01:54:14 <flutterbrony> encore du monde ?
2014-06-30T01:54:34 <flutterbrony> j'ai pas encore réussi avec mon appli moi ...
2014-06-30T02:00:40 *** BadWolf s'est connecté
2014-06-30T03:30:06 *** flutterbrony est parti
2014-06-30T05:24:31 *** Letarumavza est parti
2014-06-30T07:13:19 *** Rei s'est connecté
2014-06-30T07:13:31 <Rei> Chalut
2014-06-30T07:17:11 <Rei> Berry-Punch?
2014-06-30T07:17:11 <Berry-Punch> Rei: Hmm ? *hic* 
2014-06-30T07:17:38 <Rei> Je m'amuse avec Berry-Punch
2014-06-30T07:17:50 <Rei> Je m'amuse avec @Berry-Punch
2014-06-30T07:17:57 <Rei> XD
2014-06-30T07:23:16 <Rei> bon bah a plus tard XD
2014-06-30T07:23:20 *** Rei est parti
2014-06-30T08:33:35 *** BadWolf est parti
2014-06-30T09:08:42 *** heuzef s'est connecté
2014-06-30T09:22:32 *** adriens33 s'est connecté
2014-06-30T09:22:48 <heuzef> yop
2014-06-30T09:22:51 <adriens33> hellow
2014-06-30T09:29:08 *** heuzef est parti
2014-06-30T09:34:21 *** Gordfang s'est connecté
2014-06-30T09:38:29 <adriens33> hello
2014-06-30T09:46:52 <Gordfang> lu
2014-06-30T10:21:37 <Gordfang> http://imgur.com/account/favorites/ULazua9
2014-06-30T10:21:42 <Gordfang> regarde ce qui a pop sur imgur ^^
2014-06-30T10:21:45 <Gordfang> ah merde attend
2014-06-30T10:21:57 <Gordfang> http://imgur.com/gallery/ULazua9 la sa va marcher
2014-06-30T10:23:34 <adriens33> ^^
2014-06-30T10:31:08 *** ValCab33 s'est connecté
2014-06-30T10:31:21 <ValCab33> Hello
2014-06-30T10:33:24 <Gordfang> lu
2014-06-30T10:34:56 <adriens33> hello ValCab33
2014-06-30T10:40:47 *** adriens33 est parti
2014-06-30T10:41:52 *** ludvann s'est connecté
2014-06-30T10:42:02 <ludvann> Niorph
2014-06-30T10:44:21 <Gordfang> lu
2014-06-30T10:44:54 *** adriens33 s'est connecté
2014-06-30T10:45:01 *** Gordfang est parti
2014-06-30T10:45:09 <adriens33> re
2014-06-30T10:45:11 <adriens33> bug
2014-06-30T10:45:20 <adriens33> salut ludvann :)
2014-06-30T10:46:34 <ludvann> Ça  va ?
2014-06-30T10:46:55 <adriens33> ouai
2014-06-30T10:47:07 <ValCab33> Hi
2014-06-30T10:47:22 <ludvann> Toujours au boulot ?
2014-06-30T10:47:25 <adriens33> benwai
2014-06-30T10:47:37 <ludvann> :'(
2014-06-30T10:48:16 <adriens33> quoi ?
2014-06-30T10:48:42 <ludvann> Rien
2014-06-30T10:49:15 <ludvann> Chuis crevé xD
2014-06-30T10:50:36 <ludvann> Et je saigne du nez...
2014-06-30T10:51:09 <adriens33> arf
2014-06-30T10:51:13 <adriens33> pas "coule"
2014-06-30T10:51:17 <ValCab33> ...
2014-06-30T10:51:25 <adriens33> désolé
2014-06-30T10:51:39 <adriens33> "vanne" pourrie
2014-06-30T10:51:50 <ludvann> ...
2014-06-30T10:52:15 <ludvann> Taykon
2014-06-30T11:01:06 *** Gordfang s'est connecté
2014-06-30T11:01:09 <adriens33> re
2014-06-30T11:02:10 <Gordfang> re
2014-06-30T11:09:07 <ludvann> Re
2014-06-30T11:23:07 <ludvann> Je re dans 1/2h
2014-06-30T11:23:09 <ludvann> @+
2014-06-30T11:23:15 <adriens33> ok @+ :)
2014-06-30T11:30:52 *** ludvann est parti
2014-06-30T11:57:06 *** ludvann s'est connecté
2014-06-30T11:57:11 <adriens33> re
2014-06-30T11:57:13 <ludvann> Re !
2014-06-30T11:57:13 <adriens33> :)
2014-06-30T11:57:38 <ludvann> Crevé par le vélo :/
2014-06-30T12:01:39 <ludvann> Ton boulot consiste à quoi adriens33 ? (Rapido :) )
2014-06-30T12:02:07 <adriens33> je suis dans une boite qui code / maintient des logiciels pour d'autres entreprises
2014-06-30T12:02:14 <adriens33> (ce qu'on appelle une SSII)
2014-06-30T12:02:36 <ludvann> Ok
2014-06-30T12:02:54 <ludvann> C'est sympa / chiant ?
2014-06-30T12:03:12 <adriens33> boarf, les gens sont sympas mais le java me sort par les yeux :p
2014-06-30T12:03:25 <ludvann> ^^
2014-06-30T12:03:26 <adriens33> (bon y'a pas que ça, heureusement)
2014-06-30T12:03:36 <ludvann> Java ?
2014-06-30T12:03:41 <ludvann> Beuargh
2014-06-30T12:03:50 <ludvann> Beuarghk*
2014-06-30T12:04:16 <adriens33> ^^
2014-06-30T12:04:32 <adriens33> ben quand tu bosse, c'est le truc qu'est le plus utilisé en entreprise
2014-06-30T12:04:35 <adriens33> donc faut faire avec
2014-06-30T12:04:40 <ludvann> Ah...
2014-06-30T12:04:50 <adriens33> c'est moche, mal foutu, lent, buggué
2014-06-30T12:04:53 <adriens33> mais très répandu
2014-06-30T12:05:02 <ludvann> Comme minecraft
2014-06-30T12:05:06 <adriens33> (comme un certain système d'exploitation que je ne nommerais pas :p)
2014-06-30T12:05:06 <ludvann> XD
2014-06-30T12:05:22 <adriens33> (mc est en java donc bon…)
2014-06-30T12:05:28 <ludvann> Ou minecraft xD
2014-06-30T12:05:36 <adriens33> (faire un logiciel bien fait et qui buggue pas en java c'est pas possible XD
2014-06-30T12:05:38 <adriens33> )
2014-06-30T12:05:42 <ludvann> [12:05] (+adriens33) c'est moche, mal foutu, lent, buggué
2014-06-30T12:06:04 <ludvann> <- minecraft
2014-06-30T12:06:09 <adriens33> mc est plus si lent que ça
2014-06-30T12:06:17 <adriens33> ils ont vachement bien bossé chez mojang
2014-06-30T12:06:26 <adriens33> et pis c'est pas moche, moi j'aime bien le style.
2014-06-30T12:06:41 <adriens33> (bon, j'ai un peu un pack de textures différentes des textures de base aussi ^^)
2014-06-30T12:06:41 <ludvann> Ils l'optimisent quand ?
2014-06-30T12:06:47 <adriens33> ben il l'est déjà…
2014-06-30T12:06:58 <adriens33> mais faire un truc léger en java c'est techniquement impossible
2014-06-30T12:07:04 <adriens33> tu peux pas gérer la mémoire toi même
2014-06-30T12:07:11 <adriens33> si java décide de pas libérer ce que tu utilise
2014-06-30T12:07:13 <adriens33> tu peux pas le forcer
2014-06-30T12:07:16 <ludvann> Ils sont bon pour rajouter un mouton transgénique et c'est tout...
2014-06-30T12:07:26 <ludvann> ^^
2014-06-30T12:07:33 <adriens33> ouais, pour les innovation c'est clair.
2014-06-30T12:07:44 <adriens33> par contre pour un jeu 3D en java c'est pas si lent que ça…
2014-06-30T12:08:00 <ludvann> Et les bugs de lumières ?
2014-06-30T12:08:19 <ludvann> Depuis la beta...
2014-06-30T12:08:19 <adriens33> bah, le raytracing en temps réel c'est pas encore possible
2014-06-30T12:08:27 <adriens33> (pas avec les moteurs actuels)
2014-06-30T12:08:41 <adriens33> avec un moteur 3D (je parle du niveau directx/opengl)
2014-06-30T12:08:45 <adriens33> en vectoriel
2014-06-30T12:08:46 <ludvann> Ce que j'adore moi:
2014-06-30T12:08:49 <adriens33> miam miam !
2014-06-30T12:09:10 <adriens33> (vu que le raytracing c'est du traçage des rayons de lumière, donc des vecteurs)
2014-06-30T12:09:25 <adriens33> bon, je vais aller chasser le manger, je re
2014-06-30T12:09:25 <Berry-Punch> Bon appétit, adriens33 :D *hic* 
2014-06-30T12:09:32 <ludvann> Ils créent un bugs qui n'a strictement rien n'a voir avec l'ajout qu'ils font...
2014-06-30T12:09:39 * adriens33 is afk (miam)
2014-06-30T12:09:45 <ludvann> @+
2014-06-30T12:10:45 <ludvann> ValCab33
2014-06-30T12:11:11 <ludvann> Je te conseil l'app Android pour ksp :)
2014-06-30T12:11:32 <ValCab33> Je l'ai dl ;)
2014-06-30T12:11:54 <ludvann> Et alors ?
2014-06-30T12:12:09 <ludvann> (Kerbal space app)
2014-06-30T12:13:04 <ValCab33> Ca a l'air utile... pour ceux qui font des trucs précis x)
2014-06-30T12:13:16 <ValCab33> Moi j'y vais à l'arrache
2014-06-30T12:13:18 <ValCab33> :p
2014-06-30T12:13:20 <ludvann> XD
2014-06-30T12:13:51 <ludvann> Ou savoir si tu peux envoyer un avion ^^
2014-06-30T12:14:32 <ValCab33> Ben à part sur Kerbin et sur Laythe...
2014-06-30T12:14:53 <ludvann> Ouais ok zt
2014-06-30T12:15:01 <ludvann> Et alors ?
2014-06-30T12:15:05 <ludvann> ^^
2014-06-30T12:16:15 <ludvann> Je vais aller miam
2014-06-30T12:16:15 <Berry-Punch> Bon appétit, ludvann *hic* :D
2014-06-30T12:16:30 * ludvann is going to miam
2014-06-30T12:16:30 <Berry-Punch> Bon appétit, ludvann :D *hic* 
2014-06-30T12:24:20 *** wildfier s'est connecté
2014-06-30T12:29:21 <wildfier> salut
2014-06-30T12:39:12 <adriens33> re tout le monde
2014-06-30T12:39:14 <adriens33> salut wildfier
2014-06-30T12:39:31 <ValCab33> Hi
2014-06-30T12:40:37 *** BadWolf s'est connecté
2014-06-30T12:43:23 <adriens33> hellow :)
2014-06-30T12:43:34 *** flutterbrony s'est connecté
2014-06-30T12:44:21 <flutterbrony> salut Berry-Punch, t'as déjà mangé ?
2014-06-30T12:44:41 <flutterbrony> ah non, c'est vrai, t'as bu oti ^^
2014-06-30T12:44:49 <flutterbrony> T'as bu toi x)
2014-06-30T12:44:53 <Berry-Punch> j'ai *hic* mangé et j'ai bu tout ce que je pouvais ^^
2014-06-30T12:49:11 <adriens33> T'as bu toi x) erama.com/magazine/29852-facebook-a-teste-sa-capacite-de-manipulation-mentale-des-foules.html
2014-06-30T12:49:13 <adriens33> …
2014-06-30T12:49:47 <adriens33> fail copier coller …http://www.numerama.com/magazine/29852-facebook-a-teste-sa-capacite-de-manipulation-mentale-des-foules.html
2014-06-30T12:49:50 <adriens33> désolé
2014-06-30T12:52:18 *** wildfier est parti
2014-06-30T13:24:59 *** BadWolf est parti
2014-06-30T13:47:56 *** ludvann est parti
2014-06-30T14:08:37 *** ludvann s'est connecté
2014-06-30T14:08:42 <ludvann> Yo !
2014-06-30T14:09:03 <ludvann> Ou re ^^
2014-06-30T14:09:12 <adriens33> re
2014-06-30T14:17:03 <ValCab33> Reu
2014-06-30T14:19:26 <Gordfang> re
2014-06-30T14:22:46 <ludvann> Le mal c'est pas bien...
2014-06-30T14:27:28 <adriens33> ^^
2014-06-30T14:30:58 *** flutterbrony est parti
2014-06-30T14:33:58 *** wildfier s'est connecté
2014-06-30T14:33:59 <wildfier> re !
2014-06-30T14:35:52 <adriens33> re
2014-06-30T14:43:23 *** ludvann est parti
2014-06-30T14:44:56 *** Shinsaber s'est connecté
2014-06-30T14:45:24 <Shinsaber> Salut /)
2014-06-30T14:48:54 <adriens33> hello
2014-06-30T14:49:22 *** ludvann s'est connecté
2014-06-30T14:49:39 <ludvann> Re
2014-06-30T14:53:20 <adriens33> je re
2014-06-30T14:53:22 *** adriens33 est parti
2014-06-30T14:54:12 *** wildfier est parti
2014-06-30T14:57:09 *** wildfier s'est connecté
2014-06-30T15:11:56 *** ludvann est parti
2014-06-30T15:15:42 *** ludvann s'est connecté
2014-06-30T15:35:48 <Shinsaber> *huc*
2014-06-30T15:38:29 <ludvann> *hac* !
2014-06-30T15:39:42 *** flutterbrony s'est connecté
2014-06-30T15:39:46 <flutterbrony> re
2014-06-30T15:41:59 *** adriens33 s'est connecté
2014-06-30T15:42:02 <adriens33> re
2014-06-30T15:42:24 <Shinsaber> re
2014-06-30T15:42:55 <flutterbrony> re
2014-06-30T15:43:24 <ludvann> Re
2014-06-30T15:51:24 <wildfier> hey flutterbrony
2014-06-30T15:51:32 <flutterbrony> oui ?
2014-06-30T15:52:04 <wildfier> tu connaitrai pas l'adresse de serv privé de LoE par hasard ? j'aimerai bien le tester
2014-06-30T15:52:51 <flutterbrony> oui la mienne ^^
2014-06-30T15:53:06 <wildfier> comment on fait pour s'y co ?
2014-06-30T15:53:12 <flutterbrony> mais il faut que je le redémmarre, je l'avais arrêté pour mon bac ^^
2014-06-30T15:53:27 <flutterbrony> T'es sur windows ou linux ?
2014-06-30T15:53:30 <wildfier> linux
2014-06-30T15:53:49 <wildfier> d'ailleurs, ils sont up les serv officiels ?
2014-06-30T15:54:22 <flutterbrony> ok, alors il faut que tu télécharge la dernière version que j'ai compilé pour linux hier : http://www.deviantart.com/users/outgoing?https://mega.co.nz/#!UVE2kDDL!ZZGRthCSTXMyb4h0h-defQLrPur7lMQA41LnmTB3IsQ
2014-06-30T15:54:44 <flutterbrony> oui je me suis pas embêté avec mon vulgaire copié/collé ^^
2014-06-30T15:54:58 <flutterbrony> Tu as déjà le jeu ou pas
2014-06-30T15:55:01 <wildfier> oui
2014-06-30T15:55:18 <wildfier> j'aurai juste besoin de l'ip du serv
2014-06-30T15:55:27 <flutterbrony> ok alors fais-en une copie (au cas ou)
2014-06-30T15:55:28 <wildfier> et de savoir comment dire au jeu d'utiliser cette ip
2014-06-30T15:56:04 <flutterbrony> tu met juste ce que je t'ai passé a telechargé dans les dossiers du jeu
2014-06-30T15:56:42 <flutterbrony> dedans tu dois avoir /LoE_Data, /Data, et les autres fichiers ^^
2014-06-30T15:57:25 <flutterbrony> attends, je regarde si j'ai pas oublié de mettre le patch avec ...
2014-06-30T15:57:47 <flutterbrony> 'ai un doute si j'ai mit les dll patché ou pas
2014-06-30T15:57:56 <wildfier> mais tu me fais setup le serv privé ?
2014-06-30T15:58:23 <flutterbrony> oui pourquoi ?
2014-06-30T15:58:35 <wildfier> bas y a pas de serv qui tournent déjà ?
2014-06-30T15:58:43 <flutterbrony> avec ca tu peux te connecter aux serveurs privés
2014-06-30T15:59:07 <flutterbrony> c'est pour dire au jeu les ip ou se connecter
2014-06-30T16:00:44 <flutterbrony> dans ce que je t'ai fait téléchargé, tu prend le contenu de /LoE_PrivateServer/patchedDLLs/Babsonc2014RC1 et tu le colle dans le dossier du jeu  soit : /LoE_Data/Managed
2014-06-30T16:01:15 <flutterbrony> ensuite, tu lui donne l'ip dans le dossier /data/serverlist.cfg
2014-06-30T16:02:39 <wildfier> ok
2014-06-30T16:03:27 <flutterbrony> donc moi, normalement, il faut ajouter la ligne serveur_flutterbrony;82.XXXXX
2014-06-30T16:03:40 <flutterbrony> laisse moi redémmarrer mon serveur et e te donne l'addresse ^^
2014-06-30T16:04:49 <flutterbrony> voila : serveur_flutterbrony;82.228.229.1;1039
2014-06-30T16:05:45 <flutterbrony> tu sauvegarde, tu lance d'abord "LoE_PrivateServer" puis tu lance le jeu
2014-06-30T16:05:57 <flutterbrony> il te créeras ton pseudo tout seul
2014-06-30T16:07:02 <wildfier> rah
2014-06-30T16:07:14 <wildfier> je peux pas lancer le serv parce qu'il est compilé en 32bit ...
2014-06-30T16:07:27 <wildfier> j'ai que qt5 en 64bits
2014-06-30T16:08:20 <wildfier> bon je verrais ça ce soir
2014-06-30T16:08:30 <flutterbrony> T'as pas la couche de compatibilité pour le 32 bit d'installé ?
2014-06-30T16:10:35 <wildfier> avec qt4 oui, pas qt5 apparement
2014-06-30T16:11:16 <flutterbrony> Ah c'était peut-être ca qu'il voulais dire dans son com l'autre ...
2014-06-30T16:11:28 <flutterbrony> DJChaoss May 17, 2014  Professional Filmographer
2014-06-30T16:11:29 <flutterbrony> Nice work but please compile server with qt4. QT5 not working on terminal linux. Only Desktop. Thx.
2014-06-30T16:12:04 <flutterbrony> il s'est trompé ... (ca marche pas en ligne de commande non plus ...)
2014-06-30T16:12:10 <wildfier> bas rien n'empêche de compiler en 64
2014-06-30T16:12:23 <flutterbrony> a part ne pas être en 64 ?
2014-06-30T16:12:26 <wildfier> bas je vois ça ce soir
2014-06-30T16:12:31 <wildfier> t'es en 32 ?
2014-06-30T16:12:36 <flutterbrony> oui
2014-06-30T16:12:38 <wildfier> ok
2014-06-30T16:12:44 <flutterbrony> avec le PAE
2014-06-30T16:12:47 <wildfier> bas je recompile à partir des sources ce soir
2014-06-30T16:12:52 <flutterbrony> ouais voilà
2014-06-30T16:13:14 <wildfier> et je regarderais pour t'aider pour la ligne de commande
2014-06-30T16:13:25 <flutterbrony> Merci ^^
2014-06-30T16:13:45 <flutterbrony> Parce que e lui ai mit QT   += commandline
2014-06-30T16:13:48 <flutterbrony> et ca marche pas
2014-06-30T16:14:12 <flutterbrony> j'ai recopié le code de celui qu'on a trouvé d'obselete hier et ai essayé de l'adapté ...
2014-06-30T16:14:14 <wildfier> mais l'exécutable private serveur que tu m'a fais installer, il fait quoi ?
2014-06-30T16:14:18 <flutterbrony> mais non
2014-06-30T16:14:30 <flutterbrony> il te permet de te connecter aux serveur privé
2014-06-30T16:14:40 <flutterbrony> privés
2014-06-30T16:14:44 <wildfier> ok, donc c'est pas directement un serv
2014-06-30T16:14:50 <flutterbrony> si on peux
2014-06-30T16:15:02 <wildfier> il fait les 2 ?
2014-06-30T16:15:03 <wildfier> ok
2014-06-30T16:15:08 <flutterbrony> ouais
2014-06-30T16:15:22 <flutterbrony> mais un peu beugé, faut pas croire tout les fichiers a lire
2014-06-30T16:15:36 <flutterbrony> 80% du fichier sr les mobs est faux
2014-06-30T16:15:50 <wildfier> au pire dans le paquet que tu fais, on fournira la version 32 et la version 64
2014-06-30T16:15:52 <flutterbrony> J'y ai passé 3H a cause de ca :/
2014-06-30T16:16:04 <flutterbrony> ouais, je comptais le faire justement ^^
2014-06-30T16:16:58 <flutterbrony> De base si e suis en 32, c'est parce que je voulais tester si le PAE permettait vraiment de dépasser les 4Go de RAM
2014-06-30T16:17:28 <flutterbrony> et je suis avec 7.2Go d'utilisable sur 8 (la carte graphique bouffe le reste ...)
2014-06-30T16:24:33 <wildfier> ok
2014-06-30T16:24:50 <wildfier> mais ton proco supporte le 64?
2014-06-30T16:25:06 <flutterbrony> oui
2014-06-30T16:25:35 <flutterbrony> il fait tourner windows 7 familliale prenium 64 bit ^^
2014-06-30T16:25:44 <wildfier> ok parce que je me disais que des pc qui sont encore en 32 aujourd hui c'est rare
2014-06-30T16:25:50 <flutterbrony> dans 0.05% du temps xp
2014-06-30T16:25:56 <wildfier> ou alors assez vieux
2014-06-30T16:26:19 <flutterbrony> Mon netbook (celui qui fait tourner le serveur en attendant que j'en loue un spécialement pour ca)
2014-06-30T16:27:24 <flutterbrony> les pc qu'on me donne en me disant tien, je sais que tu veut un nouveau pc pour jouer alors je te donne le mien
2014-06-30T16:28:05 <flutterbrony> *regarde la config du truc : 256Mo de ram, 20Go de HDD pentium 3 a 700Mhz overcloké a 800 pour le meilleur ...*
2014-06-30T16:28:42 <flutterbrony> J'en ai tout un stock dans mon garage XD
2014-06-30T16:29:35 <Shinsaber> XD
2014-06-30T16:32:18 *** ludvann est parti
2014-06-30T16:34:02 <wildfier> XD
2014-06-30T16:34:28 <wildfier> vais-je craquer et essayer de compiler le serv pour mon pi ? XD
2014-06-30T16:34:50 <flutterbrony> le pire a je crois 32Mo de ram et un pentium a 100Mhz
2014-06-30T16:35:09 <flutterbrony> ouais Vas-y wildfier, je comptais le faire de toute façon ^^
2014-06-30T16:36:50 *** ludvann s'est connecté
2014-06-30T16:37:47 <flutterbrony> Vai-je craquer et tenter un hackintosh pour compiler le serveur sur mac ?
2014-06-30T16:37:55 <adriens33> oulà
2014-06-30T16:38:16 <adriens33> suffit pas de poser un cd de macosx sur un pc a proco intel pour que ça marche ^^
2014-06-30T16:38:26 <flutterbrony> ok, je craque pas x)
2014-06-30T16:38:32 <flutterbrony> je sais ca ^^
2014-06-30T16:38:34 <adriens33> le plus souvent faut remplacer des modules kernel
2014-06-30T16:39:40 <flutterbrony> J'ai déjà tenté sans succès pendant 3 jours d'affilé avant de dire stop, il y a plus important ^^
2014-06-30T16:40:02 <flutterbrony> je vais porter le serv sur android ! *blanc*
2014-06-30T16:43:07 <wildfier> c'est clair que je vois pas l'intérêt ^^
2014-06-30T16:43:30 <flutterbrony> Bah on me 'as quand même demandé figure toi XD
2014-06-30T16:43:48 <flutterbrony> si t'a la 4G avec un forfait illimité pourquoi pas x)
2014-06-30T16:49:18 <wildfier> XD
2014-06-30T16:49:49 <adriens33> ouais…
2014-06-30T16:49:53 <adriens33> 4G en illimité
2014-06-30T16:50:05 <adriens33> t'as cmb de milliers d'€ par mois à gaspiller pour ça ?
2014-06-30T16:50:07 <adriens33> XD
2014-06-30T16:50:17 <Shinsaber> XD
2014-06-30T16:50:42 <flutterbrony> moi aucun mais celui qui m'a demandé je sais pas x)
2014-06-30T16:51:18 <flutterbrony> Ca serais d'ailleur la seule utilité de la 4g (pour moi en tout cas)
2014-06-30T17:04:41 <flutterbrony> *hic* !
2014-06-30T17:05:15 <Shinsaber> *hoc* !
2014-06-30T17:05:48 <adriens33> *huc* !
2014-06-30T17:06:16 <wildfier> tiens t'as pas mis de regexp pour ça ? XD
2014-06-30T17:06:23 <adriens33> gné ?
2014-06-30T17:07:13 <flutterbrony> je le croyais mais apperament non ^^
2014-06-30T17:07:20 <adriens33> de quoi vous parlez ?
2014-06-30T17:07:43 <flutterbrony> Il répond pas Berry-Punch ! ;(
2014-06-30T17:07:58 <adriens33> mais de quoi tu cause ? >_<
2014-06-30T17:08:04 <flutterbrony> il boit trop pour répondre, ca doit être ca
2014-06-30T17:08:04 <Berry-Punch> Non, c'est même pas *hic* vrai d'abord !
2014-06-30T17:08:31 <flutterbrony> si
2014-06-30T17:08:58 *** ludvann est parti
2014-06-30T17:11:05 *** ludvann s'est connecté
2014-06-30T17:12:40 <wildfier> bas berry réagit pas quand on dis *hic* !
2014-06-30T17:13:19 <Shinsaber> ou *hoc* ! ^^
2014-06-30T17:17:08 *** Gordfang est parti
2014-06-30T17:18:04 <adriens33> je re
2014-06-30T17:18:04 *** adriens33 est parti
2014-06-30T17:25:45 <wildfier> bon
2014-06-30T17:25:54 <wildfier> je me penche sur le serv privé lo
2014-06-30T17:25:56 <wildfier> loe*
2014-06-30T17:26:11 <wildfier> si j'arrive à finir de cloner le dépot ^^
2014-06-30T17:30:42 *** heuzef s'est connecté
2014-06-30T17:30:54 <Berry-Punch> Voilà ce qu'il s'est *hic* passé ces 10 dernières lignes, heuzef
2014-06-30T17:30:56 <heuzef> !history
2014-06-30T17:31:06 <heuzef> Yo !
2014-06-30T17:31:22 <heuzef> Shinsaber ? =) T'es sur le BBBFF ? :D
2014-06-30T17:31:37 <Shinsaber> je commence a y réfléchir ^^
2014-06-30T17:31:43 <heuzef> Yay !
2014-06-30T17:33:04 *** ludvann est parti
2014-06-30T17:33:19 <Shinsaber> je suis tomber sur un site qui avais un système de drag and drop pour l'upload , sa pourais être cool sur BBBFF !
2014-06-30T17:33:29 <heuzef> montre =)
2014-06-30T17:34:01 <Shinsaber> j'ai fais un test : http://dev.audemar.fr/test par contre sa save rien ^^
2014-06-30T17:35:26 *** ludvann s'est connecté
2014-06-30T17:35:27 <ludvann> re
2014-06-30T17:37:12 <heuzef> Perso j'aurais préféré un beau bouton submit, surtout que les fichiers serons pas nombreux mais très lourd (donc il faut une progresse bar)
2014-06-30T17:37:13 <heuzef> http://tympanus.net/Development/ProgressButtonStyles/
2014-06-30T17:37:33 <Shinsaber> il y a une progresse bar ^^
2014-06-30T17:40:46 <wildfier> ce franglais ...
2014-06-30T17:40:48 <wildfier> mes yeux ...
2014-06-30T17:41:04 <Shinsaber> drag and drop ou tu liste les fichiers puis un bouton submit ^^
2014-06-30T17:41:53 <heuzef> Va falloir faire gaffe aussi à sécurisé et deferencer ce dépot
2014-06-30T17:42:00 <heuzef> sinon bonjour les attacks
2014-06-30T17:42:13 <Shinsaber> robot.txt
2014-06-30T17:43:01 <wildfier> yay !
2014-06-30T17:43:09 <wildfier> j'ai compilé le serv privé
2014-06-30T17:43:09 <heuzef> J'ai déjà eu une attaque sur un dépot de ce type
2014-06-30T17:43:13 <wildfier> il plante au démarrage !
2014-06-30T17:43:26 <heuzef> un mec à glisser un include php dans l'entete d'un .gif
2014-06-30T17:43:40 <flutterbrony> quel beug ?
2014-06-30T17:43:41 <heuzef> Et ça appelait un c99shell
2014-06-30T17:46:50 <Shinsaber> a ouais ...
2014-06-30T17:47:08 <Shinsaber> je pensais fair un système de validation par admin !
2014-06-30T17:47:28 <wildfier> apparemment ça segfault sur le QApplication a(argc,(char**)0);
2014-06-30T17:47:38 <wildfier> avant le main quoi XD
2014-06-30T17:47:45 <Shinsaber> comme sa on vérifie les fichier !
2014-06-30T17:47:47 <ludvann> ValCab33: tu es là ?
2014-06-30T17:48:02 <ValCab33> Oui ?
2014-06-30T17:48:25 <ludvann> regardes ça... https://www.youtube.com/watch?annotation_id=annotation_3668748809&feature=iv&src_vid=gp_iSufF5XI&v=5B_soFfhns8
2014-06-30T17:48:33 <ludvann> je re
2014-06-30T17:48:37 *** ludvann est parti
2014-06-30T17:49:33 *** heuzef est parti
2014-06-30T17:52:33 *** ludvann s'est connecté
2014-06-30T17:52:36 <ludvann> Re
2014-06-30T17:53:08 <ludvann> Alors ValCab33 ?
2014-06-30T17:53:17 *** ValCab33 est parti
2014-06-30T17:53:23 <ludvann> :(
2014-06-30T17:53:34 *** ValCab33 s'est connecté
2014-06-30T17:53:36 <ludvann> Il m'aimes pas xD
2014-06-30T17:53:43 <ValCab33> Crash :/
2014-06-30T17:53:47 <ludvann> :(
2014-06-30T17:53:51 <ludvann> Alors ?
2014-06-30T17:54:06 <ValCab33> Alors :O
2014-06-30T17:54:13 <ludvann> ?
2014-06-30T17:54:57 <ValCab33> Ben " :O "
2014-06-30T17:55:17 <ludvann> Pas mal ^^
2014-06-30T17:55:23 <ludvann> ?*
2014-06-30T17:55:27 <ValCab33> Il est fou
2014-06-30T17:55:37 <ludvann> Pourquoi ?
2014-06-30T17:55:47 <ValCab33> Et ouais pas mal du tout même
2014-06-30T17:56:17 <ludvann> J'adore sa base mobile :(
2014-06-30T17:56:21 <ludvann> :) *
2014-06-30T17:56:32 <Shinsaber> bon moi je vous dit a plus le peuple !
2014-06-30T17:56:33 <wildfier> bon ça crashait parce que le path était mauvais
2014-06-30T17:56:36 <ludvann> @+
2014-06-30T17:56:55 <ludvann> @+++++++++
2014-06-30T17:57:05 <ludvann> (Dégage xD )
2014-06-30T17:58:04 *** Shinsaber est parti
2014-06-30T17:59:22 <ludvann> J'vais me doucher. @+
2014-06-30T17:59:48 * ludvann is afk (se lave 0_0' )
2014-06-30T18:00:30 *** wildfier est parti
2014-06-30T18:22:05 <ludvann> Re
2014-06-30T18:22:23 <ludvann> C'est très le flood...
2014-06-30T18:24:36 *** heuzef s'est connecté
2014-06-30T18:24:47 <Berry-Punch> Voilà ce qu'il s'est passé ces *hic* 10 dernières lignes, heuzef
2014-06-30T18:24:48 <heuzef> !history
2014-06-30T18:25:03 <ludvann> Yo
2014-06-30T18:25:04 <heuzef> Re
2014-06-30T18:25:08 <ludvann> Re
2014-06-30T18:25:12 * heuzef attend le bus
2014-06-30T18:25:17 <ludvann> ^^
2014-06-30T18:25:20 <heuzef> C'est loooooonnng
2014-06-30T18:25:33 <heuzef> Me fait chier ! Grr !
2014-06-30T18:25:44 <ludvann> Imagine quand je serais à l'aikido...
2014-06-30T18:25:49 <heuzef> Pas content ! Râle !!
2014-06-30T18:26:01 <heuzef> >:(
2014-06-30T18:26:10 <ludvann> Imagine quand je serais à l'aikido...
2014-06-30T18:26:19 <ludvann> Ce sera pire...
2014-06-30T18:26:45 <heuzef> Ouais pas cool pour venir régulièrement ....
2014-06-30T18:27:48 <ludvann> C'est le prix à payer pour une autonomie dans les déplacements (que je n'est vraiment voulu ^^ )
2014-06-30T18:28:21 <ludvann> Tu attends quel bus ?
2014-06-30T18:28:37 <heuzef> 56
2014-06-30T18:28:50 <ludvann> Liane ou corol ?
2014-06-30T18:29:02 *** heuzef est parti
2014-06-30T18:29:05 <ludvann> Ok
2014-06-30T18:29:11 *** heuzef s'est connecté
2014-06-30T18:29:40 <heuzef> Bonne nouvelle sinon les gens. L'astrée nous propose une nouvelle date de formation ! Le samedi 6 Septembre :)
2014-06-30T18:32:30 *** wildfier s'est connecté
2014-06-30T18:37:13 <wildfier> bon bas j'ai une version qt5 64 bits du serv qui marche ^^
2014-06-30T18:38:20 <wildfier> flutterbrony, c'était quoi ton ip ?
2014-06-30T18:48:57 <heuzef> Non mais woaw zavez vu le death match de fou de Rainbow Dash VS transformer ?
2014-06-30T18:49:07 <heuzef>  http://youtu.be/8er83h9Bbn8
2014-06-30T18:49:27 <wildfier> yep
2014-06-30T18:49:31 <wildfier> c'est passé sur eqd
2014-06-30T18:50:35 *** Shinsaber s'est connecté
2014-06-30T18:50:39 <Shinsaber> re
2014-06-30T18:56:30 *** ludvannn s'est connecté
2014-06-30T18:56:30 *** ludvann est parti
2014-06-30T19:01:14 *** heuzef est parti
2014-06-30T19:09:44 *** ludvannn est parti
2014-06-30T19:40:08 <Berry-Punch> Salut tout *hic* le monde !
2014-06-30T19:40:09 *** Berry-Punch s'est connecté
2014-06-30T19:40:30 <heuzef> Je ne pourrais pas etre la avant 19h00 au moins et une amie doit m'y retrouver pour des soucis alakon sur son pc
2014-06-30T19:40:54 <heuzef> J'aimerais quelqu'un pour l'accueillir le temps que j'arrive
2014-06-30T19:41:21 <heuzef> Et j'ai plus confiance en vous que giroll pour l'accueil
2014-06-30T19:41:46 <heuzef> Évidemment en meme temps
2014-06-30T19:42:29 <wildfier> ok
2014-06-30T19:42:40 <heuzef> Wildfier je peux compter sur toi ? C'est une ravissante petite blonde en detresse ;)
2014-06-30T19:42:46 <wildfier> XD
2014-06-30T19:42:56 <wildfier> je préfère les rousses XD
2014-06-30T19:43:16 <heuzef> :P
2014-06-30T19:43:31 <heuzef> Mais les rousses n'ont pas d'âmes :D
2014-06-30T19:43:44 <wildfier> how dare you !
2014-06-30T19:43:46 <wildfier> XD
2014-06-30T19:44:23 <heuzef> Alizé : 06 37 38 69 37
2014-06-30T19:44:29 <heuzef> Merci mec ;)
2014-06-30T19:44:51 <wildfier> elle sais où c'est ?
2014-06-30T19:45:00 <heuzef> Non
2014-06-30T19:45:11 <heuzef> Elle va sans doute galérer
2014-06-30T19:45:20 <wildfier> ok bas je l'appellerais un peu avant 18h 30
2014-06-30T19:47:50 *** heuzef est parti
2014-06-30T19:48:09 *** heuzef s'est connecté
2014-06-30T19:50:02 *** ludvann s'est connecté
2014-06-30T19:50:13 <ludvann> niorph
2014-06-30T19:52:28 *** Rei s'est connecté
2014-06-30T19:53:09 <Rei> coucou
2014-06-30T19:53:20 <ludvann> hey !
2014-06-30T19:53:24 <ludvann> ça va ?
2014-06-30T19:53:44 <Rei> un peu déprimer mais oui
2014-06-30T19:53:59 <ludvann> pourquoi ?
2014-06-30T19:54:19 <Rei> c'est assez difficile d'en parler..
2014-06-30T19:54:29 <ludvann> d'accord...
2014-06-30T19:54:52 <ludvann> *insert smile song*
2014-06-30T19:55:04 <wildfier> yop
2014-06-30T19:55:16 <ludvann> yopla
2014-06-30T19:55:25 <Rei> désoler Ludvann ^^'.. mais tkt pas, coucou Wildfier
2014-06-30T19:55:44 <ludvann> pas grave :)
2014-06-30T19:57:14 <Rei> ^^
2014-06-30T19:57:18 <ludvann> j'attends une réponse pour confirmer ou non pour demain
2014-06-30T19:57:31 <Rei> tu parle de quoi la?
2014-06-30T19:57:44 <ludvann> le cinéma
2014-06-30T19:57:48 <ludvann> (c'est demain ?
2014-06-30T19:57:50 <ludvann> )
2014-06-30T19:57:58 <ludvann> à nan dans deux jours...
2014-06-30T19:58:01 <Rei> nop mercredi
2014-06-30T19:58:04 <Rei> XD
2014-06-30T19:58:10 <wildfier> c'est mercredi 2
2014-06-30T19:58:11 *** heuzef est parti
2014-06-30T19:58:12 * ludvann facedesk
2014-06-30T19:58:21 <wildfier> dragon 2 sort le mercredi 2
2014-06-30T19:58:27 <wildfier> donc avant ça vas être dur
2014-06-30T19:58:44 <ludvann> ^^
2014-06-30T19:58:53 <Rei> et puis on a pas encore tout a fait décider de l'heure, mais je pense que ça va se rapprocher de la seance de 18h, j'ai deja 3/4 qui prefere cette heure de seance
2014-06-30T19:59:07 <ludvann> okay
2014-06-30T19:59:10 <wildfier> yep
2014-06-30T19:59:13 <wildfier> plus tôt je peux pas
2014-06-30T19:59:16 <wildfier> je taf ...
2014-06-30T19:59:17 <ludvann> gaumont ?
2014-06-30T19:59:23 <Rei> ouip
2014-06-30T19:59:26 <ludvann> à talence ?
2014-06-30T19:59:34 <Rei> ouip y'en a qu'un seul XD
2014-06-30T19:59:37 <ludvann> ^^
2014-06-30T19:59:52 <ludvann> ça serat pas trop chiant pour venir
2014-06-30T20:00:05 <Rei> bah le tram passe devant^^
2014-06-30T20:00:15 <ludvann> (et je serais pas à la bourre)
2014-06-30T20:00:20 <ludvann> (normalement)
2014-06-30T20:00:31 <ludvann> et je prends le bus pour info ^^
2014-06-30T20:00:35 <Rei> xD
2014-06-30T20:00:37 <Rei> ok
2014-06-30T20:04:38 <ludvann> qui vient pour le ciné ?
2014-06-30T20:04:45 <wildfier> moi
2014-06-30T20:05:08 <Shinsaber> re et moi ^^
2014-06-30T20:06:52 *** heuzef s'est connecté
2014-06-30T20:06:57 <ludvann> niorph !
2014-06-30T20:07:13 <heuzef> re =)
2014-06-30T20:07:20 <ludvann> :)
2014-06-30T20:07:32 <ludvann> pas trop long le bus ?  :troll:
2014-06-30T20:07:38 <heuzef> pfff
2014-06-30T20:07:51 <ludvann> ? ^^
2014-06-30T20:09:24 <heuzef> Ma copine qui me charge les bras de plat préparé et qui se barre pour RDV urgent et qui rentre tard
2014-06-30T20:09:27 <heuzef> ...
2014-06-30T20:09:33 <heuzef> YAY !! :'D !!
2014-06-30T20:09:44 <wildfier> XD
2014-06-30T20:10:05 <ludvann> ^^
2014-06-30T20:10:29 <heuzef> Tadadam ! Ce soaaaar ! Pas de vaisselle pas de prises de tete manga à gogoooooo
2014-06-30T20:10:39 <ludvann> xD
2014-06-30T20:14:41 *** adriens33 s'est connecté
2014-06-30T20:14:44 <adriens33> plop
2014-06-30T20:14:53 <ludvann> niorf
2014-06-30T20:15:03 <Shinsaber> plup
2014-06-30T20:15:14 <ludvann> plap
2014-06-30T20:15:38 *** heuzef est parti
2014-06-30T20:17:03 *** heuzef s'est connecté
2014-06-30T20:18:51 <Rei> re desoler je miamer
2014-06-30T20:19:05 <ludvann> ok
2014-06-30T20:19:23 <Rei> coucou flo^^
2014-06-30T20:20:10 <ludvann> flo est en mode kiitoudur
2014-06-30T20:20:23 <Rei> xD
2014-06-30T20:20:49 <ludvann> il a des plats préparés et sa copine est pas là ^^
2014-06-30T20:21:05 <Rei> je sais j'ai lu XD
2014-06-30T20:21:10 <ludvann> ;)
2014-06-30T20:21:29 <heuzef> Muhaha One Piece me voila :P
2014-06-30T20:21:45 <wildfier> XD
2014-06-30T20:21:51 <ludvann> ^^
2014-06-30T20:21:55 <Rei> j'aime pas XD
2014-06-30T20:22:06 <ludvann> on s'en fiche de toi
2014-06-30T20:22:09 <Shinsaber> nn pas sa quant mm ^^
2014-06-30T20:22:12 <ludvann> ;)
2014-06-30T20:22:28 <Rei> XD
2014-06-30T20:23:54 *** BronyCUB-MC s'est connecté
2014-06-30T21:03:17 *** ValCab s'est connecté
2014-06-30T21:03:41 *** ValCab33 est parti
2014-06-30T21:03:43 *** ValCab est parti
2014-06-30T21:04:00 *** ValCab33 s'est connecté
2014-06-30T21:33:34 *** Rei est parti
2014-06-30T21:39:02 *** ludvannn s'est connecté
2014-06-30T21:39:55 *** ludvannn est parti
2014-06-30T21:44:43 *** Rei s'est connecté
2014-06-30T21:52:49 *** Shinsaber est parti
2014-06-30T21:53:59 <adriens33> youpi… comme je rentre jamais avant 19h la séance cinoche pour moi mercredi c'est mal barré…
2014-06-30T21:54:10 <adriens33> et au boulot j'avais 18jours de congés à poser
2014-06-30T21:54:16 <adriens33> je suis passé à 2 sans raison.
2014-06-30T21:54:21 <adriens33> merci bandes de connards >_<
2014-06-30T21:55:23 <adriens33> (pas vous, hein)
2014-06-30T21:56:28 <ludvann> ^^
2014-06-30T21:56:44 <adriens33> c'est pas vraiment drole ludvann…
2014-06-30T21:56:52 <adriens33> je comptais sur ces congés cet été.
2014-06-30T21:56:59 <adriens33> j'ai plus rien moi maintenant :'(
2014-06-30T21:57:11 <ludvann> je disais ça pour le "pas vousn hein"
2014-06-30T21:57:18 <adriens33> ok
2014-06-30T21:57:23 <ludvann> et tu peux pas aller les voire ?
2014-06-30T21:57:28 <ludvann> voir*
2014-06-30T21:57:29 <adriens33> ben ça change rien
2014-06-30T22:00:27 <Rei> *caline adrien33* é-è
2014-06-30T22:00:28 <ludvann> ...
2014-06-30T22:00:49 <adriens33> sorry je vais vous foutre le bourdon :/
2014-06-30T22:02:30 <Rei> moi qui voulais te rencontrer T.T
2014-06-30T22:02:45 <ludvann> ^^
2014-06-30T22:03:09 <adriens33> ben pour les séances apres 18h ça a l'air mal barré, et comme à 18h moi je suis encore à mérignac
2014-06-30T22:03:17 <adriens33> (et que bien sur mon bus met 1h à venir --"=
2014-06-30T22:03:19 <adriens33> *)
2014-06-30T22:03:30 <Rei> ouai..
2014-06-30T22:03:37 <ludvann> ...
2014-06-30T22:03:42 <adriens33> bah, une autre fois, tant pis.
2014-06-30T22:03:50 <Rei> oui T.T
2014-06-30T22:03:56 *** flutterbrony s'est connecté
2014-06-30T22:04:00 <ludvann> et pourquoi pas faire les séances du diamnche matin ?
2014-06-30T22:04:02 <flutterbrony> Pourquoi nous foutre le bourdon ?
2014-06-30T22:04:10 <flutterbrony> bonjour ^^
2014-06-30T22:04:11 <adriens33> dire que ce fichu cinoche est juste à côté de chez moi en plus >_<
2014-06-30T22:04:11 <flutterbrony> ou soir x)
2014-06-30T22:04:44 <adriens33> 'soir flutterbrony
2014-06-30T22:04:44 <Rei> salut flutterbrony^^
2014-06-30T22:05:24 <wildfier> re flutterbrony
2014-06-30T22:05:47 <adriens33> boarf j'ai pas trop le moral, parce que de maniere globale je suis dans la merde bientôt, et qu'il m'arrive que des conneries depuis la semaine dernière (au moins)
2014-06-30T22:06:30 <Rei> oh ><
2014-06-30T22:06:40 <ludvann> mais tu as ton tee-shirt o/
2014-06-30T22:06:42 <ludvann> !
2014-06-30T22:07:02 <adriens33> ouaip.
2014-06-30T22:07:12 <adriens33> pas faux.
2014-06-30T22:07:12 <wildfier> hey flutterbrony
2014-06-30T22:07:13 <flutterbrony> peu après que e sois arrivé :/
2014-06-30T22:07:23 <wildfier> j'ai l'affichage sur la console
2014-06-30T22:07:24 <flutterbrony> oui wildfier ?
2014-06-30T22:07:30 <flutterbrony> ah ?
2014-06-30T22:07:37 <flutterbrony> le 0.5.3 ?
2014-06-30T22:07:59 <wildfier> et j'envois ce que je tappe à la fonction de traitement des commandes
2014-06-30T22:08:20 <wildfier> donc basiquement j'ai l'interface qt et l'interface console en même temps qui marchent
2014-06-30T22:08:27 <flutterbrony> Tu peux me passer un lien stp ? (que e teste ^^)
2014-06-30T22:08:54 <wildfier> tu veux le code ? l'exécutable ?
2014-06-30T22:09:05 <flutterbrony> ah possible de faire juste l'interface console sans l'interface graphique ?
2014-06-30T22:09:11 <wildfier> oui
2014-06-30T22:09:17 <flutterbrony> le code e suis en 32bit et toi en 64 XD
2014-06-30T22:09:44 <wildfier> faut juste que je trouve comment ajouter des compile time options à qmake pour le faire proprememnt
2014-06-30T22:09:48 <wildfier> proprement
2014-06-30T22:10:08 <wildfier> par contre
2014-06-30T22:10:14 <wildfier> la façon dont je l'ai fais
2014-06-30T22:10:20 <wildfier> ça marchera que sur un unix
2014-06-30T22:10:27 <wildfier> unix-like
2014-06-30T22:10:37 <flutterbrony> Ouais bah osef ca ^^
2014-06-30T22:11:00 <flutterbrony> je suis 99.95% du temp sur un unix xp
2014-06-30T22:11:15 <flutterbrony> et on m'a demandé ca pour une debian aussi ;)
2014-06-30T22:11:27 <wildfier> c'est réglable mais faut implémenter un peu de logique
2014-06-30T22:11:58 <flutterbrony> Mon serveur tourne sous ubuntu (bientot debian)
2014-06-30T22:12:32 <flutterbrony> et personne ne l'a demandé pour le noyeau NT de microsoft
2014-06-30T22:12:38 <wildfier> je t'envoie mes modifs par mail ?
2014-06-30T22:12:47 <flutterbrony> ouais vas-y
2014-06-30T22:13:21 <wildfier> c'est quoi ton mail ?
2014-06-30T22:13:44 <flutterbrony> antoinemz@gmail.com en ce moment ^^
2014-06-30T22:15:41 <wildfier> done
2014-06-30T22:16:44 <wildfier> oh mince
2014-06-30T22:16:55 <wildfier> j'ai oublié de rebrancher la gui ...
2014-06-30T22:17:48 <flutterbrony> juste ces 4 fichiers a modifier et c'est bon ?
2014-06-30T22:18:11 <flutterbrony> Le seul que 'avais pas modifié, c'étais le serverCommands.cpp x)
2014-06-30T22:18:55 <wildfier> 2nd mail qui corrige un petit oubli
2014-06-30T22:19:21 <wildfier> y a quelques corrections à faire
2014-06-30T22:19:35 <flutterbrony> pourrais être utile en effet ^^
2014-06-30T22:19:44 <wildfier> genre pour suporter la commande clear
2014-06-30T22:19:47 <wildfier> en console
2014-06-30T22:20:06 <wildfier> @adriens33: comment tu clear stdout déjà ?
2014-06-30T22:20:16 <adriens33> clear ?
2014-06-30T22:20:20 <adriens33> ah,
2014-06-30T22:20:26 <wildfier> un C-L quoi
2014-06-30T22:20:29 <adriens33> avec les escape sequences ?
2014-06-30T22:20:46 <wildfier> j'imagine
2014-06-30T22:20:52 <adriens33> c'est (avec echo -e) "033[2J033[1;1H"
2014-06-30T22:20:58 <wildfier> pas très portable mais on a pas le choix j'imagine
2014-06-30T22:22:42 <adriens33> ben n'importe quel terminal unix supporte ça ^^
2014-06-30T22:22:48 <adriens33> *c'est* portable
2014-06-30T22:22:50 <flutterbrony> non bah ca marche toujours pas en ligne de commande chez moi ...
2014-06-30T22:22:52 <adriens33> parce que c'est un standard XD
2014-06-30T22:23:06 <adriens33> faut mettre ça dans echo -e "tes codes" pour le test ;)
2014-06-30T22:23:22 <wildfier> c'est vrai que de toute façon ça compilera pas sous win ce que j'ai fais
2014-06-30T22:23:46 <flutterbrony> ca ne passais déà pas x)
2014-06-30T22:23:52 <flutterbrony> déjà*
2014-06-30T22:24:08 <wildfier> ça marche pas mes modifs ?
2014-06-30T22:24:12 <flutterbrony> non
2014-06-30T22:24:18 <wildfier> tu l'a bien lancé en console ?
2014-06-30T22:24:25 <flutterbrony> ou alors, je m'y prend mal
2014-06-30T22:24:30 <flutterbrony> oui, en mode console
2014-06-30T22:24:46 <wildfier> c'est quoi le pb ?
2014-06-30T22:25:28 <flutterbrony> ca me met LoE_PrivateServer : commande introuvable
2014-06-30T22:25:36 <wildfier> ./ avant
2014-06-30T22:25:52 <wildfier> il cherche pas dans le dossier courant
2014-06-30T22:26:14 <flutterbrony> *se donne une baffe pour ca*
2014-06-30T22:26:24 <wildfier> si tu veux tester tu peux aussi le lancer depuis qtcreator
2014-06-30T22:26:41 <wildfier> tu peux lui dire de lancer dans un terminal et lui donner le dossier d'exécution
2014-06-30T22:27:00 <wildfier> apparement il faut que ça soit la racine du dépot
2014-06-30T22:27:44 <wildfier> je regarde pour les compiles time options dans qmake
2014-06-30T22:30:53 <flutterbrony> Y'avais pas CONFIG +=console dans le fichier .pro ?
2014-06-30T22:31:41 <wildfier> nope
2014-06-30T22:31:53 <wildfier> c'est la seule modif que j'ai faite
2014-06-30T22:31:58 <wildfier> je sais pas trop ce que ça change
2014-06-30T22:31:59 <wildfier> XD
2014-06-30T22:32:20 <flutterbrony> pourquoi ? je l'avais trouvé dans les version spéciales pour la ligne de commande
2014-06-30T22:32:36 <wildfier> moi aussi c'est pour ça que je l'ai ajouté
2014-06-30T22:32:47 <wildfier> mais dans le détail je sais pas ce que ça fait
2014-06-30T22:36:27 <wildfier> j'ai trouvé pour les defines dans qmake
2014-06-30T22:37:10 <wildfier> me faudrais une options à passer à qmake pour l'activer ou pas
2014-06-30T22:37:17 <wildfier> je regarde ça demain
2014-06-30T22:38:04 <wildfier> dans l'idéal j'esserais d'enlever complettement la dépendance à Qt5Widget
2014-06-30T22:38:44 <wildfier> j'y go
2014-06-30T22:38:46 <wildfier> bonne soiré
2014-06-30T22:38:48 <wildfier> soirée*
2014-06-30T22:39:00 <flutterbrony> ok bonne nuit ^^
2014-06-30T22:39:18 <flutterbrony> ca marche pas encore en ligne de commande pure mais c'est déjà ca :)
2014-06-30T22:39:39 <wildfier> (je forkerais le dépot de tux3, comme ça t'aura mes modifs sur mon dépot github ^^)
2014-06-30T22:39:57 <flutterbrony> ^^
2014-06-30T22:40:06 <flutterbrony> ^^)
2014-06-30T22:40:22 <wildfier> https://github.com/mdevlamynck/LoE-PrivateServer
2014-06-30T22:41:30 <flutterbrony> my-little-investigation ?
2014-06-30T22:41:39 <wildfier> ouais
2014-06-30T22:41:47 <wildfier> j'ai bossé sur le portage linux
2014-06-30T22:41:57 <flutterbrony> et c'est opérationel ?
2014-06-30T22:42:06 <wildfier> au final c'est pas le miens qui à été merge mais bon
2014-06-30T22:42:10 <wildfier> oui
2014-06-30T22:42:22 <wildfier> y avait pas grand chose
2014-06-30T22:42:35 <wildfier> la précédente démo fonctionnait sous linux
2014-06-30T22:42:45 <wildfier> ils ont abendoné le support en cours de route
2014-06-30T22:42:51 <wildfier> faute de dev linux dans leur équipe
2014-06-30T22:43:05 <flutterbrony> moi 'arrive pas a le compiler justement
2014-06-30T22:43:09 <wildfier> je suis un peu le projet
2014-06-30T22:43:18 <flutterbrony> je vais voir avec ta version
2014-06-30T22:43:22 <wildfier> parce que je maintient le paquet archlinux du jeu
2014-06-30T22:43:59 <wildfier> mon fork dois pas être à jour
2014-06-30T22:44:17 <flutterbrony> globalement, il faut compiler tous les proet c'est ca ?
2014-06-30T22:44:23 <wildfier> maintenant que j'ai plus rien à leur soumettre j'y ai plus touché
2014-06-30T22:44:33 <wildfier> juste mylittleinvestigations
2014-06-30T22:44:43 <wildfier> le reste c'est pour udpate le jeu
2014-06-30T22:44:48 <wildfier> mais c'est crade sous linux
2014-06-30T22:44:57 <wildfier> on a des gestionnaires de paquets pour ça
2014-06-30T22:45:21 <wildfier> anyway, je dois y aller a demain /)
2014-06-30T22:45:31 <flutterbrony> ok, ca commence bien avec un SDL.h qui passe pas x)
2014-06-30T22:46:13 <ludvann> bon je vous laisse
2014-06-30T22:46:14 <ludvann> @+
2014-06-30T22:46:24 <flutterbrony> @+ ludvann
2014-06-30T22:46:33 *** ludvann est parti
2014-06-30T22:47:28 <adriens33> @flutterbrony: ptet essaie de remplacer par SDL/SDL.h ?
2014-06-30T22:47:29 <flutterbrony> @+ wildfier aussi ^^
2014-06-30T22:47:43 <flutterbrony> bah, c'est ca qu'il y as dans le code
2014-06-30T22:47:47 <flutterbrony> et ca passe pas
2014-06-30T22:47:58 <flutterbrony> SDL2 sorry
2014-06-30T22:48:39 <flutterbrony> <SDL2/SDL_image.h>
2014-06-30T22:49:11 <adriens33> ah
2014-06-30T22:49:26 <adriens33> t'as installé sdl2_imag e?
2014-06-30T22:49:30 <adriens33> *sdl2_image
2014-06-30T22:49:39 <adriens33> (le nom dépend de ta distribution apres)
2014-06-30T22:49:59 *** wildfier est parti
2014-06-30T22:50:05 *** heuzef est parti
2014-06-30T22:51:51 <flutterbrony> SDL2_gfx, ca passe ? (nul oui x)
2014-06-30T22:53:09 <adriens33> je sais pas :/
2014-06-30T22:53:17 <adriens33> essaie au pire ^^
2014-06-30T22:53:21 <flutterbrony> réponse non
2014-06-30T22:54:01 <flutterbrony> tous les trucs en SDL2 présent dans la bibliothèque ne changent rien
2014-06-30T22:54:12 <flutterbrony> la logithèque*
2014-06-30T22:54:21 <adriens33> shite
2014-06-30T22:55:39 <flutterbrony> Ubuntu 14.04 si ca peux t'aider
2014-06-30T23:01:28 <flutterbrony> Bon pas grave, il marche ne émulant de toute façon ^^
2014-06-30T23:02:26 <flutterbrony> *hic* !
2014-06-30T23:12:36 <adriens33> *hac* !
2014-06-30T23:12:59 <flutterbrony> *hack* !
2014-06-30T23:13:51 <adriens33> *hacked* !
2014-06-30T23:18:52 *** Rei est parti
2014-06-30T23:20:24 *** Rei s'est connecté
2014-06-30T23:21:37 <flutterbrony> *hoc* !
2014-06-30T23:22:06 <adriens33> *huc* !
2014-06-30T23:22:22 <flutterbrony> *flupke* !
2014-06-30T23:22:31 <flutterbrony> (prononcer fluk)
2014-06-30T23:22:45 <flutterbrony> (et trouver la référence)
2014-06-30T23:23:25 <adriens33> ça me dit quelque chose… c'est un perso de bd non ?
2014-06-30T23:23:57 <flutterbrony> oui ^^
2014-06-30T23:24:02 <flutterbrony> mais encore ?
2014-06-30T23:24:14 <adriens33> Quick & Flupke de hergé ?
2014-06-30T23:24:53 <flutterbrony> exact ! you win a free hug by Derpy ! ;) ^^ :)
2014-06-30T23:24:57 <adriens33> yay
2014-06-30T23:25:05 <adriens33> ça fait tellement longtemps que j'ai pas lu ça…
2014-06-30T23:25:26 <flutterbrony> C'est marrant ^^
2014-06-30T23:26:02 <flutterbrony> Ca m'est ressortie comme ca (c'est le soir, faut pas chercher a comprendre quand e fatigue, ca peut sortir comme ca)
2014-06-30T23:26:32 <flutterbrony> *note a moi même : changer de clavier a cause de ce "J"*
2014-06-30T23:26:50 <Rei> nyuh
2014-06-30T23:27:51 *** adriens31 s'est connecté
2014-06-30T23:27:55 *** adriens31 est parti
2014-06-30T23:28:05 *** adriens33 est parti
2014-06-30T23:28:22 *** adriens33 s'est connecté
2014-06-30T23:39:19 *** Rei est parti
2014-06-30T23:40:32 *** Rei s'est connecté
