2014-11-25T00:24:51 *** adriens33 s'est connecté
2014-11-25T00:25:06 <adriens33> tu te sens pas un peu seul Trappy ? XD
2014-11-25T00:28:40 *** TrappyTickles est parti
2014-11-25T01:10:48 <adriens33> ok.. XD
2014-11-25T04:37:00 *** adriens33 est parti
2014-11-25T08:45:46 *** Gordfang s'est connecté
2014-11-25T09:37:43 *** heuzef s'est connecté
2014-11-25T09:44:18 *** Gordfang est parti
2014-11-25T09:45:30 *** Gordfang s'est connecté
2014-11-25T09:55:46 *** heuzef est parti
2014-11-25T09:56:15 *** heuzef s'est connecté
2014-11-25T10:27:30 <Gordfang> yo
2014-11-25T10:46:52 *** Gordfang est parti
2014-11-25T10:47:05 *** Gordfang s'est connecté
2014-11-25T11:55:56 *** adriens33 s'est connecté
2014-11-25T12:07:54 <adriens33> hello les gensr
2014-11-25T12:07:57 <adriens33> *gens
2014-11-25T12:11:39 <Gordfang> yo adrien ca va?
2014-11-25T12:12:22 <adriens33> ouai
2014-11-25T12:12:30 <adriens33> à part que j'ai pas dormi de la nuit
2014-11-25T12:12:39 <adriens33> que du coup je me suis rattrappé ce matin
2014-11-25T12:12:51 <adriens33> et que j'ai l'estomac à l'envers ><
2014-11-25T12:12:53 <Gordfang> vive les grasse mat :D
2014-11-25T12:13:09 <adriens33> ('fin là ça va mieux, mais ce matin j'étais mal)
2014-11-25T12:15:36 <Gordfang> pas manger?
2014-11-25T12:15:50 <adriens33> bah techniquement la grasse mat c'est quand tu continue ta nuit de sommeil le matin. moi j'ai fait ma nuit ce matin, nuance :p
2014-11-25T12:15:58 <adriens33> pas encore nope
2014-11-25T12:16:16 <Gordfang> essaye pour voir si tu va mieux après
2014-11-25T12:16:24 <adriens33> ouai non c'est pas ça ^^"
2014-11-25T12:16:32 <adriens33> j'ai des aigreurs
2014-11-25T12:16:42 <adriens33> ce que j'ai bouffé hier soir qui remonte
2014-11-25T12:16:50 <Gordfang> mauvais repas?
2014-11-25T12:16:56 <adriens33> (ça a pas plu à mon estomac, ça arrive il est lunatique XD)
2014-11-25T12:17:03 <adriens33> même pas
2014-11-25T12:17:11 <adriens33> plus tôt ç'aurait passé crème
2014-11-25T12:17:50 <Gordfang> tu as un estomat rebelle
2014-11-25T12:17:55 <adriens33> ouai XD
2014-11-25T12:17:56 <Gordfang> estomac*
2014-11-25T12:33:49 *** Gordfang est parti
2014-11-25T12:58:03 *** adriens33 est parti
2014-11-25T12:58:12 *** adriens33 s'est connecté
2014-11-25T13:01:15 *** TrappyTickles s'est connecté
2014-11-25T13:22:14 <adriens33> hello Trappy :)
2014-11-25T13:22:49 *** heuzef est parti
2014-11-25T13:38:27 *** Gordfang s'est connecté
2014-11-25T13:38:37 <Gordfang> yo
2014-11-25T13:40:57 <adriens33> re Gordfang
2014-11-25T13:41:10 <Gordfang> j'ai rien raté?
2014-11-25T13:41:20 <adriens33> pas que je sache non
2014-11-25T13:41:46 <adriens33> (j'ai été déco 5mn donc normalement non)
2014-11-25T13:42:06 <adriens33> 'fin si heuzef a quit ^^
2014-11-25T13:42:32 <Gordfang> ok
2014-11-25T15:37:57 *** heuzef s'est connecté
2014-11-25T15:38:44 *** adriens33 est parti
2014-11-25T15:39:02 *** adriens33 s'est connecté
2014-11-25T15:56:34 *** heuzef est parti
2014-11-25T15:56:56 *** heuzef s'est connecté
2014-11-25T16:16:39 *** heuzef est parti
2014-11-25T16:17:04 *** heuzef s'est connecté
2014-11-25T16:25:21 *** adriens33 est parti
2014-11-25T16:50:46 *** Pseudo s'est connecté
2014-11-25T16:52:20 *** Pseudo est parti
2014-11-25T17:43:25 *** strycore s'est connecté
2014-11-25T17:43:29 <strycore> BOOYAH
2014-11-25T17:43:56 <strycore> c'est encore plus mort que #giroll ce chan
2014-11-25T17:44:53 <heuzef> !muffin strycore
2014-11-25T17:47:00 * strycore lance un crane de poney sur heuzef
2014-11-25T17:49:38 *** MaCharon s'est connecté
2014-11-25T17:49:42 <MaCharon> salut
2014-11-25T18:01:36 <TrappyTickles> oi
2014-11-25T18:21:24 *** heuzef est parti
2014-11-25T19:11:36 *** TrappyTickles_ s'est connecté
2014-11-25T19:15:05 *** TrappyTickles est parti
2014-11-25T19:22:26 *** Gordfang est parti
2014-11-25T19:24:55 *** adriens33 s'est connecté
2014-11-25T19:40:00 <adriens33> hello all
2014-11-25T19:40:37 <MaCharon> hellow
2014-11-25T22:58:27 *** adriens33 est parti
2014-11-25T23:27:30 *** adriens33 s'est connecté
2014-11-25T23:33:56 *** MaCharon est parti
