2014-07-28T00:17:34 *** TrappyTickles est parti
2014-07-28T00:22:15 *** Eclipse2212 est parti
2014-07-28T01:08:18 *** Gordfang est parti
2014-07-28T07:25:58 *** Lenile s'est connecté
2014-07-28T08:00:13 <Berry-Punch> Voilà ce *hic* qu'il s'est passé ces 10 dernières lignes, adriens33
2014-07-28T08:00:14 *** adriens33 s'est connecté
2014-07-28T09:34:55 *** Gordfang s'est connecté
2014-07-28T09:35:39 <Gordfang> lu
2014-07-28T09:44:02 <adriens33> hellow
2014-07-28T09:51:58 *** adriens33 est parti
2014-07-28T09:58:39 <Lenile> Yow
2014-07-28T10:03:07 *** Dawnio s'est connecté
2014-07-28T10:03:13 <Dawnio> Bonjouuuur
2014-07-28T10:03:36 <Dawnio> Ah! Lenile?
2014-07-28T10:07:19 <Lenile> Oui ?
2014-07-28T10:07:48 <Lenile> Mhhhh, les interview dans la rue en fait c'est mort
2014-07-28T10:08:00 <Dawnio> lol même pas eu le temps de poser la question
2014-07-28T10:08:00 <Lenile> Un collegue de la section News s'en va 27 jours
2014-07-28T10:08:10 <Lenile> Du coup je me charge du journal quotidien
2014-07-28T10:08:19 <Lenile> Pendant 27 jours x)
2014-07-28T10:08:25 <Dawnio> Bon, ça c'est fait
2014-07-28T10:08:31 <Lenile> Donc j'ai plus du tout le temps x)
2014-07-28T10:08:37 <Lenile> J'doit faire 1 journal par jour.
2014-07-28T10:08:46 <Dawnio> :yay:
2014-07-28T10:08:56 <Lenile> Hier...
2014-07-28T10:09:06 <Lenile> J'ai littéralement passé 6 heure à faire un article
2014-07-28T10:09:15 <Lenile> J'avais commencé vers 14 heures
2014-07-28T10:09:16 <Dawnio> o/
2014-07-28T10:09:27 <Lenile> J'ai fini vers 21 heures
2014-07-28T10:09:38 <Dawnio> la joie du journalisme
2014-07-28T10:09:41 <Lenile> Yep
2014-07-28T10:09:52 <Lenile> Il sortira aujourd'hui à 16 heures xD
2014-07-28T10:10:15 <Dawnio> c'est quel journal?
2014-07-28T10:10:22 <Lenile> Le Poney Blanc
2014-07-28T10:10:28 <Dawnio> !
2014-07-28T10:10:36 <Lenile> Quoi ? x)
2014-07-28T10:10:42 <Dawnio> ok fallais le dire tout de suite ^^
2014-07-28T10:10:48 <Lenile> Pourquoi ? x)
2014-07-28T10:11:14 <Dawnio> ben je le check tous les jours ^^
2014-07-28T10:11:20 <Lenile> Bah tu vois le journal quotidien de LPB ?
2014-07-28T10:11:34 <Dawnio> si tu ne parles pas du site, non
2014-07-28T10:11:48 <Lenile> Hein ? e.ê
2014-07-28T10:12:36 <Lenile> http://www.leponeyblanc.fr/2014/07/infos-le-journal-15.html
2014-07-28T10:12:45 <Lenile> Je vais me chargé de ça en fait
2014-07-28T10:12:50 <Lenile> Pendant 27 jours
2014-07-28T10:12:53 <Dawnio> aah d'accord
2014-07-28T10:13:00 <Lenile> Normalement j'suis dans la section A
2014-07-28T10:13:03 <Lenile> Analyse*
2014-07-28T10:13:09 <Dawnio> d'ailleurs vous avez pas parlé de changer la bannière du journal,
2014-07-28T10:13:17 <Lenile> Mhhh
2014-07-28T10:13:20 <Lenile> C'est fait.
2014-07-28T10:13:31 <Lenile> T'a pas encore remarqué ? xD
2014-07-28T10:13:38 <Dawnio> ben c'est encore cherelle
2014-07-28T10:13:49 <Lenile> Bouarf je sais pas xD
2014-07-28T10:14:19 <Dawnio> bon, je vais prendre une douche, je re
2014-07-28T10:14:23 <Lenile> Okay !
2014-07-28T10:14:24 <Lenile> Plush !
2014-07-28T10:35:33 <Dawnio> re
2014-07-28T11:11:00 <Lenile> Re !
2014-07-28T11:11:46 <Dawnio> du coup je vais pas rester trop longtemps vu que je prend bientôt la route pour Bordeaux
2014-07-28T11:13:36 <Lenile> Ok !
2014-07-28T11:13:38 <Lenile> Moi j'bouge pas
2014-07-28T11:13:39 <Lenile> xD
2014-07-28T11:14:21 <Dawnio> mais tu fais ce que tu veux mon ptit :D
2014-07-28T11:14:27 <Dawnio> en plus il pleut
2014-07-28T11:14:31 <Dawnio> yepee
2014-07-28T11:22:37 <Lenile> xD
2014-07-28T11:32:08 *** Dawnio est parti
2014-07-28T11:32:08 *** Lenile est parti
2014-07-28T11:32:08 *** Gordfang est parti
2014-07-28T11:35:00 *** Dawnio s'est connecté
2014-07-28T11:35:03 *** Gordfang s'est connecté
2014-07-28T11:35:08 <Gordfang> petit bug
2014-07-28T11:42:27 *** Dawnio est parti
2014-07-28T12:02:17 *** ludvann s'est connecté
2014-07-28T12:02:31 <ludvann> Plop Gordfang !
2014-07-28T12:04:13 <Gordfang> plop
2014-07-28T12:04:16 <Gordfang> sa va?
2014-07-28T12:07:22 *** ludvann est parti
2014-07-28T12:32:00 *** Gordfang est parti
2014-07-28T12:38:51 <Berry-Punch> Voilà ce qu'il s'est passé ces 10 *hic* dernières lignes, adriens33
2014-07-28T12:38:53 *** adriens33 s'est connecté
2014-07-28T12:54:36 *** Gordfang s'est connecté
2014-07-28T12:58:47 <Gordfang> lu
2014-07-28T13:00:19 <adriens33> plop
2014-07-28T13:33:23 *** nagatsuki s'est connecté
2014-07-28T13:33:57 <nagatsuki> hey !
2014-07-28T13:35:30 *** Lezarius s'est connecté
2014-07-28T13:35:40 <Lezarius> Salut
2014-07-28T13:35:56 <Lezarius> adriens33: tu sais le nom de la pizzeria a coter de chez wilfier ?
2014-07-28T13:36:10 <adriens33> plop
2014-07-28T13:36:12 <adriens33> ben...
2014-07-28T13:36:19 <adriens33> t'as le domino's pizzas
2014-07-28T13:36:24 <adriens33> sinon là où il va d'habitude
2014-07-28T13:36:28 <adriens33> c'est la boîte à pizzas
2014-07-28T13:36:32 <adriens33> (c'est meilleur :p)
2014-07-28T13:37:29 <Lezarius> Meric
2014-07-28T13:56:40 *** heuzef s'est connecté
2014-07-28T13:56:43 <Berry-Punch> Voilà ce qu'il s'est passé ces *hic* 10 dernières lignes, heuzef
2014-07-28T13:56:44 <heuzef> !history
2014-07-28T13:56:51 <heuzef> Yop
2014-07-28T13:57:12 <Lezarius> Salut coupain =D
2014-07-28T13:57:15 <heuzef> nagatsuki je suis dispo pour PV ;
2014-07-28T13:57:18 <heuzef> ;)
2014-07-28T13:57:34 <adriens33> salut heuzef
2014-07-28T13:57:35 <adriens33> :)
2014-07-28T13:57:40 <heuzef> Salut adriens33 ^^
2014-07-28T13:58:59 <heuzef> Gordfang j'aurais du neuf pour les portes plume dès la semaine prochaine. En tous cas je peux te dire que nous aurons un délais très serré ... Mi Aout en gros, ce qui n'est pas possible mais nous verrons bien
2014-07-28T13:59:32 <Gordfang> houla ouai mi aout sa fait short pour organiser un truc...
2014-07-28T13:59:54 <Lezarius> Chaudd la dead line
2014-07-28T14:00:05 <Lezarius> Sinon SALUT GENTILS heuzef
2014-07-28T14:00:17 <heuzef> plop
2014-07-28T14:00:42 <Lezarius> Vendredi prochain TMT ?
2014-07-28T14:01:22 <nagatsuki> plop heuzef
2014-07-28T14:01:22 <Gordfang> tmt?
2014-07-28T14:25:16 <Lezarius> J'adore le Jazz
2014-07-28T14:32:09 *** ludvann s'est connecté
2014-07-28T14:32:23 <ludvann> yop tout le meonde !
2014-07-28T14:33:40 <heuzef> Prout =)
2014-07-28T14:34:11 <ludvann> ça va ?
2014-07-28T14:34:19 <adriens33> salut ludvann ^^
2014-07-28T14:34:26 <ludvann> ^^
2014-07-28T14:35:06 <ludvann> tite question, vous connaissez un logiciel de montage vidéo bon/correct de préférence gratuit ?
2014-07-28T14:37:01 <adriens33> Windows movie maker ? XD
2014-07-28T14:37:50 <ludvann> justement, a par ça... :/
2014-07-28T14:37:52 <ludvann> xD
2014-07-28T14:38:18 <ludvann> je veux bien être tolérent mais bon...
2014-07-28T14:38:26 <adriens33> Sous windows, en gratuit, je ne sais pas
2014-07-28T14:38:58 <adriens33> par contre sous GNU/Linux perso j'utilise KDENlive (t'as aussi OpenShot, et sans doute plein d'autre en cherchant un peu)
2014-07-28T14:39:05 <adriens33> *d'autres
2014-07-28T14:41:12 <ludvann> hum...
2014-07-28T14:41:19 <ludvann> merci quand même :D
2014-07-28T14:46:00 <ludvann> c'est koa ma co en mousse trempé dans de l'acide !!!!!????!!
2014-07-28T14:46:05 <heuzef> Pitivi est pas mal dans le genre non plus
2014-07-28T14:47:49 <ludvann> record avec windows & montage|upload avec linux... (ce mec est un boss ^^ )
2014-07-28T14:51:56 <ludvann> je re
2014-07-28T14:52:02 <ludvann> (je change d'os
2014-07-28T14:52:05 <ludvann> )*
2014-07-28T14:52:08 *** ludvann est parti
2014-07-28T14:52:53 *** ludvann s'est connecté
2014-07-28T14:52:57 <ludvann> Re
2014-07-28T14:56:03 *** heuzef est parti
2014-07-28T14:56:30 <ludvann> Comment s'appelle la console sous linux déjà ?
2014-07-28T14:56:35 <ludvann> Svp
2014-07-28T14:57:28 <adriens33> ludvann: qu'est-ce que tu veux dire par là ?
2014-07-28T14:57:29 <nagatsuki> Bon je vous lèche joyeusement (huhu oki je sort) et à la prochaine !
2014-07-28T14:57:56 <ludvann> @+
2014-07-28T14:58:00 *** nagatsuki est parti
2014-07-28T14:58:39 <ludvann> adriens33: l'équivalent de l'invite de commande mais sous linux
2014-07-28T15:01:01 <adriens33> oui non mais... c'est quoi ta question ?
2014-07-28T15:01:41 <ludvann> Rien rien...
2014-07-28T15:02:16 <adriens33> ok...
2014-07-28T15:02:43 <adriens33> dis ludvann, la drogue çaypabien ^^
2014-07-28T15:03:21 <ludvann> Je sais..
2014-07-28T15:10:34 <ludvann> Youpi ! J'ai envie d'éclater mon ordi ! Trololo
2014-07-28T15:12:41 <adriens33> qu'est-ce qu'il t'arrive encore ?
2014-07-28T15:14:13 <ludvann> Nan, juste l'écran qui c'est figeait au démarrage. Fixed !
2014-07-28T15:22:03 *** Letarumavza s'est connecté
2014-07-28T15:22:21 <ludvann> Salut !
2014-07-28T15:26:46 *** ludvann est parti
2014-07-28T15:28:16 *** ludvann s'est connecté
2014-07-28T15:28:19 <ludvann> re
2014-07-28T15:55:37 *** adriens33 est parti
2014-07-28T16:19:14 <Berry-Punch> Voilà ce qu'il s'est passé ces 10 dernières *hic* lignes, adriens33
2014-07-28T16:19:16 *** adriens33 s'est connecté
2014-07-28T16:31:58 <Letarumavza> re
2014-07-28T16:42:12 <ludvann> re
2014-07-28T16:54:09 *** nagatsuki s'est connecté
2014-07-28T16:54:42 <nagatsuki> hop coucou, je reviens pour demander un truc à heuzef mai j'ai l'impression qu'il n'est pas là
2014-07-28T16:55:54 <nagatsuki> J'aurais juste besoins d'un lien vers le pdf de l'article qui parle des bronies dans le sud ouest
2014-07-28T17:43:37 <nagatsuki> ha nan en faite c'est bon on a trouver une solution.
2014-07-28T17:44:01 <nagatsuki> bon je vous relaisse ++
2014-07-28T17:44:04 *** nagatsuki est parti
2014-07-28T17:45:13 *** ludvannn s'est connecté
2014-07-28T17:46:40 *** TrappyTickles s'est connecté
2014-07-28T17:46:48 <TrappyTickles> oi les poneys
2014-07-28T17:47:06 <TrappyTickles> mes prédictions ont été fondés, je vais pas pouvoir venir au lucifer ce soir, jade est malade
2014-07-28T17:47:37 <adriens33> Y'avait un truc de prévu ce soir ?
2014-07-28T17:53:00 *** Gordfang est parti
2014-07-28T17:53:25 <TrappyTickles> ben oui, une soirée au lucifer ce soir
2014-07-28T17:54:30 <TrappyTickles> d'un autre coté, ça veut dire que je pourrai être là jeudi, en revanche
2014-07-28T17:55:22 <Lezarius> Jute peux pas venir moi je suis avec ma copine se soire =P
2014-07-28T17:55:54 <TrappyTickles> ben moi c'est pareil du coup, mais le feeling sera pas le même
2014-07-28T17:56:07 <adriens33> ben… ça serait bien de faire des mails pour prévenir (et pis mettre à jour l'agenda ^^)
2014-07-28T17:56:14 <Lezarius> Elle aime pas la bierre =S
2014-07-28T17:56:26 <TrappyTickles> bière*
2014-07-28T17:56:26 <Berry-Punch> J'aimerais bien *hic* en reprendre, mais Colgate va se fâcher après…
2014-07-28T17:56:42 <TrappyTickles> oui ben du coup elle dégueulera pas comme la mienne alors
2014-07-28T17:57:03 <Lezarius> Ouais mais elle boit quoi ? xD
2014-07-28T17:57:34 <TrappyTickles> en ce moment? rien. faut qu'elle avale rien sinon elle dégueule encore plus et on est reparti pour 6h de plus
2014-07-28T17:57:49 <Lezarius> La mienne pas la tienne =D
2014-07-28T17:57:55 <TrappyTickles> jade est une migraineuse chronique, et c'est pas de la tite migraine
2014-07-28T17:58:22 <TrappyTickles> c'est genre dans le noir sans bruit, avec dégueulage et même évanouissement dans le pire des cas, je passe les détails
2014-07-28T17:58:54 <TrappyTickles> the night will be long
2014-07-28T17:59:00 <Lezarius> qu'elle heure se soir on sera la =D Elle a très envie de venir ~
2014-07-28T17:59:35 <TrappyTickles> chai plus
2014-07-28T17:59:53 <TrappyTickles> chai même plus qui venait
2014-07-28T18:00:42 *** ludvannn est parti
2014-07-28T18:01:04 *** ludvannn s'est connecté
2014-07-28T18:10:20 *** ludvann est parti
2014-07-28T18:11:25 <Lezarius> Letarumavza: tu y vas toi ?
2014-07-28T18:13:14 <adriens33> non, il vient pas
2014-07-28T18:13:36 <Lezarius> Tu sais a qu'elle heur toi adriens33
2014-07-28T18:14:52 <adriens33> Ben... Pour y aller faut déjà que je rentre chez moi...
2014-07-28T18:15:06 <adriens33> (Et je sais même pas où il est le lucifer)
2014-07-28T18:19:58 *** ludvannn est parti
2014-07-28T18:39:53 *** Ambrocidus s'est connecté
2014-07-28T18:40:01 <Ambrocidus> Bonjour
2014-07-28T18:40:33 <Lezarius> Salit Ambrocidus
2014-07-28T18:41:02 <Lezarius> Si tu veux adriens33 appelle wildfier on y vas tous les 3 se soir
2014-07-28T18:41:08 <Ambrocidus> Je voudrais parler au fondateur de BronyCUB, c'est possible ? (Ou d'avoir son numéro, je l'ai perdu)
2014-07-28T18:41:33 <Lezarius> Amm adriens33 tu t"en occupe j'y go la =P
2014-07-28T18:42:03 *** Lezarius est parti
2014-07-28T18:50:01 *** Ambrocidus est parti
2014-07-28T19:05:07 *** ludvannn s'est connecté
2014-07-28T19:20:42 *** ludvannn est parti
2014-07-28T19:30:00 *** ELiDYROS s'est connecté
2014-07-28T19:33:41 <ELiDYROS> Bonsoir.
2014-07-28T19:38:44 *** wildfier s'est connecté
2014-07-28T19:38:53 <adriens33> plop
2014-07-28T19:40:30 <wildfier> yop
2014-07-28T19:40:49 <wildfier> j'ai entendus parler d'une sortie au lucifer ce soir ?
2014-07-28T19:40:52 <wildfier> qui viens ?
2014-07-28T19:43:12 <wildfier> parce que si ya personne je vais avoir la flemme
2014-07-28T19:45:06 <ELiDYROS> je suis au courant de rien pour ma part
2014-07-28T19:45:58 *** ValCab33 s'est connecté
2014-07-28T19:46:08 <ValCab33> Plop
2014-07-28T19:49:27 <adriens33> ELiDYROS: moi non plus
2014-07-28T19:49:46 <wildfier> ?
2014-07-28T19:49:51 <wildfier> on ma dis de la merde alors
2014-07-28T19:50:13 <ELiDYROS> ou peut être que ça se fait en scrèd
2014-07-28T19:50:32 <wildfier> bas on ma dis qu'adriens33 devait venir
2014-07-28T19:50:39 <wildfier> donc le fait que tu sois pas au courant ...
2014-07-28T19:50:48 <adriens33> heuuuuuu
2014-07-28T19:50:50 <adriens33> wouat ?
2014-07-28T20:12:19 <adriens33> les gens ?
2014-07-28T20:12:36 <ELiDYROS> oui les gens c'est moi nous t'écoutons
2014-07-28T20:14:38 <Letarumavza> Il est où le micro ?
2014-07-28T20:14:47 <Letarumavza> oukilé ?
2014-07-28T20:24:52 <adriens33> ben je sais pas, c'est quoi cette histoire de sortie au lucifer à laquelle je suis sensé participer ?
2014-07-28T20:25:50 <wildfier> bas ça doit sortir de nul part XD
2014-07-28T20:27:11 <wildfier> damn, comme j'ai pas pensé à backup les fichiers de dark souls 2 je peux pas le downgrader pour passer sur la version qu'on utilise pour runner
2014-07-28T20:27:18 <wildfier> du coup je suis obligé de le craquer
2014-07-28T20:27:32 <wildfier> mais techniquement comme je possède le jeu c'est légal XD
2014-07-28T20:29:48 <ELiDYROS> nope
2014-07-28T20:30:00 <ELiDYROS> modifier quelque chose même si on l'a acheté est interdi en théorie
2014-07-28T20:30:02 <ELiDYROS> (je crois)
2014-07-28T20:30:40 <wildfier> je le modifie pas, je récupère une ancienne version ^^ (craqué mais chut)
2014-07-28T20:33:14 <wildfier> quelqu'un sait comment régler la fréquence du moniteur sous windows ?
2014-07-28T20:34:45 <wildfier> parce que j'ai l'écran qui se met à clignoter c'est insuportable
2014-07-28T20:35:01 <wildfier> sous linux j'ai réglé le pb en le passant à 60Hz
2014-07-28T20:35:26 <ELiDYROS> en général c'est le truc basique des propriétés écran
2014-07-28T20:35:33 <ELiDYROS> sauf suivant les drivers que tu utlises
2014-07-28T20:35:50 <ELiDYROS> sur mon alien je dois aller dans les paramètres nvidia
2014-07-28T20:36:47 <wildfier> super
2014-07-28T20:36:53 <wildfier> c'est déjà à 60Hz
2014-07-28T20:36:58 <ELiDYROS> bizarre
2014-07-28T20:36:59 <wildfier> et si je change ça empire
2014-07-28T20:39:01 *** wildfier est parti
2014-07-28T20:44:12 *** Lezarius s'est connecté
2014-07-28T20:44:23 <adriens33> Hellow
2014-07-28T20:44:27 <Lezarius> Hey /re
2014-07-28T20:44:40 <Lezarius> TrappyTickles: tu as pas dit que vous allier au lucifer se soire OO
2014-07-28T20:45:02 <TrappyTickles> j'ai dit que moi je pouvais plus venir pcq jade est malade
2014-07-28T20:45:09 <TrappyTickles> les autres je sais pas
2014-07-28T20:45:14 <adriens33> Mais personne d'autre n'était au courant…
2014-07-28T20:45:20 <adriens33> Vive l'orga quoi.
2014-07-28T20:45:22 <adriens33> la ML ?
2014-07-28T20:45:25 <adriens33> l'agenda ?
2014-07-28T20:45:26 <adriens33> non ?
2014-07-28T20:45:30 <Lezarius> Ouais les autre c'est qui sry xD
2014-07-28T20:45:32 <ELiDYROS> lolo
2014-07-28T20:46:02 <adriens33> Lezarius, le gars qui préparait les soirées en mode yolo sans prévenir les gens ^^
2014-07-28T20:46:31 <Lezarius> adriens33: pas moi qui à orga xD Moi je m'en fou "je veux juste que wildfier parte de l'appart pour remettre le couvert avec ma copine =D"
2014-07-28T20:46:59 <adriens33> ?
2014-07-28T20:47:03 <Lezarius> Et non adriens33 c'est pas moi l'orga encore une fois =D J'ai juste vue ça sur IRC en rentrant =P
2014-07-28T20:47:23 <Lezarius> ELiDYROS:  ? Lolo ferrari
2014-07-28T20:47:43 <ELiDYROS> Soirée gangbang chez moi là tout de suite, sérieux et expérimentés requis, dresscode : court pour les filles, cintrés pour les mecs
2014-07-28T20:48:10 <Lezarius> Elle est a moi
2014-07-28T20:48:33 <ELiDYROS> j'avais commencé à écrire avant de te lire
2014-07-28T20:48:44 <Lezarius> Ah okay xD
2014-07-28T20:49:22 <ELiDYROS> donc ouais je peux aussi orga en mode #yolo
2014-07-28T20:49:45 <Lezarius> Mais qui à orga cette foutu soirée au lucifer
2014-07-28T20:51:58 *** Lezarius est parti
2014-07-28T20:52:36 *** Lezarius s'est connecté
2014-07-28T20:52:47 <Berry-Punch> Voilà ce *hic* qu'il s'est passé ces 10 dernières lignes, Lezarius
2014-07-28T20:52:48 <Lezarius> !history
2014-07-28T20:54:15 *** ludvann s'est connecté
2014-07-28T20:55:21 <ludvann> blop !
2014-07-28T20:55:28 *** wildfier s'est connecté
2014-07-28T20:55:34 <adriens33> salut lud'
2014-07-28T20:55:35 <adriens33> re wildfier
2014-07-28T20:55:57 <Lezarius> Cha lu les gens =D
2014-07-28T20:56:12 <ludvann> ça va ?
2014-07-28T20:56:16 <wildfier> putain je vais finir par demander à un runner de passer les fichiers du jeu là ...
2014-07-28T20:56:34 <adriens33> ^^
2014-07-28T20:56:37 <ludvann> ^^
2014-07-28T20:56:38 <Lezarius> Sinon vous allez au lucifer avec wildfier oui ou merde ?
2014-07-28T20:56:39 <adriens33> tu galères tant que ça ?
2014-07-28T20:56:46 <adriens33> …
2014-07-28T20:57:01 <Lezarius> Non je veux juste remettre le couvet
2014-07-28T20:57:02 <wildfier> bas ça me fait chier de dl 40 version craquées
2014-07-28T20:57:16 <adriens33> version craquée de quoi ?
2014-07-28T20:57:20 <wildfier> et de voir que les install failent
2014-07-28T20:57:25 <wildfier> de dark souls 2
2014-07-28T20:57:34 <adriens33> ben... tu l'avais pas déjà ?
2014-07-28T20:57:38 <wildfier> en version antérieure du jeu pour le runner
2014-07-28T20:57:39 <ludvann> ?
2014-07-28T20:59:44 <wildfier> parce que dans le dernier patch ils ont nerfé l'arme qu'on utilise pour la run
2014-07-28T21:00:39 <adriens33> attends... tu cherches une version craquée d'un jeu que t'as acheté pour pouvoir le finir ?
2014-07-28T21:00:40 <adriens33> oO
2014-07-28T21:00:58 <wildfier> non pour le runner
2014-07-28T21:01:07 <wildfier> tu peux pas downgrade sur steam
2014-07-28T21:02:16 <ludvann> ah :/
2014-07-28T21:02:29 <adriens33> leta me dit que si normalement...
2014-07-28T21:02:52 <wildfier> comment ?
2014-07-28T21:02:59 <ludvann> va voir steam en faisant cette tête ^^ bit.ly/UGAOj0
2014-07-28T21:03:02 <adriens33> je sais pas, faut lui demander ^^
2014-07-28T21:03:23 <ludvann> (steam/valve)
2014-07-28T21:03:33 <wildfier> bas y a rien dans la conf du jeu depuis steam
2014-07-28T21:04:08 <ludvann> et tu peux pas juste trouver un patch ?
2014-07-28T21:04:10 <adriens33> pis moi là j'peux pas t'aider là dessus :/
2014-07-28T21:04:23 <Lezarius> *Alert rouge* Les gens faut me faire sortir wildfier au plus vite Je repette au plus vite xD
2014-07-28T21:04:36 <adriens33> Lezarius: heu...
2014-07-28T21:04:52 <ludvann> Lezarius: watt ?
2014-07-28T21:05:13 <wildfier> oui les patchs de downgrade j'aimerais bien
2014-07-28T21:05:31 <wildfier> mais je te dis je vais finir par demander à un runner
2014-07-28T21:05:57 <Lezarius> ludvann: envie de profiter de la dernier soirée avec ma copine xD Et sinon on vient au luciffer avec wildfier si peux de monde vienne
2014-07-28T21:06:04 <ELiDYROS> peut être qu'ils mettront un choix de la version comme ils font dans certains jeu de fight, dans les options
2014-07-28T21:06:13 <wildfier> nope
2014-07-28T21:06:23 <wildfier> ça serait si simple XD
2014-07-28T21:06:46 <Lezarius> ELiDYROS: tu vient pas boire se soire ? Le gangbang c'est le mercredi
2014-07-28T21:06:50 <ludvann> euh... nope je peux pas venir au lucifer pour plusieurs raison...
2014-07-28T21:07:02 <Lezarius> ludvann: oui tu es mineur nan ?
2014-07-28T21:07:20 <adriens33> ben il a 15 ans et demi Lezarius…
2014-07-28T21:07:38 <ludvann> 1) je sais pas où c'est 2) c'est quoi 3) je suis mineur 4) je sais si mes daronts voudraient me laisser sortir le soir
2014-07-28T21:08:24 <ludvann> donc bon...
2014-07-28T21:08:59 <Lezarius> ludvann: 1) près de la victoire 2)Un bar 3) Pas grave y a du coca maison je crois 4) On te kidnappe
2014-07-28T21:09:11 <ludvann> xD
2014-07-28T21:10:00 <ludvann> même si je pouvais: 1) la flemme 2) sera un bordel pour rentrer le soir...
2014-07-28T21:10:48 <Lezarius> ludvann: 1) J'ai un ak47 2) la rue c'est cool (Je troll la hein)
2014-07-28T21:10:56 <ludvann> (cette image me fait froid dans le dos bit.ly/1nSKanh )
2014-07-28T21:11:11 <ludvann> nan, sans blague ;D
2014-07-28T21:16:34 <adriens33> Lezarius, va falloir que tu te calmes.
2014-07-28T21:16:38 <adriens33> Je te rappelles
2014-07-28T21:16:43 <adriens33> au cas où tu l'aurais oublié
2014-07-28T21:16:48 <adriens33> que ludvann a 15 ans.
2014-07-28T21:16:53 <adriens33> que ce chat EST PUBLIC !!
2014-07-28T21:17:00 <adriens33> si ses parents passent sur le site
2014-07-28T21:17:04 <ludvann> nope
2014-07-28T21:17:06 <adriens33> et voient ce que tu oses proposer
2014-07-28T21:17:21 <adriens33> TU crois qu'il vont en penser quoi du collectif BronyCUB ???
2014-07-28T21:17:27 <ELiDYROS> ouais car Gangbang ça passe mais pas l'alcool
2014-07-28T21:17:28 <Berry-Punch> J'aimerais bien en *hic* reprendre, mais Colgate va se fâcher après…
2014-07-28T21:17:34 <adriens33> T'es allumé du bocal ou quoi ??
2014-07-28T21:17:37 <Lezarius> Merci ELiDYROS
2014-07-28T21:17:42 <adriens33> ...
2014-07-28T21:17:47 <ELiDYROS> je plaisante hein
2014-07-28T21:18:08 <ludvann> il connaissent ni bronycub ni moi en tant que brony (et d'ailleurs les bronys)
2014-07-28T21:18:16 <adriens33> c'est pas une raison.
2014-07-28T21:18:42 <adriens33> proposer de l'alcool à un mineur, faire des 'je te kidnappe', c'est punissable pénalement il me semble...
2014-07-28T21:18:42 <Berry-Punch> Tu *hic* en as pour moi adriens33 ?
2014-07-28T21:20:15 <Lezarius> Je lui est proposé de l'acool car je s'avais pas sont age. Après je lui ai dit qu'il y avait du bon coca "maison" ... Et le "je te kidnappe" et clairement du troll présisé les msg d'après pour des gens comme toi =D
2014-07-28T21:20:42 <adriens33> Tu savais pas son age... C'est pas comme s'il l'avait pas foutu dans sa description ni qu'il l'avait déjà dit 35 mille fois...
2014-07-28T21:20:50 <adriens33> ...
2014-07-28T21:20:56 <adriens33> J'ai quoi moi ?
2014-07-28T21:20:58 <adriens33> Vas y ?
2014-07-28T21:21:00 <Lezarius> Si je retenais tout les pseudo avec leurs age etc ...
2014-07-28T21:21:02 <ludvann> 34568 fois précisement
2014-07-28T21:21:21 <wildfier> XD comment t'en rajoute une couche de troll !
2014-07-28T21:21:49 <ludvann> ^^'
2014-07-28T21:21:52 <Lezarius> Tu cherche la petite bête. Sur se je vais arretter de parler et passez du bon temps avec mes amis
2014-07-28T21:21:56 <adriens33> ...
2014-07-28T21:22:07 <adriens33> Sois responsable, c'est tout ce que je te demande !!
2014-07-28T21:22:15 <ludvann> au pire,
2014-07-28T21:22:46 <ludvann> après avoir dit une connerie, tu flood 10 lignes et il y a  pas d'historique sur le site
2014-07-28T21:27:19 <ludvann> anyway...
2014-07-28T21:32:03 *** Lezarius est parti
2014-07-28T21:32:55 <ludvann> i've got ballons , in m basket...
2014-07-28T21:33:10 <ludvann> i've got candys, in my truck...
2014-07-28T21:33:21 <ludvann> nana na na !
2014-07-28T21:33:31 <ELiDYROS> vous regardez Regular Show ?
2014-07-28T21:33:34 <ludvann> ughtyre hoy !
2014-07-28T21:33:38 <ludvann> nope
2014-07-28T21:33:50 <ludvann> késaco ?
2014-07-28T21:33:59 <ELiDYROS> cartoon
2014-07-28T21:34:07 <ludvann> ok
2014-07-28T21:34:45 <wildfier> j'ai déjà donné avec adventure time et j'ai pas aimé
2014-07-28T21:34:51 <ludvann> 1 + 1 = ?
2014-07-28T21:34:55 <adriens33> 11
2014-07-28T21:34:59 *** TrappyTickles est parti
2014-07-28T21:35:04 <ludvann> nope
2014-07-28T21:35:13 <wildfier> bas on compare souvent adventure time et régular show à ce que j'ai entendu
2014-07-28T21:35:26 <ludvann> (1+1)/
2014-07-28T21:35:31 *** TrappyTickles s'est connecté
2014-07-28T21:36:02 <ELiDYROS> parce que les deux sont absurdes
2014-07-28T21:36:04 <ELiDYROS> et géniaux
2014-07-28T21:39:12 <wildfier> bon au final qui y vas au lucifer ce soir ?
2014-07-28T21:39:29 <ludvann> pas moi ^^
2014-07-28T21:40:01 <wildfier> XD +1 point troll
2014-07-28T21:48:13 <ludvann> ValCab33, Houston, do you received ?
2014-07-28T21:48:25 <ValCab33> Ui ?
2014-07-28T21:48:42 <ludvann> mon ksp fonctionne o/
2014-07-28T21:48:51 <ValCab33> Yay
2014-07-28T21:48:55 <ludvann> *insert a viking dance*
2014-07-28T21:49:53 <ludvann> et je me suis fait une parie en mode career ^^
2014-07-28T22:19:58 *** ELiDYROS est parti
2014-07-28T22:41:21 *** ludvannn s'est connecté
2014-07-28T22:44:49 *** ludvann est parti
2014-07-28T22:46:26 *** ludvannn est parti
2014-07-28T22:46:42 *** ludvannn s'est connecté
2014-07-28T22:46:45 *** ELiDYROS s'est connecté
2014-07-28T22:48:02 *** ELiDYROS est parti
2014-07-28T22:48:07 *** ELiDYROS s'est connecté
2014-07-28T23:14:09 *** ludvannn est parti
2014-07-28T23:23:08 *** TrappyTickles est parti
2014-07-28T23:27:19 *** adriens33 est parti
2014-07-28T23:46:13 *** MaitrePanda s'est connecté
2014-07-28T23:46:24 <MaitrePanda> salut
2014-07-28T23:46:45 <ELiDYROS> o/
