2014-08-28T00:07:27 <Berry-Punch> Voilà ce qu'il s'est passé ces 10 dernières *hic* lignes, adriens33
2014-08-28T00:07:27 *** adriens33 s'est connecté
2014-08-28T00:34:52 *** TrappyTickles est parti
2014-08-28T00:50:08 *** adriens33 est parti
2014-08-28T01:29:22 *** ELiDYROS est parti
2014-08-28T05:01:49 *** Letarumavza s'est connecté
2014-08-28T05:04:56 *** Silou est parti
2014-08-28T06:07:57 *** Letarumavza est parti
2014-08-28T08:13:27 *** heuzef s'est connecté
2014-08-28T09:07:06 <Berry-Punch> Voilà *hic* ce qu'il s'est passé ces 10 dernières lignes, adriens33
2014-08-28T09:07:07 *** adriens33 s'est connecté
2014-08-28T10:11:27 *** TrappyTickles s'est connecté
2014-08-28T10:21:30 *** ValCab33 s'est connecté
2014-08-28T10:21:37 <ValCab33> Hello
2014-08-28T11:19:17 <TrappyTickles> oi
2014-08-28T11:28:46 *** ValCab33 est parti
2014-08-28T11:32:44 *** adriens33 est parti
2014-08-28T12:21:24 <heuzef> Plop*
2014-08-28T13:29:05 *** PinkiePie s'est connecté
2014-08-28T13:29:13 *** PinkiePie est parti
2014-08-28T13:35:07 *** Bybeez s'est connecté
2014-08-28T13:35:39 <Bybeez> Patate !
2014-08-28T13:47:17 *** MaCharon s'est connecté
2014-08-28T13:47:21 <MaCharon> slt
2014-08-28T13:47:46 <Bybeez> Yo !
2014-08-28T13:48:12 <MaCharon> va bien ?
2014-08-28T13:48:53 <Bybeez> Oui et toi ?
2014-08-28T13:49:08 <MaCharon> tranquilou ^^
2014-08-28T13:51:20 <heuzef> Qui qui veux les photos de l'anniv ? =)
2014-08-28T13:51:27 <heuzef> https://docs.google.com/file/d/0B5DeDtrtzBSFdzBEbmtxYy1Ob2c/edit?usp=drive_web
2014-08-28T13:53:07 <MaCharon> j'en ai deja quelques une de mon coté
2014-08-28T13:53:20 <heuzef> Ha Yvan viens de créer le PVP pour EM
2014-08-28T13:53:22 <heuzef> Olala
2014-08-28T13:53:32 <heuzef> Il m'à encore pondu un système 100 fois trop complexe
2014-08-28T13:53:38 <MaCharon> XD
2014-08-28T13:54:39 <heuzef> Bon quand j'aurais enfin compris son système je vais tenter de le simplififer
2014-08-28T13:54:54 <heuzef> En tous cas on peux pas dire qu'il aime pas les math ^^
2014-08-28T13:57:14 <TrappyTickles> cool enfin les fotos ^^
2014-08-28T13:58:54 <TrappyTickles> euh wat?
2014-08-28T13:59:03 <TrappyTickles> c'était quand et ou, ça?
2014-08-28T14:00:23 <heuzef> Y'a pas que l'anniv en effet
2014-08-28T14:02:29 *** Yvan33 s'est connecté
2014-08-28T14:02:34 <Yvan33> Salut
2014-08-28T14:02:40 *** Silou s'est connecté
2014-08-28T14:02:58 <Yvan33> Heuzef, j'ai créée la section pvp
2014-08-28T14:03:03 <heuzef> J'ai vu ;)
2014-08-28T14:03:10 <heuzef> Finit ?
2014-08-28T14:03:33 <Yvan33> Ouais
2014-08-28T14:03:42 <Yvan33> Enfin j'ai rien d'autre a ajouter sur le moment
2014-08-28T14:04:16 <heuzef> Dac je jetterais un oeil, pour l'instant je dirais que c'est encore sacrément trop complexe comme d'hab ^^ Donc ça suffira largement
2014-08-28T14:04:44 <Yvan33> Bah ouais mais sinon c'est "Eco rouge => fini"
2014-08-28T14:04:51 <heuzef> Je sais :/
2014-08-28T14:05:08 <TrappyTickles> y a aucune photo ou vidéo qui correspond à l'anniv où j'étais :s
2014-08-28T14:05:12 <Yvan33> Bon après j'avoue j'ai peut être manqué de zèle sur l'exemple de combat
2014-08-28T14:05:34 <Yvan33> Les photos sont sur le site?
2014-08-28T14:05:36 <heuzef> En tous cas si y'a bien une page ou il y a besoin de ce casser la tête c'est sur le système economique, la tu peux te lâcher je pense
2014-08-28T14:05:45 <heuzef> https://docs.google.com/file/d/0B5DeDtrtzBSFdzBEbmtxYy1Ob2c/edit?usp=drive_web
2014-08-28T14:05:58 <heuzef> Non c'est un gros merdier, on attend tous après le BBBFF pour y voir plus claire
2014-08-28T14:06:11 <heuzef> Bon je vous laisse j'ai encore masse de boulot ;)
2014-08-28T14:06:32 <Yvan33> Tu veux dire que tu dois massacrer mon boulot?
2014-08-28T14:07:22 <Silou> Ploup
2014-08-28T14:07:36 <Yvan33> Salut Silou
2014-08-28T14:15:42 <Bybeez> ça va, je trouve je système de pvp assez simple, mais ça risque de finir par celui qui a plus d'éco a perdu si les deux joueurs ont assez d'imagination
2014-08-28T14:29:37 *** Bybeez est parti
2014-08-28T14:30:33 *** Bybeez s'est connecté
2014-08-28T14:36:52 <Yvan33> Ouais mais vaut mieux pas mettre autant d'ennemi que de joueur alors
2014-08-28T14:39:39 <Bybeez> Ouaip
2014-08-28T14:43:58 *** Bybeez est parti
2014-08-28T14:44:45 *** Bybeez s'est connecté
2014-08-28T15:00:52 *** Bybeez est parti
2014-08-28T15:04:05 *** Yvan33 est parti
2014-08-28T15:04:28 *** Bybeez s'est connecté
2014-08-28T15:22:35 *** Bybeez est parti
2014-08-28T15:22:57 *** Bybeez s'est connecté
2014-08-28T15:41:03 *** Bybeez est parti
2014-08-28T15:41:40 *** Bybeez s'est connecté
2014-08-28T15:56:32 *** Bybeez est parti
2014-08-28T15:57:41 *** Bybeez s'est connecté
2014-08-28T16:46:57 *** ludvann s'est connecté
2014-08-28T16:47:03 <ludvann> salut :)
2014-08-28T16:48:31 <ludvann> MaCharon ?
2014-08-28T17:05:28 <MaCharon> excuse moi, slt
2014-08-28T17:05:39 <MaCharon> j'etait en train de jouer
2014-08-28T17:12:57 <ludvann> MaCharon tu connais l'anime/manga mirrai niki ?
2014-08-28T17:13:05 <MaCharon> oui
2014-08-28T17:13:40 <MaCharon> why ?
2014-08-28T17:14:03 <ludvann> tu as compris la fin ? ^^'
2014-08-28T17:14:36 <MaCharon> dans les grandes lignes
2014-08-28T17:14:53 <MaCharon> la fin de l'anime est pourrie
2014-08-28T17:15:07 <ludvann> c'est pareil dans le manga ?
2014-08-28T17:15:27 <MaCharon> nn c'est mieux, toujours complexe mais mieux
2014-08-28T17:15:47 <ludvann> (quand tu dit fin c'est les 2 dernières minutes ? ou toute la fin)
2014-08-28T17:15:52 <ludvann> ok :)
2014-08-28T17:16:49 <MaCharon> ben en fait c'est juste mon coloc qui m'avait montré la fin de l'anime pour que je puisse constater a quel point c'etait nul
2014-08-28T17:17:08 *** Letarumavza s'est connecté
2014-08-28T17:17:22 <MaCharon> sinn c'est une bon serie
2014-08-28T17:17:31 <MaCharon> une bonne*
2014-08-28T17:18:11 <ludvann> ok :D (même avis)
2014-08-28T17:18:32 <MaCharon> et puis Yuno est tellement EPIC
2014-08-28T17:18:53 <MaCharon> j'adore les yandere <3
2014-08-28T17:19:23 <MaCharon> comme Kurumi dans "Date a Live"
2014-08-28T17:22:35 <ludvann> ^^
2014-08-28T17:24:15 <MaCharon> and take your loli !
2014-08-28T17:27:26 <Letarumavza> re
2014-08-28T17:27:36 <Letarumavza> Barbeuq reporté à demain.
2014-08-28T17:27:42 <Letarumavza> Adrien dékà confirmé
2014-08-28T17:27:45 <Letarumavza> Qui d'autr e?
2014-08-28T17:28:17 <MaCharon> quelle heure ?
2014-08-28T17:35:41 <Bybeez> Moi, je pense pouvoir venir
2014-08-28T17:42:54 <ludvann> je sais pas :/
2014-08-28T18:00:06 *** Yvan33 s'est connecté
2014-08-28T18:00:20 <Yvan33> Salut
2014-08-28T18:00:31 <MaCharon> slt
2014-08-28T18:00:41 <Yvan33> Euh le barbuque il est reporté à demain?
2014-08-28T18:01:09 <MaCharon> apparement
2014-08-28T18:03:12 <Yvan33> ah cool, moi je peux demain!
2014-08-28T18:03:52 <ludvann> je vous laisse.
2014-08-28T18:03:54 <ludvann> @+
2014-08-28T18:04:12 *** ludvann est parti
2014-08-28T18:15:37 *** Yvan33 est parti
2014-08-28T18:20:05 <Bybeez> MaCharon, tu savais qu'il y a un jeu basé sur RWBY (bon pour l'instant il y a que une démo trouvable de manière pas légale) un indé l'a fait et Rooster Teeth a embauché le mec
2014-08-28T18:20:19 <Bybeez> Le jeu je l'ai et il gère du poney
2014-08-28T18:20:23 <MaCharon> j'ai vu des images oui
2014-08-28T18:20:39 <Bybeez> Ce sera un Action RPG qui rox
2014-08-28T18:20:48 <MaCharon> trop ça
2014-08-28T18:21:11 <Bybeez> Bah, j'ai testé est t'as juste le coté action mais c'est super prometteur
2014-08-28T18:21:12 <MaCharon> que tu puisse faire ton/ta perso
2014-08-28T18:21:23 <MaCharon> ça fait rever
2014-08-28T18:21:38 <Bybeez> Ouaip, et les actions avec les armes corresponde vraiment a ce qu'on voit dans RWBY
2014-08-28T18:21:51 <MaCharon> i want Yang !!!!!
2014-08-28T18:22:22 <Bybeez> I want Nora !!! Wait.. no Ruby !!!
2014-08-28T18:22:35 <Bybeez> Et tu peux faire une équipe en plus
2014-08-28T18:22:42 <MaCharon> ah les deux sisters ^^
2014-08-28T18:22:57 <Bybeez> C'est clair vu qu'on pourra jouer en équipe
2014-08-28T18:23:06 <MaCharon> Nora XDD
2014-08-28T18:23:10 <Bybeez> (multi ou PNJ je sais pas mais ça va gerer)
2014-08-28T18:23:18 <Bybeez> I'm queen of the castle
2014-08-28T18:23:49 <Bybeez> https://www.youtube.com/watch?v=rYOfzOOhKgU
2014-08-28T18:23:58 <MaCharon> la justice sera delicieuse !
2014-08-28T18:24:18 <Bybeez> XD
2014-08-28T18:24:26 <MaCharon> le gros delire du permier episode
2014-08-28T18:24:39 <MaCharon> mais ils on tellement géré
2014-08-28T18:24:43 <Bybeez> C'est tellement génial comme bataille de bouffe
2014-08-28T18:24:48 <Bybeez> C'est clair
2014-08-28T18:24:49 <MaCharon> avec tout les clin d'oeil
2014-08-28T18:25:02 <MaCharon> "j'adore ces gars"
2014-08-28T18:25:27 <Bybeez> XD
2014-08-28T18:25:57 <Bybeez> C'est clair que Rooster Teeth ils ont fait un boulot de tarés ! Avec les Musiques !!!
2014-08-28T18:26:41 <MaCharon> oh ouai elles defoncent, je me suis pris les OP et les OST de la premiere saison
2014-08-28T18:27:13 <Bybeez> Moi j'attend le mois prochain et je me les achètent car ça vaut tellement le coup
2014-08-28T18:27:34 <MaCharon> pas besoin de payer si tu cherche bien
2014-08-28T18:27:53 <Bybeez> Oui mais pour les récompenser ^^
2014-08-28T18:28:02 <Bybeez> Sinon je les ai deja sur mon portable ^^
2014-08-28T18:28:07 <MaCharon> pas faux
2014-08-28T18:30:39 *** Bybeez est parti
2014-08-28T18:31:23 *** Bybeez s'est connecté
2014-08-28T18:35:58 *** Bybeez est parti
2014-08-28T18:37:19 *** Bybeez s'est connecté
2014-08-28T18:40:50 *** Bybeez est parti
2014-08-28T18:43:29 *** Bybeez s'est connecté
2014-08-28T18:45:34 *** Bybeez est parti
2014-08-28T18:46:53 *** Bybeez s'est connecté
2014-08-28T18:48:28 <Bybeez> Ma co qui bug, ça fait plaisir le modem 4G de remplacement qui marche quand il veut
2014-08-28T19:01:29 *** Bybeez est parti
2014-08-28T19:05:02 *** TrappyTickles est parti
2014-08-28T19:05:55 *** TrappyTickles s'est connecté
2014-08-28T19:36:10 *** Bybeez s'est connecté
2014-08-28T19:38:16 *** heuzef est parti
2014-08-28T20:16:16 *** Bybeez est parti
2014-08-28T20:17:17 *** Bybeez s'est connecté
2014-08-28T20:21:17 *** Bybeez est parti
2014-08-28T20:21:41 *** Bybeez s'est connecté
2014-08-28T20:26:32 *** Bybeez est parti
2014-08-28T20:27:18 *** Bybeez s'est connecté
2014-08-28T20:28:40 <Letarumavza> re
2014-08-28T20:29:09 <Bybeez> Re
2014-08-28T20:29:16 <MaCharon> re
2014-08-28T20:29:25 <Letarumavza> Donc je disais, barbeuq demain à partir de 17h si vous voulez pour taper la discutaille. Oubliez pas d'amener l'équivalent d'une part de barbaque chacun minimum et ce que vous voulez en plus.
2014-08-28T20:29:41 <Letarumavza> (histoire qu'on finisse pas comme des cons à être sans viande ^^)
2014-08-28T20:30:12 <Letarumavza> Trappy tu bosses demain ?
2014-08-28T20:30:18 <Bybeez> Moi je ramene des cookies en plsu !
2014-08-28T20:30:18 <Bybeez> plus*
2014-08-28T20:30:52 <MaCharon> j'ai un roti de cheval
2014-08-28T20:30:59 <MaCharon> ...
2014-08-28T20:32:26 *** Bybeez est parti
2014-08-28T20:32:44 *** Bybeez s'est connecté
2014-08-28T20:35:24 *** Bybeez est parti
2014-08-28T20:35:35 *** ludvann s'est connecté
2014-08-28T20:35:40 <ludvann> plop :D
2014-08-28T20:36:12 <MaCharon> du coup le roti de cheval ça interesse ?
2014-08-28T20:36:21 *** Bybeez s'est connecté
2014-08-28T20:36:37 <ludvann> why not ^^
2014-08-28T20:37:45 <Bybeez> Oui, car le cheval, le cheval le cheval c'est génial
2014-08-28T20:38:06 <MaCharon> c'est vraiment génial*
2014-08-28T20:38:19 <MaCharon> ^^
2014-08-28T20:38:28 <ludvann> xD
2014-08-28T20:38:30 <ludvann> taykon ^^
2014-08-28T20:38:51 <MaCharon> bah ça va c'est pas du poney
2014-08-28T20:39:53 <ludvann> ouep
2014-08-28T20:41:41 <Bybeez> Heyup
2014-08-28T20:42:54 <ludvann> Eeyup*
2014-08-28T20:42:56 <ludvann> ^^
2014-08-28T20:43:09 * ludvann activated grammar nazi
2014-08-28T20:44:03 * Bybeez activated grammar jew
2014-08-28T20:46:58 <ludvann> :D
2014-08-28T21:33:21 *** Bybeez est parti
2014-08-28T21:35:27 *** Bybeez s'est connecté
2014-08-28T21:38:08 *** Bybeez est parti
2014-08-28T21:38:42 *** Bybeez s'est connecté
2014-08-28T21:39:55 *** Bybeez est parti
2014-08-28T21:40:43 *** Bybeez s'est connecté
2014-08-28T21:42:02 *** Bybeez est parti
2014-08-28T21:42:45 *** Bybeez s'est connecté
2014-08-28T21:51:36 *** ELiDYROS s'est connecté
2014-08-28T21:52:18 *** Gordfang s'est connecté
2014-08-28T21:52:25 <Gordfang> salut tous le monde!
2014-08-28T21:52:39 <ELiDYROS> Salut tout le monde !
2014-08-28T21:52:41 <MaCharon> slt
2014-08-28T21:53:53 <Gordfang> je vient d'envoyer un mail de rappel pour astree afin de vous rappeler que la formation as lieu le week end prochain
2014-08-28T22:09:57 *** Yvan33 s'est connecté
2014-08-28T22:10:11 <Yvan33> Hello!
2014-08-28T22:10:47 <Yvan33> Ey apparemment ya un barbuq demain, qui sait où c'est?
2014-08-28T22:11:01 <MaCharon> chez Leta il me semble
2014-08-28T22:11:17 <Yvan33> A quel heure tu sais?
2014-08-28T22:11:54 <Letarumavza> <Letarumavza> Donc je disais, barbeuq demain à partir de 17h si vous voulez pour taper la discutaille. Oubliez pas d'amener l'équivalent d'une part de barbaque chacun minimum et ce que vous voulez en plus.
2014-08-28T22:11:54 <Letarumavza> <Letarumavza> (histoire qu'on finisse pas comme des cons à être sans viande ^^)
2014-08-28T22:11:54 <Letarumavza> <Letarumavza> Trappy tu bosses demain ?
2014-08-28T22:12:33 <Yvan33> Ok merci. L'équivalent d'une part, c'est à dire?
2014-08-28T22:13:13 <Bybeez> Bah ce que toi tu bouffe en quantité
2014-08-28T22:13:29 <Bybeez> genre tu bouffe un steak de 400G bah t'en rammène un
2014-08-28T22:13:50 <Yvan33> Ah merde, j'ai que 20 euros là
2014-08-28T22:14:34 <Yvan33> Nan ok merci ^^ Je check sur google map où t'habite et normalement je devrais être la demain
2014-08-28T22:15:38 <Bybeez> Bah, c'est chez lui que c'était l'anniv BronyCUB, donc tu sais ou c'est
2014-08-28T22:17:34 <Yvan33> Ouais. Fais chier j'aime pas marcher
2014-08-28T22:18:07 <Yvan33> C'est loin chez lui
2014-08-28T22:19:30 <Bybeez> XD pour moi c'est a plus d'une heure de trajet
2014-08-28T22:20:25 <Yvan33> Ouais mais mon trajet il est a pied.
2014-08-28T22:21:47 <Bybeez> sa te fera les pieds
2014-08-28T22:22:10 <Letarumavza> Zetes cons.
2014-08-28T22:22:20 <Yvan33> Magnifique. Au moins cette fois j'attendrai pas comme un con devant chez lui
2014-08-28T22:22:39 <Yvan33> En pensant que le portail est fermé
2014-08-28T22:22:45 <Bybeez> XD c'est clair
2014-08-28T22:25:41 *** Bybeez est parti
2014-08-28T22:26:48 *** Bybeez s'est connecté
2014-08-28T22:28:05 *** Bybeez est parti
2014-08-28T22:30:20 <Yvan33> Bon, bah à demain Leta
2014-08-28T22:30:31 *** ELiDYROS est parti
2014-08-28T22:30:37 *** Yvan33 est parti
2014-08-28T22:32:50 <Berry-Punch> Voilà ce qu'il s'est *hic* passé ces 10 dernières lignes, adriens33
2014-08-28T22:32:51 *** adriens33 s'est connecté
2014-08-28T22:42:36 *** ValCab33 s'est connecté
2014-08-28T22:42:43 <ValCab33> Bswr
2014-08-28T22:42:50 <adriens33> hellow all
2014-08-28T22:42:55 <adriens33> (+ ValCab33)
2014-08-28T22:43:01 <MaCharon> slt
2014-08-28T23:02:26 *** TrappyTickles est parti
2014-08-28T23:08:18 *** ludvann est parti
2014-08-28T23:43:18 *** ELiDYROS s'est connecté
