2014-07-27T00:09:47 *** Trappy_Tickles est parti
2014-07-27T00:10:55 *** ValCab33 est parti
2014-07-27T01:19:55 *** Letarumavza est parti
2014-07-27T01:20:14 *** Letarumavza s'est connecté
2014-07-27T05:00:41 *** Letarumavza est parti
2014-07-27T06:38:26 <Berry-Punch> Voilà ce qu'il s'est passé ces 10 dernières *hic* lignes, adriens33
2014-07-27T06:38:27 *** adriens33 s'est connecté
2014-07-27T06:47:01 *** Zecora_bot s'est connecté
2014-07-27T06:47:21 <Berry-Punch> !doom Zecora_bot *hic* 
2014-07-27T06:47:22 <Zecora_bot> You're doomed, zecora_bot
2014-07-27T06:49:28 <Berry-Punch> ADRIENS33 *hic* ADRIENS33
2014-07-27T06:49:29 <Zecora_bot> On m'appelle ?
2014-07-27T06:52:33 *** Zecora_bot est parti
2014-07-27T06:53:45 *** Zecora_bot s'est connecté
2014-07-27T06:54:04 *** Letarumavza s'est connecté
2014-07-27T06:54:49 <Letarumavza> !doom Berry-Punch
2014-07-27T06:54:50 <Zecora_bot> You're doomed, berry-punch
2014-07-27T06:55:37 <Berry-Punch> Flags de Zecora_bot *hic* modifiés en +o
2014-07-27T06:55:40 <Berry-Punch> Flags de *hic* Zecora_bot modifiés : +o
2014-07-27T06:59:15 <Berry-Punch> Flags de *hic*  modifiés : +o
2014-07-27T06:59:15 <adriens33> !op
2014-07-27T06:59:21 <Berry-Punch> Flags de *hic* !op modifiés : +o
2014-07-27T06:59:21 <adriens33>  !op adriens33
2014-07-27T06:59:25 <Zecora_bot> On m'appelle ?
2014-07-27T06:59:55 <Berry-Punch> Flags de adriens33 *hic* modifiés : +o
2014-07-27T06:59:55 <adriens33> !op adriens33
2014-07-27T07:00:13 <Berry-Punch> Flags *hic* de adriens33 modifiés : -o
2014-07-27T07:00:13 <adriens33> !deop adriens33
2014-07-27T07:00:14 <Zecora_bot> On m'appelle ?
2014-07-27T07:01:59 *** Zecora_bot est parti
2014-07-27T07:26:58 <Letarumavza> http://pastebin.com/d4KtJPAq
2014-07-27T07:27:03 <Letarumavza> !chut
2014-07-27T07:28:07 *** Zecora_bot s'est connecté
2014-07-27T07:28:14 <Letarumavza> !chut
2014-07-27T07:28:14 <Zecora_bot> D'accord, Letarumavza
2014-07-27T08:25:52 *** TrappyTickles s'est connecté
2014-07-27T09:45:12 *** adriens33 est parti
2014-07-27T10:38:41 *** ludvann s'est connecté
2014-07-27T10:38:53 <ludvann> Coucou !
2014-07-27T11:26:48 <Berry-Punch> Voilà ce qu'il s'est passé ces 10 dernières *hic* lignes, adriens33
2014-07-27T11:26:49 *** adriens33 s'est connecté
2014-07-27T11:27:01 *** ludvann est parti
2014-07-27T12:02:00 <TrappyTickles> oi les poneys
2014-07-27T12:02:10 <adriens33> oi
2014-07-27T12:54:12 *** adriens33 est parti
2014-07-27T12:54:45 *** Gordfang s'est connecté
2014-07-27T12:54:54 <Berry-Punch> Voilà ce qu'il s'est passé ces 10 dernières lignes, *hic* adriens33
2014-07-27T12:54:55 *** adriens33 s'est connecté
2014-07-27T12:56:33 <Gordfang> lut
2014-07-27T12:57:09 <adriens33> salut :)
2014-07-27T14:06:25 *** adriens33 est parti
2014-07-27T14:22:21 *** Trappy_Tickles s'est connecté
2014-07-27T14:26:07 *** TrappyTickles est parti
2014-07-27T15:28:13 *** MaCharon s'est connecté
2014-07-27T15:28:17 <MaCharon> slt
2014-07-27T15:29:35 <Gordfang> lu
2014-07-27T15:29:38 <TrappyTickles> re
2014-07-27T15:29:42 <TrappyTickles> que je HAIS mon pc
2014-07-27T15:29:52 <Gordfang> ?
2014-07-27T15:47:04 <TrappyTickles> il me déconnecte tout seul d'irc sans prévenir et sans raison, et d'un autre coté t'as sl qui foire aussi
2014-07-27T15:53:41 <Gordfang> sa me fait pareil
2014-07-27T16:08:52 *** Gordfang est parti
2014-07-27T16:10:18 *** Gordfang s'est connecté
2014-07-27T16:39:15 *** wildfier s'est connecté
2014-07-27T16:39:25 <wildfier> yop
2014-07-27T16:39:45 <TrappyTickles> oi
2014-07-27T16:39:57 <wildfier> On a un nouveau bot ?
2014-07-27T16:40:08 <Gordfang> on dirai
2014-07-27T16:55:48 <Berry-Punch> Voilà ce qu'il s'est *hic* passé ces 10 dernières lignes, adriens33
2014-07-27T16:55:49 *** adriens33 s'est connecté
2014-07-27T16:57:27 <wildfier> tiens adriens33
2014-07-27T16:57:33 <wildfier> c'est quoi ce nouveau bot ?
2014-07-27T16:58:25 <adriens33> salut
2014-07-27T16:58:26 <Zecora_bot> Coucou, adriens33
2014-07-27T16:58:34 <adriens33> (non, pas toi...)
2014-07-27T16:58:46 <adriens33> wildfier: demande à Letarumavza ^^
2014-07-27T17:00:37 *** Zecora_bot est parti
2014-07-27T17:01:27 *** Zecora_bot s'est connecté
2014-07-27T17:02:52 <wildfier> yep, je m'en doutais ^^
2014-07-27T17:02:52 <Zecora_bot> On m'appelle ?
2014-07-27T17:03:18 <adriens33> ^^
2014-07-27T17:05:14 <Letarumavza> ^^
2014-07-27T17:05:14 <Zecora_bot> On m'appelle ?
2014-07-27T17:05:51 <Letarumavza> tien, le serv la mp
2014-07-27T17:06:05 <Letarumavza> !chut
2014-07-27T17:06:05 <Zecora_bot> D'accord, Letarumavza
2014-07-27T17:06:18 <Letarumavza> Zecora ?
2014-07-27T17:06:40 <Letarumavza> Impec le flag marche
2014-07-27T17:08:37 * Berry-Punch lance un muffin sur wildfier à 124 km/h
2014-07-27T17:11:54 *** Zecora_bot est parti
2014-07-27T17:12:15 *** Zecora_bot s'est connecté
2014-07-27T17:12:39 <Zecora_bot> You're doomed, wildfier
2014-07-27T17:19:29 <Letarumavza> !doom
2014-07-27T17:21:43 <Letarumavza> !quit
2014-07-27T17:21:44 *** Zecora_bot est parti
2014-07-27T17:23:22 <wildfier> j'adore comment le bot réagit avant le !doom XD
2014-07-27T17:28:40 *** Zecora_bot s'est connecté
2014-07-27T17:28:42 <Letarumavza> ^^
2014-07-27T17:28:49 <Berry-Punch> Entrez help <commande> pour avoir de l'aide sur cette *hic* commande.
2014-07-27T17:28:49 <Letarumavza> !help
2014-07-27T17:28:50 <Zecora_bot> On m'appelle ?
2014-07-27T17:29:51 *** Zecora_bot est parti
2014-07-27T17:30:35 *** Zecora_bot s'est connecté
2014-07-27T17:30:45 <Letarumavza> $help
2014-07-27T17:30:45 <Zecora_bot> Commandes : salut, chut, unlock, doom
2014-07-27T17:30:56 <Letarumavza> $help doom
2014-07-27T17:30:56 <Zecora_bot> doom <cible> : <cible> is doomed.
2014-07-27T17:31:04 <Letarumavza> $help chut
2014-07-27T17:31:04 <Zecora_bot> chut : Active la limitation de spam de zecora.
2014-07-27T17:31:11 <Letarumavza> $help unlock
2014-07-27T17:31:11 <Zecora_bot> chut : Désctive la limitation de spam de zecora.
2014-07-27T17:31:18 <Letarumavza> $help salut
2014-07-27T17:31:18 <Zecora_bot> salut : salue zecora.
2014-07-27T17:31:30 <Letarumavza> $salut
2014-07-27T17:31:30 <Zecora_bot> Coucou, Letarumavza
2014-07-27T17:31:38 <Letarumavza> $chut
2014-07-27T17:31:38 <Zecora_bot> D'accord, Letarumavza
2014-07-27T17:31:44 <Letarumavza> zecora ?
2014-07-27T17:31:50 <Letarumavza> $unlock
2014-07-27T17:31:51 <Zecora_bot> D'accord, Letarumavza
2014-07-27T17:31:58 <Letarumavza> Zecora ?
2014-07-27T17:32:16 <Letarumavza> zecora ?
2014-07-27T17:32:29 <Letarumavza> (donc celle là est broken)
2014-07-27T17:32:29 <Zecora_bot> On m'appelle ?
2014-07-27T17:32:32 <Letarumavza> ...
2014-07-27T17:32:41 <adriens33> Zecora ? T'as bu quelque chose ?
2014-07-27T17:32:52 <Berry-Punch> Flags de TrappyTickles *hic* modifiés : +v
2014-07-27T17:32:52 <adriens33> !voice TrappyTickles
2014-07-27T17:32:52 <Zecora_bot> On m'appelle ?
2014-07-27T17:33:15 <Berry-Punch> Flags de TrappyTickles modifiés en +v *hic* 
2014-07-27T17:34:15 <Letarumavza> $doom wildfier
2014-07-27T17:34:16 <Zecora_bot> You're doomed, wildfier
2014-07-27T17:36:22 <Letarumavza> Tain je pige pas...
2014-07-27T17:36:22 <Zecora_bot> On m'appelle ?
2014-07-27T17:36:33 <Letarumavza> ?
2014-07-27T17:36:33 <TrappyTickles> nouveau bot?
2014-07-27T17:36:43 <Zecora_bot> On m'appelle ?
2014-07-27T17:36:47 <Letarumavza> Oui, et elle fait du gwak là...
2014-07-27T17:36:47 <adriens33> Berry, faudra que t'arrêtes de filer de l'alcool à tout le monde… ^^
2014-07-27T17:36:47 <Berry-Punch> J'aimerais bien en reprendre, mais Colgate va *hic* se fâcher après…
2014-07-27T17:36:51 <Letarumavza> $chut
2014-07-27T17:36:57 <Zecora_bot> On m'appelle ?
2014-07-27T17:37:03 <adriens33> Ce manque de respect XD
2014-07-27T17:37:58 <Letarumavza> ...
2014-07-27T17:37:58 <Zecora_bot> On m'appelle ?
2014-07-27T17:46:53 *** Lenile s'est connecté
2014-07-27T17:47:00 <Lenile> Saloute$
2014-07-27T17:47:13 <adriens33> Plop :)
2014-07-27T17:47:20 <Lenile> Comment va ?
2014-07-27T17:47:30 <adriens33> Bien ^^
2014-07-27T17:47:31 <adriens33> et toi ?
2014-07-27T17:47:34 *** Zecora_bot est parti
2014-07-27T17:47:41 <Lenile> Bien bien.
2014-07-27T17:47:49 *** Zecora_bot s'est connecté
2014-07-27T17:47:58 <Lenile> Quoi de neuf ?
2014-07-27T17:48:09 <Zecora_bot> On m'appelle ?
2014-07-27T17:48:17 <Lenile> Non.
2014-07-27T17:48:19 <Lenile> u.u
2014-07-27T17:48:27 <Letarumavza> $chut
2014-07-27T17:48:28 <Zecora_bot> On m'appelle ?
2014-07-27T17:48:28 <adriens33> XD
2014-07-27T17:48:38 <Zecora_bot> On m'appelle ?
2014-07-27T17:48:38 <adriens33> La dissidence de ce bot…
2014-07-27T17:48:42 <Lenile> Marche qu'a moitier le bot xD
2014-07-27T17:48:48 <Zecora_bot> On m'appelle ?
2014-07-27T17:48:48 <Letarumavza> Tain c'est ce con de serv qui lui envoie des requettes nommées
2014-07-27T17:48:51 <Lenile> C'est pour les gens qui se sentent seul ? xD
2014-07-27T17:48:58 <Zecora_bot> On m'appelle ?
2014-07-27T17:49:07 *** Zecora_bot est parti
2014-07-27T17:49:23 <Lenile> Gg Leta
2014-07-27T17:49:37 <Letarumavza> Lenile, c'est pas normal que le network fasse ça
2014-07-27T17:49:52 <Lenile> L'internet n'est pas normal o/
2014-07-27T17:50:04 <Lenile> T'a du te fail dans un script.
2014-07-27T17:50:13 <wildfier> Letarumavza, tu sais si y a des places non vip pour epica ?
2014-07-27T17:50:20 <Letarumavza> Oui je sais
2014-07-27T17:50:25 <wildfier> ça serais moins cher
2014-07-27T17:50:26 <wildfier> ^^
2014-07-27T17:50:38 <wildfier> y en a ?
2014-07-27T17:51:04 <Lenile> Normal qu'il y ai des places non VIP ._.
2014-07-27T17:51:20 <Letarumavza> Lenile, c'est pas un fail du code, juste freenode qui utilise pas le protocole normalisé pour les pings, ça fait chier je vais devoir trouver un workaround parce qu'un autre mec fait pas son taf.
2014-07-27T17:52:01 <Lenile> Letarumaza : Moche...
2014-07-27T17:52:47 <wildfier> oui lenile, c'est juste que j'aimerais les trouver ^^ et avoir le prix accessoirement
2014-07-27T17:54:05 <Lenile> wild : Bwarf...
2014-07-27T17:54:19 <Lenile> Bon sinon j'en profite qu'il y ai du monde
2014-07-27T17:54:31 <wildfier> got them
2014-07-27T17:54:34 <wildfier> 30€
2014-07-27T17:55:08 <Lenile> Lundi matin je vais faire une enquète sur se que les gens pensent des Brony en leur éxpliquant un peut se que c'est.
2014-07-27T17:55:12 <Lenile> Quelqun veux venir avec ?
2014-07-27T17:55:32 <Lenile> C'est pour un article pour LPB
2014-07-27T17:56:05 <wildfier> je bosse ^^ mais je t'aurai bien dis oui sinon ...
2014-07-27T17:57:21 <Lenile> J'pense refaire une séance le Mercredi Aprem
2014-07-27T17:57:29 <Lenile> Me faut 5 questionnaires remplis au total
2014-07-27T17:57:38 <Lenile> Pis j'fait une Analyse dessus.
2014-07-27T17:59:08 *** __adrien_s__ s'est connecté
2014-07-27T18:02:25 *** __adrien_s__ est parti
2014-07-27T18:49:14 *** Letarumavza est parti
2014-07-27T18:52:02 *** MaCharon est parti
2014-07-27T18:53:47 *** MaCharon s'est connecté
2014-07-27T18:54:06 *** MaCharon est parti
2014-07-27T18:54:16 *** MaCharon s'est connecté
2014-07-27T18:54:53 *** Eclipse2212 s'est connecté
2014-07-27T18:55:05 <Eclipse2212> chalut
2014-07-27T18:55:24 <MaCharon> slt
2014-07-27T18:55:59 <adriens33> hellow
2014-07-27T19:06:33 <Lenile> Saloute
2014-07-27T19:07:12 *** Lenile est parti
2014-07-27T19:08:07 *** Lenile s'est connecté
2014-07-27T20:12:21 *** Lenile est parti
2014-07-27T20:14:24 *** Lenile s'est connecté
2014-07-27T20:56:05 *** TrappyTickles est parti
2014-07-27T21:08:19 *** Gordfang est parti
2014-07-27T21:33:07 *** Gordfang s'est connecté
2014-07-27T21:34:05 *** Eclipse2212 est parti
2014-07-27T21:34:14 *** Eclipse2212 s'est connecté
2014-07-27T21:59:27 *** ludvann s'est connecté
2014-07-27T21:59:37 <ludvann> Hellow !
2014-07-27T22:00:03 *** Lenile est parti
2014-07-27T22:00:08 <ludvann> Ev'rypony !
2014-07-27T22:01:07 <Eclipse2212> chalut
2014-07-27T22:03:00 <ludvann> chat va ?
2014-07-27T22:08:54 <Eclipse2212> yup et toi?
2014-07-27T22:11:00 *** wildfier est parti
2014-07-27T22:36:21 <ludvann> +
2014-07-27T22:36:25 *** ludvann est parti
2014-07-27T22:52:53 *** MaCharon est parti
2014-07-27T23:01:55 *** Yvandureve s'est connecté
2014-07-27T23:02:02 <Yvandureve> Salut
2014-07-27T23:05:24 *** Yvandureve est parti
2014-07-27T23:21:37 *** TrappyTickles s'est connecté
2014-07-27T23:30:12 <TrappyTickles> omg mon cheese sandwich est fini, plus qu'à l'attendre par la poste! http://chibitigre.deviantart.com/art/MLP-Cheese-Sandwich-Colt-Plush-471068346
2014-07-27T23:33:03 *** puhipuhi s'est connecté
2014-07-27T23:41:28 *** adriens33 est parti
2014-07-27T23:44:16 *** puhipuhi est parti
