2014-05-22T20:51:36  *** BerryPunchBot has joined #bronycub
2014-05-22T20:52:18  *** ChanServ sets mode: +o BerryPunchBot
2014-05-22T20:52:48  <arthur33> !help
2014-05-22T20:52:48  <BerryPunchBot> arthur33: (help [<plugin>] [<command>]) -- This command gives a useful description of what <command> does. <plugin> is only necessary if the command is in more than one plugin.
2014-05-22T20:52:53  <arthur33> !list
2014-05-22T20:52:53  <BerryPunchBot> arthur33: Admin, Alias, Channel, ChannelLogger, ChannelStats, Config, Misc, Network, Owner, Protector, Quote, RSS, Reply, Seen, Services, Status, Time, Todo, Topic, User, and Utilities
2014-05-22T20:53:10  <Rei> euh?..
2014-05-22T20:53:29  <arthur33> désolé, je suis en train de tester un bot :p
2014-05-22T20:54:30  <arthur33> !help Quote
2014-05-22T20:54:30  <BerryPunchBot> arthur33: Error: There is no command "quote".
2014-05-22T20:54:30  <Rei> ah XD
2014-05-22T20:55:05  *** heuzef has joined #bronycub
2014-05-22T20:55:32  <heuzef> BerryPunchBot ? X)
2014-05-22T20:55:33  <BerryPunchBot> heuzef: Error: "?" is not a valid command.
2014-05-22T20:55:49  <arthur33> ouaip, j'essaie de mettre un bot en place
2014-05-22T20:55:54  <heuzef> Pour ?
2014-05-22T20:55:59  <arthur33> ben pour le chan
2014-05-22T20:56:07  <heuzef> Pour ?
2014-05-22T20:56:33  <arthur33> déjà avoir tout le temps connecté ça évite les soucis (topic, etc)
2014-05-22T20:56:37  <arthur33> et puis ça peut être utile
2014-05-22T20:56:50  <Rei> *calin heusef*
2014-05-22T20:56:57  <heuzef> Avec un z ....
2014-05-22T20:57:14  <heuzef> Tu peux renommer le bot ?
2014-05-22T20:57:23  <Rei> ah oui pardon ><
2014-05-22T20:57:33  <arthur33> pourquoi, le nom est pas bon ?
2014-05-22T20:57:33  * heuzef jette un muffin sur Rei
2014-05-22T20:57:38  <Rei> ze te ferai des muffins quand on se verra pour me faire pardonner
2014-05-22T20:57:45  <heuzef> "Berry Punch"
2014-05-22T20:57:48  <heuzef> Serait mieux
2014-05-22T20:57:52  <arthur33> je sais
2014-05-22T20:57:54  <arthur33> déjà pris
2014-05-22T20:57:56  <arthur33> :/
2014-05-22T20:58:44  *** arthur33 is now known as Berry_Punch
2014-05-22T20:58:55  *** Berry_Punch is now known as berry_punch
2014-05-22T20:59:00  <heuzef> [Berry Punch]
2014-05-22T20:59:12  <berry_punch> il est pris celui ci
2014-05-22T20:59:30  <berry_punch> et je peux pas mettre d'espace
2014-05-22T20:59:48  *** berry_punch is now known as Berry_punch
2014-05-22T20:59:57  <heuzef> Berry_Punch dans ce cas
2014-05-22T21:00:01  *** Berry_punch is now known as berry_punch
2014-05-22T21:00:10  *** berry_punch is now known as Berry_Punch
2014-05-22T21:00:14  <heuzef> Nice
2014-05-22T21:00:16  <heuzef> Si possible
2014-05-22T21:00:22  <Berry_Punch> celui ci est pris
2014-05-22T21:00:27  *** Berry_Punch is now known as berry_punch
2014-05-22T21:00:39  *** berry_punch is now known as Berry__Punch
2014-05-22T21:01:04  *** Berry__Punch is now known as BerryPunch
2014-05-22T21:01:12  *** BerryPunch is now known as Berry_Punch
2014-05-22T21:01:23  *** Berry_Punch is now known as arthur33
2014-05-22T21:01:35  <heuzef> Possible qu'elle lance des phrase aléatoires en étant bourré ?
2014-05-22T21:01:49  <Rei> XD
2014-05-22T21:01:52  <heuzef> Exemple :
2014-05-22T21:02:03  *** arthur33 is now known as Berry_Punch
2014-05-22T21:02:10  <heuzef> Hello ... *hic*  everypony !
2014-05-22T21:02:29  <Berry_Punch> oh, sûrement :p
2014-05-22T21:02:54  <heuzef> Glisser des *hic* n'importe ou dans ses phrases ^^
2014-05-22T21:03:02  <Berry_Punch> :p
2014-05-22T21:03:08  *** Berry_Punch is now known as berry_punch
2014-05-22T21:03:16  *** berry_punch is now known as Berry_punch
2014-05-22T21:03:39  *** Berry_punch is now known as Berry_Punch_
2014-05-22T21:03:55  <Berry_Punch_> il te va celui ci ?
2014-05-22T21:04:03  <Rei> nyuh
2014-05-22T21:04:16  <heuzef> Berry_Punch pas possible ?
2014-05-22T21:04:20  <Berry_Punch_> nope
2014-05-22T21:04:23  <Berry_Punch_> il est pris :(
2014-05-22T21:04:28  <heuzef> berry_punch ?
2014-05-22T21:04:33  <Berry_Punch_> et la version en minuscule aussi
2014-05-22T21:04:47  <Berry_Punch_> et Berry_punch aussi
2014-05-22T21:04:52  <Rei> ta pas de chance >< essaye NombreuxAdrien1 XD
2014-05-22T21:05:10  <heuzef> Berry.Punch
2014-05-22T21:05:28  <Berry_Punch_> il aime pas le point
2014-05-22T21:05:31  *** Berry_Punch_ is now known as Berry-Punch
2014-05-22T21:05:42  <heuzef> Berry-Punch
2014-05-22T21:05:43  <Berry-Punch> \o/
2014-05-22T21:05:47  <heuzef> ^^
2014-05-22T21:05:59  <Rei> Bravooooo
2014-05-22T21:05:59  <Berry-Punch> j'le register de suite celui ci
2014-05-22T21:07:38  <Rei> j'ai envie de faire un shadow hunter...
2014-05-22T21:07:45  <Rei> ou une partie de ddr
2014-05-22T21:08:56  <Rei> mais j'ai pas encore toute mes affaires chez ma mere T.T
2014-05-22T21:10:42  *** Berry-Punch has joined #bronycub
2014-05-22T21:10:43  <Rei> Adrien, le garçon qui change de login plus vite que son clavier
2014-05-22T21:10:56  *** ChanServ sets mode: +o Berry-Punch
2014-05-22T21:11:01  <arthur33> xD
2014-05-22T21:11:35  <Rei> XD
2014-05-22T21:12:27  <ELiDYROS> bon bah mon boulot pour My Little Karaoke semble terminé
2014-05-22T21:12:36  <heuzef> Donc il faudrait que quand Berry parle des *hic* soit diffusé de manière aléatoire entre les mots 1 par phrase serais pas mal
2014-05-22T21:12:39  <heuzef> Nico fait voir
2014-05-22T21:12:51  <Rei> bravo ^^
2014-05-22T21:12:58  <ELiDYROS> ah non va falloir attendre la sortie de l'update
2014-05-22T21:13:08  <heuzef> Et pourquoi pâs posté le flux RSS leponeyblanc.fr en live ^^
2014-05-22T21:13:37  <heuzef> ça donnerais quelque chose du style
2014-05-22T21:13:49  <ELiDYROS> du coup là je suis en train de réfléchir à si je tente de me faire un peu de pub à Everfree
2014-05-22T21:14:43  <heuzef> Berry-Punch    Enquête Brony ... *hic ... Francophone : De nouvelles données ! : <URL>
2014-05-22T21:14:43  <Berry-Punch> heuzef: Error: "Enquête" is not a valid command.
2014-05-22T21:15:00  <heuzef> Enfin on à compris l'idée quoi
2014-05-22T21:15:12  <ELiDYROS> ça risque pas de vite devenir le bazar si on est déjà beaucoup à parler sur le chat ?
2014-05-22T21:15:19  <arthur33> !rss add leponeyblanc http://feeds.feedburner.com/poneyblanc
2014-05-22T21:15:20  <Berry-Punch> arthur33: The operation succeeded.
2014-05-22T21:15:25  <arthur33> bonne question
2014-05-22T21:15:43  <arthur33> mais bon on va pas tous parler en même temps
2014-05-22T21:15:53  <heuzef> Pas vraiment, ils ne postent pas des articles toutes les 5 min sur LPB quand même
2014-05-22T21:16:08  <arthur33> sur #archlinux-fr y'a 182 personnes et 1 bot
2014-05-22T21:16:22  <arthur33> c'est pas tant le bazar que ça (en fait parfois c'est même un peu désert)
2014-05-22T21:16:57  <arthur33> !rss announce add leponeyblanc
2014-05-22T21:16:58  <Berry-Punch> arthur33: Error: You don't have the #bronycub,op capability. If you think that you should have this capability, be sure that you are identified before trying again. The 'whoami' command can tell you if you're identified.
2014-05-22T21:17:29  *** ChanServ sets mode: +o arthur33
2014-05-22T21:17:39  <arthur33> (comment je me fais jeter par mon propre bot…)
2014-05-22T21:17:43  <arthur33> !rss announce add leponeyblanc
2014-05-22T21:17:44  <Berry-Punch> arthur33: Error: You don't have the #bronycub,op capability. If you think that you should have this capability, be sure that you are identified before trying again. The 'whoami' command can tell you if you're identified.
2014-05-22T21:17:58  <heuzef> ChanServ c'est où ?
2014-05-22T21:18:11  <arthur33> comment ça ?
2014-05-22T21:18:45  <heuzef> C'est quoi et ou ?
2014-05-22T21:20:08  *** Berry-Punch has joined #bronycub
2014-05-22T21:20:08  *** ChanServ sets mode: +o Berry-Punch
2014-05-22T21:20:08  *** ChanServ sets mode: +o Berry-Punch
2014-05-22T21:20:11  <heuzef> Il me dis [403] Server, No such channel  :/
2014-05-22T21:20:17  <arthur33> ben tu peux lui demander un tas de truc avec /msg ChanServ oui
2014-05-22T21:20:21  <heuzef> J'ai du mal à comprendre
2014-05-22T21:20:26  <arthur33> !rss announce add leponeyblanc
2014-05-22T21:20:27  <Berry-Punch> arthur33: Error: You don't have the #bronycub,op capability. If you think that you should have this capability, be sure that you are identified before trying again. The 'whoami' command can tell you if you're identified.
2014-05-22T21:25:44  *** Berry-Punch has joined #bronycub
2014-05-22T21:25:44  *** ChanServ sets mode: +o Berry-Punch
2014-05-22T21:25:44  *** ChanServ sets mode: +o Berry-Punch
2014-05-22T21:26:00  <arthur33> !rss announce add leponeyblanc
2014-05-22T21:26:01  <Berry-Punch> arthur33: Error: You don't have the #bronycub,op capability. If you think that you should have this capability, be sure that you are identified before trying again. The 'whoami' command can tell you if you're identified.
2014-05-22T21:28:19  *** Berry-Punch has joined #bronycub
2014-05-22T21:28:19  *** ChanServ sets mode: +o Berry-Punch
2014-05-22T21:28:19  *** ChanServ sets mode: +o Berry-Punch
2014-05-22T21:28:25  <arthur33> !rss announce add leponeyblanc
2014-05-22T21:28:26  <Berry-Punch> arthur33: Error: You don't have the #bronycub,op capability. If you think that you should have this capability, be sure that you are identified before trying again. The 'whoami' command can tell you if you're identified.
2014-05-22T21:28:32  <arthur33> mméééheu
2014-05-22T21:28:41  <arthur33> !help
2014-05-22T21:28:41  <Berry-Punch> arthur33: (help [<plugin>] [<command>]) -- This command gives a useful description of what <command> does. <plugin> is only necessary if the command is in more than one plugin.
2014-05-22T21:28:50  *** ChanServ sets mode: +o arthur33
2014-05-22T21:29:32  <arthur33> !capability
2014-05-22T21:29:32  <Berry-Punch> arthur33: Error: "capability" is not a valid command.
2014-05-22T21:29:41  *** ValCab33 has joined #bronycub
2014-05-22T21:29:50  <ValCab33> Re-hello
2014-05-22T21:30:18  <arthur33> !list
2014-05-22T21:30:18  <Berry-Punch> arthur33: Admin, Alias, Channel, ChannelLogger, ChannelStats, Config, Misc, Network, Owner, Protector, Quote, RSS, Reply, Seen, Services, Status, Time, Todo, Topic, User, and Utilities
2014-05-22T21:30:31  <arthur33> !admin
2014-05-22T21:30:31  <Berry-Punch> arthur33: Error: "admin" is not a valid command.
2014-05-22T21:31:09  <arthur33> !user register arthur33 t9bymttj
2014-05-22T21:31:09  <Berry-Punch> arthur33: Error: That operation cannot be done in a channel.
2014-05-22T21:31:13  <arthur33> oups
2014-05-22T21:31:26  <ValCab33> Watt
2014-05-22T21:32:03  <heuzef> Il tente de programmer Berry-Punch ^^ Un robot pour le chan
2014-05-22T21:32:20  <ValCab33> Ah ok
2014-05-22T21:32:49  <arthur33> !config capabilities
2014-05-22T21:32:49  <Berry-Punch> arthur33: -owner -admin -trusted
2014-05-22T21:33:18  <arthur33> !admin capability add arthur33 #bronycub,op
2014-05-22T21:33:18  <Berry-Punch> arthur33: Error: You don't have the admin capability. If you think that you should have this capability, be sure that you are identified before trying again. The 'whoami' command can tell you if you're identified.
2014-05-22T21:33:42  <arthur33> !whoami
2014-05-22T21:33:42  <Berry-Punch> arthur33: I don't recognize you.
2014-05-22T21:33:48  <arthur33> ah ben merci.
2014-05-22T21:33:52  <ValCab33> x)
2014-05-22T21:35:26  *** Berry-Punch has joined #bronycub
2014-05-22T21:35:26  *** ChanServ sets mode: +o Berry-Punch
2014-05-22T21:35:26  *** ChanServ sets mode: +o Berry-Punch
2014-05-22T21:35:30  <heuzef> !whoami
2014-05-22T21:35:30  <Berry-Punch> heuzef: I don't recognize you.
2014-05-22T21:35:44  <heuzef> *hic*
2014-05-22T21:35:46  <arthur33> Berry-Punch: t'as trop bu !
2014-05-22T21:35:46  <Berry-Punch> arthur33: Error: "t'as" is not a valid command.
2014-05-22T21:35:51  <ValCab33> !whoami
2014-05-22T21:35:52  <Berry-Punch> ValCab33: I don't recognize you.
2014-05-22T21:36:01  <arthur33> !config capabilities
2014-05-22T21:36:01  <Berry-Punch> arthur33: -owner -admin -trusted
2014-05-22T21:36:09  <arthur33> !admin capability add arthur33 #bronycub,op
2014-05-22T21:36:09  <Berry-Punch> arthur33: Error: You don't have the admin capability. If you think that you should have this capability, be sure that you are identified before trying again. The 'whoami' command can tell you if you're identified.
2014-05-22T21:36:19  <arthur33> !whoami
2014-05-22T21:36:19  <Berry-Punch> arthur33: I don't recognize you.
2014-05-22T21:36:22  *** Ragator has joined #bronycub
2014-05-22T21:36:30  <ValCab33> Kom t pa op
2014-05-22T21:36:52  <heuzef> ça tourne avec quoi un bot au faite ?
2014-05-22T21:36:54  <arthur33> !identify arthur33
2014-05-22T21:36:54  <Berry-Punch> arthur33: Error: That operation cannot be done in a channel.
2014-05-22T21:37:13  * heuzef jette un muffin sur Ragator
2014-05-22T21:37:23  <Ragator> Mais...
2014-05-22T21:37:41  <ValCab33> Muffins ?
2014-05-22T21:38:04  * Ragator garde le muffin pour lui
2014-05-22T21:38:17  <arthur33> !user help
2014-05-22T21:38:17  <Berry-Punch> arthur33: Error: I can't find help in my user database. If you didn't give a user name, then I might not know what your user is, and you'll need to identify before this command might work.
2014-05-22T21:38:28  <arthur33> !identify
2014-05-22T21:38:28  <Berry-Punch> arthur33: Error: That operation cannot be done in a channel.
2014-05-22T21:38:43  <arthur33> !user list
2014-05-22T21:38:43  <Berry-Punch> arthur33: arthur33
2014-05-22T21:39:00  <arthur33> !user hostnask add
2014-05-22T21:39:00  <Berry-Punch> arthur33: Error: I can't find hostnask in my user database. If you didn't give a user name, then I might not know what your user is, and you'll need to identify before this command might work.
2014-05-22T21:39:01  <heuzef> Shinsaber: ?
2014-05-22T21:39:10  <arthur33> !user hostmask add
2014-05-22T21:39:10  <Berry-Punch> arthur33: Error: That operation cannot be done in a channel.
2014-05-22T21:42:29  *** Berry-Punch has joined #bronycub
2014-05-22T21:42:29  *** ChanServ sets mode: +o Berry-Punch
2014-05-22T21:42:29  *** ChanServ sets mode: +o Berry-Punch
2014-05-22T21:42:41  <Shinsaber> Je suis pas encor rajouter sur le site ^^
2014-05-22T21:43:01  <arthur33> !whoami
2014-05-22T21:43:01  <Berry-Punch> arthur33: arthur33
2014-05-22T21:43:04  <arthur33> yay
2014-05-22T21:43:05  <arthur33> bon
2014-05-22T21:43:07  <arthur33> en fait
2014-05-22T21:43:15  <arthur33> pour s'identifier auprès de ce cher bot
2014-05-22T21:43:27  <arthur33> c'est /msg Berry-Punch identify nom pass
2014-05-22T21:43:33  <arthur33> (pour que ça passe en privé)
2014-05-22T21:43:51  <arthur33> !admin capability add arthur33 #bronycub,op
2014-05-22T21:43:51  <Berry-Punch> arthur33: The operation succeeded.
2014-05-22T21:44:05  <arthur33> ah, ben là ça montre un peu de respect !
2014-05-22T21:44:11  <heuzef> Shinsaber = Adrien Audemar OK et effectivement je t'es pas ajouté au site car tu ne m'à toujours pas envoyé ce qu'il faut
2014-05-22T21:44:21  <arthur33> !rss announce add leponeyblanc
2014-05-22T21:44:22  <Berry-Punch> arthur33: The operation succeeded.
2014-05-22T21:44:34  <Shinsaber> oui dsl, pas encor pris le temps !
2014-05-22T21:44:45  <heuzef> Shinsaber au faite du nouveau pour ton stage ?
2014-05-22T21:44:57  <arthur33> @heuzef: moi à la base je voulais prendre arthur33 mais sur gravatar il était déjà pris :(
2014-05-22T21:45:40  <Shinsaber> je continue de chercher une qui pourais me prendre en alternance, mais je pence que je vais dire oui pour vous
2014-05-22T21:46:01  <heuzef> Shinsaber: ok =)
2014-05-22T21:46:09  <heuzef> arthur33: tu peux pas te renommer en Adriens33 ?
2014-05-22T21:46:22  <Ragator> Hey, Shinsaber, c'est pas avec toi que je suis rentré en tram jusqu'à Cenon gare ?
2014-05-22T21:46:39  <Shinsaber> surement ^^
2014-05-22T21:46:44  <arthur33> @heuzef: je vais essayer
2014-05-22T21:47:06  <Ragator> Yay :D Moi qui ne me rappelais justement plus ton prénom
2014-05-22T21:47:11  *** arthur33 is now known as adriens33
2014-05-22T21:47:14  <Shinsaber> XD
2014-05-22T21:47:25  <heuzef> Ha ba voila on commence à y voir claire
2014-05-22T21:47:43  <heuzef> ValCab33 tu m'avais envoyé ta bio ?
2014-05-22T21:48:08  <heuzef> Désolé je commence à avoir du mal à organiser tous ça tous seul
2014-05-22T21:48:12  *** ChanServ sets mode: -o adriens33
2014-05-22T21:48:12  <Ragator> Oui, il est sur le site...
2014-05-22T21:48:21  <Ragator> C'est lui qui a organisé le meet-up à ce que je sache.
2014-05-22T21:48:55  <Shinsaber> heuzef : demain j'ai 8h de microsoft Exchange en cour, j'aurais le temps de tenvoyer les info qui manque ^^
2014-05-22T21:49:30  <ValCab33> Il faut que j'en refasse une correcte mais j'ai pas teop eu le temps cette semaine entre le lycée, le déménagement qui se prépare et le permis moto 125 que je passe demain
2014-05-22T21:50:03  <heuzef> Ragator tu confond Yolteotl et ValCab33 la ... m'embrouille pas plus !
2014-05-22T21:50:06  *** BerryPunchBot has joined #bronycub
2014-05-22T21:50:10  *** BerryPunchBot is now known as arthur33
2014-05-22T21:50:22  *** ChanServ sets mode: +o arthur33
2014-05-22T21:50:23  <Ragator> Ya deux Valentin ?
2014-05-22T21:50:28  <heuzef> Oui -_-
2014-05-22T21:50:31  <ValCab33> @ragator: Non moi c'est l'autre valentin
2014-05-22T21:51:19  *** ChanServ sets mode: +o adriens33
2014-05-22T21:51:21  *** Ragator has left #bronycub
2014-05-22T21:51:36  <heuzef> Ok donc Shinsaber et ValCab33 j'attend vos bio pour vous ajouter au site
2014-05-22T21:52:07  <ValCab33> Ok, je te passe ca ce WE
2014-05-22T21:52:54  *** arthur33 has quit IRC
2014-05-22T21:55:55  *** Berry-Punch has joined #bronycub
2014-05-22T21:55:55  *** ChanServ sets mode: +o Berry-Punch
2014-05-22T21:55:55  *** ChanServ sets mode: +o Berry-Punch
2014-05-22T21:58:43  *** heuzef has quit IRC
2014-05-22T21:59:58  *** ValCab33 has joined #bronycub
2014-05-22T22:00:20  <ValCab33> Hében voilà
2014-05-22T22:00:33  <adriens33> :)
2014-05-22T22:01:01  <ValCab33> Il me semblait bien que j'avait DL un client irc un jour
2014-05-22T22:01:21  <adriens33> sinon tu peux demander à Berry-Punch, comme ça: channel nicks
2014-05-22T22:01:34  <adriens33> Berry-Punch: channel nicks
2014-05-22T22:01:34  <Berry-Punch> adriens33: adriens33, Berry-Punch, ELiDYROS, ValCab33, and wildfier
2014-05-22T22:01:46  <adriens33> (ou avec !)
2014-05-22T22:01:49  <adriens33> !channel nicks
2014-05-22T22:01:49  <Berry-Punch> adriens33: adriens33, Berry-Punch, ELiDYROS, ValCab33, and wildfier
2014-05-22T22:02:02  *** heuzef has joined #bronycub
2014-05-22T22:02:06  <ValCab33> Okay
2014-05-22T22:02:29  *** ChanServ sets mode: +o heuzef
2014-05-22T22:02:42  <heuzef> re
2014-05-22T22:02:47  <ValCab33> Rheu
2014-05-22T22:02:55  <adriens33> rheu
2014-05-22T22:03:24  <heuzef> Tu t'en sort pour le bot ?
2014-05-22T22:04:04  *** heuzef1 has joined #bronycub
2014-05-22T22:04:45  *** heuzef1 has left #bronycub
2014-05-22T22:05:09  *** GLaDOS_ has joined #bronycub
2014-05-22T22:05:11  <adriens33> ça vient doucement
2014-05-22T22:05:50  <adriens33> déjà j'ai réussi à ouvrir un canal privé, pour éviter de vous flooder pour rien :p
2014-05-22T22:08:58  *** heuzef has quit IRC
2014-05-22T22:12:29  *** Berry-Punch has joined #bronycub
2014-05-22T22:12:29  *** ChanServ sets mode: +o Berry-Punch
2014-05-22T22:12:29  *** ChanServ sets mode: +o Berry-Punch
2014-05-22T22:14:09  *** heuzef has joined #bronycub
2014-05-22T22:19:27  <heuzef> ValCab33 ?
2014-05-22T22:19:43  <ValCab33> C'est moi
2014-05-22T22:19:57  <heuzef> Je vais t'ajouter sur la liste
2014-05-22T22:20:38  <ValCab33> Sur le site ?
2014-05-22T22:22:18  *** Berry-Punch has joined #bronycub
2014-05-22T22:22:18  *** ChanServ sets mode: +o Berry-Punch
2014-05-22T22:22:18  *** ChanServ sets mode: +o Berry-Punch
2014-05-22T22:23:37  <ValCab33> Ah ouais, en mode Latin x)
2014-05-22T22:24:09  *** Rei has joined #bronycub
2014-05-22T22:24:21  <heuzef> Et pour ton adresse j'ai noté celle de Villenave
2014-05-22T22:24:27  <adriens33> !deop adriens33
2014-05-22T22:24:27  *** Berry-Punch sets mode: -o adriens33
2014-05-22T22:24:30  <heuzef> C'est bien celle de ton père ?
2014-05-22T22:24:34  <adriens33> !op adriens33
2014-05-22T22:24:34  <heuzef> Je suis complétement perdu
2014-05-22T22:24:35  *** Berry-Punch sets mode: +o adriens33
2014-05-22T22:24:39  <Rei> re
2014-05-22T22:24:45  <adriens33> re
2014-05-22T22:24:49  <heuzef> plop
2014-05-22T22:25:28  <Rei> ca va tjr?
2014-05-22T22:25:38  <ValCab33> Hi
2014-05-22T22:25:55  <Rei> Hello^^
2014-05-22T22:26:58  <heuzef> ValCab33: bref je compte sur toi pour m'envoyer tous ça vite, c'est mauvais pour le referencement du lorem
2014-05-22T22:27:26  <ValCab33> Du quoi ?
2014-05-22T22:27:41  <heuzef> lorem ipsum dolor sit amet :P
2014-05-22T22:27:53  <ValCab33> Bien sur
2014-05-22T22:28:25  <heuzef> ;)
2014-05-22T22:28:36  <Rei> ma conseillere de la mission locale va m'en vouloir a mort demain XD
2014-05-22T22:29:01  <heuzef> ?
2014-05-22T22:29:48  <GLaDOS_> Want some cake ?
2014-05-22T22:29:52  *** GLaDOS_ has quit IRC
2014-05-22T22:30:16  <ELiDYROS> It's a lie
2014-05-22T22:30:22  <ValCab33> The cake is a lie
2014-05-22T22:30:30  <Rei> j'peu pas me lever de mon lit depuis ce matin XD elle m'a inscrit a un atelier et je dois lui amener un papier demain XD
2014-05-22T22:31:16  <adriens33> !reply reply ELiDYROS: où ça un cake ?
2014-05-22T22:31:16  <Berry-Punch> adriens33: ELiDYROS: où ça un cake ?
2014-05-22T22:31:30  <adriens33> !echo test
2014-05-22T22:31:30  <Berry-Punch> test
2014-05-22T22:31:37  <heuzef> !echo prout
2014-05-22T22:31:37  <Berry-Punch> prout
2014-05-22T22:31:46  <heuzef> !echo HIC !
2014-05-22T22:31:46  <Berry-Punch> HIC !
2014-05-22T22:32:09  <ValCab33> !echo
2014-05-22T22:32:09  <Berry-Punch> ValCab33: (echo <text>) -- Returns the arguments given it. Uses our standard substitute on the string(s) given to it; $nick (or $who), $randomNick, $randomInt, $botnick, $channel, $user, $host, $today, $now, and $randomDate are all handled appropriately.
2014-05-22T22:32:09  <heuzef> Rei: Atelier de quoi ?
2014-05-22T22:32:18  <ValCab33> Ok
2014-05-22T22:32:23  <Rei> sur l'alternance
2014-05-22T22:32:54  <heuzef> Rei: tu te dois d'être rigoureuse avec la ML
2014-05-22T22:32:57  <heuzef> un conseil
2014-05-22T22:33:03  <Rei> ca doit etre une reunion d'info
2014-05-22T22:33:08  <heuzef> !echo $randomNick
2014-05-22T22:33:08  <Berry-Punch> Rei
2014-05-22T22:33:19  <heuzef> !echo $randomNick
2014-05-22T22:33:19  <Berry-Punch> wildfier
2014-05-22T22:33:26  <adriens33> !echo $randomNick [quote random]
2014-05-22T22:33:26  <Berry-Punch> Rei Quote #1: "How is *hic* everypony today ?" (added by adriens33 at 10:14 PM, May 22, 2014)
2014-05-22T22:33:42  <Rei> non mais je le sais flo, je suis super rigoureuse avec elle et tout, mais la tu vois, je suis malade mec XD j'ai une fucking de gastro
2014-05-22T22:34:24  <adriens33> !herald get
2014-05-22T22:34:24  <Berry-Punch> adriens33: Coucou toi !
2014-05-22T22:34:30  <heuzef> !echo Rei tu devrais *hic* boire un grog ... c'est bon *hic* pour la santée
2014-05-22T22:34:30  <Berry-Punch> Rei tu devrais *hic* boire un grog ... c'est bon *hic* pour la santée
2014-05-22T22:34:35  <adriens33> :p
2014-05-22T22:34:47  <Rei> BIERE!!!! *v*
2014-05-22T22:35:01  <heuzef> Notre mascotte ivre commence à naître <3
2014-05-22T22:35:27  <ELiDYROS> ça me rappelle berrytube
2014-05-22T22:35:57  <adriens33> !echo $randomNick je  sais *hic* pas quoi dire *hic*, adriens33 est nul en programmage de bot
2014-05-22T22:35:57  <Berry-Punch> ELiDYROS je sais *hic* pas quoi dire *hic*, adriens33 est nul en programmage de bot
2014-05-22T22:36:41  *** wildfier has quit IRC
2014-05-22T22:37:24  *** GLaDOS_ has joined #bronycub
2014-05-22T22:38:00  <adriens33> quote get 2
2014-05-22T22:38:03  <adriens33> !quote get 2
2014-05-22T22:38:03  <Berry-Punch> adriens33: Quote #2: "$randomNick Tu devrais *hic* boire un bon gros grog… *hic* c'est bon pour la santé !" (added by adriens33 at 10:37 PM, May 22, 2014)
2014-05-22T22:38:27  <adriens33> !echo [quote get 2]
2014-05-22T22:38:27  <Berry-Punch> Quote #2: "heuzef Tu devrais *hic* boire un bon gros grog… *hic* c'est bon pour la santé !" (added by adriens33 at 10:37 PM, May 22, 2014)
2014-05-22T22:38:42  <adriens33> !echo [quote random]
2014-05-22T22:38:42  <Berry-Punch> Quote #2: "heuzef Tu devrais *hic* boire un bon gros grog… *hic* c'est bon pour la santé !" (added by adriens33 at 10:37 PM, May 22, 2014)
2014-05-22T22:38:47  <ELiDYROS> d'ailleurs vous avez pas peur qu'on soit assimilé à berrytube justement ?
2014-05-22T22:39:03  <heuzef> adriens33:  c'est jouable de la faire reagire a chaque fois qu'un nom d'alchool est prononcé ? ^^
2014-05-22T22:39:14  <GLaDOS_> Je suis mieux programmée que Berry-Punch
2014-05-22T22:39:16  <adriens33> heuuuuuuuuuuuuuuuuuuuuuuuuuuuuuuuuuuuuu
2014-05-22T22:39:18  *** GLaDOS_ has quit IRC
2014-05-22T22:39:29  <adriens33> peut être
2014-05-22T22:39:37  <adriens33> faut que je me plonge dedans :p
2014-05-22T22:40:07  <ELiDYROS> parce que je tilte qu'on a la même mascotte
2014-05-22T22:41:13  *** Berry-Punch has joined #bronycub
2014-05-22T22:41:13  *** ChanServ sets mode: +o Berry-Punch
2014-05-22T22:41:13  *** ChanServ sets mode: +o Berry-Punch
2014-05-22T22:42:44  <heuzef> ELiDYROS: je m'inquiete plus pour Hasbro que BerryTube
2014-05-22T22:42:59  <heuzef> Et hasbro ne m'inquiete pas du tous :/
2014-05-22T22:43:21  <ELiDYROS> je dis ça car chez berrytube c'est "spécial"
2014-05-22T22:43:39  <Rei> *se transforme en fluffle puff pour demander des calins a tout le monde* pffffluuuffff
2014-05-22T22:48:44  *** Berry-Punch has joined #bronycub
2014-05-22T22:48:44  *** ChanServ sets mode: +o Berry-Punch
2014-05-22T22:48:44  *** ChanServ sets mode: +o Berry-Punch
2014-05-22T22:52:09  <heuzef> On est pas des soiaffard nous ^^
2014-05-22T22:52:37  <Rei> XD
2014-05-22T22:52:43  <ELiDYROS> ceci dit ils ont l'air très drole
2014-05-22T22:52:48  <ELiDYROS> ça délire bien
2014-05-22T22:53:35  <heuzef> La c'est le moment ou je vous fait buger
2014-05-22T22:53:36  <heuzef> https://www.youtube.com/watch?v=k5dNC5SV7gE
2014-05-22T22:55:49  <adriens33> oké…
2014-05-22T22:56:00  <heuzef> XD
2014-05-22T22:56:26  <heuzef> Je suis sur que vous ressemblez à ça en ce moment
2014-05-22T22:56:27  <heuzef> https://www.youtube.com/watch?v=pOPvlA8jZjQ
2014-05-22T22:56:43  *** ValCab33 has quit IRC
2014-05-22T22:56:51  <ELiDYROS> non ça va
2014-05-22T22:57:05  <ELiDYROS> j'ai vu pire disons
2014-05-22T22:57:10  <heuzef> Sweeptybloom Sweeptybloom Sweeptybloom Sweeptybloom
2014-05-22T22:57:12  <heuzef> XD
2014-05-22T22:57:17  *** ValCab33 has joined #bronycub
2014-05-22T22:59:49  <heuzef> $randomNick
2014-05-22T23:00:22  <heuzef> !$RandomNick
2014-05-22T23:00:23  <Berry-Punch> heuzef: Error: "Rei" is not a valid command.
2014-05-22T23:00:36  <heuzef> $RandomNick
2014-05-22T23:00:40  <Rei> ?
2014-05-22T23:01:05  <adriens33> !echo $randomNick
2014-05-22T23:01:19  <adriens33> zut
2014-05-22T23:01:19  <heuzef> !echo $RandomNick
2014-05-22T23:01:19  <Berry-Punch> ValCab33
2014-05-22T23:01:34  <ValCab33> Oui ?
2014-05-22T23:01:34  <adriens33> comment elle m'ignore parce que je lui ai trop parlé :o
2014-05-22T23:01:45  <Rei> qui moi?
2014-05-22T23:01:46  <adriens33> comment y'a aucun respect de l'autorité pas du tout compétente :p
2014-05-22T23:01:55  <adriens33> (je parle de Berry-Punchà
2014-05-22T23:01:57  <adriens33> *)
2014-05-22T23:01:57  <heuzef> !echo /me met une Twicane à $randomNick
2014-05-22T23:01:57  <Berry-Punch> /me met une Twicane à Berry-Punch
2014-05-22T23:01:59  <Rei> Ahh
2014-05-22T23:02:03  <heuzef> MDR !
2014-05-22T23:02:07  <adriens33> faut faire apply
2014-05-22T23:02:09  <Rei> XD
2014-05-22T23:02:14  <adriens33> !apply /me
2014-05-22T23:02:19  <heuzef> Power of the Twicane tu peux pas test
2014-05-22T23:02:27  <ELiDYROS> bon. je tourne en rond
2014-05-22T23:02:29  <heuzef> https://www.youtube.com/watch?v=v6xTq-tv6UM
2014-05-22T23:02:40  <Rei> un peu pareil, je tourne en rond XD
2014-05-22T23:03:04  <Rei> fb fait de la grosse merde ce soir
2014-05-22T23:03:38  *** Berry-Punch has joined #bronycub
2014-05-22T23:03:38  *** ChanServ sets mode: +o Berry-Punch
2014-05-22T23:03:38  *** ChanServ sets mode: +o Berry-Punch
2014-05-22T23:04:20  *** Berry-Punch has joined #bronycub
2014-05-22T23:04:20  *** ChanServ sets mode: +o Berry-Punch
2014-05-22T23:04:20  *** ChanServ sets mode: +o Berry-Punch
2014-05-22T23:04:37  <ELiDYROS> réseau social où les gens se regardent le nombril
2014-05-22T23:04:54  <Rei> facebook XD
2014-05-22T23:04:54  <heuzef> OMG NAON !
2014-05-22T23:04:59  <heuzef> http://fc09.deviantart.net/fs70/f/2013/014/8/7/fluffle_puff_tales__screaming_by_hellbronyxendor-d5rikr5.gif
2014-05-22T23:05:17  <Rei> j'étais entrain de rp quand la messagerie instant" a bugger T.T
2014-05-22T23:06:16  <Rei> rahhh je peux pas voir le gif t.t connexion pas assez puissante
2014-05-22T23:07:22  <heuzef> Ha ouais en effet c'est grave
2014-05-22T23:07:35  <heuzef> Et bertrand il pète pas un plomb ?
2014-05-22T23:07:44  <Rei> je suis pas a talence
2014-05-22T23:07:49  <Rei> je suis chez ma mere
2014-05-22T23:07:58  <heuzef> ADSL ?
2014-05-22T23:08:08  <Rei> et chez elle, le temps qu'elle puisse se payer une box j'ai que des codes sfr wifi..
2014-05-22T23:08:19  <heuzef> .......
2014-05-22T23:08:42  <heuzef> T'as pas un android sous la main ?
2014-05-22T23:09:27  <Rei> mon telephone c'est meme pas un samsumg player one, il a 7 ans et j'ai pas de forfait internet
2014-05-22T23:09:47  <Rei> ma mere a un iphone mais elle a pas internet et il bug a mort
2014-05-22T23:10:04  <heuzef> Ok .....
2014-05-22T23:10:23  *** Berry-Punch has joined #bronycub
2014-05-22T23:10:23  *** ChanServ sets mode: +o Berry-Punch
2014-05-22T23:10:23  *** ChanServ sets mode: +o Berry-Punch
2014-05-22T23:11:37  *** Berry-Punch has joined #bronycub
2014-05-22T23:11:37  *** ChanServ sets mode: +o Berry-Punch
2014-05-22T23:11:37  *** ChanServ sets mode: +o Berry-Punch
2014-05-22T23:11:52  <Rei> mais je peux pas XD c'est le wifi de leur box et faut leur mot de passe
2014-05-22T23:12:17  <heuzef> Soit tu leur demande soit tu le crack
2014-05-22T23:13:28  *** Berry-Punch has joined #bronycub
2014-05-22T23:13:28  *** ChanServ sets mode: +o Berry-Punch
2014-05-22T23:13:28  *** ChanServ sets mode: +o Berry-Punch
2014-05-22T23:13:33  <Rei> il est a talence, et il le fera jamais XD
2014-05-22T23:13:43  <Rei> fin bref tkt, je me débrouille
2014-05-22T23:13:46  <heuzef> ok
2014-05-22T23:15:23  <heuzef> Bon allez jvais faire dodotage
2014-05-22T23:15:27  <Rei> ne nuiiii
2014-05-22T23:15:34  <ValCab33> Neunuit
2014-05-22T23:16:39  <heuzef> A bientôt tous le monde =) On va bien s'amuser avec ce tchat je le sens :P
2014-05-22T23:19:01  <adriens33> nenuit :p
2014-05-22T23:19:07  <ValCab33> D'ailleurs je vais aussi go dodo, faudrait pas que je soit a moitié endormi sur la moto pour le permis :p
2014-05-22T23:19:24  <ValCab33> Et en plus ma batterie m'engueule
2014-05-22T23:20:29  <Rei> bonne nuit valcab'
2014-05-22T23:27:24  *** Berry-Punch has joined #bronycub
2014-05-22T23:27:24  *** ChanServ sets mode: +o Berry-Punch
2014-05-22T23:27:24  *** ChanServ sets mode: +o Berry-Punch
2014-05-22T23:27:27  <Berry-Punch> An error has occurred and has been logged. Please contact this bot's administrator for more information.
2014-05-22T23:29:21  *** Berry-Punch has joined #bronycub
2014-05-22T23:29:21  *** ChanServ sets mode: +o Berry-Punch
2014-05-22T23:29:21  *** ChanServ sets mode: +o Berry-Punch
2014-05-22T23:29:24  <Berry-Punch> An error has occurred and has been logged. Please contact this bot's administrator for more information.
2014-05-22T23:30:42  *** Berry-Punch has joined #bronycub
2014-05-22T23:30:42  *** ChanServ sets mode: +o Berry-Punch
2014-05-22T23:30:42  *** ChanServ sets mode: +o Berry-Punch
2014-05-22T23:30:45  <Berry-Punch> Salut Berry-Punch *hic*
2014-05-22T23:30:49  <adriens33> xD
2014-05-22T23:30:51  <adriens33> loooooooooooool
2014-05-22T23:31:14  <adriens33> le bot qui se dit bonjour à elle même
2014-05-22T23:31:17  <adriens33> je test
2014-05-22T23:31:20  *** adriens33 has left #bronycub
2014-05-22T23:31:24  *** adriens33 has joined #bronycub
2014-05-22T23:31:24  <Berry-Punch> Salut adriens33 *hic*
2014-05-22T23:31:24  *** ChanServ sets mode: +o adriens33
2014-05-22T23:31:28  <adriens33> yay
2014-05-22T23:31:39  <Rei> bravo^^
2014-05-22T23:31:46  <adriens33> un truc qui marche :p
2014-05-22T23:34:00  <adriens33> Berry-Punch ?
2014-05-22T23:34:00  <Berry-Punch> adriens33: Error: "?" is not a valid command.
2014-05-22T23:34:01  <Berry-Punch> Test
2014-05-22T23:34:03  <ELiDYROS> moi je propose une fonction pour le bot, qu'il resso