2014-10-01T00:14:00 <flutterbrony> bonne nuit
2014-10-01T00:14:00 *** ValCab33 est parti
2014-10-01T00:14:13 *** ValCab33 s'est connecté
2014-10-01T00:14:20 *** flutterbrony est parti
2014-10-01T00:26:23 *** ValCab33 est parti
2014-10-01T00:42:47 *** adriens33 est parti
2014-10-01T03:02:46 *** Silou est parti
2014-10-01T04:17:26 *** MaCharon est parti
2014-10-01T07:59:01 <Berry-Punch> Voilà ce qu'il s'est passé ces 10 *hic* dernières lignes, adriens33
2014-10-01T07:59:02 *** adriens33 s'est connecté
2014-10-01T07:59:10 <adriens33> salut les poneys :)
2014-10-01T08:33:26 *** MaCharon s'est connecté
2014-10-01T08:34:18 *** MaCharon est parti
2014-10-01T09:20:33 *** heuzef s'est connecté
2014-10-01T10:03:04 *** Gordfang s'est connecté
2014-10-01T10:03:13 <Gordfang> lut
2014-10-01T10:03:18 <adriens33> SALUT
2014-10-01T10:03:20 <adriens33> *salut
2014-10-01T10:03:23 <adriens33> (désolé ^^')
2014-10-01T10:03:25 <TrappyTickles> oi
2014-10-01T10:03:28 <TrappyTickles> qqn a le film rainbow rocks en un seul fichier? vegas s'est foutu de moi cette nuit et a planté ma conversion
2014-10-01T10:03:36 <adriens33> arf :/
2014-10-01T10:03:37 <adriens33> nope
2014-10-01T10:06:54 <heuzef> Bande d'impatient ^^
2014-10-01T10:07:03 <adriens33> c'toi la bande
2014-10-01T10:07:08 <heuzef> ça presse pas, moi je reserve ça pour un BBQ
2014-10-01T10:07:23 <heuzef> D'ailleur ça pourrais être classe de faire une soirée EQG
2014-10-01T10:07:29 <adriens33> ouais
2014-10-01T10:07:30 <heuzef> On regarde le 1 puis le 2
2014-10-01T10:07:30 <adriens33> ou pas
2014-10-01T10:08:05 <TrappyTickles> le truc c'est que j'ai les subs en fr du camrip, mais j'ai que la vidéo divisée en 2
2014-10-01T10:08:23 <TrappyTickles> et les subs sont pour une seule vidéo
2014-10-01T10:14:03 <heuzef> Si tu coupe le fichier srt en 2 ?
2014-10-01T10:14:12 <heuzef> Après tu fait une playlist de 2 vidéos
2014-10-01T10:14:15 <heuzef> pis c'est good
2014-10-01T10:14:39 <adriens33> si tu coupe le fichier srt faut recaler tous les timestamp :p
2014-10-01T10:14:53 <adriens33> parce que sinon les sous titres seront décalés de la durée de la première partie.
2014-10-01T10:15:05 <adriens33> (donc du coup tu verra rien)
2014-10-01T10:17:39 <adriens33> (genre le premier sous titre de la deuxième partie sera noté à par ex 00:30:25.1 au lieu de 00:00:25.1 si la première partie dure ~30min et du coup ça l'affichera pas au bon moment)
2014-10-01T10:19:16 *** Lezarius s'est connecté
2014-10-01T10:19:31 <Lezarius> Salut
2014-10-01T10:19:36 <adriens33> salut
2014-10-01T10:20:24 <Lezarius> Bon je pose sa comme sa : Je suis as la rue et j ai surement (90% de chance) du boulot des mardi ... Par contre je suis dehors et grave dans la merde ...
2014-10-01T10:21:04 <heuzef> Décidément, tu n'arrive pas à sortir la tête de l'eau
2014-10-01T10:21:51 <Lezarius> Non
2014-10-01T10:22:05 <heuzef> Et si tu allais t'excuser auprès de ton oncle ? Peut-être qu'il accepterais de t'aider encore ?
2014-10-01T10:22:28 <Lezarius> Si tout vas bien dans qu elle que semaine sa ira mieux j aurais un boulot et apres me manquera plus que un appart
2014-10-01T10:23:42 <Lezarius> je le fait now
2014-10-01T10:24:20 <heuzef> Un pti conseil, même si y'a peu de chance que tu le suive aussi celui la, juste s'excuser ça vaut pas grand chose
2014-10-01T10:24:38 <heuzef> Par contre, prouver que tu fait effort, ça à une vraie valeur
2014-10-01T10:25:23 <Lezarius> Le fait d avoir enfin de vrai RDV pour du taff c est deja sa nan ?
2014-10-01T10:25:39 <Lezarius> Enfin si tout vas bien j ai du boulot mardi
2014-10-01T10:26:17 <Lezarius> On peux se capter quand en AFK heuzef
2014-10-01T10:27:01 <heuzef> T'as besoin de conseil pour ton RDV je supose
2014-10-01T10:27:22 <Lezarius> Et de voire mon meilleur pote !
2014-10-01T10:27:34 <heuzef> ;)
2014-10-01T10:28:04 <heuzef> Je t'appelle dès que j'ai un trou, d'ici quelques heures si tous va bien
2014-10-01T10:28:10 <Lezarius> Donc si possible vers quand ? genre la tu es au taff nan ?
2014-10-01T10:28:32 <Lezarius> Okay cool j ai mon tel sur moi de toute facon
2014-10-01T10:28:42 <Lezarius> Bon allez a + all
2014-10-01T10:28:47 *** Lezarius est parti
2014-10-01T10:29:16 <TrappyTickles> adriens33, c'est ça le truc, c'est super galère de retravailler des srt. mais j'ai ptet trovué un programme qui se plantera pas en conversion et qui joindra les deux vidéos
2014-10-01T10:29:25 <adriens33> yay ^^
2014-10-01T10:29:36 <adriens33> (j'ai déjà touché des srt à la mano donc je connais un peu :p)
2014-10-01T10:29:50 <adriens33> niveau software par contre j'ai pas trop creusé je t'avouerai.
2014-10-01T10:32:25 <TrappyTickles> en subs j'utilise aegisub. il a de quoi retravailler la synchro, mais c'est long et chiant
2014-10-01T10:32:30 <adriens33> ok
2014-10-01T10:33:25 *** Gordfang est parti
2014-10-01T10:41:30 *** adriens33 est parti
2014-10-01T11:14:48 <heuzef> TrappyTickles ? =)
2014-10-01T11:14:56 *** ValCab33 s'est connecté
2014-10-01T11:15:04 <ValCab33> Hellow
2014-10-01T11:15:20 <Letarumavza> Chut, pas parler fort, mal de tête.
2014-10-01T11:15:31 <heuzef> ^^
2014-10-01T11:17:57 <Letarumavza> Zetes tous des radis...
2014-10-01T11:26:33 *** heuzef est parti
2014-10-01T11:26:52 *** heuzef s'est connecté
2014-10-01T11:31:52 *** ValCab33 est parti
2014-10-01T11:49:13 <TrappyTickles> mh?
2014-10-01T11:51:21 *** heuzef est parti
2014-10-01T12:07:28 *** Letarumavza est parti
2014-10-01T12:10:56 <TrappyTickles> marrant, angel bunny reste un lapin dans le monde humain :p
2014-10-01T12:18:30 *** TrappyTickles est parti
2014-10-01T12:29:32 *** Silou s'est connecté
2014-10-01T12:30:59 *** heuzef s'est connecté
2014-10-01T13:01:47 *** ValCab33 s'est connecté
2014-10-01T13:02:57 <ValCab33> Ya pas grand monde...
2014-10-01T13:15:29 <heuzef> Yo Va
2014-10-01T13:15:51 <heuzef> Tu n'à pas avancer sur la doc, besoin d'aide ?
2014-10-01T13:18:34 *** heuzef1 s'est connecté
2014-10-01T13:20:29 *** heuzef est parti
2014-10-01T13:26:29 <ValCab33> Juste pas bcp eu le temps, je m'en occuppe cet aprem je pense.
2014-10-01T13:32:04 <heuzef1> oki doki
2014-10-01T13:38:25 *** Ikledoreboline s'est connecté
2014-10-01T13:38:40 <Ikledoreboline> Bien le bonjour.
2014-10-01T13:45:08 <Silou> plop
2014-10-01T13:50:36 <Ikledoreboline> Moins de monde que hier dit donc x'D vous allez bien ?
2014-10-01T13:50:47 <Silou> Bien et toi :) ?
2014-10-01T13:51:28 <Ikledoreboline> m'oui, mieux. ^^
2014-10-01T13:56:12 <Silou> :)
2014-10-01T13:57:20 <heuzef1> Ikledoreboline si tu veux tu peux passer chez moi ce soir pour l'aikido
2014-10-01T13:57:31 <heuzef1> Tiens moi au jus
2014-10-01T13:57:49 <Ikledoreboline> Pas de soucis ^^
2014-10-01T14:11:02 *** MaCharon s'est connecté
2014-10-01T14:11:07 <MaCharon> salut
2014-10-01T14:11:12 <Silou> plop
2014-10-01T14:19:19 *** flutterbrony s'est connecté
2014-10-01T14:21:02 <flutterbrony> bonjour
2014-10-01T14:21:08 <MaCharon> salut
2014-10-01T14:23:23 *** flutterbrony est parti
2014-10-01T14:30:23 <Ikledoreboline> yo
2014-10-01T15:52:38 *** heuzef s'est connecté
2014-10-01T15:54:23 *** heuzef1 est parti
2014-10-01T16:01:14 *** heuzef1 s'est connecté
2014-10-01T16:03:25 *** heuzef est parti
2014-10-01T16:07:23 *** Letarumavza s'est connecté
2014-10-01T16:12:46 <Ikledoreboline> Yop
2014-10-01T16:13:01 <Letarumavza> beuarf
2014-10-01T16:14:05 <Ikledoreboline> Tu viens de te lever la loutre ? xD
2014-10-01T16:16:13 <Berry-Punch> Voilà ce qu'il s'est *hic* passé ces 10 dernières lignes, adriens33
2014-10-01T16:16:15 *** adriens33 s'est connecté
2014-10-01T16:16:55 <Ikledoreboline> Yop adriens x)
2014-10-01T16:17:01 <adriens33> hello
2014-10-01T16:17:24 <adriens33> tiens salut Leta. ^^
2014-10-01T16:29:32 <Ikledoreboline> (Il est parti se recoucher je pense. XD)
2014-10-01T16:30:25 <Letarumavza> gné ?
2014-10-01T16:30:37 <Letarumavza> Faut que j'range ma piole..
2014-10-01T16:30:49 <adriens33> ^^
2014-10-01T16:31:01 <Letarumavza> fuck animasia
2014-10-01T16:31:16 <adriens33> pourquoi ?
2014-10-01T16:34:43 <heuzef1> Je le sens trop mal cette année perso :/
2014-10-01T16:35:01 <heuzef1> Je ne serais présent que Dimanche pour commencer, et encore
2014-10-01T16:35:31 <heuzef1> Surtout pour éviter les hordes de Kikoo
2014-10-01T16:36:21 <Ikledoreboline> xD
2014-10-01T16:36:33 <Ikledoreboline> Antoine Daniel sera pas là, des kikoos en moins. ;)
2014-10-01T16:36:58 <Ikledoreboline> S'excite trop du pistil les personnes pour des "humains" --'
2014-10-01T16:39:25 <Letarumavza> ?
2014-10-01T16:44:08 <Ikledoreboline> Anw, sinon parlons jeux vidéos ! Eve Online est bien traduis en français, seul déception, ils ont pas laissé des mots en anglais -.-'
2014-10-01T17:13:30 *** ValCab33 est parti
2014-10-01T17:13:45 *** ValCab33 s'est connecté
2014-10-01T17:18:25 *** ValCab33 est parti
2014-10-01T17:21:39 *** Letarumavza est parti
2014-10-01T18:14:42 *** heuzef s'est connecté
2014-10-01T18:16:30 *** heuzef1 est parti
2014-10-01T18:31:14 <Ikledoreboline> https://www.youtube.com/watch?v=XfhmG_9ZqAs moi j'aimerais bien en avoir 20 par jour déjà, je pense que je rigolerais en plus xD
2014-10-01T18:31:33 <adriens33> ah
2014-10-01T18:31:35 <adriens33> bah tiens…
2014-10-01T18:31:39 <adriens33> je pense pas.
2014-10-01T18:31:44 <adriens33> demande à ragator xD
2014-10-01T18:31:48 <adriens33> un rien l'excite…
2014-10-01T18:32:09 <Ikledoreboline> xD Pas tout les jours, mais genre 1 fois par semaine sur 1 jour genre le vendredi en avoir 20 ça doit être marrant XD
2014-10-01T18:32:22 <adriens33> nan, marrant n'est pas le terme approprié je pense.
2014-10-01T18:32:50 <adriens33> dérangeant serait ptet mieux.
2014-10-01T18:32:50 <Ikledoreboline> Toute les 15 minutes le mec à une érejection.
2014-10-01T18:32:54 <Ikledoreboline> xD
2014-10-01T18:33:09 <Ikledoreboline> Je me moque pas du gars, mais c'est juste con quand même d'avoir ça ^^
2014-10-01T18:33:13 <adriens33> bah si tu mouilles ton pantalon tous les quarts d'heure pour sortir faut y'aller avec une couche...
2014-10-01T18:33:18 <adriens33> ça doit pas être drôle.
2014-10-01T18:33:27 <Ikledoreboline> 2L de.. dans la poche chaque soir. XD
2014-10-01T18:33:34 <adriens33> pis passer ta journée avec le chapiteau dressé bonjour le pervers quoi.
2014-10-01T18:34:25 <Ikledoreboline> Au moins une raison de jouer de la trompette après. x'D
2014-10-01T18:34:44 <adriens33> c'est rempli d'hormones là dedans, donc si tu passes ta journée excité comme une puce à éjaculer je pense pas que tu passes ton temps à penser à des ptits trucs tout mimis... ou dans un sens dégueulasse alors.
2014-10-01T18:34:59 <adriens33> enfin breeef.
2014-10-01T18:35:05 <Ikledoreboline> x'3
2014-10-01T18:35:13 <adriens33> sujet glissant.
2014-10-01T18:35:19 <adriens33> *badum tssù
2014-10-01T18:35:21 <adriens33> **
2014-10-01T18:35:23 <Ikledoreboline> cmb
2014-10-01T18:35:32 <Ikledoreboline> nop nop nop nop
2014-10-01T18:35:36 <adriens33> ><
2014-10-01T18:35:39 <adriens33> tétrokon
2014-10-01T18:35:47 <Ikledoreboline> je c
2014-10-01T18:36:04 <Ikledoreboline> Ah mon dieu, quelle écriture abominable !
2014-10-01T18:36:10 <adriens33> ouaip.
2014-10-01T18:36:23 <adriens33> d'ailleurs
2014-10-01T18:36:33 <adriens33> je vais abréger ton séjour ici si tu continues à abréger ton écriture.
2014-10-01T18:36:34 <Ikledoreboline> Bon jre, je dirais rapidement aurevoir et voilà .-.
2014-10-01T18:36:45 <adriens33> héhé… >:)
2014-10-01T18:37:05 <adriens33> ok, à plus alors.^^
2014-10-01T18:38:01 <Ikledoreboline> je pars dans 3 minutes ta le temps j'ai fini mon afk xD
2014-10-01T18:38:18 <adriens33> ahok
2014-10-01T18:38:23 <adriens33> j'ai cru que tu partais
2014-10-01T18:38:37 <Ikledoreboline> (Toujours 15 minutes de précaution minimum avec le bus, même si hier mon chauffeur c'est ARRÊTER MON DIEU, pour réguler l'heure de son trajet.)
2014-10-01T18:38:45 <adriens33> oui ça arrive
2014-10-01T18:38:48 <Ikledoreboline> Je re sur le mobil après tsss !!! xD
2014-10-01T18:38:54 <Ikledoreboline> mobile*
2014-10-01T18:38:55 <adriens33> ça évite qu'ils arrivent une demi heure en avance
2014-10-01T18:38:57 <adriens33> ou en retard
2014-10-01T18:39:10 <adriens33> (comme ça arrive souvent avec les bus à libourne)
2014-10-01T18:39:11 <Ikledoreboline> Yes sir
2014-10-01T18:39:27 <Ikledoreboline> Bon, à dans 2 minutes
2014-10-01T18:39:34 <adriens33> ok
2014-10-01T18:39:46 *** Ikledoreboline est parti
2014-10-01T18:43:29 *** Ikledoreboline s'est connecté
2014-10-01T18:43:44 <Ikledoreboline> Ça fait 2minutes !
2014-10-01T18:45:29 <Ikledoreboline> Le seul problème d'aller en ville c'est de voir des gens sinon TBC sur le site de merde ils m'ont mit des horaires à la con..
2014-10-01T18:46:01 <Ikledoreboline> 18h45 sue l'abris de bus 18h54 sur le site
2014-10-01T18:47:13 <Ikledoreboline> Mais vue que j'ai toujours 15 minutes de méfiance, je suis dedans par miracle. X3
2014-10-01T18:47:22 <adriens33> ^^
2014-10-01T18:47:26 <adriens33> alàlà.
2014-10-01T18:47:31 <adriens33> t'as pris quel bus ?
2014-10-01T18:47:40 <Ikledoreboline> 29 >.^
2014-10-01T18:47:46 <adriens33> okay
2014-10-01T18:47:47 <heuzef> gg
2014-10-01T18:48:15 <Ikledoreboline> Timing de fou, bon tbc iront se faire foutre sur le site à la noix pas réédité.
2014-10-01T18:48:26 <adriens33> bah…
2014-10-01T18:48:38 <adriens33> kheolis est pas une filiale de la sncf pour que dalle. xD
2014-10-01T18:48:39 <Ikledoreboline> Je vais prendre en photo les horaires ou les noté à la main >.<
2014-10-01T18:48:55 <adriens33> *Keolis pardn
2014-10-01T18:48:57 <adriens33> *pardon
2014-10-01T18:49:08 <Ikledoreboline> Tu as mon excuse mon fils lol
2014-10-01T18:49:19 <heuzef> Je comprend pas pourquoi il implémente pas un simple GPS dans les bus avec localisation en 4G
2014-10-01T18:49:35 <heuzef> C'est pas comme si c'été super contraigniant techniquement surtout pour eux
2014-10-01T18:49:37 <adriens33> parce que ça coute cher à mettre en place
2014-10-01T18:49:48 <adriens33> t'a pas vu le nombre de bus qu'il y a ? :p
2014-10-01T18:49:51 <Ikledoreboline> Oui, ça serait nettement plus pratique pour voir le trafic en direct.
2014-10-01T18:50:09 <heuzef> T'as vu la CA de Kéolis, ça cause en million, voir en millard
2014-10-01T18:50:18 <adriens33> ouai;
2014-10-01T18:50:20 <heuzef> On va pas me faire croire qu'il sont géné par le pognion
2014-10-01T18:50:42 <Ikledoreboline> Va pas me faire croire qu'avec le peu de controlleurs, et le prix des cartes à l'année ils ont pas suffisamment .-.
2014-10-01T18:51:15 <Ikledoreboline> Puis 50 boules si un gars n'a rien sur lui, tu accumules c'est la fête.
2014-10-01T18:51:38 <Ikledoreboline> Money bucket challenge
2014-10-01T18:51:50 <heuzef> Nuance, si un gars n'à rien sur lui c'est safe
2014-10-01T18:52:01 <heuzef> par contre s'il à un papier d'identité c'est cuit
2014-10-01T18:52:13 <Ikledoreboline> Ça dépend si il est con ou non xD
2014-10-01T18:52:49 <heuzef> Tu peux t'appeler Derpy Hooves qui habite à Ponyville, y'a rien qui va prouver le contraire
2014-10-01T18:53:04 <heuzef> Il risque juste de ce faire payer son amande en muffin au mieux
2014-10-01T18:53:05 <heuzef> lol
2014-10-01T18:53:11 <Ikledoreboline> Mais il y aura toujours des personnes honnête pour se faire avoir et qui ont pas forcément le temps d'aller chez tbc montrer leurs carte -_-
2014-10-01T18:53:25 <Ikledoreboline> XD
2014-10-01T18:53:39 <heuzef> mmm muffin aux amandes :3
2014-10-01T18:53:44 <heuzef> yay
2014-10-01T18:53:47 <Ikledoreboline> Je sais pas si derpy partagerait ses muffins .-.
2014-10-01T18:54:03 <heuzef> Bien sur que oui
2014-10-01T18:54:15 <heuzef> elle risque juste de les mangers avant :(
2014-10-01T18:54:41 <Ikledoreboline> Nuance, prémâcher
2014-10-01T18:54:56 <Ikledoreboline> Ou gouté xD
2014-10-01T18:56:30 <heuzef> ans faire exprès :P
2014-10-01T19:02:31 *** Ikledoreboline est parti
2014-10-01T19:03:05 *** Ikledoreboline s'est connecté
2014-10-01T19:03:08 <Ikledoreboline> Hu... Hu.... Huu......
2014-10-01T19:03:44 <Ikledoreboline> Berry à fait exprès de me déco pour mon pavé ou quoi ? XD
2014-10-01T19:06:14 <adriens33> nan c'ton client qu'a quit.
2014-10-01T19:06:27 <adriens33> et quand tu fais un tros gros pavé c'est le serveur qui te déco pour flood, pas le bot.
2014-10-01T19:06:45 <Ikledoreboline> Je sais, vive la 3g .-. (Enfin je sais même pas si je suis en 3 ou 4 lol)
2014-10-01T19:07:05 <adriens33> ah si t'es en 3G c'est narmol
2014-10-01T19:07:11 <adriens33> c'pas très stable
2014-10-01T19:07:19 <adriens33> et comme tu changes beaucoup d'ip…
2014-10-01T19:07:21 <Ikledoreboline> ^^
2014-10-01T19:07:23 <adriens33> irc aime pas des masses ^^
2014-10-01T19:07:38 <Ikledoreboline> Je le comprends, qu'il ne pleur plus :')
2014-10-01T19:07:53 <adriens33> mais ouais, la 3G pour le chat irc c'est assez chiant.
2014-10-01T19:08:05 <adriens33> mais bon si la 3G était faite pour être  utilisable correctement ça se saurait.
2014-10-01T19:08:07 <adriens33> ahem.
2014-10-01T19:08:12 * adriens33 se râcle la gorge *
2014-10-01T19:08:57 <Ikledoreboline> T'es dégueulasse. XD
2014-10-01T19:09:43 <Ikledoreboline> J'espère que le tram sera pas trop long à attendre je l'ai loupé à cause d'un feu roige hu
2014-10-01T19:12:29 <Ikledoreboline> Vieux con dans le trame il passe après moi, j'attends qu'il bip il prend une place et bloque l'autre -.-
2014-10-01T19:13:09 <Ikledoreboline> J'aime pas aller en ville pour ça fuu
2014-10-01T19:14:20 <Ikledoreboline> Et ya une vieille qui peut draguer il lui laisse la place j'hallucine je crois x_x x3
2014-10-01T19:15:31 *** flutterbrony s'est connecté
2014-10-01T19:17:35 <adriens33> Ikledoreboline: pourquoi serai-je dégueulasse ?
2014-10-01T19:17:39 <adriens33> la 3G c'est pas stable
2014-10-01T19:17:45 <adriens33> le débit est ridicule
2014-10-01T19:17:50 <adriens33> c'est bridé niveau débit
2014-10-01T19:17:55 <adriens33> c'est bridé niveau quantité
2014-10-01T19:18:03 <adriens33> tu changes d'ip au moindre caprice
2014-10-01T19:18:08 <adriens33> c'nul c'est tout
2014-10-01T19:18:36 <Ikledoreboline> Bah oui je sais merci champion xD
2014-10-01T19:18:48 <adriens33> eh oh
2014-10-01T19:18:55 <heuzef> Ikledoreboline: T'arrive ? =)
2014-10-01T19:19:12 <Ikledoreboline> Oui oui !
2014-10-01T19:19:14 <flutterbrony> bonsoir tout le monde
2014-10-01T19:19:27 <adriens33> Ikledoreboline: je suis pas dégueulasse je suis réaliste. je sais pas à quoi tu pens… okay j'ai rien dit. c'toi qu'est dégueulasse. ><
2014-10-01T19:19:31 <adriens33> bonsoir flutterbrony :)
2014-10-01T19:19:35 <Ikledoreboline> Bonsoir ;)
2014-10-01T19:20:04 <Ikledoreboline> Me met pas ça à dos, dégueulasse qui racle sa gorge !
2014-10-01T19:20:21 <adriens33> nan je me râclais la gorge juste parce que c'était un troll
2014-10-01T19:20:23 <adriens33> espèce de nabot
2014-10-01T19:20:27 <adriens33> :p
2014-10-01T19:21:01 <adriens33> bon promis la prochaine fois je met de grosses balises rouge fluo clignotantes avec une sirène.
2014-10-01T19:21:04 <adriens33> (ou pas.)
2014-10-01T19:22:10 <Ikledoreboline> C'est le bordel à la victoire
2014-10-01T19:22:27 <adriens33> un bordel à la victoire ? damn.
2014-10-01T19:22:32 <adriens33> et c'est moi le dégueulasse…
2014-10-01T19:23:53 <Ikledoreboline> Abrutis .-.
2014-10-01T19:23:57 <adriens33> eh oh
2014-10-01T19:24:12 <adriens33> si t'as pas de second degré tu vas souffrir. XD
2014-10-01T19:24:19 <adriens33> (owi…)
2014-10-01T19:24:27 <Ikledoreboline> X3
2014-10-01T19:24:56 <Ikledoreboline> Moi aussi c'est du second degré je pensé à Digidix
2014-10-01T19:25:04 <adriens33> ok
2014-10-01T19:25:07 <adriens33> si tu le dis
2014-10-01T19:25:12 <adriens33> c'est que ça doit pas être pas faux
2014-10-01T19:25:41 <Ikledoreboline> Le but de certains passant t'asphixier avec du parfum
2014-10-01T19:26:14 <Ikledoreboline> Je mens jamais. Règle n*1 sauf si ma source n'etait pas fiable
2014-10-01T19:27:23 <adriens33> Bah le parfum c'est une idée de l'aristocratie française, ça remplaçait la douche.
2014-10-01T19:27:31 <adriens33> (ouioui…)
2014-10-01T19:27:55 <Ikledoreboline> Lool
2014-10-01T19:28:55 *** Ikledoreboline est parti
2014-10-01T19:29:10 *** heuzef est parti
2014-10-01T19:49:20 *** flutterbrony est parti
2014-10-01T20:14:30 *** Letarumavza s'est connecté
2014-10-01T20:14:59 *** Letarumavza est parti
2014-10-01T21:02:33 *** Lenile s'est connecté
2014-10-01T21:02:36 <Lenile> Yow
2014-10-01T21:03:36 <adriens33> soir
2014-10-01T21:04:28 <Lenile> Adriens.
2014-10-01T21:04:34 <adriens33> ouais c'moi
2014-10-01T21:04:36 <Lenile> J'passe sous numericable cette semaine o/
2014-10-01T21:04:39 <adriens33> nice
2014-10-01T21:04:45 <Lenile> ça va me changé la vie o/
2014-10-01T21:04:45 <adriens33> t'auras un meilleur débit
2014-10-01T21:04:52 <Lenile> Ouais xD
2014-10-01T21:04:53 <adriens33> bah tu m'étonnes.
2014-10-01T21:05:05 <Lenile> Et ça va couté 11 euro de moin que mon ADSL actuelle xD
2014-10-01T21:05:09 <adriens33> :p
2014-10-01T21:05:21 <Lenile> La preuve que SFR c'est des vautours.
2014-10-01T21:05:27 <adriens33> orange aussi
2014-10-01T21:05:30 <adriens33> bouygues
2014-10-01T21:05:31 <adriens33> aussi
2014-10-01T21:05:33 <Lenile> xD
2014-10-01T21:05:39 <adriens33> 'fin bref c'pas nouveau.
2014-10-01T21:05:48 <Lenile> Numericable = Fibre à 19.99 pendant 12 mois
2014-10-01T21:05:53 <Lenile> Puis 24.99
2014-10-01T21:06:00 <adriens33> ce qui fait 30
2014-10-01T21:06:09 <adriens33> 25€/mois c'est HT…
2014-10-01T21:06:12 <adriens33> TTC ça fait 30
2014-10-01T21:06:23 <Lenile> Nan c'est TTC
2014-10-01T21:06:26 <adriens33> hmm
2014-10-01T21:06:29 <adriens33> fais bien gaffe
2014-10-01T21:06:31 <adriens33> ^^
2014-10-01T21:06:40 <Lenile> Attend je vérifie
2014-10-01T21:06:42 <adriens33> mais bon 30€/mois pour de la fibre ça va
2014-10-01T21:06:54 <adriens33> mais fais gaffe si tu prends la télé avec faudra payer la redevance :p
2014-10-01T21:07:55 <Lenile> Nan on prend juste la TNT$
2014-10-01T21:08:00 <adriens33> ça va
2014-10-01T21:08:04 <Lenile> Ma mère regarde seulement la 1 et M6 xD
2014-10-01T21:08:08 <adriens33> ouais
2014-10-01T21:08:09 <Lenile> Et moi la Télé Osef xD
2014-10-01T21:08:13 <adriens33> celles ou y'a le plus de pub…
2014-10-01T21:08:24 <adriens33> sans dec m6 c'est bourré de pub
2014-10-01T21:08:31 <adriens33> et tf1 est payé exclusivemnt que par la pub…
2014-10-01T21:08:49 <adriens33> bah en fait à partir du moment ou tu peux dl les séries tv sur le net
2014-10-01T21:08:55 <adriens33> la télé sert à que dalle en fait.
2014-10-01T21:08:55 <Lenile> Le Tarif est TTC
2014-10-01T21:09:10 <adriens33> ccool
2014-10-01T21:09:16 <Lenile> Ma mère s'en tape de la pub elle à l'habitude xD
2014-10-01T21:09:29 <adriens33> ouais mais la pub c'est de la merde
2014-10-01T21:09:36 <adriens33> c'est du temps de perdu
2014-10-01T21:09:43 <adriens33> et même si tu te dis j'm'en fiche ça m'atteinds pas
2014-10-01T21:09:47 <adriens33> ça rentre quand même
2014-10-01T21:10:03 <adriens33> c'est insidieux --"
2014-10-01T21:10:52 <Lenile> xDDDD
2014-10-01T21:11:04 <adriens33> je vois pas où est le truc drôle.
2014-10-01T21:20:41 <Lenile> Voila
2014-10-01T21:20:50 <Lenile> Je suis officièlement cher Numericable.
2014-10-01T21:25:23 <adriens33> cool
2014-10-01T22:14:47 *** Ikledoreboline s'est connecté
2014-10-01T22:15:00 <Ikledoreboline> Re / coucou
2014-10-01T22:15:27 <adriens33> re
2014-10-01T22:16:05 <Ikledoreboline> C'est le tram magique !
2014-10-01T22:16:20 <adriens33> pourquoi magique ?
2014-10-01T22:17:57 <adriens33> oka…
2014-10-01T22:18:14 <adriens33> j'aime me prendre un vent
2014-10-01T22:20:04 *** Ikledoreboline est parti
2014-10-01T22:20:10 <adriens33> ._.
2014-10-01T22:20:16 *** Ikledoreboline s'est connecté
2014-10-01T22:21:16 *** Ikledoreboline est parti
2014-10-01T22:21:27 *** Ikledoreboline s'est connecté
2014-10-01T22:21:56 <Ikledoreboline> Pardon pour le vent, pagique car il y avait des femmes bourré à côté de moi.
2014-10-01T22:22:05 <Ikledoreboline> Magique*
2014-10-01T22:22:44 <adriens33> mouarf...
2014-10-01T22:22:45 <adriens33> ok..
2014-10-01T22:22:50 <Ikledoreboline> x3
2014-10-01T22:23:07 <Ikledoreboline> Référence au bus magique sinon le dessin animé x3
2014-10-01T22:24:06 <adriens33> si ton tram il est capable de rendre des gens heureux il est magique, sinon c'est d'la camelote.
2014-10-01T22:24:10 <Ikledoreboline> Bon, je coupe la co, je vais écouter de la musique à plus tard ? (Maybe)
2014-10-01T22:24:26 <Ikledoreboline> C'est plus de la magie de drogué hein
2014-10-01T22:24:30 <adriens33> nan
2014-10-01T22:24:34 <Ikledoreboline> Si
2014-10-01T22:24:37 <adriens33> pas ce genre de heureux...
2014-10-01T22:24:49 <Ikledoreboline> Bah c'etait celui-ci
2014-10-01T22:25:24 <adriens33> ouais ben de c'te magie là peau de zob
2014-10-01T22:26:40 <Ikledoreboline> XD
2014-10-01T22:26:44 *** Ikledoreboline est parti
2014-10-01T22:44:28 *** ValCab33 s'est connecté
2014-10-01T22:44:36 <ValCab33> Plop
2014-10-01T22:45:01 <adriens33> soir
2014-10-01T22:46:51 *** Lenile est parti
2014-10-01T23:12:46 *** Ikledoreboline s'est connecté
2014-10-01T23:12:57 <Ikledoreboline> Re-depuis la maison ça fait du bien de manger, uriner, et se laver .-. XD
2014-10-01T23:14:57 <adriens33> ouais tu m'étonnes.
2014-10-01T23:36:38 <Ikledoreboline> wow, ils ont mit le paquet pour faire chialer sur une série xD
2014-10-01T23:37:11 <adriens33> hé ?
2014-10-01T23:37:14 <adriens33> de quoi tu parles ?
2014-10-01T23:37:28 <Ikledoreboline> enfin, c'est un anime.
2014-10-01T23:37:42 <Ikledoreboline> Zero no tsukaima saison 2 second épisode x3
2014-10-01T23:37:54 <adriens33> ok
2014-10-01T23:37:58 <adriens33> (je connais pas)
2014-10-01T23:38:07 <adriens33> (je connais pas grand chose en même temps)
2014-10-01T23:39:08 <Ikledoreboline> x3
2014-10-01T23:39:23 <Ikledoreboline> Bon, je pars me coucher, bonne nuit !
2014-10-01T23:39:37 <adriens33> bonne nuit
2014-10-01T23:42:19 *** Ikledoreboline est parti
2014-10-01T23:50:44 *** MaCharon est parti
