2014-12-10T01:25:55 <adriens33> bon bah… Bonne nuit Berry… ^^"
2014-12-10T01:26:03 *** adriens33 est parti
2014-12-10T08:22:40 *** adriens33 s'est connecté
2014-12-10T09:13:00 *** Gordfang s'est connecté
2014-12-10T09:13:16 <Gordfang> yo!
2014-12-10T09:14:46 <adriens33> hello
2014-12-10T10:14:41 *** adriens33 est parti
2014-12-10T13:12:56 *** strycore s'est connecté
2014-12-10T14:25:58 *** Gordfang est parti
2014-12-10T14:33:43 *** ELiDYROS s'est connecté
2014-12-10T14:34:30 *** ELiDYROS est parti
2014-12-10T15:27:36 *** adriens33 s'est connecté
2014-12-10T16:07:10 *** ELiDYROS s'est connecté
2014-12-10T16:07:19 <ELiDYROS> Hello.
2014-12-10T16:22:49 <adriens33> salut
2014-12-10T16:51:20 *** ELiDYROS est parti
2014-12-10T16:56:05 *** ELiDYROS s'est connecté
2014-12-10T17:27:40 *** ELiDYROS est parti
2014-12-10T17:58:39 *** ELiDYROS s'est connecté
2014-12-10T19:37:31 *** ELiDYROS est parti
2014-12-10T20:33:47 *** ELiDYROS s'est connecté
2014-12-10T20:41:43 <ELiDYROS> Bon à priori le groupe Steam de BC semble avoir le même destin que l'irc... C'est fort dommage.
2014-12-10T20:43:11 *** adriens33 est parti
2014-12-10T20:43:48 *** ELiDYROS est parti
2014-12-10T20:54:52 *** adriens33 s'est connecté
2014-12-10T21:54:22 *** ELiDYROS s'est connecté
2014-12-10T22:16:12 *** ELiDYROS est parti
