2014-10-04T00:04:05 *** MaCharon est parti
2014-10-04T00:06:35 <Ikledoreboline> Bon je déco, j'espère réussir à dormir un minimum sinon demain je vais être un mort vivant.
2014-10-04T00:11:20 *** Ikledoreboline est parti
2014-10-04T00:11:44 *** ValCab33 est parti
2014-10-04T00:12:29 *** ValCab33 s'est connecté
2014-10-04T00:32:03 *** ValCab33 est parti
2014-10-04T01:07:27 *** Silou est parti
2014-10-04T01:10:58 *** Silou s'est connecté
2014-10-04T02:23:58 *** Silou est parti
2014-10-04T02:38:45 *** Silou s'est connecté
2014-10-04T03:24:08 *** Silou est parti
2014-10-04T06:19:02 *** Bybeez s'est connecté
2014-10-04T08:24:48 *** Yvan33 s'est connecté
2014-10-04T08:26:15 *** Yvan33 est parti
2014-10-04T08:36:11 *** Bybeez est parti
2014-10-04T08:38:02 *** Ikledoreboline s'est connecté
2014-10-04T08:38:17 <Ikledoreboline> Yop leta
2014-10-04T08:39:03 *** Ikledoreboline2 s'est connecté
2014-10-04T08:39:04 *** Ikledoreboline2 est parti
2014-10-04T08:39:25 *** Ikledoreboline2 s'est connecté
2014-10-04T08:39:47 *** Ikledoreboline est parti
2014-10-04T08:40:15 <Ikledoreboline2> ^.<
2014-10-04T08:45:24 *** Ikledoreboline2 est parti
2014-10-04T08:45:34 *** Ikledoreboline2 s'est connecté
2014-10-04T08:45:34 <Ikledoreboline2> -.-
2014-10-04T08:45:44 <Ikledoreboline2> Fuuuu
2014-10-04T08:45:56 *** Ikledoreboline2 est parti
2014-10-04T11:36:57 *** ValCab33 s'est connecté
2014-10-04T11:37:32 <ValCab33> Kom ya personne
2014-10-04T11:38:43 *** ValCab33 est parti
2014-10-04T12:51:04 *** Silou s'est connecté
2014-10-04T13:47:17 *** Ikledoreboline s'est connecté
2014-10-04T13:47:25 <Ikledoreboline> Yop
2014-10-04T13:48:31 <Ikledoreboline> Manger..
2014-10-04T13:48:39 *** Gordfang s'est connecté
2014-10-04T13:48:48 <Gordfang> lut all
2014-10-04T13:49:48 *** Ikledoreboline est parti
2014-10-04T13:54:13 *** Gordfang est parti
2014-10-04T17:16:27 *** Ikledoreboline s'est connecté
2014-10-04T17:18:53 <Ikledoreboline> Yu
2014-10-04T17:19:39 *** Ikledoreboline est parti
2014-10-04T18:20:03 *** Gordfang s'est connecté
2014-10-04T18:45:08 *** Silou est parti
2014-10-04T18:59:59 *** Ikledoreboline s'est connecté
2014-10-04T19:00:15 <Ikledoreboline> Yup
2014-10-04T19:04:55 *** Ikledoreboline est parti
2014-10-04T19:08:27 <Berry-Punch> Voilà ce qu'il s'est passé ces 10 dernières lignes, adriens33 *hic* 
2014-10-04T19:08:29 *** adriens33 s'est connecté
2014-10-04T20:15:57 *** Ikledoreboline s'est connecté
2014-10-04T20:16:14 <Ikledoreboline> "Voilà le bus magique ! - Mais où allons-nous !?"
2014-10-04T20:16:42 <Ikledoreboline> Re / yop ^^
2014-10-04T20:24:32 *** Ikledoreboline est parti
2014-10-04T20:36:45 *** Letarumavza est parti
2014-10-04T20:42:08 *** TrappyTickles s'est connecté
2014-10-04T20:45:31 *** Ikledoreboline s'est connecté
2014-10-04T20:45:47 <Ikledoreboline> Je suis là jusqu'à 23h00 au moins maintenant ^-^
2014-10-04T21:08:07 *** Letarumavza s'est connecté
2014-10-04T21:08:15 <Letarumavza> Best day ever !
2014-10-04T21:08:38 <Ikledoreboline> .-.
2014-10-04T21:08:45 <Ikledoreboline> Je sais pas si je t'ai croisé, hu. XD
2014-10-04T21:09:10 <Letarumavza> J'ai mis mon nez entre des boobs, j'ai eu masse de câlins, et j'y repars demain !
2014-10-04T21:09:21 <Letarumavza> o/
2014-10-04T21:09:30 <Letarumavza> Yeah ! Back IRL
2014-10-04T21:09:31 <Ikledoreboline> Leta, t'as vu les brony ?
2014-10-04T21:09:39 <Letarumavza> On a passé la journée ensemble
2014-10-04T21:09:45 <Letarumavza> Avec wild, eli... etc
2014-10-04T21:09:49 <Letarumavza> adrien, et rei aussi
2014-10-04T21:09:59 <Letarumavza> et trappy est passé aussi
2014-10-04T21:10:03 <Ikledoreboline> Putain, j'ai pas mit ton pseudo sur ta tête
2014-10-04T21:10:04 <Ikledoreboline> xD
2014-10-04T21:10:13 <Letarumavza> Grans manteau noir
2014-10-04T21:10:21 <Letarumavza> cheveux attachés en arrière.
2014-10-04T21:10:29 <Ikledoreboline> :|
2014-10-04T21:10:35 <Letarumavza> Crevant de chaud et pockant la transpi à 15 bornes...
2014-10-04T21:10:51 <Letarumavza> Demain j'y vais sapé autrement?.
2014-10-04T21:10:59 <Letarumavza> Je suis pas encore décidé.
2014-10-04T21:11:08 <Ikledoreboline> Do what you want ^^
2014-10-04T21:11:22 <Ikledoreboline> Demain je vais avoir mon hug de la personne qui me le devait è_é
2014-10-04T21:11:26 <Ikledoreboline> x'3
2014-10-04T21:14:58 <Ikledoreboline> Demain, je me déshabille dans animasia vous me reconnaitrez facilement, avec la sécu qui m'embarque.
2014-10-04T21:14:59 <Ikledoreboline> XD
2014-10-04T21:16:03 <adriens33> soir :)
2014-10-04T21:16:26 <Ikledoreboline> re/yu
2014-10-04T21:16:31 <adriens33> ^^
2014-10-04T21:16:43 <adriens33> t'as l'air content Letarumavza, ça fait plaisir à voir :)
2014-10-04T21:16:53 <Letarumavza> C'est rare faut dire.
2014-10-04T21:16:58 <Ikledoreboline> Ah mais Leta !
2014-10-04T21:17:00 <adriens33> bah oui, voilà... ^^
2014-10-04T21:17:06 <Letarumavza> Lets hope I find someone tomorow.
2014-10-04T21:17:11 <Ikledoreboline> C'est pas toi le mec qui avait le zobe qui était dehors le pantalon ? XD
2014-10-04T21:17:20 <Letarumavza> Nop
2014-10-04T21:17:41 <adriens33> Letarumavza: bah le souci quand tu chasses au bazooka, c'est que ça laisse peu de bouts quand tu touche une cible.
2014-10-04T21:17:48 <Ikledoreboline> Moi j'ai eut le moment le plus chanceux avec mon œil de lynx *tousse*
2014-10-04T21:18:02 <Letarumavza> Euh...
2014-10-04T21:18:04 <Letarumavza> Nop
2014-10-04T21:18:13 <Letarumavza> T'as du réver mon gars
2014-10-04T21:18:15 <Ikledoreboline> x3
2014-10-04T21:18:27 <adriens33> Letarumavza: pour ma vanne pourrie ou Ikle ?: p
2014-10-04T21:18:30 <adriens33> * :p
2014-10-04T21:18:42 <Letarumavza> Pour deux raisons => d'une part je porte un boxer un poil trop sérré, et d'autre j'avais la braguette fermée.
2014-10-04T21:19:24 <Ikledoreboline> xD
2014-10-04T21:19:25 <Letarumavza> Et tu m'as vu où ?
2014-10-04T21:19:26 <adriens33> Letarumavza: quel que soit le boxer, il sera toujours trop serré.. ^^
2014-10-04T21:19:42 <Letarumavza> Ou trop large à la taille...
2014-10-04T21:19:49 <adriens33> oui, aussi.
2014-10-04T21:19:57 <Letarumavza> J'arrive jamais à en trouver un qui aille.
2014-10-04T21:20:05 <adriens33> moi j'ai le même souci avec les pantalons
2014-10-04T21:20:06 <Ikledoreboline> De quoi ta blague non adriens, tout à l'heure vers 17h30 une femme en cosplay avec seulement un soutient gorge c'est baisé, j'ai tout vu sans faire exprès. Le pire c'est que j'ai vraiment pas fait exprès XD
2014-10-04T21:20:29 <adriens33> Ikledoreboline: nan, je demandais à leta.
2014-10-04T21:20:32 <Ikledoreboline> x'3
2014-10-04T21:20:33 <Letarumavza> Ikle, la fille en question s'apelle hatsumi.
2014-10-04T21:20:37 <Ikledoreboline> idk
2014-10-04T21:20:40 <Letarumavza> Et je te déconseille de raconter ça.
2014-10-04T21:20:42 <adriens33> oh.
2014-10-04T21:20:43 <Ikledoreboline> but I see all.
2014-10-04T21:20:50 <adriens33> genre comme dans hatsu ?
2014-10-04T21:20:55 <Letarumavza> Yep
2014-10-04T21:20:57 <adriens33> ah
2014-10-04T21:20:57 <Ikledoreboline> Je risque pas de le raconter xD
2014-10-04T21:20:58 <adriens33> oui
2014-10-04T21:21:00 <adriens33> ^^'
2014-10-04T21:21:02 <Letarumavza> Et hatsu pose un problème.
2014-10-04T21:21:05 <adriens33> oui
2014-10-04T21:21:06 <Ikledoreboline> ?
2014-10-04T21:21:06 <Letarumavza> 120kg de muscles
2014-10-04T21:21:10 <Letarumavza> nommés charles
2014-10-04T21:21:11 <adriens33> charles va pas être content.
2014-10-04T21:21:13 <adriens33> voilà ^^
2014-10-04T21:21:16 <Ikledoreboline> xD
2014-10-04T21:21:22 <Letarumavza> Un pote en plus.
2014-10-04T21:21:32 <adriens33> il se faisait les dents sur une canette de coca tout à l'heure quand on y est allé avec Rei...
2014-10-04T21:21:33 <Ikledoreboline> Qu'elle idée de portée qu'un soutient gorge sérieux aussi
2014-10-04T21:21:34 <Letarumavza> Et un buveur d'hydromel.
2014-10-04T21:21:36 <Ikledoreboline> ya des trucs plus soft -_-
2014-10-04T21:21:41 <adriens33> et il a dépecé le capot de ladite canette. ^^
2014-10-04T21:21:46 <Letarumavza> C'était du bodypaint...
2014-10-04T21:21:50 <Ikledoreboline> Quel goût une cnaette ?
2014-10-04T21:21:51 <Ikledoreboline> XD
2014-10-04T21:21:53 <adriens33> cica
2014-10-04T21:21:54 <adriens33> *coca
2014-10-04T21:22:17 <Ikledoreboline> "C'est mon petit déjeuner" m'ak
2014-10-04T21:22:17 <Ikledoreboline> XD
2014-10-04T21:22:52 <Ikledoreboline> N'empêche, vers 19h c'est devenu de la merde, y'avait plus de stand intéressant -_-
2014-10-04T21:22:54 <adriens33> fais gaffe ou tu poses les yeux.. ^^
2014-10-04T21:23:00 <Ikledoreboline> Déjà qu'il y avait peu de chose intéréssantes.
2014-10-04T21:23:03 <Letarumavza> Euh...
2014-10-04T21:23:15 <Letarumavza> Y'a que moi qui peut mettre une main au cul à hatsu devant charles ^^
2014-10-04T21:23:16 <adriens33> Ikledoreboline: je ne suis pas de cet avis
2014-10-04T21:23:24 <Ikledoreboline> adriens, je vois tout les petits détails, tout les trucs qu'une personne n'est pas sensé voir. XD
2014-10-04T21:23:27 <Letarumavza> Je confirme ce que dit adrien.
2014-10-04T21:23:30 <adriens33> bah y'a que toi qui peut faire le poids face à lui leta xD
2014-10-04T21:23:41 <Ikledoreboline> Peu de chose intéressante à mon goût.
2014-10-04T21:23:48 <adriens33> bah t'as pas de goûts. ^^
2014-10-04T21:23:50 <Ikledoreboline> adriens33: je vois pas que les trucs comme ça >_<
2014-10-04T21:23:55 <Letarumavza> Même pas ça, juste qu'il sait que je déconne et que j'ai aucune envie de lui piquer.
2014-10-04T21:24:00 <adriens33> ^^
2014-10-04T21:24:07 <Ikledoreboline> .-.
2014-10-04T21:24:13 <Ikledoreboline> enfoiré... xD
2014-10-04T21:24:20 <Letarumavza> Au contraire, j'ai toujours tendance à lui demander quand il va mettre un anneau dessus.
2014-10-04T21:24:44 * Ikledoreboline s'en va avant d'avoir des images dégueulasses en tête, même si c'est déjà fait.
2014-10-04T21:24:49 <adriens33> ?
2014-10-04T21:24:53 <Letarumavza> ?
2014-10-04T21:24:55 <adriens33> mettre un anneau dessus
2014-10-04T21:24:58 <adriens33> tu connais pas ?
2014-10-04T21:25:04 <Ikledoreboline> Chhhh
2014-10-04T21:25:05 <Ikledoreboline> xD
2014-10-04T21:25:13 <Letarumavza> D'un autre coté je sais pas quelle est l'expréssion dédiée en français.
2014-10-04T21:25:21 <Letarumavza> Donc j'ai traduit à l'arrache
2014-10-04T21:25:24 <adriens33> bah... c'est valide comme expression ><
2014-10-04T21:25:30 <Letarumavza> Yep
2014-10-04T21:25:44 <Letarumavza> Menfin charles m'a promis un open bar avec de l'hydromel
2014-10-04T21:25:49 <adriens33> ah
2014-10-04T21:25:53 <adriens33> d'accord. XD
2014-10-04T21:26:07 <adriens33> c'est pour ça copain en fait ? :p
2014-10-04T21:26:14 <Letarumavza> Bah...
2014-10-04T21:26:22 <Letarumavza> Il peut fournir en hydromel.
2014-10-04T21:26:38 <adriens33> lui fournit l'hydromel et toi l'estomac ? :p
2014-10-04T21:26:42 <Ikledoreboline> xD
2014-10-04T21:27:12 <Ikledoreboline> https://www.youtube.com/watch?v=r-H4GsYtwz0
2014-10-04T21:27:36 <Ikledoreboline> Pas pu m'en empêché. xD
2014-10-04T21:28:08 <adriens33> c'est quoi cette vidéo ?
2014-10-04T21:28:12 <adriens33> (pas envie d'aller voir)
2014-10-04T21:28:25 <Ikledoreboline> Un sketch à la con
2014-10-04T21:28:36 <adriens33> d'accord.
2014-10-04T21:28:50 <adriens33> Letarumavza: comment va ton orteil ?
2014-10-04T21:29:57 <Letarumavza> Il est gonflé et violet.
2014-10-04T21:30:00 <Letarumavza> Mais il bouge encore.
2014-10-04T21:30:06 <Letarumavza> Au pire, je m'en fous.
2014-10-04T21:30:08 <adriens33> t'es pas allé voir les pompiers ? ><
2014-10-04T21:30:12 <Letarumavza> Non
2014-10-04T21:30:14 <adriens33> t'es pas sérieux.
2014-10-04T21:30:14 <Ikledoreboline> Qu'est-ce que ta fais champion ? XD
2014-10-04T21:30:34 <adriens33> il s'est pris une gratte sur le pied... le bouton métallique sur l'articulation de l'orteil.
2014-10-04T21:30:43 <Letarumavza> Semi-perte de conscience avec ma gratte à la main.
2014-10-04T21:30:45 <adriens33> c'est enflé et violet, ça lui fait hypra mal
2014-10-04T21:30:58 <adriens33> mais osef il veut rien faire. xD
2014-10-04T21:31:02 <Ikledoreboline> Ah merde c'est con. x)
2014-10-04T21:31:18 <Letarumavza> C'est pas un doigt pété qui va m'empécher de faire ce que je veux.
2014-10-04T21:31:21 <adriens33> bah s'il devient noir leta t'auras l'air bien con avec un orteil en moins.
2014-10-04T21:31:44 <Letarumavza> Tu peux pas avoir une nécrose consécutive à un trauma.
2014-10-04T21:31:57 <Ikledoreboline> Va voir le médecin ou une connerie au moins Leta
2014-10-04T21:32:01 <adriens33> ouais hein bon je suis pas médecin moi.
2014-10-04T21:32:07 <adriens33> mais c'est pas sérieux quand même ><
2014-10-04T21:32:09 <Letarumavza> Bah...
2014-10-04T21:32:13 <Letarumavza> rélféchis
2014-10-04T21:32:22 <Letarumavza> Nécrose = manque d'irrication.
2014-10-04T21:32:37 <Letarumavza> Légère hémoragie interne = épanchement de sang...
2014-10-04T21:32:48 <Ikledoreboline> Si tu veux demain je viens avec des ciseaux je te coupe le doigt de pied c'est réglé. XD
2014-10-04T21:32:54 <adriens33> ouais et du sang qui s'échappe ça fait pas un caillot ? :p
2014-10-04T21:33:07 <Letarumavza> J'irai en face de chez moi.
2014-10-04T21:34:07 <Letarumavza> (hopital militaire)
2014-10-04T21:34:08 <Ikledoreboline> Sinon ya que moi qui trouve que cette année il y à moins de cosplay ?
2014-10-04T21:34:17 <Letarumavza> Moins de cosplay ?.
2014-10-04T21:34:29 <Ikledoreboline> yu
2014-10-04T21:34:30 <Ikledoreboline> p
2014-10-04T21:34:40 <Letarumavza> ahri, jinx, caitlin x2, ezreal... Et ça c'est juste lol.
2014-10-04T21:34:49 <Letarumavza> On a aussi eu deux équipages complets de one piece.
2014-10-04T21:34:52 <Letarumavza> 2 athéna.
2014-10-04T21:34:57 <Letarumavza> 4 persos de wow
2014-10-04T21:35:00 <Letarumavza> ... etc
2014-10-04T21:35:08 <Letarumavza> Et une team SAO complète.
2014-10-04T21:35:10 <Ikledoreboline> J'ai pas vu grand monde en cosplay par rapport à l'an dernier perso
2014-10-04T21:35:28 <Ikledoreboline> J'ai revu des personnes de l'an dernier et du animasia en avril mais sinon
2014-10-04T21:35:33 <Ikledoreboline> .-.
2014-10-04T21:35:47 <Letarumavza> Euh...
2014-10-04T21:36:00 <Letarumavza> T'es allé dehors, en haut, dans les salles de conf... etc
2014-10-04T21:36:02 <Letarumavza> ?
2014-10-04T21:36:19 <Ikledoreboline> oui
2014-10-04T21:36:23 <Ikledoreboline> :|
2014-10-04T21:36:32 <Letarumavza> J'ai compté presque 80 cosplay différents.
2014-10-04T21:36:39 <Letarumavza> 76 en fait.
2014-10-04T21:36:51 <Ikledoreboline> No comment
2014-10-04T21:36:51 <Letarumavza> Sans compter les oreilles de chat&cie
2014-10-04T21:36:58 <Ikledoreboline> ça compte pas les oreilles de chat !
2014-10-04T21:43:34 *** Shinsaber s'est connecté
2014-10-04T21:44:04 <Ikledoreboline> Heu... yup shinsaber ?
2014-10-04T21:44:15 <Letarumavza> Yeaaaaaaaah
2014-10-04T21:44:25 <adriens33> salut Shinsaber
2014-10-04T21:44:26 <Shinsaber> salut
2014-10-04T21:44:32 <adriens33> t'es resté chez wildfier du coup ?
2014-10-04T21:44:33 <adriens33> :p
2014-10-04T21:44:42 <Shinsaber> yep
2014-10-04T21:44:45 <adriens33> ^w^
2014-10-04T21:44:50 <Shinsaber> je suis trop mort
2014-10-04T21:44:57 <adriens33> (ta femme te l'dit souvent)à
2014-10-04T21:47:13 <adriens33> bon, les amis je vais aller dodo mo
2014-10-04T21:47:15 <adriens33> *moi
2014-10-04T21:47:23 <adriens33> je me suis réveillé vachement trop tot moi ><
2014-10-04T21:47:38 <adriens33> (ça fait trop de 'moi'... ^^' )
2014-10-04T21:47:43 <adriens33> ++
2014-10-04T21:47:45 *** adriens33 est parti
2014-10-04T21:47:47 <Ikledoreboline> a++
2014-10-04T21:50:59 <Ikledoreboline> http://tempsreel.nouvelobs.com/sciences/20141004.OBS1163/les-astronautes-iront-ils-sur-mars-en-dormant.html :o !
2014-10-04T21:53:41 <Shinsaber> dodo ^^
2014-10-04T22:04:49 <Ikledoreboline> Bon je vais dodo, bonne nuit !
2014-10-04T22:05:03 *** Ikledoreboline est parti
2014-10-04T22:16:40 *** Shinsaber est parti
2014-10-04T22:24:57 *** couscous s'est connecté
2014-10-04T22:26:16 *** couscous est parti
2014-10-04T22:28:20 *** couscous s'est connecté
2014-10-04T22:29:20 *** couscous est parti
2014-10-04T23:39:30 *** taiga s'est connecté
2014-10-04T23:40:30 *** taiga est parti
