2015-01-12T00:13:18 <adriens33> bonne nuit ELiDYROS :)
2015-01-12T00:13:26 *** adriens33 est parti
2015-01-12T00:14:07 *** ELiDYROS est parti
2015-01-12T08:44:42 *** Gordfang s'est connecté
2015-01-12T08:45:06 <Gordfang> tiens y a personne
2015-01-12T08:51:46 *** heuzef s'est connecté
2015-01-12T08:54:26 <Gordfang> yo
2015-01-12T08:55:20 <heuzef> plop =)
2015-01-12T08:55:33 <heuzef> Gordfang dispo ce soir pour rdv à Giroll ?
2015-01-12T08:55:46 <Gordfang> je suis pas sur
2015-01-12T08:56:05 <Gordfang> on as reunion ce soir par rapport a un de nos prof
2015-01-12T08:56:13 <heuzef> ha ...
2015-01-12T08:56:22 <heuzef> Ba au pire je vais avancer avec Shinsaber alors
2015-01-12T08:56:59 <Gordfang> de toute facon faut que l'on se voit aussi pour l'école car bon ^^
2015-01-12T08:57:11 <heuzef> ?
2015-01-12T08:57:47 <Gordfang> aller voir le directeur pour le prevenir que nous somme membre de bronycub
2015-01-12T08:59:20 <heuzef> Besoin de mon intervention ?
2015-01-12T09:11:28 <Gordfang> nah je pense que ca ira ^^ dans le pire des cas on te previendra
2015-01-12T09:21:46 <heuzef> ;)
2015-01-12T09:22:39 <heuzef> Vends BronyCUB comme un "collectif culturelle" et donne à titre de comparaison, Mandora ou Japan Expo
2015-01-12T09:22:45 <heuzef> ça va vite parler
2015-01-12T09:23:24 <Gordfang> ouai je vais mettre ca sur mon cv aussi ^^
2015-01-12T09:23:46 <Gordfang> (j'aime pas chercher des stages je suis une bille dans ce domaine ><)
2015-01-12T09:24:17 <heuzef> Tu cherche un stage de quel type ?
2015-01-12T09:24:32 <Gordfang> n'importe (a par le réseaux ^^)
2015-01-12T09:24:43 <heuzef> n'importe ?
2015-01-12T09:26:08 <Gordfang> ah en informatique principalement ^^
2015-01-12T09:32:14 <heuzef> Tu peux me montrer ton site avec ton cv ?
2015-01-12T09:35:11 <Gordfang> mon site est tomber hier :D  j'ai pas payer l'abonnement (et de toute facon y avais plus mon cv ^^=
2015-01-12T09:35:20 <Gordfang> je vais essayer de te choper un vieux cv
2015-01-12T09:36:24 <heuzef> Met tous ça à jour
2015-01-12T09:39:51 <Gordfang> je le fait la ^^
2015-01-12T09:48:06 <Gordfang> pense tu que je peut faire passer ce que je fais a bronyCUB comme une expérience professionel?
2015-01-12T10:00:04 <heuzef> Oui, insiste bien sur le côté gestion
2015-01-12T10:00:15 <Gordfang> ok j'ajoute cela ^^
2015-01-12T10:00:22 <heuzef> analyse et gestion de ticket
2015-01-12T10:01:04 <heuzef> Demain à giroll au faite pas possible donc ?
2015-01-12T10:08:54 <Gordfang> ah c'est demain! alors normalement c'est bon pour moi faut que tu vois avec matias et adrien (je vais leur demander)
2015-01-12T10:08:59 <Gordfang> https://mega.co.nz/#!0BsmzbRb!WAby3ZuOgBxw8p-PiDyQbtBWQkQbbP-zEMk7MvdQN8g tiens mon CV
2015-01-12T10:09:07 <Gordfang> (bon il est perfectible je pense)
2015-01-12T10:12:45 <Gordfang> https://www.linkedin.com/profile/view?id=297626622&trk=nav_responsive_tab_profile_pic tiens si tu veut mon CV linkedin ^^
2015-01-12T10:36:29 *** Gordfang est parti
2015-01-12T10:42:38 *** Gordfang s'est connecté
2015-01-12T10:47:03 <heuzef> "Sous-directeur" :D
2015-01-12T10:47:13 <heuzef> C'est pas une entreprise lol
2015-01-12T10:47:58 <heuzef> Normalement c'est "président-adjoint" mais on est même pas une asso
2015-01-12T10:48:16 <heuzef> Mais bon a la limite ça peux le faire
2015-01-12T10:50:07 *** TrappyTickles s'est connecté
2015-01-12T10:56:03 <Gordfang> re
2015-01-12T10:56:12 <Gordfang> je vais changer ca :p
2015-01-12T11:02:53 *** Gordfang est parti
2015-01-12T11:09:20 <heuzef> Après ça manque de personalité quand même
2015-01-12T11:09:26 <heuzef> pas de photo, pas de couleur
2015-01-12T11:59:53 *** heuzef est parti
2015-01-12T12:59:53 *** Gordfang s'est connecté
2015-01-12T13:00:45 <Gordfang> re
2015-01-12T14:40:01 *** adriens33 s'est connecté
2015-01-12T14:41:00 <adriens33> <msg target="Gordfang, TrappyTickles" msg="Hello ! :)" />
2015-01-12T14:42:33 <Gordfang> GET DOWN M PRESIDENT!
2015-01-12T14:43:22 <adriens33> ^^
2015-01-12T14:44:00 <Gordfang> ^^
2015-01-12T14:49:24 <TrappyTickles> oi
2015-01-12T15:00:49 <Gordfang> yo
2015-01-12T15:13:25 *** heuzef s'est connecté
2015-01-12T15:40:15 <Gordfang> re
2015-01-12T15:44:09 <adriens33> hello heuzef
2015-01-12T16:40:41 *** heuzef1 s'est connecté
2015-01-12T16:40:41 <heuzef1> hello adriens33 ;)
2015-01-12T16:40:44 <adriens33> ^^
2015-01-12T16:40:48 <heuzef1> tu passe demain à Giroll par hasard ?
2015-01-12T16:42:16 *** heuzef est parti
2015-01-12T16:42:28 <adriens33> ah, tiens j'avais oublié Giroll. ^^"
2015-01-12T16:42:33 <adriens33> bah écoute pourquoi pas^^
2015-01-12T16:42:53 *** TrappyTickles est parti
2015-01-12T16:43:09 <heuzef1> On y sera avec la clic des geek
2015-01-12T16:44:41 <adriens33> yyay
2015-01-12T16:44:45 <adriens33> /yyay/yay/
2015-01-12T16:49:43 *** TrappyTickles s'est connecté
2015-01-12T16:51:28 <TrappyTickles> putain j'en ai MARRE là
2015-01-12T16:51:37 <adriens33> qu'est-ce qu'il t'arrive Trappy ?
2015-01-12T16:51:42 <TrappyTickles> ma connexion se FOUT de moi
2015-01-12T16:51:49 <adriens33> c'est-à-dire ?
2015-01-12T16:51:51 <TrappyTickles> la moitié de mes trucs n'a pas de connexion mais le reste oui
2015-01-12T16:52:00 <TrappyTickles> genre irc ça marche, mais plus skype
2015-01-12T16:52:07 <adriens33> arf
2015-01-12T16:52:10 <TrappyTickles> le ftp marche plus non plus
2015-01-12T16:52:17 <TrappyTickles> steam non plus
2015-01-12T16:52:19 <adriens33> t'as essayé de virer temporairement l'ipv6
2015-01-12T16:52:22 <TrappyTickles> mais irc nikel
2015-01-12T16:52:25 <adriens33> et de reset ta box ?
2015-01-12T16:53:02 <TrappyTickles> jvais essayer
2015-01-12T16:53:18 <TrappyTickles> tain meêm mafreebox.freebox.fr marche pas, l'a fallu que je passe par son ip
2015-01-12T16:53:22 <TrappyTickles> MARRE!
2015-01-12T16:55:38 <adriens33> ouai, ça a l'air d'être une couille avec l'IPv6
2015-01-12T16:55:51 *** TrappyTickles_ s'est connecté
2015-01-12T16:56:15 <TrappyTickles_> pff c'est pas comme si j'avais fait /quit avant de déco mais bon..
2015-01-12T16:57:37 <TrappyTickles_> bon ça a résolu ma déconnexion bizarre mais pas le ftp, c'est étonnant...
2015-01-12T16:57:41 <adriens33> bah faut croire que tu a déco trop tot, le QUIT est pas passé.
2015-01-12T16:57:49 <adriens33> c'est quoi le pb avec ftp ?
2015-01-12T16:58:07 *** TrappyTickles est parti
2015-01-12T16:58:23 <TrappyTickles_> impossible de transférer quoique ce soit... ça réagit bizarrement et ça fait ça sur trois clients ftp différents
2015-01-12T16:58:29 <adriens33> huh.
2015-01-12T16:58:40 <adriens33> rappelle-moi, tu as quoi comme FAI ?
2015-01-12T16:58:44 <adriens33> *rappelles
2015-01-12T16:58:59 <TrappyTickles> a ton avis
2015-01-12T16:59:03 <TrappyTickles> le plus merdique qui soit
2015-01-12T16:59:05 <TrappyTickles> free
2015-01-12T16:59:09 <adriens33> ah bah oui… XD
2015-01-12T16:59:12 <adriens33> j'suis con.
2015-01-12T16:59:34 <TrappyTickles> sauf que j'ai jamais eu ce genre de truc avant avec le ftp
2015-01-12T16:59:48 <adriens33> c'est vrai que c'est le seul pour lequel tu es obligé d'aller sur le site pour conf ta box parce que t'as pas d'interface locale, et que faut la reboot pour un rien.
2015-01-12T16:59:56 <TrappyTickles> ça fait ça sur n'importe quel client ftp et sur n'importe quel serveur
2015-01-12T17:00:02 <TrappyTickles> en fait si, t'as une interface locale
2015-01-12T17:00:04 <adriens33> ah?
2015-01-12T17:00:19 <TrappyTickles> mafreebox.freebox.fr pointe finalement sur l'adresse locale de ta box, qui est 192.168.0.1 par défaut
2015-01-12T17:00:33 <TrappyTickles> c'est comme ça que j'ai pu la reboot d'ailleurs
2015-01-12T17:00:41 <adriens33> attends… y'a un domaine dans leurs dns qui pointe vers une IP locale ?????
2015-01-12T17:00:46 <adriens33> mais c'est complètement con
2015-01-12T17:00:52 <TrappyTickles> ouaip
2015-01-12T17:00:59 <adriens33> (et ça viole le standard DNS, mais bon…)
2015-01-12T17:01:10 <adriens33> (ils sont plus à ça près chez Free)
2015-01-12T17:01:42 <TrappyTickles> la preuve que c'est con, quand ça déconnait, leur redirection marchait pas
2015-01-12T17:01:44 <TrappyTickles> :p
2015-01-12T17:01:46 <adriens33> XD
2015-01-12T17:09:16 *** ELiDYROS s'est connecté
2015-01-12T17:23:38 <ELiDYROS> Salut.
2015-01-12T17:34:52 <Gordfang> yo!
2015-01-12T17:35:51 <adriens33> salut ELiDYROS :)
2015-01-12T17:36:35 <TrappyTickles> bizarre.. ça bug toujours le ftp mais les transferts fonctionnent par moment
2015-01-12T17:36:52 <TrappyTickles> heuzef1, les vidéos dont jte parlais sont toutes à jour
2015-01-12T17:41:00 <adriens33> !voice TrappyTickles
2015-01-12T17:41:04 <adriens33> zut
2015-01-12T17:41:17 <arthur33> !voice TrappyTickles
2015-01-12T17:41:41 <TrappyTickles> tiens c'est curieux ça
2015-01-12T17:41:48 <TrappyTickles> merci d'ailleirs :p
2015-01-12T17:42:01 <adriens33> non
2015-01-12T17:42:13 <adriens33> c'est juste que berry ne trigger que sur le JOIN
2015-01-12T17:42:16 <adriens33> pas sur le NICK
2015-01-12T17:42:21 <adriens33> (quand tu change de pseudo)
2015-01-12T17:43:25 <adriens33> (mais bon les changement de pseudo du genre machin_vadodo, bidule_auxchiottes çaylemal, y'a /away pour faire ça :P)
2015-01-12T18:31:18 <adriens33> tiens, si quelqu'un veut bien me rendre un petit service, j'ai mis un clone du serv minecraft chez moi (maintenant que j'ai une bonne co et peut de latence :P), (et un bon pc), tester minecraft avec l'adresse bronycub.org:25566 et me dire si ça lag, si c'est jouable est.
2015-01-12T18:31:21 <adriens33> *etc
2015-01-12T18:31:53 <adriens33> tip: vous pouvez vous amuser a tout déglinguer, j'ai mis le serv sous git donc ça risque rien =D
2015-01-12T18:31:55 <ELiDYROS> Je n'ai pas le jeu, désolé.
2015-01-12T18:57:31 *** adriens331 s'est connecté
2015-01-12T18:57:45 *** Guest82087 est parti
2015-01-12T18:58:46 *** heuzef s'est connecté
2015-01-12T19:00:36 *** heuzef1 est parti
2015-01-12T19:05:13 *** Gordfang est parti
2015-01-12T19:28:20 *** ELiDYROS_ s'est connecté
2015-01-12T19:31:16 *** ELiDYROS est parti
2015-01-12T19:37:39 *** ELiDYROS_ est parti
2015-01-12T19:38:23 *** ELiDYROS s'est connecté
2015-01-12T19:47:03 *** heuzef est parti
2015-01-12T19:58:12 <adriens33> whaaa cet irrespect XD je commande un truc le site tombe en timeout au moment ou je passe commande :O
2015-01-12T19:58:25 <ELiDYROS> ça m'est arrivé la semaine dernière
2015-01-12T19:58:29 <adriens33> (et c'est pas ma co, tout le reste marche très bien)
2015-01-12T19:58:43 <adriens33> (c'est juste *ce* site qui tourne dans le vide)
2015-01-12T19:58:52 <adriens33> d'un coup, comme ça, gratos.
2015-01-12T19:58:55 <adriens33> LES MECS!
2015-01-12T19:59:12 <adriens33> faites votre maintenance quand y'a pas des gens en train de commander quoi >_<
2015-01-12T19:59:15 <adriens33> faut être con.
2015-01-12T19:59:26 <ELiDYROS> Je tentais de commander les t-shirts de l'AGDQ et le site a crashé.
2015-01-12T19:59:32 <adriens33> ah ouai XD
2015-01-12T19:59:57 <adriens33> putain pis il tourne vraiment dans le vide quoi.
2015-01-12T20:00:06 <ELiDYROS> Durant mon inscription, fort heureusement. Le site est revenu 5h plus tard.
2015-01-12T20:00:29 <adriens33> (et firefox qui lache pas, en mode « Non, j'attends, le site va me répondre, j'en suis sûr, je veux attendre sa réponde mais ho »)
2015-01-12T20:00:53 <adriens33> ah bah il est reviendu.
2015-01-12T20:02:12 <adriens33> Et il m'a effacé mon panier ><
2015-01-12T20:02:36 <adriens33> ah non
2015-01-12T20:04:28 <adriens33> bon bah ce soir ça sera des pates. une demi heure pour commander un truc parce que ça arrête pas de planter et de me modif ma commande, c'est niet.
2015-01-12T20:04:36 <adriens33> (c'est speed-burger pour info)
2015-01-12T20:05:03 <ELiDYROS> M'en parle pas
2015-01-12T20:05:14 <ELiDYROS> Depuis que j'habite aux Chartrons je peux plus commander chez eux :(
2015-01-12T20:05:35 <adriens33> ah
2015-01-12T20:05:41 <adriens33> ils livrent pas chez toi ?
2015-01-12T20:05:44 <ELiDYROS> non
2015-01-12T20:06:09 <adriens33> moi c'est la 3e fois que je commande, mais là je suis pas tombé au bon moment on dirait. =D
2015-01-12T20:45:17 <ELiDYROS> Ils commencent à parler de faire voter un Patriot Act en France
2015-01-12T20:51:30 <adriens33> ouai, j'ai vu…
2015-01-12T20:51:55 <adriens33> et a dire que y'a des « libertés qui pourraient être facilement abandonnées »… *facehoof*
2015-01-12T20:52:05 <adriens33> le pays des droits de l'homme qui sort ça.
2015-01-12T20:52:12 <adriens33> LOGIC ????
2015-01-12T20:52:22 <adriens33> logic level: japan
2015-01-12T21:14:49 <ELiDYROS> Y a du terrorisme au Japon ?
2015-01-12T21:15:05 <adriens33> non, c'était juste pour faire une ref a JdG XD
2015-01-12T21:44:16 <ELiDYROS> En tout cas ça devient flipant ce pays
2015-01-12T21:44:42 <ELiDYROS> Déjà que les gens un peu malin ont tous envie de partir, ça va pas arranger les choses
2015-01-12T22:15:31 *** Gordfang s'est connecté
2015-01-12T22:15:37 <Gordfang> re
2015-01-12T22:30:18 <ELiDYROS> Re
2015-01-12T22:37:36 *** ELiDYROS est parti
