2014-11-07T00:15:37 *** TrappyTickles est parti
2014-11-07T01:14:07 *** adriens33 est parti
2014-11-07T02:52:35 *** Gordfang est parti
2014-11-07T09:09:32 *** adriens33 s'est connecté
2014-11-07T09:34:51 *** TrappyTickles s'est connecté
2014-11-07T09:59:09 <adriens33> hello TrappyTickles ^^
2014-11-07T10:00:04 <TrappyTickles> oi
2014-11-07T12:04:28 <adriens33> !reload
2014-11-07T12:56:34 *** adriens33 est parti
2014-11-07T12:56:59 *** adriens33 s'est connecté
2014-11-07T12:58:37 <adriens33> ok…
2014-11-07T14:42:43 *** Gordfang s'est connecté
2014-11-07T14:42:45 <Gordfang> yo
2014-11-07T15:28:40 *** adriens33 est parti
2014-11-07T17:40:47 *** MaCharon s'est connecté
2014-11-07T17:40:52 <MaCharon> salut
2014-11-07T17:54:22 <Gordfang> lut
2014-11-07T18:05:21 *** adriens33 s'est connecté
2014-11-07T18:11:00 *** Yvan33 s'est connecté
2014-11-07T18:11:08 <adriens33> salut tout le monde
2014-11-07T18:11:15 <Yvan33> salut
2014-11-07T18:11:15 <Gordfang> yo
2014-11-07T18:12:48 <Yvan33> C'est dommage j'ai l'impression personne est sur la dj box
2014-11-07T18:20:22 *** Yvan33 est parti
2014-11-07T19:30:42 *** adriens33 est parti
2014-11-07T19:31:59 *** adriens33 s'est connecté
2014-11-07T22:01:53 *** Bybeez s'est connecté
2014-11-07T22:02:05 <adriens33> salt Bybeez :)
2014-11-07T22:02:32 <Bybeez> Salut
2014-11-07T22:03:04 <MaCharon> salut
2014-11-07T22:26:06 *** Bybeez est parti
2014-11-07T23:04:21 *** MaCharon est parti
2014-11-07T23:04:21 *** Gordfang est parti
