2014-07-25T00:19:54 *** ELiDYROS s'est connecté
2014-07-25T01:08:56 *** ELiDYROS est parti
2014-07-25T02:03:54 *** Letarumavza est parti
2014-07-25T02:04:26 *** Letarumavza s'est connecté
2014-07-25T02:41:46 *** ELiDYROS s'est connecté
2014-07-25T02:43:21 *** Letarumavza est parti
2014-07-25T03:13:41 *** ELiDYROS est parti
2014-07-25T05:43:43 *** ELiDYROS s'est connecté
2014-07-25T05:56:27 *** ELiDYROS est parti
2014-07-25T08:08:46 <Berry-Punch> Voilà ce qu'il s'est passé ces 10 dernières lignes, *hic* adriens33
2014-07-25T08:08:47 *** adriens33 s'est connecté
2014-07-25T08:16:47 *** Lenile s'est connecté
2014-07-25T08:20:59 <adriens33> hello
2014-07-25T08:32:47 <Lenile> Yop'
2014-07-25T09:23:45 <Lenile> Tu va a l'IRL de cet aprem ?
2014-07-25T09:26:43 <adriens33> oui oui ^^
2014-07-25T09:27:09 <Lenile> Ok !
2014-07-25T09:27:15 <Lenile> On m'a dit Jardin public
2014-07-25T09:27:24 <Lenile> Mais comment j'suis sencé vous reconnaitre moi ? o/
2014-07-25T09:27:32 <Lenile> Z'aurez des T-shirt Brony ? n.n
2014-07-25T09:28:39 <adriens33> hmm… pour le moment moi j'en ai qu'un, faut voir s'il est propre… sinon, ben… dans le tas y'en aura bien qui auront un tee shirt mlp / une peluche ou autre ^^
2014-07-25T09:39:01 <adriens33> ouiiii
2014-07-25T09:39:09 <adriens33> je viens de recevoir mon nouveau casque *.*
2014-07-25T09:53:36 <Lenile> Ok n.n
2014-07-25T09:53:42 <Lenile> Ha ouais ? c'est un quoi ?
2014-07-25T09:53:46 *** Gordfang s'est connecté
2014-07-25T09:54:59 <adriens33> Lenile: http://www.materiel.net/casque-audiophile/shure-srh-840-49373.html
2014-07-25T09:58:11 <BronyCUB-MC> adrien_s has joined the server!
2014-07-25T10:02:05 *** TrappyMobile s'est connecté
2014-07-25T10:02:15 <TrappyMobile> Oi les poneys
2014-07-25T10:02:23 <BronyCUB-MC> adrien_s: salut Trappy :)
2014-07-25T10:03:13 <TrappyMobile> Trop bien, hier soir, c'était le fun ^^
2014-07-25T10:03:16 <BronyCUB-MC> adrien_s: ^^
2014-07-25T10:03:20 *** Gordfang est parti
2014-07-25T10:03:36 *** Gordfang s'est connecté
2014-07-25T10:03:38 <Gordfang> re
2014-07-25T10:03:50 <adriens33> re
2014-07-25T10:08:39 <TrappyMobile> Re
2014-07-25T10:09:01 <Gordfang> http://imgur.com/gallery/39trw
2014-07-25T10:09:14 <Gordfang> j'aime bien les image brony OOFN sur imgur
2014-07-25T10:09:46 <adriens33> :p
2014-07-25T10:12:16 <BronyCUB-MC> adrien_s has quit the server!
2014-07-25T10:13:11 *** TrappyMobile est parti
2014-07-25T10:20:59 *** Lezarius s'est connecté
2014-07-25T10:21:16 <Lezarius> Cha lu
2014-07-25T10:21:53 *** wildfier s'est connecté
2014-07-25T10:21:57 <wildfier> yop
2014-07-25T10:22:11 <Lezarius> Sincro dit donc
2014-07-25T10:22:13 <adriens33> salut
2014-07-25T10:26:52 *** Dawnio s'est connecté
2014-07-25T10:27:10 <Dawnio> plaup
2014-07-25T10:29:16 <Gordfang> lu
2014-07-25T10:31:10 <adriens33> salut :)
2014-07-25T11:09:08 <Lenile> Re !
2014-07-25T11:09:14 <Lenile> Et Saloute les autres !
2014-07-25T11:09:45 <Gordfang> hellow
2014-07-25T11:09:53 <Dawnio> saloute (comme dirais lenile)
2014-07-25T11:10:06 <Lenile> Lez  !
2014-07-25T11:10:21 <Lenile> S'toi qui vient me chercher devant l'arret du 29 à Jardin Public N? o/
2014-07-25T11:12:30 <Lezarius> Oui
2014-07-25T11:12:30 <Lenile> Pas de réponse ;._.
2014-07-25T11:12:33 <Lenile> Ha o/
2014-07-25T11:12:45 <Lezarius> Désolé matte you ponr
2014-07-25T11:12:49 <Lenile> Ben j'serais la vers 13h30 - 14h
2014-07-25T11:12:52 <Lezarius> tube pardon xD
2014-07-25T11:13:16 <Lenile> J'aurais mon bas de tréillis et un T-shirt de la Rainbow factory
2014-07-25T11:13:21 <Lenile> J'pense que tu me loupera pas ._.
2014-07-25T11:13:38 <Lenile> Et surement une tête ou des cheuveux de pinkie pie qui dépassent du tréillis o/
2014-07-25T11:13:51 <Lezarius> WHAAAT
2014-07-25T11:14:17 <Lenile> Je ramène ma peluche de Pinkie e.e
2014-07-25T11:16:01 <Lenile> Sur ce j'y vais
2014-07-25T11:16:18 <Lezarius> Tu part ou ?
2014-07-25T11:17:20 <Lenile> Manger cher mes grands parents
2014-07-25T11:17:35 <Lezarius> Bonne app alors
2014-07-25T11:17:38 <Lenile> Merci !
2014-07-25T11:17:54 <Lenile> J'y vais en vélo donc "Bonne chance serais plus aproprié.
2014-07-25T11:18:05 <Lenile> (S'pas pour rien que je part à cette heure la o/ )
2014-07-25T11:18:20 <Lezarius> Je suis a vélo moi cette aprem ⁼D
2014-07-25T11:18:44 <Lenile> Ok o.o
2014-07-25T11:18:55 <Lenile> J'serais bien venu en vélo mais de eysine à Jardin public...
2014-07-25T11:19:00 <Lenile> L'allée ça va le retours moin.
2014-07-25T11:19:47 <Lenile> Bon aller
2014-07-25T11:19:49 <Lenile> à plus !
2014-07-25T11:33:03 *** wildfier est parti
2014-07-25T11:33:03 *** Lezarius est parti
2014-07-25T11:33:40 *** Lenile est parti
2014-07-25T11:36:08 *** adriens33_afk est parti
2014-07-25T11:36:29 *** Gordfang est parti
2014-07-25T11:37:26 *** wildfier s'est connecté
2014-07-25T11:37:38 *** Lenile s'est connecté
2014-07-25T11:40:24 *** Gordfang s'est connecté
2014-07-25T11:40:43 <Gordfang> re
2014-07-25T11:49:34 *** wildfier est parti
2014-07-25T11:50:08 *** Lenile est parti
2014-07-25T11:59:23 <Berry-Punch> Voilà ce qu'il s'est passé *hic* ces 10 dernières lignes, adriens33_afk
2014-07-25T11:59:24 *** adriens33_afk s'est connecté
2014-07-25T11:59:45 <Berry-Punch> Flags de adriens33 *hic* modifiés : +v
2014-07-25T11:59:45 <adriens33> !voice adriens33
2014-07-25T11:59:46 <adriens33> re
2014-07-25T12:01:45 <Dawnio> re
2014-07-25T12:44:51 *** adriens33 est parti
2014-07-25T13:11:16 *** Lezarius s'est connecté
2014-07-25T13:16:23 *** Lezarius est parti
2014-07-25T13:20:58 *** ludvann s'est connecté
2014-07-25T13:21:09 <ludvann> Salut
2014-07-25T13:21:33 <ludvann> :'(
2014-07-25T13:22:05 <ludvann> Bon...
2014-07-25T13:22:08 <ludvann> @+
2014-07-25T13:22:10 *** ludvann est parti
2014-07-25T13:25:38 *** Gordfang est parti
2014-07-25T13:44:11 *** Lezarius s'est connecté
2014-07-25T13:45:33 <Lezarius> Dawnio: tu vient cette aprem ou pas alors ?
2014-07-25T13:52:12 *** Lezarius est parti
2014-07-25T14:35:00 *** Eclipse2212 s'est connecté
2014-07-25T14:35:07 <Eclipse2212> coucou
2014-07-25T14:44:01 *** wildfier s'est connecté
2014-07-25T14:44:22 *** TrappyMobile s'est connecté
2014-07-25T14:49:06 *** TrappyMobile est parti
2014-07-25T15:02:28 <Dawnio> nan je suis pas à Bordeaux
2014-07-25T16:39:29 *** Eclipse2212 est parti
2014-07-25T16:59:50 *** TrappyTickles s'est connecté
2014-07-25T17:03:37 *** Letarumavza s'est connecté
2014-07-25T17:09:40 *** wildfier est parti
2014-07-25T17:11:57 *** Trappy_Tickles s'est connecté
2014-07-25T17:12:58 <Trappy_Tickles> wtf depuis quand mon pc me déconnecte tout seul et sans me prévenir??!
2014-07-25T17:14:20 <Letarumavza> gah ?
2014-07-25T17:15:11 *** TrappyTickles est parti
2014-07-25T17:15:51 <TrappyTickles> c'est normal que le ping timeout soit si long ici?
2014-07-25T17:16:36 <TrappyTickles> 256secs ça me parait un peu long :p
2014-07-25T17:18:47 <Letarumavza> freenode
2014-07-25T17:19:09 <Letarumavza> le network lagouille sévère parfois
2014-07-25T17:19:31 <TrappyTickles> jvois
2014-07-25T17:19:51 <TrappyTickles> omg, j'ai vu la tête des prochains antagonistes pour rainbow rocks.. ça promet
2014-07-25T17:20:10 <Berry-Punch> Voilà ce qu'il s'est passé ces 10 dernières *hic* lignes, adriens33
2014-07-25T17:20:12 *** adriens33 s'est connecté
2014-07-25T17:20:24 <Berry-Punch> Flags de TrappyTickles modifiés : +v *hic* 
2014-07-25T17:20:25 <adriens33> !voice TrappyTickles
2014-07-25T17:21:34 <TrappyTickles> autant je trouve moche la version humaine de la nouvelle méchante de rainbow rocks, autant je trouve sa ponette hot. c'est normal? :p
2014-07-25T17:22:33 <adriens33> ^^
2014-07-25T17:22:45 <Dawnio> je trouve pas ça normal moi ;D
2014-07-25T17:23:17 *** Lenile s'est connecté
2014-07-25T17:23:19 <Letarumavza> J'ai trouvé une horreur !
2014-07-25T17:23:23 <Letarumavza> *fierté*
2014-07-25T17:23:25 <Lenile> Re !
2014-07-25T17:23:26 <adriens33> Quoi donc ?
2014-07-25T17:23:29 <Letarumavza> http://85.25.152.222:7171/h/db950ac4d59773a6e5e37b9605bef9427f67ae7b-677044-506-1280-png/keystamp=1406302200-deab2d476e/10972949101_ask_princess_molestia_021.png
2014-07-25T17:23:30 <adriens33> Re lenile :)
2014-07-25T17:23:38 *** heuzef s'est connecté
2014-07-25T17:23:47 <heuzef> prout
2014-07-25T17:23:47 <Lenile> adrien : bien rentré ?
2014-07-25T17:23:49 <Letarumavza> (quand ça commence en ip+port venant de moi, c'est pas bon signe ^^)
2014-07-25T17:23:53 <Lenile> ,
2014-07-25T17:23:53 <Lenile> *4
2014-07-25T17:23:56 <adriens33> Lenile: ouep :p et toi ?
2014-07-25T17:23:56 <TrappyTickles> burp
2014-07-25T17:23:59 <Lenile> Merci le chat
2014-07-25T17:24:06 <Lenile> adrien : Ouais ouais
2014-07-25T17:24:08 <adriens33> Letarumavza: oh, du Princess Molestia :p
2014-07-25T17:24:17 <adriens33> salut heuzef :)
2014-07-25T17:24:18 *** MaCharon s'est connecté
2014-07-25T17:24:19 <heuzef> Dawnio ? =)
2014-07-25T17:24:22 <heuzef> Salut salut
2014-07-25T17:24:24 <MaCharon> slt
2014-07-25T17:24:26 <Dawnio> yo
2014-07-25T17:24:29 <adriens33> …
2014-07-25T17:24:31 <Lenile> Saloute heuzef
2014-07-25T17:24:42 <TrappyTickles> tiens tout le monde arrive en même temps ^^
2014-07-25T17:24:45 <adriens33> Letarumavza: Elle a bien du la sentir la corne >:)
2014-07-25T17:24:49 <Letarumavza> http://82.213.186.46:3008/h/c83fcdbafb7b8d983c02ed583be190b6ef25905d-880271-711-1280-png/keystamp=1406302200-60157ddef1/11156237713_ask_princess_molestia_028.png
2014-07-25T17:24:50 <TrappyTickles> c'était comment l'aprèm dans le parc?
2014-07-25T17:24:56 <adriens33> Ben… c'était pas
2014-07-25T17:24:59 <adriens33> le parc était fermé
2014-07-25T17:25:03 <MaCharon> ben c'etait pas dans le parc deja
2014-07-25T17:25:09 <adriens33> du coup on a fait un tour chez Rei
2014-07-25T17:25:21 <MaCharon> mais c'etait sympa
2014-07-25T17:25:27 <heuzef> Fermé ?
2014-07-25T17:25:27 <adriens33> ouaip :)
2014-07-25T17:25:30 <TrappyTickles> holy crap, me ferais bien hoofjobbé par Celestia :3 mee si jpréfère luna :p
2014-07-25T17:25:31 <adriens33> oui
2014-07-25T17:25:34 <adriens33> à cause de la flotte :(
2014-07-25T17:25:36 <TrappyTickles> bizarre que ce soit fermé :p
2014-07-25T17:25:37 <Letarumavza> http://37.187.102.37:47805/h/56fc0324e0fb71f39902fd2d1d9c8fddc114757f-718162-1276-1650-jpg/keystamp=1406302500-b9685626f9/DandR6.jpg
2014-07-25T17:25:38 <heuzef> arf
2014-07-25T17:25:41 <TrappyTickles> ah
2014-07-25T17:25:44 <Letarumavza> (celle là est tout-publics)
2014-07-25T17:26:03 <adriens33> Letarumavza, ton dernier lien est même pas 16+.
2014-07-25T17:26:06 <adriens33> tu me déçois XD
2014-07-25T17:26:21 <Letarumavza> yep, mais elle est cool cette image
2014-07-25T17:26:29 <adriens33> pas faux ^^
2014-07-25T17:26:29 <MaCharon> Lenile tu serais dispo quand dans la semaine pour les cartes Magic dont tu veux te débarrasser ?
2014-07-25T17:26:38 <MaCharon> *bave*
2014-07-25T17:26:44 <Dawnio> cartes magic? ai je bien entendu?
2014-07-25T17:26:53 <MaCharon> chuuuutttt
2014-07-25T17:26:58 <Dawnio> mouaaararararar
2014-07-25T17:27:08 <MaCharon> premier arriver premier servi :p
2014-07-25T17:27:11 <adriens33> XD
2014-07-25T17:27:11 <heuzef> Dawnio ... ? Youhou ?
2014-07-25T17:27:19 <Dawnio> what?
2014-07-25T17:27:27 <heuzef> Pour Lundi
2014-07-25T17:27:38 <Dawnio> oui?
2014-07-25T17:27:41 <Dawnio> oh mais
2014-07-25T17:27:43 <Dawnio> ooooooh
2014-07-25T17:27:45 <Dawnio> oooooooooooooh
2014-07-25T17:27:50 <Dawnio> on peut envoyer des mp!
2014-07-25T17:27:52 <Dawnio> ooooh
2014-07-25T17:27:55 <adriens33> oui
2014-07-25T17:28:01 <adriens33> vive /msg <nik>
2014-07-25T17:28:02 <heuzef> Du coup je t'attendrais chez moi, arrêt de tram st nicolas ...
2014-07-25T17:28:03 <adriens33> *niuck
2014-07-25T17:28:06 <adriens33> *nick
2014-07-25T17:28:09 <Dawnio> ok
2014-07-25T17:28:16 <Dawnio> btw, pour la soirée?
2014-07-25T17:28:26 <heuzef> Qui qui veux venir donner un coup de main chez Letarumavza Lundi du coup ?
2014-07-25T17:28:43 <MaCharon> pk ?
2014-07-25T17:28:43 <Dawnio> parce que moi après 20h, il faut me loger pour la nuit
2014-07-25T17:28:56 <MaCharon> je peux loger je pense
2014-07-25T17:29:01 <Letarumavza> http://176.31.185.240:61000/h/5c37426415e3629441afc5553a91cf5fddb56bfd-270143-600-1457-png/keystamp=1406302500-60b917c44b/16799749361_good_thing_i_didnt_kick_the_door_down.png
2014-07-25T17:29:06 <Dawnio> je t'en serai très reconnaissant
2014-07-25T17:29:18 <MaCharon> att je demande a mon coloc
2014-07-25T17:29:23 <Dawnio> et je serais tout seul cette fois ci
2014-07-25T17:29:34 <Letarumavza> http://5.135.183.96:31114/h/d8b7f1fe0621af53981418793328f35197577035-202642-600-995-png/keystamp=1406302500-29f69cf1aa/17811420609_ask_princess_molestia_143.png
2014-07-25T17:29:43 <Dawnio> donc ça va (pas de ronflement ni de stoppage intenpestif de jdr)
2014-07-25T17:29:47 <Letarumavza> C'est bon adrien, t'as eu ta dose ?
2014-07-25T17:30:03 <adriens33> c'est cool que les img soient encore dispos :p
2014-07-25T17:30:06 <MaCharon> oui donc pas de probleme pour lundi
2014-07-25T17:30:10 <adriens33> c'est con que ce blog  ait fermé…
2014-07-25T17:30:16 <Dawnio> ok je te remercie
2014-07-25T17:30:30 <Letarumavza> héhé
2014-07-25T17:30:37 <Letarumavza> j'ai le stock de coté ^^
2014-07-25T17:30:45 <adriens33> ^^
2014-07-25T17:30:56 <TrappyTickles> https://derpibooru.org/682654 oh boy, human tavi est trop belle ^^
2014-07-25T17:31:01 <adriens33> Dis ça à wildfier, il a un pote à qui ça fairait trèès plaisir >:)
2014-07-25T17:31:04 <Letarumavza> quasi l'intégrale il me semble : http://g.e-hentai.org/g/665895/ca298c88b3/?p=6
2014-07-25T17:31:18 <adriens33> oh
2014-07-25T17:32:03 <heuzef> Bon personne de plus donc
2014-07-25T17:32:18 <Dawnio> heuresement que je clique pas sur tous vos lien quand je vois les tag
2014-07-25T17:32:20 <heuzef> Et pour aller boire un coup au Lucifer après le soir ? Personne non plus ?
2014-07-25T17:32:25 <Letarumavza> Donc on sera 4 lundi ?
2014-07-25T17:32:26 <MaCharon> mais du coup c'est quoi le truc qui se passe lundi ?
2014-07-25T17:32:38 <Letarumavza> @dawnio : Y ?
2014-07-25T17:32:40 <MaCharon> n'ai pas compris
2014-07-25T17:32:55 <Letarumavza> on clean un peu la zone pour l'anniv de bronycub
2014-07-25T17:33:08 <heuzef> MaCharon on prepare le terrain pour l'anniv de BC chez Bertrand, c'est plutot le gros bordel chez lui actuellement
2014-07-25T17:33:55 <Letarumavza> euphémisme
2014-07-25T17:34:00 <Dawnio> Leta: je sais pas, va savoir :)
2014-07-25T17:34:04 <MaCharon> ben moi je suis dispo je pense
2014-07-25T17:34:19 <adriens33> bah, je vais donner un coup de patte aussi tiens ^^
2014-07-25T17:34:24 <MaCharon> enfin c'est a quelle heure ?
2014-07-25T17:34:29 *** Tenshi s'est connecté
2014-07-25T17:34:29 <Dawnio> ya TrappyTickles qui était chaud pour le lucifer il me semble
2014-07-25T17:34:29 <heuzef> Wtf oO je viens de recevoir une inscription, un de la team de LPB, mais il habite paris ... La je vais avoir du mal à croire qu'il viens souvent à Bordeaux quand même ....
2014-07-25T17:34:44 <heuzef> Tenshi ???
2014-07-25T17:34:50 <heuzef> Attend voir toi
2014-07-25T17:34:58 <Letarumavza> @flo : probablement pour établir un tunnel de communication ?
2014-07-25T17:34:58 <Lenile> Genre Tenshi
2014-07-25T17:34:59 <heuzef> Ton pseudo m'est familier
2014-07-25T17:35:25 <Lenile> C'est Tenshi mon rédacteur en chef.
2014-07-25T17:35:28 <Lenile> Et aussi un con fini
2014-07-25T17:35:38 <adriens33> (ça parle mal XD)
2014-07-25T17:35:44 <Dawnio> mais je le connais!!!
2014-07-25T17:35:50 <heuzef> Lenile a parceque toi aussi tu fais partie de LPB ? :/
2014-07-25T17:35:56 <Dawnio> on a fais des meet up ensemble dejà
2014-07-25T17:35:57 <Lenile> heuzef Eeyup
2014-07-25T17:36:04 <Dawnio> il a des peluches twilight
2014-07-25T17:36:13 <Letarumavza> Bon, je le kick à coups de latte dans le fion ou j'attend un peu ?
2014-07-25T17:36:16 <heuzef> Ha ba d'accord, d'ailleur il parait que quelqu'un voulais m'interviewer
2014-07-25T17:36:22 <Dawnio> Yep
2014-07-25T17:36:29 <Dawnio> il t'as pas recontacté?
2014-07-25T17:36:33 <Lenile> Ouais c'est naga.
2014-07-25T17:36:39 <Lenile> J'le tiendrais informé
2014-07-25T17:36:39 <Letarumavza> naga ?
2014-07-25T17:36:42 <heuzef> C'est peut-être Tenshi du coup ?
2014-07-25T17:36:47 <Letarumavza> Comme les hauts elfes déchus ?
2014-07-25T17:36:52 <Letarumavza> Ou comme la souris de razer ?
2014-07-25T17:36:53 <Lenile> Nan nan c'est pas Tenshi
2014-07-25T17:36:58 <Dawnio> non en théorie c'est pas lui
2014-07-25T17:37:08 <Lenile> C'est un autre rédacteur, celuis qui s'occupe de la section "Convention meet-up"
2014-07-25T17:37:24 <Tenshi> Mais oui tu me connais Dawnio je t'es sur Skype et on c'est vue a la Summer Sun
2014-07-25T17:37:38 <Dawnio> Nagatsuki pour être exact
2014-07-25T17:37:49 <Letarumavza> ...
2014-07-25T17:37:53 <Letarumavza> ADRIEN !
2014-07-25T17:37:55 <Dawnio> mais oui je sais Tenshi ^^ que fais tu là?
2014-07-25T17:38:11 <Lenile> REMI TES LA ?!?
2014-07-25T17:38:11 <Letarumavza> ON ATTAQUE BERRY 3, En pyhon !
2014-07-25T17:38:14 <Lenile> o/
2014-07-25T17:38:17 <Letarumavza> MAINTENANT !
2014-07-25T17:38:17 <Tenshi> Ba ya une IRc je me suis dit que je vais squatté ici ^^
2014-07-25T17:38:26 <Dawnio> Ah okay ^^
2014-07-25T17:38:29 <Lenile> Me souviens plus du pseudo de Remi u.u
2014-07-25T17:38:35 <Letarumavza> lezarius
2014-07-25T17:38:39 <adriens33> Lezarius
2014-07-25T17:38:40 <Lenile> Ha ouais s'vrai
2014-07-25T17:38:42 <adriens33> rah trop lent
2014-07-25T17:38:45 <Dawnio> du coup, as tu des nouvelles de Nagatsuki?
2014-07-25T17:38:46 <Lenile> Merde il est pas la ._.
2014-07-25T17:38:50 <heuzef> Tenshi => PV ;)
2014-07-25T17:38:51 <Lenile> Bah du coup heuzef
2014-07-25T17:38:54 <Letarumavza> J'ai des doigts rapides et musclés
2014-07-25T17:38:57 <Letarumavza> demandez à rei ^^
2014-07-25T17:39:01 <adriens33> XD
2014-07-25T17:39:02 <heuzef> Dawnio aucunes
2014-07-25T17:39:06 <TrappyTickles> pour le lucifer en fait ça dépend quand je sors ^^
2014-07-25T17:39:09 <Lenile> Le fait d'etre passé sur le sud-ouest va etre publier sur LPB
2014-07-25T17:39:17 <adriens33> Letarumavza: tu vas trop vite fumier j'peux pas sortir mes répliques XD
2014-07-25T17:39:17 <Dawnio> alala tu parles d'un professionnalisme
2014-07-25T17:39:20 <heuzef> J'ai pas de nouvelle de Megamachin qui viens de toulon non plus :(
2014-07-25T17:39:26 <Tenshi> Moi je suis rédac en chef et redacteur dans la section art et pour être plus precis les cosplay
2014-07-25T17:39:31 <Letarumavza> Je suis véloce, mais durable
2014-07-25T17:39:36 <adriens33> ^^
2014-07-25T17:39:45 <adriens33> Et un poil  prétentieux non ? ^^
2014-07-25T17:40:00 <Letarumavza> Bah...
2014-07-25T17:40:13 <Letarumavza> 8h de codage intensif t'appelles ça comment ?
2014-07-25T17:40:28 <Letarumavza> ("codage" c'est ultra moche comme formule)
2014-07-25T17:41:01 <heuzef> Tenshi: ?
2014-07-25T17:41:07 <Tenshi> yup ?
2014-07-25T17:41:09 <adriens33> ^^
2014-07-25T17:41:09 <Lenile> Letarumavza : Programmation.
2014-07-25T17:41:11 <Letarumavza> Ce que je pige pas c'est que l'accadéMIE rassemble des vieilles croutes...
2014-07-25T17:41:18 <heuzef> Tenshi: PV stp
2014-07-25T17:41:26 <adriens33> Letarumavza: quelle académie ?
2014-07-25T17:41:30 <Dawnio> ça veux dire quoi PV?
2014-07-25T17:41:45 <heuzef> PV = Discutions en privée
2014-07-25T17:41:45 <Letarumavza> l'académie française
2014-07-25T17:41:46 <Dawnio> tu vois, tu arrives à peine tu as déjà une amende
2014-07-25T17:42:00 <Letarumavza> @lenile : Le codage est une des parts de la programmation.
2014-07-25T17:42:01 <heuzef> xD
2014-07-25T17:42:03 <adriens33> Letarumavza: oulà… tu me parles d'un dinosaure là.
2014-07-25T17:43:24 <Letarumavza> codage ∈ programmation ∈ développement ∈ design logiciel.
2014-07-25T17:43:30 <adriens33> ^^
2014-07-25T17:43:53 <adriens33> awww
2014-07-25T17:43:54 <adriens33> https://i.chzbgr.com/maxW500/8266539520/h9E677F78/
2014-07-25T17:44:02 <MaCharon> du coup pour lundi ça se passe ou et a quelle heure ?
2014-07-25T17:44:23 <Letarumavza> Chez moi, plutot le matin (moins chaud)
2014-07-25T17:44:41 <MaCharon> ah merde le matin c'est pas possible pour moi :/
2014-07-25T17:44:44 <Letarumavza> (et au hasard y'a ptet moyen d'en profiter pour faire un barbeuc)
2014-07-25T17:44:58 <Dawnio> soir ou midi?
2014-07-25T17:45:02 <MaCharon> je rentre chez moi vers 13h 30
2014-07-25T17:45:05 <adriens33> Letarumavza: au pire si on commence berry là (mais bon faut que je me motive…) je peux venir squatter avec mon laptop, du coup je pourrais limite rester pour ranger après ^^
2014-07-25T17:45:26 <Letarumavza> genre du squat jusqu'à lundi ?
2014-07-25T17:45:29 <Letarumavza> why not
2014-07-25T17:45:39 <adriens33> ouais… ça fait un peu beaucoup non
2014-07-25T17:45:40 <adriens33> ?
2014-07-25T17:45:49 <MaCharon> bo ben mince du coup :/
2014-07-25T17:46:01 <Letarumavza> au pire rameute un truc à crouter, comme ça personne ne dira rien ^^
2014-07-25T17:46:16 <adriens33> un truc genre quoi ?
2014-07-25T17:46:24 <Dawnio> merguez
2014-07-25T17:46:33 <Letarumavza> Elle est toute petite sa merguez ^^
2014-07-25T17:46:39 <Dawnio> ah merde
2014-07-25T17:46:41 <adriens33> De… qui tu parles ?
2014-07-25T17:46:46 <Dawnio> :D
2014-07-25T17:47:06 <Letarumavza> J'en sais rien, tu prends un truc dans ton frigo et ça passera, osef de quoi ^^
2014-07-25T17:47:12 <adriens33> j'ai rien…
2014-07-25T17:47:18 <adriens33> j'te rappelle que je bouffe en flux tendu
2014-07-25T17:47:21 <Letarumavza> Et bah tu prends du rien ^^
2014-07-25T17:47:25 <Dawnio> même pas de la bierre?
2014-07-25T17:47:28 <adriens33> les seules réserves que j'ai c'est du riz…
2014-07-25T17:47:31 <adriens33> même pas
2014-07-25T17:47:33 <adriens33> --"
2014-07-25T17:47:39 <Letarumavza> Idée !
2014-07-25T17:47:48 <Letarumavza> Rameutes des chocos et une baguette ^^
2014-07-25T17:47:56 <Dawnio> tout le monde se doit d'avoir au moins de la bierre, des pâtes et du café
2014-07-25T17:48:02 <Tenshi> sa parle de bierre ^^
2014-07-25T17:48:04 <adriens33> café: check
2014-07-25T17:48:09 <adriens33> pâtes/riz: check
2014-07-25T17:48:11 <Lenile> Au pire je ramène des pates si vous m'inviter o/
2014-07-25T17:48:16 <adriens33> bière: heu…
2014-07-25T17:48:16 <Berry-Punch> Qu'est-ce que *hic* j'ai soif…
2014-07-25T17:48:26 <Letarumavza> J'ai encore de la nibouze
2014-07-25T17:48:41 <Dawnio> bon dites
2014-07-25T17:48:43 <Letarumavza> ?
2014-07-25T17:48:54 <Dawnio> il faut que je sache si je vies le matin ou l'après midi
2014-07-25T17:49:01 <Letarumavza> Le matin de préférence
2014-07-25T17:49:03 <Dawnio> j'ai des horaires de bus à prévoir moi
2014-07-25T17:49:17 <Letarumavza> Bah tu te vois ranger une veranda un aprem de juillet ?
2014-07-25T17:49:21 <Letarumavza> En plein soleil
2014-07-25T17:49:23 <adriens33> ouais… non.
2014-07-25T17:49:31 <adriens33> pas crédible.
2014-07-25T17:49:32 <adriens33> heuzef !
2014-07-25T17:49:37 <adriens33> ramène ta clim !
2014-07-25T17:49:40 <adriens33> XD
2014-07-25T17:49:41 <MaCharon> pleutres ! XD
2014-07-25T17:49:59 <Dawnio> donc si je viens à 10h30 ça le fait?
2014-07-25T17:52:22 <adriens33> ouais mais moi je vais avoir le même souci… je peux pas venir avec mon sacc à dos *et* mon pc…
2014-07-25T17:52:23 <adriens33> :(
2014-07-25T17:52:51 <Letarumavza> crap
2014-07-25T17:53:23 <adriens33> ben en fait je peux, mais je préfèrerais éviter de péter mon laptop à 800€…
2014-07-25T17:53:35 <adriens33> (et accessoirement de me péter la gueule sur la route)
2014-07-25T17:53:45 <Letarumavza> bah viens sans rien ^^
2014-07-25T17:53:51 <adriens33> tout nu ? oO
2014-07-25T17:54:09 <adriens33> XD
2014-07-25T17:54:14 <Dawnio> si
2014-07-25T17:54:19 <Dawnio> avec sa merguez
2014-07-25T17:54:22 <adriens33> …
2014-07-25T17:57:00 <Letarumavza> http://94.23.192.69:44444/h/ec4a8188262f2460bb55260eefae1f82eb330130-348185-1200-1698-jpg/keystamp=1406304300-8ac8d156db/682792_rainbow_dash_humanized_suggestive_comic_derpy_hooves_dialogue_winged_humanization_muffin_trap_artist_colon_dakuroihoshi.jpg
2014-07-25T17:57:05 <Letarumavza> http://37.187.5.7:61000/h/4a45e316e6e5ad23bac0f9ee07a802e6aadb60dc-316626-1200-1698-jpg/keystamp=1406304300-80fafa25d3/682793_rainbow_dash_humanized_comic_questionable_derpy_hooves_bondage_dialogue_winged_humanization_muffin_trap.jpg
2014-07-25T17:57:12 <Letarumavza> http://91.155.189.40:31271/h/04ff6bbbb11f47a5e2da20c5de0f0a1d64ff6f9c-264761-1200-1698-jpg/keystamp=1406304300-255c19deeb/682794_rainbow_dash_humanized_comic_questionable_derpy_hooves_bondage_dialogue_winged_humanization_muffin_trap.jpg
2014-07-25T17:58:11 <adriens33> Mais… Mais… Mais…
2014-07-25T17:58:14 <adriens33> Mais…
2014-07-25T17:58:19 <adriens33> gneu ?
2014-07-25T17:58:30 <Letarumavza> Look les dans l'odre ^^
2014-07-25T17:58:43 <adriens33> (je suis pas tout à fait con non plus XD)
2014-07-25T17:59:00 <adriens33> j'adore comment elle se retrouve ficelée à la fin… ^^
2014-07-25T18:00:39 <Letarumavza> Yeah j'ai réussi à sortir du système kerbol avec un vaisseau ultra simple
2014-07-25T18:00:45 <adriens33> ^^
2014-07-25T18:00:47 <Letarumavza> (2° noeud technologique)
2014-07-25T18:01:05 <adriens33> Ça te dérange pas si je viens mtn ?
2014-07-25T18:01:18 <adriens33> (au pire je porurais tj ressortir genre demain aller chercher du miam)
2014-07-25T18:01:55 <Letarumavza> yep no problemo ^^
2014-07-25T18:02:31 <adriens33> ok ben… à toute :)
2014-07-25T18:02:33 *** adriens33 est parti
2014-07-25T18:11:45 <heuzef> MaCharon: ?
2014-07-25T18:11:56 <MaCharon> vi ?
2014-07-25T18:12:05 <Dawnio> donc
2014-07-25T18:12:09 <heuzef> Toi et Dawnio chez moi Lundi du coup ^^
2014-07-25T18:12:15 <heuzef> Avec on va tous les 3 chez Letarumavza
2014-07-25T18:12:32 <Dawnio> c'est quoi ton arret de tram déjà?
2014-07-25T18:12:39 <MaCharon> euh ok par contre j'ai un rdv a 14h a la fnac moi
2014-07-25T18:13:00 <MaCharon> donc ça sera apres pour moi
2014-07-25T18:13:34 <MaCharon> et je sais pas exactement où tu habite
2014-07-25T18:14:48 <Dawnio> il habite là http://heuzef.com/#contact
2014-07-25T18:14:59 <Dawnio> mais je me rappelle plus de son arrêt de tram
2014-07-25T18:15:36 <heuzef> Saint Nicolas
2014-07-25T18:15:40 <MaCharon> saint nicolas
2014-07-25T18:15:40 *** Lezarius s'est connecté
2014-07-25T18:15:55 <Dawnio> bon ok
2014-07-25T18:16:07 <MaCharon> bon j'essaierai de pas trainer pour mon rdv
2014-07-25T18:16:17 <Dawnio> hoy rien ne presse
2014-07-25T18:16:39 <Lezarius> Slaut
2014-07-25T18:16:52 <heuzef> Sinon Dawnio rejoins le a la fnac et puis venez ensemble
2014-07-25T18:16:56 <MaCharon> ouai mais faudrait quand même fixer une heure nn ?
2014-07-25T18:17:00 <heuzef> Bof nop
2014-07-25T18:17:17 <Dawnio> k on fais ça, je te rejoins à la fnac comme prévu au début
2014-07-25T18:17:20 <heuzef> Letarumavza: et pas du genre à s'embêter avec des "horraires" ^^
2014-07-25T18:17:23 <MaCharon> ok
2014-07-25T18:17:26 <MaCharon> XD
2014-07-25T18:17:48 <Dawnio> j'y serais plus tôt que 15h par contre, donc je traînerais un peu dedans :)
2014-07-25T18:17:52 *** wildfier s'est connecté
2014-07-25T18:17:56 <MaCharon> ok
2014-07-25T18:17:59 <wildfier> yop
2014-07-25T18:18:01 <Lezarius> Se passe quoi et quand
2014-07-25T18:18:25 <MaCharon> rien rien rendort toi
2014-07-25T18:18:26 <MaCharon> ^^
2014-07-25T18:18:27 <Dawnio> à 15h à la fnac moi et charon
2014-07-25T18:18:35 <Dawnio> dans le coin sombre
2014-07-25T18:18:42 <Dawnio> rayon sextoy
2014-07-25T18:18:45 <Lezarius> Demain ?
2014-07-25T18:18:48 <Dawnio> lundi
2014-07-25T18:19:06 <heuzef> On va chez bertrand pour nettoyer le terrain pour l'anniv de BC
2014-07-25T18:19:12 <heuzef> Si tu veux aider tu est le bienvenue
2014-07-25T18:20:21 <Dawnio> bon ok, j'ai mon RDV, sur ce je go afk, je vais prendre un peu l'eau dans le bassin d'arcachon (ça doit bcp vous intéresser ma vie)
2014-07-25T18:20:34 <Lezarius> Aw
2014-07-25T18:20:45 <Lezarius> =D Qui vient se soire a troll me tender ?
2014-07-25T18:20:56 <heuzef> C'est ce soir ?
2014-07-25T18:21:01 <Lezarius> Ouais
2014-07-25T18:21:04 <heuzef> Y'a quelque chose d'organisé ?
2014-07-25T18:21:15 <heuzef> Forgie est au courrant au moins ? Qui y va ?
2014-07-25T18:21:35 <Lezarius> Nope je vient en mode "salut les coupain"
2014-07-25T18:21:56 <heuzef> Lezarius: j'ai vu que tu voulais présenter EcoMonde ?
2014-07-25T18:22:18 <Lezarius> Ouais mais je fait tout en monde "coucou je suis la "
2014-07-25T18:22:50 <heuzef> Tu compte t'y prendre comment ?
2014-07-25T18:22:54 * heuzef pas rassuré
2014-07-25T18:23:16 <Lezarius> Je sais pas si je le présenterais se soire on verra
2014-07-25T18:23:24 <Lezarius> Puis au pire ramenne ton culs )D
2014-07-25T18:23:50 <heuzef> Ouais eu la comme ça
2014-07-25T18:23:57 <heuzef> Nop
2014-07-25T18:24:24 <heuzef> Bon et evite de présenter mon jdr stp, c'est pas une bonne idée
2014-07-25T18:25:25 <Lezarius> Ba il est son licence "open source" mec
2014-07-25T18:25:39 *** Tenshi est parti
2014-07-25T18:26:39 *** heuzef est parti
2014-07-25T18:27:14 *** heuzef s'est connecté
2014-07-25T18:27:40 <heuzef> Lezarius et alors ?
2014-07-25T18:29:51 <heuzef> T'es cool et tu respect mon souhait c'est tous, tu sais pas encore ce que j'ai prévu il me semble
2014-07-25T18:30:57 <Lezarius> Bien http://creativecommons.org/licenses/by-nc-sa/4.0/ je peux le modifier m'en servir et l'ameliorais. Mec choisie bien tes licence sry.
2014-07-25T18:31:42 <Lezarius> Le modifier pardon
2014-07-25T18:32:35 <heuzef> Si tu souhaite améliorer le projet fait moi un pull request, j'ai jamais dis le contraire
2014-07-25T18:33:22 <heuzef> Mais commence pas à faire de la pub d'un projet non abouti
2014-07-25T18:34:17 <Lezarius> Je vais fork ton projet est en faire une version "DarkSouls"
2014-07-25T18:34:46 <heuzef> Amuse toi bien ^^
2014-07-25T18:41:06 *** ELiDYROS s'est connecté
2014-07-25T18:41:29 <ELiDYROS> Yo yo
2014-07-25T18:48:43 *** ELiDYROS est parti
2014-07-25T18:49:08 *** heuzef est parti
2014-07-25T18:51:30 *** heuzef s'est connecté
2014-07-25T18:53:40 *** heuzef est parti
2014-07-25T18:53:49 <TrappyTickles> mmm j'ai presque fini mon tatoo de fluttershy, mais elle tient une banderole et je sais pas quoi mettre comme texte dedans, mot our phrase... des idées? :p
2014-07-25T18:53:58 <TrappyTickles> ou*
2014-07-25T19:06:27 <Lezarius> Friend ship is magic
2014-07-25T19:11:06 <TrappyTickles> j'y ai pensé, mais jade aime pas trop
2014-07-25T19:11:49 <Lezarius> Jade ?
2014-07-25T19:13:46 <TrappyTickles> ma femme
2014-07-25T19:14:01 <TrappyTickles> purée ça rentre pas, jlai répété 100 fois déjà lol
2014-07-25T19:29:07 *** wildfier est parti
2014-07-25T19:33:59 <Lezarius> Pas de ma faute je voie pas du tout qui tu es xD
2014-07-25T19:35:08 <TrappyTickles> On est le couple brony qui vit entre vilenave et begles :p
2014-07-25T19:35:23 <Lezarius> AH
2014-07-25T19:39:53 <Berry-Punch> Voilà ce qu'il s'est passé ces 10 dernières lignes, *hic* adriens33
2014-07-25T19:39:55 *** adriens33 s'est connecté
2014-07-25T19:40:06 <Dawnio> re everypony
2014-07-25T19:40:11 <adriens33> salutations :D
2014-07-25T19:43:27 <Dawnio> TrappyTickles?
2014-07-25T19:43:55 <TrappyTickles> mh?
2014-07-25T19:43:58 <TrappyTickles> oi
2014-07-25T19:44:02 <Dawnio> tu
2014-07-25T19:44:04 <Dawnio> t'es
2014-07-25T19:44:05 <Dawnio> fait
2014-07-25T19:44:06 <Dawnio> un
2014-07-25T19:44:12 <Dawnio> tatouaaage???
2014-07-25T19:44:18 <TrappyTickles> non non non c'est un projet ^^
2014-07-25T19:44:23 *** Letarumavza est parti
2014-07-25T19:44:23 <Dawnio> aaaahhh
2014-07-25T19:44:27 <TrappyTickles> la preuve, il me manque le texte encore
2014-07-25T19:44:28 <TrappyTickles> et les sous :p
2014-07-25T19:44:32 <Dawnio> je me disais aussi ^^
2014-07-25T19:44:34 <adriens33> non, il s'est fait un marquage au fer rouge comme les vaches XD
2014-07-25T19:44:44 <Dawnio> ah mais tu comptes vraiment le faire alors?
2014-07-25T19:44:49 <TrappyTickles> mais j'compte bien le concrétiser, ce sera mon 4e tatoo
2014-07-25T19:44:53 <TrappyTickles> et mon 1er tatoo pony :p
2014-07-25T19:44:56 <TrappyTickles> ui
2014-07-25T19:45:12 <Dawnio> aieaieaie, mlp n'aura jamais été aussi présent ^^
2014-07-25T19:45:28 <TrappyTickles> et j'ai trouvé la phrase je crois. j'avais pensé à "Kindness through adversity"
2014-07-25T19:46:20 <Dawnio> pourquoi pas ^^
2014-07-25T19:46:23 *** Letarumavza s'est connecté
2014-07-25T19:46:30 <Dawnio> et alors quelle position fluttershy?
2014-07-25T19:46:42 *** Letarumavza est parti
2014-07-25T19:47:48 <TrappyTickles> http://imgur.com/MkdrcaD celle là
2014-07-25T19:48:16 <Dawnio> ah ouaiiiis :3
2014-07-25T19:48:32 <Dawnio> moi si je me fais un tatouage, ça ressemblera à ça: http://img1.ndsstatic.com/wallpapers/93ade507111e5629305305f5f87cfdb0_large.jpeg
2014-07-25T19:48:45 <TrappyTickles> un dessin de DA mais avec la tête changée et quelques couleurs aussi
2014-07-25T19:49:01 *** Letarumavza s'est connecté
2014-07-25T19:49:17 <adriens33> Bonjour Letarumavza ;)
2014-07-25T19:59:49 *** MaCharon est parti
2014-07-25T20:11:58 <adriens33> Quel calme... Y'a personne qui voudrait mettre un peu d'animatn ?
2014-07-25T20:12:03 <adriens33> *animation
2014-07-25T20:21:11 *** Eclipse2212 s'est connecté
2014-07-25T20:21:20 <Eclipse2212> coucou
2014-07-25T20:22:19 *** Lezarius est parti
2014-07-25T20:22:19 *** Dawnio est parti
2014-07-25T20:24:11 *** Dawnio s'est connecté
2014-07-25T20:28:21 <adriens33> Coucou Eclipse2212
2014-07-25T20:28:36 <Eclipse2212> cha va?
2014-07-25T20:29:02 *** Letbot s'est connecté
2014-07-25T20:29:14 <Letarumavza> !part
2014-07-25T20:29:19 <Eclipse2212> Cékisa?
2014-07-25T20:29:29 * Berry-Punch lance un muffin sur Letbot à 2373 km/h
2014-07-25T20:29:29 <Berry-Punch> MUFFIN RAINBOOM !! *hic* 
2014-07-25T20:29:29 <adriens33> !muffin Letbot m
2014-07-25T20:29:30 <Letarumavza> !part #bronycub
2014-07-25T20:29:31 *** Letbot est parti
2014-07-25T20:29:41 <Letarumavza> C'est mon bot
2014-07-25T20:29:44 <Eclipse2212> aok
2014-07-25T20:29:48 <Berry-Punch> Flags de *hic* Letbot modifiés : +b
2014-07-25T20:29:48 <adriens33> !flag mod +b Letbot
2014-07-25T20:29:55 <Letarumavza> (enfin, surtout un framework trouvé sur le net en opensource.
2014-07-25T20:30:03 <Eclipse2212> xD
2014-07-25T20:30:04 <Berry-Punch> Flags de Letbot modifiés : *hic* +v
2014-07-25T20:30:04 <adriens33> !flag mod +v Letbot
2014-07-25T20:30:14 <Letarumavza> Je vais le modifier et changer toutes les infos secondaires.
2014-07-25T20:30:15 <Eclipse2212> d'ou l'abscence de @
2014-07-25T20:31:13 <Eclipse2212> hmmm...
2014-07-25T20:31:36 <Eclipse2212> j'ai le temps de me suicider entre chaques parties de ce jeu...
2014-07-25T20:31:44 * Eclipse2212 s'est suicidé
2014-07-25T20:32:30 <adriens33> !reload
2014-07-25T20:32:40 <Eclipse2212> ?
2014-07-25T20:33:27 <Berry-Punch> Flags de Letarumavza modifiés *hic* : +o
2014-07-25T20:33:39 <Berry-Punch> Flags de Letarumavza modifiés *hic* : -o
2014-07-25T20:33:39 <adriens33> !deop Letarumavza
2014-07-25T20:34:07 <Berry-Punch> Flags de Letarumavza modifiés : +o *hic* 
2014-07-25T20:34:23 <Berry-Punch> Flags de Letarumavza modifiés *hic* : -o
2014-07-25T20:34:23 <adriens33> !deop Letarumavza
2014-07-25T20:34:33 <adriens33> Nnnope.
2014-07-25T20:38:02 *** Zecora s'est connecté
2014-07-25T20:38:07 <Eclipse2212> ?
2014-07-25T20:38:23 <Letarumavza> !join #test_berrypunch
2014-07-25T20:38:25 <Eclipse2212> encore le letbot
2014-07-25T20:38:38 <Eclipse2212> xD
2014-07-25T20:38:44 <adriens33> yup…
2014-07-25T20:39:09 <Eclipse2212> voir les codes de connections entrantes et sortantes, parfois, c'est utile
2014-07-25T20:39:15 <adriens33> ?
2014-07-25T20:40:24 <Eclipse2212> http://m.imgur.com/4hgFAmt
2014-07-25T20:40:59 <Eclipse2212> look
2014-07-25T20:41:05 <Letarumavza> !quit
2014-07-25T20:41:06 *** Guest69371 est parti
2014-07-25T20:41:23 <adriens33> bah les commandes on s'en fout, le !flag y'a que leta et moi qui y avont accès.
2014-07-25T20:41:31 <adriens33> (le !kick aussi)
2014-07-25T20:41:33 <adriens33> (etc)
2014-07-25T20:42:09 <Eclipse2212> juste regarde sur les joins
2014-07-25T20:42:15 <Eclipse2212> bleu
2014-07-25T20:42:24 <Eclipse2212> ya un code bizzare
2014-07-25T20:42:24 <adriens33> quoi ?
2014-07-25T20:42:31 <adriens33> c'toi le code bizarre
2014-07-25T20:42:36 <Eclipse2212> join:qqch
2014-07-25T20:43:02 <adriens33> …
2014-07-25T20:43:16 <adriens33> Tu vois le pseudo et l'ip et alors ?
2014-07-25T20:43:21 <Eclipse2212> avec dessous un truc du genre gateway/xyz/...
2014-07-25T20:43:25 <Eclipse2212> yup
2014-07-25T20:43:29 <adriens33> tu sais qu'en faisant /whois <pseudo> tu peux avoir la même chose
2014-07-25T20:43:30 <adriens33> …
2014-07-25T20:43:48 <Eclipse2212> enfin pas tous
2014-07-25T20:43:53 <Eclipse2212> maus quasiment tous
2014-07-25T20:44:14 <Eclipse2212> putain 6joueurs, c'est pas compliqué....
2014-07-25T20:44:20 <adriens33> ?
2014-07-25T20:44:25 <adriens33> de quoi tu causes ?
2014-07-25T20:44:38 <Eclipse2212> je suis en salle d'attente pour une partie de vox populi
2014-07-25T20:44:45 <Eclipse2212> mais manque 6joueurs
2014-07-25T20:44:52 <adriens33> ben… c'est con
2014-07-25T20:44:56 <Eclipse2212> xD
2014-07-25T20:45:14 <Eclipse2212> n'empèche les questions sont complètement connes
2014-07-25T20:45:27 <adriens33> du genre « qui a chié sur le plafond » ?
2014-07-25T20:46:02 <Eclipse2212> nan look http://m.imgur.com/FiJI50n
2014-07-25T20:46:14 <adriens33> c'était une référence aux deux minutes du peuple…
2014-07-25T20:46:24 <Eclipse2212> a chaque partie je suis mort de rire
2014-07-25T20:46:39 <adriens33> cool
2014-07-25T20:46:42 <Eclipse2212> je regarde pas
2014-07-25T20:46:48 <Eclipse2212> désolé
2014-07-25T20:46:53 <adriens33> les deux minutes du peuple ça se regarde pas
2014-07-25T20:47:02 <adriens33> c'est des sketches audio de François Pérusse inculte --"
2014-07-25T20:47:08 <Eclipse2212> bref, connais pas
2014-07-25T20:47:18 <Eclipse2212> inculte je sais
2014-07-25T20:47:38 <Eclipse2212> si tu veut, je peut avouer que je n'ai jamais vu star wars
2014-07-25T20:47:51 <adriens33> ben, t'as tord, tu loupes quelque chose. Les deux minutes du peuple c'est drôle ^^
2014-07-25T20:47:56 <Eclipse2212> raaaaaah maintenant il manque 7 joueurs
2014-07-25T20:48:06 <Eclipse2212> hmmm le lien stp
2014-07-25T20:48:09 <adriens33> Tiens, t'en a là
2014-07-25T20:48:10 <adriens33> http://www.les2minutesdupeuple.fr/
2014-07-25T20:48:27 <adriens33> (bon, c'est un player en flash, je sais çaylemal, mais bon)
2014-07-25T20:49:17 <Eclipse2212> sur android c'est remplacé
2014-07-25T20:49:28 <Eclipse2212> par un lecteur système
2014-07-25T20:49:32 <adriens33> tant mieux
2014-07-25T20:49:40 <Eclipse2212> xD
2014-07-25T20:49:42 <adriens33> mais là c'est pas un player vidéo comme sur yt
2014-07-25T20:49:55 <Eclipse2212> madame tumeur qui rend visite a M.cerveau
2014-07-25T20:49:58 <Eclipse2212> xD
2014-07-25T20:50:06 <adriens33> tumeur connais pas ?
2014-07-25T20:50:35 <Eclipse2212> xD
2014-07-25T20:50:53 <Eclipse2212> y vont t'amputer tous les membres
2014-07-25T20:51:00 <Eclipse2212> xD
2014-07-25T20:51:05 <adriens33> tes intestins ne fonctionnent plus
2014-07-25T20:51:12 <Eclipse2212> xD
2014-07-25T20:51:59 <Eclipse2212> ya des chelous au canada
2014-07-25T20:52:01 <Eclipse2212> xD
2014-07-25T20:52:11 <Berry-Punch> Flags de Letarumavza modifiés : *hic* +o
2014-07-25T20:52:15 <Eclipse2212> le lundi ça la gêne
2014-07-25T20:52:54 <adriens33> C'est pourquoi on les appelles lundi-gene
2014-07-25T20:52:59 <adriens33> *appellent
2014-07-25T20:53:01 <Eclipse2212> xD
2014-07-25T20:53:04 <adriens33> *appelle
2014-07-25T20:53:11 <adriens33> (bordel de cerveau de merde)
2014-07-25T20:53:20 <Eclipse2212> xD
2014-07-25T20:53:50 <Eclipse2212> dis tu peut join la partie de vox populi?
2014-07-25T20:53:57 <adriens33> Bof…
2014-07-25T20:54:02 <Eclipse2212> juste pour le fun!
2014-07-25T20:54:04 <Eclipse2212> fun!
2014-07-25T20:54:06 <Eclipse2212> fun!
2014-07-25T20:54:08 <Eclipse2212> ...
2014-07-25T20:54:09 <adriens33> Dsl, pas vraiment envie…
2014-07-25T20:54:12 * Eclipse2212 sors
2014-07-25T20:54:15 <Eclipse2212> okay
2014-07-25T20:55:40 <Eclipse2212> pourquoi tu me pouqse vers la fenêtre de la salle de conférence du 25ème étage
2014-07-25T20:55:47 <Eclipse2212> ?
2014-07-25T20:55:59 <Eclipse2212> *pousse
2014-07-25T20:56:04 <adriens33> *pousses
2014-07-25T20:56:45 <Eclipse2212> larguez les enmmerdes!
2014-07-25T20:56:49 <adriens33> XD
2014-07-25T20:56:51 <adriens33> j'adore celle ci
2014-07-25T20:57:33 <Eclipse2212> xD
2014-07-25T20:57:42 <adriens33> pis il le dit bien fort en plus ^^
2014-07-25T20:57:51 <adriens33> « Terres ! Terres Capitaine ! »
2014-07-25T20:57:56 <adriens33> — Où ça, vigie ?
2014-07-25T20:58:02 <adriens33> — Droit derrière nous, capitaine !
2014-07-25T20:58:05 <Eclipse2212> capitaine un navire à l'horizon!
2014-07-25T20:58:15 <adriens33> — Ce sont les côtes françaises que l'on vient de quitter, imbécile !
2014-07-25T20:58:21 <Eclipse2212> mais on n'est même pas encore partis
2014-07-25T20:59:22 <Eclipse2212> vous avez assez de vivre essayez de vous suicider
2014-07-25T21:00:11 <Eclipse2212> je vais en mettre une à ce serveur
2014-07-25T21:00:14 <Eclipse2212> ...
2014-07-25T21:00:16 <adriens33> ?
2014-07-25T21:00:17 <adriens33> qué ?
2014-07-25T21:00:52 <Eclipse2212> m.cartier
2014-07-25T21:01:33 <Eclipse2212> on attache les 2 navires par la poupe ou par la proue
2014-07-25T21:01:48 <adriens33> qu'est-ce que vous me chantez là ?
2014-07-25T21:01:48 <Eclipse2212> xD
2014-07-25T21:01:57 <adriens33> - par la poupe ou par la proue ?
2014-07-25T21:02:17 <Eclipse2212> je vous conseille de vous....
2014-07-25T21:02:20 <Eclipse2212> terre!
2014-07-25T21:02:23 <Eclipse2212> terre!
2014-07-25T21:02:31 *** Zecora_bot s'est connecté
2014-07-25T21:02:46 <Eclipse2212> encore Leta
2014-07-25T21:02:48 <Eclipse2212> xD
2014-07-25T21:02:51 *** Zecora_bot est parti
2014-07-25T21:03:02 <adriens33> il est en train de faire des tests en python
2014-07-25T21:03:11 <adriens33> le but final étant de refaire Berry
2014-07-25T21:03:12 <Eclipse2212> t'est chez wanadoo?
2014-07-25T21:03:13 <adriens33> en bien mieux
2014-07-25T21:03:19 <adriens33> Je suis chez Leta
2014-07-25T21:03:23 <Eclipse2212> aok
2014-07-25T21:03:26 <adriens33> et il est abo chez orange
2014-07-25T21:03:45 <adriens33> je crois
2014-07-25T21:04:25 <Eclipse2212> [~Zecora_bo@ABordeaux-654-1-72-69.w109-214.abo.wanadoo.fr]
2014-07-25T21:04:35 <Eclipse2212> ce que mon client dit
2014-07-25T21:04:44 <adriens33> oui, c'est du .abo.wanadoo.fr
2014-07-25T21:04:49 <adriens33> donc un client orange ^^
2014-07-25T21:05:31 <Eclipse2212> aok
2014-07-25T21:05:58 <Eclipse2212> en voulant écrire "aok", j'ai écrit " apk"
2014-07-25T21:06:11 <adriens33> et donc?
2014-07-25T21:06:14 <Eclipse2212> ouiiiii 1315
2014-07-25T21:06:19 <adriens33> huh ?
2014-07-25T21:06:26 <Eclipse2212> sur mon jeu
2014-07-25T21:06:29 <adriens33> ah
2014-07-25T21:06:30 <adriens33> cool
2014-07-25T21:06:33 <Eclipse2212> xD
2014-07-25T21:06:47 <Eclipse2212> parler pour rien dire
2014-07-25T21:07:38 <adriens33> parle pour toi
2014-07-25T21:07:50 <Eclipse2212> c'est ce que je disais
2014-07-25T21:07:54 <Eclipse2212> ^^
2014-07-25T21:07:58 <adriens33> ah
2014-07-25T21:08:38 <Eclipse2212> :'( ma xarte graphique supporte pas l'openGl
2014-07-25T21:08:52 <adriens33> ?
2014-07-25T21:08:57 <adriens33> c'est quoi comme CG ?
2014-07-25T21:09:23 <Eclipse2212> intel  82865G
2014-07-25T21:09:32 <adriens33> heum…
2014-07-25T21:09:38 <adriens33> C'est pas une carte graphique ça XD
2014-07-25T21:09:40 <Eclipse2212> un truc en carton
2014-07-25T21:09:44 <Eclipse2212> bah si
2014-07-25T21:09:48 <adriens33> non...
2014-07-25T21:10:13 <adriens33> C'est un chipset graphique. C'est pas tout à fait la même chose. C'est comme de comparer une cuillère avec un marteau piqueur.
2014-07-25T21:10:22 <Eclipse2212> xD
2014-07-25T21:10:27 <Eclipse2212> bon à savoir
2014-07-25T21:10:31 <adriens33> mais c'est du intel
2014-07-25T21:10:35 <adriens33> donc ça supporte OGl
2014-07-25T21:10:35 <Eclipse2212> et?
2014-07-25T21:10:43 <adriens33> mais juste une vieille versin
2014-07-25T21:10:45 <Eclipse2212> bah i veut pas
2014-07-25T21:10:46 <adriens33> *version
2014-07-25T21:10:49 <Eclipse2212> aok
2014-07-25T21:10:55 <adriens33> bah OGl 4 c'est sûr…
2014-07-25T21:11:01 <Eclipse2212> faudra que j'update
2014-07-25T21:11:18 <Eclipse2212> sur le site d'intel bien sur
2014-07-25T21:11:22 <adriens33> ^^
2014-07-25T21:11:27 <Eclipse2212> pas avec l'updater windaube
2014-07-25T21:13:55 <Eclipse2212> *windows
2014-07-25T21:14:10 <adriens33> OUais, genre c'est une faute de frappe.
2014-07-25T21:14:21 <adriens33> « Tiens, et ça c'est une frappe par ta faute. »
2014-07-25T21:15:28 <Eclipse2212> xD
2014-07-25T21:15:44 <Eclipse2212> j'ai un cerveau outdated
2014-07-25T21:16:00 <adriens33> sudo apt-get upgrade brain
2014-07-25T21:16:08 <adriens33> brain: package not found
2014-07-25T21:16:13 <Eclipse2212> reading dependancy tree
2014-07-25T21:16:40 <Eclipse2212> ouiiiii 1515!!
2014-07-25T21:18:56 <Eclipse2212> fille de childéric 1 er il crée le royaume de france
2014-07-25T21:19:34 <Eclipse2212> ou la seine prends sa source A)lion;B)Michel;C)PTT
2014-07-25T21:19:54 <adriens33> D) la réponse D
2014-07-25T21:20:04 <Eclipse2212> ya pas
2014-07-25T21:20:42 <Eclipse2212> quel est le composant principal du verre réponse de la majorité: un ours
2014-07-25T21:20:54 <adriens33> De… la silice ?
2014-07-25T21:21:04 <adriens33> (en très grande quantité dans le sable de rivière)
2014-07-25T21:21:23 <Eclipse2212> nan mais les réponses sont toutes wtf
2014-07-25T21:22:11 <Eclipse2212> ou se trouvele mont nix olympica? C) luna 9
2014-07-25T21:22:42 <adriens33> Z) les profondeurs insondables, humides et pleines de microbes de l'oubli
2014-07-25T21:23:01 <Eclipse2212> ya une subtile référence
2014-07-25T21:24:47 *** adriens33 est parti
2014-07-25T21:24:52 *** adriens33 s'est connecté
2014-07-25T21:24:53 <adriens33> oups
2014-07-25T21:24:56 <adriens33> fermé le mauvais onglet
2014-07-25T21:25:07 * adriens33 est un boulet
2014-07-25T21:25:31 <Eclipse2212> xD
2014-07-25T21:35:50 <adriens33> putain c'que j'me fais chier… et je suis sensé coder des trucs, mais j'ai pas du tout la tête à ça.
2014-07-25T21:42:35 *** adriens33 est parti
2014-07-25T21:50:55 <Dawnio> Letarumavza?
2014-07-25T21:56:12 *** Tenshi s'est connecté
2014-07-25T21:57:25 *** Tenshi est parti
2014-07-25T22:01:27 <Dawnio> est ce que quelqu'un d'autre que leta et qui s'y connait en pc est ici?
2014-07-25T22:04:16 <Letarumavza> yep ?
2014-07-25T22:04:28 <Dawnio> ah
2014-07-25T22:04:32 <Dawnio> alors dis moi
2014-07-25T22:04:48 <Dawnio> je souhaite rebooter le pc de mon pere
2014-07-25T22:05:00 <Dawnio> mais il ne possède pas les cd de redemarage
2014-07-25T22:05:08 <Dawnio> du coup j'ai les miens
2014-07-25T22:05:17 <Dawnio> nos pc sont tous les 2 des asus
2014-07-25T22:05:19 <Letarumavza> euh...
2014-07-25T22:05:22 <Dawnio> mais pas le même modele
2014-07-25T22:05:28 <Letarumavza> Tu souhaites faire quoi ?
2014-07-25T22:05:37 <Dawnio> rebooter le pc de mon père
2014-07-25T22:05:52 <Letarumavza> Et pourquoi t'aurais besoin des CD ?
2014-07-25T22:05:55 *** wildfier s'est connecté
2014-07-25T22:06:01 <Berry-Punch> Voilà ce qu'il s'est passé ces 10 dernières *hic* lignes, Letarumavza
2014-07-25T22:06:02 <Letarumavza> !history
2014-07-25T22:06:03 <Dawnio> ben je sais pas
2014-07-25T22:06:20 <Dawnio> il faut pas forcément des CD pour rebooter?
2014-07-25T22:06:22 <Letarumavza> Un reboot c'est le fait de redémarrer le PC
2014-07-25T22:06:36 <Dawnio> remettre aux paramètres d'usine quoi
2014-07-25T22:06:40 <Letarumavza> si tu veux la commande c'est "shutdwon -r -t 0
2014-07-25T22:06:44 <Letarumavza> Ah...
2014-07-25T22:06:48 <Letarumavza> Tu veux le reset
2014-07-25T22:07:06 <Dawnio> oui voila (c'est pas le bon mot rebooter?)
2014-07-25T22:07:16 <Letarumavza> Reboot c'est redémarer
2014-07-25T22:07:20 <Dawnio> parce qu'en fait il est surinfécté de virus etc
2014-07-25T22:07:38 <Letarumavza> Et pourquoi tu fais pas une désinfection ?
2014-07-25T22:08:02 <Dawnio> à part lancer une analyse antivirus, je sais pas faire
2014-07-25T22:08:28 <Letarumavza> Bon, déjà quel AV tu utilises ?
2014-07-25T22:09:04 <Dawnio> firewall (celui d'orange)
2014-07-25T22:09:11 <Letarumavza> 0o
2014-07-25T22:09:15 <Letarumavza> WILD !
2014-07-25T22:09:30 <Dawnio> oui enfin moi j'ai avast c'est pas mieux xD
2014-07-25T22:09:43 <Letarumavza> Oh crap...
2014-07-25T22:10:30 <Dawnio> d'où la solution du reset qui me semble la meilleur, surtout que le pc n'est pas tout jeune et pas forcément entretenu (défrag, ccleaner etc)
2014-07-25T22:11:20 <Letarumavza> C'est une blague ?
2014-07-25T22:11:44 <Dawnio> de quoi?
2014-07-25T22:11:57 <Letarumavza> Bah ce que tu es entrain de me raconter.
2014-07-25T22:12:05 <Letarumavza> T'es pas sérieux... si ?
2014-07-25T22:12:08 <Dawnio> ben non, je te le demanderais pas sinon
2014-07-25T22:12:20 <Letarumavza> Oh putain...
2014-07-25T22:12:25 <Letarumavza> Bon, c'est parti :
2014-07-25T22:13:14 <Letarumavza> Donc tu vas télécharger :
2014-07-25T22:13:18 <Letarumavza> http://www.usbfix.net/telecharger/usbfix/
2014-07-25T22:13:28 <Letarumavza> http://www.surlatoile.org/RogueKiller/
2014-07-25T22:13:33 <Letarumavza> http://fr.malwarebytes.org/
2014-07-25T22:13:47 <Letarumavza> Dès qu'ils seront finis de télécharger tu me le dis
2014-07-25T22:14:32 <Dawnio> il faut que je sois sur le pc à désinfecter pour faire tout ça? parce que j'y aurais accès que demain
2014-07-25T22:16:09 <Letarumavza> Bah on en reparlera demain dans cec as
2014-07-25T22:16:42 <Letarumavza> Ou alors tu viens lundi pour m'aider à clean ma veranda et je jeterai un coups d'oeil au bousin avec adrien.
2014-07-25T22:16:56 <Letarumavza> Y'a moyen de bien rigoler (et ça lui fera un cours sur la désinfect)
2014-07-25T22:17:38 <Dawnio> ouais, mais ça risque de pas être pensable que mon père me laisse prendre son pc à bordeaux ^^
2014-07-25T22:18:08 <Dawnio> ou au pire, y aurais pas moyen de prendre le controle du pc à distance?
2014-07-25T22:18:39 <Letarumavza> Sur une machine vérolée... Hors de fucking question
2014-07-25T22:18:45 <Letarumavza> En revanche je peux te guider à distance.
2014-07-25T22:19:02 <Dawnio> ok ça peut être mieux
2014-07-25T22:19:29 <Letarumavza> Et dis lui de ma part de prendre un bloqueur de pub et de javascript pour les sites de pron, ça lui évitera les sql injection.
2014-07-25T22:19:51 <Dawnio> lol, ça déjà été dit àa ;D
2014-07-25T22:19:56 <Dawnio> ça
2014-07-25T22:22:07 <Dawnio> bon pis vu qu'il s'y connais encore moins que moi en pc, il se fait facilement avoir par l'ameconnage et tout
2014-07-25T22:22:37 <Dawnio> bon j'ai le pc
2014-07-25T22:22:48 <Letarumavza> Il se fait avoir par le pishing ?
2014-07-25T22:22:52 <Dawnio> je balance l'installation de tes programmes
2014-07-25T22:23:00 <Letarumavza> C'est pas un antivirus qu'il lui faut, c'est un cerveau.
2014-07-25T22:24:09 *** Dawnio2 s'est connecté
2014-07-25T22:24:18 <Dawnio2> bon je suis sur le pc of doom
2014-07-25T22:25:33 <Letarumavza> Doom c'est le mot
2014-07-25T22:25:41 <Letarumavza> tu as les trois exécutables prets ?
2014-07-25T22:25:48 <Dawnio2> yep
2014-07-25T22:26:04 <Dawnio2> sinon tu peux pas me guider comme tu l'as dit?
2014-07-25T22:26:09 <Dawnio2> ça serai plus simple
2014-07-25T22:26:20 <Letarumavza> Bah justement c'est ce que je fais là...
2014-07-25T22:26:56 <Dawnio2> ah ok ,je croyais que tu parlais regarder mon écran
2014-07-25T22:27:00 <Dawnio2> enfin bref
2014-07-25T22:27:05 <Dawnio2> tout est pret
2014-07-25T22:27:53 <Letarumavza> Bon.
2014-07-25T22:28:00 <Letarumavza> en premier tu installes usbfix
2014-07-25T22:28:03 <Letarumavza> Et tu fais un scan
2014-07-25T22:28:33 <Dawnio2> en cours
2014-07-25T22:30:07 <Dawnio2> done
2014-07-25T22:30:53 <Dawnio2> je t'envoie le rapport?
2014-07-25T22:31:04 <Letarumavza> postes le sur pastebin
2014-07-25T22:31:33 <Letarumavza> http://pastebin.com/
2014-07-25T22:31:46 <Dawnio2> http://pastebin.com/aGj2rb8T
2014-07-25T22:33:02 <Letarumavza> tu lances le nettoyage de usbfix
2014-07-25T22:33:12 <Letarumavza> ça devrait clean une des infections
2014-07-25T22:33:33 *** Dawnio2 est parti
2014-07-25T22:33:52 <Dawnio> ok il m'a arrêter les processus non vitaux
2014-07-25T22:34:00 <Letarumavza> Certes
2014-07-25T22:34:16 <Letarumavza> Euh, si tu as acces à irc sur une autre machine
2014-07-25T22:34:20 <Dawnio> avec firewall qui m'a demandé l'autorisation :3
2014-07-25T22:34:27 <Letarumavza> Pourquoi tu le lances sur la machine que tu clean.
2014-07-25T22:34:29 <Dawnio> j'ai failli dire non
2014-07-25T22:34:39 <Letarumavza> (désactives les autres progs de sécurité pendant le nettoyage)
2014-07-25T22:35:13 *** Dawnio2 s'est connecté
2014-07-25T22:35:37 <Dawnio2> http://pastebin.com/dTUXXHE0
2014-07-25T22:37:54 <Letarumavza> Bien
2014-07-25T22:38:04 <Letarumavza> Maintenant tu installes rogue killer, et tu fais un scan
2014-07-25T22:38:41 <Dawnio2> marrant le logo de la triforce
2014-07-25T22:41:33 <Berry-Punch> Voilà ce qu'il s'est passé *hic* ces 10 dernières lignes, adriens33
2014-07-25T22:41:34 *** adriens33 s'est connecté
2014-07-25T22:44:20 <Dawnio2> scan terminé
2014-07-25T22:44:33 <Letarumavza> Rapport !
2014-07-25T22:45:09 <Dawnio2> oui mon général
2014-07-25T22:45:11 <Dawnio2> http://pastebin.com/XK0N8EgV
2014-07-25T22:47:29 <Letarumavza> Ok tu envoies un nettoyage
2014-07-25T22:47:56 <Dawnio2> ça a l'air de s'être fait instant
2014-07-25T22:48:00 <Dawnio2> dès que j'ai cliqué
2014-07-25T22:48:19 <Dawnio2> j'envoie un nouveau rapport?
2014-07-25T22:48:48 <Dawnio2> http://pastebin.com/BPfzqZuV
2014-07-25T22:50:48 <Letarumavza> Dans l'onglet registre tu coches tout et tu refais un nettoyage
2014-07-25T22:52:09 <Dawnio2> je refais un scan, j'avais aucune case à cocher
2014-07-25T22:54:34 <Letarumavza> ok
2014-07-25T22:56:37 <Dawnio2> nettoyage done : http://pastebin.com/QX7skTr0
2014-07-25T22:59:00 <Letarumavza> ok impec
2014-07-25T22:59:07 <Letarumavza> installes malwarebytes maintenant
2014-07-25T22:59:49 <Dawnio2> fait
2014-07-25T23:01:50 *** wildfier est parti
2014-07-25T23:02:02 *** wildfier s'est connecté
2014-07-25T23:03:18 <Letarumavza> Lances un scan
2014-07-25T23:03:28 <Dawnio2> c'est en cours
2014-07-25T23:06:54 <Dawnio2> le scan est un peu plus long ce coup ci
2014-07-25T23:07:00 <adriens33> cmb
2014-07-25T23:07:11 <Dawnio2> comma ta merguez
2014-07-25T23:07:29 <Dawnio2> bon ça me laisse le tps de me faire une tite aram sur lol
2014-07-25T23:12:39 <Dawnio> j'en suis déjà à 408 fichiers détectés ^^
2014-07-25T23:12:56 <Letarumavza> C'est un ranch pour chevaux de troie ?
2014-07-25T23:13:02 <Dawnio> ah!
2014-07-25T23:13:21 <Dawnio> c'est monté à 1352 :yay:
2014-07-25T23:13:37 <Dawnio> c'est pu un ranch là
2014-07-25T23:13:57 <Letarumavza> Tu me passera le rapport
2014-07-25T23:13:58 <Dawnio> c'est un equestria des chevaux de troie
2014-07-25T23:14:07 <Dawnio> le scan est pas encore fini
2014-07-25T23:14:13 <Letarumavza> Faut que je colle ça sur un fofo de sécurité
2014-07-25T23:14:33 <Letarumavza> J'ai quelques collègues qui vont rire.
2014-07-25T23:15:05 <Dawnio2> 1555
2014-07-25T23:16:05 <Dawnio2> oula
2014-07-25T23:16:10 <Dawnio2> ça ne repond pas
2014-07-25T23:16:24 <adriens33> normal
2014-07-25T23:16:31 <adriens33> il lock les intrusion UI
2014-07-25T23:20:44 <Eclipse2212> dis donc j'ai jamais eu autant de saloperies dans un pc
2014-07-25T23:21:44 <Dawnio2> http://pastebin.com/2D6nzid3
2014-07-25T23:32:55 <Dawnio2> so leta?
2014-07-25T23:33:43 *** Eclipse2212 est parti
2014-07-25T23:34:54 <adriens33> oui kekiea
2014-07-25T23:35:55 <adriens33> tu redémares le pc et tu refais un nettoyage de malwarebytes
2014-07-25T23:37:15 <Dawnio2> attends j'ai juste scan, pas encore nettoyé
2014-07-25T23:37:45 <Dawnio2> il me demande si je met en quarantaine**
2014-07-25T23:39:59 <Dawnio2> je fais quoi? je met tout en quarantaine?
2014-07-25T23:40:58 <adriens33> non, tu gardesla merde ^^
2014-07-25T23:41:40 <Letarumavza> tu mets en quarantaine
2014-07-25T23:41:48 <Letarumavza> Et tu m'envera le rapport post clean
2014-07-25T23:43:39 <Dawnio2> il me demande de redemarer, ya pas de rapport
2014-07-25T23:44:56 *** Dawnio2 est parti
2014-07-25T23:45:05 <Dawnio> j'ai lancé le redemarrage
2014-07-25T23:50:10 *** Lenile est parti
2014-07-25T23:50:17 *** Lenile s'est connecté
2014-07-25T23:51:05 *** wildfier est parti
2014-07-25T23:56:38 *** Dawnio2 s'est connecté
2014-07-25T23:57:02 <Dawnio2> ok le redemarage est fait, mais je sais pas où je peux avoir le rapport
