2014-10-18T00:35:01 *** Tsumenokage est parti
2014-10-18T00:43:52 *** adriens33 est parti
2014-10-18T00:50:43 *** TrappyTickles est parti
2014-10-18T01:38:22 *** ludvann est parti
2014-10-18T01:48:05 <Ikledoreboline> Je pars me coucher, bonne nuit les gars ;)
2014-10-18T01:48:09 *** Ikledoreboline est parti
2014-10-18T04:03:35 *** Silou est parti
2014-10-18T04:52:00 *** MaCharon est parti
2014-10-18T07:29:23 <Berry-Punch> Voilà ce qu'il *hic* s'est passé ces 10 dernières lignes, adriens33
2014-10-18T07:29:25 *** adriens33 s'est connecté
2014-10-18T10:31:20 *** adriens33 est parti
2014-10-18T10:41:39 *** TrappyTickles s'est connecté
2014-10-18T11:09:44 <Berry-Punch> Voilà ce qu'il s'est passé ces 10 dernières lignes, adriens33 *hic* 
2014-10-18T11:09:45 *** adriens33 s'est connecté
2014-10-18T11:16:23 <adriens33> salut Trappy :)
2014-10-18T14:44:53 *** Gordfang s'est connecté
2014-10-18T14:44:57 <adriens33> salut Gordfang
2014-10-18T14:46:12 <Gordfang> yo adrien
2014-10-18T14:58:19 *** Silou s'est connecté
2014-10-18T15:21:08 <Gordfang> y a un nouvel épisode d'avatar :D
2014-10-18T15:24:28 *** Ambrocidus s'est connecté
2014-10-18T15:24:32 <Ambrocidus> Bonjour
2014-10-18T15:29:05 *** Ambrocidus est parti
2014-10-18T16:24:55 *** MaCharon s'est connecté
2014-10-18T16:25:07 <MaCharon> et salut !
2014-10-18T16:25:20 <adriens33> salut MaCharon
2014-10-18T18:09:32 *** Jinxypie s'est connecté
2014-10-18T18:12:05 <adriens33> tiens, salut Jinxypie :)
2014-10-18T18:12:08 <adriens33> comment tu vas ?
2014-10-18T18:12:36 <Jinxypie> Mieux
2014-10-18T18:12:42 <adriens33> cool ^^
2014-10-18T18:12:43 <Jinxypie> Encore un peu grippé, mais mieux
2014-10-18T18:13:05 <adriens33> t'as essayé avec du WD40 ? XD
2014-10-18T18:13:09 <Jinxypie> ...
2014-10-18T18:16:19 <adriens33> (comment ça c'est pas drôle ? m'en fous. XD)
2014-10-18T18:35:54 *** Silou est parti
2014-10-18T19:03:54 *** Gordfang est parti
2014-10-18T19:06:37 *** MaCharon est parti
2014-10-18T19:06:53 *** MaCharon s'est connecté
2014-10-18T19:15:37 *** heuzef s'est connecté
2014-10-18T19:15:43 <heuzef> Yo =)
2014-10-18T19:15:49 <adriens33> tiens, salut heuzef :3
2014-10-18T19:15:51 <heuzef> J'ai loupé Gordfang :/
2014-10-18T19:16:00 <adriens33> arf
2014-10-18T19:16:08 <adriens33> beh il repassera ptet
2014-10-18T19:16:15 <heuzef> Je vais lui tel
2014-10-18T19:16:17 <heuzef> Tiens
2014-10-18T19:16:19 <adriens33> ^^
2014-10-18T19:16:28 <heuzef> Qui est donc Jinxypie ? :)
2014-10-18T19:16:33 <adriens33> Letarumavza
2014-10-18T19:16:48 <adriens33> Je sais plus qui a parlé d'un mix entre Jinx (perso de LoL) et Pinkie Pie
2014-10-18T19:16:55 <adriens33> lui il a pété un plomb dessus direct XD
2014-10-18T19:17:04 <heuzef> Changement d'identité
2014-10-18T19:17:14 <MaCharon> j'imagine mal le rendu
2014-10-18T19:17:15 <heuzef> Aucune pitité pour ceux qui maintienne les contacts
2014-10-18T19:17:19 <heuzef> :/
2014-10-18T19:17:35 <adriens33> https://drive.google.com/file/d/0ByD4Kuhw1zPqcThfNE9qNmtqLWc/view?pli=1
2014-10-18T19:17:38 <adriens33> tiens MaCharon
2014-10-18T19:18:11 <MaCharon> OMG
2014-10-18T19:18:31 <MaCharon> what is THAT ?!
2014-10-18T19:19:34 <adriens33> ben… un mix entre jinx et pinkie pie je dirais.
2014-10-18T19:19:35 <adriens33> ^^
2014-10-18T19:19:50 <MaCharon> ^^
2014-10-18T19:24:56 *** heuzef est parti
2014-10-18T19:25:35 <Jinxypie> Il lui prend quoi à flo ?
2014-10-18T19:25:44 <Jinxypie> Il a encore oublié de retirer son parapluie ?
2014-10-18T19:35:10 <adriens33> XD
2014-10-18T22:05:26 *** MaitrePanda s'est connecté
2014-10-18T22:05:30 *** MaitrePanda est parti
2014-10-18T23:28:20 *** TrappyTickles est parti
2014-10-18T23:38:16 *** Yvan33 s'est connecté
2014-10-18T23:48:29 <adriens33> bonsoir Yvan33
2014-10-18T23:48:38 <Yvan33> salut adriens
2014-10-18T23:48:42 <Yvan33> ca va?
2014-10-18T23:48:45 <adriens33> oui
2014-10-18T23:48:46 <adriens33> et toi ?
2014-10-18T23:48:52 <Yvan33> Ouais
2014-10-18T23:48:57 <adriens33> ^^
2014-10-18T23:49:00 <Yvan33> J'ai une celestia du mcdo
2014-10-18T23:49:03 <adriens33> oh!
2014-10-18T23:49:06 <Yvan33> Mais je voulais luna
2014-10-18T23:49:14 <Yvan33> Trop triste
2014-10-18T23:49:15 <adriens33> bah… t'es pas tombé loin. ^^
2014-10-18T23:49:20 <adriens33> t'as qu'à y retourner ;)
2014-10-18T23:49:20 <MaCharon> t'y est allé aujourd'hui du coup ?
2014-10-18T23:49:24 <Yvan33> Hier
2014-10-18T23:49:27 <Yvan33> Enfin
2014-10-18T23:49:35 <Yvan33> Peut être aujourd'hui
2014-10-18T23:49:45 <MaCharon> wut ?
2014-10-18T23:49:47 <adriens33> beh vendredi ou samedi ,
2014-10-18T23:49:49 <adriens33> ?
2014-10-18T23:49:51 <Yvan33> Bah
2014-10-18T23:49:53 <adriens33> (il est pas encore minuit ;) )
2014-10-18T23:49:59 <MaCharon> il est bourré
2014-10-18T23:50:02 <Yvan33> Vendredi j'ai fais un repas de classe
2014-10-18T23:50:03 <MaCharon> ivrogne !
2014-10-18T23:50:16 <adriens33> pas forcément, la mémoire est pas toujours des  plus fiables… ^^'
2014-10-18T23:50:18 <Yvan33> et comme on a rien mangé je suis passé au macdo
2014-10-18T23:50:39 <adriens33> j'oublie souvent des trucs perso… les gens ont tendance à croire que je le fais exprès parce que ça arrive souvent de manière récurrente ^^{
2014-10-18T23:50:41 <adriens33> * ^^'
2014-10-18T23:50:44 <Yvan33> Mais je sais pas si j'ai choppé le happyMeal ce matin à 1h ou hier à 23h50.
2014-10-18T23:50:49 <adriens33> ah
2014-10-18T23:50:49 <adriens33> ok
2014-10-18T23:50:51 <adriens33> ^^
2014-10-18T23:50:56 <adriens33> ça explique l'hésitation.
2014-10-18T23:50:59 <Yvan33> En parlant d'oubli
2014-10-18T23:51:20 <Yvan33> Je suis dans la période ou ils sont dans une boucle temporelle infini
2014-10-18T23:51:23 <adriens33> ?
2014-10-18T23:51:28 <MaCharon> ahahahah
2014-10-18T23:51:31 <Yvan33> C'est trop chiant, 9 épisodes que ca bouge pas
2014-10-18T23:51:34 <MaCharon> le meilleut moment
2014-10-18T23:51:36 <adriens33> de quoi tu parles ?
2014-10-18T23:51:41 <MaCharon> un anime
2014-10-18T23:51:42 <adriens33> ah
2014-10-18T23:51:45 <Yvan33> adriens => Suzumiya Haruhi no Yuutsu
2014-10-18T23:51:50 * adriens33 se sent totalement largué *
2014-10-18T23:51:55 <adriens33> (connais pas ^^' )
2014-10-18T23:52:19 <Yvan33> bah kevin me l'a conseillé
2014-10-18T23:52:27 <Yvan33> Mais sinon
2014-10-18T23:52:40 <Yvan33> Je pense organiser une partie d'EcoMonde
2014-10-18T23:52:40 <MaCharon> je t'en rajoute un a la liste d'ailleur (un petit anime que j'ai bcp aimé) "Trinity Blood"
2014-10-18T23:52:48 <Yvan33> Ok je note
2014-10-18T23:52:59 <Yvan33> Donc pour savoir
2014-10-18T23:53:05 <Yvan33> Si vous voudriez venir
2014-10-18T23:53:05 <MaCharon> quand ça ton JDR ?
2014-10-18T23:53:10 <Yvan33> Je sais pas encore
2014-10-18T23:53:16 <Jinxypie> Salut
2014-10-18T23:53:19 <Yvan33> La première semaine
2014-10-18T23:53:27 <Yvan33> adriens tu serais tenté?
2014-10-18T23:53:33 <Yvan33> Yo Jin
2014-10-18T23:53:34 <adriens33> bof… suis pas doué pour les jdr…
2014-10-18T23:53:42 <adriens33> pas que j'aime pas
2014-10-18T23:53:46 <Yvan33> Ah, tu as déjà joué ou bien?
2014-10-18T23:53:48 <adriens33> mais je bloque sur un rien
2014-10-18T23:53:49 <MaCharon> moi il me faudrait un heure et un jour, je suis pas en vacances
2014-10-18T23:53:50 <adriens33> un epu
2014-10-18T23:53:54 <adriens33> mais ça change rien…
2014-10-18T23:54:10 <Yvan33> bah le week end du coup
2014-10-18T23:54:19 <adriens33> les rp "virtuellement" (genre par forum ou autre) déjà j'ai du mal… irl c'est encore pire ^^{
2014-10-18T23:54:22 <adriens33> * ^^'
2014-10-18T23:54:25 <Yvan33> je vois
2014-10-18T23:54:43 <Yvan33> Tu bloque à prendre l'initiative?
2014-10-18T23:54:55 <adriens33> je bloque tout court…
2014-10-18T23:54:55 <MaCharon> nn mais potentiellement la semaine je peux mais ça depend de l'heure
2014-10-18T23:55:00 <adriens33> j'arrive même pas à réfléchir…
2014-10-18T23:55:17 <MaCharon> ah ben c'est pas toujours evident
2014-10-18T23:55:26 <adriens33> c'est pas juste "pas évident"…
2014-10-18T23:55:34 <adriens33> c'est chiant à vivre…
2014-10-18T23:55:34 <Yvan33> Ouais mais EcoMonde c'est un système hyper simple
2014-10-18T23:55:40 <adriens33> (c'est pas que poour les rp)
2014-10-18T23:55:44 <Yvan33> créé par heuzef
2014-10-18T23:55:46 <adriens33> Yvan33 là n'est pas le problème…
2014-10-18T23:56:23 <Yvan33> Oui je sais, j'ai remarqué que tu créais facilement une barrière sociale
2014-10-18T23:56:30 <adriens33> c'est pas moi qui la crée…
2014-10-18T23:56:38 <Yvan33> Tu sais d'où ça vient?
2014-10-18T23:56:38 <adriens33> c'est  un peu un handicap que j'ai en fait…
2014-10-18T23:56:43 <adriens33> beh non
2014-10-18T23:56:46 <adriens33> T.T
2014-10-18T23:56:53 <MaCharon> c'est comme les antibiotiques c'est automatique
2014-10-18T23:56:58 <Yvan33> XD
2014-10-18T23:57:00 <adriens33> c'est pas franchement drole…
2014-10-18T23:57:04 <MaCharon> >.>
2014-10-18T23:57:05 <Yvan33> Vasy c'est pas drole
2014-10-18T23:57:19 <Yvan33> Et tune sais pas non plus quel handicap je suppose
2014-10-18T23:57:28 <MaCharon> ma touche d'humour n'a pas fait mouche :/
2014-10-18T23:57:34 <adriens33> d'être tout le temps tout seul… de jamais pouvoir rien faire avec les autres sans bloquer sur tout… de jamais savoir quoi dire… sauf dans de rares cas…
2014-10-18T23:57:53 <Yvan33> Je vois, tu as du mal a sortir de ta bulle
2014-10-18T23:58:11 <adriens33> si vous voulez tout savoir ce que j'ai ça s'appelle de la phobie sociale. (si vous avez envie d'aller voir sur wikipédia)
2014-10-18T23:58:22 <adriens33> faudrait que j'aille voir un psy, mais même ça je bloque…
2014-10-18T23:58:32 <Yvan33> Hum je ne sais pas si ça t'aide, mais mon frère qui est autiste est un peu pareil
2014-10-18T23:58:39 <adriens33> je suis pas autiste, merci ><
2014-10-18T23:58:51 <Yvan33> C'est pas ce que j'insinu
2014-10-18T23:59:02 <MaCharon> genre de la timidité X 1000000 ?
2014-10-18T23:59:06 <Yvan33> Mais du coup je connais un peu le sujet car je le vie tout les jours
2014-10-18T23:59:16 <adriens33> justement ça serait limite mieux… parce que là le probleme de la phobie sociale justement c'est que t'es parfaitement conscient du handicap, et que ton comportement n'a aucune rationalité
2014-10-18T23:59:39 <adriens33> MaCharon: on peut voir ça comme ça… même si c'est pas juste de la timidité…
2014-10-18T23:59:39 <MaCharon> mmhh mmhh
2014-10-18T23:59:59 <adriens33> et que bah le fait de savoir que tu marches pas normalement ne fais que l'empirer…
2014-10-19T00:00:00 <MaCharon> c'est histoire d'avoir une base reference
