2015-01-08T00:16:28 *** flutterbrony est parti
2015-01-08T00:26:11 *** TrappyTickles_ est parti
2015-01-08T07:53:43 *** adriens33 s'est connecté
2015-01-08T09:59:57 *** TrappyTickles s'est connecté
2015-01-08T14:13:44 *** TrappyTickles est parti
2015-01-08T14:14:10 *** TrappyTickles s'est connecté
2015-01-08T14:53:01 *** adriens33 est parti
2015-01-08T15:56:34 *** adriens33 s'est connecté
2015-01-08T16:28:17 *** ELiDYROS s'est connecté
2015-01-08T16:30:03 <ELiDYROS> hello
2015-01-08T16:46:15 *** ELiDYROS est parti
2015-01-08T19:17:08 *** Gordfqng s'est connecté
2015-01-08T19:17:10 <Gordfqng> yo
2015-01-08T19:17:15 <Gordfqng> fuck
2015-01-08T19:17:29 *** Gordfang est parti
2015-01-08T19:17:50 *** Gordfang s'est connecté
2015-01-08T19:17:50 <Gordfang> la c'est mieux
2015-01-08T19:17:52 <Gordfang> la
2015-01-08T19:36:01 *** Gordfang est parti
2015-01-08T19:36:15 *** Gordfang s'est connecté
2015-01-08T20:14:20 <adriens33> hello
2015-01-08T20:15:19 <adriens33> je sais pas si t'étais la, la fois ou Leta' a dit qu'il avait miné le passage souterraint sur minecraft? bah je viens de trouver la tnt en fouinant la map en local, et effectivement c'était bien chargé
2015-01-08T20:15:41 <Gordfang> pourquoi il aurai fait ca?
2015-01-08T20:16:03 <adriens33> pour me faire chier XD c'était mon passage souterrain
2015-01-08T20:16:27 <adriens33> et je les ai trouvé les blocs de tnt, je viens de les enlever.
2015-01-08T20:16:54 <adriens33> (et je dois avoir quelque part le bout de log quand il en parle, mais flemme de chercher)
2015-01-08T20:17:18 <adriens33> anyway, je lui ai collé une petite surprise chez lui en remerciement ^^
2015-01-08T20:17:19 <Gordfang> logique
2015-01-08T20:18:44 <adriens33> comment va sinon ?
2015-01-08T20:23:21 <Gordfang> mouai j'ai eu mes partiel
2015-01-08T20:28:57 <adriens33> ah^^ et ça a été?
2015-01-08T20:37:39 <Gordfang> mon réveil a pas sonner...
2015-01-08T20:49:05 <adriens33> sérieux ? -_-
2015-01-08T20:51:14 <Gordfang> yep ^^ je vais voir pour repasser l'épreuve que j'ai manquer
2015-01-08T20:53:50 <adriens33> bah ouai, ça vaudra mieux… XD
