2014-11-28T00:27:37 *** TrappyTickles est parti
2014-11-28T03:57:26 *** Gordfang est parti
2014-11-28T07:32:45 *** adriens33 s'est connecté
2014-11-28T09:16:28 *** heuzef s'est connecté
2014-11-28T10:09:28 *** TrappyTickles s'est connecté
2014-11-28T10:16:02 *** TrappyTickles est parti
2014-11-28T10:16:50 *** TrappyTickles s'est connecté
2014-11-28T10:47:28 *** heuzef est parti
2014-11-28T10:48:08 *** Jinxypie s'est connecté
2014-11-28T10:51:22 *** strycore est parti
2014-11-28T10:56:47 <Jinxypie> Hum...
2014-11-28T10:56:48 <Jinxypie> Salut
2014-11-28T11:01:56 *** TrappyTickles_ s'est connecté
2014-11-28T11:05:24 *** TrappyTickles est parti
2014-11-28T11:11:30 <adriens33> hello Jinxypie
2014-11-28T11:24:18 *** heuzef s'est connecté
2014-11-28T11:24:29 *** heuzef est parti
2014-11-28T11:25:23 *** heuzef s'est connecté
2014-11-28T11:37:33 *** DarkNight5047 s'est connecté
2014-11-28T11:37:38 <DarkNight5047> salut
2014-11-28T11:37:53 <heuzef> Yop
2014-11-28T11:37:56 <adriens33> hello
2014-11-28T11:38:24 <heuzef> DarkNight5047 désolé pour l'orga chaotique c'est dernier temps
2014-11-28T11:38:40 <DarkNight5047> c'est rien ^^
2014-11-28T11:38:41 <heuzef> J'essaie de prendre un peu de temps ce WK pour vous accueillir correctement ;)
2014-11-28T11:38:46 <Jinxypie> orga bronycub quoi...
2014-11-28T11:39:01 <heuzef> En même temps j'ai tellement d'aide
2014-11-28T11:39:12 <adriens33> Jinxypie est en forme ce matin, en forme de troll plus précisément ^^
2014-11-28T11:39:13 <heuzef> Me sent un peu seul quand même pour les inscriptions :/
2014-11-28T11:39:32 <heuzef> !voice DarkNight5047
2014-11-28T11:39:38 <Jinxypie> adriens33, toujours quand je bosse d'arrache pieds pour un truc.
2014-11-28T11:39:44 <adriens33> heuzef
2014-11-28T11:39:50 <adriens33> pense à l'ajouter en conf
2014-11-28T11:39:52 <DarkNight5047> j'aurais aimer t'aider :D
2014-11-28T11:39:59 <adriens33> !flag set +v DarkNight5047
2014-11-28T11:40:04 <adriens33> (moi je peux pas)
2014-11-28T11:40:12 <heuzef> !flag set +v DarkNight5047
2014-11-28T11:40:15 <heuzef> ok
2014-11-28T11:40:29 <adriens33> (c'est pour l'«inscription» sur le bot ^^)
2014-11-28T11:40:37 <heuzef> ok
2014-11-28T11:40:51 <heuzef> Possible de faire un super alias !inscription ?
2014-11-28T11:41:05 <DarkNight5047> ?
2014-11-28T11:41:12 <Jinxypie> Et qui c'est le blaireau qui va devoir faire le choix entre trois possibilités ?
2014-11-28T11:41:21 <Jinxypie> Bordel à queue...
2014-11-28T11:41:26 <adriens33> Jinxypie
2014-11-28T11:41:37 <adriens33> de quoi  tu parles ?
2014-11-28T11:41:51 <Jinxypie> Je sais qu'ikea vend des tabourets, mais il font aussi la corde ?
2014-11-28T11:41:56 <adriens33> ...
2014-11-28T11:42:06 <DarkNight5047> surement
2014-11-28T11:42:21 <adriens33> tu veux la tarte en option ? :P
2014-11-28T11:42:24 <DarkNight5047> prend le pack ^^
2014-11-28T11:43:38 *** TrappyTickles_ est parti
2014-11-28T11:44:04 <Jinxypie> Yeah ! Jinxy powa ! Je fais jamais rien à moitié !
2014-11-28T11:52:12 *** DarkNight5047 est parti
2014-11-28T11:53:30 *** heuzef est parti
2014-11-28T12:12:26 <Jinxypie> Beuharf
2014-11-28T13:00:33 *** Gordfang s'est connecté
2014-11-28T13:00:58 <Gordfang> yo
2014-11-28T13:10:55 *** adriens33 est parti
2014-11-28T13:11:20 *** adriens33 s'est connecté
2014-11-28T14:22:15 <adriens33> hello Gordfang je t'avais pas vu :P
2014-11-28T14:24:13 <adriens33> sinon Jinxypie à part ce que tu m'as dit en mp, quoi  de neuf ? :P
2014-11-28T14:45:53 <Jinxypie> rien
2014-11-28T14:46:02 <Jinxypie> Et j'ai éliminé une des options
2014-11-28T14:46:31 <Jinxypie> J'avance doucement dans la création de la base de données de ma boite
2014-11-28T14:46:38 <Jinxypie> Et je prépare mon jeu en parallelle
2014-11-28T14:49:44 <adriens33> ok
2014-11-28T14:49:53 <adriens33> t'as éliminé une option…
2014-11-28T14:50:02 <adriens33> au sens figuré j'espère ? ^^"
2014-11-28T14:50:37 <Jinxypie> Euh
2014-11-28T14:50:48 <Jinxypie> Oui... Au sens figuré...
2014-11-28T14:50:49 <adriens33> (on sait jamais avec toi XD)
2014-11-28T14:50:52 *** heuzef s'est connecté
2014-11-28T14:50:53 <Jinxypie> On peut dire ça comme ça...
2014-11-28T14:51:13 <adriens33> désolé. j'ai un hunour pas terrible je sais ^^"
2014-11-28T14:51:16 <adriens33> hello heuzef
2014-11-28T14:51:24 <Jinxypie> Monsieur le juge, je vous assure ne pas avoir de lien avec cet homicide
2014-11-28T14:51:28 <Jinxypie> euh...
2014-11-28T14:51:32 <Jinxypie> désolé, réflexe ^^
2014-11-28T14:51:35 <adriens33> XDDDD
2014-11-28T14:51:49 <adriens33> ouai ouai
2014-11-28T14:51:52 <adriens33> on dit ça…
2014-11-28T14:52:05 <Jinxypie> Fais gaffe, t'es entrain de te transformer en contrat ^^
2014-11-28T14:52:29 <adriens33> je croyais que vous étiez repentant ?
2014-11-28T14:52:45 <Jinxypie> Oui mais pas encore repenti
2014-11-28T14:52:47 <adriens33> XD
2014-11-28T15:01:02 <adriens33> Et ton jeu donc ça avance bien ou pas ?
2014-11-28T15:15:13 *** MaCharon s'est connecté
2014-11-28T15:15:18 <MaCharon> salut
2014-11-28T15:17:11 <adriens33> hello MaCharon
2014-11-28T15:17:32 <MaCharon> cc
2014-11-28T15:17:54 <heuzef> cécé
2014-11-28T15:18:06 <MaCharon> ...-_-"
2014-11-28T15:18:25 <MaCharon> rendort toi heuzef
2014-11-28T15:18:29 <adriens33> *badum tss*
2014-11-28T15:18:36 <heuzef> point point point
2014-11-28T15:18:41 <adriens33> (désolé j'ai du lag dans le cerveau)
2014-11-28T15:18:46 <MaCharon> >_>
2014-11-28T15:18:59 <adriens33> supérieur à trait supérieur à vide
2014-11-28T15:19:03 <heuzef> :D
2014-11-28T15:19:14 <adriens33> (merde c'est contagieux :O)
2014-11-28T15:19:25 <heuzef> deux point O majuscule !
2014-11-28T15:19:49 <adriens33> 2
2014-11-28T15:19:55 <adriens33> 12
2014-11-28T15:19:57 <adriens33> 1112
2014-11-28T15:19:59 <adriens33> 3112
2014-11-28T15:20:02 <adriens33> 132112
2014-11-28T15:20:08 <adriens33> 1113122112
2014-11-28T15:20:15 <adriens33> 311311222112
2014-11-28T15:20:30 <adriens33> 13211321322112
2014-11-28T15:20:51 <MaCharon> faut le ben pour spam !
2014-11-28T15:20:54 <MaCharon> ban*
2014-11-28T15:20:56 <adriens33> nope
2014-11-28T15:21:08 <MaCharon> :/
2014-11-28T15:21:09 <adriens33> 1113122113121113222112
2014-11-28T15:21:22 <adriens33> 31131122211311123113322112
2014-11-28T15:21:28 <MaCharon> *s'enfuit*
2014-11-28T15:21:38 <adriens33> comme l'hivert ? >:)
2014-11-28T15:21:41 <adriens33> *hiver
2014-11-28T15:22:47 <adriens33> 132113213221133112132123222112
2014-11-28T15:49:24 <adriens33> tain quel silence
2014-11-28T16:09:27 *** heuzef est parti
2014-11-28T16:09:53 *** heuzef s'est connecté
2014-11-28T16:20:14 *** heuzef est parti
2014-11-28T16:20:37 *** heuzef s'est connecté
2014-11-28T18:10:00 *** Yvan33 s'est connecté
2014-11-28T18:29:39 *** Yvan33 est parti
2014-11-28T18:45:32 *** heuzef est parti
2014-11-28T18:46:38 *** Gordfang est parti
2014-11-28T19:38:31 *** adriens33 est parti
2014-11-28T19:38:57 *** adriens33 s'est connecté
2014-11-28T20:05:27 *** adriens33 est parti
2014-11-28T20:06:26 *** adriens33 s'est connecté
2014-11-28T20:59:14 <MaCharon> Jinxy es tu la ?
2014-11-28T21:00:03 <adriens33> si tu veux le highlight met son pseudo complet
2014-11-28T21:00:12 <adriens33> sinon hexchat lui signalera pas ;)
2014-11-28T21:00:16 <adriens33> Jinxypie ?
2014-11-28T21:00:28 <MaCharon> JINXYPIE !
2014-11-28T21:00:35 <MaCharon> :D
2014-11-28T21:00:42 <Jinxypie> oui ?
2014-11-28T21:00:59 <MaCharon> une game LoL ça te dit ?
2014-11-28T21:01:10 <Jinxypie> Je suis avec yvan sur TS
2014-11-28T21:01:18 <MaCharon> Oo
2014-11-28T21:01:18 <Jinxypie> tu veux faire quoi comme game ?
2014-11-28T21:01:26 <MaCharon> une classique
2014-11-28T21:33:34 <adriens33> sinon quoi de neuf MaCharon  ?
2014-11-28T21:34:16 <MaCharon> ben je glande moins qu'avant deja
2014-11-28T21:34:33 <MaCharon> je fais des journées completes
2014-11-28T21:34:50 <MaCharon> j'ai commencé une pré-orientation
2014-11-28T21:35:24 <adriens33> ah ^^
2014-11-28T21:36:12 <MaCharon> j'en ai pour 2-3mois
2014-11-28T21:38:11 <MaCharon> et j'ai aussi un putain de torticolis de merde depuis 2 jours >_<
2014-11-28T21:49:26 <adriens33> ah ça c'est pas cool par contre ><
2014-11-28T21:49:59 <MaCharon> :/
