2014-10-30T00:21:19 *** TrappyTickles est parti
2014-10-30T00:23:00 *** Tsumenokage est parti
2014-10-30T00:35:27 *** strycore est parti
2014-10-30T00:43:56 <Gordfang> bon aller j'y go
2014-10-30T00:43:57 <Gordfang> ++
2014-10-30T00:44:01 *** Gordfang est parti
2014-10-30T01:21:17 *** MaCharon est parti
2014-10-30T01:46:25 *** Jinxypie s'est connecté
2014-10-30T04:11:06 *** Ikledoreboline s'est connecté
2014-10-30T04:11:32 <Ikledoreboline> Salut Jinx, si présent.
2014-10-30T04:47:04 <Jinxypie> yep
2014-10-30T04:47:17 <Jinxypie> Désolé, j'avais désactivé le son d'irc.
2014-10-30T04:47:22 <Jinxypie> Que puis-je pour toi ?
2014-10-30T04:57:53 <Ikledoreboline> Rien de spécial, je passe juste le bonsoir ;)
2014-10-30T05:01:47 <Jinxypie> Soir ?
2014-10-30T05:01:51 <Jinxypie> à 5h du mat ?
2014-10-30T05:08:02 <Ikledoreboline> Bah, le soleil se lève vers 7h31 donc ouais XD
2014-10-30T05:09:01 <Ikledoreboline> 7h34 pour être précis x)
2014-10-30T06:15:22 <Jinxypie> Hum...
2014-10-30T06:15:43 <Jinxypie> J'aime à quel point le bip de nouveau message se déclenche avec une heure de retard...
2014-10-30T06:15:50 <Ikledoreboline> xD
2014-10-30T06:16:01 <Jinxypie> Bien chiant...
2014-10-30T06:16:31 <Ikledoreboline> Moi je regarde que la petite notif sur le bandeau ^^
2014-10-30T06:16:44 <Jinxypie> J'ai EvE en full screen
2014-10-30T06:16:55 <Ikledoreboline> Ah ok x)
2014-10-30T06:17:09 <Jinxypie> Donc je tab à chaque gate
2014-10-30T06:17:25 <Ikledoreboline> ^^
2014-10-30T06:17:31 <Jinxypie> Mais comme je minais je suis resté une heure à glander en espérant pas prendre de rats sur la tronche...
2014-10-30T06:17:52 <Ikledoreboline> C'est des vaisseaux les "rats" ? xD
2014-10-30T06:18:12 <Jinxypie> Yep, c'est un surnom pour les npc qui pop dans les belts et qui font bien chier.
2014-10-30T06:18:16 <Jinxypie> Surtout en retriev
2014-10-30T06:18:34 <Ikledoreboline> ^^
2014-10-30T06:19:09 <Ikledoreboline> J'ai pas vraiment eut l'occasion et l'envie de mettre la main dedans. Même si il m'intéresse >.^
2014-10-30T06:19:37 <Jinxypie> Sympa, complexe, mais sympa.
2014-10-30T06:19:53 <Jinxypie> Tu as tout dedans, pvp, pve, commerce...
2014-10-30T06:20:15 <Ikledoreboline> Justement, c'est le concept de la liberté totale qui me plait ^^
2014-10-30T06:20:42 <Jinxypie> Yep, bon faut aimer être en danger permanent
2014-10-30T06:20:49 <Jinxypie> (pas de flag pvp dans eve, c'est open)
2014-10-30T06:21:25 <Ikledoreboline> Bah ça dépend
2014-10-30T06:21:27 <Ikledoreboline> Les zones ^^
2014-10-30T06:21:34 <Jinxypie> Nop
2014-10-30T06:21:52 <Jinxypie> Un hulk peut se faire suicide gank même en 1.0
2014-10-30T06:22:00 <Ikledoreboline> Oui, enfin voilà
2014-10-30T06:22:08 <Ikledoreboline> Mais ça dépend x)
2014-10-30T06:22:15 <Jinxypie> Valeur du hulk => 500M fité
2014-10-30T06:22:28 <Jinxypie> Valeur des ships pour le suicide gank => 5M grand max
2014-10-30T06:22:36 <Ikledoreboline> x)
2014-10-30T06:23:06 <Jinxypie> Pour peu que t'ais en orca à coté, t'as moyen de rembourser le gank rien qu'avec la soute.
2014-10-30T06:23:40 <Jinxypie> Pareil, pas de commerce npc
2014-10-30T06:23:49 <Jinxypie> Tout est forcément craft par des joueurs
2014-10-30T06:23:59 <Ikledoreboline> N'empêche, il y a des histoires plutôt étonnante en relation avec Eve, des personnes qui achètent des vaisseaux à 1000€ damn x)
2014-10-30T06:24:02 <Jinxypie> La seule exception c'est les loots des npc
2014-10-30T06:24:14 <Jinxypie> Un vaisseau à 1000€ ? non
2014-10-30T06:24:23 <Ikledoreboline> Un truc dans le genre ^^
2014-10-30T06:24:37 <Jinxypie> Un perso avec les skills pour un titan mastery 4 à 1000€ en revanche.
2014-10-30T06:24:43 <Jinxypie> Le pire c'est le T3
2014-10-30T06:24:46 <Ikledoreboline> Un des gars qui avait eut l'un des plus gros vaisseaux du jeu était sortie d'une station et c'était fait instant destroy
2014-10-30T06:25:10 <Jinxypie> Un pilote skill T3 mastery 5 ça vaut 5k€ sur ebay.
2014-10-30T06:25:21 <Ikledoreboline> x_x"
2014-10-30T06:25:31 <Jinxypie> Boaf, un titan ça peut se faire gank facilement avec des croiseurs.
2014-10-30T06:25:51 <Jinxypie> Et 5000€ pour un perso qui prend 1100jours à skill...
2014-10-30T06:26:12 <Ikledoreboline> x) faut vraiment faire du multi compte ça vaut pas le coup sinon ^^
2014-10-30T06:26:50 <Jinxypie> Pas forcément.
2014-10-30T06:27:05 <Jinxypie> Tu peux sortir un Battleship en 3 jours.
2014-10-30T06:27:10 <Jinxypie> Et un T2 en un mois.
2014-10-30T06:28:00 <Ikledoreboline> Ouais enfin faut pas sortir de chez sois x)
2014-10-30T06:28:21 <Ikledoreboline> Enfin, à partir du moment où tu joues à ce jeu, tu sais à quoi t'attendre donc en fait.. x)
2014-10-30T06:28:24 <Jinxypie> Boarf, avec la skillqueue de 24h faut juste passer une fois par jour.
2014-10-30T06:28:44 <Ikledoreboline> ^^
2014-10-30T06:32:09 <Ikledoreboline> Sinon tu penses à dormir ou à rester sur des horaires non fixés ? x)
2014-10-30T06:52:41 *** Lenile s'est connecté
2014-10-30T06:53:11 *** Lenile est parti
2014-10-30T06:53:34 <Ikledoreboline> Ah, raté l'arrivée de Lenile ^^
2014-10-30T06:55:59 <Jinxypie> héhé, là j'en suis à tailler en pièces tout ce qui bouge ^^
2014-10-30T06:56:29 <Jinxypie> bon, ça suce de la munition les minmatar, mais ça pique
2014-10-30T06:56:48 <Ikledoreboline> Jusqu'au moment ou tu vas te faire... par des joueurs en groupe x)
2014-10-30T06:58:18 <Jinxypie> Bon courage à eux
2014-10-30T06:58:20 <Ikledoreboline> Oh tiens je te mp pour un truc. x)
2014-10-30T06:58:38 <Jinxypie> Pour me chopper faut aller aussi vite que moi, me détecter en mode furtif, et résister à mon alpha.
2014-10-30T06:59:02 <Ikledoreboline> Ton vaisseau monte à combien ?
2014-10-30T08:37:46 *** Bybeez s'est connecté
2014-10-30T08:37:49 <Bybeez> Salut les gens
2014-10-30T08:38:47 <Ikledoreboline> Salut Bybeez
2014-10-30T08:39:08 <Bybeez> Comment ça va ?
2014-10-30T08:39:53 <Ikledoreboline> Hu, veux pas en parler et toi ?
2014-10-30T08:40:10 <Bybeez> ça va
2014-10-30T08:40:40 <Ikledoreboline> nice ^^
2014-10-30T08:43:11 <Ikledoreboline> Quoi de beau ?
2014-10-30T08:56:59 *** heuzef s'est connecté
2014-10-30T08:58:24 *** heuzef est parti
2014-10-30T08:58:53 *** heuzef s'est connecté
2014-10-30T09:11:05 <Ikledoreboline> Yop
2014-10-30T09:12:10 <heuzef> plop
2014-10-30T09:19:28 *** TrappyTickles s'est connecté
2014-10-30T09:20:13 <TrappyTickles> oi les poneys
2014-10-30T09:20:23 <heuzef> ;)
2014-10-30T09:20:37 <Ikledoreboline> Salut trappy
2014-10-30T09:21:53 <heuzef> Au faite Ikledoreboline j'ai pas pu retourner à l'Aiki de toute la semaine, et je pourrais pas non plus y retourner le semaine prochaine :/
2014-10-30T09:22:37 <Ikledoreboline> Ok, bah de toute façon je crois que pour cette année faire un sport c'est mort pour moi, j'ai un peu la haine.. Je suis en manque de temps
2014-10-30T09:23:26 <Ikledoreboline> sur mes 2 semaines de vacances j'ai eut 1-2 jours à moi et encore car j'ai fait des nuits blanches, j'en ai un peu marre..
2014-10-30T09:24:04 <heuzef> :(
2014-10-30T10:02:06 *** heuzef est parti
2014-10-30T10:04:47 *** heuzef1 s'est connecté
2014-10-30T10:44:58 *** Tsumenokage s'est connecté
2014-10-30T10:45:17 <Tsumenokage> Salut
2014-10-30T10:45:25 <heuzef1> yo =)
2014-10-30T10:45:55 <Bybeez> Wesh
2014-10-30T10:47:02 <Bybeez> Tranquillou
2014-10-30T11:03:39 <heuzef1> prout
2014-10-30T11:23:10 <TrappyTickles> putain font chier!
2014-10-30T11:23:21 <TrappyTickles> plug.dj refuse les connexions via twitter et g+ maintenant
2014-10-30T11:23:36 <heuzef1> Obliger de ce faire un compte ?
2014-10-30T11:23:47 <TrappyTickles> oui ou de passer par facebook
2014-10-30T11:23:52 <heuzef1> lol !
2014-10-30T11:24:02 <TrappyTickles> facebook, celui des 3 qui flique le plus
2014-10-30T11:24:05 <TrappyTickles> fucl logic
2014-10-30T11:24:08 <TrappyTickles> fuck*
2014-10-30T11:24:25 <heuzef1> ba ouais
2014-10-30T11:24:32 <heuzef1> Celui des 3 qui est bien mal branlé aussi
2014-10-30T11:25:47 <TrappyTickles> et l'un d'eux c'est un cheval tout mimi ^^
2014-10-30T11:26:31 <Tsumenokage> ^^
2014-10-30T11:27:32 <heuzef1> Ouais bof
2014-10-30T11:27:45 <heuzef1> J'aime moyen ce style de dessin
2014-10-30T11:34:01 *** heuzef1 est parti
2014-10-30T11:55:35 *** Ambrocidus s'est connecté
2014-10-30T11:55:42 <Ambrocidus> Bonjour
2014-10-30T11:56:04 <Bybeez> Yo
2014-10-30T11:56:24 <Tsumenokage> Salut
2014-10-30T12:09:11 *** heuzef s'est connecté
2014-10-30T12:11:29 *** Simplet_42 s'est connecté
2014-10-30T12:16:05 <Ambrocidus> heuzef: mail
2014-10-30T12:17:05 <heuzef> Ambrocidus: rien reçu =)
2014-10-30T12:22:37 <Ambrocidus> au contact@heuzef.
2014-10-30T12:22:59 <heuzef> bien reçu (a l'instant)
2014-10-30T12:27:58 *** heuzef1 s'est connecté
2014-10-30T12:29:09 *** heuzef est parti
2014-10-30T12:34:41 *** Simplet_42 est parti
2014-10-30T12:47:22 *** Gordfang s'est connecté
2014-10-30T12:47:26 <Gordfang> yo all!
2014-10-30T12:47:54 <Bybeez> Yo !
2014-10-30T12:47:59 <heuzef> ;)
2014-10-30T12:48:16 <heuzef> Je suis super content
2014-10-30T12:48:30 <Bybeez> pourquoi ?
2014-10-30T12:49:21 <heuzef> Nightmare Night ! Organisé aux pti ognions avec planning, event, agenda, tounois, JV et tous le tralala
2014-10-30T12:49:35 <heuzef> Sans la moindre intervention de ma part
2014-10-30T12:49:50 <Tsumenokage> ^^
2014-10-30T12:49:59 <heuzef> Et en plus par Alex, pas connu pour être très à l'aise socialement à la base
2014-10-30T12:50:03 <heuzef> ça fait chaud au coeur
2014-10-30T12:50:49 <heuzef> Pour moi c'est le signe que le collectif à grandement evoluer
2014-10-30T12:54:46 <Gordfang> je pourrai pas être la moi malheuresement :(
2014-10-30T13:04:58 *** Gordfang est parti
2014-10-30T13:05:34 *** Gordfang s'est connecté
2014-10-30T13:48:04 *** Ambrocidus est parti
2014-10-30T14:16:59 *** Jinxypie est parti
2014-10-30T14:18:04 *** heuzef est parti
2014-10-30T14:21:27 *** heuzef s'est connecté
2014-10-30T15:50:30 *** Gordfang est parti
2014-10-30T16:37:23 *** Tsumenokage est parti
2014-10-30T16:57:57 <TrappyTickles> c'est un jeu de plateau vieux comme le monde mais bon, poney!
2014-10-30T17:04:24 <heuzef> The item or section you are trying to view has specific privacy settings enabled and cannot be viewed at this time.
2014-10-30T17:04:32 <heuzef> ;)
2014-10-30T17:06:25 *** Ambrocidus s'est connecté
2014-10-30T17:16:53 *** heuzef est parti
2014-10-30T17:17:21 *** heuzef s'est connecté
2014-10-30T17:48:20 *** Ambrocidus est parti
2014-10-30T18:11:59 *** MaCharon s'est connecté
2014-10-30T18:12:05 <MaCharon> salut
2014-10-30T18:18:23 <TrappyTickles> tain fait chier, c'est pourtant set sur everypony :/
2014-10-30T18:19:10 <TrappyTickles> et omg je viens de faire un vector de fluttershy, il est TROP beau, sans me jeter des fleurs ^^
2014-10-30T18:19:28 <MaCharon> XD
2014-10-30T18:21:57 <TrappyTickles> tain je rougis tout seul comme un con XD
2014-10-30T18:22:54 <MaCharon> ahah ^^
2014-10-30T18:24:11 <MaCharon> vas y j'attend
2014-10-30T18:35:20 *** heuzef est parti
2014-10-30T18:46:25 <TrappyTickles> http://www.furaffinity.net/view/14883191/ voila ^^
2014-10-30T18:46:45 <MaCharon> kawaii ^^
2014-10-30T18:47:46 *** Jinxypie s'est connecté
2014-10-30T18:47:58 <Jinxypie> Tien, zavez vu, remy est lisse.
2014-10-30T18:48:21 <MaCharon> ouai ça fait bizarre
2014-10-30T18:51:08 <Bybeez> Kawaii desu ne
2014-10-30T19:01:59 <Jinxypie> Mouais, perso faut que je trouve qui a dessiné ça : http://fc09.deviantart.net/fs71/i/2013/293/d/3/jinx_by_mice_king-d6r565g.jpg
2014-10-30T19:02:19 <Jinxypie> (je me ferai bien la tenue btw)
2014-10-30T19:02:35 <MaCharon> jolie mais je prefere quand même la Jinx de base ^^
2014-10-30T19:02:57 <Jinxypie> Yep, mais c'est dat super base de crossplay
2014-10-30T19:03:13 <MaCharon> c'est vrai
2014-10-30T19:07:43 *** Tsumenokage s'est connecté
2014-10-30T19:07:49 <Tsumenokage> re
2014-10-30T20:32:50 <Bybeez> Re
2014-10-30T21:19:00 <Bybeez> Des fois je deteste l'electro (souvent en fait : https://www.youtube.com/watch?v=chOtemRAYNc
2014-10-30T21:19:29 <Bybeez> alors qu'il existe ça ! https://www.youtube.com/watch?v=eQemvyyJ--g
2014-10-30T21:19:48 <Bybeez> (j'adore la dance de la fée dragée)
2014-10-30T23:23:29 *** Bybeez est parti
2014-10-30T23:51:14 *** Tsumenokage est parti
2014-10-30T23:51:23 *** TrappyTickles est parti
