2014-08-05T00:04:45 *** adriens33 est parti
2014-08-05T00:16:14 *** Bybeez est parti
2014-08-05T00:39:27 *** ValCab33 est parti
2014-08-05T00:57:27 *** Letarumavza est parti
2014-08-05T01:00:23 *** ELiDYROS s'est connecté
2014-08-05T01:00:30 *** ELiDYROS est parti
2014-08-05T06:51:20 <Berry-Punch> Voilà ce qu'il s'est passé ces 10 dernières *hic* lignes, adriens33
2014-08-05T06:51:21 *** adriens33 s'est connecté
2014-08-05T07:03:39 *** adriens33 est parti
2014-08-05T09:22:36 <Berry-Punch> Salut tout le *hic* monde !
2014-08-05T09:22:36 *** Berry-Punch s'est connecté
2014-08-05T09:22:50 <Berry-Punch> Flags de adriens33 modifiés *hic* : +v
2014-08-05T09:22:50 <adriens33> !voice adriens33
2014-08-05T09:22:55 <Berry-Punch> Flags *hic* de heuzef modifiés : +v
2014-08-05T09:22:55 <adriens33> !voice heuzef
2014-08-05T09:27:05 <heuzef> ;)
2014-08-05T09:41:45 *** heuzef est parti
2014-08-05T09:43:05 *** heuzef s'est connecté
2014-08-05T09:44:48 *** heuzef est parti
2014-08-05T09:50:46 *** heuzef s'est connecté
2014-08-05T10:06:06 *** Bybeez s'est connecté
2014-08-05T10:06:31 <Bybeez> Salut !
2014-08-05T10:10:24 <adriens33> hello
2014-08-05T10:15:00 <heuzef> plop
2014-08-05T10:18:50 <Bybeez> Comment ça va ?
2014-08-05T10:27:50 *** ValCab33 s'est connecté
2014-08-05T10:27:57 <ValCab33> Hello
2014-08-05T10:41:00 <Bybeez> hello, moi j'y vais, je reviens dans 2h a peu près a+
2014-08-05T10:41:07 *** Bybeez est parti
2014-08-05T10:44:59 *** ValCab33 est parti
2014-08-05T10:52:39 *** adriens33 est parti
2014-08-05T11:20:16 *** ValCab33 s'est connecté
2014-08-05T11:22:27 *** Lezarius s'est connecté
2014-08-05T11:22:37 <Lezarius> Salut
2014-08-05T11:23:45 <Lezarius> heuzef: tu peux appeller wildfier plz j ai plus de tel
2014-08-05T11:25:17 <heuzef> ?
2014-08-05T11:25:37 *** ValCab33 est parti
2014-08-05T11:27:08 <heuzef> Je lui est envoyer un SMS pour lui dire que tu est sur IRC
2014-08-05T11:27:54 *** wildfier s'est connecté
2014-08-05T11:27:55 <wildfier> hi guys !
2014-08-05T11:28:15 <wildfier> tu voulais me parler Lezarius
2014-08-05T11:28:16 <wildfier> ?
2014-08-05T11:29:06 <Lezarius> Ouais
2014-08-05T11:29:25 <Lezarius> Je decolle la tu te met devant inge sup dans genre 5mm =P
2014-08-05T11:30:25 <heuzef> Salut wildfier =)
2014-08-05T11:30:48 <Lezarius> Oui car j ai plus de tel la =D Merci maman de me cope le forfait
2014-08-05T11:31:35 <Lezarius> wildfier: recu ?
2014-08-05T11:32:22 <heuzef> Lezarius prend toi ton propre forfait comme ça t'es tranquille
2014-08-05T11:32:39 <wildfier> oui reçu
2014-08-05T11:32:48 <Lezarius> heuzef: j ai ;on argent que le 12 ><
2014-08-05T11:34:40 <wildfier> je t'attends à la porte qui donne sur les quais
2014-08-05T11:36:29 <heuzef> Quoi de neuf sinon wildfier =)
2014-08-05T11:37:29 *** Lezarius est parti
2014-08-05T11:40:18 *** ValCab33 s'est connecté
2014-08-05T11:46:23 *** ValCab33 est parti
2014-08-05T11:48:32 *** ValCab33 s'est connecté
2014-08-05T11:53:13 *** ValCab33 est parti
2014-08-05T11:54:20 *** heuzef1 s'est connecté
2014-08-05T11:55:21 *** ValCab33 s'est connecté
2014-08-05T11:55:47 *** heuzef est parti
2014-08-05T11:56:02 <Berry-Punch> Je suis désolé heuzef1, mais *hic* je n'ai pas le droit de te laisser faire ça.
2014-08-05T11:56:02 <heuzef1> !voice heuzef1
2014-08-05T11:56:20 *** heuzef1 est parti
2014-08-05T11:56:30 *** heuzef s'est connecté
2014-08-05T11:56:30 *** heuzef est parti
2014-08-05T11:56:40 *** heuzef s'est connecté
2014-08-05T11:56:44 <heuzef> Re
2014-08-05T11:56:49 <Berry-Punch> Flags *hic* de heuzef1 modifiés : +v
2014-08-05T11:56:49 <heuzef> !voice heuzef1
2014-08-05T11:56:59 <Berry-Punch> Je suis désolé heuzef, mais je n'ai *hic* pas le droit de te laisser faire ça.
2014-08-05T11:56:59 <heuzef> !op heuzef1
2014-08-05T11:57:07 <heuzef> Voila comme ça c'est bon
2014-08-05T11:57:13 <heuzef> Merde a la fin ^^
2014-08-05T11:59:11 *** heuzef1 s'est connecté
2014-08-05T12:00:07 *** heuzef1 est parti
2014-08-05T12:03:34 *** heuzef est parti
2014-08-05T12:05:10 *** heuzef s'est connecté
2014-08-05T12:33:36 *** ValCab33 est parti
2014-08-05T12:34:00 *** ValCab33 s'est connecté
2014-08-05T12:38:04 *** heuzef est parti
2014-08-05T12:41:08 *** heuzef s'est connecté
2014-08-05T12:49:42 *** heuzef est parti
2014-08-05T12:52:27 *** strycore s'est connecté
2014-08-05T12:52:31 <strycore> http://www.bbcgoodfood.com/recipes/2331641/basic-muffin-recipe
2014-08-05T12:52:42 <strycore> qu'est ce que vous faites dans la vie, damette
2014-08-05T12:52:51 *** strycore est parti
2014-08-05T12:55:19 *** heuzef s'est connecté
2014-08-05T13:36:36 *** wildfier est parti
2014-08-05T14:11:53 <Berry-Punch> Voilà *hic* ce qu'il s'est passé ces 10 dernières lignes, adriens33
2014-08-05T14:11:54 *** adriens33 s'est connecté
2014-08-05T14:19:42 *** Rei s'est connecté
2014-08-05T14:19:46 <Rei> Salut les gens
2014-08-05T14:20:50 <Rei> Flo tant que tu es la, je viens confirmer que je ne pourrai pas etre la pour l'anniversaire de BC..
2014-08-05T14:21:35 <adriens33> coucou :)
2014-08-05T14:21:53 <Rei> re adrien
2014-08-05T14:25:28 <Rei> nuh
2014-08-05T14:25:31 <Rei> nyuh
2014-08-05T14:25:41 * Berry-Punch lance un muffin sur Rei à 131 km/h
2014-08-05T14:25:41 <adriens33> !muffin Rei
2014-08-05T14:25:52 <Rei> XD aieuhhh
2014-08-05T14:26:02 <adriens33> ça va, il était pas rapide celui là
2014-08-05T14:26:44 * Berry-Punch lance un muffin sur Rei à 3980 km/h
2014-08-05T14:26:44 <Berry-Punch> MUFFIN RAINBOOM *hic* !!
2014-08-05T14:26:44 <adriens33> !muffin Rei m
2014-08-05T14:27:14 <Rei> XD *s'évanouie*
2014-08-05T14:27:20 <adriens33> ooh mince
2014-08-05T14:27:26 * adriens33 mange les muffins
2014-08-05T14:27:38 <Rei> XD
2014-08-05T14:32:03 <heuzef> t'as osé cheaté la commande muffin !
2014-08-05T14:32:09 * Berry-Punch lance un muffin sur adriens33 à 2513 km/h
2014-08-05T14:32:09 <Berry-Punch> MUFFIN RAINBOOM *hic* !!
2014-08-05T14:32:09 <heuzef> !muffin adriens33 m
2014-08-05T14:32:14 <adriens33> toi t'as rien à dire XD
2014-08-05T14:32:22 <adriens33> c'est mon bot j'fais ce que je veux
2014-08-05T14:32:24 <heuzef> Tu devrais avoir honte !
2014-08-05T14:32:25 <heuzef> xD
2014-08-05T14:32:28 <adriens33> non mon tord a été de le montrer en fait
2014-08-05T14:33:55 <Rei> re flo
2014-08-05T14:34:45 <heuzef> re
2014-08-05T14:35:42 <Rei> tu as pu lire mon message ou je doit le retaper? XD
2014-08-05T14:36:16 <heuzef> non c'est bon
2014-08-05T14:36:41 <heuzef> J'ai transmis aussi tes photos à Panda qui est en charge de s'en occuper a attendant le BBBFF
2014-08-05T14:36:55 <adriens33> d'ailleurs c'en est où ?
2014-08-05T14:37:07 *** Rei est parti
2014-08-05T14:37:18 <heuzef> https://github.com/bronycub/bbbff
2014-08-05T14:37:29 <heuzef> Initialisation du readme le 17/06
2014-08-05T14:37:29 <adriens33> (ça et la v3...)
2014-08-05T14:37:43 <heuzef> Dernier commit sur la v3 il y à 9 jours
2014-08-05T14:37:58 <heuzef> Va pas falloir être pressé :(
2014-08-05T14:38:44 <heuzef> Je délègue très mal il faut croire
2014-08-05T14:38:54 <heuzef> Tous les projets que je confis traine à mort
2014-08-05T14:39:14 <adriens33> merci… ^^
2014-08-05T14:39:46 <adriens33> en même temps en france la mentalité c'est "dev c'est nul, faut être manager"
2014-08-05T14:39:46 <heuzef> Toi tu as finit les tiens ;)
2014-08-05T14:39:52 <heuzef> Je parle des projets en cours
2014-08-05T14:39:56 <adriens33> dev c'est le plus important en info !
2014-08-05T14:40:01 <adriens33> manager c'est peau de bite !
2014-08-05T14:40:11 <adriens33> un manager qui sait pas dev sert àà rien
2014-08-05T14:40:16 <adriens33> oarce qu'il manage n'importe comment
2014-08-05T14:40:50 <heuzef> Ouais ba y'a qu'à voir les commit sur la V1 : 100 % par heuzef
2014-08-05T14:40:55 <adriens33> j'ai vu
2014-08-05T14:41:00 <heuzef> Commit sur la V2 : 90 % par heuzef
2014-08-05T14:41:05 <adriens33> avec le magnifique «démerde toi » de lezarius XD
2014-08-05T14:41:11 <heuzef> Donc bon
2014-08-05T14:41:23 <heuzef> Y'a un moment ou je peu plus physiquement parlant
2014-08-05T14:41:52 <heuzef> Donc il faut que je manage plus efficacement sinon ça crain
2014-08-05T14:43:26 <heuzef> Enfin bon concrètement des projets en cours y'a
2014-08-05T14:43:33 <heuzef> BBBFF : Shinsaber
2014-08-05T14:43:38 <heuzef> V3 : Wildfier
2014-08-05T14:43:51 <heuzef> Countdown : Macharon
2014-08-05T14:44:10 <heuzef> 2 projet humanitaires : Gordfang
2014-08-05T14:44:26 <heuzef> Et pas mal d'autre d'ailleur
2014-08-05T14:44:36 <heuzef> Déjà il faudrait que je commence à lister tous ce bordel
2014-08-05T14:45:04 <adriens33> ouep :p
2014-08-05T14:45:05 <heuzef> Et que je me trouve un "bras droit" plus motiver que SebWhooves
2014-08-05T14:45:10 <heuzef> Pour les relancers
2014-08-05T14:45:17 <adriens33> faire limite une section projets en cours sur le site avec des barres de progression
2014-08-05T14:45:28 <heuzef> Pas con ^^
2014-08-05T14:45:49 <adriens33> parles en à wildfier
2014-08-05T14:45:57 <adriens33> vu qu'il est en charge de la v3 ;)
2014-08-05T14:46:04 <heuzef> Ouais nan
2014-08-05T14:46:14 <heuzef> Puisque c'est justement un system pour m'aider a manager
2014-08-05T14:46:22 <heuzef> je doit compter exclusivement que sur moi sur ce coup la
2014-08-05T14:47:30 <heuzef> Je vais juste créer une page progresse.php
2014-08-05T14:47:32 <heuzef> ça irra
2014-08-05T14:48:08 <heuzef> Et sérieux ça crain, y'a encore trop de poids sur mes épaules
2014-08-05T14:48:28 <heuzef> On est presque 50 membres et personne n'est foutu de m'assister
2014-08-05T14:48:43 <heuzef> Y'a que Lezarius qui est motiv
2014-08-05T14:48:51 <heuzef> Mais il à pas les epaules pour ça
2014-08-05T14:50:35 <heuzef> J'ai mis pas mal de gens à l'épreuve pour voir
2014-08-05T14:51:02 <heuzef> adriens33 t'es le seul qui va jusqu'au bout des choses
2014-08-05T14:51:23 <heuzef> Mais je me vois mal te demander de m'assister te connaissant
2014-08-05T14:51:25 <adriens33> t'es bien le premier à me dire ça, tiens... va sortir ça à ma chere mère elle te rirait au nez
2014-08-05T14:51:55 <heuzef> Dans le cadre du collectif en tous cas t'es es top sur les projet  s que je te confie
2014-08-05T14:52:08 <adriens33> ben je fais ce que je pneu
2014-08-05T14:53:29 <heuzef> Et justement, ça te plairais pas d'arrêter le technique et faire du management justement ?
2014-08-05T14:53:35 <heuzef> Le faire à ta sauce justement
2014-08-05T14:53:44 <adriens33> j'aime pas le management
2014-08-05T14:53:48 <heuzef> grrr
2014-08-05T14:53:55 <adriens33> je suis pas un garçon ordonné si tu te rappelles bien ma piaule XD
2014-08-05T14:54:04 <adriens33> désolé
2014-08-05T14:54:56 <heuzef> J'arrive à saturation il faut vraiment que je trouve un second
2014-08-05T14:55:30 <adriens33> faut une twilight sparkle
2014-08-05T14:55:36 <adriens33> niveau orga c'est le top
2014-08-05T14:55:36 <heuzef> La dernière vague massive d'inscription à fait mal, je suis obliger de l'avouer
2014-08-05T14:56:49 <heuzef> Je vais en discuter plus sérieusement avec baptiste
2014-08-05T14:56:52 <adriens33> en même temps on est un peu 45...
2014-08-05T14:57:14 <heuzef> Je serre les fesses pour qu'il accepte de m'aider
2014-08-05T14:57:53 <heuzef> 46 préciséments dont 5 incomplet
2014-08-05T14:58:02 <heuzef> Et 2 inscription en attente
2014-08-05T14:58:28 <heuzef> à raison de 50 inscriptions par an
2014-08-05T14:58:39 <heuzef> ça risque d'être violent en 2015
2014-08-05T15:00:16 <adriens33> en espérant que la courbe soit pas exponentielle
2014-08-05T15:00:22 <adriens33> sinon là tu vas manger ton clavier
2014-08-05T15:00:23 <adriens33> :p
2014-08-05T15:03:36 <heuzef> En faite à y refléchir
2014-08-05T15:03:46 <heuzef> C'est carrément un systeme de ticket qu'il me faut
2014-08-05T15:04:00 <heuzef> Autant faire les choses correctement
2014-08-05T15:04:01 <adriens33> ben... github a ça non ?
2014-08-05T15:04:08 <adriens33> sinon mantis bt est super bien pour ça
2014-08-05T15:04:16 <heuzef> Oui mais pour les projet de type informatique
2014-08-05T15:04:25 <heuzef> Pas pour le management du collectif
2014-08-05T15:04:26 <adriens33> sinon y'a bugzilla aussi
2014-08-05T15:04:28 <adriens33> ou flyspray
2014-08-05T15:04:31 <adriens33> boarf ça s'adapte
2014-08-05T15:04:36 <heuzef> Pas vraiment
2014-08-05T15:04:48 <heuzef> Déjà il faut que ce soit privé
2014-08-05T15:05:08 <adriens33> c'est pv mantis
2014-08-05T15:05:21 <adriens33> par défaut faut  un compte ne serai ce que pour voir les tickets
2014-08-05T15:10:37 *** ValCab33 est parti
2014-08-05T15:38:12 *** Jade_Sheppard s'est connecté
2014-08-05T15:48:46 *** Jade_Sheppard est parti
2014-08-05T15:51:57 *** MaCharon s'est connecté
2014-08-05T15:52:05 <MaCharon> slt
2014-08-05T15:53:00 *** adriens33 est parti
2014-08-05T15:53:11 <heuzef> MaCharon =)
2014-08-05T15:53:20 <MaCharon> :D
2014-08-05T16:25:17 <MaCharon> t'es la heuzef ?
2014-08-05T16:25:41 <Berry-Punch> Voilà ce qu'il s'est *hic* passé ces 10 dernières lignes, adriens33
2014-08-05T16:25:43 *** adriens33 s'est connecté
2014-08-05T16:25:48 <MaCharon> slt
2014-08-05T16:26:05 <heuzef> yep
2014-08-05T16:26:18 <MaCharon> ah cool ^^
2014-08-05T16:26:22 <adriens33> hello MaCharon
2014-08-05T16:28:01 <MaCharon> je voulais te montrer où j'en suis de la page d’accueil pour l'anniv
2014-08-05T16:28:04 <MaCharon> http://imgur.com/dC5sBka
2014-08-05T16:29:50 <MaCharon> heuzef ?
2014-08-05T16:29:56 <heuzef> Ha ouais ! :D
2014-08-05T16:30:09 <heuzef> Ba au finale pas de countdown ?
2014-08-05T16:30:47 <MaCharon> ben en fait c'est blanc sur blanc donc ça se voit pas :/
2014-08-05T16:30:57 <MaCharon> mais il y est XD
2014-08-05T16:31:18 <heuzef> Remarque c'est pas très important le countdown
2014-08-05T16:31:34 <MaCharon> il y a les poteaux sur les cotés XD
2014-08-05T16:31:40 <heuzef> Ok ça me parait pas mal on va partir la dessus
2014-08-05T16:31:45 <heuzef> Voici ce que je te propose
2014-08-05T16:31:47 <MaCharon> tu me dit
2014-08-05T16:32:15 <heuzef> Fournis moi un PNG directement elle servira de nouvelle bannière
2014-08-05T16:32:26 <MaCharon> je te le passe comment
2014-08-05T16:32:39 <heuzef> Ba de la meme manière que la
2014-08-05T16:32:43 <MaCharon> parce que la c'est en png normalement
2014-08-05T16:32:46 <heuzef> Sauf que la y'a des élément en trop
2014-08-05T16:32:52 <heuzef> Barre de naviguation
2014-08-05T16:32:57 <heuzef> Le tchat
2014-08-05T16:32:58 <heuzef> tous ça
2014-08-05T16:33:11 <heuzef> Les poteau vire aussi
2014-08-05T16:33:16 <heuzef> trop pixélisé
2014-08-05T16:34:12 <MaCharon> il y a un truc qui m'embete tout au dessus de l'image si tu regarde bien
2014-08-05T16:35:22 <MaCharon> juste sur le dessus de la barre violette
2014-08-05T16:36:01 <heuzef> ?
2014-08-05T16:36:03 <MaCharon> je sais pas comment l'enlever
2014-08-05T16:36:32 <heuzef> Il te faut recadrer ton canevas ;)
2014-08-05T16:36:40 <heuzef> Tu utilise photshop ? Gimp ?
2014-08-05T16:36:48 <MaCharon> photoshop
2014-08-05T16:37:11 <heuzef> https://www.youtube.com/watch?v=MmqTU1AR0mQ
2014-08-05T16:37:37 <MaCharon> ok je vais voir
2014-08-05T16:38:47 <heuzef> adriens33 ?
2014-08-05T16:38:57 <adriens33> quoi ?
2014-08-05T16:38:59 <heuzef> ça bug chez toi ? Moi j'ai rien qui s'affiche
2014-08-05T16:39:00 <heuzef> http://www.bronycub.org/ressources/
2014-08-05T16:39:04 <heuzef> zarb
2014-08-05T16:39:46 <adriens33> t'as essayé en faisant ctrl maj r ?
2014-08-05T16:40:00 <adriens33> j'ai le logo de la page d'accueil avec marqué « Ressources » dessous
2014-08-05T16:40:51 <heuzef> Grrr
2014-08-05T16:41:44 <heuzef> J'adore quand ça déconne du jour au lendemain
2014-08-05T16:42:18 <heuzef> Tu peux jeter un oeil ? Si tu trouve faut voir avec Sev3n de bronyCAT qui est aussi sur le coup
2014-08-05T16:42:50 <adriens33> non, je suis pas trop en état, là… désolé
2014-08-05T16:42:57 <heuzef> dac
2014-08-05T16:43:02 <heuzef> Mais ça urge pas ;)
2014-08-05T16:44:53 <heuzef> J'ai ouvert le ticket
2014-08-05T17:16:19 <MaCharon> heuzef je me pose une question, j'ai effacé ce que tu voulait mais au final j'ai juste le haut de la page d’accueil, je l'ai pas en entière, donc tu compte faire comment ?
2014-08-05T17:18:22 <heuzef> Il me faut uniquement la bannière
2014-08-05T17:18:37 <heuzef> C'est l'élément que je vais inclure sur le site
2014-08-05T17:18:54 <heuzef> En faite ton image va remplacer le logo en gros
2014-08-05T17:19:10 <MaCharon> ah ok -_-"
2014-08-05T17:21:57 <MaCharon> http://imgur.com/o4jGV6U
2014-08-05T17:22:55 <MaCharon> c'est bon comme ça ?
2014-08-05T17:26:35 <MaCharon> heuzef ?
2014-08-05T17:36:07 *** TrappyTickles s'est connecté
2014-08-05T17:42:06 <adriens33> coucou
2014-08-05T17:42:38 <TrappyTickles> oi
2014-08-05T17:47:08 <heuzef> MaCharon: ça commence à être sympa
2014-08-05T17:47:21 <heuzef> Maintenant il me faudrait une couche alpha
2014-08-05T17:47:31 <MaCharon> une quoi ?
2014-08-05T17:47:33 <heuzef> pas de fond
2014-08-05T17:47:38 <heuzef> Pas de background
2014-08-05T17:47:40 <heuzef> pas de blanc
2014-08-05T17:47:42 <adriens33> un fond transparent…
2014-08-05T17:47:55 <MaCharon> ah.... je vais voir ça
2014-08-05T17:48:26 <heuzef> Et la c'est le moment ou il va batailler avec les calques ^^
2014-08-05T17:49:45 <heuzef> J'espère pour toi que tu n'as pas aplatie ton image
2014-08-05T17:49:56 <adriens33> je vous laisse
2014-08-05T17:49:58 <adriens33> °°
2014-08-05T17:49:59 <heuzef> ++
2014-08-05T17:50:00 <adriens33> * ++
2014-08-05T17:50:30 *** adriens33 est parti
2014-08-05T17:53:33 <heuzef> Ha tiens on est mardi
2014-08-05T17:53:46 <heuzef> Kikiva à Giroll ?
2014-08-05T17:54:37 <heuzef> MaCharon a la limite si tu veux qu'on finalise la bannière
2014-08-05T17:54:48 <heuzef> On peu faire ça à Giroll
2014-08-05T17:54:51 <heuzef> Qu'en pense tu ?
2014-08-05T17:55:15 <MaCharon> dsl je risque d'etre pas mal pris en soirée cette semaine
2014-08-05T17:55:27 <heuzef> dac
2014-08-05T18:44:17 <heuzef> Je suis en train de pété les plomb avec mysql
2014-08-05T18:44:20 <heuzef> c'est horrible
2014-08-05T19:28:03 *** ValCab33 s'est connecté
2014-08-05T19:28:18 <ValCab33> Reuh
2014-08-05T19:28:40 <MaCharon> http://imgur.com/c6pZLxl , ça te vas comme ça heuzef ?
2014-08-05T19:30:37 <MaCharon> bon moi dans tout les cas je doit y aller donc ça sera tout pour aujourd'hui
2014-08-05T19:32:36 <MaCharon> on en reparle demain si t'es ok
2014-08-05T19:32:43 *** MaCharon est parti
2014-08-05T19:37:24 *** Ambrocidus s'est connecté
2014-08-05T19:37:30 <Ambrocidus> Bonsoir, heuzef ?
2014-08-05T19:37:50 <heuzef> yep
2014-08-05T19:38:01 <heuzef> ça roule ? =)
2014-08-05T19:38:20 <Ambrocidus> Oui, et toi? Je voulais savoir, c'est quelle version, celle du site?
2014-08-05T19:38:25 <heuzef> V2
2014-08-05T19:39:05 <Ambrocidus> Ok, merci, c'est parce que je voulais  attaquer (sur papier) une nouvelle version ^^. (Enfin, juste par plaisir).
2014-08-05T19:39:15 <Ambrocidus> (Au passage: http://puu.sh/aEXz8/09fe83232e.jpg)
2014-08-05T19:39:45 <heuzef> ça avance bien ^^
2014-08-05T19:39:56 <heuzef> La V3 est déjà en cours de dev sinon
2014-08-05T19:39:57 <Ambrocidus> Elle est finie, Spitfire sur cette image.
2014-08-05T19:40:06 <heuzef> github.com/bronycub/v3
2014-08-05T19:40:09 <Ambrocidus> Oui, je sais, mais c'est vraiment par plaisir
2014-08-05T19:41:24 <heuzef> Ambrocidus honnêtement c'est pas mal mais bon
2014-08-05T19:41:36 <heuzef> Y'a des ressources bien plus soigné pour le logo je trouve
2014-08-05T19:41:37 <heuzef> http://fc00.deviantart.net/fs70/i/2013/332/f/3/spitfire_by_kiowa213-d6vr9nm.png
2014-08-05T19:42:31 <Ambrocidus> Le logo que m'a fait mon graphiste me conviens, toute la BronyCAT l'as "voté"
2014-08-05T19:42:32 <heuzef> http://fc09.deviantart.net/fs71/f/2012/351/0/a/spitfire_at_the_dizzytron_by_caffeinejunkie-d5o9pse.png
2014-08-05T19:43:35 <heuzef> T'es sur de ton coup ? ^^ ça risque d'être difficile de changer après
2014-08-05T19:44:10 <Ambrocidus> Certain, de toute façon, le logo n'est pas encore imprimé, donc on peux toujours appliquer des modifs' t'en fait pas :)
2014-08-05T19:44:26 <heuzef> Oui puis la y'a que la mascotte
2014-08-05T19:44:33 <heuzef> Manque encore le texte quand même
2014-08-05T19:44:55 <Ambrocidus> Il est déjà fais, c'est juste que Sevenn à bosser sur une amélioration de la V2 sur les membres
2014-08-05T19:45:57 <heuzef> Ok
2014-08-05T19:46:03 <Ambrocidus> Faut juste upload tout ca
2014-08-05T19:46:18 <heuzef> Au passage on à intégré son JS pour les quotes
2014-08-05T19:46:23 <Ambrocidus> J'ai vu ça
2014-08-05T19:46:41 <heuzef> Par contre on rencontre un bug a la con sur le dossier de ressource, c'est nouveau
2014-08-05T19:46:52 <heuzef> http://fc09.deviantart.net/fs71/f/2012/351/0/a/spitfire_at_the_dizzytron_by_caffeinejunkie-d5o9pse.png
2014-08-05T19:47:00 <heuzef> Arf
2014-08-05T19:47:01 <heuzef> https://github.com/bronycub/v2/issues/10
2014-08-05T19:47:23 <heuzef> C'est zarb que que ça survienne tous d'un coup quand même
2014-08-05T19:48:04 <Ambrocidus> Sûrement un conflit avec le JS. Je l'ai envoyé à Sevenn, il s'occupera de ça je pense.
2014-08-05T19:48:22 <heuzef> Ha ba oui logique
2014-08-05T19:48:31 <heuzef> C'est la seul modif depuis
2014-08-05T19:48:45 <heuzef> Au passage il faudrait qu'il randomise aussi
2014-08-05T19:48:52 <heuzef> Mais je me doute qu'il est sur le coup
2014-08-05T19:50:06 <Ambrocidus> Il t'as répondu.
2014-08-05T19:50:20 *** ELiDYROS s'est connecté
2014-08-05T20:16:50 *** Ambrocidus est parti
2014-08-05T20:24:20 *** Gordfang s'est connecté
2014-08-05T20:31:24 *** heuzef est parti
2014-08-05T20:32:19 <Gordfang> lut
2014-08-05T20:37:35 *** ludvann s'est connecté
2014-08-05T20:37:46 <ludvann> blorp !
2014-08-05T20:38:20 <ludvann> bonjour* (miss-key)
2014-08-05T20:38:43 *** Ambrocidus s'est connecté
2014-08-05T20:43:07 *** Ambrocidus est parti
2014-08-05T20:58:48 <ludvann> nouveau mot de passe en cours o/
2014-08-05T21:00:10 <TrappyTickles> oi les poneys, j'ai besoin de conseils techniques ^^
2014-08-05T21:01:06 <ludvann> quoi donc ?
2014-08-05T21:01:21 <TrappyTickles> j'en ai trop marre de ma gpu ati pourrie, et j'ai reçu des sous pour ma fête. Donc je me cherche une carte nvidia avec minimum 2Go de ram dédiée et dépassant pas le budget de 60€. des conseils? ^^
2014-08-05T21:01:57 <ludvann> black titan ;D
2014-08-05T21:03:09 <TrappyTickles> heu
2014-08-05T21:03:11 <TrappyTickles> c'est une marque?
2014-08-05T21:03:31 <ludvann> http://www.nvidia.fr/gtx-700-graphics-cards/gtx-titan-black/
2014-08-05T21:04:08 <TrappyTickles> je sais pas si j'ai assez de palce pour une taille comme ça
2014-08-05T21:04:59 <ludvann> sutout le budget ^^
2014-08-05T21:05:10 <ValCab33> Yay, 100 ans de programme spatial sur ma session sandbox ^^
2014-08-05T21:05:22 <ludvann> GG
2014-08-05T21:05:32 <ludvann> TrappyTickles, elle coûte 900€
2014-08-05T21:05:50 <ludvann> (et leta en a en deux en duo sur son pc)
2014-08-05T21:05:58 <TrappyTickles> 900 ?!!
2014-08-05T21:06:09 <TrappyTickles> putain mais à ce prix je prends un pc complet lol
2014-08-05T21:06:14 <TrappyTickles> même deux
2014-08-05T21:06:40 <ludvann> ^^
2014-08-05T21:07:18 <ludvann> l'ordi de leta lui a coûtais 5.000€ boules ^^
2014-08-05T21:08:04 <TrappyTickles> http://www.amazon.fr/Asus-90YV0490-M0NA00-graphique-NVIDIA-PCI-Express/dp/B00D8QAQ2U/ref=sr_1_13?s=computers&ie=UTF8&qid=1407264649&sr=1-13&keywords=2048 celle là, ça irait ?
2014-08-05T21:08:48 <ludvann> ce chiffre me suit partout...
2014-08-05T21:08:48 <ludvann> "
2014-08-05T21:08:48 <ludvann> 42 neufs à partir de EUR 57,89
2014-08-05T21:08:48 <ludvann> "
2014-08-05T21:08:58 <ludvann> 42 pxtain !
2014-08-05T21:09:44 <ludvann> sinon je saurais pas te conseiller pour les CG :/
2014-08-05T21:09:51 <ludvann> TrappyTickles,
2014-08-05T21:10:06 <TrappyTickles> mince :/
2014-08-05T21:10:20 <TrappyTickles> avec celle là, j'en ai 4 en vue, j'hésite
2014-08-05T21:10:47 <TrappyTickles> ou sont letaru et adrien quand on a besoin d'eux lol, jpense qu'ils sauraient répondre :p
2014-08-05T21:10:59 <ludvann> ouais sûrement
2014-08-05T21:11:12 <ludvann> ce site est cool :D https://howsecureismypassword.net/
2014-08-05T21:11:35 <ludvann> pour mon mdp 2 billion years
2014-08-05T21:11:52 <ludvann> ;D
2014-08-05T21:13:52 <TrappyTickles> marrant, j'en ai un, ça prend 10 jours, mais en rajoutant un symbole ça passe à 48 ans :p
2014-08-05T21:14:21 <TrappyTickles> Et mon mdp utilisé sur sl prendrait 344 000 ans :p
2014-08-05T21:15:28 <TrappyTickles> lol un de mes vieux mdp "instantly" xD
2014-08-05T21:15:32 <TrappyTickles> la belle époque :p
2014-08-05T21:15:32 <ludvann> sl ?
2014-08-05T21:15:36 <TrappyTickles> secondlife
2014-08-05T21:15:40 <ludvann> ah ok
2014-08-05T21:16:07 <ludvann> mon précédent récent était de 275 jours :)
2014-08-05T21:16:50 <TrappyTickles> lol 12345 instantly aussi :p
2014-08-05T21:17:02 <ludvann> (après c'est un calcul approximatif fait, pour un ordi basic et non pas leta qui essais de le forcer (ce qui est BEAUCOUP plus rapide qu'un simple laptop))
2014-08-05T21:17:03 <TrappyTickles> avec la mention COMMON PASSWORD: IN THE TOP 10 MOST USED PASSWORDS
2014-08-05T21:17:06 <ludvann> :)
2014-08-05T21:18:33 <ludvann> 123456AbcdE = 412 ans ;)
2014-08-05T21:19:37 <ludvann> logic
2014-08-05T21:20:09 <TrappyTickles> lol
2014-08-05T21:20:12 <TrappyTickles> wow
2014-08-05T21:20:21 <TrappyTickles> mon mdp wifi: 8 million years
2014-08-05T21:20:26 <TrappyTickles> alors que c'est une phrase con :p
2014-08-05T21:20:49 <ludvann> ^^
2014-08-05T21:21:22 *** Ambrocidus s'est connecté
2014-08-05T21:21:27 <Ambrocidus> Bonsoir.
2014-08-05T21:22:02 <ludvann> salut
2014-08-05T21:22:04 <TrappyTickles> oi
2014-08-05T21:22:22 <TrappyTickles> omg!
2014-08-05T21:22:27 <TrappyTickles> j'ai trovué le mdp parfait
2014-08-05T21:22:36 <Ambrocidus> ?
2014-08-05T21:22:41 <TrappyTickles> itneedstobeabout20%cooler
2014-08-05T21:22:42 <ludvann> infinite years ,
2014-08-05T21:22:45 <TrappyTickles> 38 septillion years
2014-08-05T21:22:47 <ludvann> xD
2014-08-05T21:22:57 <ludvann> moi aussi
2014-08-05T21:23:02 <TrappyTickles> pensez poney, ça fait des bons passwords :p
2014-08-05T21:23:06 <ludvann> fgvghjhuyuyuii"'('"é'8/56568589*6532vfqv+2zerbuyèyé"'è
2014-08-05T21:23:55 <ludvann> approuved !
2014-08-05T21:24:52 <ludvann> :)
2014-08-05T21:25:17 <TrappyTickles> 3 trestrigintillion years
2014-08-05T21:25:26 <TrappyTickles> lol on trouve des mots nouveaux comme ça :p
2014-08-05T21:25:36 <ludvann> :P
2014-08-05T21:25:50 <TrappyTickles> 30 billion sexagintillion years
2014-08-05T21:25:51 <ludvann> apparté
2014-08-05T21:25:52 <ludvann> Ken Ashcorp - 20 Percent Cooler
2014-08-05T21:25:57 <ludvann> sympa :)
2014-08-05T21:26:13 <Ambrocidus> Tu ne la connaissais pas?
2014-08-05T21:26:13 <ludvann> [apparté]
2014-08-05T21:26:22 <ludvann> si depuis un bon moment :
2014-08-05T21:26:29 <ludvann> :)*
2014-08-05T21:26:40 <TrappyTickles> j'aime bien pony swag :p
2014-08-05T21:26:46 <TrappyTickles> premier truc brony que j'ai connu :p
2014-08-05T21:26:54 <ludvann> like an fucking angel
2014-08-05T21:27:12 <ludvann> nope moi c'est discord de the living tombstone ^^
2014-08-05T21:27:37 <TrappyTickles> pas mal aussi
2014-08-05T21:27:47 <Ambrocidus> Au niveau des remix, moi c'est My Little Pony Meets Metal de 331Erock
2014-08-05T21:27:56 *** ELiDYROS est parti
2014-08-05T21:28:23 <ludvann> moi c'es mlp intro glitch de jesaisplusqui
2014-08-05T21:28:47 <ludvann> de Alex.s
2014-08-05T21:29:05 <TrappyTickles> je connais, c'est le ending que j'ai pris pour mon rpg mlp :p
2014-08-05T21:29:26 <ludvann> gné ? ^^
2014-08-05T21:29:41 <TrappyTickles> j'en ai parlé dès mon arrivée mais bon:
2014-08-05T21:29:51 <TrappyTickles> http://mlpcursedgem.maxlefou.com
2014-08-05T21:30:49 <ludvann> want a bitcoin ; ?
2014-08-05T21:31:03 <ludvann> ça à l'air space ^^
2014-08-05T21:31:28 <TrappyTickles> lol pkoi pas, j'en ai jamais eu de bitcoin :p
2014-08-05T21:31:38 <TrappyTickles> bah, c'est un rpg sur rpg maker :p
2014-08-05T21:31:38 <ludvann> j'en ai pas ^^
2014-08-05T21:32:11 <ludvann> (et j'en ai jamais eut)
2014-08-05T21:32:27 <TrappyTickles> pareil, bienvenue au club :p
2014-08-05T21:32:40 <ludvann> xD
2014-08-05T21:32:47 <TrappyTickles> faudrait faire un groupe facebook "j'ai une wallet bitcoin mais elle m'a jamais servi" :p
2014-08-05T21:32:55 <ludvann> ^^
2014-08-05T21:33:03 <ludvann> let's do it !
2014-08-05T21:33:06 <ludvann> later...
2014-08-05T21:33:21 <ludvann> xD
2014-08-05T21:37:06 <ludvann> protip: Vous voulez cachez quelque chose plutôt petit ? Votre MDP écrit sur un morceau de papier ? dévissez une prise et planquez votre "butin" derrière celle ci et refermez là. (je ne suis pas responsable de ce qui pourrez vous arriver)
2014-08-05T21:38:10 <TrappyTickles> ça risque pas de foutre le feu, ça?
2014-08-05T21:38:36 <Ambrocidus> Non.
2014-08-05T21:38:50 <Ambrocidus> Et puis si il y a la terre sur la prise, ça craint rien ;)
2014-08-05T21:40:15 <ludvann> Eeyup
2014-08-05T21:40:37 <ludvann> au pire démonte l'elec sur une prise que tu utilise plus ^^
2014-08-05T21:40:39 <Ambrocidus> (Bac professionnel électrotechnique)
2014-08-05T21:40:51 <Ambrocidus> Sinon tu coupes l'électricité
2014-08-05T21:42:41 <Ambrocidus> Mais en général une prise électrique est protéger pour pouvoir démonter et remonter une prise en tout sécurité, c'est les normes française (ou européenne)
2014-08-05T21:43:47 <ludvann> perso je peux pas sacrifier une prise de ma chambre puisque j'en ai que deux...
2014-08-05T21:43:58 <Ambrocidus> xD
2014-08-05T21:44:19 <ludvann> ...
2014-08-05T21:44:22 <ludvann> :(
2014-08-05T21:45:51 <ludvann> prise 1: ordi, lampe de chevet, chaine hifi, (écran ordi secondaire occasotiennel), lampe de bureau, deux chargeurs au max
2014-08-05T21:47:32 <ludvann> prise 2: fer à souder, 3 mini halogène, transfo variable 125W, "dremell"
2014-08-05T21:47:45 <ludvann> ça tire un tout petit peu ^^
2014-08-05T21:48:05 <ludvann> (bien sùre tout n'est pas branché en même temps Ambrocidus ^^
2014-08-05T21:48:20 <Ambrocidus> Ça me rassure ;)
2014-08-05T21:48:35 <ludvann> ^^
2014-08-05T21:48:41 <ludvann> pourquoi ?
2014-08-05T21:48:45 <ludvann> :)
2014-08-05T21:48:56 <Ambrocidus> Sinon tu peux faire sauter ta maison x)
2014-08-05T21:49:32 <ludvann> il y a deux disjoncteur dans ma chambre mais il y en a un... il est un peu chelou...
2014-08-05T21:49:45 <ludvann> pas dans mais avant ma chambre*
2014-08-05T21:50:05 <Ambrocidus> Alors c'est ok ^^
2014-08-05T21:51:00 <ludvann> faire le singe avec son lit mezzanine pour attraper sa lampe torche: DONE
2014-08-05T21:51:48 *** Gordfang est parti
2014-08-05T21:52:02 <Ambrocidus> Bravo Bordeaux!
2014-08-05T21:52:04 <Ambrocidus> https://www.youtube.com/watch?v=Dvv7yVIlU3g&list=UUUJQSGHlYC9Xyz-uNfSpSsA&index=5
2014-08-05T21:52:15 <Ambrocidus> xD
2014-08-05T21:52:22 <Ambrocidus> Merci ElectronikHearth
2014-08-05T21:59:10 *** ludvannn s'est connecté
2014-08-05T22:00:11 <ludvannn> Ambrocidus voilà le disjoncteur chelou ^^
2014-08-05T22:00:55 <Ambrocidus> ^^
2014-08-05T22:06:47 *** ludvann est parti
2014-08-05T22:08:02 <ludvannn> :)
2014-08-05T22:13:22 <ludvannn> Faîtes quoi ?
2014-08-05T22:13:34 <TrappyTickles> moi jsors une update de mon rpg mlp :p
2014-08-05T22:13:34 <Ambrocidus> Je regarde une vidéo
2014-08-05T22:13:43 <ludvannn> Hum... :)
2014-08-05T22:13:44 <Ambrocidus> Tu fais un RPG My Little Pony?
2014-08-05T22:14:04 <TrappyTickles> ça fait un mometn déjà :p
2014-08-05T22:14:11 <TrappyTickles> http://mlpcursedgem.maxlefou.com
2014-08-05T22:14:16 <TrappyTickles> mais attends un peu avant de le dl :p
2014-08-05T22:14:52 <Ambrocidus> Je regarde juste le trailer, je vais mettre le lien en marque page
2014-08-05T22:15:47 <ludvannn> Firefox ^^
2014-08-05T22:16:46 <Ambrocidus> Ça serai bête de ne pas utiliser Mozilla Firefox pour PC quand on a Firefox OS.
2014-08-05T22:16:57 <ludvannn> ?
2014-08-05T22:17:20 <Ambrocidus> http://www.gestiondesti.com/wp-content/uploads/2014/02/firefox-os-phone.jpg
2014-08-05T22:17:37 <TrappyTickles> aussi bête que de pas utiliser chrome sur android :p
2014-08-05T22:17:45 <Ambrocidus> +1
2014-08-05T22:17:53 <ludvannn> J'aime pas chrome sur android
2014-08-05T22:19:06 <ludvannn> Il est nul et lent
2014-08-05T22:19:17 <ValCab33> +1
2014-08-05T22:19:32 <TrappyTickles> +1
2014-08-05T22:19:45 <TrappyTickles> mais pas pire que celui fourni par défaut avec android souvent :p
2014-08-05T22:19:46 <ludvannn> Le navigateur par défaut a plus d'options
2014-08-05T22:19:58 <ludvannn> Nope
2014-08-05T22:20:08 <ludvannn> Moi je les adores :)
2014-08-05T22:20:26 <TrappyTickles> ça dépend de la version android... celui de kitkat ça va mais les anciens, bof
2014-08-05T22:20:44 <ludvannn> J'ai pas kit kat
2014-08-05T22:20:47 <TrappyTickles> (j'ai un 2e trailer sur ma chaine youtube au fait
2014-08-05T22:21:28 <TrappyTickles> https://www.youtube.com/watch?v=IjQ6-VPQ0bc
2014-08-05T22:21:53 <ludvannn> (M'en fous, mon phone est root :D )
2014-08-05T22:24:05 <ludvannn> Et je fais du pentest avec
2014-08-05T22:24:09 <ludvannn> ;)
2014-08-05T22:24:25 <Ambrocidus> Moi j'ai mon ZTE Open Firefox OS :)
2014-08-05T22:24:56 <TrappyTickles> moi jvais attendre avant de rooter mon lg, la garantie marche encore :p
2014-08-05T22:25:16 <ludvannn> Oui mais moi je suis bill gates
2014-08-05T22:25:35 <TrappyTickles> faudrait que je trouve un moyen à ce moment de faire en sorte d'agrandir la mémoire interne, cérément en débordant sur la carte sd
2014-08-05T22:25:44 <TrappyTickles> carément*
2014-08-05T22:25:59 <ludvannn> Gné ?
2014-08-05T22:29:28 <TrappyTickles> 1.5Go c'est peu pour la mémoire interne
2014-08-05T22:29:39 <ludvannn> Oui...
2014-08-05T22:29:45 <ludvannn> Un peu :)
2014-08-05T22:30:08 <TrappyTickles> je suis sur qu'en rootant et en flashant la bête, on peut agrandir en foutant tout l'os dans la carte sd
2014-08-05T22:30:28 <TrappyTickles> ou alors une partie dans la mémoire interne et le reste dans la sd
2014-08-05T22:30:40 <TrappyTickles> (pcq la carte sd va pas bouger du phone de totues façons
2014-08-05T22:30:51 <ludvannn> Pas conseillé mais bon...
2014-08-05T22:33:14 <TrappyTickles> j'ai aps le choix
2014-08-05T22:33:20 <ludvannn> Et une grosse micro sd ?
2014-08-05T22:33:29 <TrappyTickles> ou alors faut que je démonte le phone et que je soude de la mémoire flash plus grosse
2014-08-05T22:33:32 <Ambrocidus> Vous connaissez "Colons de Catane" ?
2014-08-05T22:33:37 <TrappyTickles> la mienne actuelle fait 32Go
2014-08-05T22:33:56 <ludvannn> Et ?
2014-08-05T22:34:03 <TrappyTickles> et ça change rien, j'ai toujours environ 180Mo restant, ce qui est trop peu parfois pour des mises à jour
2014-08-05T22:34:06 <ludvannn> C'est pas assez ?
2014-08-05T22:34:18 <TrappyTickles> non, c'est pas assez pcq android gère sa mémoire comme un cochon
2014-08-05T22:34:39 <ludvannn> ...
2014-08-05T22:34:52 <TrappyTickles> d'une part pcq la moitié des développeurs sont trop cons pour mettre la petite ligne de code qui permet d'éjecter de la palce sur la carte sd,
2014-08-05T22:35:16 <TrappyTickles> (je pointe du doigt facebook et google+ et surtout tumblr)
2014-08-05T22:35:25 <TrappyTickles> (qui sont mega volumineuses)
2014-08-05T22:35:36 <ludvannn> (J'en ai aucune :P )
2014-08-05T22:35:49 <TrappyTickles> et d'autre, même en arrivant à les déplacer, il reste environ 4Mo, et 4mo sur 4mo ça devient lourd
2014-08-05T22:36:10 <ludvannn> Eeyup...
2014-08-05T22:36:11 <TrappyTickles> et encore, y a des fois ou l'appli pèse plus lourd déplacé sur la sd que non déplacée
2014-08-05T22:36:37 <ludvannn> xD
2014-08-05T22:37:13 <ludvannn> C'est vrai que certains se secouent bien la girafe...
2014-08-05T22:37:37 <TrappyTickles> la pire dans le genre c'est l'appli du jeu de cartes mlp par shuffle
2014-08-05T22:37:43 <TrappyTickles> 200Mo
2014-08-05T22:37:54 <TrappyTickles> et la moitié part direct dans la mémoire interne, même si tu déplaces sur la sd
2014-08-05T22:38:07 <Ambrocidus> Tu m'as pas dis que tu avais un LG ?
2014-08-05T22:38:08 <Ambrocidus> https://www.youtube.com/watch?v=DelRMj0UOPI&list=UUUJQSGHlYC9Xyz-uNfSpSsA&index=1
2014-08-05T22:38:15 <TrappyTickles> et quand tu regardes l'appli, j'suis sur qu'on peut faire la mêem chose en moins lourd
2014-08-05T22:38:34 <TrappyTickles> c'est un f70 que j'ai, pas un g2 ou g3
2014-08-05T22:38:45 <Ambrocidus> Ah ^^
2014-08-05T22:38:53 <TrappyTickles> et je m'amuse pas à faire du lancer de poids avec mon phone moi :D
2014-08-05T22:39:09 <ludvannn> xD
2014-08-05T22:40:55 <TrappyTickles> et malgré ça, je suis très content de sweetie belle
2014-08-05T22:41:02 <TrappyTickles> (sweetie belle c'set mon phone :p)
2014-08-05T22:41:14 <Ambrocidus> Moi ya pas de coque pour mon firefox os :(
2014-08-05T22:41:43 <TrappyTickles> c'est si exotique que ça ton modèle?
2014-08-05T22:42:00 <TrappyTickles> moi qui croyait que j'allais galérer pour le mien lol
2014-08-05T22:42:11 <Ambrocidus> ZTE Open - Firefox OS
2014-08-05T22:42:14 <Ambrocidus> Cherche tu vas voir
2014-08-05T22:42:14 <Ambrocidus> xD
2014-08-05T22:42:28 <Ambrocidus> http://www.mobile24.fr/shop/accessoires-zte-open-218064s.html?gclid=CjwKEAjwgYKfBRDvgJeylem9xDUSJACjeQ7A389KgMQvTEuLGU_f8Ldcgry3ZiHAoyJpuTNpNFkiqRoCCUTw_wcB
2014-08-05T22:42:30 <TrappyTickles> bah ça viendra, un peu de patience
2014-08-05T22:42:33 <Ambrocidus> Mhm, j'ai peut être trouvé
2014-08-05T22:42:39 <TrappyTickles> avec les imprimantes 3d, ça viendra même vite
2014-08-05T22:43:19 <Ambrocidus> Ouais mais faut faire ça avec des logiciels de 3d
2014-08-05T22:58:42 <ludvannn> Bon, je vais lire :)
2014-08-05T22:58:51 <ludvannn> (Fanfic)
2014-08-05T22:59:12 <ludvannn> Si vous voulez me parler prononcez mon pseudo :)
2014-08-05T22:59:25 <ludvannn> (La fanfic c'est xeno)
2014-08-05T23:00:26 *** Ambrocidus est parti
2014-08-05T23:01:22 <TrappyTickles> ok lien mis à jour pour mon rpg ^^
2014-08-05T23:01:45 <ludvannn> ^^
2014-08-05T23:17:21 *** Lezarius s'est connecté
2014-08-05T23:19:59 *** ValCab33 est parti
2014-08-05T23:21:17 *** ValCab33 s'est connecté
2014-08-05T23:24:50 *** Lezarius est parti
2014-08-05T23:38:53 *** Gordfang s'est connecté
2014-08-05T23:38:54 <Gordfang> re
2014-08-05T23:49:00 <ludvannn> Salut
2014-08-05T23:54:14 *** TrappyTickles est parti
