2014-10-31T01:01:39 *** MaCharon est parti
2014-10-31T02:24:42 *** Jinxypie est parti
2014-10-31T05:21:56 *** Ikledoreboline est parti
2014-10-31T09:20:19 *** heuzef s'est connecté
2014-10-31T09:41:04 *** TrappyTickles s'est connecté
2014-10-31T10:12:38 *** Tsumenokage s'est connecté
2014-10-31T10:12:45 <Tsumenokage> Salut
2014-10-31T10:17:45 <heuzef> Yop =)
2014-10-31T10:17:54 <heuzef> En forme pour demain ? =)
2014-10-31T10:18:36 <Tsumenokage> et pour toi la forme ?
2014-10-31T10:24:09 *** MaCharon s'est connecté
2014-10-31T10:24:19 <MaCharon> salut
2014-10-31T10:24:27 <Tsumenokage> salut
2014-10-31T10:24:28 <heuzef> Prout ! ^^
2014-10-31T11:19:38 *** Jinxypie s'est connecté
2014-10-31T11:37:13 *** Ambrocidus s'est connecté
2014-10-31T11:37:17 <Ambrocidus> Bonjour
2014-10-31T11:38:02 *** Ambrocidus est parti
2014-10-31T11:40:58 *** Gordfang s'est connecté
2014-10-31T11:44:12 <Gordfang> re
2014-10-31T11:44:38 <Jinxypie> Mouhahhahahahahhaa !!!!
2014-10-31T11:47:22 <Gordfang> ???
2014-10-31T11:47:46 <Jinxypie> Désolé, je suis de bonne humeur !
2014-10-31T11:50:51 *** heuzef est parti
2014-10-31T11:52:20 <MaCharon> re
2014-10-31T12:07:31 *** Ikledoreboline s'est connecté
2014-10-31T12:07:33 <Ikledoreboline> Ohayo !
2014-10-31T12:10:30 <MaCharon> salut
2014-10-31T12:19:32 <Gordfang> bon aller je vais manger moi a tte
2014-10-31T12:19:32 <Berry-Punch> Bon appétit, *hic* Gordfang :D
2014-10-31T12:19:43 *** Gordfang est parti
2014-10-31T12:25:25 *** heuzef s'est connecté
2014-10-31T13:28:28 *** Gordfang s'est connecté
2014-10-31T13:28:29 *** Bybeez s'est connecté
2014-10-31T13:28:36 <Bybeez> La NLR a fermée
2014-10-31T13:28:42 <Bybeez> Je viens juste de voir ça
2014-10-31T13:28:53 <Bybeez> (bonjour au passage)
2014-10-31T13:29:26 <MaCharon> salut
2014-10-31T13:29:39 <Ikledoreboline> Salut, pourquoi ils ont fermé ?
2014-10-31T13:29:40 <heuzef> Tain c'est quoi encore cette connerie
2014-10-31T13:29:46 <heuzef> Encore hasbro qui fait chier ? :@
2014-10-31T13:29:51 <Bybeez> A cause d'hasbro
2014-10-31T13:29:53 <Gordfang> re
2014-10-31T13:29:55 <Bybeez> Ouaip
2014-10-31T13:30:01 <heuzef> Merde à la fin
2014-10-31T13:30:03 <Ikledoreboline> Roh fait chier :(
2014-10-31T13:30:05 <Bybeez> ça date d'il y a 17h
2014-10-31T13:30:10 <heuzef> Commence à me pété les couilles les ricains
2014-10-31T13:30:17 <Bybeez> C'est clair
2014-10-31T13:34:18 <Bybeez> Et MLP-france est en maintenace  mais certain disent le site fermé (j'en sais pas plus)
2014-10-31T13:34:43 <heuzef> Et le solar empire ?
2014-10-31T13:34:53 <Bybeez> Pas verifié
2014-10-31T13:35:26 <Bybeez> Vu que c'est du fanmade ils ont pas eu de souci
2014-10-31T13:35:42 <Ikledoreboline> "La NLR est actuellement en discussion avec David Bottein (Primal Screen)."
2014-10-31T13:36:29 <heuzef> Il nous faut vraiment le BBBFF pour nous rendre indépendant et faire un mega fuck à Hasbro
2014-10-31T13:36:37 <heuzef> Mais Shinsaber ce bouge pas le cul ça me gonfle
2014-10-31T14:29:33 <MaCharon> des gens qui seraient intéressé pour du JDR ?
2014-10-31T14:29:44 <heuzef> Si j'ai bien compris
2014-10-31T14:29:51 <heuzef> tous le weekend TMT organise un gros truc
2014-10-31T14:30:03 <heuzef> du coup je vais sans doute y aller dimanche histoire de présenter EM
2014-10-31T14:30:22 <MaCharon> Oo
2014-10-31T14:36:52 *** heuzef1 s'est connecté
2014-10-31T14:38:57 *** heuzef est parti
2014-10-31T14:39:09 <heuzef> je sais pas trop
2014-10-31T14:39:15 <heuzef> c'est Lezarius qui m'en à parlé
2014-10-31T14:41:29 <heuzef> C'est un peu chiant en faite, ils ont pas de site
2014-10-31T14:41:32 <heuzef> http://trollmetender.clicforum.fr/index.php
2014-10-31T14:41:48 <heuzef> Juste un vieux forum, donc bon courrage pour trouver le topic de l'event
2014-10-31T14:46:31 <heuzef> ba voila c'est sympa leur truc en plus =)
2014-10-31T14:46:40 <heuzef> Dommage que ça soit pas très visible
2014-10-31T14:46:42 <Tsumenokage> ouais en effet
2014-10-31T15:19:06 <Jinxypie> http://img-9gag-lol.9cache.com/photo/avZQj0W_700b.jpg
2014-10-31T15:19:54 <Tsumenokage> XFD
2014-10-31T15:19:58 <Tsumenokage> XD*
2014-10-31T15:41:54 *** Tsumenokage est parti
2014-10-31T15:50:39 *** heuzef est parti
2014-10-31T15:51:06 *** heuzef s'est connecté
2014-10-31T16:20:14 *** Eclipse2212 s'est connecté
2014-10-31T16:20:20 <Eclipse2212> Hey!
2014-10-31T16:21:26 <Gordfang> yo
2014-10-31T16:22:21 <Eclipse2212> ça va?
2014-10-31T16:25:43 *** flutterbrony s'est connecté
2014-10-31T16:26:44 <Gordfang> ouai et toi?
2014-10-31T16:28:10 <heuzef> yo =)
2014-10-31T16:28:39 <heuzef> Gordfang on fait quoi du coup pour Shisaber ?
2014-10-31T16:28:51 <heuzef> Il est trop lent :(
2014-10-31T16:28:52 <Gordfang> ah j'allairs ecrire une rep
2014-10-31T16:29:05 <Gordfang> je vais voir avec lui mercredi je peut le voir en personne
2014-10-31T16:29:14 <heuzef> Franchement
2014-10-31T16:29:26 <heuzef> ça fait au moins 6 mois il me semble
2014-10-31T16:29:35 <heuzef> Toujours rien
2014-10-31T16:29:57 <heuzef> Il fut qu'il nous file l'accès FTP et après on met quelqu'un d'autre sur le coup je sais pas
2014-10-31T16:30:21 <heuzef> D'ailleur je pense même qu'on devrais revoir quelque chose
2014-10-31T16:30:21 <heuzef> je re
2014-10-31T16:30:27 <Gordfang> :/ le problème c'est que les cours on repris pour eux je vais essayer de le remotiver
2014-10-31T16:40:05 <Gordfang> shinsaber me fait dire qu'il va bosser dessus ce week end la
2014-10-31T16:40:20 <Bybeez> cool
2014-10-31T16:42:34 <heuzef> Ok > ticket stp
2014-10-31T16:43:02 <heuzef> Faut vraiment qu'on revois notre méthode de délégation
2014-10-31T16:43:19 <heuzef> Mettre en place une procedure ou un planning je sais pas
2014-10-31T16:43:45 <heuzef> On cours toujours après les gens pour leur demander s'il avance ou s'il sont décédé entre temps
2014-10-31T16:43:52 <heuzef> ça va pas
2014-10-31T16:43:57 <Eclipse2212> xD
2014-10-31T16:45:19 <heuzef> Je vais faire le point sur ce sujet avec Bybeez de vive voix demain, histoire de voir un peu puisqu'il est lui même sur quelque chose
2014-10-31T16:45:34 <Gordfang> bas que veut tu faire les mec sont pas non plus full time sur bronycub
2014-10-31T16:45:52 <heuzef> C'est pas ça le problème, bien sur j’entends bien
2014-10-31T16:46:05 <heuzef> Qu'un projet avance doucement, ou mal c'est pas grave ici
2014-10-31T16:46:22 <heuzef> Par contre que son état sans dans le néant total
2014-10-31T16:46:27 <heuzef> je comprend pas
2014-10-31T16:46:38 <heuzef> On est aveugle sur l'avancement
2014-10-31T16:47:53 <heuzef> J'ai redemarrer son poste entre temps ;)
2014-10-31T16:48:01 <heuzef> grrrr
2014-10-31T16:48:11 <heuzef> voila que je me trompe de chan
2014-10-31T16:48:19 <heuzef> je bosse en même temps
2014-10-31T16:48:27 <heuzef> bientôt le weekend pffff tant mieux
2014-10-31T16:50:47 <Gordfang> ^^
2014-10-31T16:53:18 <Eclipse2212> ^^
2014-10-31T16:53:27 <Bybeez> ^^
2014-10-31T16:53:37 <Eclipse2212> pour moi, les cours reprennent lundi
2014-10-31T16:53:43 <Bybeez> Moi aussi
2014-10-31T17:01:17 <heuzef> Gordfang: Il faut mettre en place un procedure de Jalonnement sur les missions que l'on confit
2014-10-31T17:01:58 <heuzef> De manière Quotidienne/Hebdomadaire/Mensuel en fonction des missions et important/urgence
2014-10-31T17:02:02 <heuzef> 2 choix possible
2014-10-31T17:02:34 <heuzef> Jalon Nous vers Acteur ou Acteur vers nous
2014-10-31T17:03:23 <heuzef> Le truc c'est que jusqu'à présent on fait Acteur vers nous, on attend donc des nouvelles, c'est normalement la methode la plus sympa
2014-10-31T17:03:50 <heuzef> Si on fait le contraire qu'on harcèle en gros les acteurs, c'est pas "sympa"
2014-10-31T17:04:49 <heuzef> Tu vois un peu la problématique ici
2014-10-31T17:05:34 <heuzef> Cependant il nous faut des "rapports" d'avancement pour alimenter nos tickets, mais comment obtenir ces rapports sans trop faire chier celui en charge de la mission
2014-10-31T17:05:55 <heuzef> Bybeez présent ?
2014-10-31T17:06:38 <Gordfang> je comprend ou tu veut en venir
2014-10-31T17:09:43 <Bybeez> Oui
2014-10-31T17:10:16 <Bybeez> heuzef ?
2014-10-31T17:10:25 *** MaCharon est parti
2014-10-31T17:12:59 <flutterbrony> bonjour
2014-10-31T17:13:08 <Bybeez> Salut
2014-10-31T17:13:13 <Ikledoreboline> yop
2014-10-31T17:14:47 <Bybeez> https://www.youtube.com/watch?v=3LNIvV9Wyds
2014-10-31T17:15:58 <Bybeez> https://www.youtube.com/watch?v=2NGdr7O_V4k
2014-10-31T17:16:21 <Ikledoreboline> Bybeez a fait des découvertes il semblerait ^^
2014-10-31T17:16:36 <Bybeez> Non je m'occupe au lieu de faire ma philo
2014-10-31T17:17:04 <Ikledoreboline> M'ouais. x)
2014-10-31T17:18:29 <Bybeez> J'ai hate d'avoir project diva
2014-10-31T17:19:29 <Ikledoreboline> c'est quoi exactement ?
2014-10-31T17:19:49 <Bybeez> C'est un jeu de rythme Vocaloïd
2014-10-31T17:20:08 <Ikledoreboline> Ah c'est du bon ça. ^^
2014-10-31T17:20:10 <Bybeez> Il est sur PSP et PS3 (peut être d'autre consoles sony mais je suis pas sur)
2014-10-31T17:20:30 <Bybeez> Ouaip, je vais voir pour me prendre une PS3 et me l'acheter
2014-10-31T17:20:38 <Ikledoreboline> Y'a beaucoup de musique de base ou y'a des sortes de dlc avec j'imagine ?
2014-10-31T17:21:05 <Bybeez> Je sais pas exactement
2014-10-31T17:21:19 <Bybeez> Je compte demander a Elideros, il l'a il me semble
2014-10-31T17:21:54 <Ikledoreboline> ^^, bon excusez-moi, j'y vais, bonne soirée tout le monde passez un joyeux Halloween :)
2014-10-31T17:22:10 *** Ikledoreboline est parti
2014-10-31T17:25:10 <heuzef> re
2014-10-31T17:25:15 <heuzef> Bybeez oui
2014-10-31T17:25:21 <Bybeez> oui
2014-10-31T17:25:49 <Bybeez> tu me demander si j'étais là et je le suis
2014-10-31T17:25:54 <heuzef> Je voulais savoir par rapport à ta mission, j'ai besoin d'un rapport Hebdomadaire de son avancement
2014-10-31T17:26:11 <heuzef> Qu'aimerais tu proposer pour ça ?
2014-10-31T17:26:31 <Bybeez> Euh... C'est pas faux
2014-10-31T17:26:41 <Bybeez> Je vois pas quoi dire en fait
2014-10-31T17:27:41 <heuzef> L'idée ici c'est de me permettre de connaitre l’évolution, bonne ou mauvaise, lente ou rapide, de la mission et également tes impressions, de manière hebdomadaire
2014-10-31T17:27:59 <heuzef> Mais il faut que ça reste le plus confortable possible pour toi
2014-10-31T17:28:11 <heuzef> Donc comment verrais tu les choses ?
2014-10-31T17:28:18 <Jinxypie> BULIAAAAAAAAAAAAAAAAAAHHHHHHHHHHHHHh!!!!!!!!!!!!!!!!!!!!
2014-10-31T17:28:19 <Bybeez> Bah j'ai un peu avancer
2014-10-31T17:28:20 <Jinxypie> ?
2014-10-31T17:29:08 <Bybeez> Comment ça va ?
2014-10-31T17:29:30 <heuzef> Plutot comment aimerais tu me donner ces "rapports" en faite ?
2014-10-31T17:29:54 <Bybeez> Je vois pas vraiment, vu que dans mes rapport j'aurai pas grand chose a dire
2014-10-31T17:30:17 <heuzef> Hmm c'est peu être pour ça qu'on à pas beaucoup de retour en faite
2014-10-31T17:30:23 <heuzef> savent pas quoi trop dire
2014-10-31T17:30:31 <Bybeez> tu jette un coup d'oeil au Framepad et c'est bon tu sais ce que j'ai fais
2014-10-31T17:30:46 <heuzef> Et si tu devais répondre à une série de question assez précise ça te semble plus cool ?
2014-10-31T17:31:35 <Bybeez> Euh... Je suis pas certain car il risque d'y avoir des questions sans réponse, ou trop précise
2014-10-31T17:31:55 <heuzef> Ok alors des questions fermé dans ce cas
2014-10-31T17:32:17 <heuzef> Et tu prefererais y répondre comment ? Tel ? mail ? Formulaire web ? ... ?
2014-10-31T17:32:51 <Bybeez> Mail ou Formulaire Web, les  deux sont plutôt bien
2014-10-31T17:33:21 <heuzef> Ok tu prefere faire la démarche toi meme ou alors tu prefere qu'on vienne plutot te faire la demande ?
2014-10-31T17:33:38 <heuzef> A chaque fois pour être sur de pas oublier par exemple
2014-10-31T17:33:49 <Bybeez> Oui, je prefere qu'on me demande
2014-10-31T17:34:00 <heuzef> De quel manière ? Mail automatique ?
2014-10-31T17:34:49 <Bybeez> Ouais on fais avec mail auto, et je te fais un retour
2014-10-31T17:35:58 *** flutterbrony est parti
2014-10-31T17:36:02 <heuzef> Ok, donc on peux eventuellement envisager de mettre en place des rapports sous forme de formulaire web de questions fermés, envoyé de manière automatique
2014-10-31T17:36:56 <Bybeez> Oui c'est ça, après le coté automatique ça ira pas forcement a tout le monde (moi je sais que sinon j'y penserai pas)
2014-10-31T17:37:27 <heuzef> Le truc c'est que j'ai beau attendre des retours, les gens n'en font pas
2014-10-31T17:37:46 <heuzef> J'essaie de comprendre pourquoi justement
2014-10-31T17:39:15 <heuzef> Gordfang:  ?
2014-10-31T17:39:22 <Gordfang> oui
2014-10-31T17:39:42 <heuzef> Voila une idée, dis moi ce que tu en pense :
2014-10-31T17:39:50 <Gordfang> (oui désolé je fait autre chose a côté)
2014-10-31T17:40:54 <heuzef> Chaque acteur d'une mission reçoit un email mensuel l'invitant à ce rendre sur projets.bronycub.org (par ex)
2014-10-31T17:41:14 <Gordfang> et on ferai ca de manière automatique
2014-10-31T17:41:29 <heuzef> Sur cette adresse, une interface de permet de lister les projet en cours, l'acteur selectionne donc sa mission et tombe sur un formulaire
2014-10-31T17:41:34 <heuzef> Avec des questions fermé
2014-10-31T17:41:43 <heuzef> (oui/non par ex)
2014-10-31T17:41:51 <Gordfang> quoi comme question fermée
2014-10-31T17:41:53 <Gordfang> ?
2014-10-31T17:42:23 <heuzef> Ce formulaire génére un rapport que l'on attache au ticket
2014-10-31T17:42:43 <heuzef> Je sais pas trop, je vais demander à Mirisme, mon amis Psychologue ;)
2014-10-31T17:42:49 <heuzef> Qu'en pense tu ?
2014-10-31T17:45:18 <Gordfang> ouai sa pourrai être utile même si du coup sa pourrai faire trop "fermer" par rapport au gens juste un formulaire
2014-10-31T17:45:39 <heuzef> On va bien sur rajouter un champ facultatif reponse libre
2014-10-31T17:47:15 <heuzef> L'avantage avec les questions fermé c'est qu'on va pouvoir avoir un vrais retour avec des réponse exploitable
2014-10-31T17:47:53 <heuzef> Du type : "Le projet avance bien" / "Je perd en motivation" / "Je suis bloqué"
2014-10-31T17:48:19 <Gordfang> ok
2014-10-31T17:49:21 <heuzef> Ok pour ça, le seul problème technique que je rencontre ici c'est justement le mail automatique
2014-10-31T17:49:30 <heuzef> Gmail permet ça ?
2014-10-31T17:50:16 <Gordfang> je pourrai pas te dire par contre
2014-10-31T17:50:34 <Gordfang> c'est probable faudrai se renseigner
2014-10-31T17:51:15 <heuzef> Jinxypie ?
2014-10-31T17:51:22 <Jinxypie> oui ?
2014-10-31T17:51:40 <heuzef> Email mensuel automatique depuis Gmail
2014-10-31T17:51:44 <heuzef> Tu sais faire ?
2014-10-31T18:07:45 <heuzef> Jinxypie: ?
2014-10-31T18:08:20 <Jinxypie> Deux sec, je lis le manuel
2014-10-31T18:08:37 <Jinxypie> (le pdf, pas le portugais)
2014-10-31T18:09:56 <heuzef> ;)
2014-10-31T18:34:21 *** heuzef est parti
2014-10-31T19:38:39 *** TrappyTickles est parti
2014-10-31T19:41:53 *** Gordfang est parti
2014-10-31T19:56:52 *** Lenile s'est connecté
2014-10-31T19:56:58 <Lenile> Saloute
2014-10-31T19:57:06 <Lenile> Eclipse2212 c'est un nouveau ?
2014-10-31T20:49:05 *** Lenile est parti
2014-10-31T21:05:55 *** TrappyTickles s'est connecté
2014-10-31T21:06:17 <TrappyTickles> bon ben finalement j'ai la bagnole pour y aller deamin
2014-10-31T21:16:40 *** Gordfang s'est connecté
2014-10-31T21:20:36 <Gordfang> re
2014-10-31T21:22:14 *** Lenile s'est connecté
2014-10-31T21:29:13 <Bybeez> Yo Bonne soirée Halloween *spooooky*
2014-10-31T21:29:28 <Lenile> thx
2014-10-31T21:30:55 <Bybeez> https://www.youtube.com/watch?v=kVpPlWlHMrA
2014-10-31T21:31:06 <Bybeez> Pour la spookiness
2014-10-31T21:37:29 *** Lenile est parti
2014-10-31T22:35:56 *** Bybeez est parti
