2014-08-02T00:12:44 <ludvann> Bonne nuit tout le monde !
2014-08-02T00:12:49 <ludvann> @+
2014-08-02T00:12:54 <ValCab33|AFK> ++
2014-08-02T00:13:11 *** ludvann est parti
2014-08-02T00:56:02 *** TrappyTickles est parti
2014-08-02T01:04:19 *** flutterbrony est parti
2014-08-02T02:11:23 *** ValCab33 est parti
2014-08-02T07:55:13 *** Letarumavza est parti
2014-08-02T08:35:02 <Berry-Punch> Voilà ce qu'il s'est passé ces 10 *hic* dernières lignes, adriens33
2014-08-02T09:38:49 *** heuzef s'est connecté
2014-08-02T10:10:08 *** TrappyTickles s'est connecté
2014-08-02T10:10:37 <TrappyTickles> oi
2014-08-02T10:10:58 <heuzef> =)
2014-08-02T10:19:28 *** Bybeez s'est connecté
2014-08-02T10:19:33 <Bybeez> Plop
2014-08-02T10:19:37 <TrappyTickles> oi
2014-08-02T10:21:32 *** Makhai s'est connecté
2014-08-02T10:21:41 <Makhai> Yop
2014-08-02T10:21:44 <TrappyTickles> oi
2014-08-02T10:21:51 <TrappyTickles> lol tout le monde se réveille en même temps :p
2014-08-02T10:22:00 <Bybeez> Normal
2014-08-02T10:22:04 <Makhai> Logique
2014-08-02T10:22:12 <Bybeez> Ce con dort chez moi
2014-08-02T10:22:18 <Makhai> je dors chez ce con
2014-08-02T10:22:36 <TrappyTickles> lol
2014-08-02T10:22:41 <Makhai> x)
2014-08-02T10:22:46 <TrappyTickles> omg quelqu'un pour envoyer ça à danstonchat, vite :p
2014-08-02T10:22:47 <Bybeez> ^^
2014-08-02T10:24:05 <Makhai> Envoyer ça DTC.. Owi :D
2014-08-02T10:30:04 <Makhai> P'us personne?
2014-08-02T10:31:46 <heuzef> ^^
2014-08-02T10:32:05 <heuzef> Vous êtes en harmonie tous les 2
2014-08-02T10:32:29 <Makhai> la conarmonie ~
2014-08-02T10:34:38 *** Bybeez est parti
2014-08-02T10:34:57 <Makhai> Hokilékon xD
2014-08-02T10:35:20 * Makhai observe avec du pop corn
2014-08-02T10:39:18 <Berry-Punch> Voilà *hic* ce qu'il s'est passé ces 10 dernières lignes, adriens33
2014-08-02T10:39:19 *** adriens33 s'est connecté
2014-08-02T10:40:08 <adriens33> plop
2014-08-02T10:40:29 <Makhai> Yop
2014-08-02T10:44:04 <TrappyTickles> https://marketplace.secondlife.com/p/HMC-Forklift-BOX/4915477 j'adore secondlife pour cette raison.. c'est le seul jeu au monde où tu peux jouer un poney cariste en 3d :p
2014-08-02T10:44:05 <TrappyTickles> oi
2014-08-02T10:57:28 * Makhai cherche des commandes amusantes sur irc
2014-08-02T11:00:26 *** Makhai est parti
2014-08-02T11:32:09 *** ludvann s'est connecté
2014-08-02T11:32:18 <ludvann> Salut !
2014-08-02T11:32:40 <heuzef> PROUT
2014-08-02T11:32:43 <heuzef> ^^
2014-08-02T11:33:10 <ludvann> Ah ça pût !
2014-08-02T11:33:24 <adriens33> salut ludvann
2014-08-02T11:33:47 <ludvann> Dernière fois que tu manges des haricots blanc heuzef ;)
2014-08-02T11:33:59 <ludvann> Ça va ?
2014-08-02T11:35:53 <ludvann> heuzef, j'amène des cables RJ45 pour le 17 ? J'en ai un qui doit faire au moins 10 mètres...
2014-08-02T11:37:43 <ludvann> adriens33 tu veux rire ?
2014-08-02T11:38:08 <heuzef> ludvann oui carrément ^^
2014-08-02T11:38:29 <heuzef> Met ça à jour stp : pad.strycore.com/p/bronycub
2014-08-02T11:38:48 <heuzef> D'ailleur on à toujours pas de maitre de jeu pour les JDR
2014-08-02T11:38:53 <heuzef> C'est facheux
2014-08-02T11:39:58 <ludvann> Ah...
2014-08-02T11:40:26 <ludvann> Je branches ma wii avec lequel ? http://m.imgur.com/LwjTT8t
2014-08-02T11:49:43 <ludvann> Alors ?
2014-08-02T11:55:46 <heuzef> J'ai jamais eu de wii donc j'en sais rien
2014-08-02T11:59:23 <ludvann> C'est surtout la qualité heuzef, j'ai du "péritel" et du composite...
2014-08-02T12:00:50 <heuzef> ba essaie les 2 tu jugera
2014-08-02T12:01:07 <heuzef> Je mise sur le composite
2014-08-02T12:02:14 <ludvann> ^^
2014-08-02T12:05:35 <ludvann> heuzef, je ramène des couteaux de lancers pour le 17 ? ;)
2014-08-02T12:14:21 <heuzef> wut ?
2014-08-02T12:17:12 *** ValCab33 s'est connecté
2014-08-02T12:17:18 <ludvann> Bah pour s'entrainer ^^
2014-08-02T12:17:22 <ValCab33> Hello
2014-08-02T12:17:34 <ludvann> Hellow
2014-08-02T12:20:57 * ludvann go to miam
2014-08-02T12:20:57 <Berry-Punch> Bon appétit, ludvann :D *hic* 
2014-08-02T12:21:35 <ludvann|AFK> j'vais manger @+
2014-08-02T12:22:29 <heuzef> nap
2014-08-02T12:27:49 *** Lezarius s'est connecté
2014-08-02T12:27:58 <Lezarius> Salut
2014-08-02T12:29:13 <ValCab33> Hi
2014-08-02T12:32:21 <Lezarius> J install D2 pour se qui voulait jouer
2014-08-02T12:32:53 *** Makhai s'est connecté
2014-08-02T12:34:12 *** Makhai est parti
2014-08-02T13:22:34 *** Eclipse2212 s'est connecté
2014-08-02T13:22:39 <Eclipse2212> chalut
2014-08-02T13:25:14 *** MaCharon s'est connecté
2014-08-02T13:25:19 <MaCharon> slt
2014-08-02T13:27:47 <heuzef> Saloperie de redevance TV de mes couilles
2014-08-02T13:27:48 <Eclipse2212> cha va?
2014-08-02T13:27:52 <Eclipse2212> xD
2014-08-02T13:28:08 <heuzef> Ces espece d'enfoiré me mette la pression
2014-08-02T13:28:33 <heuzef> Genre comme si on avait le "choix" moi qui regarde jamais la tv
2014-08-02T13:28:37 <Eclipse2212> pour? payer ta facure?
2014-08-02T13:28:55 <Eclipse2212> ah bah on est 2
2014-08-02T13:29:03 <ludvann|AFK> 3
2014-08-02T13:29:07 <Eclipse2212> pour moi la tv c'est la mal xD
2014-08-02T13:29:13 <heuzef> C'est un impot de merde qui t'oblige à payer 131 € sous pretexte que tu regarde la TV
2014-08-02T13:29:20 <Eclipse2212> xD
2014-08-02T13:29:22 <ludvann|AFK> Tu as une tv chez toi ?
2014-08-02T13:29:34 <heuzef> Mais bien sur tu a le droit de raler et de dire que tu ne regarde pas la TV (c'est mon cas)
2014-08-02T13:29:41 <ludvann|AFK> Au dessus de ton bureau ?
2014-08-02T13:29:48 <heuzef> Mais finalement c'est un jeu de pression pour qu'ils soit sur de gagner
2014-08-02T13:29:57 <heuzef> ça me pète les couilles
2014-08-02T13:30:13 <ludvann|AFK> heuzef, tu as un décodeur tnt ?
2014-08-02T13:30:40 <heuzef> Une bande de vieux con qui n'ont rien pigé à la culture, c'est ce même type de connard qui pondent des conneries comme hadopi
2014-08-02T13:30:55 <Eclipse2212> xD
2014-08-02T13:31:06 <ludvann|AFK> ?
2014-08-02T13:31:07 <heuzef> Non mais comme j'ai un "triplay" j'ai pas le choix
2014-08-02T13:31:11 <Eclipse2212> hadopi c'est de la merde
2014-08-02T13:31:18 <ludvann|AFK> Triplay ?
2014-08-02T13:31:35 <Eclipse2212> tv+internet+telephone
2014-08-02T13:31:56 <ludvann|AFK> Ah...
2014-08-02T13:31:57 <heuzef> En faite quand tu prend un abonnement internet ton FAI te glisse des services alakon dont tous le monde s'en branle sauf les Mr et mme Michu
2014-08-02T13:32:09 <ludvann|AFK> xD
2014-08-02T13:32:10 <heuzef> Le fixe (lol) et des chaines tv
2014-08-02T13:32:13 <Eclipse2212> xD
2014-08-02T13:32:30 <heuzef> Bande de gros guinole ça me gonfle
2014-08-02T13:32:44 <heuzef> grrr
2014-08-02T13:32:46 <heuzef> FRRRRR
2014-08-02T13:32:52 <ludvann|AFK> Tu peux pas prendre une offre sans tv ?
2014-08-02T13:33:09 <heuzef> J'ai essayé
2014-08-02T13:33:14 <heuzef> mais non tu comprend
2014-08-02T13:33:20 <heuzef> cécompridanlepaq
2014-08-02T13:33:24 <heuzef> onch onch
2014-08-02T13:33:32 <Eclipse2212> xD
2014-08-02T13:33:40 <ludvann|AFK> :)
2014-08-02T13:33:48 <heuzef> C'est juste un gros complot c'est voyant à 10 km
2014-08-02T13:34:09 <Eclipse2212> le complot entre la tv et les capitalistes
2014-08-02T13:34:15 <heuzef> Le gouvernement tiens absolument à se qu'on s'abrutisse devant la TV bien sagement
2014-08-02T13:34:18 <ludvann|AFK> Toi tu 130€, c'est moi c'est 175€...
2014-08-02T13:34:41 <ludvann|AFK> Il y a mlp pour ça ^^'
2014-08-02T13:34:53 <Eclipse2212> SORS!
2014-08-02T13:35:05 <heuzef> Franchement quand on dis les geek vont dominer le monde
2014-08-02T13:35:13 <Eclipse2212> hmmmm...
2014-08-02T13:35:19 <Eclipse2212> j'pense pas
2014-08-02T13:35:25 <heuzef> En faite il se doivent de le conquérir pour sauver les meubles surtout !
2014-08-02T13:35:34 <Eclipse2212> xD pas faux
2014-08-02T13:35:35 <heuzef> ça pue j'en ai ma claque ><
2014-08-02T13:36:08 <Eclipse2212> moi je m'exile sur mon pc c'est mieux xD
2014-08-02T13:36:37 <heuzef> En tous cas ça changera rien, je vais pas regarder la TV pour autant
2014-08-02T13:37:13 <Eclipse2212> le seul truc auquel me sert la tv c'est youtube et la manette de jeux livrée avec
2014-08-02T13:38:06 <heuzef> Ca me motive surtout à p(a)(i)r(t)a(g)(t)er beaucoup plus ! ^^
2014-08-02T13:38:10 <adriens33> tiens, salut heuzef & Eclipse
2014-08-02T13:38:25 <adriens33> ben… c'est pour ça qu'il faut jamais prendre de triple play
2014-08-02T13:38:34 <adriens33> normalement t'as forcément une offre basique sans la télé
2014-08-02T13:38:38 <heuzef> Nop
2014-08-02T13:38:43 <heuzef> J'ai tous essayer
2014-08-02T13:38:44 <adriens33> c'est juste que comme ils veulent bien enfiler le client
2014-08-02T13:38:51 <adriens33> ils la cachent au mieux possiblez
2014-08-02T13:38:52 <adriens33> si
2014-08-02T13:38:53 <adriens33> forcément
2014-08-02T13:39:06 <adriens33> sinon ça s'appelle de la vente forcée
2014-08-02T13:39:10 <adriens33> et ça c'est illégal ^^
2014-08-02T13:39:29 <ludvann> Plop
2014-08-02T13:39:30 <heuzef> Nan mais je sais que c'est possible, sauf que la vente forcé il te la rentre bien dans le cul en jouant le jeu du plus con
2014-08-02T13:39:53 <ludvann> ...
2014-08-02T13:39:56 <heuzef> Genre quand tu fait la demande au service commerciale le bichour madame il te prend pour un alien
2014-08-02T13:40:10 <adriens33> ben tu demande le N+1…
2014-08-02T13:40:59 <heuzef> Laisse tombé, la dernière fois que j'ai demander à changer mon offre internet je me suis juste retrouver sans téléphone
2014-08-02T13:41:01 <heuzef> nique la logique
2014-08-02T13:41:15 <heuzef> Incompétant au possible
2014-08-02T13:41:45 <ludvann> Numéricable = merde
2014-08-02T13:42:01 <heuzef> Jvais juste leur filer leur 131€ bien gentillement comme un mouton bien sage pour qu'il arrête de me harceler
2014-08-02T13:42:14 <heuzef> Je vais gagner en energie et en durée de vie
2014-08-02T13:42:41 <ludvann> D'ailleurs je peux en avoir un peut :D
2014-08-02T13:42:44 <ludvann> ?
2014-08-02T13:42:49 <heuzef> C'est même pas la somme en faite qui me fait chier
2014-08-02T13:42:50 <adriens33> sinon, tu peux leur dire que s'ils te filent pas ce que tu demandes, tu changes d'opérateur…
2014-08-02T13:42:54 <adriens33> généralement ça ça marche.
2014-08-02T13:43:01 <ludvann> ^^
2014-08-02T13:43:22 <heuzef> adriens33 je viens juste de le faire pour avoir le 200 Mo en faite ^^'
2014-08-02T13:43:40 <ludvann> ...
2014-08-02T13:43:55 * ludvann facewall
2014-08-02T13:44:11 * ludvann facewall x2
2014-08-02T13:44:24 * ludvann facewall x3
2014-08-02T13:44:41 * ludvann increase combo !
2014-08-02T13:44:55 <Eclipse2212> xD
2014-08-02T13:45:14 <Eclipse2212> mais t'est chez quel fournisseur?
2014-08-02T13:45:25 <ludvann> Numéricable
2014-08-02T13:45:53 <Eclipse2212> hmmmmm je suis ausso chez numericable maos j'ai pas ce genre de problèmes
2014-08-02T13:46:18 <ludvann> C'est ton père qui les a ^^
2014-08-02T13:46:25 <Eclipse2212> bon juste mon père qui se sert tellement de la tv qu'il a buté 2 decodeurs tv
2014-08-02T13:46:42 <Eclipse2212> xD
2014-08-02T13:47:26 <ludvann> Eclipse2212 et le bridage de la box ancienne gen ?
2014-08-02T13:50:23 <Eclipse2212> ah oui c'est vrai xD
2014-08-02T13:50:50 <Eclipse2212> ils me brident pour que je passe au pack power
2014-08-02T13:53:08 *** Lezarius est parti
2014-08-02T13:55:29 *** Eclipse2212 est parti
2014-08-02T13:57:43 *** Eclipse2212 s'est connecté
2014-08-02T14:14:43 *** ludvann est parti
2014-08-02T14:22:10 *** ludvann s'est connecté
2014-08-02T14:26:33 *** ludvann est parti
2014-08-02T14:31:19 *** ludvann s'est connecté
2014-08-02T14:37:46 <heuzef> TrappyTickles ?
2014-08-02T14:37:58 <heuzef> adriens33 ?
2014-08-02T14:46:02 *** ludvann est parti
2014-08-02T14:52:15 <adriens33> quoi
2014-08-02T14:54:22 <heuzef> adriens33: tu connais BitBucket par hasard ?
2014-08-02T14:55:02 <heuzef> Sérieux c'est dingue, je trouve pas comment répondre à un ticket
2014-08-02T14:55:06 <heuzef> https://bitbucket.org/Sevenn/bronycat/issue/1/changement-des-couleur
2014-08-02T14:58:53 <adriens33> pourquoi ils ont pas juste forké le dépôt sur github ? ç'aurait été mille fois plus simple…
2014-08-02T15:00:04 <heuzef> No sé
2014-08-02T15:01:55 <adriens33> après bitbucket je sais pas m'en servir, désolé :/
2014-08-02T15:31:50 *** ludvann s'est connecté
2014-08-02T15:36:53 *** ludvann est parti
2014-08-02T16:07:04 *** adriens33 est parti
2014-08-02T16:59:43 <Berry-Punch> Voilà ce qu'il s'est passé ces 10 dernières lignes, adriens33 *hic* 
2014-08-02T16:59:44 *** adriens33 s'est connecté
2014-08-02T17:21:45 *** adriens33 est parti
2014-08-02T18:32:19 *** ludvann s'est connecté
2014-08-02T18:33:09 *** Eclipse2212 est parti
2014-08-02T18:41:21 <heuzef> rwww.google.com
2014-08-02T18:51:34 *** ludvann est parti
2014-08-02T19:05:15 *** heuzef est parti
2014-08-02T19:51:08 *** Bybeez s'est connecté
2014-08-02T19:51:25 <Bybeez> Salutation voyageurs
2014-08-02T19:58:35 <Bybeez> https://www.youtube.com/watch?v=JAs4edeYUJY
2014-08-02T19:58:45 <Bybeez> C'est absolument magnifique
2014-08-02T20:25:12 *** ludvann s'est connecté
2014-08-02T20:25:21 <ludvann> yop tout l'monde !
2014-08-02T20:28:08 <Bybeez> Yo !
2014-08-02T20:29:29 <ludvann> ça va ?
2014-08-02T20:29:50 <Bybeez> ouaip et toi ?
2014-08-02T20:29:56 <ludvann> bien :)
2014-08-02T20:30:12 * ludvann est content de retrouver mon ordi <3
2014-08-02T20:31:00 <ludvann> quoi de neuf ?
2014-08-02T20:38:11 <ludvann> hey gougnaffié de Bybeez !
2014-08-02T20:38:45 <Bybeez> Oops, désolé je regarde Doctor Who en même temps ^^, bah pas grand chose et toi ?
2014-08-02T20:39:29 <Berry-Punch> Voilà ce qu'il s'est passé ces 10 *hic* dernières lignes, adriens33
2014-08-02T20:39:31 *** adriens33 s'est connecté
2014-08-02T20:39:48 <Bybeez> Salut !
2014-08-02T20:39:53 <adriens33> plop
2014-08-02T20:43:29 <ludvann> plopoux !
2014-08-02T20:45:46 <ludvann> adriens33, tu as vu ma photo quand j'ai un masque à "gaz"
2014-08-02T20:45:47 <ludvann> ?
2014-08-02T20:45:53 <adriens33> heu… non
2014-08-02T20:46:02 <ludvann> toujours pas ?
2014-08-02T20:46:09 <ludvann> grumbl...
2014-08-02T20:46:17 <adriens33> quoi "toujours pas" ? je vais pas l'inventer ^^
2014-08-02T20:46:23 <adriens33> j'ai dormi la moitié de l'aprem XD
2014-08-02T20:46:44 <ludvann> je l'ai pas montré aujourd'hui ^^
2014-08-02T20:46:48 <adriens33> ah
2014-08-02T20:47:26 <ludvann> je te l'es montré hier il me semble...
2014-08-02T20:47:29 <ludvann> anyway
2014-08-02T20:47:32 <adriens33> heum… nope
2014-08-02T20:47:43 <ludvann> en tout cas avec, aucune odeur ne passe ^^
2014-08-02T20:47:52 <ludvann> je dit bien aucune !
2014-08-02T20:48:40 <adriens33> (ben c'est un peu le principe en même temps…)
2014-08-02T20:49:06 <ludvann> je l'es remarqué en manipulant hautement puant, j'enlève mon masque 1s pour voir l'odeur et j'ai manqué de resortir mon pt'it dej ^^'
2014-08-02T20:49:15 <ludvann> c'est un masque à filtre
2014-08-02T20:49:29 <adriens33> (oui oui, je sais ce que c'est un masque à gaz ^^)
2014-08-02T20:49:32 <ludvann> filtres* pas à "réservoirs"
2014-08-02T20:49:35 <adriens33> question: tu manipulais quoi ?
2014-08-02T20:49:43 <adriens33> un mort liquéfié ?
2014-08-02T20:49:48 <ludvann> nope
2014-08-02T20:53:11 <ludvann> sinon vous faîtes quoi ?
2014-08-02T20:53:53 *** ValCab33 est parti
2014-08-02T20:56:26 <adriens33> moi pas grand chose
2014-08-02T20:56:42 <adriens33> y'a rien de prévu ajd ?
2014-08-02T20:56:45 <adriens33> c'est dommage… ^^
2014-08-02T20:56:55 <ludvann> c'est à dire ?
2014-08-02T20:57:39 <adriens33> rien, laisse tomber… ^^
2014-08-02T20:58:05 <ludvann> ok ^^
2014-08-02T21:06:50 <ludvann> what the'f ? http://z0r.de/4057
2014-08-02T21:08:51 <adriens33> sympa ^^
2014-08-02T21:08:59 <adriens33> (quoi qu'un peu court comme loop ^^)
2014-08-02T21:09:16 <ludvann> ^^
2014-08-02T21:09:58 <ludvann> épilleptique: s'abstenir ! http://z0r.de/5657
2014-08-02T21:10:49 <ludvann> trouves l'intru ! http://z0r.de/1827
2014-08-02T21:11:07 <adriens33> ludvann !!
2014-08-02T21:11:12 <ludvann> ?
2014-08-02T21:11:30 <adriens33> quand même !
2014-08-02T21:11:42 <adriens33> (ben t'as vu ton dernier lien, sérieux… --')
2014-08-02T21:11:51 <ludvann> rho...
2014-08-02T21:11:54 <adriens33> ^^
2014-08-02T21:14:31 <ludvann> je comprends pourquoi il est seul... http://z0r.de/4158
2014-08-02T21:15:57 <ludvann> watt xD http://z0r.de/40
2014-08-02T21:18:18 ***  2014-08-02T21:18:19 *** Berry-Punch est parti
 ***  2014-08-02T21:21:19 <Berry-Punch> Salut tout le *hic* monde !
2014-08-02T21:21:20 *** Berry-Punch s'est connecté
2014-08-02T21:21:29 <ludvann> un de mes préféré ^^ http://z0r.de/2466
2014-08-02T21:21:40 <adriens33> Putain faudra que je fasse gaffe la prochaine fois que je fais des mises à jour sur mon serveur XD
2014-08-02T21:21:44 <Bybeez> https://www.youtube.com/watch?v=JAs4edeYUJY
2014-08-02T21:22:26 <ludvann> ^^
2014-08-02T21:22:50 *** BronyCUB-MC est parti
2014-08-02T21:23:21 <ludvann> tout fous l'camp ^^
2014-08-02T21:23:30 <adriens33> non, je relance le serv minecraft
2014-08-02T21:23:49 *** BronyCUB-MC s'est connecté
2014-08-02T21:25:21 <ludvann> xD http://z0r.de/463
2014-08-02T21:27:34 <Bybeez> Je kiffe la musique
2014-08-02T21:28:22 <Bybeez> http://z0r.de/5282
2014-08-02T21:30:17 <Bybeez> Qu'est ce qu'on obtient quand on coupe un avocat en 6.02 fois dix puissance vingt-trois morceaux ?
2014-08-02T21:30:29 <ludvann> adriens33, ubuntu c'est pour les pros; ta réaction http://z0r.de/5497
2014-08-02T21:30:49 <adriens33> Bybeez: la constante d'avocat-dro ?
2014-08-02T21:30:54 <ludvann> Bybeez, c'est que la musique ?
2014-08-02T21:31:00 <Bybeez> une quaca-mole
2014-08-02T21:31:13 <adriens33> ok… ^^
2014-08-02T21:31:31 <Bybeez> oui la musique... absolument
2014-08-02T21:31:52 <Bybeez> http://z0r.de/1199 C'est adorable !
2014-08-02T21:32:12 <ludvann> http://z0r.de/2
2014-08-02T21:32:38 <ludvann> level up ! http://z0r.de/3
2014-08-02T21:33:12 <Bybeez> z0r.de/134 creepy
2014-08-02T21:33:36 <Bybeez> http://z0r.de/134 *
2014-08-02T21:33:45 <ludvann> la droque c'est mal http://z0r.de/8
2014-08-02T21:34:12 <Bybeez> http://z0r.de/3087 c'est clair
2014-08-02T21:35:17 <Bybeez> http://z0r.de/1164
2014-08-02T21:36:06 <Bybeez> Wut http://z0r.de/5027
2014-08-02T21:36:23 <ludvann> xD
2014-08-02T21:37:02 <ludvann> je vais m'arrêter là je pense ^^
2014-08-02T21:37:18 <ludvann> mon mot de la fin http://z0r.de/2466
2014-08-02T21:38:11 <Bybeez> Moi je vais y passer ma soirée, !!! a cause de toi !!!
2014-08-02T21:39:50 <ludvann> xD
2014-08-02T21:40:00 <ludvann> je me suis forcé à arreter ^^
2014-08-02T21:40:35 <Bybeez> J'y avais pas toucher depuis des mois !! Je ne peux plus m'arreter
2014-08-02T21:42:16 <ludvann> ah
2014-08-02T21:42:27 <ludvann> je connaissais pas avant ce soir ^^
2014-08-02T21:42:57 <Bybeez> Tu as de la chance !!
2014-08-02T21:44:22 <Bybeez> z0r.de/1162
2014-08-02T21:44:27 <Bybeez> http://z0r.de/5027
2014-08-02T21:44:58 <Bybeez> un concours de lancer de pan cake chez les lions
2014-08-02T21:48:45 *** ValCab33 s'est connecté
2014-08-02T21:48:51 <ludvann> plop !
2014-08-02T21:48:52 <ValCab33> Reuh
2014-08-02T21:49:02 <adriens33> plop val :)
2014-08-02T21:49:43 <ludvann> chat va ?
2014-08-02T22:10:26 <ludvann> i love glitchy mods :/
2014-08-02T22:15:36 *** Ambrocidus s'est connecté
2014-08-02T22:15:42 <Ambrocidus> Hello Bordeaux!
2014-08-02T22:15:51 <adriens33> Saluche :)
2014-08-02T22:16:02 <Ambrocidus> Comment ça và ?
2014-08-02T22:16:22 <adriens33> tranquille
2014-08-02T22:16:24 <Bybeez> Yo
2014-08-02T22:16:28 <adriens33> et toi ?
2014-08-02T22:16:34 <Ambrocidus> Oui, oui...
2014-08-02T22:16:42 <Ambrocidus> BronyCAT bientôt finis!
2014-08-02T22:16:44 <Ambrocidus> puu.sh/aBTHd/688b0db783.jpg
2014-08-02T22:16:48 <Ambrocidus> http//puu.sh/aBTHd/688b0db783.jpg
2014-08-02T22:16:53 <Ambrocidus> >.<
2014-08-02T22:16:57 <Ambrocidus> http://puu.sh/aBTHd/688b0db783.jpg
2014-08-02T22:17:06 <adriens33> nice :D
2014-08-02T22:17:16 <adriens33> (j'aime bien le jeu de mot :p)
2014-08-02T22:17:22 <Ambrocidus> C'est pas la mascotte ^^ c'est en attendant le graphiste, ouais, merci x)
2014-08-02T22:17:27 <Bybeez> ouaip
2014-08-02T22:17:28 <adriens33> ah ok
2014-08-02T22:22:10 *** Ambrocidus est parti
2014-08-02T22:27:54 *** ValCab33 est parti
2014-08-02T22:33:16 <ludvann> je re dans pas longtemps @+
2014-08-02T22:33:22 *** ludvann est parti
2014-08-02T22:39:25 *** ValCab33 s'est connecté
2014-08-02T22:54:03 *** ludvann s'est connecté
2014-08-02T22:54:11 <ludvann> Re !
2014-08-02T22:54:15 <ValCab33> Re
2014-08-02T23:08:21 <Bybeez> Aller, je vous laisse /)
2014-08-02T23:08:28 <adriens33> bonne nuit :)
2014-08-02T23:08:30 *** Bybeez est parti
2014-08-02T23:08:33 <ludvann> @+
2014-08-02T23:08:33 *** ludvannn s'est connecté
2014-08-02T23:09:23 <ludvann> Je re
2014-08-02T23:09:47 *** ludvannn est parti
2014-08-02T23:09:47 *** ludvann est parti
2014-08-02T23:11:21 *** ludvann s'est connecté
2014-08-02T23:11:27 <ludvann> Re
2014-08-02T23:11:54 <adriens33> re ludvann :)
2014-08-02T23:12:21 <ludvann> J'ai du fermer androirc pour déco ludvannn ^^
2014-08-02T23:12:39 <ludvann> Et elle a buguée au démarrage :/
2014-08-02T23:19:01 <adriens33> ah reuh feuh
2014-08-02T23:23:37 <ludvann> ...
2014-08-02T23:23:51 <ValCab33> ... ?
2014-08-02T23:26:16 <ludvann> Houston...
2014-08-02T23:26:34 <ludvann> Kekeçavedire ?
2014-08-02T23:34:48 <ludvann> Qu'est  ce qui rond, blanc, et quand tu appuis dessus tu as mal ?
2014-08-02T23:34:58 <adriens33> ton œil ?
2014-08-02T23:39:16 <ludvann> Oui
2014-08-02T23:39:23 <ludvann> Mais le tien ^^
2014-08-02T23:39:37 <adriens33> aïeuh !
2014-08-02T23:40:32 <ludvann> xD
2014-08-02T23:40:39 <ludvann> Taykon ^^
2014-08-02T23:41:52 <ludvann> Qu'est ce qui vert et quand in appuis dessus il devient rouge ?
2014-08-02T23:41:59 <ludvann> On*
2014-08-02T23:43:12 <ludvann> Vous séchez ?
2014-08-02T23:44:32 <ludvann> Apapipipopo
2014-08-02T23:46:28 <ludvann> adriens33  alors ?
2014-08-02T23:46:38 <adriens33> je sais pas --"
2014-08-02T23:46:58 <ludvann> Une grenouille dans un mixeur !
2014-08-02T23:47:07 <adriens33> …
2014-08-02T23:47:36 <ludvann> ^^
2014-08-02T23:49:07 <ludvann> A ton tour adriens33 ! Une devinette :)
2014-08-02T23:49:14 <adriens33> nop, pas envie…
2014-08-02T23:50:09 <ludvann> Oh... :(
2014-08-02T23:52:56 <ValCab33> http://imgur.com/M63dRiy ...Pearl Fey, 9 ans.
2014-08-02T23:55:45 <ludvann> Euh...
2014-08-02T23:56:34 <ludvann> Ce jeux est bien pour l'éducation des enfants pour la vrai vie ;)
