2014-08-06T00:19:43 *** Gordfang est parti
2014-08-06T00:59:17 *** ValCab33 est parti
2014-08-06T01:38:59 *** Letarumavza s'est connecté
2014-08-06T01:39:04 <Letarumavza> J4ai un plan !
2014-08-06T01:39:19 <Letarumavza> J'ai un putain de fucking plan fiable de reprise de contact !
2014-08-06T02:08:26 <ludvannn> Bonne nuit tout le minde
2014-08-06T02:08:31 <ludvannn> Monde*
2014-08-06T02:08:34 <ludvannn> @+
2014-08-06T02:08:36 *** ludvannn est parti
2014-08-06T02:56:00 *** Ambrocidus s'est connecté
2014-08-06T02:56:04 <Ambrocidus> Bonsoir
2014-08-06T03:16:06 *** Ambrocidus est parti
2014-08-06T06:57:27 *** BronyCUB-MC est parti
2014-08-06T08:48:17 *** heuzef s'est connecté
2014-08-06T08:58:53 <heuzef> Letarumavza:  ? =)
2014-08-06T09:13:28 <Berry-Punch> Voilà *hic* ce qu'il s'est passé ces 10 dernières lignes, adriens33
2014-08-06T09:13:29 *** adriens33 s'est connecté
2014-08-06T09:26:47 *** heuzef est parti
2014-08-06T09:29:16 *** heuzef s'est connecté
2014-08-06T09:44:40 *** ludvann s'est connecté
2014-08-06T09:44:59 <ludvann> Niorphegrühum !
2014-08-06T09:45:19 <ludvann> Tout le monde !
2014-08-06T09:48:53 *** adriens33 est parti
2014-08-06T09:50:25 *** ludvann est parti
2014-08-06T09:51:39 *** ludvann s'est connecté
2014-08-06T09:51:46 <ludvann> Re
2014-08-06T09:53:03 <ludvann> Protip: après l'avoir essayé 3 fois avec un phone pas root et root, clean master sert pratiquement à rien.
2014-08-06T09:54:25 *** ValCab33 s'est connecté
2014-08-06T09:54:41 <ValCab33> Hello
2014-08-06T09:55:26 <ludvann> Hellow
2014-08-06T09:55:33 <ludvann> Ça va ?
2014-08-06T10:02:53 *** ValCab33 est parti
2014-08-06T10:05:55 *** ValCab33 s'est connecté
2014-08-06T10:17:42 *** heuzef est parti
2014-08-06T10:18:25 *** heuzef s'est connecté
2014-08-06T10:21:15 <ludvann> Prendre une douche avec 100% d'eau froide ça dépote ^^
2014-08-06T10:21:25 <heuzef> lol
2014-08-06T10:21:34 <ValCab33> Umad
2014-08-06T10:21:40 <ludvann> :(
2014-08-06T10:21:45 <ludvann> xD
2014-08-06T10:22:14 <ludvann> M'en fout j'aime les douches froides donc :D
2014-08-06T10:23:29 <ludvann> Je me ballade dans le build.prop de mon phone...
2014-08-06T10:25:31 <ludvann> Il y a  des lignes en trop... Je les suppriment.
2014-08-06T10:26:42 <Berry-Punch> Voilà ce qu'il s'est passé ces 10 dernières lignes, *hic* adriens33
2014-08-06T10:26:43 *** adriens33 s'est connecté
2014-08-06T10:28:21 <adriens33> lol les gens
2014-08-06T10:28:27 <adriens33> je viens de recevoir ma 2e carte graphique
2014-08-06T10:28:37 <adriens33> (bon j'ai pas de connecteur SLI, donc faudra que je m'en commande un)
2014-08-06T10:28:41 <adriens33> sur la boite y'a écrit
2014-08-06T10:28:45 <adriens33> « 20% cooler »
2014-08-06T10:28:50 <adriens33> c'est des bronies chez asus ? oO
2014-08-06T10:29:33 <ValCab33> Peut etre...
2014-08-06T10:29:48 <adriens33> bah en tout cas quand j'ai vu ça sur la boîte ça m'a bien fait rire ^^
2014-08-06T10:31:17 <ludvann> xD
2014-08-06T10:38:24 <heuzef> Prend une photo ;)
2014-08-06T10:38:32 <adriens33> ^^
2014-08-06T10:43:06 <ludvann> ValCab33 et adriens33: regardez ça sa dure que 25s mais complètement dafuq de ksp... http://t.co/5HwnUEjWL7
2014-08-06T10:44:20 <ValCab33> Watt
2014-08-06T10:45:02 <ludvann> Oui......
2014-08-06T10:46:32 <ValCab33> This is... weird.
2014-08-06T10:46:48 <ludvann> Je crois qu'il exploite le moteur du jeu à fond...
2014-08-06T10:54:32 <adriens33> https://www.art-software.fr/files/gtx660oc_box.jpg
2014-08-06T10:54:37 <adriens33> * http://www.art-software.fr/files/gtx660oc_box.jpg
2014-08-06T10:56:37 *** ludvann est parti
2014-08-06T10:56:42 *** ludvannn s'est connecté
2014-08-06T11:01:02 *** ludvannn est parti
2014-08-06T11:10:52 *** ludvannn s'est connecté
2014-08-06T11:11:27 <heuzef> Sérieusement xD
2014-08-06T11:20:18 <ludvannn> ?
2014-08-06T11:20:57 <ludvannn> Je déco. @+
2014-08-06T11:21:11 <ludvannn> (Miamiage)
2014-08-06T11:21:15 *** ludvannn est parti
2014-08-06T11:32:41 *** ludvann s'est connecté
2014-08-06T11:32:46 <ludvann> re
2014-08-06T11:33:29 <ludvann> ValCab33, je suis content pour mon ksp :)
2014-08-06T11:33:47 <ValCab33> ?
2014-08-06T11:33:48 <ludvann> le temps de chargement est redevenue normal o/
2014-08-06T11:33:58 <ValCab33> Yay
2014-08-06T11:34:03 <ludvann> (et je joue en half-res)
2014-08-06T11:34:13 <ludvann> (et non plus eight res)
2014-08-06T11:35:07 <ludvann> et je m'entraine pour le dogfight
2014-08-06T11:35:16 <ludvann> c'est chaud .....
2014-08-06T11:36:12 <ludvann> ValCab33, tu sais faire du dogfight ?
2014-08-06T12:18:16 <heuzef> adriens33: ?
2014-08-06T12:18:20 <adriens33> ou ?
2014-08-06T12:18:22 <adriens33> *oui
2014-08-06T12:18:26 <ludvann> mach 5 à 20000m. Normal & easy way...
2014-08-06T12:18:38 <heuzef> J'ai fait une grosse bétise :P
2014-08-06T12:18:44 <adriens33> qué ?
2014-08-06T12:18:52 <heuzef> Me demande pas comement j'ai fait
2014-08-06T12:19:02 <adriens33> t'as fait quoi ? où ? quand ? comment ?
2014-08-06T12:19:03 <heuzef> J'ai supprimé le bootstrap du site -_-
2014-08-06T12:19:11 <adriens33> eh beh git checkout -- .
2014-08-06T12:19:28 <ludvann> ...
2014-08-06T12:19:46 <adriens33> et si t'as commit c'est git checkout HEAD^1
2014-08-06T12:19:52 <ludvann> Letarumavza ça va ?
2014-08-06T12:20:18 <adriens33> je sais pas si t'auras une réponse… il est pas top en ce moment
2014-08-06T12:20:20 <heuzef> Et après je push ?
2014-08-06T12:20:22 <adriens33> il doit dormir là je pense
2014-08-06T12:20:33 <adriens33> heuzef: mais en local ou t'as commité quelque chose ?
2014-08-06T12:20:41 <heuzef> j'ai push en prod
2014-08-06T12:20:50 <adriens33> mékilékon
2014-08-06T12:20:59 <adriens33> on t'as jamais appris à tester avant de push en prod ?
2014-08-06T12:21:03 <ludvann> oky adriens33
2014-08-06T12:21:09 <adriens33> bordel tu fais ça à CGI tu te fais décapiter trois fois XD
2014-08-06T12:21:16 <ludvann> xD
2014-08-06T12:21:17 <adriens33> ben
2014-08-06T12:21:18 <adriens33> là
2014-08-06T12:21:51 <heuzef> Putain de merde et voila que ça geule a la maison
2014-08-06T12:21:59 <heuzef> C'est toujours comme ça
2014-08-06T12:22:02 <adriens33> git reset --hard HEAD^
2014-08-06T12:22:10 <adriens33> att
2014-08-06T12:22:14 * heuzef est afk
2014-08-06T12:22:35 <ludvann> (heuzef is wall facing)
2014-08-06T12:22:44 <adriens33> je le fais, ça sera plus simple
2014-08-06T12:24:26 <adriens33> heuzef: c'est bon, j'ai tout revert, t'as plus  qu'à recommencer proprement cette fois ;)
2014-08-06T12:24:44 <adriens33> par contre faut que tu fasses git reset --hard HEAD^ sur ta copie locale pour supprimmer le commit en question…
2014-08-06T12:24:49 <adriens33> (je l'ai fait sur le serv)
2014-08-06T12:24:56 <ludvann> heuzef devrait participer au guiness book, il attrape plein de mouches xD ;D
2014-08-06T12:25:05 <adriens33> ou alors tu le refais avec git rebase
2014-08-06T12:58:55 *** MaCharon s'est connecté
2014-08-06T12:58:59 <MaCharon> slt
2014-08-06T12:59:44 <ludvann> salut
2014-08-06T12:59:54 <ludvann> bon j'afk, je vais manger.
2014-08-06T12:59:54 <Berry-Punch> Bon appétit, ludvann *hic* :D
2014-08-06T13:00:02 <ludvann> thx Berry-Punch
2014-08-06T13:00:07 <ludvann> (et les autres)
2014-08-06T13:20:15 <heuzef> adriens33: merci ! ^^
2014-08-06T13:20:21 <heuzef> J'ai apporter les correction
2014-08-06T13:20:33 <heuzef> ça corrige pas le bug du dossier ressource cependant
2014-08-06T13:24:18 <MaCharon> heuzef, du coup c'est bon ce que je t'ai passé hier ?
2014-08-06T13:25:26 <heuzef> Renvoie l'image stp ;)
2014-08-06T13:25:40 <MaCharon> ok une mn
2014-08-06T13:26:14 <MaCharon> http://imgur.com/00oj573
2014-08-06T13:26:41 <MaCharon> reste des petites traces de blanc...
2014-08-06T13:27:08 <heuzef> ça passe, ce qui me dérange le plus c'est la pixelisation sur l'image de berry
2014-08-06T13:27:20 <heuzef> Si tu compare avec Vinyl par exemple
2014-08-06T13:27:31 <heuzef> C'est clairement pixélisé
2014-08-06T13:27:42 <MaCharon> j'ai pas trouvé mieux
2014-08-06T13:30:14 <heuzef> MaCharon: t'as pas beaucoup cherché je pense ^^
2014-08-06T13:30:16 <heuzef> http://www.deviantart.com/art/Berry-Punch-325403333
2014-08-06T13:30:29 <heuzef> Celle-ci est en 2000X1418
2014-08-06T13:30:39 <heuzef> De quoi améliorer largement la qualité
2014-08-06T13:31:07 <MaCharon> c'est pas la même et l'image de base que j'avais pris etait plus ou moins pareille au niveau rendu
2014-08-06T13:31:47 *** adriens33 est parti
2014-08-06T13:32:45 <MaCharon> et pour info j'ai bien du passer 2h sur Deviant
2014-08-06T13:33:21 <heuzef> ok
2014-08-06T13:34:01 <MaCharon> ouai non la je compare les deux et le rendu est le même a mes yeux
2014-08-06T13:34:07 <heuzef> http://www.deviantart.com/art/Berry-Punch-BG-pony-217231549
2014-08-06T13:34:18 <heuzef> Améliore juste berry au moins
2014-08-06T13:38:52 <MaCharon> http://imgur.com/piNhFfS
2014-08-06T13:39:11 <MaCharon> mais je prefere quand même avant ^^
2014-08-06T13:40:42 <heuzef> Tu as modifier les dimensions du coup ça deforme l'image
2014-08-06T13:40:46 <heuzef> mais bon pas grave
2014-08-06T13:40:59 <heuzef> On garde cette version ?
2014-08-06T13:41:41 <MaCharon> obligé de modifier les dimensions sinn ça rentre pas
2014-08-06T13:42:00 <MaCharon> apres si ça te vas moi c'est ok
2014-08-06T13:45:21 <heuzef> MaCharon: bien sur qu'il faut redimensionner mais quand tu redimensionne il faut absolument conserver l'homothétie
2014-08-06T13:45:38 <heuzef> Dans quasiment tous les cas
2014-08-06T13:45:46 <MaCharon> de quoi tu es gay ??? XD
2014-08-06T13:45:55 <heuzef> http://fr.wikipedia.org/wiki/Homoth%C3%A9tie
2014-08-06T13:46:14 <heuzef> Sur photoshop il faut maintenir la touche Shift pendant le redimensionnement
2014-08-06T13:46:19 <MaCharon> génial ta page vide ^^
2014-08-06T13:47:21 <MaCharon> ben je te refais ça alors
2014-08-06T13:48:04 <heuzef> Essaie de faire la même avec pinkie si tu trouve
2014-08-06T13:48:23 <ludvann> re
2014-08-06T13:53:25 <MaCharon> http://imgur.com/piNhFfS
2014-08-06T13:53:35 <MaCharon> j'ai fait comme tu m'as dit
2014-08-06T13:56:17 <heuzef> Voila qui est mieux ;)
2014-08-06T13:56:27 <MaCharon> si tu le dit ^^
2014-08-06T13:56:28 <heuzef> Tu te sens de la mette en place sur le site ?
2014-08-06T13:56:50 <MaCharon> si tu m'explique je peux tenter
2014-08-06T13:57:52 <heuzef> J'aurais demander à adrien de te former mais il est pas la
2014-08-06T13:58:00 <heuzef> il à du fuir en sentant le truc arrivé
2014-08-06T13:58:02 <heuzef> xD
2014-08-06T13:58:15 <MaCharon> ah le salop XD
2014-08-06T13:58:32 <heuzef> De mémoire tu utilise windows toi ?
2014-08-06T13:58:44 <MaCharon> oui
2014-08-06T13:59:01 <heuzef> Arg ... j'ai aucune idée de comment fonctionne Git sur Windows
2014-08-06T13:59:13 <heuzef> Letarumavza ? hey !
2014-08-06T13:59:28 <heuzef> Lui c'est un sale windowsien aussi il devrais pouvoir aider
2014-08-06T13:59:36 * Berry-Punch lance un muffin sur Letarumavza à 928 km/h
2014-08-06T13:59:36 <heuzef> !muffin Letarumavza
2014-08-06T13:59:46 <MaCharon> ^^
2014-08-06T13:59:54 <heuzef> Bande de lâche
2014-08-06T14:00:07 <heuzef> Bon
2014-08-06T14:00:09 <heuzef> Pour commencer
2014-08-06T14:00:14 <heuzef> Créer toi un compte sur Github
2014-08-06T14:00:23 <heuzef> github.com
2014-08-06T14:00:23 <MaCharon> nnnnnnnnnnnooooooooooooooooooooooo
2014-08-06T14:00:29 <heuzef> ?
2014-08-06T14:00:44 <MaCharon> j'aime pas me créer des comptes >.<
2014-08-06T14:00:50 <heuzef> Hmm
2014-08-06T14:00:51 <MaCharon> pffff
2014-08-06T14:00:56 <heuzef> Ok on peux faire autrement si tu veux
2014-08-06T14:01:12 <MaCharon> att je fuis moi aussi ^^
2014-08-06T14:01:23 <heuzef> télécharge la dernière version du site
2014-08-06T14:01:26 <heuzef> https://github.com/bronycub/v2/archive/master.zip
2014-08-06T14:01:41 <heuzef> Fait tourner ça en local sur ta machine avec wamp
2014-08-06T14:01:51 <heuzef> Et après tu pourra commencer à faire des modif
2014-08-06T14:02:19 <MaCharon> ....wut ? O.O
2014-08-06T14:02:34 <heuzef> http://www.wampserver.com/
2014-08-06T14:02:47 <heuzef> La on est dans le domaine de l'administration reseaux
2014-08-06T14:02:51 <heuzef> Plus de graphisme
2014-08-06T14:02:52 <heuzef> ;)
2014-08-06T14:03:07 <MaCharon> j'avais remarquer
2014-08-06T14:03:27 <heuzef> Et quand tu aura le site en local sur ta machine tu va devenir dev web le temps de mettre en place ta bannière ^^
2014-08-06T14:03:34 <heuzef> J'espere que tu connais un peu le HTML
2014-08-06T14:03:39 <MaCharon> NON
2014-08-06T14:03:52 <MaCharon> tu me parles chinois
2014-08-06T14:03:54 <heuzef> Ba c'est l'occasion d'apprendre lors d'un excercice pratique
2014-08-06T14:04:09 <MaCharon> mais j'ai pas envie T_T
2014-08-06T14:04:24 <MaCharon> *s'enfuit*
2014-08-06T14:04:43 <heuzef> N'oublie pas le plus important : 动力！
2014-08-06T14:04:54 <MaCharon> bon ça marche comment wamp ?
2014-08-06T14:04:57 <heuzef> 如果你不明白你追求！
2014-08-06T14:05:15 *** MaCharon est parti
2014-08-06T14:05:38 *** MaCharon s'est connecté
2014-08-06T14:05:42 <ludvann> bon je vais afk une bonne partie de l'aprem
2014-08-06T14:05:43 <heuzef> MaCharon: lmgtfy.com/?q=installer+wamp
2014-08-06T14:05:57 <heuzef> http://lmgtfy.com/?q=installer+wamp
2014-08-06T14:05:59 <MaCharon> tain j'ai ru qu'on se faisait envahir par les chinois
2014-08-06T14:07:31 <MaCharon> ouai nn mais c'est bien ton truc mais je suis deja sur le site
2014-08-06T14:08:20 <MaCharon> j'ai pas envie >.>
2014-08-06T14:08:46 <MaCharon> bouh bouh méchant patron !
2014-08-06T14:09:11 <heuzef> Tu as envie de savoir mais tu n'as pas envie d'apprendre
2014-08-06T14:09:21 <heuzef> ça risque de poser problème :P
2014-08-06T14:09:40 <MaCharon> NON la j'ai pas envie de savoir
2014-08-06T14:10:06 <heuzef> Donc je vais mettre en place la bannière à ta place donc
2014-08-06T14:10:38 <MaCharon> mici :p
2014-08-06T14:19:36 <heuzef> Ha zut
2014-08-06T14:19:45 <heuzef> MaCharon:
2014-08-06T14:19:51 <MaCharon> ui ?
2014-08-06T14:19:54 <heuzef> Je remarque que maintenant que t'as fait une faute
2014-08-06T14:19:59 <heuzef> de la
2014-08-06T14:20:20 <heuzef> Tu peux changer le texte ?
2014-08-06T14:21:00 <MaCharon> du genre ? elle est ou la faute ?
2014-08-06T14:21:20 <heuzef> A la limite faudrait juste enlever "la"
2014-08-06T14:21:25 <heuzef> BronyCUB c'est un collectif
2014-08-06T14:21:27 <heuzef> masculin
2014-08-06T14:21:51 <MaCharon> mouais ça fait bizarre a prononcé
2014-08-06T14:22:08 <heuzef> De BronyCUB
2014-08-06T14:22:21 <heuzef> enlève juste "la"
2014-08-06T14:24:30 <MaCharon> http://imgur.com/mTbzgKG
2014-08-06T14:28:03 <heuzef> http://www.bronycub.org/
2014-08-06T14:28:08 <heuzef> bien joué ;)
2014-08-06T14:28:18 <MaCharon> thx
2014-08-06T14:29:09 <heuzef> Fait moi penser à enlever ça dans 10j :P
2014-08-06T14:29:16 <MaCharon> ok
2014-08-06T15:12:15 *** Bybeez s'est connecté
2014-08-06T15:12:27 <Bybeez> Salut !
2014-08-06T15:12:57 <MaCharon> slt
2014-08-06T15:13:27 <Bybeez> Comment ça va ?
2014-08-06T15:17:07 <MaCharon> tranquille ^^
2014-08-06T15:49:40 <ludvann|AFK> :nick ludvann
2014-08-06T15:49:49 <ludvann> dail ^^
2014-08-06T15:49:51 <ludvann> RE !
2014-08-06T16:36:33 <heuzef> Hey les genss
2014-08-06T16:36:38 <heuzef> Franchement
2014-08-06T16:36:43 <heuzef> http://bronycat.org/
2014-08-06T16:36:47 <heuzef> Magnifique ^^
2014-08-06T16:36:56 <heuzef> Je suis tous content dans mon pt coeur
2014-08-06T16:40:50 <MaCharon> ah ouai jolie resultat
2014-08-06T16:43:10 *** ValCab33 est parti
2014-08-06T16:46:41 <heuzef> Vi =)
2014-08-06T16:47:10 <heuzef> Je leur souhaite encore plus de succès que nous
2014-08-06T16:54:15 <Bybeez> Juste un détail, en dessous du logo, il y a marqué BronyCUB.org c'est normal
2014-08-06T16:54:16 <Bybeez> ?
2014-08-06T16:55:04 <heuzef> Arg !!
2014-08-06T16:55:11 <heuzef> Ils vont ragé
2014-08-06T16:55:17 <Bybeez> C'est ce qu'il me semblait ouais
2014-08-06T16:55:18 <heuzef> Rager grave mdr
2014-08-06T16:55:32 <Bybeez> ^^
2014-08-06T16:55:44 *** ValCab33 s'est connecté
2014-08-06T17:10:48 <ludvann> xD
2014-08-06T17:28:49 *** ELiDYROS s'est connecté
2014-08-06T17:28:59 <ELiDYROS> Yo
2014-08-06T17:29:08 <heuzef> Yo ELiDYROS =)
2014-08-06T17:29:14 <heuzef> J'ai essayé de t'appeler
2014-08-06T17:29:27 <ELiDYROS> oui je sais j'ai vu ton mail et j'allais répondre
2014-08-06T17:31:50 <ELiDYROS> c'est bien à propos de samedi qui arrive ?
2014-08-06T17:31:57 <heuzef> Oui
2014-08-06T17:32:00 <heuzef> Pour le graphisme
2014-08-06T17:32:26 <ELiDYROS> j'avais répondu par mail, ça sous entendait qu'à priori je viendrai pas ^^
2014-08-06T17:33:06 <heuzef> :(
2014-08-06T17:33:22 <heuzef> La raison me convient pas du tous
2014-08-06T17:33:34 <ELiDYROS> comment ça ?
2014-08-06T17:33:46 *** TrappyTickles s'est connecté
2014-08-06T17:33:59 <heuzef> "Hum. Je ne sais pas si je rentre réellement dans ces caractéristiques là alors. J'ai déjà fait du print, des flyers, posters, un peu de webdesign mais je suis surtout orienté dans la création de personnages, dessins de modèles vivants et peinture..."
2014-08-06T17:34:09 <heuzef> Et ?
2014-08-06T17:34:37 <ELiDYROS> et donc par rapport à ce que tu m'as répondu ça colle pas
2014-08-06T17:34:44 <TrappyTickles> oi
2014-08-06T17:36:16 <heuzef> ELiDYROS tu comprend pas ce que j’attends de cette atelier. Son double objectif est d'aider une asso humanitaire tous en développant un projet artistique ensemble. La seul caractéristique que j’attends de toi ici c'est d'avoir de partager quelque avec nous.
2014-08-06T17:36:35 <heuzef> Même si l'objectif est d'être productif, c'est secondaire
2014-08-06T17:53:30 <heuzef> ELiDYROS je peux compter sur ta présence Samedi ? J’insiste ^^
2014-08-06T17:53:52 <ELiDYROS> pourquoi tu veux insister ?
2014-08-06T17:54:15 <heuzef> Parce que ça me fait chier que tu vienne pas
2014-08-06T17:54:28 <ELiDYROS> et moi ça me ferait chier de venir pour pouvoir rien faire
2014-08-06T17:54:47 <heuzef> Je suis sur que tu te trompe
2014-08-06T17:55:24 <heuzef> Tu déteste le print à ce point ?
2014-08-06T17:56:25 <ELiDYROS> si j'en ai fait c'est uniquement parce que j'étais obligé, je trouve pas ça d'un grand intérêt personnellement, mais je comprends que ça puisse en intéresser d'autres
2014-08-06T17:57:19 <heuzef> L'asso CDPP compte sur nous et je pense que tu peux vraiment apporter quelque chose
2014-08-06T17:57:41 <ELiDYROS> déjà j'aimerais savoir qui vient et surtout ce qu'on a prévu de faire
2014-08-06T17:57:50 <ELiDYROS> si on se retrouve à deux on va pas être d'une grande aide
2014-08-06T17:58:18 <heuzef> On à 5 projets, ceux que bapiste à listé
2014-08-06T17:58:34 <ELiDYROS> bah j'ai pas vu cette liste
2014-08-06T17:58:40 <heuzef> Ba justement si tu viens pas on va etre encore moins
2014-08-06T17:58:56 <ELiDYROS> c'est moche de jouer sur la culpabilité...
2014-08-06T17:59:20 <heuzef> Ba c'est vrais les graphistes ça cours pas les rues
2014-08-06T17:59:34 <heuzef> On est une poignée dans le collectif
2014-08-06T17:59:44 <heuzef> La pour l'instant j'ai 3 personnes + moi confirmé
2014-08-06T17:59:59 <heuzef> Enfin MaCharon c'est toujours OK pour toi Samedi ?
2014-08-06T18:00:31 <heuzef> Avec toi on est 5 je trouve ça pas mal
2014-08-06T18:00:44 <heuzef> 1 projet chacun limite
2014-08-06T18:01:01 <ELiDYROS> faut pas trop s'avancer, j'ai peut être fait quelque dessin et quelque colos, mais je suis pas vraiment un graphiste lol
2014-08-06T18:01:34 <heuzef> Je sais, je suis le seul pro mais c'est pas grave
2014-08-06T18:01:44 <heuzef> J'ai fournis la charte graphique et elle est validé
2014-08-06T18:01:52 <heuzef> Y'a que sur ça qu'il faut être très carré
2014-08-06T18:02:19 <ELiDYROS> comme j'ai dit je suis au courant de rien j'ai vu aucune info passé
2014-08-06T18:02:58 <heuzef> Pas grave, je t'expliquerais Samedi en personne :D
2014-08-06T18:09:10 <ELiDYROS> c'est où ? qui sont les gens qui viennent ?
2014-08-06T18:12:42 <heuzef> Chez moi, 35 rue millière pas loin de la place de la victoire
2014-08-06T18:13:02 <heuzef> MaCharon, Ragator, Gordfang, Heuzef, ELiDYROS
2014-08-06T18:15:07 <ELiDYROS> Ragator ? Etonnant qu'il vienne
2014-08-06T18:15:17 <MaCharon> moi pour samedi c'est toujours ok
2014-08-06T18:15:34 <heuzef> Pourquoi étonant ?
2014-08-06T18:17:00 <ELiDYROS> Non, pour rien, pour rien...
2014-08-06T18:17:35 <heuzef> Ba si dis
2014-08-06T18:17:56 *** Eclipse2212 s'est connecté
2014-08-06T18:18:01 <Eclipse2212> chalut
2014-08-06T18:18:15 <MaCharon> slt
2014-08-06T18:18:20 <heuzef> De toute manière c'est de la faute d' Eclipse2212 tous ça
2014-08-06T18:18:27 <heuzef> Ha zut il est la
2014-08-06T18:18:27 <Eclipse2212> de??
2014-08-06T18:18:30 <heuzef> chut tous le monde
2014-08-06T18:18:39 <Berry-Punch> Voilà *hic* ce qu'il s'est passé ces 10 dernières lignes, Eclipse2212
2014-08-06T18:18:41 <Eclipse2212> !history
2014-08-06T18:18:55 <heuzef> ça t'avance pas plus hein xD
2014-08-06T18:18:58 <Eclipse2212> xD
2014-08-06T18:19:36 <Eclipse2212> je me souviens plus du lien d'adrien pour voir les logs de la journée en cours xD
2014-08-06T18:19:45 <heuzef> Tu loupe rien
2014-08-06T18:19:53 <Eclipse2212> xD
2014-08-06T18:20:12 <heuzef> J'explique à ELiDYROS pourquoi il sera présent a l'atelier graphisme Samedi
2014-08-06T18:20:26 <Eclipse2212> xD
2014-08-06T18:20:50 <Eclipse2212> moi avec la distance et la co de merde...
2014-08-06T18:21:01 <heuzef> Ha non hein
2014-08-06T18:21:03 <Eclipse2212> +pc en polystyrène
2014-08-06T18:21:15 <heuzef> Si y'a bien un truc que je veux pas entendre c'est ça
2014-08-06T18:21:23 <heuzef> Comment ça la distance ?
2014-08-06T18:21:29 <heuzef> T'habite à Bordeaux
2014-08-06T18:21:33 <heuzef> Y'a aucun souci de distance
2014-08-06T18:21:37 <Eclipse2212> je peut même pas faire tourner paint sans lagger
2014-08-06T18:22:02 <Eclipse2212> aalo je suis actuellement a Strasbourg donc non an
2014-08-06T18:22:07 <heuzef> Ha
2014-08-06T18:22:17 <heuzef> Ba mange une grosse saucisse dans cas
2014-08-06T18:22:18 <Eclipse2212> *actuellement je ne suis pas a bordeaux
2014-08-06T18:22:25 <Eclipse2212> xD
2014-08-06T18:22:36 <Eclipse2212> je hais la choucroute
2014-08-06T18:22:46 <heuzef> C'est toi la choucroute
2014-08-06T18:23:06 <Eclipse2212> xD j'en ai une sur la tête
2014-08-06T18:23:10 * Eclipse2212 sors
2014-08-06T18:23:17 * heuzef rentre
2014-08-06T18:23:35 * Eclipse2212 reviens pour demander une corde et un tabouret
2014-08-06T18:24:13 <Eclipse2212> ah le bot Mc est off?
2014-08-06T18:24:24 <heuzef> ha oui tiens
2014-08-06T18:24:29 * Berry-Punch lance un muffin sur adriens33 à 1192 km/h
2014-08-06T18:24:29 <heuzef> !muffin adriens33
2014-08-06T18:24:45 * Berry-Punch lance un muffin sur heuzef à 658 km/h
2014-08-06T18:24:45 <Eclipse2212> !muffin heuzef
2014-08-06T18:25:55 *** ELiDYROS1 s'est connecté
2014-08-06T18:26:07 * Berry-Punch lance un muffin sur EliDYROS à 668 km/h
2014-08-06T18:26:07 <Eclipse2212> !muffin EliDYROS
2014-08-06T18:26:13 *** ELiDYROS1 est parti
2014-08-06T18:26:18 *** ELiDYROS est parti
2014-08-06T18:26:34 *** ELiDYROS s'est connecté
2014-08-06T18:26:50 <ELiDYROS> re désolé, soucis de connexion
2014-08-06T18:27:06 <Eclipse2212> aok
2014-08-06T18:27:18 <heuzef> Dommage t'as louper la conversation du siècle
2014-08-06T18:27:22 <Eclipse2212> t'est chez free?
2014-08-06T18:27:28 <Eclipse2212> xD
2014-08-06T18:27:29 <ELiDYROS> j'irai voir sur l'historique
2014-08-06T18:27:33 <ELiDYROS> non je suis chez OVH
2014-08-06T18:27:51 <Eclipse2212> encore mieux...
2014-08-06T18:27:55 <heuzef> Bon débit ?
2014-08-06T18:28:05 <ELiDYROS> bon débit oui, et pas cher je trouve
2014-08-06T18:28:47 <heuzef> Fait pété un speedtest pour vir =)
2014-08-06T18:28:58 <heuzef> http://www.speedtest.net/fr/
2014-08-06T18:29:01 <ELiDYROS> non ça ira
2014-08-06T18:29:02 <Eclipse2212> xD le mien est horible
2014-08-06T18:29:04 <ELiDYROS> je sais qu'il y a mieux
2014-08-06T18:29:17 <ELiDYROS> mais pour ce que j'en fais ça me suffit
2014-08-06T18:29:31 <heuzef> C'est que j'aimerais avoir une idée de OVH
2014-08-06T18:30:25 <ELiDYROS> beh déjà ils font plus d'offres pour les particuliers maintenant
2014-08-06T18:30:30 <ELiDYROS> uniquement pour les pros
2014-08-06T18:30:55 <heuzef> http://www.ovhtelecom.fr/adsl/
2014-08-06T18:31:03 <heuzef> Apparemment si
2014-08-06T18:31:10 <heuzef> Le meilleur de l’Internet pour les particuliers et les professionnels.
2014-08-06T18:31:27 <ELiDYROS> ah bah ils ont recommencé
2014-08-06T18:31:44 <ELiDYROS> http://www.speedtest.net/my-result/3672408896
2014-08-06T18:32:33 <Eclipse2212> http://m.imgur.com/UJtvt4w
2014-08-06T18:32:45 <Eclipse2212> car je suis sous androbide
2014-08-06T18:32:52 <Eclipse2212> via l'appli speedtest
2014-08-06T18:33:33 <ELiDYROS> ceci dit je pense changer de FAI dans l'avenir, car je veux faire du stream sur Twitch
2014-08-06T18:33:52 <heuzef> Tiens tu as une MAJ android à faire toi
2014-08-06T18:34:56 <ELiDYROS> faut que je trouve un moyen d'avoir un ping plus bas aussi, c'est pas bon pour les jeux de fight
2014-08-06T18:37:17 <heuzef> ELiDYROS a l'époque ou je jouait à tekken en ligne c'été imbuvable le ping
2014-08-06T18:37:35 <heuzef> il te faut un ping super bas
2014-08-06T18:37:53 <ELiDYROS> je pense que ça reste gérable sur Tekken, mais sur les jeux auxquels je joue en ce moment t'as des coups qui se font à la frame
2014-08-06T18:38:26 <ELiDYROS> les just frames c'est cauchemardesque et frustrant online
2014-08-06T18:40:03 *** ValCab33 est parti
2014-08-06T18:40:16 <heuzef> Franchement à moins d'être en THD c'est mort le jeux de fight online
2014-08-06T18:40:20 <Eclipse2212> bah j'suis root
2014-08-06T18:40:42 <ELiDYROS> c'est mort mais quand y a pas le choix, on fait avec
2014-08-06T18:41:47 <ELiDYROS> après le vrai soucis c'est que les gens joue en mode brain less sur l'online
2014-08-06T18:41:51 <ELiDYROS> jouent*
2014-08-06T18:41:53 <Eclipse2212> pas faux...
2014-08-06T18:42:19 <ELiDYROS> donc quand il s'agit de bosser les mindgames, les punitions etc, si le mec fait n'imp ça aide pas
2014-08-06T18:42:52 <Eclipse2212> peut-être
2014-08-06T18:43:03 <Eclipse2212> je ne joue pas a tekken en ligne
2014-08-06T18:43:15 <ELiDYROS> je joue pas à Tekken non plus
2014-08-06T18:43:22 <Eclipse2212> xD
2014-08-06T18:43:39 <Eclipse2212> moi je casse des monstres
2014-08-06T18:43:50 <ELiDYROS> là je suis sur Under Night In-Birth et Ultra Street 4
2014-08-06T18:43:57 <ELiDYROS> faut que je reprenne BlazBlue aussi
2014-08-06T18:44:39 <Eclipse2212> aok bah moi va falloi que je redl monster hunter 3rd patch en et me resetup sur le serv coldbird
2014-08-06T18:44:51 <Eclipse2212> (la galère quoi!)
2014-08-06T18:45:12 <ELiDYROS> tu y joues sur quoi ?
2014-08-06T18:45:19 <Eclipse2212> emu psp
2014-08-06T18:45:23 <Eclipse2212> sur android
2014-08-06T18:45:45 <Eclipse2212> mais j'ai aimé mon experience sur les servs coldbird
2014-08-06T18:45:55 <Eclipse2212> (pro.coldbird.net)
2014-08-06T18:47:19 <Eclipse2212> mais j'ai du delete le jeu car je manquais de place pour transformer ma tablette en pwnpad
2014-08-06T18:47:33 <ELiDYROS> oui je connais Coldbird
2014-08-06T18:47:40 <Eclipse2212> :D
2014-08-06T18:47:46 <ELiDYROS> à l'époque du P3rd je jouais sur les serveurs PS3
2014-08-06T18:47:53 <ELiDYROS> avec AdHoc Party
2014-08-06T18:48:02 <Eclipse2212> P3rd?
2014-08-06T18:48:13 <ELiDYROS> bah monster hunter portable 3rd
2014-08-06T18:48:17 <Eclipse2212> aok
2014-08-06T18:48:30 <ELiDYROS> en fait je l'ai acheté sur PSP et PS3 et j'y jouais en jap
2014-08-06T18:48:31 <Eclipse2212> xD j'y jouais jusqu'a avant-hier
2014-08-06T18:48:43 <Eclipse2212> bah moi j'ai un patch en
2014-08-06T18:49:00 <ELiDYROS> ouais normal
2014-08-06T18:49:09 <Eclipse2212> mais c'est stressent d'appuyer sur "o" pour valider
2014-08-06T18:49:20 <Eclipse2212> *stressant
2014-08-06T18:49:38 <ELiDYROS> c'est plus logique d'appuyer sur un signe qui signifie valider que sur une croix selon moi
2014-08-06T18:50:01 <Eclipse2212> c'est vrai mais quand on est habitué a une touche...
2014-08-06T18:50:21 <ELiDYROS> tu joues pas sur 3DS sinon?
2014-08-06T18:50:29 <Eclipse2212> j'espère que j'ai pas perdu la main avec les lames xD
2014-08-06T18:50:33 <Eclipse2212> j'ai pas
2014-08-06T18:50:40 <Eclipse2212> j'ai que la ds lite
2014-08-06T18:50:46 <ELiDYROS> d'accord
2014-08-06T18:50:55 <Eclipse2212> :(
2014-08-06T18:50:57 <ELiDYROS> je dis ça parce qu'il y a une petite communauté dont je fais parti sur Bordeaux
2014-08-06T18:51:02 <ELiDYROS> on joue pas qu'à MonHun ceci dit
2014-08-06T18:51:31 <Eclipse2212> aok
2014-08-06T18:53:26 <ELiDYROS> là on a repris les sessions pour se chauffer pour MonHun 4
2014-08-06T18:53:35 <Eclipse2212> ah...
2014-08-06T18:53:45 <Eclipse2212> ça sera pour quel support?
2014-08-06T18:53:51 <ELiDYROS> 3DS
2014-08-06T18:53:56 <Eclipse2212> et merde...
2014-08-06T18:54:10 <ELiDYROS> ouais t'inquiete ça fait chier tout le monde cette exclu
2014-08-06T18:54:19 <Eclipse2212> les emus 3Ds n'existent pas encore...
2014-08-06T18:54:49 <Eclipse2212> et vu la difficulté pour avoir un emu ds potable (sous Android)
2014-08-06T18:55:21 <Eclipse2212> car 4core + nvidia tegra3 et je tournais a 16 fps, c'est un peu du foutage de gueule
2014-08-06T18:56:25 <Eclipse2212> deja pour le P3rd c'etais exclu jp
2014-08-06T18:57:24 <ELiDYROS> en théorie je joue depuis le 1 mais j'ai réellement commencé sur Freedom Unite
2014-08-06T18:57:33 <Eclipse2212> du coup tu derais dispo pour P3rd?
2014-08-06T18:58:03 <Eclipse2212> ah j'ai commencé sous freedom mais jai vraiment appris le jeu sous freedom unite
2014-08-06T18:58:10 <Eclipse2212> xD
2014-08-06T18:59:17 *** ValCab33 s'est connecté
2014-08-06T19:05:00 <Berry-Punch> Voilà ce qu'il s'est *hic* passé ces 10 dernières lignes, adriens33
2014-08-06T19:05:01 *** adriens33 s'est connecté
2014-08-06T19:05:38 <adriens33> heloo
2014-08-06T19:07:21 <Eclipse2212> helooo
2014-08-06T19:25:02 <Bybeez> yooo
2014-08-06T19:25:07 <adriens33> 'oooooo
2014-08-06T19:26:09 <Berry-Punch> Flags de adriens33 modifiés : +o *hic* 
2014-08-06T19:26:09 <adriens33> !op adriens33
2014-08-06T19:26:44 <Berry-Punch> Flags de adriens33 modifiés *hic* : -o
2014-08-06T19:26:44 <adriens33> !deop adriens33
2014-08-06T19:27:26 <adriens33> Eclipse2212: tiens, toi qui cherchait le lien du log de toute la journée, je l'ai ajouté dans le titre ;)
2014-08-06T19:28:21 <ELiDYROS> tiens j'avais pas fait gaffe mais j'ai reçu un nouveau jeu
2014-08-06T19:29:21 *** BronyCUB-MC s'est connecté
2014-08-06T19:33:26 <ELiDYROS> je devrais vérifier mon courrier plus souvent lol
2014-08-06T19:36:56 <Eclipse2212> xD
2014-08-06T19:37:12 *** MaCharon est parti
2014-08-06T19:37:22 <Eclipse2212> merci adriens
2014-08-06T19:38:55 <adriens33> ben ça m'évitera de devoir le répéter :)
2014-08-06T19:39:03 <adriens33> (pis au moins comme ça c'est visible)
2014-08-06T19:39:05 *** ValCab33 est parti
2014-08-06T20:06:12 *** Eclipse2212 est parti
2014-08-06T20:14:48 *** KLM s'est connecté
2014-08-06T20:15:29 *** KLM est parti
2014-08-06T20:16:04 <BronyCUB-MC> heuzef has joined the server!
2014-08-06T20:22:07 <BronyCUB-MC> heuzef has quit the server!
2014-08-06T20:24:47 *** KLM s'est connecté
2014-08-06T20:25:08 <adriens33> hello
2014-08-06T20:26:04 <heuzef> plop KLM =)
2014-08-06T20:26:55 <KLM> Slt ;)
2014-08-06T20:27:08 <KLM> Ça va ?
2014-08-06T20:27:14 <heuzef> Vi vi :3
2014-08-06T20:27:34 <heuzef> T'as pas oublié l'anniv j'espère ?
2014-08-06T20:27:43 <KLM> L'anniversaire de qui ?
2014-08-06T20:27:46 <heuzef> Parceque on dirais que oui au vu de ton dernier mail
2014-08-06T20:27:50 <Letarumavza> Flo !
2014-08-06T20:27:50 <heuzef> omg ....
2014-08-06T20:28:00 <heuzef> ?
2014-08-06T20:28:03 <Letarumavza> Etant passablement beurré je viens d'avoir une idée
2014-08-06T20:28:09 <heuzef> Ha !
2014-08-06T20:28:23 <Letarumavza> Brony-frnetwork
2014-08-06T20:28:46 <heuzef> T'arrive un poile a la bourg sur ce coup la ^^
2014-08-06T20:29:09 <Letarumavza> Sauf que ce qui existe déjà ne ressemble quasi à rien.
2014-08-06T20:29:16 <heuzef> L'idée c'été de motiv le webmaster de brony.fr en faite
2014-08-06T20:29:26 <heuzef> KLM le 17 aout ?
2014-08-06T20:29:42 <heuzef> KLM: non ? Toujours pas d'idée de quoi je parle ?
2014-08-06T20:30:03 <adriens33> Arrête de maltraiter les gens XD
2014-08-06T20:30:04 <Letarumavza> Je parle d'une API unifiée, d'une liste de membres centralisée, et de caneaux de discussion dédiés.
2014-08-06T20:30:19 <Letarumavza> Dans le but de faciliter les rencontres entre bronies en déplacement et locaux.
2014-08-06T20:30:21 <adriens33> KLM: Le 17 aout on fête l'anniversaire du collectif, ça se passera chez Letarumavza.
2014-08-06T20:30:35 <adriens33> donc plus y'a de ponies mieux c'est :)
2014-08-06T20:31:58 <KLM> Si si, mais j'ai pas vu passer de mail la dessus donc bon je savais même pas que ça se faisait..  Puis voilà,  tu me connai
2014-08-06T20:31:58 <KLM> s un peu Flo
2014-08-06T20:32:13 <KLM> D'ailleurs,  l'agenda est illisible sur téléphone ;)
2014-08-06T20:32:25 <heuzef> Regarde un peu l'agenda ;)
2014-08-06T20:32:36 <KLM> L'agenda illisible ?  :D
2014-08-06T20:33:29 <heuzef> Non
2014-08-06T20:33:32 <heuzef> celui-la
2014-08-06T20:33:32 <heuzef> http://www.bronycub.org/agenda.php
2014-08-06T20:33:40 <KLM> Puis j'suis plus en couple et obligée de vivre avec mon ex sinon j'suis à la rue,  donc clairement,  me tenir au courant des projets de BC auxquels les 3/4 me concerne pas,  bah..  J'avais autre chose à penser x)
2014-08-06T20:33:59 <KLM> Oui,  l'illisible  xD
2014-08-06T20:34:05 <Letarumavza> KLM...
2014-08-06T20:34:12 <Letarumavza> S'il-te-plait...
2014-08-06T20:34:14 <KLM> Attends je vais prendre un screen ^^
2014-08-06T20:34:25 <Letarumavza> Je suis pas d'humeur pour les peigne-culs
2014-08-06T20:34:32 <KLM> Quoi ?
2014-08-06T20:35:27 <adriens33> Leta est pas bien
2014-08-06T20:35:36 <Letarumavza> Carrément...
2014-08-06T20:35:48 <adriens33> (à part le fait qu'il soit bourré tout seul dans sa chambre devant son ordi)
2014-08-06T20:36:04 <Letarumavza> (ça c'est la conséquence, pas la cause)
2014-08-06T20:36:06 <adriens33> tiens, demain je me ramène avec de la barbaque, t'as intérêt d'en manger ;)
2014-08-06T20:36:20 <Letarumavza> Mouais...
2014-08-06T20:36:32 <Letarumavza> Là j'ai tenu deux jours avec 7 crèpes...
2014-08-06T20:36:38 <Letarumavza> Et du rhum...
2014-08-06T20:37:03 <adriens33> T'as mangé que ça ? oO
2014-08-06T20:37:20 <KLM> Et ?  J'ai pas le droit d'expliquer un peu pourquoi je ne m'étais pas trop tenue au courant des projets de BC,  projets qui ne '' m'interessent'' pas pour la plupart,  vu que je suis exilée à Bordeaux et donc inutile ^^°
2014-08-06T20:37:22 <adriens33> si tu mets pas d'essence dans le moteur il va tomber en panne…
2014-08-06T20:37:26 <Letarumavza> Yep... Je suis éloigné de ma copine depuis 4 jours et je suis déjà une épave...
2014-08-06T20:37:34 <adriens33> KLM: non, c'est pas ça…
2014-08-06T20:38:00 <adriens33> c'est juste que pour l'agenda illisible tu peux voir ça avec flo en pv ;)
2014-08-06T20:38:09 <adriens33> de toute façon y'a la v3 qu'est en prépa
2014-08-06T20:38:14 <adriens33> (et là faut voir avec wildfier)
2014-08-06T20:38:20 <Letarumavza> L'agenda est refait en v3 ?
2014-08-06T20:38:29 <KLM> C'est quoi alors ?  Désolée, j'ai du mal à tout suivre,  et je peux paraître brusque aussi,  et je m'en excuse d'ailleurs
2014-08-06T20:38:29 <heuzef> Et pourquoi avec moi xD
2014-08-06T20:38:43 <heuzef> Bon désolé je dois filer
2014-08-06T20:38:45 <heuzef> miamer tous ça
2014-08-06T20:38:47 <adriens33> ben wildfier a reproduit tout le site avec symfony, donc y'a des chances que ça soit plus propre derrière ;)
2014-08-06T20:38:49 <adriens33> bona pp
2014-08-06T20:38:53 <KLM> Rhô,  c'est bon,  je sais pas non plus ¬¬
2014-08-06T20:38:57 <Letarumavza> Mouais...
2014-08-06T20:39:02 <adriens33> KLM: y'a pas de suchi ;)
2014-08-06T20:39:08 <KLM> Flo j'attends ton appel au fait,  tiens moi au jus hein ?
2014-08-06T20:39:20 <heuzef> ?
2014-08-06T20:39:23 <KLM> Spam pas sais* t9 de marde
2014-08-06T20:39:34 <heuzef> Bon @plouf
2014-08-06T20:39:51 *** heuzef est parti
2014-08-06T20:40:05 <KLM> Tu sais,  la grande discutions,  mon avis,  le truc a propos d'Alex, le fait que je veux '' quitter'' BC ?
2014-08-06T20:40:20 <KLM> Fail ¬¬
2014-08-06T20:41:46 <adriens33> qué ?
2014-08-06T20:41:48 <adriens33> qui veut partir ?
2014-08-06T20:41:50 <adriens33> pour qué ?
2014-08-06T20:41:52 <adriens33> :(
2014-08-06T20:42:42 <KLM> Moi. Flo pensait que je voulais partir car je ne suis pas du tout à l'aise au sein du collectif.
2014-08-06T20:43:10 <KLM> Et Leta, excuses moi, je viens de voir qui tu étais..  J't'envoie des bisous de soutien <3
2014-08-06T20:43:20 <Letarumavza> ?
2014-08-06T20:43:50 <KLM> C'est Bertrand hein ?
2014-08-06T20:44:34 <Letarumavza> yep.
2014-08-06T20:44:34 *** Zecora_bot s'est connecté
2014-08-06T20:44:59 <adriens33> tiens, salut Zecora_bot :)
2014-08-06T20:45:04 <adriens33> Zecora ?
2014-08-06T20:45:10 <adriens33> bon ok j'abandonne XD
2014-08-06T20:45:15 <Zecora_bot> On m'appelle ?
2014-08-06T20:45:17 <adriens33> ah
2014-08-06T20:45:25 <Letarumavza> !quit
2014-08-06T20:45:31 *** Zecora_bot est parti
2014-08-06T20:45:37 <Letarumavza> Tain...
2014-08-06T20:45:44 <Letarumavza> Fuck la new maj de python !
2014-08-06T20:45:47 <KLM> Désolée, tu sais comment je suis,  je voulais pas te pré de la tête :)
2014-08-06T20:46:17 <Letarumavza> Qui s'y connait en python ?
2014-08-06T20:46:44 <Letarumavza> Oh le con...
2014-08-06T20:46:50 <Letarumavza> Adrien...
2014-08-06T20:47:03 <Letarumavza> Je me suis gourré dans le / pour la séquence d'échapement...
2014-08-06T20:47:11 <Letarumavza> J'ai inversé / et 
2014-08-06T20:47:38 <Letarumavza> Et j'ai fait ça sobre...
2014-08-06T20:48:32 <Letarumavza> Oh putain...
2014-08-06T20:48:52 <Letarumavza> J'ai parsé la ligne dans la détection du salut...
2014-08-06T20:49:06 <Letarumavza> QUEL PUTAIN D'ABRUTI !!!
2014-08-06T20:50:23 <ELiDYROS> Bon bah je m'ouvre une bouteille de Jack
2014-08-06T20:51:00 <Letarumavza> J4en veux !
2014-08-06T20:51:10 *** Zecora_bot s'est connecté
2014-08-06T20:51:30 <Letarumavza> Zecora ?
2014-08-06T20:51:31 <Zecora_bot> Oui, Letarumavza ?
2014-08-06T20:51:32 <KLM> Mais vous avez fini de boire devant vos pc en solo oui ?  XD
2014-08-06T20:51:33 <Zecora_bot> Oui, KLM ?
2014-08-06T20:51:44 <Letarumavza> Bon...
2014-08-06T20:51:44 <Zecora_bot> Oui, Letarumavza ?
2014-08-06T20:51:49 <KLM> J'ai rien dit moi x)
2014-08-06T20:51:50 <Zecora_bot> Oui, KLM ?
2014-08-06T20:51:53 *** Zecora_bot est parti
2014-08-06T20:51:59 <Letarumavza> Etrange...
2014-08-06T20:52:14 <Letarumavza> Je pige pas...
2014-08-06T20:52:17 <ELiDYROS> je fête mes quelques années de célibat
2014-08-06T20:52:21 <ELiDYROS> donc je sais pas si je partage
2014-08-06T20:52:37 <Letarumavza> if (usermessage == "zecora ?" or "zecora?" or "pupuce ?"):
2014-08-06T20:52:38 <Letarumavza>             self.send_message_to_channel( ("Oui, " + user + " ?"), channel )
2014-08-06T20:53:09 <KLM> Je veux fêter mon nouveau celibat moi,  donc j'ai droit :D
2014-08-06T20:53:10 <Letarumavza> Normalement elle ne doit répondre qu'à ces strings.
2014-08-06T20:53:27 <Letarumavza> ça vous gènerai de discuter célibat/couple en pv ?
2014-08-06T20:53:35 <KLM> Désolée :/
2014-08-06T20:53:43 <ELiDYROS> lol
2014-08-06T20:53:55 <Letarumavza> Je me suis imbibé parce que j'ai été spéparé de ma copine de force et que je sais pas quand je vais la revoir...
2014-08-06T20:54:52 <Letarumavza> Putain je capte vraiment pas le bug dans mon code...
2014-08-06T20:55:03 <KLM> Ta vie ne s'arrête pas pour autant tu sais..  Même si je comprends ta réaction.
2014-08-06T20:55:22 <KLM> On ira boire un coup ensemble si tu veux,  quand je serais la :)
2014-08-06T20:56:25 <adriens33> Letarumavza: tu devrais utiliser re
2014-08-06T20:56:28 <adriens33> (pour les regex)
2014-08-06T20:56:35 <adriens33> plus simple pour les triggers sur les messages d'appel
2014-08-06T20:56:36 <adriens33> genre
2014-08-06T20:56:50 <Letarumavza> re ?
2014-08-06T20:57:09 <adriens33> ([zZ]ecora(_bot)? ??)
2014-08-06T20:57:20 <adriens33> re = module pour les regex en python ;)
2014-08-06T20:57:47 <adriens33> https://docs.python.org/2/library/re.html
2014-08-06T20:58:02 <adriens33> (note que ça marche avec python3 aussi)
2014-08-06T20:58:12 <adriens33> https://docs.python.org/3/library/re.html
2014-08-06T20:58:19 <adriens33> (ah ben j'avais juste pas le bon lien ^^')
2014-08-06T21:00:29 <Letarumavza> ok, j'ai wow, tera, rift, minecraft, lol, et firefox de lancé...
2014-08-06T21:00:36 <Letarumavza> Et je tab de l'un à l'autre sans lag.
2014-08-06T21:00:49 <Letarumavza> adriens33, en d'autres termes j'ai restoré mon fameux algo permacrack
2014-08-06T21:01:56 <adriens33> ah
2014-08-06T21:02:26 <adriens33> donc je note: plus productif quand imbibé d'éthanol.
2014-08-06T21:04:59 <Letarumavza> Plus productif quand je passe ma nuit à chialer sans savoir quoi faire d'autre...
2014-08-06T21:05:15 <adriens33> :(
2014-08-06T21:05:18 <adriens33> merde…
2014-08-06T21:05:20 <adriens33> quel con
2014-08-06T21:05:21 <adriens33> désolé
2014-08-06T21:09:42 *** KLM est parti
2014-08-06T21:11:45 <Letarumavza> arf
2014-08-06T21:27:02 <ELiDYROS> le plus énervant avec les histoires de couple, c'est que quand t'en as pas t'es malheureux, et quans t'en as t'es malheureux aussi
2014-08-06T22:02:47 <Letarumavza> ELi => ta gueule ^^
2014-08-06T22:03:45 <ELiDYROS> euh pardon ?
2014-08-06T22:03:51 <ELiDYROS> c'est juste un fait hein
2014-08-06T22:04:16 <adriens33> nan mais là tu remues le couteau dans la plaie en fait…
2014-08-06T22:04:36 <adriens33> Mais bon Letarumavza pose le méchantox, c'est pas bon pour ta tension ^^
2014-08-06T22:05:26 <ELiDYROS> si je te faisais un topo sur ma vie sentimentale tu comprendrais pourquoi j'ai appris à prendre du recul et arrêté de me voiler la face
2014-08-06T22:06:50 <Bybeez> Bonne nuit les gens *hug* /) vous aller finir par me rendre triste aussi donc *hug* pour le réconfort et c'est tout !
2014-08-06T22:06:57 *** Bybeez est parti
2014-08-06T22:10:46 *** ELiDYROS est parti
2014-08-06T22:41:52 *** TrappyTickles est parti
2014-08-06T23:05:44 <adriens33> bon, je go dodo, bonne nuit tout le monde…
2014-08-06T23:05:45 *** adriens33 est parti
2014-08-06T23:11:23 *** ludvann est parti
2014-08-06T23:14:42 *** ValCab33 s'est connecté
2014-08-06T23:15:04 <ValCab33> Kom ya personne
2014-08-06T23:20:33 *** ValCab33 est parti
