2014-10-27T00:00:23 <adriens33> …
2014-10-27T00:00:29 <Lenile> Bah apres Jinxypie fait comme il veux mais moi j'utilise des preservatifs ._.
2014-10-27T00:00:33 <Lenile> T'sais le sida toussa toussa
2014-10-27T00:00:42 <Lenile> Eviter d'avoir des enfants toussa toussa
2014-10-27T00:00:50 <adriens33> respect de la personne ?
2014-10-27T00:00:51 <Jinxypie> Rassures moi, t'es pas aussi con, tu fais juste semblant...
2014-10-27T00:01:06 <Lenile> Bah je vous comprend pas la ._.
2014-10-27T00:01:13 <Lenile> J'parle d'ubn preservatif ._.
2014-10-27T00:01:15 <adriens33> ouais c'est bien ce qu'on se disait…
2014-10-27T00:01:17 <adriens33> oui justement
2014-10-27T00:01:19 <Lenile> Mais vous me parlez de la miss .ç.
2014-10-27T00:01:32 <Lenile> J'ai jamais dit que je la prenais pour une capote humaine o.o
2014-10-27T00:01:39 <Jinxypie> Sinon, au nom d'homo sapiens sapiens (et à fin qu'il reste sapiens) je te fais la demande de ne pas te reproduire.
2014-10-27T00:01:49 <Lenile> Vous metez des capotes nan quand vous faisez l'amour rassurez moi o.o
2014-10-27T00:02:02 <Jinxypie> Hum...
2014-10-27T00:02:06 <adriens33> dixit le mec qui se lave pas les paluches après s'être touché la teub et torché le cul.
2014-10-27T00:02:10 <Jinxypie> Dans ton cas je vais virer un sapiens...
2014-10-27T00:02:14 <Ikledoreboline> Ok, bon.
2014-10-27T00:02:15 <Lenile> Bon
2014-10-27T00:02:25 <Lenile> Jinxypie : C'est bon tu à fait l'amour ?
2014-10-27T00:02:32 <Lenile> ça va comme ça ?
2014-10-27T00:02:38 <Lenile> Ou bien j'ai
2014-10-27T00:02:48 <Lenile> Est-ce que tu à passé le cap Jinxypie ?
2014-10-27T00:02:59 <adriens33> SHUT THE FUCK UP !!
2014-10-27T00:03:01 <Lenile> Avez vous passé une nuit de folie ?
2014-10-27T00:03:03 <Jinxypie> Lenile..
2014-10-27T00:03:11 <Lenile> Beh j'pose la question o.o
2014-10-27T00:03:16 <Jinxypie> Je vais te donner une expression plus respéctueuse et plus classe.
2014-10-27T00:03:19 <Jinxypie> "as tu meublé ta nuit"
2014-10-27T00:03:22 <Lenile> Oublier un bustier dans ton lit quand meme ça veux tout dire o.o
2014-10-27T00:03:23 <Jinxypie> Et oui.
2014-10-27T00:03:35 <Lenile> Jinxypie je la conaissait pas celle la
2014-10-27T00:03:40 <Lenile> connaissait*
2014-10-27T00:03:46 <Jinxypie> ...
2014-10-27T00:03:49 <Lenile> T'a utilisé un film ?
2014-10-27T00:04:06 <Jinxypie> Lenile, tu devrais postuler au cern.
2014-10-27T00:04:16 <Lenile> s'quoi ?
2014-10-27T00:04:17 <Jinxypie> Je pense que tu es l'îlot de stabilité tant recherché.
2014-10-27T00:04:28 <Lenile> S'quoi s'truc ? 8D
2014-10-27T00:05:11 <adriens33> http://fr.wikipedia.org/wiki/Organisation_europ%C3%A9enne_pour_la_recherche_nucl%C3%A9aire
2014-10-27T00:05:14 <Jinxypie> Une manière de te dire que tu es très très très lourd en utilisant un concept de sciences physiques suffisament avancé pour que tu n'ais aucune chance de piger sans avoir à demander et exposer ton inculture.
2014-10-27T00:05:33 <Jinxypie> en d'autres termes : kapoué
2014-10-27T00:05:38 <Lenile> Haaaa kay'
2014-10-27T00:05:41 <adriens33> aptipipipapa !!
2014-10-27T00:05:45 <Lenile> Nan mais j'ai compris.
2014-10-27T00:05:47 <adriens33> Henri !!!
2014-10-27T00:06:19 <Lenile> Par contre adriens33 viens de passé au stade de sapiens en une phrase de Francois Perusse c'est asser comique.?
2014-10-27T00:06:32 <Lenile> Ne comptez pas le point d'intérrogation.
2014-10-27T00:06:36 <Lenile> C'est une erreur.
2014-10-27T00:06:38 <adriens33> je t'emmerde.
2014-10-27T00:06:51 <Jinxypie> ...
2014-10-27T00:07:02 <adriens33> je ne faisais que citer un passage d'un épisode des deux minutes du peuple
2014-10-27T00:07:07 <Lenile> Que de vulgarité adriens33 est-ce comme ça que les personnes distinguée parlent ?
2014-10-27T00:07:09 <adriens33> étant donné que c'est ce que j'ai dans les oreilles en ce moment.
2014-10-27T00:07:23 <Lenile> Se n'est pas une raison pour m'insulté voyons.
2014-10-27T00:07:26 <Jinxypie> Lenile, quand on veut se la péter, on foire pas les accords..
2014-10-27T00:07:33 <Lenile> Chacuns ces occupations.
2014-10-27T00:07:38 <Jinxypie> M'enfin je dis ça, je dis rien...
2014-10-27T00:08:05 <Lenile> Jinxypie je reprend tes mots en les tournant avec mon vocabulaire : S'pas bien de se moqué d'un Handicap./
2014-10-27T00:08:09 <Lenile> n.n
2014-10-27T00:08:15 <Lenile> <3 ~~
2014-10-27T00:08:33 <adriens33> Lenile c'est qui que tu traites de handicapé ? :p
2014-10-27T00:08:34 <Jinxypie> Le problème fondamental avec toi, c'est que tu n'as ni sens de la mesure ni de l'auto-caricature...
2014-10-27T00:08:49 <Lenile> adriens33 : c'est moi, nuance.
2014-10-27T00:08:59 <adriens33> hmm.
2014-10-27T00:09:13 <Jinxypie> dis adri, je peux ? je peux ? je peux ?
2014-10-27T00:09:30 <adriens33> tu as l'acces, fais en ton ame et conscience. je ne suis pas responsable de tes actes.
2014-10-27T00:09:31 <Lenile> adriens33 : Dans le systeme de l'éducation nationale actuel, l'Agraphie est considerée comme un handicap.
2014-10-27T00:09:33 <adriens33> :3
2014-10-27T00:09:42 <Lenile> Je suis agraphique
2014-10-27T00:09:47 <Lenile> Je suis donc un Handicapé
2014-10-27T00:09:54 <Lenile> C'était de moi que je parlais adriens33
2014-10-27T00:10:13 * Jinxypie facehoof.
2014-10-27T00:10:18 <Lenile> Jinxypie j'ai beaucoup d'humour
2014-10-27T00:10:24 <Lenile> On à juste pas le même degres xD
2014-10-27T00:10:49 <Jinxypie> C'est marrant, tu fais sourire personne...
2014-10-27T00:11:12 <Lenile> T'arrive à voir ça à travers un ecran ?
2014-10-27T00:11:15 <Lenile> x)
2014-10-27T00:11:32 <Jinxypie> Tu te mares adriens33 ?
2014-10-27T00:11:38 <adriens33> non.
2014-10-27T00:11:42 <adriens33> pas du tout.
2014-10-27T00:11:54 <Lenile> Ikledorecompress lui faut rien lui demander :D
2014-10-27T00:12:00 <adriens33> voir des gens se foutre sur la gueule comme ça moi ça me fait pas rire
2014-10-27T00:12:12 <Ikledorecompress> Je peux t'aider Lenile ?
2014-10-27T00:12:24 <Lenile> Ikledorecompress ouais :D
2014-10-27T00:12:25 <adriens33> Nan, laisse le dans son coi…
2014-10-27T00:12:27 <adriens33> *coin
2014-10-27T00:12:33 <Ikledorecompress> Je t'écoute.
2014-10-27T00:12:40 <Jinxypie> Ikledorecompress, l'humour dont Lenile vient de faire preuve, tu l'as trouvé amusant ?
2014-10-27T00:12:51 <Lenile> C'était pas de l'humour :D
2014-10-27T00:12:57 <Lenile> J'en est toujour pas utiliser :D
2014-10-27T00:13:02 <Ikledorecompress> Sur toute la conversation ou sur un moment en particulier ?
2014-10-27T00:13:22 <Lenile> Attend Ikle j'essaye de te trouvé un moment ou je faisait de l'humour
2014-10-27T00:13:40 <Jinxypie> Juste un truc, le refus d'apprendre le concept d'accords, c'est pas un handicap, c'est juste ne pas vouloir apprendre.
2014-10-27T00:13:41 <Lenile> C'est compliqué avec Jinxypie qui comprend que la moitiée des choses ~
2014-10-27T00:13:51 <Jinxypie> Mais quand une masse est abrutie, elle définit la norme...
2014-10-27T00:14:14 <Ikledorecompress> Pas l'ombre d'une micro seconde j'ai soulever un sourire.
2014-10-27T00:14:15 <Jinxypie> De plus, citer le système d'éducation français comme une référence...
2014-10-27T00:14:31 <Ikledorecompress> Puis même avec les bouts de conversations lu plus haut j'ai un peu du mal à digérer
2014-10-27T00:14:54 <Jinxypie> Ikledorecompress, vas te lire un bouquin, ça te videra l'esprit.
2014-10-27T00:14:55 <Lenile> La tu vois tu te moque d'un handicap en mettant en avant ton propre avis qui dans un population aussi large que la notre ne vaut pas un clou si elle est utilisée en parole solitaire.
2014-10-27T00:15:06 <adriens33> non.
2014-10-27T00:15:09 <Jinxypie> non.
2014-10-27T00:15:16 <adriens33> il te dit juste poliment que tu es un porc.
2014-10-27T00:15:20 <adriens33> c'est tout.
2014-10-27T00:15:30 <Jinxypie> Un handicap est définit par une impossibilité physique, pas par un refus basé sur un confort personnel.
2014-10-27T00:15:52 <Lenile> L'education Nationnal étant la plus haute autoritée au niveau des référencements de Handicaps dans les milieux scolaire il faudrais une source bien plus fiable que l'avis d'un citoyen seul pour me dire que j'ai tord.
2014-10-27T00:16:07 <Ikledorecompress> Je pense être majoritairement pervers, mais je le montre pas forcément publiquement, pas de manière aussi ouverte, tu as le droit de te retenir aussi, avant de taper entrer sur ton clavier relit.
2014-10-27T00:16:08 <Jinxypie> Du genre les recherches du CNRS ?
2014-10-27T00:16:12 <Jinxypie> Celles de bordeaux 2
2014-10-27T00:16:19 <Jinxypie> Celles de Paris 5
2014-10-27T00:16:19 <Ikledorecompress> Jinxypie: je pense faire.
2014-10-27T00:16:20 <Lenile> Ikledorecompress c'est se que je fait./
2014-10-27T00:16:20 <adriens33> merci Ikledorecompress
2014-10-27T00:16:21 <adriens33> …
2014-10-27T00:17:13 <Lenile> Ikledorecompress Je reflechis en même temps de taper mes phrases et je relis en même temps vu que je garde mes yeux sur l'ecran.
2014-10-27T00:17:13 <Jinxypie> Ikledorecompress, quoi comme bouquin ?
2014-10-27T00:17:21 <Jinxypie> ...
2014-10-27T00:17:25 <Jinxypie> Ok t'es juste con...
2014-10-27T00:17:36 <Ikledorecompress> Le cycle d'Elric
2014-10-27T00:17:38 <adriens33> Jinxypie: sur hexchat t'as une fonction ignore me semble non ? :p
2014-10-27T00:17:39 <Jinxypie> Joli
2014-10-27T00:17:56 <Jinxypie> Je viens de le faire adriens33.
2014-10-27T00:18:06 <Lenile> Jinxypie Ferme ta gueule/
2014-10-27T00:18:11 <Ikledorecompress> Lenile: bah tu sais quoi, relis t'es phrase 15 fois d'affilés en enlevant toute la perversité répugnante.
2014-10-27T00:18:18 <Lenile> Je pense que tes le plus gros trou du cul entre nous deux
2014-10-27T00:18:20 <adriens33> Lenile
2014-10-27T00:18:26 <adriens33> tu ressors une insulte
2014-10-27T00:18:30 <adriens33> un mot du genre
2014-10-27T00:18:34 <adriens33> ou un ferme ta gueule
2014-10-27T00:18:39 <Jinxypie> Anyway, pour partir sur une discussion plus saine, qui a une idée de la date sortie de la S5 ?
2014-10-27T00:18:41 <Lenile> adriens33 ne te mèle pas de ça.
2014-10-27T00:18:43 <adriens33> et je me verrai dans l'obligation de te kicker d'ici.
2014-10-27T00:18:44 <adriens33> si
2014-10-27T00:18:47 <adriens33> je modère ici
2014-10-27T00:18:49 <Lenile> Vous avez envi que je soit un salopard à son niveau ?
2014-10-27T00:18:53 <Lenile> Je peut facilement l'etre
2014-10-27T00:18:58 <Lenile> Tu veux me detester va y.
2014-10-27T00:19:01 <adriens33> Tu RESTE POLI OK ???
2014-10-27T00:19:05 <Lenile> J'ai les solutions pour le faire
2014-10-27T00:19:24 <Ikledorecompress> adriens33: laisse-moi m'en occuper si tu veux, pas besoin de le kicker mais il à besoin de savoir 2-3 choses à mon avis..
2014-10-27T00:19:35 <Jinxypie> Euh... y'a d'aussi mauvais retours sur la S5 ?
2014-10-27T00:19:36 <Lenile> Si tu veux que je te deteste tu verra que Letar sera ton meilleur ami à la fin de cet soirée
2014-10-27T00:19:53 <adriens33> Lenile: Letarumavza a des défauts.
2014-10-27T00:20:01 <Lenile> J'en est aussi
2014-10-27T00:20:05 <Jinxypie> Ah ça carrément
2014-10-27T00:20:11 <adriens33> mais lui il réagit pas comme ça.
2014-10-27T00:20:12 <Lenile> Tu crois qu'il est le seul à avoir eu une vie de  merde ?
2014-10-27T00:20:18 <Lenile> J'ai trimer pour arrivé à se que j'en suis
2014-10-27T00:20:18 <adriens33> c'est pas une raison.
2014-10-27T00:20:34 <Lenile> Mais c'est ton putain de fils ?
2014-10-27T00:20:37 <Jinxypie> Je suis braillard, revanchard, j'ai un certain gout pour la vengeance, et j'ai la douche en horreur...
2014-10-27T00:20:42 <adriens33> j'en ai chié pendant 21 ans à cause de ma mère, c'est pas pour ça que je sors dans la rue avec une hache tuer tout le monde.
2014-10-27T00:20:42 <Lenile> Il est grand il sais comment se défendre lui même non .
2014-10-27T00:20:48 <adriens33> tu piges pas ?
2014-10-27T00:20:53 <adriens33> c'est pas lui que je défends .T.T
2014-10-27T00:20:54 <Lenile> Il à pas besoin de maman adrien pour marché non ?
2014-10-27T00:20:55 <Jinxypie> Bah si adrien.
2014-10-27T00:21:04 <adriens33> c'est à TOI que je cause ù!!
2014-10-27T00:21:19 <Jinxypie> Mais putain j'ai dit quoi ?
2014-10-27T00:21:20 <Ikledorecompress> Lenile: si tu as des différents avec Leta tu les passes en privé au lieux de l'insulter publiquement en te ridiculisant et en passent pour un con.
2014-10-27T00:21:23 <adriens33> tu profères des insultes et paroles menaçantes sur irc, c'est mon devoir de te kick.
2014-10-27T00:21:29 <adriens33> merci Ikle.
2014-10-27T00:21:39 <Lenile> Ikledorecompress t'a déja parlé à un mur ?
2014-10-27T00:21:43 <Jinxypie> Mais merde adiren, j'ai rien dit pour une fois.
2014-10-27T00:21:49 <Ikledorecompress> Lenile:T'as déjà parler à une brique ?
2014-10-27T00:21:52 <adriens33> ouais je sais ._.
2014-10-27T00:21:53 <Lenile> Il est le murs, vous etes les objets inutiles autours.
2014-10-27T00:21:58 <Lenile> Z'etes jolies dans la decoration
2014-10-27T00:21:59 <adriens33> ah on est inutile ?
2014-10-27T00:22:00 <Jinxypie> Tain je suis plus là...
2014-10-27T00:22:05 <Lenile> Mais au final ça sert à quoi se que vous dites ?
2014-10-27T00:22:07 <adriens33> !kick Lenile l'inutile il t'emmerde
2014-10-27T00:22:14 <Jinxypie> Ah ok...
2014-10-27T00:22:18 <adriens33> ça commence à bien faire à la fin.
2014-10-27T00:22:21 <Jinxypie> C'était lui qui gueulait...
2014-10-27T00:22:23 <adriens33> oui.
2014-10-27T00:22:28 <adriens33> Jinxypie relis la log…
2014-10-27T00:22:43 <Jinxypie> Boarf... honnetement, pas envie.
2014-10-27T00:22:45 *** Lenile s'est connecté
2014-10-27T00:22:52 <Jinxypie> next time quand il pique sa crise, dis le moi par mp
2014-10-27T00:22:53 <adriens33> Ah Jinxypie t'as cru que c'était à toi que je disais que tu proférais des menaces ? XD
2014-10-27T00:22:57 <adriens33> c'est à lenile XD
2014-10-27T00:22:58 <Jinxypie> Yep
2014-10-27T00:22:59 <Berry-Punch> Entrez help <commande> pour avoir *hic* de l'aide sur cette commande.
2014-10-27T00:23:02 <adriens33> désolé :')
2014-10-27T00:23:06 <Berry-Punch> Liste les commandes *hic* utilisables.
2014-10-27T00:23:06 <Jinxypie> Je vois plus ses messages ^^
2014-10-27T00:23:13 <adriens33> bah ouai du coup t'as pas pigé
2014-10-27T00:23:30 <Jinxypie> Yep, je pensais que tu parlais de la S5, d'où mon incompréhension.
2014-10-27T00:23:31 <Jinxypie> ^^
2014-10-27T00:23:40 <Lenile> adriens33 ?$
2014-10-27T00:23:41 <adriens33> en gros il a dit que t'étais un mur
2014-10-27T00:23:43 <Jinxypie> anyway, une idée de date ?
2014-10-27T00:23:45 <adriens33> et qu'on était tous inutiles;
2014-10-27T00:23:59 <adriens33> et il t'a dit ta gueule quand t'as dit que tu l'avais mute
2014-10-27T00:24:08 <adriens33> enfin bref
2014-10-27T00:24:11 <adriens33> je sais pas
2014-10-27T00:24:12 <Jinxypie> Bah si il me parle quand je l'ignore, évidement il va avoir l'impression de parler à un banc ^^
2014-10-27T00:24:18 <Lenile> Ouais c'est ton nouveau meilleur ami en fait. :)
2014-10-27T00:24:23 <Lenile> C'est mignon :)
2014-10-27T00:24:54 <adriens33> Moi je peux pas, sinon pour administrer c'est pas facile si tu vois pas tout…
2014-10-27T00:25:01 <Lenile> J'peut me permettre quelques méchancetée sur toi adriens33 ?
2014-10-27T00:25:04 <adriens33> non.
2014-10-27T00:25:06 <Ikledorecompress> Se ridiculisait au point de s'en prendre à tout le monde, pas mal, la prochaine tu devrais tenter quelque chose de manière universelle. Là tu te fais mal percevoir.
2014-10-27T00:25:08 <Lenile> Je deman,de avant hein, j'aime bien le consentement.
2014-10-27T00:25:11 <adriens33> sinon tu va me mettre de mauvais poil.
2014-10-27T00:25:15 <adriens33> ah ?
2014-10-27T00:25:24 <Jinxypie> Ikledorecompress, t'en es où de ton bouquin ?
2014-10-27T00:25:38 <Lenile> Ikledorecompress si vous utilisiez votre cerveau vous auriez compris se que je voulais dires
2014-10-27T00:25:41 <Ikledorecompress> Jinxypie: je dois être dans les 1/4 même pas. ^^
2014-10-27T00:25:46 <Lenile> Pas de ma faute si vous etes des abrtutis.
2014-10-27T00:25:50 <Jinxypie> Ok, donc je spoil pas ^^
2014-10-27T00:25:52 <adriens33> !kick Lenile dernier averto
2014-10-27T00:26:01 <Jinxypie> 0o
2014-10-27T00:26:05 <adriens33> se permettre d'insulter tout le monde…
2014-10-27T00:26:08 <Jinxypie> Il est résilent on dirait...
2014-10-27T00:26:12 <adriens33> ouais T.T
2014-10-27T00:26:12 <Jinxypie> résilient*
2014-10-27T00:26:18 *** Lenile s'est connecté
2014-10-27T00:26:20 <Ikledorecompress> Il viendra parler en privé si il est suffisamment intelligent.
2014-10-27T00:26:23 <Jinxypie> ...
2014-10-27T00:26:31 <Jinxypie> J'ai des doutes perso...
2014-10-27T00:26:31 <Lenile> Bon récapitulons hein sinon vous allez encore me prendre pour un histerique.
2014-10-27T00:26:41 <adriens33> non,  les logs le feront à notre place :3
2014-10-27T00:26:46 <adriens33> je loggue tout je te rappelle.
2014-10-27T00:26:48 <Ikledorecompress> Jinxypie: C'est déjà pas mal le début, j'adore comment il est écrit le bouquin il vend du rêve ^^
2014-10-27T00:26:51 <Lenile> On va faire ça en phase de discution. ~~
2014-10-27T00:27:01 <Lenile> J'aime bien récapituler
2014-10-27T00:27:06 <Jinxypie> Perso je préfère le cycle de l'héritage dans le domaine de la fantasy
2014-10-27T00:27:15 <Jinxypie> (eragon, l'ainé, brisingr, l'heritage)
2014-10-27T00:27:28 <Jinxypie> Mais l'adaptation en film a été abominable.
2014-10-27T00:27:32 <Lenile> Phase 1 : Letar tire son coup la dame oublie son bustier j'demande si il à tiré son coup (JE fait à la va vite hein.)
2014-10-27T00:27:34 <Jinxypie> Alors que les bouquins sont géniaux
2014-10-27T00:27:44 <Jinxypie> (d'autant plus que l'auteur est super jeune)
2014-10-27T00:28:06 <Lenile> Pourquoi est-ce que j'ai dit ça : La première fois ou j'ai vu Letar notre discution c'était "Comment couché avec une fille"
2014-10-27T00:28:11 <Ikledorecompress> Je verrais pour me faire une opinion ^^
2014-10-27T00:28:23 <Jinxypie> Non, pitié, regardes pas le film
2014-10-27T00:28:46 <Jinxypie> Si tu le regarde avant de lire, il va te dégouter, si tu le regardes après, tu vas cracher sur ton pc et aller buter le réal...
2014-10-27T00:29:19 <Ikledorecompress> Jinxypie: je savais même pas qu'il y avait un film XD
2014-10-27T00:29:38 <Jinxypie> Bah dans ce cas, restes sur ça, le film n'existe pas.
2014-10-27T00:29:44 <Jinxypie> Le film est une cuillère !
2014-10-27T00:29:44 <Ikledorecompress> x'D
2014-10-27T00:29:53 <adriens33> quel film ?
2014-10-27T00:29:57 <Jinxypie> eragon...
2014-10-27T00:29:59 <adriens33> désolé j'ai un peu perdu le film
2014-10-27T00:29:59 <adriens33> ah
2014-10-27T00:30:04 <adriens33> connais pas ^^"
2014-10-27T00:30:11 <Jinxypie> Comment d'un bouquin aussi bon on peut sortir une telle bouse...
2014-10-27T00:30:11 <adriens33> *perdu le fil
2014-10-27T00:30:20 <adriens33> bah ça arrive souvent ça non ?
2014-10-27T00:30:29 <Ikledorecompress> Jinxypie: Je l'ai vu ce film, mais il devait tellement être nul que j'ai totalement oublié l'histoire etc x)
2014-10-27T00:30:35 <Jinxypie> adriens33, t'aurais pas du te corriger, ça passait pour un super calembour.
2014-10-27T00:30:42 <Jinxypie> Impec
2014-10-27T00:30:44 <adriens33> ah
2014-10-27T00:30:52 <Jinxypie> hé...
2014-10-27T00:30:53 <adriens33> suis fatigué, stressé et énervé
2014-10-27T00:30:59 <adriens33> donc je bug forcément XD
2014-10-27T00:31:12 <Jinxypie> Je t'aurai bien proposé de passer prendre une bière, mais il est un poil tard...
2014-10-27T00:31:12 <Berry-Punch> J'aimerais bien en reprendre, mais Colgate va se fâcher *hic* après…
2014-10-27T00:32:00 <adriens33> ouais…
2014-10-27T00:32:03 <adriens33> demain s'tu veux
2014-10-27T00:32:09 <Ikledorecompress> Sinon Jinxypie, désolé d'étaler sur ta vie personnel etc.. Mais du coup tu continues toujours à parler etc... avec la fille que tu as rencontré ? ^^ j'ai pas eut beaucoup d'information par gros manque de disponibilité.. Même là je suis limite
2014-10-27T00:32:32 <Jinxypie> De laquelle tu parles Ikledorecompress  ?
2014-10-27T00:33:21 <Ikledorecompress> Celle où il semblait que tu puisses sortir avec ? 'fin si j'ai bien suivi x)
2014-10-27T00:33:37 <Jinxypie> Elle a oublié un bustier dans mon lit.
2014-10-27T00:33:45 <Jinxypie> si ça répond à ta question.
2014-10-27T00:33:55 <Ikledorecompress> x'D oui, oui, bah tant mieux pour toi ^^
2014-10-27T00:34:16 <Jinxypie> Mouais, m'enfin c'est un dixième de succès.
2014-10-27T00:34:24 <Ikledorecompress> Comment sa ? ^^
2014-10-27T00:34:25 <Jinxypie> Aucune chance que ça parte en histoire amoureuse.
2014-10-27T00:34:51 <Jinxypie> Et bien que la meilleure des expériences vides de sens, le sexe sans amour en demeure une.
2014-10-27T00:35:17 <Ikledorecompress> Ah, ça craint :x
2014-10-27T00:35:43 <Ikledorecompress> Mais tu trouveras bien la personne qui te correspondra un jour, je te le souhaite du moins ^^
2014-10-27T00:35:45 <Lenile> Ikledorecompress adriens33 merci de répondre aux Mps (J'dit ça vu que vous etes les premiers à vous plaindre que je les pas fait depuis le debut)
2014-10-27T00:35:51 <Jinxypie> Chacun sa vision des choses, personnellement je préfère une relation courte mais vraie qu'un plan cul sur la durée.
2014-10-27T00:36:03 <Jinxypie> Même si cela comporte quelques avantages.
2014-10-27T00:36:18 <Jinxypie> (Je suis accrocs aux calins et à la tendresse, j'adore qu'on me cajole ^^)
2014-10-27T00:37:22 <adriens33> ^^
2014-10-27T00:37:47 <Jinxypie> C'est pas nouveau ça ^^
2014-10-27T00:37:53 <Ikledoreboline> Moi j'aime pas vraiment les contacts humain, j'ai un dégoût ^^' mais il est vrai que le grand amour je le cherche lol
2014-10-27T00:38:49 <Jinxypie> Disons que pour câliner quelqu'un que je connais pas (exemple des free hugs d'animasia) j'ai toujours un stress.
2014-10-27T00:38:57 <Jinxypie> Idem pour approcher quelqu'un qui me plait.
2014-10-27T00:39:43 <Jinxypie> Mais bon, ma mémoire est couverte de cicatrices béantes, c'est surtout ça qui est à l'origine de ce comportement.
2014-10-27T00:40:07 <adriens33> :/
2014-10-27T00:40:08 <Ikledoreboline> Non, moi quand on me touche, j'ai juste des frisons et des envies meurtrières et je me sens très gêné...
2014-10-27T00:40:29 <adriens33> moi j'ai peur des réactions des gens quand je m'approche, et pourtant dans l'absolu j'adore les calins
2014-10-27T00:40:30 <adriens33> …
2014-10-27T00:41:18 <Jinxypie> Ikledoreboline, viens pas à une soirée quelconque chez moi.
2014-10-27T00:41:24 <Jinxypie> Fort risques de câlins.
2014-10-27T00:41:34 <Jinxypie> (comme tous les rassemblements de bronycubà
2014-10-27T00:41:39 <adriens33> ^^
2014-10-27T00:42:07 <Ikledoreboline> Jinxypie: quand je suis parti de l'Animasia ils voulaient faire un câlin, je me suis forcé mais... Humf. ça se décrit pas désolé..
2014-10-27T00:42:35 <Ikledoreboline> L'être humain m'a toujours dégoutté puis au final je suis toujours au même stade >_<
2014-10-27T00:43:03 <Jinxypie> Mouais, l'espèce me dégoute, mais les individus qui la consituent, non.
2014-10-27T00:43:03 <adriens33> :/
2014-10-27T00:43:43 <Jinxypie> Il faut savoir garder une limite franche entre les personnes dont la nocuité est avérée et celles qui agissent dans l'autre sens.
2014-10-27T00:44:19 <Jinxypie> Raison pour laquelle je catégorise toute personne comme amicale jusqu'à preuve du contraire.
2014-10-27T00:44:50 <Jinxypie> Statistiquement plus éfficace d'un point de vue systèmique.
2014-10-27T00:44:57 <Jinxypie> (constaté par tests empiriques)
2014-10-27T00:45:20 <adriens33> ouais apres tu peux avoir certaines difficultés dues à des expériences passées
2014-10-27T00:45:28 <adriens33> et plus accueillant aussi. XD
2014-10-27T00:45:44 <Jinxypie> adriens33, quelqu'un a tenté de me buter.
2014-10-27T00:45:53 <Jinxypie> C'est le degré max de saloperie humaine.
2014-10-27T00:45:56 <adriens33> ouai ça je sais, tu me l'a déjà dit…
2014-10-27T00:46:37 <Jinxypie> Tout ce que j'ai retiré de cette expérience c'est des épines de sapin plantés dans le dos.
2014-10-27T00:47:09 <adriens33> bah la différence surtout c'est que certes une personne a tenté de te buter… mais c'est un seul événement isolé
2014-10-27T00:47:19 <adriens33> pas comme si ça avait duré 10 ans par exemple
2014-10-27T00:47:26 <Jinxypie> (Et une douleur au niveau des lombaires, quelques bleus, et une légère hypothermie liée au 4km par -29 que je me suis tapé, vive les hivers allemands)
2014-10-27T00:47:34 <adriens33> arf
2014-10-27T00:47:59 <Jinxypie> Boarf, on peut aussi parler des 15 ans passés dans des environements scolaires privés, avec une légère tendance carcérale...
2014-10-27T00:48:08 <Jinxypie> Y'a pas pire que les cathos...
2014-10-27T00:48:19 <adriens33> j'ai pas gouté mais je veux bien te croire…
2014-10-27T00:48:41 <Jinxypie> Je ne pigerai jamais d'appliquer une coercition au nom de la tolérance.
2014-10-27T00:49:18 <adriens33> "aime ton prochain!" "il est pas comme nous!! brulez le!!!"
2014-10-27T00:49:39 <Jinxypie> Pas plus que de se sentir propre de ses actions néfastes par le simple fait de s'excuser auprès d'une puissance supérieure systèmiquement inexistante.
2014-10-27T00:50:59 <Jinxypie> Pour citer machinae supremacy : while you pave the way for you savior, I fear the rationality of the faithfull insanity.
2014-10-27T00:51:32 <Jinxypie> La croyance en des puissances supérieures nous a privé de 600 ans de recherche technologique et scientifique.
2014-10-27T00:52:19 <adriens33> ouai, mais on peut pas changer ça… faut faire avec
2014-10-27T00:52:25 <Jinxypie> Il suffit de regarder la courbe de l'évolution technologique pour se rendre compte que la seule diminution drastique de croissance en europe est à la période d'apogée de l'église.
2014-10-27T00:53:00 <adriens33> je le savais pas
2014-10-27T00:53:06 <adriens33> mais ça ne m'étonne absolument pas du tout…
2014-10-27T00:53:36 <Ikledoreboline> Jinxypie: j'essai de voir tout le monde comme des amis potentiels, j'ai des amis, mais même mes amis quand ils m'approchent, je leurs serre la main autre, c'est physique et mental, je supporte pas ça, j'essai d'arranger mes soucis mais non
2014-10-27T00:53:44 <Jinxypie> MaSu => "Still a credit to your ruse, what a beautiful excuse, to never open up your eyes and see the things you loose, just climb the beanstalk when you die to meet the giant in the skies."
2014-10-27T00:53:55 <Ikledoreboline> J'ai déjà vu un psy pour différentes raisons, jamais celle-ci car j'en parle pas publiquement
2014-10-27T00:54:10 <Ikledoreboline> (Je serais direct dans un asile si je devais en parler.)
2014-10-27T00:54:12 <adriens33> ouai, ça doit être dur d'en parler
2014-10-27T00:54:19 <adriens33> pourquoi donc ?
2014-10-27T00:54:48 <adriens33> t'as une phobie du contact humain
2014-10-27T00:54:48 <Jinxypie> Tu sais globalement c'est pas ici que tu vas être jugé sur des apparences.
2014-10-27T00:55:19 <Jinxypie> (en revanche, si tu fais preuve de mauvaise foi...)
2014-10-27T00:55:35 <adriens33> welcome to the Internet.
2014-10-27T00:55:36 <adriens33> :3
2014-10-27T00:56:10 <Ikledoreboline> Non adriens33 c'est pas juste une phobie lol
2014-10-27T00:56:14 <adriens33> ah ?
2014-10-27T00:56:16 <Jinxypie> Ikledoreboline, tu as l'avantage sur ce canal de pouvoir discuter avec des personnes qui soit partagent tes expériences, soit disposent d'expériences d'intensité similaire.
2014-10-27T00:56:32 <Ikledoreboline> Bah
2014-10-27T00:57:28 <Jinxypie> On a tous des histoires particulières.
2014-10-27T00:57:44 <Ikledoreboline> écoutes; psycopathe, égocentrisme total (défaut certes mais trop visible), je hais l'espèce humaine pour tout ses actes quelconque être humain devrait mourir selon moi, c'est égoïste de ma part de penser comme sa, je le reconnais mais bon, il y à tellement de souffrance que des personnes ne devraient pas connaître etc...
2014-10-27T00:57:45 <Jinxypie> adrien a vécu dans un univers empreint de fanatisme et de castration vengeresse.
2014-10-27T00:57:50 <Lenile> Jinxypie ?
2014-10-27T00:58:03 <Jinxypie> Et moi j'ai la sagesse de ceux qui ont vu le pire et le meilleur.
2014-10-27T00:58:32 <Jinxypie> Haïr n'est pas une réaction de psychopathe.
2014-10-27T00:58:36 <Ikledoreboline> Le truc c'est que quand on me touche j'ai toute ma haine refoulé qui sort, c'est pas pire que si on m'énerve car là... J'en parle pas sur l'irc car n'importe qui peut lire mais bon..
2014-10-27T00:58:55 <Lenile> Ikledoreboline dit lui de me demute.
2014-10-27T00:59:01 <Lenile> Et à adriens33 aussi tiens.
2014-10-27T00:59:18 <adriens33> Jinxypie: bien résumé…
2014-10-27T00:59:38 <Jinxypie> Ikle tu ne risques pas grand chose tu sais...
2014-10-27T00:59:38 <Ikledoreboline> Jinxypie: et adriens33 démuté Lenile, j'ai discuté avec lui en privé, faudra que je vous touches 2-3 choses.
2014-10-27T01:00:15 <Ikledoreboline> Non je risque pas grand chose, mais dire publiquement que j'ai cassé le bras d'une personne alors qu'elle m'a énervé tu vois sur un chat j'ai du mal à penser que sa passe.
2014-10-27T01:00:34 <Jinxypie> J'ai fait bien pire...
2014-10-27T01:00:40 <adriens33> oh oui… XD
2014-10-27T01:00:45 <Ikledoreboline> Non, mais c'est que j'ai pris du plaisir à le faire
2014-10-27T01:00:49 <Lenile> Ikledoreboline : j'ai déboiter les 2 bras d'une personne car j'était énerver. S'naturel.
2014-10-27T01:00:50 <Jinxypie> Moi aussi ^^
2014-10-27T01:00:57 <Lenile> de même
2014-10-27T01:01:34 <Ikledoreboline> Humf, le truc c'est que quand on m'énerve j'ai du mal à faire baisser la pression et j'ai jusqu'à l'envie de tuer. Pas simplement blesser pour lui faire comprendre mais vraiment la tué.
2014-10-27T01:01:48 <Jinxypie> En fait j'ai pris un pied monstre, c'était quasi orgasmique, la sensation de controle, sentir la vie sur le point de s'échaper, le pouls extrèmement rapide, ses yeux fixe, ses levres cyanosées, et la peur dans ses yeux quand j'ai lâché prise.
2014-10-27T01:02:14 <Ikledoreboline> depuis le collège je ne me suis pas battu, mais à chaque fois que je me suis battu, j'avais jusqu'à l'envie de tuer la personne et tant que je n'y arrive pas ou qu'on me sépare pas je continuerais à me battre.
2014-10-27T01:02:31 <Jinxypie> Le pouvoir de donner la vie, et celui de l'enlever, la sensation suprème, celle du choix ultime, de retirer à un humain son humanité.
2014-10-27T01:03:05 <Jinxypie> Tu devrais t'orienter vers la méditation de combat.
2014-10-27T01:03:48 <Ikledoreboline> bah, je voulais faire de l'aïkido car sa a l'air de bien me détendre, mais j'ai tellement des horaires de merde + masse d'examens qui arrivent qu'au final je pourrais pas en faire cette année et l'année prochaine non plus je pense.
2014-10-27T01:03:52 <Jinxypie> C'est tellement plus jouissif de laisser la proie sans défenses et de la laisser partir en sachant que tu as marqué son esprit à vie, que tu sera toujours dans un coin de sa mémoire.
2014-10-27T01:04:21 <Jinxypie> Hum...
2014-10-27T01:04:32 <Jinxypie> ^^' Désolé, je suis un peu joyeux ^^'
2014-10-27T01:04:43 <adriens33> boh c'pas grave
2014-10-27T01:05:07 <adriens33> t'as  bien le droit de t'exprimer ^^
2014-10-27T01:06:31 <Jinxypie> Mais je presiste sur ce point, la meilleure sensation au monde c'est de regarder sa proie droit dans les yeux, de voir la peur à l'état brut, de sentir cet instant intemporel ou tu incarnes la mort, où tu es le plus grand danger qui soit, la menace de l'inexistance, le parangon du néant, les ténèbres brutes et souriantes.
2014-10-27T01:07:01 <adriens33> … non… pas forcément…
2014-10-27T01:07:12 <Jinxypie> Mais on peut parfaitement être un psycopathe et être en paix avec l'humanité et les humains en eux même.
2014-10-27T01:07:32 <Jinxypie> Et attendre celui qui un jour donnera l'occasion ultime, la légitime défense.
2014-10-27T01:07:48 <Ikledoreboline> x3
2014-10-27T01:08:15 <Jinxypie> Et lui faire comprendre que son jeu de proie/prédateur n'est pas dans le sens prévu.
2014-10-27T01:08:22 <Jinxypie> Et qu'il a signé là son arrêt de mort.
2014-10-27T01:12:42 <Lenile> adriens33 .
2014-10-27T01:12:44 <Lenile> ?
2014-10-27T01:15:43 <Lenile> adriens33 stop chialer go parlé en privé.
2014-10-27T01:25:08 <Jinxypie> Lenile, tu stopes les attaques personnelles de suite.
2014-10-27T01:25:21 <Jinxypie> Je te rapelle que le 3° kick est assorti d'un ban.
2014-10-27T01:26:11 <Lenile> Jinxypie va y ban moi.
2014-10-27T01:26:34 <Lenile> Jinxypie j'aime bien aussi laissé la personne creuser sa propre tombe comme tu dit c:
2014-10-27T01:26:38 <Jinxypie> Adrien, atestes tu que lenile se permet de s'en prendre à toi en MP ?
2014-10-27T01:27:01 <adriens33> il m'a menacé tout à l'heure, mais là je sais pas, je l'ai mute.
2014-10-27T01:27:03 <Lenile> Jinxypie les mps sont la pour ça
2014-10-27T01:27:10 <Lenile> c'est vous mêmes qui le dites
2014-10-27T01:27:23 <Lenile> Bref.
2014-10-27T01:27:27 <Jinxypie> donc tu viens d'atester t'en être pris à un membre du canal personnellement.
2014-10-27T01:27:50 <Lenile> J'vais te donné une bonne raison de le faire car la tout se que tu veux faire c'est tourné au tours pour dire "J'ai rien fait"
2014-10-27T01:27:52 <Lenile> Donc
2014-10-27T01:27:55 <Lenile> Hum hum
2014-10-27T01:27:57 <Ikledoreboline> Lenile
2014-10-27T01:28:02 <Ikledoreboline> qu'est-ce que je t'ai dit ?
2014-10-27T01:28:02 <Lenile> Toi qui ne ressent pas les sentiments
2014-10-27T01:28:16 <Lenile> Ikle osef la il me pousse à bout et au moin je pourrais aller me couché
2014-10-27T01:28:17 *** Zecora_bot s'est connecté
2014-10-27T01:28:23 <Ikledoreboline> Non
2014-10-27T01:28:24 <Ikledoreboline> arrête
2014-10-27T01:28:28 <Lenile> S'pas un ban d'uen semaine qui va me faire perdre ma vie :')
2014-10-27T01:28:32 <Lenile> bref !
2014-10-27T01:28:33 <Ikledoreboline> Rien à foutre
2014-10-27T01:28:36 <Ikledoreboline> Je t'ai dit en privé
2014-10-27T01:28:42 <Jinxypie> $ban Lenile
2014-10-27T01:28:43 <Ikledoreboline> demain tu t'expliques tu vois là tu fais encore ton gamin
2014-10-27T01:28:49 <Lenile> Nan mais j'en est marre la :')
2014-10-27T01:28:52 <Ikledoreboline> Rien à foutre
2014-10-27T01:28:56 <Ikledoreboline> par te pieuter te calmer
2014-10-27T01:29:00 <Ikledoreboline> demain tu reviens plus calme on en parle
2014-10-27T01:29:08 <Lenile> Rhoo t'fait chier
2014-10-27T01:29:11 <Lenile> u.u
2014-10-27T01:29:12 <Ikledoreboline> Oui je sais
2014-10-27T01:29:15 <Lenile> Mais bon u.u
2014-10-27T01:29:18 <Ikledoreboline> Et heureusement que je fais chier
2014-10-27T01:29:26 <Lenile> Attend dit lui que c'ets de l'humour
2014-10-27T01:29:28 <Ikledoreboline> car sinon ce soir sa aurait pu être un ban direct sans moi
2014-10-27T01:29:29 <Lenile> il va pas comprendre
2014-10-27T01:29:34 <Ikledoreboline> Bon
2014-10-27T01:29:41 <Berry-Punch> Flags de *hic* Lenile modifiés : +b
2014-10-27T01:29:43 <Lenile> Ouais mais tu sais tres bien se qu'il aura avec ou sans le ban :')
2014-10-27T01:29:48 <Jinxypie> !kick Lenile
2014-10-27T01:29:55 <Ikledoreboline> Il reviendra demain.
2014-10-27T01:30:14 <Jinxypie> En attendant il revient pas avant 24h
2014-10-27T01:30:26 <Jinxypie> ça va lui laisser du temps pour réfléchir.
2014-10-27T01:30:33 <Ikledoreboline> On attendra qu'il soit plus saint.
2014-10-27T01:30:43 <Jinxypie> ça laisses tomber.
2014-10-27T01:30:45 *** Lenirc s'est connecté
2014-10-27T01:30:50 <Lenirc> Bah$
2014-10-27T01:30:51 <Jinxypie> ...
2014-10-27T01:30:54 <Berry-Punch> Flags *hic* de adriens33 modifiés : +o
2014-10-27T01:30:54 <adriens33> !op adriens33
2014-10-27T01:30:54 <Lenirc> Pourquoi j'ai été banni ? :o
2014-10-27T01:31:05 <Jinxypie> Attaques ad hominem répétées
2014-10-27T01:31:09 <adriens33> !kick lenirc
2014-10-27T01:31:10 <Jinxypie> Harcelement d'adrien.
2014-10-27T01:31:14 <Berry-Punch> Flags de adriens33 modifiés : -o *hic* 
2014-10-27T01:31:14 <adriens33> !deop adriens33
2014-10-27T01:32:16 <Jinxypie> Putain, il a le culot de contourner une sanction alors qu'il a été prévenu.
2014-10-27T01:32:23 <Ikledoreboline> Bon, en tout cas passons.
2014-10-27T01:32:32 <Jinxypie> ...
2014-10-27T01:32:38 <Ikledoreboline> On verra si il sera calmé.
2014-10-27T01:32:39 <Jinxypie> Je suis consterné...
2014-10-27T01:32:55 <Jinxypie> Et dire que je me plaignais de ragator...
2014-10-27T01:33:01 <Ikledoreboline> lol
2014-10-27T01:33:05 <Ikledoreboline> C'est pas un mauvais bougre
2014-10-27T01:33:19 <Jinxypie> Voila, ragator est chiant et lourd.
2014-10-27T01:33:22 <Jinxypie> Mais sympa
2014-10-27T01:33:22 <Ikledoreboline> mais faut croire qu'il a eut des trucs qui lui a pas plus de ta part.
2014-10-27T01:33:35 <Jinxypie> Lenile est chiant, lourd et manipulatuer;
2014-10-27T01:33:44 <Jinxypie> manipulateur*.
2014-10-27T01:33:54 <Jinxypie> Je l'avais déjà averti par mp l'autre jour.
2014-10-27T01:33:54 <Ikledoreboline> Bon
2014-10-27T01:34:04 <Jinxypie> De se calmer sur les attaques envers les membres du canal.
2014-10-27T01:34:05 <Ikledoreboline> J'ai dit passons je te pris Jinxypie
2014-10-27T01:34:27 <Jinxypie> anyway, adrien, ça va ?
2014-10-27T01:34:35 <Jinxypie> Demain tu passes me voir ok ?
2014-10-27T01:34:37 <adriens33> ça peut aller
2014-10-27T01:34:55 <adriens33> parce que je l'ai mute
2014-10-27T01:35:14 <adriens33> ok
2014-10-27T01:35:53 <Ikledoreboline> Sinon, il c'est passé quoi de beau durant mon absence ? ^^
2014-10-27T01:36:32 *** razorbill s'est connecté
2014-10-27T01:36:42 * Ikledoreboline en a marre d'écouter de la trap et met d'autres musiques
2014-10-27T01:36:42 <razorbill> Prout!
2014-10-27T01:36:46 <Ikledoreboline> x_x
2014-10-27T01:36:54 <razorbill> Bonjour?
2014-10-27T01:36:58 <Ikledoreboline> 'soir*
2014-10-27T01:37:01 <razorbill> Oh non bonsoir
2014-10-27T01:37:28 <Ikledoreboline> bon adriens33 et Jinxypie vous arrêtez de faire vos cachotteries pour votre prochain rendez-vous ? x)
2014-10-27T01:37:36 <adriens33> ?
2014-10-27T01:37:58 <Jinxypie> razorbill => vpn ?
2014-10-27T01:38:04 * Ikledoreboline tousse et prévient l'arrivé d'un membre mais sinnon.
2014-10-27T01:38:11 <Ikledoreboline> Jinxypie: sa risque pas, t'inquiète.. x)
2014-10-27T01:38:16 <razorbill> vpn quoi? D:
2014-10-27T01:38:26 <Ikledoreboline> Laisse tomber xD
2014-10-27T01:38:28 <Jinxypie> Je te vois en alsace.
2014-10-27T01:38:50 <Jinxypie> D'où ma question ton point de sortie correspond à ta position réelle ou tu passes par un vpn ?
2014-10-27T01:38:52 <razorbill> Hum bouffe :D
2014-10-27T01:38:55 <Ikledoreboline> Laisse tomber
2014-10-27T01:39:05 <Ikledoreboline> Risque pas de comprendre j'ten parle en privé XD
2014-10-27T01:39:12 <razorbill> Je suis assez nulle donc pour moi je sais pas ce que c'est hihi
2014-10-27T01:39:13 <Jinxypie> Ah
2014-10-27T01:39:17 <razorbill> :3
2014-10-27T01:39:19 <Jinxypie> nulle ?
2014-10-27T01:39:21 <adriens33> bonchoire
2014-10-27T01:39:22 <Ikledoreboline> Oui
2014-10-27T01:39:26 <Ikledoreboline> c'est une fille ^^
2014-10-27T01:39:28 <Jinxypie> y'a pas de nullité.
2014-10-27T01:39:28 <razorbill> Chut toi!
2014-10-27T01:39:32 <Jinxypie> Juste un manque de formation.
2014-10-27T01:39:33 <Ikledoreboline> =x
2014-10-27T01:39:34 <razorbill> J'ai un gros zizi d'abord
2014-10-27T01:39:39 <Ikledoreboline> chhh
2014-10-27T01:39:41 <adriens33> ça c'est fait. XD
2014-10-27T01:39:46 <Ikledoreboline> viens parler sur steam *lui tire l'oreil*
2014-10-27T01:39:51 <Jinxypie> Razor, t'es pas une fille à mes yeux, t'es une source de paquets.
2014-10-27T01:40:06 <razorbill> Arrête avec tes trucs compliqués toi :(
2014-10-27T01:40:09 <adriens33> quel poète…
2014-10-27T01:40:10 <adriens33> XD
2014-10-27T01:40:21 <Ikledoreboline> Je vous préviens, je partage pas..
2014-10-27T01:40:22 <Ikledoreboline> x)
2014-10-27T01:40:29 <Jinxypie> En gros la personne qui est derrière l'interface ne m'importe pas.
2014-10-27T01:40:43 <Ikledoreboline> Jinxypie: tu vas faire du binaire: 0
2014-10-27T01:40:54 <adriens33> 1011001010110010101010010101010101111010110111100101010101010
2014-10-27T01:40:57 <Jinxypie> Du moins, j'ignore les parametres qui n'ont aucun lien avec la communication.
2014-10-27T01:40:58 <adriens33> 101010010101010101111110001000
2014-10-27T01:41:10 <razorbill> je t'aime bien alors jinxypie!
2014-10-27T01:41:15 <Jinxypie> Adrien, c'est quoi ? des nombres simples ou de l'ascii ?
2014-10-27T01:41:18 <Ikledoreboline> xD
2014-10-27T01:41:24 <Jinxypie> ^^
2014-10-27T01:41:25 <Ikledoreboline> Il tente de faire du binaire en ascii quel idiot x)
2014-10-27T01:41:30 <adriens33> un truc random parce que je m'ennuyais^^
2014-10-27T01:41:33 <Jinxypie> ...
2014-10-27T01:41:41 <adriens33> *ahem*
2014-10-27T01:41:46 * Ikledoreboline tousse.
2014-10-27T01:41:50 <Jinxypie> Ikledoreboline je te laisse 5sec pour percuter que tu viens de dire une grosse connerie ^^'
2014-10-27T01:41:55 <Ikledoreboline> Chut x'D
2014-10-27T01:41:56 <Jinxypie> Genre énorme.
2014-10-27T01:42:01 <Ikledoreboline> Je suis genre au courant x)
2014-10-27T01:42:02 <Jinxypie> genre qui va finir sur dtc
2014-10-27T01:42:08 * Ikledoreboline est branché sur sa prise.
2014-10-27T01:42:09 <adriens33> chiche Jinxypie XD
2014-10-27T01:42:13 <Jinxypie> Déjà fait
2014-10-27T01:42:20 <Ikledoreboline> Enfoiré
2014-10-27T01:42:21 <Ikledoreboline> xD
2014-10-27T01:42:25 <Jinxypie> J'ai c/p imédiatement ^^
2014-10-27T01:42:28 <Ikledoreboline> Mon avenir est foutu x)
2014-10-27T01:42:37 <Ikledoreboline> Bon je vais changer mon pseudo alors
2014-10-27T01:42:38 <Jinxypie> J'ai créé un plugin direct depuis hexchat
2014-10-27T01:42:39 <razorbill> mwhuaha
2014-10-27T01:42:47 <Jinxypie> ...
2014-10-27T01:42:52 <adriens33> nice :3
2014-10-27T01:42:55 <Jinxypie> Pourquoi pas "elmustachos"
2014-10-27T01:43:02 <adriens33> the 'stache !
2014-10-27T01:43:04 <adriens33> :)
2014-10-27T01:43:11 <adriens33> :{)
2014-10-27T01:43:15 * ElMuchachos enlève son sombrero.
2014-10-27T01:43:26 <ElMuchachos> Parce qui ma madre ma nommée comme sa !
2014-10-27T01:43:32 <Jinxypie> Oh putain les mecs !
2014-10-27T01:43:33 <Jinxypie> http://www.google.fr/url?source=imglanding&ct=img&q=http://fc09.deviantart.net/fs71/i/2013/293/d/3/jinx_by_mice_king-d6r565g.jpg&sa=X&ei=LJVNVI-KDcPnaoP5gqAC&ved=0CAkQ8wc&usg=AFQjCNHuKmWy4kxeI4UvgFb20UtNpYp-DA
2014-10-27T01:43:56 <Ikledoreboline> Mais t'en peux plus de Jinx toi x)
2014-10-27T01:43:57 <razorbill> Il est joli le monsieur
2014-10-27T01:44:16 <Jinxypie> http://fc08.deviantart.net/fs71/i/2013/300/b/5/jinx_sketch_by_nasuki100-d6rz9y8.png
2014-10-27T01:44:48 <Ikledoreboline> https://www.filepicker.io/api/file/zn668LTO6hx95jEctUwp
2014-10-27T01:44:57 <Jinxypie> Attends razor, un cosplay cadeau pour te réchauffer ^^
2014-10-27T01:45:11 <Jinxypie> http://fc03.deviantart.net/fs70/i/2014/067/0/6/gender_bend_jinx_league_of_legend_by_okageo-d79d18u.jpg
2014-10-27T01:45:16 * Ikledoreboline sort son radiateur aussi et murmure.
2014-10-27T01:45:18 <Ikledoreboline> Oh ouais
2014-10-27T01:45:19 <Jinxypie> Un des meilleurs cosplayers mecs que je connais.
2014-10-27T01:45:22 <Jinxypie> Okageo
2014-10-27T01:45:35 <Ikledoreboline> Mais, t'es sérieux
2014-10-27T01:45:41 <Jinxypie> Bah oui.
2014-10-27T01:45:47 <Jinxypie> C'est un super crossplay non ?
2014-10-27T01:45:47 <Ikledoreboline> Je suis pas homo. moi DAAAMMMN
2014-10-27T01:45:47 <Ikledoreboline> xD
2014-10-27T01:45:48 <razorbill> Il est pas naturel, c'pas beau
2014-10-27T01:46:33 <Ikledoreboline> https://www.filepicker.io/api/file/Ln4HOxmREankc3r9UQCQ un petit gif pour l'occasion avec le mec en jinx
2014-10-27T01:46:45 <Jinxypie> http://fc06.deviantart.net/fs70/f/2011/161/c/5/fan_service_alto_by_okageo-d3il5ax.jpg
2014-10-27T01:46:53 <Jinxypie> tien le voila au naturel ^^
2014-10-27T01:47:16 <Ikledoreboline> Les asiats. ils nous envahissent ! xD
2014-10-27T01:47:48 <razorbill> Moi j'm'en fiche je suis un pingouin.
2014-10-27T01:47:58 <Jinxypie> Le pire c'est que je suis gaulé comme lui avant qu'il fasse de la muscu...
2014-10-27T01:48:10 <Jinxypie> Mais avec un autre genre de visage...
2014-10-27T01:48:27 <Ikledoreboline> Après tu contracteras tu embrasseras t'es muscle, t'iras devant le miroir et tu feras: "T'as d'beau yeux tu sais ?" XD
2014-10-27T01:48:53 <Jinxypie> Honnetement, si je deviens comme ça, butez moi.
2014-10-27T01:49:03 <Ikledoreboline> Okey *recharcheunfusil*
2014-10-27T01:49:16 <Ikledoreboline> wat, désolé la fatigue x)
2014-10-27T01:49:27 <razorbill> c'est pas bien de tuer.
2014-10-27T01:49:34 <Jinxypie> Le problème avec moi, c'est pas le corps, c'est la tronche ^^'
2014-10-27T01:49:34 <Jinxypie> https://fbcdn-sphotos-f-a.akamaihd.net/hphotos-ak-xfa1/v/t1.0-9/10665687_10204820313768066_67888313874026491_n.jpg?oh=fc140e0b01bc3de41302a0e5d84b1232&oe=54F8976B&__gda__=1424847453_847f0730b1e364e1ab2aa5a8d3fe86a7
2014-10-27T01:49:50 <Ikledoreboline> Anw mais merde
2014-10-27T01:49:59 <Jinxypie> (bon faut dire, que j'avais contre moi me stressait un peu)
2014-10-27T01:50:02 <Ikledoreboline> tu sais qu'as l'animasia j'arrivais pas à foutre ton visage sur l'autres groupe de brony xD
2014-10-27T01:50:24 <razorbill> hanw la jolie photo
2014-10-27T01:50:40 <razorbill> moi je l'ai eu que de loin, y'avait un méchant photographe devant
2014-10-27T01:50:56 <Jinxypie> lady sundae est magnifique, c'est une super cosplayeuse, et canon en plus, ce qui ne gâche rien.
2014-10-27T01:51:31 <Jinxypie> Ikle, t'as une photo de toi ?
2014-10-27T01:51:39 <Ikledoreboline> sur youp...
2014-10-27T01:51:40 <Jinxypie> Je vois mal à quoi tu ressembles.
2014-10-27T01:51:42 <Ikledoreboline> ouais attends. x)
2014-10-27T01:51:55 <Jinxypie> C'est quoi ton username sur youp dans ce cas ?
2014-10-27T01:52:16 <Ikledoreboline> Jeprendsuviagradu33
2014-10-27T01:52:19 <Ikledoreboline> xD
2014-10-27T01:52:33 <razorbill> A cet âge et t'as pas honte? .-.
2014-10-27T01:52:36 <Jinxypie> Je suis quasi sur qu'il existe celui là. ^^
2014-10-27T01:52:45 <Ikledoreboline> Chhhh, j'en prends pas XD
2014-10-27T01:52:50 <Jinxypie> razorbill, il est juste mauvaise langue.
2014-10-27T01:53:04 * Jinxypie se sent fier de son jeu de mots. ^^
2014-10-27T01:53:05 <Ikledoreboline> Je savais pas qu'on pouvait avoir un utilisateur sur ce site XD
2014-10-27T01:53:12 <Ikledoreboline> D'abord
2014-10-27T01:53:12 <razorbill> x3
2014-10-27T01:53:15 <Ikledoreboline> je lèche très bien
2014-10-27T01:53:16 <Ikledoreboline> ok
2014-10-27T01:53:17 <Ikledoreboline> XD
2014-10-27T01:53:27 * Ikledoreboline prend un sac à dos et s'en va.
2014-10-27T01:53:32 <razorbill> Fait gaffe, mon chat se prépare pour les tient en parlant de léchouille
2014-10-27T01:53:41 <Jinxypie> Sur tous le réseau pornhub ils ont créé un système d'user, mais ils n'ont pas encore fusioné les bases de données pour des raisons de logistique.
2014-10-27T01:53:48 <Ikledoreboline> Ton chat il va se faire tordre la tête fait gaffe :ooo
2014-10-27T01:53:56 <razorbill> mais qui crée un compte sur des sites porn? .-.
2014-10-27T01:54:06 <Ikledoreboline> Je sais pas, mais j'ai envie d'essayer
2014-10-27T01:54:07 <Ikledoreboline> xD
2014-10-27T01:54:10 <Jinxypie> N'empèche pornhub reste une boite géniale d'un point de vue technologique;
2014-10-27T01:54:16 <razorbill> MOn chat il est 1 quart vmpire, fait gaffe
2014-10-27T01:54:20 <Ikledoreboline> Brazzer, on en parle ?
2014-10-27T01:54:21 <Ikledoreboline> XD
2014-10-27T01:54:25 <Jinxypie> razorbill, ça ser à sauvegarder des favoris et uploader des vidéos;
2014-10-27T01:54:28 <razorbill> il a peut-être qu'un seul croc, mais il s'en sert hyper bien
2014-10-27T01:54:46 * Ikledoreboline s'assit sur le chat de razorbill.
2014-10-27T01:55:09 <Jinxypie> Ikledoreboline, pas la même chose, brazzers est en lien avec les studios de prod, pornhub est un hébergeur de streaming de pornographie légale.
2014-10-27T01:55:22 <razorbill> ouais enfin vu comment des potes traînent sur mon ordi , télécharger des vidéos 'est mort xD
2014-10-27T01:55:39 <Ikledoreboline> xD
2014-10-27T01:55:54 <Ikledoreboline> Tu crées un dossier porn, tu changes l'icône en internet explorer c'est bon
2014-10-27T01:55:57 <Jinxypie> Justement, les profils d'user sur le réseau pornhub servent à garder une liste de favoris qui n'est sauvegardée nulle part ailleurs.
2014-10-27T01:56:25 <Jinxypie> Et éviter de se faire pendre par les hypocrites qui fréquentent le pc pour la même raison.
2014-10-27T01:56:27 <razorbill> Tu connais pas mes potes, genre moi je suis nulle en informatique mais genre elles elles ont jamais entendu parlé de défragmentation
2014-10-27T01:56:36 <razorbill> à peine elles décochent les cases
2014-10-27T01:56:40 <Ikledoreboline> J'avais remarqué sa moi :rire:
2014-10-27T01:57:00 <Ikledoreboline> http://puu.sh/cs5XJ/105f6126fb.jpg xD
2014-10-27T01:57:10 <Jinxypie> Le plus marrant sur le porn c'est que quasi tout le monde en regarde et que tout le monde le nie quasiment.
2014-10-27T01:57:52 <Ikledoreboline> non
2014-10-27T01:58:01 <Ikledoreboline> moi sur facebook ils savent très bien qu'est-ce que j'en pense XD
2014-10-27T01:58:06 <razorbill> Bah moi les seules fois où j'en parle, mes potes me regardent chelou parce qu'elles n'en regarde pas. Et mes potes garçons c'est pire .-.
2014-10-27T01:58:13 <Jinxypie> Enfin si on dit porn au sens large. Au sens précis j'en regarde pas (je préfère le hentai).
2014-10-27T01:58:29 <Ikledoreboline> Jinxypie: c'est plus clean puis c'est pas de vrais humains normal
2014-10-27T01:58:45 <Ikledoreboline> La dernière fois une amie m'a envoyée un scan j'ai juste adoré ^^
2014-10-27T01:58:47 <Jinxypie> Même pas, c'est juste que j'apprécie l'esthétique.
2014-10-27T01:59:02 <Ikledoreboline> j'ai le scan pas loin je crois attends, j'te le send en privé x)
2014-10-27T01:59:04 <Jinxypie> Je trouve le porn trop vulgaire généralement en fait.
2014-10-27T01:59:12 <razorbill> wi
2014-10-27T01:59:15 <Ikledoreboline> bah
2014-10-27T01:59:23 <Jinxypie> Ikle... Je suis parmi les admins d'un gros site de hentai.
2014-10-27T01:59:24 <Ikledoreboline> Faire semblant
2014-10-27T01:59:28 <Ikledoreboline> x'D
2014-10-27T01:59:29 <Ikledoreboline> Nice
2014-10-27T01:59:53 <Jinxypie> J'ai pondu l'algo de tri.
2014-10-27T01:59:56 <Ikledoreboline> mec
2014-10-27T02:00:02 <Ikledoreboline> conversation public
2014-10-27T02:00:03 <Ikledoreboline> x_x
2014-10-27T02:00:11 <Jinxypie> Il est deux heures du mat.
2014-10-27T02:00:18 <Jinxypie> Au pire...
2014-10-27T02:00:21 <Jinxypie> adriens33 !
2014-10-27T02:00:25 <Ikledoreboline> m'ouais XD
2014-10-27T02:00:27 <adriens33> quoi
2014-10-27T02:00:28 <Jinxypie> efface la ligne du log step ^^
2014-10-27T02:00:28 <adriens33> ?
2014-10-27T02:00:51 <adriens33> done.
2014-10-27T02:00:54 <Jinxypie> Et btw, le log ssh déconne encore.
2014-10-27T02:00:58 <adriens33> ?
2014-10-27T02:01:02 <adriens33> ça marche chez moi
2014-10-27T02:01:09 <Jinxypie> Yep, cygwin me fait le con encore.
2014-10-27T02:01:15 <adriens33> ah.
2014-10-27T02:01:17 <Jinxypie> nop, c'est local chez moi.
2014-10-27T02:01:40 <Jinxypie> Anyway, c'est bon tu peux retourner dodo ^^
2014-10-27T02:01:46 <adriens33> je dormais pas encore…
2014-10-27T02:01:54 <Jinxypie> Tu fais quoi ?
2014-10-27T02:01:59 <Ikledoreboline> Le lien que je t'ai envoyé, j'aime bien ce style
2014-10-27T02:02:09 <adriens33> rien de spécial
2014-10-27T02:02:28 <adriens33> mais j'ai pas envie de dormir …
2014-10-27T02:03:01 <Jinxypie> https://www.youtube.com/watch?v=dBKyOxcyQc8&index=105&list=PLymmwIRuunnacxT6lxIsHXjDrlkiMParM
2014-10-27T02:03:17 <Jinxypie> ça devrait te changer les idées
2014-10-27T02:03:24 <Jinxypie> Et complèter ta culture coté JV
2014-10-27T02:03:45 <Jinxypie> Beaucoup il te reste à apprendre petit scarabé ^^
2014-10-27T02:03:50 <Ikledoreboline> Au faite Jinxypie tu bosses depuis quand avec e-h ?
2014-10-27T02:04:01 <Jinxypie> Boarf, longtemps
2014-10-27T02:04:30 <Jinxypie> Je bosse à l'arrache et gratos, je fais un peu de maintenance de temps en temps, j'affine l'algo de tri, ce genre de choses.
2014-10-27T02:04:44 <Ikledoreboline> ^^
2014-10-27T02:07:42 *** Scootaloo s'est connecté
2014-10-27T02:08:40 <Ikledoreboline> Yup
2014-10-27T02:08:54 <razorbill> Bonzour
2014-10-27T02:09:23 <Jinxypie> encore un breton.
2014-10-27T02:09:29 <adriens33> (c'est silou :p)
2014-10-27T02:09:46 <Ikledoreboline> x3
2014-10-27T02:09:52 <Ikledoreboline> Il s'invente des amis ah la la la la xD
2014-10-27T02:10:03 <adriens33> de qui tu parles ikle ?
2014-10-27T02:10:07 <Ikledoreboline> Silou
2014-10-27T02:10:09 <adriens33> oh.
2014-10-27T02:10:24 *** Silou est parti
2014-10-27T02:10:25 <adriens33> ouai. ^^
2014-10-27T02:10:38 <Ikledoreboline> Ceci explique cela xD
2014-10-27T02:12:17 <Jinxypie> N'empèche je connais tellement de mots qui peuvent traumatiser par une simple recherche google.
2014-10-27T02:12:25 <adriens33> ^^
2014-10-27T02:12:44 <Ikledoreboline> 2 girls 1 cup
2014-10-27T02:12:45 <Ikledoreboline> xD
2014-10-27T02:12:47 <Ikledoreboline> 1 man 1 jar
2014-10-27T02:13:01 * Ikledoreboline part avant de dire qu'il a rigolé sur 1 man 1 jar. Oh wait
2014-10-27T02:13:14 <Jinxypie> 2 men one hors ?
2014-10-27T02:13:18 <Jinxypie> horse*
2014-10-27T02:13:18 <Ikledoreboline> J'la connais aussi
2014-10-27T02:13:19 <Ikledoreboline> xD
2014-10-27T02:13:25 <Ikledoreboline> Mais celle-ci
2014-10-27T02:13:31 <Ikledoreboline> j'ai pas regardé x)
2014-10-27T02:14:03 <Jinxypie> http://www.rotten.com/
2014-10-27T02:14:22 <Jinxypie> Et bon appetit biensur ^^
2014-10-27T02:14:31 <Ikledoreboline> hop barre des favoris
2014-10-27T02:14:32 <Ikledoreboline> XD
2014-10-27T02:14:41 <Jinxypie> Il est plus updated
2014-10-27T02:15:05 <Ikledoreboline> Je sais, je crois qu'on me l'avait déjà envoyé
2014-10-27T02:15:06 <Ikledoreboline> ^^
2014-10-27T02:17:15 <Jinxypie> Ikle découvre ma culture en matière de hentais ^^
2014-10-27T02:17:54 <Jinxypie> Trop meugnon ^^
2014-10-27T02:17:57 <Ikledoreboline> ^^ c'est sympa les trucs que tu m'envois, puis c'est pas banal comme discution lol x)
2014-10-27T02:18:06 <Jinxypie> En fait... si.
2014-10-27T02:18:11 <Jinxypie> Bienvenu sur le net mec.
2014-10-27T02:18:14 <Ikledoreboline> Non mais
2014-10-27T02:18:30 <Ikledoreboline> Avec les personnes pour les moins timide j'en parle tout le temps mais bon x)
2014-10-27T02:18:51 <Jinxypie> Même adriens33 du haut de sa phobie sociale est fan de hentais.
2014-10-27T02:19:15 <Ikledoreboline> enfin "tout le temps" après je joue beaucoup et je dis plein de connerie d'ailleurs si tu veux lire une de mes conneries je peux la sortir dans 30 sec x)
2014-10-27T02:19:19 <Jinxypie> Le sexe est un cri de ralliement, un appel, quelque chose qui résonne en chaque personne.
2014-10-27T02:19:30 <Ikledoreboline> https://fbcdn-sphotos-h-a.akamaihd.net/hphotos-ak-xap1/t31.0-8/1518856_1560457754188277_728185424081450856_o.jpg lit le chat. xD
2014-10-27T02:19:38 <Jinxypie> On a tous une perception différente, mais très peu de personnes y sont sourdes.
2014-10-27T02:20:27 <Ikledoreboline> ^^
2014-10-27T02:20:38 <Jinxypie> Mouais, ça vole pas haut comme commu j'ai l'impression.
2014-10-27T02:20:42 <Jinxypie> Kikoolol land ?
2014-10-27T02:21:59 <Ikledoreboline> Non, juste des potes que je troll parfois
2014-10-27T02:21:59 <Ikledoreboline> xD
2014-10-27T02:22:11 <Ikledoreboline> Car il m'avait insulté avant donc je me suis permis x)
2014-10-27T02:23:34 <Ikledoreboline> D'ailleurs il avait mit que j'étais un pedobear alors que... Je suis même pas majeur, mais il comprend pas x)
2014-10-27T02:23:47 <Jinxypie> OH FUCK !
2014-10-27T02:23:52 <Ikledoreboline> ?
2014-10-27T02:24:22 <Jinxypie> Les mecs... Vous pouvez pas me prévenir quand y'a un mineur sur le chan ?
2014-10-27T02:24:28 <razorbill> ( ça c'est ce que tu fais croire )
2014-10-27T02:24:34 <Ikledoreboline> xD
2014-10-27T02:24:36 <Jinxypie> Zetes des mules !
2014-10-27T02:24:37 <razorbill> xD
2014-10-27T02:24:44 <Ikledoreboline> Jinxypie tu sais ya toujours des mineurs ici xD
2014-10-27T02:24:52 <Ikledoreboline> Et pourtant ils ont pas de pioche et un casque les cons :')
2014-10-27T02:25:16 * Jinxypie pense sérieusement à un kick pour vanne pourrie.
2014-10-27T02:25:42 <Ikledoreboline> Détends ton bulbe, je pense que notre génération est l'une des moins sensible à se qui concerne les choses et le cul, puis il y a tellement de retard..
2014-10-27T02:25:59 <Ikledoreboline> Pardon, mais pensé ont atteints trop vite mon clavier XD
2014-10-27T02:26:03 <Ikledoreboline> mes pensés*
2014-10-27T02:26:06 <Ikledoreboline> Ma connerie aussi faut croire
2014-10-27T02:26:23 <Jinxypie> Boaf, du moment que tu sors pas un ASV à razor ça va ^^
2014-10-27T02:26:41 <Ikledoreboline> xD
2014-10-27T02:27:13 <razorbill> Auxiliaire spécialisé vétérinaire?
2014-10-27T02:27:23 <Ikledoreboline> Non
2014-10-27T02:27:30 <Ikledoreboline> Âge - Sexe - Ville
2014-10-27T02:27:30 <Ikledoreboline> XD
2014-10-27T02:27:36 <Jinxypie> ça date d'avant caramail.
2014-10-27T02:27:40 <razorbill> wi, j'ai vu .-.
2014-10-27T02:27:54 <razorbill> J'étais pas je crois
2014-10-27T02:28:04 <razorbill> en fait je sais pas de quand c'est caramail
2014-10-27T02:28:24 <Jinxypie> En fait aussi loin que ma mémoire me porte j'ai toujours vu cette locution employée sur les chans.
2014-10-27T02:28:51 <Jinxypie> caramail, c'est un truc de vieux du net.
2014-10-27T02:29:00 <Jinxypie> Comme les modems 26k
2014-10-27T02:29:05 <Jinxypie> Et wanadoo.
2014-10-27T02:29:34 <razorbill> bouuuh
2014-10-27T02:29:52 <Jinxypie> Et les forfaits 20h ou 1Go.
2014-10-27T02:29:52 <Ikledoreboline> C'est vieux sa
2014-10-27T02:29:56 <Ikledoreboline> très vieux et je connais XD
2014-10-27T02:30:12 <Ikledoreboline> wanadoo ou autrement orange :3
2014-10-27T02:30:33 <Ikledoreboline> Quel nom de merde quand même, même aujourd'hui ils ont pas un nom qui est digne de sa. x)
2014-10-27T02:30:49 <razorbill> Pas moi, je suis un grosse victime de la société de consommation :3
2014-10-27T02:31:50 <Jinxypie> Le nom on s'en branle.
2014-10-27T02:32:15 <Ikledoreboline> J'avais remarqué :hap:
2014-10-27T02:32:15 <Ikledoreboline> bof
2014-10-27T02:32:15 <Ikledoreboline> xD
2014-10-27T02:33:42 <razorbill> grrr
2014-10-27T02:33:48 <razorbill> fait gaffe elle aiguise son croc
2014-10-27T02:34:13 <Ikledoreboline> J'ai toujours mes chats sous la main, il vaut mieux qu'elle vienne pas x)
2014-10-27T02:34:26 <Jinxypie> <hs> Il faut parfois regarder au delà de ce qui est, percevoir la nature même de l'insaisissable néant, capturer la l'émanation première de ce qui est. Dépasser le stade subjectif et devenir l'observateur. Libérer son esprit pour pouvoir voir le monde sans son masque </hs>
2014-10-27T02:34:53 <Jinxypie> Bon les amoureux, vous nous faites un petit tout de suite où j'ai le temps d'aller me prendre une biere ?
2014-10-27T02:34:53 <Berry-Punch> Tu en as pour moi *hic* Jinxypie ?
2014-10-27T02:34:53 <razorbill> C'est un ninja obèse, fait gaffe
2014-10-27T02:35:03 <razorbill> en plus elle peut se transformer en grosse chauve-suoris
2014-10-27T02:35:13 <Jinxypie> non pas toi berry, on en a déjà parlé de ton alchoobotisme.
2014-10-27T02:35:28 <Ikledoreboline> On est pas amoureux >.> enfoiré ! xD
2014-10-27T02:35:39 <Ikledoreboline> Et oui t'as le temps de prendre une bière alcolo ! xD
2014-10-27T02:35:40 <Berry-Punch> J'adore ça ! *hic* 
2014-10-27T02:35:48 <razorbill> Si j'ai un gosse je me suicide ou je le brûle
2014-10-27T02:35:52 <Jinxypie> tu cries bien fort pour un innocent.
2014-10-27T02:35:56 <Ikledoreboline> pareil bonne initiative
2014-10-27T02:36:11 <Jinxypie> razorbill, vends le, c'est plus rentable;
2014-10-27T02:36:14 <Ikledoreboline> Déjà à animasia j'ai faillit pété un plomb avec les poussettes qui m'écrasait les pieds
2014-10-27T02:36:22 <Ikledoreboline> Jinxypie: non
2014-10-27T02:36:25 <Ikledoreboline> tu dois accoucher sinon
2014-10-27T02:36:29 <Jinxypie> Perso les gosses m'approchent pas, on se demande pourquoi.
2014-10-27T02:36:30 <Ikledoreboline> sa doit être casse burne
2014-10-27T02:36:30 <razorbill> T'as raison, j'aurais plein de chats ou même un chien *o*
2014-10-27T02:37:03 <razorbill> Ca dépend
2014-10-27T02:37:16 <Ikledoreboline> ça dépend le prix du bébé. XD
2014-10-27T02:37:21 <razorbill> Souvent je fais un truc, ils me copient, les parents gueulent, alors c'est marrant
2014-10-27T02:37:45 <Jinxypie> Déjà je vois mal comment les gosses pourraient m'approcher, déjà que les mères m'approchent pas, et que les filles en général m'approchent pas...
2014-10-27T02:37:52 <Ikledoreboline> Jinxypie: un gamin c'est comme une mine antichar pour moi xD
2014-10-27T02:39:27 <Ikledoreboline> en ce moment je me tape un trip avec cette musique https://www.youtube.com/watch?feature=player_embedded&v=55smy8F7_p8 truc de fou xD
2014-10-27T02:39:58 <razorbill> let it goooo
2014-10-27T02:40:37 <Ikledoreboline> Oh, au faite, je sais pas si je l'ai dit ou marqué sur facebook, mais sur plague inc, j'avais fait une maladie qui avait quasiment le nom de ebola xD
2014-10-27T02:41:46 <Jinxypie> http://lyrics.wikia.com/Machinae_Supremacy:One_Day_In_The_Universe
2014-10-27T02:42:50 <Jinxypie> Putain ce que j'aime MaSu
2014-10-27T02:42:57 <Jinxypie> Nouveau groupe préféré je pense.
2014-10-27T02:42:57 <Ikledoreboline> ^^
2014-10-27T02:43:07 <Ikledoreboline> Ils font de la bonne musique aussi ^^
2014-10-27T02:43:27 <Jinxypie> Surtout de bons textes
2014-10-27T02:43:38 <Ikledoreboline> Est-ce que c'est humain d'avoir un tant de réaction de 140 ms sur piano tiles ? xD
2014-10-27T02:43:54 <Jinxypie> Hum...
2014-10-27T02:44:36 <Jinxypie> Record perso de temps de réaction sur LoL => 0.045s pour esquiver un skillshot
2014-10-27T02:44:46 <Jinxypie> C'est comme si je l'avais senti à l'avance.
2014-10-27T02:45:08 <Ikledoreboline> bah cs:go quand je preshot 30 ms de tant de réaction entre la vue du joueur et la balle
2014-10-27T02:45:10 <Jinxypie> (J'ai mesuré après sur mon logiciel de montage)
2014-10-27T02:45:17 <Ikledoreboline> Moi sur map aimbot
2014-10-27T02:45:19 <Ikledoreboline> pour test le skill
2014-10-27T02:45:49 <Jinxypie> Il n'empèche que je devrais reprendre un vrai entrainement martial.
2014-10-27T02:46:35 <Ikledoreboline> How to be a ninja
2014-10-27T02:46:36 <Ikledoreboline> xD
2014-10-27T02:48:19 <razorbill> J'aime pas le kiwi
2014-10-27T02:48:52 <Ikledoreboline> trop exotique pour toi ? :p
2014-10-27T02:49:28 <razorbill> Non la mangue c'est bon!
2014-10-27T02:49:55 <Ikledoreboline> Ouais mais la mangue c'est doux *°*
2014-10-27T02:51:36 *** razorbill est parti
2014-10-27T03:02:09 *** Guest81437 est parti
2014-10-27T03:12:24 <Jinxypie> arf, il a effrayé la femmelle ^^
2014-10-27T03:12:53 *** adriens33 est parti
2014-10-27T03:13:07 <Ikledoreboline> Mais non, je lui parle encore sur facebook ^^
2014-10-27T03:13:18 <Ikledoreboline> Elle est partie car ça parle pas ^^
2014-10-27T03:31:30 *** Ikledoreboline est parti
2014-10-27T06:18:54 *** Ikledoreboline s'est connecté
2014-10-27T06:19:03 <Ikledoreboline> Hu, re ? xD
2014-10-27T07:52:09 *** Ikledoreboline est parti
2014-10-27T08:46:42 *** Gordfang s'est connecté
2014-10-27T08:48:00 *** heuzef s'est connecté
2014-10-27T08:49:19 <Gordfang> yo les gen
2014-10-27T08:49:24 <heuzef> yop =)
2014-10-27T08:50:09 <heuzef> J'ai réfléchis concernant l'agenda sur mobile
2014-10-27T08:50:36 <heuzef> La seule solution serais de refaire un agenda spécial mobile
2014-10-27T08:50:50 <heuzef> Un peu lourd comme dev pour l'interet que ça représente
2014-10-27T08:51:03 <heuzef> Ou alors tenter de hacker l'agenda actuel
2014-10-27T08:51:25 <heuzef> On ouvre un ticket pour ça ?
2014-10-27T08:52:56 <Gordfang> houla c'est trop tot le matin
2014-10-27T08:53:19 <heuzef> ;)
2014-10-27T08:53:33 <heuzef> J'ouvre le ticket, on verra bien plus tard
2014-10-27T08:53:37 <Gordfang> k
2014-10-27T08:56:04 <heuzef> Déjà un ticket ouvert pour l'agenda sur github, je rajoute en commentaire du coup
2014-10-27T08:56:30 <heuzef> https://github.com/bronycub/v2/issues/14
2014-10-27T10:08:18 <Berry-Punch> Voilà ce qu'il *hic* s'est passé ces 10 dernières lignes, adriens33
2014-10-27T10:08:19 *** adriens33 s'est connecté
2014-10-27T10:11:47 <Gordfang> yo adrie
2014-10-27T10:11:50 <adriens33> salut
2014-10-27T10:17:03 *** TrappyTickles s'est connecté
2014-10-27T10:17:09 <adriens33> salut Trappy :)
2014-10-27T10:17:15 <adriens33> je vois qu'on se leve tous en même temps XD
2014-10-27T10:18:12 <TrappyTickles> oi
2014-10-27T10:18:16 <TrappyTickles> lol :p
2014-10-27T10:22:10 <heuzef> Bande de branleur
2014-10-27T10:22:17 <heuzef> Zéte en vacances ou quoi ?
2014-10-27T10:22:27 <adriens33> ben… c'est les vacances heuzef ::p
2014-10-27T10:22:31 <heuzef> grrr
2014-10-27T10:22:36 <strycore> heuzef!!
2014-10-27T10:22:44 <adriens33> (pis moi pour le moment je bosse pas encore, mais ça va pas tarder…)
2014-10-27T10:22:48 <heuzef> Je me disais bien que les tram été étrangement vide
2014-10-27T10:22:53 <adriens33> XD
2014-10-27T10:23:12 <heuzef> strycore kestuveu ?
2014-10-27T10:23:13 <adriens33> aussi
2014-10-27T10:23:31 <strycore> heuzef!! j'ai la confirmation, les gens sont vraiment des branleurs!
2014-10-27T10:23:35 <adriens33> les vacances c'est du 17/10 au soir au 3/11 au matin
2014-10-27T10:23:43 <TrappyTickles> merde :s
2014-10-27T10:23:48 <adriens33> donc c'est la 2e semaine de vacances là en fait
2014-10-27T10:23:51 <heuzef> Après tous ce temps ont avait bien besoin d'une confirmation tiens
2014-10-27T10:23:54 <heuzef> Dans le doute xD
2014-10-27T10:24:09 <strycore> histoire d'être sur
2014-10-27T10:24:19 <TrappyTickles> jvoulais attendre la fin des vacances pour pas avoir de rush
2014-10-27T10:24:30 <adriens33> TrappyTickles: bah la fin des vacances c'est la semaine prochaine ^^
2014-10-27T10:24:39 <TrappyTickles> mmm bon ok alors
2014-10-27T10:24:57 <TrappyTickles> comme ma fanfic de mlp lol
2014-10-27T10:25:04 <adriens33> ^^
2014-10-27T10:25:11 <adriens33> tu fais une fanfic ?
2014-10-27T10:25:12 <heuzef> strycore: t'as mené une etude complète du coup ? Fait pété le rapport :D
2014-10-27T10:25:17 <adriens33> tu m'fera lire ? :p
2014-10-27T10:25:56 <strycore> non mais les résultats de ma présentation a la giroll party ont été peu probants
2014-10-27T10:26:51 <adriens33> ok ^^
2014-10-27T10:27:53 <TrappyTickles> https://mlpfictions.com/chapter/1465?key=82fc046987f36a20b237b4ba157ab0b8 et https://mlpfictions.com/chapter/1467?key=29665d5b35541c159b53680c2bfd5343
2014-10-27T10:27:57 <heuzef> strycore: bof donc t'as toujours pas de "preuve"
2014-10-27T10:28:05 <adriens33> merci Trappy :3
2014-10-27T10:28:09 <TrappyTickles> ^^
2014-10-27T10:28:18 <adriens33> ok
2014-10-27T10:28:21 <adriens33> @+
2014-10-27T10:28:45 <strycore> heuzef, si, les gens ont avoué devant moi (il fallait que je filme?)
2014-10-27T10:28:51 <heuzef> ba ouais
2014-10-27T10:28:57 <heuzef> Pas de preuve donc
2014-10-27T10:28:59 <strycore> grmbl
2014-10-27T10:29:16 <heuzef> Et puis 3 mec qui "avoue" c'est pas convaincu
2014-10-27T10:29:17 <strycore> la preuve ce sont ces comptes github vide
2014-10-27T10:30:02 <heuzef> Fait des chiffres, des statistiques, appuis toi sur des fait concrets
2014-10-27T10:30:16 <heuzef> Et si tu te base sur Github ça ne touche que les dev du coup
2014-10-27T10:30:29 <adriens33> c'est quoi l'histoire en fait ? :p
2014-10-27T10:30:46 <strycore> que les gens sont des branleurs :p
2014-10-27T10:30:51 <heuzef> strycore cherche à prouver que les libristes sont des fénéants
2014-10-27T10:30:54 <adriens33> ouai mais encore ? :p
2014-10-27T10:31:19 <adriens33> et ça apportera quoi au final ?
2014-10-27T10:31:32 <adriens33> tout le monde sait que les programmeurs sont fainéants
2014-10-27T10:31:47 <strycore> non, l'autre type de faineant
2014-10-27T10:31:49 <adriens33> c'est le principe même de la programmation de pas se répéter et de se simplifier la vie :3
2014-10-27T10:32:07 <strycore> pas le type qui en fait le moins possible, le type qui ne fait *rien*
2014-10-27T10:32:16 <adriens33> ah bah c'est pas spécifique au libre ça.
2014-10-27T10:32:21 <adriens33> y'en a partout.
2014-10-27T10:32:22 <strycore> bah non
2014-10-27T10:32:37 <heuzef> Je rejoins l'avis d' adriens33
2014-10-27T10:32:49 <adriens33> même dans les boites ou tu sors du code propriétaire
2014-10-27T10:32:52 <adriens33> (genre des ssii)
2014-10-27T10:33:07 <strycore> le code propriétaire c'est pas mon problème
2014-10-27T10:33:56 <adriens33> beh t'as des glandeurs partout, donc fatalement dans les commus opensources/libres t'en aura forcément (modulo la taille de ladite communauté)
2014-10-27T10:34:11 <adriens33> plus la commu est grande => plus y'a de chances d'y en avoir
2014-10-27T10:34:28 <strycore> le problème c'est pas tant qu'il y ai des gens qui ne fassent rien
2014-10-27T10:34:51 <strycore> mais qu'il n'y ai pas assez de personnes qui contribuent
2014-10-27T10:34:58 <adriens33> ah.
2014-10-27T10:35:02 <adriens33> on arrive au problème :3
2014-10-27T10:35:06 <adriens33> contribuer à quoi ?
2014-10-27T10:35:16 <strycore> ça sert a rien d'avoir tout le monde qui contribue
2014-10-27T10:35:35 <adriens33> (quel projet)
2014-10-27T10:35:36 <strycore> bah à tout, a l'amélioration globale de tout ce qu'on utilise
2014-10-27T10:35:39 <adriens33> ah.
2014-10-27T10:36:01 <adriens33> bah c'est pas tant une histoire de glandage là, mais de motivation…
2014-10-27T10:36:15 <adriens33> et faut guider les gens aussi.
2014-10-27T10:36:20 <strycore> non c'est pas juste ça
2014-10-27T10:36:40 <heuzef> Motivation y'en à mais parfois manque surtout l'information et les compétences
2014-10-27T10:37:03 <strycore> et oui, il faut guider les gens, ce qui fait que la faute reviens ausis aux mainteneurs des projets
2014-10-27T10:37:17 <heuzef> ça peux être intéressant de lister la totalité des facteurs à avoir pour contribuer et de savoir lequel pose le plus de problème
2014-10-27T10:37:19 <adriens33> moi j'aimerai bien contribuer plus, mais 1) je sais pas quoi faire 2) j'ai du mal à coder en ce moment, mais ça c'est un autre souci 3) je sais pas trop vers qui me tourner, quel projet, quoi
2014-10-27T10:37:31 * strycore continue sa présentation de samedi un lundi matin sur #bronycub
2014-10-27T10:38:25 <strycore> adriens33, ce que je disais samedi c'est de ne contribuer que sur des choses qui t'impactent directement
2014-10-27T10:38:34 <heuzef> - Motivation
2014-10-27T10:38:34 <heuzef> - Information
2014-10-27T10:38:34 <heuzef> - Compétences
2014-10-27T10:38:34 <heuzef> - État d'esprit
2014-10-27T10:38:34 <heuzef> - ...
2014-10-27T10:39:06 <heuzef> En général s'il en manque un seul : pas de contribution
2014-10-27T10:39:07 <strycore> donc ajouter une fonctionnalité que tu voudrais utiliser ou corriger un bug qui t'empèche d'utiliser un soft comme tu voudrais
2014-10-27T10:39:21 <adriens33> ben justement le souci est là
2014-10-27T10:39:27 <adriens33> sur ce que j'utilise tout marche impec :3
2014-10-27T10:39:45 <strycore> j'ai eu le cas aussi samedi …
2014-10-27T10:39:53 <strycore> tout est parfait…
2014-10-27T10:40:08 <adriens33> j'ai pas dit tout est parfait
2014-10-27T10:40:12 <strycore> revois ton niveau de tolérance a la baisse alors
2014-10-27T10:40:29 <adriens33> j'ai dit que pour le moment j'ai pas de souci, et j'ai ce que je voulais niveau environnement quoi
2014-10-27T10:41:10 <adriens33> après faut aussi éviter de jouer sur la culpabilité des gens, ça donne pas envie ;)
2014-10-27T10:42:11 <strycore> bah si tu as l'environnement idéal, je vois pas en quoi t'as a culpabiliser
2014-10-27T11:22:19 *** heuzef1 s'est connecté
2014-10-27T11:24:13 *** heuzef est parti
2014-10-27T11:33:15 <heuzef1> adriens33 ?
2014-10-27T11:35:21 <adriens33> oui ?
2014-10-27T11:35:50 <heuzef1> Lenile semble avoir des soucis de co sur IRC
2014-10-27T11:36:53 <heuzef1> Il semble avoir des soucis tous court d'ailleur
2014-10-27T11:37:03 <adriens33> oui, c'est normal.
2014-10-27T11:39:29 <heuzef1> Apparement y'a conflit entre toi, bertrand et lui
2014-10-27T11:40:31 <heuzef1> Va falloir que vous régliez ça enssemble
2014-10-27T11:40:32 <adriens33> non, y'a pas conflit. y'a eu souci hier soir,  j'ai essayé de lui demander de se calmer, bertrand l'a mute sur son client irc pour couper court à la dispute, et lui continuait
2014-10-27T11:40:41 <adriens33> et il m'a même menacé en pv.
2014-10-27T11:40:46 <adriens33> je l'ai prévenu deux fois
2014-10-27T11:40:49 <adriens33> kick deux fois
2014-10-27T11:40:57 <adriens33> la troisième c'est ban 24h.
2014-10-27T11:41:06 <heuzef1> Encore utilisation des commandes IRC ?
2014-10-27T11:41:10 <adriens33> donc s'il peut pas se co avant demain c'est normal.
2014-10-27T11:42:06 <adriens33> et ? /kick et /ban c'est pas fait pour les chiens, s'il y a des gens qui foutent la merde je peux pas laisser faire moi.
2014-10-27T11:42:17 <adriens33> j'ai prévenu trois fois putain ><
2014-10-27T11:42:54 <heuzef1> Les commandes IRC ne sont fait que pour regler des besoins ou problème technique
2014-10-27T11:42:59 <adriens33> non.
2014-10-27T11:43:04 <heuzef1> Ils n'interviennent jamais pour du social
2014-10-27T11:43:08 <adriens33> kick & ban c'est pour modérer en cas de problème.
2014-10-27T11:43:18 <adriens33> il y a eu problème, j'ai coupé court au problème c'est tout.
2014-10-27T11:44:03 <heuzef1> Je suis pas d'accord, il va falloir régler définitivement ce problème de commande IRC.
2014-10-27T11:44:56 <heuzef> Qui d'autre à part toi et moi à accès au commande ?
2014-10-27T11:45:34 <adriens33> bon.
2014-10-27T11:45:37 <adriens33> tu me saoules.
2014-10-27T11:45:46 <Berry-Punch> Flags de *hic* Lenile modifiés : +v
2014-10-27T11:45:46 <adriens33> !flag mod +v Lenile
2014-10-27T11:45:54 <Berry-Punch> Flags de adriens33 modifiés : +o *hic* 
2014-10-27T11:45:54 <adriens33> !op adriens33
2014-10-27T11:47:33 <heuzef> Je te saoules peut-être mais c'est un problème récurent, j'ouvre un ticket pour revoir la gestion du tchat IRC et je reviens vers toi dès que possible pour faire le point
2014-10-27T11:47:41 <adriens33> ...
2014-10-27T11:48:12 <adriens33> tu connais le principe de modération ?
2014-10-27T11:48:18 <adriens33> calmer les conflits ?
2014-10-27T11:48:20 <adriens33> non ?
2014-10-27T11:50:00 <adriens33> alors ut sais quoi ? ça te plait pas tu vois ça avec leta.
2014-10-27T11:50:04 <adriens33> moi je jette l'éponge.
2014-10-27T11:50:05 *** adriens33 est parti
2014-10-27T11:51:53 <Berry-Punch> Voilà ce qu'il *hic* s'est passé ces 10 dernières lignes, adriens33
2014-10-27T11:51:54 *** adriens33 s'est connecté
2014-10-27T11:51:56 <Berry-Punch> Flags *hic* de adriens33 modifiés : +o
2014-10-27T11:51:56 <adriens33> !op adriens33
2014-10-27T11:52:15 *** adriens33 est parti
2014-10-27T11:52:35 *** heuzef est parti
2014-10-27T11:59:02 <Berry-Punch> Voilà ce qu'il s'est passé ces 10 dernières lignes, adriens33 *hic* 
2014-10-27T11:59:03 *** adriens33 s'est connecté
2014-10-27T11:59:04 <Berry-Punch> Flags de adriens33 modifiés *hic* : +o
2014-10-27T11:59:04 <adriens33> !op adriens33
2014-10-27T12:00:35 <Berry-Punch> Lenile a le(s) *hic* flag(s) : +v
2014-10-27T12:01:19 *** Lenile s'est connecté
2014-10-27T12:01:22 *** adriens33 est parti
2014-10-27T12:01:30 <Lenile> Merci adri
2014-10-27T12:01:36 <Lenile> Bah il est partit '3'
2014-10-27T12:01:42 <Lenile> Couuuuucouuuuuu
2014-10-27T12:42:34 <Berry-Punch> Salut tout le monde *hic* !
2014-10-27T12:42:34 *** Berry-Punch s'est connecté
2014-10-27T12:54:28 <Jinxypie> Bon va falloir que flo piges que le monde n'est pas le pays bisounours, et que la nocuité de certain membres du collectif est avérée...
2014-10-27T12:57:17 <Jinxypie> lut TrappyTickles
2014-10-27T13:05:03 <TrappyTickles> oi Jinxypie  ^^
2014-10-27T13:30:47 *** Ambrocidus s'est connecté
2014-10-27T13:32:25 *** Ambrocidus est parti
2014-10-27T13:33:59 *** Gordfang est parti
2014-10-27T13:40:58 *** Gordfang s'est connecté
2014-10-27T14:27:44 *** Ikledoreboline s'est connecté
2014-10-27T14:27:46 <Ikledoreboline> Salut les poneys.
2014-10-27T15:31:07 *** heuzef s'est connecté
2014-10-27T15:43:02 *** Ikledoreboline est parti
2014-10-27T15:43:17 *** Gordfang est parti
2014-10-27T15:44:18 *** Gordfang s'est connecté
2014-10-27T15:45:18 *** Gordfang est parti
2014-10-27T15:56:02 *** heuzef1 s'est connecté
2014-10-27T15:57:45 *** heuzef est parti
2014-10-27T16:10:53 *** heuzef est parti
2014-10-27T16:11:43 *** heuzef s'est connecté
2014-10-27T16:18:29 *** heuzef1 s'est connecté
2014-10-27T16:20:34 *** heuzef est parti
2014-10-27T16:39:14 *** heuzef s'est connecté
2014-10-27T16:40:58 *** heuzef1 est parti
2014-10-27T16:47:54 *** Lenile s'est connecté
2014-10-27T16:48:16 <Lenile> heuzef qui farm la deco reco xD
2014-10-27T16:50:41 <Berry-Punch> Je suis désolé *hic* Lenile, mais je n'ai pas le droit de te laisser faire ça.
2014-10-27T17:00:14 <heuzef> Mais non mis non
2014-10-27T17:00:26 <heuzef> Juste reconnexion intempestive en VPN
2014-10-27T17:00:30 <heuzef> Pour le boulot
2014-10-27T17:07:27 *** heuzef1 s'est connecté
2014-10-27T17:10:53 *** heuzef est parti
2014-10-27T18:08:08 *** Lenile est parti
2014-10-27T18:59:13 *** Ambrocidus s'est connecté
2014-10-27T19:10:52 *** Bybeez s'est connecté
2014-10-27T19:11:00 <Bybeez> salut
2014-10-27T19:16:48 <heuzef> yo
2014-10-27T19:17:04 <heuzef> t'avance bien sur ma ptite demande Bybeez =) ?
2014-10-27T19:17:55 <Bybeez> Non, absolument pas. C'est a dire que niveau aide des nouveau la plus grosse partie c'est l'integration et on peut pas automatiser ça
2014-10-27T19:18:06 <heuzef> ?
2014-10-27T19:18:15 <Bybeez> sinon, je vois rien qui poserait vraiment souci a un nouveau
2014-10-27T19:18:36 <heuzef> Je comprend pas
2014-10-27T19:18:39 <heuzef> Explique moi stp
2014-10-27T19:18:44 *** Makhai s'est connecté
2014-10-27T19:19:17 <Bybeez> Yo
2014-10-27T19:19:33 <Makhai> yop
2014-10-27T19:19:48 <Bybeez> Bah un nouveau, je vois pas ce qu'on aurait a lui expliquer pour l'aider a s’intégrer, car on a que des trucs plutôt simple, donc voila
2014-10-27T19:20:08 <Makhai> ?
2014-10-27T19:20:18 <Bybeez> Discussion avec Heuzef ^^
2014-10-27T19:20:52 <heuzef> Ba justement, c'est la question qu'il faut resoudre
2014-10-27T19:20:52 <Makhai> ha ok
2014-10-27T19:21:03 <Bybeez> Oui bah, j'y arrive pas
2014-10-27T19:21:05 <heuzef> Pourquoi les nouveau sont largué
2014-10-27T19:21:08 <heuzef> Ok
2014-10-27T19:21:27 <heuzef> Dans ce cas il faut trouver quelqu'un qui accepte de ce pencher sur la question
2014-10-27T19:21:41 <Bybeez> Bah le problême c'est de s'integrer a la communauté, mais ça on peut pas l'automatiser
2014-10-27T19:22:09 <heuzef> L'automatiser ?
2014-10-27T19:23:34 <Bybeez> Bah ton objectif est bien d'automatiser l'accueil et l'accompagnement des nouveau ? (je cite :"Accueil et accompagnement complet d'un nouvel inscrit dans le collectif de manière optimal et automatique ")
2014-10-27T19:24:19 <Bybeez> Il peut y avoir un peu de lexique qui peux manquer a un nouveau (genre meet-up (j'en vois pas vraiment d'autre mais meet-up revient souvent))
2014-10-27T19:25:52 <heuzef> On va redéfinir le besoin dans ce cas, c'es vrais que automatiser c'est bourrin
2014-10-27T19:26:02 <Bybeez> Bah ouais
2014-10-27T19:26:19 <heuzef> Accueil et accompagnement complet d'un nouvel inscrit dans le collectif
2014-10-27T19:26:25 <heuzef> ça c'est le besoin
2014-10-27T19:26:34 <heuzef> Il faut le détailler maintenant
2014-10-27T19:27:01 <Bybeez> Là c'est un peu plus simple, je vais y réfléchir avec en tête que c'est pas pour automatiser
2014-10-27T19:27:18 <heuzef> - Accueil = Entre 0 et 60 secondes après l'inscription sur le formulaire du site
2014-10-27T19:27:32 <Bybeez> A ouais
2014-10-27T19:27:50 <heuzef> - Accompagnement = Entre 1 minutes et 1 semaine après l'accueil
2014-10-27T19:28:07 <Bybeez> Important ! Expiquer que quasiment tout passe par mail !
2014-10-27T19:28:17 <heuzef> Stop
2014-10-27T19:28:24 <heuzef> Tu pense solution encore
2014-10-27T19:28:33 <heuzef> ça c'est pas ton problème
2014-10-27T19:28:41 <Bybeez> Je pense aux gens qui ratent des infos qui passent par mail
2014-10-27T19:28:49 <Bybeez> ça arrive souvent
2014-10-27T19:28:55 <heuzef> Je veux savoir de quoi on à besoin, la soluton on verra après, si c'est mail, ou autre truc alakon
2014-10-27T19:29:08 <heuzef> on s'en fou pour le momen
2014-10-27T19:29:12 <Bybeez> Bah on a besoin que les gens regardent leurs mails
2014-10-27T19:29:27 <heuzef> Ou pas
2014-10-27T19:29:34 <heuzef> Le formulaire d'inscription
2014-10-27T19:29:37 <heuzef> si tu regarde bien
2014-10-27T19:29:41 <heuzef> on  d'autre infos
2014-10-27T19:29:43 <Bybeez> Organise un ME sans mail
2014-10-27T19:29:44 <heuzef> tel aussi
2014-10-27T19:30:14 <Bybeez> Les ME s'organisent tous par mail, l'anniv BC par mail et IRC en majorité
2014-10-27T19:30:32 <Bybeez> ce genre de truc les gens les ratent et ralent
2014-10-27T19:30:38 <Ambrocidus> Bonsoir
2014-10-27T19:30:43 <heuzef> justement, il ne sont pas bien accompagné
2014-10-27T19:30:44 <Bybeez> Salut !
2014-10-27T19:30:51 <heuzef> Tiens justement Ambrocidus tombe bien
2014-10-27T19:30:59 <Ambrocidus> heuzef > privé
2014-10-27T19:31:03 <Bybeez> Ouais bah problême communication
2014-10-27T19:31:04 <heuzef> on discute du projet d'accueil des nouveau
2014-10-27T19:31:06 <Ambrocidus> Je t'ai envoyé un message
2014-10-27T19:31:08 <Ambrocidus> Ah
2014-10-27T19:31:10 <Ambrocidus> J'écoute
2014-10-27T19:31:59 <heuzef> Bybeez essaie de d'analyser le besoin concernant l'accueil des nouveaux
2014-10-27T19:32:04 <heuzef> et c'est franchement pas facile
2014-10-27T19:32:47 <Ambrocidus> > Avoir un accée direct avec les membres (chat)
2014-10-27T19:33:20 <Bybeez> Un nouveau risque d'être trop timite pour aller sur un chat plein de personne qui se connaissent et que lui ne connais pas
2014-10-27T19:34:16 <heuzef> Bon il te faut te mettre dans la peau de quelqu'un qui viens de s'inscrire
2014-10-27T19:34:33 <heuzef> Il à remplis le formulaire, il à eu droit a sa petite vidéo de pinkie qui chante
2014-10-27T19:34:34 <Ambrocidus> Moi je trouve l'idée d'un forum très intuitif.
2014-10-27T19:34:40 <heuzef> c'est cool
2014-10-27T19:34:43 <heuzef> Et après ?
2014-10-27T19:34:47 <heuzef> Je fait quoi ?
2014-10-27T19:34:50 <heuzef> Y'a quelqu'un ?
2014-10-27T19:34:53 <Ambrocidus> D'ailleurs, je vais faire un forum sous un hébergeur gratuit pour voir
2014-10-27T19:35:05 <Ambrocidus> Comme "test" avec Bcat
2014-10-27T19:35:22 <heuzef> Bon ba je recommence à reremplir le formulaire, dans le doute, car j'ai très envie de faire partie du collectif
2014-10-27T19:35:41 <heuzef> resultat j'ai 1 à 5 inscriptions à chaque fois
2014-10-27T19:35:43 <heuzef> véridique
2014-10-27T19:35:45 <Ambrocidus> Peut être avant le formulaire deux trois récapitulatifs?
2014-10-27T19:35:53 <Ambrocidus> - Habiter Bordeaux,
2014-10-27T19:36:09 <Ambrocidus> - Bouger pour activité
2014-10-27T19:36:10 <Bybeez> Ouais, mais si les gens regardent pas leurs mail, bah un mail de confirmation ça ne sert a rien !
2014-10-27T19:36:12 <Ambrocidus> - orga des trucs
2014-10-27T19:36:20 <Ambrocidus> Bah, tu le met
2014-10-27T19:36:25 <Ambrocidus> "Un mail de conf a été envoyé"
2014-10-27T19:36:32 <heuzef> Bon ^^ Je vois qu'on tourne en rond encore une fois
2014-10-27T19:36:40 <Ambrocidus> Bon, je dois aller miamer, je compte finir cette discussion avec vous!
2014-10-27T19:36:41 <heuzef> Parce que vous étalé plein de solution
2014-10-27T19:36:43 <Berry-Punch> Voilà ce qu'il s'est passé ces 10 dernières lignes, adriens33 *hic* 
2014-10-27T19:36:45 *** adriens33 s'est connecté
2014-10-27T19:36:49 <heuzef> Alors qu'on sais même pas le problème a resoudre
2014-10-27T19:37:09 <Bybeez> Bonjour Adriens33
2014-10-27T19:37:15 *** adriens33 est parti
2014-10-27T19:37:35 <Bybeez> Mais si un problême de communication entre la commu et le nouveau
2014-10-27T19:37:53 <Makhai> entré/parti
2014-10-27T19:38:33 <heuzef> Bon alors voila ce que je te propose
2014-10-27T19:39:06 <heuzef> Tu va imaginer un "système" idéal qui resou tous les besoins
2014-10-27T19:39:14 <heuzef> Et chaque resolution sera détaillé
2014-10-27T19:39:26 <Bybeez> Ha non moi je cherche des problême tu m'as dit
2014-10-27T19:39:34 <heuzef> Oui justement
2014-10-27T19:39:36 <heuzef> exemple
2014-10-27T19:40:16 <heuzef> Systeme (solution idéal)
2014-10-27T19:40:16 <heuzef> Fonction 1 = Accueillir les nouveaux
2014-10-27T19:40:16 <heuzef> - détails
2014-10-27T19:40:16 <heuzef> - détails
2014-10-27T19:40:17 <heuzef> - détails
2014-10-27T19:40:34 <heuzef> Fonction 2 = Acompagner les nouveau
2014-10-27T19:40:34 <heuzef> - détails
2014-10-27T19:40:34 <heuzef> - détails
2014-10-27T19:40:34 <heuzef> - détails
2014-10-27T19:40:39 <Bybeez> ouais, la je cherche des solutions j'ai l'impression
2014-10-27T19:40:40 <heuzef> Foncton 3
2014-10-27T19:40:42 <heuzef> etc ...
2014-10-27T19:40:46 <heuzef> Non
2014-10-27T19:41:10 <heuzef> Tu cherche ce que LA solution parfaite qu'on c'est pas c'est quoi va résoudre
2014-10-27T19:41:24 <heuzef> En faite tu liste ce que ça va resoudre
2014-10-27T19:41:34 <Bybeez> Ha !!!! Ok
2014-10-27T19:41:37 <heuzef> Capich capich ? =)
2014-10-27T19:41:47 <Bybeez> eeyup
2014-10-27T19:41:53 <heuzef> Ha ! On avance enfin ^^
2014-10-27T19:42:04 <heuzef> https://lite4.framapad.org/p/k3N9wl3wG9
2014-10-27T19:42:09 <Bybeez> j'ai pas dit que j'allais y arrover
2014-10-27T19:42:24 <Bybeez> arriver*
2014-10-27T19:42:25 <heuzef> Je m'en fou que tu y arrive, ce que je veux c'est que ça avance
2014-10-27T19:42:28 <heuzef> ;)
2014-10-27T19:42:39 <heuzef> T'es pas tous seul sur le coup, oublie pas
2014-10-27T19:43:20 <heuzef> Ce que je te demande c'est compliquer, ça s'appel dans le jargon une "analyse fonctionnelle pluridisciplinaire en vu d'une conception d'un cahier des charge fonctionnel"
2014-10-27T19:43:44 <heuzef> Une fois qu'on va avoir tous ce merdier, il ne nous restera plus qu'à créer et déployer une solution
2014-10-27T19:43:49 <Bybeez> C'est pas faux
2014-10-27T19:43:50 <heuzef> Cette partie est beaucoup plus simple
2014-10-27T19:44:15 <heuzef> Mais la partie à faire, celle que je te demande, et difficile et longue
2014-10-27T19:44:23 <heuzef> Et ça demande de l'energie
2014-10-27T19:44:56 <Bybeez> Ouais, je vais voir ce que je peux faire
2014-10-27T19:45:19 <heuzef> Je me doute que tu va pas rendre un travail de dingue niveau Bac+4 en gestion de projet
2014-10-27T19:45:35 <Bybeez> Ahhh ouais ! Tu crois ça !
2014-10-27T19:45:42 <Bybeez> Tu as certainement raison
2014-10-27T19:46:02 <heuzef> Mais comprend bien, qu'un projet qui n'avance pas c'est la pire des choses, il fau que ça avance, même doucement
2014-10-27T19:46:28 <Bybeez> Oui bah je vais faire ce que je peux, compte sur moi !
2014-10-27T19:46:43 <heuzef> Je sais ;) Maintenant que c'est claire dans ta tête
2014-10-27T19:47:01 <heuzef> Par contre je t'en *supplie* fait moi plaisir et donne moi des nouvelles
2014-10-27T19:47:08 <heuzef> Même si c'est pour me dire de la merde
2014-10-27T19:47:08 <Bybeez> Okay
2014-10-27T19:47:11 <heuzef> donne m'en
2014-10-27T19:47:19 <heuzef> ;)
2014-10-27T19:47:57 <heuzef> Bon aller je file à l'Aïkido, histoire de me vider un peu la tête
2014-10-27T19:47:59 <heuzef> +++
2014-10-27T19:48:15 <Bybeez> +++
2014-10-27T19:48:45 <Makhai> ++
2014-10-27T19:48:52 *** heuzef est parti
2014-10-27T19:51:24 *** Lenile s'est connecté
2014-10-27T19:51:29 <Lenile> Saloute !
2014-10-27T19:51:39 <Bybeez> Hey Raphael !
2014-10-27T19:52:13 <Lenile> u.u
2014-10-27T19:52:16 <Bybeez> XD
2014-10-27T19:52:21 <Lenile> T'veux des baffes toi è.é
2014-10-27T19:52:23 <Bybeez> J'aime bien faire chier
2014-10-27T19:52:25 <Lenile> Salo !
2014-10-27T19:52:35 <Bybeez> Je suis très propre
2014-10-27T19:52:39 <Lenile> Comment u va p'tit roux ?
2014-10-27T19:52:55 <Bybeez> Je vais bien et toi ?
2014-10-27T19:53:01 <Bybeez> (je suis pas petit)
2014-10-27T19:53:22 <Lenile> (Mais tes roux)
2014-10-27T19:53:26 <Lenile> Moi ça va
2014-10-27T19:53:41 <Lenile> Wesh ma Caille (Makhai)
2014-10-27T19:53:43 <Lenile> Fuis*
2014-10-27T19:53:55 <Makhai> Greuuuuuuuuuuuuuuuh
2014-10-27T19:53:58 <Lenile> xD
2014-10-27T19:54:06 * Makhai grogne
2014-10-27T19:54:20 <Lenile> Salut TrappyTickles, bienvenu Ambrocidus et salut strycore
2014-10-27T19:54:37 <Lenile> Les mecs ça vous dit de boire un coup ?
2014-10-27T19:54:44 <Lenile> Genre quand je reviens à Bordeaux
2014-10-27T19:54:55 <Makhai> Suis à Lacanau :/
2014-10-27T19:55:02 <Lenile> J'suis en Alsace ~
2014-10-27T19:55:11 <Lenile> Chacuns sa distance 8D
2014-10-27T19:55:18 <Makhai> ha ouais x)
2014-10-27T19:55:26 <Lenile> Je rentre le 29 x)
2014-10-27T19:55:37 <Lenile> Bybeez:
2014-10-27T19:55:45 <Lenile> Bybeez toi qui connais la vie de tout le monde
2014-10-27T19:55:50 <Bybeez> Oui ?
2014-10-27T19:55:54 <Lenile> S'quoi le prénom de Makhai ? 8D
2014-10-27T19:56:01 <Makhai> haha !
2014-10-27T19:56:04 <Bybeez> Clement Cailleu
2014-10-27T19:56:08 <Bybeez> Caillau*
2014-10-27T19:56:08 <Lenile> xD
2014-10-27T19:56:12 <Makhai> perdu u_u
2014-10-27T19:56:18 <Lenile> HAHAHAHa
2014-10-27T19:56:19 <Makhai> gagné >_<
2014-10-27T19:56:25 <Makhai> perdu nan !
2014-10-27T19:56:29 <Bybeez> Le I est bien avant les deux LL
2014-10-27T19:56:37 <Makhai> APRES
2014-10-27T19:56:39 <Bybeez> C'est important !
2014-10-27T19:56:44 <Lenile> xD
2014-10-27T19:56:54 <Lenile> xDBref
2014-10-27T19:56:56 <Bybeez> AVANT
2014-10-27T19:56:57 <Lenile> Boire u ncoup
2014-10-27T19:56:58 <Lenile> Personne ?
2014-10-27T19:56:59 <Makhai> APRES
2014-10-27T19:57:09 <Bybeez> Je suis pauvre
2014-10-27T19:57:09 <Makhai> ça dépend de quand je suis sur bx
2014-10-27T19:57:19 <Makhai> et de mes économies :/
2014-10-27T19:57:19 <Lenile> Par contre le premier qui me ramene un gosse de moin de 13 ans ça part à la beine
2014-10-27T19:57:41 <Lenile> S'coute combien Lacanau Bordeaux ?
2014-10-27T19:58:04 <Makhai> c'pas le soucis, j'ai la carte de bus illimitée
2014-10-27T19:58:11 <Lenile> Beh voila ~
2014-10-27T19:58:21 <Makhai> mais j'ai pas mal de trucs prévus x)
2014-10-27T19:58:21 <Lenile> boireu n coup ça coute pas si chère xD
2014-10-27T19:58:31 <Lenile> Genre i lfait le mec trop coter
2014-10-27T19:58:32 <Makhai> 29 c'est mercredi ou jeudi?
2014-10-27T19:58:44 <Lenile> Nan mais je rentre le 29 à 00h00 xD
2014-10-27T19:58:56 <Bybeez> Le 30 c'est jeudi
2014-10-27T19:59:01 <Lenile> Le 30 je vais boire un coup avec Elo' une amie de l'Animasia
2014-10-27T19:59:13 <Makhai> mercredi soir c'est soirée mecs en famille
2014-10-27T19:59:24 <Makhai> jeudi c'est soirée dev x)
2014-10-27T19:59:32 <Lenile> Vendredi ?
2014-10-27T19:59:39 <Lenile> Nan mais on fait ça en journée /_/
2014-10-27T19:59:41 <Lenile> Pas ne soirée
2014-10-27T19:59:43 <Makhai> Soirées d'halloween
2014-10-27T19:59:52 <Lenile> Genre tu fait Halloween ?
2014-10-27T20:00:02 <Lenile> Fête useless tu peut même pas  choper de bons items
2014-10-27T20:00:15 <Makhai> nan, c'est juste une excuse pour des soirée blindées de filles xD
2014-10-27T20:00:29 <Lenile> Tu m'invite ? '3'
2014-10-27T20:00:34 <Makhai> C'est juste pour le coté rp u_u
2014-10-27T20:01:01 <Lenile> T'a vraiment une soirée blindé de fille ? '3'
2014-10-27T20:01:16 <Makhai> presque
2014-10-27T20:01:23 <Makhai> Chuis invité a deux soirées
2014-10-27T20:01:31 <Lenile> En fait les filles c'est des gros métaleux cosplayer xD
2014-10-27T20:01:37 <Makhai> xD
2014-10-27T20:01:42 <Lenile> xDDD
2014-10-27T20:01:50 <Makhai> la nan, garanti :s
2014-10-27T20:01:57 <Lenile> Le mec se fait inviter quoi !
2014-10-27T20:02:08 <Lenile> Bybeez on se fait notre soirée d'halloween devant Cs:Go ?
2014-10-27T20:02:14 <Makhai> j'ai des amiEs ^^
2014-10-27T20:02:26 <Bybeez> Je l'ai pas, et je vais essayer de m'incruster dans la soirée d'une amie
2014-10-27T20:02:40 <Lenile> Bybeez j'te le prete '3'
2014-10-27T20:02:45 <Lenile> J'ai 2 comptes Cs:Go '3'
2014-10-27T20:02:45 <Bybeez> XD
2014-10-27T20:02:53 <Makhai> Au fait, les anciennes versions de cs sont gratuites ou payantes encore?
2014-10-27T20:03:00 <Makhai> sur steam
2014-10-27T20:03:07 <Bybeez> Si j'ai rien de prévu ok on se fait ça
2014-10-27T20:03:31 <Lenile> Payante
2014-10-27T20:03:32 <Makhai> Go miam
2014-10-27T20:03:40 <Lenile> bonap
2014-10-27T20:03:46 <Lenile> J'vient de bouffé raclette moi
2014-10-27T20:03:54 <Bybeez> bon appétit
2014-10-27T20:03:57 <Bybeez> Salaud !
2014-10-27T20:04:09 <Makhai> (je l'ai trouvé en gratuit sur steam :D )
2014-10-27T20:04:15 <Lenile> NOUVELLE VIDEO DE FLUFFLE PUFFF !!!!!!
2014-10-27T20:04:43 <Bybeez> lien !
2014-10-27T20:07:53 <Ambrocidus> Re
2014-10-27T20:07:55 <Lenile> Elle est trop classe '3'
2014-10-27T20:08:10 <Lenile> C'est quoi Ambrocidus ? '3'
2014-10-27T20:08:18 <Ambrocidus> ?
2014-10-27T20:08:31 <Ambrocidus> De quoi, c'est quoi ? xD
2014-10-27T20:08:43 <Ambrocidus> Qui*?
2014-10-27T20:08:51 <Lenile> Toi !
2014-10-27T20:09:14 <Ambrocidus> Il va falloir un peux s'exprimer, tu me demande qui je suis ^^'
2014-10-27T20:09:52 <Lenile> Indubitablement
2014-10-27T20:10:26 <Ambrocidus> Ambrocidus (Jérémy Yannick P.) fondateur BronyCAT.org ^^
2014-10-27T20:11:06 <Lenile> Haaaaaaaa
2014-10-27T20:11:16 <Lenile> S'toi qui détien Ponyfox en otage o/
2014-10-27T20:11:24 <Ambrocidus> Sur ceux, je vous laisses, arciciao
2014-10-27T20:11:30 <Ambrocidus> Effectivement x')
2014-10-27T20:11:37 * Ambrocidus s'absente.
2014-10-27T20:11:39 <Lenile> Tu lui dira salut$
2014-10-27T20:11:45 <Ambrocidus> Vu
2014-10-27T20:12:16 <Bybeez> Je go miam
2014-10-27T20:12:17 <Berry-Punch> Bon *hic* appétit, Bybeez :D
2014-10-27T20:14:42 <Makhai> re
2014-10-27T20:33:43 *** Makhai est parti
2014-10-27T20:51:29 <Bybeez> Re !
2014-10-27T20:52:57 <Lenile> Re !
2014-10-27T21:25:38 <Ambrocidus> Re*
2014-10-27T21:25:41 <Ambrocidus> re*
2014-10-27T21:25:48 <Ambrocidus> >.>
2014-10-27T21:45:08 *** Ambrocidus est parti
2014-10-27T22:11:09 <Lenile> RE !
2014-10-27T22:20:22 <TrappyTickles> re aussi, oi Lenile
2014-10-27T22:30:15 <Lenile> Ha ben tes enfin la TrappyTickles x)
2014-10-27T22:30:19 <Lenile> Comment va ?
2014-10-27T22:31:11 <Lenile> Tes aller voir quoi ?
2014-10-27T22:31:51 <Lenile> Cool n.N
2014-10-27T22:31:59 <Lenile> Bon j'te laisse je vais look mes vidéos en retards
2014-10-27T22:32:01 <Lenile> Bisous !
2014-10-27T22:32:04 <Lenile> <3 <3 <3
2014-10-27T22:32:08 <TrappyTickles> kk
2014-10-27T22:47:18 *** Bybeez est parti
2014-10-27T23:06:17 *** Lenile est parti
2014-10-27T23:48:35 *** TrappyTickles est parti
