2014-12-15T01:14:42 *** ELiDYROS est parti
2014-12-15T02:10:26 *** adriens33 est parti
2014-12-15T02:11:21 *** adriens33 s'est connecté
2014-12-15T09:22:06 *** heuzef s'est connecté
2014-12-15T09:53:12 *** heuzef est parti
2014-12-15T09:53:35 *** heuzef s'est connecté
2014-12-15T09:55:11 *** heuzef est parti
2014-12-15T09:55:29 *** heuzef s'est connecté
2014-12-15T09:56:02 *** heuzef est parti
2014-12-15T09:56:24 *** heuzef s'est connecté
2014-12-15T09:57:21 *** heuzef est parti
2014-12-15T09:58:35 *** heuzef s'est connecté
2014-12-15T10:24:25 *** adriens33 est parti
2014-12-15T10:29:05 *** adriens33 s'est connecté
2014-12-15T10:29:11 *** heuzef est parti
2014-12-15T15:27:08 *** heuzef s'est connecté
2014-12-15T15:34:32 *** heuzef est parti
2014-12-15T15:34:45 *** heuzef s'est connecté
2014-12-15T16:23:03 *** heuzef est parti
2014-12-15T16:24:27 *** heuzef s'est connecté
2014-12-15T16:26:24 *** ELiDYROS s'est connecté
2014-12-15T16:26:38 <ELiDYROS> Salut.
2014-12-15T16:38:27 <heuzef> yop =)
2014-12-15T17:12:07 *** heuzef est parti
2014-12-15T17:12:30 *** heuzef s'est connecté
2014-12-15T18:56:25 *** MaCharon s'est connecté
2014-12-15T18:56:34 <MaCharon> salut
2014-12-15T18:58:14 <ELiDYROS> Yo.
2014-12-15T18:59:30 <MaCharon> hey !
2014-12-15T19:12:27 <heuzef> MaCharon: =)
2014-12-15T19:12:36 <heuzef> Quelque chose à dire concernant le Calice du Dragon ?
2014-12-15T19:12:50 <MaCharon> ben c'est ool ^^
2014-12-15T19:12:54 <MaCharon> cool*
2014-12-15T19:13:56 <heuzef> Mais encore ? ^^
2014-12-15T19:14:10 <heuzef> (point fort vs point faible)
2014-12-15T19:14:25 <MaCharon> ben ça ferait un bon qg
2014-12-15T19:16:26 <MaCharon> pas vu de points faible pour le moment
2014-12-15T19:16:41 <heuzef> ok
2014-12-15T19:16:53 <heuzef> Bon je vais négocier severe maintenant =)
2014-12-15T19:57:23 *** Yvan33 s'est connecté
2014-12-15T19:57:31 <Yvan33> Wait a second
2014-12-15T19:58:02 <Yvan33> Bonsoir au passage, mais le point est
2014-12-15T19:59:01 <Yvan33> TU veux qu'on fasse quoi au QG? Parce que si c'est taper la discu sans rien d'autre tu t'ennuie assez vite en fait.
2014-12-15T20:01:58 <heuzef> Ca en même temps
2014-12-15T20:02:06 <heuzef> C'est à nous de prévoir à chaque fois
2014-12-15T20:03:01 <Yvan33> Et rappelle moi ce qu'on y ferait au qg? j'ai pas saisi la notion
2014-12-15T20:03:28 <ELiDYROS> Bonsoir Yvan33
2014-12-15T20:03:44 <Yvan33> Eli, ça faisait longtemps
2014-12-15T20:04:35 <Yvan33> Comment vas tu depuis le temps?
2014-12-15T20:04:54 <ELiDYROS> Ca va. Et toi ?
2014-12-15T20:05:07 <Yvan33> Les vacances salvatrices arrivent
2014-12-15T20:05:51 <Yvan33> Alors tu geek sur quoi en ce moment?
2014-12-15T20:06:03 <ELiDYROS> Hum ?
2014-12-15T20:07:23 <ELiDYROS> Si tu demandes à quoi je joue, plein de choses sur PC, Guilty Gear Xrd sur PS3 et j'ai chopé un RetroN 5 hier
2014-12-15T20:07:47 <Yvan33> Je vois. Alors je vais manger, si tu es la je reprend la discussion après
2014-12-15T20:07:55 <Yvan33> Merci Berry
2014-12-15T20:08:06 <ELiDYROS> Je n'ai pas prévu de sortir donc oui.
2014-12-15T20:14:14 *** heuzef est parti
2014-12-15T20:25:35 <Yvan33> Re
2014-12-15T20:25:54 <ELiDYROS> Re.
2014-12-15T20:29:15 <Yvan33> Donc les jeux. RetroN c'est quoi?
2014-12-15T20:31:17 <ELiDYROS> Une console.
2014-12-15T20:31:28 <Yvan33> Japonaise?
2014-12-15T20:32:07 <ELiDYROS> Non
2014-12-15T20:32:43 <ELiDYROS> http://hyperkin.com/RetronRetail/
2014-12-15T20:33:05 <Yvan33> Hum hum
2014-12-15T20:33:11 <Yvan33> Et tu joue a quoi la dessus?
2014-12-15T20:33:13 <ELiDYROS> Ca fait énormément de bruits chez les amateurs de rétro
2014-12-15T20:33:19 <Yvan33> Ah?
2014-12-15T20:33:24 <Yvan33> Explique
2014-12-15T20:33:31 <ELiDYROS> Bah lis les specs lol
2014-12-15T20:33:57 <ELiDYROS> On peut plus jouer à ses vielles consoles dans des conditions optimales aujourd'hui
2014-12-15T20:34:03 <ELiDYROS> Ca c'est la solution ultime.
2014-12-15T20:35:05 <Yvan33> Ah, c'est la console tout en 1 + HD
2014-12-15T20:35:31 <ELiDYROS> Donc là je me fais mes rpgs Super Famicom que j'ai importé y a longtemps
2014-12-15T20:35:41 <ELiDYROS> Avec les patchs anglais à la volée
2014-12-15T20:36:28 <Yvan33> Ca traduit aussi?
2014-12-15T20:36:49 <ELiDYROS> Tu télécharges les patchs ou les mods et tu les mets sur la SD
2014-12-15T20:36:58 <ELiDYROS> Ensuite il suffit juste de les lancer avec.
2014-12-15T20:38:23 <Yvan33> Ah ok même les emmulateurs
2014-12-15T20:38:38 <Yvan33> Tu m'etonne ça fait le buzz
2014-12-15T20:38:54 <ELiDYROS> La grosse différence c'est que ça surpasse de loin les émulateurs
2014-12-15T20:39:01 <ELiDYROS> En terme de fidélités
2014-12-15T20:39:11 <ELiDYROS> Et surtout ça reste dans la légalités.
2014-12-15T20:39:43 <Yvan33> Elle coute combien la machine?
2014-12-15T20:39:53 <ELiDYROS> 159
2014-12-15T20:41:43 <Yvan33> Ca défonce le prix de la plupart des consoles retro ça non?
2014-12-15T20:41:56 *** MaCharon est parti
2014-12-15T20:42:31 <ELiDYROS> C'est surtout qu'en terme de qualité ça enterre le reste, et que ça revient moins cher que d'acheter tous les supports, des les modifier pour les dézonner et un upscaler HD
2014-12-15T20:43:31 <Yvan33> Tu m'etonne. L'entreprise qui a fait ça doit rouler sur des lingots là
2014-12-15T20:44:42 *** MaCharon s'est connecté
2014-12-15T20:44:50 <ELiDYROS> Donc là j'ai commencé Bahamut Lagoo, après je ferai sûrement Star Ocean puis Romancing SaGa 2
2014-12-15T20:44:57 *** flutterbrony s'est connecté
2014-12-15T20:45:17 <ELiDYROS> Et je me refais certains vieux jeux genre Castlevania ou Sonic
2014-12-15T20:46:56 <flutterbrony> Bonsoir tout le monde
2014-12-15T20:47:01 <Yvan33> Pendant les grandes vacance je devrais envisager de venir chez toi pour geeker si t'ccepte
2014-12-15T20:47:04 <ELiDYROS> Bonsoir.
2014-12-15T20:47:08 <Yvan33> Salut
2014-12-15T20:47:27 <ELiDYROS> Bah je vais surement faire une session Smash Bros. / Retro / jeux multi PC
2014-12-15T20:47:37 <ELiDYROS> Je n'ai pas encore décidé de quand.
2014-12-15T20:51:09 *** MaCharon est parti
2014-12-15T20:52:28 <Yvan33> Ha, j'ai le nouveau a noel
2014-12-15T20:54:31 <ELiDYROS> Le nouveau ?
2014-12-15T20:57:12 *** flutterbrony est parti
2014-12-15T20:57:43 *** Yvan33 est parti
2014-12-15T21:00:48 *** Yvan33 s'est connecté
2014-12-15T21:02:51 *** Yvan33 est parti
2014-12-15T21:03:16 <ELiDYROS> Hum ça n'a pas l'air très stable ce client Kiwii
