2014-12-16T00:21:29 *** adriens33 est parti
2014-12-16T01:25:03 *** ELiDYROS est parti
2014-12-16T08:52:30 *** Gordfang s'est connecté
2014-12-16T10:59:23 *** heuzef s'est connecté
2014-12-16T11:02:46 <Gordfang> yo heuzef
2014-12-16T11:05:32 <heuzef> Yo Gordfang =)
2014-12-16T11:05:42 <heuzef> Je suis en train de rediger une réponse à l'amis Gabriel
2014-12-16T11:05:49 <heuzef> Je pense que je vais essayer d'y aller ce soir
2014-12-16T11:05:51 <Gordfang> il as répondu?
2014-12-16T11:05:57 <heuzef> t'es chaud our m’accompagner ?
2014-12-16T11:06:08 <heuzef> (oui, cf ticket)
2014-12-16T11:06:43 <Gordfang> ce sera quand?
2014-12-16T11:06:50 <Gordfang> ah bas ce soir XD
2014-12-16T11:06:55 <Gordfang> je sait pas trop
2014-12-16T11:08:26 <Gordfang> je suis censée manger avec ma mère mais si c'est pas trop long ni trop tard cela devrai aller
2014-12-16T11:09:34 <heuzef> Ha voir oui
2014-12-16T11:10:07 <heuzef> Je vais envoyé la réponse dans la journée et on espère qu'il accepte pour ce soir
2014-12-16T11:10:10 <heuzef> même si normalement oui
2014-12-16T11:10:24 <Gordfang> k
2014-12-16T11:23:09 <Gordfang> j'ai mis sur ticket quelque exemple de mail que je pourrai envoyer
2014-12-16T11:35:50 <heuzef> dac
2014-12-16T12:07:51 *** heuzef est parti
2014-12-16T12:29:58 *** Gordfang est parti
2014-12-16T12:35:49 *** adriens33 s'est connecté
2014-12-16T12:45:36 *** heuzef s'est connecté
2014-12-16T12:45:47 *** heuzef est parti
2014-12-16T12:45:59 *** heuzef s'est connecté
2014-12-16T13:36:54 *** heuzef est parti
2014-12-16T13:37:08 *** heuzef s'est connecté
2014-12-16T14:03:14 *** TrappyTickles s'est connecté
2014-12-16T14:38:01 *** heuzef1 s'est connecté
2014-12-16T14:40:39 *** heuzef est parti
2014-12-16T14:58:48 *** gordfang s'est connecté
2014-12-16T14:58:52 <gordfang> re les gens
2014-12-16T14:59:02 <gordfang> oh mon dieux! je suis vert!
2014-12-16T14:59:20 <Gordfang> et la?
2014-12-16T14:59:22 <Gordfang> ah non ouf
2014-12-16T15:06:28 <heuzef1> ^^
2014-12-16T15:06:35 <heuzef> (afk)
2014-12-16T15:36:12 *** ELiDYROS s'est connecté
2014-12-16T15:36:30 <ELiDYROS> Salut.
2014-12-16T15:38:41 *** Gordfang est parti
2014-12-16T15:43:53 <heuzef> yop
2014-12-16T15:44:02 <heuzef> Comment va ELiDYROS ? =)
2014-12-16T15:48:18 <ELiDYROS> Ca va et toi?
2014-12-16T16:19:54 <heuzef> Plutot, à part une Angine carabiné ça va
2014-12-16T16:20:03 <heuzef> Dis moi
2014-12-16T16:20:58 <heuzef> Si on te fournis un lieu, bouffe, boisson, tous le bazard. Tu serais motiv pour organiser des pure session de JV ? Tournois ?
2014-12-16T16:21:18 <heuzef> Un peu a la manière de SWGA
2014-12-16T17:07:41 *** Gordfang s'est connecté
2014-12-16T17:07:41 <Gordfang> https://i.chzbgr.com/maxW500/8402666752/hC676DCFE/
2014-12-16T17:08:03 <Gordfang> https://i.chzbgr.com/maxW500/8402666752/hC676DCFE/
2014-12-16T17:08:06 <Gordfang> :p
2014-12-16T17:10:33 <ELiDYROS> A voir, faudra en reparler
2014-12-16T17:11:28 <Gordfang> ?
2014-12-16T17:14:06 *** Gordfang est parti
2014-12-16T17:24:42 <ELiDYROS> Je change d'ordi à tout'
2014-12-16T17:24:52 *** ELiDYROS est parti
2014-12-16T17:30:58 *** ELiDYROS s'est connecté
2014-12-16T17:31:05 <ELiDYROS> re
2014-12-16T17:31:19 <ELiDYROS> Pour les curieux je stream du Elite Dangerous là
2014-12-16T18:56:23 *** heuzef est parti
2014-12-16T18:58:05 *** adriens33 est parti
2014-12-16T19:00:26 *** ELiDYROS est parti
2014-12-16T19:35:26 *** adriens33 s'est connecté
2014-12-16T20:23:35 *** ELiDYROS s'est connecté
2014-12-16T20:27:09 <ELiDYROS> Re.
2014-12-16T20:27:22 <adriens33> hello
2014-12-16T22:03:38 *** ELiDYROS est parti
2014-12-16T23:46:15 *** adriens331 s'est connecté
2014-12-16T23:46:24 *** Guest40796 est parti
2014-12-16T23:57:52 *** adriens33 est parti
