2014-11-19T00:16:09 *** TrappyTickles est parti
2014-11-19T01:39:56 *** MaCharon est parti
2014-11-19T01:41:54 *** MaCharon s'est connecté
2014-11-19T02:04:50 *** MaCharon est parti
2014-11-19T08:52:06 *** heuzef s'est connecté
2014-11-19T08:57:16 *** Gordfang s'est connecté
2014-11-19T08:57:19 <Gordfang> yo
2014-11-19T08:58:50 <heuzef> yo =)
2014-11-19T09:30:16 <Gordfang> y a des nouveau ticket?
2014-11-19T09:32:53 *** Gordfang est parti
2014-11-19T10:22:29 *** TrappyTickles s'est connecté
2014-11-19T11:44:52 *** heuzef est parti
2014-11-19T13:25:58 *** heuzef s'est connecté
2014-11-19T15:59:10 *** MaCharon s'est connecté
2014-11-19T15:59:16 <MaCharon> salut
2014-11-19T16:01:25 <heuzef> yo =)
2014-11-19T19:05:59 *** heuzef est parti
2014-11-19T20:41:23 *** Yvan33 s'est connecté
2014-11-19T20:52:41 *** Yvan33 est parti
2014-11-19T21:00:12 *** Yvan33 s'est connecté
2014-11-19T21:42:36 *** Bybeez s'est connecté
2014-11-19T21:43:25 <Bybeez> Yo les gens !
2014-11-19T21:43:39 <MaCharon> salut
2014-11-19T21:43:52 <Bybeez> Comment ça va ?
2014-11-19T21:44:17 <MaCharon> bah comme d'hab ^^
2014-11-19T21:44:35 <Bybeez> Tranquille quoi ^^
2014-11-19T22:22:11 <Bybeez> Je vais y aller, mais je tiens a vous dire qu'on a trouver des molécules organiques sur une comète et c'est cool !
2014-11-19T22:22:17 <Bybeez> Bonne nuit les gens
2014-11-19T22:22:21 *** Bybeez est parti
2014-11-19T22:22:28 <MaCharon> ^^
