2014-10-15T01:32:22 *** adriens33 est parti
2014-10-15T07:26:00 *** Lenile s'est connecté
2014-10-15T07:27:02 *** Lenile est parti
2014-10-15T07:42:41 <Berry-Punch> Voilà ce qu'il s'est passé *hic* ces 10 dernières lignes, adriens33
2014-10-15T07:42:42 *** adriens33 s'est connecté
2014-10-15T07:47:39 *** adriens33 est parti
2014-10-15T07:50:45 <Berry-Punch> Voilà ce qu'il s'est passé ces 10 dernières *hic* lignes, adriens33
2014-10-15T07:50:46 *** adriens33 s'est connecté
2014-10-15T08:16:21 *** Reblochon s'est connecté
2014-10-15T08:25:53 *** Reblochon est parti
2014-10-15T08:50:25 *** Gordfang s'est connecté
2014-10-15T08:52:38 <Gordfang> lut adrien33
2014-10-15T08:52:46 <adriens33> salut :)
2014-10-15T08:52:59 <adriens33> comment va ?
2014-10-15T08:53:11 <Gordfang> bien et toi?
2014-10-15T08:53:25 <adriens33> ça va ^^ j'ai presque plus la creve
2014-10-15T08:55:02 <Gordfang> gg!
2014-10-15T08:55:30 <adriens33> (de toute manière pour éviter d'avoir la crève y'a pas mieux que rester au chaud chez soi peinard devant son pc :3
2014-10-15T08:55:31 <adriens33> )
2014-10-15T08:58:10 *** flutterbrony s'est connecté
2014-10-15T08:58:20 <Gordfang> yo flutter
2014-10-15T08:58:24 <adriens33> salut flutterbrony
2014-10-15T08:58:29 <flutterbrony> Salut
2014-10-15T08:59:05 <flutterbrony> Vous pouvez me rendre un service et essayer de vour connecter a cette addresse ? 82.228.229.1:20
2014-10-15T08:59:13 <adriens33> connecter avec quel protocole ?
2014-10-15T08:59:25 <flutterbrony> pour verifier ce que ca donne
2014-10-15T08:59:36 <flutterbrony> Http ou https
2014-10-15T08:59:40 <adriens33> ok
2014-10-15T08:59:58 <flutterbrony> Firefox et opera disent que c'est pas secure
2014-10-15T09:00:05 <adriens33> hmm déjà le port 20 firefox aime pas. ^^
2014-10-15T09:00:07 <adriens33> (normal)
2014-10-15T09:00:19 <adriens33> (c'est du ftp 20 et 21)
2014-10-15T09:00:32 <adriens33> (donc foutre du http là forcément ça met le bazar :p)
2014-10-15T09:00:33 <flutterbrony> Si vous tombez sur le freeboxos
2014-10-15T09:00:54 <flutterbrony> C'est qu'il faut que je trouve comment le deplacer
2014-10-15T09:01:00 <adriens33> ah.
2014-10-15T09:01:11 <adriens33> c'est le réglage par défaut ?
2014-10-15T09:01:14 <flutterbrony> C'est free qui a foutu ca
2014-10-15T09:01:16 <flutterbrony> Oui
2014-10-15T09:01:20 <adriens33> ils sont cons de foutre du http sur le port 20 XD
2014-10-15T09:01:31 <adriens33> faudra dire ça à Leta tiens… ^w^
2014-10-15T09:01:36 <adriens33> ça le fera bien marrer
2014-10-15T09:01:51 <flutterbrony> Et apperrament, quelqu'un s'y est connecte sans autorisation
2014-10-15T09:02:02 <Gordfang> spas adrien33?
2014-10-15T09:02:08 <adriens33> là de suite c'est moi ^w^
2014-10-15T09:02:09 <flutterbrony> Donc, je veux verifier
2014-10-15T09:02:10 <adriens33> (vive w3m)
2014-10-15T09:02:13 <adriens33> par contre
2014-10-15T09:02:17 <adriens33> tu te co dessus
2014-10-15T09:02:21 <flutterbrony> Non, ca date de 3 jours
2014-10-15T09:02:27 <adriens33> il tedit d'utiliser une appli mobile¿
2014-10-15T09:02:28 <adriens33> …
2014-10-15T09:02:37 <adriens33> JE SUIS SUR PC DÉBILE :þ
2014-10-15T09:02:59 <adriens33> genre le site web qui te dit vtff prend une appli mobile dédiée pour aller sur un pauvre site web depuis ton pc…
2014-10-15T09:03:01 <adriens33> sérieux…
2014-10-15T09:03:17 <flutterbrony> En allant sur mafreebox.free.fr, il demande un mdp et te redirige la
2014-10-15T09:03:55 <flutterbrony> Mais si on met directement l'addresse, il demande le mdp a free.fr ou pas ?
2014-10-15T09:04:03 <adriens33> je sais pas
2014-10-15T09:04:14 <adriens33> comme y'a pas de JS sur w3m il aime pas des masses xD
2014-10-15T09:05:38 <flutterbrony> Enfin, si vous y arrivez, sans mdp en plus, faudras faire quelquechose pour pas que la freebox soiy refoutu en l'air par la fils du maire de sainte eullalie en decembre dernier
2014-10-15T09:07:31 <adriens33> pour firefox
2014-10-15T09:07:37 <adriens33> pour désactiver le blocage
2014-10-15T09:07:40 <adriens33> suffit d'aller dans about:config
2014-10-15T09:07:45 <adriens33> et ajouter l'option network.security.ports.banned.override
2014-10-15T09:07:55 <adriens33> (ajouter les ports à débloquer en valeur, ici 20 par exeple)
2014-10-15T09:08:16 <adriens33> donc pour te répondre flutterbrony
2014-10-15T09:08:35 <adriens33> il me dit que le mdp est pas assez robuste pour autoriser un accès à distance
2014-10-15T09:09:34 <flutterbrony> Ah tant mieux, mais alors comment quelqu'un s'y est connecté a distance, doit forcement y avoir un truc, je regarderais ca ...
2014-10-15T09:09:47 <adriens33> bah, demande à Letarumavza quand il se connectera.
2014-10-15T09:09:57 <adriens33> lui je suis sur qu'il trouvera :p
2014-10-15T09:10:32 <flutterbrony> Quand meme le fils du mere a fais ca en decembre, a 11 ans !!!
2014-10-15T09:10:40 <adriens33> .oké
2014-10-15T09:10:54 <flutterbrony> Bon, pas a distance mais chez nous sur mon pc en plus
2014-10-15T09:10:59 <adriens33> ah
2014-10-15T09:11:06 <adriens33> beh a distance il me jette
2014-10-15T09:11:16 <adriens33> et je suis pas chez toi donc je peux pas tester en local :p
2014-10-15T09:11:29 <adriens33> (à part à s'introduire dans une machine chez toi, mais moi je sais pas faire^^)
2014-10-15T09:11:50 <flutterbrony> Via teamviewver ? Xp
2014-10-15T09:12:05 <adriens33> j'ai pas teamviewer
2014-10-15T09:12:07 <adriens33> ^^
2014-10-15T09:12:43 <flutterbrony> Vnc ?
2014-10-15T09:13:26 <adriens33> buh de toute façon si tu veux trouver une faille dans ton truc demande à leta, lui il te trouve ça rapido :p
2014-10-15T09:13:40 <flutterbrony> Bon, de toute facon, je vais aller au lycee la, @+ ^^
2014-10-15T09:13:44 <adriens33> ok
2014-10-15T09:13:45 <adriens33> ++
2014-10-15T09:14:09 <flutterbrony> Je lui demanderais pour mon serveur dedie aussi alors XD
2014-10-15T09:14:13 <adriens33> ^^
2014-10-15T09:14:20 *** flutterbrony est parti
2014-10-15T09:29:09 *** Gordfang est parti
2014-10-15T09:36:50 *** Gordfang s'est connecté
2014-10-15T11:03:08 *** Jinxypie s'est connecté
2014-10-15T11:03:29 *** Gordfang est parti
2014-10-15T11:03:46 <adriens33> hello Letarumavza ^^ (toujours pas changé de pseudo ? :p)
2014-10-15T11:04:44 <Jinxypie> euh...
2014-10-15T11:05:00 <Jinxypie> Bah si
2014-10-15T11:19:25 <Jinxypie> ai trouvé une image pour l'hygienne de lenile
2014-10-15T11:19:26 <Jinxypie> http://img-9gag-lol.9cache.com/photo/a1ZWEpY_460s.jpg
2014-10-15T11:20:00 <adriens33> ><
2014-10-15T11:20:09 <Jinxypie> héhé
2014-10-15T11:20:10 <adriens33> faut lui montrer XD
2014-10-15T11:20:20 <adriens33> (putain j'lui serre plus la main moi…)
2014-10-15T11:47:03 *** Silou s'est connecté
2014-10-15T12:20:07 *** Reblochon s'est connecté
2014-10-15T12:28:51 *** Tsumenokage s'est connecté
2014-10-15T12:28:57 <Tsumenokage> Salut
2014-10-15T12:29:02 <adriens33> hello
2014-10-15T12:29:13 <Tsumenokage> ca va ?
2014-10-15T12:29:16 <adriens33> oaui
2014-10-15T12:29:18 <adriens33> *ouai
2014-10-15T12:29:19 <adriens33> et toi ?
2014-10-15T12:29:32 <Tsumenokage> ça va aussi :)
2014-10-15T12:50:38 <adriens33> bon. j'ai plus grand chose à manger, et la flemme de faire les courses maintenant.
2014-10-15T12:50:40 <adriens33> donc pizza !
2014-10-15T12:50:44 <adriens33> :p
2014-10-15T12:51:39 <Tsumenokage> ^^
2014-10-15T12:56:08 *** TrappyTickles s'est connecté
2014-10-15T12:56:08 *** TrappyTickles est parti
2014-10-15T13:10:37 <adriens33> mouhahahaha à moi la géante pizza <3
2014-10-15T13:14:23 <Tsumenokage> ^^ a quoi la pizza ?
2014-10-15T13:16:25 <adriens33> raclette
2014-10-15T13:16:37 <Tsumenokage> *miam*
2014-10-15T13:16:41 <Tsumenokage> et ven von ap
2014-10-15T13:16:48 <Tsumenokage> ben bon ap*
2014-10-15T13:16:50 <adriens33> ah
2014-10-15T13:16:54 <adriens33> et la boite a pizza
2014-10-15T13:17:02 <adriens33> les livreurs arrivent souvent en avance
2014-10-15T13:17:08 <adriens33> j'en ai jamais vu en retard encore
2014-10-15T13:17:15 <adriens33> (pas comme domino's…)
2014-10-15T13:17:23 <adriens33> (et les pizzas sont bien meilleures *w*)
2014-10-15T13:17:39 <Tsumenokage> jamais commandé chez domino mais c'est vrai que la boites à pizza c'est bien :)
2014-10-15T13:17:55 <adriens33> c'est wildfier qui m'a fait découvrir
2014-10-15T13:19:16 <adriens33> tain je vais finir en raclette moi… hier panini raclette, aujourd'hui pizza raclette, demain encore panini raclette xD
2014-10-15T13:19:25 <Tsumenokage> ^^
2014-10-15T13:28:06 *** Reblochon est parti
2014-10-15T13:50:01 <Tsumenokage> bon je retourne en cours moi
2014-10-15T13:50:07 <Tsumenokage> bonne aprem les gens
2014-10-15T13:50:15 <Tsumenokage> @+
2014-10-15T13:50:15 <adriens33> ++
2014-10-15T13:50:24 *** Tsumenokage est parti
2014-10-15T15:43:54 *** Gordfang s'est connecté
2014-10-15T15:44:14 <Gordfang> cc les gens
2014-10-15T15:44:22 <adriens33> coucou tout seul :)
2014-10-15T15:45:11 <Jinxypie> Salut !
2014-10-15T15:50:49 *** Berry-Punch est parti
2014-10-15T15:52:52 <Berry-Punch> Salut tout le monde *hic* !
2014-10-15T15:52:52 *** Berry-Punch s'est connecté
2014-10-15T15:53:06 <adriens33> Berry t'arrête de boire un peu, tu tiens même plus debout ><
2014-10-15T15:53:15 <adriens33> saoularde !
2014-10-15T16:54:10 *** MaCharon s'est connecté
2014-10-15T16:54:19 <MaCharon> slt tout lemonde
2014-10-15T16:54:26 <adriens33> salut
2014-10-15T17:03:49 *** Gordfang est parti
2014-10-15T17:09:37 <Jinxypie> Tain mais c'est mort aujourd'hui ou quoi ?
2014-10-15T17:09:45 <Jinxypie> Pourquoi quand j'ai la pèche y'a jamais personne ?
2014-10-15T17:10:25 <MaCharon> va savoir, ça faisait 2-3 jours que j'etait pas venu et rien n'a changé ^^
2014-10-15T17:10:35 <Jinxypie> Euh...
2014-10-15T17:10:45 <Jinxypie> Bah y'a que moi qui ai changé en quelques jours.
2014-10-15T17:10:49 <Jinxypie> C'est étrange...
2014-10-15T17:14:03 *** Reblochon s'est connecté
2014-10-15T17:15:03 <adriens33> beh moi je suis là
2014-10-15T17:15:09 <Reblochon> moi aussi
2014-10-15T17:15:11 <adriens33> mais bon j'ai pas de diplome d'animateur quoi…
2014-10-15T17:15:12 <Reblochon> depuis maintenant
2014-10-15T17:15:13 <adriens33> salut Reblochon
2014-10-15T17:15:25 <adriens33> (pis moi, distraire les foules ? lolà
2014-10-15T17:15:27 <MaCharon> salut
2014-10-15T17:15:28 <Reblochon> bonsoir.
2014-10-15T17:15:35 <adriens33> (pis j'étais en train de recopier un truc en plus)
2014-10-15T17:15:58 <adriens33> Jinxypie: et c'est pratiquement tout le temps comme ça…
2014-10-15T17:16:10 <adriens33> juste de temps en temps y'a des gens qui trouvent de quoi discuter ^^
2014-10-15T17:16:15 <Jinxypie> Va falloir changer ça !
2014-10-15T17:16:18 <Jinxypie> Lets party !
2014-10-15T17:16:19 <adriens33> (genre là y'a moi qui monologue depuis tout à l'heure ^^')
2014-10-15T17:16:21 <adriens33> YAY
2014-10-15T17:16:55 <adriens33> bon, je reste là mais je suis techniquement loin de mon clavier quelques minutes
2014-10-15T17:16:57 <adriens33> donc je re :)
2014-10-15T17:17:01 <Jinxypie> http://img-9gag-lol.9cache.com/photo/awbB8qr_460s.jpg
2014-10-15T17:27:04 <Jinxypie> http://img-9gag-lol.9cache.com/photo/aj69Kzq_460s.jpg
2014-10-15T17:43:08 <adriens33> re
2014-10-15T17:43:33 <Jinxypie> re
2014-10-15T17:54:15 *** Jinxypie est parti
2014-10-15T18:02:43 *** Silou est parti
2014-10-15T18:03:34 *** Silou s'est connecté
2014-10-15T19:13:15 *** flutterbrony s'est connecté
2014-10-15T19:13:30 <flutterbrony> re-bonsoir
2014-10-15T19:16:10 <MaCharon> bonsoir
2014-10-15T19:17:02 <adriens33> bonsoir flutterbrony
2014-10-15T19:23:21 <flutterbrony> Y'a un fromage connecté sur ce chat ? XD
2014-10-15T19:24:50 *** Reblochon est parti
2014-10-15T19:25:30 *** Reblochon s'est connecté
2014-10-15T19:43:19 <flutterbrony> Bon, j'y vais bonne nuit
2014-10-15T19:43:24 *** flutterbrony est parti
2014-10-15T20:27:50 *** Yvan33 s'est connecté
2014-10-15T20:28:04 <Yvan33> Salut salut
2014-10-15T20:51:30 *** Yvan33 est parti
2014-10-15T21:22:31 *** Bybeez s'est connecté
2014-10-15T21:23:00 <Bybeez> Chalu !
2014-10-15T21:27:12 *** tenoricat s'est connecté
2014-10-15T21:43:46 *** Reblochon est parti
2014-10-15T21:57:57 *** tenoricat est parti
2014-10-15T22:13:23 *** adriens33 est parti
2014-10-15T22:23:49 *** Bybeez est parti
2014-10-15T22:33:47 *** ludvann s'est connecté
2014-10-15T22:33:52 <ludvann> plop
2014-10-15T22:34:21 <ludvann> c'est le désert x)
2014-10-15T22:34:43 <ludvann> bon je vais partir avant de me faire bouffer par un vautour xD
2014-10-15T22:34:47 <ludvann> ^^
2014-10-15T22:35:01 <MaCharon> tss
2014-10-15T22:35:14 <ludvann> :D
2014-10-15T22:35:23 <ludvann> yakékin !
2014-10-15T22:35:37 <ludvann> un calin ?
2014-10-15T22:35:40 <MaCharon> je joue a coté c'est pour ça que je suis pas vraiment présent
2014-10-15T22:35:52 <ludvann> ouais 'fin bon...
2014-10-15T22:35:59 <ludvann> c'est un peu vide x)
2014-10-15T22:36:09 <MaCharon> je précise c'est tout :)
2014-10-15T22:36:27 <ludvann> :)
2014-10-15T22:36:33 <ludvann> tu joues à quoi ?
2014-10-15T22:36:46 <MaCharon> ArchAge
2014-10-15T22:36:57 <ludvann> oky :)
2014-10-15T22:36:59 <MaCharon> ArcheAge*
2014-10-15T22:37:06 <ludvann> je peux avoir un calin ?
2014-10-15T22:37:14 <ludvann> :-)
2014-10-15T22:37:26 <MaCharon> toujours dispo ^^
2014-10-15T22:37:41 <MaCharon> *caline son ordi*
2014-10-15T22:37:45 * ludvann hugs MaCharon
2014-10-15T22:37:59 <MaCharon> e:3
2014-10-15T22:38:16 * ludvann hugs back
2014-10-15T22:38:19 <MaCharon> >.< miss clicck
2014-10-15T22:38:30 <MaCharon> :D
2014-10-15T22:38:39 <ludvann> miss click ?
2014-10-15T22:38:44 <ludvann> where ?
2014-10-15T22:38:56 <MaCharon> le "e" devant le :3
2014-10-15T22:39:21 <ludvann> ça fait les cheveux ^^
2014-10-15T22:39:48 <MaCharon> ouais enfin c'est moche quoi
2014-10-15T22:39:58 <ludvann> meuh non :)
2014-10-15T22:40:21 <ludvann> (^3⁾/
2014-10-15T22:40:32 <MaCharon> wut ?
2014-10-15T22:40:33 <ludvann> (^3^)/
2014-10-15T22:40:36 <ludvann> *
2014-10-15T22:40:43 <MaCharon> ah ok
2014-10-15T22:40:59 <MaCharon> <(^_^)>
2014-10-15T22:42:48 <ludvann>  /)(°3°)(  <-- RD a vu les wonderbolts
2014-10-15T22:43:05 <MaCharon> XD
2014-10-15T22:43:24 <ludvann> x)
2014-10-15T22:45:14 <ludvann> (-(-(-_(-_(-_-)_-)_-)-)-)  <-- mon gang qui vient de voire un sketch humouristique
2014-10-15T22:45:37 <MaCharon> aie aie aie ^^
2014-10-15T22:47:06 <ludvann> ^^
2014-10-15T22:49:29 *** MaCharon est parti
2014-10-15T22:50:05 *** MaCharon s'est connecté
2014-10-15T22:50:43 <ludvann> bon je vais dormir....
2014-10-15T22:50:46 <ludvann> @+
2014-10-15T22:50:51 <ludvann> les ponies
2014-10-15T22:50:54 <ludvann> :D
2014-10-15T22:51:00 <MaCharon> bonne nuit
2014-10-15T22:51:10 *** ludvann est parti
2014-10-15T23:07:53 *** Jinxypie s'est connecté
2014-10-15T23:56:26 *** Silou est parti
2014-10-15T23:56:43 *** Silou s'est connecté
2014-10-15T23:58:54 <Jinxypie> Yeah !
2014-10-15T23:58:59 <Jinxypie> Il me reste du rhum !
