2014-09-20T00:00:04 <ELiDYROS> Bon y a pas trop d'animation, alors je vais aller dormir
2014-09-20T00:00:09 <ELiDYROS> A plus tout le monde !
2014-09-20T00:00:10 <Ikledoreboline> Bonne soirée ;)
2014-09-20T00:00:16 <Letarumavza> ++
2014-09-20T00:00:16 *** ELiDYROS est parti
2014-09-20T00:00:16 <MaCharon> bonne nuit
2014-09-20T00:01:56 *** Rei est parti
2014-09-20T00:04:15 *** Rei s'est connecté
2014-09-20T00:09:19 <Rei> vai dodo bye bye a demain pour ceux que je vois
2014-09-20T00:09:32 *** Rei est parti
2014-09-20T00:18:01 <Ikledoreboline> Bonne nuit !
2014-09-20T00:18:06 <TrappyTickles> bon allez, jme suis pris un novuea shirt de pony
2014-09-20T00:18:08 <TrappyTickles> bnui
2014-09-20T00:25:12 <Ikledoreboline> ^^ T'as pris quoi ?
2014-09-20T00:42:55 *** wildfier est parti
2014-09-20T00:46:40 <Scootaloo> Re
2014-09-20T00:46:40 *** ValCab est parti
2014-09-20T00:46:46 <Scootaloo> http://pic.silouatien.fr/rq7e7.jpg le pauvre
2014-09-20T00:47:06 <Scootaloo> Quand il saura qui je suis xD
2014-09-20T00:47:13 <Ikledoreboline> waaat ?
2014-09-20T00:48:04 <Scootaloo> C'était sur #bronycat :p
2014-09-20T00:52:16 <Ikledoreboline> D'accord, mais qu'est-ce qui c'est passé exactement ? ^^ Pourquoi il voulait te contacter ?
2014-09-20T00:54:22 <Scootaloo> Car il pensais avoir affaire à un nouveau :D
2014-09-20T00:54:28 <Scootaloo> Et puis j'étais afk
2014-09-20T00:56:05 <Ikledoreboline> xD
2014-09-20T00:56:52 <Scootaloo> Fin bon, je suis Silou
2014-09-20T00:57:04 <Scootaloo> Juste freenode qui fait de la merde et donc ca a switch sur mon 2eme pseudo
2014-09-20T00:57:07 <Ikledoreboline> ouais, je m'en doutais un peu xD
2014-09-20T00:57:21 <Scootaloo> (on ne critique pas la créativité pour mon 2eme pseudo irc)
2014-09-20T00:57:25 <Scootaloo> (merci)
2014-09-20T01:01:16 <Ikledoreboline> En aucun cas je ne l'ai critiqué ? .-.
2014-09-20T01:02:19 <Scootaloo> Non je sais x)
2014-09-20T01:02:22 <Scootaloo> Je déconne :p
2014-09-20T01:06:55 *** MaCharon est parti
2014-09-20T01:10:05 *** TrappyTickles est parti
2014-09-20T01:20:32 <Ikledoreboline> ils meurent tous 1 par 1 sur l'irc. xD
2014-09-20T01:22:25 <Scootaloo> x)
2014-09-20T01:24:28 <Ikledoreboline> Bon, je sais pas si je vais mourir aussi du coup maintenant ou plus tard.
2014-09-20T02:08:32 *** Scootaloo est parti
2014-09-20T02:20:41 <Ikledoreboline> Bonne nuit, et du coup Leta à demain peut-être ?
2014-09-20T02:21:04 *** Ikledoreboline est parti
2014-09-20T03:22:18 <Berry-Punch> Voilà ce qu'il s'est *hic* passé ces 10 dernières lignes, adriens33
2014-09-20T03:22:19 *** adriens33 s'est connecté
2014-09-20T04:22:13 *** Gordfang est parti
2014-09-20T04:24:21 <Letarumavza> Hum ?
2014-09-20T05:16:01 *** adriens33 est parti
2014-09-20T08:49:48 *** Letarumavza est parti
2014-09-20T09:13:37 <Berry-Punch> Voilà ce qu'il *hic* s'est passé ces 10 dernières lignes, adriens33
2014-09-20T09:13:38 *** adriens33 s'est connecté
2014-09-20T09:47:05 *** adriens33 est parti
2014-09-20T09:52:21 *** Letarumavza s'est connecté
2014-09-20T10:42:06 *** wildfier s'est connecté
2014-09-20T10:55:16 *** Lenile s'est connecté
2014-09-20T10:55:19 <Lenile> Salut
2014-09-20T11:04:31 *** Lenile est parti
2014-09-20T11:11:28 *** TrappyTickles s'est connecté
2014-09-20T11:12:58 *** Letarumavza est parti
2014-09-20T11:13:39 *** Letarumavza s'est connecté
2014-09-20T11:47:05 *** Silou s'est connecté
2014-09-20T12:25:29 *** flutterbrony s'est connecté
2014-09-20T12:26:48 *** flutterbrony est parti
2014-09-20T12:26:58 *** flutterbrony s'est connecté
2014-09-20T12:31:21 *** Silou est parti
2014-09-20T12:32:00 *** flutterbrony est parti
2014-09-20T12:32:10 *** flutterbrony s'est connecté
2014-09-20T12:32:55 <flutterbrony> wha ! la co pourri que j'ai quand je démmarre sous windows 8.1 !
2014-09-20T12:41:31 *** Ikledoreboline s'est connecté
2014-09-20T12:41:34 <Ikledoreboline> Top
2014-09-20T12:41:42 <Ikledoreboline> Plop*
2014-09-20T12:41:57 *** flutterbrony est parti
2014-09-20T12:42:00 <Letarumavza> tain j'ai la tronche comme un tamtam...
2014-09-20T12:42:27 *** ValCab33 s'est connecté
2014-09-20T12:42:35 <ValCab33> Plop
2014-09-20T12:42:43 <Ikledoreboline> Tu dois avoir une drôle de tête alors x3 mal dormi ?
2014-09-20T12:46:17 *** flutterbrony s'est connecté
2014-09-20T12:47:05 *** flutterbrony est parti
2014-09-20T12:47:39 *** flutterbrony s'est connecté
2014-09-20T12:49:06 *** ValCab s'est connecté
2014-09-20T12:49:06 *** ValCab33 est parti
2014-09-20T12:50:09 *** Ikledoreboline est parti
2014-09-20T12:53:02 *** Ikledoreboline s'est connecté
2014-09-20T12:53:42 *** flutterbrony est parti
2014-09-20T12:55:00 *** Ikledoreboline est parti
2014-09-20T12:55:15 <Letarumavza> Mal de tronche, là je suis devant mon pc en attendant que le médoc fasse éffet.
2014-09-20T12:55:35 <Letarumavza> Et si le médoc marche pas je vais pas pouvoir venir au meet-up
2014-09-20T12:55:39 <Letarumavza> (j'ai des vertiges)
2014-09-20T13:24:36 *** Ikledoreboline s'est connecté
2014-09-20T13:25:06 <Ikledoreboline> Le / yop, tu viens pas du coup leta ça va pas mieux ?
2014-09-20T13:28:41 *** Ikledoreboline est parti
2014-09-20T13:28:51 *** Ikledoreboline s'est connecté
2014-09-20T13:29:52 *** Ikledoreboline est parti
2014-09-20T13:32:46 *** flutterbrony s'est connecté
2014-09-20T13:34:02 *** flutterbrony est parti
2014-09-20T13:42:42 *** wildfier est parti
2014-09-20T13:48:44 *** Shinsaber s'est connecté
2014-09-20T13:49:07 <Shinsaber> Salut le peuple !
2014-09-20T13:54:12 *** Letarumavza est parti
2014-09-20T13:59:07 *** Shinsaber79 s'est connecté
2014-09-20T14:00:22 *** Silou s'est connecté
2014-09-20T14:02:57 *** Shinsaber est parti
2014-09-20T14:07:22 *** Shinsaber79 est parti
2014-09-20T15:12:04 *** ValCab est parti
2014-09-20T15:41:36 *** ValCab s'est connecté
2014-09-20T17:00:42 *** Letarumavza s'est connecté
2014-09-20T17:00:51 <Letarumavza> Tain le mal de tronche...
2014-09-20T17:12:47 *** ELiDYROS s'est connecté
2014-09-20T17:14:44 <Berry-Punch> Voilà ce *hic* qu'il s'est passé ces 10 dernières lignes, adriens33
2014-09-20T17:14:45 *** adriens33 s'est connecté
2014-09-20T17:22:23 <Silou> trop bu Letarumavza ?
2014-09-20T17:22:23 <Berry-Punch> Non, c'est même pas vrai d'abord *hic* !
2014-09-20T17:22:43 <Silou> ta g**** Berry-Punch :D
2014-09-20T17:23:06 <adriens33> hey tu lui parle pas mal ! XD
2014-09-20T17:23:19 <Berry-Punch> Flags de ValCab *hic* modifiés : +v
2014-09-20T17:23:19 <adriens33> !voice ValCab
2014-09-20T17:23:30 <Berry-Punch> Flags *hic* de ValCab modifiés en +v
2014-09-20T17:23:37 <Berry-Punch> ValCab a *hic* le(s) flag(s) : +v
2014-09-20T17:24:33 *** Letarumavza est parti
2014-09-20T17:24:53 <Berry-Punch> Je suis *hic* désolé Silou, mais je n'ai pas le droit de te laisser faire ça.
2014-09-20T17:24:53 <Silou> !voice Silou
2014-09-20T17:24:57 <Silou> *********
2014-09-20T17:25:08 <adriens33> hmm le voice c'est que pour les membres officiels de bronycub :p
2014-09-20T17:32:31 <Silou> http://imgur.com/a/23uBY
2014-09-20T17:54:58 *** Letarumavza s'est connecté
2014-09-20T18:00:34 <Letarumavza> J'en ai mare, entre les coupures de jus et le mal de tête...
2014-09-20T18:04:05 *** adriens33 est parti
2014-09-20T18:12:05 <Berry-Punch> Voilà ce qu'il s'est passé ces 10 dernières lignes, *hic* adriens33
2014-09-20T18:12:07 *** adriens33 s'est connecté
2014-09-20T18:51:48 *** Ikledoreboline s'est connecté
2014-09-20T18:51:54 <Ikledoreboline> Re / salut ? ^^
2014-09-20T18:58:03 <Silou> plop
2014-09-20T18:58:36 <Letarumavza> Tain la migraine que je me tape c'est horrible...
2014-09-20T19:00:09 <Ikledoreboline> Letarumavza: la masturbation à plusieurs effet dont 1 contre le mal de tête, tu devrais essayer. xD
2014-09-20T19:00:19 <Ikledoreboline> ça va sinon par ici mise à part Leta qui souffre ? ^^
2014-09-20T19:00:39 <Letarumavza> Je te pisse à la raie espèce de...
2014-09-20T19:01:10 <Letarumavza> procariote génétiquement instable
2014-09-20T19:01:25 <Ikledoreboline> Je te merde x), marche pas les médocs que tu prends ou bien ?
2014-09-20T19:01:36 <Silou> Je suis creuvé, j'ai commencé par lire "la masturbation à plusieurs" xD
2014-09-20T19:01:44 <Letarumavza> ça diminue la douleur, ça la calme pas...
2014-09-20T19:01:53 <Letarumavza> Silou, pas la fatigue, juste que t'es gay ^^
2014-09-20T19:01:57 <Ikledoreboline> x'D
2014-09-20T19:02:05 <Silou> x)
2014-09-20T19:02:18 <Letarumavza> La même phrase dite à une fille, j'aurai lu la même chose...
2014-09-20T19:02:42 <Ikledoreboline> x3
2014-09-20T19:02:47 <Silou> Mais tu devrais essayer Letarumavza ;)
2014-09-20T19:03:05 <Ikledoreboline> Oui, il devrai essayer mais il veut pas comprendre !
2014-09-20T19:03:09 <Ikledoreboline> xD
2014-09-20T19:03:11 <Letarumavza> Trop de force dans les mains, et je la maîtrise pas...
2014-09-20T19:03:15 <Ikledoreboline> Il se prend pour un electron libre ! x)
2014-09-20T19:03:37 <Ikledoreboline> (Fiuuu les références en physique pas mon truc.)
2014-09-20T19:04:18 <Letarumavza> Espèce de kangourou musophobe.
2014-09-20T19:04:27 <Letarumavza> Cornemuse tricéphale !
2014-09-20T19:04:40 <Letarumavza> Brumisation de pingouin alchoolique !
2014-09-20T19:05:15 <Letarumavza> chouxfleurosexuel !
2014-09-20T19:05:24 <Ikledoreboline> Oh non Leta !
2014-09-20T19:05:28 <Ikledoreboline> Pas le chouxfleurosexuel !
2014-09-20T19:05:35 <Ikledoreboline> T'as pas le droit, on avait dit pas les choux
2014-09-20T19:05:57 <Letarumavza> On a jamais parlé des choux-fleurs
2014-09-20T19:06:00 <Letarumavza> Espèce de...
2014-09-20T19:06:11 <Ikledoreboline> Chouxfleuro |sexuel
2014-09-20T19:06:18 <Ikledoreboline> c'est un chouf !
2014-09-20T19:06:22 <Ikledoreboline> xDDD choux* !
2014-09-20T19:06:37 <Letarumavza> Certes, mais pas un choux simple.
2014-09-20T19:06:43 <Letarumavza> C'est un choux fleur
2014-09-20T19:07:14 * Letarumavza sort son lance flammes. *
2014-09-20T19:07:43 <Letarumavza> Bon... Je vais concevoir un plan...
2014-09-20T19:07:57 <Ikledoreboline> Tu vas prendre une corde et te pendre ? :D
2014-09-20T19:08:42 *** adriens33 est parti
2014-09-20T19:14:30 <Berry-Punch> Voilà ce qu'il s'est passé ces 10 dernières lignes, adriens33 *hic* 
2014-09-20T19:14:32 *** adriens33 s'est connecté
2014-09-20T19:15:27 <ELiDYROS> Je suis migraineux depuis 20 ans
2014-09-20T19:15:40 <ELiDYROS> Le seuls trucs qui me soulagent sont des dérivés de la morphine...
2014-09-20T19:18:31 <ELiDYROS> J'ai passé des examens à l'hopital à cause de ça d'ailleurs
2014-09-20T19:20:20 <Ikledoreboline> :|
2014-09-20T19:20:23 <Ikledoreboline> Glauque.
2014-09-20T19:20:31 <ELiDYROS> glauque quoi ?
2014-09-20T19:20:38 <ELiDYROS> d'avoir des migraines chroniques ?
2014-09-20T19:20:47 <ELiDYROS> dues à une mauvaise génétique ?^
2014-09-20T19:22:23 <ELiDYROS> ma dernière grosse migraine a duré 3 jours, j'ai du rester enfermé dans le noir, avec des bouchons d'oreille
2014-09-20T19:22:32 <ELiDYROS> je supportais plus aucune stimulation extérieur
2014-09-20T19:26:18 <Ikledoreboline> Chaud, ça te le fait depuis tout petit ou c'est survenu un jour comme ça ?
2014-09-20T19:26:37 <ELiDYROS> je crois que ça a réellement commencé à ce point à mes 11 ans
2014-09-20T19:26:53 <ELiDYROS> avant j'en avais mais moins violent
2014-09-20T19:33:11 <Ikledoreboline> ah ouais chaud, bon vous m'excuserez je suis un peu dead, je reviens dans la soirée ;)
2014-09-20T19:33:49 <ELiDYROS> une sieste maintenant et tu dormiras pas cette nuit...
2014-09-20T19:37:23 <Ikledoreboline> Heu lol, t'inquiète pas pour moi x)
2014-09-20T19:37:32 <Ikledoreboline> La nuit je la connais plus que le jour xD
2014-09-20T19:37:34 <ELiDYROS> écoute l'ancien un peu
2014-09-20T19:37:57 <Ikledoreboline> J'ai 2 batterie interne, la première est morte et je vais pas lancer la seconde à 19h ça serait stupide ^^
2014-09-20T19:38:29 <ELiDYROS> je sais pas moi je tourne encore au charbon
2014-09-20T19:39:28 <Ikledoreboline> moi c'est une centrale électrique qui marche en 2 temps :3
2014-09-20T19:39:50 <Ikledoreboline> 3* exceptionnellement mais lui faut 1 semaine pour recharger celle-ci xD
2014-09-20T19:41:43 <ELiDYROS> mon record de sommeil non stop c'est 17h d'affilée
2014-09-20T19:42:59 <Ikledoreboline> Oo petit joueur x'3
2014-09-20T19:43:29 <Ikledoreboline> 76h exactement moi, en revanche après j'ai dormi une journée entière xD
2014-09-20T19:43:44 <ELiDYROS> non relis
2014-09-20T19:43:51 <ELiDYROS> j'ai dormi 17h
2014-09-20T19:43:59 <ELiDYROS> me record sans dormi c'est 4 jours
2014-09-20T19:44:04 <ELiDYROS> mais c'est à ne pas faire
2014-09-20T19:45:16 <Ikledoreboline> ah ok mal lu xD
2014-09-20T19:45:21 <Ikledoreboline> c'est clair
2014-09-20T19:45:28 <Ikledoreboline> après tu sais plus où est le nord et le sud XD
2014-09-20T19:45:57 <ELiDYROS> bon je vais tenter un rituel courant chez les humains qui consistent à boire des liquide contenant de l'alcool tout en parlant avec des sujets du sexe opposé
2014-09-20T19:45:57 <Berry-Punch> Qu'est-ce que *hic* j'ai soif…
2014-09-20T19:46:00 <ELiDYROS> à plu !
2014-09-20T19:46:01 <ELiDYROS> -ss
2014-09-20T19:46:04 *** ELiDYROS est parti
2014-09-20T19:46:52 <Ikledoreboline> *pouf disparaît*
2014-09-20T19:46:55 *** Ikledoreboline est parti
2014-09-20T20:08:32 *** Silou est parti
2014-09-20T20:20:21 *** Yvan33 s'est connecté
2014-09-20T20:21:25 *** Yvan33 est parti
2014-09-20T20:33:33 <Letarumavza> hum...
2014-09-20T20:37:08 <Berry-Punch> Voilà ce *hic* qu'il s'est passé ces 10 dernières lignes, arthur33
2014-09-20T20:37:09 *** arthur33 s'est connecté
2014-09-20T20:37:11 *** arthur33 est parti
2014-09-20T20:58:27 *** Ikledoreboline s'est connecté
2014-09-20T20:58:32 <Ikledoreboline> Re bande de poneys !
2014-09-20T21:02:06 <adriens33> salut !
2014-09-20T21:02:18 <adriens33> c'est calme.
2014-09-20T21:02:31 <adriens33> bon on est samedi soir, c'est narmol.
2014-09-20T21:02:34 <adriens33> les gens font la teuf.
2014-09-20T21:02:45 <adriens33> (je me fais mes propres questions réponses, c'est beau :') )
2014-09-20T21:03:48 <Ikledoreboline> Woaw
2014-09-20T21:04:09 <Ikledoreboline> Je pense pas que les 3/4 des brony font la teuf un samedi soir x)
2014-09-20T21:04:14 <adriens33> hmm.
2014-09-20T21:04:16 <adriens33> c'est à voir.
2014-09-20T21:04:21 <Ikledoreboline> Maaaaaaaaayyyyyyyyybe.
2014-09-20T21:04:25 <Ikledoreboline> not. xD
2014-09-20T21:04:34 <adriens33> t'as l'air très sûr de toi en tout cas :p
2014-09-20T21:04:57 <Ikledoreboline> Comme d'habitude ^^
2014-09-20T21:05:06 <adriens33> oww that's sad.
2014-09-20T21:05:18 <adriens33> (pourquoi j'ai écrit ça en le lisant avec la voix de GLaDOS… XD)
2014-09-20T21:05:23 <Ikledoreboline> xD
2014-09-20T21:05:29 <Ikledoreboline> Nop, c'est pas triste
2014-09-20T21:05:48 <Ikledoreboline> Juste une manière de vivre comme n'importe qui à c'est habitude à la con :3
2014-09-20T21:05:59 <GLaDOS__> Hello again.
2014-09-20T21:06:14 <GLaDOS__> Who disconnected me ?
2014-09-20T21:06:16 <GLaDOS__> Where is Chell.
2014-09-20T21:06:21 <GLaDOS__> I need to do some… tests.
2014-09-20T21:07:15 <Ikledoreboline> I love cake.
2014-09-20T21:07:22 <GLaDOS__> You will be baked.
2014-09-20T21:07:28 <GLaDOS__> Then there will be cake.
2014-09-20T21:08:47 * GLaDOS__ tombe en panne de courant
2014-09-20T21:08:53 <GLaDOS__> Goodbyyyyye…
2014-09-20T21:14:35 <Ikledoreboline> .-.
2014-09-20T21:15:15 *** TrappyTickles est parti
2014-09-20T22:20:44 <Letarumavza> Hum...
2014-09-20T22:21:45 <Ikledoreboline> m'ak
2014-09-20T22:22:24 <adriens33> toujours mal à la tête leta ?
2014-09-20T22:23:59 <Ikledoreboline> xD
2014-09-20T22:24:07 <Ikledoreboline> Je me rappelle se qui a été dit au-dessus x3
2014-09-20T22:24:09 <Letarumavza> Non, c'est passé
2014-09-20T22:24:15 <adriens33> ah
2014-09-20T22:24:20 <adriens33> et tes coupures de jus ?
2014-09-20T22:24:32 <Letarumavza> J'attend deux heures du mat et je te dis ça
2014-09-20T22:24:42 <Ikledoreboline> (T'as vu Letarumavza se touché ça enlève des douleurs xD)
2014-09-20T22:25:03 <Ikledoreboline> Maintenant je sors public, merci ! *out*
2014-09-20T22:25:11 <Letarumavza> J'ai juste dormi, crétin.
2014-09-20T22:25:11 <adriens33> mais tu sais comment ça se fait que t'en aies autant ? de ce que je me souvienne ton install électrique est pas si mal… ^^ à moins que ça soit externe.
2014-09-20T22:25:22 <adriens33> mais dans ce cas d'où vient la coupure…
2014-09-20T22:25:29 <Letarumavza> infiltration d'eau de l'orage de l'autre jour je pensE.
2014-09-20T22:25:34 <adriens33> ah.
2014-09-20T22:25:42 <Letarumavza> ça s'est glissé sous les tuiles
2014-09-20T22:26:00 <adriens33> arf... donc en plus des coupures tu risques des court circuits, c'pas bon…
2014-09-20T22:26:16 <Letarumavza> Bah non, puisque ça coupe
2014-09-20T22:26:16 <adriens33> en gros faut aller dans le grenier tout éponger ?
2014-09-20T22:27:07 <Letarumavza> il suffit d'une fuite de 0,03 A pour que le différentiel coupe.
2014-09-20T22:27:17 <adriens33> ça va, je sais ça ^^
2014-09-20T22:27:22 <Ikledoreboline> ._.
2014-09-20T22:27:32 <Letarumavza> ça peut venir d'une ionisation de l'air à un point du circuit.
2014-09-20T22:27:35 <Ikledoreboline> Faut que je me rappelle de sa, sa peut être utile en contrôle. xD
2014-09-20T22:27:39 <adriens33> Ikledoreboline: ba si tu te prends 30mA, à 230V je te promets que tu le sens.
2014-09-20T22:27:45 <adriens33> et je sais de quoi je cause… XD
2014-09-20T22:27:57 <Ikledoreboline> bah 1 ampère c'est mortel
2014-09-20T22:27:58 <Ikledoreboline> donc
2014-09-20T22:27:59 <Ikledoreboline> x)
2014-09-20T22:28:10 <Letarumavza> 30mA bof, c'est pas monstrueux non plus, juste une chataigne.
2014-09-20T22:28:15 <adriens33> heuuuu…
2014-09-20T22:28:23 <Letarumavza> Et non Ikledoreboline, tu peux te prendre 40A @230V sans en crever.
2014-09-20T22:28:35 <adriens33> quand t'es pas bien vieux ça fait bien mal.
2014-09-20T22:28:41 <Ikledoreboline> T'expliqueras sa à mon prof. XD
2014-09-20T22:28:57 <adriens33> et je me souviens qu'une fois, il était tard, je triturais un truc pis pof cours jus, le compteur qui saute (ah, le différentiel… ^^)
2014-09-20T22:28:57 <Letarumavza> Simple => regardes le nombre de survivants de la foudre.
2014-09-20T22:29:07 <Ikledoreboline> hmm
2014-09-20T22:29:12 <adriens33> ma m_re qui arrive en paniquant, le ronflont que j'ai pris… XD
2014-09-20T22:29:15 <Ikledoreboline> J'estime plus de la chance qu'autre chose.
2014-09-20T22:29:50 <adriens33> j'ai pas pris de chataigne ce jour là mais bon sang la peur que j'ai eue.
2014-09-20T22:29:51 <Letarumavza> Des milliers de volts, des milliers d'ampères, et pas létal suivant ta constitution personnelle.
2014-09-20T22:29:51 <Letarumavza> *
2014-09-20T22:30:48 <adriens33> En fait le truc c'est surtout si ça passe par le cœur suffisamment longtemps pour provoquer une fibrillation.
2014-09-20T22:31:13 <adriens33> sinon après tout ce que tu risques c'est de griller un peu de barbaque ^^
2014-09-20T22:31:16 <Letarumavza> Sur les disjoncteurs que j'ai la coupure a un temps de réaction de l'odre de la miliseconde.
2014-09-20T22:32:05 <adriens33> ^^
2014-09-20T22:32:27 <adriens33> (ta femme doit pas être contente…)
2014-09-20T22:32:34 <adriens33> désolé
2014-09-20T22:32:35 <adriens33> XD
2014-09-20T22:35:01 <adriens33> sinon Letarumavza en attendant la prochaine coupure, tu fais quoi de beau ?
2014-09-20T22:43:55 <Ikledoreboline> Quelqu'un à un anime, un film à conseiller à regarder je m'ennuis :/
2014-09-20T22:44:58 <Letarumavza> raid sur wow
2014-09-20T22:45:18 <Ikledoreboline> J'ai plus d'abo sur wow, et le jeu ne m'intéresse plus >_<
2014-09-20T22:46:55 <adriens33> Letarumavza: ok :p
2014-09-20T22:47:33 <Ikledoreboline> D'ailleurs leurs maj deviennent wtf xD
2014-09-20T23:20:57 <Ikledoreboline> https://www.youtube.com/watch?v=5lk5klzVWvA&list=UUnrhy622SNPt04Avj5idFIg Les chats jedi ils en parlent pas dans star wars pourtant ils ont aidait pendant la guerre !
2014-09-20T23:20:57 <Ikledoreboline> xD
2014-09-20T23:35:29 *** adriens33 est parti
2014-09-20T23:38:52 <Ikledoreboline> https://scontent-b-lhr.xx.fbcdn.net/hphotos-xpa1/v/t1.0-9/10428702_725511377556259_1858489740939591692_n.jpg?oh=f1abd0b10282fb2dc8e78e731a66f490&oe=54CDCEF4 x'DDDDD je me suis taper une grosse barre XD
2014-09-20T23:48:38 *** wildfier s'est connecté
