2014-10-02T00:03:05 <ValCab33> C'est mon anniversaire (^.^)/
2014-10-02T00:06:16 <Silou> Eh bien joyeux anniversaire ValCab33 :)
2014-10-02T00:06:28 <ValCab33> Thx ^^
2014-10-02T00:06:35 * Silou offre à ValCab33 un bon pour un calin gratuit à valoir lors de la prochaine rencontre
2014-10-02T00:06:51 <ValCab33> x) :3
2014-10-02T00:07:01 *** adriens33 est parti
2014-10-02T00:13:49 *** Silou est parti
2014-10-02T00:42:42 *** ValCab33 est parti
2014-10-02T07:28:51 *** Silou s'est connecté
2014-10-02T07:43:05 *** Ikledoreboline s'est connecté
2014-10-02T07:43:18 <Ikledoreboline> Yop Silou
2014-10-02T07:46:57 *** Silou est parti
2014-10-02T07:49:30 *** Ikledoreboline est parti
2014-10-02T07:50:22 <Berry-Punch> Voilà ce qu'il s'est passé ces *hic* 10 dernières lignes, adriens33
2014-10-02T07:50:23 *** adriens33 s'est connecté
2014-10-02T09:14:51 *** heuzef s'est connecté
2014-10-02T10:48:16 *** Ikledoreboline s'est connecté
2014-10-02T10:48:18 <Ikledoreboline> Yop
2014-10-02T10:48:22 <adriens33> salut
2014-10-02T10:48:28 <Ikledoreboline> Bien ?
2014-10-02T10:48:52 <adriens33> ça peut aller
2014-10-02T10:48:55 <adriens33> et toi ?
2014-10-02T10:49:55 <Ikledoreboline> Hm, ouais, j'ai loupé 1h sur 2 de physique car notre prof parle à des parents de seconde et il est toujours pas sorti du coup on attends comme des cons et on à pas fini les expériences.
2014-10-02T10:53:23 <Ikledoreboline> Quand on parle du loup
2014-10-02T10:53:26 *** Ikledoreboline est parti
2014-10-02T10:56:00 *** ValCab33 s'est connecté
2014-10-02T10:56:08 <ValCab33> Hello
2014-10-02T10:56:17 <adriens33> hello
2014-10-02T11:17:25 *** heuzef est parti
2014-10-02T11:17:33 *** heuzef1 s'est connecté
2014-10-02T11:17:45 *** heuzef1 est parti
2014-10-02T11:18:12 *** heuzef s'est connecté
2014-10-02T11:55:48 *** TrappyTickles s'est connecté
2014-10-02T12:09:29 *** Ikledoreboline s'est connecté
2014-10-02T12:09:38 <Ikledoreboline> Yop re
2014-10-02T12:10:17 <adriens33> re
2014-10-02T12:10:32 <adriens33> quoi de neuf ?
2014-10-02T12:10:53 *** ValCab33 est parti
2014-10-02T12:11:37 *** Ikledoreboline est parti
2014-10-02T12:12:57 *** Ikledoreboline s'est connecté
2014-10-02T12:13:22 <Ikledoreboline> Bah, là je vais manger 3g de boug'ffe et toi ? x3
2014-10-02T12:13:23 <Berry-Punch> Bon *hic* appétit, Ikledoreboline :D
2014-10-02T12:13:31 <Ikledoreboline> Merci Berry !
2014-10-02T12:13:32 <Berry-Punch> De rien *hic* Ikledoreboline :)
2014-10-02T12:14:03 <adriens33> c'est peut 3g
2014-10-02T12:14:08 <adriens33> *epeu
2014-10-02T12:14:10 <Ikledoreboline> Alcool, bière
2014-10-02T12:14:10 <Berry-Punch> Tu en as *hic* pour moi Ikledoreboline ?
2014-10-02T12:14:11 <adriens33> *peu
2014-10-02T12:14:19 <adriens33> arrête tu vas me donner soif…
2014-10-02T12:14:49 <Ikledoreboline> x3 désolé d'avoir dit ça x3
2014-10-02T12:15:09 <adriens33> tkt ^^
2014-10-02T12:15:21 *** heuzef est parti
2014-10-02T12:15:23 <Ikledoreboline> Bah ouais, mais bon c'est ignoble
2014-10-02T12:15:24 <adriens33> moi pas grand chose de neuf$
2014-10-02T12:15:32 <adriens33> (ta femme te le dit souvent)
2014-10-02T12:15:46 <adriens33> Haaan! L'irrespect ! xD
2014-10-02T12:16:37 <Ikledoreboline> En même temps elle avale cette.. XD
2014-10-02T12:16:42 <adriens33> ...
2014-10-02T12:16:44 <adriens33> ._.
2014-10-02T12:16:57 <adriens33> [csa]il est trop tôt pour ça voyons ![/csa]
2014-10-02T12:17:07 <adriens33> Pegi 16 !
2014-10-02T12:17:19 <adriens33> namého
2014-10-02T12:18:54 *** Ikledoreboline est parti
2014-10-02T12:19:06 <adriens33> ah le ragequit :3
2014-10-02T12:23:25 *** Ikledoreboline s'est connecté
2014-10-02T12:23:59 *** ValCab33 s'est connecté
2014-10-02T12:25:17 *** Ikledoreboline est parti
2014-10-02T12:25:39 *** Ikledoreboline s'est connecté
2014-10-02T12:26:39 *** Ikledoreboline est parti
2014-10-02T12:27:08 *** Ikledoreboline s'est connecté
2014-10-02T12:27:32 *** heuzef s'est connecté
2014-10-02T12:28:32 *** ValCab33 est parti
2014-10-02T12:28:44 *** ValCab33 s'est connecté
2014-10-02T12:30:29 *** Ikledoreboline est parti
2014-10-02T12:30:49 *** Ikledoreboline s'est connecté
2014-10-02T12:32:48 *** Ikledoreboline est parti
2014-10-02T12:33:20 *** Ikledoreboline s'est connecté
2014-10-02T12:34:43 <Ikledoreboline> Mon dieu je déconecte ça poullue le chat :(
2014-10-02T12:34:54 *** ValCab33 est parti
2014-10-02T12:35:03 *** Ikledoreboline est parti
2014-10-02T12:57:12 *** heuzef est parti
2014-10-02T13:08:38 *** MaCharon s'est connecté
2014-10-02T13:08:43 <MaCharon> slt
2014-10-02T13:10:11 <adriens33> saluté
2014-10-02T13:15:35 *** ValCab33 s'est connecté
2014-10-02T13:37:33 *** Gordfang s'est connecté
2014-10-02T13:39:59 *** Gordfang est parti
2014-10-02T13:44:52 *** heuzef s'est connecté
2014-10-02T14:03:19 *** Silou s'est connecté
2014-10-02T14:35:12 *** adriens33 est parti
2014-10-02T15:29:11 *** ValCab33 est parti
2014-10-02T15:36:53 *** Gordfang s'est connecté
2014-10-02T15:38:02 *** heuzef est parti
2014-10-02T15:38:43 *** Gordfang est parti
2014-10-02T15:44:35 *** Letarumavza s'est connecté
2014-10-02T16:06:29 *** heuzef s'est connecté
2014-10-02T16:26:39 *** heuzef est parti
2014-10-02T16:32:59 *** heuzef s'est connecté
2014-10-02T16:47:23 *** heuzef est parti
2014-10-02T17:23:01 <Berry-Punch> Voilà *hic* ce qu'il s'est passé ces 10 dernières lignes, adriens33
2014-10-02T17:23:02 *** adriens33 s'est connecté
2014-10-02T18:05:22 <Letarumavza> Putain j'ai une idée
2014-10-02T18:05:27 <adriens33> salut
2014-10-02T18:05:30 <adriens33> quel genre ?
2014-10-02T18:05:30 <Letarumavza> Salut
2014-10-02T18:05:36 <adriens33> le genre explosif ou effusif ?
2014-10-02T18:05:42 <Letarumavza> poster https://www.youtube.com/watch?v=tjLr1XhBKVQ sur la page de la manif pour tous
2014-10-02T18:06:04 <adriens33> quel enfoiré... xD
2014-10-02T18:06:14 <Letarumavza> I'm gonna love and tolerate the shit out of them !
2014-10-02T18:06:34 <adriens33> bah, ça dépend. tu peux love & tolerate avec une hache dans leur tronche aussi, non ? :p
2014-10-02T18:06:57 <Letarumavza> Nan, tu me connais, je préfère une action multifrontale.
2014-10-02T18:07:03 <Letarumavza> Avec pénétration multimodale.
2014-10-02T18:07:07 <adriens33> xD
2014-10-02T18:07:16 <adriens33> en gros par devant & derrière en même temps
2014-10-02T18:07:26 <adriens33> + la bouche !
2014-10-02T18:07:33 <adriens33> (oulà… ._.)
2014-10-02T18:07:43 <Letarumavza> Saper leur orga, mettre en cause leurs arguments, et les manipuler pour briser leur rassemblement.
2014-10-02T18:07:49 <Letarumavza> On apelle ça un 3way
2014-10-02T18:07:55 <adriens33> ^^
2014-10-02T18:08:20 <Letarumavza> Mais plus de trois au plumar c'est trop...
2014-10-02T18:08:33 <Letarumavza> Faut garder un ratio >= 1/3
2014-10-02T18:13:17 <adriens33> sinon tu fais quoi de beau ?
2014-10-02T18:13:18 <adriens33> :p
2014-10-02T18:19:41 *** Ikledoreboline s'est connecté
2014-10-02T18:19:45 <Ikledoreboline> Salut les poulettes ;)
2014-10-02T18:19:59 <Letarumavza> Salut ikle
2014-10-02T18:20:06 <adriens33> yop
2014-10-02T18:20:50 <Ikledoreboline> Z'allez bien ?
2014-10-02T18:21:10 <adriens33> ouep
2014-10-02T18:25:13 <Letarumavza> yep, je fais chier la manif pour tous.
2014-10-02T18:25:29 <Ikledoreboline> why ?
2014-10-02T18:26:43 <adriens33> parce que ça l'amuse et qu'il avait rien d'autre à foutre je parie xD
2014-10-02T18:27:17 <Ikledoreboline> Leta t'as vraiment que ça à foutre ? xD
2014-10-02T18:51:01 <Letarumavza> Yep
2014-10-02T18:51:08 <Letarumavza> <Letarumavza> I'm gonna love and tolerate the shit out of them !
2014-10-02T18:51:31 <Ikledoreboline> :
2014-10-02T18:59:49 <Letarumavza> Bah techniquement, la manif pour tous c'est l'antiparticule des bronies.
2014-10-02T19:06:38 <Ikledoreboline> oh .6.
2014-10-02T19:06:42 <TrappyTickles> Tfaçons, ce nom c'est ironique :p
2014-10-02T19:06:54 <Letarumavza> Yep...
2014-10-02T19:07:04 <TrappyTickles> ils aiment rien et ils sont contre tout, et ce serait la manif pour "tous"? faut pas pousser granny smith dans les orties
2014-10-02T19:07:38 <Ikledoreboline> Des cons en bref, bon, j'afk moi.
2014-10-02T21:15:33 <Ikledoreboline> Re, muah ah ah ah.
2014-10-02T21:31:19 <adriens33> re
2014-10-02T21:53:55 <Ikledoreboline> Je vais me faire un t-shirt, exclusif x'3
2014-10-02T21:56:15 <adriens33> (bah j'en ai un exclusif aussi, mais bon faut que je le lave. ^^)
2014-10-02T21:56:20 <adriens33> tu vas mettre quoi dessus ?
2014-10-02T21:56:40 <Ikledoreboline> Vinyl et Octavia qui se frappe les deux sabots :3
2014-10-02T21:56:53 <Ikledoreboline> En-dessous mon pseudo en vert, et sur le haut, le logo de Bronycub ^^
2014-10-02T21:56:56 <adriens33> (moi y'a derpy devant avec marqué bronycub, et derrière derpy, doctor whooves et un dalek qui leur court derrière et mon pseudo dessous)
2014-10-02T21:57:14 <Ikledoreboline> Sauf que, le dessin sera fait par ma sœur héhéhé c'est tellement bon xD
2014-10-02T21:57:15 <adriens33> ^^
2014-10-02T21:57:54 <TrappyTickles> moi j'ai eu mon mien hier, celui de twilight en commandant easyglider :p
2014-10-02T21:57:59 <adriens33> ^^
2014-10-02T21:58:21 <adriens33> Letarumavza c'est quand que tu t'en fais un ? :p
2014-10-02T21:58:35 <Ikledoreboline> :3
2014-10-02T21:58:42 <adriens33> ah c'est vrai. faut que tu sortes de chez toi pour qu'on le voie, donc useless. xD
2014-10-02T21:59:08 <Ikledoreboline> Pour le coup, faut que je le dessin soit sur un t-shirt marron, car pour vinyl sur du blanc, ah hum.
2014-10-02T21:59:14 <adriens33> ouais
2014-10-02T22:03:25 <Letarumavza> re
2014-10-02T22:04:42 <Ikledoreboline> re
2014-10-02T22:06:23 <adriens33> Letarumavza: je t'ai pas réveillé au moins ? :/
2014-10-02T22:06:56 <Letarumavza> Vas sucer un cactus ! => ça répond à ta question ?
2014-10-02T22:07:00 <adriens33> ah.
2014-10-02T22:07:03 <adriens33> désolé alors :/
2014-10-02T22:07:07 <Letarumavza> Késtuveux
2014-10-02T22:07:37 <adriens33> bah rien, je demandais juste c'est quand que tu te fais un tee shirt bc, vu que ikle est en train de faire le sien et que trappy l'a eu hier. :3
2014-10-02T22:07:49 <Letarumavza> Je sais pas faire
2014-10-02T22:08:08 <adriens33> boarf, tu chope une image sur deviantart, tu va sur spreadshirt et c'est marre.
2014-10-02T22:08:16 <adriens33> t'as juste un peu d'edit a faire pour le devant pour le logo bronycub :3
2014-10-02T22:08:31 <Letarumavza> Hum...
2014-10-02T22:08:40 <Letarumavza> Vais demander à un graphiste ^^
2014-10-02T22:08:45 <adriens33> (la police c'est oswald je crois)
2014-10-02T22:08:59 <adriens33> sage décision. ^^
2014-10-02T22:09:15 <Letarumavza> Décision qui va consister à faire chier flo ^^
2014-10-02T22:09:18 <adriens33> xD
2014-10-02T22:09:23 <adriens33> pourquoi je m'en doutais... :p
2014-10-02T22:09:40 <adriens33> [troll]sinon tu peux toujours demander à Ragator qu'il te dessine un poney pour ton tee shirt... >:)[/troll]
2014-10-02T22:11:58 <Ikledoreboline> x3
2014-10-02T22:26:13 <Ikledoreboline> Du coup adriens à réussi à lever Leta, gg.
2014-10-02T22:26:30 <adriens33> bah c'est pas dur, généralement quand il va dormir il garde le casque sur la tête.
2014-10-02T22:26:47 <adriens33> du coup s'il a pas déco son pc ou éteint hexchat
2014-10-02T22:26:54 <adriens33> bah tu mentionnes son pseudo et ça le ding
2014-10-02T22:27:08 <adriens33> et voilà :p
2014-10-02T22:28:18 <Ikledoreboline> x3
2014-10-02T22:28:30 <Ikledoreboline> Moi j'ai désactivé cette fonction maudite x'3
2014-10-02T22:29:10 <adriens33> bah moi aussi, mais quand t'as l'habitude de lancer des trucs en tâche de fond et d'attendre que ça se finisse en faisant autre chose et que ton pc te sort des alertes s'il se passe un truc important/grave, bah ça peut servir. :p
2014-10-02T22:30:53 <Ikledoreboline> m'ouais un rapide coup d'oeil de temps en temps ;)
2014-10-02T22:31:08 <adriens33> bah non, quand t'as pas l'œil sur l'écran ça aide.
2014-10-02T22:31:52 <adriens33> en fait il est pratiquement h24 devant son pc, sauf quand il afk pour manger(et encore)/autres besoins vitaux/ouvrir le portail quand des foutus connards euh... des gens viennent le déranger.. euh lui rendre visite.
2014-10-02T22:31:58 <adriens33> et dormir de temps à autre
2014-10-02T22:32:24 <adriens33> j'ai déjà vu les horaires qu'il a, c'est assez déroutant. :p
2014-10-02T22:33:13 <Ikledoreboline> need voir XD
2014-10-02T22:33:27 <adriens33> ouais, non. :p
2014-10-02T22:33:38 <adriens33> déjà dans sa piaule il fait une chaleur monstre (en même temps vu le bébé qu'il a...)
2014-10-02T22:33:46 <adriens33> et il fait tout le temps tout noir :p (normal pour un geek tu me diras)
2014-10-02T22:34:44 <adriens33> mais bn tu lui demandera, c'est lui l'intéressé apres tout. :p
2014-10-02T22:34:50 <adriens33> *bon
2014-10-02T22:36:12 <Ikledoreboline> x3, je vais éviter de le réveiller $$
2014-10-02T22:36:13 <Ikledoreboline> ^^*
2014-10-02T22:36:23 <adriens33> ^^
2014-10-02T22:36:34 <adriens33> bah d'ici deux trois heures ça devrait être bon. :3
2014-10-02T22:37:31 <Letarumavza> http://img-9gag-lol.9cache.com/photo/ae3r57j_460s.jpg
2014-10-02T22:37:41 <adriens33> ^^
2014-10-02T22:37:57 <Ikledoreboline> Bah il à pas l'air de dormir. xD
2014-10-02T22:37:59 <adriens33> tiens Letarumavza tu fais quoi d'intéressant ?
2014-10-02T22:38:18 <Ikledoreboline> https://www.filepicker.io/api/file/6FwpA5emS06uVflFpbpr
2014-10-02T22:43:32 <Letarumavza> http://img-9gag-lol.9cache.com/photo/a8b3Lv6_460s.jpg
2014-10-02T22:43:47 <adriens33> :p
2014-10-02T22:44:21 <Ikledoreboline> https://www.filepicker.io/api/file/IpSFi3yDS4SiEnzf4QQm
2014-10-02T22:44:32 <adriens33> Raptor Jésus !! :3
2014-10-02T22:44:37 <Ikledoreboline> ^^
2014-10-02T22:45:21 <Ikledoreboline> Well, j'afk, je re.
2014-10-02T22:45:50 <adriens33> c'pas con sa façon de marquer son afK;
2014-10-02T22:45:51 <Ikledorelidouche> Je peux peut-être pas mettre à côté |AFK mais au moins j'ai un afk original ! xD bon à toute x)
2014-10-02T22:46:00 <adriens33> j'aime bien moi. :3
2014-10-02T22:46:02 <Letarumavza> http://img-9gag-lol.9cache.com/photo/a9Mpg46_460sa_v1.gif
2014-10-02T22:46:16 <Ikledorelidouche> att un dernier pour toi leta si je trouve
2014-10-02T22:46:29 <adriens33> tiens
2014-10-02T22:46:30 <adriens33> leta
2014-10-02T22:46:34 <Ikledorelidouche> http://i.imgur.com/y7qiLeE.jpg
2014-10-02T22:46:36 <Ikledorelidouche> Cadeau
2014-10-02T22:46:41 <Ikledorelidouche> Bon cauchemards
2014-10-02T22:46:50 <adriens33> si je compile vlc en ajoutant à gcc le flac -march=native (donc optimisation pour mon bo i980x)
2014-10-02T22:46:58 <Letarumavza> Elle charge pas l'image ikle
2014-10-02T22:47:05 <Ikledorelidouche> att
2014-10-02T22:47:07 <adriens33> je peux pas le lancer parce qu'il se plaint d'un module corrompu
2014-10-02T22:47:21 <Ikledorelidouche> https://www.filepicker.io/api/file/DqSkQHLzRVi9VY2Tai55
2014-10-02T22:47:24 <adriens33> mais si je compile en -march=x86-64 -mtune=generic (donc cpu 64bits standard)
2014-10-02T22:47:31 <adriens33> là vlc compile bien et se lance sans souci.
2014-10-02T22:47:31 <Ikledorelidouche> Et aussi pour toi le matin quand tu fais de l'humour:
2014-10-02T22:47:40 <Ikledorelidouche> https://www.filepicker.io/api/file/e9pIqMMSRNSWAum8ONnj
2014-10-02T22:47:52 <Letarumavza> ça doit venir de vlc.
2014-10-02T22:48:00 <Letarumavza> J'ai jamais eu de problèmes d'instructions.
2014-10-02T22:48:03 <adriens33> ou alors gcc détecte pas bien le cpu que j'ai
2014-10-02T22:48:08 <Ikledorelidouche> bon à toute ;)
2014-10-02T22:48:09 <adriens33> et du coup il compile de la merde
2014-10-02T22:48:31 <adriens33> en tout cas y'a que lui qui se plaint.
2014-10-02T22:48:36 <adriens33> j'ai jamais eu de souci ailleurs...
2014-10-02T22:48:40 <Letarumavza> Tain mais tu fous quoi avec tes images
2014-10-02T22:48:46 <Letarumavza> Elle charge pas...
2014-10-02T22:49:42 <adriens33> Letarumavza: elles chargent chez moi ses images...
2014-10-02T22:50:05 <adriens33> la dernière c'est un clown qui pose littéralement ses couilles sur la tronche d'un gars qui dort.
2014-10-02T22:50:49 <Letarumavza> 0o
2014-10-02T22:50:49 <adriens33> (rien que la décrire est epic... xD)
2014-10-02T22:51:30 *** ValCab33 s'est connecté
2014-10-02T22:51:36 <adriens33> salut ValCab33
2014-10-02T22:51:37 <ValCab33> Bouh
2014-10-02T22:51:49 <adriens33> *accent canadien* aaah un fantôme !
2014-10-02T22:52:02 <adriens33> qui qu'c'est-y dont que c'capharnaüm ><
2014-10-02T22:52:06 <Letarumavza> http://img-9gag-lol.9cache.com/photo/aEG225n_460s.jpg
2014-10-02T22:52:25 <ValCab33> Bon ben vwala, j'ai 18 ans, les emmerdes vont commencer :p
2014-10-02T22:52:41 <adriens33> *ERROR 404: Brain not found or response timed out*
2014-10-02T22:52:43 <Letarumavza> O0o
2014-10-02T22:52:52 <Letarumavza> Faut qu'on fête ça !
2014-10-02T22:53:22 <adriens33> ow.
2014-10-02T22:53:26 <ValCab33> Je suis pas a Bordeaux en ce moment
2014-10-02T22:55:31 <adriens33> arf
2014-10-02T22:55:34 <adriens33> téhou
2014-10-02T22:56:46 <adriens33> *veeeent*3
2014-10-02T22:57:00 <ValCab33> Chui en bretagne
2014-10-02T22:57:09 <adriens33> ah, ouais.
2014-10-02T22:57:18 <adriens33> bah salue Silou alors ^^
2014-10-02T22:57:49 <ValCab33> ^^
2014-10-02T22:58:05 <adriens33> Il fait pas trop moche là-haut ? :p
2014-10-02T22:58:10 <ValCab33> Non
2014-10-02T22:58:22 <Silou> Ici il ne pleut pas au moin
2014-10-02T22:58:24 <Silou> moins*
2014-10-02T22:58:28 <adriens33> bah ici non plus. ^^
2014-10-02T22:58:36 <ValCab33> Il a fait beau jusqu'a présent
2014-10-02T22:58:46 <ValCab33> Sauf depuis quelques jours
2014-10-02T22:58:51 <adriens33> m'aurait-on menti ? ferait-il beau en bretagne ? oO
2014-10-02T22:58:54 <adriens33> ah.
2014-10-02T22:58:54 <adriens33> xD
2014-10-02T22:58:56 <Silou> Mouai c'est relatif
2014-10-02T22:59:01 <adriens33> le "jusqu'à présent" qui veut tout dire :3
2014-10-02T22:59:34 <ValCab33> Jusqu'a présent = depuis que j'y suis, début août
2014-10-02T23:01:15 <adriens33> ok
2014-10-02T23:07:38 <Ikledoreboline> re
2014-10-02T23:07:53 <ValCab33> Hay
2014-10-02T23:08:37 <Ikledoreboline> xD
2014-10-02T23:08:48 <adriens33> putain, si j'installe vlc depuis les dépots il me segfault tout le temps, et si je le compile moi meme il me dit qu'il a des modules corrompus même si je nettoie le cache des plugins... grr
2014-10-02T23:09:01 <adriens33> et il segfault aussi de temps en temps.
2014-10-02T23:09:04 <adriens33> damn
2014-10-02T23:09:21 <ValCab33> Sa veu dir koi segfault ?
2014-10-02T23:09:28 <ValCab33> :noob:
2014-10-02T23:09:34 <adriens33> ouais, non stop là ><
2014-10-02T23:09:43 <adriens33> pas de langage sms ><
2014-10-02T23:09:51 <Ikledoreboline> Yop Valcab, yop Silou de la bretage :p
2014-10-02T23:09:54 <Ikledoreboline> Bretagne*
2014-10-02T23:09:57 <Silou> plop
2014-10-02T23:10:00 <Ikledoreboline> Désolé, j'ai pris du savon dans les yeux. xD
2014-10-02T23:10:10 <adriens33> segfault=segmentation fault, une erreur qui arrive quand un programme tente de modifier un bout de mémoire auquel il est pas sensé toucher
2014-10-02T23:10:18 <ValCab33> Ah ok
2014-10-02T23:10:19 <adriens33> généralement signe de couille quelque part dans le code.
2014-10-02T23:10:38 <adriens33> (genre un pointeur qui pointe nawak dans la mémoire par exemple, ou un tableau qu'est mal géré, etc)
2014-10-02T23:10:49 <ValCab33> Ok ok.
2014-10-02T23:10:55 <adriens33> ok j'arrête le mandarin :3
2014-10-02T23:11:22 <ValCab33> J'ai commencé a apprendre le C :p
2014-10-02T23:11:25 <adriens33> ^
2014-10-02T23:11:26 <adriens33> ^^
2014-10-02T23:11:43 <adriens33> bah les segfault tu vas en faire souvent si tu touches à l'allocation dynamique et aux pointeurs... :3
2014-10-02T23:11:54 <adriens33> c'est sensible ces petites bestioles
2014-10-02T23:12:32 <Ikledoreboline> ValCab is so hot, my cat is on fire by your fault, good job. C is wow. world. XD
2014-10-02T23:12:52 <ValCab33> Si tu veux.
2014-10-02T23:12:56 <Letarumavza> Woot ?
2014-10-02T23:13:01 <Ikledoreboline> Yup, I woul
2014-10-02T23:13:01 <Ikledoreboline> d
2014-10-02T23:13:05 <Letarumavza> Il lui prend quoi à ikle ?
2014-10-02T23:13:19 <Ikledoreboline> Rien, c'est le soir, ma pire forme de connerie s'éveille, et j'ai mal aux yeux.
2014-10-02T23:14:22 <adriens33> ta mere est au courant que la vodka dans le biberon quand t'as pas un an c'est déconseillé ? :p
2014-10-02T23:14:22 <Berry-Punch> J'adore *hic* ça !
2014-10-02T23:14:25 <adriens33> chut toi
2014-10-02T23:14:29 <ValCab33> Moi j'ai bu une bouteille de cidre. CIDER CIDER CIDER CIDER
2014-10-02T23:14:41 <Ikledoreboline> adriens ma mère n'est pas une prise con... xD
2014-10-02T23:14:50 <adriens33> ._______.
2014-10-02T23:14:52 <adriens33> okéééééé
2014-10-02T23:14:56 <adriens33> i'm out !
2014-10-02T23:15:47 <Ikledoreboline> -Adriens On -> Adriens Off-
2014-10-02T23:15:55 <Ikledoreboline> AdriOn, AdriOff yeah
2014-10-02T23:15:57 <adriens33> nan stahp
2014-10-02T23:16:01 <adriens33> stahp dis
2014-10-02T23:16:08 <adriens33> pliz
2014-10-02T23:16:09 <Ikledoreboline> Don't stop the music !
2014-10-02T23:16:10 <Ikledoreboline> xD
2014-10-02T23:16:13 <adriens33> ><
2014-10-02T23:16:15 <adriens33> leta
2014-10-02T23:16:19 <adriens33> coup de massue siouplé ?
2014-10-02T23:16:37 <adriens33> bon ok j'le fais
2014-10-02T23:16:40 * adriens33 prend une massue
2014-10-02T23:16:44 * adriens33 tape sur la tête de Ikledoreboline
2014-10-02T23:16:44 <Ikledoreboline> https://www.youtube.com/watch?feature=player_detailpage&v=yd8jh9QYfEs#t=12
2014-10-02T23:16:48 <Ikledoreboline> x_x
2014-10-02T23:17:01 * Berry-Punch meurt en silence.
2014-10-02T23:17:13 <Ikledoreboline> Pourquoi quand je le marque moi y'à marqué Berry-Punch :@
2014-10-02T23:17:14 <adriens33> c'pas toi que j'ai tapé berry c'est Ikledoreboline
2014-10-02T23:17:17 <adriens33> nan
2014-10-02T23:17:21 <adriens33> t'as fait !do machin truc
2014-10-02T23:17:22 <Letarumavza> oui ?
2014-10-02T23:17:25 <adriens33> c'est /me pour toi......
2014-10-02T23:17:33 <Ikledoreboline> La dernière fois on m'a dit do grr
2014-10-02T23:17:34 <adriens33> le !do c'est une commande du bot pas d'irc
2014-10-02T23:17:38 <adriens33> oui
2014-10-02T23:17:42 <adriens33> pour que le bot fasse un truc
2014-10-02T23:17:44 <adriens33> pas pour toi ><
2014-10-02T23:17:53 * Berry-Punch boit une bière
2014-10-02T23:17:53 <adriens33> !do boit une bière
2014-10-02T23:17:53 <Berry-Punch> Qu'est-ce *hic* que j'ai soif…
2014-10-02T23:18:00 <adriens33> /me dort
2014-10-02T23:18:01 * adriens33 dort
2014-10-02T23:18:08 <Ikledoreboline> Mon chat m'attaque le pied saloperie !
2014-10-02T23:18:14 <adriens33> Letarumavza: c'est bon me suis démerdé. t'es lent :p
2014-10-02T23:18:23 * Berry-Punch lance un muffin sur Ikledoreboline à 1764 km/h
2014-10-02T23:18:23 <Berry-Punch> MUFFIN *hic* RAINBOOM !!
2014-10-02T23:18:23 <ValCab33> !muffin Ikledoreboline
2014-10-02T23:18:30 <ValCab33> Yay
2014-10-02T23:18:35 * Berry-Punch lance un muffin sur ValCab33 à 3753 km/h
2014-10-02T23:18:35 <Berry-Punch> MUFFIN *hic* RAINBOOM !!
2014-10-02T23:18:36 * Berry-Punch lance un muffin sur ValCab33 à 2946 km/h
2014-10-02T23:18:36 <Berry-Punch> MUFFIN RAINBOOM *hic* !!
2014-10-02T23:18:44 <Ikledoreboline> :3
2014-10-02T23:18:53 <adriens33> Ikledoreboline: je vois qu'on a eu la même idée. ^^
2014-10-02T23:19:01 <Ikledoreboline> Toujours ! xD
2014-10-02T23:19:01 <ValCab33> Tricheur, t'as mi le m :p
2014-10-02T23:19:08 <adriens33> je triche pas.
2014-10-02T23:19:16 * Berry-Punch lance un muffin sur ValCab33 à 569 km/h
2014-10-02T23:19:16 <Ikledoreboline> !muffin ValCab33
2014-10-02T23:19:19 <Ikledoreboline> enkilay
2014-10-02T23:19:20 <Ikledoreboline> xD
2014-10-02T23:19:22 <adriens33> je tire parti d'une petite modif que j'ai fait sur mon bot. :3
2014-10-02T23:19:28 <adriens33> c'est tout petit !
2014-10-02T23:19:29 <adriens33> (ctb)
2014-10-02T23:20:00 * Berry-Punch lance un muffin sur adriens33 à 2892 km/h
2014-10-02T23:20:00 <Berry-Punch> MUFFIN RAINBOOM *hic* !!
2014-10-02T23:20:06 <adriens33> aïeuh
2014-10-02T23:20:14 * Berry-Punch lance un muffin sur Ikledoreboline à 3710 km/h
2014-10-02T23:20:14 <Berry-Punch> MUFFIN RAINBOOM *hic* !!
2014-10-02T23:20:19 <adriens33> mouhaha.
2014-10-02T23:20:24 * Berry-Punch lance un muffin sur Ikledoreboline à 3259 km/h
2014-10-02T23:20:24 <Berry-Punch> MUFFIN *hic* RAINBOOM !!
2014-10-02T23:20:25 * Berry-Punch lance un muffin sur Ikledoreboline à 2474 km/h
2014-10-02T23:20:25 <Berry-Punch> MUFFIN RAINBOOM *hic* !!
2014-10-02T23:20:25 * Berry-Punch lance un muffin sur Ikledoreboline à 2715 km/h
2014-10-02T23:20:25 <Berry-Punch> MUFFIN *hic* RAINBOOM !!
2014-10-02T23:20:25 * Berry-Punch lance un muffin sur Ikledoreboline à 3779 km/h
2014-10-02T23:20:25 <Berry-Punch> MUFFIN RAINBOOM !! *hic* 
2014-10-02T23:20:26 * Berry-Punch lance un muffin sur Ikledoreboline à 2761 km/h
2014-10-02T23:20:26 <Berry-Punch> MUFFIN RAINBOOM !! *hic* 
2014-10-02T23:20:26 * Berry-Punch lance un muffin sur Ikledoreboline à 3251 km/h
2014-10-02T23:20:26 <Berry-Punch> MUFFIN RAINBOOM *hic* !!
2014-10-02T23:20:27 * Berry-Punch lance un muffin sur Ikledoreboline à 2045 km/h
2014-10-02T23:20:27 <Berry-Punch> MUFFIN *hic* RAINBOOM !!
2014-10-02T23:20:29 * Berry-Punch lance un muffin sur Ikledoreboline à 2665 km/h
2014-10-02T23:20:29 <Berry-Punch> MUFFIN RAINBOOM *hic* !!
2014-10-02T23:20:31 * Berry-Punch lance un muffin sur Ikledoreboline à 2360 km/h
2014-10-02T23:20:31 <Berry-Punch> MUFFIN *hic* RAINBOOM !!
2014-10-02T23:20:37 <adriens33> hmm.
2014-10-02T23:20:45 <Letarumavza> TA GUEULE !!!!!!!!!!!!!
2014-10-02T23:20:49 <Ikledoreboline> Tu te calmes bordel !
2014-10-02T23:20:50 <adriens33> .__.
2014-10-02T23:21:03 <adriens33> Letarumavza: heu... non.
2014-10-02T23:21:04 <Ikledoreboline> https://www.youtube.com/watch?v=68ugkg9RePc
2014-10-02T23:21:09 <adriens33> Ikledoreboline: c'est toi qui me dis ça ? :p
2014-10-02T23:21:14 <Ikledoreboline> Pour la peine, vous aurez cette musique dans la tête !
2014-10-02T23:21:20 <Ikledoreboline> JE SUIS CALME BORDEL DE DIEU
2014-10-02T23:21:22 <adriens33> (m'en fous je look pas ton lien)
2014-10-02T23:21:23 <Ikledoreboline> .-.
2014-10-02T23:21:43 <Ikledoreboline> I'm blue da ba de da ba da .-.
2014-10-02T23:21:44 <Ikledoreboline> xD
2014-10-02T23:22:07 <adriens33> Letarumavza: je te prierai de pas me gueuler dessus. c'est le meilleur moyen de me foutre de mauvais poil. :3
2014-10-02T23:22:08 <Ikledoreboline> Musique à fond my lord !
2014-10-02T23:22:20 <Ikledoreboline> adriens33: déjà que ta pas de poil.
2014-10-02T23:22:21 <Ikledoreboline> xD
2014-10-02T23:22:31 <adriens33> qu'est ce que t'en sais toi ?
2014-10-02T23:22:37 <Ikledoreboline> Je veux pas savoir..
2014-10-02T23:22:39 <adriens33> t'es pas v'nu voir que je sache.
2014-10-02T23:22:41 <adriens33> ><
2014-10-02T23:22:50 <Ikledoreboline> http://www.loufok.fr/images/homme-le-plus-poilu-du-monde.jpg
2014-10-02T23:22:54 <Ikledoreboline> Si
2014-10-02T23:22:54 <adriens33> pff.
2014-10-02T23:22:55 <Ikledoreboline> Regarde
2014-10-02T23:22:56 <Ikledoreboline> xD
2014-10-02T23:23:10 <adriens33> bahnon t'es pas venu voir si j'avais des poils ou pas.
2014-10-02T23:23:15 <adriens33> j'te le permettrai pas
2014-10-02T23:23:17 <adriens33> ça te regarde pas
2014-10-02T23:23:23 <Ikledoreboline> Regarde le lien plus haut. xD
2014-10-02T23:23:27 <adriens33> non
2014-10-02T23:23:29 <adriens33> j'ai pas envie
2014-10-02T23:23:31 <Ikledoreboline> Pourquoi ? x)
2014-10-02T23:23:35 <adriens33> parce que
2014-10-02T23:23:39 <Ikledoreboline> Parce que quoi ?
2014-10-02T23:23:40 <Letarumavza> http://youtu.be/njPWBTIv9qw
2014-10-02T23:24:40 <Ikledoreboline> m/
2014-10-02T23:24:52 <Letarumavza> Euh...
2014-10-02T23:24:53 <adriens33> Ikledoreboline: qu'est-ce qu'il t'arrive à toi ?
2014-10-02T23:25:00 <Letarumavza> C'est pas vraiment du métal ça...
2014-10-02T23:25:19 <Ikledoreboline> Know. Bah quoi qu'est-ce qu'il m'arrive ? ^^
2014-10-02T23:25:32 <adriens33> bah j'sais pas
2014-10-02T23:25:39 <adriens33> ton « m/ » c'est pour quoi ?
2014-10-02T23:25:56 <Letarumavza> https://www.youtube.com/watch?v=BpAJwzbVyM8
2014-10-02T23:26:06 <Letarumavza> ça déjà c'est plus metal.
2014-10-02T23:26:25 <Ikledoreboline> Bah fait le avec une de tes mains .-.
2014-10-02T23:26:49 <adriens33> Ikledoreboline: faire quoi ? oO
2014-10-02T23:27:03 <Ikledoreboline> m/
2014-10-02T23:27:05 * Letarumavza facehoof.
2014-10-02T23:27:11 <adriens33> ... ?
2014-10-02T23:27:23 <adriens33> tu vas t'expliquer clairement à la fin bordel de merde?
2014-10-02T23:27:35 <Ikledoreboline> Ya pas grand chose à expliquer XD
2014-10-02T23:27:37 <Letarumavza> t'es tendu
2014-10-02T23:27:40 <Letarumavza> a pas fait caca ?
2014-10-02T23:27:46 <adriens33> ...
2014-10-02T23:28:23 <Ikledoreboline> C'est un émoticon qui était en relation avec la vidéo envoyé précédemment par Sir Leta.
2014-10-02T23:28:37 <Letarumavza> émoticon ?
2014-10-02T23:28:41 <Ikledoreboline> D'autres questions peut-être ou faut détendre l'atmosphère en parlant comme à l'époque des anciens ?
2014-10-02T23:28:43 * Letarumavza facedesk.
2014-10-02T23:28:55 <adriens33> vas y fous toi de ma gueule.... ><
2014-10-02T23:30:13 <Ikledoreboline> Bah, c'est toi qui tendu, un slip trop tendu ça craque au bout d'un moment, évite de casser l'élastique, mais sinon on est plus ou moins ici pour discuter de connerie, parler de chose intelligente ou autre, par pour se foutre sur la gueule ou emplir de haine tel personne. Détends toi dude.
2014-10-02T23:30:55 * Letarumavza lance un pavé sur Ikledoreboline.
2014-10-02T23:31:09 <Letarumavza> Ta gueule le saladier !
2014-10-02T23:31:34 * Ikledoreboline utilise la technique de Chuck Norris et le renvoi.
2014-10-02T23:31:49 <Letarumavza> Seul chuck utilise ses techniques.
2014-10-02T23:32:06 <Ikledoreboline> C'est pour ça que je me suis cassé la jambe justement. XD
2014-10-02T23:32:39 <Ikledoreboline> Les gars... https://scontent-a-fra.xx.fbcdn.net/hphotos-xpf1/v/t1.0-9/s526x296/10577044_846165625416584_583655341253102771_n.jpg?oh=7e24bfecce6d63e42ddc538a507c0385&oe=54C0311E Half-life 3 confirmé !
2014-10-02T23:32:40 <Ikledoreboline> xD
2014-10-02T23:34:08 <Ikledoreboline> Sinon... Vous connaissez... Alf le loup ?
2014-10-02T23:34:16 * Ikledoreboline prend la porte avec lui et s'en va.
2014-10-02T23:34:32 <adriens33> ...
2014-10-02T23:34:42 <Letarumavza> ...
2014-10-02T23:34:45 <Ikledoreboline> ...
2014-10-02T23:34:46 <Letarumavza> Je peux le kick ?
2014-10-02T23:35:00 <Ikledoreboline> .-.
2014-10-02T23:35:08 <adriens33> nan, ça va foutre une mauvaise réputation encore...
2014-10-02T23:35:27 <adriens33> tiens en parlant de kick, ça fait un moment que j'ai pas vu ludvann. quelqu'un sait s'il est vivant ou quoi ?
2014-10-02T23:35:33 <Ikledoreboline> Il peut, de toute façon je vais regarder une série, et je reviendrais pas après, donc du coup bonne nuit maintenant et si il veut mumuse. XD
2014-10-02T23:35:47 <Ikledoreboline> ludvann parler la semaine dernière sur steam rapido
2014-10-02T23:36:05 <adriens33> ouais mais jusqu'à y'a pas tres longtemps il venait souvent sur irc
2014-10-02T23:36:28 <Ikledoreboline> Peut-être à t-il moins de temps, si je le croise je lui demanderais.
2014-10-02T23:58:21 <Ikledoreboline> Bon aller, oyasuminasai !
2014-10-02T23:58:35 *** Ikledoreboline est parti
