2014-07-15T01:04:36 *** Eclipse2212 s'est connecté
2014-07-15T01:04:43 <Eclipse2212> Chalut
2014-07-15T01:05:21 <Berry-Punch> Voilà ce qu'il s'est passé ces 10 dernières lignes, adriens33 *hic* 
2014-07-15T01:05:22 *** adriens33 s'est connecté
2014-07-15T01:06:41 <adriens33> 'soir
2014-07-15T01:06:52 <adriens33> y'a des gens qui sont présents là ?
2014-07-15T01:12:13 *** wildfier est parti
2014-07-15T01:13:37 <Eclipse2212> Mouais
2014-07-15T01:14:25 * Berry-Punch lance un muffin sur adriens33 à 100 km/h
2014-07-15T01:14:25 <Eclipse2212> !muffin adriens33
2014-07-15T01:14:57 <Eclipse2212> Muffin adriens33
2014-07-15T01:15:08 * Berry-Punch lance un muffin sur adriens33 à 1623 km/h
2014-07-15T01:15:08 <Berry-Punch> MUFFIN *hic* RAINBOOM !!
2014-07-15T01:15:08 <Eclipse2212> !muffin adriens33
2014-07-15T01:15:28 <Eclipse2212> Ah bah voilà!
2014-07-15T01:18:01 * Berry-Punch lance un muffin sur Eclipse2212 à 3283 km/h
2014-07-15T01:18:01 <Berry-Punch> MUFFIN *hic* RAINBOOM !!
2014-07-15T01:18:35 <Eclipse2212> Bah pas drôle le !muffin via /msg
2014-07-15T01:18:44 <adriens33> pourquoi ?
2014-07-15T01:19:03 <Eclipse2212> Parce que après on sait pas qui c'est
2014-07-15T01:42:53 <adriens33> bon, moi je vais aller dormir…
2014-07-15T01:42:56 *** adriens33 est parti
2014-07-15T01:53:48 <Eclipse2212> L'ETA?
2014-07-15T01:54:24 <Eclipse2212> *Leta (désolé trad auto de mon clavier)
2014-07-15T01:54:32 <Eclipse2212> T'est la?
2014-07-15T02:04:01 *** Eclipse2212 est parti
2014-07-15T04:42:09 *** Letarumavza est parti
2014-07-15T05:12:20 *** BronyCUB-MC est parti
2014-07-15T05:20:35 *** BronyCUB-MC s'est connecté
2014-07-15T06:55:08 <Berry-Punch> Voilà ce *hic* qu'il s'est passé ces 10 dernières lignes, adriens33
2014-07-15T06:55:10 *** adriens33 s'est connecté
2014-07-15T07:19:08 *** Letarumavza s'est connecté
2014-07-15T07:20:34 <adriens33> plop
2014-07-15T07:20:48 <Letarumavza> salut
2014-07-15T07:20:58 <adriens33> punaise, réveillé 5mn avant le réveil…
2014-07-15T07:20:59 <adriens33> grr…
2014-07-15T07:21:00 <adriens33> XD
2014-07-15T07:21:03 <Letarumavza> Fuck ma connexion de merde...
2014-07-15T07:21:07 <adriens33> arf
2014-07-15T07:21:19 <adriens33> comment se porte ta réinstall ?
2014-07-15T07:21:22 <Letarumavza> En laissant toute la nuit, le DL de wow n'est qu'à 50%
2014-07-15T07:21:36 <Letarumavza> (bon le jeu fait 23Go faut dire)
2014-07-15T07:22:00 <adriens33> tu veux que je te dl des trucs ?
2014-07-15T07:22:30 <Letarumavza> Hum non... mais il me faut un truc pour remplacer winamp.
2014-07-15T07:22:42 <adriens33> oulà
2014-07-15T07:22:42 <Letarumavza> Et foobar gère pas le 7.1
2014-07-15T07:22:54 <adriens33> tu peux pas retrouver la version que t'avais ?
2014-07-15T07:22:57 <adriens33> ou c'est plus dispo ?
2014-07-15T07:24:52 <Letarumavza> Je vois plus la version pro
2014-07-15T07:25:16 <Letarumavza> Je dl la Version "full" je vais bien voir à quoi elle ressemble
2014-07-15T07:31:15 <Letarumavza> Et voila, la new version de winamp supporte l'output 24bits en 7.1
2014-07-15T07:31:49 <adriens33> ouah
2014-07-15T07:31:52 <adriens33> cool
2014-07-15T07:32:01 <Letarumavza> ouah toi même
2014-07-15T07:32:06 <Letarumavza> espèce de clébar !
2014-07-15T07:32:07 <adriens33> tu vas pouvoir t'en coller plein les oreilles :p
2014-07-15T07:32:09 <adriens33> ?
2014-07-15T07:32:30 <Letarumavza> Dat 404 que tu me fais là ^^
2014-07-15T07:32:38 <adriens33> c'toi le 404
2014-07-15T07:32:43 <adriens33> :p
2014-07-15T07:32:53 <Letarumavza> Yeah, that's the spirit !
2014-07-15T07:32:57 <adriens33> c'était tellement gratuit… XD
2014-07-15T07:33:21 <Letarumavza> Comme ta femme !
2014-07-15T07:33:25 <adriens33> XD
2014-07-15T07:33:51 <adriens33> T'as une sacrée pêche toi ce matin ^^
2014-07-15T07:34:09 <Letarumavza> cmb
2014-07-15T07:34:19 <Letarumavza> Hum...
2014-07-15T07:34:25 <Letarumavza> Faut voir...
2014-07-15T07:34:38 <Letarumavza> Un "ta femme me le dit souvent aurait mieux marché en fait"
2014-07-15T07:34:51 <adriens33> ouais, ç'aurait marché aussi
2014-07-15T07:34:52 <adriens33> ^^
2014-07-15T07:35:30 <Letarumavza> Tu sais, perdre mes données ne change pas qui je suis.
2014-07-15T07:35:44 <adriens33> j'ai pas dit le contraire ^^
2014-07-15T07:35:49 <Letarumavza> Dans six mois je serai de retour, plus optimisé et dangereux que jamais ^^
2014-07-15T07:35:52 <adriens33> ^^
2014-07-15T07:36:11 <Letarumavza> Aujourd'hui je sais pas ce que je vais faire...
2014-07-15T07:36:17 <adriens33> boire une bière ?
2014-07-15T07:36:17 <Berry-Punch> Qu'est-ce que j'ai *hic* soif…
2014-07-15T07:36:24 <Letarumavza> Pas faux ^^
2014-07-15T07:37:21 <Letarumavza> Putain la gestion des basses
2014-07-15T07:37:28 <Letarumavza> J'en ai le cul qui frétile !
2014-07-15T07:37:30 <adriens33> XD
2014-07-15T07:38:01 <adriens33> D'ailleurs en parlant de bière ça te dit que je ramène mon cul avec du ravitaillement ce soir ou t'as ce qu'il te faut ?
2014-07-15T07:38:01 <Berry-Punch> Qu'est-ce que *hic* j'ai soif…
2014-07-15T07:38:10 <adriens33> Berry, la ferme…
2014-07-15T07:38:15 <Letarumavza> Je suis à sec ^^'
2014-07-15T07:38:27 <adriens33> Ta femme te l'dit souvent.
2014-07-15T07:38:33 <adriens33> (désolé XD)
2014-07-15T07:38:39 <Letarumavza> Forcément, je vide tout dans la tienne ^=
2014-07-15T07:38:42 <adriens33> …
2014-07-15T07:38:54 <Letarumavza> retour de vanne dans ton cul ma grosse ^^
2014-07-15T07:39:12 <adriens33> c'que j'ai pris dans la tronche XD
2014-07-15T07:39:21 <Letarumavza> Euh... comme ta femme ?
2014-07-15T07:39:24 <adriens33> ^^
2014-07-15T07:39:41 <Letarumavza> Bon...
2014-07-15T07:39:50 <Letarumavza> Je vais attaquer quelle dev en premier...
2014-07-15T07:40:24 <Letarumavza> Probablement mon API et mon gestionaire de modules, c'est ce qui me permettra de coder plus vite après.
2014-07-15T07:41:01 <Letarumavza> Mais ce coups ci, on va faire une API légèrement différente et opensource, et on la collera sur sourceforge
2014-07-15T07:41:07 <Letarumavza> T'en penses quoi ?
2014-07-15T07:41:18 <adriens33> Que ça peut être une super idée ^^
2014-07-15T07:41:40 <Letarumavza> Rendre disponible la clef du codage algorithmique. ^^
2014-07-15T07:42:09 <adriens33> Apres, sourceforge je sais pas si c'est la meilleure idée… Github peut être ?
2014-07-15T07:42:21 <Letarumavza> Ou alors j'en fais deux versions. Une simple gratuite et opensource, et une payante plus complète.
2014-07-15T07:42:57 <adriens33> l'avantage de l'opensourcer c'est que tu peux avoir des contributions sur ton taf
2014-07-15T07:43:00 <adriens33> pour l'améliorer.
2014-07-15T07:43:11 <adriens33> un pt de vue extérieur c'est toujours bon à prendre.
2014-07-15T07:43:13 <Letarumavza> Mais la payante permet de rémunérer mon taf et de pouvoir me concentrer dessus.
2014-07-15T07:43:17 <adriens33> aussi;
2014-07-15T07:43:25 <Letarumavza> Ou opensource avec des dons ?
2014-07-15T07:43:33 <Letarumavza> (je doute que ça soit rentable comme modèle)
2014-07-15T07:43:44 <Letarumavza> Quoique...
2014-07-15T07:44:40 <adriens33> Bon, je vais devoir te laisser réfléchir, je re vers ~ 9h30.
2014-07-15T07:44:45 <adriens33> (bus, taf, tout ça…)
2014-07-15T07:44:48 <Letarumavza> L'ancienne api gérait : python, java, C, C++, C#, Objective C, Powershell, Javascript...
2014-07-15T07:44:49 <Letarumavza> Ok
2014-07-15T07:45:10 <Letarumavza> VB er ruby aussi tien d'ailleurs ^^
2014-07-15T07:49:55 <adriens33> foutu clé usb…
2014-07-15T07:49:59 <adriens33> c'est trop lent…
2014-07-15T07:53:35 <adriens33> j'adore le cache… Pacman qui me sort que tous les paquets du cache sont corrompus… (c'est une install sur hdd ext que j'essaie d'update…)
2014-07-15T07:57:18 <Letarumavza> arf
2014-07-15T08:04:29 *** wildfier s'est connecté
2014-07-15T08:04:35 <adriens33> hello wildfier
2014-07-15T08:04:40 <adriens33> pas trop décalqué ? ^^
2014-07-15T08:06:00 <Letarumavza> ?
2014-07-15T08:06:02 <wildfier> yop
2014-07-15T08:06:13 <wildfier> et étrangement non
2014-07-15T08:06:26 <adriens33> Letarumavza:  ben hier apres le feu d'artifice on a été manger / boire un coup apres
2014-07-15T08:06:33 <adriens33> je suis rentré vers 1h du mat moi
2014-07-15T08:06:40 <wildfier> idem
2014-07-15T08:06:42 <adriens33> j'avais la tête dans le cul tout à l'heure…
2014-07-15T08:06:54 <adriens33> vive le café
2014-07-15T08:07:01 <wildfier> yep
2014-07-15T08:07:09 <wildfier> je suis en train de faire le mien
2014-07-15T08:07:39 <adriens33> ^^
2014-07-15T08:11:25 <adriens33> Bon, cette fois-ci j'y vais, j'espère que je louperai pas le bus de 8h29…
2014-07-15T08:11:30 <adriens33> à toute les gens
2014-07-15T08:11:39 *** adriens33 est parti
2014-07-15T09:06:03 *** wildfier est parti
2014-07-15T09:08:29 *** heuzef s'est connecté
2014-07-15T09:12:46 *** Gordfang s'est connecté
2014-07-15T09:19:00 *** Gordfang est parti
2014-07-15T09:36:20 *** Shinsaber s'est connecté
2014-07-15T09:37:21 <Shinsaber> salut /)
2014-07-15T09:41:46 <Letarumavza> Salut
2014-07-15T09:42:18 *** Gordfang s'est connecté
2014-07-15T09:42:45 <Gordfang> re
2014-07-15T09:43:24 <Letarumavza> re
2014-07-15T09:43:58 <Berry-Punch> Voilà ce qu'il s'est passé ces 10 dernières lignes, *hic* adriens33
2014-07-15T09:43:59 *** adriens33 s'est connecté
2014-07-15T09:44:13 <adriens33> plop
2014-07-15T09:44:21 <Shinsaber> plop
2014-07-15T10:13:45 <heuzef> plop
2014-07-15T10:13:45 <heuzef> RIP Letarumavza au faite
2014-07-15T10:13:45 <heuzef> j'ai appris pour ton coup dur
2014-07-15T10:13:45 <Gordfang> a cause de ces disque?
2014-07-15T10:13:46 <heuzef> ouais
2014-07-15T10:13:50 <Letarumavza> yep, 2.5To de données de travail au tas
2014-07-15T10:13:50 <Gordfang> sa me rapelle qu'il faut que je mette mes back up a jour moi
2014-07-15T10:14:11 <Letarumavza> Si t'as un disque dur WD ne mets pas à jour le firmware en étant sous archlinux
2014-07-15T10:14:22 <Letarumavza> C'est comme ça que j'ai eu mon crash en cascade...
2014-07-15T10:14:39 <adriens33> perso je met jamais le firmware des hdd, histoire de pas avoir de merde qui me tombe sur le pif.
2014-07-15T10:14:45 <heuzef> Ouais ba je ferais pas de maj firmware du tous à mon avis
2014-07-15T10:14:55 <adriens33> le bios pareil, j'y touche que quand c'est nécessaire.
2014-07-15T10:15:10 <Letarumavza> bah j'avais un pb de vitesse de transfert...
2014-07-15T10:15:10 <adriens33> (c'est à dire quand une version n+1 permet de corriger un bug qui me gêne)
2014-07-15T10:15:17 <adriens33> ah
2014-07-15T10:15:22 <Letarumavza> sinon j'aurais pas mis la nouvelle version...
2014-07-15T10:15:26 <adriens33> :/
2014-07-15T10:15:39 <adriens33> faudra prévoir des sauvegardes multiples
2014-07-15T10:15:55 <adriens33> (comme des boites noires quoi)
2014-07-15T10:16:02 <heuzef> Letarumavza il te faut un petit nas chez toi pour un backup local
2014-07-15T10:16:44 *** Letarumavza est parti
2014-07-15T10:17:14 *** Letarumavza s'est connecté
2014-07-15T11:06:31 <Letarumavza> Bon...
2014-07-15T11:06:40 <Letarumavza> J'ai retrouvé un projet que j'avais abandoné sur mon dédié
2014-07-15T11:06:53 <Letarumavza> Un jeu plateforme/action 2D
2014-07-15T11:07:07 <Letarumavza> Tout le travail préliminaire est fini y'a que le code à dev.
2014-07-15T11:26:39 *** BronyCUB-MC est parti
2014-07-15T11:26:44 *** wildfier s'est connecté
2014-07-15T11:26:45 <wildfier> yop
2014-07-15T11:26:45 <Berry-Punch> Voilà ce qu'il s'est passé *hic* ces 10 dernières lignes, wildfier
2014-07-15T11:26:46 <wildfier> !history
2014-07-15T11:26:52 <wildfier> tiens
2014-07-15T11:26:58 <wildfier> tu m'intéresse là leta ^^
2014-07-15T11:27:56 <adriens33> hello wildfier
2014-07-15T11:29:07 <Letarumavza> Hum
2014-07-15T11:29:23 <Letarumavza> Bah j'ai l'intégralité du travail préliminaire sous le pif
2014-07-15T11:29:37 <Letarumavza> Me faut un graphiste et ça devrait pouvoir avancer ^^
2014-07-15T11:30:49 <wildfier> je peux voir le doc ?
2014-07-15T11:31:12 <wildfier> parce que si t'as un projet sérieux de dev de jeu je suis vraiment intéressé
2014-07-15T11:31:24 <wildfier> et puis ça serait l'occase de bosser avec toi :)
2014-07-15T11:32:06 <adriens33> limite en faire un proj de groupe, wildfier qui code et pour le graphiste ptet demander à heuzef ?
2014-07-15T11:32:10 <adriens33> quoi vous en pensez ?
2014-07-15T11:32:37 <Letarumavza> Du moment que je garde le lead du projet ça me va
2014-07-15T11:33:00 <wildfier> y a Elidyros aussi qui est graphiste il me semble
2014-07-15T11:33:17 <wildfier> @leta: oui si c'est ton projet ça reste la base que tu soit lead ^^
2014-07-15T11:33:30 <Letarumavza> Mouais, m'enfin là c'est des sprites 2D de 128x
2014-07-15T11:33:37 <heuzef> Yo
2014-07-15T11:33:53 <Letarumavza> Donc faut surtout quelqu'un qui soit capable de faire un texture pack de MC
2014-07-15T11:34:09 <Letarumavza> C'est quasi le même format de database.
2014-07-15T11:34:10 <heuzef> En graphiste débutant on à Macharon
2014-07-15T11:34:11 <heuzef> Graphiste Amateur : Calimeroor / Elydiros / Ragator
2014-07-15T11:34:12 <heuzef> Professionnel : Heuzef
2014-07-15T11:34:42 <heuzef> A ma connaissance mais liste non exhaustive
2014-07-15T11:35:41 <Letarumavza> Bah de base j'étais parti à faire une base super simple
2014-07-15T11:35:55 <Letarumavza> aka carrés roses et verts avec nom du block au millieu
2014-07-15T11:36:24 <heuzef> Future atelier ? =)
2014-07-15T11:36:25 <wildfier> c'est sur qu'en attendant les graphiste c'est pas mal ^^
2014-07-15T11:36:29 <Letarumavza> wild, si tu veux voir la dox, hésites pas ç passer me voir ^^
2014-07-15T11:36:36 <wildfier> yep
2014-07-15T11:36:40 <heuzef> Création de jeu ça collerais bien avec Raga et Elydiros je pense
2014-07-15T11:36:50 <wildfier> faut que je participe à un de tes barbeuq XD
2014-07-15T11:37:05 <Letarumavza> Je ne sais pas. Sachant que je compte préparer le jeu en
2014-07-15T11:37:07 <Letarumavza> C
2014-07-15T11:37:19 <wildfier> yay du c !
2014-07-15T11:37:20 <Letarumavza> Via les fonctions 2D de l'openGL
2014-07-15T11:37:37 <Letarumavza> Pour faire une version linux et win.
2014-07-15T11:37:56 <wildfier> j'allais demander cross-platform, mais tu viens d'y répondre ^^
2014-07-15T11:38:33 <Letarumavza> Dans un premier temps win32+unix, ensuite pourquoi pas aller vers du android//IOS
2014-07-15T11:38:52 <wildfier> nice :)
2014-07-15T11:38:59 <wildfier> foss ?
2014-07-15T11:39:01 <Letarumavza> (sachant que le portage windows phone est natif depuis une app win32)
2014-07-15T11:39:11 <wildfier> nice
2014-07-15T11:39:43 <Letarumavza> En fait dans 2/3 des cas t'as rien à modif sur de la 2D quand tu portes sur winphone
2014-07-15T11:39:59 <Letarumavza> Les deux sont en win32, donc tu rameutes juste les dlls
2014-07-15T11:40:10 <heuzef> wildfier attention toi, je t'es déjà réservé en 1er pour le dev de la V3 ^^
2014-07-15T11:40:23 <wildfier> mais je suis dessus tkt
2014-07-15T11:40:33 <wildfier> je suis en train de regarder pour faire le login là
2014-07-15T11:40:37 <heuzef> ^^
2014-07-15T11:40:52 <Letarumavza> D'ailleurs...
2014-07-15T11:41:02 <Letarumavza> Je pense qu'un  portage console est largement possible
2014-07-15T11:41:07 <Letarumavza> Le gameplay s'y prète.
2014-07-15T11:43:07 <Letarumavza> Tu peux passer quand chez moi wild ?
2014-07-15T11:43:21 <Letarumavza> @flo, plus de 4 dans une équipe c'est le merdier.
2014-07-15T11:56:00 *** Gordfang est parti
2014-07-15T11:56:07 *** adriens33 est parti
2014-07-15T11:56:11 *** Shinsaber est parti
2014-07-15T11:56:14 *** heuzef est parti
2014-07-15T11:56:16 *** wildfier est parti
2014-07-15T11:56:16 *** Letarumavza est parti
2014-07-15T12:03:45 *** heuzef s'est connecté
2014-07-15T12:03:45 *** wildfier s'est connecté
2014-07-15T12:03:45 *** Gordfang s'est connecté
2014-07-15T12:03:45 *** adriens33 s'est connecté
2014-07-15T12:03:45 *** Shinsaber s'est connecté
2014-07-15T12:03:48 <Berry-Punch> Flags *hic* de wildfier modifiés : +v
2014-07-15T12:03:48 <adriens33> !voice wildfier
2014-07-15T12:03:48 <adriens33> berry…
2014-07-15T12:03:49 <adriens33> ^^
2014-07-15T12:04:22 <wildfier> yay !
2014-07-15T12:04:51 <adriens33> ^^
2014-07-15T12:05:06 <adriens33> Y'a plus qu'a attendre que tout le monde revienne.
2014-07-15T12:05:18 <adriens33> Perso je vais aller chasser le miam.
2014-07-15T12:05:18 <Berry-Punch> Bon appétit, *hic* adriens33 :D
2014-07-15T12:14:23 *** heuzef est parti
2014-07-15T12:31:22 *** Gordfang est parti
2014-07-15T12:34:29 *** wildfier est parti
2014-07-15T12:41:11 <adriens33> re
2014-07-15T12:41:17 <adriens33> (mais y'a personne…)
2014-07-15T12:52:04 *** LEtarumavza s'est connecté
2014-07-15T12:52:19 <Letarumavza> Bon, petits updates faits
2014-07-15T12:52:26 <adriens33> re
2014-07-15T12:52:28 <Letarumavza> Et wow fini de DL !
2014-07-15T12:52:31 <adriens33> cool
2014-07-15T12:52:36 <adriens33> t'as tes saves ?
2014-07-15T12:52:51 <adriens33> (c'est un jeu en ligne, je suis trop con…)
2014-07-15T12:52:54 <adriens33> désolé
2014-07-15T12:53:12 <Letarumavza> ...
2014-07-15T12:53:17 <Letarumavza> Je la screen
2014-07-15T12:53:22 <Letarumavza> Et je la garde celle là !
2014-07-15T12:53:34 <adriens33> Comme tu veux ^^
2014-07-15T12:57:40 <Berry-Punch> Flags de Letarumavza modifiés *hic* : +v
2014-07-15T12:57:40 <adriens33> !voice Letarumavza
2014-07-15T13:03:22 *** Letarumavza s'est connecté
2014-07-15T13:03:51 <Letarumavza> Donc il est possible de s'autokick
2014-07-15T13:05:42 <Berry-Punch> Salut *hic* tout le monde !
2014-07-15T13:05:43 *** Berry-Punch s'est connecté
2014-07-15T13:06:00 <adriens33> Mais en langage plus bas niveau ça laissera plus de possibilité (et pourquoi pas d'aller plus loin dans le développement)
2014-07-15T13:09:29 *** ValCab33 s'est connecté
2014-07-15T13:09:31 <Letarumavza> Oui et non
2014-07-15T13:09:40 <ValCab33> Hello
2014-07-15T13:09:47 <Letarumavza> Techniquement le python est un langage haut niveau
2014-07-15T13:09:57 <Letarumavza> Et pourtant il est particulièrement adapté aux bots.
2014-07-15T13:10:34 <adriens33> pas faux…
2014-07-15T13:10:47 <adriens33> 'fin le python c'est pas du shell scripting.
2014-07-15T13:10:58 <Letarumavza> ex-grattement
2014-07-15T13:11:07 <adriens33> il faut vraiment que j'apprenne à utiliser ce langage…
2014-07-15T13:11:15 <adriens33> depuis le temps que j'en entends du bien
2014-07-15T13:11:38 <Letarumavza> C'est un peu le deus ex machina pour les problèmes de portabilité.
2014-07-15T13:11:49 <Letarumavza> Aussi bien branlé que le C++, aussi portable que java
2014-07-15T13:11:56 <Letarumavza> Mais la syntaxe est stricte.
2014-07-15T13:12:05 <Letarumavza> Mais facile à apprendre.
2014-07-15T13:12:07 <adriens33> Et beaucoup moins buggué que le Java j'ai l'impression.
2014-07-15T13:12:25 <adriens33> (en même temps c'est pas dur, avec Oracle et sa façon de gérer les tickets derrière…)
2014-07-15T13:12:25 <Letarumavza> Jour et nuit
2014-07-15T13:12:50 <Letarumavza> L'oracle est occupée à faire des cookies...
2014-07-15T13:12:54 <adriens33> *badum tss*
2014-07-15T13:21:14 *** Gordfang s'est connecté
2014-07-15T13:22:46 <adriens33> re
2014-07-15T14:14:08 <adriens33> http://www.bouletcorp.com/blog/2014/07/12/pub-et-caca/
2014-07-15T14:15:52 *** wildfier s'est connecté
2014-07-15T14:15:56 <wildfier> re
2014-07-15T14:16:00 <adriens33> re
2014-07-15T14:16:12 <wildfier> avec shinsaber
2014-07-15T14:16:29 <wildfier> on se demandait
2014-07-15T14:16:40 <wildfier> comment lier la v3 à bbbff
2014-07-15T14:16:48 <wildfier> au niveau de l'authentification
2014-07-15T14:16:50 <wildfier> des users
2014-07-15T14:18:30 <adriens33> Ben si tu utilises la même base pour les deux (symfony), ça doit être faisable de manière pas trop compliquée non ?
2014-07-15T14:18:39 <adriens33> (Genre en utilisant les mêmes entités)
2014-07-15T14:19:05 <wildfier> le prblème c'est qu'on voudrait qu'un user logué sur la v3
2014-07-15T14:19:13 <wildfier> soit direct logué sur bbbff
2014-07-15T14:19:44 <adriens33> Ben pour que ça traverse, faudrait que l'url soit de la forme bronycub.org/blablabla pour le site, et bronycub.org/bbbff pour le repo
2014-07-15T14:19:48 <adriens33> comme ça même url de base
2014-07-15T14:19:53 <adriens33> donc le cookie d'auth reste valide
2014-07-15T14:20:00 <adriens33> (et auth par session php classique
2014-07-15T14:20:01 <adriens33> )
2014-07-15T14:21:24 <adriens33> genre bbbff en fait ça pourrait être une partie du backend du site BronyCUB v3
2014-07-15T14:21:45 <wildfier> shin est pas trop chaud pour le faire en symfony
2014-07-15T14:22:03 <adriens33> ben si on fiat le site en symfony, ça serait plus logique de faire bbbff avec
2014-07-15T14:22:16 <adriens33> vu que ça en fait partie (enfin ça serait mieux je pense=
2014-07-15T14:22:17 <adriens33> *)
2014-07-15T14:22:38 <wildfier> justement
2014-07-15T14:22:46 <adriens33> si on commence à faire un patchwork totalement difforme on ne va pas s'en sortir…
2014-07-15T14:22:51 <wildfier> c'est pas vraiment décidé si bbbff est un morceau du site
2014-07-15T14:22:57 <wildfier> ou un truc à part qu'on va relier
2014-07-15T14:23:04 <adriens33> ben si tu veux une auth liée ça serait mieux
2014-07-15T14:23:20 <adriens33> en tout cas au niveau des comptes user faut que ça soit lié
2014-07-15T14:23:32 <adriens33> devoir gérer deux comptes c'est chiant et pas optimal
2014-07-15T14:23:42 <wildfier> clair
2014-07-15T14:23:53 <wildfier> surtout si on utilise bbbff pour gérer les avatars
2014-07-15T14:24:14 <wildfier> surtout qu'on peut s'en servir de cdn s'il est pas sur le même serv
2014-07-15T14:24:17 <adriens33> Mais en fait c'est quoi les arguments de Shinsaber ?
2014-07-15T14:24:25 <adriens33> Pourquoi il ne veut pas de Symfony ?
2014-07-15T14:24:47 <wildfier> texto: "Parce que c'est la merde."
2014-07-15T14:24:50 <wildfier> XD
2014-07-15T14:24:57 <adriens33> …
2014-07-15T14:25:03 <wildfier> plus sérieusement
2014-07-15T14:25:10 <adriens33> Tant qu'il a pas d'argument valide ça ne veut rien dire.
2014-07-15T14:25:11 <wildfier> parce qu'il y arrive pas, comprends pas tt
2014-07-15T14:25:19 <adriens33> « C'est de la merde » n'est pas un argument.
2014-07-15T14:25:22 <wildfier> c'est un réseau pas un dev X
2014-07-15T14:25:24 <wildfier> XD*
2014-07-15T14:25:36 <adriens33> « Je ne veut pas comprendre comment marche Symfony » est un argument logique.
2014-07-15T14:25:51 <adriens33> mais ça demande d'être honnête avec soi-même ^^
2014-07-15T14:26:55 <adriens33> En tout cas du peu que j'ai vu de symfony ça pourrait être intéressant de voir ce que donne un combo site + bbbff en symfony.
2014-07-15T14:27:08 <adriens33> après, si ça ne convient pas, il sera toujours possible de changer.
2014-07-15T14:27:34 <adriens33> on ne peut pas apprendre et ne jamais se tromper ^^
2014-07-15T14:34:00 <Berry-Punch> Voilà ce qu'il s'est passé ces *hic* 10 dernières lignes, Letarumavza
2014-07-15T14:34:01 <Letarumavza> !history
2014-07-15T14:34:23 <Letarumavza> C'est bien un bug donc
2014-07-15T14:34:45 <Letarumavza> adrien
2014-07-15T14:35:06 <Letarumavza> Voilà ce qu'il s'est passé ces *hic* 10 dernières lignes => affichage des 9 derniers lignes d'historique.
2014-07-15T14:35:10 <Letarumavza> Il manque du gras
2014-07-15T14:35:44 <adriens33> Quoi donc ?
2014-07-15T14:36:10 <Letarumavza> Comptes le nombre de lignes d'historique réel.
2014-07-15T14:36:11 <adriens33> ben en fait… au moment d'appeler l'historique
2014-07-15T14:36:22 <Letarumavza> Faut en rajouter une.
2014-07-15T14:36:37 <adriens33> la commande envoie sur le buffer de sortie une ligne de texte
2014-07-15T14:36:38 <adriens33> "voilà ce uq'il s'est passé…"
2014-07-15T14:36:38 <adriens33> qui compte donc dans l'histo
2014-07-15T14:36:40 <Letarumavza> (C'est une correction ultra mineure^^)
2014-07-15T14:37:07 <Letarumavza> Bah suffit d'up la taille du buffer de 1
2014-07-15T14:37:27 <adriens33> En comptant le 2e "Voilà ce qu'il s'est passé…" à la fin, ça fait 10?
2014-07-15T14:37:27 <adriens33> *.
2014-07-15T14:37:27 <adriens33> Faut arriver à ne pas le prendre en compte et remonter une ligne de plus.
2014-07-15T14:38:02 <adriens33> Surtout qu'en prenant en compte le fait qu'il faille commencer la v3
2014-07-15T14:38:32 <adriens33> tu penses que ça vaut le coup de faire ce genre de corrections sur la v2 ?
2014-07-15T14:39:24 <Letarumavza> Bah la correction est un incrément de 1, c'est pas non plus l'horreur à corriger ^^
2014-07-15T14:40:18 <adriens33> ouais.
2014-07-15T14:40:18 <adriens33> pas faux ^^
2014-07-15T14:41:04 <Letarumavza> (je note le mode ultra feignasse "j'ai pas envie d'ouvrir un fichier pour augmenter de 1 une valeur)
2014-07-15T14:41:19 <Letarumavza> C'est presque aussi mou que moi un soir de décembre...
2014-07-15T14:43:42 <wildfier> XD
2014-07-15T14:44:01 <wildfier> tu passes presque plus de temps à argumenter pourquoi ne pas le faire XD
2014-07-15T14:44:44 *** adriens33 est parti
2014-07-15T14:45:50 <Berry-Punch> Voilà ce qu'il s'est passé ces 10 *hic* dernières lignes, adriens33
2014-07-15T14:45:51 *** adriens33 s'est connecté
2014-07-15T14:46:08 <adriens33> wildfier: j'ai surtout passé du temps à attendre que ma co se stabilise.
2014-07-15T14:46:11 <adriens33> bordel
2014-07-15T14:46:27 <adriens33> jme demande ce qui a provoqué ce lag des ténèbres…
2014-07-15T14:47:18 <Berry-Punch> Voilà ce qu'il s'est passé *hic* ces 10 dernières lignes, adriens33
2014-07-15T14:47:33 <adriens33> Correctionné ^^
2014-07-15T14:48:18 <adriens33> Et commité.
2014-07-15T14:51:14 <Letarumavza> ^^
2014-07-15T14:51:45 <Letarumavza> c'est en étant perfectioniste qu'on aquiert les meilleurs réflexes.
2014-07-15T14:52:00 <adriens33> Je tâcherai de m'en souvenir.
2014-07-15T14:52:33 <Letarumavza> wild pourrait te le confirmer ^^
2014-07-15T14:55:36 <Berry-Punch> Tu *hic* rêves là.
2014-07-15T14:55:42 <Berry-Punch> Non mais ça *hic* va pas ? Je vais pas me kicker !
2014-07-15T14:59:02 <Berry-Punch> Ne touche pas à ça, toi *hic* !
2014-07-15T14:59:26 <Berry-Punch> Ne touche pas à ça, toi ! *hic* 
2014-07-15T15:01:07 <adriens33> putain j'ai trouvé ce qui me fait lag le réseau…
2014-07-15T15:01:08 <adriens33> c'est netbeans…
2014-07-15T15:01:19 <adriens33> c't'enfoiré dl des trucs alors que je lui ai dit de ne pas le faire…
2014-07-15T15:02:34 <Letarumavza> ah reuh feuh
2014-07-15T15:04:42 <adriens33> calme… ne pas casser le matériel… ça ne va rien changer… ne pas casser le matériel…
2014-07-15T15:13:45 <Berry-Punch> Ne touche pas à ça, toi *hic* !
2014-07-15T15:14:42 *** heuzef s'est connecté
2014-07-15T15:15:26 <Berry-Punch> Ne touche pas à ça, toi *hic* !
2014-07-15T15:15:28 <Berry-Punch> Ne touche pas à ça, toi *hic* !
2014-07-15T15:17:57 <adriens33> plop
2014-07-15T15:54:04 <Berry-Punch> Ne touche *hic* pas à ça, toi !
2014-07-15T15:54:04 <Berry-Punch> Ne touche *hic* pas à ça, toi !
2014-07-15T15:54:04 <Berry-Punch> Ne *hic* touche pas à ça, toi !
2014-07-15T15:54:05 <Berry-Punch> Ne touche pas *hic* à ça, toi !
2014-07-15T15:54:05 <Berry-Punch> Ne touche pas à ça, *hic* toi !
2014-07-15T15:54:05 <Berry-Punch> Ne touche pas à ça, *hic* toi !
2014-07-15T15:54:05 <Berry-Punch> Ne touche pas à ça, toi ! *hic* 
2014-07-15T15:54:33 <Berry-Punch> Ne touche pas à *hic* ça, toi !
2014-07-15T15:54:50 <Berry-Punch> Voilà *hic* ce qu'il s'est passé ces 10 dernières lignes, adriens33
2014-07-15T16:04:11 *** MaCharon s'est connecté
2014-07-15T16:04:20 <MaCharon> slt tout le monde
2014-07-15T16:05:21 *** Letarumavza est parti
2014-07-15T16:06:04 *** heuzef est parti
2014-07-15T16:07:09 *** heuzef s'est connecté
2014-07-15T16:08:02 *** Letarumavza s'est connecté
2014-07-15T16:08:08 <adriens33> hello MaCharo
2014-07-15T16:08:09 <adriens33> *MaCharon
2014-07-15T16:08:29 <MaCharon> hellow ^^
2014-07-15T16:09:08 *** Dawnio s'est connecté
2014-07-15T16:09:17 <Dawnio> Bonjour.
2014-07-15T16:09:29 <adriens33> salut :)
2014-07-15T16:09:39 <MaCharon> slt
2014-07-15T16:09:41 <adriens33> C'est cool, il commence à y avoir du monde :)
2014-07-15T16:10:02 <Letarumavza> ?
2014-07-15T16:10:06 <Dawnio> ah oui tiens, il y a du peuple
2014-07-15T16:10:10 <MaCharon> ouai enfin ça veut pas dire grand chose
2014-07-15T16:10:35 <MaCharon> "officiellement" il y a du monde
2014-07-15T16:10:40 <Letarumavza> Mouhahaha
2014-07-15T16:10:47 <MaCharon> ^^
2014-07-15T16:10:55 <Letarumavza> Je vais coder une macro pour kick aléatoirement quelqu'un toutes les 5min
2014-07-15T16:11:10 <adriens33> Ça dépend surtout de qui bosse, qui s'emmerde et qui a un client qui notif.
2014-07-15T16:11:22 <MaCharon> je m'emmerde XD
2014-07-15T16:11:23 <adriens33> Letarumavza: fais comme tu le sens.
2014-07-15T16:11:30 <Letarumavza> *beurp*
2014-07-15T16:11:37 <adriens33> j'ai une protection maintenant
2014-07-15T16:11:37 <Berry-Punch> Tu rêves *hic* là.
2014-07-15T16:11:37 <adriens33> !kick adriens33
2014-07-15T16:11:54 <adriens33> Berry ?
2014-07-15T16:11:54 <Berry-Punch> adriens33: Hmm *hic* ?
2014-07-15T16:11:54 <adriens33> T'as encore trop bu toi >_<
2014-07-15T16:11:55 <Berry-Punch> Non, *hic* c'est même pas vrai d'abord !
2014-07-15T16:12:05 <Letarumavza> !kick cervelle_de_berry ?
2014-07-15T16:12:15 <adriens33> Punaise elle doit vraiment être gaga là…
2014-07-15T16:12:15 <adriens33> Ah
2014-07-15T16:12:16 <adriens33> voilà.
2014-07-15T16:12:35 <Letarumavza> Hum, pas de message d'erreur en cas de tentative de kick de personne inexistante.
2014-07-15T16:12:53 <Berry-Punch> Non mais ça va pas ? Je vais pas me kicker ! *hic* 
2014-07-15T16:12:53 <adriens33> !kick Berry-Punch
2014-07-15T16:12:59 <Letarumavza> "Je ne trouve pas <name>." pourrait convenir.
2014-07-15T16:13:06 <adriens33> Berry ? Au pied !!
2014-07-15T16:13:18 <adriens33> pas con
2014-07-15T16:13:29 <MaCharon> *claquement du fouet*
2014-07-15T16:13:34 <adriens33> mais là avec mon ping je vais avoir du mal à faire quoi que ce soit sur le serv…
2014-07-15T16:13:39 <Letarumavza> T'as raison j'ai peut-être un talent comme testeur
2014-07-15T16:13:57 <adriens33> ^^
2014-07-15T16:14:03 <Letarumavza> MaCharon, le but du fouet est de faire peur, on évite généralement de l'utiliser.
2014-07-15T16:14:34 <MaCharon> mais non, on peux l'utiliser en toute symphatie, j'ai deja tester ^^
2014-07-15T16:15:02 <MaCharon> et sans arrieres pensées
2014-07-15T16:15:05 <Dawnio> :x
2014-07-15T16:15:20 <adriens33> MaCharon: hmmm… Si t'aime avoir mal, c'est pas forcément le cas de tout le monde. ^^
2014-07-15T16:15:55 <MaCharon> avoir mal non, mais le faire sur les autres c'est autre chose XD
2014-07-15T16:16:28 <Letarumavza> J'ai très rarement vu un fouet utilisé dans ce but là.
2014-07-15T16:16:33 <adriens33> …
2014-07-15T16:16:43 <Letarumavza> Normalement c'est l'effet psychologique du claquement qui est recherché, pas de douleur.
2014-07-15T16:17:02 <MaCharon> tout les gouts sont dans la nature
2014-07-15T16:17:08 <MaCharon> mouhahahah
2014-07-15T16:17:09 <Letarumavza> A moins que tu ne confondes fouet et martinet.
2014-07-15T16:17:13 <adriens33> Surtout que si tu veux de la douleur, un marteau est plus efficace…
2014-07-15T16:17:14 <Dawnio> http://www.kalou-and-cook.com/wp-content/uploads/2013/11/creme-chantilly.jpg
2014-07-15T16:17:28 <Letarumavza> Mais quand on voir les dégats qu'un fouet peut faire...
2014-07-15T16:17:29 <MaCharon> lol
2014-07-15T16:17:45 <MaCharon> non pas le fouet ! XDD
2014-07-15T16:17:54 <Letarumavza> Dawnio: la chantilly ça colle et ça pue...
2014-07-15T16:18:01 <Dawnio> mais c'est bon
2014-07-15T16:18:11 <Letarumavza> Le miel c'est mieux
2014-07-15T16:18:21 <MaCharon> chocolat ?
2014-07-15T16:18:22 <Dawnio> l'un n'empêche pas l'autre! :D
2014-07-15T16:18:25 <Letarumavza> Plus facile à nettoyer, et ça tourne pas au contact de la peau.
2014-07-15T16:18:27 <adriens33> ^^
2014-07-15T16:18:59 <Letarumavza> MaCharon, ça dépend, le chocolat est un vrai faux-ami.
2014-07-15T16:19:08 <MaCharon> ah mince :/
2014-07-15T16:19:10 <adriens33> Ça périme le miel ? Il me semble que non, mais je ne suis pas sûr…
2014-07-15T16:19:12 <Letarumavza> ça tache, c'est chiant à clean, et en plus c'est pas top.
2014-07-15T16:19:21 <Letarumavza> Le miel ne périme jamais.
2014-07-15T16:19:26 <Letarumavza> Même en 5000 ans.
2014-07-15T16:19:35 <Dawnio> foreeeeeveeeer
2014-07-15T16:19:36 <adriens33> C'est bien ce qu'il me semblait ^^
2014-07-15T16:19:47 <Letarumavza> (Du miel consomable a été trouvé dans des tombes égyptiennes.
2014-07-15T16:19:50 <Letarumavza> Et de la biere.
2014-07-15T16:19:51 <Berry-Punch> J'adore ça *hic* !
2014-07-15T16:20:02 <adriens33> ^^
2014-07-15T16:20:03 <Letarumavza> Et ni l'un ni l'autre n'étaient périmés.
2014-07-15T16:20:06 <MaCharon> le connaisseur
2014-07-15T16:20:06 <Dawnio> sauf que ça c'est pour embaumer les corps :D
2014-07-15T16:20:12 <Letarumavza> non
2014-07-15T16:20:27 <Letarumavza> Provisions pour l'au-delà.
2014-07-15T16:20:33 <Letarumavza> Tout était dans la barque.
2014-07-15T16:20:38 <MaCharon> ah les ivrognes
2014-07-15T16:20:42 <Dawnio> ah ils ont du se dire fuck, ils sont pas passés
2014-07-15T16:20:47 <Letarumavza> Et l'embaumement était pratiqué à base de natron et de silice.
2014-07-15T16:21:02 <Letarumavza> Macharon, la biere était considérée comme la boisson des dieux.
2014-07-15T16:21:02 <Berry-Punch> J'aimerais bien en reprendre, mais Colgate va se fâcher après… *hic* 
2014-07-15T16:21:06 <Dawnio> pourquoi aller sur wiki quand on a leta?
2014-07-15T16:21:14 <MaCharon> c'est pas toujours le cas ?
2014-07-15T16:21:30 <Letarumavza> Non, plus depuis l'époque gréco-romaine.
2014-07-15T16:21:35 <Letarumavza> Maintenant c'est le Vin.
2014-07-15T16:21:46 <Dawnio> buvez le, c'est mon sang
2014-07-15T16:21:55 <MaCharon> trop ça
2014-07-15T16:21:57 <Letarumavza> Touchez le, c'est ma bite.
2014-07-15T16:22:02 <MaCharon> XD
2014-07-15T16:22:06 <Letarumavza> (Celle là, elle est faite)
2014-07-15T16:22:07 <Dawnio> nan ça c'est le chichon
2014-07-15T16:22:14 <adriens33> Dawnio: Pourquoi tu te prétends le fils de dieu ? je ne me rappelle pas avoir un gosse, moi…
2014-07-15T16:22:19 <adriens33> ;)
2014-07-15T16:22:46 <Dawnio> je faisait une citation, moi me prendre pour jesus? mouarfafahaha
2014-07-15T16:22:49 <Letarumavza> Lux Omnia Vincit
2014-07-15T16:23:23 <MaCharon> lumiere !
2014-07-15T16:26:58 <Letarumavza> C'est une devise illuminati, reprise dans the secret world entre autres.
2014-07-15T16:27:14 <MaCharon> oO
2014-07-15T16:27:28 <Letarumavza> (Un jeu avec un excellent RP mais un gameplay pas top et une opti à chier.)
2014-07-15T16:27:58 <MaCharon> ça me dit quelque chose
2014-07-15T16:27:59 <Dawnio> ouais j'avais commencé, ça m'a très vite saoulé
2014-07-15T16:28:21 <Letarumavza> Les missions d'investigation sont géniales
2014-07-15T16:28:52 <Dawnio> pas été jusque là
2014-07-15T16:29:02 <Letarumavza> 0o
2014-07-15T16:29:22 <Dawnio> (j'ai du y jouer 1/4 d'h)
2014-07-15T16:29:27 <Letarumavza> La première mission d'investigation est disponible au premier hub de quetes
2014-07-15T16:29:43 <Letarumavza> Et maintenant qu'il n'y a plus d'abo, j'y passe de temps en temps
2014-07-15T16:30:09 <Dawnio> j'ai leave ce type de jeu de manière généralle de toute façon
2014-07-15T16:30:30 <Letarumavza> Y ?
2014-07-15T16:31:00 <Dawnio> nope, mais pas loin ^^
2014-07-15T16:31:29 <Letarumavza> ?
2014-07-15T16:31:49 <Dawnio> tu parles bien de la génération y?
2014-07-15T16:32:24 <Letarumavza> non... juste de l'abréviation de "why"
2014-07-15T16:32:40 <Dawnio> ah au temps pour moi
2014-07-15T16:33:25 <Dawnio> ben parce que je joue plus vraiment aux jeux video de manière généralle
2014-07-15T16:33:47 <heuzef> Ptétre que tu va nous rejoindre sur notre serveur MC ^^
2014-07-15T16:34:03 <heuzef> (tiens d’ailleurs le bot irc MC est pu la)
2014-07-15T16:34:45 <Dawnio> si vous parlez de minecraft (désolé, pas habitué aux abréviations), j'ai que le cracké
2014-07-15T16:35:31 <heuzef> Oui Minecraft, si jamais tu l'achete un jour communique nous ton pseudo pour qu'on t'ajoute sur la liste blanche de bronycub.org
2014-07-15T16:35:35 <Letarumavza> gné ? craquer un jeu indé ?
2014-07-15T16:36:04 <Dawnio> c'est pas moi, c'est un pote qui me l'a filé par clé usb en plus ^^
2014-07-15T16:36:58 <Letarumavza> Je pige quand-même pas le concept...
2014-07-15T16:37:03 <Letarumavza> Notch n'est pas EA
2014-07-15T16:37:10 <heuzef> Pas cool, m'enfin bon, c'est pas comme si mojhang était dans le besoin
2014-07-15T16:37:14 *** BronyCUB-MC s'est connecté
2014-07-15T16:37:25 <adriens33> Bon
2014-07-15T16:37:35 <adriens33> je sais pourquoi bronycub-mc est parti
2014-07-15T16:37:38 <adriens33> j'ai eu un crash.
2014-07-15T16:37:50 <heuzef> Combien d'uptime ?
2014-07-15T16:37:50 <adriens33> sauf que cette fois ci j'ai accès aux logs système
2014-07-15T16:37:57 <adriens33> et il se trouve que j'avais raison
2014-07-15T16:37:58 *** heuzef est parti
2014-07-15T16:38:17 *** heuzef s'est connecté
2014-07-15T16:38:18 <Letarumavza> vive le fait de jouer à kinetic void avec la musique de mass effect ^^
2014-07-15T16:38:30 <adriens33> c'est bien le oom-killer qui a arrêté le process java (donc que le serv a dépassé la ram disponible, soit 2.5Go en comptant la swap)
2014-07-15T16:38:43 <adriens33> foutu java…
2014-07-15T16:38:50 <Letarumavza> Fuck java !
2014-07-15T16:39:16 <Letarumavza> Je vais faire mon propre java, avec des tables de blackjack et des putes
2014-07-15T16:39:22 <heuzef> Donc serv ne dispose pas assez de RAM pour faire tourner le bot IRC du coup ?
2014-07-15T16:39:25 <Letarumavza> D'ailleurs j'ai même pas besoin de java...
2014-07-15T16:39:25 <adriens33> si
2014-07-15T16:39:27 <adriens33> mais
2014-07-15T16:39:29 <adriens33> le problème
2014-07-15T16:39:36 <adriens33> c'ests que opur une raison que j'ignore
2014-07-15T16:39:41 <adriens33> d'un seul coup, il déborde.
2014-07-15T16:39:54 <adriens33> j'ai pourtant bien fait gaffe, et je regarde la ram de mon serv assez souvent
2014-07-15T16:39:58 <adriens33> et la swap est jamais pleine
2014-07-15T16:40:02 <adriens33> (la ram non plus d'ailleurs)
2014-07-15T16:40:06 <Dawnio> vos discussions me fait penser à ça: http://img.wonderhowto.com/img/06/57/63468013402440/0/minecraft-1-2-4-released-gives-you-new-wooden-planks-and-sandstone-for-your-builds.w654.jpg
2014-07-15T16:40:08 <heuzef> Combien d'uptime avant le crash ?
2014-07-15T16:40:09 <adriens33> sauf à ce moment là apparemment…
2014-07-15T16:40:25 <adriens33> beaucoup
2014-07-15T16:40:28 <adriens33> plus qu'avant
2014-07-15T16:40:44 <heuzef> Donc c'est un peu aléatoire
2014-07-15T16:40:47 <adriens33> ça fait 2-3 semaines min que je l'ai reboot après la modif de conf
2014-07-15T16:41:20 <adriens33> ben… c'est quand même lié au serv, c'est quand même beaucoup plus stable sur mon serv que ça ne l'était sur le tien;
2014-07-15T16:41:32 <heuzef> J'ai le sentiment que avec Java on peut pas compter sur la stabilité de toute manière
2014-07-15T16:41:36 <Letarumavza> Non !
2014-07-15T16:41:43 <adriens33> Letarumavza: non à qui ?
2014-07-15T16:41:49 <Letarumavza> Je sais à quoi vous aller penser et c'est non !
2014-07-15T16:41:54 <adriens33> gné ?
2014-07-15T16:42:08 <adriens33> perso je pensais à augmenter la taille de la swap…
2014-07-15T16:42:17 <Letarumavza> Certes
2014-07-15T16:42:20 <heuzef> Un cron qui relance le bot tous les mois pour réinitialisé la mémoire cache ?
2014-07-15T16:42:24 <adriens33> avec 2Go de swap ça m'étonnerai qu'oom-killer s'en prenne à java de sitôt.
2014-07-15T16:42:48 <heuzef> ok
2014-07-15T16:42:53 <adriens33> heuzef: mauvaise idée… ça demanderai de kill le process de force, et si les maps sont pas synchronisées sur le disque, on pert les dernières données…
2014-07-15T16:43:19 <heuzef> On ne peux pas kill le bot IRC indépendament donc
2014-07-15T16:44:12 <adriens33> ben il vaut mieux éviter de kill un process de manière générale, lui demander de se fermer tout seul c'est mieux et c'est beaucoup plus propre.
2014-07-15T16:44:26 <heuzef> Ok pour l'augmentation du swap, ça me semble etre une bonne premiere approche
2014-07-15T16:44:37 <heuzef> Et on en reparle le mois prochain
2014-07-15T16:44:53 <Letarumavza> Euh sinon, un auto-exe qui relance MC &cie tous les jours à 3h du mat ?
2014-07-15T16:45:11 <adriens33> Letarumavza: et comment tu fais pour que MC se ferme sans kill le proc java ?
2014-07-15T16:45:17 <Letarumavza> (même les serveurs de wow ont un reboot hebdromadaire)
2014-07-15T16:45:36 <Shinsaber> http://forums.bukkit.org/threads/admn-remotetoolkit-r10-a15-restarts-crash-detection-auto-saves-remote-console-1-7-2.674/ c'est vieu mais au dernière nouvelle sa marche !
2014-07-15T16:45:41 <Letarumavza> Via une macro ?
2014-07-15T16:46:24 <adriens33> Shinsaber: c'est pas un relaunch après crash qu'il faut… Ça y est déjà ça.
2014-07-15T16:47:11 <Shinsaber> sa permet aussi de le faire redémarrer !
2014-07-15T16:47:28 <Shinsaber> moi je l'avais mis sur mon vieux serv !
2014-07-15T16:48:22 <adriens33> voilà, avec 2.5Go de swap oom-killer devrait plus m'embêter avec des dépassements de ram…
2014-07-15T16:48:32 <adriens33> (sachant que le serv est censé utiliser 1.3Go de ram)
2014-07-15T16:48:46 <adriens33> (et que j'ai pas grand chose qui bouffe de ram derrière)
2014-07-15T16:51:31 <heuzef> good ;)
2014-07-15T17:10:05 <heuzef> Dawnio d'autre réaction pour le SMS ?
2014-07-15T17:30:39 <adriens33> Bon les gens, désolé mais ce soir je serais pas dispo pour Giroll
2014-07-15T17:30:42 <adriens33> une autre fois :)
2014-07-15T17:33:31 <adriens33> bon je go, ++
2014-07-15T17:33:32 *** adriens33 est parti
2014-07-15T17:33:34 *** Gordfang est parti
2014-07-15T17:43:44 <Shinsaber> du coups qui va au giroll ??
2014-07-15T17:47:16 <heuzef> Moi normalement ;)
2014-07-15T17:48:56 <Letarumavza> héhé
2014-07-15T17:49:11 <Letarumavza> J'ai dréssé adrien à me ramener de la binouze et de la bouffe /troll ^^
2014-07-15T17:49:25 <Shinsaber> XD
2014-07-15T17:49:50 <Shinsaber> tu y va pour la V3
2014-07-15T17:49:53 <Letarumavza> Btw si quelqu'un a envie d'un barbeuq, le mien est toujours dispo ^^ donc hésitez pas à me demander ^^ (Je fournis le bois ^^)
2014-07-15T17:49:53 <Shinsaber> ??? heuzef
2014-07-15T17:50:40 <heuzef> Hmm normalement oui
2014-07-15T17:50:47 <heuzef> Si wildfier compte y aller du coup
2014-07-15T17:50:56 <heuzef> Ou si tu y va pour avancer BBBFF ?
2014-07-15T17:51:39 <wildfier> je viens heuzef
2014-07-15T17:51:46 <Shinsaber> on est en train de réfléchir avec wildfier
2014-07-15T17:51:54 <heuzef> Donc besoin de moi pour ces 2 projets ?
2014-07-15T17:52:07 <wildfier> et @letarumavza: arrêtes tu me donnes trop envie de ton barbeuq là XD
2014-07-15T17:52:27 <wildfier> toute est bonne à prendre heuzef ;)
2014-07-15T17:52:40 <Letarumavza> Bah wild pourquoi pas voir avec adrien pour se faire un barbeuq ce week-end ou autre.
2014-07-15T17:52:49 <wildfier> oh oui
2014-07-15T17:53:47 <wildfier> @leta: là je suis en mode "matte kudasai ..." en pensant à ton barbeuq
2014-07-15T17:54:13 <wildfier> comme quoi les anims jap
2014-07-15T17:54:18 <wildfier> tu comprends rien
2014-07-15T17:54:33 <wildfier> mais y a 2, 3 mots que tu commence à retenir XD
2014-07-15T17:59:46 *** Rei s'est connecté
2014-07-15T18:00:01 <Rei> Chalut =3
2014-07-15T18:02:02 *** wildfier est parti
2014-07-15T18:02:11 <Rei> Cha va?
2014-07-15T18:03:18 *** Shinsaber est parti
2014-07-15T18:03:57 <Rei> xD
2014-07-15T18:03:58 <Letarumavza> yep
2014-07-15T18:04:05 <Rei> *calin*
2014-07-15T18:04:11 <Letarumavza> *câlin*
2014-07-15T18:04:31 *** ValCab33 est parti
2014-07-15T18:04:49 *** ValCab33 s'est connecté
2014-07-15T18:04:49 <Rei> quoi de neuf a part ton probleme de ce matin?
2014-07-15T18:07:07 <Rei> Re valcab^^
2014-07-15T18:07:13 <ValCab33> Reuh
2014-07-15T18:08:10 <Rei> ^^
2014-07-15T18:10:33 <Rei> quoi de neuf?
2014-07-15T18:23:12 <heuzef> Je suis retenu au boulot, pas de giroll pour moi ce soir les gars ;)
2014-07-15T18:25:12 <Letarumavza> arf
2014-07-15T18:25:13 <Rei> *calin a heusef* courage
2014-07-15T18:25:28 <heuzef> ^^
2014-07-15T18:31:52 <Rei> je quitte le pc, bye les gens
2014-07-15T18:32:15 *** Rei est parti
2014-07-15T18:48:04 *** Shinsaber s'est connecté
2014-07-15T18:48:10 <Shinsaber> re
2014-07-15T18:49:17 <heuzef> re
2014-07-15T19:06:17 *** Letarumavza est parti
2014-07-15T19:07:17 *** Shinsaber est parti
2014-07-15T19:18:43 *** Letarumavza s'est connecté
2014-07-15T19:26:22 *** Shinsaber s'est connecté
2014-07-15T19:30:38 <Dawnio> heuzef: nope, normalement, il y en aura pas plus
2014-07-15T19:32:09 *** heuzef est parti
2014-07-15T19:32:30 <BronyCUB-MC> Shinsaber has joined the server!
2014-07-15T19:39:44 <BronyCUB-MC> Shinsaber has quit the server!
2014-07-15T20:06:52 *** Rei s'est connecté
2014-07-15T20:08:46 <Rei> re
2014-07-15T20:09:29 <Shinsaber> coucou Rei ^^
2014-07-15T20:09:49 <Rei> Comment va tu Shin?^^
2014-07-15T20:10:18 <Shinsaber> Sa va bien, il refais enfin plain de soleil ^^
2014-07-15T20:10:45 <Rei> oui^^
2014-07-15T20:10:52 <Rei> mais il fait trop chaud ><
2014-07-15T20:11:32 <Shinsaber> il faux faire un tour au miroir d'eau XD
2014-07-15T20:11:55 <Rei> nahhh suis bien dans mon lit moi
2014-07-15T20:12:25 <Shinsaber> grrrr moi je dois allez travailler TT
2014-07-15T20:12:26 <Shinsaber> ^^
2014-07-15T20:12:44 <Rei> a cet heure? XD
2014-07-15T20:17:22 <Shinsaber> non mais toi tu est en vac ^^
2014-07-15T20:18:23 <Rei> oui mais je profite pas vraiment de mes vacs..
2014-07-15T20:19:33 <Shinsaber> bon moi je doit bouger a tous a leur.
2014-07-15T20:19:45 *** Shinsaber est parti
2014-07-15T20:20:02 <Rei> bye^^
2014-07-15T20:24:28 <Rei> nyuh
2014-07-15T20:27:03 *** Rei est parti
2014-07-15T21:01:06 *** ludvann s'est connecté
2014-07-15T21:01:12 <ludvann> salut !
2014-07-15T21:31:36 *** Dawnio est parti
2014-07-15T22:18:05 <Berry-Punch> Voilà ce qu'il s'est passé ces 10 *hic* dernières lignes, adriens33
2014-07-15T22:18:07 *** adriens33 s'est connecté
2014-07-15T22:18:20 <adriens33> plop les gens ^
2014-07-15T22:20:28 <Letarumavza> re
2014-07-15T22:20:35 <adriens33> re
2014-07-15T22:54:53 *** wildfier s'est connecté
2014-07-15T22:55:03 <adriens33> re wildfier
2014-07-15T22:55:20 <wildfier> re
2014-07-15T22:57:10 <wildfier> je viens de réaliser qu'on a pas berry dans la liste des poneys dispo
2014-07-15T22:57:14 <wildfier> dans img/ponies
2014-07-15T22:57:32 <adriens33> bah… c'est con, faut remédier à ça illico presto
2014-07-15T22:57:47 <wildfier> et merci au gars qui dev lutris du giroll
2014-07-15T22:57:54 <adriens33> ?
2014-07-15T22:57:58 <wildfier> pour la carte
2014-07-15T22:58:03 <wildfier> il m'a parlé de leaflet
2014-07-15T22:58:04 <wildfier> du coup
2014-07-15T22:58:15 <wildfier> la carte marche par osm sur la v3 :) !
2014-07-15T22:58:41 <wildfier> faut juste ajouter un appel au web service d'osm à l'inscription du membre
2014-07-15T22:58:52 <wildfier> pour convertir son adresse en coordonnées gps
2014-07-15T22:59:03 <wildfier> à part ça
2014-07-15T22:59:14 <wildfier> il reste que la page agenda
2014-07-15T22:59:18 <wildfier> et on a refait la v2
2014-07-15T22:59:28 <wildfier> mais bon
2014-07-15T22:59:32 <adriens33> t'es productif dis ^^
2014-07-15T22:59:33 <wildfier> j'ai pas envie de passer par google pour ça
2014-07-15T22:59:42 <wildfier> (j'ai pas mangé ce soir)
2014-07-15T22:59:53 <adriens33> boarf, tant que t'es pas en hypo ça va
2014-07-15T22:59:55 <wildfier> (en mode à fond sur mon truc)
2014-07-15T23:00:03 <wildfier> (et tiens, il est 11h)
2014-07-15T23:00:05 <adriens33> l'important est de nourrir la cervelle
2014-07-15T23:00:17 <wildfier> du coup
2014-07-15T23:00:19 <wildfier> pour l'agenda
2014-07-15T23:00:26 <wildfier> j'ai bien envie de faire un table en bd
2014-07-15T23:00:45 <wildfier> et de créer un formulaire de création d'event sur le site
2014-07-15T23:01:16 <adriens33> ça doit pas être super différent des membres si ?
2014-07-15T23:01:18 <wildfier> pour trouver la position à partir de l'adresse
2014-07-15T23:01:20 <wildfier> http://wiki.openstreetmap.org/wiki/Nominatim
2014-07-15T23:01:28 <wildfier> j'ai essayé avec mon adresse
2014-07-15T23:01:29 <wildfier> ça marche
2014-07-15T23:01:38 <adriens33> ben c'est niquel alors.
2014-07-15T23:01:40 <adriens33> ^^
2014-07-15T23:01:50 <wildfier> tu récup ça sous forme de json
2014-07-15T23:01:51 <wildfier> et voilà
2014-07-15T23:01:57 <wildfier> par contre
2014-07-15T23:02:02 <wildfier> je sais pas comment on l'intègre
2014-07-15T23:02:13 <wildfier> si on l'ajoute pendant l'ajout en bd
2014-07-15T23:02:26 <wildfier> si on le fait en async
2014-07-15T23:02:40 <wildfier> ou si on demande pendant l'inscription
2014-07-15T23:02:42 <wildfier> en mode
2014-07-15T23:02:45 <wildfier> t'es bien ici ?
2014-07-15T23:02:48 <adriens33> ^^
2014-07-15T23:02:52 <adriens33> ça peut être pas mal ça
2014-07-15T23:02:59 <wildfier> bas ça permet d'intégrer les erreurs
2014-07-15T23:03:05 <wildfier> autant côté osm
2014-07-15T23:03:07 <wildfier> que user
2014-07-15T23:03:16 <wildfier> mauvaise adresse, mal écrit, etc
2014-07-15T23:03:33 <wildfier> par contre
2014-07-15T23:03:37 <wildfier> je sais pas pourquoi
2014-07-15T23:03:40 <wildfier> mais depuis peu
2014-07-15T23:03:43 <wildfier> le 'file_get_contents()'
2014-07-15T23:03:48 <wildfier> dans l'accueil
2014-07-15T23:04:08 <wildfier> me sort ça
2014-07-15T23:04:10 <wildfier> getaddrinfo failed: Name or service not known
2014-07-15T23:04:18 <adriens33> arf
2014-07-15T23:04:23 <wildfier> alors que si je lance ça avec un php -r
2014-07-15T23:04:26 <wildfier> ça marche
2014-07-15T23:04:29 <adriens33> c'est quoi ? une fct de php ou de symfony
2014-07-15T23:04:30 <adriens33> ?
2014-07-15T23:04:32 <wildfier> non
2014-07-15T23:04:36 <wildfier> du php tout classique
2014-07-15T23:04:39 <adriens33> ça fait quoi déjà -r ?
2014-07-15T23:04:43 <adriens33> (flemme de man…)
2014-07-15T23:04:48 <wildfier> (copier / coller de ton implémentation v2 XD)
2014-07-15T23:05:01 <adriens33> ?
2014-07-15T23:05:08 <wildfier> c'est pour Run du code passé en paramètre
2014-07-15T23:05:13 <wildfier> c'est pour le log irc
2014-07-15T23:05:33 <wildfier> $irc = file_get_contents("http://www.art-software.fr/files/lastlog_bronycub.php");
2014-07-15T23:05:37 <wildfier> c'est ça qui fail
2014-07-15T23:05:57 <adriens33> en gros il te dit qu'il connait pas www.art-software.fr…
2014-07-15T23:06:00 <wildfier> hors de symfony ça marche ...
2014-07-15T23:06:03 <adriens33> donc:
2014-07-15T23:06:11 <adriens33> soit symfony redef la fonction
2014-07-15T23:06:15 <adriens33> (auquel cas c'est pas cool)
2014-07-15T23:06:19 <adriens33> soit…
2014-07-15T23:06:22 <adriens33> t'as un souci de dns
2014-07-15T23:06:44 <adriens33> et je peux pas te dire essaie avec l'ip, vu que j'ai plusieurs vhosts ça risque de ne pas fonctionner…
2014-07-15T23:10:40 <wildfier> wtf ...
2014-07-15T23:12:17 <wildfier> ok
2014-07-15T23:12:22 <wildfier> en mettant l'ip ça marche
2014-07-15T23:12:30 <wildfier> il utilise des dns perso ou quoi
2014-07-15T23:12:39 <adriens33> ça à l'air…
2014-07-15T23:12:46 <adriens33> et pourtant ça devrait marcher quand même
2014-07-15T23:12:54 <adriens33> la requête devrait être redirigée vers mon dns
2014-07-15T23:13:00 <adriens33> vu que je suis l'owner du domaine
2014-07-15T23:13:09 <adriens33> et que j'ai paramétré les dns du domaine
2014-07-15T23:13:21 <adriens33> et que jusqu'ici j'ai jamais vu ce genre de souci…
2014-07-15T23:13:54 <wildfier> marche comment git blame déjà ?
2014-07-15T23:13:59 <adriens33> git blame fichier
2014-07-15T23:14:13 <adriens33> et il te montre pour chaque ligne qui a touché en dernier
2014-07-15T23:15:38 <wildfier> le fichier à pas été touché
2014-07-15T23:15:41 <wildfier> et il marchait
2014-07-15T23:15:58 <adriens33> ben c'est symmfony qui chie dans la colle alors.
2014-07-15T23:16:02 <adriens33> *symfony
2014-07-15T23:16:07 <wildfier> et vu le le temps qu'il met à répondre à cause de ce fail ...
2014-07-15T23:16:20 <adriens33> t'as pas un log ,
2014-07-15T23:16:23 <adriens33> ?
2014-07-15T23:18:08 <wildfier> rien dans le log
2014-07-15T23:18:13 <wildfier> (de symfony)
2014-07-15T23:19:24 <wildfier> ça marche sur ton setup ?
2014-07-15T23:19:34 <adriens33> ben…
2014-07-15T23:19:39 <wildfier> d'ailleur
2014-07-15T23:19:40 <adriens33> faut que je sorte le laptop
2014-07-15T23:19:51 <wildfier> je pense que pour par trop attaquer ton serv
2014-07-15T23:20:22 <wildfier> on pourrait plutôt que de le récuppérer à chaque request de la page
2014-07-15T23:20:33 <wildfier> le dl de temps en temps en arrière plan
2014-07-15T23:20:43 <wildfier> et l'avoir en local sur le serv de la v3
2014-07-15T23:20:46 <adriens33> mouais…
2014-07-15T23:20:50 <wildfier> du coup
2014-07-15T23:21:00 <wildfier> moins à jour sur le chat
2014-07-15T23:21:07 <wildfier> mais moins de requêtes sur ton serv
2014-07-15T23:21:22 <wildfier> et moins de temps de réponse si la page est pas immédiatement dispo
2014-07-15T23:21:41 <wildfier> ou alors
2014-07-15T23:21:50 <wildfier> on fait faire le taf par le client en js
2014-07-15T23:22:02 <wildfier> possibilité de refresh le chat
2014-07-15T23:22:06 <wildfier> sans reload la page
2014-07-15T23:29:37 <adriens33> c'est vachement lent pour du localhost…
2014-07-15T23:30:30 <adriens33> bon, ben, ça veut pas marcher… flemme…
2014-07-15T23:30:39 <adriens33> je vais essayer sur le desktop
2014-07-15T23:30:55 <wildfier> yep
2014-07-15T23:30:59 <wildfier> la fonction bloque
2014-07-15T23:31:07 <wildfier> du coup oui c'est lent
2014-07-15T23:31:13 <adriens33> même sur les autres pages ?
2014-07-15T23:31:20 <wildfier> bas non
2014-07-15T23:31:23 <adriens33> bah si…
2014-07-15T23:31:24 <wildfier> juste sur celle là
2014-07-15T23:31:33 <wildfier> c'est la seule qui fait appel à cette fonction
2014-07-15T23:31:40 <adriens33> bah en tout cas tout est super lent…
2014-07-15T23:31:45 <wildfier> en dev
2014-07-15T23:31:47 <wildfier> c'et normal
2014-07-15T23:31:57 <wildfier> y a pas de cache
2014-07-15T23:32:14 <wildfier> c'est fait exprès pour pas que t'ai à le vider à la moindre modif
2014-07-15T23:32:33 <adriens33> j'ai appelé la racine de l'url directement, et pas app_dev.php…
2014-07-15T23:32:42 <adriens33> (mon vhost pointe sur web/)
2014-07-15T23:32:48 <adriens33> donc c'était pas en dev?
2014-07-15T23:32:49 <adriens33> *dev…
2014-07-15T23:32:56 <wildfier> en effet non pas en dev
2014-07-15T23:34:09 <wildfier> bon
2014-07-15T23:34:13 <wildfier> je verrais plus tard
2014-07-15T23:34:17 <wildfier> dodo ^^
2014-07-15T23:34:19 <wildfier> ++ /)
2014-07-15T23:34:29 <adriens33> ++
2014-07-15T23:37:28 *** wildfier est parti
