2014-08-08T00:04:02 <ludvann> Grrr... Chanserv....
2014-08-08T00:06:10 *** Klm est parti
2014-08-08T00:10:07 <ludvann> Letarumavza tu as vu une vidéo de 25 sec de ksp d'un gars qui exploité a fond le moteur du jeu (de ksp) ?
2014-08-08T00:10:14 <ValCab33> https://derpicdn.net/img/2012/9/29/109201/large.png :3
2014-08-08T00:11:08 <ludvann> xD
2014-08-08T00:12:13 <ValCab33> (Pour comprendre faut savoir que l'avion est un Hunter Hurricane)
2014-08-08T00:12:52 <ValCab33> (Useless advice of course)
2014-08-08T00:12:58 <ValCab33> (Anyway)
2014-08-08T00:13:32 <ludvann> ^^
2014-08-08T00:13:42 <ValCab33> (Ou est passé ma Spitfire sur un Spitfire)
2014-08-08T00:13:58 <ludvann> Ça se devine pour le jdm val' :)
2014-08-08T00:14:32 <ValCab33> Theeeere. https://derpicdn.net/img/view/2012/8/24/81375__safe_spitfire_airplane_aircraft_artist-colon-fongsaunder_supermarine+spitfire_spitfire+%28plane%29.png
2014-08-08T00:15:09 <ludvann> ;)
2014-08-08T00:15:51 <ValCab33> Les F-8 (Cutie Mark) Crusaders https://derpicdn.net/img/view/2013/11/23/478806__safe_scootaloo_sweetie+belle_apple+bloom_airplane_fighter_artist-colon-pak-dash-faace1234_xf8u-dash-iii+super+crusader.jpg
2014-08-08T00:16:06 <ludvann> Sympa
2014-08-08T00:16:50 <ValCab33> Je passe trop de temps sur derpibooru
2014-08-08T00:17:11 <ludvann> ^^
2014-08-08T00:17:34 <ludvann> (Not my business ;D )
2014-08-08T00:19:34 <ValCab33> https://derpicdn.net/img/2013/2/8/237384/large.jpg AwYeah
2014-08-08T00:20:46 *** Klm s'est connecté
2014-08-08T00:21:15 *** TrappyTickles est parti
2014-08-08T00:21:28 <ludvann> Salut klm
2014-08-08T00:22:23 <ValCab33> KLM... c'est l'Air France des Allemands
2014-08-08T00:23:38 <ludvann> ?
2014-08-08T00:23:56 <ValCab33> Quoi "?" ?
2014-08-08T00:26:33 <ludvann> J'ai pas compris la blague
2014-08-08T00:27:01 <ValCab33> Ben ya pas de blague...
2014-08-08T00:27:13 <ValCab33> http://www.klm.com
2014-08-08T00:27:39 <ValCab33> Bref. Sur cette info dévastatrice je vais me coucher.
2014-08-08T00:27:54 *** Klm est parti
2014-08-08T00:27:59 <ValCab33> Neunuit tout le monde /)
2014-08-08T00:28:04 <ludvann> @+
2014-08-08T00:28:20 *** ValCab33 est parti
2014-08-08T00:40:31 <ludvann> Bon je vais vous laisser ! @+
2014-08-08T00:41:10 <ludvann> @-
2014-08-08T00:41:16 <ludvann> @+ *
2014-08-08T00:41:31 *** ludvann est parti
2014-08-08T01:03:33 *** Ponyskrall est parti
2014-08-08T01:08:29 *** ELiDYROS est parti
2014-08-08T01:36:46 *** Gordfang est parti
2014-08-08T01:58:19 *** Letarumavza est parti
2014-08-08T02:23:29 *** wildfier est parti
2014-08-08T02:23:53 *** MaCharon est parti
2014-08-08T07:42:10 *** Letarumavza s'est connecté
2014-08-08T07:52:46 *** ValCab33 s'est connecté
2014-08-08T07:53:45 *** ValCab33 est parti
2014-08-08T08:15:20 *** wildfier s'est connecté
2014-08-08T08:40:07 <Berry-Punch> Voilà ce *hic* qu'il s'est passé ces 10 dernières lignes, adriens33
2014-08-08T08:40:09 *** adriens33 s'est connecté
2014-08-08T08:51:14 *** wildfier est parti
2014-08-08T08:59:26 *** heuzef s'est connecté
2014-08-08T08:59:37 <adriens33> bijour heuzef
2014-08-08T09:03:52 *** wildfier s'est connecté
2014-08-08T09:04:24 <heuzef> plop
2014-08-08T09:04:56 *** heuzef est parti
2014-08-08T09:05:33 *** heuzef s'est connecté
2014-08-08T10:14:45 *** Bybeez s'est connecté
2014-08-08T10:14:53 <Bybeez> Plop
2014-08-08T10:17:49 <adriens33> salut :)
2014-08-08T10:21:20 <heuzef> Pas d'autre personne motiv pour demain alors ? =)
2014-08-08T10:23:22 *** Letarumavza est parti
2014-08-08T10:23:32 *** Letarumavza s'est connecté
2014-08-08T10:33:53 *** heuzef est parti
2014-08-08T10:34:15 *** heuzef s'est connecté
2014-08-08T10:34:57 *** heuzef est parti
2014-08-08T10:35:41 *** heuzef s'est connecté
2014-08-08T10:47:36 *** heuzef1 s'est connecté
2014-08-08T10:47:54 *** heuzef1 est parti
2014-08-08T10:50:33 *** heuzef1 s'est connecté
2014-08-08T10:50:40 *** heuzef est parti
2014-08-08T10:52:50 <Berry-Punch> Je suis désolé *hic* heuzef, mais je n'ai pas le droit de te laisser faire ça.
2014-08-08T10:52:50 <heuzef> !voice heuzef
2014-08-08T10:52:57 <adriens33> wut
2014-08-08T10:53:01 <Berry-Punch> Flags de heuzef modifiés *hic* : +v
2014-08-08T10:53:01 <adriens33> !voice heuzef
2014-08-08T10:53:47 <heuzef> Toujours chiant quand même
2014-08-08T11:01:49 *** wildfier est parti
2014-08-08T11:07:40 *** wildfier s'est connecté
2014-08-08T11:09:18 <adriens33> hellow
2014-08-08T11:09:32 <wildfier> yop
2014-08-08T11:44:11 *** heuzef est parti
2014-08-08T11:44:33 *** heuzef s'est connecté
2014-08-08T11:58:23 *** Jade_Sheppard s'est connecté
2014-08-08T11:58:37 <Berry-Punch> Flags de Jade_Sheppard modifiés : +v *hic* 
2014-08-08T11:58:43 <Berry-Punch> Flags de Jade_Sheppard modifiés en *hic* +v
2014-08-08T12:00:33 <Jade_Sheppard> Toc toc , y a quelqu'un
2014-08-08T12:02:06 <adriens33> salut
2014-08-08T12:02:21 <adriens33> les gens doivent miammer à mon avis
2014-08-08T12:05:03 <Jade_Sheppard> ah bon les geeks ça mange ?
2014-08-08T12:05:10 <adriens33> parfois, oui ^^
2014-08-08T12:05:19 <adriens33> et ça dort aussi… incroyable mais vrai :p
2014-08-08T12:05:38 <Jade_Sheppard> pas croyable !
2014-08-08T12:11:16 <heuzef> :P
2014-08-08T12:11:20 <heuzef> Salut Jade_Sheppard
2014-08-08T12:12:12 <Jade_Sheppard> Bonjour :)
2014-08-08T12:12:17 <heuzef> Comment va ?
2014-08-08T12:12:30 <Jade_Sheppard> bon je viens d'entendre un truc qui m'a piqué les oreilles dans la vf de mlp
2014-08-08T12:12:36 <Jade_Sheppard> ça va , crevée !
2014-08-08T12:12:43 <Jade_Sheppard> et vous ?
2014-08-08T12:13:34 <heuzef> Quel idée de regarder la VF aussi
2014-08-08T12:14:08 <Jade_Sheppard> j'ai pas regardé la vf mais on a les chansons en vf dans l'autoradio
2014-08-08T12:18:54 <heuzef> bark
2014-08-08T12:19:11 <heuzef> Je suis encore traumatisé depuis que j'ai vu que les CMC en VF c'est
2014-08-08T12:19:18 <heuzef> le club des grains de beautés
2014-08-08T12:19:36 <Jade_Sheppard> bah là c'était le "hey boneless" traduit en " hein chair de poule" !
2014-08-08T12:20:03 <heuzef> http://fc03.deviantart.net/fs71/f/2013/027/a/c/facehoof_by_fedumedu-d5szg58.png
2014-08-08T12:20:27 <Jade_Sheppard> horrible , hein !
2014-08-08T12:27:14 *** heuzef est parti
2014-08-08T12:27:45 *** heuzef s'est connecté
2014-08-08T12:27:54 <heuzef> Jade_Sheppard au faite toi et trappy vous serez présent le 17 ? =)
2014-08-08T12:28:18 <Jade_Sheppard> moi je pense pas , c'est un dimanche et du coup je travaille
2014-08-08T12:28:28 <heuzef> Zut :(
2014-08-08T12:28:36 <heuzef> Toute la journée ?
2014-08-08T12:28:36 <Jade_Sheppard> ça depend si je suis crevée ou pas
2014-08-08T12:28:42 <Jade_Sheppard> non que le midi
2014-08-08T12:28:49 <Jade_Sheppard> si je me souviens bien
2014-08-08T12:28:54 <heuzef> ok
2014-08-08T12:29:03 <Jade_Sheppard> il se passe quoi le 17 ?
2014-08-08T12:30:03 *** wildfier est parti
2014-08-08T12:30:06 <heuzef> Really ?
2014-08-08T12:30:18 <heuzef> On communique si mal que ça il faut croire
2014-08-08T12:31:38 <heuzef> Pourtant on fait beaucoup d'effort mais il faut croire que y'a encore des gens qui ne savent pas encore ce qui ce passe le 17 :/
2014-08-08T12:31:40 <Jade_Sheppard> non mais je suis pas greffé à mon ordi comme trappy :)
2014-08-08T12:32:18 <heuzef> Tu n'à pas vu l'info passé par mail il y à peu
2014-08-08T12:32:30 <heuzef> Sur le sujet de clémence justement
2014-08-08T12:33:33 <Jade_Sheppard> je crois pas non
2014-08-08T12:33:44 <Jade_Sheppard> si on pouvait me mettre au parfum
2014-08-08T12:35:25 <heuzef> En allant sur le site ;) http://bronycub.org/
2014-08-08T12:37:02 *** adriens33 est parti
2014-08-08T12:37:08 <Jade_Sheppard> ok monsieur
2014-08-08T12:41:02 <Jade_Sheppard> sinon il parait que je suis la "meilleure" femme du monde :p
2014-08-08T12:45:39 <heuzef> C'est exact ^^
2014-08-08T12:46:55 <Jade_Sheppard> si il suffit d'achcter une figurine de poney pour ça :p
2014-08-08T12:47:02 <Jade_Sheppard> d'acheter*
2014-08-08T12:47:17 <heuzef> Au bon moment a la bonne personne et la bonne figurine
2014-08-08T12:47:20 <heuzef> xD
2014-08-08T12:48:57 <Jade_Sheppard> bah en même temps elle tendait les bras dans le rayon !
2014-08-08T12:49:25 <Jade_Sheppard> entre ça et rainbow rocks , je prends luna , c'est un choix facile
2014-08-08T12:50:18 <heuzef> ^^
2014-08-08T12:50:39 *** Gordfang s'est connecté
2014-08-08T12:51:59 <heuzef> Plop
2014-08-08T12:52:06 <Gordfang> lut
2014-08-08T12:52:16 <Gordfang> heuzef c'est quand demain?
2014-08-08T12:52:24 <Gordfang> enfin pour quel heure?
2014-08-08T12:52:30 <heuzef> Toute la journée
2014-08-08T12:52:36 *** wildfier s'est connecté
2014-08-08T12:52:52 <heuzef> Je vais juste devoir vous abandonner le midi, j'ai promis de manger avec madame rue st cath
2014-08-08T12:52:52 <Berry-Punch> Bon appétit, heuzef *hic* :D
2014-08-08T12:53:01 <heuzef> Ou alors il faudrat venir manger avec nous
2014-08-08T12:53:12 <Gordfang> hmmm ok je pense arriver apres manger perso
2014-08-08T12:53:45 <Gordfang> et c'est chez qui chez toi?
2014-08-08T12:54:10 <heuzef> oui
2014-08-08T12:54:45 <Gordfang> ok
2014-08-08T12:56:26 <heuzef> Ca serait bien de venir le matin quand même
2014-08-08T12:56:32 <heuzef> Sinon on risque de manquer de temps
2014-08-08T12:57:31 <Gordfang> ouai mais le matin...
2014-08-08T12:57:43 <heuzef> ?
2014-08-08T12:57:57 <Gordfang> enfin bref on vera je vais essayer de me lever mais après je pense pas être tres pratique
2014-08-08T12:58:06 <Gordfang> je sait reproduire mais pas trop créer :D
2014-08-08T12:58:17 <heuzef> T'en fait pas ;)
2014-08-08T13:02:37 <Berry-Punch> Voilà ce qu'il s'est *hic* passé ces 10 dernières lignes, adriens33
2014-08-08T13:02:38 *** adriens33 s'est connecté
2014-08-08T13:20:11 *** MaCharon s'est connecté
2014-08-08T13:20:15 <MaCharon> slt
2014-08-08T13:21:42 <adriens33> salut MaCharon :)
2014-08-08T13:21:54 <MaCharon> ^^
2014-08-08T13:23:32 <Bybeez> salut
2014-08-08T13:27:58 <Gordfang> lut
2014-08-08T13:33:00 <Jade_Sheppard> vous êtes très locace les garçons !
2014-08-08T13:33:16 <adriens33> oui, t'as vu ça… ^^
2014-08-08T13:33:21 <adriens33> faut lancer un sujet !
2014-08-08T13:33:26 <adriens33> y'a un troll dans le coin ? ^^
2014-08-08T13:33:40 <MaCharon> je viens de me lever moi >.<
2014-08-08T13:33:44 <adriens33> ^^
2014-08-08T13:33:52 <heuzef> Es ce que les scatophile ont des goûts de merde ? xD
2014-08-08T13:33:57 <adriens33> *badum tss*
2014-08-08T13:36:16 <Bybeez> 1D ou JB
2014-08-08T13:36:23 <Bybeez> je cherche un sujet de débat
2014-08-08T13:36:32 <Bybeez> le plus pourri possible
2014-08-08T13:36:56 *** wildfier est parti
2014-08-08T13:37:34 <Bybeez> pokemon ou digimon
2014-08-08T13:37:45 <adriens33> ponymon !
2014-08-08T13:37:51 <adriens33> câlinez-les tous !
2014-08-08T13:37:54 <heuzef> Va sur JVC, les noëliste son maître dans le domaine
2014-08-08T13:38:23 <Bybeez> j'imagine ouais ^^
2014-08-08T13:40:32 <Bybeez> C'est affreux, dès que je suis sur internet avec l'IRC d'ouvert, du coin de l’œil j'ai toujours l'impression de voir une notif'
2014-08-08T13:40:43 <adriens33> ^^
2014-08-08T13:59:07 <Jade_Sheppard> Je suis pas sûr de pouvoir lancer un sujet qui vous passione
2014-08-08T14:00:20 <Jade_Sheppard> passionne*
2014-08-08T14:08:31 <heuzef> Essaie toujours ^^
2014-08-08T14:12:12 <Jade_Sheppard> qui est venu en premier la poule ou l'oeuf :p
2014-08-08T14:15:06 <heuzef> Trop connu celle la :/
2014-08-08T14:15:22 <Jade_Sheppard> c'est une échapatoire un peu simple :p
2014-08-08T14:15:25 <heuzef> Quel est ton muffin favori ?
2014-08-08T14:15:38 <Jade_Sheppard> facile : aucune , je déteste les gâteaux !
2014-08-08T14:15:50 <heuzef> https://www.youtube.com/watch?v=FCLe9SIus5Y
2014-08-08T14:16:10 <heuzef> Mon favoris c'est "imaginatiooooon mufiiiiin" :D
2014-08-08T14:16:15 <adriens33> pour la poule et l'œuf: en fait un animal né poule restera poule toute sa vie, elle va pas muter en autre chose. donc c'est forcément l'œuf, qui est donc sorti d'un aniaml précédent la poule et ayant muté en poule ;)
2014-08-08T14:16:31 <adriens33> (de rien)
2014-08-08T14:17:08 <heuzef> C'est un art d'être un nerd ^^
2014-08-08T14:18:36 <Jade_Sheppard> oui c'est pour ça que j'en suis très loin :p
2014-08-08T14:21:53 *** heuzef est parti
2014-08-08T14:22:43 *** heuzef s'est connecté
2014-08-08T14:30:32 <Jade_Sheppard> je reviens , je dois faire un tour a robert picquet pour prendre un rdv ( et maté des militaires ... je plaisante )
2014-08-08T14:35:42 <adriens33> ok, ++ :)
2014-08-08T14:44:40 *** heuzef est parti
2014-08-08T14:45:11 *** heuzef s'est connecté
2014-08-08T15:31:14 <Jade_Sheppard> me revoilà , pfff toute histoire pour avoir un foutu rdv
2014-08-08T15:32:22 <heuzef> Ouais et encore t'as pas vu le tribunal
2014-08-08T15:34:01 <Jade_Sheppard> J'y suis déjà allé mais sans passer par les démarches administratives ( j'étais en spectateur)
2014-08-08T15:34:50 <heuzef> C'est franchement pas drole du tous à vivre
2014-08-08T15:35:18 <heuzef> Y'a aucune humanité la ba
2014-08-08T15:35:47 <MaCharon> les joies de l'administartion
2014-08-08T15:36:53 <heuzef> MaCharon: ?
2014-08-08T15:37:29 <MaCharon> par rapport au tribunal & co
2014-08-08T15:37:36 <adriens33> j'y go ++
2014-08-08T15:37:37 *** adriens33 est parti
2014-08-08T15:37:42 <heuzef> MaCharon: Tu peux me tel stp ?
2014-08-08T15:37:50 <MaCharon> why ?
2014-08-08T15:38:17 <heuzef> juste pour tester si mon nouveau tel fonctionne correctement ^^
2014-08-08T15:38:36 <MaCharon> lol, ok
2014-08-08T15:38:56 <Jade_Sheppard> lol
2014-08-08T15:39:35 <MaCharon> voili voilou
2014-08-08T15:40:06 <Jade_Sheppard> vous connaissez un truc pour atténuer les brulures d'estomac ?
2014-08-08T15:40:41 <Bybeez> Les pompiers d'estomacs ?
2014-08-08T15:40:46 <Bybeez> désolé...
2014-08-08T15:40:57 <MaCharon> reponse au pif : de l'eau ?
2014-08-08T15:41:56 *** wildfier s'est connecté
2014-08-08T15:42:20 <Jade_Sheppard> Je sais pas si ça suffira l'eau :/
2014-08-08T15:43:16 <heuzef> Jade_Sheppard: des fruits rouge
2014-08-08T15:43:30 <MaCharon> jus d'orange ?
2014-08-08T15:43:34 <heuzef> rouge
2014-08-08T15:43:38 <heuzef> pas orange
2014-08-08T15:43:49 <MaCharon> grenadine ?
2014-08-08T15:44:02 <heuzef> Ouais, sauf que c'est pas simple à trouver ça
2014-08-08T15:44:02 <Jade_Sheppard> comment un fruit acide peut apaiser des brulures d'estomac , par curiosité ?
2014-08-08T15:44:23 <MaCharon> je sais pas mais c'est bon :p
2014-08-08T15:44:28 <Jade_Sheppard> j'ai que du sirop de grenadine
2014-08-08T15:44:44 <heuzef> Les fruits rouges
2014-08-08T15:44:44 <heuzef> Pour combattre les brûlures d'estomac, il est essentiel d'améliorer ses défenses antioxydantes ou les fruits rouges apportent une excellente source d'antioxydants.
2014-08-08T15:44:57 <heuzef> sirop de granadine =! fruit rouge
2014-08-08T15:45:13 <heuzef> fraise ; grenade ; cerise ; ... = fruits rouge
2014-08-08T15:45:28 <Jade_Sheppard> oui bof en général la grenadine en sirop c'est fait avec un mélange de framboise ( il me semble) et de vanille
2014-08-08T15:45:43 <heuzef> framboise c'est un fruit rouge
2014-08-08T15:46:02 <heuzef> sinon tu mange tous ce qui est à base d'antioxydants chez toi
2014-08-08T15:46:04 <heuzef> :D
2014-08-08T15:46:10 <Jade_Sheppard> je sais merci :p
2014-08-08T15:46:20 <MaCharon> ouai mais la vanille c'est plus blanc et blanc+rouge= rose
2014-08-08T15:46:20 <Jade_Sheppard> je suis pas complétement débile non plus
2014-08-08T15:54:40 <Jade_Sheppard> euh c'est dit sans agressivité hein :p
2014-08-08T16:04:20 * heuzef mord Jade_Sheppard 
2014-08-08T16:04:40 <Jade_Sheppard> J'ai la peau tendre j'espère :p
2014-08-08T16:08:54 *** heuzef est parti
2014-08-08T16:11:08 *** heuzef s'est connecté
2014-08-08T16:11:51 <Jade_Sheppard> Puis je suis pas sûr que trappy autorise qui que ce soit à me mordre d'abord :p
2014-08-08T16:28:17 <heuzef> SebWhooves travail aussi le 17 :( il ne viendra qu'à 15h
2014-08-08T16:28:36 <heuzef> il risque de faire faim sans notre cuistot attitré
2014-08-08T16:29:00 <MaCharon> bah au moins il sera present
2014-08-08T16:30:32 <Bybeez> Je pense que Makhai aussi viendra dans l'aprem vu qu'il bosse
2014-08-08T16:38:30 <heuzef> Je me tue as faire ça un dimanche pour que finalement tous le monde bosse ce jour la
2014-08-08T16:38:32 <heuzef> xD
2014-08-08T16:40:07 <Bybeez> Ouaip, c'est vrai que ça fais chier
2014-08-08T16:43:04 <Jade_Sheppard> en même temps perso mon entreprise ne ferme jamais , j'insiste bien sur le jamais , même à noel !
2014-08-08T16:43:44 <heuzef> Ton entreprise c'est quoi au juste ?
2014-08-08T16:44:59 <Jade_Sheppard> kfc  , ou le palais du poulet :p
2014-08-08T16:51:53 <heuzef> J'ai travaillé au macdo
2014-08-08T16:51:56 <heuzef> c'est la même
2014-08-08T16:52:20 <Jade_Sheppard> houep , moi ça m'épate toujours les gens qui mange fast food le soir du réveillon
2014-08-08T16:55:52 <Berry-Punch> Voilà ce qu'il s'est passé ces 10 *hic* dernières lignes, adriens33
2014-08-08T16:55:53 *** adriens33 s'est connecté
2014-08-08T16:56:07 <adriens33> plop
2014-08-08T16:58:10 <Bybeez> plop
2014-08-08T16:58:33 *** heuzef est parti
2014-08-08T16:58:45 <Jade_Sheppard> ça gronde :/
2014-08-08T16:58:52 *** heuzef s'est connecté
2014-08-08T16:58:57 *** heuzef est parti
2014-08-08T16:59:41 <adriens33> ouep…
2014-08-08T17:00:24 *** heuzef s'est connecté
2014-08-08T17:17:52 *** wildfier est parti
2014-08-08T17:41:22 *** strycore s'est connecté
2014-08-08T17:41:29 <strycore> Est ce que heuzef
2014-08-08T17:41:33 *** strycore est parti
2014-08-08T17:41:38 *** TrappyTickles s'est connecté
2014-08-08T17:42:36 <TrappyTickles> oi
2014-08-08T17:42:46 <TrappyTickles> indispo pour un moment, j'ai une gpu a installer
2014-08-08T17:44:56 *** TrappyTickles est parti
2014-08-08T17:48:27 *** strycore s'est connecté
2014-08-08T17:48:30 <strycore> deprexim
2014-08-08T17:49:44 *** heuzef est parti
2014-08-08T17:50:01 <strycore> mdr
2014-08-08T17:50:04 *** strycore est parti
2014-08-08T17:50:13 *** heuzef s'est connecté
2014-08-08T17:56:59 *** TrappyTickles s'est connecté
2014-08-08T18:05:41 *** TrappyTickles est parti
2014-08-08T18:08:56 *** TrappyTickles s'est connecté
2014-08-08T18:20:07 <TrappyTickles> me rappelais pas que les drivers nvidia prenaient plus longtemps à s'installer que les drivers amd :p
2014-08-08T18:33:56 *** ValCab33 s'est connecté
2014-08-08T18:34:05 <ValCab33> Hellow
2014-08-08T18:36:54 <Bybeez> Hello
2014-08-08T18:37:18 <adriens33> hello
2014-08-08T18:37:56 <MaCharon> slt
2014-08-08T18:40:49 <Jade_Sheppard> Salut !
2014-08-08T19:03:52 <Jade_Sheppard> Vous avez planté ? Faut il vous reboot ?
2014-08-08T19:04:30 <Bybeez> hein ?
2014-08-08T19:05:00 <Jade_Sheppard> Je ne sais pas , vous ne parliez plus
2014-08-08T19:05:46 <Bybeez> Les gens parlent quasi pas a part ludvan mais lui c'est spécial
2014-08-08T19:06:00 <Jade_Sheppard> ah bon :p
2014-08-08T19:06:31 <TrappyTickles> je suis pas dispo, je suis sur LoE
2014-08-08T19:07:40 <TrappyTickles> purée ces bugs, on dirait qu'ils ont rien foutu entre mars et aout
2014-08-08T19:07:42 <Jade_Sheppard> qu'est ce que vous pensez des ponifications de gens connus ? :)
2014-08-08T19:07:46 <Bybeez> ah tu es sur un serveur privé (je sais que Flutterbrony en a un)
2014-08-08T19:08:28 <heuzef> Jade_Sheppard je pense que c'est une bonne chose, ça permet à certain de découvrir le phénomène
2014-08-08T19:09:06 <Jade_Sheppard> Perso y en a que je trouve vraiment réussi , comme la ponification des mythbusters
2014-08-08T19:09:29 <TrappyTickles> ça peut être marrant.. et canon aussi, avec cheese sandwich
2014-08-08T19:10:02 <Jade_Sheppard> oui mais weird al à la folie nécessaire pour rivaliser avec pinkie , en fait c'est une sorte de pinkie irl
2014-08-08T19:12:00 * TrappyTickles se souvient avoir fait une ponyfication rapide de cristina corduba :p
2014-08-08T19:12:22 <Jade_Sheppard> cordula *
2014-08-08T19:12:36 <TrappyTickles> on s'en fout on m'a compris
2014-08-08T19:12:56 <Jade_Sheppard> tu veux une fessée ?
2014-08-08T19:16:51 <TrappyTickles> http://tumblr.maxlefou.com/post/82301103522/ca-faisait-un-moment-que-je-voulais-faire-ce-gag pour les curieux
2014-08-08T19:39:46 *** ELiDYROS s'est connecté
2014-08-08T19:40:55 <ELiDYROS> yo
2014-08-08T19:42:43 <adriens33> salut ELiDYROS :)
2014-08-08T19:50:29 *** MaCharon est parti
2014-08-08T20:10:51 *** Tenshi s'est connecté
2014-08-08T20:11:01 *** Tenshi est parti
2014-08-08T20:16:28 <Bybeez> Bande de patates !
2014-08-08T20:22:28 <adriens33> Hmm… oui, pourquoi pas.
2014-08-08T20:28:33 <Jade_Sheppard> dire ça en présence d'une femme , tu n'as peur de rien !
2014-08-08T20:29:44 <adriens33> oh ! quelqu'un qui a peur de rien ! vite ! prenez du rien pour lui faire peur !!
2014-08-08T20:30:49 <Jade_Sheppard> tu le vois le corbeau qui passe là ? :p
2014-08-08T20:30:57 <adriens33> ^^
2014-08-08T20:31:07 * adriens33 va chercher une pelle
2014-08-08T20:31:28 <Jade_Sheppard> pour le corbeau j'espère :p
2014-08-08T20:31:44 <adriens33> ah, aussi
2014-08-08T20:32:07 <Jade_Sheppard> je vais appeler trappy , mon preux chevalier à la rescousse :p
2014-08-08T20:32:20 <Jade_Sheppard> quoi que je peux me défendre moi même !
2014-08-08T20:34:04 <adriens33> ah, non, c'était pour moi et ma vanne foireuse la pelle à la base ^^
2014-08-08T20:34:46 <TrappyTickles> là je regrette que notre frère francophone qui bosse sur LoE a pas mis en ligne un serveur français
2014-08-08T20:34:53 <Jade_Sheppard> ah je préfère ça , je peux me charger de la besogne au besoin :p
2014-08-08T20:36:07 <adriens33> …
2014-08-08T20:36:27 * Berry-Punch lance un muffin sur Jade_Sheppard à 2069 km/h
2014-08-08T20:36:27 <Berry-Punch> MUFFIN RAINBOOM !! *hic* 
2014-08-08T20:37:34 <Jade_Sheppard> bah quoi je veux juste être serviable :p
2014-08-08T20:37:50 <Jade_Sheppard> s'enterrer soit même me semble complexe à moins d'être une licorne éventuellement
2014-08-08T20:40:42 <Bybeez> Les patates, c'est mignon !
2014-08-08T20:41:23 <Jade_Sheppard> ça depend , monsieur patate n'est pas spécialement ce que j'appelerais mignon
2014-08-08T20:43:14 <Bybeez> mais moi je parle des petites patates, c'est trop chou une petite patate avec une voie aiguë
2014-08-08T20:43:56 <Jade_Sheppard> une patate qui parle ?
2014-08-08T20:45:07 <Bybeez> Bah oui ! https://www.youtube.com/watch?v=75ksN7JSnYY
2014-08-08T20:46:09 <Jade_Sheppard> dear célestia ...
2014-08-08T20:46:22 <Bybeez> Ch'est cro adorable
2014-08-08T20:47:14 <Jade_Sheppard> Je dois pas la fibre de ce genre de mignonneté
2014-08-08T20:48:02 <Bybeez> Les patates c'est mignon un point c'est tout
2014-08-08T20:48:13 <adriens33> les patates c'est fait pour finir en chips et en frites !!
2014-08-08T20:48:19 * adriens33 prend une hache
2014-08-08T20:48:22 <adriens33> viens ici la patate !
2014-08-08T20:48:46 <Bybeez> noon !
2014-08-08T20:49:51 <Jade_Sheppard> https://www.youtube.com/watch?v=s5sPjhcu0jY ça c'est mignon pour moi
2014-08-08T20:50:18 <Bybeez> effectivement
2014-08-08T20:50:56 <Jade_Sheppard> bon c'est vrai j'ai des tendances à être une crazy cat lady mais personne ne peut résister à Chi
2014-08-08T20:51:32 <Bybeez> XD
2014-08-08T20:52:57 <Bybeez> Les chats sont trop forts, on ne peut pas resister
2014-08-08T20:53:35 <Jade_Sheppard> non , les chats ont une arme redoutable , être mignon est la plus puissante des formes de manipulation
2014-08-08T20:54:10 <Bybeez> C'est pour ça que nous les mecs, on est si manipulable
2014-08-08T20:54:13 <Bybeez> ^^
2014-08-08T20:55:18 <Jade_Sheppard> ah bon ?
2014-08-08T20:55:37 <Bybeez> J'imagine que ça depend des mecs XD
2014-08-08T20:56:08 <adriens33> bah des boobs c'est mignon ^^
2014-08-08T20:56:09 <adriens33> non ?
2014-08-08T20:56:16 <adriens33> (enfin ça dépend…)
2014-08-08T20:56:23 <Bybeez> (effectivement)
2014-08-08T20:56:53 * Jade_Sheppard facehoof
2014-08-08T20:56:58 <adriens33> XD
2014-08-08T20:57:12 <Bybeez> ^^
2014-08-08T20:58:39 <Bybeez> Bon je vous abandonne , zetsuen no Tempest m’appelle 2episodes et je reviens !
2014-08-08T20:59:16 <Jade_Sheppard> euh à plus je suppose :p
2014-08-08T21:01:33 <Jade_Sheppard> sur ceux moi aussi je vais vous laisser , je me re-mate tout les HP et le 6eme film m'attend
2014-08-08T21:02:43 <Jade_Sheppard> bye
2014-08-08T21:02:47 *** Jade_Sheppard est parti
2014-08-08T21:05:20 <TrappyTickles> ce dessin me tue à chaque fois XD https://derpibooru.org/663734
2014-08-08T21:06:38 *** heuzef est parti
2014-08-08T21:13:56 *** ValCab33 est parti
2014-08-08T21:52:30 *** ELiDYROS est parti
2014-08-08T22:01:59 *** ludvann s'est connecté
2014-08-08T22:02:06 <ludvann> Niorph !
2014-08-08T22:03:23 <Bybeez> tagazok !
2014-08-08T22:03:27 <ludvann> vous dormez ou quoi ? ^^
2014-08-08T22:03:42 <Bybeez> ou quoi !
2014-08-08T22:03:58 <ludvann> ...
2014-08-08T22:04:02 <ludvann> :)
2014-08-08T22:04:30 * Bybeez gifle ludvann
2014-08-08T22:04:36 <Bybeez> ça fait du bien
2014-08-08T22:04:55 <ludvann> hey !
2014-08-08T22:05:00 <ludvann> je te le permet pas !
2014-08-08T22:05:03 <Bybeez> désolé au fait, envie soudaine de te frapper
2014-08-08T22:05:08 * ludvann gifle Bybeez 
2014-08-08T22:05:15 <Bybeez> hey !
2014-08-08T22:05:30 <ludvann> Si vous aimez l'humour absurde, j'ai une petite série courte à vous conseiller :D
2014-08-08T22:05:36 * Bybeez plante ses ongle dans le bras de ludvann
2014-08-08T22:05:50 <Bybeez> coute ? comme.. ok,je me tais
2014-08-08T22:06:07 <ludvann> tu ne peux me faire mal, j'ai des bras en fer
2014-08-08T22:06:24 <ludvann> courte comme ta planète
2014-08-08T22:06:24 <Bybeez> et moi j'ai n sourire dent fer !
2014-08-08T22:06:36 <ludvann> gné ?
2014-08-08T22:06:46 <Bybeez> dent fer d'enfer, un sourire d'enfer
2014-08-08T22:06:52 <Bybeez> c'est drôle
2014-08-08T22:06:58 <ludvann> ah
2014-08-08T22:07:01 <ludvann> hum
2014-08-08T22:07:09 * ludvann facedesk
2014-08-08T22:07:14 * ludvann facedesk x1
2014-08-08T22:07:16 <Bybeez> https://www.youtube.com/watch?v=75ksN7JSnYY
2014-08-08T22:07:17 * ludvann facedesk x1x2
2014-08-08T22:07:24 * ludvann facedesk x 3
2014-08-08T22:07:25 <Bybeez> c'est la chanson de la pate
2014-08-08T22:07:29 <Bybeez> patate*
2014-08-08T22:07:37 <ludvann> combo x4 !
2014-08-08T22:07:52 <ludvann> connaissais déjà
2014-08-08T22:08:11 <ludvann> toujours aussi con xD
2014-08-08T22:08:25 <Bybeez> Je suis désolé, je t'abandonne pour les 20 prochaines minutes, un épisode de Zetsuen no Tempest m'attend
2014-08-08T22:08:37 <ludvann> ok
2014-08-08T22:08:43 <ludvann> YES !!!! enfin !
2014-08-08T22:10:25 *** Lenile s'est connecté
2014-08-08T22:10:32 <Lenile> Saloute !
2014-08-08T22:14:22 <ludvann> hellow
2014-08-08T22:14:57 <Lenile> Comment va ?
2014-08-08T22:16:15 <adriens33> salut Lenile :)
2014-08-08T22:16:27 <Lenile> Salut adriens33
2014-08-08T22:16:40 <Lenile> Vous avez prévu un truc dans la semaine ? J'ai besoin de changé d'air.
2014-08-08T22:17:54 <Lenile> La grande soeur à la maison, elle à la même maladie que mon père. "Supportable une semaine, chiante le reste du temps"
2014-08-08T22:18:37 <Lenile> à part se fouttre de ma gueule H24 parce que j'ai des figurines et des peluches MLP en me traitant d'atardé. J'hésite entre soit lui claqué la tronche au sol soit me casser o/
2014-08-08T22:18:44 <Lenile> J'aime ma famille et mes monolohues
2014-08-08T22:20:08 <Lenile> monologues*
2014-08-08T22:21:15 <Letarumavza> 17
2014-08-08T22:21:31 <Letarumavza> le 17 y'a l'anniv de bronycub
2014-08-08T22:21:36 <Lenile> Je sais u.u
2014-08-08T22:21:42 <Lenile> Rien d'autre avant ? x)
2014-08-08T22:21:48 <Lenile> Même pas un scuatt ? x)
2014-08-08T22:22:01 <Letarumavza> Faut voir, t'as de la viande ?
2014-08-08T22:22:08 <Lenile> Yep
2014-08-08T22:22:11 <Lenile> Barbecue ? x)
2014-08-08T22:22:33 <Lenile> (Au pire je coupe la frangine en petit morceau xD )
2014-08-08T22:25:29 <ludvann> xD
2014-08-08T22:27:48 <Lenile> Pour les 1 ans le 17 aout ça s'passera comment ?
2014-08-08T22:29:43 <ludvann> bah...
2014-08-08T22:30:02 <ludvann> http://framadate.org/lwimwx14t3vipxnv
2014-08-08T22:30:29 <ludvann> merde...
2014-08-08T22:31:06 <ludvann> adriens33, Letarumavza , vous savez où le lien pour l'organisation du 17 ?
2014-08-08T22:31:22 <adriens33> il manque un dans cette phrase !
2014-08-08T22:32:00 <Bybeez> XD
2014-08-08T22:32:21 <ludvann> le con merde xD
2014-08-08T22:32:28 <ludvann> http://pad.strycore.com/p/bronycub
2014-08-08T22:32:31 <ludvann> o/
2014-08-08T22:33:54 *** IleanaBadWolf s'est connecté
2014-08-08T22:34:08 <ludvann> hellow !
2014-08-08T22:34:10 *** IleanaBadWolf est parti
2014-08-08T22:34:19 <adriens33> dat vent XD
2014-08-08T22:34:28 <ludvann> xD
2014-08-08T22:34:33 <ludvann> je me disais aussi ^^
2014-08-08T22:34:37 *** IleanaBadWolf s'est connecté
2014-08-08T22:34:44 <ludvann> ah bah nan ^^
2014-08-08T22:34:49 <Bybeez> Salut !
2014-08-08T22:35:18 <IleanaBadWolf> Haha non désolée j'ai fermée la page sans le faire exprès ^^'
2014-08-08T22:35:25 <IleanaBadWolf> Hey du coup :P
2014-08-08T22:35:31 <ludvann> ah bah bravo !
2014-08-08T22:35:35 <ludvann> ;)
2014-08-08T22:35:46 <IleanaBadWolf> Haha ça va hein je suis pas douée :P
2014-08-08T22:35:53 <ludvann> eeyup
2014-08-08T22:35:58 <Bybeez> XD
2014-08-08T22:36:37 *** ELiDYROS s'est connecté
2014-08-08T22:37:05 <ludvann> et Letarumavza, on pourra savoir les horaires pour le 17 stp :D ?
2014-08-08T22:37:11 <ludvann> hell low !
2014-08-08T22:37:55 <Bybeez> hey l'eau
2014-08-08T22:39:52 <ludvann> ^^
2014-08-08T22:41:21 <adriens33>  salut IleanaBadWolf :)
2014-08-08T22:41:37 <Berry-Punch> Flags *hic* de IleanaBadWolf modifiés en +v
2014-08-08T22:41:41 <Berry-Punch> Flags de IleanaBadWolf modifiés : *hic* +v
2014-08-08T22:41:53 <IleanaBadWolf> Hey :)
2014-08-08T22:42:38 <adriens33> comment va ?
2014-08-08T22:42:45 <ludvann> bueno ;D
2014-08-08T22:43:10 <IleanaBadWolf> Tranquille et toi?
2014-08-08T22:43:39 <adriens33> ça va ^^ j'aime les vacances apres des mois de boulot :p
2014-08-08T22:44:18 <ludvann> ah oui c'est vrai
2014-08-08T22:44:20 <IleanaBadWolf> Ouais normal :P
2014-08-08T22:44:25 <ludvann> les vacances ^^
2014-08-08T22:44:29 <ludvann> #000214 kbeef
2014-08-08T22:44:29 <ludvann> +1382
2014-08-08T22:44:29 <ludvann> 6 03/12/2008
2014-08-08T22:44:30 <ludvann> Voici un mail que nous avons reçu dans notre HelpDesk :
2014-08-08T22:44:30 <ludvann> "Bonjour,
2014-08-08T22:44:30 <ludvann> Je recherche un utilitaire qui permette de formater un disque sans perdre de données.
2014-08-08T22:44:32 <ludvann> Auriez-vous quelque chose ? Merci d'avance."
2014-08-08T22:44:34 <ludvann> PEBKAC.
2014-08-08T22:44:52 * ludvann décerne le prix du GG en or
2014-08-08T22:45:03 <adriens33> ah, pebkac XD
2014-08-08T22:45:07 <Lenile> Un utilitaire pour les DD
2014-08-08T22:45:13 <Lenile> CTRL + C Et CTRL + V
2014-08-08T22:45:15 <Lenile> xD
2014-08-08T22:45:26 <ludvann> ouais
2014-08-08T22:45:48 <ludvann> (pas envie de te tout recopier ^^ )
2014-08-08T22:45:50 <Lenile> S'comme ça que je fait
2014-08-08T22:46:00 <Lenile> j'ai 1 boitier de DD externe
2014-08-08T22:46:08 <Lenile> et 5 DD de 500GB
2014-08-08T22:46:13 <Lenile> +1 de 1 To
2014-08-08T22:46:17 <Lenile> xD
2014-08-08T22:46:28 <ludvann> ^^
2014-08-08T22:46:41 <Lenile> Pour les photo pour le 17 je m'en occupe
2014-08-08T22:46:45 <ludvann> k
2014-08-08T22:46:49 <Lenile> J'doit déja prendre des photo pour Le Poney Blanc
2014-08-08T22:46:56 <Lenile> Donc autant me chargé de tout o/
2014-08-08T22:47:23 <ludvann> mon père a ramenais 2 HDD neuf de 2To du boulot ;P
2014-08-08T22:47:37 <ludvann> il sont dans le serveur local ^^
2014-08-08T22:48:33 <ludvann> narmol ^^
2014-08-08T22:48:53 <Lenile> Letarumavza tes la ? x)
2014-08-08T22:49:13 <Letarumavza> non
2014-08-08T22:49:19 <ludvann> ah...
2014-08-08T22:51:13 <Lenile> o/
2014-08-08T22:51:24 <Lenile> Il fini à quelle heure la fête des 1 ans ?
2014-08-08T22:51:29 <Lenile> Ma mère demande o/
2014-08-08T22:51:39 <ludvann> adriens33, respect http://www.pebkac.fr/pebkac/183/
2014-08-08T22:57:24 <ludvann> faïtes quoi ? :)
2014-08-08T23:00:06 <adriens33> des trucs
2014-08-08T23:01:04 <ludvann> ouah....
2014-08-08T23:02:08 <Bybeez> Patate !
2014-08-08T23:02:15 <adriens33> carotte nucléaire !
2014-08-08T23:02:27 <ludvann> balançoire
2014-08-08T23:03:02 <adriens33> babouche tricéphale
2014-08-08T23:03:35 <Lenile> Personne sais vers quelle heure fini la fête des 1 ans ?
2014-08-08T23:03:54 <ludvann> je sais même pas quand ça commence  xD
2014-08-08T23:04:24 <Lenile> xD
2014-08-08T23:04:29 <Lenile> On à pas les horraires ! xD
2014-08-08T23:04:30 <IleanaBadWolf> 8h à 22h je crois
2014-08-08T23:04:37 <Lenile> Kay' !
2014-08-08T23:05:00 <ludvann> :D
2014-08-08T23:05:18 <ludvann> ça va çtre la merde pour venir je sens...
2014-08-08T23:05:43 <adriens33> Tiens, ludvann tu te kikoololise ?
2014-08-08T23:05:48 <adriens33> Fais gaffe ^^
2014-08-08T23:05:54 <ludvann> ?
2014-08-08T23:06:16 <ludvann> dévellope adriens33 ...
2014-08-08T23:06:22 <ludvann> dévelloppes*
2014-08-08T23:06:25 <Lenile> TOUS DANS LE BUS o/
2014-08-08T23:06:29 <adriens33> ben je sais pas, ton orthographe par exemple XD
2014-08-08T23:06:30 <ludvann> oui
2014-08-08T23:06:33 <ludvann> mais lequel ?
2014-08-08T23:07:13 <ludvann> adriens33, je voi pa de koi tu parle parce que la frenchement cé de la mauvaise foie
2014-08-08T23:08:02 <adriens33> XD
2014-08-08T23:08:03 <ludvann> Lenile, oui mais quel bus ?
2014-08-08T23:08:08 <ludvann> ^^
2014-08-08T23:08:11 <ludvann> x2
2014-08-08T23:08:15 <Lenile> Je sias pas :(
2014-08-08T23:08:43 <adriens33> c'ton cul le bus
2014-08-08T23:09:02 <ludvann> toujours aussi flexible le tien adriens33 ?
2014-08-08T23:09:11 <ludvann> ;)
2014-08-08T23:09:14 <adriens33> …
2014-08-08T23:09:15 *** Eclipse2212 s'est connecté
2014-08-08T23:09:17 <adriens33> au piquet !!!
2014-08-08T23:09:24 <Eclipse2212> Deja?
2014-08-08T23:09:30 <Eclipse2212> Chalut
2014-08-08T23:09:31 <adriens33> (non, pas toi, ludvann)
2014-08-08T23:09:36 <Eclipse2212> xD
2014-08-08T23:09:37 <adriens33> (salut au passage)
2014-08-08T23:09:41 <Eclipse2212> comme d'hab'
2014-08-08T23:09:44 <ludvann> xD
2014-08-08T23:09:53 <ludvann> comme d'hab
2014-08-08T23:10:01 <ludvann> toujours au mauvais moment ^^
2014-08-08T23:10:03 <Bybeez> yo
2014-08-08T23:10:16 <Eclipse2212> décidément c'est pas aujourd'hui que tu changera xX
2014-08-08T23:10:21 <adriens33> hélas non…
2014-08-08T23:10:22 <Eclipse2212> 'lut
2014-08-08T23:10:30 <ludvann> oui
2014-08-08T23:10:30 <Eclipse2212> *xD
2014-08-08T23:10:34 <ludvann> s'lut
2014-08-08T23:11:12 <ludvann> chat va ?
2014-08-08T23:11:17 <Eclipse2212> 'yup
2014-08-08T23:11:32 <ludvann> tu tiens toujours à ton pc ? ;)
2014-08-08T23:11:33 <Eclipse2212> et toi?
2014-08-08T23:11:46 <ludvann> bien
2014-08-08T23:11:53 <Eclipse2212> nope faudrais planifier ça le 2-3 septembre
2014-08-08T23:12:16 <Eclipse2212> le temps que je rentre a bordeaux pour pas que ça me retombe dessus
2014-08-08T23:12:17 <ludvann> k
2014-08-08T23:12:19 <Eclipse2212> xD
2014-08-08T23:12:29 <ludvann> ...
2014-08-08T23:12:46 <Eclipse2212> ?
2014-08-08T23:12:51 <ludvann> vois ça avec la personne qui te le flingueras ^^
2014-08-08T23:13:13 <Eclipse2212> oui je pense que c'est ce que je vais faire xD
2014-08-08T23:13:40 <Eclipse2212> ya du monde ce soir :O
2014-08-08T23:13:53 <ludvann> oui mais pas beaucoup de conversation :/
2014-08-08T23:14:06 <Eclipse2212> xD
2014-08-08T23:15:00 *** IleanaBadWolf est parti
2014-08-08T23:29:56 <Bybeez> Aller, je vous abandonne pour la noirceur obscure sombre et noire de la nuit tenebreuse et nocturne, bonne nuit
2014-08-08T23:30:16 <adriens33> good night
2014-08-08T23:30:21 <ludvann> neunuit
2014-08-08T23:30:23 <ludvann> @+
2014-08-08T23:30:34 * Bybeez gifle ludvann pour le plaisir avant de fuir et d'aller dormir
2014-08-08T23:30:42 *** Bybeez est parti
2014-08-08T23:30:43 <ludvann> Grrrrr
2014-08-08T23:30:48 <Eclipse2212> XD
2014-08-08T23:31:15 <ludvann> il va le regretter...
2014-08-08T23:31:23 <ludvann> un jour...
2014-08-08T23:31:40 <Eclipse2212> yup
2014-08-08T23:31:55 <adriens33> ouais ouais tu dis ça, mais en attendant tu fais rien :p
2014-08-08T23:32:05 <Eclipse2212> xD
2014-08-08T23:32:36 <ludvann> ouais
2014-08-08T23:32:39 <ludvann> la flemme
2014-08-08T23:32:55 <ludvann> un jour, dans 30 ans
2014-08-08T23:33:48 <adriens33> XD
2014-08-08T23:33:59 <adriens33> dans 30 ans tu seras mort ^^
2014-08-08T23:34:21 <Eclipse2212> ^^
2014-08-08T23:35:25 <ludvann> nope
2014-08-08T23:35:41 *** ValCab33 s'est connecté
2014-08-08T23:35:54 <ludvann> PLOP POWEEEEEEEEEEEEEER !!!!!!!!!!!!!
2014-08-08T23:36:01 <ValCab33> Plopeuh
2014-08-08T23:36:02 <ludvann> bijour M.
2014-08-08T23:36:05 <adriens33> eh bé !
2014-08-08T23:36:06 <Eclipse2212> Plop
2014-08-08T23:36:07 <adriens33> calme toi !
2014-08-08T23:36:31 <ludvann> plop plop plop plop plop plop plop plop plop
2014-08-08T23:36:40 <ludvann> mouahahahahahahahahahaha
2014-08-08T23:36:44 <ValCab33> ...
2014-08-08T23:36:48 * ludvann s'étouffe de rire
2014-08-08T23:37:17 <Eclipse2212> il est mort?
2014-08-08T23:37:26 <ludvann> qui ?
2014-08-08T23:37:28 <ludvann> moi ?
2014-08-08T23:37:29 <Eclipse2212> toi
2014-08-08T23:37:31 <ludvann> ouui
2014-08-08T23:37:42 <Eclipse2212> merde du coup, t'est pas mort?
2014-08-08T23:38:33 <ludvann> si
2014-08-08T23:38:36 <ludvann> je suis mort
2014-08-08T23:38:46 <Eclipse2212> Ahhhh!
2014-08-08T23:38:49 <adriens33> ah berk pas ici c'est dégueu !
2014-08-08T23:38:52 * Eclipse2212 est heureux
2014-08-08T23:38:55 <adriens33> va mourrir ailleurs ludvann
2014-08-08T23:39:03 <adriens33> (j'ai failli écrire "pourrir" XD)
2014-08-08T23:39:09 <ludvann> xD
2014-08-08T23:39:25 <ludvann> ah nem (chant religieux)
2014-08-08T23:39:32 * Eclipse2212 lance le corps de +ludvann d
2014-08-08T23:39:41 <Eclipse2212> NÔOOOOOOON!
2014-08-08T23:39:52 <Eclipse2212> le fail...
2014-08-08T23:40:01 <Eclipse2212> putain de clavier...
2014-08-08T23:40:33 <ludvann> ah ah !
2014-08-08T23:40:58 <Eclipse2212> je hais android
2014-08-08T23:41:05 <adriens33> t'aimes pas les robots ?
2014-08-08T23:41:19 <ludvann> adriens33,
2014-08-08T23:41:23 <adriens33> quoiq ?
2014-08-08T23:41:27 <ludvann> je... je
2014-08-08T23:41:28 <Eclipse2212> si mais le tactile de ma tablette déconne de temps a autes
2014-08-08T23:41:31 <Eclipse2212> ...
2014-08-08T23:41:32 <adriens33> couac
2014-08-08T23:41:32 <ludvann> j'abandonne
2014-08-08T23:41:40 <adriens33> couac
2014-08-08T23:41:48 <Eclipse2212> xD tu m'as fait peur
2014-08-08T23:42:03 * Eclipse2212 a les idées très tordues
2014-08-08T23:53:42 *** TrappyTickles est parti
2014-08-08T23:57:31 <Eclipse2212> bon aller j'vais me coucher
2014-08-08T23:57:55 <adriens33> bonne nui
2014-08-08T23:57:56 <adriens33> *nuit
