2014-07-17T00:00:08 <adriens33> bnne nuit
2014-07-17T00:00:12 <adriens33> *bonne
2014-07-17T00:00:15 <wildfier> en espérant que twitch finisse par se décider à afficher ma run ...
2014-07-17T00:00:25 <wildfier> anyway, bye /)
2014-07-17T00:00:55 <wildfier> (gotta think of a better raid message for next time XD)
2014-07-17T00:00:55 <Eclipse> bonne nuit!
2014-07-17T00:02:33 *** wildfier est parti
2014-07-17T00:02:42 <Letarumavza> oh putain ce sketch ^^
2014-07-17T00:05:47 <adriens33> ces manches…
2014-07-17T00:05:48 <adriens33> XD
2014-07-17T00:06:19 <Letarumavza> remarque...
2014-07-17T00:06:29 <Letarumavza> ça me rapelle notre première tentative de barbeuq tien ^^
2014-07-17T00:06:33 <adriens33> XD
2014-07-17T00:06:42 <Letarumavza> La flotte
2014-07-17T00:06:42 <adriens33> "tiens, je sens quelques gouttes…"
2014-07-17T00:06:47 <Letarumavza> Les allumètes dehors...
2014-07-17T00:06:49 <adriens33> et là il pleut à torrents…
2014-07-17T00:06:55 <adriens33> "merde les allummettes !!"
2014-07-17T00:06:58 <adriens33> "merde le bois !!"
2014-07-17T00:07:31 <Letarumavza> ^^
2014-07-17T02:10:24 <adriens33> je go dodo
2014-07-17T02:10:27 <adriens33> bonne nuit
2014-07-17T02:10:34 *** adriens33 est parti
2014-07-17T02:10:58 *** lezarius est parti
2014-07-17T02:12:54 *** ValCab33 est parti
2014-07-17T02:19:31 <Eclipse> bonne nuit!
2014-07-17T02:19:34 *** Eclipse est parti
2014-07-17T03:02:34 *** MaCharon est parti
2014-07-17T03:28:27 *** Letarumavza est parti
2014-07-17T07:09:48 <Berry-Punch> Voilà ce qu'il *hic* s'est passé ces 10 dernières lignes, adriens33
2014-07-17T07:09:49 *** adriens33 s'est connecté
2014-07-17T07:42:58 *** adriens33 est parti
2014-07-17T07:58:49 *** wildfier s'est connecté
2014-07-17T08:34:10 *** wildfier est parti
2014-07-17T09:08:02 *** wildfier s'est connecté
2014-07-17T09:12:51 *** heuzef s'est connecté
2014-07-17T09:19:57 <Berry-Punch> Voilà ce qu'il s'est passé ces 10 dernières lignes, adriens33 *hic* 
2014-07-17T09:19:58 *** adriens33 s'est connecté
2014-07-17T09:20:42 <adriens33> hello tout le monde :)
2014-07-17T09:24:08 <heuzef> plop
2014-07-17T09:31:59 *** Gordfang s'est connecté
2014-07-17T09:32:12 <Gordfang> lut
2014-07-17T09:32:16 *** Letarumavza s'est connecté
2014-07-17T09:32:22 <Letarumavza> Kakakakakakakaka Je suis le craaaane du développement !
2014-07-17T09:35:57 <adriens33> XD
2014-07-17T09:36:12 <adriens33> kakakakaka t'as pété un câble Lennon !
2014-07-17T09:36:16 <adriens33> kakakaka
2014-07-17T09:36:21 <adriens33> alors on vient plus me voir ?
2014-07-17T09:36:24 <adriens33> kakakakaka !
2014-07-17T09:43:02 <wildfier> kekekekeke quoi
2014-07-17T09:43:03 <wildfier> ?
2014-07-17T09:43:44 <adriens33> wildfier qu'est perdu… ^^
2014-07-17T09:44:16 <Letarumavza> Ouais, bah ce soir il sera pas perdu pour la barbaque je parrie ^^
2014-07-17T09:44:37 <adriens33> ^^
2014-07-17T09:57:52 *** heuzef est parti
2014-07-17T10:01:05 <wildfier> je passe chez toi adriens33 et on y vas ensemble ?
2014-07-17T10:01:17 <wildfier> (je sais pas comment je vais la transporter la bouffe ...)
2014-07-17T10:01:29 <adriens33> wildfier: le souci c'est que moi j'y vais en vélo…
2014-07-17T10:01:35 <wildfier> j'ai pas de quoi transporter du frois
2014-07-17T10:01:42 <adriens33> le mieux c'est que tu prennes le 34 vers bègles rives d'arcin
2014-07-17T10:01:48 <adriens33> et tu t'arrêtes à Montherland
2014-07-17T10:01:55 <wildfier> ok, j'ai compris, je me démerde en bus XD
2014-07-17T10:01:56 <adriens33> tu remontes jusqu'au rond poind juste avant
2014-07-17T10:02:09 <adriens33> au pire tu m'attends à ce rond point, c'est pas super loin
2014-07-17T10:02:36 <adriens33> t'as pas de sac de froid ?
2014-07-17T10:02:38 <adriens33> pas cool
2014-07-17T10:03:36 <Letarumavza> Hum...
2014-07-17T10:03:51 <wildfier> je ramène au moins des bibines ^^
2014-07-17T10:04:04 <wildfier> faudra les mettre au frais mais c'est déjà ça
2014-07-17T10:04:04 <Letarumavza> Mais on en a des bibines ^^
2014-07-17T10:04:11 <Letarumavza> 10 bibines ^^
2014-07-17T10:04:29 <wildfier> c'est quoi ?
2014-07-17T10:04:43 <wildfier> (tiens berry réagit pas au mot 'bibine')
2014-07-17T10:04:52 *** heuzef s'est connecté
2014-07-17T10:05:01 <Letarumavza> des pélicans ^^
2014-07-17T10:06:02 *** Shinsaber s'est connecté
2014-07-17T10:06:18 <Shinsaber> Salut /)
2014-07-17T10:06:32 <wildfier> je crois que je les ai encore jamais gouté celles là
2014-07-17T10:06:47 <wildfier> (j'ai des grimbergen perso)
2014-07-17T10:07:28 <Letarumavza> La peleforth est amère, mais pas dégueu ^^
2014-07-17T10:07:38 <Letarumavza> (perso j'ai une préférence pour la cuvée des trolls)
2014-07-17T10:08:02 <Letarumavza> [d'un autre coté avec un nom pareil...]
2014-07-17T10:08:50 <wildfier> je l'ai gouté
2014-07-17T10:09:01 <wildfier> et j'étais asser déçus
2014-07-17T10:09:27 <Letarumavza> Bah... elle est relativement douce.
2014-07-17T10:09:35 <wildfier> mais au final les super blondes sont pas incroyables
2014-07-17T10:09:57 <wildfier> faut tapper dans des blanches, rousses ou encore mieux brunes
2014-07-17T10:10:00 <Letarumavza> Bah c'est sur, ça vaut pas une rousse de brasseur irlandaise.
2014-07-17T10:11:07 <wildfier> je suis pas fan des brunes de base que tu trouve en bar, mais quand tu tappe sur des bar spécialisés qui te sortes de brunes de fous ...
2014-07-17T10:11:11 * wildfier bave
2014-07-17T10:11:17 <wildfier> putain j'ai soif maintenant ...
2014-07-17T10:11:51 <Letarumavza> Domage, j'avais des bières artisanales y'a deux semaines...
2014-07-17T10:11:51 <Berry-Punch> J'aimerais *hic* bien en reprendre, mais Colgate va se fâcher après…
2014-07-17T10:12:00 <Letarumavza> Je sais pas où elles sont passées tien...
2014-07-17T10:12:03 <wildfier> ^^
2014-07-17T10:12:06 * Letarumavza sifflotte.
2014-07-17T10:12:25 <wildfier> XD
2014-07-17T10:14:02 <Letarumavza> http://d3dsacqprgcsqh.cloudfront.net/photo/aXbDwnv_700b_v1.jpg
2014-07-17T10:14:14 <Letarumavza> Bon... Je vais pratiquer mon boobies bending moi...
2014-07-17T10:16:27 <adriens33> ^^
2014-07-17T10:17:58 <Letarumavza> http://d3dsacqprgcsqh.cloudfront.net/photo/aWZKZg2_460s_v1.jpg
2014-07-17T10:18:19 <Letarumavza> Les mecs... La commission européenne concernant la technologie a fait un truc bien.
2014-07-17T10:18:22 <Letarumavza> ...
2014-07-17T10:18:46 <Letarumavza> Je suis surpris de pas avoir vu tomber de la merde par palettes entierres...
2014-07-17T10:20:30 <adriens33> qué ?
2014-07-17T10:20:33 <adriens33> quoi donc ?
2014-07-17T10:21:10 <Letarumavza> Bah... C'est la commission européenne qui a imposé la généralisation du micro-usb
2014-07-17T10:21:20 <Letarumavza> Pour les chargeurs de portable.
2014-07-17T10:21:27 <adriens33> ah
2014-07-17T10:21:28 <adriens33> oui
2014-07-17T10:21:36 <adriens33> pour le coup c'est étonamment intelligent…
2014-07-17T10:21:37 <adriens33> <troll>
2014-07-17T10:21:38 <Letarumavza> Ils ont fait un truc bien
2014-07-17T10:22:04 <Letarumavza> http://d3dsacqprgcsqh.cloudfront.net/photo/ajrb0N1_460s.jpg
2014-07-17T10:22:14 <heuzef> J'ai trouvé l'erreur concernant la V3 : https://github.com/bronycub/v3/issues/2#issuecomment-49270098
2014-07-17T10:22:18 <heuzef> Une idée ?
2014-07-17T10:23:02 <Letarumavza> éteindre le serveur à la hache ?
2014-07-17T10:23:10 <Letarumavza> Coder tout en html tout simple ?
2014-07-17T10:23:18 <Letarumavza> Utiliser des pigeons voyageurs ?
2014-07-17T10:23:27 <heuzef> wildfier ?
2014-07-17T10:23:27 <Letarumavza> Prier le dieu des devs ?
2014-07-17T10:26:23 <Letarumavza> 'Could not create cache directory'
2014-07-17T10:26:31 <Letarumavza> Problème de droits ?
2014-07-17T10:26:41 <adriens33> Letarumavza: c'est fort probable…
2014-07-17T10:26:51 <adriens33> Letarumavza: l'user bronycub a même pas le droit de lire les logs système…
2014-07-17T10:26:59 <adriens33> (pour débug le serv minecraft j'en ai chié…)
2014-07-17T10:29:14 <wildfier> what de hell
2014-07-17T10:29:30 <wildfier> je traduit l'erreur symfony
2014-07-17T10:29:47 <wildfier> "je peux pas créer un dossier qui existe déjà et sur lequel j'ai les droits"
2014-07-17T10:29:50 <wildfier> ...
2014-07-17T10:30:00 <heuzef> :/
2014-07-17T10:30:08 <heuzef> Donc si on le supprime il est content ?
2014-07-17T10:30:52 <wildfier> oui
2014-07-17T10:30:55 <wildfier> ça marche
2014-07-17T10:31:01 <wildfier> what the hell
2014-07-17T10:31:01 <Letarumavza> ...
2014-07-17T10:31:32 <Letarumavza> C'est pas une connerie entre les  et / ?
2014-07-17T10:31:38 <wildfier> mais normalement www-data est dans le groupe bronycub
2014-07-17T10:31:46 <wildfier> il devrait avoir les droits
2014-07-17T10:32:05 <wildfier> là le dossier est dans le groupe www-data et ça marche
2014-07-17T10:32:50 <heuzef> C'été sans doute juste un problème d'initialisation
2014-07-17T10:33:02 <heuzef> Maintenant ça ne devrais plus poser de problème ?
2014-07-17T10:33:15 <wildfier> pas sur
2014-07-17T10:33:30 <wildfier> s'il peut pas accéder au cache il va pas aimer
2014-07-17T10:34:08 <heuzef> Il n'y à plus d'erreur maintenant du côté d'apache
2014-07-17T10:34:09 <heuzef> [Thu Jul 17 10:24:49 2014] [error] [client 66.249.93.107] File does not exist: /home/bronycub/www/v2/logo
2014-07-17T10:34:09 <heuzef> [Thu Jul 17 10:26:29 2014] [error] [client 66.249.66.12] File does not exist: /home/bronycub/www/v2/robots.txt
2014-07-17T10:35:48 <wildfier> bon faut absolument tout mettre dans le groupe bronycub
2014-07-17T10:36:01 <wildfier> et donner accès à www-data par le groupe
2014-07-17T10:36:14 <heuzef> C'est pas déjà le cas ?
2014-07-17T10:36:17 <wildfier> parce que là je peux pas vider le cache
2014-07-17T10:36:24 <wildfier> j'ai rm le dossier
2014-07-17T10:36:33 <wildfier> du coup il est recréé avec le groupe www-data
2014-07-17T10:36:45 <heuzef> ok
2014-07-17T10:38:01 <heuzef> Je ne vois rien appartenant à www-data
2014-07-17T10:38:12 <heuzef> le dossier cache c'est lequel ?
2014-07-17T10:38:15 <wildfier> dans app/cache
2014-07-17T10:38:31 <heuzef> effectivement
2014-07-17T10:38:56 <heuzef> Comment on procède alors ?
2014-07-17T10:39:31 <wildfier> fait un chmod g+s app/cache
2014-07-17T10:39:49 <wildfier> et un chown bronycub:bronycub app/cache
2014-07-17T10:40:09 <heuzef> done
2014-07-17T10:40:16 <wildfier> ça va forcer le groupe de ce qui se trouve dans app/cache sur bronycub
2014-07-17T10:41:07 <heuzef> C'est bon ?
2014-07-17T10:41:13 <wildfier> rm app/cache/prod -r
2014-07-17T10:41:40 <wildfier> et après faut que www-data puisse encore créer des trucs dans app/cache
2014-07-17T10:42:06 <heuzef> drwxrwsr-x+ 5 www-data bronycub 4,0K juil. 17 10:41 prod
2014-07-17T10:42:13 <wildfier> yay
2014-07-17T10:42:15 <wildfier> ça marche
2014-07-17T10:42:19 <heuzef> ;)
2014-07-17T10:42:42 <heuzef> g+s c'est quoi comme argument ?
2014-07-17T10:42:49 <Letarumavza> Euh les mecs... symphony pour un site aussi simple, c'est pas un poil over-react ?
2014-07-17T10:43:20 <heuzef> Je commence à me dire ça aussi je t'avoue
2014-07-17T10:43:33 <Letarumavza> tu "commences"
2014-07-17T10:43:45 <heuzef> C'est que je ne connais pas la bestiole ^^
2014-07-17T10:43:51 <wildfier> c'est un setgid
2014-07-17T10:44:14 <Letarumavza> On a un site avec 5 pages dont deux d'api externes, et une avec un contenu semi dynamique et tu sors du symfony...
2014-07-17T10:44:18 <wildfier> ça force le contenu du dossier à appartenir au même groupe que le dossier
2014-07-17T10:44:30 <wildfier> bas on vas faire des comptes users
2014-07-17T10:44:33 <Letarumavza> J'ai l'habitude de chasser les mouches au lance-rockets, mais là...
2014-07-17T10:44:41 <wildfier> faire bbbff lié à ces comptes
2014-07-17T10:44:56 <wildfier> automatiser pas mal de trucs
2014-07-17T10:45:04 <wildfier> donc j'ai pas envie de me faire chier
2014-07-17T10:45:20 <wildfier> c'est pas comme si j'avais envie de passer ma vie dessus
2014-07-17T10:45:29 <Shinsaber> bande de petit joueur XD
2014-07-17T10:45:34 <heuzef> J'ai confiance en wildfier pour ma part, c'est une techno qu'il maitrise donc ça devrais aller
2014-07-17T10:45:53 <heuzef> Et puis on est pas presser par le temps donc bon, la V2 va rester encore un moment
2014-07-17T10:46:00 <Letarumavza> Perso je serai pas parti sur ça pour un site aussi simple.
2014-07-17T10:46:40 <Letarumavza> Le rapport l/p est ultra naze pour le coups.
2014-07-17T10:47:17 <Shinsaber> l/p ???? what is this ??
2014-07-17T10:47:54 <Letarumavza> Labor / Product
2014-07-17T10:48:05 <Shinsaber> oki
2014-07-17T10:48:26 <wildfier> bas justement, au contraire, ajouter des trucs se fait rapidement
2014-07-17T10:48:35 <wildfier> y a pleins de trucs déjà fait
2014-07-17T10:48:36 <heuzef> L'objectif principal est quand même une gestion des membres plus confortable
2014-07-17T10:48:57 <Letarumavza> Le rapport qui définit l'éfficacité d'un système en exprimant le rapport entre la quantité de travail requise et le produit de sortie.
2014-07-17T10:49:16 <wildfier> ah je croyais que par labor tu parlais de travail humain
2014-07-17T10:49:26 <wildfier> mais si tu veux de l'efficacité
2014-07-17T10:49:32 <wildfier> déjà on prends pas du php XD
2014-07-17T10:49:35 <Letarumavza> Un script en python avec une base de données simpliste aurait fait l'affaire.
2014-07-17T10:49:56 <Letarumavza> Le script lit la page html, rajoute/update les membres, et push.
2014-07-17T10:50:04 <wildfier> mais bon, c'est pas comme si on allait avoir bcp de traffic anyway
2014-07-17T10:50:57 <wildfier> vas falloir faire un petit script de migration de la bd v2 vers la v3
2014-07-17T10:51:13 <Letarumavza> Certes mais là c'est comme si tu sortais l'unreal engine pour faire un pong.
2014-07-17T10:51:49 <Letarumavza> Dans l'absolu c'est très facile de faire pong avec l'UE, mais en pratique c'est vraiment pas rentable.
2014-07-17T10:52:05 <Shinsaber> un pong HD ^^
2014-07-17T10:52:09 <wildfier> bas comme je te dis, j'ai pas envie de passer trop de temps dessus
2014-07-17T10:52:45 <Letarumavza> shin, le pong originel avait la taille des objet définie en % de la taille de l'écran.
2014-07-17T10:52:48 <heuzef> On à une moyenne de 200 utilisateurs par mois
2014-07-17T10:53:14 <heuzef> Ce qui fait environs 500 session par mois
2014-07-17T10:53:17 <Letarumavza> wild... Le script qui aurait permis de faire la petite modif sur la V2 aurait même pas pris deux heures à coder.
2014-07-17T10:53:47 <heuzef> 3 minutes c'est la durée moyenne des utilisateurs sur le site
2014-07-17T10:53:57 <Letarumavza> La meilleure solution de production n'est pas la plus puissante, c'est la plus adaptée.
2014-07-17T10:54:03 <heuzef> C'est plutot elevé comme durée, c'est encouragant
2014-07-17T10:54:22 <heuzef> Et 1 tiers des visites sont des nouvelles visite
2014-07-17T10:55:32 <Letarumavza> Et synfony pour un site utilisé 600minutes par mois et qui comporte 4 pages fixes, deux apis externes, deux href, et un formulaire...
2014-07-17T10:55:51 <heuzef> Depuis mars 2014 le traffics est en augmentation quand même ^^
2014-07-17T10:56:15 <Letarumavza> adriens33: il me reste les pains au résins de l'autre jour ^^
2014-07-17T10:56:21 <wildfier> yay !
2014-07-17T10:56:21 <adriens33> yay
2014-07-17T10:57:06 <heuzef> Raisintine on dis
2014-07-17T10:57:22 <heuzef> Sinon il faudrait dire "Pain au chocolat"
2014-07-17T10:57:27 <heuzef> :D
2014-07-17T10:57:30 <Letarumavza> ...
2014-07-17T10:57:43 <Letarumavza> Flo... Tu sais au moins d'où ça vient ?
2014-07-17T10:57:51 <Letarumavza> (chocolatine j'ententds)
2014-07-17T10:58:13 <heuzef> De Bordeaux sans doute, c'est le seul blede au monde où ils disent chocolatineu
2014-07-17T10:58:40 <Letarumavza> En fait ça vient du fait que l'aquitaine a été longtemps sous domination anglaise.
2014-07-17T10:58:56 <Letarumavza> chocolatine n'est que l'évolution de "piece of bread with chocolate in"
2014-07-17T10:59:09 <heuzef> Hohoho !
2014-07-17T10:59:17 <heuzef> Sympatique ça
2014-07-17T10:59:28 <Letarumavza> Oui, j'ai la réponse à cette putain de question que tout le monde semble se poser ^^
2014-07-17T10:59:33 <adriens33> <troll> le pain au chocolat c'est une baguette avec une plaque de chocolat dedans</troll>
2014-07-17T10:59:46 <heuzef> Donc ceux qui disent Chocolate In sont en faite des soumis aux anglais
2014-07-17T10:59:48 <Letarumavza> Ou une patate balancée en pleine gueule par un blacj
2014-07-17T11:00:10 <Letarumavza> Flo, entre la couronne anglaise et le gouvernement français, le quel est le plus digne de respect ?
2014-07-17T11:01:20 <heuzef> Aucune idée j'avoue
2014-07-17T11:02:06 <Letarumavza> Aucune idée ?
2014-07-17T11:02:08 <Letarumavza> Vraiment ?
2014-07-17T11:02:11 <heuzef> Nop
2014-07-17T11:02:19 <adriens33> …
2014-07-17T11:02:33 <adriens33> Tu rigoles là ?
2014-07-17T11:02:46 <adriens33> Entre la couronne britannique et flamby ?
2014-07-17T11:02:53 <heuzef> J'y connais rien en politique
2014-07-17T11:03:01 <adriens33> …
2014-07-17T11:03:03 <heuzef> Désolé de te décevoir ^^
2014-07-17T11:03:24 <Letarumavza> "flamby" nope ça va pas comme nom
2014-07-17T11:03:26 <adriens33> Mais tu suis pas les actus ou quoi ?
2014-07-17T11:03:33 <Letarumavza> en flamby c'est bouffable...
2014-07-17T11:03:35 <adriens33> XD
2014-07-17T11:03:43 <adriens33> yep c'est pas faux…
2014-07-17T11:03:48 <heuzef> Les actus politiques ça risque pas
2014-07-17T11:03:52 <adriens33> mais…
2014-07-17T11:03:53 <adriens33> mais¿
2014-07-17T11:03:58 <adriens33> les actus tout court ??
2014-07-17T11:04:08 <adriens33> ça fait combien de mois que t'es dans une grotte ?
2014-07-17T11:04:32 <Letarumavza> Je note un truc. Si la plupart des gens se tapent de la politique, la démocracie n'a aucun sens;
2014-07-17T11:04:50 <heuzef> Je sais qu'il ce passe un gros merdier en ce moment à Gaza
2014-07-17T11:04:55 <heuzef> Mais c'est tous
2014-07-17T11:05:08 <Letarumavza> oui, enfin bon gaza, ça fait 50 ans que ça dure...
2014-07-17T11:05:15 <Letarumavza> C'est de l'actualité historique
2014-07-17T11:05:42 <heuzef> Pourquoi y'a un truc plus tragique en ce moment avec les anglais ?
2014-07-17T11:05:46 <Letarumavza> De toutes façons osef c'est des juifs et des arabes ^^
2014-07-17T11:05:56 <Letarumavza> tragique ?
2014-07-17T11:06:09 <Letarumavza> Une guerre n'a rien de tragique, c'est l'hygienne du monde?
2014-07-17T11:06:38 <heuzef> Ton humoriste préféré je parie que c'est Proust
2014-07-17T11:06:44 <heuzef> J'en suis même sur
2014-07-17T11:06:55 <Letarumavza> La preuve, y'a moins de morts dans la bande de gaza que de gens écrasés par des vaches aux usa.
2014-07-17T11:07:10 <heuzef> ^^
2014-07-17T11:07:19 <Letarumavza> (mon himoriste préféré est pierre desproges)
2014-07-17T11:07:27 <heuzef> C'est kif kif
2014-07-17T11:08:01 <Letarumavza> Il est dommage qu'aucun nouvel humoriste n'ait un ton aussi acide.
2014-07-17T11:08:15 <heuzef> Proust justement, enfin c'est avis
2014-07-17T11:09:01 <Letarumavza> J'ai du mal à considérer comme nouvel humoriste un mec mort en 1922
2014-07-17T11:09:50 <Letarumavza> Enfin bon...
2014-07-17T11:10:07 <Letarumavza> Voila pourquoi j'aimerai voyager dans le temps.
2014-07-17T11:10:16 <Letarumavza> J'adorerai prendre un café avec tesla.
2014-07-17T11:17:35 *** ValCab33 s'est connecté
2014-07-17T11:17:41 <ValCab33> Hellow
2014-07-17T11:18:05 <heuzef> Letarumavza
2014-07-17T11:18:14 <Letarumavza> ?
2014-07-17T11:18:25 <heuzef> Il faut commencer à mettre à jour : http://pad.strycore.com/p/bronycub
2014-07-17T11:19:03 <heuzef> Ligne 37 pour commencer ;)
2014-07-17T11:19:28 <Letarumavza> Ah, t'aimerais que je confirmes hein ?
2014-07-17T11:19:37 <Letarumavza> Bah non ! je te pisse à la raie !
2014-07-17T11:19:44 <heuzef> :/
2014-07-17T11:19:45 <Letarumavza> Tu verra le moment venu !
2014-07-17T11:19:49 <heuzef> ?
2014-07-17T11:20:06 <Letarumavza> C'est pas comme si t'avais jamais mis les pieds chez moi...
2014-07-17T11:21:54 <adriens33> dat irrespect :p
2014-07-17T11:22:55 <Letarumavza> Yeh totalement !
2014-07-17T11:23:09 <Letarumavza> Mouhahahahaha je suis diabolique
2014-07-17T11:26:04 <adriens33> ^^
2014-07-17T11:33:00 *** heuzef est parti
2014-07-17T11:35:26 *** heuzef s'est connecté
2014-07-17T11:36:47 *** heuzef est parti
2014-07-17T11:45:46 *** Eclipse2212 s'est connecté
2014-07-17T11:46:08 <Eclipse2212> chalut
2014-07-17T12:11:49 *** heuzef s'est connecté
2014-07-17T12:13:03 *** heuzef est parti
2014-07-17T12:13:30 *** heuzef s'est connecté
2014-07-17T12:14:08 <adriens33> re
2014-07-17T12:30:03 <Letarumavza> Bon ce soir c'est barbeuq torsepoil
2014-07-17T12:30:10 <Letarumavza> (vu la température...)
2014-07-17T12:33:01 <adriens33> XD
2014-07-17T12:33:22 <Letarumavza> ambiance bicurieuse de mise ^^
2014-07-17T12:35:40 <adriens33> ça dépend qui vient…
2014-07-17T12:45:07 *** Eclipse2212 est parti
2014-07-17T12:45:25 *** Eclipse2212 s'est connecté
2014-07-17T12:56:39 <Eclipse2212> re
2014-07-17T13:01:10 <Eclipse2212> ho ya du monde!
2014-07-17T13:02:11 *** wildfier est parti
2014-07-17T13:10:25 <Letarumavza> burp
2014-07-17T13:14:19 <adriens33> purée vivement ce soir…
2014-07-17T13:14:57 <Letarumavza> ?
2014-07-17T13:16:42 <adriens33>  ben pour le barbeuq, et pis parce que là ça me gonfle de bosser… 
2014-07-17T13:16:55 <Letarumavza> ah ^^
2014-07-17T13:17:24 <Eclipse2212> xD
2014-07-17T13:19:20 *** Letarumavza est parti
2014-07-17T13:21:09 *** Letarumavza s'est connecté
2014-07-17T13:21:23 <Letarumavza> J'aime la différence syntaxique entre le C et python
2014-07-17T13:21:35 <Letarumavza> #include <stdio.h>
2014-07-17T13:21:36 <Letarumavza> int main (void)
2014-07-17T13:21:36 <Letarumavza> {
2014-07-17T13:21:36 <Letarumavza>  puts ("Hello world!");
2014-07-17T13:21:36 <Letarumavza>  return 0;
2014-07-17T13:21:36 <Letarumavza> } En C
2014-07-17T13:21:55 <Letarumavza> print("Hello World!") en python.
2014-07-17T13:21:59 <adriens33> ^^
2014-07-17T13:29:22 <Eclipse2212> :D
2014-07-17T13:29:39 <Eclipse2212> la différence entre du script et du compilé
2014-07-17T13:29:51 <adriens33> python c'est pas un langage de script…
2014-07-17T13:29:58 <adriens33> c'est un langage interprété
2014-07-17T13:30:01 <adriens33> totalement cheaté
2014-07-17T13:30:02 <Letarumavza> C'est un interprété haute perfs
2014-07-17T13:30:04 <adriens33> (et compilable)
2014-07-17T13:30:11 <Letarumavza> compilable
2014-07-17T13:30:28 <adriens33> tu peux même le convertir en c avec cython
2014-07-17T13:30:37 <adriens33> ou pythonc
2014-07-17T13:30:43 <adriens33> je sais plus comment ça s'appelle --"
2014-07-17T13:30:57 <adriens33> enfin bref c'est possible
2014-07-17T13:50:34 *** arthur33 s'est connecté
2014-07-17T13:52:18 <arthur33> Berry, arrête de boire !
2014-07-17T13:53:12 *** arthur33 est parti
2014-07-17T14:14:35 <Eclipse2212> yé né savé point!
2014-07-17T14:14:52 <Letarumavza> gné ?
2014-07-17T14:39:38 *** wildfier s'est connecté
2014-07-17T14:39:50 <wildfier> re
2014-07-17T14:39:56 <adriens33> re
2014-07-17T14:41:06 *** Dawnio s'est connecté
2014-07-17T15:11:24 <Letarumavza> Tain j'ai un problème avec mon casque...
2014-07-17T15:11:26 <Letarumavza> Encore...
2014-07-17T15:11:47 <Letarumavza> 10 contre 1 que c'est encore une merde qui s'est foutue dedans et qui vibre...
2014-07-17T15:11:51 <adriens33> arfg
2014-07-17T15:11:56 <heuzef> Moi un jour
2014-07-17T15:12:09 <adriens33> si t'arrpetais de t'en servir comme vibro ça arriverai pas
2014-07-17T15:12:11 <heuzef> J'ai eu un problème avec mon casque, plus de son d'un coup du jour au lendemain
2014-07-17T15:12:28 <heuzef> J'ai passé des semaines à essayer de le faire fonctionner
2014-07-17T15:12:33 <heuzef> Réinstall drivers
2014-07-17T15:12:37 <heuzef> reglage carte son
2014-07-17T15:12:40 <heuzef> en veux tu en voila
2014-07-17T15:12:44 <heuzef> Rien à faire
2014-07-17T15:12:45 <Letarumavza> Il était débranché ?
2014-07-17T15:13:01 <heuzef> Non pense tu j'ai vérifié, la prise jack été bien connecté
2014-07-17T15:13:07 <heuzef> j'ai vérifié plusieur fois
2014-07-17T15:13:21 <heuzef> J'ai testé avec un autre casque : OK
2014-07-17T15:13:29 <heuzef> Infernale
2014-07-17T15:13:37 <heuzef> Puis un jour j'ai fait un rage quite
2014-07-17T15:14:00 <heuzef> Je le jette a travers la piece et .... ba il est partie a l'autre bout ....
2014-07-17T15:14:00 <Letarumavza> (là j'ai quelques vibrations sur les basses du coté droit.)
2014-07-17T15:14:26 <heuzef> Le file été tranché au milieu ... a cause de mon siege a force de rouler dessus
2014-07-17T15:14:28 <heuzef> VDM
2014-07-17T15:14:42 <Letarumavza> GG...
2014-07-17T15:15:18 <Letarumavza> Non mais là c'est étrange, certaines harmoniques induisent une vibration uniquement du coté droit et seulement sur les basses.
2014-07-17T15:15:27 <heuzef> Donc vérifie bien tous physiquement sur ton casque
2014-07-17T15:15:34 <Letarumavza> ça sent la saloperie qui s'est coincé dedans.
2014-07-17T15:16:12 <Letarumavza> N'empèche le tiamat c'est un matos chiant.
2014-07-17T15:16:32 <Letarumavza> Le son est super, il est confortable, et il a une super isolation.
2014-07-17T15:17:00 <Letarumavza> Mais : Le cable est fragile, le casque en lui même l'est aussi, et il suffit d'un coups de bombe à air pour le bousiller... ^^'
2014-07-17T15:20:13 *** Letarumavza est parti
2014-07-17T15:20:47 *** Letarumavza s'est connecté
2014-07-17T15:21:11 <Letarumavza> M'enfin je vais pas me plaindre, j'ai eux deux fois des emmerdes, deux fois razer m'en a envoyé un neuf.
2014-07-17T15:22:40 <Letarumavza> Methode de décrassage de caisson de basse n°22b
2014-07-17T15:23:03 <Letarumavza> Coller du two steps from hell à volume max jusqu'à désintégration de la poussière.
2014-07-17T15:23:38 <Letarumavza> Efficacité relative, j'entends quasi plus la vibration.
2014-07-17T15:24:18 <adriens33> Non, c'est pas bourrin du tout ^^
2014-07-17T15:24:23 <adriens33> juste un brin
2014-07-17T15:24:25 <adriens33> (de poussière)
2014-07-17T15:24:40 <Letarumavza> Le problème est un peu particulier avec cette solution :
2014-07-17T15:25:08 <Letarumavza> Je sais pas si le bruit n'y est plus, ou si les acouphènes le couvrent.
2014-07-17T15:26:05 <adriens33> ^^
2014-07-17T16:14:36 *** ValCab33 est parti
2014-07-17T16:16:21 <Letarumavza> In string constants, spaces and tabs are not ignored; rather, they are part of the string. Therefore,
2014-07-17T16:16:21 <Letarumavza>      "potato knish"
2014-07-17T16:16:21 <Letarumavza> is not the same as
2014-07-17T16:16:22 <Letarumavza>      "potato                        knish"
2014-07-17T16:16:29 <Letarumavza> Merci cpt obvious...
2014-07-17T16:16:38 <adriens33> t'as pêché ça où ?
2014-07-17T16:16:48 <Letarumavza> http://www.gnu.org/software/gnu-c-manual/gnu-c-manual.html
2014-07-17T16:17:19 <Letarumavza> J'aime le concept du "attention dans un string un caractère est enregistré"
2014-07-17T16:17:25 <Letarumavza> ...
2014-07-17T16:17:28 <adriens33> …
2014-07-17T16:17:29 <adriens33> XD
2014-07-17T16:17:52 <adriens33> ben t'as bien des gens qui croient que '1' et 1 c'est la même chose
2014-07-17T16:17:53 <Letarumavza> Sinon... Ils comptent aussi expliquer que le C est un langage de prog ?
2014-07-17T16:19:07 <Letarumavza> https://www.youtube.com/watch?v=4Xds4v-30F0
2014-07-17T17:02:39 *** Dawnio est parti
2014-07-17T17:02:39 *** Shinsaber est parti
2014-07-17T17:09:38 <Letarumavza> ...
2014-07-17T17:09:41 <Letarumavza> Ma cop me manque...
2014-07-17T17:09:44 <Letarumavza> fait chier...
2014-07-17T17:09:51 <adriens33> :/
2014-07-17T17:10:00 <adriens33> Tu vas la voir quand ?
2014-07-17T17:10:36 <Letarumavza> le 2
2014-07-17T17:10:47 <adriens33> ah oui… ça fait un poil long,
2014-07-17T17:10:51 <adriens33> * …
2014-07-17T17:19:49 <wildfier> XD
2014-07-17T17:20:13 <wildfier> Over dramatic scene is overdramatic
2014-07-17T17:20:16 <wildfier> "oh you guys are so dramatic"
2014-07-17T17:20:27 <wildfier> stop reading my mind nostalgia critic !
2014-07-17T17:22:10 <Letarumavza> ^^
2014-07-17T17:27:29 <adriens33> Bon, je go
2014-07-17T17:27:32 <adriens33> à toute
2014-07-17T17:28:07 *** adriens33 est parti
2014-07-17T17:29:33 <Letarumavza> wild tu viens ce soir finalement ?
2014-07-17T17:34:48 *** Gordfang est parti
2014-07-17T17:35:05 <wildfier> oui bien sur
2014-07-17T17:35:27 <Letarumavza> impec
2014-07-17T17:35:39 <Letarumavza> Perso je vais passer à la douche, fait 36°C dans ma piole
2014-07-17T17:35:47 <Letarumavza> vive le sli....
2014-07-17T17:38:10 *** wildfier est parti
2014-07-17T17:55:08 *** wildfier s'est connecté
2014-07-17T17:55:27 <wildfier> ok
2014-07-17T17:55:36 <wildfier> maintenant la question importante
2014-07-17T17:55:45 <wildfier> comment je vais chez toi ^^
2014-07-17T17:57:33 <heuzef> https://www.google.com/maps/@44.799361,-0.576898,3a,75y,290.39h,85.98t/data=!3m4!1e1!3m2!1s7TsxVibiOfXKwlDanzDmvA!2e0!6m1!1e1
2014-07-17T17:57:38 <heuzef> Le portail blanc
2014-07-17T17:57:43 <heuzef> Attention au chien
2014-07-17T18:02:11 <wildfier> y a un bus dans le coin ?
2014-07-17T18:02:24 <wildfier> parce qu'à pied depuis le tram ça va pas le faire
2014-07-17T18:10:29 <wildfier> ok je prends le 5 à la victoire
2014-07-17T18:10:36 <wildfier> well, there i go
2014-07-17T18:10:39 <wildfier> 19h c'est ça ?
2014-07-17T18:11:59 <heuzef> wildfier
2014-07-17T18:12:02 <heuzef> ?
2014-07-17T18:12:10 <wildfier> oui
2014-07-17T18:12:35 <heuzef> On y va ensemble ? =)
2014-07-17T18:12:49 <wildfier> tu viens ? ok
2014-07-17T18:13:02 <wildfier> on se retrouve à st-nicolas ?
2014-07-17T18:13:15 <wildfier> (t'as de quoi transporter du frais ?)
2014-07-17T18:13:24 <heuzef> Tu me rejoint chez moi ? Je voulais passer au casino vite fait prendre des trucs
2014-07-17T18:13:36 <heuzef> Oui j'ai un pti sac fraichaur
2014-07-17T18:13:41 <wildfier> ok
2014-07-17T18:13:42 <heuzef> si besoin
2014-07-17T18:13:59 <heuzef> Attend
2014-07-17T18:14:03 <heuzef> Juste une chose
2014-07-17T18:14:12 <wildfier> donc la viande devrait pas être totalement décongellée quand j'arrive chez leta
2014-07-17T18:14:15 <heuzef> C'est la grosse galère
2014-07-17T18:14:20 <wildfier> ?
2014-07-17T18:14:23 <heuzef> J'ai plus de téléphone
2014-07-17T18:14:33 <heuzef> Donc il faut absolument que tu te rappel ou j'habite
2014-07-17T18:14:36 <heuzef> ça va aller ?
2014-07-17T18:14:48 <wildfier> quand même ça ira ^^
2014-07-17T18:15:02 <wildfier> je me souviens même du code
2014-07-17T18:15:05 <wildfier> amazing
2014-07-17T18:15:05 <heuzef> Et le digicode ? =)
2014-07-17T18:15:11 <heuzef> 2340
2014-07-17T18:15:12 <heuzef> cool
2014-07-17T18:15:18 <heuzef> A de suite alors ;)
2014-07-17T18:15:19 <wildfier> you're too slow XD
2014-07-17T18:17:24 <wildfier> on sera 4 ?
2014-07-17T18:17:33 <wildfier> y a quoi comme viande déjà prévue ?
2014-07-17T18:17:46 <wildfier> que je sache quoi et en quel quantité prendre
2014-07-17T18:19:50 <wildfier> bon comme personne répond
2014-07-17T18:19:59 <wildfier> au pif je prends pour 2 personnes
2014-07-17T18:21:50 *** wildfier est parti
2014-07-17T18:27:42 <heuzef> Letarumavza ?
2014-07-17T18:30:00 <heuzef> Letarumavza ?
2014-07-17T18:49:10 <Letarumavza> re
2014-07-17T18:49:20 <Letarumavza> J'étais sous la douche heuzef.
2014-07-17T18:49:34 <Letarumavza> heuzef !
2014-07-17T18:49:49 <heuzef> Ouais c'est ça
2014-07-17T18:49:53 <heuzef> C'est pas une excuse
2014-07-17T18:49:58 <Letarumavza> hein ?
2014-07-17T18:50:05 <Letarumavza> tu veux que j'ai le pc sous la douche ?
2014-07-17T18:50:05 <heuzef> Genre monsieur repond pas sous pretexte qu'il est sous la douche
2014-07-17T18:50:17 <Letarumavza> Moi au moins je prends des douches
2014-07-17T18:50:21 <heuzef> xD
2014-07-17T18:50:24 <Letarumavza> xd
2014-07-17T18:50:27 <Letarumavza> XD*
2014-07-17T18:50:32 <Letarumavza> Mon cul quoi...
2014-07-17T18:50:39 <Letarumavza> fucking smileys de mes deux
2014-07-17T18:50:46 <Letarumavza> Donc tu voulais savoir quoi ?
2014-07-17T18:50:48 <heuzef> badass
2014-07-17T18:51:04 <Letarumavza> Y'a des casing waterproof pour iphone !
2014-07-17T18:51:05 <Letarumavza> ^^
2014-07-17T18:51:45 <Letarumavza> D'un autre coté => controle à distance + casing waterproof pour le portable c'est peut être le meilleur compromis !
2014-07-17T18:51:54 <Letarumavza> Manque juste les oreillettes waterproof ^^
2014-07-17T18:52:19 <heuzef> Je suis avec Wildfier
2014-07-17T18:52:23 <heuzef> Je voulais savoir
2014-07-17T18:52:28 <heuzef> Je peux venir avec ma femme ?
2014-07-17T18:52:29 <heuzef> :D
2014-07-17T18:52:56 <Letarumavza> Si tu veux, ça dépend de la dose de barbaque qu'a pris wild. ^^
2014-07-17T18:53:03 <Letarumavza> Mais en théorie y'a pas de pb
2014-07-17T18:53:10 <Letarumavza> On mangera dehors je pense. ^^
2014-07-17T18:53:32 <heuzef> (wild qui parle) j'ai pris 2 escalopes de veau
2014-07-17T18:53:43 <heuzef> Jvais prendre quelque trucs aussi
2014-07-17T18:53:54 <Letarumavza> Hum... faut voir avec la cop de flo, si elle accepte de brouter (l'herbe)
2014-07-17T18:53:55 <heuzef> Jvais passer au carrouf
2014-07-17T18:54:02 <heuzef> tékon
2014-07-17T18:54:06 <Letarumavza> Je sais ^^
2014-07-17T18:54:17 <Letarumavza> Mais normalement avec la dose pour elle ça devrait passer.
2014-07-17T18:54:28 <heuzef> ok
2014-07-17T18:54:33 <heuzef> Bon ba on y va
2014-07-17T18:54:41 <Letarumavza> Après je sais pas ce qu'amène adrien, mais si y'a trop on partagera les restes une fois tout grillé ^^
2014-07-17T18:55:00 <heuzef> A toute
2014-07-17T18:55:11 *** heuzef est parti
2014-07-17T19:10:45 *** Dawnio s'est connecté
2014-07-17T19:27:23 *** ValCab33 s'est connecté
2014-07-17T19:27:33 <ValCab33> Re
2014-07-17T19:59:32 <Eclipse2212> chalut
2014-07-17T20:59:03 *** ValCab33 est parti
2014-07-17T21:47:12 *** Eclipse2212 est parti
2014-07-17T21:50:27 *** ValCab33 s'est connecté
