2015-01-09T00:18:19 *** ludvann s'est connecté
2015-01-09T00:18:42 <ludvann> adriens33: avant que je dorme
2015-01-09T00:18:58 <adriens33> tiens salut ludvann
2015-01-09T00:19:01 <adriens33> quoi qui nya ?
2015-01-09T00:19:03 <ludvann> j'ai commencé mon apprentissage pour le bepo il y a 5 min ^^
2015-01-09T00:19:07 <adriens33> cool
2015-01-09T00:19:10 <ludvann> :D
2015-01-09T00:19:27 <adriens33> moi j'en fais h24 depuis plus de 2 mois :)
2015-01-09T00:19:34 <ludvann> je vais dormir et je m'y attaque sérieusement demain ^^
2015-01-09T00:19:37 <ludvann> ;-)
2015-01-09T00:19:38 <adriens33> je sais même plus écrire en azerty XD
2015-01-09T00:19:43 <ludvann> x)
2015-01-09T00:19:48 <ludvann> et en qwerty ?
2015-01-09T00:19:50 <ludvann> x)
2015-01-09T00:19:53 <adriens33> beuark.
2015-01-09T00:19:57 <adriens33> c'est encore pire
2015-01-09T00:20:01 <ludvann> tite question
2015-01-09T00:20:06 <adriens33> vi ?
2015-01-09T00:20:16 <ludvann> connaitre un peu le dvorak aide le bepo ?
2015-01-09T00:20:46 <adriens33> autant que de connaitre l'azerty
2015-01-09T00:20:52 <adriens33> c'est à dire pas du tout :P
2015-01-09T00:20:57 <adriens33> (c'est la même idée derrière mais pas la même disposition)
2015-01-09T00:20:59 <ludvann> zut :-/
2015-01-09T00:21:16 <ludvann> anyway
2015-01-09T00:21:40 <ludvann> mon tel est en bepo + mon pc (mais par intérmitance, c'est lui qui décide xD)
2015-01-09T00:21:45 <adriens33> XD
2015-01-09T00:21:51 <adriens33> faut passer en bépo
2015-01-09T00:22:05 <adriens33> et enlever la disposition fr standard
2015-01-09T00:22:10 <ludvann> j'ai plein de temps demain ^^
2015-01-09T00:22:12 <adriens33> (sous windows)
2015-01-09T00:22:15 <ludvann> ouip
2015-01-09T00:22:32 <adriens33> (sous linux c'est deux lignes de conf ;) )
2015-01-09T00:22:36 <ludvann> faut que je trouve le même qourage que pour dl tout mes pr0...
2015-01-09T00:22:40 <adriens33> ^^
2015-01-09T00:22:41 <ludvann> courage*
2015-01-09T00:22:47 <adriens33> tu achète des autocollants
2015-01-09T00:22:51 <adriens33> ça aide très beaucoup
2015-01-09T00:23:06 <adriens33> https://catalogue-ca.beaujoie.com/produits/21-Changer_la_langue_d_un_clavier_d_ordinateur/96-BEPO/781-01171-Bepo_integral_blanc_sur_noir.html
2015-01-09T00:23:28 <ludvann> justement
2015-01-09T00:23:28 <ludvann> j'ai lu qu'il valait mieux commencer en se jetant dans le grand bain (en se noyant presque)
2015-01-09T00:23:57 <adriens33> oui, c'est ce que j'ai fait ^^ mon clavier est en bépo depuis deux mois, avec les touches en bépo
2015-01-09T00:24:07 <ludvann> pas moi x)
2015-01-09T00:24:16 <adriens33> c'est pour ça que j'ai oublié la disposition azerty d'ailleurs
2015-01-09T00:24:31 <adriens33> tu met ces autocollants sur ton clavier
2015-01-09T00:24:39 <ludvann> par contre je pourrais jamais prêter mon pc s'il est en full bepo + un-install fr xD
2015-01-09T00:24:42 <adriens33> et du coup tu sera en bépo  en permanence
2015-01-09T00:24:47 <adriens33> osef de ça
2015-01-09T00:24:51 <ludvann> oui x)
2015-01-09T00:25:10 <adriens33> au bout d'une semaine déja tu commencera a savoir taper pas trop lentement
2015-01-09T00:25:14 <ludvann> c'est plus p*te de garder le clavier en azerty mais d'etre en bepo ^^
2015-01-09T00:25:42 <adriens33> et au bout d'un mois t'as la mémoire musculaire qui commence à se faire et t'a pratiquement plus besoin de look tes touches
2015-01-09T00:25:50 <adriens33> (mais si t'a un trou ça aide bien XD)
2015-01-09T00:26:05 <ludvann> j'en ai qu'un seul ^^
2015-01-09T00:26:18 <adriens33> un seul de quoi ? o.o
2015-01-09T00:26:28 <ludvann> mais j'ai l'image du clavier (sur la page d'acceuil de bepo.fr)
2015-01-09T00:26:30 <ludvann> ^^
2015-01-09T00:26:34 <ludvann> trou x)
2015-01-09T00:27:20 <adriens33> nan je voulais dire si a un moment t'a oublié où se trouve une touche, avoir les autocollants ça aide à placer le doigt (et donc a faire la mémoire musculaire), une image sur ton écran permet pas ça
2015-01-09T00:27:29 <adriens33> vu que tu pose pas tes doigts sur l'écran.
2015-01-09T00:27:35 <ludvann> ouais :-|
2015-01-09T00:27:39 <ludvann> pas grave x)
2015-01-09T00:27:53 <adriens33> (j'y suis depuis > 10 semaines, je sais de quoi je parle XD)
2015-01-09T00:27:58 <ludvann> nah j'aime pas nettoyer l'écran x)
2015-01-09T00:28:01 <adriens33> ...
2015-01-09T00:28:02 <adriens33> xd
2015-01-09T00:28:08 <adriens33> /d/D
2015-01-09T00:28:28 <ludvann> btw j'ai presque abandonné la souris ^^
2015-01-09T00:28:52 <adriens33> ludvann: fais gaffe, tu vas finir par utiliser le terminal unix.... XDD
2015-01-09T00:28:57 <ludvann> xxD
2015-01-09T00:29:00 <ludvann> xDDDDDDDDDDDD
2015-01-09T00:29:07 <ludvann> taykon xD
2015-01-09T00:29:15 <adriens33> (moi j'en ai tout le temps un d'ouvert, c'est tellement over powered sous linux… :P)
2015-01-09T00:29:20 <ludvann> ^^
2015-01-09T00:29:23 <adriens33> c'en est jouissif
2015-01-09T00:29:27 <ludvann> je suis avec une tablette x)
2015-01-09T00:29:35 <adriens33> tu domine littéralement ta machine :P
2015-01-09T00:29:47 <adriens33> (y'a pas d'allusion sm, 'tention)
2015-01-09T00:29:48 <ludvann> mais faut que je me rachète des pointes :-/
2015-01-09T00:29:53 <ludvann> tqt ^^
2015-01-09T00:29:54 <adriens33> ... XDDDDD
2015-01-09T00:30:14 <ludvann> la mienne est très bien entamé
2015-01-09T00:30:29 <ludvann> je l'utilise depuis le 25
2015-01-09T00:30:34 <ludvann> et pas tout les jours
2015-01-09T00:31:01 <ludvann> (faut dire que osu aide pas x) )
2015-01-09T00:31:36 <ludvann> (à la longévité des pointes)
2015-01-09T00:31:39 <adriens33> ^^
2015-01-09T00:31:53 <ludvann> bon
2015-01-09T00:31:55 <adriens33> vade retro, tabletus
2015-01-09T00:32:00 <ludvann> x)
2015-01-09T00:32:13 <adriens33> ave computeuris desktopem
2015-01-09T00:32:20 <ludvann> faut que je mette mon pc de 5kg dans mon sac
2015-01-09T00:32:30 <adriens33> (oui, c'est parfaitement dégueulasse XD@
2015-01-09T00:32:34 <ludvann> et que je dodote jusqu'a 6h :-|
2015-01-09T00:32:51 <adriens33> tu te lève a 6h du mat' ? :/
2015-01-09T00:32:58 <ludvann> mais avec le café le matin, tout va :D
2015-01-09T00:33:01 <ludvann> oui
2015-01-09T00:33:07 <adriens33> +42
2015-01-09T00:33:09 <ludvann> j'ai une douche à prendre ^^
2015-01-09T00:33:14 <adriens33> le café c'est trop bien :D
2015-01-09T00:33:17 <ludvann> elle s'enfuie souvent
2015-01-09T00:33:24 <adriens33> qui ?
2015-01-09T00:33:28 <ludvann> la douche
2015-01-09T00:33:29 <adriens33> la douche ?
2015-01-09T00:33:34 <ludvann> ^^
2015-01-09T00:33:57 <ludvann> ça sent la fatigue x)
2015-01-09T00:33:59 <adriens33> t'as qu'à arrêter d'y fouttre ta b*te, tu lui ferais ptet moins peur. XD
2015-01-09T00:34:13 <adriens33> *foutre
2015-01-09T00:34:37 <ludvann> ouais mais la coincer entre les deux portes de la douches ça fait mal... :-|
2015-01-09T00:34:44 <adriens33> XDDDDD
2015-01-09T00:34:52 <ludvann> xD
2015-01-09T00:34:55 * adriens33 tente d'imaginer la douleur
2015-01-09T00:35:13 * adriens33 a mal rien que d'y penser
2015-01-09T00:35:16 <adriens33> ouch
2015-01-09T00:35:24 <ludvann> surtout qu'elles sont aimantées...
2015-01-09T00:35:32 <ludvann> (no fake)
2015-01-09T00:35:42 <adriens33> ah bah ça..
2015-01-09T00:36:13 <ludvann> après machoir d'acier (james bond), voilà...
2015-01-09T00:36:23 <adriens33> XD
2015-01-09T00:36:28 <ludvann> ça reste bloqué...
2015-01-09T00:37:01 <ludvann> donc pour ça j'enroule dans de l'alu comme c'est pas magnétique ^^
2015-01-09T00:37:16 <adriens33> faux
2015-01-09T00:37:23 <adriens33> c'est pas « pas magnétique »
2015-01-09T00:37:28 <adriens33> c'est paramagnétique.
2015-01-09T00:37:29 <ludvann> oui
2015-01-09T00:37:29 <adriens33> nuance.
2015-01-09T00:37:34 <ludvann> ^^
2015-01-09T00:37:38 <adriens33> le bois c'est pas magnétique.
2015-01-09T00:37:43 <ludvann> bref tu m'a compris ^^
2015-01-09T00:37:45 <adriens33> l'alu c'est paramagnétique. :)
2015-01-09T00:37:51 <adriens33> j'aime bien chipoter :D
2015-01-09T00:37:56 <ludvann> :-)
2015-01-09T00:38:07 <ludvann> chipoter qui/ QUOI ?
2015-01-09T00:38:22 <adriens33> putain.
2015-01-09T00:38:27 <adriens33> je look une vidéo
2015-01-09T00:38:37 <adriens33> le mec dit « …posséder un chat »
2015-01-09T00:38:53 <ludvann> fais gaffe, a force, tu vas t'envoler à force de faire tourner le rotor trop vite...
2015-01-09T00:38:58 <adriens33> pourquoi le premier truc auquel j'ai pensé c'est pas posséder au sens posséder un objet
2015-01-09T00:39:05 <ludvann> xd
2015-01-09T00:39:08 <ludvann> Xd
2015-01-09T00:39:11 <ludvann> XdD
2015-01-09T00:39:13 <ludvann> xD*
2015-01-09T00:39:29 <adriens33> mais genre posséder comme les gens qui sont possédés quoi
2015-01-09T00:39:32 <ludvann> "xD" malformés...
2015-01-09T00:39:39 <ludvann> exorcsite ^^
2015-01-09T00:39:43 <ludvann> xD
2015-01-09T00:39:45 <adriens33> genre tu habite la tête d'un chat et tout…
2015-01-09T00:39:49 <ludvann> exorciste*
2015-01-09T00:40:04 <adriens33> (c'est la faute à Supernatural ça… je suis en train de me faire la série :P)
2015-01-09T00:40:04 <ludvann> bon
2015-01-09T00:40:11 <ludvann> gigot d'agneau
2015-01-09T00:40:18 <adriens33> ok
2015-01-09T00:40:28 <ludvann> bonne soirée/nuit
2015-01-09T00:40:29 <ludvann> ^^
2015-01-09T00:40:36 <adriens33> bon matin =D
2015-01-09T00:40:38 <ludvann> ./)
2015-01-09T00:40:40 <ludvann> ^^
2015-01-09T00:40:46 <adriens33> //)
2015-01-09T00:40:58 <ludvann> (_/) <- laporeille
2015-01-09T00:41:02 <ludvann> xD
2015-01-09T00:41:11 <ludvann> @+
2015-01-09T00:41:14 <adriens33> @-
2015-01-09T00:41:15 *** ludvann est parti
2015-01-09T00:47:40 *** TrappyTickles est parti
2015-01-09T01:01:15 *** Gordfang est parti
2015-01-09T02:04:36 *** adriens33 est parti
2015-01-09T07:56:15 *** adriens33 s'est connecté
2015-01-09T12:54:14 *** TrappyTickles s'est connecté
2015-01-09T13:15:28 *** DarkNight5047 s'est connecté
2015-01-09T13:16:56 *** DarkNight5047 est parti
2015-01-09T13:37:13 *** MaCharon s'est connecté
2015-01-09T13:52:01 *** adriens33 est parti
2015-01-09T14:15:16 *** Gordfang s'est connecté
2015-01-09T14:15:28 <Gordfang> yo
2015-01-09T14:16:44 <MaCharon> salut
2015-01-09T14:21:44 *** adriens33 s'est connecté
2015-01-09T14:51:01 *** TrappyTickles est parti
2015-01-09T14:52:52 *** TrappyTickles s'est connecté
2015-01-09T14:54:52 *** TrappyTickles est parti
2015-01-09T14:56:31 *** TrappyTickles s'est connecté
2015-01-09T15:23:27 *** Gordfang est parti
2015-01-09T16:32:07 *** MaCharon est parti
2015-01-09T16:36:57 *** MaCharon s'est connecté
2015-01-09T16:42:16 *** MaCharon est parti
2015-01-09T17:05:36 *** ludvann s'est connecté
2015-01-09T17:05:52 <ludvann> yo
2015-01-09T17:07:37 <ludvann> je souffre...
2015-01-09T17:08:37 <ludvann> adriens33...
2015-01-09T17:08:44 <adriens33> hello
2015-01-09T17:08:48 <adriens33> quoi qui ya ?
2015-01-09T17:08:56 <ludvann> béépo
2015-01-09T17:09:04 <ludvann> bépo*
2015-01-09T17:12:20 <ludvann> c est une torture...
2015-01-09T17:18:33 <ludvann> mais je commence à m'habituer ^^
2015-01-09T17:21:58 <adriens33> bah au début t'as l'impression d'être un eu un autiste face à ton clavier parce que tu connais pas l'emplacement des touches, c'est normal^^
2015-01-09T17:22:11 <adriens33> moi la je tape sans le look mon clavier.
2015-01-09T17:22:20 <adriens33> et je sais plus taper en azerty. XD
2015-01-09T17:22:29 <ludvann> oo
2015-01-09T17:22:41 <ludvann> ^^ *
2015-01-09T17:24:26 <adriens33> mais bon pouvoir utiliser «» sans alt + code (sous
2015-01-09T17:24:32 <adriens33> *sous windows)
2015-01-09T17:24:37 <adriens33> et avoir les ()
2015-01-09T17:24:38 <adriens33> []
2015-01-09T17:24:40 <ludvann> ^^
2015-01-09T17:24:41 <adriens33> {}
2015-01-09T17:24:44 <adriens33> cote a cote
2015-01-09T17:24:51 <adriens33> ça n'a pas de prix =D
2015-01-09T17:25:58 <ludvann> yt est donw ?
2015-01-09T17:26:24 <ludvann> down *
2015-01-09T17:27:21 <adriens33> non pourquoi ?
2015-01-09T17:27:21 <ludvann> ah nah
2015-01-09T17:27:29 <ludvann> ^^.
2015-01-09T17:27:33 <ludvann> ' *
2015-01-09T17:28:10 <adriens33> t'a du mal toi XD
2015-01-09T17:30:23 <ludvann> ri
2015-01-09T17:30:25 <ludvann> re
2015-01-09T17:30:55 <ludvann> foiré
2015-01-09T17:31:28 <ludvann> xD
2015-01-09T17:31:41 <adriens33> eh eh
2015-01-09T17:32:06 <adriens33> moi je tape tranquillou dans le noir sans look mon clavier (enfin presque).
2015-01-09T17:32:17 <adriens33> *trollface*
2015-01-09T17:32:35 <ludvann> ^^
2015-01-09T17:32:53 <adriens33> par contre apres pour rester cohérent, va falloir que tu mette du bépo partout XD
2015-01-09T17:33:06 <adriens33> moi j'ai juste un laptop et un desktop donc ça va
2015-01-09T17:34:43 <ludvann> j'ai déjà sur mon tel ^^
2015-01-09T17:34:49 <adriens33> ^^
2015-01-09T17:34:58 <adriens33> moi depuis longtemps
2015-01-09T17:35:32 <adriens33> histoire de m'habituer tranquillement au keymap avant que je switche mon clavier de pc y'a deux mois
2015-01-09T17:35:34 <ludvann> hier
2015-01-09T17:35:40 <adriens33> ok^^
2015-01-09T17:35:41 <ludvann> ^^
2015-01-09T17:38:37 <ludvann> je fairais de la dactylo ce soir ^^
2015-01-09T17:38:56 <ludvann> afk
2015-01-09T17:52:04 <ludvann> je vais dodoter
2015-01-09T17:52:13 <adriens33> Déjà ?
2015-01-09T17:52:39 <ludvann> j ai des vertiges
2015-01-09T17:53:00 <ludvann> ...
2015-01-09T17:54:10 <ludvann> je vais dodoter une heure seulement =]
2015-01-09T17:54:32 * ludvann is afk
2015-01-09T17:59:03 *** ludvann est parti
2015-01-09T18:24:59 *** ELiDYROS s'est connecté
2015-01-09T18:27:20 <ELiDYROS> bonsoir
2015-01-09T18:42:34 *** DarkNight5047 s'est connecté
2015-01-09T18:48:43 *** ELiDYROS est parti
2015-01-09T18:57:43 *** DarkNight5047 est parti
2015-01-09T19:59:52 *** MaCharon s'est connecté
2015-01-09T21:13:52 *** MaCharon est parti
2015-01-09T21:14:38 *** DarkNight5047 s'est connecté
2015-01-09T21:33:16 *** DarkNight5047 est parti
