2014-11-27T00:33:51 *** adriens33 est parti
2014-11-27T00:48:15 *** TrappyTickles est parti
2014-11-27T09:02:19 *** heuzef s'est connecté
2014-11-27T10:55:26 *** TrappyTickles s'est connecté
2014-11-27T12:21:14 *** heuzef est parti
2014-11-27T13:26:10 *** Gordfang s'est connecté
2014-11-27T13:26:32 <Gordfang> yo
2014-11-27T13:27:41 *** heuzef s'est connecté
2014-11-27T13:35:04 <Gordfang> yo
2014-11-27T13:37:16 <heuzef> Yo Gordfangounet
2014-11-27T13:37:32 <Gordfang> nope
2014-11-27T13:37:36 <heuzef> :D
2014-11-27T13:37:55 <Gordfang> j'ai rasé ma barbe sa fait bizare
2014-11-27T13:44:06 <heuzef> Tu reste un teroriste quand même xD
2014-11-27T13:44:15 <heuzef> Tiens regarde le CDCF : https://lite4.framapad.org/p/k3N9wl3wG9
2014-11-27T13:44:17 <Gordfang> non la je suis sous couverture
2014-11-27T13:44:32 <Gordfang> tl:dr
2014-11-27T13:44:36 <heuzef> Surtout n'hésite pas à modifier
2014-11-27T13:44:50 <heuzef> tl:dr je sais, mais c'est mega important ^^
2014-11-27T13:45:00 <Gordfang> ^^ je m'en occuperai plus tard la je suis pas motiver pour brancher mon cerveau
2014-11-27T13:47:19 <heuzef> J'ai mis Ludvann sur les ticket gravatar au faite
2014-11-27T13:47:23 <heuzef> j'ai pas de ces nouvelles
2014-11-27T13:47:26 <heuzef> pffff
2014-11-27T13:47:54 <heuzef> J'aimerais TELLEMENT avoir au moins quelqu'un qui donne des nouvelles :'(
2014-11-27T13:48:04 <heuzef> Même pour me dire que c'est la merde et tous
2014-11-27T13:48:17 <heuzef> juste me faire savoir qu'il est en vie et qu'il s'en branle pas quoi
2014-11-27T13:48:21 <Gordfang> ludvann? me dit quelque chose
2014-11-27T13:48:33 <Gordfang> XD ah les joie du manager
2014-11-27T13:48:45 <heuzef> Ba si tu pouvais le motiver un peu
2014-11-27T13:48:50 <strycore> clop clop clop humble bundle clop clop clop
2014-11-27T13:49:01 <heuzef> Histoire de cloturer tous ces **%$! de ticket sur Gravatar
2014-11-27T13:49:05 <heuzef> !muffin strycore
2014-11-27T13:50:37 <heuzef> strycore: et puis franchement, c'est pas comme si on été non plus en manque de ressources
2014-11-27T13:50:38 <heuzef> http://needforponies.fr/comics.html
2014-11-27T13:50:52 <strycore> oh j'en doute pas
2014-11-27T13:51:20 <Gordfang> tiens je vais me l'acheter
2014-11-27T13:51:50 <heuzef> Et voila Gordfang fait sa BA ^^ Tu donne tous pour la charité hein
2014-11-27T13:51:59 <heuzef> rien pour Hasbro, faut pas déconner non plus
2014-11-27T13:52:33 <Gordfang> shut
2014-11-27T13:55:54 <heuzef> Gordfang au faite il existe une appli android super bien fichu pour freshdesk
2014-11-27T13:56:06 <heuzef> Si t'es souvent sur ton tel
2014-11-27T13:56:13 <Gordfang> freshdesk? le truc pour lire des comic?
2014-11-27T13:56:20 <Gordfang> ou l'appli humble bundle?
2014-11-27T13:56:22 <heuzef> ....
2014-11-27T13:56:48 <heuzef> https://play.google.com/store/apps/details?id=com.freshdesk.helpdesk&hl=fr
2014-11-27T13:58:17 <Gordfang> ah XD
2014-11-27T13:59:29 <strycore> pfu, dans 2ans heuzef tu le verra arriver a 10km avec son Audi, son costard et son oreillette bluetooth
2014-11-27T13:59:47 <Gordfang> yep
2014-11-27T14:00:24 *** adriens33 s'est connecté
2014-11-27T14:00:47 <Gordfang> ok
2014-11-27T14:07:07 <Gordfang> heuzef je vient de lire ce que tu voulais
2014-11-27T14:07:17 <Gordfang> j'ai juste rajouter quelque annotation a droite a gauche
2014-11-27T14:07:27 <Gordfang> mais dans l'ensemble c'est pas trop mal
2014-11-27T14:15:19 <adriens33> hello all
2014-11-27T14:16:04 <Gordfang> re
2014-11-27T14:21:40 <Gordfang> sur un webcomic y a un mec qui vient de sortie "tu as entendu parler du tact n'est-ce pas?" j'ai l'impression d'être visé XD
2014-11-27T15:51:59 *** heuzef est parti
2014-11-27T15:59:17 *** adriens33 est parti
2014-11-27T16:00:09 *** adriens33 s'est connecté
2014-11-27T16:33:14 *** heuzef s'est connecté
2014-11-27T17:40:17 *** adriens33 est parti
2014-11-27T17:40:48 *** adriens33 s'est connecté
2014-11-27T18:52:38 *** heuzef est parti
2014-11-27T23:20:42 *** adriens33 est parti
