2014-11-02T00:46:26 *** adriens33 est parti
2014-11-02T01:03:16 *** TrappyTickles est parti
2014-11-02T01:04:44 *** Gordfang est parti
2014-11-02T01:07:58 *** MaCharon est parti
2014-11-02T09:43:02 *** TrappyTickles s'est connecté
2014-11-02T09:43:09 *** adriens33 s'est connecté
2014-11-02T11:44:43 *** Tsumenokage s'est connecté
2014-11-02T11:45:01 <Tsumenokage> Salut
2014-11-02T11:48:45 <adriens33> hello
2014-11-02T11:50:47 <adriens33> ouai
2014-11-02T11:50:48 <adriens33> et toi ?
2014-11-02T11:56:52 *** MaCharon s'est connecté
2014-11-02T11:56:58 <MaCharon> salut
2014-11-02T11:57:39 <adriens33> hello
2014-11-02T11:58:11 *** Gordfang s'est connecté
2014-11-02T12:12:47 <Gordfang> lut
2014-11-02T12:13:32 <adriens33> hello Gordfang
2014-11-02T12:13:48 <MaCharon> salut
 ***  2014-11-02T12:21:12 *** Tsumenokage s'est connecté
2014-11-02T12:21:12 <Tsumenokage> Salut
2014-11-02T12:21:12 <adriens33> hello
2014-11-02T12:21:14 <adriens33> ouai
2014-11-02T12:21:14 <adriens33> et toi ?
2014-11-02T12:21:16 *** MaCharon s'est connecté
2014-11-02T12:21:17 <MaCharon> salut
2014-11-02T12:21:20 <adriens33> hello
2014-11-02T12:21:22 *** Gordfang s'est connecté
2014-11-02T12:21:23 <Gordfang> lut
2014-11-02T12:21:24 <adriens33> hello Gordfang
2014-11-02T12:21:24 <MaCharon> salut
2014-11-02T12:21:25 *** Berry-Punch est parti
2014-11-02T12:24:54 <Berry-Punch> Salut tout le monde *hic* !
2014-11-02T12:24:55 *** Berry-Punch s'est connecté
2014-11-02T12:26:05 <Gordfang> Chanserv? tu ose l’appeler par son nom d'esclave!
2014-11-02T12:26:14 <adriens33> nan
2014-11-02T12:26:17 <adriens33> chanserv
2014-11-02T12:26:26 <adriens33> c'est le bot interne de freenode
2014-11-02T12:26:39 <Gordfang> k
2014-11-02T12:26:52 <adriens33> et des fois il kick des gens pour excess flood des fois sans raison xD
2014-11-02T12:27:32 <adriens33> (berry n'est qu'un script qui répond à des events, là il y avait rien elle parle pas (encore) toute seule ^^)
2014-11-02T12:30:01 <Berry-Punch> Entrez help <commande> pour *hic* avoir de l'aide sur cette commande.
2014-11-02T12:30:07 <Berry-Punch> Commandes disponibles *hic* :
2014-11-02T12:30:07 <Berry-Punch> say do flag reload stop op niorphlo list kick welcome voice help devoice niorph history muffin deop *hic* 
2014-11-02T12:30:15 <Berry-Punch> Recharge *hic* le bot
2014-11-02T12:30:20 <Berry-Punch> Fait *hic* parler le bot.
2014-11-02T12:30:20 <Berry-Punch> !say *hic* <du texte>
2014-11-02T12:30:27 <Berry-Punch> Effectue une action. *hic* 
2014-11-02T12:30:27 <Berry-Punch> !do <quelque *hic* chose>
2014-11-02T12:30:35 <Berry-Punch> Kicke (vire) quelqu'un du canal. *hic* 
2014-11-02T12:30:35 <Berry-Punch> !kick <nom> [raison] *hic* 
2014-11-02T13:14:32 *** MaCharon est parti
2014-11-02T13:24:08 *** Berry-Punch s'est connecté
2014-11-02T13:42:03 <Gordfang> bon aller je rentre sur bdx moi a tte
2014-11-02T13:42:16 *** Gordfang est parti
2014-11-02T18:49:30 *** Ambrocidus s'est connecté
2014-11-02T18:49:50 *** Ambrocidus est parti
2014-11-02T19:19:15 <TrappyTickles> j'ai une question en urgence
2014-11-02T19:19:21 <Tsumenokage> oui ?
2014-11-02T19:21:27 <Tsumenokage> un melon aussi gros que celui de rainbow ? qu'entend tu pas la ?
2014-11-02T20:02:32 <adriens33> bonsoir TrappyTickles, quel est le problème avec ta fanfiction ?
2014-11-02T20:03:24 <adriens33> oui, effectivement ^^
2014-11-02T20:03:28 <TrappyTickles> https://mlpfictions.com/story/464/the-last-siren-gem
2014-11-02T20:03:29 <adriens33> comment ça ?
2014-11-02T20:04:49 <adriens33> rien qu'a lire les commentaires sur la page d'accueil de ta fic
2014-11-02T20:05:09 <adriens33> comment se fait il que ce genre de chose gêne autant ?
2014-11-02T20:05:33 <adriens33> c'est comme quelqu'un qui se crée un oc alicorn, tout de suite il est catalogué grosse tête.
2014-11-02T20:05:39 <adriens33> c'est stupide.
2014-11-02T20:05:59 <adriens33> c'est ça le love & tolerate ? pff.
2014-11-02T20:06:12 <adriens33> ah bon ?
2014-11-02T20:06:48 <adriens33> quand on commence à t'attaquer sur la forme et pas sur le font
2014-11-02T20:07:14 <adriens33> c'est que y'a pas d'argument sérieux et que la seule motivation c'est du hate gratuit.
2014-11-02T20:07:48 <adriens33> le but m'échappe, mais bon c'est comme ça.
2014-11-02T20:08:29 <TrappyTickles> c'est une explication mais pas une excuse, entk
2014-11-02T20:09:03 <adriens33> les gens sont cons et jaloux, c'est aussi simple que ça.
2014-11-02T20:10:41 <TrappyTickles> ui
2014-11-02T20:11:17 <adriens33> oui, ça peut être une bonne idée
2014-11-02T20:11:32 *** Bybeez s'est connecté
2014-11-02T20:11:39 <Bybeez> Salut les chocolatines et les raisintines !
2014-11-02T20:11:51 <adriens33> salut le vil trolleur
2014-11-02T20:11:57 <Tsumenokage> Salut Bybeez
2014-11-02T20:12:08 <Bybeez> Salut
2014-11-02T20:12:13 <Bybeez> J'assume c'est tout
2014-11-02T20:12:29 <adriens33> ben c'est bien ^^
2014-11-02T20:12:30 <TrappyTickles> oi
2014-11-02T20:12:42 <Bybeez> Heuzef m'a dit que si je dis chocolatine je dois assumer jusqu'au bout et dire raisintine,
2014-11-02T20:12:54 <adriens33> n'écoute pas heuzef
2014-11-02T20:13:09 <adriens33> il est un peu coincé sur le sijet :p
2014-11-02T20:13:12 <adriens33> *sujet
2014-11-02T20:13:18 <Bybeez> XD
2014-11-02T20:26:43 <TrappyTickles> pas fini mais y a l'essentiel :p https://www.f-list.net/c/trappy%20tickles
2014-11-02T20:28:31 <adriens33> ah oui en fait ton histoire se réfère à rainbow rocks.
2014-11-02T20:36:15 <TrappyTickles> oui beaucoup$
2014-11-02T20:36:55 <TrappyTickles> "en fait, finalement, luna c'est un poney de nuit"
2014-11-02T20:36:59 <TrappyTickles> badumtss
2014-11-02T20:37:18 <TrappyTickles> bon d'accord c'est une variante de ma mienne sur les seaponies qui sont des poneys de bain mais bon :p
2014-11-02T20:40:07 *** StormyHaste s'est connecté
2014-11-02T20:49:19 <StormyHaste> bonsoir
2014-11-02T20:51:11 <Bybeez> Salut
2014-11-02T20:51:17 <Tsumenokage> Salut
2014-11-02T21:27:28 *** Bybeez est parti
2014-11-02T21:27:54 *** StormyHaste est parti
2014-11-02T21:57:26 *** Lenile s'est connecté
2014-11-02T21:57:43 <Lenile> Saloute
2014-11-02T21:57:53 <Lenile> Tsumenokage ?
2014-11-02T22:03:04 *** Lenile est parti
2014-11-02T23:38:45 *** Ambrocidus s'est connecté
2014-11-02T23:38:52 <Ambrocidus> Bonsoir
