2014-09-14T00:02:19 <Ikledoreboline> Non on aurait pas voulu.
2014-09-14T00:02:22 <Ikledoreboline> J'bacon ! xD
2014-09-14T00:02:47 <ValCab33> Cay bon le bacon :p
2014-09-14T00:02:47 <Niorph> xD
2014-09-14T00:10:32 <ValCab33> Bon ben tant pis
2014-09-14T00:22:48 *** TrappyTickles est parti
2014-09-14T00:33:04 <Ikledoreboline> ValCab33: qui fait genre alors qu'on l'a invité sur skype XD
2014-09-14T00:33:19 <ValCab33> Bakwa
2014-09-14T00:33:23 <adriens33> vous faites une partouze sur skype ? :p
2014-09-14T00:36:15 <Ikledoreboline> Comment tu sais ? :o !!
2014-09-14T00:37:51 <adriens33> XD
2014-09-14T00:38:18 <Ikledoreboline> On à un informateur sur skype è_é !
2014-09-14T00:38:27 <adriens33> mouhahahahaha…
2014-09-14T00:40:18 <ludvann> bon, neunuit
2014-09-14T00:40:26 <Ikledoreboline> +
2014-09-14T00:40:37 <ludvann> @+
2014-09-14T00:40:48 <Letarumavza> hum...
2014-09-14T00:40:50 *** ludvann est parti
2014-09-14T00:41:04 <Ikledoreboline> Il t'arrive quoi Letar ? xD
2014-09-14T00:41:45 <Letarumavza> How do you go on... when in your heart you begin to understand... there is no going back ? There are some things that time cannot mend... some hurts that go too deep... that have taken hold.
2014-09-14T00:42:08 <Ikledoreboline> D'accord, tu as passé une journée ou une soirée de merde ?
2014-09-14T00:42:11 <Ikledoreboline> ^^
2014-09-14T00:42:34 <Letarumavza> Euh non, pas vraiment.
2014-09-14T00:43:28 <adriens33> t'es amoureux leta ? o_O
2014-09-14T00:44:35 *** Makhai s'est connecté
2014-09-14T00:44:37 <Makhai> Yop
2014-09-14T00:44:40 <adriens33> soir
2014-09-14T00:53:16 *** MaCharon est parti
2014-09-14T00:53:16 *** Ikledoreboline est parti
2014-09-14T00:53:16 *** Letarumavza est parti
2014-09-14T00:53:17 *** ValCab33 est parti
2014-09-14T00:53:25 <adriens33> whut ? o_O
2014-09-14T00:53:33 <adriens33> tout le monde qui timeout en même temps ? oO
2014-09-14T00:56:17 <Makhai> xD
2014-09-14T01:12:31 <Makhai> Allez go moi ^^
2014-09-14T01:12:37 *** Makhai est parti
2014-09-14T01:20:49 *** Ikledoreboline s'est connecté
2014-09-14T01:40:09 <Ikledoreboline> ._.
2014-09-14T02:36:14 *** adriens33 est parti
2014-09-14T02:41:34 *** Ikledoreboline est parti
2014-09-14T04:51:23 *** Letarumavza s'est connecté
2014-09-14T10:08:08 *** ELiDYROS s'est connecté
2014-09-14T10:21:47 *** TrappyTickles s'est connecté
2014-09-14T10:35:02 *** ValCab33 s'est connecté
2014-09-14T10:35:16 <ValCab33> Hello
2014-09-14T10:36:05 <ELiDYROS> Bonjour
2014-09-14T10:36:34 <Letarumavza> salut
2014-09-14T10:51:33 <TrappyTickles> oi
2014-09-14T11:36:28 *** ELiDYROS est parti
2014-09-14T12:14:57 *** ELiDYROS s'est connecté
2014-09-14T12:23:39 <Berry-Punch> Voilà ce *hic* qu'il s'est passé ces 10 dernières lignes, adriens33
2014-09-14T12:23:40 *** adriens33 s'est connecté
2014-09-14T12:26:31 <adriens33> hello
2014-09-14T12:26:42 <ELiDYROS> Salut.
2014-09-14T12:33:26 *** ELiDYROS est parti
2014-09-14T12:54:27 *** ValCab33 est parti
2014-09-14T12:56:44 *** ValCab33 s'est connecté
2014-09-14T13:44:41 *** ValCab33 est parti
2014-09-14T14:25:12 *** Ikledoreboline s'est connecté
2014-09-14T14:25:23 <Ikledoreboline> Yo les gens :p
2014-09-14T14:25:30 <adriens33> yo
2014-09-14T14:32:37 *** ValCab33 s'est connecté
2014-09-14T14:34:07 *** ELiDYROS s'est connecté
2014-09-14T14:34:57 <Ikledoreboline> Salut ELiDYROS, salut ValCab33, bon je vais me cherchais un truc à miam -o-'
2014-09-14T14:34:57 <Berry-Punch> Bon appétit, Ikledoreboline *hic* :D
2014-09-14T14:35:07 <Ikledoreboline> rapide :| xD
2014-09-14T14:35:24 <ValCab33> Hello + Bonap
2014-09-14T14:35:34 <Ikledoreboline> thx
2014-09-14T14:37:23 <ELiDYROS> Ramène moi un double-cheese, steuplait
2014-09-14T14:40:13 *** heuzef s'est connecté
2014-09-14T14:40:37 <heuzef> Yo les gens =)
2014-09-14T14:43:02 *** Bybeez s'est connecté
2014-09-14T14:43:11 <Bybeez> Yo
2014-09-14T14:43:40 <heuzef> ;)
2014-09-14T15:08:52 *** ValCab33 est parti
2014-09-14T15:16:49 *** Silou s'est connecté
2014-09-14T15:22:35 * ELiDYROS *Zzzzz*
2014-09-14T15:27:26 <heuzef> Silou: ? =)
2014-09-14T15:27:32 <Silou> Oui heuzef :) ?
2014-09-14T15:27:39 <heuzef> Silou: https://vroom.im/bronycub
2014-09-14T15:27:57 <Silou> ?
2014-09-14T15:28:50 <Silou> Maaaais je suis pas trop en état T_T
2014-09-14T15:30:09 <Silou> Je pref un hangout :/
2014-09-14T15:30:18 <ELiDYROS> Où est tout le monde ?
2014-09-14T15:31:38 <Silou> heuzef
2014-09-14T15:42:05 <Ikledoreboline> Re all, salut heuzef et... Bybeez ?
2014-09-14T15:42:17 <Bybeez> yo
2014-09-14T15:43:24 <Ikledoreboline> https://www.youtube.com/watch?v=RQa7SvVCdZk parfois je me demande pourquoi je repense à ça. xD
2014-09-14T15:45:39 <ELiDYROS> Les madeleine de Proust ?
2014-09-14T15:46:37 *** heuzef est parti
2014-09-14T15:48:33 <ELiDYROS> Bon puisque personne répond, à plus, comme d'hab
2014-09-14T15:48:36 *** ELiDYROS est parti
2014-09-14T15:51:13 <Ikledoreboline> je croyais qu'il disait une connerie ELi j'avais pas compris x'D
2014-09-14T16:13:38 *** ValCab33 s'est connecté
2014-09-14T16:16:14 *** ValCab33 est parti
2014-09-14T16:16:27 *** ValCab33 s'est connecté
2014-09-14T16:26:11 <Ikledoreboline> Silou à perdu sa silouhette :|
2014-09-14T16:26:44 <Ikledoreboline> silhouette* :p bah dit donc pas cocasse les gars comme d'hab hein ^^
2014-09-14T16:27:30 *** Ambrocidus s'est connecté
2014-09-14T16:27:33 <Ambrocidus> Salut
2014-09-14T16:27:38 <adriens33> hello
2014-09-14T16:27:50 *** heuzef s'est connecté
2014-09-14T16:28:01 <Ambrocidus> heuzef, je suis sur la visio
2014-09-14T16:28:05 <Ambrocidus> mais micro hs
2014-09-14T16:28:18 <heuzef> ok : https://plus.google.com/hangouts/_/g3626gslvmvkz6mqmyzkl3bg6ea
2014-09-14T16:29:05 <Ikledoreboline> Perso pour le moment c'est pas trop possible ya du monde dans ma chambre et volet fermé -ç-
2014-09-14T16:31:16 *** Ambrocidus est parti
2014-09-14T16:33:38 *** MaCharon s'est connecté
2014-09-14T16:33:42 <MaCharon> slt
2014-09-14T16:33:46 <adriens33> saltu
2014-09-14T16:33:48 <adriens33> *salut
2014-09-14T16:35:33 <Silou> plop
2014-09-14T16:38:44 *** heuzef est parti
2014-09-14T16:42:57 <Ikledoreboline> Yop :p
2014-09-14T16:56:52 *** ValCab33 est parti
2014-09-14T17:19:21 <Ikledoreboline> hop hangout add favoris.
2014-09-14T17:23:45 *** wildfier s'est connecté
2014-09-14T17:24:53 *** Letarumavza est parti
2014-09-14T17:31:31 <Ikledoreboline> https://www.youtube.com/watch?feature=player_embedded&v=hJVrpR0SJpY imaginez ce clip, mais.... Avec les poneys de Mlp xD
2014-09-14T17:34:32 <Ikledoreboline> xD http://4.bp.blogspot.com/-l9-PCBgGy9s/VBRYABVNmQI/AAAAAAAAdG8/aL1OVLhs4oc/s1600/jetetroll-14-09-14-img2.gif
2014-09-14T17:38:18 *** wildfier est parti
2014-09-14T17:38:18 *** Bybeez est parti
2014-09-14T18:16:23 *** Ikledoreboline est parti
2014-09-14T18:45:59 *** Letarumavza s'est connecté
2014-09-14T19:28:26 *** ValCab33 s'est connecté
2014-09-14T19:28:32 <ValCab33> Reuh
2014-09-14T19:29:05 <Letarumavza> hum...
2014-09-14T19:33:32 <ValCab33> ?
2014-09-14T20:06:13 <TrappyTickles> ça existe des serveurs gratuits qui font rtsp? :p
2014-09-14T20:06:31 <Letarumavza> Qwak
2014-09-14T20:06:39 <TrappyTickles> oui, je m'en doutais :p
2014-09-14T20:07:36 <Letarumavza> http://en.wikipedia.org/wiki/Real_Time_Streaming_Protocol
2014-09-14T20:07:36 <TrappyTickles> j'avais dans l'idée de faire du streaming de vidéo dans second life mais je crains qu'en streamant moi même ça me fasse lagguer :p
2014-09-14T20:07:54 <Letarumavza> Et pourquoi pas twitch ?
2014-09-14T20:08:00 <Letarumavza> T'as quoi comme carte graphique ?
2014-09-14T20:08:16 <TrappyTickles> nvidia geforce gt740 2Go
2014-09-14T20:08:22 <TrappyTickles> twitch fait du rtsp?
2014-09-14T20:08:49 <Letarumavza> Il me semble, mais pour ce qui est de stream, tu peux faire du stream direct en h.264 depuis le gpu avec le shadowplay
2014-09-14T20:08:52 <TrappyTickles> pcq le truc c'est de mettre la vidéo qui play pareil pour tout le monde, même si tu pets pause ou même chose
2014-09-14T20:09:06 <TrappyTickles> mets*
2014-09-14T20:09:17 <Letarumavza> sur twitch tu as l'enregistrement de stream.
2014-09-14T20:09:21 <Letarumavza> donc ça revient au même
2014-09-14T20:09:45 <TrappyTickles> ben en fait c'est diffuser, pas enregistrer... Je pensais mettre rainbow rocks sur un ciné virtuel dans sl :p
2014-09-14T20:10:08 <TrappyTickles> et si le film peut play en mêem temps pour tout le monde... :p
2014-09-14T20:12:05 <TrappyTickles> sl et leur système archaique quand meme
2014-09-14T20:12:30 <TrappyTickles> déjà qu'ils utilisent encore opengl 1
2014-09-14T20:12:44 <Letarumavza> Le code est gravé sur du marbre ?
2014-09-14T20:12:58 <TrappyTickles> avoir opengl c'est louable mais mettez le a jour bordel :p
2014-09-14T20:13:05 <TrappyTickles> a peu près :p
2014-09-14T20:14:00 <Letarumavza> On est au 4.2 non ?
2014-09-14T20:14:05 <adriens33> nan
2014-09-14T20:14:06 <adriens33> 4.4
2014-09-14T20:14:18 <adriens33> (pour les gpus à peu près récents)
2014-09-14T20:14:30 <TrappyTickles> en plus je suis sur qu'on pourrait faire un viewer avec un meilleur opengl ça marcherait
2014-09-14T20:15:05 <Letarumavza> Ah 4.4.7 si j'en crois le driver de mes titans.
2014-09-14T20:15:10 <adriens33> mais ça demande pas juste une "mise à jour", passer de opengl 1 à opengl 4 demanderai sans doute de réécrire la moitié du code :p
2014-09-14T20:15:15 <adriens33> vu tout ce qui a changé depuis…
2014-09-14T20:15:21 <Letarumavza> Trappy, y'a un wrapper directx11 pour sl
2014-09-14T20:15:38 <TrappyTickles> bah si c'est que le code du viewer, le viewer est open source
2014-09-14T20:15:41 <Letarumavza> (mais je sais plus qui l'a développé)
2014-09-14T20:15:48 <TrappyTickles> t'es sur? oO
2014-09-14T20:15:56 <TrappyTickles> sur quel viewer?
2014-09-14T20:16:07 <Letarumavza> Aucune idée... sl et moi...
2014-09-14T20:16:17 <Letarumavza> Bon... je veux bien essayer d'y jouer...
2014-09-14T20:16:20 <Letarumavza> Mais...
2014-09-14T20:17:26 <TrappyTickles> lol ben si un jour ça te dit :p
2014-09-14T20:17:57 <TrappyTickles> si tu le fais, ajoute en ami buttbadger.mirabeau ou trappy tickles :p
2014-09-14T20:18:39 <Letarumavza> Hum...
2014-09-14T20:18:43 <Letarumavza> ça pèse combien ?
2014-09-14T20:19:20 <TrappyTickles> ça dépend... le viewer seul fait dans les 200mo
2014-09-14T20:19:37 <Letarumavza> Et le "jeu"
2014-09-14T20:19:40 <TrappyTickles> après, le cache c'est toi qui règle mais garde 1Go au moins
2014-09-14T20:20:05 <TrappyTickles> sl c'est pas un jeu où le monde entier est downloadé :p
2014-09-14T20:20:21 <TrappyTickles> sinon ça ferait plusieurs centaines de To :p
2014-09-14T20:21:01 <Letarumavza> Mouais...
2014-09-14T20:21:13 <Letarumavza> T'as du pot que ce soit pour toi tien...
2014-09-14T20:21:21 <Letarumavza> L'url de création de compte ?
2014-09-14T20:22:06 <TrappyTickles> secondlife.com
2014-09-14T20:22:21 <TrappyTickles> j'ai pas le lien direct, pas envie de déco mon compte sur le site lol
2014-09-14T20:22:34 <TrappyTickles> mais sinon, tu peux y aller en 1 clic une fois le viewer lancé
2014-09-14T20:23:21 <TrappyTickles> attends je m'y reco in-world aussi
2014-09-14T20:25:22 <TrappyTickles> https://join.secondlife.com/ ah, c'est là lol
2014-09-14T20:40:22 <Letarumavza> Putain...
2014-09-14T20:40:32 <Letarumavza> Les appels graphiques sont vraiment cradingues...
2014-09-14T20:45:15 <TrappyTickles> heh
2014-09-14T20:45:21 <TrappyTickles> c'est le gros point faible de ce truc
2014-09-14T20:45:40 <TrappyTickles> c'est quoi ton username au fait?
2014-09-14T20:45:51 <Letarumavza> ...
2014-09-14T20:45:52 <TrappyTickles> ça, la gestion de textures est pourrite
2014-09-14T20:45:59 <Letarumavza> Utilises ton cerveau 5sec
2014-09-14T20:46:20 <TrappyTickles> ok, donc rien de changé là dedans alors :p
2014-09-14T20:46:31 <Letarumavza> (vais pas me faire chier à changer d'uname à chaque prog)
2014-09-14T20:47:32 <TrappyTickles> mm erf jte trovue pas dans la recherche
2014-09-14T20:47:46 <TrappyTickles> 2e truc pourri, ce purée de truc de recherche en html
2014-09-14T20:48:36 <Letarumavza> 3e truc pourri, l'AA
2014-09-14T20:48:45 <Letarumavza> Putain qu'il fait mal aux yeux...
2014-09-14T20:48:47 <TrappyTickles> laquoi?
2014-09-14T20:48:53 <adriens33> anti aliasing
2014-09-14T20:48:53 <Letarumavza> anti alias
2014-09-14T20:48:55 <TrappyTickles> ah
2014-09-14T20:48:58 <TrappyTickles> tu peux la désactiver
2014-09-14T20:49:34 <TrappyTickles> moi même je l'ai aps mis. ça me sert a rien d'autre qu'à me ralentir :p
2014-09-14T20:49:49 <TrappyTickles> t'as eu mon invite?
2014-09-14T20:50:03 <Letarumavza> Et le truc a pas pigé que j'avais deux GPU
2014-09-14T20:50:08 <Letarumavza> (yep invit acceptée)
2014-09-14T20:50:19 <TrappyTickles> serieux?? oO
2014-09-14T20:50:21 <Letarumavza> btws tu changes comment les controles, il est en qwerty.
2014-09-14T20:50:27 <TrappyTickles> ça expliquerait pkoi je suis toujours lent la dessus :o
2014-09-14T20:50:44 <TrappyTickles> mmm ça dépend du viewer. je sais plus si l'officiel peut changer ça
2014-09-14T20:50:50 <Letarumavza> Il charge que le GPU0 il touche pas au gpu1
2014-09-14T20:51:02 <TrappyTickles> singularity peut le faire, ça entk, de changer le clavier
2014-09-14T20:51:10 <Letarumavza> Je vais changer ça dans les settings nvidia.
2014-09-14T20:51:33 <Letarumavza> (pour les gpu)
2014-09-14T20:52:02 <TrappyTickles> sinon, dans ta liste d'amis, clique droit sur moi et envoie moi une téléportation, que jvienne :p
2014-09-14T20:52:08 <Letarumavza> Tain mais c'est presque aussi user friendly que le x86
2014-09-14T20:52:24 <TrappyTickles> c'est pour ça que sl n'attire pas trop de foules
2014-09-14T20:52:38 <Letarumavza> Tu m'étones
2014-09-14T20:52:40 <TrappyTickles> d'ailleurs, ma copine pegasis canadienne qui est super noob, je sais pas commetn elle fait
2014-09-14T20:52:54 <Letarumavza> Si faut chier un cabillau à chaque truc qu'on tente...
2014-09-14T20:53:17 <TrappyTickles> arf je peux pas aller où t'es, ça doit être restreint aux nouveaux :/
2014-09-14T20:53:29 <Letarumavza> fuck this shit.
2014-09-14T20:53:36 <TrappyTickles> atta jvais t'envoyer une invite de group, comme aç je pourrai te tp chez moi
2014-09-14T20:55:36 <Letarumavza> Oh la joli fenêtre d'erreur sans texte.
2014-09-14T20:55:58 <Letarumavza> 10 contre 1 que le texte est derrière à cause d'un bug de strates.
2014-09-14T20:58:54 <Letarumavza> J'ai l'impression d'être un coincé du cul frustré dans une boutique sm. Cette interface me beurre la raie...
2014-09-14T20:59:24 <Letarumavza> Yeah
2014-09-14T21:00:10 <TrappyTickles> eurf, j'imagine
2014-09-14T21:00:23 <TrappyTickles> ou alors c'est que les traducteurs ont oublié de traduire la box
2014-09-14T21:00:31 <TrappyTickles> a moins que t'aies mis le viewer en english
2014-09-14T21:01:05 <Letarumavza> J4ai le viewer en fr
2014-09-14T21:03:27 <TrappyTickles> c'est ptet pour ça alors
2014-09-14T21:03:33 <TrappyTickles> ces feignasses ont pas du tout traduire :p
2014-09-14T21:03:46 <Letarumavza> Je l'ai passé en en
2014-09-14T21:41:49 *** Ikledoreboline s'est connecté
2014-09-14T21:42:17 <Ikledoreboline> Re, nom de Zeus j'ai loupé sao hier tellement je suis hanté par la misère :o ! sinon toujours aussi mort ici ou sa discute ? x)
2014-09-14T21:42:39 <MaCharon> ...
2014-09-14T21:43:10 <Ikledoreboline> Bon, ça en à tout l'air, j'afk du coup ^_<
2014-09-14T21:43:16 <MaCharon> ^^
2014-09-14T22:03:06 <Ikledoreboline> Hmmmm.... 6-7 minutes de blabla qu'on sait déjà, et la fin c'est toujours autant pénible de devoir attendre la semaine prochaine pire que la saison 1 mon dieu !!!
2014-09-14T22:06:22 <MaCharon> SAO ?
2014-09-14T22:06:38 <Ikledoreboline> dans le mille :p
2014-09-14T22:07:05 <MaCharon> ouai c'est pas super super epique pour le moment
2014-09-14T22:07:38 <Ikledoreboline> C'est chiant ils parlent que des trucs qu'on sait déjà ou de truc futile genre ils montrent le cul de sinon qu'est-ce qu'on s'en fou sérieux...
2014-09-14T22:07:55 <MaCharon> j'ai du mal avec la nouvelle heroine et son probleme >.<
2014-09-14T22:08:06 <Ikledoreboline> Pourquoi ? :p
2014-09-14T22:09:29 <MaCharon> juste une question de "gout" je pense, quand elle nous passe en mode "omg j'ai tué quelqu'un" je trouve ça pitoyable
2014-09-14T22:10:03 <MaCharon> son perso est cool mais irl je la blaire pas
2014-09-14T22:10:47 <Ikledoreboline> Ouais, moi non plus je l'accroche pas trop, quand elle se chie dessus derrière la moto, le coup du "Je vois un flingue irl je fais une crise en jeu non sauf si c'est l'arme du mec que j'ai tué" c'est bon bitch pls... --'
2014-09-14T22:11:13 <MaCharon> je lui acheterai bien une corde ^^
2014-09-14T22:11:57 <Ikledoreboline> C'est pas une corde que je lui achèterais... xD
2014-09-14T22:12:17 <MaCharon> une flingue ? XD
2014-09-14T22:12:20 <MaCharon> un*
2014-09-14T22:12:27 <Ikledoreboline> ouai sxD
2014-09-14T22:12:32 <Ikledoreboline> ouais* roh xD
2014-09-14T22:13:34 <Ikledoreboline> Un Type 54 "Black Star" pour être précis xD
2014-09-14T22:13:43 <MaCharon> lol
2014-09-14T22:14:57 <MaCharon> franchement l'episode 2 je l'ai presque passer tellement elle me faisait chié avec sa vie de merde
2014-09-14T22:15:50 <Ikledoreboline> x'D j'avoues avec l'autres blaireau même pas capable de l'emballer x')
2014-09-14T22:16:16 <MaCharon> son pote je le sens pas par contre
2014-09-14T22:16:20 <Ikledoreboline> ça va rester son ami jusqu'au bout je sens, ou je sens le complice de Death gun
2014-09-14T22:16:59 <Ikledoreboline> T'imagines si c'est le complice de Death Gun est-ce qu'il la tuerait réellement ? Hum...
2014-09-14T22:17:15 <Ikledoreboline> Puis comment Death Gun aurait eut pour idée le Type 54 "Black Star"
2014-09-14T22:17:22 <Ikledoreboline> C'est louche !!!
2014-09-14T22:17:39 <MaCharon> je pense pas que ça aille jusque la mais ça m'etonnerait pas plus que ça
2014-09-14T22:18:11 <Ikledoreboline> Hum, perso l'histoire je la sens venir à plein nez >_<
2014-09-14T22:18:30 <MaCharon> j'attend de voir
2014-09-14T22:18:51 <Ikledoreboline> Ouais.
2014-09-14T22:19:17 *** ValCab33 est parti
2014-09-14T22:19:23 <Ikledoreboline> J'espère qu'ils vont pas faire trop de merde avec l'histoire quand même.
2014-09-14T22:19:34 <MaCharon> du genre ?
2014-09-14T22:20:16 <Ikledoreboline> Se que j'ai dit, donc n'importe qui pourrait prévoir l'histoire, ou un vieux truc avec Asuna qui comme par hasard va venir de le même jeu enfin bon...
2014-09-14T22:20:36 <MaCharon> bah ça pourrait etre marrant ^^
2014-09-14T22:20:46 <MaCharon> si Asuna vient
2014-09-14T22:21:49 <Ikledoreboline> Ouais enfin ça m'étonnerait car c'est le tournoi mais peut-être que ils vont réussir à le tuer et pas récupérer les informations nécessaires. Enfin bon. J'ai 2-3 histoires types qui sont possible. x)
2014-09-14T22:21:54 <MaCharon> mais ses potes ont pas encore vu son avatar XD
2014-09-14T22:22:05 <Ikledoreboline> Ouais x'D
2014-09-14T22:23:00 <MaCharon> j'attend leurs réaction XD
2014-09-14T22:23:54 <Ikledoreboline> La rediffusion du moment où ils parlent je sens que ça va être des scènes coupés de truc qui pourrait niquer sa relation avec Asuna. xD
2014-09-14T22:24:39 <MaCharon> j'y ai pensé mais j'espere pas
2014-09-14T22:24:52 <MaCharon> j'aime bien le couple moi
2014-09-14T22:24:59 <Ikledoreboline> Pareil.
2014-09-14T22:25:56 <MaCharon> tant de romantisme ça m’émeus ^^
2014-09-14T22:26:05 <Ikledoreboline> Le couple parfait faut dire :p !
2014-09-14T22:26:15 <Ikledoreboline> Même si Asuna est un peu plus vieille xD
2014-09-14T22:26:35 <MaCharon> pg c'est dans la tête
2014-09-14T22:26:47 <Ikledoreboline> :p !
2014-09-14T22:27:20 <MaCharon> c'est trop kawaiii :3
2014-09-14T22:28:24 <Ikledoreboline> Affirmatif, d'ailleurs dans les animes en globalité c'est l'un des couples le plus apprécié je pense.
2014-09-14T22:28:38 <MaCharon> la même
2014-09-14T22:28:50 <Ikledoreboline> Pourquoi tant de haine sur moi https://www.youtube.com/watch?feature=player_embedded&v=g0IhvoC6-m8 xD
2014-09-14T22:28:59 <Ikledoreboline> Nop this sorry xD
2014-09-14T22:29:09 <Ikledoreboline> Plus se truc http://www.bronyland.com/pony-personality-test/?q=NjMzMHwxMDg4NjQ4 x')
2014-09-14T22:29:41 <MaCharon> quel est le prob ?
2014-09-14T22:30:05 <Ikledoreboline> J'ai la personnalité de Twillight, pinkie pie et RD xD
2014-09-14T22:30:26 <MaCharon> et t'aime pas ?
2014-09-14T22:30:36 <Ikledoreboline> Et aussi de fluttershy, bah ça fait bizarre =|
2014-09-14T22:32:14 <Ikledoreboline> Tu veux pas faire le test pour voir un peu ? XD
2014-09-14T22:32:49 <MaCharon> why not, marche comment ?
2014-09-14T22:33:24 <Ikledoreboline> Descend un peu plus bas tu as un questionnaire
2014-09-14T22:33:30 <Ikledoreboline> 1 seul réponse par question ^^
2014-09-14T22:33:35 <Ikledoreboline> seule*
2014-09-14T22:33:43 <MaCharon> ah ok, j'avais pas vu
2014-09-14T22:46:03 <MaCharon> tain c'est long
2014-09-14T22:46:14 <Ikledoreboline> x3
2014-09-14T22:46:27 <MaCharon> et en anglais en plus :/
2014-09-14T22:47:48 <Ikledoreboline> C'est pas trop compliqué non plus, si ?
2014-09-14T22:48:01 <MaCharon> ça passe
2014-09-14T22:49:17 *** Ikledoreboline est parti
2014-09-14T22:50:00 *** Ikledoreboline s'est connecté
2014-09-14T22:50:12 <MaCharon> http://www.bronyland.com/pony-personality-test/
2014-09-14T22:50:17 <MaCharon> lol
2014-09-14T22:51:05 <MaCharon> pas mal
2014-09-14T22:51:14 *** ValCab33 s'est connecté
2014-09-14T22:51:33 <Ikledoreboline> hum
2014-09-14T22:51:39 <Ikledoreboline> tu m'as envoyé le mauvais truc ^^
2014-09-14T22:51:43 <Silou> Y en a qui sont inscrits sur FP ici ?
2014-09-14T22:52:19 <Ikledoreboline> t'as des liens plus bas pour partager ton résultat là tu as envoyé le test et non je crois pas Silou du moins pour moi c'est quoi fp ?
2014-09-14T22:52:19 <MaCharon> sry : http://www.bronyland.com/pony-personality-test/?q=NzgwMHwxMDg4NjYz
2014-09-14T22:52:21 <Letarumavza> La Fistinière PRo ?
2014-09-14T22:52:30 <Letarumavza> Pourquoi tu veux une invit ?
2014-09-14T22:52:34 <Silou> Frenchy Ponies
2014-09-14T22:52:38 <Silou> Car ce soir c'est pop corn
2014-09-14T22:52:40 <Silou> http://www.twitch.tv/loopina/
2014-09-14T22:53:07 <Letarumavza> ?
2014-09-14T22:53:24 <Silou> Griffin balance la vérité sur Saki et FP
2014-09-14T22:53:39 <Silou> De quoi bien finir la semaine ..
2014-09-14T22:54:23 <MaCharon> alors Ikledoreboline ?
2014-09-14T22:55:09 <Letarumavza> Putain cette semaine de fous ^^
2014-09-14T22:55:54 <Ikledoreboline> Ah pardon je regarde une série en même temps pas vu attend ^^
2014-09-14T22:56:04 <MaCharon> np
2014-09-14T22:56:49 <Silou> Je crois que le début de semaine était calme
2014-09-14T22:56:52 <Ikledoreboline> Wow MaCharon c'est... Particulier pire que moi c'est vraiment très spécial xD
2014-09-14T22:56:59 <Silou> Puis a partir de jeudi c'est parti en c****e
2014-09-14T22:57:20 <MaCharon> je trouve que ça correspond plutot bien au final
2014-09-14T22:57:28 <Ikledoreboline> Il se passe quoi Silou enfaite le problème de départ résultat final ?
2014-09-14T22:57:38 <Silou> De ?
2014-09-14T22:58:16 <Ikledoreboline> Sur le twitch et en rapport à FP ? Si les deux sont liés.
2014-09-14T22:58:21 <Silou> Ouep
2014-09-14T22:58:25 <Silou> Griffin, ex admin
2014-09-14T22:58:29 <Silou> Loopina, ex modo
2014-09-14T22:58:44 <Silou> Griffin était dans le secret des dieux du forum, il s'est fait virer et raconte la vérité
2014-09-14T22:58:50 <Silou> Entre le fait que tous les MP étaient lus
2014-09-14T22:58:57 <Silou> Les MDP stockés en clair
2014-09-14T22:59:02 <Letarumavza> ào
2014-09-14T22:59:02 <Silou> Et biensur réutilisés contre les gens
2014-09-14T22:59:13 <Silou> Et puis toute la merde que manigane Saki ..
2014-09-14T22:59:16 <Silou> manigance*
2014-09-14T22:59:17 <Ikledoreboline> T'as réveiller Letarumavza xD
2014-09-14T22:59:36 <Silou> Ouep on s'entend bien alors mes mots le réveil ;)
2014-09-14T22:59:39 <Letarumavza> Letarumavza, il fait 5 choses à la foix
2014-09-14T22:59:42 <Letarumavza> fois*
2014-09-14T22:59:50 <Letarumavza> (irc, twitch, wow, TS, Sl)
2014-09-14T23:00:03 <Ikledoreboline> réveillé*, en bref un abus de pouvoir considérable qui au final a créé une grosse pagaille pour être poli.
2014-09-14T23:00:23 <Ikledoreboline> Et pourtant Letarumavza répond 1 fois sur 50 j'ai l'impression x'D
2014-09-14T23:00:32 <Ikledoreboline> Faut te titiller pour que tu réagis xD
2014-09-14T23:00:45 <Letarumavza> Je répond pas forcément.
2014-09-14T23:00:48 <Letarumavza> Mais je lis
2014-09-14T23:01:10 <Ikledoreboline> M'ouais ^^
2014-09-14T23:01:35 <Ikledoreboline> L'humain à des dents mais il s'en sert pas à chaque fois pour mordre hein !
2014-09-14T23:01:46 <MaCharon> encore heureux
2014-09-14T23:02:10 <Ikledoreboline> x'3
2014-09-14T23:02:19 <Ikledoreboline> Faudra vous habituez à mes proverbes de merde ^^
2014-09-14T23:02:38 <MaCharon> bah ça tient debout
2014-09-14T23:02:44 <adriens33> pas comme ta femme…
2014-09-14T23:02:45 <adriens33> XD
2014-09-14T23:02:50 <adriens33> (désolé)
2014-09-14T23:02:56 <MaCharon> po po po
2014-09-14T23:03:03 <MaCharon> XD
2014-09-14T23:03:09 <Ikledoreboline> punchline assuré. .-.
2014-09-14T23:03:51 <MaCharon> mais j'ai pas de femme :/
2014-09-14T23:04:16 <MaCharon> *forever alone*
2014-09-14T23:04:20 <adriens33> arf
2014-09-14T23:04:45 <Ikledoreboline> Moi non plus, et j'ai pas envie d'en avoir pour le moment ^^ trop de merde arrive quand tu en as une ou tu as une opinion qui te dis que t'en veux pas à cause de telle chose ._.
2014-09-14T23:05:20 <MaCharon> c'est sur mais avoir au moins quelqu'un pourrait etre intéressant
2014-09-14T23:05:21 <Ikledoreboline> Sinon MaCharon sa viendra c'est comme le sperme, au début tu fais les préliminaires mais après t'envois la purée. Oh putain c'est crade x'D
2014-09-14T23:05:32 <MaCharon> XD
2014-09-14T23:05:33 <Ikledoreboline> On peux pas supprimer une phrase ? xD
2014-09-14T23:05:42 <MaCharon> att je note
2014-09-14T23:06:41 <adriens33> Ikledoreboline: non
2014-09-14T23:06:44 <Ikledoreboline> L'un des trucs les plus ignoble que j'ai sorti jusqu'à présent c'est un coup... de maître. xD
2014-09-14T23:06:46 <adriens33> vu que quand tu envoie une ligne
2014-09-14T23:06:51 <adriens33> ça la renvoie à tout le mooonde
2014-09-14T23:06:55 <adriens33> donc pour la delete
2014-09-14T23:06:59 <adriens33> y'a pas de commande pour ça
2014-09-14T23:07:05 <Ikledoreboline> Dommage x')
2014-09-14T23:07:07 <adriens33> (donc pas d'edit possible sur irc)
2014-09-14T23:07:07 <MaCharon> et la c'est le drame
2014-09-14T23:07:11 <adriens33> c'pas comme skype
2014-09-14T23:07:46 <Ikledoreboline> Faut pas que tout le monde puisse voir que j'ai sortie une connerie aussi grotesque xD Ils vont se faire des idées sur moi .-.
2014-09-14T23:07:52 <adriens33> c'est trop tard
2014-09-14T23:08:00 <Ikledoreboline> x)
2014-09-14T23:08:03 <adriens33> et y'a l'historique visible jusqu'à dans 53 minutes
2014-09-14T23:08:15 <adriens33> (et après bah les logs restent dispo sur le github ;) )
2014-09-14T23:08:17 <Ikledoreboline> C'est jouable....! xD
2014-09-14T23:08:24 <Ikledoreboline> x'D
2014-09-14T23:08:31 <Ikledoreboline> C'est plus jouable x)
2014-09-14T23:09:30 <adriens33> XD
2014-09-14T23:09:37 <adriens33> et là bah j'ai tout depuis le premier bot
2014-09-14T23:09:43 <adriens33> (le 22/05 je crois)
2014-09-14T23:10:03 <Ikledoreboline> Annnww bullshit j'aurais su je lui aurait envoyé en privé x)
2014-09-14T23:10:17 <adriens33> bon y'a un trou de 5h et un autre d'il y a quelques jours quand j'ai eu un souci avec freenode… )
2014-09-14T23:10:29 <adriens33> j'ai plus de 50 000 lignes de log >:
2014-09-14T23:10:32 <adriens33> * >:)
2014-09-14T23:10:35 <Letarumavza> Bon...
2014-09-14T23:10:47 <Letarumavza> Donc au final, silou tu me fais un résumé de la commu ?
2014-09-14T23:10:54 <Letarumavza> J4arrive plus à suivre ^^
2014-09-14T23:10:59 <Silou> Euh c'est trop compliqué xD
2014-09-14T23:11:10 <Silou> En gros : tout le monde se tire dans les pattes
2014-09-14T23:11:21 <Letarumavza> Friendship is magic...
2014-09-14T23:11:22 <Ikledoreboline> Au faite Silou, je t'ai pas vu inscrit en temps que membre tu utilises un autre pseudo sur l'irc ?
2014-09-14T23:11:33 <adriens33> c'pas un bordelais :p
2014-09-14T23:11:35 <Silou> Ikledoreboline : je suis breton :D
2014-09-14T23:11:52 <Ikledoreboline> Anw d'accord ._.
2014-09-14T23:13:15 <Ikledoreboline> Hum..
2014-09-14T23:13:32 <Letarumavza> Silou, t'as du cidre ?
2014-09-14T23:13:38 <Letarumavza> Silou t'as des crèpes ?
2014-09-14T23:13:45 <Letarumavza> Silou t'as de l'hydromel ?
2014-09-14T23:13:50 <Silou> Pas encore
2014-09-14T23:13:54 <Silou> Mais si tu passe j'ne aurais ;)
2014-09-14T23:13:55 <MaCharon> >.>
2014-09-14T23:13:57 <Ikledoreboline> Les spécialités Bretonne ont l'air ignoble XD
2014-09-14T23:14:01 <Silou> xD
2014-09-14T23:14:12 * Letarumavza réfléchit.
2014-09-14T23:14:23 <adriens33> Ikledoreboline a envie de mourir.
2014-09-14T23:14:24 <Ikledoreboline> Sauf Beurre Salé
2014-09-14T23:14:25 <adriens33> :p
2014-09-14T23:14:27 <Ikledoreboline> xD
2014-09-14T23:14:34 <Letarumavza> Tain une bonne galette avec un oeuf
2014-09-14T23:14:43 <Letarumavza> La bretagne c'est trop cool
2014-09-14T23:14:50 <Letarumavza> En plus il pleut que sur les cons.
2014-09-14T23:15:03 <Silou> Letarumavza : j'ai une mission pour toi
2014-09-14T23:15:05 <Ikledoreboline> Après se que j'ai vu sur wiki sa donne envie de gerber XD
2014-09-14T23:15:05 <Letarumavza> (bon, le problème c'est qu'on est tous un peu cons...)
2014-09-14T23:15:17 <Silou> Faire une prise de pouvoir sur un serveur mutualisé
2014-09-14T23:15:25 <Ikledoreboline> Je vois pas de quoi tu parles Letar, moi je suis la perfection *rire*
2014-09-14T23:15:36 * Berry-Punch lance un muffin sur Ikledoreboline à 810 km/h
2014-09-14T23:15:36 <Letarumavza> !muffin Ikledoreboline
2014-09-14T23:15:43 <Ikledoreboline> Humf !
2014-09-14T23:16:02 <Letarumavza> Headshot !
2014-09-14T23:16:13 <Letarumavza> Silou, le but c'est ?
2014-09-14T23:16:24 * Berry-Punch lance un muffin sur Letarumavza à 2774 km/h
2014-09-14T23:16:24 <Berry-Punch> MUFFIN RAINBOOM !! *hic* 
2014-09-14T23:16:30 <Ikledoreboline> Je me demande si ça te transperce la tête un muffin lancé à cette vitesse ? x'D
2014-09-14T23:16:33 <Letarumavza> D'apprendre le pacifisme des bronies à d'autres bronies par la force ?
2014-09-14T23:16:55 * Berry-Punch lance un muffin sur MaCharon à 1849 km/h
2014-09-14T23:16:55 <Berry-Punch> MUFFIN RAINBOOM !! *hic* 
2014-09-14T23:16:55 <Ikledoreboline> !muffin MaCharon
2014-09-14T23:16:57 * Berry-Punch lance un muffin sur Letarumavza à 3182 km/h
2014-09-14T23:16:57 <Berry-Punch> MUFFIN RAINBOOM *hic* !!
2014-09-14T23:17:06 * Berry-Punch lance un muffin sur Ikledoreboline à 2391 km/h
2014-09-14T23:17:07 <Berry-Punch> MUFFIN RAINBOOM *hic* !!
2014-09-14T23:17:09 <Letarumavza> Diantre
2014-09-14T23:17:15 * Berry-Punch lance un muffin sur ValCab33 à 3109 km/h
2014-09-14T23:17:15 <Berry-Punch> MUFFIN RAINBOOM *hic* !!
2014-09-14T23:17:19 * Berry-Punch lance un muffin sur Silou à 3615 km/h
2014-09-14T23:17:19 <Berry-Punch> MUFFIN RAINBOOM *hic* !!
2014-09-14T23:17:24 * Berry-Punch lance un muffin sur MaCharon à 2897 km/h
2014-09-14T23:17:24 <Berry-Punch> MUFFIN RAINBOOM !! *hic* 
2014-09-14T23:17:24 * Berry-Punch lance un muffin sur Ikledoreboline à 1401 km/h
2014-09-14T23:17:24 <Berry-Punch> MUFFIN *hic* RAINBOOM !!
2014-09-14T23:17:24 <MaCharon> !muffin Ikledoreboline
2014-09-14T23:18:00 <Ikledoreboline> On a retrouvé un corp... Il a été transpercé par des muffins ! *musqiue d'intro* *guitare* ----> *flûte* xD
2014-09-14T23:18:21 <ValCab33> Aieuh
2014-09-14T23:18:28 <Letarumavza> http://d.facdn.net/art/strype/1409079858.strype_dvixend.png
2014-09-14T23:18:48 <Ikledoreboline> M'ak joli dessin mais le rapport 0 < xD
2014-09-14T23:19:02 <Letarumavza> ta femme te le dis souvent
2014-09-14T23:19:09 <Letarumavza> o/
2014-09-14T23:19:11 <adriens33> comme la tienne..
2014-09-14T23:19:22 <Letarumavza> J'en ai pas
2014-09-14T23:19:27 <Letarumavza> o/ x2
2014-09-14T23:19:27 <Ikledoreboline> Moi non plus
2014-09-14T23:19:28 <Ikledoreboline> xD
2014-09-14T23:19:40 <adriens33> (j'aurais été plus méchant j'aurais dit « lui il en a une », mais je suis pas comme ça. quoique…
2014-09-14T23:19:40 <Ikledoreboline> On est tous des célibataires en vrai sauf 3-4 x'D
2014-09-14T23:19:41 <Letarumavza> Foire à la saucisse ce soir !
2014-09-14T23:19:49 <ValCab33> Tiens ca a parlé de la bretagne plus haut ?
2014-09-14T23:19:58 <adriens33> tiens, Val est réveillé ? :p
2014-09-14T23:20:07 <Ikledoreboline> Ho hisse la saucisse ...!
2014-09-14T23:20:15 <ValCab33> J'était sur youtube :p
2014-09-14T23:20:16 <Letarumavza> http://d.facdn.net/art/strype/1393526245.strype_femargosd.png
2014-09-14T23:20:35 <Letarumavza> furry, cyber, gros nichons, cuir.
2014-09-14T23:20:37 <Ikledoreboline> .-.
2014-09-14T23:20:44 * Letarumavza bave.
2014-09-14T23:20:58 <Ikledoreboline> Attends Letarumavza
2014-09-14T23:21:05 <Letarumavza> Je dédié ma vie à la recherche en génétique, je veux créer des furries !
2014-09-14T23:21:07 <Letarumavza> ?
2014-09-14T23:21:33 <Ikledoreboline> http://shandrisshadowrunner.free.fr/autres/img015r2.jpg un dessinateur que je suis il fait ça *o*
2014-09-14T23:21:46 <Letarumavza> pas furry
2014-09-14T23:21:52 <Ikledoreboline> Ouais mais sexy quand même !
2014-09-14T23:21:58 <Letarumavza> PAS FURRY !
2014-09-14T23:22:22 <Ikledoreboline> MAIS ULTRA SEXY MUE ! xD
2014-09-14T23:22:32 <Ikledoreboline> Au pire ya rule 34 pour ça xD
2014-09-14T23:22:39 <Letarumavza> Le seul truc plus sexy que les boobs c'est les boobs tout fluffy !
2014-09-14T23:22:51 <Ikledoreboline> boobs tout fluffy ?
2014-09-14T23:22:52 <adriens33> it's so fluffy i'm gonna die !
2014-09-14T23:23:16 <MaCharon> flat is justice !!!
2014-09-14T23:23:22 <Letarumavza> MON CUL !
2014-09-14T23:23:25 <adriens33> le flat design c'est moche.
2014-09-14T23:23:27 <MaCharon> XD
2014-09-14T23:23:27 <Letarumavza> Flat c'est pas confortable !
2014-09-14T23:23:31 <Ikledoreboline> xD
2014-09-14T23:23:40 <Ikledoreboline> Je comprends plus rien mais c'est pas grâve >_^
2014-09-14T23:23:40 <Letarumavza> Boaf clémence a son charme ^^
2014-09-14T23:25:07 <Letarumavza> Moi non plus !
2014-09-14T23:25:10 <Letarumavza> Poil au cul
2014-09-14T23:25:13 <Letarumavza> Chappeau pointu !
2014-09-14T23:25:16 <Letarumavza> turlututu !
2014-09-14T23:25:27 <adriens33> leta a buggué !
2014-09-14T23:25:29 * Letarumavza prend un piano sur la tête.
2014-09-14T23:25:32 <adriens33> leta ton code est pourrave
2014-09-14T23:25:34 <adriens33> tu bug tout le temps !
2014-09-14T23:25:35 <Ikledoreboline> J'aime bien Letarumavza ta personnalité dérangé me plait xD
2014-09-14T23:25:52 <Letarumavza> Bah je sors des usines ACME
2014-09-14T23:25:55 <adriens33> XD
2014-09-14T23:26:09 <Letarumavza> Je suis un toon !
2014-09-14T23:26:29 <adriens33> le !
2014-09-14T23:26:35 <adriens33> le juge De Mort !
2014-09-14T23:26:41 <adriens33> c'est toi avoue !
2014-09-14T23:26:48 <Letarumavza> Plutot roger rabbit
2014-09-14T23:26:56 <Letarumavza> Je suis random, con trollesque
2014-09-14T23:27:09 <Letarumavza> et j'adore les rousses !
2014-09-14T23:27:09 <Ikledoreboline> Pourquoi les nains rigolent tout le temps ? Parce que l'herbe chatouille leurs couilles ! :D
2014-09-14T23:27:10 <Ikledoreboline> xD
2014-09-14T23:27:16 <adriens33> …
2014-09-14T23:27:18 <adriens33> XD
2014-09-14T23:27:19 <MaCharon> XD
2014-09-14T23:27:19 <Ikledoreboline> Moi aussi j'adore les rousses *p*
2014-09-14T23:27:32 <Letarumavza> Ikledoreboline, les rousses sont à moi !
2014-09-14T23:27:38 <Letarumavza> Je préfère le goût.
2014-09-14T23:27:52 <Ikledoreboline> Hmmfff je suis pas vraiment partageur *p*
2014-09-14T23:27:53 <adriens33> oO
2014-09-14T23:28:01 <adriens33> leta: comment ça le goût .
2014-09-14T23:28:02 <adriens33> ?
2014-09-14T23:28:10 <Ikledoreboline> Mais bon méfies toi, les rousses, rousse pet :p xD
2014-09-14T23:28:18 <MaCharon> ....
2014-09-14T23:28:27 <Letarumavza> Ikledoreboline, tu sors
2014-09-14T23:28:29 <adriens33> *badumm tss*
2014-09-14T23:28:33 <Ikledoreboline> Je prends quel porte ?
2014-09-14T23:28:41 <Letarumavza> adriens33, bah le goût des rousses est différent.
2014-09-14T23:28:57 <adriens33> veut pas de détail,  chat tout public siouplé --"
2014-09-14T23:29:04 <Ikledoreboline> xD
2014-09-14T23:29:07 <Letarumavza> 23h passés !
2014-09-14T23:29:12 <Ikledoreboline> Je suis curieux de savoir moi quand même XD
2014-09-14T23:29:21 <MaCharon> j'avoue
2014-09-14T23:29:45 <Letarumavza> L'autre avantage, c'est que si une rousse à le tapis en accord avec les rideaux...
2014-09-14T23:29:59 <Letarumavza> Si elle se néglige tu le sens tout de suite (et sentir est le bon verbe)
2014-09-14T23:29:59 <Ikledoreboline> x)
2014-09-14T23:30:10 <MaCharon> stop plz XD
2014-09-14T23:30:15 <Ikledoreboline> C'est mieux quand c'est rasé donc ? xD
2014-09-14T23:30:23 <Letarumavza> C'est toujours mieux
2014-09-14T23:30:33 <Letarumavza> J'ai horreur d'avoir les poils en brosse à dents.
2014-09-14T23:30:40 <Ikledoreboline> x'DDDD
2014-09-14T23:30:40 <MaCharon> le connaisseur qui parle ^^
2014-09-14T23:30:55 <Letarumavza> Un bon gentleman déscend en premier
2014-09-14T23:31:15 <Ikledoreboline> Au moins je saurais appréhendais le moment venu même j'espère ne pas repenser à cette conversation le moment venu car je rigolerais XD
2014-09-14T23:31:33 <Letarumavza> Juste un truc...
2014-09-14T23:31:38 <MaCharon> vaut mieux en rire que d'en pleurer
2014-09-14T23:31:45 <Letarumavza> Ne ris jamais avec une fille à ce moment là.
2014-09-14T23:31:56 <Letarumavza> Tu risques de profondément la blèsser.
2014-09-14T23:32:18 <Letarumavza> (si elle pense que tu ris d'elle ne serai-ce qu'une fraction de seconde, c'est mort)
2014-09-14T23:33:10 <Ikledoreboline> T'inquiète Letarumavza je suis pas ignorant, je rigolerais avant l'acte. xD
2014-09-14T23:33:11 <adriens33> ça « sent » le vécu dis… :p
2014-09-14T23:33:39 <Letarumavza> Le problème c'est que quand ça sent, t'as plus envie de vivre ^^
2014-09-14T23:33:56 <adriens33> XD
2014-09-14T23:33:59 <Letarumavza> T'as l'impression d'être à la criée de brest un jeudi matin
2014-09-14T23:34:09 <Ikledoreboline> x'D
2014-09-14T23:34:10 <MaCharon> c'est a prendre au sens propre ^^
2014-09-14T23:34:13 <Letarumavza> Avec les odeurs de raie et de thon.
2014-09-14T23:34:18 <adriens33> bah nn MaCharon
2014-09-14T23:34:20 <Ikledoreboline> xDDDD
2014-09-14T23:34:20 <adriens33> pas au sesn propre
2014-09-14T23:34:20 <Letarumavza> MaCharon, bah non, justement.
2014-09-14T23:34:22 <adriens33> au sens sale.
2014-09-14T23:34:26 <Ikledoreboline> Putain epic win soirée x)
2014-09-14T23:34:29 <MaCharon> je sais
2014-09-14T23:34:31 <MaCharon> ^^
2014-09-14T23:34:36 <adriens33> Ikledoreboline: j'avoue… XD
2014-09-14T23:35:17 <Letarumavza> J'ai une idée, on se met tous à poil et on s'encule ? C'est pour conserver l'image des bronies dans les médias !
2014-09-14T23:35:23 <adriens33> hmmm… non.
2014-09-14T23:35:25 <Letarumavza> On appelle tf1 et nrj12 aussi ^^
2014-09-14T23:35:28 <Letarumavza> (et m6)
2014-09-14T23:35:40 <adriens33> et ma bite sur ton front ça fait une licorne aussi ?
2014-09-14T23:35:41 <MaCharon> et on fait tourner les serviettes !
2014-09-14T23:35:41 <adriens33> pff.
2014-09-14T23:35:45 <adriens33> MaCharon tu sors !
2014-09-14T23:35:49 <adriens33> pas de Patrick Sébastien ici
2014-09-14T23:35:50 <MaCharon> XD
2014-09-14T23:35:54 <adriens33> ma patience a des limites quand même
2014-09-14T23:36:00 <Ikledoreboline> Personnellement j'ai pas envie d'être homosexuel je vous laisses faire vos petites choses XD
2014-09-14T23:36:17 <Letarumavza> Ikledoreboline, y' apas besoin d'être homo pour se faire enculer.
2014-09-14T23:36:18 <Ikledoreboline> Avec vos petits engins popopo !
2014-09-14T23:36:21 <Letarumavza> Regarde les clients d'apple
2014-09-14T23:36:24 <adriens33> XD
2014-09-14T23:36:26 <adriens33> po po pooooo
2014-09-14T23:36:26 <MaCharon> XD
2014-09-14T23:36:27 <Ikledoreboline> Ouais c'est vrai xD
2014-09-14T23:36:28 <adriens33> ça parle mal !!
2014-09-14T23:36:48 <Letarumavza> Se faire enculer par une pomme.
2014-09-14T23:36:55 <adriens33> ça doit faire bobo le trou…
2014-09-14T23:36:59 <Letarumavza> après t'es plus jamais constipé.
2014-09-14T23:37:01 <adriens33> XD
2014-09-14T23:37:06 <Letarumavza> Faut demander à sasha grey...
2014-09-14T23:37:10 <Ikledoreboline> une pomme mâchée bitch pls xD
2014-09-14T23:37:20 <Letarumavza> Avant ou après ?
2014-09-14T23:37:42 <adriens33> donc t'as de la compote dans le cul après t'être mis le cul en compote.
2014-09-14T23:37:44 <adriens33> bon plan ça…
2014-09-14T23:37:46 <Ikledoreboline> On devrait mettre des iphones dans la gorge des mecs qui achètent leurs merde, sa leurs ferait des pommes d'Adam
2014-09-14T23:37:55 <Letarumavza> 2/10
2014-09-14T23:38:03 <Ikledoreboline> Jeu, set, et match !
2014-09-14T23:38:13 <Letarumavza> Croiseur touché en B4
2014-09-14T23:38:20 <adriens33> héhé
2014-09-14T23:38:36 <Letarumavza> Hum...
2014-09-14T23:38:47 <Letarumavza> Je vois bien un mélange de battaille navale et des échecs.
2014-09-14T23:38:48 <adriens33> Ikledoreboline: ça leur ferai surtout une haleine de cheval…
2014-09-14T23:38:59 <Letarumavza> tu peux bouger un navire d'une case à chaque tour.
2014-09-14T23:39:06 <adriens33> oulà
2014-09-14T23:39:17 <Ikledoreboline> Bah putain Letarumavza les parties dureraient 3 plombs
2014-09-14T23:39:25 <adriens33> tu tiens un concept leta, brevette le avant que Apple ou M$ mettent la main dessus.
2014-09-14T23:39:33 <Letarumavza> Et à chaque tir dans l'eau tu bois un verre de vodka
2014-09-14T23:39:33 <Berry-Punch> J'adore ça *hic* !
2014-09-14T23:39:40 <Ikledoreboline> adriens33: on leurs vend du foin ça sera pareil, Iphoin
2014-09-14T23:39:41 <adriens33> dat jeu à boire…
2014-09-14T23:39:43 <Letarumavza> à chaque fois que tu touches, un verre d'eau.
2014-09-14T23:39:43 <Berry-Punch> Tu en *hic* as pour moi Letarumavza ?
2014-09-14T23:39:44 <MaCharon> kempai !
2014-09-14T23:39:45 <Ikledoreboline> au lieu de Iphone
2014-09-14T23:39:57 <adriens33> iFion
2014-09-14T23:40:02 <Letarumavza> eyephone
2014-09-14T23:40:07 <Letarumavza> (futurama)
2014-09-14T23:40:07 <adriens33> I, phone !
2014-09-14T23:40:30 <adriens33> iHorse
2014-09-14T23:40:31 <Ikledoreboline> Avec la pub du carton lancé dans l'écran dans futurama xD
2014-09-14T23:40:34 <Letarumavza> I hoe
2014-09-14T23:40:42 <Ikledoreboline> Ihope
2014-09-14T23:40:44 <adriens33> iCrétin
2014-09-14T23:40:49 <Ikledoreboline> IChtein
2014-09-14T23:40:49 <Ikledoreboline> xD
2014-09-14T23:40:54 <adriens33> avec autoreproduction intégrée
2014-09-14T23:40:59 <Letarumavza> I caramba !
2014-09-14T23:41:00 <adriens33> Ikledoreboline: XD
2014-09-14T23:41:13 <adriens33> iPierre
2014-09-14T23:41:25 <Letarumavza> Marche pas
2014-09-14T23:41:29 <Ikledoreboline> Ikle ! :3
2014-09-14T23:41:36 <adriens33> leta: ranafout
2014-09-14T23:42:05 <Letarumavza> Bon perso je vais me palucher devant un hentai en restant sur irc mouhahahahhahaha
2014-09-14T23:42:18 <Letarumavza> (Je suis de bonne humeur ce soir)
2014-09-14T23:42:23 <adriens33> beuârg.
2014-09-14T23:42:28 <Ikledoreboline> x'D
2014-09-14T23:42:30 <MaCharon> copieur ^^
2014-09-14T23:42:41 <Ikledoreboline> évites de laisser des traces visible aux ultra violet sur ton ordi dude xD
2014-09-14T23:42:46 <adriens33> leta a un clavier blanc, les traces se voient moins…
2014-09-14T23:42:47 <Letarumavza> haha
2014-09-14T23:42:56 <MaCharon> pro plz
2014-09-14T23:43:02 <Letarumavza> Mec, amènes pas une lampe uv dans ma piole
2014-09-14T23:43:04 <Ikledoreboline> Avant, mon clavier était noir, mais ça, c'était avant.
2014-09-14T23:43:10 <Ikledoreboline> x'D
2014-09-14T23:43:13 <adriens33> maintenant tu l'as repeint en blanc sperme ? :p
2014-09-14T23:43:26 <Letarumavza> adriens33, j'en suis à la 4° couche.
2014-09-14T23:43:33 <MaCharon> ah ça colle
2014-09-14T23:43:35 <adriens33> rhô putain… XD
2014-09-14T23:43:37 <Letarumavza> (tain on est trash)
2014-09-14T23:44:03 <Letarumavza> oubliez pas, quelqu'un qui passe sur le site, voit les dernières lignes du canal^^
2014-09-14T23:44:15 <adriens33> nope
2014-09-14T23:44:15 <adriens33> nope
2014-09-14T23:44:15 <adriens33> nope
2014-09-14T23:44:16 <adriens33> nope
2014-09-14T23:44:16 <adriens33> nope
2014-09-14T23:44:16 <adriens33> nope
2014-09-14T23:44:18 <adriens33> nope
2014-09-14T23:44:20 <adriens33> nope
2014-09-14T23:44:22 <adriens33> nope
2014-09-14T23:44:22 <ValCab33> Voila.
2014-09-14T23:44:24 <MaCharon> welcome XD
2014-09-14T23:44:26 <adriens33> nope
2014-09-14T23:44:28 <adriens33> nope
2014-09-14T23:44:30 <adriens33> nope
2014-09-14T23:44:32 <adriens33> nope
2014-09-14T23:44:34 <adriens33> nope
2014-09-14T23:44:36 <adriens33> nope
2014-09-14T23:44:36 <Ikledoreboline> Tiens dites moi bande de masturbateur de chèvre, moi amicalement joueur de minecraft me semble avoir vu un message défilé comme quoi une personne détenait un serveur minecraft nop ?
2014-09-14T23:44:38 <adriens33> nope
2014-09-14T23:44:38 <MaCharon> roh, pas marrant
2014-09-14T23:44:39 <Letarumavza> Il va se faire kick pour flood ^^
2014-09-14T23:44:40 <adriens33> nope
2014-09-14T23:44:42 <adriens33> nope
2014-09-14T23:44:44 <adriens33> nope
2014-09-14T23:44:46 <adriens33> nope
2014-09-14T23:44:48 <adriens33> mouhahahaha.
2014-09-14T23:44:50 <adriens33> bon encore un quart d'heure et plus d'historique *visible*
2014-09-14T23:44:52 <adriens33> ikle: y'a un serv
2014-09-14T23:44:56 <adriens33> bronycub.org
2014-09-14T23:44:58 <adriens33> (bon c'est en 1.7.2
2014-09-14T23:45:02 <adriens33> et faut que je t'ajoute sur la whitelist)
2014-09-14T23:45:04 <adriens33> (mais bon)
2014-09-14T23:45:07 <Letarumavza> Il est à chier !!!!!!!!!!!!!!!
2014-09-14T23:45:12 <Letarumavza> je veux la 1.8
2014-09-14T23:45:18 <Ikledoreboline> Vive FTB hell yeah !
2014-09-14T23:45:20 <ValCab33> +1
2014-09-14T23:45:26 <Letarumavza> FTB POWAAAAAAAAAAAAAAAAAAAAAAAAAAAA !
2014-09-14T23:45:26 <adriens33> ta gueule leta !
2014-09-14T23:45:31 <adriens33> peut pas !
2014-09-14T23:45:36 <Letarumavza> TOUS LA BITE a la main !!!
2014-09-14T23:45:36 <adriens33> en 1.7.9 why not
2014-09-14T23:45:41 <MaCharon> XD
2014-09-14T23:45:42 <adriens33> mais la 1.8 pas encore
2014-09-14T23:45:42 <Ikledoreboline> Minecraft Vanilla c'est pour les lopettes qui ont peur de pas perdre !
2014-09-14T23:45:52 <ValCab33> ftb ftw
2014-09-14T23:45:53 <Letarumavza> In the navy !
2014-09-14T23:45:54 <Ikledoreboline> (hu je crois que je suis pas sur de ma phrase) xD
2014-09-14T23:46:13 <Ikledoreboline> enlevez le pas dans ma phrase de lopette :3
2014-09-14T23:46:23 <adriens33> feed the beast sur un serveur dédié avec un intel atom et 2 go de ram…
2014-09-14T23:46:26 <adriens33> leta t'as de la foi…
2014-09-14T23:46:26 <adriens33> XD
2014-09-14T23:46:36 <ValCab33> x)
2014-09-14T23:46:46 <Letarumavza> adriens33, FTB lite
2014-09-14T23:46:54 <adriens33> et compte pas sur heuzef pour créer un sous domaine mc.bronycub.org qui pointerait sur une autre ip que son dédié…
2014-09-14T23:46:55 <Letarumavza> Il passerai à l'aise
2014-09-14T23:47:01 <adriens33> bog
2014-09-14T23:47:04 <adriens33> *bof
2014-09-14T23:47:07 <adriens33> pas envie
2014-09-14T23:47:12 <Ikledoreboline> Direwolf passerait aussi je pense nop ?
2014-09-14T23:47:18 <Letarumavza> Yep aussi
2014-09-14T23:47:23 <Letarumavza> Perso je tourne en...
2014-09-14T23:47:27 <Letarumavza> MONSTER PACK
2014-09-14T23:47:28 <adriens33> et pis ça serait tout de même plus lourd qu'un simple bukkit avec trois plugins…
2014-09-14T23:47:33 * Letarumavza pose sa bite.
2014-09-14T23:47:37 <adriens33> mon serv me sert pas qu'à ça hein.
2014-09-14T23:48:16 <adriens33> d'ailleurs je commence à en avoir marre de pas pouvoir mettre le mc de bronycub sur le serv de bronycub parce que sur son serv de merde à heuzef j'ia acces à rien et quand ça bug je peut ni savoir pourquoi ni corriger.
2014-09-14T23:48:28 <Letarumavza> MOUHAHAHAHAHAHHAHAHAHAHA JE SUIS DIABOLIQUE !!!!!!!!!!!!!!!!!!!!!!!!!!!
2014-09-14T23:48:30 <adriens33> j'ai été obligé de faire un tunnel ssh
2014-09-14T23:48:31 <Letarumavza> MUHAHAHHAHAHAHAHAHHAHAA
2014-09-14T23:48:36 <Letarumavza> MUHAHAHAHAHHAHAHAHAHA
2014-09-14T23:48:41 <Ikledoreboline> Letarumavza: Monsterpack too easy pls
2014-09-14T23:48:42 <adriens33> parce que ce flan veut pas créer de sous domaine
2014-09-14T23:48:45 <Letarumavza> Je vais dominer le monde !
2014-09-14T23:48:47 <Letarumavza> Of course !
2014-09-14T23:48:54 <adriens33> mc.bronycub.org c'est trop compliqué à retenir vous comprenze
2014-09-14T23:49:02 <adriens33> et pis le changement c'est la mort…
2014-09-14T23:49:05 <Letarumavza> C'est pas user friendly ?
2014-09-14T23:49:09 <adriens33> c'est vrai, ajouter trois caractères c'est nul
2014-09-14T23:49:23 <adriens33> et mc.bronycub.org est pas du tout plus clair que bronycub.org pour un serveur minecraft…
2014-09-14T23:49:38 <Ikledoreboline> Moi j'utilise un autre modpack où il y à gregtech pour bien en chier !
2014-09-14T23:49:45 <adriens33> pis les modpack c'est nul
2014-09-14T23:49:53 <adriens33> tu peux pas te co sur le serveur avec un client lambda
2014-09-14T23:49:54 <Ikledoreboline> Test Pack Please Ignore ou TTPI
2014-09-14T23:49:58 <adriens33> obligé de dl le bon client
2014-09-14T23:50:01 <adriens33> avec les mods
2014-09-14T23:50:03 <adriens33> même si t'en veut pas
2014-09-14T23:50:09 <Letarumavza> gregtech est codé par un connard
2014-09-14T23:50:09 <adriens33> donc bon…
2014-09-14T23:50:21 <adriens33> pour ça vive bukkit et les plugins serveur
2014-09-14T23:50:21 <Letarumavza> il fout du trapcode pour empécher la compatibilité avec d'autres mods.
2014-09-14T23:50:31 <Ikledoreboline> sois disant Letarumavza mais je pense pas, y'a juste eut une embrouille.
2014-09-14T23:50:38 <Ikledoreboline> Embrouille
2014-09-14T23:50:45 <adriens33> s'il le dit c'est qu'il a du regarder dedans à mon avis…
2014-09-14T23:50:46 <Letarumavza> Non non
2014-09-14T23:50:57 <Letarumavza> Les morceaux de code je les ai trouvé moi même pour vérifier.
2014-09-14T23:51:01 <adriens33> voilà )
2014-09-14T23:51:04 <adriens33> * :)
2014-09-14T23:51:06 <Letarumavza> Cet enfoiré a foutu du code anti-tinker.
2014-09-14T23:51:14 <Ikledoreboline> sérieux ?
2014-09-14T23:51:22 <Letarumavza> Et du code contre les api d'eloram
2014-09-14T23:51:30 <adriens33> (l'enculééé)
2014-09-14T23:51:31 <Ikledoreboline> dans le pack que je te dis en tout cas ils sont compatible
2014-09-14T23:51:31 <Letarumavza> CONTRE LES APIS D'ELORAM
2014-09-14T23:51:41 <Ikledoreboline> Baaaaahhh
2014-09-14T23:51:48 <adriens33> Ikle: parce que les modpack c'est pas juste "mettre des mods ensemble"
2014-09-14T23:51:58 <Ikledoreboline> Je sais adriens33 merci xD
2014-09-14T23:52:01 <adriens33> c'est aussi et surtout faire en sorte de virer les bugs d'incompatilibité
2014-09-14T23:52:13 <Letarumavza> Parce que slowspoke est tombé sur le mec de gregtech et lui a dit d'arreter ses conneries sinon il serait viré d'FTB
2014-09-14T23:52:13 <adriens33> et s'il y a du trapcode partout c'est forcément plus chiant à faire…
2014-09-14T23:52:16 <Ikledoreboline> Mais ftb ultimate lagger à cause de l'incompatibilité.
2014-09-14T23:52:52 <Letarumavza> Donc l'autre glandu s'est calmé.
2014-09-14T23:53:02 <Letarumavza> Mais ça reste quand-même un gros con.
2014-09-14T23:53:03 <Ikledoreboline> ^^
2014-09-14T23:53:21 <Ikledoreboline> Mais n'empêche que gregtech c'est énorme, enfin sa complique vraiment le jeu c'est cool sa.
2014-09-14T23:53:22 <Letarumavza> Je veux bien qu'eloram ait des sources fermées sur son code.
2014-09-14T23:53:35 <Letarumavza> C'est du C appelé par du java avec un moteur de rendu spécifique.
2014-09-14T23:53:45 <Ikledoreboline> .-.
2014-09-14T23:53:47 <Letarumavza> Mais l'autre gland, c'est que du java.
2014-09-14T23:53:50 <Ikledoreboline> xD
2014-09-14T23:53:52 <adriens33> le java çapu
2014-09-14T23:53:55 <adriens33> c'est nul
2014-09-14T23:54:02 <Ikledoreboline> ouais adriens j'aime pas non plus.
2014-09-14T23:54:03 <Letarumavza> et eloram a jamais foutu de trapcode
2014-09-14T23:54:07 <adriens33> tu fais du java ça te file le cancer des doigts
2014-09-14T23:54:11 <Letarumavza> eloram a lancé forge !
2014-09-14T23:54:22 <Letarumavza> la forge api vient d'une api d'eloram.
2014-09-14T23:54:42 <Letarumavza> C'est eloram qui a réussi à faire plusieurs blocs différents sous le même ID.
2014-09-14T23:55:00 <adriens33> calme toi leta :p
2014-09-14T23:55:02 <Ikledoreboline> C'est lui qui a lancé forge ? J'étais pas au courant après je me suis pas trop intéressé aux histoires, appart de ftb et un truc comme quoi si des serveurs seraient trouvé pour être fermé.
2014-09-14T23:55:25 <Ikledoreboline> anwwww
2014-09-14T23:55:29 <adriens33> * elle.
2014-09-14T23:55:30 <Ikledoreboline> good to know
2014-09-14T23:55:38 <Ikledoreboline> .-.
2014-09-14T23:55:44 <Letarumavza> Il me semble que c'est "elle"
2014-09-14T23:55:52 <Letarumavza> Pas sur, mais il me semble.
2014-09-14T23:55:52 <adriens33> leta t'es trop lent :p
2014-09-14T23:56:09 <Ikledoreboline> adriens33: c'est à cause du hentai
2014-09-14T23:56:12 <adriens33> XD
2014-09-14T23:56:17 <Ikledoreboline> il peut pas se toucher et écrire voyons
2014-09-14T23:56:25 <adriens33> je m'en branle !
2014-09-14T23:56:31 <adriens33> enfin no
2014-09-14T23:56:33 <adriens33> merde ><
2014-09-14T23:56:39 <adriens33> mauvaise expression.
2014-09-14T23:56:47 <Ikledoreboline> niqué
2014-09-14T23:56:58 <Letarumavza> comme ta mère ^^
2014-09-14T23:57:01 <adriens33> popopooooooo
2014-09-14T23:57:09 <ValCab33> :o
2014-09-14T23:57:09 <Letarumavza> de fleur
2014-09-14T23:57:13 <Ikledoreboline> ou comme ton chat
2014-09-14T23:57:13 <Ikledoreboline> xD
2014-09-14T23:57:15 <adriens33> dans ton cul
2014-09-14T23:57:18 <ValCab33> Badum tsss
2014-09-14T23:57:33 <Ikledoreboline> Ton chat il à le cul dilaté comme une pièce de 5€ popopo
2014-09-14T23:57:44 <adriens33> c'toi la pièce de 5€ Ikle :p
2014-09-14T23:57:49 <Letarumavza> Piece de 5€
2014-09-14T23:57:50 <Ikledoreboline> xD
2014-09-14T23:57:50 <adriens33> dans le cul du chat
2014-09-14T23:57:51 <Letarumavza> ...
2014-09-14T23:57:51 <ValCab33> Une pièce de 5 ?
2014-09-14T23:57:56 <Ikledoreboline> wi
2014-09-14T23:58:01 <Ikledoreboline> ça existe normalement. XD
2014-09-14T23:58:04 <adriens33> non
2014-09-14T23:58:06 <Letarumavza> non
2014-09-14T23:58:10 <adriens33> c't'un billet patate T.T
2014-09-14T23:58:13 <ValCab33> Je sait j'en ai une :p
2014-09-14T23:58:14 <Letarumavza> pintade
2014-09-14T23:58:19 <Ikledoreboline> Non ValCab33
2014-09-14T23:58:33 <ValCab33> Si
2014-09-14T23:58:42 <Ikledoreboline> un moment ils avaient sorties des pièces de 5€ mais me semble que la production c'est terminé tôt si t'es pas au courant xD
2014-09-14T23:58:53 <adriens33> elles sont encore valides ?
2014-09-14T23:58:59 <adriens33> parce que si personne est au courant que ça existe…
2014-09-14T23:59:11 <Ikledoreboline> Les distributeurs les prennent pas tous
2014-09-14T23:59:13 <adriens33> est ce qu'elles ont une valeur monétaire si personne ne les considères commes valides ?
2014-09-14T23:59:14 <ValCab33> J'ai une pièce de 5€ en argent jte dis
2014-09-14T23:59:18 <adriens33> (vous avez 4h))
2014-09-14T23:59:25 <adriens33> (dat sujet de philo... :p)=
2014-09-14T23:59:27 <Ikledoreboline> x)
2014-09-14T23:59:27 <Ikledoreboline> xD
2014-09-14T23:59:33 <Ikledoreboline> bitch pls xD
2014-09-14T23:59:38 <adriens33> (techniquement la réponse est non)
