2014-07-31T00:00:03 *** ludvann s'est connecté
2014-07-31T00:00:07 <ludvann> Re
2014-07-31T00:00:07 <adriens33> re
2014-07-31T00:00:23 <GoFish> Seeya allm j'y vais /)
2014-07-31T00:00:29 <ludvann> Tiens tant qu'il y a du monde
2014-07-31T00:00:31 <GoFish> s/m/,/
2014-07-31T00:00:33 <ludvann> Wait
2014-07-31T00:00:40 <ELiDYROS> pour ma part on s'imagine souvent que je suis gay, que je me drogue, et que je kiffe le SM, tout ça à cause de mon look
2014-07-31T00:01:18 <ludvann> Si je dit "nitrate de potassium" vous pensez à quoi en premier ?
2014-07-31T00:01:24 <ludvann> Ah...
2014-07-31T00:02:25 <ludvann> ELiDYROS: moi ça me fait penser au punk de street of rage dans les premiers niveau ^^
2014-07-31T00:02:48 <heuzef> ELiDYROS je vois que tu es très sensible au regard des autres
2014-07-31T00:02:50 <ELiDYROS> *a direct les musiques du jeu qui reviennent en tête*
2014-07-31T00:03:06 <ludvann> Yay
2014-07-31T00:03:29 <ELiDYROS> je sais pas si j'y suis sensible mais disons qu'avec les années ça peut devenir un peu fatigant
2014-07-31T00:03:41 <ELiDYROS> mais je constate
2014-07-31T00:03:43 <ludvann> (Alex qui fait un "cadabra" xD )
2014-07-31T00:04:07 <ludvann> Et pour ma question ?
2014-07-31T00:04:07 *** GoFish est parti
2014-07-31T00:04:13 <heuzef> Si ça peux te rassurer, j'ai jamais eu le moindre préjugé péjoratif à ton égard, même pas un tous petit peu
2014-07-31T00:05:59 <heuzef> J'espère que tu trouvera la voie de la zenitude concernant tous ceux qui ne sont pas dans mon cas ;)
2014-07-31T00:06:28 <ELiDYROS> je suis zen t'inquiète
2014-07-31T00:06:28 <ludvann> ELiDYROS tu as quel age ?
2014-07-31T00:06:46 <ELiDYROS> avec le temps je me dis que si les mecs que je croise me supporte pas c'est qu'il y a une part de jalousie ahah
2014-07-31T00:06:53 <adriens33> ^^
2014-07-31T00:07:00 <ludvann> Je suis ZEN BORDEL !!!!!!
2014-07-31T00:07:08 <ELiDYROS> j'ai 27 ans
2014-07-31T00:07:11 <heuzef> Bon je tombe de fatigue
2014-07-31T00:07:13 <ELiDYROS> mais je les fais pas parait il
2014-07-31T00:07:21 <heuzef> Je vous laisse les gens
2014-07-31T00:07:30 <ludvann> Nan tu restes !
2014-07-31T00:07:33 <heuzef> @peluche
2014-07-31T00:07:37 <ELiDYROS> bn
2014-07-31T00:07:40 <adriens33> ++
2014-07-31T00:07:45 <ludvann> = copine
2014-07-31T00:07:47 <ludvann> @+
2014-07-31T00:08:01 <ludvann> Neunuit ;)
2014-07-31T00:08:18 *** heuzef est parti
2014-07-31T00:09:00 <ELiDYROS> mais bon j'ai eu mon premier piercing à 13 ans et j'ai toujours eu des looks un peu spéciaux
2014-07-31T00:10:33 <ludvann> ValCab33 tu en es à combuen d'heures ?
2014-07-31T00:10:50 <ValCab33>  Trop.
2014-07-31T00:11:15 <ValCab33> Je dirait environ 210.
2014-07-31T00:11:40 <ludvann> ^^
2014-07-31T00:11:59 <ludvann> Tu y as pas beaucoup joué récemment...
2014-07-31T00:12:38 <ELiDYROS> quel jeu ?
2014-07-31T00:12:45 <ludvann> KSP
2014-07-31T00:12:58 <ludvann> Komme Sa Pleure
2014-07-31T00:13:13 <ludvann> Kerbal Space Program *
2014-07-31T00:13:44 <ludvann> Simplement:
2014-07-31T00:14:07 <ludvann> Merde j'ai ma flemme d'écrire....
2014-07-31T00:14:13 <ludvann> Bon:
2014-07-31T00:14:36 <ludvann> https://www.google.com/
2014-07-31T00:14:52 <ludvann> ^^'
2014-07-31T00:16:32 <ludvann> ELiDYROS: pour toi c'est comme les bronys, une grande majorité de la populace retient que les cas extrème...
2014-07-31T00:16:40 <ludvann> Extrèmes*
2014-07-31T00:16:57 <adriens33> ouep
2014-07-31T00:17:00 *** TrappyTickles est parti
2014-07-31T00:17:01 <adriens33> mais de toute façon
2014-07-31T00:17:11 <adriens33> le pb c'est que les gens jugent sans connaître.
2014-07-31T00:17:29 <ludvann> Love & Tolérance /)
2014-07-31T00:17:44 <ludvann> adriens33 -> préjugés ;)
2014-07-31T00:17:58 <ELiDYROS> à ce niveau là les gens s'imaginent absolument jamais que je suis browny
2014-07-31T00:18:20 <adriens33> miam du brownie où ça ?? :p
2014-07-31T00:18:24 <adriens33> (désolé XD)
2014-07-31T00:18:26 <ludvann> Comme pour bertrand et mathias ^^
2014-07-31T00:18:34 <ludvann> adriens33
2014-07-31T00:18:45 <ludvann> Tient
2014-07-31T00:19:07 * ludvann jette un brownie à adriens33
2014-07-31T00:19:45 * adriens33 mange
2014-07-31T00:19:49 <adriens33> om nom nom nom nom
2014-07-31T00:20:46 <ludvann> Si je croise bertrand dans la rue (cas exceptionnel arrivant que les jours impairs des années bissextile) jamais je devinerais qu'il est brony...
2014-07-31T00:21:12 <ludvann> (Avec une eclipse solaire)*
2014-07-31T00:21:36 <ludvann> Complète
2014-07-31T00:22:42 <ludvann> Rei à un aquali, moi j'ai un tortank ^^
2014-07-31T00:22:59 <ludvann> a*
2014-07-31T00:24:09 <adriens33> il est trop bien son aquali ^^
2014-07-31T00:24:11 <ludvann> Bon puisque tout le monde ronfle, j'vais matet des vidéos...
2014-07-31T00:24:13 <adriens33> (désolé XD°
2014-07-31T00:24:16 <adriens33> *)
2014-07-31T00:24:25 <ludvann> Pas grave ^^
2014-07-31T00:24:49 <ludvann> Tu as du le voire avec l'historique adriens33 ^^
2014-07-31T00:24:58 <ludvann> Voir*
2014-07-31T00:25:02 <adriens33> voir quoi ?
2014-07-31T00:25:10 <ludvann> (Pas en forme)
2014-07-31T00:25:20 <ludvann> Mon tortank ^^
2014-07-31T00:25:30 <adriens33> ah
2014-07-31T00:25:32 <adriens33> nnop
2014-07-31T00:25:37 <ludvann> Ah...
2014-07-31T00:26:23 <ludvann> Bon vais watch des goods vidéos :)
2014-07-31T00:26:48 <ValCab33> Me too
2014-07-31T00:38:51 *** ludvann est parti
2014-07-31T00:39:05 *** ludvann s'est connecté
2014-07-31T00:40:08 *** ludvann est parti
2014-07-31T00:40:14 *** ludvannn s'est connecté
2014-07-31T01:02:56 <adriens33> ++
2014-07-31T01:03:05 <adriens33> je go dodo
2014-07-31T01:03:07 *** adriens33 est parti
2014-07-31T01:10:27 <ludvannn> Bonne nuit tout le monde.
2014-07-31T01:11:05 *** ludvannn est parti
2014-07-31T01:15:24 <ValCab33> Bon ben moi aussi je go dodo, good night
2014-07-31T01:15:32 *** ValCab33 est parti
2014-07-31T01:16:01 *** ELiDYROS est parti
2014-07-31T01:43:31 *** Ambrocidus s'est connecté
2014-07-31T01:43:38 *** Ambrocidus est parti
2014-07-31T09:04:44 *** Bybeez s'est connecté
2014-07-31T09:08:29 <Berry-Punch> Voilà ce qu'il s'est *hic* passé ces 10 dernières lignes, adriens33
2014-07-31T09:08:31 *** adriens33 s'est connecté
2014-07-31T09:18:09 <Bybeez> Salut !
2014-07-31T09:18:26 <adriens33> hello
2014-07-31T09:18:33 <Bybeez> ça va ?
2014-07-31T09:19:46 <adriens33> ouaip
2014-07-31T09:19:48 <adriens33> et toi ?
2014-07-31T09:19:55 <Bybeez> pareil
2014-07-31T09:20:15 <adriens33> je re
2014-07-31T09:20:20 <Bybeez> ok
2014-07-31T09:20:21 *** adriens33 est parti
2014-07-31T09:43:33 *** Bybeez est parti
2014-07-31T10:06:03 *** heuzef s'est connecté
2014-07-31T10:16:15 *** heuzef est parti
2014-07-31T10:38:39 <Berry-Punch> Voilà ce *hic* qu'il s'est passé ces 10 dernières lignes, adriens33
2014-07-31T10:38:41 *** adriens33 s'est connecté
2014-07-31T10:40:28 *** Bybeez s'est connecté
2014-07-31T10:40:35 <Bybeez> Re
2014-07-31T10:40:38 <adriens33> re :)
2014-07-31T11:00:42 *** BerryPunchBot s'est connecté
2014-07-31T11:00:46 *** arthur33 est parti
2014-07-31T11:07:44 <adriens33> ls
2014-07-31T11:19:35 *** Letarumavza s'est connecté
2014-07-31T11:19:41 <Letarumavza> salut
2014-07-31T11:19:48 <adriens33> hello
2014-07-31T11:19:51 <adriens33> dis
2014-07-31T11:20:09 <adriens33> pour transporter mon pc tout à l'heure
2014-07-31T11:20:20 <adriens33> comment on fait ?
2014-07-31T11:20:20 *** ludvann s'est connecté
2014-07-31T11:20:25 <ludvann> Coucou
2014-07-31T11:20:29 <adriens33> coucou lud
2014-07-31T11:20:48 <ludvann> Toi tu en as marre de coder ^^
2014-07-31T11:21:44 <adriens33> @Letarumavza: perso je pense que le mieux serait que je vienne en début d'aprem avec le miam, et qu'on revienne chercher ma machine avec ta mère comme ça je pourrais lui expliquer où c'est
2014-07-31T11:21:49 <adriens33> quoi t'en penses ,
2014-07-31T11:21:50 <adriens33> ?
2014-07-31T11:22:24 <Letarumavza> Que ça va être herdos pour l'échange de pc à cause de l'emploi du temps de taf de ma mère
2014-07-31T11:22:25 <ludvann> Pour le 17
2014-07-31T11:22:27 <ludvann> ?
2014-07-31T11:22:31 <Letarumavza> Va ptet falloir attendre le 11
2014-07-31T11:22:40 <adriens33> ben… elle m'a dit qu'elle bossait jusqu'à midi aujourd'hui
2014-07-31T11:22:45 <adriens33> et pas cet aprem
2014-07-31T11:23:19 <adriens33> (je lui ai demandé mardi avant de repartir, elle était d'accord)
2014-07-31T11:23:50 <Letarumavza> bah tu verra avec elle
2014-07-31T11:24:20 <adriens33> bah au pire je me ramène avec le miam et on verra quand elle arrivera ^^
2014-07-31T11:24:27 <adriens33> sinon ça va mieux toi ?
2014-07-31T11:24:37 <adriens33> (j'aurais dû commencer par là, désolé)
2014-07-31T11:30:11 <ludvann> Tu parles à qui ? ^^
2014-07-31T11:30:38 <adriens33> ben à Letarumavaz
2014-07-31T11:30:41 <adriens33> *Letarumavza
2014-07-31T11:31:00 <ludvann> Ok ^^
2014-07-31T11:40:14 <ludvann> Les machettes sont des armes de quel catégorie ?
2014-07-31T11:42:01 <ludvann> adriens33 peux tu me renseigner/aider ?
2014-07-31T11:42:26 <adriens33> J'y connais rien du tout en armement.
2014-07-31T11:42:37 <ludvann> Nan pas sur ça ^^
2014-07-31T11:42:48 <ludvann> En informatique ^^
2014-07-31T11:42:48 <adriens33> sur quoi alors ?
2014-07-31T11:42:53 <adriens33> heu…
2014-07-31T11:42:56 <adriens33> ça dépend
2014-07-31T11:42:59 <adriens33> tu veux quoi ?
2014-07-31T11:44:14 <ludvann> Quand je passe d'ubuntu (....) à windows, win ne désert plus la prise jack audio...
2014-07-31T11:44:56 <adriens33> c'est quoi comme pc ? carte son ? version de win ? de ubuntu ?
2014-07-31T11:46:47 <ludvann> Pc: toshiba satellite; carte son: je sais pas (probablement intégré); windows 7 à jour; ubuntu la dernière version normalement.
2014-07-31T11:47:04 <adriens33> « carte son: je sais pas » eh ben tu regardes.
2014-07-31T11:47:14 <ludvann> Pc portable
2014-07-31T11:47:30 <ludvann> + je n'ai pas accès à l'ordi ^^
2014-07-31T11:47:32 <adriens33> sous windows tu vas dans le gestionnaire de périph (ou tu fais win+r → msinfo32)
2014-07-31T11:47:59 <adriens33> quand tu reboot sous win le casque est déjà branché ou pas ?
2014-07-31T11:48:06 <ludvann> Oui
2014-07-31T11:48:11 <ludvann> Toujours...
2014-07-31T11:48:24 <ludvann> Mais le HP intégré fonctionne
2014-07-31T11:49:11 <adriens33> et si tu essaie de reboot ubuntu→windows sans avoir le casque de branché au boot, ça marche ?
2014-07-31T11:50:00 <ludvann> Je sais pas mais je crois que je l'ait déjà fait et ça â rien résolu (pas sûr)
2014-07-31T11:51:15 <adriens33> après de la résolution de pb windows je suis pas calé des masses non plus… essaie toujours d'aller dans la liste des périph audio (clic droit sur le haut parleur dans la barre de statut en bas → périphériques de lecture)
2014-07-31T11:51:25 <adriens33> voir si la sortie casque est pas juste désactivée
2014-07-31T11:53:11 <ludvann> Ok
2014-07-31T11:53:15 <ludvann> Thx :)
2014-07-31T12:08:12 <ludvann> J'ai une question existentielle...
2014-07-31T12:08:34 <ludvann> Comment ça "oh putain..."?
2014-07-31T12:08:41 <ludvann> adriens33
2014-07-31T12:09:01 <adriens33> gné ?
2014-07-31T12:09:07 <adriens33> qu'est-ce que tu veux ?
2014-07-31T12:09:15 <adriens33> (je vais bientôt partir là…
2014-07-31T12:09:17 <adriens33> )
2014-07-31T12:09:20 <ludvann> On met le papier bulle dans quoi pour le protéger du transport ?
2014-07-31T12:09:34 <adriens33> ^^
2014-07-31T12:09:38 *** ValCab33 s'est connecté
2014-07-31T12:09:40 <ludvann> ?
2014-07-31T12:09:45 <ValCab33> Hello
2014-07-31T12:09:45 <adriens33> tu le protège pas le papier bulle
2014-07-31T12:09:48 <adriens33> hello val
2014-07-31T12:09:54 <ludvann> Hellow
2014-07-31T12:09:59 <Bybeez> Salut
2014-07-31T12:10:35 <ludvann> Bah il faut bien qu'il arrive intact, adriens33...
2014-07-31T12:10:35 *** TrappyMobile s'est connecté
2014-07-31T12:10:52 <TrappyMobile> Oi les poneys
2014-07-31T12:10:57 <adriens33> ben… non… justement, les bulles sont là pour protéger le colis qu'est dedans
2014-07-31T12:10:59 <adriens33> salut Trappy
2014-07-31T12:11:03 <ValCab33> Salut
2014-07-31T12:11:11 <Bybeez> on le transporte pas on le fabrique sur place
2014-07-31T12:11:14 <Bybeez> salut
2014-07-31T12:14:20 <ludvann> Salut
2014-07-31T12:14:23 <TrappyMobile> Ben oui et la livraison? Faut bien le conditionner un minimum
2014-07-31T12:14:23 <adriens33> bon, gigot
2014-07-31T12:14:26 <adriens33> °°
2014-07-31T12:14:28 <ludvann> adriens33
2014-07-31T12:14:29 <adriens33> * ++
2014-07-31T12:14:40 * TrappyMobile fait son nerd en logistique lol
2014-07-31T12:14:45 <TrappyMobile> ++
2014-07-31T12:14:47 <ludvann> Quand il sort d'usine ?
2014-07-31T12:14:48 <Bybeez> ++
2014-07-31T12:14:50 <ludvann> @+
2014-07-31T12:14:54 *** adriens33 est parti
2014-07-31T12:15:15 <ludvann> Ça va les gens ?
2014-07-31T12:15:24 <TrappyMobile> Ben oui, il faut bien l'envoyer au truc suivant, magasin ou autre
2014-07-31T12:15:40 <Bybeez> on doit l'utiliser immédiatement sinon les employés commencent a le percer, il est fabriqué au magasin
2014-07-31T12:15:40 <ludvann> ^^
2014-07-31T12:15:43 <TrappyMobile> Ava sinon, trop fun de conduire des fenwick
2014-07-31T12:15:49 <ludvann> xD
2014-07-31T12:16:05 <TrappyMobile> En fait je sais pas de quel produit on parle lol
2014-07-31T12:16:19 <Bybeez> papier bulle
2014-07-31T12:16:28 <ludvann> Trappy tu es en 3G/4G ?
2014-07-31T12:16:31 <ludvann> Eeyup
2014-07-31T12:16:51 <TrappyMobile> Ça stagne entre 3g et H
2014-07-31T12:17:00 <ludvann> Ah ^^
2014-07-31T12:17:12 <TrappyMobile> Mmm ben le papier bulle c'est special
2014-07-31T12:17:29 <TrappyMobile> Entk, c'est conditionné en rouleaux
2014-07-31T12:17:32 <Bybeez> Le mieux c'est de l'empacter dans du papier de verre
2014-07-31T12:18:03 *** Gordfang s'est connecté
2014-07-31T12:18:21 <Gordfang> lu
2014-07-31T12:18:26 <ludvann> Salut
2014-07-31T12:18:30 <TrappyMobile> Oi
2014-07-31T12:18:34 <Bybeez> Yo
2014-07-31T12:18:53 <TrappyMobile> Ça depend si ça vaut le coup de l'emballer comme ça
2014-07-31T12:19:10 <ludvann> Avec les frottements...
2014-07-31T12:19:24 <Bybeez> Je vois pas le problème,
2014-07-31T12:19:55 <ludvann> Bah c'est fin et le papier de verre va l'attaquer...
2014-07-31T12:19:57 <Bybeez> il finira par être percer a un moment ou un autre, c'est juste des degat collatéraux
2014-07-31T12:20:13 <TrappyMobile> Si c'est bien harnaché sur la palette ça risque rien
2014-07-31T12:20:18 <ludvann> Mouais... ^^
2014-07-31T12:20:19 <Bybeez> je sais je déconne, c'étais un sarcasme a la base
2014-07-31T12:20:25 <TrappyMobile> Lol
2014-07-31T12:20:42 <ludvann> :)
2014-07-31T12:21:00 <Bybeez> ^^
2014-07-31T12:21:04 <ludvann> Ne pas mordre, ne pas mordre, ne pasm...
2014-07-31T12:21:17 * ludvann mords Bybeez
2014-07-31T12:21:39 <Bybeez> Hey (je sais pas faire ça, je suis un noob sur IRC T.T)
2014-07-31T12:21:55 <ludvann> ./me texte
2014-07-31T12:22:12 <Bybeez> merci j'étais pas sur c'est souvent ça
2014-07-31T12:22:22 <ludvann> ./me mords Bybeez
2014-07-31T12:22:32 <Bybeez> oui je sais ^^
2014-07-31T12:22:59 <ludvann> ./quit bonjour
2014-07-31T12:23:05 * Bybeez exterminate ludvan,
2014-07-31T12:23:10 <ludvann> (Change le motd)
2014-07-31T12:23:27 *** Bybeez est parti
2014-07-31T12:23:36 <ludvann> ^^
2014-07-31T12:23:41 <ludvann> xD
2014-07-31T12:24:16 <ludvann> Il l'a fait o/
2014-07-31T12:26:06 *** heuzef s'est connecté
2014-07-31T12:26:16 <TrappyMobile> Oi
2014-07-31T12:26:21 <ludvann> Kapoué !!!!!
2014-07-31T12:26:39 <heuzef> Aptipipipapa !
2014-07-31T12:26:47 <ludvann> xD
2014-07-31T12:26:50 <ValCab33> ...
2014-07-31T12:26:57 <TrappyMobile> Flaglageul
2014-07-31T12:27:36 <TrappyMobile> Bon jvous laisse. A ce soir ^^
2014-07-31T12:27:43 <ValCab33> ++
2014-07-31T12:27:45 *** TrappyMobile est parti
2014-07-31T12:27:46 <ludvann> @+
2014-07-31T12:28:47 <ludvann> Ça fait un mois que j'ai pas touché un peigne/brosse, je pense que je vais avoir mal xD
2014-07-31T12:29:42 <ludvann> heuzef,
2014-07-31T12:30:07 <ludvann> Ta peluche est bien ?
2014-07-31T12:30:27 <ludvann> (Je ne provoque pas ^^)
2014-07-31T12:32:57 <ludvann> heuzef, tu as vu mon début déguisement pour le 17 ?
2014-07-31T12:34:47 <heuzef> nop
2014-07-31T12:35:10 <ludvann> Ah ^^
2014-07-31T12:35:36 <ludvann> Tu veux voir ?
2014-07-31T12:36:07 <heuzef> vi
2014-07-31T12:36:09 <ludvann> Comment ça "non" ?
2014-07-31T12:36:13 <ludvann> ^^
2014-07-31T12:36:18 <ludvann> http://m.imgur.com/yhci2sV
2014-07-31T12:37:43 <ludvann> Pourquoi ce silence ?
2014-07-31T12:37:48 <ludvann> :|
2014-07-31T12:38:18 <ludvann> Je fais peur ?
2014-07-31T12:38:39 <heuzef> Wuut ? :/
2014-07-31T12:38:52 <ludvann> ?
2014-07-31T12:41:41 <ludvann> Hey ho !
2014-07-31T12:45:55 *** Ambrocidus s'est connecté
2014-07-31T12:45:56 <Ambrocidus> Bonjour Bordeaux!
2014-07-31T12:46:21 <ValCab33> Hai
2014-07-31T12:47:08 <heuzef> Salut Toulon =)
2014-07-31T12:47:40 <Ambrocidus> L'équipe de développement de BronyCAT est motivé, on va avoir notre Spitfire dessiner par mon graphiste ;).
2014-07-31T12:47:46 <Ambrocidus> Comment ça va ?
2014-07-31T12:47:50 <ludvann> Bonjour l'toulousaing !
2014-07-31T12:47:55 <heuzef> ça roule
2014-07-31T12:48:03 <heuzef> Toulonnais plutot
2014-07-31T12:48:04 <ludvann> Bien
2014-07-31T12:48:20 <Ambrocidus> x)
2014-07-31T12:48:29 <ludvann> Ambrocidus, la france à besoin de toi
2014-07-31T12:48:33 <Ambrocidus> ^^
2014-07-31T12:48:34 <heuzef> Ambrocidus y'a enormément de ressource de prêt sur DA sinon
2014-07-31T12:48:41 <ludvann> Ton avis: http://m.imgur.com/yhci2sV
2014-07-31T12:49:04 <Ambrocidus> DA?
2014-07-31T12:49:40 <ludvann> DevianArt ?
2014-07-31T12:49:54 *** Bybeez s'est connecté
2014-07-31T12:49:55 <Ambrocidus> Ah
2014-07-31T12:49:57 <Ambrocidus> x)
2014-07-31T12:50:01 <Bybeez> Re
2014-07-31T12:50:05 <ludvann> Re
2014-07-31T12:50:06 <Bybeez> et salut
2014-07-31T12:50:16 <Ambrocidus> Oui, ne tinquiète pas, mais normalement ya tout qui sera optimal dans peuxde
2014-07-31T12:50:17 <ludvann> et salut
2014-07-31T12:50:21 <Ambrocidus> peut de temps*
2014-07-31T12:50:23 <Ambrocidus> salut
2014-07-31T12:50:55 <heuzef> Ok ok
2014-07-31T12:51:00 <heuzef> Et our le site ça avance come tu veux ?
2014-07-31T12:51:15 <ludvann> Comment ça parle mal !!!!
2014-07-31T12:51:15 <Ambrocidus> Ouais, ouais, j'ai enfin débug mon Windows...
2014-07-31T12:51:20 <Ambrocidus> Pouvais pas installer Wamp
2014-07-31T12:51:21 <heuzef> Je sais pas si t'as vu
2014-07-31T12:51:22 <Ambrocidus> Donc...
2014-07-31T12:51:24 <Ambrocidus> UwAmp
2014-07-31T12:51:27 <ludvann> ^^
2014-07-31T12:51:35 <heuzef> Quelqu'un à remplis le formulaire d'inscription
2014-07-31T12:51:44 <Ambrocidus> Plusieurs même
2014-07-31T12:51:45 <Ambrocidus> xD
2014-07-31T12:51:46 <heuzef> Mais celui de BronyCAT est encore relier à mon mail
2014-07-31T12:51:51 <Ambrocidus> Je sais
2014-07-31T12:51:58 <Ambrocidus> Faut que je fasse les modifs'
2014-07-31T12:52:09 <ludvann> Je vais courir après des pâtes, (miam)
2014-07-31T12:52:09 <Berry-Punch> Bon appétit, ludvann *hic* :D
2014-07-31T12:52:24 <Ambrocidus> bon ap'
2014-07-31T12:52:29 <ValCab33> Bonap
2014-07-31T12:52:33 <Bybeez> Bon app'
2014-07-31T12:52:38 <ludvann|AFK> THX
2014-07-31T12:52:42 <Ambrocidus> Dailleur, on a un IRC pour BronyCAT?
2014-07-31T12:52:44 <ludvann|AFK> thx*
2014-07-31T12:52:48 <Ambrocidus> Ca se passe comment?
2014-07-31T12:52:56 <heuzef> https://github.com/bronycub/v2/blob/master/join.php#L105
2014-07-31T12:53:02 <heuzef> Pour modifier le mail ;)
2014-07-31T12:53:28 <Ambrocidus> -> Et pour le vocal on va sûrement mettre en place un TeamSpeak
2014-07-31T12:53:32 <Ambrocidus> Thanks
2014-07-31T12:53:43 <heuzef> Pour l'IRC on à simplement créer un salon sur Freenode #bronycub
2014-07-31T12:53:52 <heuzef> Après on utilise KiwiIRC
2014-07-31T12:54:04 <heuzef> Pour TS mauvaise idée si tu veux mon avis ^^
2014-07-31T12:54:16 <Ambrocidus> C'e
2014-07-31T12:54:21 <Ambrocidus> c'est en plus
2014-07-31T12:54:28 <Bybeez> MA sauvegarde sur pokémon argent est corrompue T_T
2014-07-31T12:54:42 <heuzef> Pense "universelle" comme je t'es expliqué
2014-07-31T12:54:52 <heuzef> TS n'est pas sur toutes les machines du monde
2014-07-31T12:55:04 <Ambrocidus> On a des machines pour
2014-07-31T12:55:07 <Ambrocidus> Ne tinquiète pas
2014-07-31T12:55:18 <Ambrocidus> Pour TS, c'est mon développeur qui va le foutre chez lui
2014-07-31T12:55:21 <Ambrocidus> Il a 3 dédiés
2014-07-31T12:55:59 <Ambrocidus> Et puis c'est la commuanuté qui me demande unTS...
2014-07-31T12:57:31 <heuzef> Et si un jour l'un des membres veux discuter avec vous et doit obligatoirement passer par ce logiciel, mais que cela n'est pas possible pour lui
2014-07-31T12:57:48 <heuzef> N'oublie pas de te mettre à sa place et de prévoir tous les cas de figure possible
2014-07-31T12:57:59 <Ambrocidus> Ts + irc + mail
2014-07-31T12:58:01 <Ambrocidus> c'est un rajout
2014-07-31T12:58:21 <heuzef> ;) j'en doute pas
2014-07-31T12:58:40 <heuzef> Nous aussi on avait une tonne de services, mais à maintenir c'est l'enfer
2014-07-31T12:58:57 <Ambrocidus> Ne tinquiète pas ;)
2014-07-31T12:59:02 <Ambrocidus> On est tous motiver
2014-07-31T12:59:12 <heuzef> C'est le plus important
2014-07-31T12:59:18 <Ambrocidus> Je pensais pas avoir autan de soutiens de la part des Brony du CAT donc :)
2014-07-31T12:59:41 <heuzef> ça me surprend pas
2014-07-31T12:59:55 <heuzef> Et ça ne fait que commencer
2014-07-31T13:00:34 <heuzef> J'ai réussis à joindre Gofish, il réfléchis sérieusement pour BronyTM de son côté
2014-07-31T13:01:06 <heuzef> ça risque d'être dément si tous le sud de la France est en liaisons direct au travers de 3 collectifs
2014-07-31T13:01:17 <Ambrocidus> x)
2014-07-31T13:01:49 <Bybeez> Da'bord le sud de la France et ensuite, le monde !
2014-07-31T13:02:12 <heuzef> Bof c'est déjà le cas je trouve
2014-07-31T13:02:32 <Bybeez> Lié par des colléctifs liés entre eux ?
2014-07-31T13:02:37 <Ambrocidus> *bas* et après le lancement du forum et hop!
2014-07-31T13:03:24 <heuzef> http://derpy.me/hewqh
2014-07-31T13:04:16 <heuzef> Ha tiens le lien est invalide
2014-07-31T13:04:19 <heuzef> bon
2014-07-31T13:04:20 <heuzef> https://maps.google.com/maps/ms?msa=0&msid=209401507557205441458.0004d9a43bf74ed119278&ie=UTF8&t=m&ll=5.441022,-111.445312&spn=77.392558,112.5&z=3&source=embed&dg=feature
2014-07-31T13:04:47 <Bybeez> effectivement ^^
2014-07-31T13:05:19 <Ambrocidus> ça vaêtre dur
2014-07-31T13:06:32 <heuzef> Ambrocidus tiens c'est à mettre dans ta liste des tâche du coup
2014-07-31T13:06:47 <heuzef> Ajouter BronyCAT sur la map de EQD
2014-07-31T13:06:50 <Ambrocidus> Foutre BronyCAT sur la map?
2014-07-31T13:06:56 <Ambrocidus> Et comment?
2014-07-31T13:06:57 <Ambrocidus> Mail?
2014-07-31T13:07:58 <heuzef> Map of worldwide Brony Meetup groups and their bases of operation. If you have a meetup group to contribute, send the name of the group, region/country/city it is in, and relevant URLs to submit@equestriadaily.com
2014-07-31T13:07:58 <heuzef> (Updated Frequently, Created by Calpain of Equestria Daily)
2014-07-31T13:08:28 <Ambrocidus> J'm'en occupe!
2014-07-31T13:08:31 <Ambrocidus> Tout d'suite
2014-07-31T13:09:31 <heuzef> Sinon j'ai encore un souci avec le "www" du nom de domaine
2014-07-31T13:09:38 <heuzef> il redirige pas sur le site
2014-07-31T13:09:41 <Ambrocidus> Ouais j'ai vu
2014-07-31T13:09:53 <heuzef> Pourtant j'ai fait ce qu'il faut c'est bizard
2014-07-31T13:09:57 <heuzef> On va attendre un peu
2014-07-31T13:10:00 <Ambrocidus> J'dis dans mon mail qu'on est le même groupe
2014-07-31T13:10:27 <heuzef> Ba non
2014-07-31T13:10:35 <heuzef> C'est un collectif différent
2014-07-31T13:11:57 *** ludvann|AFK est parti
2014-07-31T13:12:13 *** ludvann|AFK s'est connecté
2014-07-31T13:12:48 <Ambrocidus> Hello,
2014-07-31T13:12:48 <Ambrocidus> I am "BronyCAT", like "BronyCUB" but, in another region in France.
2014-07-31T13:12:49 <Ambrocidus> Name: BronyCAT
2014-07-31T13:12:49 <Ambrocidus> Region: Provences-Alpes-Cotes-Azurs
2014-07-31T13:12:49 <Ambrocidus> Country: FRANCE
2014-07-31T13:12:49 <Ambrocidus> City: TOULON
2014-07-31T13:12:49 <Ambrocidus> Website: http://bronycat.org
2014-07-31T13:13:57 <heuzef> ça me semble pas mal ;)
2014-07-31T13:14:09 <Ambrocidus> "Brohoof"
2014-07-31T13:14:10 <heuzef> Précise bien en sujet que c'est pour la map
2014-07-31T13:15:33 <ludvann> Re !
2014-07-31T13:15:39 <Bybeez> re
2014-07-31T13:16:00 <ludvann> Rebbot de phone et je re
2014-07-31T13:16:12 <Ambrocidus> J'ai mis sa sur le titre
2014-07-31T13:16:15 *** ludvann est parti
2014-07-31T13:18:04 *** ludvann s'est connecté
2014-07-31T13:18:10 <ludvann> Re !
2014-07-31T13:18:29 <Ambrocidus> Re, bon je dl un serveur, je re plus tard
2014-07-31T13:18:36 <ludvann> Ok
2014-07-31T13:19:34 *** Ambrocidus est parti
2014-07-31T13:32:40 *** Bybeez est parti
2014-07-31T13:32:46 *** Bybeez s'est connecté
2014-07-31T13:33:47 *** Bybeez est parti
2014-07-31T13:34:22 *** Bybeez s'est connecté
2014-07-31T13:40:36 *** heuzef est parti
2014-07-31T13:47:21 *** MaCharon s'est connecté
2014-07-31T14:12:28 *** ludvann est parti
2014-07-31T14:12:41 *** ludvann s'est connecté
2014-07-31T14:36:40 *** ludvann est parti
2014-07-31T14:59:11 *** ludvann s'est connecté
2014-07-31T15:07:14 <Gordfang> quel bordel sur les deco/reco
2014-07-31T15:10:02 *** ELiDYROS s'est connecté
2014-07-31T15:11:16 <ELiDYROS> Yo
2014-07-31T15:11:42 <Bybeez> Yo
2014-07-31T15:23:25 <ludvann> Yo
2014-07-31T16:23:18 *** ValCab33 est parti
2014-07-31T16:59:28 <ludvann> Vous voulez voir mes premiers dessin mlp ?
2014-07-31T16:59:44 <ludvann> ^^
2014-07-31T16:59:58 <Bybeez> Oui !
2014-07-31T17:00:11 <ludvann> Ok...
2014-07-31T17:01:21 <ludvann> C'est du lourd, t'es prêt ?
2014-07-31T17:01:45 <Bybeez> Absolument
2014-07-31T17:01:50 <ludvann> Ok
2014-07-31T17:01:53 <ludvann> http://m.imgur.com/XGNLXx8
2014-07-31T17:02:22 <ludvann> J'ai eut une courte carrière...
2014-07-31T17:02:24 <Bybeez> Tu dessine mieux que moi et j'aime bien la barbe
2014-07-31T17:02:31 <ludvann> xD
2014-07-31T17:02:56 *** ELiDYROS est parti
2014-07-31T17:03:26 <Bybeez> Moi je tente même pas de dessiner
2014-07-31T17:11:06 <ludvann> ^^
2014-07-31T17:12:56 <Gordfang> je suis pas trop mauvais au reproduction mais pour créer c'est pas encore ca
2014-07-31T17:13:32 <Bybeez> Moi je suis pas trop mauvais au papier calque
2014-07-31T17:13:39 <Gordfang> roh sale cheater :D
2014-07-31T17:14:25 <Bybeez> je pense que je serai capable de faire une reproduction correcte mais j'ai un peu la flemme aussi c'est ça le problème
2014-07-31T17:14:27 <ludvann> xD
2014-07-31T17:14:43 <Gordfang> http://baptisteorlenard.deviantart.com/art/Sweetie-Bell-WhiteBoard-356544509?q=gallery%3ABaptisteOrlenard%2F41923775&qo=3
2014-07-31T17:14:59 <Gordfang> je les dessiner a midi a la pause avant que les prof arrives
2014-07-31T17:15:19 <Bybeez> Okay, j'ai rien dis je suis nul pour tous ce qui s'approche de près ou de loin a de l'art plastique
2014-07-31T17:15:48 <ludvann> ^^
2014-07-31T17:15:57 <Gordfang> :D faut s'entrainer
2014-07-31T17:16:49 <ludvann> Et les profs faisaient quoi comme tête ?
2014-07-31T17:16:52 <Bybeez> Je suis trop perfectionniste pour le dessin, donc je vais genre commencer un oeil jusqu'a ce qu'il soit bien puis j'aurais la flemme de faire la suite
2014-07-31T17:17:01 <Gordfang> cela depender
2014-07-31T17:17:07 <ludvann> ?
2014-07-31T17:17:16 <Gordfang> mais en général il rigoler et me laisser prendre les photo avant d'effacer
2014-07-31T17:17:33 <Gordfang> sauf le premier que j'ai fait ou il as carrement poster sur son FB et la laisser au tableau :D
2014-07-31T17:17:42 <ludvann> Ah :)
2014-07-31T17:17:49 <ludvann> :D
2014-07-31T17:17:58 <ludvann> Tu as quel age ?
2014-07-31T17:18:00 <Bybeez> dans ma classe, ils dessinent bob marley ou un chinois voir un champi hallucinogène
2014-07-31T17:18:07 <ludvann> (Souviens pas)
2014-07-31T17:18:08 <Gordfang> 19 bientôt 20
2014-07-31T17:18:45 <ludvann> tu es dans quel filière ? Nature & écologie ?
2014-07-31T17:18:46 <Bybeez> au début je croyais que c'était Gord' qui avais dit qu'il se souvenait plus (a propos de son age)
2014-07-31T17:19:16 <Gordfang> non informatique dans la même école que shinsaber et wildfier
2014-07-31T17:19:19 <ludvann> Nan c'est juste que je lui avait jamais demandé ^^
2014-07-31T17:19:26 <ludvann> Ah...
2014-07-31T17:19:31 <ludvann> ^^
2014-07-31T17:19:34 <Gordfang> Bybeez rigole pas pendant un moment je penser encore avoir 18 ans :D
2014-07-31T17:19:41 <Bybeez> xD
2014-07-31T17:19:51 <ludvann> xD
2014-07-31T17:20:10 <Bybeez> ma soeur a 20 ans et ... 61 mois
2014-07-31T17:20:10 *** Ambrocidus s'est connecté
2014-07-31T17:20:10 *** heuzef s'est connecté
2014-07-31T17:20:17 *** Exvilia s'est connecté
2014-07-31T17:20:19 <heuzef> Prout
2014-07-31T17:20:19 <Gordfang> XD
2014-07-31T17:20:22 <Ambrocidus> Re, en local ça donne ca les changements
2014-07-31T17:20:23 <Ambrocidus> http://puu.sh/ayT3Y/55aaefe7bc.png
2014-07-31T17:20:24 <Gordfang> lut heuzef
2014-07-31T17:20:24 <Bybeez> Salut
2014-07-31T17:20:28 <ludvann> Salutations voyageurs !
2014-07-31T17:20:33 <Ambrocidus> B'jour à tous
2014-07-31T17:20:49 <heuzef> Hey pas mal ^^
2014-07-31T17:21:00 *** Exvilia est parti
2014-07-31T17:21:03 <Gordfang> c'est quoi cette attaque sur heuzef :D il dit un truc et direct Ambro se lance a l'attaque!
2014-07-31T17:21:23 <Ambrocidus> *Coup d'Etat* !
2014-07-31T17:21:37 <ludvann> COD-france.com ...
2014-07-31T17:21:44 <ludvann> xD
2014-07-31T17:21:52 <ludvann> Pourquoi ????
2014-07-31T17:21:55 <ludvann> ;)
2014-07-31T17:22:12 <Bybeez> Parce que je Jap... ah bah non en fait
2014-07-31T17:22:19 <heuzef> Ambrocidus je te recommande de mettre le mail de la ML directement
2014-07-31T17:22:27 <heuzef> (en bas a gauche)
2014-07-31T17:22:28 <Ambrocidus> M L ?
2014-07-31T17:22:30 <Ambrocidus> Ah
2014-07-31T17:22:32 <Ambrocidus> Déjà fais
2014-07-31T17:22:35 <ludvann> Mail list
2014-07-31T17:22:54 <heuzef> Sinon vous allez créer un salon #bronyCAT pour IRC ?
2014-07-31T17:23:04 <Ambrocidus> Oui, comment on s'y prends ?
2014-07-31T17:23:23 <heuzef> il me semble que c'est juste /join #bronycat
2014-07-31T17:23:29 <ludvann> Brony Cellule Anti Terroriste
2014-07-31T17:25:32 <Gordfang> on tiens un concept la
2014-07-31T17:25:46 <ludvann> ?
2014-07-31T17:26:02 <Gordfang> la cellule de mare do well et ces acolyte contre les terroriste haters!
2014-07-31T17:26:08 <heuzef> lol
2014-07-31T17:26:28 <ludvann> cD
2014-07-31T17:26:32 <ludvann> XD
2014-07-31T17:26:48 <Gordfang> (ouai j'ai poser mes neurones pour la soirée...)
2014-07-31T17:26:59 <heuzef> Letarumavza ?
2014-07-31T17:27:00 <Ambrocidus> Quelqu'un de disponible pour m'expliquer IRC ?
2014-07-31T17:27:25 <ludvann> Nope a par les docs...
2014-07-31T17:27:30 <heuzef> Pas dispo apparement
2014-07-31T17:27:34 <Gordfang> c'est Adrien33 qui s'en occupe du notre normalement donc il devrai être le plus à même de t'expliquer
2014-07-31T17:28:46 <Ambrocidus> heuzef, ya un de mes amis (sevenn) qui va venir sur l'irc, il m'aide pour la programmation
2014-07-31T17:28:54 <heuzef> Ambrocidus tiens : adrien.sohier@art-software.fr
2014-07-31T17:28:55 <Ambrocidus> Il veux faire un google group
2014-07-31T17:29:18 <heuzef> Apparement il utilise skype aussi : adrien.s33
2014-07-31T17:29:22 <Ambrocidus> http://bronycat.org/
2014-07-31T17:29:27 <Ambrocidus> Mis à jour
2014-07-31T17:29:38 *** Sevenn s'est connecté
2014-07-31T17:29:46 <Sevenn> Pff
2014-07-31T17:29:48 <heuzef> ;)
2014-07-31T17:29:55 <ludvann> Hellow
2014-07-31T17:30:02 <Bybeez> Salutation
2014-07-31T17:30:05 <Ambrocidus> Demande pour le google group, je me charche de foutre l'irc
2014-07-31T17:30:33 <ludvann> C'est meugnon ;)
2014-07-31T17:30:48 <Sevenn> Non c'est pas meugnon !
2014-07-31T17:30:51 <Sevenn> T'es report !
2014-07-31T17:31:21 <ludvann> Nope
2014-07-31T17:31:30 <Berry-Punch> Have you niorphed today, *hic* Sevenn ?
2014-07-31T17:31:30 <ludvann> !niorph Sevenn
2014-07-31T17:32:04 <Ambrocidus> heuzef: comment je récupère l'url du channel #bronycat ?
2014-07-31T17:33:53 <Sevenn> Je vais avoir besoin des accès google groupe de bronycat pour bidouillé un peu
2014-07-31T17:34:34 <heuzef> Ambrocidus: créer le compte de BronyCAT ici : https://kiwiirc.com avec le mdp habituel bien sur
2014-07-31T17:34:49 <heuzef> Que tu transmet a Sevenn, il semble en avoir besoin
2014-07-31T17:35:27 <heuzef> Sevenn: https://groups.google.com/forum/#!forum/bronycat
2014-07-31T17:37:13 <Gordfang> heuzef je vient d'y penser pour les bulletin d'inscription de ASTREE on te les renvoi afin de les regrouper?
2014-07-31T17:37:15 <Sevenn> Demande envoyé :<
2014-07-31T17:37:35 <Ambrocidus> Euh le port ?
2014-07-31T17:38:03 <Ambrocidus> Je sais pas remplir la fiche kiwiirc
2014-07-31T17:38:07 <heuzef> Gordfang si tu veux sinon contact directement Hervé Graigon (mais met moi en copie), mais y'a le temps
2014-07-31T17:38:20 <Gordfang> ok pas de soucis
2014-07-31T17:38:23 <heuzef> Sevenn: connect toi directement avec le compte google du collectif sinon
2014-07-31T17:38:25 <Sevenn> j'ai amélioré le système de gravatar du coup
2014-07-31T17:38:30 <heuzef> Ambrocidus: port par défaut ;)
2014-07-31T17:38:46 <Sevenn> Aussi
2014-07-31T17:39:00 <Ambrocidus> http://puu.sh/ayVpn/63b83a3b02.png
2014-07-31T17:40:30 <Sevenn> Ambro marche pas les identifiant que tu à donné ...
2014-07-31T17:41:18 <heuzef> https://kiwiirc.com/client/irc.freenode.net/#bronycat
2014-07-31T17:41:20 <Gordfang> bon aller j'y go moi ++
2014-07-31T17:41:34 *** Gordfang est parti
2014-07-31T17:41:59 <Ambrocidus> bah
2014-07-31T17:42:00 <Ambrocidus> si...
2014-07-31T17:42:02 <Ambrocidus> J'ai que ca
2014-07-31T17:42:05 <Ambrocidus> comme indentifiant
2014-07-31T17:42:31 <heuzef> Ambrocidus: avec ce lien c'est suffisant : https://kiwiirc.com/client/irc.freenode.net/#bronycat
2014-07-31T17:42:56 <heuzef> Mais après si vous voulez customisé un peu plus il faut créer un compte si je me souvient bien
2014-07-31T17:47:03 <Ambrocidus> Thanks
2014-07-31T17:47:12 <Ambrocidus> Je prendrais les docs au pire
2014-07-31T17:49:35 <heuzef> Sevenn: je viens de t'ajouter en Admin sur le GGroups ;)
2014-07-31T17:50:18 *** heuzef est parti
2014-07-31T17:50:22 <Sevenn> J'ai un co de merde ...
2014-07-31T17:50:30 <Sevenn> je charge les page google en 3 minutes ...
2014-07-31T17:50:36 <Sevenn> page*
2014-07-31T17:50:38 <Sevenn> pages*
2014-07-31T18:01:08 *** ludvann est parti
2014-07-31T18:01:10 *** heuzef s'est connecté
2014-07-31T18:01:32 *** Sevenn est parti
2014-07-31T18:07:32 *** Sevenn s'est connecté
2014-07-31T18:07:50 *** TrappyTickles s'est connecté
2014-07-31T18:08:04 *** Ambrocidus est parti
2014-07-31T18:12:06 <TrappyTickles> oi
2014-07-31T18:15:35 *** Sevenn est parti
2014-07-31T18:33:08 *** ludvann s'est connecté
2014-07-31T18:33:48 *** ludvann est parti
2014-07-31T18:41:31 <Letarumavza> Vraiment faites à l'arrache les modifs bronycub => cat ^^
2014-07-31T18:41:44 <TrappyTickles> ça y est j'ai finalisé le pdf de l'extension CAH sur MLP en french! Dispo sur mon Gdrive https://drive.google.com/file/d/0ByD4Kuhw1zPqTEdpQi1vTmtFSVU/edit?usp=sharing
2014-07-31T18:42:39 <Letarumavza> "Jappleack."
2014-07-31T18:43:01 <Letarumavza> (P6 offset 4)
2014-07-31T18:43:09 <TrappyTickles> oui, jlai pas compris celle là :p
2014-07-31T18:43:30 <Letarumavza> probablement une faute de frappe
2014-07-31T18:44:26 <heuzef> Sacré travail
2014-07-31T18:44:27 <TrappyTickles> La chatte vierge
2014-07-31T18:44:27 <TrappyTickles>  en marshmallow
2014-07-31T18:44:27 <TrappyTickles>  de Sweetie Belle. lol
2014-07-31T18:44:48 <TrappyTickles> boh le plus long c'était pour les phrases :p
2014-07-31T18:44:57 <TrappyTickles> et faire les templates en svg aussi
2014-07-31T18:45:05 <TrappyTickles> d'ailleurs si qqn les veut, y a qu'à demander ^^
2014-07-31T18:48:44 <TrappyTickles> bon jva préparer mon laptop et y aller doucement ^^
2014-07-31T18:48:50 <TrappyTickles> a + tard ^^
2014-07-31T18:52:57 *** TrappyTickles est parti
2014-07-31T18:59:54 *** heuzef est parti
2014-07-31T19:10:47 *** TrappyMobile s'est connecté
2014-07-31T19:13:36 *** TrappyMobile est parti
2014-07-31T19:28:41 *** adriens33 s'est connecté
2014-07-31T19:28:46 <adriens33> Bonjour les gens !
2014-07-31T19:32:29 <MaCharon> slt
2014-07-31T19:38:15 <adriens33> y'a du monde dites
2014-07-31T19:38:18 <adriens33> ...
2014-07-31T19:38:20 <adriens33> ^^
2014-07-31T19:54:51 *** adriens33 est parti
2014-07-31T20:02:13 *** Ambrocidus s'est connecté
2014-07-31T20:09:05 *** ELiDYROS s'est connecté
2014-07-31T20:23:21 <Bybeez> Re/Salut/tagazok/yo
2014-07-31T20:23:37 <Ambrocidus> Bonjour
2014-07-31T20:24:10 <Bybeez> Re il me semble
2014-07-31T20:24:54 <Ambrocidus> J'me suis fait arnaquer sur BronyCAT...
2014-07-31T20:24:54 <Ambrocidus> http://puu.sh/az4dy/44b383dddc.png
2014-07-31T20:25:38 <Bybeez> Ah ouais
2014-07-31T20:25:44 <Bybeez> xD
2014-07-31T20:26:21 <Ambrocidus> entre deux lignes de code, on fais de la merde
2014-07-31T20:26:24 <Ambrocidus> ^^
2014-07-31T20:26:49 <Bybeez> J'ai l'impression ouais
2014-07-31T20:26:52 <Bybeez> ^^
2014-07-31T20:42:41 *** Ambrocidus est parti
2014-07-31T21:02:05 *** Ambrocidus s'est connecté
2014-07-31T21:02:12 *** Ambrocidus est parti
2014-07-31T21:10:20 *** ludvann s'est connecté
2014-07-31T21:10:40 <ludvann> Tireli papon sur le chihuahua !
2014-07-31T21:11:08 <MaCharon> tireli papon avec la tête avec les bras !
2014-07-31T21:11:09 *** Ambrocidus s'est connecté
2014-07-31T21:11:10 <Ambrocidus> Bonsoir Bordeaux!
2014-07-31T21:11:16 <MaCharon> slt
2014-07-31T21:11:27 <ludvann> Salut !
2014-07-31T21:11:40 <Ambrocidus> Que dites vous de l'avancement (niveau site) de la BronyCAT ?
2014-07-31T21:11:42 <Ambrocidus> http://bronycat.org/
2014-07-31T21:11:47 <Bybeez> re
2014-07-31T21:12:24 <MaCharon> ben...ça avance :D
2014-07-31T21:12:36 <Ambrocidus> :=
2014-07-31T21:12:38 <Ambrocidus> =)
2014-07-31T21:12:46 <Bybeez> Ouaip
2014-07-31T21:16:51 <ludvann> La bannière est originale ^^ ;)
2014-07-31T21:17:05 <Ambrocidus> "Le collectif qui n'est sûrement pas partenaire de la BronyCUB "
2014-07-31T21:17:18 <ludvann> xD
2014-07-31T21:17:27 <Ambrocidus> Mon graphiste s'occupe de notre Spitfire
2014-07-31T21:17:41 <ludvann> Tous aux abris!
2014-07-31T21:17:52 <ludvann> Un missile.
2014-07-31T21:17:56 <ludvann> ;D
2014-07-31T21:22:13 <ludvann> Ambrocidus: première image, pourquoi un canard ? Deuxième image, CSS is awesome (quand on dézoom)
2014-07-31T21:22:15 <ludvann> http://m.imgur.com/a/4vBww
2014-07-31T21:23:11 <ludvann> J'espère avoir été utile ^^
2014-07-31T21:25:25 <Ambrocidus> ??
2014-07-31T21:25:32 <Ambrocidus> Un canard?
2014-07-31T21:26:29 <ludvann> Regardes l'image..
2014-07-31T21:27:16 <Ambrocidus> Euh, j'ai pas les bugs que tru as
2014-07-31T21:27:20 <Ambrocidus> de mon côtés
2014-07-31T21:27:45 <Ambrocidus> Je reviens, je part une bonne heure.
2014-07-31T21:28:07 <ludvann> Ok
2014-07-31T21:28:20 <ludvann> Suis sous mobile pour info Ambrocidus
2014-07-31T21:29:46 <Ambrocidus> ah
2014-07-31T21:29:53 <Ambrocidus> sous mobile effectivement ca doit etre moche
2014-07-31T21:31:34 <ludvann> C'est pour ça que t'es montré le screenshot ^^
2014-07-31T22:05:47 *** Ambrocidus est parti
2014-07-31T22:16:45 *** Ambrocidus s'est connecté
2014-07-31T22:17:00 <Ambrocidus> B'soir
2014-07-31T22:18:49 *** Ambrocidus est parti
2014-07-31T22:40:16 *** ValCab33 s'est connecté
2014-07-31T22:40:22 <ValCab33> Reuh
2014-07-31T22:51:15 <Bybeez> B'soir
2014-07-31T22:51:32 *** Bybeez est parti
2014-07-31T22:57:40 <ludvann> Re
2014-07-31T23:06:27 *** ludvann est parti
2014-07-31T23:34:51 *** MaCharon est parti
